{
  "stats": {
    "suites": 12,
    "tests": 41,
    "passes": 0,
    "pending": 0,
    "failures": 41,
    "start": "2021-08-13T19:02:56.729Z",
    "end": "2021-08-13T19:05:51.726Z",
    "duration": 174997,
    "testsRegistered": 41,
    "passPercent": 0,
    "pendingPercent": 0,
    "other": 0,
    "hasOther": false,
    "skipped": 0,
    "hasSkipped": false
  },
  "results": [
    {
      "uuid": "ef98e4b3-f1d5-4930-8761-4295c5cd893f",
      "title": "",
      "fullFile": "cypress/integration/project.spec.js",
      "file": "cypress/integration/project.spec.js",
      "beforeHooks": [],
      "afterHooks": [],
      "tests": [],
      "suites": [
        {
          "uuid": "fb98cabd-c580-4159-93f8-68da0511efdf",
          "title": "1 - Adicione à página o título \"Paleta de Cores\".",
          "fullFile": "",
          "file": "",
          "beforeHooks": [],
          "afterHooks": [],
          "tests": [
            {
              "title": "Verifica se contém um elemento `h1` com o id `title` com o título correto",
              "fullTitle": "1 - Adicione à página o título \"Paleta de Cores\". Verifica se contém um elemento `h1` com o id `title` com o título correto",
              "timedOut": null,
              "duration": 4201,
              "state": "failed",
              "speed": null,
              "pass": false,
              "fail": true,
              "pending": false,
              "context": null,
              "code": "cy.get('h1#title').should('contain.text', 'Paleta de Cores');",
              "err": {
                "message": "CypressError: Timed out retrying: Expected to find element: 'h1#title', but never found it.",
                "estack": "CypressError: Timed out retrying: Expected to find element: 'h1#title', but never found it.\n    at cypressErr (http://localhost:37243/__cypress/runner/cypress_runner.js:149934:9)\n    at throwErr (http://localhost:37243/__cypress/runner/cypress_runner.js:149867:11)\n    at Object.throwErrByPath (http://localhost:37243/__cypress/runner/cypress_runner.js:149915:3)\n    at retry (http://localhost:37243/__cypress/runner/cypress_runner.js:144197:19)\n    at onFailFn (http://localhost:37243/__cypress/runner/cypress_runner.js:132448:16)\n    at tryCatcher (http://localhost:37243/__cypress/runner/cypress_runner.js:167415:23)\n    at Promise._settlePromiseFromHandler (http://localhost:37243/__cypress/runner/cypress_runner.js:165351:31)\n    at Promise._settlePromise (http://localhost:37243/__cypress/runner/cypress_runner.js:165408:18)\n    at Promise._settlePromise0 (http://localhost:37243/__cypress/runner/cypress_runner.js:165453:10)\n    at Promise._settlePromises (http://localhost:37243/__cypress/runner/cypress_runner.js:165528:18)\n    at Async../node_modules/bluebird/js/release/async.js.Async._drainQueue (http://localhost:37243/__cypress/runner/cypress_runner.js:162140:16)\n    at Async../node_modules/bluebird/js/release/async.js.Async._drainQueues (http://localhost:37243/__cypress/runner/cypress_runner.js:162150:10)\n    at Async.drainQueues (http://localhost:37243/__cypress/runner/cypress_runner.js:162024:14)",
                "diff": null
              },
              "uuid": "b1abd7f1-1e66-4b72-9781-e86248d967f0",
              "parentUUID": "fb98cabd-c580-4159-93f8-68da0511efdf",
              "isHook": false,
              "skipped": false
            }
          ],
          "suites": [],
          "passes": [],
          "failures": [
            "b1abd7f1-1e66-4b72-9781-e86248d967f0"
          ],
          "pending": [],
          "skipped": [],
          "duration": 4201,
          "root": false,
          "rootEmpty": false,
          "_timeout": 2000
        },
        {
          "uuid": "db9b38b2-e5f7-44d8-a28f-726322655bff",
          "title": "2 - Adicione à página uma paleta de quatro cores distintas.",
          "fullFile": "",
          "file": "",
          "beforeHooks": [],
          "afterHooks": [],
          "tests": [
            {
              "title": "A paleta de cores deve ser um elemento com `id` denominado `color-palette`",
              "fullTitle": "2 - Adicione à página uma paleta de quatro cores distintas. A paleta de cores deve ser um elemento com `id` denominado `color-palette`",
              "timedOut": null,
              "duration": 4228,
              "state": "failed",
              "speed": null,
              "pass": false,
              "fail": true,
              "pending": false,
              "context": null,
              "code": "cy.get('#color-palette').should('be.visible');",
              "err": {
                "message": "CypressError: Timed out retrying: Expected to find element: '#color-palette', but never found it.",
                "estack": "CypressError: Timed out retrying: Expected to find element: '#color-palette', but never found it.\n    at cypressErr (http://localhost:37243/__cypress/runner/cypress_runner.js:149934:9)\n    at throwErr (http://localhost:37243/__cypress/runner/cypress_runner.js:149867:11)\n    at Object.throwErrByPath (http://localhost:37243/__cypress/runner/cypress_runner.js:149915:3)\n    at retry (http://localhost:37243/__cypress/runner/cypress_runner.js:144197:19)\n    at onFailFn (http://localhost:37243/__cypress/runner/cypress_runner.js:132448:16)\n    at tryCatcher (http://localhost:37243/__cypress/runner/cypress_runner.js:167415:23)\n    at Promise._settlePromiseFromHandler (http://localhost:37243/__cypress/runner/cypress_runner.js:165351:31)\n    at Promise._settlePromise (http://localhost:37243/__cypress/runner/cypress_runner.js:165408:18)\n    at Promise._settlePromise0 (http://localhost:37243/__cypress/runner/cypress_runner.js:165453:10)\n    at Promise._settlePromises (http://localhost:37243/__cypress/runner/cypress_runner.js:165528:18)\n    at Async../node_modules/bluebird/js/release/async.js.Async._drainQueue (http://localhost:37243/__cypress/runner/cypress_runner.js:162140:16)\n    at Async../node_modules/bluebird/js/release/async.js.Async._drainQueues (http://localhost:37243/__cypress/runner/cypress_runner.js:162150:10)\n    at Async.drainQueues (http://localhost:37243/__cypress/runner/cypress_runner.js:162024:14)",
                "diff": null
              },
              "uuid": "6ee1d03b-8e2e-40d4-b9c0-9c630093f14a",
              "parentUUID": "db9b38b2-e5f7-44d8-a28f-726322655bff",
              "isHook": false,
              "skipped": false
            },
            {
              "title": "Verifica se cada cor individual da paleta de cores possui a `classe` chamada `color`.",
              "fullTitle": "2 - Adicione à página uma paleta de quatro cores distintas. Verifica se cada cor individual da paleta de cores possui a `classe` chamada `color`.",
              "timedOut": null,
              "duration": 4182,
              "state": "failed",
              "speed": null,
              "pass": false,
              "fail": true,
              "pending": false,
              "context": null,
              "code": "cy.get('.color').should('have.length', 4).then(function (colors) {\n  for (var i = 0; i < colors.length; i++) {\n    cy.wrap(colors[i]).should('be.visible');\n  }\n});",
              "err": {
                "message": "CypressError: Timed out retrying: Expected to find element: '.color', but never found it.",
                "estack": "CypressError: Timed out retrying: Expected to find element: '.color', but never found it.\n    at cypressErr (http://localhost:37243/__cypress/runner/cypress_runner.js:149934:9)\n    at throwErr (http://localhost:37243/__cypress/runner/cypress_runner.js:149867:11)\n    at Object.throwErrByPath (http://localhost:37243/__cypress/runner/cypress_runner.js:149915:3)\n    at retry (http://localhost:37243/__cypress/runner/cypress_runner.js:144197:19)\n    at onFailFn (http://localhost:37243/__cypress/runner/cypress_runner.js:132448:16)\n    at tryCatcher (http://localhost:37243/__cypress/runner/cypress_runner.js:167415:23)\n    at Promise._settlePromiseFromHandler (http://localhost:37243/__cypress/runner/cypress_runner.js:165351:31)\n    at Promise._settlePromise (http://localhost:37243/__cypress/runner/cypress_runner.js:165408:18)\n    at Promise._settlePromise0 (http://localhost:37243/__cypress/runner/cypress_runner.js:165453:10)\n    at Promise._settlePromises (http://localhost:37243/__cypress/runner/cypress_runner.js:165528:18)\n    at Async../node_modules/bluebird/js/release/async.js.Async._drainQueue (http://localhost:37243/__cypress/runner/cypress_runner.js:162140:16)\n    at Async../node_modules/bluebird/js/release/async.js.Async._drainQueues (http://localhost:37243/__cypress/runner/cypress_runner.js:162150:10)\n    at Async.drainQueues (http://localhost:37243/__cypress/runner/cypress_runner.js:162024:14)",
                "diff": null
              },
              "uuid": "23ff4643-3941-4b31-8446-9e1be86be161",
              "parentUUID": "db9b38b2-e5f7-44d8-a28f-726322655bff",
              "isHook": false,
              "skipped": false
            },
            {
              "title": "Verifica se a cor de fundo de cada elemento da paleta é a cor que o elemento representa. **A única cor não permitida na paleta é a cor branca.**",
              "fullTitle": "2 - Adicione à página uma paleta de quatro cores distintas. Verifica se a cor de fundo de cada elemento da paleta é a cor que o elemento representa. **A única cor não permitida na paleta é a cor branca.**",
              "timedOut": null,
              "duration": 4212,
              "state": "failed",
              "speed": null,
              "pass": false,
              "fail": true,
              "pending": false,
              "context": null,
              "code": "cy.get('.color').each(function (color) {\n  cy.wrap(color).should('have.class', 'color').and('not.have.css', 'background-color', WHITE);\n  cy.wrap(color).should('have.css', 'background-color');\n});",
              "err": {
                "message": "CypressError: Timed out retrying: Expected to find element: '.color', but never found it.",
                "estack": "CypressError: Timed out retrying: Expected to find element: '.color', but never found it.\n    at cypressErr (http://localhost:37243/__cypress/runner/cypress_runner.js:149934:9)\n    at throwErr (http://localhost:37243/__cypress/runner/cypress_runner.js:149867:11)\n    at Object.throwErrByPath (http://localhost:37243/__cypress/runner/cypress_runner.js:149915:3)\n    at retry (http://localhost:37243/__cypress/runner/cypress_runner.js:144197:19)\n    at onFailFn (http://localhost:37243/__cypress/runner/cypress_runner.js:132448:16)\n    at tryCatcher (http://localhost:37243/__cypress/runner/cypress_runner.js:167415:23)\n    at Promise._settlePromiseFromHandler (http://localhost:37243/__cypress/runner/cypress_runner.js:165351:31)\n    at Promise._settlePromise (http://localhost:37243/__cypress/runner/cypress_runner.js:165408:18)\n    at Promise._settlePromise0 (http://localhost:37243/__cypress/runner/cypress_runner.js:165453:10)\n    at Promise._settlePromises (http://localhost:37243/__cypress/runner/cypress_runner.js:165528:18)\n    at Async../node_modules/bluebird/js/release/async.js.Async._drainQueue (http://localhost:37243/__cypress/runner/cypress_runner.js:162140:16)\n    at Async../node_modules/bluebird/js/release/async.js.Async._drainQueues (http://localhost:37243/__cypress/runner/cypress_runner.js:162150:10)\n    at Async.drainQueues (http://localhost:37243/__cypress/runner/cypress_runner.js:162024:14)",
                "diff": null
              },
              "uuid": "aa1b0fd3-d30d-4445-80d0-169af8ac44e1",
              "parentUUID": "db9b38b2-e5f7-44d8-a28f-726322655bff",
              "isHook": false,
              "skipped": false
            },
            {
              "title": "Verifica se cada elemento da paleta de cores tem uma borda preta, sólida e com 1 pixel de largura;",
              "fullTitle": "2 - Adicione à página uma paleta de quatro cores distintas. Verifica se cada elemento da paleta de cores tem uma borda preta, sólida e com 1 pixel de largura;",
              "timedOut": null,
              "duration": 4201,
              "state": "failed",
              "speed": null,
              "pass": false,
              "fail": true,
              "pending": false,
              "context": null,
              "code": "cy.get('.color').each(function (color) {\n  cy.wrap(color).and('have.css', 'border', \"1px solid \".concat(BLACK)).and('have.class', 'color');\n});",
              "err": {
                "message": "CypressError: Timed out retrying: Expected to find element: '.color', but never found it.",
                "estack": "CypressError: Timed out retrying: Expected to find element: '.color', but never found it.\n    at cypressErr (http://localhost:37243/__cypress/runner/cypress_runner.js:149934:9)\n    at throwErr (http://localhost:37243/__cypress/runner/cypress_runner.js:149867:11)\n    at Object.throwErrByPath (http://localhost:37243/__cypress/runner/cypress_runner.js:149915:3)\n    at retry (http://localhost:37243/__cypress/runner/cypress_runner.js:144197:19)\n    at onFailFn (http://localhost:37243/__cypress/runner/cypress_runner.js:132448:16)\n    at tryCatcher (http://localhost:37243/__cypress/runner/cypress_runner.js:167415:23)\n    at Promise._settlePromiseFromHandler (http://localhost:37243/__cypress/runner/cypress_runner.js:165351:31)\n    at Promise._settlePromise (http://localhost:37243/__cypress/runner/cypress_runner.js:165408:18)\n    at Promise._settlePromise0 (http://localhost:37243/__cypress/runner/cypress_runner.js:165453:10)\n    at Promise._settlePromises (http://localhost:37243/__cypress/runner/cypress_runner.js:165528:18)\n    at Async../node_modules/bluebird/js/release/async.js.Async._drainQueue (http://localhost:37243/__cypress/runner/cypress_runner.js:162140:16)\n    at Async../node_modules/bluebird/js/release/async.js.Async._drainQueues (http://localhost:37243/__cypress/runner/cypress_runner.js:162150:10)\n    at Async.drainQueues (http://localhost:37243/__cypress/runner/cypress_runner.js:162024:14)",
                "diff": null
              },
              "uuid": "2924f64f-78c8-4b25-b538-05609e1ff5e3",
              "parentUUID": "db9b38b2-e5f7-44d8-a28f-726322655bff",
              "isHook": false,
              "skipped": false
            },
            {
              "title": "Verifica se a paleta lista todas as cores disponíveis para utilização, lado a lado.",
              "fullTitle": "2 - Adicione à página uma paleta de quatro cores distintas. Verifica se a paleta lista todas as cores disponíveis para utilização, lado a lado.",
              "timedOut": null,
              "duration": 4212,
              "state": "failed",
              "speed": null,
              "pass": false,
              "fail": true,
              "pending": false,
              "context": null,
              "code": "cy.get('.color').then(function (colors) {\n  for (var index = 1; index < colors.length; index += 1) {\n    var currentColor = colors[index];\n    var previousColor = colors[index - 1];\n    cy.wrap(currentColor).should('be.onTheRightOf', previousColor).and('be.horizontallyAlignedWith', previousColor);\n  }\n});",
              "err": {
                "message": "CypressError: Timed out retrying: Expected to find element: '.color', but never found it.",
                "estack": "CypressError: Timed out retrying: Expected to find element: '.color', but never found it.\n    at cypressErr (http://localhost:37243/__cypress/runner/cypress_runner.js:149934:9)\n    at throwErr (http://localhost:37243/__cypress/runner/cypress_runner.js:149867:11)\n    at Object.throwErrByPath (http://localhost:37243/__cypress/runner/cypress_runner.js:149915:3)\n    at retry (http://localhost:37243/__cypress/runner/cypress_runner.js:144197:19)\n    at onFailFn (http://localhost:37243/__cypress/runner/cypress_runner.js:132448:16)\n    at tryCatcher (http://localhost:37243/__cypress/runner/cypress_runner.js:167415:23)\n    at Promise._settlePromiseFromHandler (http://localhost:37243/__cypress/runner/cypress_runner.js:165351:31)\n    at Promise._settlePromise (http://localhost:37243/__cypress/runner/cypress_runner.js:165408:18)\n    at Promise._settlePromise0 (http://localhost:37243/__cypress/runner/cypress_runner.js:165453:10)\n    at Promise._settlePromises (http://localhost:37243/__cypress/runner/cypress_runner.js:165528:18)\n    at Async../node_modules/bluebird/js/release/async.js.Async._drainQueue (http://localhost:37243/__cypress/runner/cypress_runner.js:162140:16)\n    at Async../node_modules/bluebird/js/release/async.js.Async._drainQueues (http://localhost:37243/__cypress/runner/cypress_runner.js:162150:10)\n    at Async.drainQueues (http://localhost:37243/__cypress/runner/cypress_runner.js:162024:14)",
                "diff": null
              },
              "uuid": "b73f0f25-8ba4-4d85-8cdc-b2e52720a18e",
              "parentUUID": "db9b38b2-e5f7-44d8-a28f-726322655bff",
              "isHook": false,
              "skipped": false
            },
            {
              "title": "Verifica se a paleta de cores está posicionada abaixo do título 'Paleta de Cores'",
              "fullTitle": "2 - Adicione à página uma paleta de quatro cores distintas. Verifica se a paleta de cores está posicionada abaixo do título 'Paleta de Cores'",
              "timedOut": null,
              "duration": 4273,
              "state": "failed",
              "speed": null,
              "pass": false,
              "fail": true,
              "pending": false,
              "context": null,
              "code": "cy.get('h1#title').then(function (title) {\n  cy.get('#color-palette').should('be.belowOf', title);\n});",
              "err": {
                "message": "CypressError: Timed out retrying: Expected to find element: 'h1#title', but never found it.",
                "estack": "CypressError: Timed out retrying: Expected to find element: 'h1#title', but never found it.\n    at cypressErr (http://localhost:37243/__cypress/runner/cypress_runner.js:149934:9)\n    at throwErr (http://localhost:37243/__cypress/runner/cypress_runner.js:149867:11)\n    at Object.throwErrByPath (http://localhost:37243/__cypress/runner/cypress_runner.js:149915:3)\n    at retry (http://localhost:37243/__cypress/runner/cypress_runner.js:144197:19)\n    at onFailFn (http://localhost:37243/__cypress/runner/cypress_runner.js:132448:16)\n    at tryCatcher (http://localhost:37243/__cypress/runner/cypress_runner.js:167415:23)\n    at Promise._settlePromiseFromHandler (http://localhost:37243/__cypress/runner/cypress_runner.js:165351:31)\n    at Promise._settlePromise (http://localhost:37243/__cypress/runner/cypress_runner.js:165408:18)\n    at Promise._settlePromise0 (http://localhost:37243/__cypress/runner/cypress_runner.js:165453:10)\n    at Promise._settlePromises (http://localhost:37243/__cypress/runner/cypress_runner.js:165528:18)\n    at Async../node_modules/bluebird/js/release/async.js.Async._drainQueue (http://localhost:37243/__cypress/runner/cypress_runner.js:162140:16)\n    at Async../node_modules/bluebird/js/release/async.js.Async._drainQueues (http://localhost:37243/__cypress/runner/cypress_runner.js:162150:10)\n    at Async.drainQueues (http://localhost:37243/__cypress/runner/cypress_runner.js:162024:14)",
                "diff": null
              },
              "uuid": "c2436b1d-8123-4052-9856-a4fb6acc1f3e",
              "parentUUID": "db9b38b2-e5f7-44d8-a28f-726322655bff",
              "isHook": false,
              "skipped": false
            },
            {
              "title": "Verifica se a paleta de cores não contém cores repetidas.",
              "fullTitle": "2 - Adicione à página uma paleta de quatro cores distintas. Verifica se a paleta de cores não contém cores repetidas.",
              "timedOut": null,
              "duration": 4184,
              "state": "failed",
              "speed": null,
              "pass": false,
              "fail": true,
              "pending": false,
              "context": null,
              "code": "cy.get('.color').then(function (colors) {\n  var allColors = Array.from(colors).map(function (color) {\n    return Cypress.$(color).css('background-color');\n  });\n  cy.log(allColors);\n  var uniqColors = (0, _toConsumableArray2[\"default\"])(new Set(allColors));\n  cy.log(uniqColors);\n  expect(allColors.length).to.eq(uniqColors.length);\n});",
              "err": {
                "message": "CypressError: Timed out retrying: Expected to find element: '.color', but never found it.",
                "estack": "CypressError: Timed out retrying: Expected to find element: '.color', but never found it.\n    at cypressErr (http://localhost:37243/__cypress/runner/cypress_runner.js:149934:9)\n    at throwErr (http://localhost:37243/__cypress/runner/cypress_runner.js:149867:11)\n    at Object.throwErrByPath (http://localhost:37243/__cypress/runner/cypress_runner.js:149915:3)\n    at retry (http://localhost:37243/__cypress/runner/cypress_runner.js:144197:19)\n    at onFailFn (http://localhost:37243/__cypress/runner/cypress_runner.js:132448:16)\n    at tryCatcher (http://localhost:37243/__cypress/runner/cypress_runner.js:167415:23)\n    at Promise._settlePromiseFromHandler (http://localhost:37243/__cypress/runner/cypress_runner.js:165351:31)\n    at Promise._settlePromise (http://localhost:37243/__cypress/runner/cypress_runner.js:165408:18)\n    at Promise._settlePromise0 (http://localhost:37243/__cypress/runner/cypress_runner.js:165453:10)\n    at Promise._settlePromises (http://localhost:37243/__cypress/runner/cypress_runner.js:165528:18)\n    at Async../node_modules/bluebird/js/release/async.js.Async._drainQueue (http://localhost:37243/__cypress/runner/cypress_runner.js:162140:16)\n    at Async../node_modules/bluebird/js/release/async.js.Async._drainQueues (http://localhost:37243/__cypress/runner/cypress_runner.js:162150:10)\n    at Async.drainQueues (http://localhost:37243/__cypress/runner/cypress_runner.js:162024:14)",
                "diff": null
              },
              "uuid": "67ecc666-b27c-49fb-9c5d-9fe9e9460e11",
              "parentUUID": "db9b38b2-e5f7-44d8-a28f-726322655bff",
              "isHook": false,
              "skipped": false
            }
          ],
          "suites": [],
          "passes": [],
          "failures": [
            "6ee1d03b-8e2e-40d4-b9c0-9c630093f14a",
            "23ff4643-3941-4b31-8446-9e1be86be161",
            "aa1b0fd3-d30d-4445-80d0-169af8ac44e1",
            "2924f64f-78c8-4b25-b538-05609e1ff5e3",
            "b73f0f25-8ba4-4d85-8cdc-b2e52720a18e",
            "c2436b1d-8123-4052-9856-a4fb6acc1f3e",
            "67ecc666-b27c-49fb-9c5d-9fe9e9460e11"
          ],
          "pending": [],
          "skipped": [],
          "duration": 29492,
          "root": false,
          "rootEmpty": false,
          "_timeout": 2000
        },
        {
          "uuid": "8fc44b9d-a90f-499b-ba69-7c68bcdb3118",
          "title": "3 - Adicione a cor **preta** como a primeira cor da paleta de cores.",
          "fullFile": "",
          "file": "",
          "beforeHooks": [],
          "afterHooks": [],
          "tests": [
            {
              "title": "Verifica se a primeira cor da paleta é preta",
              "fullTitle": "3 - Adicione a cor **preta** como a primeira cor da paleta de cores. Verifica se a primeira cor da paleta é preta",
              "timedOut": null,
              "duration": 4289,
              "state": "failed",
              "speed": null,
              "pass": false,
              "fail": true,
              "pending": false,
              "context": null,
              "code": "cy.get('.color').first().should('have.css', 'background-color', BLACK);",
              "err": {
                "message": "CypressError: Timed out retrying: Expected to find element: '.color', but never found it.",
                "estack": "CypressError: Timed out retrying: Expected to find element: '.color', but never found it.\n    at cypressErr (http://localhost:37243/__cypress/runner/cypress_runner.js:149934:9)\n    at throwErr (http://localhost:37243/__cypress/runner/cypress_runner.js:149867:11)\n    at Object.throwErrByPath (http://localhost:37243/__cypress/runner/cypress_runner.js:149915:3)\n    at retry (http://localhost:37243/__cypress/runner/cypress_runner.js:144197:19)\n    at onFailFn (http://localhost:37243/__cypress/runner/cypress_runner.js:132448:16)\n    at tryCatcher (http://localhost:37243/__cypress/runner/cypress_runner.js:167415:23)\n    at Promise._settlePromiseFromHandler (http://localhost:37243/__cypress/runner/cypress_runner.js:165351:31)\n    at Promise._settlePromise (http://localhost:37243/__cypress/runner/cypress_runner.js:165408:18)\n    at Promise._settlePromise0 (http://localhost:37243/__cypress/runner/cypress_runner.js:165453:10)\n    at Promise._settlePromises (http://localhost:37243/__cypress/runner/cypress_runner.js:165528:18)\n    at Async../node_modules/bluebird/js/release/async.js.Async._drainQueue (http://localhost:37243/__cypress/runner/cypress_runner.js:162140:16)\n    at Async../node_modules/bluebird/js/release/async.js.Async._drainQueues (http://localhost:37243/__cypress/runner/cypress_runner.js:162150:10)\n    at Async.drainQueues (http://localhost:37243/__cypress/runner/cypress_runner.js:162024:14)",
                "diff": null
              },
              "uuid": "efa1b778-96ce-449f-b751-07774088a551",
              "parentUUID": "8fc44b9d-a90f-499b-ba69-7c68bcdb3118",
              "isHook": false,
              "skipped": false
            },
            {
              "title": "Verifica se as demais cores podem ser escolhidas livremente.",
              "fullTitle": "3 - Adicione a cor **preta** como a primeira cor da paleta de cores. Verifica se as demais cores podem ser escolhidas livremente.",
              "timedOut": null,
              "duration": 4192,
              "state": "failed",
              "speed": null,
              "pass": false,
              "fail": true,
              "pending": false,
              "context": null,
              "code": "cy.get('.color').eq(1).should('not.have.css', 'background-color', BLACK);\ncy.get('.color').eq(1).should('not.have.css', 'background-color', WHITE);\ncy.get('.color').eq(1).should('not.have.css', 'background-color', 'rgba(0, 0, 0, 0)');\ncy.get('.color').eq(1).should('have.css', 'background-color');\ncy.get('.color').eq(2).should('not.have.css', 'background-color', BLACK);\ncy.get('.color').eq(2).should('not.have.css', 'background-color', WHITE);\ncy.get('.color').eq(2).should('not.have.css', 'background-color', 'rgba(0, 0, 0, 0)');\ncy.get('.color').eq(2).should('have.css', 'background-color');\ncy.get('.color').eq(3).should('not.have.css', 'background-color', BLACK);\ncy.get('.color').eq(3).should('not.have.css', 'background-color', WHITE);\ncy.get('.color').eq(3).should('not.have.css', 'background-color', 'rgba(0, 0, 0, 0)');\ncy.get('.color').eq(3).should('have.css', 'background-color');",
              "err": {
                "message": "CypressError: Timed out retrying: Expected to find element: '.color', but never found it.",
                "estack": "CypressError: Timed out retrying: Expected to find element: '.color', but never found it.\n    at cypressErr (http://localhost:37243/__cypress/runner/cypress_runner.js:149934:9)\n    at throwErr (http://localhost:37243/__cypress/runner/cypress_runner.js:149867:11)\n    at Object.throwErrByPath (http://localhost:37243/__cypress/runner/cypress_runner.js:149915:3)\n    at retry (http://localhost:37243/__cypress/runner/cypress_runner.js:144197:19)\n    at onFailFn (http://localhost:37243/__cypress/runner/cypress_runner.js:132448:16)\n    at tryCatcher (http://localhost:37243/__cypress/runner/cypress_runner.js:167415:23)\n    at Promise._settlePromiseFromHandler (http://localhost:37243/__cypress/runner/cypress_runner.js:165351:31)\n    at Promise._settlePromise (http://localhost:37243/__cypress/runner/cypress_runner.js:165408:18)\n    at Promise._settlePromise0 (http://localhost:37243/__cypress/runner/cypress_runner.js:165453:10)\n    at Promise._settlePromises (http://localhost:37243/__cypress/runner/cypress_runner.js:165528:18)\n    at Async../node_modules/bluebird/js/release/async.js.Async._drainQueue (http://localhost:37243/__cypress/runner/cypress_runner.js:162140:16)\n    at Async../node_modules/bluebird/js/release/async.js.Async._drainQueues (http://localhost:37243/__cypress/runner/cypress_runner.js:162150:10)\n    at Async.drainQueues (http://localhost:37243/__cypress/runner/cypress_runner.js:162024:14)",
                "diff": null
              },
              "uuid": "de223e22-9f8c-41b8-b614-aec36843049b",
              "parentUUID": "8fc44b9d-a90f-499b-ba69-7c68bcdb3118",
              "isHook": false,
              "skipped": false
            }
          ],
          "suites": [],
          "passes": [],
          "failures": [
            "efa1b778-96ce-449f-b751-07774088a551",
            "de223e22-9f8c-41b8-b614-aec36843049b"
          ],
          "pending": [],
          "skipped": [],
          "duration": 8481,
          "root": false,
          "rootEmpty": false,
          "_timeout": 2000
        },
        {
          "uuid": "0e027563-fb6d-4503-b844-64e308750536",
          "title": "4 - Adicione à página um quadro de pixels, com 25 pixels.",
          "fullFile": "",
          "file": "",
          "beforeHooks": [],
          "afterHooks": [],
          "tests": [
            {
              "title": "Verifica se o quadro de pixels possui o `id` denominado `pixel-board`",
              "fullTitle": "4 - Adicione à página um quadro de pixels, com 25 pixels. Verifica se o quadro de pixels possui o `id` denominado `pixel-board`",
              "timedOut": null,
              "duration": 4319,
              "state": "failed",
              "speed": null,
              "pass": false,
              "fail": true,
              "pending": false,
              "context": null,
              "code": "cy.get('#pixel-board').should('be.visible');",
              "err": {
                "message": "CypressError: Timed out retrying: Expected to find element: '#pixel-board', but never found it.",
                "estack": "CypressError: Timed out retrying: Expected to find element: '#pixel-board', but never found it.\n    at cypressErr (http://localhost:37243/__cypress/runner/cypress_runner.js:149934:9)\n    at throwErr (http://localhost:37243/__cypress/runner/cypress_runner.js:149867:11)\n    at Object.throwErrByPath (http://localhost:37243/__cypress/runner/cypress_runner.js:149915:3)\n    at retry (http://localhost:37243/__cypress/runner/cypress_runner.js:144197:19)\n    at onFailFn (http://localhost:37243/__cypress/runner/cypress_runner.js:132448:16)\n    at tryCatcher (http://localhost:37243/__cypress/runner/cypress_runner.js:167415:23)\n    at Promise._settlePromiseFromHandler (http://localhost:37243/__cypress/runner/cypress_runner.js:165351:31)\n    at Promise._settlePromise (http://localhost:37243/__cypress/runner/cypress_runner.js:165408:18)\n    at Promise._settlePromise0 (http://localhost:37243/__cypress/runner/cypress_runner.js:165453:10)\n    at Promise._settlePromises (http://localhost:37243/__cypress/runner/cypress_runner.js:165528:18)\n    at Async../node_modules/bluebird/js/release/async.js.Async._drainQueue (http://localhost:37243/__cypress/runner/cypress_runner.js:162140:16)\n    at Async../node_modules/bluebird/js/release/async.js.Async._drainQueues (http://localhost:37243/__cypress/runner/cypress_runner.js:162150:10)\n    at Async.drainQueues (http://localhost:37243/__cypress/runner/cypress_runner.js:162024:14)",
                "diff": null
              },
              "uuid": "aa7a47e6-58e1-414b-ac67-3bbdaecde33d",
              "parentUUID": "0e027563-fb6d-4503-b844-64e308750536",
              "isHook": false,
              "skipped": false
            },
            {
              "title": "Verifica se cada pixel individual dentro do quadro possui a `classe` denominada `pixel`.",
              "fullTitle": "4 - Adicione à página um quadro de pixels, com 25 pixels. Verifica se cada pixel individual dentro do quadro possui a `classe` denominada `pixel`.",
              "timedOut": null,
              "duration": 4215,
              "state": "failed",
              "speed": null,
              "pass": false,
              "fail": true,
              "pending": false,
              "context": null,
              "code": "cy.get('.pixel').should('have.length', 25);",
              "err": {
                "message": "CypressError: Timed out retrying: Expected to find element: '.pixel', but never found it.",
                "estack": "CypressError: Timed out retrying: Expected to find element: '.pixel', but never found it.\n    at cypressErr (http://localhost:37243/__cypress/runner/cypress_runner.js:149934:9)\n    at throwErr (http://localhost:37243/__cypress/runner/cypress_runner.js:149867:11)\n    at Object.throwErrByPath (http://localhost:37243/__cypress/runner/cypress_runner.js:149915:3)\n    at retry (http://localhost:37243/__cypress/runner/cypress_runner.js:144197:19)\n    at onFailFn (http://localhost:37243/__cypress/runner/cypress_runner.js:132448:16)\n    at tryCatcher (http://localhost:37243/__cypress/runner/cypress_runner.js:167415:23)\n    at Promise._settlePromiseFromHandler (http://localhost:37243/__cypress/runner/cypress_runner.js:165351:31)\n    at Promise._settlePromise (http://localhost:37243/__cypress/runner/cypress_runner.js:165408:18)\n    at Promise._settlePromise0 (http://localhost:37243/__cypress/runner/cypress_runner.js:165453:10)\n    at Promise._settlePromises (http://localhost:37243/__cypress/runner/cypress_runner.js:165528:18)\n    at Async../node_modules/bluebird/js/release/async.js.Async._drainQueue (http://localhost:37243/__cypress/runner/cypress_runner.js:162140:16)\n    at Async../node_modules/bluebird/js/release/async.js.Async._drainQueues (http://localhost:37243/__cypress/runner/cypress_runner.js:162150:10)\n    at Async.drainQueues (http://localhost:37243/__cypress/runner/cypress_runner.js:162024:14)",
                "diff": null
              },
              "uuid": "c7b9bd56-2ce5-4db0-8c58-a5dff9ba7057",
              "parentUUID": "0e027563-fb6d-4503-b844-64e308750536",
              "isHook": false,
              "skipped": false
            },
            {
              "title": "Verifica se a cor inicial dos pixels dentro do quadro, ao abrir a página, é branca.",
              "fullTitle": "4 - Adicione à página um quadro de pixels, com 25 pixels. Verifica se a cor inicial dos pixels dentro do quadro, ao abrir a página, é branca.",
              "timedOut": null,
              "duration": 4216,
              "state": "failed",
              "speed": null,
              "pass": false,
              "fail": true,
              "pending": false,
              "context": null,
              "code": "cy.get('.pixel').should('have.length', 25).each(function (pixel) {\n  expect(pixel).to.have.css('background-color', WHITE);\n});",
              "err": {
                "message": "CypressError: Timed out retrying: Expected to find element: '.pixel', but never found it.",
                "estack": "CypressError: Timed out retrying: Expected to find element: '.pixel', but never found it.\n    at cypressErr (http://localhost:37243/__cypress/runner/cypress_runner.js:149934:9)\n    at throwErr (http://localhost:37243/__cypress/runner/cypress_runner.js:149867:11)\n    at Object.throwErrByPath (http://localhost:37243/__cypress/runner/cypress_runner.js:149915:3)\n    at retry (http://localhost:37243/__cypress/runner/cypress_runner.js:144197:19)\n    at onFailFn (http://localhost:37243/__cypress/runner/cypress_runner.js:132448:16)\n    at tryCatcher (http://localhost:37243/__cypress/runner/cypress_runner.js:167415:23)\n    at Promise._settlePromiseFromHandler (http://localhost:37243/__cypress/runner/cypress_runner.js:165351:31)\n    at Promise._settlePromise (http://localhost:37243/__cypress/runner/cypress_runner.js:165408:18)\n    at Promise._settlePromise0 (http://localhost:37243/__cypress/runner/cypress_runner.js:165453:10)\n    at Promise._settlePromises (http://localhost:37243/__cypress/runner/cypress_runner.js:165528:18)\n    at Async../node_modules/bluebird/js/release/async.js.Async._drainQueue (http://localhost:37243/__cypress/runner/cypress_runner.js:162140:16)\n    at Async../node_modules/bluebird/js/release/async.js.Async._drainQueues (http://localhost:37243/__cypress/runner/cypress_runner.js:162150:10)\n    at Async.drainQueues (http://localhost:37243/__cypress/runner/cypress_runner.js:162024:14)",
                "diff": null
              },
              "uuid": "8156ab9e-939c-49c5-85ca-459a3c19bc7e",
              "parentUUID": "0e027563-fb6d-4503-b844-64e308750536",
              "isHook": false,
              "skipped": false
            },
            {
              "title": "Verifica se o quadro de pixels aparece abaixo da paleta de cores",
              "fullTitle": "4 - Adicione à página um quadro de pixels, com 25 pixels. Verifica se o quadro de pixels aparece abaixo da paleta de cores",
              "timedOut": null,
              "duration": 4213,
              "state": "failed",
              "speed": null,
              "pass": false,
              "fail": true,
              "pending": false,
              "context": null,
              "code": "cy.get('#color-palette').then(function (palette) {\n  cy.get('#pixel-board').should('be.belowOf', palette);\n});",
              "err": {
                "message": "CypressError: Timed out retrying: Expected to find element: '#color-palette', but never found it.",
                "estack": "CypressError: Timed out retrying: Expected to find element: '#color-palette', but never found it.\n    at cypressErr (http://localhost:37243/__cypress/runner/cypress_runner.js:149934:9)\n    at throwErr (http://localhost:37243/__cypress/runner/cypress_runner.js:149867:11)\n    at Object.throwErrByPath (http://localhost:37243/__cypress/runner/cypress_runner.js:149915:3)\n    at retry (http://localhost:37243/__cypress/runner/cypress_runner.js:144197:19)\n    at onFailFn (http://localhost:37243/__cypress/runner/cypress_runner.js:132448:16)\n    at tryCatcher (http://localhost:37243/__cypress/runner/cypress_runner.js:167415:23)\n    at Promise._settlePromiseFromHandler (http://localhost:37243/__cypress/runner/cypress_runner.js:165351:31)\n    at Promise._settlePromise (http://localhost:37243/__cypress/runner/cypress_runner.js:165408:18)\n    at Promise._settlePromise0 (http://localhost:37243/__cypress/runner/cypress_runner.js:165453:10)\n    at Promise._settlePromises (http://localhost:37243/__cypress/runner/cypress_runner.js:165528:18)\n    at Async../node_modules/bluebird/js/release/async.js.Async._drainQueue (http://localhost:37243/__cypress/runner/cypress_runner.js:162140:16)\n    at Async../node_modules/bluebird/js/release/async.js.Async._drainQueues (http://localhost:37243/__cypress/runner/cypress_runner.js:162150:10)\n    at Async.drainQueues (http://localhost:37243/__cypress/runner/cypress_runner.js:162024:14)",
                "diff": null
              },
              "uuid": "3acbc340-042b-4809-a08b-d1400962b79c",
              "parentUUID": "0e027563-fb6d-4503-b844-64e308750536",
              "isHook": false,
              "skipped": false
            }
          ],
          "suites": [],
          "passes": [],
          "failures": [
            "aa7a47e6-58e1-414b-ac67-3bbdaecde33d",
            "c7b9bd56-2ce5-4db0-8c58-a5dff9ba7057",
            "8156ab9e-939c-49c5-85ca-459a3c19bc7e",
            "3acbc340-042b-4809-a08b-d1400962b79c"
          ],
          "pending": [],
          "skipped": [],
          "duration": 16963,
          "root": false,
          "rootEmpty": false,
          "_timeout": 2000
        },
        {
          "uuid": "a8aff225-ce07-43e1-a61e-7d3b94c0c8d4",
          "title": "5 - Faça com que cada elemento do quadro de pixels possua 40 pixels de largura, 40 pixels de altura e seja delimitado por uma borda preta de 1 pixel.",
          "fullFile": "",
          "file": "",
          "beforeHooks": [],
          "afterHooks": [],
          "tests": [
            {
              "title": "Verifica se o quadro de pixels tem altura e comprimento de 5 elementos",
              "fullTitle": "5 - Faça com que cada elemento do quadro de pixels possua 40 pixels de largura, 40 pixels de altura e seja delimitado por uma borda preta de 1 pixel. Verifica se o quadro de pixels tem altura e comprimento de 5 elementos",
              "timedOut": null,
              "duration": 4223,
              "state": "failed",
              "speed": null,
              "pass": false,
              "fail": true,
              "pending": false,
              "context": null,
              "code": "cy.get('.pixel').should('have.length', 25).each(function (pixel) {\n  expect(pixel).to.have.css('background-color', WHITE);\n}).and(function (pixels) {\n  var rows = chunk(pixels, 5);\n  rows.forEach(function (row) {\n    for (var index = 1; index < row.length; index += 1) {\n      var current = pixels[index];\n      var previous = pixels[index - 1];\n      cy.wrap(current).should('be.onTheRightOf', previous).and('be.horizontallyAlignedWith', previous);\n    }\n  });\n  for (var index = 1; index < 5; index += 1) {\n    expect(pixels[index * 5]).to.be.belowOf(pixels[(index - 1) * 5]);\n  }\n});",
              "err": {
                "message": "CypressError: Timed out retrying: Expected to find element: '.pixel', but never found it.",
                "estack": "CypressError: Timed out retrying: Expected to find element: '.pixel', but never found it.\n    at cypressErr (http://localhost:37243/__cypress/runner/cypress_runner.js:149934:9)\n    at throwErr (http://localhost:37243/__cypress/runner/cypress_runner.js:149867:11)\n    at Object.throwErrByPath (http://localhost:37243/__cypress/runner/cypress_runner.js:149915:3)\n    at retry (http://localhost:37243/__cypress/runner/cypress_runner.js:144197:19)\n    at onFailFn (http://localhost:37243/__cypress/runner/cypress_runner.js:132448:16)\n    at tryCatcher (http://localhost:37243/__cypress/runner/cypress_runner.js:167415:23)\n    at Promise._settlePromiseFromHandler (http://localhost:37243/__cypress/runner/cypress_runner.js:165351:31)\n    at Promise._settlePromise (http://localhost:37243/__cypress/runner/cypress_runner.js:165408:18)\n    at Promise._settlePromise0 (http://localhost:37243/__cypress/runner/cypress_runner.js:165453:10)\n    at Promise._settlePromises (http://localhost:37243/__cypress/runner/cypress_runner.js:165528:18)\n    at Async../node_modules/bluebird/js/release/async.js.Async._drainQueue (http://localhost:37243/__cypress/runner/cypress_runner.js:162140:16)\n    at Async../node_modules/bluebird/js/release/async.js.Async._drainQueues (http://localhost:37243/__cypress/runner/cypress_runner.js:162150:10)\n    at Async.drainQueues (http://localhost:37243/__cypress/runner/cypress_runner.js:162024:14)",
                "diff": null
              },
              "uuid": "32f51d45-3065-43f5-8e6f-d38c7e18730d",
              "parentUUID": "a8aff225-ce07-43e1-a61e-7d3b94c0c8d4",
              "isHook": false,
              "skipped": false
            },
            {
              "title": "Verifica se 40 pixels é o tamanho total do elemento, incluindo seu conteúdo e excluindo a borda preta, que deve ser criada à parte.",
              "fullTitle": "5 - Faça com que cada elemento do quadro de pixels possua 40 pixels de largura, 40 pixels de altura e seja delimitado por uma borda preta de 1 pixel. Verifica se 40 pixels é o tamanho total do elemento, incluindo seu conteúdo e excluindo a borda preta, que deve ser criada à parte.",
              "timedOut": null,
              "duration": 4186,
              "state": "failed",
              "speed": null,
              "pass": false,
              "fail": true,
              "pending": false,
              "context": null,
              "code": "cy.get('.pixel').each(function (pixel) {\n  cy.wrap(pixel).should('have.css', 'height', '40px').and('have.css', 'width', '40px').and('have.css', 'border', \"1px solid \".concat(BLACK));\n});",
              "err": {
                "message": "CypressError: Timed out retrying: Expected to find element: '.pixel', but never found it.",
                "estack": "CypressError: Timed out retrying: Expected to find element: '.pixel', but never found it.\n    at cypressErr (http://localhost:37243/__cypress/runner/cypress_runner.js:149934:9)\n    at throwErr (http://localhost:37243/__cypress/runner/cypress_runner.js:149867:11)\n    at Object.throwErrByPath (http://localhost:37243/__cypress/runner/cypress_runner.js:149915:3)\n    at retry (http://localhost:37243/__cypress/runner/cypress_runner.js:144197:19)\n    at onFailFn (http://localhost:37243/__cypress/runner/cypress_runner.js:132448:16)\n    at tryCatcher (http://localhost:37243/__cypress/runner/cypress_runner.js:167415:23)\n    at Promise._settlePromiseFromHandler (http://localhost:37243/__cypress/runner/cypress_runner.js:165351:31)\n    at Promise._settlePromise (http://localhost:37243/__cypress/runner/cypress_runner.js:165408:18)\n    at Promise._settlePromise0 (http://localhost:37243/__cypress/runner/cypress_runner.js:165453:10)\n    at Promise._settlePromises (http://localhost:37243/__cypress/runner/cypress_runner.js:165528:18)\n    at Async../node_modules/bluebird/js/release/async.js.Async._drainQueue (http://localhost:37243/__cypress/runner/cypress_runner.js:162140:16)\n    at Async../node_modules/bluebird/js/release/async.js.Async._drainQueues (http://localhost:37243/__cypress/runner/cypress_runner.js:162150:10)\n    at Async.drainQueues (http://localhost:37243/__cypress/runner/cypress_runner.js:162024:14)",
                "diff": null
              },
              "uuid": "fea25a36-80cc-4c13-a95f-084b25c059a0",
              "parentUUID": "a8aff225-ce07-43e1-a61e-7d3b94c0c8d4",
              "isHook": false,
              "skipped": false
            }
          ],
          "suites": [],
          "passes": [],
          "failures": [
            "32f51d45-3065-43f5-8e6f-d38c7e18730d",
            "fea25a36-80cc-4c13-a95f-084b25c059a0"
          ],
          "pending": [],
          "skipped": [],
          "duration": 8409,
          "root": false,
          "rootEmpty": false,
          "_timeout": 2000
        },
        {
          "uuid": "215e0474-0e9b-4e90-a45e-4e19ad0e2b8b",
          "title": "6 - Defina a cor preta como cor inicial. Ao carregar a página a cor preta já deve estar selecionada para pintar os pixels",
          "fullFile": "",
          "file": "",
          "beforeHooks": [],
          "afterHooks": [],
          "tests": [
            {
              "title": "Verifica se o elemento da cor preta possui, inicialmente, a `classe` `selected`",
              "fullTitle": "6 - Defina a cor preta como cor inicial. Ao carregar a página a cor preta já deve estar selecionada para pintar os pixels Verifica se o elemento da cor preta possui, inicialmente, a `classe` `selected`",
              "timedOut": null,
              "duration": 4240,
              "state": "failed",
              "speed": null,
              "pass": false,
              "fail": true,
              "pending": false,
              "context": null,
              "code": "cy.get('.selected').first().should('have.css', 'background-color', BLACK);",
              "err": {
                "message": "CypressError: Timed out retrying: Expected to find element: '.selected', but never found it.",
                "estack": "CypressError: Timed out retrying: Expected to find element: '.selected', but never found it.\n    at cypressErr (http://localhost:37243/__cypress/runner/cypress_runner.js:149934:9)\n    at throwErr (http://localhost:37243/__cypress/runner/cypress_runner.js:149867:11)\n    at Object.throwErrByPath (http://localhost:37243/__cypress/runner/cypress_runner.js:149915:3)\n    at retry (http://localhost:37243/__cypress/runner/cypress_runner.js:144197:19)\n    at onFailFn (http://localhost:37243/__cypress/runner/cypress_runner.js:132448:16)\n    at tryCatcher (http://localhost:37243/__cypress/runner/cypress_runner.js:167415:23)\n    at Promise._settlePromiseFromHandler (http://localhost:37243/__cypress/runner/cypress_runner.js:165351:31)\n    at Promise._settlePromise (http://localhost:37243/__cypress/runner/cypress_runner.js:165408:18)\n    at Promise._settlePromise0 (http://localhost:37243/__cypress/runner/cypress_runner.js:165453:10)\n    at Promise._settlePromises (http://localhost:37243/__cypress/runner/cypress_runner.js:165528:18)\n    at Async../node_modules/bluebird/js/release/async.js.Async._drainQueue (http://localhost:37243/__cypress/runner/cypress_runner.js:162140:16)\n    at Async../node_modules/bluebird/js/release/async.js.Async._drainQueues (http://localhost:37243/__cypress/runner/cypress_runner.js:162150:10)\n    at Async.drainQueues (http://localhost:37243/__cypress/runner/cypress_runner.js:162024:14)",
                "diff": null
              },
              "uuid": "f609216e-427c-44ad-8515-89d8baedb26b",
              "parentUUID": "215e0474-0e9b-4e90-a45e-4e19ad0e2b8b",
              "isHook": false,
              "skipped": false
            },
            {
              "title": "Verifica se nenhuma outra cor da paleta tem a `classe` `selected`",
              "fullTitle": "6 - Defina a cor preta como cor inicial. Ao carregar a página a cor preta já deve estar selecionada para pintar os pixels Verifica se nenhuma outra cor da paleta tem a `classe` `selected`",
              "timedOut": null,
              "duration": 4266,
              "state": "failed",
              "speed": null,
              "pass": false,
              "fail": true,
              "pending": false,
              "context": null,
              "code": "cy.get('.color:not(:first-child)').each(function (color) {\n  cy.wrap(color).should('not.have.class', 'selected');\n});",
              "err": {
                "message": "CypressError: Timed out retrying: Expected to find element: '.color:not(:first-child)', but never found it.",
                "estack": "CypressError: Timed out retrying: Expected to find element: '.color:not(:first-child)', but never found it.\n    at cypressErr (http://localhost:37243/__cypress/runner/cypress_runner.js:149934:9)\n    at throwErr (http://localhost:37243/__cypress/runner/cypress_runner.js:149867:11)\n    at Object.throwErrByPath (http://localhost:37243/__cypress/runner/cypress_runner.js:149915:3)\n    at retry (http://localhost:37243/__cypress/runner/cypress_runner.js:144197:19)\n    at onFailFn (http://localhost:37243/__cypress/runner/cypress_runner.js:132448:16)\n    at tryCatcher (http://localhost:37243/__cypress/runner/cypress_runner.js:167415:23)\n    at Promise._settlePromiseFromHandler (http://localhost:37243/__cypress/runner/cypress_runner.js:165351:31)\n    at Promise._settlePromise (http://localhost:37243/__cypress/runner/cypress_runner.js:165408:18)\n    at Promise._settlePromise0 (http://localhost:37243/__cypress/runner/cypress_runner.js:165453:10)\n    at Promise._settlePromises (http://localhost:37243/__cypress/runner/cypress_runner.js:165528:18)\n    at Async../node_modules/bluebird/js/release/async.js.Async._drainQueue (http://localhost:37243/__cypress/runner/cypress_runner.js:162140:16)\n    at Async../node_modules/bluebird/js/release/async.js.Async._drainQueues (http://localhost:37243/__cypress/runner/cypress_runner.js:162150:10)\n    at Async.drainQueues (http://localhost:37243/__cypress/runner/cypress_runner.js:162024:14)",
                "diff": null
              },
              "uuid": "f12e4f2e-4f7f-4ba0-ba5b-63a5e7e8b86d",
              "parentUUID": "215e0474-0e9b-4e90-a45e-4e19ad0e2b8b",
              "isHook": false,
              "skipped": false
            }
          ],
          "suites": [],
          "passes": [],
          "failures": [
            "f609216e-427c-44ad-8515-89d8baedb26b",
            "f12e4f2e-4f7f-4ba0-ba5b-63a5e7e8b86d"
          ],
          "pending": [],
          "skipped": [],
          "duration": 8506,
          "root": false,
          "rootEmpty": false,
          "_timeout": 2000
        },
        {
          "uuid": "cbbd8df7-2494-420d-9a5d-e7aa4e326be9",
          "title": "7 - Clicar em uma das cores da paleta, faz com que ela seja selecionada e utilizada para preencher os pixels no quadro.",
          "fullFile": "",
          "file": "",
          "beforeHooks": [],
          "afterHooks": [],
          "tests": [
            {
              "title": "Verifica se somente uma cor da paleta de cores tem a classe `selected` de cada vez",
              "fullTitle": "7 - Clicar em uma das cores da paleta, faz com que ela seja selecionada e utilizada para preencher os pixels no quadro. Verifica se somente uma cor da paleta de cores tem a classe `selected` de cada vez",
              "timedOut": null,
              "duration": 4262,
              "state": "failed",
              "speed": null,
              "pass": false,
              "fail": true,
              "pending": false,
              "context": null,
              "code": "cy.get('.color').each(function (selectedColor, selectedColorIndex) {\n  cy.wrap(selectedColor).click();\n  cy.get('.color').each(function (color, colorIndex) {\n    if (colorIndex === selectedColorIndex) {\n      expect(color).to.have[\"class\"]('selected');\n    } else {\n      expect(color).not.to.have[\"class\"]('selected');\n    }\n  });\n});",
              "err": {
                "message": "CypressError: Timed out retrying: Expected to find element: '.color', but never found it.",
                "estack": "CypressError: Timed out retrying: Expected to find element: '.color', but never found it.\n    at cypressErr (http://localhost:37243/__cypress/runner/cypress_runner.js:149934:9)\n    at throwErr (http://localhost:37243/__cypress/runner/cypress_runner.js:149867:11)\n    at Object.throwErrByPath (http://localhost:37243/__cypress/runner/cypress_runner.js:149915:3)\n    at retry (http://localhost:37243/__cypress/runner/cypress_runner.js:144197:19)\n    at onFailFn (http://localhost:37243/__cypress/runner/cypress_runner.js:132448:16)\n    at tryCatcher (http://localhost:37243/__cypress/runner/cypress_runner.js:167415:23)\n    at Promise._settlePromiseFromHandler (http://localhost:37243/__cypress/runner/cypress_runner.js:165351:31)\n    at Promise._settlePromise (http://localhost:37243/__cypress/runner/cypress_runner.js:165408:18)\n    at Promise._settlePromise0 (http://localhost:37243/__cypress/runner/cypress_runner.js:165453:10)\n    at Promise._settlePromises (http://localhost:37243/__cypress/runner/cypress_runner.js:165528:18)\n    at Async../node_modules/bluebird/js/release/async.js.Async._drainQueue (http://localhost:37243/__cypress/runner/cypress_runner.js:162140:16)\n    at Async../node_modules/bluebird/js/release/async.js.Async._drainQueues (http://localhost:37243/__cypress/runner/cypress_runner.js:162150:10)\n    at Async.drainQueues (http://localhost:37243/__cypress/runner/cypress_runner.js:162024:14)",
                "diff": null
              },
              "uuid": "3187722c-51b9-4f04-b26f-fe57f067874f",
              "parentUUID": "cbbd8df7-2494-420d-9a5d-e7aa4e326be9",
              "isHook": false,
              "skipped": false
            },
            {
              "title": "Verifica se os pixels dentro do quadro não têm a classe `selected` quando são clicados",
              "fullTitle": "7 - Clicar em uma das cores da paleta, faz com que ela seja selecionada e utilizada para preencher os pixels no quadro. Verifica se os pixels dentro do quadro não têm a classe `selected` quando são clicados",
              "timedOut": null,
              "duration": 4233,
              "state": "failed",
              "speed": null,
              "pass": false,
              "fail": true,
              "pending": false,
              "context": null,
              "code": "cy.get('.color').each(function (color) {\n  var backgroundColor = color.css('background-color');\n  cy.wrap(color).click();\n  cy.get('.pixel').each(function (pixel) {\n    cy.wrap(pixel).click().should('not.have.class', 'selected');\n  });\n});",
              "err": {
                "message": "CypressError: Timed out retrying: Expected to find element: '.color', but never found it.",
                "estack": "CypressError: Timed out retrying: Expected to find element: '.color', but never found it.\n    at cypressErr (http://localhost:37243/__cypress/runner/cypress_runner.js:149934:9)\n    at throwErr (http://localhost:37243/__cypress/runner/cypress_runner.js:149867:11)\n    at Object.throwErrByPath (http://localhost:37243/__cypress/runner/cypress_runner.js:149915:3)\n    at retry (http://localhost:37243/__cypress/runner/cypress_runner.js:144197:19)\n    at onFailFn (http://localhost:37243/__cypress/runner/cypress_runner.js:132448:16)\n    at tryCatcher (http://localhost:37243/__cypress/runner/cypress_runner.js:167415:23)\n    at Promise._settlePromiseFromHandler (http://localhost:37243/__cypress/runner/cypress_runner.js:165351:31)\n    at Promise._settlePromise (http://localhost:37243/__cypress/runner/cypress_runner.js:165408:18)\n    at Promise._settlePromise0 (http://localhost:37243/__cypress/runner/cypress_runner.js:165453:10)\n    at Promise._settlePromises (http://localhost:37243/__cypress/runner/cypress_runner.js:165528:18)\n    at Async../node_modules/bluebird/js/release/async.js.Async._drainQueue (http://localhost:37243/__cypress/runner/cypress_runner.js:162140:16)\n    at Async../node_modules/bluebird/js/release/async.js.Async._drainQueues (http://localhost:37243/__cypress/runner/cypress_runner.js:162150:10)\n    at Async.drainQueues (http://localhost:37243/__cypress/runner/cypress_runner.js:162024:14)",
                "diff": null
              },
              "uuid": "b4275319-e4f4-48d2-a8e0-31967fdf73cf",
              "parentUUID": "cbbd8df7-2494-420d-9a5d-e7aa4e326be9",
              "isHook": false,
              "skipped": false
            }
          ],
          "suites": [],
          "passes": [],
          "failures": [
            "3187722c-51b9-4f04-b26f-fe57f067874f",
            "b4275319-e4f4-48d2-a8e0-31967fdf73cf"
          ],
          "pending": [],
          "skipped": [],
          "duration": 8495,
          "root": false,
          "rootEmpty": false,
          "_timeout": 2000
        },
        {
          "uuid": "8c1157e6-7af6-4831-bea3-b8e17fc06118",
          "title": "8 - Clicar em um pixel dentro do quadro após selecionar uma cor na paleta, faz com que o pixel seja preenchido com a cor selecionada.",
          "fullFile": "",
          "file": "",
          "beforeHooks": [],
          "afterHooks": [],
          "tests": [
            {
              "title": "Verifica se ao carregar a página deve ser possível pintar os pixels de preto",
              "fullTitle": "8 - Clicar em um pixel dentro do quadro após selecionar uma cor na paleta, faz com que o pixel seja preenchido com a cor selecionada. Verifica se ao carregar a página deve ser possível pintar os pixels de preto",
              "timedOut": null,
              "duration": 4258,
              "state": "failed",
              "speed": null,
              "pass": false,
              "fail": true,
              "pending": false,
              "context": null,
              "code": "cy.get('.pixel').each(function (pixel) {\n  cy.wrap(pixel).click().should('have.css', 'background-color', BLACK);\n});",
              "err": {
                "message": "CypressError: Timed out retrying: Expected to find element: '.pixel', but never found it.",
                "estack": "CypressError: Timed out retrying: Expected to find element: '.pixel', but never found it.\n    at cypressErr (http://localhost:37243/__cypress/runner/cypress_runner.js:149934:9)\n    at throwErr (http://localhost:37243/__cypress/runner/cypress_runner.js:149867:11)\n    at Object.throwErrByPath (http://localhost:37243/__cypress/runner/cypress_runner.js:149915:3)\n    at retry (http://localhost:37243/__cypress/runner/cypress_runner.js:144197:19)\n    at onFailFn (http://localhost:37243/__cypress/runner/cypress_runner.js:132448:16)\n    at tryCatcher (http://localhost:37243/__cypress/runner/cypress_runner.js:167415:23)\n    at Promise._settlePromiseFromHandler (http://localhost:37243/__cypress/runner/cypress_runner.js:165351:31)\n    at Promise._settlePromise (http://localhost:37243/__cypress/runner/cypress_runner.js:165408:18)\n    at Promise._settlePromise0 (http://localhost:37243/__cypress/runner/cypress_runner.js:165453:10)\n    at Promise._settlePromises (http://localhost:37243/__cypress/runner/cypress_runner.js:165528:18)\n    at Async../node_modules/bluebird/js/release/async.js.Async._drainQueue (http://localhost:37243/__cypress/runner/cypress_runner.js:162140:16)\n    at Async../node_modules/bluebird/js/release/async.js.Async._drainQueues (http://localhost:37243/__cypress/runner/cypress_runner.js:162150:10)\n    at Async.drainQueues (http://localhost:37243/__cypress/runner/cypress_runner.js:162024:14)",
                "diff": null
              },
              "uuid": "d469aa98-724a-4ccd-b1b9-84fe370e191a",
              "parentUUID": "8c1157e6-7af6-4831-bea3-b8e17fc06118",
              "isHook": false,
              "skipped": false
            },
            {
              "title": "Verifica se após selecionar uma outra cor na paleta, é possível pintar os pixels com essa cor",
              "fullTitle": "8 - Clicar em um pixel dentro do quadro após selecionar uma cor na paleta, faz com que o pixel seja preenchido com a cor selecionada. Verifica se após selecionar uma outra cor na paleta, é possível pintar os pixels com essa cor",
              "timedOut": null,
              "duration": 4284,
              "state": "failed",
              "speed": null,
              "pass": false,
              "fail": true,
              "pending": false,
              "context": null,
              "code": "cy.get('.color').each(function (color) {\n  var backgroundColor = color.css('background-color');\n  cy.wrap(color).click();\n  cy.get('.pixel').each(function (pixel) {\n    cy.wrap(pixel).click().should('have.css', 'background-color', backgroundColor);\n  });\n});",
              "err": {
                "message": "CypressError: Timed out retrying: Expected to find element: '.color', but never found it.",
                "estack": "CypressError: Timed out retrying: Expected to find element: '.color', but never found it.\n    at cypressErr (http://localhost:37243/__cypress/runner/cypress_runner.js:149934:9)\n    at throwErr (http://localhost:37243/__cypress/runner/cypress_runner.js:149867:11)\n    at Object.throwErrByPath (http://localhost:37243/__cypress/runner/cypress_runner.js:149915:3)\n    at retry (http://localhost:37243/__cypress/runner/cypress_runner.js:144197:19)\n    at onFailFn (http://localhost:37243/__cypress/runner/cypress_runner.js:132448:16)\n    at tryCatcher (http://localhost:37243/__cypress/runner/cypress_runner.js:167415:23)\n    at Promise._settlePromiseFromHandler (http://localhost:37243/__cypress/runner/cypress_runner.js:165351:31)\n    at Promise._settlePromise (http://localhost:37243/__cypress/runner/cypress_runner.js:165408:18)\n    at Promise._settlePromise0 (http://localhost:37243/__cypress/runner/cypress_runner.js:165453:10)\n    at Promise._settlePromises (http://localhost:37243/__cypress/runner/cypress_runner.js:165528:18)\n    at Async../node_modules/bluebird/js/release/async.js.Async._drainQueue (http://localhost:37243/__cypress/runner/cypress_runner.js:162140:16)\n    at Async../node_modules/bluebird/js/release/async.js.Async._drainQueues (http://localhost:37243/__cypress/runner/cypress_runner.js:162150:10)\n    at Async.drainQueues (http://localhost:37243/__cypress/runner/cypress_runner.js:162024:14)",
                "diff": null
              },
              "uuid": "edfb83a7-f944-4eb8-a97a-6fa1aff28430",
              "parentUUID": "8c1157e6-7af6-4831-bea3-b8e17fc06118",
              "isHook": false,
              "skipped": false
            },
            {
              "title": "Verifica se somente o pixel que foi clicado foi preenchido com a cor selecionada, sem influenciar na cor dos demais pixels.",
              "fullTitle": "8 - Clicar em um pixel dentro do quadro após selecionar uma cor na paleta, faz com que o pixel seja preenchido com a cor selecionada. Verifica se somente o pixel que foi clicado foi preenchido com a cor selecionada, sem influenciar na cor dos demais pixels.",
              "timedOut": null,
              "duration": 4224,
              "state": "failed",
              "speed": null,
              "pass": false,
              "fail": true,
              "pending": false,
              "context": null,
              "code": "var colorToPixelIndexMap = {\n  0: 6,\n  1: 8,\n  2: 16,\n  3: 18\n};\ncy.get('.color').each(function (color, index) {\n  cy.wrap(color).click();\n  var backgroundColor = color.css('background-color');\n  var clickedPixelIndex = colorToPixelIndexMap[index];\n  cy.get('.pixel').eq(clickedPixelIndex).click();\n  cy.get('.pixel').eq(clickedPixelIndex - 1).should('not.have.css', 'background-color', backgroundColor);\n  cy.get('.pixel').eq(clickedPixelIndex + 1).should('not.have.css', 'background-color', backgroundColor);\n  cy.get('.pixel').eq(clickedPixelIndex - 5).should('not.have.css', 'background-color', backgroundColor);\n  cy.get('.pixel').eq(clickedPixelIndex + 5).should('not.have.css', 'background-color', backgroundColor);\n  cy.get('.pixel').eq(clickedPixelIndex - 6).should('not.have.css', 'background-color', backgroundColor);\n  cy.get('.pixel').eq(clickedPixelIndex - 4).should('not.have.css', 'background-color', backgroundColor);\n  cy.get('.pixel').eq(clickedPixelIndex + 4).should('not.have.css', 'background-color', backgroundColor);\n  cy.get('.pixel').eq(clickedPixelIndex + 6).should('not.have.css', 'background-color', backgroundColor);\n});",
              "err": {
                "message": "CypressError: Timed out retrying: Expected to find element: '.color', but never found it.",
                "estack": "CypressError: Timed out retrying: Expected to find element: '.color', but never found it.\n    at cypressErr (http://localhost:37243/__cypress/runner/cypress_runner.js:149934:9)\n    at throwErr (http://localhost:37243/__cypress/runner/cypress_runner.js:149867:11)\n    at Object.throwErrByPath (http://localhost:37243/__cypress/runner/cypress_runner.js:149915:3)\n    at retry (http://localhost:37243/__cypress/runner/cypress_runner.js:144197:19)\n    at onFailFn (http://localhost:37243/__cypress/runner/cypress_runner.js:132448:16)\n    at tryCatcher (http://localhost:37243/__cypress/runner/cypress_runner.js:167415:23)\n    at Promise._settlePromiseFromHandler (http://localhost:37243/__cypress/runner/cypress_runner.js:165351:31)\n    at Promise._settlePromise (http://localhost:37243/__cypress/runner/cypress_runner.js:165408:18)\n    at Promise._settlePromise0 (http://localhost:37243/__cypress/runner/cypress_runner.js:165453:10)\n    at Promise._settlePromises (http://localhost:37243/__cypress/runner/cypress_runner.js:165528:18)\n    at Async../node_modules/bluebird/js/release/async.js.Async._drainQueue (http://localhost:37243/__cypress/runner/cypress_runner.js:162140:16)\n    at Async../node_modules/bluebird/js/release/async.js.Async._drainQueues (http://localhost:37243/__cypress/runner/cypress_runner.js:162150:10)\n    at Async.drainQueues (http://localhost:37243/__cypress/runner/cypress_runner.js:162024:14)",
                "diff": null
              },
              "uuid": "f5718895-678a-49e5-bedf-1abd8bb9214b",
              "parentUUID": "8c1157e6-7af6-4831-bea3-b8e17fc06118",
              "isHook": false,
              "skipped": false
            }
          ],
          "suites": [],
          "passes": [],
          "failures": [
            "d469aa98-724a-4ccd-b1b9-84fe370e191a",
            "edfb83a7-f944-4eb8-a97a-6fa1aff28430",
            "f5718895-678a-49e5-bedf-1abd8bb9214b"
          ],
          "pending": [],
          "skipped": [],
          "duration": 12766,
          "root": false,
          "rootEmpty": false,
          "_timeout": 2000
        },
        {
          "uuid": "70ce91f1-96f4-4bd7-9da9-9a40179faf71",
          "title": "9 - Crie um botão que, ao ser clicado, limpa o quadro preenchendo a cor de todos seus pixels com branco.",
          "fullFile": "",
          "file": "",
          "beforeHooks": [],
          "afterHooks": [],
          "tests": [
            {
              "title": "Verifica se o botão tem o `id` denominado `clear-board`",
              "fullTitle": "9 - Crie um botão que, ao ser clicado, limpa o quadro preenchendo a cor de todos seus pixels com branco. Verifica se o botão tem o `id` denominado `clear-board`",
              "timedOut": null,
              "duration": 4244,
              "state": "failed",
              "speed": null,
              "pass": false,
              "fail": true,
              "pending": false,
              "context": null,
              "code": "cy.get('#clear-board').should('be.visible');",
              "err": {
                "message": "CypressError: Timed out retrying: Expected to find element: '#clear-board', but never found it.",
                "estack": "CypressError: Timed out retrying: Expected to find element: '#clear-board', but never found it.\n    at cypressErr (http://localhost:37243/__cypress/runner/cypress_runner.js:149934:9)\n    at throwErr (http://localhost:37243/__cypress/runner/cypress_runner.js:149867:11)\n    at Object.throwErrByPath (http://localhost:37243/__cypress/runner/cypress_runner.js:149915:3)\n    at retry (http://localhost:37243/__cypress/runner/cypress_runner.js:144197:19)\n    at onFailFn (http://localhost:37243/__cypress/runner/cypress_runner.js:132448:16)\n    at tryCatcher (http://localhost:37243/__cypress/runner/cypress_runner.js:167415:23)\n    at Promise._settlePromiseFromHandler (http://localhost:37243/__cypress/runner/cypress_runner.js:165351:31)\n    at Promise._settlePromise (http://localhost:37243/__cypress/runner/cypress_runner.js:165408:18)\n    at Promise._settlePromise0 (http://localhost:37243/__cypress/runner/cypress_runner.js:165453:10)\n    at Promise._settlePromises (http://localhost:37243/__cypress/runner/cypress_runner.js:165528:18)\n    at Async../node_modules/bluebird/js/release/async.js.Async._drainQueue (http://localhost:37243/__cypress/runner/cypress_runner.js:162140:16)\n    at Async../node_modules/bluebird/js/release/async.js.Async._drainQueues (http://localhost:37243/__cypress/runner/cypress_runner.js:162150:10)\n    at Async.drainQueues (http://localhost:37243/__cypress/runner/cypress_runner.js:162024:14)",
                "diff": null
              },
              "uuid": "50c58286-a01f-415a-bbb5-7168454b1da2",
              "parentUUID": "70ce91f1-96f4-4bd7-9da9-9a40179faf71",
              "isHook": false,
              "skipped": false
            },
            {
              "title": "Verifica se o botão está posicionado entre a paleta de cores e o quadro de pixels",
              "fullTitle": "9 - Crie um botão que, ao ser clicado, limpa o quadro preenchendo a cor de todos seus pixels com branco. Verifica se o botão está posicionado entre a paleta de cores e o quadro de pixels",
              "timedOut": null,
              "duration": 4250,
              "state": "failed",
              "speed": null,
              "pass": false,
              "fail": true,
              "pending": false,
              "context": null,
              "code": "cy.get('#color-palette').then(function (palette) {\n  cy.get('#clear-board').should('be.belowOf', palette);\n});\ncy.get('#clear-board').then(function (clearBtn) {\n  cy.get('#pixel-board').should('be.belowOf', clearBtn);\n});",
              "err": {
                "message": "CypressError: Timed out retrying: Expected to find element: '#color-palette', but never found it.",
                "estack": "CypressError: Timed out retrying: Expected to find element: '#color-palette', but never found it.\n    at cypressErr (http://localhost:37243/__cypress/runner/cypress_runner.js:149934:9)\n    at throwErr (http://localhost:37243/__cypress/runner/cypress_runner.js:149867:11)\n    at Object.throwErrByPath (http://localhost:37243/__cypress/runner/cypress_runner.js:149915:3)\n    at retry (http://localhost:37243/__cypress/runner/cypress_runner.js:144197:19)\n    at onFailFn (http://localhost:37243/__cypress/runner/cypress_runner.js:132448:16)\n    at tryCatcher (http://localhost:37243/__cypress/runner/cypress_runner.js:167415:23)\n    at Promise._settlePromiseFromHandler (http://localhost:37243/__cypress/runner/cypress_runner.js:165351:31)\n    at Promise._settlePromise (http://localhost:37243/__cypress/runner/cypress_runner.js:165408:18)\n    at Promise._settlePromise0 (http://localhost:37243/__cypress/runner/cypress_runner.js:165453:10)\n    at Promise._settlePromises (http://localhost:37243/__cypress/runner/cypress_runner.js:165528:18)\n    at Async../node_modules/bluebird/js/release/async.js.Async._drainQueue (http://localhost:37243/__cypress/runner/cypress_runner.js:162140:16)\n    at Async../node_modules/bluebird/js/release/async.js.Async._drainQueues (http://localhost:37243/__cypress/runner/cypress_runner.js:162150:10)\n    at Async.drainQueues (http://localhost:37243/__cypress/runner/cypress_runner.js:162024:14)",
                "diff": null
              },
              "uuid": "061158fc-68e4-4134-8bcc-d95169f27252",
              "parentUUID": "70ce91f1-96f4-4bd7-9da9-9a40179faf71",
              "isHook": false,
              "skipped": false
            },
            {
              "title": "Verifica se o texto do botão é 'Limpar'",
              "fullTitle": "9 - Crie um botão que, ao ser clicado, limpa o quadro preenchendo a cor de todos seus pixels com branco. Verifica se o texto do botão é 'Limpar'",
              "timedOut": null,
              "duration": 4233,
              "state": "failed",
              "speed": null,
              "pass": false,
              "fail": true,
              "pending": false,
              "context": null,
              "code": "cy.get('#clear-board').should('contain.text', 'Limpar');",
              "err": {
                "message": "CypressError: Timed out retrying: Expected to find element: '#clear-board', but never found it.",
                "estack": "CypressError: Timed out retrying: Expected to find element: '#clear-board', but never found it.\n    at cypressErr (http://localhost:37243/__cypress/runner/cypress_runner.js:149934:9)\n    at throwErr (http://localhost:37243/__cypress/runner/cypress_runner.js:149867:11)\n    at Object.throwErrByPath (http://localhost:37243/__cypress/runner/cypress_runner.js:149915:3)\n    at retry (http://localhost:37243/__cypress/runner/cypress_runner.js:144197:19)\n    at onFailFn (http://localhost:37243/__cypress/runner/cypress_runner.js:132448:16)\n    at tryCatcher (http://localhost:37243/__cypress/runner/cypress_runner.js:167415:23)\n    at Promise._settlePromiseFromHandler (http://localhost:37243/__cypress/runner/cypress_runner.js:165351:31)\n    at Promise._settlePromise (http://localhost:37243/__cypress/runner/cypress_runner.js:165408:18)\n    at Promise._settlePromise0 (http://localhost:37243/__cypress/runner/cypress_runner.js:165453:10)\n    at Promise._settlePromises (http://localhost:37243/__cypress/runner/cypress_runner.js:165528:18)\n    at Async../node_modules/bluebird/js/release/async.js.Async._drainQueue (http://localhost:37243/__cypress/runner/cypress_runner.js:162140:16)\n    at Async../node_modules/bluebird/js/release/async.js.Async._drainQueues (http://localhost:37243/__cypress/runner/cypress_runner.js:162150:10)\n    at Async.drainQueues (http://localhost:37243/__cypress/runner/cypress_runner.js:162024:14)",
                "diff": null
              },
              "uuid": "0bd43e7f-9e20-42c0-abbf-761fc804ed55",
              "parentUUID": "70ce91f1-96f4-4bd7-9da9-9a40179faf71",
              "isHook": false,
              "skipped": false
            },
            {
              "title": "Verifica se ao clicar no botão, o quadro de pixels é totalmente preenchido de branco",
              "fullTitle": "9 - Crie um botão que, ao ser clicado, limpa o quadro preenchendo a cor de todos seus pixels com branco. Verifica se ao clicar no botão, o quadro de pixels é totalmente preenchido de branco",
              "timedOut": null,
              "duration": 4222,
              "state": "failed",
              "speed": null,
              "pass": false,
              "fail": true,
              "pending": false,
              "context": null,
              "code": "cy.get('.color').eq(1).then(function (color) {\n  var backgroundColor = color.css('background-color');\n  cy.wrap(color).click();\n  cy.get('.pixel').each(function (pixel) {\n    cy.wrap(pixel).click().should('have.css', 'background-color', backgroundColor);\n  });\n});\ncy.get('#clear-board').click();\ncy.get('.pixel').each(function (pixel) {\n  cy.wrap(pixel).should('have.css', 'background-color', WHITE);\n});",
              "err": {
                "message": "CypressError: Timed out retrying: Expected to find element: '.color', but never found it.",
                "estack": "CypressError: Timed out retrying: Expected to find element: '.color', but never found it.\n    at cypressErr (http://localhost:37243/__cypress/runner/cypress_runner.js:149934:9)\n    at throwErr (http://localhost:37243/__cypress/runner/cypress_runner.js:149867:11)\n    at Object.throwErrByPath (http://localhost:37243/__cypress/runner/cypress_runner.js:149915:3)\n    at retry (http://localhost:37243/__cypress/runner/cypress_runner.js:144197:19)\n    at onFailFn (http://localhost:37243/__cypress/runner/cypress_runner.js:132448:16)\n    at tryCatcher (http://localhost:37243/__cypress/runner/cypress_runner.js:167415:23)\n    at Promise._settlePromiseFromHandler (http://localhost:37243/__cypress/runner/cypress_runner.js:165351:31)\n    at Promise._settlePromise (http://localhost:37243/__cypress/runner/cypress_runner.js:165408:18)\n    at Promise._settlePromise0 (http://localhost:37243/__cypress/runner/cypress_runner.js:165453:10)\n    at Promise._settlePromises (http://localhost:37243/__cypress/runner/cypress_runner.js:165528:18)\n    at Async../node_modules/bluebird/js/release/async.js.Async._drainQueue (http://localhost:37243/__cypress/runner/cypress_runner.js:162140:16)\n    at Async../node_modules/bluebird/js/release/async.js.Async._drainQueues (http://localhost:37243/__cypress/runner/cypress_runner.js:162150:10)\n    at Async.drainQueues (http://localhost:37243/__cypress/runner/cypress_runner.js:162024:14)",
                "diff": null
              },
              "uuid": "87ba0fd1-0c6b-4a94-9320-38d79998ec35",
              "parentUUID": "70ce91f1-96f4-4bd7-9da9-9a40179faf71",
              "isHook": false,
              "skipped": false
            }
          ],
          "suites": [],
          "passes": [],
          "failures": [
            "50c58286-a01f-415a-bbb5-7168454b1da2",
            "061158fc-68e4-4134-8bcc-d95169f27252",
            "0bd43e7f-9e20-42c0-abbf-761fc804ed55",
            "87ba0fd1-0c6b-4a94-9320-38d79998ec35"
          ],
          "pending": [],
[...]
                "diff": null
              },
              "uuid": "afa7b5fb-f9e9-4fb4-8df0-ba1a5bcabccc",
              "parentUUID": "ab4943f1-77d5-4435-a4eb-5c09b30a7d7a",
              "isHook": false,
              "skipped": false
            },
            {
              "title": "Verifica se o novo quadro tem todos os pixels preenchidos com a cor branca",
              "fullTitle": "10 - Faça o quadro de pixels ter seu tamanho definido pelo usuário. Verifica se o novo quadro tem todos os pixels preenchidos com a cor branca",
              "timedOut": null,
              "duration": 4281,
              "state": "failed",
              "speed": null,
              "pass": false,
              "fail": true,
              "pending": false,
              "context": null,
              "code": "cy.get('#board-size').clear().type(6);\ncy.get('#generate-board').click();\ncy.get('.pixel').should('have.length', 36).each(function (pixel) {\n  expect(pixel).to.have.css('background-color', WHITE);\n});",
              "err": {
                "message": "CypressError: Timed out retrying: Expected to find element: '#board-size', but never found it.",
                "estack": "CypressError: Timed out retrying: Expected to find element: '#board-size', but never found it.\n    at cypressErr (http://localhost:37243/__cypress/runner/cypress_runner.js:149934:9)\n    at throwErr (http://localhost:37243/__cypress/runner/cypress_runner.js:149867:11)\n    at Object.throwErrByPath (http://localhost:37243/__cypress/runner/cypress_runner.js:149915:3)\n    at retry (http://localhost:37243/__cypress/runner/cypress_runner.js:144197:19)\n    at onFailFn (http://localhost:37243/__cypress/runner/cypress_runner.js:132448:16)\n    at tryCatcher (http://localhost:37243/__cypress/runner/cypress_runner.js:167415:23)\n    at Promise._settlePromiseFromHandler (http://localhost:37243/__cypress/runner/cypress_runner.js:165351:31)\n    at Promise._settlePromise (http://localhost:37243/__cypress/runner/cypress_runner.js:165408:18)\n    at Promise._settlePromise0 (http://localhost:37243/__cypress/runner/cypress_runner.js:165453:10)\n    at Promise._settlePromises (http://localhost:37243/__cypress/runner/cypress_runner.js:165528:18)\n    at Async../node_modules/bluebird/js/release/async.js.Async._drainQueue (http://localhost:37243/__cypress/runner/cypress_runner.js:162140:16)\n    at Async../node_modules/bluebird/js/release/async.js.Async._drainQueues (http://localhost:37243/__cypress/runner/cypress_runner.js:162150:10)\n    at Async.drainQueues (http://localhost:37243/__cypress/runner/cypress_runner.js:162024:14)",
                "diff": null
              },
              "uuid": "181d709e-a57b-4e90-a734-daa452f36818",
              "parentUUID": "ab4943f1-77d5-4435-a4eb-5c09b30a7d7a",
              "isHook": false,
              "skipped": false
            }
          ],
          "suites": [],
          "passes": [],
          "failures": [
            "8e34f8fc-f44b-4f59-82b1-9da445881554",
            "580ff11a-9f26-4398-a08e-f5d15846fc11",
            "3f0c2b6e-fe05-4779-914b-1397f7e76b7b",
            "dc1da3cd-2593-4f52-90af-1d83ff72da5f",
            "7a5f8f1d-99a3-416f-91f4-f4f5828d7dbe",
            "7b544761-dae3-47f0-b747-c1b169f1b4ac",
            "21757480-35af-484a-b698-ecb3dbcbd355",
            "afa7b5fb-f9e9-4fb4-8df0-ba1a5bcabccc",
            "181d709e-a57b-4e90-a734-daa452f36818"
          ],
          "pending": [],
          "skipped": [],
          "duration": 38506,
          "root": false,
          "rootEmpty": false,
          "_timeout": 2000
        },
        {
          "uuid": "a8a85240-cac6-4f7d-a750-d44e85d331eb",
          "title": "11 - Limite o tamanho mínimo e máximo do board.",
          "fullFile": "",
          "file": "",
          "beforeHooks": [],
          "afterHooks": [],
          "tests": [
            {
              "title": "Verifica se a altura máxima do board é 50",
              "fullTitle": "11 - Limite o tamanho mínimo e máximo do board. Verifica se a altura máxima do board é 50",
              "timedOut": null,
              "duration": 4267,
              "state": "failed",
              "speed": null,
              "pass": false,
              "fail": true,
              "pending": false,
              "context": null,
              "code": "cy.get('#board-size').clear().type(50);\ncy.get('#generate-board').click();\ncy.get('.pixel').should('have.length', 2500);",
              "err": {
                "message": "CypressError: Timed out retrying: Expected to find element: '#board-size', but never found it.",
                "estack": "CypressError: Timed out retrying: Expected to find element: '#board-size', but never found it.\n    at cypressErr (http://localhost:37243/__cypress/runner/cypress_runner.js:149934:9)\n    at throwErr (http://localhost:37243/__cypress/runner/cypress_runner.js:149867:11)\n    at Object.throwErrByPath (http://localhost:37243/__cypress/runner/cypress_runner.js:149915:3)\n    at retry (http://localhost:37243/__cypress/runner/cypress_runner.js:144197:19)\n    at onFailFn (http://localhost:37243/__cypress/runner/cypress_runner.js:132448:16)\n    at tryCatcher (http://localhost:37243/__cypress/runner/cypress_runner.js:167415:23)\n    at Promise._settlePromiseFromHandler (http://localhost:37243/__cypress/runner/cypress_runner.js:165351:31)\n    at Promise._settlePromise (http://localhost:37243/__cypress/runner/cypress_runner.js:165408:18)\n    at Promise._settlePromise0 (http://localhost:37243/__cypress/runner/cypress_runner.js:165453:10)\n    at Promise._settlePromises (http://localhost:37243/__cypress/runner/cypress_runner.js:165528:18)\n    at Async../node_modules/bluebird/js/release/async.js.Async._drainQueue (http://localhost:37243/__cypress/runner/cypress_runner.js:162140:16)\n    at Async../node_modules/bluebird/js/release/async.js.Async._drainQueues (http://localhost:37243/__cypress/runner/cypress_runner.js:162150:10)\n    at Async.drainQueues (http://localhost:37243/__cypress/runner/cypress_runner.js:162024:14)",
                "diff": null
              },
              "uuid": "42b9630a-bbdf-4f27-b2aa-af7137deb365",
              "parentUUID": "a8a85240-cac6-4f7d-a750-d44e85d331eb",
              "isHook": false,
              "skipped": false
            },
            {
              "title": "Verifica se a altura do board é 5 quando um valor menor é colocado no input",
              "fullTitle": "11 - Limite o tamanho mínimo e máximo do board. Verifica se a altura do board é 5 quando um valor menor é colocado no input",
              "timedOut": null,
              "duration": 4399,
              "state": "failed",
              "speed": null,
              "pass": false,
              "fail": true,
              "pending": false,
              "context": null,
              "code": "cy.get('#board-size').clear().type(4);\ncy.get('#generate-board').click();\ncy.get('.pixel').should('have.length', 25);",
              "err": {
                "message": "CypressError: Timed out retrying: Expected to find element: '#board-size', but never found it.",
                "estack": "CypressError: Timed out retrying: Expected to find element: '#board-size', but never found it.\n    at cypressErr (http://localhost:37243/__cypress/runner/cypress_runner.js:149934:9)\n    at throwErr (http://localhost:37243/__cypress/runner/cypress_runner.js:149867:11)\n    at Object.throwErrByPath (http://localhost:37243/__cypress/runner/cypress_runner.js:149915:3)\n    at retry (http://localhost:37243/__cypress/runner/cypress_runner.js:144197:19)\n    at onFailFn (http://localhost:37243/__cypress/runner/cypress_runner.js:132448:16)\n    at tryCatcher (http://localhost:37243/__cypress/runner/cypress_runner.js:167415:23)\n    at Promise._settlePromiseFromHandler (http://localhost:37243/__cypress/runner/cypress_runner.js:165351:31)\n    at Promise._settlePromise (http://localhost:37243/__cypress/runner/cypress_runner.js:165408:18)\n    at Promise._settlePromise0 (http://localhost:37243/__cypress/runner/cypress_runner.js:165453:10)\n    at Promise._settlePromises (http://localhost:37243/__cypress/runner/cypress_runner.js:165528:18)\n    at Async../node_modules/bluebird/js/release/async.js.Async._drainQueue (http://localhost:37243/__cypress/runner/cypress_runner.js:162140:16)\n    at Async../node_modules/bluebird/js/release/async.js.Async._drainQueues (http://localhost:37243/__cypress/runner/cypress_runner.js:162150:10)\n    at Async.drainQueues (http://localhost:37243/__cypress/runner/cypress_runner.js:162024:14)",
                "diff": null
              },
              "uuid": "9d38ea75-f84b-49f8-99b5-d861f9c4b92b",
              "parentUUID": "a8a85240-cac6-4f7d-a750-d44e85d331eb",
              "isHook": false,
              "skipped": false
            },
            {
              "title": "Verifica se a altura do board é 50 quando um valor maior é colocado no input",
              "fullTitle": "11 - Limite o tamanho mínimo e máximo do board. Verifica se a altura do board é 50 quando um valor maior é colocado no input",
              "timedOut": null,
              "duration": 4296,
              "state": "failed",
              "speed": null,
              "pass": false,
              "fail": true,
              "pending": false,
              "context": null,
              "code": "cy.get('#board-size').clear().type(51);\ncy.get('#generate-board').click();\ncy.get('.pixel').should('have.length', 2500);",
              "err": {
                "message": "CypressError: Timed out retrying: Expected to find element: '#board-size', but never found it.",
                "estack": "CypressError: Timed out retrying: Expected to find element: '#board-size', but never found it.\n    at cypressErr (http://localhost:37243/__cypress/runner/cypress_runner.js:149934:9)\n    at throwErr (http://localhost:37243/__cypress/runner/cypress_runner.js:149867:11)\n    at Object.throwErrByPath (http://localhost:37243/__cypress/runner/cypress_runner.js:149915:3)\n    at retry (http://localhost:37243/__cypress/runner/cypress_runner.js:144197:19)\n    at onFailFn (http://localhost:37243/__cypress/runner/cypress_runner.js:132448:16)\n    at tryCatcher (http://localhost:37243/__cypress/runner/cypress_runner.js:167415:23)\n    at Promise._settlePromiseFromHandler (http://localhost:37243/__cypress/runner/cypress_runner.js:165351:31)\n    at Promise._settlePromise (http://localhost:37243/__cypress/runner/cypress_runner.js:165408:18)\n    at Promise._settlePromise0 (http://localhost:37243/__cypress/runner/cypress_runner.js:165453:10)\n    at Promise._settlePromises (http://localhost:37243/__cypress/runner/cypress_runner.js:165528:18)\n    at Async../node_modules/bluebird/js/release/async.js.Async._drainQueue (http://localhost:37243/__cypress/runner/cypress_runner.js:162140:16)\n    at Async../node_modules/bluebird/js/release/async.js.Async._drainQueues (http://localhost:37243/__cypress/runner/cypress_runner.js:162150:10)\n    at Async.drainQueues (http://localhost:37243/__cypress/runner/cypress_runner.js:162024:14)",
                "diff": null
              },
              "uuid": "94073d4e-775f-4a02-b997-f50f1f763488",
              "parentUUID": "a8a85240-cac6-4f7d-a750-d44e85d331eb",
              "isHook": false,
              "skipped": false
            }
          ],
          "suites": [],
          "passes": [],
          "failures": [
            "42b9630a-bbdf-4f27-b2aa-af7137deb365",
            "9d38ea75-f84b-49f8-99b5-d861f9c4b92b",
            "94073d4e-775f-4a02-b997-f50f1f763488"
          ],
          "pending": [],
          "skipped": [],
          "duration": 12962,
          "root": false,
          "rootEmpty": false,
          "_timeout": 2000
        },
        {
          "uuid": "27f9ad17-7515-40b6-bb92-7655c79c8e7d",
          "title": "12 - Faça com que as cores da paleta sejam geradas aleatoriamente ao carregar a página.",
          "fullFile": "",
          "file": "",
          "beforeHooks": [],
          "afterHooks": [],
          "tests": [
            {
              "title": "Verifica se as cores geradas na paleta são diferentes a cada carregamento da página",
              "fullTitle": "12 - Faça com que as cores da paleta sejam geradas aleatoriamente ao carregar a página. Verifica se as cores geradas na paleta são diferentes a cada carregamento da página",
              "timedOut": null,
              "duration": 4233,
              "state": "failed",
              "speed": null,
              "pass": false,
              "fail": true,
              "pending": false,
              "context": null,
              "code": "cy.get('.color').then(function (colors) {\n  var currentColors;\n  var previousColors;\n  previousColors = Array.from(colors).map(function (color) {\n    return Cypress.$(color).css('background-color');\n  });\n  for (var i = 0; i < 5; i += 1) {\n    cy.reload();\n    cy.get('.color').then(function (colors) {\n      currentColors = Array.from(colors).map(function (color) {\n        return Cypress.$(color).css('background-color');\n      });\n      expect(currentColors).not.to.deep.equal(previousColors);\n      previousColors = currentColors;\n    });\n  }\n});",
              "err": {
                "message": "CypressError: Timed out retrying: Expected to find element: '.color', but never found it.",
                "estack": "CypressError: Timed out retrying: Expected to find element: '.color', but never found it.\n    at cypressErr (http://localhost:37243/__cypress/runner/cypress_runner.js:149934:9)\n    at throwErr (http://localhost:37243/__cypress/runner/cypress_runner.js:149867:11)\n    at Object.throwErrByPath (http://localhost:37243/__cypress/runner/cypress_runner.js:149915:3)\n    at retry (http://localhost:37243/__cypress/runner/cypress_runner.js:144197:19)\n    at onFailFn (http://localhost:37243/__cypress/runner/cypress_runner.js:132448:16)\n    at tryCatcher (http://localhost:37243/__cypress/runner/cypress_runner.js:167415:23)\n    at Promise._settlePromiseFromHandler (http://localhost:37243/__cypress/runner/cypress_runner.js:165351:31)\n    at Promise._settlePromise (http://localhost:37243/__cypress/runner/cypress_runner.js:165408:18)\n    at Promise._settlePromise0 (http://localhost:37243/__cypress/runner/cypress_runner.js:165453:10)\n    at Promise._settlePromises (http://localhost:37243/__cypress/runner/cypress_runner.js:165528:18)\n    at Async../node_modules/bluebird/js/release/async.js.Async._drainQueue (http://localhost:37243/__cypress/runner/cypress_runner.js:162140:16)\n    at Async../node_modules/bluebird/js/release/async.js.Async._drainQueues (http://localhost:37243/__cypress/runner/cypress_runner.js:162150:10)\n    at Async.drainQueues (http://localhost:37243/__cypress/runner/cypress_runner.js:162024:14)",
                "diff": null
              },
              "uuid": "3c172075-70b6-4bb9-bcd6-fbc0ae23fdc8",
              "parentUUID": "27f9ad17-7515-40b6-bb92-7655c79c8e7d",
              "isHook": false,
              "skipped": false
            },
            {
              "title": "Verifica se a cor preta ainda está presente e é a primeira na sua paleta de cores",
              "fullTitle": "12 - Faça com que as cores da paleta sejam geradas aleatoriamente ao carregar a página. Verifica se a cor preta ainda está presente e é a primeira na sua paleta de cores",
              "timedOut": null,
              "duration": 4328,
              "state": "failed",
              "speed": null,
              "pass": false,
              "fail": true,
              "pending": false,
              "context": null,
              "code": "cy.get('.color').then(function (colors) {\n  var currentColors;\n  var previousColors;\n  previousColors = Array.from(colors).map(function (color) {\n    return Cypress.$(color).css('background-color');\n  });\n  expect(previousColors[0]).to.eq(BLACK);\n  for (var i = 0; i < 5; i += 1) {\n    cy.reload();\n    cy.get('.color').then(function (colors) {\n      currentColors = Array.from(colors).map(function (color) {\n        return Cypress.$(color).css('background-color');\n      });\n      expect(currentColors[0]).to.eq(BLACK);\n      expect(currentColors).not.to.deep.equal(previousColors);\n      previousColors = currentColors;\n    });\n  }\n});",
              "err": {
                "message": "CypressError: Timed out retrying: Expected to find element: '.color', but never found it.",
                "estack": "CypressError: Timed out retrying: Expected to find element: '.color', but never found it.\n    at cypressErr (http://localhost:37243/__cypress/runner/cypress_runner.js:149934:9)\n    at throwErr (http://localhost:37243/__cypress/runner/cypress_runner.js:149867:11)\n    at Object.throwErrByPath (http://localhost:37243/__cypress/runner/cypress_runner.js:149915:3)\n    at retry (http://localhost:37243/__cypress/runner/cypress_runner.js:144197:19)\n    at onFailFn (http://localhost:37243/__cypress/runner/cypress_runner.js:132448:16)\n    at tryCatcher (http://localhost:37243/__cypress/runner/cypress_runner.js:167415:23)\n    at Promise._settlePromiseFromHandler (http://localhost:37243/__cypress/runner/cypress_runner.js:165351:31)\n    at Promise._settlePromise (http://localhost:37243/__cypress/runner/cypress_runner.js:165408:18)\n    at Promise._settlePromise0 (http://localhost:37243/__cypress/runner/cypress_runner.js:165453:10)\n    at Promise._settlePromises (http://localhost:37243/__cypress/runner/cypress_runner.js:165528:18)\n    at Async../node_modules/bluebird/js/release/async.js.Async._drainQueue (http://localhost:37243/__cypress/runner/cypress_runner.js:162140:16)\n    at Async../node_modules/bluebird/js/release/async.js.Async._drainQueues (http://localhost:37243/__cypress/runner/cypress_runner.js:162150:10)\n    at Async.drainQueues (http://localhost:37243/__cypress/runner/cypress_runner.js:162024:14)",
                "diff": null
              },
              "uuid": "4c9b05e2-2a29-4de5-abab-40ceaf465be2",
              "parentUUID": "27f9ad17-7515-40b6-bb92-7655c79c8e7d",
              "isHook": false,
              "skipped": false
            }
          ],
          "suites": [],
          "passes": [],
          "failures": [
            "3c172075-70b6-4bb9-bcd6-fbc0ae23fdc8",
            "4c9b05e2-2a29-4de5-abab-40ceaf465be2"
          ],
          "pending": [],
          "skipped": [],
          "duration": 8561,
          "root": false,
          "rootEmpty": false,
          "_timeout": 2000
        }
      ],
      "passes": [],
      "failures": [],
      "pending": [],
      "skipped": [],
      "duration": 0,
      "root": true,
      "rootEmpty": true,
      "_timeout": 2000
    }
  ],
  "meta": {
    "mocha": {
      "version": "7.0.1"
    },
    "mochawesome": {
      "options": {
        "quiet": false,
        "reportFilename": "mochawesome",
        "saveHtml": false,
        "saveJson": true,
        "consoleReporter": "spec",
        "useInlineDiffs": false
      },
      "version": "4.1.0"
    },
    "marge": {
      "options": {
        "id": "default",
        "reportDir": "cypress/reports",
        "overwrite": true,
        "html": false,
        "json": true
      },
      "version": "4.1.0"
    }
  }
}