{
  "stats": {
    "suites": 12,
    "tests": 41,
    "passes": 23,
    "pending": 0,
    "failures": 18,
    "start": "2021-08-16T15:00:01.463Z",
    "end": "2021-08-16T15:01:37.564Z",
    "duration": 96101,
    "testsRegistered": 41,
    "passPercent": 56.09756097560976,
    "pendingPercent": 0,
    "other": 0,
    "hasOther": false,
    "skipped": 0,
    "hasSkipped": false
  },
  "results": [
    {
      "uuid": "d69c5763-84d1-4ff8-be34-c8de0eb9d463",
      "title": "",
      "fullFile": "cypress/integration/project.spec.js",
      "file": "cypress/integration/project.spec.js",
      "beforeHooks": [],
      "afterHooks": [],
      "tests": [],
      "suites": [
        {
          "uuid": "f81b3ebb-6e17-4880-86b7-10944e344d46",
          "title": "1 - Adicione à página o título \"Paleta de Cores\".",
          "fullFile": "",
          "file": "",
          "beforeHooks": [],
          "afterHooks": [],
          "tests": [
            {
              "title": "Verifica se contém um elemento `h1` com o id `title` com o título correto",
              "fullTitle": "1 - Adicione à página o título \"Paleta de Cores\". Verifica se contém um elemento `h1` com o id `title` com o título correto",
              "timedOut": null,
              "duration": 246,
              "state": "passed",
              "speed": "slow",
              "pass": true,
              "fail": false,
              "pending": false,
              "context": null,
              "code": "cy.get('h1#title').should('contain.text', 'Paleta de Cores');",
              "err": {},
              "uuid": "b362cee9-547e-4a0f-9062-de6e62a64426",
              "parentUUID": "f81b3ebb-6e17-4880-86b7-10944e344d46",
              "isHook": false,
              "skipped": false
            }
          ],
          "suites": [],
          "passes": [
            "b362cee9-547e-4a0f-9062-de6e62a64426"
          ],
          "failures": [],
          "pending": [],
          "skipped": [],
          "duration": 246,
          "root": false,
          "rootEmpty": false,
          "_timeout": 2000
        },
        {
          "uuid": "487d7b2b-76b5-458f-915f-9e970022630c",
          "title": "2 - Adicione à página uma paleta de quatro cores distintas.",
          "fullFile": "",
          "file": "",
          "beforeHooks": [],
          "afterHooks": [],
          "tests": [
            {
              "title": "A paleta de cores deve ser um elemento com `id` denominado `color-palette`",
              "fullTitle": "2 - Adicione à página uma paleta de quatro cores distintas. A paleta de cores deve ser um elemento com `id` denominado `color-palette`",
              "timedOut": null,
              "duration": 109,
              "state": "passed",
              "speed": "slow",
              "pass": true,
              "fail": false,
              "pending": false,
              "context": null,
              "code": "cy.get('#color-palette').should('be.visible');",
              "err": {},
              "uuid": "3437b67d-f5f3-43cb-82b9-0289251eab71",
              "parentUUID": "487d7b2b-76b5-458f-915f-9e970022630c",
              "isHook": false,
              "skipped": false
            },
            {
              "title": "Verifica se cada cor individual da paleta de cores possui a `classe` chamada `color`.",
              "fullTitle": "2 - Adicione à página uma paleta de quatro cores distintas. Verifica se cada cor individual da paleta de cores possui a `classe` chamada `color`.",
              "timedOut": null,
              "duration": 193,
              "state": "passed",
              "speed": "slow",
              "pass": true,
              "fail": false,
              "pending": false,
              "context": null,
              "code": "cy.get('.color').should('have.length', 4).then(function (colors) {\n  for (var i = 0; i < colors.length; i++) {\n    cy.wrap(colors[i]).should('be.visible');\n  }\n});",
              "err": {},
              "uuid": "1e996585-923e-484e-a766-4a1d4f5296b3",
              "parentUUID": "487d7b2b-76b5-458f-915f-9e970022630c",
              "isHook": false,
              "skipped": false
            },
            {
              "title": "Verifica se a cor de fundo de cada elemento da paleta é a cor que o elemento representa. **A única cor não permitida na paleta é a cor branca.**",
              "fullTitle": "2 - Adicione à página uma paleta de quatro cores distintas. Verifica se a cor de fundo de cada elemento da paleta é a cor que o elemento representa. **A única cor não permitida na paleta é a cor branca.**",
              "timedOut": null,
              "duration": 196,
              "state": "passed",
              "speed": "slow",
              "pass": true,
              "fail": false,
              "pending": false,
              "context": null,
              "code": "cy.get('.color').each(function (color) {\n  cy.wrap(color).should('have.class', 'color').and('not.have.css', 'background-color', WHITE);\n  cy.wrap(color).should('have.css', 'background-color');\n});",
              "err": {},
              "uuid": "cd74b5b5-ad06-42c6-9b44-a1d5b1466081",
              "parentUUID": "487d7b2b-76b5-458f-915f-9e970022630c",
              "isHook": false,
              "skipped": false
            },
            {
              "title": "Verifica se cada elemento da paleta de cores tem uma borda preta, sólida e com 1 pixel de largura;",
              "fullTitle": "2 - Adicione à página uma paleta de quatro cores distintas. Verifica se cada elemento da paleta de cores tem uma borda preta, sólida e com 1 pixel de largura;",
              "timedOut": null,
              "duration": 217,
              "state": "passed",
              "speed": "slow",
              "pass": true,
              "fail": false,
              "pending": false,
              "context": null,
              "code": "cy.get('.color').each(function (color) {\n  cy.wrap(color).and('have.css', 'border', \"1px solid \".concat(BLACK)).and('have.class', 'color');\n});",
              "err": {},
              "uuid": "01f5a25c-f759-40a4-8b19-bd26e9c9ea31",
              "parentUUID": "487d7b2b-76b5-458f-915f-9e970022630c",
              "isHook": false,
              "skipped": false
            },
            {
              "title": "Verifica se a paleta lista todas as cores disponíveis para utilização, lado a lado.",
              "fullTitle": "2 - Adicione à página uma paleta de quatro cores distintas. Verifica se a paleta lista todas as cores disponíveis para utilização, lado a lado.",
              "timedOut": null,
              "duration": 155,
              "state": "passed",
              "speed": "slow",
              "pass": true,
              "fail": false,
              "pending": false,
              "context": null,
              "code": "cy.get('.color').then(function (colors) {\n  for (var index = 1; index < colors.length; index += 1) {\n    var currentColor = colors[index];\n    var previousColor = colors[index - 1];\n    cy.wrap(currentColor).should('be.onTheRightOf', previousColor).and('be.horizontallyAlignedWith', previousColor);\n  }\n});",
              "err": {},
              "uuid": "289ca899-5aff-41cf-9356-2ceaa5628b44",
              "parentUUID": "487d7b2b-76b5-458f-915f-9e970022630c",
              "isHook": false,
              "skipped": false
            },
            {
              "title": "Verifica se a paleta de cores está posicionada abaixo do título 'Paleta de Cores'",
              "fullTitle": "2 - Adicione à página uma paleta de quatro cores distintas. Verifica se a paleta de cores está posicionada abaixo do título 'Paleta de Cores'",
              "timedOut": null,
              "duration": 132,
              "state": "passed",
              "speed": "slow",
              "pass": true,
              "fail": false,
              "pending": false,
              "context": null,
              "code": "cy.get('h1#title').then(function (title) {\n  cy.get('#color-palette').should('be.belowOf', title);\n});",
              "err": {},
              "uuid": "b9ae1a07-ba64-47f9-bfe1-f7cb6751cbd9",
              "parentUUID": "487d7b2b-76b5-458f-915f-9e970022630c",
              "isHook": false,
              "skipped": false
            },
            {
              "title": "Verifica se a paleta de cores não contém cores repetidas.",
              "fullTitle": "2 - Adicione à página uma paleta de quatro cores distintas. Verifica se a paleta de cores não contém cores repetidas.",
              "timedOut": null,
              "duration": 114,
              "state": "passed",
              "speed": "slow",
              "pass": true,
              "fail": false,
              "pending": false,
              "context": null,
              "code": "cy.get('.color').then(function (colors) {\n  var allColors = Array.from(colors).map(function (color) {\n    return Cypress.$(color).css('background-color');\n  });\n  cy.log(allColors);\n  var uniqColors = (0, _toConsumableArray2[\"default\"])(new Set(allColors));\n  cy.log(uniqColors);\n  expect(allColors.length).to.eq(uniqColors.length);\n});",
              "err": {},
              "uuid": "aa165e0c-52f4-491b-8a85-038ad7253a15",
              "parentUUID": "487d7b2b-76b5-458f-915f-9e970022630c",
              "isHook": false,
              "skipped": false
            }
          ],
          "suites": [],
          "passes": [
            "3437b67d-f5f3-43cb-82b9-0289251eab71",
            "1e996585-923e-484e-a766-4a1d4f5296b3",
            "cd74b5b5-ad06-42c6-9b44-a1d5b1466081",
            "01f5a25c-f759-40a4-8b19-bd26e9c9ea31",
            "289ca899-5aff-41cf-9356-2ceaa5628b44",
            "b9ae1a07-ba64-47f9-bfe1-f7cb6751cbd9",
            "aa165e0c-52f4-491b-8a85-038ad7253a15"
          ],
          "failures": [],
          "pending": [],
          "skipped": [],
          "duration": 1116,
          "root": false,
          "rootEmpty": false,
          "_timeout": 2000
        },
        {
          "uuid": "8ac5209f-70a7-4ce3-959f-25032b4841ff",
          "title": "3 - Adicione a cor **preta** como a primeira cor da paleta de cores.",
          "fullFile": "",
          "file": "",
          "beforeHooks": [],
          "afterHooks": [],
          "tests": [
            {
              "title": "Verifica se a primeira cor da paleta é preta",
              "fullTitle": "3 - Adicione a cor **preta** como a primeira cor da paleta de cores. Verifica se a primeira cor da paleta é preta",
              "timedOut": null,
              "duration": 128,
              "state": "passed",
              "speed": "slow",
              "pass": true,
              "fail": false,
              "pending": false,
              "context": null,
              "code": "cy.get('.color').first().should('have.css', 'background-color', BLACK);",
              "err": {},
              "uuid": "f27f7488-109c-4d2d-b01c-0d97970ebf6d",
              "parentUUID": "8ac5209f-70a7-4ce3-959f-25032b4841ff",
              "isHook": false,
              "skipped": false
            },
            {
              "title": "Verifica se as demais cores podem ser escolhidas livremente.",
              "fullTitle": "3 - Adicione a cor **preta** como a primeira cor da paleta de cores. Verifica se as demais cores podem ser escolhidas livremente.",
              "timedOut": null,
              "duration": 188,
              "state": "passed",
              "speed": "slow",
              "pass": true,
              "fail": false,
              "pending": false,
              "context": null,
              "code": "cy.get('.color').eq(1).should('not.have.css', 'background-color', BLACK);\ncy.get('.color').eq(1).should('not.have.css', 'background-color', WHITE);\ncy.get('.color').eq(1).should('not.have.css', 'background-color', 'rgba(0, 0, 0, 0)');\ncy.get('.color').eq(1).should('have.css', 'background-color');\ncy.get('.color').eq(2).should('not.have.css', 'background-color', BLACK);\ncy.get('.color').eq(2).should('not.have.css', 'background-color', WHITE);\ncy.get('.color').eq(2).should('not.have.css', 'background-color', 'rgba(0, 0, 0, 0)');\ncy.get('.color').eq(2).should('have.css', 'background-color');\ncy.get('.color').eq(3).should('not.have.css', 'background-color', BLACK);\ncy.get('.color').eq(3).should('not.have.css', 'background-color', WHITE);\ncy.get('.color').eq(3).should('not.have.css', 'background-color', 'rgba(0, 0, 0, 0)');\ncy.get('.color').eq(3).should('have.css', 'background-color');",
              "err": {},
              "uuid": "cd680dc0-217c-4161-9b0c-22acdec27da2",
              "parentUUID": "8ac5209f-70a7-4ce3-959f-25032b4841ff",
              "isHook": false,
              "skipped": false
            }
          ],
          "suites": [],
          "passes": [
            "f27f7488-109c-4d2d-b01c-0d97970ebf6d",
            "cd680dc0-217c-4161-9b0c-22acdec27da2"
          ],
          "failures": [],
          "pending": [],
          "skipped": [],
          "duration": 316,
          "root": false,
          "rootEmpty": false,
          "_timeout": 2000
        },
        {
          "uuid": "485e197a-1c46-4c0a-bffe-f68c647efad2",
          "title": "4 - Adicione à página um quadro de pixels, com 25 pixels.",
          "fullFile": "",
          "file": "",
          "beforeHooks": [],
          "afterHooks": [],
          "tests": [
            {
              "title": "Verifica se o quadro de pixels possui o `id` denominado `pixel-board`",
              "fullTitle": "4 - Adicione à página um quadro de pixels, com 25 pixels. Verifica se o quadro de pixels possui o `id` denominado `pixel-board`",
              "timedOut": null,
              "duration": 143,
              "state": "passed",
              "speed": "slow",
              "pass": true,
              "fail": false,
              "pending": false,
              "context": null,
              "code": "cy.get('#pixel-board').should('be.visible');",
              "err": {},
              "uuid": "be660f8e-1a32-4992-811b-47da54c2d990",
              "parentUUID": "485e197a-1c46-4c0a-bffe-f68c647efad2",
              "isHook": false,
              "skipped": false
            },
            {
              "title": "Verifica se cada pixel individual dentro do quadro possui a `classe` denominada `pixel`.",
              "fullTitle": "4 - Adicione à página um quadro de pixels, com 25 pixels. Verifica se cada pixel individual dentro do quadro possui a `classe` denominada `pixel`.",
              "timedOut": null,
              "duration": 117,
              "state": "passed",
              "speed": "slow",
              "pass": true,
              "fail": false,
              "pending": false,
              "context": null,
              "code": "cy.get('.pixel').should('have.length', 25);",
              "err": {},
              "uuid": "570bfccd-2db7-4263-b1cb-b0ff05767fd5",
              "parentUUID": "485e197a-1c46-4c0a-bffe-f68c647efad2",
              "isHook": false,
              "skipped": false
            },
            {
              "title": "Verifica se a cor inicial dos pixels dentro do quadro, ao abrir a página, é branca.",
              "fullTitle": "4 - Adicione à página um quadro de pixels, com 25 pixels. Verifica se a cor inicial dos pixels dentro do quadro, ao abrir a página, é branca.",
              "timedOut": null,
              "duration": 210,
              "state": "passed",
              "speed": "slow",
              "pass": true,
              "fail": false,
              "pending": false,
              "context": null,
              "code": "cy.get('.pixel').should('have.length', 25).each(function (pixel) {\n  expect(pixel).to.have.css('background-color', WHITE);\n});",
              "err": {},
              "uuid": "b337c5ad-5911-4a7d-9355-a83b33812077",
              "parentUUID": "485e197a-1c46-4c0a-bffe-f68c647efad2",
              "isHook": false,
              "skipped": false
            },
            {
              "title": "Verifica se o quadro de pixels aparece abaixo da paleta de cores",
              "fullTitle": "4 - Adicione à página um quadro de pixels, com 25 pixels. Verifica se o quadro de pixels aparece abaixo da paleta de cores",
              "timedOut": null,
              "duration": 148,
              "state": "passed",
              "speed": "slow",
              "pass": true,
              "fail": false,
              "pending": false,
              "context": null,
              "code": "cy.get('#color-palette').then(function (palette) {\n  cy.get('#pixel-board').should('be.belowOf', palette);\n});",
              "err": {},
              "uuid": "d93a5c71-6ec8-4fb1-9433-bf0b9edecf82",
              "parentUUID": "485e197a-1c46-4c0a-bffe-f68c647efad2",
              "isHook": false,
              "skipped": false
            }
          ],
          "suites": [],
          "passes": [
            "be660f8e-1a32-4992-811b-47da54c2d990",
            "570bfccd-2db7-4263-b1cb-b0ff05767fd5",
            "b337c5ad-5911-4a7d-9355-a83b33812077",
            "d93a5c71-6ec8-4fb1-9433-bf0b9edecf82"
          ],
          "failures": [],
          "pending": [],
          "skipped": [],
          "duration": 618,
          "root": false,
          "rootEmpty": false,
          "_timeout": 2000
        },
        {
          "uuid": "654208db-fdc0-4528-8e50-7e06e79e10dd",
          "title": "5 - Faça com que cada elemento do quadro de pixels possua 40 pixels de largura, 40 pixels de altura e seja delimitado por uma borda preta de 1 pixel.",
          "fullFile": "",
          "file": "",
          "beforeHooks": [],
          "afterHooks": [],
          "tests": [
            {
              "title": "Verifica se o quadro de pixels tem altura e comprimento de 5 elementos",
              "fullTitle": "5 - Faça com que cada elemento do quadro de pixels possua 40 pixels de largura, 40 pixels de altura e seja delimitado por uma borda preta de 1 pixel. Verifica se o quadro de pixels tem altura e comprimento de 5 elementos",
              "timedOut": null,
              "duration": 297,
              "state": "passed",
              "speed": "slow",
              "pass": true,
              "fail": false,
              "pending": false,
              "context": null,
              "code": "cy.get('.pixel').should('have.length', 25).each(function (pixel) {\n  expect(pixel).to.have.css('background-color', WHITE);\n}).and(function (pixels) {\n  var rows = chunk(pixels, 5);\n  rows.forEach(function (row) {\n    for (var index = 1; index < row.length; index += 1) {\n      var current = pixels[index];\n      var previous = pixels[index - 1];\n      cy.wrap(current).should('be.onTheRightOf', previous).and('be.horizontallyAlignedWith', previous);\n    }\n  });\n  for (var index = 1; index < 5; index += 1) {\n    expect(pixels[index * 5]).to.be.belowOf(pixels[(index - 1) * 5]);\n  }\n});",
              "err": {},
              "uuid": "d64e02f2-48f3-448a-91de-df648e13f175",
              "parentUUID": "654208db-fdc0-4528-8e50-7e06e79e10dd",
              "isHook": false,
              "skipped": false
            },
            {
              "title": "Verifica se 40 pixels é o tamanho total do elemento, incluindo seu conteúdo e excluindo a borda preta, que deve ser criada à parte.",
              "fullTitle": "5 - Faça com que cada elemento do quadro de pixels possua 40 pixels de largura, 40 pixels de altura e seja delimitado por uma borda preta de 1 pixel. Verifica se 40 pixels é o tamanho total do elemento, incluindo seu conteúdo e excluindo a borda preta, que deve ser criada à parte.",
              "timedOut": null,
              "duration": 289,
              "state": "passed",
              "speed": "slow",
              "pass": true,
              "fail": false,
              "pending": false,
              "context": null,
              "code": "cy.get('.pixel').each(function (pixel) {\n  cy.wrap(pixel).should('have.css', 'height', '40px').and('have.css', 'width', '40px').and('have.css', 'border', \"1px solid \".concat(BLACK));\n});",
              "err": {},
              "uuid": "de2eb816-bcb9-43bd-8300-5c0533641493",
              "parentUUID": "654208db-fdc0-4528-8e50-7e06e79e10dd",
              "isHook": false,
              "skipped": false
            }
          ],
          "suites": [],
          "passes": [
            "d64e02f2-48f3-448a-91de-df648e13f175",
            "de2eb816-bcb9-43bd-8300-5c0533641493"
          ],
          "failures": [],
          "pending": [],
          "skipped": [],
          "duration": 586,
          "root": false,
          "rootEmpty": false,
          "_timeout": 2000
        },
        {
          "uuid": "cb8d54de-f606-4f10-83eb-7c7bac764325",
          "title": "6 - Defina a cor preta como cor inicial. Ao carregar a página a cor preta já deve estar selecionada para pintar os pixels",
          "fullFile": "",
          "file": "",
          "beforeHooks": [],
          "afterHooks": [],
          "tests": [
            {
              "title": "Verifica se o elemento da cor preta possui, inicialmente, a `classe` `selected`",
              "fullTitle": "6 - Defina a cor preta como cor inicial. Ao carregar a página a cor preta já deve estar selecionada para pintar os pixels Verifica se o elemento da cor preta possui, inicialmente, a `classe` `selected`",
              "timedOut": null,
              "duration": 154,
              "state": "passed",
              "speed": "slow",
              "pass": true,
              "fail": false,
              "pending": false,
              "context": null,
              "code": "cy.get('.selected').first().should('have.css', 'background-color', BLACK);",
              "err": {},
              "uuid": "33c46275-7b6b-4e29-b285-08d712cd4559",
              "parentUUID": "cb8d54de-f606-4f10-83eb-7c7bac764325",
              "isHook": false,
              "skipped": false
            },
            {
              "title": "Verifica se nenhuma outra cor da paleta tem a `classe` `selected`",
              "fullTitle": "6 - Defina a cor preta como cor inicial. Ao carregar a página a cor preta já deve estar selecionada para pintar os pixels Verifica se nenhuma outra cor da paleta tem a `classe` `selected`",
              "timedOut": null,
              "duration": 95,
              "state": "passed",
              "speed": "slow",
              "pass": true,
              "fail": false,
              "pending": false,
              "context": null,
              "code": "cy.get('.color:not(:first-child)').each(function (color) {\n  cy.wrap(color).should('not.have.class', 'selected');\n});",
              "err": {},
              "uuid": "d1f32ffa-c575-4035-85ba-eb7461330463",
              "parentUUID": "cb8d54de-f606-4f10-83eb-7c7bac764325",
              "isHook": false,
              "skipped": false
            }
          ],
          "suites": [],
          "passes": [
            "33c46275-7b6b-4e29-b285-08d712cd4559",
            "d1f32ffa-c575-4035-85ba-eb7461330463"
          ],
          "failures": [],
          "pending": [],
          "skipped": [],
          "duration": 249,
          "root": false,
          "rootEmpty": false,
          "_timeout": 2000
        },
        {
          "uuid": "fc39712f-8b08-444e-a80d-37241060448a",
          "title": "7 - Clicar em uma das cores da paleta, faz com que ela seja selecionada e utilizada para preencher os pixels no quadro.",
          "fullFile": "",
          "file": "",
          "beforeHooks": [],
          "afterHooks": [],
          "tests": [
            {
              "title": "Verifica se somente uma cor da paleta de cores tem a classe `selected` de cada vez",
              "fullTitle": "7 - Clicar em uma das cores da paleta, faz com que ela seja selecionada e utilizada para preencher os pixels no quadro. Verifica se somente uma cor da paleta de cores tem a classe `selected` de cada vez",
              "timedOut": null,
              "duration": 468,
              "state": "passed",
              "speed": "slow",
              "pass": true,
              "fail": false,
              "pending": false,
              "context": null,
              "code": "cy.get('.color').each(function (selectedColor, selectedColorIndex) {\n  cy.wrap(selectedColor).click();\n  cy.get('.color').each(function (color, colorIndex) {\n    if (colorIndex === selectedColorIndex) {\n      expect(color).to.have[\"class\"]('selected');\n    } else {\n      expect(color).not.to.have[\"class\"]('selected');\n    }\n  });\n});",
              "err": {},
              "uuid": "7883bf4c-66fd-47a7-808b-64e66c2b1ddb",
              "parentUUID": "fc39712f-8b08-444e-a80d-37241060448a",
              "isHook": false,
              "skipped": false
            },
            {
              "title": "Verifica se os pixels dentro do quadro não têm a classe `selected` quando são clicados",
              "fullTitle": "7 - Clicar em uma das cores da paleta, faz com que ela seja selecionada e utilizada para preencher os pixels no quadro. Verifica se os pixels dentro do quadro não têm a classe `selected` quando são clicados",
              "timedOut": null,
              "duration": 8081,
              "state": "passed",
              "speed": "slow",
              "pass": true,
              "fail": false,
              "pending": false,
              "context": null,
              "code": "cy.get('.color').each(function (color) {\n  var backgroundColor = color.css('background-color');\n  cy.wrap(color).click();\n  cy.get('.pixel').each(function (pixel) {\n    cy.wrap(pixel).click().should('not.have.class', 'selected');\n  });\n});",
              "err": {},
              "uuid": "7b3f59c9-631c-40c4-847c-cb5c38defaf8",
              "parentUUID": "fc39712f-8b08-444e-a80d-37241060448a",
              "isHook": false,
              "skipped": false
            }
          ],
          "suites": [],
          "passes": [
            "7883bf4c-66fd-47a7-808b-64e66c2b1ddb",
            "7b3f59c9-631c-40c4-847c-cb5c38defaf8"
          ],
          "failures": [],
          "pending": [],
          "skipped": [],
          "duration": 8549,
          "root": false,
          "rootEmpty": false,
          "_timeout": 2000
        },
        {
          "uuid": "779d6484-c409-414e-ac5e-86ea96b80af1",
          "title": "8 - Clicar em um pixel dentro do quadro após selecionar uma cor na paleta, faz com que o pixel seja preenchido com a cor selecionada.",
          "fullFile": "",
          "file": "",
          "beforeHooks": [],
          "afterHooks": [],
          "tests": [
            {
              "title": "Verifica se ao carregar a página deve ser possível pintar os pixels de preto",
              "fullTitle": "8 - Clicar em um pixel dentro do quadro após selecionar uma cor na paleta, faz com que o pixel seja preenchido com a cor selecionada. Verifica se ao carregar a página deve ser possível pintar os pixels de preto",
              "timedOut": null,
              "duration": 1958,
              "state": "passed",
              "speed": "slow",
              "pass": true,
              "fail": false,
              "pending": false,
              "context": null,
              "code": "cy.get('.pixel').each(function (pixel) {\n  cy.wrap(pixel).click().should('have.css', 'background-color', BLACK);\n});",
              "err": {},
              "uuid": "6e346136-9104-4b8f-bab9-99c13f6403b5",
              "parentUUID": "779d6484-c409-414e-ac5e-86ea96b80af1",
              "isHook": false,
              "skipped": false
            },
            {
              "title": "Verifica se após selecionar uma outra cor na paleta, é possível pintar os pixels com essa cor",
              "fullTitle": "8 - Clicar em um pixel dentro do quadro após selecionar uma cor na paleta, faz com que o pixel seja preenchido com a cor selecionada. Verifica se após selecionar uma outra cor na paleta, é possível pintar os pixels com essa cor",
              "timedOut": null,
              "duration": 7872,
              "state": "passed",
              "speed": "slow",
              "pass": true,
              "fail": false,
              "pending": false,
              "context": null,
              "code": "cy.get('.color').each(function (color) {\n  var backgroundColor = color.css('background-color');\n  cy.wrap(color).click();\n  cy.get('.pixel').each(function (pixel) {\n    cy.wrap(pixel).click().should('have.css', 'background-color', backgroundColor);\n  });\n});",
              "err": {},
              "uuid": "96349fed-c62e-4d9d-a4f9-365a78b36ed0",
              "parentUUID": "779d6484-c409-414e-ac5e-86ea96b80af1",
              "isHook": false,
              "skipped": false
            },
            {
              "title": "Verifica se somente o pixel que foi clicado foi preenchido com a cor selecionada, sem influenciar na cor dos demais pixels.",
              "fullTitle": "8 - Clicar em um pixel dentro do quadro após selecionar uma cor na paleta, faz com que o pixel seja preenchido com a cor selecionada. Verifica se somente o pixel que foi clicado foi preenchido com a cor selecionada, sem influenciar na cor dos demais pixels.",
              "timedOut": null,
              "duration": 1345,
              "state": "passed",
              "speed": "slow",
              "pass": true,
              "fail": false,
              "pending": false,
              "context": null,
              "code": "var colorToPixelIndexMap = {\n  0: 6,\n  1: 8,\n  2: 16,\n  3: 18\n};\ncy.get('.color').each(function (color, index) {\n  cy.wrap(color).click();\n  var backgroundColor = color.css('background-color');\n  var clickedPixelIndex = colorToPixelIndexMap[index];\n  cy.get('.pixel').eq(clickedPixelIndex).click();\n  cy.get('.pixel').eq(clickedPixelIndex - 1).should('not.have.css', 'background-color', backgroundColor);\n  cy.get('.pixel').eq(clickedPixelIndex + 1).should('not.have.css', 'background-color', backgroundColor);\n  cy.get('.pixel').eq(clickedPixelIndex - 5).should('not.have.css', 'background-color', backgroundColor);\n  cy.get('.pixel').eq(clickedPixelIndex + 5).should('not.have.css', 'background-color', backgroundColor);\n  cy.get('.pixel').eq(clickedPixelIndex - 6).should('not.have.css', 'background-color', backgroundColor);\n  cy.get('.pixel').eq(clickedPixelIndex - 4).should('not.have.css', 'background-color', backgroundColor);\n  cy.get('.pixel').eq(clickedPixelIndex + 4).should('not.have.css', 'background-color', backgroundColor);\n  cy.get('.pixel').eq(clickedPixelIndex + 6).should('not.have.css', 'background-color', backgroundColor);\n});",
              "err": {},
              "uuid": "b4963e90-1738-4580-aca0-660c60746a68",
              "parentUUID": "779d6484-c409-414e-ac5e-86ea96b80af1",
              "isHook": false,
              "skipped": false
            }
          ],
          "suites": [],
          "passes": [
            "6e346136-9104-4b8f-bab9-99c13f6403b5",
            "96349fed-c62e-4d9d-a4f9-365a78b36ed0",
            "b4963e90-1738-4580-aca0-660c60746a68"
          ],
          "failures": [],
          "pending": [],
          "skipped": [],
          "duration": 11175,
          "root": false,
          "rootEmpty": false,
          "_timeout": 2000
        },
        {
          "uuid": "928663c5-fd49-44ea-87e1-30f9eabc2bad",
          "title": "9 - Crie um botão que, ao ser clicado, limpa o quadro preenchendo a cor de todos seus pixels com branco.",
          "fullFile": "",
          "file": "",
          "beforeHooks": [],
          "afterHooks": [],
          "tests": [
            {
              "title": "Verifica se o botão tem o `id` denominado `clear-board`",
              "fullTitle": "9 - Crie um botão que, ao ser clicado, limpa o quadro preenchendo a cor de todos seus pixels com branco. Verifica se o botão tem o `id` denominado `clear-board`",
              "timedOut": null,
              "duration": 4351,
              "state": "failed",
              "speed": null,
              "pass": false,
              "fail": true,
              "pending": false,
              "context": null,
              "code": "cy.get('#clear-board').should('be.visible');",
              "err": {
                "message": "CypressError: Timed out retrying: Expected to find element: '#clear-board', but never found it.",
                "estack": "CypressError: Timed out retrying: Expected to find element: '#clear-board', but never found it.\n    at cypressErr (http://localhost:39627/__cypress/runner/cypress_runner.js:149934:9)\n    at throwErr (http://localhost:39627/__cypress/runner/cypress_runner.js:149867:11)\n    at Object.throwErrByPath (http://localhost:39627/__cypress/runner/cypress_runner.js:149915:3)\n    at retry (http://localhost:39627/__cypress/runner/cypress_runner.js:144197:19)\n    at onFailFn (http://localhost:39627/__cypress/runner/cypress_runner.js:132448:16)\n    at tryCatcher (http://localhost:39627/__cypress/runner/cypress_runner.js:167415:23)\n    at Promise._settlePromiseFromHandler (http://localhost:39627/__cypress/runner/cypress_runner.js:165351:31)\n    at Promise._settlePromise (http://localhost:39627/__cypress/runner/cypress_runner.js:165408:18)\n    at Promise._settlePromise0 (http://localhost:39627/__cypress/runner/cypress_runner.js:165453:10)\n    at Promise._settlePromises (http://localhost:39627/__cypress/runner/cypress_runner.js:165528:18)\n    at Async../node_modules/bluebird/js/release/async.js.Async._drainQueue (http://localhost:39627/__cypress/runner/cypress_runner.js:162140:16)\n    at Async../node_modules/bluebird/js/release/async.js.Async._drainQueues (http://localhost:39627/__cypress/runner/cypress_runner.js:162150:10)\n    at Async.drainQueues (http://localhost:39627/__cypress/runner/cypress_runner.js:162024:14)",
                "diff": null
              },
              "uuid": "4ec092f6-ca21-41b2-914b-f96950765e0f",
              "parentUUID": "928663c5-fd49-44ea-87e1-30f9eabc2bad",
              "isHook": false,
              "skipped": false
            },
            {
              "title": "Verifica se o botão está posicionado entre a paleta de cores e o quadro de pixels",
              "fullTitle": "9 - Crie um botão que, ao ser clicado, limpa o quadro preenchendo a cor de todos seus pixels com branco. Verifica se o botão está posicionado entre a paleta de cores e o quadro de pixels",
              "timedOut": null,
              "duration": 4324,
              "state": "failed",
              "speed": null,
              "pass": false,
              "fail": true,
              "pending": false,
              "context": null,
              "code": "cy.get('#color-palette').then(function (palette) {\n  cy.get('#clear-board').should('be.belowOf', palette);\n});\ncy.get('#clear-board').then(function (clearBtn) {\n  cy.get('#pixel-board').should('be.belowOf', clearBtn);\n});",
              "err": {
                "message": "CypressError: Timed out retrying: Expected to find element: '#clear-board', but never found it.",
                "estack": "CypressError: Timed out retrying: Expected to find element: '#clear-board', but never found it.\n    at cypressErr (http://localhost:39627/__cypress/runner/cypress_runner.js:149934:9)\n    at throwErr (http://localhost:39627/__cypress/runner/cypress_runner.js:149867:11)\n    at Object.throwErrByPath (http://localhost:39627/__cypress/runner/cypress_runner.js:149915:3)\n    at retry (http://localhost:39627/__cypress/runner/cypress_runner.js:144197:19)\n    at onFailFn (http://localhost:39627/__cypress/runner/cypress_runner.js:132448:16)\n    at tryCatcher (http://localhost:39627/__cypress/runner/cypress_runner.js:167415:23)\n    at Promise._settlePromiseFromHandler (http://localhost:39627/__cypress/runner/cypress_runner.js:165351:31)\n    at Promise._settlePromise (http://localhost:39627/__cypress/runner/cypress_runner.js:165408:18)\n    at Promise._settlePromise0 (http://localhost:39627/__cypress/runner/cypress_runner.js:165453:10)\n    at Promise._settlePromises (http://localhost:39627/__cypress/runner/cypress_runner.js:165528:18)\n    at Async../node_modules/bluebird/js/release/async.js.Async._drainQueue (http://localhost:39627/__cypress/runner/cypress_runner.js:162140:16)\n    at Async../node_modules/bluebird/js/release/async.js.Async._drainQueues (http://localhost:39627/__cypress/runner/cypress_runner.js:162150:10)\n    at Async.drainQueues (http://localhost:39627/__cypress/runner/cypress_runner.js:162024:14)",
                "diff": null
              },
              "uuid": "68217394-222a-4ec4-a887-f53d950c8461",
              "parentUUID": "928663c5-fd49-44ea-87e1-30f9eabc2bad",
              "isHook": false,
              "skipped": false
            },
            {
              "title": "Verifica se o texto do botão é 'Limpar'",
              "fullTitle": "9 - Crie um botão que, ao ser clicado, limpa o quadro preenchendo a cor de todos seus pixels com branco. Verifica se o texto do botão é 'Limpar'",
              "timedOut": null,
              "duration": 4398,
              "state": "failed",
              "speed": null,
              "pass": false,
              "fail": true,
              "pending": false,
              "context": null,
              "code": "cy.get('#clear-board').should('contain.text', 'Limpar');",
              "err": {
                "message": "CypressError: Timed out retrying: Expected to find element: '#clear-board', but never found it.",
                "estack": "CypressError: Timed out retrying: Expected to find element: '#clear-board', but never found it.\n    at cypressErr (http://localhost:39627/__cypress/runner/cypress_runner.js:149934:9)\n    at throwErr (http://localhost:39627/__cypress/runner/cypress_runner.js:149867:11)\n    at Object.throwErrByPath (http://localhost:39627/__cypress/runner/cypress_runner.js:149915:3)\n    at retry (http://localhost:39627/__cypress/runner/cypress_runner.js:144197:19)\n    at onFailFn (http://localhost:39627/__cypress/runner/cypress_runner.js:132448:16)\n    at tryCatcher (http://localhost:39627/__cypress/runner/cypress_runner.js:167415:23)\n    at Promise._settlePromiseFromHandler (http://localhost:39627/__cypress/runner/cypress_runner.js:165351:31)\n    at Promise._settlePromise (http://localhost:39627/__cypress/runner/cypress_runner.js:165408:18)\n    at Promise._settlePromise0 (http://localhost:39627/__cypress/runner/cypress_runner.js:165453:10)\n    at Promise._settlePromises (http://localhost:39627/__cypress/runner/cypress_runner.js:165528:18)\n    at Async../node_modules/bluebird/js/release/async.js.Async._drainQueue (http://localhost:39627/__cypress/runner/cypress_runner.js:162140:16)\n    at Async../node_modules/bluebird/js/release/async.js.Async._drainQueues (http://localhost:39627/__cypress/runner/cypress_runner.js:162150:10)\n    at Async.drainQueues (http://localhost:39627/__cypress/runner/cypress_runner.js:162024:14)",
                "diff": null
              },
              "uuid": "56062645-45cf-40d4-bdf4-907bf8cbf507",
              "parentUUID": "928663c5-fd49-44ea-87e1-30f9eabc2bad",
              "isHook": false,
              "skipped": false
            },
            {
              "title": "Verifica se ao clicar no botão, o quadro de pixels é totalmente preenchido de branco",
              "fullTitle": "9 - Crie um botão que, ao ser clicado, limpa o quadro preenchendo a cor de todos seus pixels com branco. Verifica se ao clicar no botão, o quadro de pixels é totalmente preenchido de branco",
              "timedOut": null,
              "duration": 6510,
              "state": "failed",
              "speed": null,
              "pass": false,
              "fail": true,
              "pending": false,
              "context": null,
              "code": "cy.get('.color').eq(1).then(function (color) {\n  var backgroundColor = color.css('background-color');\n  cy.wrap(color).click();\n  cy.get('.pixel').each(function (pixel) {\n    cy.wrap(pixel).click().should('have.css', 'background-color', backgroundColor);\n  });\n});\ncy.get('#clear-board').click();\ncy.get('.pixel').each(function (pixel) {\n  cy.wrap(pixel).should('have.css', 'background-color', WHITE);\n});",
              "err": {
                "message": "CypressError: Timed out retrying: Expected to find element: '#clear-board', but never found it.",
                "estack": "CypressError: Timed out retrying: Expected to find element: '#clear-board', but never found it.\n    at cypressErr (http://localhost:39627/__cypress/runner/cypress_runner.js:149934:9)\n    at throwErr (http://localhost:39627/__cypress/runner/cypress_runner.js:149867:11)\n    at Object.throwErrByPath (http://localhost:39627/__cypress/runner/cypress_runner.js:149915:3)\n    at retry (http://localhost:39627/__cypress/runner/cypress_runner.js:144197:19)\n    at onFailFn (http://localhost:39627/__cypress/runner/cypress_runner.js:132448:16)\n    at tryCatcher (http://localhost:39627/__cypress/runner/cypress_runner.js:167415:23)\n    at Promise._settlePromiseFromHandler (http://localhost:39627/__cypress/runner/cypress_runner.js:165351:31)\n    at Promise._settlePromise (http://localhost:39627/__cypress/runner/cypress_runner.js:165408:18)\n    at Promise._settlePromise0 (http://localhost:39627/__cypress/runner/cypress_runner.js:165453:10)\n    at Promise._settlePromises (http://localhost:39627/__cypress/runner/cypress_runner.js:165528:18)\n    at Async../node_modules/bluebird/js/release/async.js.Async._drainQueue (http://localhost:39627/__cypress/runner/cypress_runner.js:162140:16)\n    at Async../node_modules/bluebird/js/release/async.js.Async._drainQueues (http://localhost:39627/__cypress/runner/cypress_runner.js:162150:10)\n    at Async.drainQueues (http://localhost:39627/__cypress/runner/cypress_runner.js:162024:14)",
                "diff": null
              },
              "uuid": "cb012e34-1b42-4d79-b78c-ed15701db6f6",
              "parentUUID": "928663c5-fd49-44ea-87e1-30f9eabc2bad",
              "isHook": false,
              "skipped": false
            }
          ],
          "suites": [],
          "passes": [],
          "failures": [
            "4ec092f6-ca21-41b2-914b-f96950765e0f",
            "68217394-222a-4ec4-a887-f53d950c8461",
            "56062645-45cf-40d4-bdf4-907bf8cbf507",
            "cb012e34-1b42-4d79-b78c-ed15701db6f6"
          ],
          "pending": [],
          "skipped": [],
          "duration": 19583,
          "root": false,
          "rootEmpty": false,
          "_timeout": 2000
        },
        {
          "uuid": "1d927b61-1627-451e-9ad9-2b1b30d7f89b",
          "title": "10 - Faça o quadro de pixels ter seu tamanho definido pelo usuário.",
          "fullFile": "",
          "file": "",
          "beforeHooks": [],
          "afterHooks": [],
          "tests": [
            {
              "title": "Verifica se existe um input com o id `board-size`",
              "fullTitle": "10 - Faça o quadro de pixels ter seu tamanho definido pelo usuário. Verifica se existe um input com o id `board-size`",
              "timedOut": null,
              "duration": 4353,
              "state": "failed",
              "speed": null,
              "pass": false,
              "fail": true,
              "pending": false,
              "context": null,
              "code": "cy.get('#board-size').should('be.visible');",
              "err": {
                "message": "CypressError: Timed out retrying: Expected to find element: '#board-size', but never found it.",
                "estack": "CypressError: Timed out retrying: Expected to find element: '#board-size', but never found it.\n    at cypressErr (http://localhost:39627/__cypress/runner/cypress_runner.js:149934:9)\n    at throwErr (http://localhost:39627/__cypress/runner/cypress_runner.js:149867:11)\n    at Object.throwErrByPath (http://localhost:39627/__cypress/runner/cypress_runner.js:149915:3)\n    at retry (http://localhost:39627/__cypress/runner/cypress_runner.js:144197:19)\n    at onFailFn (http://localhost:39627/__cypress/runner/cypress_runner.js:132448:16)\n    at tryCatcher (http://localhost:39627/__cypress/runner/cypress_runner.js:167415:23)\n    at Promise._settlePromiseFromHandler (http://localhost:39627/__cypress/runner/cypress_runner.js:165351:31)\n    at Promise._settlePromise (http://localhost:39627/__cypress/runner/cypress_runner.js:165408:18)\n    at Promise._settlePromise0 (http://localhost:39627/__cypress/runner/cypress_runner.js:165453:10)\n    at Promise._settlePromises (http://localhost:39627/__cypress/runner/cypress_runner.js:165528:18)\n    at Async../node_modules/bluebird/js/release/async.js.Async._drainQueue (http://localhost:39627/__cypress/runner/cypress_runner.js:162140:16)\n    at Async../node_modules/bluebird/js/release/async.js.Async._drainQueues (http://localhost:39627/__cypress/runner/cypress_runner.js:162150:10)\n    at Async.drainQueues (http://localhost:39627/__cypress/runner/cypress_runner.js:162024:14)",
                "diff": null
              },
              "uuid": "94dd08c1-d757-4d69-b078-b43701fdeb5b",
              "parentUUID": "1d927b61-1627-451e-9ad9-2b1b30d7f89b",
              "isHook": false,
              "skipped": false
            },
            {
              "title": "Verifica se existe um botão com o id `generate-board`",
              "fullTitle": "10 - Faça o quadro de pixels ter seu tamanho definido pelo usuário. Verifica se existe um botão com o id `generate-board`",
              "timedOut": null,
              "duration": 4358,
              "state": "failed",
              "speed": null,
              "pass": false,
              "fail": true,
              "pending": false,
              "context": null,
              "code": "cy.get('#generate-board').should('be.visible');",
              "err": {
                "message": "CypressError: Timed out retrying: Expected to find element: '#generate-board', but never found it.",
                "estack": "CypressError: Timed out retrying: Expected to find element: '#generate-board', but never found it.\n    at cypressErr (http://localhost:39627/__cypress/runner/cypress_runner.js:149934:9)\n    at throwErr (http://localhost:39627/__cypress/runner/cypress_runner.js:149867:11)\n    at Object.throwErrByPath (http://localhost:39627/__cypress/runner/cypress_runner.js:149915:3)\n    at retry (http://localhost:39627/__cypress/runner/cypress_runner.js:144197:19)\n    at onFailFn (http://localhost:39627/__cypress/runner/cypress_runner.js:132448:16)\n    at tryCatcher (http://localhost:39627/__cypress/runner/cypress_runner.js:167415:23)\n    at Promise._settlePromiseFromHandler (http://localhost:39627/__cypress/runner/cypress_runner.js:165351:31)\n    at Promise._settlePromise (http://localhost:39627/__cypress/runner/cypress_runner.js:165408:18)\n    at Promise._settlePromise0 (http://localhost:39627/__cypress/runner/cypress_runner.js:165453:10)\n    at Promise._settlePromises (http://localhost:39627/__cypress/runner/cypress_runner.js:165528:18)\n    at Async../node_modules/bluebird/js/release/async.js.Async._drainQueue (http://localhost:39627/__cypress/runner/cypress_runner.js:162140:16)\n    at Async../node_modules/bluebird/js/release/async.js.Async._drainQueues (http://localhost:39627/__cypress/runner/cypress_runner.js:162150:10)\n    at Async.drainQueues (http://localhost:39627/__cypress/runner/cypress_runner.js:162024:14)",
                "diff": null
              },
              "uuid": "a3f3eae5-87d5-44db-98d6-cad944efede3",
              "parentUUID": "1d927b61-1627-451e-9ad9-2b1b30d7f89b",
              "isHook": false,
              "skipped": false
            },
            {
              "title": "Verifica se o input só aceita número maiores que zero. Essa restrição deve ser feita usando os atributos do elemento `input`",
              "fullTitle": "10 - Faça o quadro de pixels ter seu tamanho definido pelo usuário. Verifica se o input só aceita número maiores que zero. Essa restrição deve ser feita usando os atributos do elemento `input`",
              "timedOut": null,
              "duration": 4324,
              "state": "failed",
              "speed": null,
              "pass": false,
              "fail": true,
              "pending": false,
              "context": null,
              "code": "cy.get('#board-size[type=\\'number\\'][min=\\'1\\']');",
              "err": {
                "message": "CypressError: Timed out retrying: Expected to find element: '#board-size[type='number'][min='1']', but never found it.",
                "estack": "CypressError: Timed out retrying: Expected to find element: '#board-size[type='number'][min='1']', but never found it.\n    at cypressErr (http://localhost:39627/__cypress/runner/cypress_runner.js:149934:9)\n    at throwErr (http://localhost:39627/__cypress/runner/cypress_runner.js:149867:11)\n    at Object.throwErrByPath (http://localhost:39627/__cypress/runner/cypress_runner.js:149915:3)\n    at retry (http://localhost:39627/__cypress/runner/cypress_runner.js:144197:19)\n    at onFailFn (http://localhost:39627/__cypress/runner/cypress_runner.js:132448:16)\n    at tryCatcher (http://localhost:39627/__cypress/runner/cypress_runner.js:167415:23)\n    at Promise._settlePromiseFromHandler (http://localhost:39627/__cypress/runner/cypress_runner.js:165351:31)\n    at Promise._settlePromise (http://localhost:39627/__cypress/runner/cypress_runner.js:165408:18)\n    at Promise._settlePromise0 (http://localhost:39627/__cypress/runner/cypress_runner.js:165453:10)\n    at Promise._settlePromises (http://localhost:39627/__cypress/runner/cypress_runner.js:165528:18)\n    at Async../node_modules/bluebird/js/release/async.js.Async._drainQueue (http://localhost:39627/__cypress/runner/cypress_runner.js:162140:16)\n    at Async../node_modules/bluebird/js/release/async.js.Async._drainQueues (http://localhost:39627/__cypress/runner/cypress_runner.js:162150:10)\n    at Async.drainQueues (http://localhost:39627/__cypress/runner/cypress_runner.js:162024:14)",
                "diff": null
              },
              "uuid": "92c1ac28-4a59-43c3-8e7a-8a366d7ff67f",
              "parentUUID": "1d927b61-1627-451e-9ad9-2b1b30d7f89b",
              "isHook": false,
              "skipped": false
            },
            {
              "title": "Verifica se o botão contém o texto 'VQV'",
              "fullTitle": "10 - Faça o quadro de pixels ter seu tamanho definido pelo usuário. Verifica se o botão contém o texto 'VQV'",
              "timedOut": null,
              "duration": 4359,
              "state": "failed",
              "speed": null,
              "pass": false,
              "fail": true,
              "pending": false,
              "context": null,
              "code": "cy.get('#generate-board').contains(/vqv/i);",
              "err": {
                "message": "CypressError: Timed out retrying: Expected to find element: '#generate-board', but never found it.",
                "estack": "CypressError: Timed out retrying: Expected to find element: '#generate-board', but never found it.\n    at cypressErr (http://localhost:39627/__cypress/runner/cypress_runner.js:149934:9)\n    at throwErr (http://localhost:39627/__cypress/runner/cypress_runner.js:149867:11)\n    at Object.throwErrByPath (http://localhost:39627/__cypress/runner/cypress_runner.js:149915:3)\n    at retry (http://localhost:39627/__cypress/runner/cypress_runner.js:144197:19)\n    at onFailFn (http://localhost:39627/__cypress/runner/cypress_runner.js:132448:16)\n    at tryCatcher (http://localhost:39627/__cypress/runner/cypress_runner.js:167415:23)\n    at Promise._settlePromiseFromHandler (http://localhost:39627/__cypress/runner/cypress_runner.js:165351:31)\n    at Promise._settlePromise (http://localhost:39627/__cypress/runner/cypress_runner.js:165408:18)\n    at Promise._settlePromise0 (http://localhost:39627/__cypress/runner/cypress_runner.js:165453:10)\n    at Promise._settlePromises (http://localhost:39627/__cypress/runner/cypress_runner.js:165528:18)\n    at Async../node_modules/bluebird/js/release/async.js.Async._drainQueue (http://localhost:39627/__cypress/runner/cypress_runner.js:162140:16)\n    at Async../node_modules/bluebird/js/release/async.js.Async._drainQueues (http://localhost:39627/__cypress/runner/cypress_runner.js:162150:10)\n    at Async.drainQueues (http://localhost:39627/__cypress/runner/cypress_runner.js:162024:14)",
                "diff": null
              },
              "uuid": "9ce5ba39-dfb2-4685-9aab-0e6589726955",
              "parentUUID": "1d927b61-1627-451e-9ad9-2b1b30d7f89b",
              "isHook": false,
              "skipped": false
            },
            {
              "title": "Verifica se o input está posicionado entre a paleta de cores e o quadro de pixels",
              "fullTitle": "10 - Faça o quadro de pixels ter seu tamanho definido pelo usuário. Verifica se o input está posicionado entre a paleta de cores e o quadro de pixels",
              "timedOut": null,
              "duration": 4293,
              "state": "failed",
              "speed": null,
              "pass": false,
              "fail": true,
              "pending": false,
              "context": null,
              "code": "cy.get('#color-palette').then(function (palette) {\n  cy.get('#board-size').should('be.belowOf', palette);\n});\ncy.get('#board-size').then(function (palette) {\n  cy.get('#pixel-board').should('be.belowOf', palette);\n});",
              "err": {
                "message": "CypressError: Timed out retrying: Expected to find element: '#board-size', but never found it.",
                "estack": "CypressError: Timed out retrying: Expected to find element: '#board-size', but never found it.\n    at cypressErr (http://localhost:39627/__cypress/runner/cypress_runner.js:149934:9)\n    at throwErr (http://localhost:39627/__cypress/runner/cypress_runner.js:149867:11)\n    at Object.throwErrByPath (http://localhost:39627/__cypress/runner/cypress_runner.js:149915:3)\n    at retry (http://localhost:39627/__cypress/runner/cypress_runner.js:144197:19)\n    at onFailFn (http://localhost:39627/__cypress/runner/cypress_runner.js:132448:16)\n    at tryCatcher (http://localhost:39627/__cypress/runner/cypress_runner.js:167415:23)\n    at Promise._settlePromiseFromHandler (http://localhost:39627/__cypress/runner/cypress_runner.js:165351:31)\n    at Promise._settlePromise (http://localhost:39627/__cypress/runner/cypress_runner.js:165408:18)\n    at Promise._settlePromise0 (http://localhost:39627/__cypress/runner/cypress_runner.js:165453:10)\n    at Promise._settlePromises (http://localhost:39627/__cypress/runner/cypress_runner.js:165528:18)\n    at Async../node_modules/bluebird/js/release/async.js.Async._drainQueue (http://localhost:39627/__cypress/runner/cypress_runner.js:162140:16)\n    at Async../node_modules/bluebird/js/release/async.js.Async._drainQueues (http://localhost:39627/__cypress/runner/cypress_runner.js:162150:10)\n    at Async.drainQueues (http://localhost:39627/__cypress/runner/cypress_runner.js:162024:14)",
                "diff": null
              },
              "uuid": "e5683492-bb1e-486a-a8b2-1cbd60d845c5",
              "parentUUID": "1d927b61-1627-451e-9ad9-2b1b30d7f89b",
              "isHook": false,
              "skipped": false
            },
            {
              "title": "Verifica se o botão está posicionado ao lado do input",
              "fullTitle": "10 - Faça o quadro de pixels ter seu tamanho definido pelo usuário. Verifica se o botão está posicionado ao lado do input",
              "timedOut": null,
              "duration": 4411,
              "state": "failed",
              "speed": null,
              "pass": false,
              "fail": true,
              "pending": false,
              "context": null,
              "code": "cy.get('#board-size').then(function (board) {\n  cy.get('#generate-board').should('be.onTheRightOf', board);\n});",
              "err": {
                "message": "CypressError: Timed out retrying: Expected to find element: '#board-size', but never found it.",
                "estack": "CypressError: Timed out retrying: Expected to find element: '#board-size', but never found it.\n    at cypressErr (http://localhost:39627/__cypress/runner/cypress_runner.js:149934:9)\n    at throwErr (http://localhost:39627/__cypress/runner/cypress_runner.js:149867:11)\n    at Object.throwErrByPath (http://localhost:39627/__cypress/runner/cypress_runner.js:149915:3)\n    at retry (http://localhost:39627/__cypress/runner/cypress_runner.js:144197:19)\n    at onFailFn (http://localhost:39627/__cypress/runner/cypress_runner.js:132448:16)\n    at tryCatcher (http://localhost:39627/__cypress/runner/cypress_runner.js:167415:23)\n    at Promise._settlePromiseFromHandler (http://localhost:39627/__cypress/runner/cypress_runner.js:165351:31)\n    at Promise._settlePromise (http://localhost:39627/__cypress/runner/cypress_runner.js:165408:18)\n    at Promise._settlePromise0 (http://localhost:39627/__cypress/runner/cypress_runner.js:165453:10)\n    at Promise._settlePromises (http://localhost:39627/__cypress/runner/cypress_runner.js:165528:18)\n    at Async../node_modules/bluebird/js/release/async.js.Async._drainQueue (http://localhost:39627/__cypress/runner/cypress_runner.js:162140:16)\n    at Async../node_modules/bluebird/js/release/async.js.Async._drainQueues (http://localhost:39627/__cypress/runner/cypress_runner.js:162150:10)\n    at Async.drainQueues (http://localhost:39627/__cypress/runner/cypress_runner.js:162024:14)",
                "diff": null
              },
              "uuid": "fa099d57-8f50-40ea-acdd-029e62ab226c",
              "parentUUID": "1d927b61-1627-451e-9ad9-2b1b30d7f89b",
              "isHook": false,
              "skipped": false
            },
            {
              "title": "Verifica se nenhum valor for colocado no input ao clicar no botão, um `alert` é exibido com o texto: 'Board inválido!'",
              "fullTitle": "10 - Faça o quadro de pixels ter seu tamanho definido pelo usuário. Verifica se nenhum valor for colocado no input ao clicar no botão, um `alert` é exibido com o texto: 'Board inválido!'",
              "timedOut": null,
              "duration": 4276,
              "state": "failed",
              "speed": null,
              "pass": false,
              "fail": true,
              "pending": false,
              "context": null,
              "code": "var alerted = false;\ncy.on('window:alert', function (msg) {\n  return alerted = msg;\n});\ncy.get('#generate-board').click().then(function () {\n  return expect(alerted).to.match(/Board inválido!/i);\n});",
              "err": {
                "message": "CypressError: Timed out retrying: Expected to find element: '#generate-board', but never found it.",
                "estack": "CypressError: Timed out retrying: Expected to find element: '#generate-board', but never found it.\n    at cypressErr (http://localhost:39627/__cypress/runner/cypress_runner.js:149934:9)\n    at throwErr (http://localhost:39627/__cypress/runner/cypress_runner.js:149867:11)\n    at Object.throwErrByPath (http://localhost:39627/__cypress/runner/cypress_runner.js:149915:3)\n    at retry (http://localhost:39627/__cypress/runner/cypress_runner.js:144197:19)\n    at onFailFn (http://localhost:39627/__cypress/runner/cypress_runner.js:132448:16)\n    at tryCatcher (http://localhost:39627/__cypress/runner/cypress_runner.js:167415:23)\n    at Promise._settlePromiseFromHandler (http://localhost:39627/__cypress/runner/cypress_runner.js:165351:31)\n    at Promise._settlePromise (http://localhost:39627/__cypress/runner/cypress_runner.js:165408:18)\n    at Promise._settlePromise0 (http://localhost:39627/__cypress/runner/cypress_runner.js:165453:10)\n    at Promise._settlePromises (http://localhost:39627/__cypress/runner/cypress_runner.js:165528:18)\n    at Async../node_modules/bluebird/js/release/async.js.Async._drainQueue (http://localhost:39627/__cypress/runner/cypress_runner.js:162140:16)\n    at Async../node_modules/bluebird/js/release/async.js.Async._drainQueues (http://localhost:39627/__cypress/runner/cypress_runner.js:162150:10)\n    at Async.drainQueues (http://localhost:39627/__cypress/runner/cypress_runner.js:162024:14)",
                "diff": null
              },
              "uuid": "9f2b4222-d259-46d9-b3ec-ae4b93c5454f",
              "parentUUID": "1d927b61-1627-451e-9ad9-2b1b30d7f89b",
              "isHook": false,
              "skipped": false
            },
            {
              "title": "Verifica se ao clicar no botão com um valor preenchido, o tamanho do board muda.",
              "fullTitle": "10 - Faça o quadro de pixels ter seu tamanho definido pelo usuário. Verifica se ao clicar no botão com um valor preenchido, o tamanho do board muda.",
              "timedOut": null,
              "duration": 4263,
              "state": "failed",
              "speed": null,
              "pass": false,
              "fail": true,
              "pending": false,
              "context": null,
              "code": "cy.get('#board-size').clear().type(10);\ncy.get('#generate-board').click();\ncy.get('.pixel').should('have.length', 100);",
              "err": {
                "message": "CypressError: Timed out retrying: Expected to find element: '#board-size', but never found it.",
                "estack": "CypressError: Timed out retrying: Expected to find element: '#board-size', but never found it.\n    at cypressErr (http://localhost:39627/__cypress/runner/cypress_runner.js:149934:9)\n    at throwErr (http://localhost:39627/__cypress/runner/cypress_runner.js:149867:11)\n    at Object.throwErrByPath (http://localhost:39627/__cypress/runner/cypress_runner.js:149915:3)\n    at retry (http://localhost:39627/__cypress/runner/cypress_runner.js:144197:19)\n    at onFailFn (http://localhost:39627/__cypress/runner/cypress_runner.js:132448:16)\n    at tryCatcher (http://localhost:39627/__cypress/runner/cypress_runner.js:167415:23)\n    at Promise._settlePromiseFromHandler (http://localhost:39627/__cypress/runner/cypress_runner.js:165351:31)\n    at Promise._settlePromise (http://localhost:39627/__cypress/runner/cypress_runner.js:165408:18)\n    at Promise._settlePromise0 (http://localhost:39627/__cypress/runner/cypress_runner.js:165453:10)\n    at Promise._settlePromises (http://localhost:39627/__cypress/runner/cypress_runner.js:165528:18)\n    at Async../node_modules/bluebird/js/release/async.js.Async._drainQueue (http://localhost:39627/__cypress/runner/cypress_runner.js:162140:16)\n    at Async../node_modules/bluebird/js/release/async.js.Async._drainQueues (http://localhost:39627/__cypress/runner/cypress_runner.js:162150:10)\n    at Async.drainQueues (http://localhost:39627/__cypress/runner/cypress_runner.js:162024:14)",
                "diff": null
              },
              "uuid": "18845932-5df7-44db-9e91-bc99efc5c783",
              "parentUUID": "1d927b61-1627-451e-9ad9-2b1b30d7f89b",
              "isHook": false,
              "skipped": false
            },
            {
              "title": "Verifica se o novo quadro tem todos os pixels preenchidos com a cor branca",
              "fullTitle": "10 - Faça o quadro de pixels ter seu tamanho definido pelo usuário. Verifica se o novo quadro tem todos os pixels preenchidos com a cor branca",
              "timedOut": null,
              "duration": 4332,
              "state": "failed",
              "speed": null,
              "pass": false,
              "fail": true,
              "pending": false,
              "context": null,
              "code": "cy.get('#board-size').clear().type(6);\ncy.get('#generate-board').click();\ncy.get('.pixel').should('have.length', 36).each(function (pixel) {\n  expect(pixel).to.have.css('background-color', WHITE);\n});",
              "err": {
                "message": "CypressError: Timed out retrying: Expected to find element: '#board-size', but never found it.",
                "estack": "CypressError: Timed out retrying: Expected to find element: '#board-size', but never found it.\n    at cypressErr (http://localhost:39627/__cypress/runner/cypress_runner.js:149934:9)\n    at throwErr (http://localhost:39627/__cypress/runner/cypress_runner.js:149867:11)\n    at Object.throwErrByPath (http://localhost:39627/__cypress/runner/cypress_runner.js:149915:3)\n    at retry (http://localhost:39627/__cypress/runner/cypress_runner.js:144197:19)\n    at onFailFn (http://localhost:39627/__cypress/runner/cypress_runner.js:132448:16)\n    at tryCatcher (http://localhost:39627/__cypress/runner/cypress_runner.js:167415:23)\n    at Promise._settlePromiseFromHandler (http://localhost:39627/__cypress/runner/cypress_runner.js:165351:31)\n    at Promise._settlePromise (http://localhost:39627/__cypress/runner/cypress_runner.js:165408:18)\n    at Promise._settlePromise0 (http://localhost:39627/__cypress/runner/cypress_runner.js:165453:10)\n    at Promise._settlePromises (http://localhost:39627/__cypress/runner/cypress_runner.js:165528:18)\n    at Async../node_modules/bluebird/js/release/async.js.Async._drainQueue (http://localhost:39627/__cypress/runner/cypress_runner.js:162140:16)\n    at Async../node_modules/bluebird/js/release/async.js.Async._drainQueues (http://localhost:39627/__cypress/runner/cypress_runner.js:162150:10)\n    at Async.drainQueues (http://localhost:39627/__cypress/runner/cypress_runner.js:162024:14)",
                "diff": null
              },
              "uuid": "9f54cad2-2ee2-4a19-b179-8b6d8a87225c",
              "parentUUID": "1d927b61-1627-451e-9ad9-2b1b30d7f89b",
              "isHook": false,
              "skipped": false
            }
          ],
          "suites": [],
          "passes": [],
          "failures": [
            "94dd08c1-d757-4d69-b078-b43701fdeb5b",
            "a3f3eae5-87d5-44db-98d6-cad944efede3",
            "92c1ac28-4a59-43c3-8e7a-8a366d7ff67f",
            "9ce5ba39-dfb2-4685-9aab-0e6589726955",
            "e5683492-bb1e-486a-a8b2-1cbd60d845c5",
            "fa099d57-8f50-40ea-acdd-029e62ab226c",
            "9f2b4222-d259-46d9-b3ec-ae4b93c5454f",
            "18845932-5df7-44db-9e91-bc99efc5c783",
            "9f54cad2-2ee2-4a19-b179-8b6d8a87225c"
          ],
          "pending": [],
          "skipped": [],
          "duration": 38969,
          "root": false,
          "rootEmpty": false,
          "_timeout": 2000
        },
        {
          "uuid": "acd3f05e-aaba-47bf-a114-f7a15f1cd088",
          "title": "11 - Limite o tamanho mínimo e máximo do board.",
          "fullFile": "",
          "file": "",
          "beforeHooks": [],
          "afterHooks": [],
          "tests": [
            {
              "title": "Verifica se a altura máxima do board é 50",
              "fullTitle": "11 - Limite o tamanho mínimo e máximo do board. Verifica se a altura máxima do board é 50",
              "timedOut": null,
              "duration": 4345,
              "state": "failed",
              "speed": null,
              "pass": false,
              "fail": true,
              "pending": false,
              "context": null,
              "code": "cy.get('#board-size').clear().type(50);\ncy.get('#generate-board').click();\ncy.get('.pixel').should('have.length', 2500);",
              "err": {
                "message": "CypressError: Timed out retrying: Expected to find element: '#board-size', but never found it.",
                "estack": "CypressError: Timed out retrying: Expected to find element: '#board-size', but never found it.\n    at cypressErr (http://localhost:39627/__cypress/runner/cypress_runner.js:149934:9)\n    at throwErr (http://localhost:39627/__cypress/runner/cypress_runner.js:149867:11)\n    at Object.throwErrByPath (http://localhost:39627/__cypress/runner/cypress_runner.js:149915:3)\n    at retry (http://localhost:39627/__cypress/runner/cypress_runner.js:144197:19)\n    at onFailFn (http://localhost:39627/__cypress/runner/cypress_runner.js:132448:16)\n    at tryCatcher (http://localhost:39627/__cypress/runner/cypress_runner.js:167415:23)\n    at Promise._settlePromiseFromHandler (http://localhost:39627/__cypress/runner/cypress_runner.js:165351:31)\n    at Promise._settlePromise (http://localhost:39627/__cypress/runner/cypress_runner.js:165408:18)\n    at Promise._settlePromise0 (http://localhost:39627/__cypress/runner/cypress_runner.js:165453:10)\n    at Promise._settlePromises (http://localhost:39627/__cypress/runner/cypress_runner.js:165528:18)\n    at Async../node_modules/bluebird/js/release/async.js.Async._drainQueue (http://localhost:39627/__cypress/runner/cypress_runner.js:162140:16)\n    at Async../node_modules/bluebird/js/release/async.js.Async._drainQueues (http://localhost:39627/__cypress/runner/cypress_runner.js:162150:10)\n    at Async.drainQueues (http://localhost:39627/__cypress/runner/cypress_runner.js:162024:14)",
                "diff": null
              },
              "uuid": "07790ac0-6180-453e-90d4-c208a1e3de51",
              "parentUUID": "acd3f05e-aaba-47bf-a114-f7a15f1cd088",
              "isHook": false,
              "skipped": false
            },
            {
              "title": "Verifica se a altura do board é 5 quando um valor menor é colocado no input",
              "fullTitle": "11 - Limite o tamanho mínimo e máximo do board. Verifica se a altura do board é 5 quando um valor menor é colocado no input",
              "timedOut": null,
              "duration": 4296,
              "state": "failed",
              "speed": null,
              "pass": false,
              "fail": true,
              "pending": false,
              "context": null,
              "code": "cy.get('#board-size').clear().type(4);\ncy.get('#generate-board').click();\ncy.get('.pixel').should('have.length', 25);",
              "err": {
                "message": "CypressError: Timed out retrying: Expected to find element: '#board-size', but never found it.",
                "estack": "CypressError: Timed out retrying: Expected to find element: '#board-size', but never found it.\n    at cypressErr (http://localhost:39627/__cypress/runner/cypress_runner.js:149934:9)\n    at throwErr (http://localhost:39627/__cypress/runner/cypress_runner.js:149867:11)\n    at Object.throwErrByPath (http://localhost:39627/__cypress/runner/cypress_runner.js:149915:3)\n    at retry (http://localhost:39627/__cypress/runner/cypress_runner.js:144197:19)\n    at onFailFn (http://localhost:39627/__cypress/runner/cypress_runner.js:132448:16)\n    at tryCatcher (http://localhost:39627/__cypress/runner/cypress_runner.js:167415:23)\n    at Promise._settlePromiseFromHandler (http://localhost:39627/__cypress/runner/cypress_runner.js:165351:31)\n    at Promise._settlePromise (http://localhost:39627/__cypress/runner/cypress_runner.js:165408:18)\n    at Promise._settlePromise0 (http://localhost:39627/__cypress/runner/cypress_runner.js:165453:10)\n    at Promise._settlePromises (http://localhost:39627/__cypress/runner/cypress_runner.js:165528:18)\n    at Async../node_modules/bluebird/js/release/async.js.Async._drainQueue (http://localhost:39627/__cypress/runner/cypress_runner.js:162140:16)\n    at Async../node_modules/bluebird/js/release/async.js.Async._drainQueues (http://localhost:39627/__cypress/runner/cypress_runner.js:162150:10)\n    at Async.drainQueues (http://localhost:39627/__cypress/runner/cypress_runner.js:162024:14)",
                "diff": null
              },
              "uuid": "7b4776e0-0d66-4037-b53e-95cb149508c1",
              "parentUUID": "acd3f05e-aaba-47bf-a114-f7a15f1cd088",
              "isHook": false,
              "skipped": false
            },
            {
              "title": "Verifica se a altura do board é 50 quando um valor maior é colocado no input",
              "fullTitle": "11 - Limite o tamanho mínimo e máximo do board. Verifica se a altura do board é 50 quando um valor maior é colocado no input",
              "timedOut": null,
              "duration": 4256,
              "state": "failed",
              "speed": null,
              "pass": false,
              "fail": true,
              "pending": false,
              "context": null,
              "code": "cy.get('#board-size').clear().type(51);\ncy.get('#generate-board').click();\ncy.get('.pixel').should('have.length', 2500);",
              "err": {
                "message": "CypressError: Timed out retrying: Expected to find element: '#board-size', but never found it.",
                "estack": "CypressError: Timed out retrying: Expected to find element: '#board-size', but never found it.\n    at cypressErr (http://localhost:39627/__cypress/runner/cypress_runner.js:149934:9)\n    at throwErr (http://localhost:39627/__cypress/runner/cypress_runner.js:149867:11)\n    at Object.throwErrByPath (http://localhost:39627/__cypress/runner/cypress_runner.js:149915:3)\n    at retry (http://localhost:39627/__cypress/runner/cypress_runner.js:144197:19)\n    at onFailFn (http://localhost:39627/__cypress/runner/cypress_runner.js:132448:16)\n    at tryCatcher (http://localhost:39627/__cypress/runner/cypress_runner.js:167415:23)\n    at Promise._settlePromiseFromHandler (http://localhost:39627/__cypress/runner/cypress_runner.js:165351:31)\n    at Promise._settlePromise (http://localhost:39627/__cypress/runner/cypress_runner.js:165408:18)\n    at Promise._settlePromise0 (http://localhost:39627/__cypress/runner/cypress_runner.js:165453:10)\n    at Promise._settlePromises (http://localhost:39627/__cypress/runner/cypress_runner.js:165528:18)\n    at Async../node_modules/bluebird/js/release/async.js.Async._drainQueue (http://localhost:39627/__cypress/runner/cypress_runner.js:162140:16)\n    at Async../node_modules/bluebird/js/release/async.js.Async._drainQueues (http://localhost:39627/__cypress/runner/cypress_runner.js:162150:10)\n    at Async.drainQueues (http://localhost:39627/__cypress/runner/cypress_runner.js:162024:14)",
                "diff": null
              },
              "uuid": "e84a0f7f-0d6f-4c08-a8c6-a07df34b65af",
              "parentUUID": "acd3f05e-aaba-47bf-a114-f7a15f1cd088",
              "isHook": false,
              "skipped": false
            }
          ],
          "suites": [],
          "passes": [],
          "failures": [
            "07790ac0-6180-453e-90d4-c208a1e3de51",
            "7b4776e0-0d66-4037-b53e-95cb149508c1",
            "e84a0f7f-0d6f-4c08-a8c6-a07df34b65af"
          ],
          "pending": [],
          "skipped": [],
          "duration": 12897,
          "root": false,
          "rootEmpty": false,
          "_timeout": 2000
        },
        {
          "uuid": "5353e062-e3ac-4aa8-a51a-065c8cf1ad0c",
          "title": "12 - Faça com que as cores da paleta sejam geradas aleatoriamente ao carregar a página.",
          "fullFile": "",
          "file": "",
          "beforeHooks": [],
          "afterHooks": [],
          "tests": [
            {
              "title": "Verifica se as cores geradas na paleta são diferentes a cada carregamento da página",
              "fullTitle": "12 - Faça com que as cores da paleta sejam geradas aleatoriamente ao carregar a página. Verifica se as cores geradas na paleta são diferentes a cada carregamento da página",
              "timedOut": null,
              "duration": 378,
              "state": "failed",
              "speed": null,
              "pass": false,
              "fail": true,
              "pending": false,
              "context": null,
              "code": "cy.get('.color').then(function (colors) {\n  var currentColors;\n  var previousColors;\n  previousColors = Array.from(colors).map(function (color) {\n    return Cypress.$(color).css('background-color');\n  });\n  for (var i = 0; i < 5; i += 1) {\n    cy.reload();\n    cy.get('.color').then(function (colors) {\n      currentColors = Array.from(colors).map(function (color) {\n        return Cypress.$(color).css('background-color');\n      });\n      expect(currentColors).not.to.deep.equal(previousColors);\n      previousColors = currentColors;\n    });\n  }\n});",
              "err": {
                "message": "AssertionError: expected [ Array(4) ] to not deeply equal [ Array(4) ]",
                "estack": "AssertionError: expected [ Array(4) ] to not deeply equal [ Array(4) ]\n    at getRet (http://localhost:39627/__cypress/runner/cypress_runner.js:136585:16)\n    at tryCatcher (http://localhost:39627/__cypress/runner/cypress_runner.js:167415:23)\n    at Function.Promise.attempt.Promise.try (http://localhost:39627/__cypress/runner/cypress_runner.js:164690:29)\n    at Context.thenFn (http://localhost:39627/__cypress/runner/cypress_runner.js:136599:23)\n    at Context.then (http://localhost:39627/__cypress/runner/cypress_runner.js:136971:21)\n    at Context.<anonymous> (http://localhost:39627/__cypress/runner/cypress_runner.js:148875:21)\n    at http://localhost:39627/__cypress/runner/cypress_runner.js:148351:33\n    at tryCatcher (http://localhost:39627/__cypress/runner/cypress_runner.js:167415:23)\n    at Promise._settlePromiseFromHandler (http://localhost:39627/__cypress/runner/cypress_runner.js:165351:31)\n    at Promise._settlePromise (http://localhost:39627/__cypress/runner/cypress_runner.js:165408:18)\n    at Promise._settlePromiseCtx (http://localhost:39627/__cypress/runner/cypress_runner.js:165445:10)\n    at Async../node_modules/bluebird/js/release/async.js.Async._drainQueue (http://localhost:39627/__cypress/runner/cypress_runner.js:162145:12)\n    at Async../node_modules/bluebird/js/release/async.js.Async._drainQueues (http://localhost:39627/__cypress/runner/cypress_runner.js:162150:10)\n    at Async.drainQueues (http://localhost:39627/__cypress/runner/cypress_runner.js:162024:14)",
                "diff": ""
              },
              "uuid": "9ad7a95b-cd96-4793-8479-e363272cb83a",
              "parentUUID": "5353e062-e3ac-4aa8-a51a-065c8cf1ad0c",
              "isHook": false,
              "skipped": false
            },
            {
              "title": "Verifica se a cor preta ainda está presente e é a primeira na sua paleta de cores",
              "fullTitle": "12 - Faça com que as cores da paleta sejam geradas aleatoriamente ao carregar a página. Verifica se a cor preta ainda está presente e é a primeira na sua paleta de cores",
              "timedOut": null,
              "duration": 353,
              "state": "failed",
              "speed": null,
              "pass": false,
              "fail": true,
              "pending": false,
              "context": null,
              "code": "cy.get('.color').then(function (colors) {\n  var currentColors;\n  var previousColors;\n  previousColors = Array.from(colors).map(function (color) {\n    return Cypress.$(color).css('background-color');\n  });\n  expect(previousColors[0]).to.eq(BLACK);\n  for (var i = 0; i < 5; i += 1) {\n    cy.reload();\n    cy.get('.color').then(function (colors) {\n      currentColors = Array.from(colors).map(function (color) {\n        return Cypress.$(color).css('background-color');\n      });\n      expect(currentColors[0]).to.eq(BLACK);\n      expect(currentColors).not.to.deep.equal(previousColors);\n      previousColors = currentColors;\n    });\n  }\n});",
              "err": {
                "message": "AssertionError: expected [ Array(4) ] to not deeply equal [ Array(4) ]",
                "estack": "AssertionError: expected [ Array(4) ] to not deeply equal [ Array(4) ]\n    at getRet (http://localhost:39627/__cypress/runner/cypress_runner.js:136585:16)\n    at tryCatcher (http://localhost:39627/__cypress/runner/cypress_runner.js:167415:23)\n    at Function.Promise.attempt.Promise.try (http://localhost:39627/__cypress/runner/cypress_runner.js:164690:29)\n    at Context.thenFn (http://localhost:39627/__cypress/runner/cypress_runner.js:136599:23)\n    at Context.then (http://localhost:39627/__cypress/runner/cypress_runner.js:136971:21)\n    at Context.<anonymous> (http://localhost:39627/__cypress/runner/cypress_runner.js:148875:21)\n    at http://localhost:39627/__cypress/runner/cypress_runner.js:148351:33\n    at tryCatcher (http://localhost:39627/__cypress/runner/cypress_runner.js:167415:23)\n    at Promise._settlePromiseFromHandler (http://localhost:39627/__cypress/runner/cypress_runner.js:165351:31)\n    at Promise._settlePromise (http://localhost:39627/__cypress/runner/cypress_runner.js:165408:18)\n    at Promise._settlePromiseCtx (http://localhost:39627/__cypress/runner/cypress_runner.js:165445:10)\n    at Async../node_modules/bluebird/js/release/async.js.Async._drainQueue (http://localhost:39627/__cypress/runner/cypress_runner.js:162145:12)\n    at Async../node_modules/bluebird/js/release/async.js.Async._drainQueues (http://localhost:39627/__cypress/runner/cypress_runner.js:162150:10)\n    at Async.drainQueues (http://localhost:39627/__cypress/runner/cypress_runner.js:162024:14)",
                "diff": ""
              },
              "uuid": "5ab0db40-5f3d-4012-a454-6fa7825fbb0a",
              "parentUUID": "5353e062-e3ac-4aa8-a51a-065c8cf1ad0c",
              "isHook": false,
              "skipped": false
            }
          ],
          "suites": [],
          "passes": [],
          "failures": [
            "9ad7a95b-cd96-4793-8479-e363272cb83a",
            "5ab0db40-5f3d-4012-a454-6fa7825fbb0a"
          ],
          "pending": [],
          "skipped": [],
          "duration": 731,
          "root": false,
          "rootEmpty": false,
          "_timeout": 2000
        }
      ],
      "passes": [],
      "failures": [],
      "pending": [],
      "skipped": [],
      "duration": 0,
      "root": true,
      "rootEmpty": true,
      "_timeout": 2000
    }
  ],
  "meta": {
    "mocha": {
      "version": "7.0.1"
    },
    "mochawesome": {
      "options": {
        "quiet": false,
        "reportFilename": "mochawesome",
        "saveHtml": false,
        "saveJson": true,
        "consoleReporter": "spec",
        "useInlineDiffs": false
      },
      "version": "4.1.0"
    },
    "marge": {
      "options": {
        "id": "default",
        "reportDir": "cypress/reports",
        "overwrite": true,
        "html": false,
        "json": true
      },
      "version": "4.1.0"
    }
  }
}