{
  "stats": {
    "suites": 12,
    "tests": 41,
    "passes": 26,
    "pending": 0,
    "failures": 15,
    "start": "2021-08-16T01:33:41.579Z",
    "end": "2021-08-16T01:35:25.714Z",
    "duration": 104135,
    "testsRegistered": 41,
    "passPercent": 63.41463414634146,
    "pendingPercent": 0,
    "other": 0,
    "hasOther": false,
    "skipped": 0,
    "hasSkipped": false
  },
  "results": [
    {
      "uuid": "5a4b6422-0c10-41ad-ab83-e13e52dae219",
      "title": "",
      "fullFile": "cypress/integration/project.spec.js",
      "file": "cypress/integration/project.spec.js",
      "beforeHooks": [],
      "afterHooks": [],
      "tests": [],
      "suites": [
        {
          "uuid": "3fa15e90-d049-47bf-8080-10b091ee74f7",
          "title": "1 - Adicione à página o título \"Paleta de Cores\".",
          "fullFile": "",
          "file": "",
          "beforeHooks": [],
          "afterHooks": [],
          "tests": [
            {
              "title": "Verifica se contém um elemento `h1` com o id `title` com o título correto",
              "fullTitle": "1 - Adicione à página o título \"Paleta de Cores\". Verifica se contém um elemento `h1` com o id `title` com o título correto",
              "timedOut": null,
              "duration": 740,
              "state": "passed",
              "speed": "slow",
              "pass": true,
              "fail": false,
              "pending": false,
              "context": null,
              "code": "cy.get('h1#title').should('contain.text', 'Paleta de Cores');",
              "err": {},
              "uuid": "49002afc-afba-4dc8-a621-39052ce3b826",
              "parentUUID": "3fa15e90-d049-47bf-8080-10b091ee74f7",
              "isHook": false,
              "skipped": false
            }
          ],
          "suites": [],
          "passes": [
            "49002afc-afba-4dc8-a621-39052ce3b826"
          ],
          "failures": [],
          "pending": [],
          "skipped": [],
          "duration": 740,
          "root": false,
          "rootEmpty": false,
          "_timeout": 2000
        },
        {
          "uuid": "254ffa17-0549-4b53-bf4e-376358a54855",
          "title": "2 - Adicione à página uma paleta de quatro cores distintas.",
          "fullFile": "",
          "file": "",
          "beforeHooks": [],
          "afterHooks": [],
          "tests": [
            {
              "title": "A paleta de cores deve ser um elemento com `id` denominado `color-palette`",
              "fullTitle": "2 - Adicione à página uma paleta de quatro cores distintas. A paleta de cores deve ser um elemento com `id` denominado `color-palette`",
              "timedOut": null,
              "duration": 462,
              "state": "passed",
              "speed": "slow",
              "pass": true,
              "fail": false,
              "pending": false,
              "context": null,
              "code": "cy.get('#color-palette').should('be.visible');",
              "err": {},
              "uuid": "588c4ece-443a-4407-8057-e612b5753df1",
              "parentUUID": "254ffa17-0549-4b53-bf4e-376358a54855",
              "isHook": false,
              "skipped": false
            },
            {
              "title": "Verifica se cada cor individual da paleta de cores possui a `classe` chamada `color`.",
              "fullTitle": "2 - Adicione à página uma paleta de quatro cores distintas. Verifica se cada cor individual da paleta de cores possui a `classe` chamada `color`.",
              "timedOut": null,
              "duration": 473,
              "state": "passed",
              "speed": "slow",
              "pass": true,
              "fail": false,
              "pending": false,
              "context": null,
              "code": "cy.get('.color').should('have.length', 4).then(function (colors) {\n  for (var i = 0; i < colors.length; i++) {\n    cy.wrap(colors[i]).should('be.visible');\n  }\n});",
              "err": {},
              "uuid": "a0fe670a-a2f3-4ee3-a4eb-9aee7f1f1d2a",
              "parentUUID": "254ffa17-0549-4b53-bf4e-376358a54855",
              "isHook": false,
              "skipped": false
            },
            {
              "title": "Verifica se a cor de fundo de cada elemento da paleta é a cor que o elemento representa. **A única cor não permitida na paleta é a cor branca.**",
              "fullTitle": "2 - Adicione à página uma paleta de quatro cores distintas. Verifica se a cor de fundo de cada elemento da paleta é a cor que o elemento representa. **A única cor não permitida na paleta é a cor branca.**",
              "timedOut": null,
              "duration": 473,
              "state": "passed",
              "speed": "slow",
              "pass": true,
              "fail": false,
              "pending": false,
              "context": null,
              "code": "cy.get('.color').each(function (color) {\n  cy.wrap(color).should('have.class', 'color').and('not.have.css', 'background-color', WHITE);\n  cy.wrap(color).should('have.css', 'background-color');\n});",
              "err": {},
              "uuid": "814e2998-bff7-4869-97eb-6e3476827848",
              "parentUUID": "254ffa17-0549-4b53-bf4e-376358a54855",
              "isHook": false,
              "skipped": false
            },
            {
              "title": "Verifica se cada elemento da paleta de cores tem uma borda preta, sólida e com 1 pixel de largura;",
              "fullTitle": "2 - Adicione à página uma paleta de quatro cores distintas. Verifica se cada elemento da paleta de cores tem uma borda preta, sólida e com 1 pixel de largura;",
              "timedOut": null,
              "duration": 452,
              "state": "passed",
              "speed": "slow",
              "pass": true,
              "fail": false,
              "pending": false,
              "context": null,
              "code": "cy.get('.color').each(function (color) {\n  cy.wrap(color).and('have.css', 'border', \"1px solid \".concat(BLACK)).and('have.class', 'color');\n});",
              "err": {},
              "uuid": "a4325d11-a6d9-4c7f-ae2c-f1d80d8663b6",
              "parentUUID": "254ffa17-0549-4b53-bf4e-376358a54855",
              "isHook": false,
              "skipped": false
            },
            {
              "title": "Verifica se a paleta lista todas as cores disponíveis para utilização, lado a lado.",
              "fullTitle": "2 - Adicione à página uma paleta de quatro cores distintas. Verifica se a paleta lista todas as cores disponíveis para utilização, lado a lado.",
              "timedOut": null,
              "duration": 206,
              "state": "passed",
              "speed": "slow",
              "pass": true,
              "fail": false,
              "pending": false,
              "context": null,
              "code": "cy.get('.color').then(function (colors) {\n  for (var index = 1; index < colors.length; index += 1) {\n    var currentColor = colors[index];\n    var previousColor = colors[index - 1];\n    cy.wrap(currentColor).should('be.onTheRightOf', previousColor).and('be.horizontallyAlignedWith', previousColor);\n  }\n});",
              "err": {},
              "uuid": "391a214f-433d-46ea-a56e-b316c790acf2",
              "parentUUID": "254ffa17-0549-4b53-bf4e-376358a54855",
              "isHook": false,
              "skipped": false
            },
            {
              "title": "Verifica se a paleta de cores está posicionada abaixo do título 'Paleta de Cores'",
              "fullTitle": "2 - Adicione à página uma paleta de quatro cores distintas. Verifica se a paleta de cores está posicionada abaixo do título 'Paleta de Cores'",
              "timedOut": null,
              "duration": 333,
              "state": "passed",
              "speed": "slow",
              "pass": true,
              "fail": false,
              "pending": false,
              "context": null,
              "code": "cy.get('h1#title').then(function (title) {\n  cy.get('#color-palette').should('be.belowOf', title);\n});",
              "err": {},
              "uuid": "f2d165fc-ab72-4be2-bdf4-35648bcc28b4",
              "parentUUID": "254ffa17-0549-4b53-bf4e-376358a54855",
              "isHook": false,
              "skipped": false
            },
            {
              "title": "Verifica se a paleta de cores não contém cores repetidas.",
              "fullTitle": "2 - Adicione à página uma paleta de quatro cores distintas. Verifica se a paleta de cores não contém cores repetidas.",
              "timedOut": null,
              "duration": 239,
              "state": "passed",
              "speed": "slow",
              "pass": true,
              "fail": false,
              "pending": false,
              "context": null,
              "code": "cy.get('.color').then(function (colors) {\n  var allColors = Array.from(colors).map(function (color) {\n    return Cypress.$(color).css('background-color');\n  });\n  cy.log(allColors);\n  var uniqColors = (0, _toConsumableArray2[\"default\"])(new Set(allColors));\n  cy.log(uniqColors);\n  expect(allColors.length).to.eq(uniqColors.length);\n});",
              "err": {},
              "uuid": "85e59d57-b33b-40f1-bc70-b11902b1075d",
              "parentUUID": "254ffa17-0549-4b53-bf4e-376358a54855",
              "isHook": false,
              "skipped": false
            }
          ],
          "suites": [],
          "passes": [
            "588c4ece-443a-4407-8057-e612b5753df1",
            "a0fe670a-a2f3-4ee3-a4eb-9aee7f1f1d2a",
            "814e2998-bff7-4869-97eb-6e3476827848",
            "a4325d11-a6d9-4c7f-ae2c-f1d80d8663b6",
            "391a214f-433d-46ea-a56e-b316c790acf2",
            "f2d165fc-ab72-4be2-bdf4-35648bcc28b4",
            "85e59d57-b33b-40f1-bc70-b11902b1075d"
          ],
          "failures": [],
          "pending": [],
          "skipped": [],
          "duration": 2638,
          "root": false,
          "rootEmpty": false,
          "_timeout": 2000
        },
        {
          "uuid": "c4eeb2a6-5ce5-4e7a-93be-992da5b61d6b",
          "title": "3 - Adicione a cor **preta** como a primeira cor da paleta de cores.",
          "fullFile": "",
          "file": "",
          "beforeHooks": [],
          "afterHooks": [],
          "tests": [
            {
              "title": "Verifica se a primeira cor da paleta é preta",
              "fullTitle": "3 - Adicione a cor **preta** como a primeira cor da paleta de cores. Verifica se a primeira cor da paleta é preta",
              "timedOut": null,
              "duration": 308,
              "state": "passed",
              "speed": "slow",
              "pass": true,
              "fail": false,
              "pending": false,
              "context": null,
              "code": "cy.get('.color').first().should('have.css', 'background-color', BLACK);",
              "err": {},
              "uuid": "f3663325-87ce-4237-9c78-d90e5198284c",
              "parentUUID": "c4eeb2a6-5ce5-4e7a-93be-992da5b61d6b",
              "isHook": false,
              "skipped": false
            },
            {
              "title": "Verifica se as demais cores podem ser escolhidas livremente.",
              "fullTitle": "3 - Adicione a cor **preta** como a primeira cor da paleta de cores. Verifica se as demais cores podem ser escolhidas livremente.",
              "timedOut": null,
              "duration": 387,
              "state": "passed",
              "speed": "slow",
              "pass": true,
              "fail": false,
              "pending": false,
              "context": null,
              "code": "cy.get('.color').eq(1).should('not.have.css', 'background-color', BLACK);\ncy.get('.color').eq(1).should('not.have.css', 'background-color', WHITE);\ncy.get('.color').eq(1).should('not.have.css', 'background-color', 'rgba(0, 0, 0, 0)');\ncy.get('.color').eq(1).should('have.css', 'background-color');\ncy.get('.color').eq(2).should('not.have.css', 'background-color', BLACK);\ncy.get('.color').eq(2).should('not.have.css', 'background-color', WHITE);\ncy.get('.color').eq(2).should('not.have.css', 'background-color', 'rgba(0, 0, 0, 0)');\ncy.get('.color').eq(2).should('have.css', 'background-color');\ncy.get('.color').eq(3).should('not.have.css', 'background-color', BLACK);\ncy.get('.color').eq(3).should('not.have.css', 'background-color', WHITE);\ncy.get('.color').eq(3).should('not.have.css', 'background-color', 'rgba(0, 0, 0, 0)');\ncy.get('.color').eq(3).should('have.css', 'background-color');",
              "err": {},
              "uuid": "99cd8ada-ac85-478b-9d91-ddd23e8e4136",
              "parentUUID": "c4eeb2a6-5ce5-4e7a-93be-992da5b61d6b",
              "isHook": false,
              "skipped": false
            }
          ],
          "suites": [],
          "passes": [
            "f3663325-87ce-4237-9c78-d90e5198284c",
            "99cd8ada-ac85-478b-9d91-ddd23e8e4136"
          ],
          "failures": [],
          "pending": [],
          "skipped": [],
          "duration": 695,
          "root": false,
          "rootEmpty": false,
          "_timeout": 2000
        },
        {
          "uuid": "0e4891ef-4a5e-4d1b-ba10-80bd8786ac44",
          "title": "4 - Adicione à página um quadro de pixels, com 25 pixels.",
          "fullFile": "",
          "file": "",
          "beforeHooks": [],
          "afterHooks": [],
          "tests": [
            {
              "title": "Verifica se o quadro de pixels possui o `id` denominado `pixel-board`",
              "fullTitle": "4 - Adicione à página um quadro de pixels, com 25 pixels. Verifica se o quadro de pixels possui o `id` denominado `pixel-board`",
              "timedOut": null,
              "duration": 475,
              "state": "passed",
              "speed": "slow",
              "pass": true,
              "fail": false,
              "pending": false,
              "context": null,
              "code": "cy.get('#pixel-board').should('be.visible');",
              "err": {},
              "uuid": "e19f649e-0807-4960-8ffa-2b2cb3a81184",
              "parentUUID": "0e4891ef-4a5e-4d1b-ba10-80bd8786ac44",
              "isHook": false,
              "skipped": false
            },
            {
              "title": "Verifica se cada pixel individual dentro do quadro possui a `classe` denominada `pixel`.",
              "fullTitle": "4 - Adicione à página um quadro de pixels, com 25 pixels. Verifica se cada pixel individual dentro do quadro possui a `classe` denominada `pixel`.",
              "timedOut": null,
              "duration": 411,
              "state": "passed",
              "speed": "slow",
              "pass": true,
              "fail": false,
              "pending": false,
              "context": null,
              "code": "cy.get('.pixel').should('have.length', 25);",
              "err": {},
              "uuid": "513c2263-ee0e-4d9c-8603-e90eca507b46",
              "parentUUID": "0e4891ef-4a5e-4d1b-ba10-80bd8786ac44",
              "isHook": false,
              "skipped": false
            },
            {
              "title": "Verifica se a cor inicial dos pixels dentro do quadro, ao abrir a página, é branca.",
              "fullTitle": "4 - Adicione à página um quadro de pixels, com 25 pixels. Verifica se a cor inicial dos pixels dentro do quadro, ao abrir a página, é branca.",
              "timedOut": null,
              "duration": 699,
              "state": "passed",
              "speed": "slow",
              "pass": true,
              "fail": false,
              "pending": false,
              "context": null,
              "code": "cy.get('.pixel').should('have.length', 25).each(function (pixel) {\n  expect(pixel).to.have.css('background-color', WHITE);\n});",
              "err": {},
              "uuid": "d6566577-48f2-4f01-914e-853cdc19cec6",
              "parentUUID": "0e4891ef-4a5e-4d1b-ba10-80bd8786ac44",
              "isHook": false,
              "skipped": false
            },
            {
              "title": "Verifica se o quadro de pixels aparece abaixo da paleta de cores",
              "fullTitle": "4 - Adicione à página um quadro de pixels, com 25 pixels. Verifica se o quadro de pixels aparece abaixo da paleta de cores",
              "timedOut": null,
              "duration": 248,
              "state": "passed",
              "speed": "slow",
              "pass": true,
              "fail": false,
              "pending": false,
              "context": null,
              "code": "cy.get('#color-palette').then(function (palette) {\n  cy.get('#pixel-board').should('be.belowOf', palette);\n});",
              "err": {},
              "uuid": "374d0b02-a94c-43f8-8d5a-a8e136d9349d",
              "parentUUID": "0e4891ef-4a5e-4d1b-ba10-80bd8786ac44",
              "isHook": false,
              "skipped": false
            }
          ],
          "suites": [],
          "passes": [
            "e19f649e-0807-4960-8ffa-2b2cb3a81184",
            "513c2263-ee0e-4d9c-8603-e90eca507b46",
            "d6566577-48f2-4f01-914e-853cdc19cec6",
            "374d0b02-a94c-43f8-8d5a-a8e136d9349d"
          ],
          "failures": [],
          "pending": [],
          "skipped": [],
          "duration": 1833,
          "root": false,
          "rootEmpty": false,
          "_timeout": 2000
        },
        {
          "uuid": "4e803179-f3a3-467a-b22f-68577a486a8d",
          "title": "5 - Faça com que cada elemento do quadro de pixels possua 40 pixels de largura, 40 pixels de altura e seja delimitado por uma borda preta de 1 pixel.",
          "fullFile": "",
          "file": "",
          "beforeHooks": [],
          "afterHooks": [],
          "tests": [
            {
              "title": "Verifica se o quadro de pixels tem altura e comprimento de 5 elementos",
              "fullTitle": "5 - Faça com que cada elemento do quadro de pixels possua 40 pixels de largura, 40 pixels de altura e seja delimitado por uma borda preta de 1 pixel. Verifica se o quadro de pixels tem altura e comprimento de 5 elementos",
              "timedOut": null,
              "duration": 1080,
              "state": "passed",
              "speed": "slow",
              "pass": true,
              "fail": false,
              "pending": false,
              "context": null,
              "code": "cy.get('.pixel').should('have.length', 25).each(function (pixel) {\n  expect(pixel).to.have.css('background-color', WHITE);\n}).and(function (pixels) {\n  var rows = chunk(pixels, 5);\n  rows.forEach(function (row) {\n    for (var index = 1; index < row.length; index += 1) {\n      var current = pixels[index];\n      var previous = pixels[index - 1];\n      cy.wrap(current).should('be.onTheRightOf', previous).and('be.horizontallyAlignedWith', previous);\n    }\n  });\n  for (var index = 1; index < 5; index += 1) {\n    expect(pixels[index * 5]).to.be.belowOf(pixels[(index - 1) * 5]);\n  }\n});",
              "err": {},
              "uuid": "2891f9be-5bfe-492b-978d-d38cf7e7dbda",
              "parentUUID": "4e803179-f3a3-467a-b22f-68577a486a8d",
              "isHook": false,
              "skipped": false
            },
            {
              "title": "Verifica se 40 pixels é o tamanho total do elemento, incluindo seu conteúdo e excluindo a borda preta, que deve ser criada à parte.",
              "fullTitle": "5 - Faça com que cada elemento do quadro de pixels possua 40 pixels de largura, 40 pixels de altura e seja delimitado por uma borda preta de 1 pixel. Verifica se 40 pixels é o tamanho total do elemento, incluindo seu conteúdo e excluindo a borda preta, que deve ser criada à parte.",
              "timedOut": null,
              "duration": 660,
              "state": "passed",
              "speed": "slow",
              "pass": true,
              "fail": false,
              "pending": false,
              "context": null,
              "code": "cy.get('.pixel').each(function (pixel) {\n  cy.wrap(pixel).should('have.css', 'height', '40px').and('have.css', 'width', '40px').and('have.css', 'border', \"1px solid \".concat(BLACK));\n});",
              "err": {},
              "uuid": "f5f9da56-a1f3-4960-90dc-be7a7e748a6f",
              "parentUUID": "4e803179-f3a3-467a-b22f-68577a486a8d",
              "isHook": false,
              "skipped": false
            }
          ],
          "suites": [],
          "passes": [
            "2891f9be-5bfe-492b-978d-d38cf7e7dbda",
            "f5f9da56-a1f3-4960-90dc-be7a7e748a6f"
          ],
          "failures": [],
          "pending": [],
          "skipped": [],
          "duration": 1740,
          "root": false,
          "rootEmpty": false,
          "_timeout": 2000
        },
        {
          "uuid": "bd7266db-7c39-4227-a7b9-f0e22bfa983c",
          "title": "6 - Defina a cor preta como cor inicial. Ao carregar a página a cor preta já deve estar selecionada para pintar os pixels",
          "fullFile": "",
          "file": "",
          "beforeHooks": [],
          "afterHooks": [],
          "tests": [
            {
              "title": "Verifica se o elemento da cor preta possui, inicialmente, a `classe` `selected`",
              "fullTitle": "6 - Defina a cor preta como cor inicial. Ao carregar a página a cor preta já deve estar selecionada para pintar os pixels Verifica se o elemento da cor preta possui, inicialmente, a `classe` `selected`",
              "timedOut": null,
              "duration": 466,
              "state": "passed",
              "speed": "slow",
              "pass": true,
              "fail": false,
              "pending": false,
              "context": null,
              "code": "cy.get('.selected').first().should('have.css', 'background-color', BLACK);",
              "err": {},
              "uuid": "46f6ad54-b5a8-4754-87cb-334212c4f3d4",
              "parentUUID": "bd7266db-7c39-4227-a7b9-f0e22bfa983c",
              "isHook": false,
              "skipped": false
            },
            {
              "title": "Verifica se nenhuma outra cor da paleta tem a `classe` `selected`",
              "fullTitle": "6 - Defina a cor preta como cor inicial. Ao carregar a página a cor preta já deve estar selecionada para pintar os pixels Verifica se nenhuma outra cor da paleta tem a `classe` `selected`",
              "timedOut": null,
              "duration": 454,
              "state": "passed",
              "speed": "slow",
              "pass": true,
              "fail": false,
              "pending": false,
              "context": null,
              "code": "cy.get('.color:not(:first-child)').each(function (color) {\n  cy.wrap(color).should('not.have.class', 'selected');\n});",
              "err": {},
              "uuid": "38f9df52-8bb9-449f-ada2-c8e7ec3f8ed8",
              "parentUUID": "bd7266db-7c39-4227-a7b9-f0e22bfa983c",
              "isHook": false,
              "skipped": false
            }
          ],
          "suites": [],
          "passes": [
            "46f6ad54-b5a8-4754-87cb-334212c4f3d4",
            "38f9df52-8bb9-449f-ada2-c8e7ec3f8ed8"
          ],
          "failures": [],
          "pending": [],
          "skipped": [],
          "duration": 920,
          "root": false,
          "rootEmpty": false,
          "_timeout": 2000
        },
        {
          "uuid": "5ec7d068-418b-46b0-8f5f-c71a776738f9",
          "title": "7 - Clicar em uma das cores da paleta, faz com que ela seja selecionada e utilizada para preencher os pixels no quadro.",
          "fullFile": "",
          "file": "",
          "beforeHooks": [],
          "afterHooks": [],
          "tests": [
            {
              "title": "Verifica se somente uma cor da paleta de cores tem a classe `selected` de cada vez",
              "fullTitle": "7 - Clicar em uma das cores da paleta, faz com que ela seja selecionada e utilizada para preencher os pixels no quadro. Verifica se somente uma cor da paleta de cores tem a classe `selected` de cada vez",
              "timedOut": null,
              "duration": 567,
              "state": "passed",
              "speed": "slow",
              "pass": true,
              "fail": false,
              "pending": false,
              "context": null,
              "code": "cy.get('.color').each(function (selectedColor, selectedColorIndex) {\n  cy.wrap(selectedColor).click();\n  cy.get('.color').each(function (color, colorIndex) {\n    if (colorIndex === selectedColorIndex) {\n      expect(color).to.have[\"class\"]('selected');\n    } else {\n      expect(color).not.to.have[\"class\"]('selected');\n    }\n  });\n});",
              "err": {},
              "uuid": "c513e50c-90d8-430f-bb7d-aed0675bf6cb",
              "parentUUID": "5ec7d068-418b-46b0-8f5f-c71a776738f9",
              "isHook": false,
              "skipped": false
            },
            {
              "title": "Verifica se os pixels dentro do quadro não têm a classe `selected` quando são clicados",
              "fullTitle": "7 - Clicar em uma das cores da paleta, faz com que ela seja selecionada e utilizada para preencher os pixels no quadro. Verifica se os pixels dentro do quadro não têm a classe `selected` quando são clicados",
              "timedOut": null,
              "duration": 9024,
              "state": "passed",
              "speed": "slow",
              "pass": true,
              "fail": false,
              "pending": false,
              "context": null,
              "code": "cy.get('.color').each(function (color) {\n  var backgroundColor = color.css('background-color');\n  cy.wrap(color).click();\n  cy.get('.pixel').each(function (pixel) {\n    cy.wrap(pixel).click().should('not.have.class', 'selected');\n  });\n});",
              "err": {},
              "uuid": "3e579275-1ecd-4c8b-b212-e9a51be57e8e",
              "parentUUID": "5ec7d068-418b-46b0-8f5f-c71a776738f9",
              "isHook": false,
              "skipped": false
            }
          ],
          "suites": [],
          "passes": [
            "c513e50c-90d8-430f-bb7d-aed0675bf6cb",
            "3e579275-1ecd-4c8b-b212-e9a51be57e8e"
          ],
          "failures": [],
          "pending": [],
          "skipped": [],
          "duration": 9591,
          "root": false,
          "rootEmpty": false,
          "_timeout": 2000
        },
        {
          "uuid": "b9741f5b-047b-443f-a613-97840c1af67b",
          "title": "8 - Clicar em um pixel dentro do quadro após selecionar uma cor na paleta, faz com que o pixel seja preenchido com a cor selecionada.",
          "fullFile": "",
          "file": "",
          "beforeHooks": [],
          "afterHooks": [],
          "tests": [
            {
              "title": "Verifica se ao carregar a página deve ser possível pintar os pixels de preto",
              "fullTitle": "8 - Clicar em um pixel dentro do quadro após selecionar uma cor na paleta, faz com que o pixel seja preenchido com a cor selecionada. Verifica se ao carregar a página deve ser possível pintar os pixels de preto",
              "timedOut": null,
              "duration": 2550,
              "state": "passed",
              "speed": "slow",
              "pass": true,
              "fail": false,
              "pending": false,
              "context": null,
              "code": "cy.get('.pixel').each(function (pixel) {\n  cy.wrap(pixel).click().should('have.css', 'background-color', BLACK);\n});",
              "err": {},
              "uuid": "1a608b08-df17-4af8-87ea-8c9fdee2fea5",
              "parentUUID": "b9741f5b-047b-443f-a613-97840c1af67b",
              "isHook": false,
              "skipped": false
            },
            {
              "title": "Verifica se após selecionar uma outra cor na paleta, é possível pintar os pixels com essa cor",
              "fullTitle": "8 - Clicar em um pixel dentro do quadro após selecionar uma cor na paleta, faz com que o pixel seja preenchido com a cor selecionada. Verifica se após selecionar uma outra cor na paleta, é possível pintar os pixels com essa cor",
              "timedOut": null,
              "duration": 9001,
              "state": "passed",
              "speed": "slow",
              "pass": true,
              "fail": false,
              "pending": false,
              "context": null,
              "code": "cy.get('.color').each(function (color) {\n  var backgroundColor = color.css('background-color');\n  cy.wrap(color).click();\n  cy.get('.pixel').each(function (pixel) {\n    cy.wrap(pixel).click().should('have.css', 'background-color', backgroundColor);\n  });\n});",
              "err": {},
              "uuid": "bd5b30c5-97c9-4e41-8a94-96391f75151e",
              "parentUUID": "b9741f5b-047b-443f-a613-97840c1af67b",
              "isHook": false,
              "skipped": false
            },
            {
              "title": "Verifica se somente o pixel que foi clicado foi preenchido com a cor selecionada, sem influenciar na cor dos demais pixels.",
              "fullTitle": "8 - Clicar em um pixel dentro do quadro após selecionar uma cor na paleta, faz com que o pixel seja preenchido com a cor selecionada. Verifica se somente o pixel que foi clicado foi preenchido com a cor selecionada, sem influenciar na cor dos demais pixels.",
              "timedOut": null,
              "duration": 1842,
              "state": "passed",
              "speed": "slow",
              "pass": true,
              "fail": false,
              "pending": false,
              "context": null,
              "code": "var colorToPixelIndexMap = {\n  0: 6,\n  1: 8,\n  2: 16,\n  3: 18\n};\ncy.get('.color').each(function (color, index) {\n  cy.wrap(color).click();\n  var backgroundColor = color.css('background-color');\n  var clickedPixelIndex = colorToPixelIndexMap[index];\n  cy.get('.pixel').eq(clickedPixelIndex).click();\n  cy.get('.pixel').eq(clickedPixelIndex - 1).should('not.have.css', 'background-color', backgroundColor);\n  cy.get('.pixel').eq(clickedPixelIndex + 1).should('not.have.css', 'background-color', backgroundColor);\n  cy.get('.pixel').eq(clickedPixelIndex - 5).should('not.have.css', 'background-color', backgroundColor);\n  cy.get('.pixel').eq(clickedPixelIndex + 5).should('not.have.css', 'background-color', backgroundColor);\n  cy.get('.pixel').eq(clickedPixelIndex - 6).should('not.have.css', 'background-color', backgroundColor);\n  cy.get('.pixel').eq(clickedPixelIndex - 4).should('not.have.css', 'background-color', backgroundColor);\n  cy.get('.pixel').eq(clickedPixelIndex + 4).should('not.have.css', 'background-color', backgroundColor);\n  cy.get('.pixel').eq(clickedPixelIndex + 6).should('not.have.css', 'background-color', backgroundColor);\n});",
              "err": {},
              "uuid": "8995f031-3296-4038-9232-c662b3ae1e0b",
              "parentUUID": "b9741f5b-047b-443f-a613-97840c1af67b",
              "isHook": false,
              "skipped": false
            }
          ],
          "suites": [],
          "passes": [
            "1a608b08-df17-4af8-87ea-8c9fdee2fea5",
            "bd5b30c5-97c9-4e41-8a94-96391f75151e",
            "8995f031-3296-4038-9232-c662b3ae1e0b"
          ],
          "failures": [],
          "pending": [],
          "skipped": [],
          "duration": 13393,
          "root": false,
          "rootEmpty": false,
          "_timeout": 2000
        },
        {
          "uuid": "40a171f5-af38-46df-97c4-eb6c5a9e3a9c",
          "title": "9 - Crie um botão que, ao ser clicado, limpa o quadro preenchendo a cor de todos seus pixels com branco.",
          "fullFile": "",
          "file": "",
          "beforeHooks": [],
          "afterHooks": [],
          "tests": [
            {
              "title": "Verifica se o botão tem o `id` denominado `clear-board`",
              "fullTitle": "9 - Crie um botão que, ao ser clicado, limpa o quadro preenchendo a cor de todos seus pixels com branco. Verifica se o botão tem o `id` denominado `clear-board`",
              "timedOut": null,
              "duration": 393,
              "state": "passed",
              "speed": "slow",
              "pass": true,
              "fail": false,
              "pending": false,
              "context": null,
              "code": "cy.get('#clear-board').should('be.visible');",
              "err": {},
              "uuid": "708f6e4d-2cf9-4c8d-8389-c73296319342",
              "parentUUID": "40a171f5-af38-46df-97c4-eb6c5a9e3a9c",
              "isHook": false,
              "skipped": false
            },
            {
              "title": "Verifica se o botão está posicionado entre a paleta de cores e o quadro de pixels",
              "fullTitle": "9 - Crie um botão que, ao ser clicado, limpa o quadro preenchendo a cor de todos seus pixels com branco. Verifica se o botão está posicionado entre a paleta de cores e o quadro de pixels",
              "timedOut": null,
              "duration": 4831,
              "state": "failed",
              "speed": null,
              "pass": false,
              "fail": true,
              "pending": false,
              "context": null,
              "code": "cy.get('#color-palette').then(function (palette) {\n  cy.get('#clear-board').should('be.belowOf', palette);\n});\ncy.get('#clear-board').then(function (clearBtn) {\n  cy.get('#pixel-board').should('be.belowOf', clearBtn);\n});",
              "err": {
                "message": "CypressError: Timed out retrying: expected '<button#clear-board>' to be below of { Object (0, length, ...) }",
                "estack": "CypressError: Timed out retrying: expected '<button#clear-board>' to be below of { Object (0, length, ...) }\n    at cypressErr (http://localhost:53794/__cypress/runner/cypress_runner.js:149934:9)\n    at throwErr (http://localhost:53794/__cypress/runner/cypress_runner.js:149867:11)\n    at Object.throwErrByPath (http://localhost:53794/__cypress/runner/cypress_runner.js:149915:3)\n    at retry (http://localhost:53794/__cypress/runner/cypress_runner.js:144197:19)\n    at onFailFn (http://localhost:53794/__cypress/runner/cypress_runner.js:132448:16)\n    at tryCatcher (http://localhost:53794/__cypress/runner/cypress_runner.js:167415:23)\n    at Promise._settlePromiseFromHandler (http://localhost:53794/__cypress/runner/cypress_runner.js:165351:31)\n    at Promise._settlePromise (http://localhost:53794/__cypress/runner/cypress_runner.js:165408:18)\n    at Promise._settlePromise0 (http://localhost:53794/__cypress/runner/cypress_runner.js:165453:10)\n    at Promise._settlePromises (http://localhost:53794/__cypress/runner/cypress_runner.js:165528:18)\n    at Async../node_modules/bluebird/js/release/async.js.Async._drainQueue (http://localhost:53794/__cypress/runner/cypress_runner.js:162140:16)\n    at Async../node_modules/bluebird/js/release/async.js.Async._drainQueues (http://localhost:53794/__cypress/runner/cypress_runner.js:162150:10)\n    at Async.drainQueues (http://localhost:53794/__cypress/runner/cypress_runner.js:162024:14)",
                "diff": null
              },
              "uuid": "760d99ae-adb3-4363-89d7-c6d7f59dc8d8",
              "parentUUID": "40a171f5-af38-46df-97c4-eb6c5a9e3a9c",
              "isHook": false,
              "skipped": false
            },
            {
              "title": "Verifica se o texto do botão é 'Limpar'",
              "fullTitle": "9 - Crie um botão que, ao ser clicado, limpa o quadro preenchendo a cor de todos seus pixels com branco. Verifica se o texto do botão é 'Limpar'",
              "timedOut": null,
              "duration": 505,
              "state": "passed",
              "speed": "slow",
              "pass": true,
              "fail": false,
              "pending": false,
              "context": null,
              "code": "cy.get('#clear-board').should('contain.text', 'Limpar');",
              "err": {},
              "uuid": "99aae7cb-132b-43f2-99fe-da7b3e1d314d",
              "parentUUID": "40a171f5-af38-46df-97c4-eb6c5a9e3a9c",
              "isHook": false,
              "skipped": false
            },
            {
              "title": "Verifica se ao clicar no botão, o quadro de pixels é totalmente preenchido de branco",
              "fullTitle": "9 - Crie um botão que, ao ser clicado, limpa o quadro preenchendo a cor de todos seus pixels com branco. Verifica se ao clicar no botão, o quadro de pixels é totalmente preenchido de branco",
              "timedOut": null,
              "duration": 2979,
              "state": "passed",
              "speed": "slow",
              "pass": true,
              "fail": false,
              "pending": false,
              "context": null,
              "code": "cy.get('.color').eq(1).then(function (color) {\n  var backgroundColor = color.css('background-color');\n  cy.wrap(color).click();\n  cy.get('.pixel').each(function (pixel) {\n    cy.wrap(pixel).click().should('have.css', 'background-color', backgroundColor);\n  });\n});\ncy.get('#clear-board').click();\ncy.get('.pixel').each(function (pixel) {\n  cy.wrap(pixel).should('have.css', 'background-color', WHITE);\n});",
              "err": {},
              "uuid": "ba73a883-04e2-434e-9586-bc9d68127c50",
              "parentUUID": "40a171f5-af38-46df-97c4-eb6c5a9e3a9c",
              "isHook": false,
              "skipped": false
            }
          ],
          "suites": [],
          "passes": [
            "708f6e4d-2cf9-4c8d-8389-c73296319342",
            "99aae7cb-132b-43f2-99fe-da7b3e1d314d",
            "ba73a883-04e2-434e-9586-bc9d68127c50"
          ],
          "failures": [
            "760d99ae-adb3-4363-89d7-c6d7f59dc8d8"
          ],
          "pending": [],
          "skipped": [],
          "duration": 8708,
          "root": false,
          "rootEmpty": false,
          "_timeout": 2000
        },
        {
          "uuid": "42cf03be-8679-437a-ab83-14f83af4b9ba",
          "title": "10 - Faça o quadro de pixels ter seu tamanho definido pelo usuário.",
          "fullFile": "",
          "file": "",
          "beforeHooks": [],
          "afterHooks": [],
          "tests": [
            {
              "title": "Verifica se existe um input com o id `board-size`",
              "fullTitle": "10 - Faça o quadro de pixels ter seu tamanho definido pelo usuário. Verifica se existe um input com o id `board-size`",
              "timedOut": null,
              "duration": 4675,
              "state": "failed",
              "speed": null,
              "pass": false,
              "fail": true,
              "pending": false,
              "context": null,
              "code": "cy.get('#board-size').should('be.visible');",
              "err": {
                "message": "CypressError: Timed out retrying: Expected to find element: '#board-size', but never found it.",
                "estack": "CypressError: Timed out retrying: Expected to find element: '#board-size', but never found it.\n    at cypressErr (http://localhost:53794/__cypress/runner/cypress_runner.js:149934:9)\n    at throwErr (http://localhost:53794/__cypress/runner/cypress_runner.js:149867:11)\n    at Object.throwErrByPath (http://localhost:53794/__cypress/runner/cypress_runner.js:149915:3)\n    at retry (http://localhost:53794/__cypress/runner/cypress_runner.js:144197:19)\n    at onFailFn (http://localhost:53794/__cypress/runner/cypress_runner.js:132448:16)\n    at tryCatcher (http://localhost:53794/__cypress/runner/cypress_runner.js:167415:23)\n    at Promise._settlePromiseFromHandler (http://localhost:53794/__cypress/runner/cypress_runner.js:165351:31)\n    at Promise._settlePromise (http://localhost:53794/__cypress/runner/cypress_runner.js:165408:18)\n    at Promise._settlePromise0 (http://localhost:53794/__cypress/runner/cypress_runner.js:165453:10)\n    at Promise._settlePromises (http://localhost:53794/__cypress/runner/cypress_runner.js:165528:18)\n    at Async../node_modules/bluebird/js/release/async.js.Async._drainQueue (http://localhost:53794/__cypress/runner/cypress_runner.js:162140:16)\n    at Async../node_modules/bluebird/js/release/async.js.Async._drainQueues (http://localhost:53794/__cypress/runner/cypress_runner.js:162150:10)\n    at Async.drainQueues (http://localhost:53794/__cypress/runner/cypress_runner.js:162024:14)",
                "diff": null
              },
              "uuid": "314e713f-b2b9-4590-81cb-249417b05656",
              "parentUUID": "42cf03be-8679-437a-ab83-14f83af4b9ba",
              "isHook": false,
              "skipped": false
            },
            {
              "title": "Verifica se existe um botão com o id `generate-board`",
              "fullTitle": "10 - Faça o quadro de pixels ter seu tamanho definido pelo usuário. Verifica se existe um botão com o id `generate-board`",
              "timedOut": null,
              "duration": 4789,
              "state": "failed",
              "speed": null,
              "pass": false,
              "fail": true,
              "pending": false,
              "context": null,
              "code": "cy.get('#generate-board').should('be.visible');",
              "err": {
                "message": "CypressError: Timed out retrying: Expected to find element: '#generate-board', but never found it.",
                "estack": "CypressError: Timed out retrying: Expected to find element: '#generate-board', but never found it.\n    at cypressErr (http://localhost:53794/__cypress/runner/cypress_runner.js:149934:9)\n    at throwErr (http://localhost:53794/__cypress/runner/cypress_runner.js:149867:11)\n    at Object.throwErrByPath (http://localhost:53794/__cypress/runner/cypress_runner.js:149915:3)\n    at retry (http://localhost:53794/__cypress/runner/cypress_runner.js:144197:19)\n    at onFailFn (http://localhost:53794/__cypress/runner/cypress_runner.js:132448:16)\n    at tryCatcher (http://localhost:53794/__cypress/runner/cypress_runner.js:167415:23)\n    at Promise._settlePromiseFromHandler (http://localhost:53794/__cypress/runner/cypress_runner.js:165351:31)\n    at Promise._settlePromise (http://localhost:53794/__cypress/runner/cypress_runner.js:165408:18)\n    at Promise._settlePromise0 (http://localhost:53794/__cypress/runner/cypress_runner.js:165453:10)\n    at Promise._settlePromises (http://localhost:53794/__cypress/runner/cypress_runner.js:165528:18)\n    at Async../node_modules/bluebird/js/release/async.js.Async._drainQueue (http://localhost:53794/__cypress/runner/cypress_runner.js:162140:16)\n    at Async../node_modules/bluebird/js/release/async.js.Async._drainQueues (http://localhost:53794/__cypress/runner/cypress_runner.js:162150:10)\n    at Async.drainQueues (http://localhost:53794/__cypress/runner/cypress_runner.js:162024:14)",
                "diff": null
              },
              "uuid": "e64c9d19-230b-4549-8efc-7f12a44c96b7",
              "parentUUID": "42cf03be-8679-437a-ab83-14f83af4b9ba",
              "isHook": false,
              "skipped": false
            },
            {
              "title": "Verifica se o input só aceita número maiores que zero. Essa restrição deve ser feita usando os atributos do elemento `input`",
              "fullTitle": "10 - Faça o quadro de pixels ter seu tamanho definido pelo usuário. Verifica se o input só aceita número maiores que zero. Essa restrição deve ser feita usando os atributos do elemento `input`",
              "timedOut": null,
              "duration": 4589,
              "state": "failed",
              "speed": null,
              "pass": false,
              "fail": true,
              "pending": false,
              "context": null,
              "code": "cy.get('#board-size[type=\\'number\\'][min=\\'1\\']');",
              "err": {
                "message": "CypressError: Timed out retrying: Expected to find element: '#board-size[type='number'][min='1']', but never found it.",
                "estack": "CypressError: Timed out retrying: Expected to find element: '#board-size[type='number'][min='1']', but never found it.\n    at cypressErr (http://localhost:53794/__cypress/runner/cypress_runner.js:149934:9)\n    at throwErr (http://localhost:53794/__cypress/runner/cypress_runner.js:149867:11)\n    at Object.throwErrByPath (http://localhost:53794/__cypress/runner/cypress_runner.js:149915:3)\n    at retry (http://localhost:53794/__cypress/runner/cypress_runner.js:144197:19)\n    at onFailFn (http://localhost:53794/__cypress/runner/cypress_runner.js:132448:16)\n    at tryCatcher (http://localhost:53794/__cypress/runner/cypress_runner.js:167415:23)\n    at Promise._settlePromiseFromHandler (http://localhost:53794/__cypress/runner/cypress_runner.js:165351:31)\n    at Promise._settlePromise (http://localhost:53794/__cypress/runner/cypress_runner.js:165408:18)\n    at Promise._settlePromise0 (http://localhost:53794/__cypress/runner/cypress_runner.js:165453:10)\n    at Promise._settlePromises (http://localhost:53794/__cypress/runner/cypress_runner.js:165528:18)\n    at Async../node_modules/bluebird/js/release/async.js.Async._drainQueue (http://localhost:53794/__cypress/runner/cypress_runner.js:162140:16)\n    at Async../node_modules/bluebird/js/release/async.js.Async._drainQueues (http://localhost:53794/__cypress/runner/cypress_runner.js:162150:10)\n    at Async.drainQueues (http://localhost:53794/__cypress/runner/cypress_runner.js:162024:14)",
                "diff": null
              },
              "uuid": "5c7392d5-9c60-482a-b847-c02c74f9708f",
              "parentUUID": "42cf03be-8679-437a-ab83-14f83af4b9ba",
              "isHook": false,
              "skipped": false
            },
            {
              "title": "Verifica se o botão contém o texto 'VQV'",
              "fullTitle": "10 - Faça o quadro de pixels ter seu tamanho definido pelo usuário. Verifica se o botão contém o texto 'VQV'",
              "timedOut": null,
              "duration": 4800,
              "state": "failed",
              "speed": null,
              "pass": false,
              "fail": true,
              "pending": false,
              "context": null,
              "code": "cy.get('#generate-board').contains(/vqv/i);",
              "err": {
                "message": "CypressError: Timed out retrying: Expected to find element: '#generate-board', but never found it.",
                "estack": "CypressError: Timed out retrying: Expected to find element: '#generate-board', but never found it.\n    at cypressErr (http://localhost:53794/__cypress/runner/cypress_runner.js:149934:9)\n    at throwErr (http://localhost:53794/__cypress/runner/cypress_runner.js:149867:11)\n    at Object.throwErrByPath (http://localhost:53794/__cypress/runner/cypress_runner.js:149915:3)\n    at retry (http://localhost:53794/__cypress/runner/cypress_runner.js:144197:19)\n    at onFailFn (http://localhost:53794/__cypress/runner/cypress_runner.js:132448:16)\n    at tryCatcher (http://localhost:53794/__cypress/runner/cypress_runner.js:167415:23)\n    at Promise._settlePromiseFromHandler (http://localhost:53794/__cypress/runner/cypress_runner.js:165351:31)\n    at Promise._settlePromise (http://localhost:53794/__cypress/runner/cypress_runner.js:165408:18)\n    at Promise._settlePromise0 (http://localhost:53794/__cypress/runner/cypress_runner.js:165453:10)\n    at Promise._settlePromises (http://localhost:53794/__cypress/runner/cypress_runner.js:165528:18)\n    at Async../node_modules/bluebird/js/release/async.js.Async._drainQueue (http://localhost:53794/__cypress/runner/cypress_runner.js:162140:16)\n    at Async../node_modules/bluebird/js/release/async.js.Async._drainQueues (http://localhost:53794/__cypress/runner/cypress_runner.js:162150:10)\n    at Async.drainQueues (http://localhost:53794/__cypress/runner/cypress_runner.js:162024:14)",
                "diff": null
              },
              "uuid": "4664ce4d-8dea-49b2-b6e5-b9130d452224",
              "parentUUID": "42cf03be-8679-437a-ab83-14f83af4b9ba",
              "isHook": false,
              "skipped": false
            },
            {
              "title": "Verifica se o input está posicionado entre a paleta de cores e o quadro de pixels",
              "fullTitle": "10 - Faça o quadro de pixels ter seu tamanho definido pelo usuário. Verifica se o input está posicionado entre a paleta de cores e o quadro de pixels",
              "timedOut": null,
              "duration": 4771,
              "state": "failed",
              "speed": null,
              "pass": false,
              "fail": true,
              "pending": false,
              "context": null,
              "code": "cy.get('#color-palette').then(function (palette) {\n  cy.get('#board-size').should('be.belowOf', palette);\n});\ncy.get('#board-size').then(function (palette) {\n  cy.get('#pixel-board').should('be.belowOf', palette);\n});",
              "err": {
                "message": "CypressError: Timed out retrying: Expected to find element: '#board-size', but never found it.",
                "estack": "CypressError: Timed out retrying: Expected to find element: '#board-size', but never found it.\n    at cypressErr (http://localhost:53794/__cypress/runner/cypress_runner.js:149934:9)\n    at throwErr (http://localhost:53794/__cypress/runner/cypress_runner.js:149867:11)\n    at Object.throwErrByPath (http://localhost:53794/__cypress/runner/cypress_runner.js:149915:3)\n    at retry (http://localhost:53794/__cypress/runner/cypress_runner.js:144197:19)\n    at onFailFn (http://localhost:53794/__cypress/runner/cypress_runner.js:132448:16)\n    at tryCatcher (http://localhost:53794/__cypress/runner/cypress_runner.js:167415:23)\n    at Promise._settlePromiseFromHandler (http://localhost:53794/__cypress/runner/cypress_runner.js:165351:31)\n    at Promise._settlePromise (http://localhost:53794/__cypress/runner/cypress_runner.js:165408:18)\n    at Promise._settlePromise0 (http://localhost:53794/__cypress/runner/cypress_runner.js:165453:10)\n    at Promise._settlePromises (http://localhost:53794/__cypress/runner/cypress_runner.js:165528:18)\n    at Async../node_modules/bluebird/js/release/async.js.Async._drainQueue (http://localhost:53794/__cypress/runner/cypress_runner.js:162140:16)\n    at Async../node_modules/bluebird/js/release/async.js.Async._drainQueues (http://localhost:53794/__cypress/runner/cypress_runner.js:162150:10)\n    at Async.drainQueues (http://localhost:53794/__cypress/runner/cypress_runner.js:162024:14)",
                "diff": null
              },
              "uuid": "3687b31a-5c9b-4c2b-88ac-b38d9f042df8",
              "parentUUID": "42cf03be-8679-437a-ab83-14f83af4b9ba",
              "isHook": false,
              "skipped": false
            },
            {
              "title": "Verifica se o botão está posicionado ao lado do input",
              "fullTitle": "10 - Faça o quadro de pixels ter seu tamanho definido pelo usuário. Verifica se o botão está posicionado ao lado do input",
              "timedOut": null,
              "duration": 4896,
              "state": "failed",
              "speed": null,
              "pass": false,
              "fail": true,
              "pending": false,
              "context": null,
              "code": "cy.get('#board-size').then(function (board) {\n  cy.get('#generate-board').should('be.onTheRightOf', board);\n});",
              "err": {
                "message": "CypressError: Timed out retrying: Expected to find element: '#board-size', but never found it.",
                "estack": "CypressError: Timed out retrying: Expected to find element: '#board-size', but never found it.\n    at cypressErr (http://localhost:53794/__cypress/runner/cypress_runner.js:149934:9)\n    at throwErr (http://localhost:53794/__cypress/runner/cypress_runner.js:149867:11)\n    at Object.throwErrByPath (http://localhost:53794/__cypress/runner/cypress_runner.js:149915:3)\n    at retry (http://localhost:53794/__cypress/runner/cypress_runner.js:144197:19)\n    at onFailFn (http://localhost:53794/__cypress/runner/cypress_runner.js:132448:16)\n    at tryCatcher (http://localhost:53794/__cypress/runner/cypress_runner.js:167415:23)\n    at Promise._settlePromiseFromHandler (http://localhost:53794/__cypress/runner/cypress_runner.js:165351:31)\n    at Promise._settlePromise (http://localhost:53794/__cypress/runner/cypress_runner.js:165408:18)\n    at Promise._settlePromise0 (http://localhost:53794/__cypress/runner/cypress_runner.js:165453:10)\n    at Promise._settlePromises (http://localhost:53794/__cypress/runner/cypress_runner.js:165528:18)\n    at Async../node_modules/bluebird/js/release/async.js.Async._drainQueue (http://localhost:53794/__cypress/runner/cypress_runner.js:162140:16)\n    at Async../node_modules/bluebird/js/release/async.js.Async._drainQueues (http://localhost:53794/__cypress/runner/cypress_runner.js:162150:10)\n    at Async.drainQueues (http://localhost:53794/__cypress/runner/cypress_runner.js:162024:14)",
                "diff": null
              },
              "uuid": "b2342707-5d8c-4c1a-bc60-a6809783ddf4",
              "parentUUID": "42cf03be-8679-437a-ab83-14f83af4b9ba",
              "isHook": false,
              "skipped": false
            },
            {
              "title": "Verifica se nenhum valor for colocado no input ao clicar no botão, um `alert` é exibido com o texto: 'Board inválido!'",
              "fullTitle": "10 - Faça o quadro de pixels ter seu tamanho definido pelo usuário. Verifica se nenhum valor for colocado no input ao clicar no botão, um `alert` é exibido com o texto: 'Board inválido!'",
              "timedOut": null,
              "duration": 5375,
              "state": "failed",
              "speed": null,
              "pass": false,
              "fail": true,
              "pending": false,
              "context": null,
              "code": "var alerted = false;\ncy.on('window:alert', function (msg) {\n  return alerted = msg;\n});\ncy.get('#generate-board').click().then(function () {\n  return expect(alerted).to.match(/Board inválido!/i);\n});",
              "err": {
                "message": "CypressError: Timed out retrying: Expected to find element: '#generate-board', but never found it.",
                "estack": "CypressError: Timed out retrying: Expected to find element: '#generate-board', but never found it.\n    at cypressErr (http://localhost:53794/__cypress/runner/cypress_runner.js:149934:9)\n    at throwErr (http://localhost:53794/__cypress/runner/cypress_runner.js:149867:11)\n    at Object.throwErrByPath (http://localhost:53794/__cypress/runner/cypress_runner.js:149915:3)\n    at retry (http://localhost:53794/__cypress/runner/cypress_runner.js:144197:19)\n    at onFailFn (http://localhost:53794/__cypress/runner/cypress_runner.js:132448:16)\n    at tryCatcher (http://localhost:53794/__cypress/runner/cypress_runner.js:167415:23)\n    at Promise._settlePromiseFromHandler (http://localhost:53794/__cypress/runner/cypress_runner.js:165351:31)\n    at Promise._settlePromise (http://localhost:53794/__cypress/runner/cypress_runner.js:165408:18)\n    at Promise._settlePromise0 (http://localhost:53794/__cypress/runner/cypress_runner.js:165453:10)\n    at Promise._settlePromises (http://localhost:53794/__cypress/runner/cypress_runner.js:165528:18)\n    at Async../node_modules/bluebird/js/release/async.js.Async._drainQueue (http://localhost:53794/__cypress/runner/cypress_runner.js:162140:16)\n    at Async../node_modules/bluebird/js/release/async.js.Async._drainQueues (http://localhost:53794/__cypress/runner/cypress_runner.js:162150:10)\n    at Async.drainQueues (http://localhost:53794/__cypress/runner/cypress_runner.js:162024:14)",
                "diff": null
              },
              "uuid": "a6ef10ed-0f2e-45c3-a56f-24032bb01812",
              "parentUUID": "42cf03be-8679-437a-ab83-14f83af4b9ba",
              "isHook": false,
              "skipped": false
            },
            {
              "title": "Verifica se ao clicar no botão com um valor preenchido, o tamanho do board muda.",
              "fullTitle": "10 - Faça o quadro de pixels ter seu tamanho definido pelo usuário. Verifica se ao clicar no botão com um valor preenchido, o tamanho do board muda.",
              "timedOut": null,
              "duration": 4989,
              "state": "failed",
              "speed": null,
              "pass": false,
              "fail": true,
              "pending": false,
              "context": null,
              "code": "cy.get('#board-size').clear().type(10);\ncy.get('#generate-board').click();\ncy.get('.pixel').should('have.length', 100);",
              "err": {
                "message": "CypressError: Timed out retrying: Expected to find element: '#board-size', but never found it.",
                "estack": "CypressError: Timed out retrying: Expected to find element: '#board-size', but never found it.\n    at cypressErr (http://localhost:53794/__cypress/runner/cypress_runner.js:149934:9)\n    at throwErr (http://localhost:53794/__cypress/runner/cypress_runner.js:149867:11)\n    at Object.throwErrByPath (http://localhost:53794/__cypress/runner/cypress_runner.js:149915:3)\n    at retry (http://localhost:53794/__cypress/runner/cypress_runner.js:144197:19)\n    at onFailFn (http://localhost:53794/__cypress/runner/cypress_runner.js:132448:16)\n    at tryCatcher (http://localhost:53794/__cypress/runner/cypress_runner.js:167415:23)\n    at Promise._settlePromiseFromHandler (http://localhost:53794/__cypress/runner/cypress_runner.js:165351:31)\n    at Promise._settlePromise (http://localhost:53794/__cypress/runner/cypress_runner.js:165408:18)\n    at Promise._settlePromise0 (http://localhost:53794/__cypress/runner/cypress_runner.js:165453:10)\n    at Promise._settlePromises (http://localhost:53794/__cypress/runner/cypress_runner.js:165528:18)\n    at Async../node_modules/bluebird/js/release/async.js.Async._drainQueue (http://localhost:53794/__cypress/runner/cypress_runner.js:162140:16)\n    at Async../node_modules/bluebird/js/release/async.js.Async._drainQueues (http://localhost:53794/__cypress/runner/cypress_runner.js:162150:10)\n    at Async.drainQueues (http://localhost:53794/__cypress/runner/cypress_runner.js:162024:14)",
                "diff": null
              },
              "uuid": "b071d1d9-1ea1-454a-9d1e-bc68a5457945",
              "parentUUID": "42cf03be-8679-437a-ab83-14f83af4b9ba",
              "isHook": false,
              "skipped": false
            },
            {
              "title": "Verifica se o novo quadro tem todos os pixels preenchidos com a cor branca",
              "fullTitle": "10 - Faça o quadro de pixels ter seu tamanho definido pelo usuário. Verifica se o novo quadro tem todos os pixels preenchidos com a cor branca",
              "timedOut": null,
              "duration": 5012,
              "state": "failed",
              "speed": null,
              "pass": false,
              "fail": true,
              "pending": false,
              "context": null,
              "code": "cy.get('#board-size').clear().type(6);\ncy.get('#generate-board').click();\ncy.get('.pixel').should('have.length', 36).each(function (pixel) {\n  expect(pixel).to.have.css('background-color', WHITE);\n});",
              "err": {
                "message": "CypressError: Timed out retrying: Expected to find element: '#board-size', but never found it.",
                "estack": "CypressError: Timed out retrying: Expected to find element: '#board-size', but never found it.\n    at cypressErr (http://localhost:53794/__cypress/runner/cypress_runner.js:149934:9)\n    at throwErr (http://localhost:53794/__cypress/runner/cypress_runner.js:149867:11)\n    at Object.throwErrByPath (http://localhost:53794/__cypress/runner/cypress_runner.js:149915:3)\n    at retry (http://localhost:53794/__cypress/runner/cypress_runner.js:144197:19)\n    at onFailFn (http://localhost:53794/__cypress/runner/cypress_runner.js:132448:16)\n    at tryCatcher (http://localhost:53794/__cypress/runner/cypress_runner.js:167415:23)\n    at Promise._settlePromiseFromHandler (http://localhost:53794/__cypress/runner/cypress_runner.js:165351:31)\n    at Promise._settlePromise (http://localhost:53794/__cypress/runner/cypress_runner.js:165408:18)\n    at Promise._settlePromise0 (http://localhost:53794/__cypress/runner/cypress_runner.js:165453:10)\n    at Promise._settlePromises (http://localhost:53794/__cypress/runner/cypress_runner.js:165528:18)\n    at Async../node_modules/bluebird/js/release/async.js.Async._drainQueue (http://localhost:53794/__cypress/runner/cypress_runner.js:162140:16)\n    at Async../node_modules/bluebird/js/release/async.js.Async._drainQueues (http://localhost:53794/__cypress/runner/cypress_runner.js:162150:10)\n    at Async.drainQueues (http://localhost:53794/__cypress/runner/cypress_runner.js:162024:14)",
                "diff": null
              },
              "uuid": "82207c49-abca-4aef-b4df-68adab1477ff",
              "parentUUID": "42cf03be-8679-437a-ab83-14f83af4b9ba",
              "isHook": false,
              "skipped": false
            }
          ],
          "suites": [],
          "passes": [],
          "failures": [
            "314e713f-b2b9-4590-81cb-249417b05656",
            "e64c9d19-230b-4549-8efc-7f12a44c96b7",
            "5c7392d5-9c60-482a-b847-c02c74f9708f",
            "4664ce4d-8dea-49b2-b6e5-b9130d452224",
            "3687b31a-5c9b-4c2b-88ac-b38d9f042df8",
            "b2342707-5d8c-4c1a-bc60-a6809783ddf4",
            "a6ef10ed-0f2e-45c3-a56f-24032bb01812",
            "b071d1d9-1ea1-454a-9d1e-bc68a5457945",
            "82207c49-abca-4aef-b4df-68adab1477ff"
          ],
          "pending": [],
          "skipped": [],
          "duration": 43896,
          "root": false,
          "rootEmpty": false,
          "_timeout": 2000
        },
        {
          "uuid": "18589c5d-3d3f-43e8-ae15-621061c1bf03",
          "title": "11 - Limite o tamanho mínimo e máximo do board.",
          "fullFile": "",
          "file": "",
          "beforeHooks": [],
          "afterHooks": [],
          "tests": [
            {
              "title": "Verifica se a altura máxima do board é 50",
              "fullTitle": "11 - Limite o tamanho mínimo e máximo do board. Verifica se a altura máxima do board é 50",
              "timedOut": null,
              "duration": 4848,
              "state": "failed",
              "speed": null,
              "pass": false,
              "fail": true,
              "pending": false,
              "context": null,
              "code": "cy.get('#board-size').clear().type(50);\ncy.get('#generate-board').click();\ncy.get('.pixel').should('have.length', 2500);",
              "err": {
                "message": "CypressError: Timed out retrying: Expected to find element: '#board-size', but never found it.",
                "estack": "CypressError: Timed out retrying: Expected to find element: '#board-size', but never found it.\n    at cypressErr (http://localhost:53794/__cypress/runner/cypress_runner.js:149934:9)\n    at throwErr (http://localhost:53794/__cypress/runner/cypress_runner.js:149867:11)\n    at Object.throwErrByPath (http://localhost:53794/__cypress/runner/cypress_runner.js:149915:3)\n    at retry (http://localhost:53794/__cypress/runner/cypress_runner.js:144197:19)\n    at onFailFn (http://localhost:53794/__cypress/runner/cypress_runner.js:132448:16)\n    at tryCatcher (http://localhost:53794/__cypress/runner/cypress_runner.js:167415:23)\n    at Promise._settlePromiseFromHandler (http://localhost:53794/__cypress/runner/cypress_runner.js:165351:31)\n    at Promise._settlePromise (http://localhost:53794/__cypress/runner/cypress_runner.js:165408:18)\n    at Promise._settlePromise0 (http://localhost:53794/__cypress/runner/cypress_runner.js:165453:10)\n    at Promise._settlePromises (http://localhost:53794/__cypress/runner/cypress_runner.js:165528:18)\n    at Async../node_modules/bluebird/js/release/async.js.Async._drainQueue (http://localhost:53794/__cypress/runner/cypress_runner.js:162140:16)\n    at Async../node_modules/bluebird/js/release/async.js.Async._drainQueues (http://localhost:53794/__cypress/runner/cypress_runner.js:162150:10)\n    at Async.drainQueues (http://localhost:53794/__cypress/runner/cypress_runner.js:162024:14)",
                "diff": null
              },
              "uuid": "32b20774-13d3-4bf8-ba04-7ede0b5d68a8",
              "parentUUID": "18589c5d-3d3f-43e8-ae15-621061c1bf03",
              "isHook": false,
              "skipped": false
            },
            {
              "title": "Verifica se a altura do board é 5 quando um valor menor é colocado no input",
              "fullTitle": "11 - Limite o tamanho mínimo e máximo do board. Verifica se a altura do board é 5 quando um valor menor é colocado no input",
              "timedOut": null,
              "duration": 5145,
              "state": "failed",
              "speed": null,
              "pass": false,
              "fail": true,
              "pending": false,
              "context": null,
              "code": "cy.get('#board-size').clear().type(4);\ncy.get('#generate-board').click();\ncy.get('.pixel').should('have.length', 25);",
              "err": {
                "message": "CypressError: Timed out retrying: Expected to find element: '#board-size', but never found it.",
                "estack": "CypressError: Timed out retrying: Expected to find element: '#board-size', but never found it.\n    at cypressErr (http://localhost:53794/__cypress/runner/cypress_runner.js:149934:9)\n    at throwErr (http://localhost:53794/__cypress/runner/cypress_runner.js:149867:11)\n    at Object.throwErrByPath (http://localhost:53794/__cypress/runner/cypress_runner.js:149915:3)\n    at retry (http://localhost:53794/__cypress/runner/cypress_runner.js:144197:19)\n    at onFailFn (http://localhost:53794/__cypress/runner/cypress_runner.js:132448:16)\n    at tryCatcher (http://localhost:53794/__cypress/runner/cypress_runner.js:167415:23)\n    at Promise._settlePromiseFromHandler (http://localhost:53794/__cypress/runner/cypress_runner.js:165351:31)\n    at Promise._settlePromise (http://localhost:53794/__cypress/runner/cypress_runner.js:165408:18)\n    at Promise._settlePromise0 (http://localhost:53794/__cypress/runner/cypress_runner.js:165453:10)\n    at Promise._settlePromises (http://localhost:53794/__cypress/runner/cypress_runner.js:165528:18)\n    at Async../node_modules/bluebird/js/release/async.js.Async._drainQueue (http://localhost:53794/__cypress/runner/cypress_runner.js:162140:16)\n    at Async../node_modules/bluebird/js/release/async.js.Async._drainQueues (http://localhost:53794/__cypress/runner/cypress_runner.js:162150:10)\n    at Async.drainQueues (http://localhost:53794/__cypress/runner/cypress_runner.js:162024:14)",
                "diff": null
              },
              "uuid": "3dd1aae2-9457-4d55-bf21-31aa75bea305",
              "parentUUID": "18589c5d-3d3f-43e8-ae15-621061c1bf03",
              "isHook": false,
              "skipped": false
            },
            {
              "title": "Verifica se a altura do board é 50 quando um valor maior é colocado no input",
              "fullTitle": "11 - Limite o tamanho mínimo e máximo do board. Verifica se a altura do board é 50 quando um valor maior é colocado no input",
              "timedOut": null,
              "duration": 5046,
              "state": "failed",
              "speed": null,
              "pass": false,
              "fail": true,
              "pending": false,
              "context": null,
              "code": "cy.get('#board-size').clear().type(51);\ncy.get('#generate-board').click();\ncy.get('.pixel').should('have.length', 2500);",
              "err": {
                "message": "CypressError: Timed out retrying: Expected to find element: '#board-size', but never found it.",
                "estack": "CypressError: Timed out retrying: Expected to find element: '#board-size', but never found it.\n    at cypressErr (http://localhost:53794/__cypress/runner/cypress_runner.js:149934:9)\n    at throwErr (http://localhost:53794/__cypress/runner/cypress_runner.js:149867:11)\n    at Object.throwErrByPath (http://localhost:53794/__cypress/runner/cypress_runner.js:149915:3)\n    at retry (http://localhost:53794/__cypress/runner/cypress_runner.js:144197:19)\n    at onFailFn (http://localhost:53794/__cypress/runner/cypress_runner.js:132448:16)\n    at tryCatcher (http://localhost:53794/__cypress/runner/cypress_runner.js:167415:23)\n    at Promise._settlePromiseFromHandler (http://localhost:53794/__cypress/runner/cypress_runner.js:165351:31)\n    at Promise._settlePromise (http://localhost:53794/__cypress/runner/cypress_runner.js:165408:18)\n    at Promise._settlePromise0 (http://localhost:53794/__cypress/runner/cypress_runner.js:165453:10)\n    at Promise._settlePromises (http://localhost:53794/__cypress/runner/cypress_runner.js:165528:18)\n    at Async../node_modules/bluebird/js/release/async.js.Async._drainQueue (http://localhost:53794/__cypress/runner/cypress_runner.js:162140:16)\n    at Async../node_modules/bluebird/js/release/async.js.Async._drainQueues (http://localhost:53794/__cypress/runner/cypress_runner.js:162150:10)\n    at Async.drainQueues (http://localhost:53794/__cypress/runner/cypress_runner.js:162024:14)",
                "diff": null
              },
              "uuid": "17568bf1-d046-44b8-9084-78bc24196884",
              "parentUUID": "18589c5d-3d3f-43e8-ae15-621061c1bf03",
              "isHook": false,
              "skipped": false
            }
          ],
          "suites": [],
          "passes": [],
          "failures": [
            "32b20774-13d3-4bf8-ba04-7ede0b5d68a8",
            "3dd1aae2-9457-4d55-bf21-31aa75bea305",
            "17568bf1-d046-44b8-9084-78bc24196884"
          ],
          "pending": [],
          "skipped": [],
          "duration": 15039,
          "root": false,
          "rootEmpty": false,
          "_timeout": 2000
        },
        {
          "uuid": "a4ea9735-4af9-4604-9ed7-7b9aa55dd666",
          "title": "12 - Faça com que as cores da paleta sejam geradas aleatoriamente ao carregar a página.",
          "fullFile": "",
          "file": "",
          "beforeHooks": [],
          "afterHooks": [],
          "tests": [
            {
              "title": "Verifica se as cores geradas na paleta são diferentes a cada carregamento da página",
              "fullTitle": "12 - Faça com que as cores da paleta sejam geradas aleatoriamente ao carregar a página. Verifica se as cores geradas na paleta são diferentes a cada carregamento da página",
              "timedOut": null,
              "duration": 1199,
              "state": "failed",
              "speed": null,
              "pass": false,
              "fail": true,
              "pending": false,
              "context": null,
              "code": "cy.get('.color').then(function (colors) {\n  var currentColors;\n  var previousColors;\n  previousColors = Array.from(colors).map(function (color) {\n    return Cypress.$(color).css('background-color');\n  });\n  for (var i = 0; i < 5; i += 1) {\n    cy.reload();\n    cy.get('.color').then(function (colors) {\n      currentColors = Array.from(colors).map(function (color) {\n        return Cypress.$(color).css('background-color');\n      });\n      expect(currentColors).not.to.deep.equal(previousColors);\n      previousColors = currentColors;\n    });\n  }\n});",
              "err": {
                "message": "AssertionError: expected [ Array(4) ] to not deeply equal [ Array(4) ]",
                "estack": "AssertionError: expected [ Array(4) ] to not deeply equal [ Array(4) ]\n    at getRet (http://localhost:53794/__cypress/runner/cypress_runner.js:136585:16)\n    at tryCatcher (http://localhost:53794/__cypress/runner/cypress_runner.js:167415:23)\n    at Function.Promise.attempt.Promise.try (http://localhost:53794/__cypress/runner/cypress_runner.js:164690:29)\n    at Context.thenFn (http://localhost:53794/__cypress/runner/cypress_runner.js:136599:23)\n    at Context.then (http://localhost:53794/__cypress/runner/cypress_runner.js:136971:21)\n    at Context.<anonymous> (http://localhost:53794/__cypress/runner/cypress_runner.js:148875:21)\n    at http://localhost:53794/__cypress/runner/cypress_runner.js:148351:33\n    at tryCatcher (http://localhost:53794/__cypress/runner/cypress_runner.js:167415:23)\n    at Promise._settlePromiseFromHandler (http://localhost:53794/__cypress/runner/cypress_runner.js:165351:31)\n    at Promise._settlePromise (http://localhost:53794/__cypress/runner/cypress_runner.js:165408:18)\n    at Promise._settlePromiseCtx (http://localhost:53794/__cypress/runner/cypress_runner.js:165445:10)\n    at Async../node_modules/bluebird/js/release/async.js.Async._drainQueue (http://localhost:53794/__cypress/runner/cypress_runner.js:162145:12)\n    at Async../node_modules/bluebird/js/release/async.js.Async._drainQueues (http://localhost:53794/__cypress/runner/cypress_runner.js:162150:10)\n    at Async.drainQueues (http://localhost:53794/__cypress/runner/cypress_runner.js:162024:14)",
                "diff": ""
              },
              "uuid": "e0f083a4-0e45-46ef-84cf-13c317f93d12",
              "parentUUID": "a4ea9735-4af9-4604-9ed7-7b9aa55dd666",
              "isHook": false,
              "skipped": false
            },
            {
              "title": "Verifica se a cor preta ainda está presente e é a primeira na sua paleta de cores",
              "fullTitle": "12 - Faça com que as cores da paleta sejam geradas aleatoriamente ao carregar a página. Verifica se a cor preta ainda está presente e é a primeira na sua paleta de cores",
              "timedOut": null,
              "duration": 1069,
              "state": "failed",
              "speed": null,
              "pass": false,
              "fail": true,
              "pending": false,
              "context": null,
              "code": "cy.get('.color').then(function (colors) {\n  var currentColors;\n  var previousColors;\n  previousColors = Array.from(colors).map(function (color) {\n    return Cypress.$(color).css('background-color');\n  });\n  expect(previousColors[0]).to.eq(BLACK);\n  for (var i = 0; i < 5; i += 1) {\n    cy.reload();\n    cy.get('.color').then(function (colors) {\n      currentColors = Array.from(colors).map(function (color) {\n        return Cypress.$(color).css('background-color');\n      });\n      expect(currentColors[0]).to.eq(BLACK);\n      expect(currentColors).not.to.deep.equal(previousColors);\n      previousColors = currentColors;\n    });\n  }\n});",
              "err": {
                "message": "AssertionError: expected [ Array(4) ] to not deeply equal [ Array(4) ]",
                "estack": "AssertionError: expected [ Array(4) ] to not deeply equal [ Array(4) ]\n    at getRet (http://localhost:53794/__cypress/runner/cypress_runner.js:136585:16)\n    at tryCatcher (http://localhost:53794/__cypress/runner/cypress_runner.js:167415:23)\n    at Function.Promise.attempt.Promise.try (http://localhost:53794/__cypress/runner/cypress_runner.js:164690:29)\n    at Context.thenFn (http://localhost:53794/__cypress/runner/cypress_runner.js:136599:23)\n    at Context.then (http://localhost:53794/__cypress/runner/cypress_runner.js:136971:21)\n    at Context.<anonymous> (http://localhost:53794/__cypress/runner/cypress_runner.js:148875:21)\n    at http://localhost:53794/__cypress/runner/cypress_runner.js:148351:33\n    at tryCatcher (http://localhost:53794/__cypress/runner/cypress_runner.js:167415:23)\n    at Promise._settlePromiseFromHandler (http://localhost:53794/__cypress/runner/cypress_runner.js:165351:31)\n    at Promise._settlePromise (http://localhost:53794/__cypress/runner/cypress_runner.js:165408:18)\n    at Promise._settlePromiseCtx (http://localhost:53794/__cypress/runner/cypress_runner.js:165445:10)\n    at Async../node_modules/bluebird/js/release/async.js.Async._drainQueue (http://localhost:53794/__cypress/runner/cypress_runner.js:162145:12)\n    at Async../node_modules/bluebird/js/release/async.js.Async._drainQueues (http://localhost:53794/__cypress/runner/cypress_runner.js:162150:10)\n    at Async.drainQueues (http://localhost:53794/__cypress/runner/cypress_runner.js:162024:14)",
                "diff": ""
              },
              "uuid": "200d671e-eff3-41f1-9bbe-f03597794df0",
              "parentUUID": "a4ea9735-4af9-4604-9ed7-7b9aa55dd666",
              "isHook": false,
              "skipped": false
            }
          ],
          "suites": [],
          "passes": [],
          "failures": [
            "e0f083a4-0e45-46ef-84cf-13c317f93d12",
            "200d671e-eff3-41f1-9bbe-f03597794df0"
          ],
          "pending": [],
          "skipped": [],
          "duration": 2268,
          "root": false,
          "rootEmpty": false,
          "_timeout": 2000
        }
      ],
      "passes": [],
      "failures": [],
      "pending": [],
      "skipped": [],
      "duration": 0,
      "root": true,
      "rootEmpty": true,
      "_timeout": 2000
    }
  ],
  "meta": {
    "mocha": {
      "version": "7.0.1"
    },
    "mochawesome": {
      "options": {
        "quiet": false,
        "reportFilename": "mochawesome",
        "saveHtml": false,
        "saveJson": true,
        "consoleReporter": "spec",
        "useInlineDiffs": false
      },
      "version": "4.1.0"
    },
    "marge": {
      "options": {
        "id": "default",
        "reportDir": "cypress/reports",
        "overwrite": true,
        "html": false,
        "json": true
      },
      "version": "4.1.0"
    }
  }
}