{
  "stats": {
    "suites": 12,
    "tests": 41,
    "passes": 21,
    "pending": 0,
    "failures": 20,
    "start": "2021-08-17T18:16:52.529Z",
    "end": "2021-08-17T18:18:29.978Z",
    "duration": 97449,
    "testsRegistered": 41,
    "passPercent": 51.21951219512195,
    "pendingPercent": 0,
    "other": 0,
    "hasOther": false,
    "skipped": 0,
    "hasSkipped": false
  },
  "results": [
    {
      "uuid": "e53bebce-6afc-4e54-a687-a575189c86da",
      "title": "",
      "fullFile": "cypress/integration/project.spec.js",
      "file": "cypress/integration/project.spec.js",
      "beforeHooks": [],
      "afterHooks": [],
      "tests": [],
      "suites": [
        {
          "uuid": "4593255a-4fae-43e5-b896-01801afdb13d",
          "title": "1 - Adicione à página o título \"Paleta de Cores\".",
          "fullFile": "",
          "file": "",
          "beforeHooks": [],
          "afterHooks": [],
          "tests": [
            {
              "title": "Verifica se contém um elemento `h1` com o id `title` com o título correto",
              "fullTitle": "1 - Adicione à página o título \"Paleta de Cores\". Verifica se contém um elemento `h1` com o id `title` com o título correto",
              "timedOut": null,
              "duration": 201,
              "state": "passed",
              "speed": "slow",
              "pass": true,
              "fail": false,
              "pending": false,
              "context": null,
              "code": "cy.get('h1#title').should('contain.text', 'Paleta de Cores');",
              "err": {},
              "uuid": "7ead3c97-8792-4630-a95f-3b23713ca466",
              "parentUUID": "4593255a-4fae-43e5-b896-01801afdb13d",
              "isHook": false,
              "skipped": false
            }
          ],
          "suites": [],
          "passes": [
            "7ead3c97-8792-4630-a95f-3b23713ca466"
          ],
          "failures": [],
          "pending": [],
          "skipped": [],
          "duration": 201,
          "root": false,
          "rootEmpty": false,
          "_timeout": 2000
        },
        {
          "uuid": "9c6364d6-83b7-4166-ad73-2e3bd6d99f83",
          "title": "2 - Adicione à página uma paleta de quatro cores distintas.",
          "fullFile": "",
          "file": "",
          "beforeHooks": [],
          "afterHooks": [],
          "tests": [
            {
              "title": "A paleta de cores deve ser um elemento com `id` denominado `color-palette`",
              "fullTitle": "2 - Adicione à página uma paleta de quatro cores distintas. A paleta de cores deve ser um elemento com `id` denominado `color-palette`",
              "timedOut": null,
              "duration": 185,
              "state": "passed",
              "speed": "slow",
              "pass": true,
              "fail": false,
              "pending": false,
              "context": null,
              "code": "cy.get('#color-palette').should('be.visible');",
              "err": {},
              "uuid": "518056a6-b964-41b1-aefb-56c44d89e6fd",
              "parentUUID": "9c6364d6-83b7-4166-ad73-2e3bd6d99f83",
              "isHook": false,
              "skipped": false
            },
            {
              "title": "Verifica se cada cor individual da paleta de cores possui a `classe` chamada `color`.",
              "fullTitle": "2 - Adicione à página uma paleta de quatro cores distintas. Verifica se cada cor individual da paleta de cores possui a `classe` chamada `color`.",
              "timedOut": null,
              "duration": 149,
              "state": "passed",
              "speed": "slow",
              "pass": true,
              "fail": false,
              "pending": false,
              "context": null,
              "code": "cy.get('.color').should('have.length', 4).then(function (colors) {\n  for (var i = 0; i < colors.length; i++) {\n    cy.wrap(colors[i]).should('be.visible');\n  }\n});",
              "err": {},
              "uuid": "bcf7f195-8f43-47ef-897e-8c3106717253",
              "parentUUID": "9c6364d6-83b7-4166-ad73-2e3bd6d99f83",
              "isHook": false,
              "skipped": false
            },
            {
              "title": "Verifica se a cor de fundo de cada elemento da paleta é a cor que o elemento representa. **A única cor não permitida na paleta é a cor branca.**",
              "fullTitle": "2 - Adicione à página uma paleta de quatro cores distintas. Verifica se a cor de fundo de cada elemento da paleta é a cor que o elemento representa. **A única cor não permitida na paleta é a cor branca.**",
              "timedOut": null,
              "duration": 228,
              "state": "passed",
              "speed": "slow",
              "pass": true,
              "fail": false,
              "pending": false,
              "context": null,
              "code": "cy.get('.color').each(function (color) {\n  cy.wrap(color).should('have.class', 'color').and('not.have.css', 'background-color', WHITE);\n  cy.wrap(color).should('have.css', 'background-color');\n});",
              "err": {},
              "uuid": "ac1a23bb-8edd-4d98-8857-28f91e1b577b",
              "parentUUID": "9c6364d6-83b7-4166-ad73-2e3bd6d99f83",
              "isHook": false,
              "skipped": false
            },
            {
              "title": "Verifica se cada elemento da paleta de cores tem uma borda preta, sólida e com 1 pixel de largura;",
              "fullTitle": "2 - Adicione à página uma paleta de quatro cores distintas. Verifica se cada elemento da paleta de cores tem uma borda preta, sólida e com 1 pixel de largura;",
              "timedOut": null,
              "duration": 135,
              "state": "passed",
              "speed": "slow",
              "pass": true,
              "fail": false,
              "pending": false,
              "context": null,
              "code": "cy.get('.color').each(function (color) {\n  cy.wrap(color).and('have.css', 'border', \"1px solid \".concat(BLACK)).and('have.class', 'color');\n});",
              "err": {},
              "uuid": "09eb63fa-7910-4d4a-9818-b74ee59df18c",
              "parentUUID": "9c6364d6-83b7-4166-ad73-2e3bd6d99f83",
              "isHook": false,
              "skipped": false
            },
            {
              "title": "Verifica se a paleta lista todas as cores disponíveis para utilização, lado a lado.",
              "fullTitle": "2 - Adicione à página uma paleta de quatro cores distintas. Verifica se a paleta lista todas as cores disponíveis para utilização, lado a lado.",
              "timedOut": null,
              "duration": 142,
              "state": "passed",
              "speed": "slow",
              "pass": true,
              "fail": false,
              "pending": false,
              "context": null,
              "code": "cy.get('.color').then(function (colors) {\n  for (var index = 1; index < colors.length; index += 1) {\n    var currentColor = colors[index];\n    var previousColor = colors[index - 1];\n    cy.wrap(currentColor).should('be.onTheRightOf', previousColor).and('be.horizontallyAlignedWith', previousColor);\n  }\n});",
              "err": {},
              "uuid": "2de48b9e-d1b0-45c0-b1d2-43ca371b970f",
              "parentUUID": "9c6364d6-83b7-4166-ad73-2e3bd6d99f83",
              "isHook": false,
              "skipped": false
            },
            {
              "title": "Verifica se a paleta de cores está posicionada abaixo do título 'Paleta de Cores'",
              "fullTitle": "2 - Adicione à página uma paleta de quatro cores distintas. Verifica se a paleta de cores está posicionada abaixo do título 'Paleta de Cores'",
              "timedOut": null,
              "duration": 117,
              "state": "passed",
              "speed": "slow",
              "pass": true,
              "fail": false,
              "pending": false,
              "context": null,
              "code": "cy.get('h1#title').then(function (title) {\n  cy.get('#color-palette').should('be.belowOf', title);\n});",
              "err": {},
              "uuid": "4583f1f1-a24c-4df3-9ce4-361daf5e876d",
              "parentUUID": "9c6364d6-83b7-4166-ad73-2e3bd6d99f83",
              "isHook": false,
              "skipped": false
            },
            {
              "title": "Verifica se a paleta de cores não contém cores repetidas.",
              "fullTitle": "2 - Adicione à página uma paleta de quatro cores distintas. Verifica se a paleta de cores não contém cores repetidas.",
              "timedOut": null,
              "duration": 168,
              "state": "passed",
              "speed": "slow",
              "pass": true,
              "fail": false,
              "pending": false,
              "context": null,
              "code": "cy.get('.color').then(function (colors) {\n  var allColors = Array.from(colors).map(function (color) {\n    return Cypress.$(color).css('background-color');\n  });\n  cy.log(allColors);\n  var uniqColors = (0, _toConsumableArray2[\"default\"])(new Set(allColors));\n  cy.log(uniqColors);\n  expect(allColors.length).to.eq(uniqColors.length);\n});",
              "err": {},
              "uuid": "aca384ab-1040-4264-8577-9118e8efb4a2",
              "parentUUID": "9c6364d6-83b7-4166-ad73-2e3bd6d99f83",
              "isHook": false,
              "skipped": false
            }
          ],
          "suites": [],
          "passes": [
            "518056a6-b964-41b1-aefb-56c44d89e6fd",
            "bcf7f195-8f43-47ef-897e-8c3106717253",
            "ac1a23bb-8edd-4d98-8857-28f91e1b577b",
            "09eb63fa-7910-4d4a-9818-b74ee59df18c",
            "2de48b9e-d1b0-45c0-b1d2-43ca371b970f",
            "4583f1f1-a24c-4df3-9ce4-361daf5e876d",
            "aca384ab-1040-4264-8577-9118e8efb4a2"
          ],
          "failures": [],
          "pending": [],
          "skipped": [],
          "duration": 1124,
          "root": false,
          "rootEmpty": false,
          "_timeout": 2000
        },
        {
          "uuid": "4e441f11-ce15-48d8-9cef-6f3ac19c81a0",
          "title": "3 - Adicione a cor **preta** como a primeira cor da paleta de cores.",
          "fullFile": "",
          "file": "",
          "beforeHooks": [],
          "afterHooks": [],
          "tests": [
            {
              "title": "Verifica se a primeira cor da paleta é preta",
              "fullTitle": "3 - Adicione a cor **preta** como a primeira cor da paleta de cores. Verifica se a primeira cor da paleta é preta",
              "timedOut": null,
              "duration": 119,
              "state": "passed",
              "speed": "slow",
              "pass": true,
              "fail": false,
              "pending": false,
              "context": null,
              "code": "cy.get('.color').first().should('have.css', 'background-color', BLACK);",
              "err": {},
              "uuid": "d7bf804e-c38a-40ac-b254-a241617a49c2",
              "parentUUID": "4e441f11-ce15-48d8-9cef-6f3ac19c81a0",
              "isHook": false,
              "skipped": false
            },
            {
              "title": "Verifica se as demais cores podem ser escolhidas livremente.",
              "fullTitle": "3 - Adicione a cor **preta** como a primeira cor da paleta de cores. Verifica se as demais cores podem ser escolhidas livremente.",
              "timedOut": null,
              "duration": 218,
              "state": "passed",
              "speed": "slow",
              "pass": true,
              "fail": false,
              "pending": false,
              "context": null,
              "code": "cy.get('.color').eq(1).should('not.have.css', 'background-color', BLACK);\ncy.get('.color').eq(1).should('not.have.css', 'background-color', WHITE);\ncy.get('.color').eq(1).should('not.have.css', 'background-color', 'rgba(0, 0, 0, 0)');\ncy.get('.color').eq(1).should('have.css', 'background-color');\ncy.get('.color').eq(2).should('not.have.css', 'background-color', BLACK);\ncy.get('.color').eq(2).should('not.have.css', 'background-color', WHITE);\ncy.get('.color').eq(2).should('not.have.css', 'background-color', 'rgba(0, 0, 0, 0)');\ncy.get('.color').eq(2).should('have.css', 'background-color');\ncy.get('.color').eq(3).should('not.have.css', 'background-color', BLACK);\ncy.get('.color').eq(3).should('not.have.css', 'background-color', WHITE);\ncy.get('.color').eq(3).should('not.have.css', 'background-color', 'rgba(0, 0, 0, 0)');\ncy.get('.color').eq(3).should('have.css', 'background-color');",
              "err": {},
              "uuid": "d274daf1-f74d-4b92-8399-7151ef17eaef",
              "parentUUID": "4e441f11-ce15-48d8-9cef-6f3ac19c81a0",
              "isHook": false,
              "skipped": false
            }
          ],
          "suites": [],
          "passes": [
            "d7bf804e-c38a-40ac-b254-a241617a49c2",
            "d274daf1-f74d-4b92-8399-7151ef17eaef"
          ],
          "failures": [],
          "pending": [],
          "skipped": [],
          "duration": 337,
          "root": false,
          "rootEmpty": false,
          "_timeout": 2000
        },
        {
          "uuid": "b655ca59-13aa-4ee6-a423-cd9d37b5172d",
          "title": "4 - Adicione à página um quadro de pixels, com 25 pixels.",
          "fullFile": "",
          "file": "",
          "beforeHooks": [],
          "afterHooks": [],
          "tests": [
            {
              "title": "Verifica se o quadro de pixels possui o `id` denominado `pixel-board`",
              "fullTitle": "4 - Adicione à página um quadro de pixels, com 25 pixels. Verifica se o quadro de pixels possui o `id` denominado `pixel-board`",
              "timedOut": null,
              "duration": 106,
              "state": "passed",
              "speed": "slow",
              "pass": true,
              "fail": false,
              "pending": false,
              "context": null,
              "code": "cy.get('#pixel-board').should('be.visible');",
              "err": {},
              "uuid": "c0b88829-2aba-46e6-8aae-73e8a6f53503",
              "parentUUID": "b655ca59-13aa-4ee6-a423-cd9d37b5172d",
              "isHook": false,
              "skipped": false
            },
            {
              "title": "Verifica se cada pixel individual dentro do quadro possui a `classe` denominada `pixel`.",
              "fullTitle": "4 - Adicione à página um quadro de pixels, com 25 pixels. Verifica se cada pixel individual dentro do quadro possui a `classe` denominada `pixel`.",
              "timedOut": null,
              "duration": 176,
              "state": "passed",
              "speed": "slow",
              "pass": true,
              "fail": false,
              "pending": false,
              "context": null,
              "code": "cy.get('.pixel').should('have.length', 25);",
              "err": {},
              "uuid": "65345ea6-64af-4f72-8a2d-6c0914fde147",
              "parentUUID": "b655ca59-13aa-4ee6-a423-cd9d37b5172d",
              "isHook": false,
              "skipped": false
            },
            {
              "title": "Verifica se a cor inicial dos pixels dentro do quadro, ao abrir a página, é branca.",
              "fullTitle": "4 - Adicione à página um quadro de pixels, com 25 pixels. Verifica se a cor inicial dos pixels dentro do quadro, ao abrir a página, é branca.",
              "timedOut": null,
              "duration": 185,
              "state": "passed",
              "speed": "slow",
              "pass": true,
              "fail": false,
              "pending": false,
              "context": null,
              "code": "cy.get('.pixel').should('have.length', 25).each(function (pixel) {\n  expect(pixel).to.have.css('background-color', WHITE);\n});",
              "err": {},
              "uuid": "1b5a126a-7e5d-47d9-a4fc-be7b2d4a38a4",
              "parentUUID": "b655ca59-13aa-4ee6-a423-cd9d37b5172d",
              "isHook": false,
              "skipped": false
            },
            {
              "title": "Verifica se o quadro de pixels aparece abaixo da paleta de cores",
              "fullTitle": "4 - Adicione à página um quadro de pixels, com 25 pixels. Verifica se o quadro de pixels aparece abaixo da paleta de cores",
              "timedOut": null,
              "duration": 129,
              "state": "passed",
              "speed": "slow",
              "pass": true,
              "fail": false,
              "pending": false,
              "context": null,
              "code": "cy.get('#color-palette').then(function (palette) {\n  cy.get('#pixel-board').should('be.belowOf', palette);\n});",
              "err": {},
              "uuid": "cbb70b4e-8607-466e-b0b5-8b88a4ce320e",
              "parentUUID": "b655ca59-13aa-4ee6-a423-cd9d37b5172d",
              "isHook": false,
              "skipped": false
            }
          ],
          "suites": [],
          "passes": [
            "c0b88829-2aba-46e6-8aae-73e8a6f53503",
            "65345ea6-64af-4f72-8a2d-6c0914fde147",
            "1b5a126a-7e5d-47d9-a4fc-be7b2d4a38a4",
            "cbb70b4e-8607-466e-b0b5-8b88a4ce320e"
          ],
          "failures": [],
          "pending": [],
          "skipped": [],
          "duration": 596,
          "root": false,
          "rootEmpty": false,
          "_timeout": 2000
        },
        {
          "uuid": "e1276ece-3773-4979-8101-aefe84aa261d",
          "title": "5 - Faça com que cada elemento do quadro de pixels possua 40 pixels de largura, 40 pixels de altura e seja delimitado por uma borda preta de 1 pixel.",
          "fullFile": "",
          "file": "",
          "beforeHooks": [],
          "afterHooks": [],
          "tests": [
            {
              "title": "Verifica se o quadro de pixels tem altura e comprimento de 5 elementos",
              "fullTitle": "5 - Faça com que cada elemento do quadro de pixels possua 40 pixels de largura, 40 pixels de altura e seja delimitado por uma borda preta de 1 pixel. Verifica se o quadro de pixels tem altura e comprimento de 5 elementos",
              "timedOut": null,
              "duration": 344,
              "state": "passed",
              "speed": "slow",
              "pass": true,
              "fail": false,
              "pending": false,
              "context": null,
              "code": "cy.get('.pixel').should('have.length', 25).each(function (pixel) {\n  expect(pixel).to.have.css('background-color', WHITE);\n}).and(function (pixels) {\n  var rows = chunk(pixels, 5);\n  rows.forEach(function (row) {\n    for (var index = 1; index < row.length; index += 1) {\n      var current = pixels[index];\n      var previous = pixels[index - 1];\n      cy.wrap(current).should('be.onTheRightOf', previous).and('be.horizontallyAlignedWith', previous);\n    }\n  });\n  for (var index = 1; index < 5; index += 1) {\n    expect(pixels[index * 5]).to.be.belowOf(pixels[(index - 1) * 5]);\n  }\n});",
              "err": {},
              "uuid": "ac0ce792-93ac-4620-9a23-05770c34274e",
              "parentUUID": "e1276ece-3773-4979-8101-aefe84aa261d",
              "isHook": false,
              "skipped": false
            },
            {
              "title": "Verifica se 40 pixels é o tamanho total do elemento, incluindo seu conteúdo e excluindo a borda preta, que deve ser criada à parte.",
              "fullTitle": "5 - Faça com que cada elemento do quadro de pixels possua 40 pixels de largura, 40 pixels de altura e seja delimitado por uma borda preta de 1 pixel. Verifica se 40 pixels é o tamanho total do elemento, incluindo seu conteúdo e excluindo a borda preta, que deve ser criada à parte.",
              "timedOut": null,
              "duration": 276,
              "state": "passed",
              "speed": "slow",
              "pass": true,
              "fail": false,
              "pending": false,
              "context": null,
              "code": "cy.get('.pixel').each(function (pixel) {\n  cy.wrap(pixel).should('have.css', 'height', '40px').and('have.css', 'width', '40px').and('have.css', 'border', \"1px solid \".concat(BLACK));\n});",
              "err": {},
              "uuid": "055f2bd0-cdfe-49ba-b974-e987969f72a8",
              "parentUUID": "e1276ece-3773-4979-8101-aefe84aa261d",
              "isHook": false,
              "skipped": false
            }
          ],
          "suites": [],
          "passes": [
            "ac0ce792-93ac-4620-9a23-05770c34274e",
            "055f2bd0-cdfe-49ba-b974-e987969f72a8"
          ],
          "failures": [],
          "pending": [],
          "skipped": [],
          "duration": 620,
          "root": false,
          "rootEmpty": false,
          "_timeout": 2000
        },
        {
          "uuid": "b782e181-72b9-4513-bbd7-1049dfc1186c",
          "title": "6 - Defina a cor preta como cor inicial. Ao carregar a página a cor preta já deve estar selecionada para pintar os pixels",
          "fullFile": "",
          "file": "",
          "beforeHooks": [],
          "afterHooks": [],
          "tests": [
            {
              "title": "Verifica se o elemento da cor preta possui, inicialmente, a `classe` `selected`",
              "fullTitle": "6 - Defina a cor preta como cor inicial. Ao carregar a página a cor preta já deve estar selecionada para pintar os pixels Verifica se o elemento da cor preta possui, inicialmente, a `classe` `selected`",
              "timedOut": null,
              "duration": 107,
              "state": "passed",
              "speed": "slow",
              "pass": true,
              "fail": false,
              "pending": false,
              "context": null,
              "code": "cy.get('.selected').first().should('have.css', 'background-color', BLACK);",
              "err": {},
              "uuid": "12b1e193-1e86-42f1-9e3b-9c15eac71a5c",
              "parentUUID": "b782e181-72b9-4513-bbd7-1049dfc1186c",
              "isHook": false,
              "skipped": false
            },
            {
              "title": "Verifica se nenhuma outra cor da paleta tem a `classe` `selected`",
              "fullTitle": "6 - Defina a cor preta como cor inicial. Ao carregar a página a cor preta já deve estar selecionada para pintar os pixels Verifica se nenhuma outra cor da paleta tem a `classe` `selected`",
              "timedOut": null,
              "duration": 155,
              "state": "passed",
              "speed": "slow",
              "pass": true,
              "fail": false,
              "pending": false,
              "context": null,
              "code": "cy.get('.color:not(:first-child)').each(function (color) {\n  cy.wrap(color).should('not.have.class', 'selected');\n});",
              "err": {},
              "uuid": "18481375-30b9-4013-a9e1-7dde56dbd1fc",
              "parentUUID": "b782e181-72b9-4513-bbd7-1049dfc1186c",
              "isHook": false,
              "skipped": false
            }
          ],
          "suites": [],
          "passes": [
            "12b1e193-1e86-42f1-9e3b-9c15eac71a5c",
            "18481375-30b9-4013-a9e1-7dde56dbd1fc"
          ],
          "failures": [],
          "pending": [],
          "skipped": [],
          "duration": 262,
          "root": false,
          "rootEmpty": false,
          "_timeout": 2000
        },
        {
          "uuid": "06041b02-daa6-4384-a529-897e9b00d3b3",
          "title": "7 - Clicar em uma das cores da paleta, faz com que ela seja selecionada e utilizada para preencher os pixels no quadro.",
          "fullFile": "",
          "file": "",
          "beforeHooks": [],
          "afterHooks": [],
          "tests": [
            {
              "title": "Verifica se somente uma cor da paleta de cores tem a classe `selected` de cada vez",
              "fullTitle": "7 - Clicar em uma das cores da paleta, faz com que ela seja selecionada e utilizada para preencher os pixels no quadro. Verifica se somente uma cor da paleta de cores tem a classe `selected` de cada vez",
              "timedOut": null,
              "duration": 529,
              "state": "passed",
              "speed": "slow",
              "pass": true,
              "fail": false,
              "pending": false,
              "context": null,
              "code": "cy.get('.color').each(function (selectedColor, selectedColorIndex) {\n  cy.wrap(selectedColor).click();\n  cy.get('.color').each(function (color, colorIndex) {\n    if (colorIndex === selectedColorIndex) {\n      expect(color).to.have[\"class\"]('selected');\n    } else {\n      expect(color).not.to.have[\"class\"]('selected');\n    }\n  });\n});",
              "err": {},
              "uuid": "d64ac870-9c55-4922-acc1-7dd7f4305be0",
              "parentUUID": "06041b02-daa6-4384-a529-897e9b00d3b3",
              "isHook": false,
              "skipped": false
            },
            {
              "title": "Verifica se os pixels dentro do quadro não têm a classe `selected` quando são clicados",
              "fullTitle": "7 - Clicar em uma das cores da paleta, faz com que ela seja selecionada e utilizada para preencher os pixels no quadro. Verifica se os pixels dentro do quadro não têm a classe `selected` quando são clicados",
              "timedOut": null,
              "duration": 9657,
              "state": "passed",
              "speed": "slow",
              "pass": true,
              "fail": false,
              "pending": false,
              "context": null,
              "code": "cy.get('.color').each(function (color) {\n  var backgroundColor = color.css('background-color');\n  cy.wrap(color).click();\n  cy.get('.pixel').each(function (pixel) {\n    cy.wrap(pixel).click().should('not.have.class', 'selected');\n  });\n});",
              "err": {},
              "uuid": "fae8ecda-71cb-4d75-bee4-9dff7bc2a273",
              "parentUUID": "06041b02-daa6-4384-a529-897e9b00d3b3",
              "isHook": false,
              "skipped": false
            }
          ],
          "suites": [],
          "passes": [
            "d64ac870-9c55-4922-acc1-7dd7f4305be0",
            "fae8ecda-71cb-4d75-bee4-9dff7bc2a273"
          ],
          "failures": [],
          "pending": [],
          "skipped": [],
          "duration": 10186,
          "root": false,
          "rootEmpty": false,
          "_timeout": 2000
        },
        {
          "uuid": "3a22ea34-7fd1-49ad-a7a7-1b648c080b7d",
          "title": "8 - Clicar em um pixel dentro do quadro após selecionar uma cor na paleta, faz com que o pixel seja preenchido com a cor selecionada.",
          "fullFile": "",
          "file": "",
          "beforeHooks": [],
          "afterHooks": [],
          "tests": [
            {
              "title": "Verifica se ao carregar a página deve ser possível pintar os pixels de preto",
              "fullTitle": "8 - Clicar em um pixel dentro do quadro após selecionar uma cor na paleta, faz com que o pixel seja preenchido com a cor selecionada. Verifica se ao carregar a página deve ser possível pintar os pixels de preto",
              "timedOut": null,
              "duration": 4440,
              "state": "failed",
              "speed": null,
              "pass": false,
              "fail": true,
              "pending": false,
              "context": null,
              "code": "cy.get('.pixel').each(function (pixel) {\n  cy.wrap(pixel).click().should('have.css', 'background-color', BLACK);\n});",
              "err": {
                "message": "CypressError: Timed out retrying: expected '<div.pixel>' to have CSS property 'background-color' with the value 'rgb(0, 0, 0)', but the value was 'rgb(255, 255, 255)'",
                "estack": "CypressError: Timed out retrying: expected '<div.pixel>' to have CSS property 'background-color' with the value 'rgb(0, 0, 0)', but the value was 'rgb(255, 255, 255)'\n    at cypressErr (http://localhost:43383/__cypress/runner/cypress_runner.js:149934:9)\n    at throwErr (http://localhost:43383/__cypress/runner/cypress_runner.js:149867:11)\n    at Object.throwErrByPath (http://localhost:43383/__cypress/runner/cypress_runner.js:149915:3)\n    at retry (http://localhost:43383/__cypress/runner/cypress_runner.js:144197:19)\n    at onFailFn (http://localhost:43383/__cypress/runner/cypress_runner.js:132448:16)\n    at tryCatcher (http://localhost:43383/__cypress/runner/cypress_runner.js:167415:23)\n    at Promise._settlePromiseFromHandler (http://localhost:43383/__cypress/runner/cypress_runner.js:165351:31)\n    at Promise._settlePromise (http://localhost:43383/__cypress/runner/cypress_runner.js:165408:18)\n    at Promise._settlePromise0 (http://localhost:43383/__cypress/runner/cypress_runner.js:165453:10)\n    at Promise._settlePromises (http://localhost:43383/__cypress/runner/cypress_runner.js:165528:18)\n    at Async../node_modules/bluebird/js/release/async.js.Async._drainQueue (http://localhost:43383/__cypress/runner/cypress_runner.js:162140:16)\n    at Async../node_modules/bluebird/js/release/async.js.Async._drainQueues (http://localhost:43383/__cypress/runner/cypress_runner.js:162150:10)\n    at Async.drainQueues (http://localhost:43383/__cypress/runner/cypress_runner.js:162024:14)",
                "diff": null
              },
              "uuid": "cce298a7-0bda-4549-b1d2-8d8a37b75638",
              "parentUUID": "3a22ea34-7fd1-49ad-a7a7-1b648c080b7d",
              "isHook": false,
              "skipped": false
            },
            {
              "title": "Verifica se após selecionar uma outra cor na paleta, é possível pintar os pixels com essa cor",
              "fullTitle": "8 - Clicar em um pixel dentro do quadro após selecionar uma cor na paleta, faz com que o pixel seja preenchido com a cor selecionada. Verifica se após selecionar uma outra cor na paleta, é possível pintar os pixels com essa cor",
              "timedOut": null,
              "duration": 4627,
              "state": "failed",
              "speed": null,
              "pass": false,
              "fail": true,
              "pending": false,
              "context": null,
              "code": "cy.get('.color').each(function (color) {\n  var backgroundColor = color.css('background-color');\n  cy.wrap(color).click();\n  cy.get('.pixel').each(function (pixel) {\n    cy.wrap(pixel).click().should('have.css', 'background-color', backgroundColor);\n  });\n});",
              "err": {
                "message": "CypressError: Timed out retrying: expected '<div.pixel>' to have CSS property 'background-color' with the value 'rgb(0, 0, 0)', but the value was 'rgb(255, 255, 255)'",
                "estack": "CypressError: Timed out retrying: expected '<div.pixel>' to have CSS property 'background-color' with the value 'rgb(0, 0, 0)', but the value was 'rgb(255, 255, 255)'\n    at cypressErr (http://localhost:43383/__cypress/runner/cypress_runner.js:149934:9)\n    at throwErr (http://localhost:43383/__cypress/runner/cypress_runner.js:149867:11)\n    at Object.throwErrByPath (http://localhost:43383/__cypress/runner/cypress_runner.js:149915:3)\n    at retry (http://localhost:43383/__cypress/runner/cypress_runner.js:144197:19)\n    at onFailFn (http://localhost:43383/__cypress/runner/cypress_runner.js:132448:16)\n    at tryCatcher (http://localhost:43383/__cypress/runner/cypress_runner.js:167415:23)\n    at Promise._settlePromiseFromHandler (http://localhost:43383/__cypress/runner/cypress_runner.js:165351:31)\n    at Promise._settlePromise (http://localhost:43383/__cypress/runner/cypress_runner.js:165408:18)\n    at Promise._settlePromise0 (http://localhost:43383/__cypress/runner/cypress_runner.js:165453:10)\n    at Promise._settlePromises (http://localhost:43383/__cypress/runner/cypress_runner.js:165528:18)\n    at Async../node_modules/bluebird/js/release/async.js.Async._drainQueue (http://localhost:43383/__cypress/runner/cypress_runner.js:162140:16)\n    at Async../node_modules/bluebird/js/release/async.js.Async._drainQueues (http://localhost:43383/__cypress/runner/cypress_runner.js:162150:10)\n    at Async.drainQueues (http://localhost:43383/__cypress/runner/cypress_runner.js:162024:14)",
                "diff": null
              },
              "uuid": "99298e9a-8a0c-488f-83ca-33c3be2e48a5",
              "parentUUID": "3a22ea34-7fd1-49ad-a7a7-1b648c080b7d",
              "isHook": false,
              "skipped": false
            },
            {
              "title": "Verifica se somente o pixel que foi clicado foi preenchido com a cor selecionada, sem influenciar na cor dos demais pixels.",
              "fullTitle": "8 - Clicar em um pixel dentro do quadro após selecionar uma cor na paleta, faz com que o pixel seja preenchido com a cor selecionada. Verifica se somente o pixel que foi clicado foi preenchido com a cor selecionada, sem influenciar na cor dos demais pixels.",
              "timedOut": null,
              "duration": 1762,
              "state": "passed",
              "speed": "slow",
              "pass": true,
              "fail": false,
              "pending": false,
              "context": null,
              "code": "var colorToPixelIndexMap = {\n  0: 6,\n  1: 8,\n  2: 16,\n  3: 18\n};\ncy.get('.color').each(function (color, index) {\n  cy.wrap(color).click();\n  var backgroundColor = color.css('background-color');\n  var clickedPixelIndex = colorToPixelIndexMap[index];\n  cy.get('.pixel').eq(clickedPixelIndex).click();\n  cy.get('.pixel').eq(clickedPixelIndex - 1).should('not.have.css', 'background-color', backgroundColor);\n  cy.get('.pixel').eq(clickedPixelIndex + 1).should('not.have.css', 'background-color', backgroundColor);\n  cy.get('.pixel').eq(clickedPixelIndex - 5).should('not.have.css', 'background-color', backgroundColor);\n  cy.get('.pixel').eq(clickedPixelIndex + 5).should('not.have.css', 'background-color', backgroundColor);\n  cy.get('.pixel').eq(clickedPixelIndex - 6).should('not.have.css', 'background-color', backgroundColor);\n  cy.get('.pixel').eq(clickedPixelIndex - 4).should('not.have.css', 'background-color', backgroundColor);\n  cy.get('.pixel').eq(clickedPixelIndex + 4).should('not.have.css', 'background-color', backgroundColor);\n  cy.get('.pixel').eq(clickedPixelIndex + 6).should('not.have.css', 'background-color', backgroundColor);\n});",
              "err": {},
              "uuid": "d030eaae-ec72-4f42-b25b-bcca1a14d364",
              "parentUUID": "3a22ea34-7fd1-49ad-a7a7-1b648c080b7d",
              "isHook": false,
              "skipped": false
            }
          ],
          "suites": [],
          "passes": [
            "d030eaae-ec72-4f42-b25b-bcca1a14d364"
          ],
          "failures": [
            "cce298a7-0bda-4549-b1d2-8d8a37b75638",
            "99298e9a-8a0c-488f-83ca-33c3be2e48a5"
          ],
          "pending": [],
          "skipped": [],
          "duration": 10829,
          "root": false,
          "rootEmpty": false,
          "_timeout": 2000
        },
        {
          "uuid": "39df9718-214d-4719-894c-d2aa7be39518",
          "title": "9 - Crie um botão que, ao ser clicado, limpa o quadro preenchendo a cor de todos seus pixels com branco.",
          "fullFile": "",
          "file": "",
          "beforeHooks": [],
          "afterHooks": [],
          "tests": [
            {
              "title": "Verifica se o botão tem o `id` denominado `clear-board`",
              "fullTitle": "9 - Crie um botão que, ao ser clicado, limpa o quadro preenchendo a cor de todos seus pixels com branco. Verifica se o botão tem o `id` denominado `clear-board`",
              "timedOut": null,
              "duration": 4485,
              "state": "failed",
              "speed": null,
              "pass": false,
              "fail": true,
              "pending": false,
              "context": null,
              "code": "cy.get('#clear-board').should('be.visible');",
              "err": {
                "message": "CypressError: Timed out retrying: Expected to find element: '#clear-board', but never found it.",
                "estack": "CypressError: Timed out retrying: Expected to find element: '#clear-board', but never found it.\n    at cypressErr (http://localhost:43383/__cypress/runner/cypress_runner.js:149934:9)\n    at throwErr (http://localhost:43383/__cypress/runner/cypress_runner.js:149867:11)\n    at Object.throwErrByPath (http://localhost:43383/__cypress/runner/cypress_runner.js:149915:3)\n    at retry (http://localhost:43383/__cypress/runner/cypress_runner.js:144197:19)\n    at onFailFn (http://localhost:43383/__cypress/runner/cypress_runner.js:132448:16)\n    at tryCatcher (http://localhost:43383/__cypress/runner/cypress_runner.js:167415:23)\n    at Promise._settlePromiseFromHandler (http://localhost:43383/__cypress/runner/cypress_runner.js:165351:31)\n    at Promise._settlePromise (http://localhost:43383/__cypress/runner/cypress_runner.js:165408:18)\n    at Promise._settlePromise0 (http://localhost:43383/__cypress/runner/cypress_runner.js:165453:10)\n    at Promise._settlePromises (http://localhost:43383/__cypress/runner/cypress_runner.js:165528:18)\n    at Async../node_modules/bluebird/js/release/async.js.Async._drainQueue (http://localhost:43383/__cypress/runner/cypress_runner.js:162140:16)\n    at Async../node_modules/bluebird/js/release/async.js.Async._drainQueues (http://localhost:43383/__cypress/runner/cypress_runner.js:162150:10)\n    at Async.drainQueues (http://localhost:43383/__cypress/runner/cypress_runner.js:162024:14)",
                "diff": null
              },
              "uuid": "e9adc25a-53ab-4ef7-8108-87d0490a0e26",
              "parentUUID": "39df9718-214d-4719-894c-d2aa7be39518",
              "isHook": false,
              "skipped": false
            },
            {
              "title": "Verifica se o botão está posicionado entre a paleta de cores e o quadro de pixels",
              "fullTitle": "9 - Crie um botão que, ao ser clicado, limpa o quadro preenchendo a cor de todos seus pixels com branco. Verifica se o botão está posicionado entre a paleta de cores e o quadro de pixels",
              "timedOut": null,
              "duration": 4564,
              "state": "failed",
              "speed": null,
              "pass": false,
              "fail": true,
              "pending": false,
              "context": null,
              "code": "cy.get('#color-palette').then(function (palette) {\n  cy.get('#clear-board').should('be.belowOf', palette);\n});\ncy.get('#clear-board').then(function (clearBtn) {\n  cy.get('#pixel-board').should('be.belowOf', clearBtn);\n});",
              "err": {
                "message": "CypressError: Timed out retrying: Expected to find element: '#clear-board', but never found it.",
                "estack": "CypressError: Timed out retrying: Expected to find element: '#clear-board', but never found it.\n    at cypressErr (http://localhost:43383/__cypress/runner/cypress_runner.js:149934:9)\n    at throwErr (http://localhost:43383/__cypress/runner/cypress_runner.js:149867:11)\n    at Object.throwErrByPath (http://localhost:43383/__cypress/runner/cypress_runner.js:149915:3)\n    at retry (http://localhost:43383/__cypress/runner/cypress_runner.js:144197:19)\n    at onFailFn (http://localhost:43383/__cypress/runner/cypress_runner.js:132448:16)\n    at tryCatcher (http://localhost:43383/__cypress/runner/cypress_runner.js:167415:23)\n    at Promise._settlePromiseFromHandler (http://localhost:43383/__cypress/runner/cypress_runner.js:165351:31)\n    at Promise._settlePromise (http://localhost:43383/__cypress/runner/cypress_runner.js:165408:18)\n    at Promise._settlePromise0 (http://localhost:43383/__cypress/runner/cypress_runner.js:165453:10)\n    at Promise._settlePromises (http://localhost:43383/__cypress/runner/cypress_runner.js:165528:18)\n    at Async../node_modules/bluebird/js/release/async.js.Async._drainQueue (http://localhost:43383/__cypress/runner/cypress_runner.js:162140:16)\n    at Async../node_modules/bluebird/js/release/async.js.Async._drainQueues (http://localhost:43383/__cypress/runner/cypress_runner.js:162150:10)\n    at Async.drainQueues (http://localhost:43383/__cypress/runner/cypress_runner.js:162024:14)",
                "diff": null
              },
              "uuid": "f19c1d07-1e31-4330-8803-5e09bdb37204",
              "parentUUID": "39df9718-214d-4719-894c-d2aa7be39518",
              "isHook": false,
              "skipped": false
            },
            {
              "title": "Verifica se o texto do botão é 'Limpar'",
              "fullTitle": "9 - Crie um botão que, ao ser clicado, limpa o quadro preenchendo a cor de todos seus pixels com branco. Verifica se o texto do botão é 'Limpar'",
              "timedOut": null,
              "duration": 4387,
              "state": "failed",
              "speed": null,
              "pass": false,
              "fail": true,
              "pending": false,
              "context": null,
              "code": "cy.get('#clear-board').should('contain.text', 'Limpar');",
              "err": {
                "message": "CypressError: Timed out retrying: Expected to find element: '#clear-board', but never found it.",
                "estack": "CypressError: Timed out retrying: Expected to find element: '#clear-board', but never found it.\n    at cypressErr (http://localhost:43383/__cypress/runner/cypress_runner.js:149934:9)\n    at throwErr (http://localhost:43383/__cypress/runner/cypress_runner.js:149867:11)\n    at Object.throwErrByPath (http://localhost:43383/__cypress/runner/cypress_runner.js:149915:3)\n    at retry (http://localhost:43383/__cypress/runner/cypress_runner.js:144197:19)\n    at onFailFn (http://localhost:43383/__cypress/runner/cypress_runner.js:132448:16)\n    at tryCatcher (http://localhost:43383/__cypress/runner/cypress_runner.js:167415:23)\n    at Promise._settlePromiseFromHandler (http://localhost:43383/__cypress/runner/cypress_runner.js:165351:31)\n    at Promise._settlePromise (http://localhost:43383/__cypress/runner/cypress_runner.js:165408:18)\n    at Promise._settlePromise0 (http://localhost:43383/__cypress/runner/cypress_runner.js:165453:10)\n    at Promise._settlePromises (http://localhost:43383/__cypress/runner/cypress_runner.js:165528:18)\n    at Async../node_modules/bluebird/js/release/async.js.Async._drainQueue (http://localhost:43383/__cypress/runner/cypress_runner.js:162140:16)\n    at Async../node_modules/bluebird/js/release/async.js.Async._drainQueues (http://localhost:43383/__cypress/runner/cypress_runner.js:162150:10)\n    at Async.drainQueues (http://localhost:43383/__cypress/runner/cypress_runner.js:162024:14)",
                "diff": null
              },
              "uuid": "b936514a-9ccc-4c1a-a950-924b702a83a0",
              "parentUUID": "39df9718-214d-4719-894c-d2aa7be39518",
              "isHook": false,
              "skipped": false
            },
            {
              "title": "Verifica se ao clicar no botão, o quadro de pixels é totalmente preenchido de branco",
              "fullTitle": "9 - Crie um botão que, ao ser clicado, limpa o quadro preenchendo a cor de todos seus pixels com branco. Verifica se ao clicar no botão, o quadro de pixels é totalmente preenchido de branco",
              "timedOut": null,
              "duration": 4461,
              "state": "failed",
              "speed": null,
              "pass": false,
              "fail": true,
              "pending": false,
              "context": null,
              "code": "cy.get('.color').eq(1).then(function (color) {\n  var backgroundColor = color.css('background-color');\n  cy.wrap(color).click();\n  cy.get('.pixel').each(function (pixel) {\n    cy.wrap(pixel).click().should('have.css', 'background-color', backgroundColor);\n  });\n});\ncy.get('#clear-board').click();\ncy.get('.pixel').each(function (pixel) {\n  cy.wrap(pixel).should('have.css', 'background-color', WHITE);\n});",
              "err": {
                "message": "CypressError: Timed out retrying: expected '<div.pixel>' to have CSS property 'background-color' with the value 'rgb(0, 0, 255)', but the value was 'rgb(255, 255, 255)'",
                "estack": "CypressError: Timed out retrying: expected '<div.pixel>' to have CSS property 'background-color' with the value 'rgb(0, 0, 255)', but the value was 'rgb(255, 255, 255)'\n    at cypressErr (http://localhost:43383/__cypress/runner/cypress_runner.js:149934:9)\n    at throwErr (http://localhost:43383/__cypress/runner/cypress_runner.js:149867:11)\n    at Object.throwErrByPath (http://localhost:43383/__cypress/runner/cypress_runner.js:149915:3)\n    at retry (http://localhost:43383/__cypress/runner/cypress_runner.js:144197:19)\n    at onFailFn (http://localhost:43383/__cypress/runner/cypress_runner.js:132448:16)\n    at tryCatcher (http://localhost:43383/__cypress/runner/cypress_runner.js:167415:23)\n    at Promise._settlePromiseFromHandler (http://localhost:43383/__cypress/runner/cypress_runner.js:165351:31)\n    at Promise._settlePromise (http://localhost:43383/__cypress/runner/cypress_runner.js:165408:18)\n    at Promise._settlePromise0 (http://localhost:43383/__cypress/runner/cypress_runner.js:165453:10)\n    at Promise._settlePromises (http://localhost:43383/__cypress/runner/cypress_runner.js:165528:18)\n    at Async../node_modules/bluebird/js/release/async.js.Async._drainQueue (http://localhost:43383/__cypress/runner/cypress_runner.js:162140:16)\n    at Async../node_modules/bluebird/js/release/async.js.Async._drainQueues (http://localhost:43383/__cypress/runner/cypress_runner.js:162150:10)\n    at Async.drainQueues (http://localhost:43383/__cypress/runner/cypress_runner.js:162024:14)",
                "diff": null
              },
              "uuid": "84341a91-7de7-4a3a-972e-e9b26d7f038f",
              "parentUUID": "39df9718-214d-4719-894c-d2aa7be39518",
              "isHook": false,
              "skipped": false
            }
          ],
          "suites": [],
          "passes": [],
          "failures": [
            "e9adc25a-53ab-4ef7-8108-87d0490a0e26",
            "f19c1d07-1e31-4330-8803-5e09bdb37204",
            "b936514a-9ccc-4c1a-a950-924b702a83a0",
            "84341a91-7de7-4a3a-972e-e9b26d7f038f"
          ],
          "pending": [],
          "skipped": [],
          "duration": 17897,
          "root": false,
          "rootEmpty": false,
          "_timeout": 2000
        },
        {
          "uuid": "ee4e3fc8-d019-4fcc-8354-2ea836df80c8",
          "title": "10 - Faça o quadro de pixels ter seu tamanho definido pelo usuário.",
          "fullFile": "",
          "file": "",
          "beforeHooks": [],
          "afterHooks": [],
          "tests": [
            {
              "title": "Verifica se existe um input com o id `board-size`",
              "fullTitle": "10 - Faça o quadro de pixels ter seu tamanho definido pelo usuário. Verifica se existe um input com o id `board-size`",
              "timedOut": null,
              "duration": 4298,
              "state": "failed",
              "speed": null,
              "pass": false,
              "fail": true,
              "pending": false,
              "context": null,
              "code": "cy.get('#board-size').should('be.visible');",
              "err": {
                "message": "CypressError: Timed out retrying: Expected to find element: '#board-size', but never found it.",
                "estack": "CypressError: Timed out retrying: Expected to find element: '#board-size', but never found it.\n    at cypressErr (http://localhost:43383/__cypress/runner/cypress_runner.js:149934:9)\n    at throwErr (http://localhost:43383/__cypress/runner/cypress_runner.js:149867:11)\n    at Object.throwErrByPath (http://localhost:43383/__cypress/runner/cypress_runner.js:149915:3)\n    at retry (http://localhost:43383/__cypress/runner/cypress_runner.js:144197:19)\n    at onFailFn (http://localhost:43383/__cypress/runner/cypress_runner.js:132448:16)\n    at tryCatcher (http://localhost:43383/__cypress/runner/cypress_runner.js:167415:23)\n    at Promise._settlePromiseFromHandler (http://localhost:43383/__cypress/runner/cypress_runner.js:165351:31)\n    at Promise._settlePromise (http://localhost:43383/__cypress/runner/cypress_runner.js:165408:18)\n    at Promise._settlePromise0 (http://localhost:43383/__cypress/runner/cypress_runner.js:165453:10)\n    at Promise._settlePromises (http://localhost:43383/__cypress/runner/cypress_runner.js:165528:18)\n    at Async../node_modules/bluebird/js/release/async.js.Async._drainQueue (http://localhost:43383/__cypress/runner/cypress_runner.js:162140:16)\n    at Async../node_modules/bluebird/js/release/async.js.Async._drainQueues (http://localhost:43383/__cypress/runner/cypress_runner.js:162150:10)\n    at Async.drainQueues (http://localhost:43383/__cypress/runner/cypress_runner.js:162024:14)",
                "diff": null
              },
              "uuid": "e3cf984f-094c-42e2-b1eb-508e28f5e5ec",
              "parentUUID": "ee4e3fc8-d019-4fcc-8354-2ea836df80c8",
              "isHook": false,
              "skipped": false
            },
            {
              "title": "Verifica se existe um botão com o id `generate-board`",
              "fullTitle": "10 - Faça o quadro de pixels ter seu tamanho definido pelo usuário. Verifica se existe um botão com o id `generate-board`",
              "timedOut": null,
              "duration": 4392,
              "state": "failed",
              "speed": null,
              "pass": false,
              "fail": true,
              "pending": false,
              "context": null,
              "code": "cy.get('#generate-board').should('be.visible');",
              "err": {
                "message": "CypressError: Timed out retrying: Expected to find element: '#generate-board', but never found it.",
                "estack": "CypressError: Timed out retrying: Expected to find element: '#generate-board', but never found it.\n    at cypressErr (http://localhost:43383/__cypress/runner/cypress_runner.js:149934:9)\n    at throwErr (http://localhost:43383/__cypress/runner/cypress_runner.js:149867:11)\n    at Object.throwErrByPath (http://localhost:43383/__cypress/runner/cypress_runner.js:149915:3)\n    at retry (http://localhost:43383/__cypress/runner/cypress_runner.js:144197:19)\n    at onFailFn (http://localhost:43383/__cypress/runner/cypress_runner.js:132448:16)\n    at tryCatcher (http://localhost:43383/__cypress/runner/cypress_runner.js:167415:23)\n    at Promise._settlePromiseFromHandler (http://localhost:43383/__cypress/runner/cypress_runner.js:165351:31)\n    at Promise._settlePromise (http://localhost:43383/__cypress/runner/cypress_runner.js:165408:18)\n    at Promise._settlePromise0 (http://localhost:43383/__cypress/runner/cypress_runner.js:165453:10)\n    at Promise._settlePromises (http://localhost:43383/__cypress/runner/cypress_runner.js:165528:18)\n    at Async../node_modules/bluebird/js/release/async.js.Async._drainQueue (http://localhost:43383/__cypress/runner/cypress_runner.js:162140:16)\n    at Async../node_modules/bluebird/js/release/async.js.Async._drainQueues (http://localhost:43383/__cypress/runner/cypress_runner.js:162150:10)\n    at Async.drainQueues (http://localhost:43383/__cypress/runner/cypress_runner.js:162024:14)",
                "diff": null
              },
              "uuid": "7cdd6c40-f69d-46ea-83cd-729ebc369262",
              "parentUUID": "ee4e3fc8-d019-4fcc-8354-2ea836df80c8",
              "isHook": false,
              "skipped": false
            },
            {
              "title": "Verifica se o input só aceita número maiores que zero. Essa restrição deve ser feita usando os atributos do elemento `input`",
              "fullTitle": "10 - Faça o quadro de pixels ter seu tamanho definido pelo usuário. Verifica se o input só aceita número maiores que zero. Essa restrição deve ser feita usando os atributos do elemento `input`",
              "timedOut": null,
              "duration": 4330,
              "state": "failed",
              "speed": null,
              "pass": false,
              "fail": true,
              "pending": false,
              "context": null,
              "code": "cy.get('#board-size[type=\\'number\\'][min=\\'1\\']');",
              "err": {
                "message": "CypressError: Timed out retrying: Expected to find element: '#board-size[type='number'][min='1']', but never found it.",
                "estack": "CypressError: Timed out retrying: Expected to find element: '#board-size[type='number'][min='1']', but never found it.\n    at cypressErr (http://localhost:43383/__cypress/runner/cypress_runner.js:149934:9)\n    at throwErr (http://localhost:43383/__cypress/runner/cypress_runner.js:149867:11)\n    at Object.throwErrByPath (http://localhost:43383/__cypress/runner/cypress_runner.js:149915:3)\n    at retry (http://localhost:43383/__cypress/runner/cypress_runner.js:144197:19)\n    at onFailFn (http://localhost:43383/__cypress/runner/cypress_runner.js:132448:16)\n    at tryCatcher (http://localhost:43383/__cypress/runner/cypress_runner.js:167415:23)\n    at Promise._settlePromiseFromHandler (http://localhost:43383/__cypress/runner/cypress_runner.js:165351:31)\n    at Promise._settlePromise (http://localhost:43383/__cypress/runner/cypress_runner.js:165408:18)\n    at Promise._settlePromise0 (http://localhost:43383/__cypress/runner/cypress_runner.js:165453:10)\n    at Promise._settlePromises (http://localhost:43383/__cypress/runner/cypress_runner.js:165528:18)\n    at Async../node_modules/bluebird/js/release/async.js.Async._drainQueue (http://localhost:43383/__cypress/runner/cypress_runner.js:162140:16)\n    at Async../node_modules/bluebird/js/release/async.js.Async._drainQueues (http://localhost:43383/__cypress/runner/cypress_runner.js:162150:10)\n    at Async.drainQueues (http://localhost:43383/__cypress/runner/cypress_runner.js:162024:14)",
                "diff": null
              },
              "uuid": "e622df64-2e43-4051-a0f8-c42f96c55269",
              "parentUUID": "ee4e3fc8-d019-4fcc-8354-2ea836df80c8",
              "isHook": false,
              "skipped": false
            },
            {
              "title": "Verifica se o botão contém o texto 'VQV'",
              "fullTitle": "10 - Faça o quadro de pixels ter seu tamanho definido pelo usuário. Verifica se o botão contém o texto 'VQV'",
              "timedOut": null,
              "duration": 4534,
              "state": "failed",
              "speed": null,
              "pass": false,
              "fail": true,
              "pending": false,
              "context": null,
              "code": "cy.get('#generate-board').contains(/vqv/i);",
              "err": {
                "message": "CypressError: Timed out retrying: Expected to find element: '#generate-board', but never found it.",
                "estack": "CypressError: Timed out retrying: Expected to find element: '#generate-board', but never found it.\n    at cypressErr (http://localhost:43383/__cypress/runner/cypress_runner.js:149934:9)\n    at throwErr (http://localhost:43383/__cypress/runner/cypress_runner.js:149867:11)\n    at Object.throwErrByPath (http://localhost:43383/__cypress/runner/cypress_runner.js:149915:3)\n    at retry (http://localhost:43383/__cypress/runner/cypress_runner.js:144197:19)\n    at onFailFn (http://localhost:43383/__cypress/runner/cypress_runner.js:132448:16)\n    at tryCatcher (http://localhost:43383/__cypress/runner/cypress_runner.js:167415:23)\n    at Promise._settlePromiseFromHandler (http://localhost:43383/__cypress/runner/cypress_runner.js:165351:31)\n    at Promise._settlePromise (http://localhost:43383/__cypress/runner/cypress_runner.js:165408:18)\n    at Promise._settlePromise0 (http://localhost:43383/__cypress/runner/cypress_runner.js:165453:10)\n    at Promise._settlePromises (http://localhost:43383/__cypress/runner/cypress_runner.js:165528:18)\n    at Async../node_modules/bluebird/js/release/async.js.Async._drainQueue (http://localhost:43383/__cypress/runner/cypress_runner.js:162140:16)\n    at Async../node_modules/bluebird/js/release/async.js.Async._drainQueues (http://localhost:43383/__cypress/runner/cypress_runner.js:162150:10)\n    at Async.drainQueues (http://localhost:43383/__cypress/runner/cypress_runner.js:162024:14)",
                "diff": null
              },
              "uuid": "236ed769-edc9-451f-b16e-e1bda179a46c",
              "parentUUID": "ee4e3fc8-d019-4fcc-8354-2ea836df80c8",
              "isHook": false,
              "skipped": false
            },
            {
              "title": "Verifica se o input está posicionado entre a paleta de cores e o quadro de pixels",
              "fullTitle": "10 - Faça o quadro de pixels ter seu tamanho definido pelo usuário. Verifica se o input está posicionado entre a paleta de cores e o quadro de pixels",
              "timedOut": null,
              "duration": 4362,
              "state": "failed",
              "speed": null,
              "pass": false,
              "fail": true,
              "pending": false,
              "context": null,
              "code": "cy.get('#color-palette').then(function (palette) {\n  cy.get('#board-size').should('be.belowOf', palette);\n});\ncy.get('#board-size').then(function (palette) {\n  cy.get('#pixel-board').should('be.belowOf', palette);\n});",
              "err": {
                "message": "CypressError: Timed out retrying: Expected to find element: '#board-size', but never found it.",
                "estack": "CypressError: Timed out retrying: Expected to find element: '#board-size', but never found it.\n    at cypressErr (http://localhost:43383/__cypress/runner/cypress_runner.js:149934:9)\n    at throwErr (http://localhost:43383/__cypress/runner/cypress_runner.js:149867:11)\n    at Object.throwErrByPath (http://localhost:43383/__cypress/runner/cypress_runner.js:149915:3)\n    at retry (http://localhost:43383/__cypress/runner/cypress_runner.js:144197:19)\n    at onFailFn (http://localhost:43383/__cypress/runner/cypress_runner.js:132448:16)\n    at tryCatcher (http://localhost:43383/__cypress/runner/cypress_runner.js:167415:23)\n    at Promise._settlePromiseFromHandler (http://localhost:43383/__cypress/runner/cypress_runner.js:165351:31)\n    at Promise._settlePromise (http://localhost:43383/__cypress/runner/cypress_runner.js:165408:18)\n    at Promise._settlePromise0 (http://localhost:43383/__cypress/runner/cypress_runner.js:165453:10)\n    at Promise._settlePromises (http://localhost:43383/__cypress/runner/cypress_runner.js:165528:18)\n    at Async../node_modules/bluebird/js/release/async.js.Async._drainQueue (http://localhost:43383/__cypress/runner/cypress_runner.js:162140:16)\n    at Async../node_modules/bluebird/js/release/async.js.Async._drainQueues (http://localhost:43383/__cypress/runner/cypress_runner.js:162150:10)\n    at Async.drainQueues (http://localhost:43383/__cypress/runner/cypress_runner.js:162024:14)",
                "diff": null
              },
              "uuid": "39883ee7-b11e-4160-98da-52298fa9fc30",
              "parentUUID": "ee4e3fc8-d019-4fcc-8354-2ea836df80c8",
              "isHook": false,
              "skipped": false
            },
            {
              "title": "Verifica se o botão está posicionado ao lado do input",
              "fullTitle": "10 - Faça o quadro de pixels ter seu tamanho definido pelo usuário. Verifica se o botão está posicionado ao lado do input",
              "timedOut": null,
              "duration": 4476,
              "state": "failed",
              "speed": null,
              "pass": false,
              "fail": true,
              "pending": false,
              "context": null,
              "code": "cy.get('#board-size').then(function (board) {\n  cy.get('#generate-board').should('be.onTheRightOf', board);\n});",
              "err": {
                "message": "CypressError: Timed out retrying: Expected to find element: '#board-size', but never found it.",
                "estack": "CypressError: Timed out retrying: Expected to find element: '#board-size', but never found it.\n    at cypressErr (http://localhost:43383/__cypress/runner/cypress_runner.js:149934:9)\n    at throwErr (http://localhost:43383/__cypress/runner/cypress_runner.js:149867:11)\n    at Object.throwErrByPath (http://localhost:43383/__cypress/runner/cypress_runner.js:149915:3)\n    at retry (http://localhost:43383/__cypress/runner/cypress_runner.js:144197:19)\n    at onFailFn (http://localhost:43383/__cypress/runner/cypress_runner.js:132448:16)\n    at tryCatcher (http://localhost:43383/__cypress/runner/cypress_runner.js:167415:23)\n    at Promise._settlePromiseFromHandler (http://localhost:43383/__cypress/runner/cypress_runner.js:165351:31)\n    at Promise._settlePromise (http://localhost:43383/__cypress/runner/cypress_runner.js:165408:18)\n    at Promise._settlePromise0 (http://localhost:43383/__cypress/runner/cypress_runner.js:165453:10)\n    at Promise._settlePromises (http://localhost:43383/__cypress/runner/cypress_runner.js:165528:18)\n    at Async../node_modules/bluebird/js/release/async.js.Async._drainQueue (http://localhost:43383/__cypress/runner/cypress_runner.js:162140:16)\n    at Async../node_modules/bluebird/js/release/async.js.Async._drainQueues (http://localhost:43383/__cypress/runner/cypress_runner.js:162150:10)\n    at Async.drainQueues (http://localhost:43383/__cypress/runner/cypress_runner.js:162024:14)",
                "diff": null
              },
              "uuid": "623e4c1a-035e-4192-9283-7a81444a2d9a",
              "parentUUID": "ee4e3fc8-d019-4fcc-8354-2ea836df80c8",
              "isHook": false,
              "skipped": false
            },
            {
              "title": "Verifica se nenhum valor for colocado no input ao clicar no botão, um `alert` é exibido com o texto: 'Board inválido!'",
              "fullTitle": "10 - Faça o quadro de pixels ter seu tamanho definido pelo usuário. Verifica se nenhum valor for colocado no input ao clicar no botão, um `alert` é exibido com o texto: 'Board inválido!'",
              "timedOut": null,
              "duration": 4424,
              "state": "failed",
              "speed": null,
              "pass": false,
              "fail": true,
              "pending": false,
              "context": null,
              "code": "var alerted = false;\ncy.on('window:alert', function (msg) {\n  return alerted = msg;\n});\ncy.get('#generate-board').click().then(function () {\n  return expect(alerted).to.match(/Board inválido!/i);\n});",
              "err": {
                "message": "CypressError: Timed out retrying: Expected to find element: '#generate-board', but never found it.",
                "estack": "CypressError: Timed out retrying: Expected to find element: '#generate-board', but never found it.\n    at cypressErr (http://localhost:43383/__cypress/runner/cypress_runner.js:149934:9)\n    at throwErr (http://localhost:43383/__cypress/runner/cypress_runner.js:149867:11)\n    at Object.throwErrByPath (http://localhost:43383/__cypress/runner/cypress_runner.js:149915:3)\n    at retry (http://localhost:43383/__cypress/runner/cypress_runner.js:144197:19)\n    at onFailFn (http://localhost:43383/__cypress/runner/cypress_runner.js:132448:16)\n    at tryCatcher (http://localhost:43383/__cypress/runner/cypress_runner.js:167415:23)\n    at Promise._settlePromiseFromHandler (http://localhost:43383/__cypress/runner/cypress_runner.js:165351:31)\n    at Promise._settlePromise (http://localhost:43383/__cypress/runner/cypress_runner.js:165408:18)\n    at Promise._settlePromise0 (http://localhost:43383/__cypress/runner/cypress_runner.js:165453:10)\n    at Promise._settlePromises (http://localhost:43383/__cypress/runner/cypress_runner.js:165528:18)\n    at Async../node_modules/bluebird/js/release/async.js.Async._drainQueue (http://localhost:43383/__cypress/runner/cypress_runner.js:162140:16)\n    at Async../node_modules/bluebird/js/release/async.js.Async._drainQueues (http://localhost:43383/__cypress/runner/cypress_runner.js:162150:10)\n    at Async.drainQueues (http://localhost:43383/__cypress/runner/cypress_runner.js:162024:14)",
                "diff": null
              },
              "uuid": "45c0bdaf-03aa-4ce4-9aa8-2695549fdc2b",
              "parentUUID": "ee4e3fc8-d019-4fcc-8354-2ea836df80c8",
              "isHook": false,
              "skipped": false
            },
            {
              "title": "Verifica se ao clicar no botão com um valor preenchido, o tamanho do board muda.",
              "fullTitle": "10 - Faça o quadro de pixels ter seu tamanho definido pelo usuário. Verifica se ao clicar no botão com um valor preenchido, o tamanho do board muda.",
              "timedOut": null,
              "duration": 4452,
              "state": "failed",
              "speed": null,
              "pass": false,
              "fail": true,
              "pending": false,
              "context": null,
              "code": "cy.get('#board-size').clear().type(10);\ncy.get('#generate-board').click();\ncy.get('.pixel').should('have.length', 100);",
              "err": {
                "message": "CypressError: Timed out retrying: Expected to find element: '#board-size', but never found it.",
                "estack": "CypressError: Timed out retrying: Expected to find element: '#board-size', but never found it.\n    at cypressErr (http://localhost:43383/__cypress/runner/cypress_runner.js:149934:9)\n    at throwErr (http://localhost:43383/__cypress/runner/cypress_runner.js:149867:11)\n    at Object.throwErrByPath (http://localhost:43383/__cypress/runner/cypress_runner.js:149915:3)\n    at retry (http://localhost:43383/__cypress/runner/cypress_runner.js:144197:19)\n    at onFailFn (http://localhost:43383/__cypress/runner/cypress_runner.js:132448:16)\n    at tryCatcher (http://localhost:43383/__cypress/runner/cypress_runner.js:167415:23)\n    at Promise._settlePromiseFromHandler (http://localhost:43383/__cypress/runner/cypress_runner.js:165351:31)\n    at Promise._settlePromise (http://localhost:43383/__cypress/runner/cypress_runner.js:165408:18)\n    at Promise._settlePromise0 (http://localhost:43383/__cypress/runner/cypress_runner.js:165453:10)\n    at Promise._settlePromises (http://localhost:43383/__cypress/runner/cypress_runner.js:165528:18)\n    at Async../node_modules/bluebird/js/release/async.js.Async._drainQueue (http://localhost:43383/__cypress/runner/cypress_runner.js:162140:16)\n    at Async../node_modules/bluebird/js/release/async.js.Async._drainQueues (http://localhost:43383/__cypress/runner/cypress_runner.js:162150:10)\n    at Async.drainQueues (http://localhost:43383/__cypress/runner/cypress_runner.js:162024:14)",
                "diff": null
              },
              "uuid": "27c87b40-eb05-4fd7-be79-3f760de1978d",
              "parentUUID": "ee4e3fc8-d019-4fcc-8354-2ea836df80c8",
              "isHook": false,
              "skipped": false
            },
            {
              "title": "Verifica se o novo quadro tem todos os pixels preenchidos com a cor branca",
              "fullTitle": "10 - Faça o quadro de pixels ter seu tamanho definido pelo usuário. Verifica se o novo quadro tem todos os pixels preenchidos com a cor branca",
              "timedOut": null,
              "duration": 4437,
              "state": "failed",
              "speed": null,
              "pass": false,
              "fail": true,
              "pending": false,
              "context": null,
              "code": "cy.get('#board-size').clear().type(6);\ncy.get('#generate-board').click();\ncy.get('.pixel').should('have.length', 36).each(function (pixel) {\n  expect(pixel).to.have.css('background-color', WHITE);\n});",
              "err": {
                "message": "CypressError: Timed out retrying: Expected to find element: '#board-size', but never found it.",
                "estack": "CypressError: Timed out retrying: Expected to find element: '#board-size', but never found it.\n    at cypressErr (http://localhost:43383/__cypress/runner/cypress_runner.js:149934:9)\n    at throwErr (http://localhost:43383/__cypress/runner/cypress_runner.js:149867:11)\n    at Object.throwErrByPath (http://localhost:43383/__cypress/runner/cypress_runner.js:149915:3)\n    at retry (http://localhost:43383/__cypress/runner/cypress_runner.js:144197:19)\n    at onFailFn (http://localhost:43383/__cypress/runner/cypress_runner.js:132448:16)\n    at tryCatcher (http://localhost:43383/__cypress/runner/cypress_runner.js:167415:23)\n    at Promise._settlePromiseFromHandler (http://localhost:43383/__cypress/runner/cypress_runner.js:165351:31)\n    at Promise._settlePromise (http://localhost:43383/__cypress/runner/cypress_runner.js:165408:18)\n    at Promise._settlePromise0 (http://localhost:43383/__cypress/runner/cypress_runner.js:165453:10)\n    at Promise._settlePromises (http://localhost:43383/__cypress/runner/cypress_runner.js:165528:18)\n    at Async../node_modules/bluebird/js/release/async.js.Async._drainQueue (http://localhost:43383/__cypress/runner/cypress_runner.js:162140:16)\n    at Async../node_modules/bluebird/js/release/async.js.Async._drainQueues (http://localhost:43383/__cypress/runner/cypress_runner.js:162150:10)\n    at Async.drainQueues (http://localhost:43383/__cypress/runner/cypress_runner.js:162024:14)",
                "diff": null
              },
              "uuid": "313769e3-71e2-473b-928c-af39900a2fbc",
              "parentUUID": "ee4e3fc8-d019-4fcc-8354-2ea836df80c8",
              "isHook": false,
              "skipped": false
            }
          ],
          "suites": [],
          "passes": [],
          "failures": [
            "e3cf984f-094c-42e2-b1eb-508e28f5e5ec",
            "7cdd6c40-f69d-46ea-83cd-729ebc369262",
            "e622df64-2e43-4051-a0f8-c42f96c55269",
            "236ed769-edc9-451f-b16e-e1bda179a46c",
            "39883ee7-b11e-4160-98da-52298fa9fc30",
            "623e4c1a-035e-4192-9283-7a81444a2d9a",
            "45c0bdaf-03aa-4ce4-9aa8-2695549fdc2b",
            "27c87b40-eb05-4fd7-be79-3f760de1978d",
            "313769e3-71e2-473b-928c-af39900a2fbc"
          ],
          "pending": [],
          "skipped": [],
          "duration": 39705,
          "root": false,
          "rootEmpty": false,
          "_timeout": 2000
        },
        {
          "uuid": "282457a0-07b9-4d72-ad8f-58bc242bd841",
          "title": "11 - Limite o tamanho mínimo e máximo do board.",
          "fullFile": "",
          "file": "",
          "beforeHooks": [],
          "afterHooks": [],
          "tests": [
            {
              "title": "Verifica se a altura máxima do board é 50",
              "fullTitle": "11 - Limite o tamanho mínimo e máximo do board. Verifica se a altura máxima do board é 50",
              "timedOut": null,
              "duration": 4484,
              "state": "failed",
              "speed": null,
              "pass": false,
              "fail": true,
              "pending": false,
              "context": null,
              "code": "cy.get('#board-size').clear().type(50);\ncy.get('#generate-board').click();\ncy.get('.pixel').should('have.length', 2500);",
              "err": {
                "message": "CypressError: Timed out retrying: Expected to find element: '#board-size', but never found it.",
                "estack": "CypressError: Timed out retrying: Expected to find element: '#board-size', but never found it.\n    at cypressErr (http://localhost:43383/__cypress/runner/cypress_runner.js:149934:9)\n    at throwErr (http://localhost:43383/__cypress/runner/cypress_runner.js:149867:11)\n    at Object.throwErrByPath (http://localhost:43383/__cypress/runner/cypress_runner.js:149915:3)\n    at retry (http://localhost:43383/__cypress/runner/cypress_runner.js:144197:19)\n    at onFailFn (http://localhost:43383/__cypress/runner/cypress_runner.js:132448:16)\n    at tryCatcher (http://localhost:43383/__cypress/runner/cypress_runner.js:167415:23)\n    at Promise._settlePromiseFromHandler (http://localhost:43383/__cypress/runner/cypress_runner.js:165351:31)\n    at Promise._settlePromise (http://localhost:43383/__cypress/runner/cypress_runner.js:165408:18)\n    at Promise._settlePromise0 (http://localhost:43383/__cypress/runner/cypress_runner.js:165453:10)\n    at Promise._settlePromises (http://localhost:43383/__cypress/runner/cypress_runner.js:165528:18)\n    at Async../node_modules/bluebird/js/release/async.js.Async._drainQueue (http://localhost:43383/__cypress/runner/cypress_runner.js:162140:16)\n    at Async../node_modules/bluebird/js/release/async.js.Async._drainQueues (http://localhost:43383/__cypress/runner/cypress_runner.js:162150:10)\n    at Async.drainQueues (http://localhost:43383/__cypress/runner/cypress_runner.js:162024:14)",
                "diff": null
              },
              "uuid": "da88c88b-fd4e-4ac3-8d88-020fa19806b7",
              "parentUUID": "282457a0-07b9-4d72-ad8f-58bc242bd841",
              "isHook": false,
              "skipped": false
            },
            {
              "title": "Verifica se a altura do board é 5 quando um valor menor é colocado no input",
              "fullTitle": "11 - Limite o tamanho mínimo e máximo do board. Verifica se a altura do board é 5 quando um valor menor é colocado no input",
              "timedOut": null,
              "duration": 4508,
              "state": "failed",
              "speed": null,
              "pass": false,
              "fail": true,
              "pending": false,
              "context": null,
              "code": "cy.get('#board-size').clear().type(4);\ncy.get('#generate-board').click();\ncy.get('.pixel').should('have.length', 25);",
              "err": {
                "message": "CypressError: Timed out retrying: Expected to find element: '#board-size', but never found it.",
                "estack": "CypressError: Timed out retrying: Expected to find element: '#board-size', but never found it.\n    at cypressErr (http://localhost:43383/__cypress/runner/cypress_runner.js:149934:9)\n    at throwErr (http://localhost:43383/__cypress/runner/cypress_runner.js:149867:11)\n    at Object.throwErrByPath (http://localhost:43383/__cypress/runner/cypress_runner.js:149915:3)\n    at retry (http://localhost:43383/__cypress/runner/cypress_runner.js:144197:19)\n    at onFailFn (http://localhost:43383/__cypress/runner/cypress_runner.js:132448:16)\n    at tryCatcher (http://localhost:43383/__cypress/runner/cypress_runner.js:167415:23)\n    at Promise._settlePromiseFromHandler (http://localhost:43383/__cypress/runner/cypress_runner.js:165351:31)\n    at Promise._settlePromise (http://localhost:43383/__cypress/runner/cypress_runner.js:165408:18)\n    at Promise._settlePromise0 (http://localhost:43383/__cypress/runner/cypress_runner.js:165453:10)\n    at Promise._settlePromises (http://localhost:43383/__cypress/runner/cypress_runner.js:165528:18)\n    at Async../node_modules/bluebird/js/release/async.js.Async._drainQueue (http://localhost:43383/__cypress/runner/cypress_runner.js:162140:16)\n    at Async../node_modules/bluebird/js/release/async.js.Async._drainQueues (http://localhost:43383/__cypress/runner/cypress_runner.js:162150:10)\n    at Async.drainQueues (http://localhost:43383/__cypress/runner/cypress_runner.js:162024:14)",
                "diff": null
              },
              "uuid": "07ec4653-5cd0-4af4-a24a-6ce3c02279c8",
              "parentUUID": "282457a0-07b9-4d72-ad8f-58bc242bd841",
              "isHook": false,
              "skipped": false
            },
            {
              "title": "Verifica se a altura do board é 50 quando um valor maior é colocado no input",
              "fullTitle": "11 - Limite o tamanho mínimo e máximo do board. Verifica se a altura do board é 50 quando um valor maior é colocado no input",
              "timedOut": null,
              "duration": 4413,
              "state": "failed",
              "speed": null,
              "pass": false,
              "fail": true,
              "pending": false,
              "context": null,
              "code": "cy.get('#board-size').clear().type(51);\ncy.get('#generate-board').click();\ncy.get('.pixel').should('have.length', 2500);",
              "err": {
                "message": "CypressError: Timed out retrying: Expected to find element: '#board-size', but never found it.",
                "estack": "CypressError: Timed out retrying: Expected to find element: '#board-size', but never found it.\n    at cypressErr (http://localhost:43383/__cypress/runner/cypress_runner.js:149934:9)\n    at throwErr (http://localhost:43383/__cypress/runner/cypress_runner.js:149867:11)\n    at Object.throwErrByPath (http://localhost:43383/__cypress/runner/cypress_runner.js:149915:3)\n    at retry (http://localhost:43383/__cypress/runner/cypress_runner.js:144197:19)\n    at onFailFn (http://localhost:43383/__cypress/runner/cypress_runner.js:132448:16)\n    at tryCatcher (http://localhost:43383/__cypress/runner/cypress_runner.js:167415:23)\n    at Promise._settlePromiseFromHandler (http://localhost:43383/__cypress/runner/cypress_runner.js:165351:31)\n    at Promise._settlePromise (http://localhost:43383/__cypress/runner/cypress_runner.js:165408:18)\n    at Promise._settlePromise0 (http://localhost:43383/__cypress/runner/cypress_runner.js:165453:10)\n    at Promise._settlePromises (http://localhost:43383/__cypress/runner/cypress_runner.js:165528:18)\n    at Async../node_modules/bluebird/js/release/async.js.Async._drainQueue (http://localhost:43383/__cypress/runner/cypress_runner.js:162140:16)\n    at Async../node_modules/bluebird/js/release/async.js.Async._drainQueues (http://localhost:43383/__cypress/runner/cypress_runner.js:162150:10)\n    at Async.drainQueues (http://localhost:43383/__cypress/runner/cypress_runner.js:162024:14)",
                "diff": null
              },
              "uuid": "d7107206-9474-4823-9b67-766f80b1afa5",
              "parentUUID": "282457a0-07b9-4d72-ad8f-58bc242bd841",
              "isHook": false,
              "skipped": false
            }
          ],
          "suites": [],
          "passes": [],
          "failures": [
            "da88c88b-fd4e-4ac3-8d88-020fa19806b7",
            "07ec4653-5cd0-4af4-a24a-6ce3c02279c8",
            "d7107206-9474-4823-9b67-766f80b1afa5"
          ],
          "pending": [],
          "skipped": [],
          "duration": 13405,
          "root": false,
          "rootEmpty": false,
          "_timeout": 2000
        },
        {
          "uuid": "cc2d1db8-7ebf-4495-987a-c91653a1aed2",
          "title": "12 - Faça com que as cores da paleta sejam geradas aleatoriamente ao carregar a página.",
          "fullFile": "",
          "file": "",
          "beforeHooks": [],
          "afterHooks": [],
          "tests": [
            {
              "title": "Verifica se as cores geradas na paleta são diferentes a cada carregamento da página",
              "fullTitle": "12 - Faça com que as cores da paleta sejam geradas aleatoriamente ao carregar a página. Verifica se as cores geradas na paleta são diferentes a cada carregamento da página",
              "timedOut": null,
              "duration": 488,
              "state": "failed",
              "speed": null,
              "pass": false,
              "fail": true,
              "pending": false,
              "context": null,
              "code": "cy.get('.color').then(function (colors) {\n  var currentColors;\n  var previousColors;\n  previousColors = Array.from(colors).map(function (color) {\n    return Cypress.$(color).css('background-color');\n  });\n  for (var i = 0; i < 5; i += 1) {\n    cy.reload();\n    cy.get('.color').then(function (colors) {\n      currentColors = Array.from(colors).map(function (color) {\n        return Cypress.$(color).css('background-color');\n      });\n      expect(currentColors).not.to.deep.equal(previousColors);\n      previousColors = currentColors;\n    });\n  }\n});",
              "err": {
                "message": "AssertionError: expected [ Array(4) ] to not deeply equal [ Array(4) ]",
                "estack": "AssertionError: expected [ Array(4) ] to not deeply equal [ Array(4) ]\n    at getRet (http://localhost:43383/__cypress/runner/cypress_runner.js:136585:16)\n    at tryCatcher (http://localhost:43383/__cypress/runner/cypress_runner.js:167415:23)\n    at Function.Promise.attempt.Promise.try (http://localhost:43383/__cypress/runner/cypress_runner.js:164690:29)\n    at Context.thenFn (http://localhost:43383/__cypress/runner/cypress_runner.js:136599:23)\n    at Context.then (http://localhost:43383/__cypress/runner/cypress_runner.js:136971:21)\n    at Context.<anonymous> (http://localhost:43383/__cypress/runner/cypress_runner.js:148875:21)\n    at http://localhost:43383/__cypress/runner/cypress_runner.js:148351:33\n    at tryCatcher (http://localhost:43383/__cypress/runner/cypress_runner.js:167415:23)\n    at Promise._settlePromiseFromHandler (http://localhost:43383/__cypress/runner/cypress_runner.js:165351:31)\n    at Promise._settlePromise (http://localhost:43383/__cypress/runner/cypress_runner.js:165408:18)\n    at Promise._settlePromiseCtx (http://localhost:43383/__cypress/runner/cypress_runner.js:165445:10)\n    at Async../node_modules/bluebird/js/release/async.js.Async._drainQueue (http://localhost:43383/__cypress/runner/cypress_runner.js:162145:12)\n    at Async../node_modules/bluebird/js/release/async.js.Async._drainQueues (http://localhost:43383/__cypress/runner/cypress_runner.js:162150:10)\n    at Async.drainQueues (http://localhost:43383/__cypress/runner/cypress_runner.js:162024:14)",
                "diff": ""
              },
              "uuid": "37c63221-1f51-45ff-81f3-858b2795b3c4",
              "parentUUID": "cc2d1db8-7ebf-4495-987a-c91653a1aed2",
              "isHook": false,
              "skipped": false
            },
            {
              "title": "Verifica se a cor preta ainda está presente e é a primeira na sua paleta de cores",
              "fullTitle": "12 - Faça com que as cores da paleta sejam geradas aleatoriamente ao carregar a página. Verifica se a cor preta ainda está presente e é a primeira na sua paleta de cores",
              "timedOut": null,
              "duration": 488,
              "state": "failed",
              "speed": null,
              "pass": false,
              "fail": true,
              "pending": false,
              "context": null,
              "code": "cy.get('.color').then(function (colors) {\n  var currentColors;\n  var previousColors;\n  previousColors = Array.from(colors).map(function (color) {\n    return Cypress.$(color).css('background-color');\n  });\n  expect(previousColors[0]).to.eq(BLACK);\n  for (var i = 0; i < 5; i += 1) {\n    cy.reload();\n    cy.get('.color').then(function (colors) {\n      currentColors = Array.from(colors).map(function (color) {\n        return Cypress.$(color).css('background-color');\n      });\n      expect(currentColors[0]).to.eq(BLACK);\n      expect(currentColors).not.to.deep.equal(previousColors);\n      previousColors = currentColors;\n    });\n  }\n});",
              "err": {
                "message": "AssertionError: expected [ Array(4) ] to not deeply equal [ Array(4) ]",
                "estack": "AssertionError: expected [ Array(4) ] to not deeply equal [ Array(4) ]\n    at getRet (http://localhost:43383/__cypress/runner/cypress_runner.js:136585:16)\n    at tryCatcher (http://localhost:43383/__cypress/runner/cypress_runner.js:167415:23)\n    at Function.Promise.attempt.Promise.try (http://localhost:43383/__cypress/runner/cypress_runner.js:164690:29)\n    at Context.thenFn (http://localhost:43383/__cypress/runner/cypress_runner.js:136599:23)\n    at Context.then (http://localhost:43383/__cypress/runner/cypress_runner.js:136971:21)\n    at Context.<anonymous> (http://localhost:43383/__cypress/runner/cypress_runner.js:148875:21)\n    at http://localhost:43383/__cypress/runner/cypress_runner.js:148351:33\n    at tryCatcher (http://localhost:43383/__cypress/runner/cypress_runner.js:167415:23)\n    at Promise._settlePromiseFromHandler (http://localhost:43383/__cypress/runner/cypress_runner.js:165351:31)\n    at Promise._settlePromise (http://localhost:43383/__cypress/runner/cypress_runner.js:165408:18)\n    at Promise._settlePromiseCtx (http://localhost:43383/__cypress/runner/cypress_runner.js:165445:10)\n    at Async../node_modules/bluebird/js/release/async.js.Async._drainQueue (http://localhost:43383/__cypress/runner/cypress_runner.js:162145:12)\n    at Async../node_modules/bluebird/js/release/async.js.Async._drainQueues (http://localhost:43383/__cypress/runner/cypress_runner.js:162150:10)\n    at Async.drainQueues (http://localhost:43383/__cypress/runner/cypress_runner.js:162024:14)",
                "diff": ""
              },
              "uuid": "56a1efaf-7a46-464e-9cf5-7cec64e4ce7b",
              "parentUUID": "cc2d1db8-7ebf-4495-987a-c91653a1aed2",
              "isHook": false,
              "skipped": false
            }
          ],
          "suites": [],
          "passes": [],
          "failures": [
            "37c63221-1f51-45ff-81f3-858b2795b3c4",
            "56a1efaf-7a46-464e-9cf5-7cec64e4ce7b"
          ],
          "pending": [],
          "skipped": [],
          "duration": 976,
          "root": false,
          "rootEmpty": false,
          "_timeout": 2000
        }
      ],
      "passes": [],
      "failures": [],
      "pending": [],
      "skipped": [],
      "duration": 0,
      "root": true,
      "rootEmpty": true,
      "_timeout": 2000
    }
  ],
  "meta": {
    "mocha": {
      "version": "7.0.1"
    },
    "mochawesome": {
      "options": {
        "quiet": false,
        "reportFilename": "mochawesome",
        "saveHtml": false,
        "saveJson": true,
        "consoleReporter": "spec",
        "useInlineDiffs": false
      },
      "version": "4.1.0"
    },
    "marge": {
      "options": {
        "id": "default",
        "reportDir": "cypress/reports",
        "overwrite": true,
        "html": false,
        "json": true
      },
      "version": "4.1.0"
    }
  }
}