{
  "stats": {
    "suites": 12,
    "tests": 41,
    "passes": 28,
    "pending": 0,
    "failures": 13,
    "start": "2021-08-17T01:00:16.392Z",
    "end": "2021-08-17T01:01:59.353Z",
    "duration": 102961,
    "testsRegistered": 41,
    "passPercent": 68.29268292682927,
    "pendingPercent": 0,
    "other": 0,
    "hasOther": false,
    "skipped": 0,
    "hasSkipped": false
  },
  "results": [
    {
      "uuid": "91057b6d-9cd9-47a2-9036-a5e0925a9f27",
      "title": "",
      "fullFile": "cypress/integration/project.spec.js",
      "file": "cypress/integration/project.spec.js",
      "beforeHooks": [],
      "afterHooks": [],
      "tests": [],
      "suites": [
        {
          "uuid": "2b3edc0f-aee9-4244-9b28-2d99f8304327",
          "title": "1 - Adicione à página o título \"Paleta de Cores\".",
          "fullFile": "",
          "file": "",
          "beforeHooks": [],
          "afterHooks": [],
          "tests": [
            {
              "title": "Verifica se contém um elemento `h1` com o id `title` com o título correto",
              "fullTitle": "1 - Adicione à página o título \"Paleta de Cores\". Verifica se contém um elemento `h1` com o id `title` com o título correto",
              "timedOut": null,
              "duration": 563,
              "state": "passed",
              "speed": "slow",
              "pass": true,
              "fail": false,
              "pending": false,
              "context": null,
              "code": "cy.get('h1#title').should('contain.text', 'Paleta de Cores');",
              "err": {},
              "uuid": "23b90281-cc66-4925-9e0b-967eb361fc20",
              "parentUUID": "2b3edc0f-aee9-4244-9b28-2d99f8304327",
              "isHook": false,
              "skipped": false
            }
          ],
          "suites": [],
          "passes": [
            "23b90281-cc66-4925-9e0b-967eb361fc20"
          ],
          "failures": [],
          "pending": [],
          "skipped": [],
          "duration": 563,
          "root": false,
          "rootEmpty": false,
          "_timeout": 2000
        },
        {
          "uuid": "ae5c9870-972c-41e8-be51-60ec4914f91a",
          "title": "2 - Adicione à página uma paleta de quatro cores distintas.",
          "fullFile": "",
          "file": "",
          "beforeHooks": [],
          "afterHooks": [],
          "tests": [
            {
              "title": "A paleta de cores deve ser um elemento com `id` denominado `color-palette`",
              "fullTitle": "2 - Adicione à página uma paleta de quatro cores distintas. A paleta de cores deve ser um elemento com `id` denominado `color-palette`",
              "timedOut": null,
              "duration": 495,
              "state": "passed",
              "speed": "slow",
              "pass": true,
              "fail": false,
              "pending": false,
              "context": null,
              "code": "cy.get('#color-palette').should('be.visible');",
              "err": {},
              "uuid": "26a55b74-36f9-4580-a6d8-756861bbb657",
              "parentUUID": "ae5c9870-972c-41e8-be51-60ec4914f91a",
              "isHook": false,
              "skipped": false
            },
            {
              "title": "Verifica se cada cor individual da paleta de cores possui a `classe` chamada `color`.",
              "fullTitle": "2 - Adicione à página uma paleta de quatro cores distintas. Verifica se cada cor individual da paleta de cores possui a `classe` chamada `color`.",
              "timedOut": null,
              "duration": 794,
              "state": "passed",
              "speed": "slow",
              "pass": true,
              "fail": false,
              "pending": false,
              "context": null,
              "code": "cy.get('.color').should('have.length', 4).then(function (colors) {\n  for (var i = 0; i < colors.length; i++) {\n    cy.wrap(colors[i]).should('be.visible');\n  }\n});",
              "err": {},
              "uuid": "a7f36d22-08a7-4801-bd9b-295dbd2235eb",
              "parentUUID": "ae5c9870-972c-41e8-be51-60ec4914f91a",
              "isHook": false,
              "skipped": false
            },
            {
              "title": "Verifica se a cor de fundo de cada elemento da paleta é a cor que o elemento representa. **A única cor não permitida na paleta é a cor branca.**",
              "fullTitle": "2 - Adicione à página uma paleta de quatro cores distintas. Verifica se a cor de fundo de cada elemento da paleta é a cor que o elemento representa. **A única cor não permitida na paleta é a cor branca.**",
              "timedOut": null,
              "duration": 560,
              "state": "passed",
              "speed": "slow",
              "pass": true,
              "fail": false,
              "pending": false,
              "context": null,
              "code": "cy.get('.color').each(function (color) {\n  cy.wrap(color).should('have.class', 'color').and('not.have.css', 'background-color', WHITE);\n  cy.wrap(color).should('have.css', 'background-color');\n});",
              "err": {},
              "uuid": "b64ce1e2-1c21-441d-bf7b-e7578c4804c8",
              "parentUUID": "ae5c9870-972c-41e8-be51-60ec4914f91a",
              "isHook": false,
              "skipped": false
            },
            {
              "title": "Verifica se cada elemento da paleta de cores tem uma borda preta, sólida e com 1 pixel de largura;",
              "fullTitle": "2 - Adicione à página uma paleta de quatro cores distintas. Verifica se cada elemento da paleta de cores tem uma borda preta, sólida e com 1 pixel de largura;",
              "timedOut": null,
              "duration": 263,
              "state": "passed",
              "speed": "slow",
              "pass": true,
              "fail": false,
              "pending": false,
              "context": null,
              "code": "cy.get('.color').each(function (color) {\n  cy.wrap(color).and('have.css', 'border', \"1px solid \".concat(BLACK)).and('have.class', 'color');\n});",
              "err": {},
              "uuid": "a1005c84-743d-4afb-a6c4-04e2305fe4e7",
              "parentUUID": "ae5c9870-972c-41e8-be51-60ec4914f91a",
              "isHook": false,
              "skipped": false
            },
            {
              "title": "Verifica se a paleta lista todas as cores disponíveis para utilização, lado a lado.",
              "fullTitle": "2 - Adicione à página uma paleta de quatro cores distintas. Verifica se a paleta lista todas as cores disponíveis para utilização, lado a lado.",
              "timedOut": null,
              "duration": 173,
              "state": "passed",
              "speed": "slow",
              "pass": true,
              "fail": false,
              "pending": false,
              "context": null,
              "code": "cy.get('.color').then(function (colors) {\n  for (var index = 1; index < colors.length; index += 1) {\n    var currentColor = colors[index];\n    var previousColor = colors[index - 1];\n    cy.wrap(currentColor).should('be.onTheRightOf', previousColor).and('be.horizontallyAlignedWith', previousColor);\n  }\n});",
              "err": {},
              "uuid": "14e07562-b3fc-4ed6-9ca4-103f417bae9b",
              "parentUUID": "ae5c9870-972c-41e8-be51-60ec4914f91a",
              "isHook": false,
              "skipped": false
            },
            {
              "title": "Verifica se a paleta de cores está posicionada abaixo do título 'Paleta de Cores'",
              "fullTitle": "2 - Adicione à página uma paleta de quatro cores distintas. Verifica se a paleta de cores está posicionada abaixo do título 'Paleta de Cores'",
              "timedOut": null,
              "duration": 224,
              "state": "passed",
              "speed": "slow",
              "pass": true,
              "fail": false,
              "pending": false,
              "context": null,
              "code": "cy.get('h1#title').then(function (title) {\n  cy.get('#color-palette').should('be.belowOf', title);\n});",
              "err": {},
              "uuid": "7afd0646-00d6-42e1-8e46-9f83f9129d19",
              "parentUUID": "ae5c9870-972c-41e8-be51-60ec4914f91a",
              "isHook": false,
              "skipped": false
            },
            {
              "title": "Verifica se a paleta de cores não contém cores repetidas.",
              "fullTitle": "2 - Adicione à página uma paleta de quatro cores distintas. Verifica se a paleta de cores não contém cores repetidas.",
              "timedOut": null,
              "duration": 206,
              "state": "passed",
              "speed": "slow",
              "pass": true,
              "fail": false,
              "pending": false,
              "context": null,
              "code": "cy.get('.color').then(function (colors) {\n  var allColors = Array.from(colors).map(function (color) {\n    return Cypress.$(color).css('background-color');\n  });\n  cy.log(allColors);\n  var uniqColors = (0, _toConsumableArray2[\"default\"])(new Set(allColors));\n  cy.log(uniqColors);\n  expect(allColors.length).to.eq(uniqColors.length);\n});",
              "err": {},
              "uuid": "935cecb4-4275-4e93-89bd-7de6e6e91158",
              "parentUUID": "ae5c9870-972c-41e8-be51-60ec4914f91a",
              "isHook": false,
              "skipped": false
            }
          ],
          "suites": [],
          "passes": [
            "26a55b74-36f9-4580-a6d8-756861bbb657",
            "a7f36d22-08a7-4801-bd9b-295dbd2235eb",
            "b64ce1e2-1c21-441d-bf7b-e7578c4804c8",
            "a1005c84-743d-4afb-a6c4-04e2305fe4e7",
            "14e07562-b3fc-4ed6-9ca4-103f417bae9b",
            "7afd0646-00d6-42e1-8e46-9f83f9129d19",
            "935cecb4-4275-4e93-89bd-7de6e6e91158"
          ],
          "failures": [],
          "pending": [],
          "skipped": [],
          "duration": 2715,
          "root": false,
          "rootEmpty": false,
          "_timeout": 2000
        },
        {
          "uuid": "6f848aa5-77c9-4277-b3f0-76344ac87b43",
          "title": "3 - Adicione a cor **preta** como a primeira cor da paleta de cores.",
          "fullFile": "",
          "file": "",
          "beforeHooks": [],
          "afterHooks": [],
          "tests": [
            {
              "title": "Verifica se a primeira cor da paleta é preta",
              "fullTitle": "3 - Adicione a cor **preta** como a primeira cor da paleta de cores. Verifica se a primeira cor da paleta é preta",
              "timedOut": null,
              "duration": 148,
              "state": "passed",
              "speed": "slow",
              "pass": true,
              "fail": false,
              "pending": false,
              "context": null,
              "code": "cy.get('.color').first().should('have.css', 'background-color', BLACK);",
              "err": {},
              "uuid": "a3db4cea-c247-4515-9ad3-c969bcebb269",
              "parentUUID": "6f848aa5-77c9-4277-b3f0-76344ac87b43",
              "isHook": false,
              "skipped": false
            },
            {
              "title": "Verifica se as demais cores podem ser escolhidas livremente.",
              "fullTitle": "3 - Adicione a cor **preta** como a primeira cor da paleta de cores. Verifica se as demais cores podem ser escolhidas livremente.",
              "timedOut": null,
              "duration": 386,
              "state": "passed",
              "speed": "slow",
              "pass": true,
              "fail": false,
              "pending": false,
              "context": null,
              "code": "cy.get('.color').eq(1).should('not.have.css', 'background-color', BLACK);\ncy.get('.color').eq(1).should('not.have.css', 'background-color', WHITE);\ncy.get('.color').eq(1).should('not.have.css', 'background-color', 'rgba(0, 0, 0, 0)');\ncy.get('.color').eq(1).should('have.css', 'background-color');\ncy.get('.color').eq(2).should('not.have.css', 'background-color', BLACK);\ncy.get('.color').eq(2).should('not.have.css', 'background-color', WHITE);\ncy.get('.color').eq(2).should('not.have.css', 'background-color', 'rgba(0, 0, 0, 0)');\ncy.get('.color').eq(2).should('have.css', 'background-color');\ncy.get('.color').eq(3).should('not.have.css', 'background-color', BLACK);\ncy.get('.color').eq(3).should('not.have.css', 'background-color', WHITE);\ncy.get('.color').eq(3).should('not.have.css', 'background-color', 'rgba(0, 0, 0, 0)');\ncy.get('.color').eq(3).should('have.css', 'background-color');",
              "err": {},
              "uuid": "aea0ab68-88ef-45ca-ace7-39ef4a1a3bfc",
              "parentUUID": "6f848aa5-77c9-4277-b3f0-76344ac87b43",
              "isHook": false,
              "skipped": false
            }
          ],
          "suites": [],
          "passes": [
            "a3db4cea-c247-4515-9ad3-c969bcebb269",
            "aea0ab68-88ef-45ca-ace7-39ef4a1a3bfc"
          ],
          "failures": [],
          "pending": [],
          "skipped": [],
          "duration": 534,
          "root": false,
          "rootEmpty": false,
          "_timeout": 2000
        },
        {
          "uuid": "08d48189-91c5-44b6-827c-bcef68ca62c7",
          "title": "4 - Adicione à página um quadro de pixels, com 25 pixels.",
          "fullFile": "",
          "file": "",
          "beforeHooks": [],
          "afterHooks": [],
          "tests": [
            {
              "title": "Verifica se o quadro de pixels possui o `id` denominado `pixel-board`",
              "fullTitle": "4 - Adicione à página um quadro de pixels, com 25 pixels. Verifica se o quadro de pixels possui o `id` denominado `pixel-board`",
              "timedOut": null,
              "duration": 175,
              "state": "passed",
              "speed": "slow",
              "pass": true,
              "fail": false,
              "pending": false,
              "context": null,
              "code": "cy.get('#pixel-board').should('be.visible');",
              "err": {},
              "uuid": "6e848622-9cc4-4b1a-8f90-3bbaac4d4262",
              "parentUUID": "08d48189-91c5-44b6-827c-bcef68ca62c7",
              "isHook": false,
              "skipped": false
            },
            {
              "title": "Verifica se cada pixel individual dentro do quadro possui a `classe` denominada `pixel`.",
              "fullTitle": "4 - Adicione à página um quadro de pixels, com 25 pixels. Verifica se cada pixel individual dentro do quadro possui a `classe` denominada `pixel`.",
              "timedOut": null,
              "duration": 281,
              "state": "passed",
              "speed": "slow",
              "pass": true,
              "fail": false,
              "pending": false,
              "context": null,
              "code": "cy.get('.pixel').should('have.length', 25);",
              "err": {},
              "uuid": "ee818f54-3491-44c0-b714-aa9c8345f162",
              "parentUUID": "08d48189-91c5-44b6-827c-bcef68ca62c7",
              "isHook": false,
              "skipped": false
            },
            {
              "title": "Verifica se a cor inicial dos pixels dentro do quadro, ao abrir a página, é branca.",
              "fullTitle": "4 - Adicione à página um quadro de pixels, com 25 pixels. Verifica se a cor inicial dos pixels dentro do quadro, ao abrir a página, é branca.",
              "timedOut": null,
              "duration": 357,
              "state": "passed",
              "speed": "slow",
              "pass": true,
              "fail": false,
              "pending": false,
              "context": null,
              "code": "cy.get('.pixel').should('have.length', 25).each(function (pixel) {\n  expect(pixel).to.have.css('background-color', WHITE);\n});",
              "err": {},
              "uuid": "14918631-0edc-41fe-96d7-01b4921c6489",
              "parentUUID": "08d48189-91c5-44b6-827c-bcef68ca62c7",
              "isHook": false,
              "skipped": false
            },
            {
              "title": "Verifica se o quadro de pixels aparece abaixo da paleta de cores",
              "fullTitle": "4 - Adicione à página um quadro de pixels, com 25 pixels. Verifica se o quadro de pixels aparece abaixo da paleta de cores",
              "timedOut": null,
              "duration": 213,
              "state": "passed",
              "speed": "slow",
              "pass": true,
              "fail": false,
              "pending": false,
              "context": null,
              "code": "cy.get('#color-palette').then(function (palette) {\n  cy.get('#pixel-board').should('be.belowOf', palette);\n});",
              "err": {},
              "uuid": "163ddb59-982f-457e-ad44-88283d3db72e",
              "parentUUID": "08d48189-91c5-44b6-827c-bcef68ca62c7",
              "isHook": false,
              "skipped": false
            }
          ],
          "suites": [],
          "passes": [
            "6e848622-9cc4-4b1a-8f90-3bbaac4d4262",
            "ee818f54-3491-44c0-b714-aa9c8345f162",
            "14918631-0edc-41fe-96d7-01b4921c6489",
            "163ddb59-982f-457e-ad44-88283d3db72e"
          ],
          "failures": [],
          "pending": [],
          "skipped": [],
          "duration": 1026,
          "root": false,
          "rootEmpty": false,
          "_timeout": 2000
        },
        {
          "uuid": "8977109e-a125-4239-a4b3-ab74089da8c8",
          "title": "5 - Faça com que cada elemento do quadro de pixels possua 40 pixels de largura, 40 pixels de altura e seja delimitado por uma borda preta de 1 pixel.",
          "fullFile": "",
          "file": "",
          "beforeHooks": [],
          "afterHooks": [],
          "tests": [
            {
              "title": "Verifica se o quadro de pixels tem altura e comprimento de 5 elementos",
              "fullTitle": "5 - Faça com que cada elemento do quadro de pixels possua 40 pixels de largura, 40 pixels de altura e seja delimitado por uma borda preta de 1 pixel. Verifica se o quadro de pixels tem altura e comprimento de 5 elementos",
              "timedOut": null,
              "duration": 777,
              "state": "passed",
              "speed": "slow",
              "pass": true,
              "fail": false,
              "pending": false,
              "context": null,
              "code": "cy.get('.pixel').should('have.length', 25).each(function (pixel) {\n  expect(pixel).to.have.css('background-color', WHITE);\n}).and(function (pixels) {\n  var rows = chunk(pixels, 5);\n  rows.forEach(function (row) {\n    for (var index = 1; index < row.length; index += 1) {\n      var current = pixels[index];\n      var previous = pixels[index - 1];\n      cy.wrap(current).should('be.onTheRightOf', previous).and('be.horizontallyAlignedWith', previous);\n    }\n  });\n  for (var index = 1; index < 5; index += 1) {\n    expect(pixels[index * 5]).to.be.belowOf(pixels[(index - 1) * 5]);\n  }\n});",
              "err": {},
              "uuid": "2e3bce75-61bb-4972-bb6e-df6938ac236b",
              "parentUUID": "8977109e-a125-4239-a4b3-ab74089da8c8",
              "isHook": false,
              "skipped": false
            },
            {
              "title": "Verifica se 40 pixels é o tamanho total do elemento, incluindo seu conteúdo e excluindo a borda preta, que deve ser criada à parte.",
              "fullTitle": "5 - Faça com que cada elemento do quadro de pixels possua 40 pixels de largura, 40 pixels de altura e seja delimitado por uma borda preta de 1 pixel. Verifica se 40 pixels é o tamanho total do elemento, incluindo seu conteúdo e excluindo a borda preta, que deve ser criada à parte.",
              "timedOut": null,
              "duration": 577,
              "state": "passed",
              "speed": "slow",
              "pass": true,
              "fail": false,
              "pending": false,
              "context": null,
              "code": "cy.get('.pixel').each(function (pixel) {\n  cy.wrap(pixel).should('have.css', 'height', '40px').and('have.css', 'width', '40px').and('have.css', 'border', \"1px solid \".concat(BLACK));\n});",
              "err": {},
              "uuid": "cd7b4c93-e510-4844-b470-1a31fbd28604",
              "parentUUID": "8977109e-a125-4239-a4b3-ab74089da8c8",
              "isHook": false,
              "skipped": false
            }
          ],
          "suites": [],
          "passes": [
            "2e3bce75-61bb-4972-bb6e-df6938ac236b",
            "cd7b4c93-e510-4844-b470-1a31fbd28604"
          ],
          "failures": [],
          "pending": [],
          "skipped": [],
          "duration": 1354,
          "root": false,
          "rootEmpty": false,
          "_timeout": 2000
        },
        {
          "uuid": "e56ecc78-de30-4bed-853a-c8a6c3b3a07b",
          "title": "6 - Defina a cor preta como cor inicial. Ao carregar a página a cor preta já deve estar selecionada para pintar os pixels",
          "fullFile": "",
          "file": "",
          "beforeHooks": [],
          "afterHooks": [],
          "tests": [
            {
              "title": "Verifica se o elemento da cor preta possui, inicialmente, a `classe` `selected`",
              "fullTitle": "6 - Defina a cor preta como cor inicial. Ao carregar a página a cor preta já deve estar selecionada para pintar os pixels Verifica se o elemento da cor preta possui, inicialmente, a `classe` `selected`",
              "timedOut": null,
              "duration": 192,
              "state": "passed",
              "speed": "slow",
              "pass": true,
              "fail": false,
              "pending": false,
              "context": null,
              "code": "cy.get('.selected').first().should('have.css', 'background-color', BLACK);",
              "err": {},
              "uuid": "d38adb84-52dc-47f8-9a08-7ccae89c392d",
              "parentUUID": "e56ecc78-de30-4bed-853a-c8a6c3b3a07b",
              "isHook": false,
              "skipped": false
            },
            {
              "title": "Verifica se nenhuma outra cor da paleta tem a `classe` `selected`",
              "fullTitle": "6 - Defina a cor preta como cor inicial. Ao carregar a página a cor preta já deve estar selecionada para pintar os pixels Verifica se nenhuma outra cor da paleta tem a `classe` `selected`",
              "timedOut": null,
              "duration": 242,
              "state": "passed",
              "speed": "slow",
              "pass": true,
              "fail": false,
              "pending": false,
              "context": null,
              "code": "cy.get('.color:not(:first-child)').each(function (color) {\n  cy.wrap(color).should('not.have.class', 'selected');\n});",
              "err": {},
              "uuid": "3d18312c-1ca3-4cb4-b804-3b96b19ba870",
              "parentUUID": "e56ecc78-de30-4bed-853a-c8a6c3b3a07b",
              "isHook": false,
              "skipped": false
            }
          ],
          "suites": [],
          "passes": [
            "d38adb84-52dc-47f8-9a08-7ccae89c392d",
            "3d18312c-1ca3-4cb4-b804-3b96b19ba870"
          ],
          "failures": [],
          "pending": [],
          "skipped": [],
          "duration": 434,
          "root": false,
          "rootEmpty": false,
          "_timeout": 2000
        },
        {
          "uuid": "a085c756-e179-4d0a-b7fc-493c992fb100",
          "title": "7 - Clicar em uma das cores da paleta, faz com que ela seja selecionada e utilizada para preencher os pixels no quadro.",
          "fullFile": "",
          "file": "",
          "beforeHooks": [],
          "afterHooks": [],
          "tests": [
            {
              "title": "Verifica se somente uma cor da paleta de cores tem a classe `selected` de cada vez",
              "fullTitle": "7 - Clicar em uma das cores da paleta, faz com que ela seja selecionada e utilizada para preencher os pixels no quadro. Verifica se somente uma cor da paleta de cores tem a classe `selected` de cada vez",
              "timedOut": null,
              "duration": 671,
              "state": "passed",
              "speed": "slow",
              "pass": true,
              "fail": false,
              "pending": false,
              "context": null,
              "code": "cy.get('.color').each(function (selectedColor, selectedColorIndex) {\n  cy.wrap(selectedColor).click();\n  cy.get('.color').each(function (color, colorIndex) {\n    if (colorIndex === selectedColorIndex) {\n      expect(color).to.have[\"class\"]('selected');\n    } else {\n      expect(color).not.to.have[\"class\"]('selected');\n    }\n  });\n});",
              "err": {},
              "uuid": "2179e5e4-0a0e-47f2-946a-f38309f17f65",
              "parentUUID": "a085c756-e179-4d0a-b7fc-493c992fb100",
              "isHook": false,
              "skipped": false
            },
            {
              "title": "Verifica se os pixels dentro do quadro não têm a classe `selected` quando são clicados",
              "fullTitle": "7 - Clicar em uma das cores da paleta, faz com que ela seja selecionada e utilizada para preencher os pixels no quadro. Verifica se os pixels dentro do quadro não têm a classe `selected` quando são clicados",
              "timedOut": null,
              "duration": 10218,
              "state": "passed",
              "speed": "slow",
              "pass": true,
              "fail": false,
              "pending": false,
              "context": null,
              "code": "cy.get('.color').each(function (color) {\n  var backgroundColor = color.css('background-color');\n  cy.wrap(color).click();\n  cy.get('.pixel').each(function (pixel) {\n    cy.wrap(pixel).click().should('not.have.class', 'selected');\n  });\n});",
              "err": {},
              "uuid": "5d0139c4-de98-43ec-a287-ecc80b00781b",
              "parentUUID": "a085c756-e179-4d0a-b7fc-493c992fb100",
              "isHook": false,
              "skipped": false
            }
          ],
          "suites": [],
          "passes": [
            "2179e5e4-0a0e-47f2-946a-f38309f17f65",
            "5d0139c4-de98-43ec-a287-ecc80b00781b"
          ],
          "failures": [],
          "pending": [],
          "skipped": [],
          "duration": 10889,
          "root": false,
          "rootEmpty": false,
          "_timeout": 2000
        },
        {
          "uuid": "ae8a24ac-e9f3-4022-96b9-65e9cbdbd928",
          "title": "8 - Clicar em um pixel dentro do quadro após selecionar uma cor na paleta, faz com que o pixel seja preenchido com a cor selecionada.",
          "fullFile": "",
          "file": "",
          "beforeHooks": [],
          "afterHooks": [],
          "tests": [
            {
              "title": "Verifica se ao carregar a página deve ser possível pintar os pixels de preto",
              "fullTitle": "8 - Clicar em um pixel dentro do quadro após selecionar uma cor na paleta, faz com que o pixel seja preenchido com a cor selecionada. Verifica se ao carregar a página deve ser possível pintar os pixels de preto",
              "timedOut": null,
              "duration": 3105,
              "state": "passed",
              "speed": "slow",
              "pass": true,
              "fail": false,
              "pending": false,
              "context": null,
              "code": "cy.get('.pixel').each(function (pixel) {\n  cy.wrap(pixel).click().should('have.css', 'background-color', BLACK);\n});",
              "err": {},
              "uuid": "7b1fad11-4b1b-4c7d-a5ce-edd4d1542a1d",
              "parentUUID": "ae8a24ac-e9f3-4022-96b9-65e9cbdbd928",
              "isHook": false,
              "skipped": false
            },
            {
              "title": "Verifica se após selecionar uma outra cor na paleta, é possível pintar os pixels com essa cor",
              "fullTitle": "8 - Clicar em um pixel dentro do quadro após selecionar uma cor na paleta, faz com que o pixel seja preenchido com a cor selecionada. Verifica se após selecionar uma outra cor na paleta, é possível pintar os pixels com essa cor",
              "timedOut": null,
              "duration": 9739,
              "state": "passed",
              "speed": "slow",
              "pass": true,
              "fail": false,
              "pending": false,
              "context": null,
              "code": "cy.get('.color').each(function (color) {\n  var backgroundColor = color.css('background-color');\n  cy.wrap(color).click();\n  cy.get('.pixel').each(function (pixel) {\n    cy.wrap(pixel).click().should('have.css', 'background-color', backgroundColor);\n  });\n});",
              "err": {},
              "uuid": "b7f077d7-e2da-4d82-9cc6-b30cefd5da68",
              "parentUUID": "ae8a24ac-e9f3-4022-96b9-65e9cbdbd928",
              "isHook": false,
              "skipped": false
            },
            {
              "title": "Verifica se somente o pixel que foi clicado foi preenchido com a cor selecionada, sem influenciar na cor dos demais pixels.",
              "fullTitle": "8 - Clicar em um pixel dentro do quadro após selecionar uma cor na paleta, faz com que o pixel seja preenchido com a cor selecionada. Verifica se somente o pixel que foi clicado foi preenchido com a cor selecionada, sem influenciar na cor dos demais pixels.",
              "timedOut": null,
              "duration": 3325,
              "state": "passed",
              "speed": "slow",
              "pass": true,
              "fail": false,
              "pending": false,
              "context": null,
              "code": "var colorToPixelIndexMap = {\n  0: 6,\n  1: 8,\n  2: 16,\n  3: 18\n};\ncy.get('.color').each(function (color, index) {\n  cy.wrap(color).click();\n  var backgroundColor = color.css('background-color');\n  var clickedPixelIndex = colorToPixelIndexMap[index];\n  cy.get('.pixel').eq(clickedPixelIndex).click();\n  cy.get('.pixel').eq(clickedPixelIndex - 1).should('not.have.css', 'background-color', backgroundColor);\n  cy.get('.pixel').eq(clickedPixelIndex + 1).should('not.have.css', 'background-color', backgroundColor);\n  cy.get('.pixel').eq(clickedPixelIndex - 5).should('not.have.css', 'background-color', backgroundColor);\n  cy.get('.pixel').eq(clickedPixelIndex + 5).should('not.have.css', 'background-color', backgroundColor);\n  cy.get('.pixel').eq(clickedPixelIndex - 6).should('not.have.css', 'background-color', backgroundColor);\n  cy.get('.pixel').eq(clickedPixelIndex - 4).should('not.have.css', 'background-color', backgroundColor);\n  cy.get('.pixel').eq(clickedPixelIndex + 4).should('not.have.css', 'background-color', backgroundColor);\n  cy.get('.pixel').eq(clickedPixelIndex + 6).should('not.have.css', 'background-color', backgroundColor);\n});",
              "err": {},
              "uuid": "cf1c1cce-4ffc-4997-86b8-8d5f14db4efc",
              "parentUUID": "ae8a24ac-e9f3-4022-96b9-65e9cbdbd928",
              "isHook": false,
              "skipped": false
            }
          ],
          "suites": [],
          "passes": [
            "7b1fad11-4b1b-4c7d-a5ce-edd4d1542a1d",
            "b7f077d7-e2da-4d82-9cc6-b30cefd5da68",
            "cf1c1cce-4ffc-4997-86b8-8d5f14db4efc"
          ],
          "failures": [],
          "pending": [],
          "skipped": [],
          "duration": 16169,
          "root": false,
          "rootEmpty": false,
          "_timeout": 2000
        },
        {
          "uuid": "bccac74f-e708-45fd-a949-7e55c26336d2",
          "title": "9 - Crie um botão que, ao ser clicado, limpa o quadro preenchendo a cor de todos seus pixels com branco.",
          "fullFile": "",
          "file": "",
          "beforeHooks": [],
          "afterHooks": [],
          "tests": [
            {
              "title": "Verifica se o botão tem o `id` denominado `clear-board`",
              "fullTitle": "9 - Crie um botão que, ao ser clicado, limpa o quadro preenchendo a cor de todos seus pixels com branco. Verifica se o botão tem o `id` denominado `clear-board`",
              "timedOut": null,
              "duration": 488,
              "state": "passed",
              "speed": "slow",
              "pass": true,
              "fail": false,
              "pending": false,
              "context": null,
              "code": "cy.get('#clear-board').should('be.visible');",
              "err": {},
              "uuid": "5a3dd277-c3a1-4705-b24d-fc450c5a6154",
              "parentUUID": "bccac74f-e708-45fd-a949-7e55c26336d2",
              "isHook": false,
              "skipped": false
            },
            {
              "title": "Verifica se o botão está posicionado entre a paleta de cores e o quadro de pixels",
              "fullTitle": "9 - Crie um botão que, ao ser clicado, limpa o quadro preenchendo a cor de todos seus pixels com branco. Verifica se o botão está posicionado entre a paleta de cores e o quadro de pixels",
              "timedOut": null,
              "duration": 363,
              "state": "passed",
              "speed": "slow",
              "pass": true,
              "fail": false,
              "pending": false,
              "context": null,
              "code": "cy.get('#color-palette').then(function (palette) {\n  cy.get('#clear-board').should('be.belowOf', palette);\n});\ncy.get('#clear-board').then(function (clearBtn) {\n  cy.get('#pixel-board').should('be.belowOf', clearBtn);\n});",
              "err": {},
              "uuid": "eec0ad09-1d80-46a1-88ea-04545e50bb64",
              "parentUUID": "bccac74f-e708-45fd-a949-7e55c26336d2",
              "isHook": false,
              "skipped": false
            },
            {
              "title": "Verifica se o texto do botão é 'Limpar'",
              "fullTitle": "9 - Crie um botão que, ao ser clicado, limpa o quadro preenchendo a cor de todos seus pixels com branco. Verifica se o texto do botão é 'Limpar'",
              "timedOut": null,
              "duration": 4502,
              "state": "failed",
              "speed": null,
              "pass": false,
              "fail": true,
              "pending": false,
              "context": null,
              "code": "cy.get('#clear-board').should('contain.text', 'Limpar');",
              "err": {
                "message": "CypressError: Timed out retrying: expected '<input#clear-board>' to contain text 'Limpar', but the text was ''",
                "estack": "CypressError: Timed out retrying: expected '<input#clear-board>' to contain text 'Limpar', but the text was ''\n    at cypressErr (http://localhost:45919/__cypress/runner/cypress_runner.js:149934:9)\n    at throwErr (http://localhost:45919/__cypress/runner/cypress_runner.js:149867:11)\n    at Object.throwErrByPath (http://localhost:45919/__cypress/runner/cypress_runner.js:149915:3)\n    at retry (http://localhost:45919/__cypress/runner/cypress_runner.js:144197:19)\n    at onFailFn (http://localhost:45919/__cypress/runner/cypress_runner.js:132448:16)\n    at tryCatcher (http://localhost:45919/__cypress/runner/cypress_runner.js:167415:23)\n    at Promise._settlePromiseFromHandler (http://localhost:45919/__cypress/runner/cypress_runner.js:165351:31)\n    at Promise._settlePromise (http://localhost:45919/__cypress/runner/cypress_runner.js:165408:18)\n    at Promise._settlePromise0 (http://localhost:45919/__cypress/runner/cypress_runner.js:165453:10)\n    at Promise._settlePromises (http://localhost:45919/__cypress/runner/cypress_runner.js:165528:18)\n    at Async../node_modules/bluebird/js/release/async.js.Async._drainQueue (http://localhost:45919/__cypress/runner/cypress_runner.js:162140:16)\n    at Async../node_modules/bluebird/js/release/async.js.Async._drainQueues (http://localhost:45919/__cypress/runner/cypress_runner.js:162150:10)\n    at Async.drainQueues (http://localhost:45919/__cypress/runner/cypress_runner.js:162024:14)",
                "diff": null
              },
              "uuid": "6737c2e7-b140-48b2-b0c8-14b5ce521dc7",
              "parentUUID": "bccac74f-e708-45fd-a949-7e55c26336d2",
              "isHook": false,
              "skipped": false
            },
            {
              "title": "Verifica se ao clicar no botão, o quadro de pixels é totalmente preenchido de branco",
              "fullTitle": "9 - Crie um botão que, ao ser clicado, limpa o quadro preenchendo a cor de todos seus pixels com branco. Verifica se ao clicar no botão, o quadro de pixels é totalmente preenchido de branco",
              "timedOut": null,
              "duration": 3312,
              "state": "passed",
              "speed": "slow",
              "pass": true,
              "fail": false,
              "pending": false,
              "context": null,
              "code": "cy.get('.color').eq(1).then(function (color) {\n  var backgroundColor = color.css('background-color');\n  cy.wrap(color).click();\n  cy.get('.pixel').each(function (pixel) {\n    cy.wrap(pixel).click().should('have.css', 'background-color', backgroundColor);\n  });\n});\ncy.get('#clear-board').click();\ncy.get('.pixel').each(function (pixel) {\n  cy.wrap(pixel).should('have.css', 'background-color', WHITE);\n});",
              "err": {},
              "uuid": "c9be5e0e-d473-4d03-8731-14e95bcdd936",
              "parentUUID": "bccac74f-e708-45fd-a949-7e55c26336d2",
              "isHook": false,
              "skipped": false
            }
          ],
          "suites": [],
          "passes": [
            "5a3dd277-c3a1-4705-b24d-fc450c5a6154",
            "eec0ad09-1d80-46a1-88ea-04545e50bb64",
            "c9be5e0e-d473-4d03-8731-14e95bcdd936"
          ],
          "failures": [
            "6737c2e7-b140-48b2-b0c8-14b5ce521dc7"
          ],
          "pending": [],
          "skipped": [],
          "duration": 8665,
          "root": false,
          "rootEmpty": false,
          "_timeout": 2000
        },
        {
          "uuid": "48a5d112-3c83-411e-b08b-c6df41e415de",
          "title": "10 - Faça o quadro de pixels ter seu tamanho definido pelo usuário.",
          "fullFile": "",
          "file": "",
          "beforeHooks": [],
          "afterHooks": [],
          "tests": [
            {
              "title": "Verifica se existe um input com o id `board-size`",
              "fullTitle": "10 - Faça o quadro de pixels ter seu tamanho definido pelo usuário. Verifica se existe um input com o id `board-size`",
              "timedOut": null,
              "duration": 4609,
              "state": "failed",
              "speed": null,
              "pass": false,
              "fail": true,
              "pending": false,
              "context": null,
              "code": "cy.get('#board-size').should('be.visible');",
              "err": {
                "message": "CypressError: Timed out retrying: Expected to find element: '#board-size', but never found it.",
                "estack": "CypressError: Timed out retrying: Expected to find element: '#board-size', but never found it.\n    at cypressErr (http://localhost:45919/__cypress/runner/cypress_runner.js:149934:9)\n    at throwErr (http://localhost:45919/__cypress/runner/cypress_runner.js:149867:11)\n    at Object.throwErrByPath (http://localhost:45919/__cypress/runner/cypress_runner.js:149915:3)\n    at retry (http://localhost:45919/__cypress/runner/cypress_runner.js:144197:19)\n    at onFailFn (http://localhost:45919/__cypress/runner/cypress_runner.js:132448:16)\n    at tryCatcher (http://localhost:45919/__cypress/runner/cypress_runner.js:167415:23)\n    at Promise._settlePromiseFromHandler (http://localhost:45919/__cypress/runner/cypress_runner.js:165351:31)\n    at Promise._settlePromise (http://localhost:45919/__cypress/runner/cypress_runner.js:165408:18)\n    at Promise._settlePromise0 (http://localhost:45919/__cypress/runner/cypress_runner.js:165453:10)\n    at Promise._settlePromises (http://localhost:45919/__cypress/runner/cypress_runner.js:165528:18)\n    at Async../node_modules/bluebird/js/release/async.js.Async._drainQueue (http://localhost:45919/__cypress/runner/cypress_runner.js:162140:16)\n    at Async../node_modules/bluebird/js/release/async.js.Async._drainQueues (http://localhost:45919/__cypress/runner/cypress_runner.js:162150:10)\n    at Async.drainQueues (http://localhost:45919/__cypress/runner/cypress_runner.js:162024:14)",
                "diff": null
              },
              "uuid": "66be7c33-7954-4ea2-932f-65f49a60b76d",
              "parentUUID": "48a5d112-3c83-411e-b08b-c6df41e415de",
              "isHook": false,
              "skipped": false
            },
            {
              "title": "Verifica se existe um botão com o id `generate-board`",
              "fullTitle": "10 - Faça o quadro de pixels ter seu tamanho definido pelo usuário. Verifica se existe um botão com o id `generate-board`",
              "timedOut": null,
              "duration": 4735,
              "state": "failed",
              "speed": null,
              "pass": false,
              "fail": true,
              "pending": false,
              "context": null,
              "code": "cy.get('#generate-board').should('be.visible');",
              "err": {
                "message": "CypressError: Timed out retrying: Expected to find element: '#generate-board', but never found it.",
                "estack": "CypressError: Timed out retrying: Expected to find element: '#generate-board', but never found it.\n    at cypressErr (http://localhost:45919/__cypress/runner/cypress_runner.js:149934:9)\n    at throwErr (http://localhost:45919/__cypress/runner/cypress_runner.js:149867:11)\n    at Object.throwErrByPath (http://localhost:45919/__cypress/runner/cypress_runner.js:149915:3)\n    at retry (http://localhost:45919/__cypress/runner/cypress_runner.js:144197:19)\n    at onFailFn (http://localhost:45919/__cypress/runner/cypress_runner.js:132448:16)\n    at tryCatcher (http://localhost:45919/__cypress/runner/cypress_runner.js:167415:23)\n    at Promise._settlePromiseFromHandler (http://localhost:45919/__cypress/runner/cypress_runner.js:165351:31)\n    at Promise._settlePromise (http://localhost:45919/__cypress/runner/cypress_runner.js:165408:18)\n    at Promise._settlePromise0 (http://localhost:45919/__cypress/runner/cypress_runner.js:165453:10)\n    at Promise._settlePromises (http://localhost:45919/__cypress/runner/cypress_runner.js:165528:18)\n    at Async../node_modules/bluebird/js/release/async.js.Async._drainQueue (http://localhost:45919/__cypress/runner/cypress_runner.js:162140:16)\n    at Async../node_modules/bluebird/js/release/async.js.Async._drainQueues (http://localhost:45919/__cypress/runner/cypress_runner.js:162150:10)\n    at Async.drainQueues (http://localhost:45919/__cypress/runner/cypress_runner.js:162024:14)",
                "diff": null
              },
              "uuid": "3eb76ea3-3068-41de-811e-2159cb6ebb5e",
              "parentUUID": "48a5d112-3c83-411e-b08b-c6df41e415de",
              "isHook": false,
              "skipped": false
            },
            {
              "title": "Verifica se o input só aceita número maiores que zero. Essa restrição deve ser feita usando os atributos do elemento `input`",
              "fullTitle": "10 - Faça o quadro de pixels ter seu tamanho definido pelo usuário. Verifica se o input só aceita número maiores que zero. Essa restrição deve ser feita usando os atributos do elemento `input`",
              "timedOut": null,
              "duration": 4544,
              "state": "failed",
              "speed": null,
              "pass": false,
              "fail": true,
              "pending": false,
              "context": null,
              "code": "cy.get('#board-size[type=\\'number\\'][min=\\'1\\']');",
              "err": {
                "message": "CypressError: Timed out retrying: Expected to find element: '#board-size[type='number'][min='1']', but never found it.",
                "estack": "CypressError: Timed out retrying: Expected to find element: '#board-size[type='number'][min='1']', but never found it.\n    at cypressErr (http://localhost:45919/__cypress/runner/cypress_runner.js:149934:9)\n    at throwErr (http://localhost:45919/__cypress/runner/cypress_runner.js:149867:11)\n    at Object.throwErrByPath (http://localhost:45919/__cypress/runner/cypress_runner.js:149915:3)\n    at retry (http://localhost:45919/__cypress/runner/cypress_runner.js:144197:19)\n    at onFailFn (http://localhost:45919/__cypress/runner/cypress_runner.js:132448:16)\n    at tryCatcher (http://localhost:45919/__cypress/runner/cypress_runner.js:167415:23)\n    at Promise._settlePromiseFromHandler (http://localhost:45919/__cypress/runner/cypress_runner.js:165351:31)\n    at Promise._settlePromise (http://localhost:45919/__cypress/runner/cypress_runner.js:165408:18)\n    at Promise._settlePromise0 (http://localhost:45919/__cypress/runner/cypress_runner.js:165453:10)\n    at Promise._settlePromises (http://localhost:45919/__cypress/runner/cypress_runner.js:165528:18)\n    at Async../node_modules/bluebird/js/release/async.js.Async._drainQueue (http://localhost:45919/__cypress/runner/cypress_runner.js:162140:16)\n    at Async../node_modules/bluebird/js/release/async.js.Async._drainQueues (http://localhost:45919/__cypress/runner/cypress_runner.js:162150:10)\n    at Async.drainQueues (http://localhost:45919/__cypress/runner/cypress_runner.js:162024:14)",
                "diff": null
              },
              "uuid": "5bb63d22-f72b-453b-a2f3-78a37065df66",
              "parentUUID": "48a5d112-3c83-411e-b08b-c6df41e415de",
              "isHook": false,
              "skipped": false
            },
            {
              "title": "Verifica se o botão contém o texto 'VQV'",
              "fullTitle": "10 - Faça o quadro de pixels ter seu tamanho definido pelo usuário. Verifica se o botão contém o texto 'VQV'",
              "timedOut": null,
              "duration": 4664,
              "state": "failed",
              "speed": null,
              "pass": false,
              "fail": true,
              "pending": false,
              "context": null,
              "code": "cy.get('#generate-board').contains(/vqv/i);",
              "err": {
                "message": "CypressError: Timed out retrying: Expected to find element: '#generate-board', but never found it.",
                "estack": "CypressError: Timed out retrying: Expected to find element: '#generate-board', but never found it.\n    at cypressErr (http://localhost:45919/__cypress/runner/cypress_runner.js:149934:9)\n    at throwErr (http://localhost:45919/__cypress/runner/cypress_runner.js:149867:11)\n    at Object.throwErrByPath (http://localhost:45919/__cypress/runner/cypress_runner.js:149915:3)\n    at retry (http://localhost:45919/__cypress/runner/cypress_runner.js:144197:19)\n    at onFailFn (http://localhost:45919/__cypress/runner/cypress_runner.js:132448:16)\n    at tryCatcher (http://localhost:45919/__cypress/runner/cypress_runner.js:167415:23)\n    at Promise._settlePromiseFromHandler (http://localhost:45919/__cypress/runner/cypress_runner.js:165351:31)\n    at Promise._settlePromise (http://localhost:45919/__cypress/runner/cypress_runner.js:165408:18)\n    at Promise._settlePromise0 (http://localhost:45919/__cypress/runner/cypress_runner.js:165453:10)\n    at Promise._settlePromises (http://localhost:45919/__cypress/runner/cypress_runner.js:165528:18)\n    at Async../node_modules/bluebird/js/release/async.js.Async._drainQueue (http://localhost:45919/__cypress/runner/cypress_runner.js:162140:16)\n    at Async../node_modules/bluebird/js/release/async.js.Async._drainQueues (http://localhost:45919/__cypress/runner/cypress_runner.js:162150:10)\n    at Async.drainQueues (http://localhost:45919/__cypress/runner/cypress_runner.js:162024:14)",
                "diff": null
              },
              "uuid": "06e5062d-6e72-4dc0-baee-2f38870c53c7",
              "parentUUID": "48a5d112-3c83-411e-b08b-c6df41e415de",
              "isHook": false,
              "skipped": false
            },
            {
              "title": "Verifica se o input está posicionado entre a paleta de cores e o quadro de pixels",
              "fullTitle": "10 - Faça o quadro de pixels ter seu tamanho definido pelo usuário. Verifica se o input está posicionado entre a paleta de cores e o quadro de pixels",
              "timedOut": null,
              "duration": 4868,
              "state": "failed",
              "speed": null,
              "pass": false,
              "fail": true,
              "pending": false,
              "context": null,
              "code": "cy.get('#color-palette').then(function (palette) {\n  cy.get('#board-size').should('be.belowOf', palette);\n});\ncy.get('#board-size').then(function (palette) {\n  cy.get('#pixel-board').should('be.belowOf', palette);\n});",
              "err": {
                "message": "CypressError: Timed out retrying: Expected to find element: '#board-size', but never found it.",
                "estack": "CypressError: Timed out retrying: Expected to find element: '#board-size', but never found it.\n    at cypressErr (http://localhost:45919/__cypress/runner/cypress_runner.js:149934:9)\n    at throwErr (http://localhost:45919/__cypress/runner/cypress_runner.js:149867:11)\n    at Object.throwErrByPath (http://localhost:45919/__cypress/runner/cypress_runner.js:149915:3)\n    at retry (http://localhost:45919/__cypress/runner/cypress_runner.js:144197:19)\n    at onFailFn (http://localhost:45919/__cypress/runner/cypress_runner.js:132448:16)\n    at tryCatcher (http://localhost:45919/__cypress/runner/cypress_runner.js:167415:23)\n    at Promise._settlePromiseFromHandler (http://localhost:45919/__cypress/runner/cypress_runner.js:165351:31)\n    at Promise._settlePromise (http://localhost:45919/__cypress/runner/cypress_runner.js:165408:18)\n    at Promise._settlePromise0 (http://localhost:45919/__cypress/runner/cypress_runner.js:165453:10)\n    at Promise._settlePromises (http://localhost:45919/__cypress/runner/cypress_runner.js:165528:18)\n    at Async../node_modules/bluebird/js/release/async.js.Async._drainQueue (http://localhost:45919/__cypress/runner/cypress_runner.js:162140:16)\n    at Async../node_modules/bluebird/js/release/async.js.Async._drainQueues (http://localhost:45919/__cypress/runner/cypress_runner.js:162150:10)\n    at Async.drainQueues (http://localhost:45919/__cypress/runner/cypress_runner.js:162024:14)",
                "diff": null
              },
              "uuid": "c23eabbb-d938-4b2a-91a8-2b20131b3d53",
              "parentUUID": "48a5d112-3c83-411e-b08b-c6df41e415de",
              "isHook": false,
              "skipped": false
            },
            {
              "title": "Verifica se o botão está posicionado ao lado do input",
              "fullTitle": "10 - Faça o quadro de pixels ter seu tamanho definido pelo usuário. Verifica se o botão está posicionado ao lado do input",
              "timedOut": null,
              "duration": 4823,
              "state": "failed",
              "speed": null,
              "pass": false,
              "fail": true,
              "pending": false,
              "context": null,
              "code": "cy.get('#board-size').then(function (board) {\n  cy.get('#generate-board').should('be.onTheRightOf', board);\n});",
              "err": {
                "message": "CypressError: Timed out retrying: Expected to find element: '#board-size', but never found it.",
                "estack": "CypressError: Timed out retrying: Expected to find element: '#board-size', but never found it.\n    at cypressErr (http://localhost:45919/__cypress/runner/cypress_runner.js:149934:9)\n    at throwErr (http://localhost:45919/__cypress/runner/cypress_runner.js:149867:11)\n    at Object.throwErrByPath (http://localhost:45919/__cypress/runner/cypress_runner.js:149915:3)\n    at retry (http://localhost:45919/__cypress/runner/cypress_runner.js:144197:19)\n    at onFailFn (http://localhost:45919/__cypress/runner/cypress_runner.js:132448:16)\n    at tryCatcher (http://localhost:45919/__cypress/runner/cypress_runner.js:167415:23)\n    at Promise._settlePromiseFromHandler (http://localhost:45919/__cypress/runner/cypress_runner.js:165351:31)\n    at Promise._settlePromise (http://localhost:45919/__cypress/runner/cypress_runner.js:165408:18)\n    at Promise._settlePromise0 (http://localhost:45919/__cypress/runner/cypress_runner.js:165453:10)\n    at Promise._settlePromises (http://localhost:45919/__cypress/runner/cypress_runner.js:165528:18)\n    at Async../node_modules/bluebird/js/release/async.js.Async._drainQueue (http://localhost:45919/__cypress/runner/cypress_runner.js:162140:16)\n    at Async../node_modules/bluebird/js/release/async.js.Async._drainQueues (http://localhost:45919/__cypress/runner/cypress_runner.js:162150:10)\n    at Async.drainQueues (http://localhost:45919/__cypress/runner/cypress_runner.js:162024:14)",
                "diff": null
              },
              "uuid": "e9284460-bbe9-45e1-a635-8057909aa56e",
              "parentUUID": "48a5d112-3c83-411e-b08b-c6df41e415de",
              "isHook": false,
              "skipped": false
            },
            {
              "title": "Verifica se nenhum valor for colocado no input ao clicar no botão, um `alert` é exibido com o texto: 'Board inválido!'",
              "fullTitle": "10 - Faça o quadro de pixels ter seu tamanho definido pelo usuário. Verifica se nenhum valor for colocado no input ao clicar no botão, um `alert` é exibido com o texto: 'Board inválido!'",
              "timedOut": null,
              "duration": 4809,
              "state": "failed",
              "speed": null,
              "pass": false,
              "fail": true,
              "pending": false,
              "context": null,
              "code": "var alerted = false;\ncy.on('window:alert', function (msg) {\n  return alerted = msg;\n});\ncy.get('#generate-board').click().then(function () {\n  return expect(alerted).to.match(/Board inválido!/i);\n});",
              "err": {
                "message": "CypressError: Timed out retrying: Expected to find element: '#generate-board', but never found it.",
                "estack": "CypressError: Timed out retrying: Expected to find element: '#generate-board', but never found it.\n    at cypressErr (http://localhost:45919/__cypress/runner/cypress_runner.js:149934:9)\n    at throwErr (http://localhost:45919/__cypress/runner/cypress_runner.js:149867:11)\n    at Object.throwErrByPath (http://localhost:45919/__cypress/runner/cypress_runner.js:149915:3)\n    at retry (http://localhost:45919/__cypress/runner/cypress_runner.js:144197:19)\n    at onFailFn (http://localhost:45919/__cypress/runner/cypress_runner.js:132448:16)\n    at tryCatcher (http://localhost:45919/__cypress/runner/cypress_runner.js:167415:23)\n    at Promise._settlePromiseFromHandler (http://localhost:45919/__cypress/runner/cypress_runner.js:165351:31)\n    at Promise._settlePromise (http://localhost:45919/__cypress/runner/cypress_runner.js:165408:18)\n    at Promise._settlePromise0 (http://localhost:45919/__cypress/runner/cypress_runner.js:165453:10)\n    at Promise._settlePromises (http://localhost:45919/__cypress/runner/cypress_runner.js:165528:18)\n    at Async../node_modules/bluebird/js/release/async.js.Async._drainQueue (http://localhost:45919/__cypress/runner/cypress_runner.js:162140:16)\n    at Async../node_modules/bluebird/js/release/async.js.Async._drainQueues (http://localhost:45919/__cypress/runner/cypress_runner.js:162150:10)\n    at Async.drainQueues (http://localhost:45919/__cypress/runner/cypress_runner.js:162024:14)",
                "diff": null
              },
              "uuid": "27559996-4d80-4e82-ab39-07c03b05d49c",
              "parentUUID": "48a5d112-3c83-411e-b08b-c6df41e415de",
              "isHook": false,
              "skipped": false
            },
            {
              "title": "Verifica se ao clicar no botão com um valor preenchido, o tamanho do board muda.",
              "fullTitle": "10 - Faça o quadro de pixels ter seu tamanho definido pelo usuário. Verifica se ao clicar no botão com um valor preenchido, o tamanho do board muda.",
              "timedOut": null,
              "duration": 4881,
              "state": "failed",
              "speed": null,
              "pass": false,
              "fail": true,
              "pending": false,
              "context": null,
              "code": "cy.get('#board-size').clear().type(10);\ncy.get('#generate-board').click();\ncy.get('.pixel').should('have.length', 100);",
              "err": {
                "message": "CypressError: Timed out retrying: Expected to find element: '#board-size', but never found it.",
                "estack": "CypressError: Timed out retrying: Expected to find element: '#board-size', but never found it.\n    at cypressErr (http://localhost:45919/__cypress/runner/cypress_runner.js:149934:9)\n    at throwErr (http://localhost:45919/__cypress/runner/cypress_runner.js:149867:11)\n    at Object.throwErrByPath (http://localhost:45919/__cypress/runner/cypress_runner.js:149915:3)\n    at retry (http://localhost:45919/__cypress/runner/cypress_runner.js:144197:19)\n    at onFailFn (http://localhost:45919/__cypress/runner/cypress_runner.js:132448:16)\n    at tryCatcher (http://localhost:45919/__cypress/runner/cypress_runner.js:167415:23)\n    at Promise._settlePromiseFromHandler (http://localhost:45919/__cypress/runner/cypress_runner.js:165351:31)\n    at Promise._settlePromise (http://localhost:45919/__cypress/runner/cypress_runner.js:165408:18)\n    at Promise._settlePromise0 (http://localhost:45919/__cypress/runner/cypress_runner.js:165453:10)\n    at Promise._settlePromises (http://localhost:45919/__cypress/runner/cypress_runner.js:165528:18)\n    at Async../node_modules/bluebird/js/release/async.js.Async._drainQueue (http://localhost:45919/__cypress/runner/cypress_runner.js:162140:16)\n    at Async../node_modules/bluebird/js/release/async.js.Async._drainQueues (http://localhost:45919/__cypress/runner/cypress_runner.js:162150:10)\n    at Async.drainQueues (http://localhost:45919/__cypress/runner/cypress_runner.js:162024:14)",
                "diff": null
              },
              "uuid": "e115f7a1-f36f-48ea-8c54-75a080f48eaa",
              "parentUUID": "48a5d112-3c83-411e-b08b-c6df41e415de",
              "isHook": false,
              "skipped": false
            },
            {
              "title": "Verifica se o novo quadro tem todos os pixels preenchidos com a cor branca",
              "fullTitle": "10 - Faça o quadro de pixels ter seu tamanho definido pelo usuário. Verifica se o novo quadro tem todos os pixels preenchidos com a cor branca",
              "timedOut": null,
              "duration": 4586,
              "state": "failed",
              "speed": null,
              "pass": false,
              "fail": true,
              "pending": false,
              "context": null,
              "code": "cy.get('#board-size').clear().type(6);\ncy.get('#generate-board').click();\ncy.get('.pixel').should('have.length', 36).each(function (pixel) {\n  expect(pixel).to.have.css('background-color', WHITE);\n});",
              "err": {
                "message": "CypressError: Timed out retrying: Expected to find element: '#board-size', but never found it.",
                "estack": "CypressError: Timed out retrying: Expected to find element: '#board-size', but never found it.\n    at cypressErr (http://localhost:45919/__cypress/runner/cypress_runner.js:149934:9)\n    at throwErr (http://localhost:45919/__cypress/runner/cypress_runner.js:149867:11)\n    at Object.throwErrByPath (http://localhost:45919/__cypress/runner/cypress_runner.js:149915:3)\n    at retry (http://localhost:45919/__cypress/runner/cypress_runner.js:144197:19)\n    at onFailFn (http://localhost:45919/__cypress/runner/cypress_runner.js:132448:16)\n    at tryCatcher (http://localhost:45919/__cypress/runner/cypress_runner.js:167415:23)\n    at Promise._settlePromiseFromHandler (http://localhost:45919/__cypress/runner/cypress_runner.js:165351:31)\n    at Promise._settlePromise (http://localhost:45919/__cypress/runner/cypress_runner.js:165408:18)\n    at Promise._settlePromise0 (http://localhost:45919/__cypress/runner/cypress_runner.js:165453:10)\n    at Promise._settlePromises (http://localhost:45919/__cypress/runner/cypress_runner.js:165528:18)\n    at Async../node_modules/bluebird/js/release/async.js.Async._drainQueue (http://localhost:45919/__cypress/runner/cypress_runner.js:162140:16)\n    at Async../node_modules/bluebird/js/release/async.js.Async._drainQueues (http://localhost:45919/__cypress/runner/cypress_runner.js:162150:10)\n    at Async.drainQueues (http://localhost:45919/__cypress/runner/cypress_runner.js:162024:14)",
                "diff": null
              },
              "uuid": "65713d08-ddb5-4528-a5c7-7b3cdaad0499",
              "parentUUID": "48a5d112-3c83-411e-b08b-c6df41e415de",
              "isHook": false,
              "skipped": false
            }
          ],
          "suites": [],
          "passes": [],
          "failures": [
            "66be7c33-7954-4ea2-932f-65f49a60b76d",
            "3eb76ea3-3068-41de-811e-2159cb6ebb5e",
            "5bb63d22-f72b-453b-a2f3-78a37065df66",
            "06e5062d-6e72-4dc0-baee-2f38870c53c7",
            "c23eabbb-d938-4b2a-91a8-2b20131b3d53",
            "e9284460-bbe9-45e1-a635-8057909aa56e",
            "27559996-4d80-4e82-ab39-07c03b05d49c",
            "e115f7a1-f36f-48ea-8c54-75a080f48eaa",
            "65713d08-ddb5-4528-a5c7-7b3cdaad0499"
          ],
          "pending": [],
          "skipped": [],
          "duration": 42519,
          "root": false,
          "rootEmpty": false,
          "_timeout": 2000
        },
        {
          "uuid": "93898fc3-fa67-404d-aa31-a1b3147c17ab",
          "title": "11 - Limite o tamanho mínimo e máximo do board.",
          "fullFile": "",
          "file": "",
          "beforeHooks": [],
          "afterHooks": [],
          "tests": [
            {
              "title": "Verifica se a altura máxima do board é 50",
              "fullTitle": "11 - Limite o tamanho mínimo e máximo do board. Verifica se a altura máxima do board é 50",
              "timedOut": null,
              "duration": 4622,
              "state": "failed",
              "speed": null,
              "pass": false,
              "fail": true,
              "pending": false,
              "context": null,
              "code": "cy.get('#board-size').clear().type(50);\ncy.get('#generate-board').click();\ncy.get('.pixel').should('have.length', 2500);",
              "err": {
                "message": "CypressError: Timed out retrying: Expected to find element: '#board-size', but never found it.",
                "estack": "CypressError: Timed out retrying: Expected to find element: '#board-size', but never found it.\n    at cypressErr (http://localhost:45919/__cypress/runner/cypress_runner.js:149934:9)\n    at throwErr (http://localhost:45919/__cypress/runner/cypress_runner.js:149867:11)\n    at Object.throwErrByPath (http://localhost:45919/__cypress/runner/cypress_runner.js:149915:3)\n    at retry (http://localhost:45919/__cypress/runner/cypress_runner.js:144197:19)\n    at onFailFn (http://localhost:45919/__cypress/runner/cypress_runner.js:132448:16)\n    at tryCatcher (http://localhost:45919/__cypress/runner/cypress_runner.js:167415:23)\n    at Promise._settlePromiseFromHandler (http://localhost:45919/__cypress/runner/cypress_runner.js:165351:31)\n    at Promise._settlePromise (http://localhost:45919/__cypress/runner/cypress_runner.js:165408:18)\n    at Promise._settlePromise0 (http://localhost:45919/__cypress/runner/cypress_runner.js:165453:10)\n    at Promise._settlePromises (http://localhost:45919/__cypress/runner/cypress_runner.js:165528:18)\n    at Async../node_modules/bluebird/js/release/async.js.Async._drainQueue (http://localhost:45919/__cypress/runner/cypress_runner.js:162140:16)\n    at Async../node_modules/bluebird/js/release/async.js.Async._drainQueues (http://localhost:45919/__cypress/runner/cypress_runner.js:162150:10)\n    at Async.drainQueues (http://localhost:45919/__cypress/runner/cypress_runner.js:162024:14)",
                "diff": null
              },
              "uuid": "3be239e3-e279-4a53-bcc0-fa536932f190",
              "parentUUID": "93898fc3-fa67-404d-aa31-a1b3147c17ab",
              "isHook": false,
              "skipped": false
            },
            {
              "title": "Verifica se a altura do board é 5 quando um valor menor é colocado no input",
              "fullTitle": "11 - Limite o tamanho mínimo e máximo do board. Verifica se a altura do board é 5 quando um valor menor é colocado no input",
              "timedOut": null,
              "duration": 4813,
              "state": "failed",
              "speed": null,
              "pass": false,
              "fail": true,
              "pending": false,
              "context": null,
              "code": "cy.get('#board-size').clear().type(4);\ncy.get('#generate-board').click();\ncy.get('.pixel').should('have.length', 25);",
              "err": {
                "message": "CypressError: Timed out retrying: Expected to find element: '#board-size', but never found it.",
                "estack": "CypressError: Timed out retrying: Expected to find element: '#board-size', but never found it.\n    at cypressErr (http://localhost:45919/__cypress/runner/cypress_runner.js:149934:9)\n    at throwErr (http://localhost:45919/__cypress/runner/cypress_runner.js:149867:11)\n    at Object.throwErrByPath (http://localhost:45919/__cypress/runner/cypress_runner.js:149915:3)\n    at retry (http://localhost:45919/__cypress/runner/cypress_runner.js:144197:19)\n    at onFailFn (http://localhost:45919/__cypress/runner/cypress_runner.js:132448:16)\n    at tryCatcher (http://localhost:45919/__cypress/runner/cypress_runner.js:167415:23)\n    at Promise._settlePromiseFromHandler (http://localhost:45919/__cypress/runner/cypress_runner.js:165351:31)\n    at Promise._settlePromise (http://localhost:45919/__cypress/runner/cypress_runner.js:165408:18)\n    at Promise._settlePromise0 (http://localhost:45919/__cypress/runner/cypress_runner.js:165453:10)\n    at Promise._settlePromises (http://localhost:45919/__cypress/runner/cypress_runner.js:165528:18)\n    at Async../node_modules/bluebird/js/release/async.js.Async._drainQueue (http://localhost:45919/__cypress/runner/cypress_runner.js:162140:16)\n    at Async../node_modules/bluebird/js/release/async.js.Async._drainQueues (http://localhost:45919/__cypress/runner/cypress_runner.js:162150:10)\n    at Async.drainQueues (http://localhost:45919/__cypress/runner/cypress_runner.js:162024:14)",
                "diff": null
              },
              "uuid": "7f8cc60e-bea1-4308-a3ad-7ec91afa300c",
              "parentUUID": "93898fc3-fa67-404d-aa31-a1b3147c17ab",
              "isHook": false,
              "skipped": false
            },
            {
              "title": "Verifica se a altura do board é 50 quando um valor maior é colocado no input",
              "fullTitle": "11 - Limite o tamanho mínimo e máximo do board. Verifica se a altura do board é 50 quando um valor maior é colocado no input",
              "timedOut": null,
              "duration": 4867,
              "state": "failed",
              "speed": null,
              "pass": false,
              "fail": true,
              "pending": false,
              "context": null,
              "code": "cy.get('#board-size').clear().type(51);\ncy.get('#generate-board').click();\ncy.get('.pixel').should('have.length', 2500);",
              "err": {
                "message": "CypressError: Timed out retrying: Expected to find element: '#board-size', but never found it.",
                "estack": "CypressError: Timed out retrying: Expected to find element: '#board-size', but never found it.\n    at cypressErr (http://localhost:45919/__cypress/runner/cypress_runner.js:149934:9)\n    at throwErr (http://localhost:45919/__cypress/runner/cypress_runner.js:149867:11)\n    at Object.throwErrByPath (http://localhost:45919/__cypress/runner/cypress_runner.js:149915:3)\n    at retry (http://localhost:45919/__cypress/runner/cypress_runner.js:144197:19)\n    at onFailFn (http://localhost:45919/__cypress/runner/cypress_runner.js:132448:16)\n    at tryCatcher (http://localhost:45919/__cypress/runner/cypress_runner.js:167415:23)\n    at Promise._settlePromiseFromHandler (http://localhost:45919/__cypress/runner/cypress_runner.js:165351:31)\n    at Promise._settlePromise (http://localhost:45919/__cypress/runner/cypress_runner.js:165408:18)\n    at Promise._settlePromise0 (http://localhost:45919/__cypress/runner/cypress_runner.js:165453:10)\n    at Promise._settlePromises (http://localhost:45919/__cypress/runner/cypress_runner.js:165528:18)\n    at Async../node_modules/bluebird/js/release/async.js.Async._drainQueue (http://localhost:45919/__cypress/runner/cypress_runner.js:162140:16)\n    at Async../node_modules/bluebird/js/release/async.js.Async._drainQueues (http://localhost:45919/__cypress/runner/cypress_runner.js:162150:10)\n    at Async.drainQueues (http://localhost:45919/__cypress/runner/cypress_runner.js:162024:14)",
                "diff": null
              },
              "uuid": "b41d0017-7a05-4206-9aa8-4955bae409cd",
              "parentUUID": "93898fc3-fa67-404d-aa31-a1b3147c17ab",
              "isHook": false,
              "skipped": false
            }
          ],
          "suites": [],
          "passes": [],
          "failures": [
            "3be239e3-e279-4a53-bcc0-fa536932f190",
            "7f8cc60e-bea1-4308-a3ad-7ec91afa300c",
            "b41d0017-7a05-4206-9aa8-4955bae409cd"
          ],
          "pending": [],
          "skipped": [],
          "duration": 14302,
          "root": false,
          "rootEmpty": false,
          "_timeout": 2000
        },
        {
          "uuid": "6ac43ded-ec55-4b47-9545-03f3afd4f36c",
          "title": "12 - Faça com que as cores da paleta sejam geradas aleatoriamente ao carregar a página.",
          "fullFile": "",
          "file": "",
          "beforeHooks": [],
          "afterHooks": [],
          "tests": [
            {
              "title": "Verifica se as cores geradas na paleta são diferentes a cada carregamento da página",
              "fullTitle": "12 - Faça com que as cores da paleta sejam geradas aleatoriamente ao carregar a página. Verifica se as cores geradas na paleta são diferentes a cada carregamento da página",
              "timedOut": null,
              "duration": 1051,
              "state": "passed",
              "speed": "slow",
              "pass": true,
              "fail": false,
              "pending": false,
              "context": null,
              "code": "cy.get('.color').then(function (colors) {\n  var currentColors;\n  var previousColors;\n  previousColors = Array.from(colors).map(function (color) {\n    return Cypress.$(color).css('background-color');\n  });\n  for (var i = 0; i < 5; i += 1) {\n    cy.reload();\n    cy.get('.color').then(function (colors) {\n      currentColors = Array.from(colors).map(function (color) {\n        return Cypress.$(color).css('background-color');\n      });\n      expect(currentColors).not.to.deep.equal(previousColors);\n      previousColors = currentColors;\n    });\n  }\n});",
              "err": {},
              "uuid": "6dad0cd4-a835-4cde-b297-3a07cf4867ff",
              "parentUUID": "6ac43ded-ec55-4b47-9545-03f3afd4f36c",
              "isHook": false,
              "skipped": false
            },
            {
              "title": "Verifica se a cor preta ainda está presente e é a primeira na sua paleta de cores",
              "fullTitle": "12 - Faça com que as cores da paleta sejam geradas aleatoriamente ao carregar a página. Verifica se a cor preta ainda está presente e é a primeira na sua paleta de cores",
              "timedOut": null,
              "duration": 625,
              "state": "passed",
              "speed": "slow",
              "pass": true,
              "fail": false,
              "pending": false,
              "context": null,
              "code": "cy.get('.color').then(function (colors) {\n  var currentColors;\n  var previousColors;\n  previousColors = Array.from(colors).map(function (color) {\n    return Cypress.$(color).css('background-color');\n  });\n  expect(previousColors[0]).to.eq(BLACK);\n  for (var i = 0; i < 5; i += 1) {\n    cy.reload();\n    cy.get('.color').then(function (colors) {\n      currentColors = Array.from(colors).map(function (color) {\n        return Cypress.$(color).css('background-color');\n      });\n      expect(currentColors[0]).to.eq(BLACK);\n      expect(currentColors).not.to.deep.equal(previousColors);\n      previousColors = currentColors;\n    });\n  }\n});",
              "err": {},
              "uuid": "e47a81c7-a4f6-4f4f-8bc6-c97951070716",
              "parentUUID": "6ac43ded-ec55-4b47-9545-03f3afd4f36c",
              "isHook": false,
              "skipped": false
            }
          ],
          "suites": [],
          "passes": [
            "6dad0cd4-a835-4cde-b297-3a07cf4867ff",
            "e47a81c7-a4f6-4f4f-8bc6-c97951070716"
          ],
          "failures": [],
          "pending": [],
          "skipped": [],
          "duration": 1676,
          "root": false,
          "rootEmpty": false,
          "_timeout": 2000
        }
      ],
      "passes": [],
      "failures": [],
      "pending": [],
      "skipped": [],
      "duration": 0,
      "root": true,
      "rootEmpty": true,
      "_timeout": 2000
    }
  ],
  "meta": {
    "mocha": {
      "version": "7.0.1"
    },
    "mochawesome": {
      "options": {
        "quiet": false,
        "reportFilename": "mochawesome",
        "saveHtml": false,
        "saveJson": true,
        "consoleReporter": "spec",
        "useInlineDiffs": false
      },
      "version": "4.1.0"
    },
    "marge": {
      "options": {
        "id": "default",
        "reportDir": "cypress/reports",
        "overwrite": true,
        "html": false,
        "json": true
      },
      "version": "4.1.0"
    }
  }
}