{
  "stats": {
    "suites": 12,
    "tests": 41,
    "passes": 21,
    "pending": 0,
    "failures": 20,
    "start": "2021-08-16T12:37:46.504Z",
    "end": "2021-08-16T12:39:14.045Z",
    "duration": 87541,
    "testsRegistered": 41,
    "passPercent": 51.21951219512195,
    "pendingPercent": 0,
    "other": 0,
    "hasOther": false,
    "skipped": 0,
    "hasSkipped": false
  },
  "results": [
    {
      "uuid": "a8373877-b710-47f6-bbca-4207ad4eefdc",
      "title": "",
      "fullFile": "cypress/integration/project.spec.js",
      "file": "cypress/integration/project.spec.js",
      "beforeHooks": [],
      "afterHooks": [],
      "tests": [],
      "suites": [
        {
          "uuid": "bbac122f-26d3-4767-9ac7-b68ede2e5077",
          "title": "1 - Adicione à página o título \"Paleta de Cores\".",
          "fullFile": "",
          "file": "",
          "beforeHooks": [],
          "afterHooks": [],
          "tests": [
            {
              "title": "Verifica se contém um elemento `h1` com o id `title` com o título correto",
              "fullTitle": "1 - Adicione à página o título \"Paleta de Cores\". Verifica se contém um elemento `h1` com o id `title` com o título correto",
              "timedOut": null,
              "duration": 122,
              "state": "passed",
              "speed": "slow",
              "pass": true,
              "fail": false,
              "pending": false,
              "context": null,
              "code": "cy.get('h1#title').should('contain.text', 'Paleta de Cores');",
              "err": {},
              "uuid": "fabaa7ae-4785-4c9c-a6c8-6737e0886b53",
              "parentUUID": "bbac122f-26d3-4767-9ac7-b68ede2e5077",
              "isHook": false,
              "skipped": false
            }
          ],
          "suites": [],
          "passes": [
            "fabaa7ae-4785-4c9c-a6c8-6737e0886b53"
          ],
          "failures": [],
          "pending": [],
          "skipped": [],
          "duration": 122,
          "root": false,
          "rootEmpty": false,
          "_timeout": 2000
        },
        {
          "uuid": "ccf67e06-6f09-48ef-93c2-c813e878122a",
          "title": "2 - Adicione à página uma paleta de quatro cores distintas.",
          "fullFile": "",
          "file": "",
          "beforeHooks": [],
          "afterHooks": [],
          "tests": [
            {
              "title": "A paleta de cores deve ser um elemento com `id` denominado `color-palette`",
              "fullTitle": "2 - Adicione à página uma paleta de quatro cores distintas. A paleta de cores deve ser um elemento com `id` denominado `color-palette`",
              "timedOut": null,
              "duration": 54,
              "state": "passed",
              "speed": "medium",
              "pass": true,
              "fail": false,
              "pending": false,
              "context": null,
              "code": "cy.get('#color-palette').should('be.visible');",
              "err": {},
              "uuid": "3fa09350-41f4-4690-9e7d-d417ec458e3c",
              "parentUUID": "ccf67e06-6f09-48ef-93c2-c813e878122a",
              "isHook": false,
              "skipped": false
            },
            {
              "title": "Verifica se cada cor individual da paleta de cores possui a `classe` chamada `color`.",
              "fullTitle": "2 - Adicione à página uma paleta de quatro cores distintas. Verifica se cada cor individual da paleta de cores possui a `classe` chamada `color`.",
              "timedOut": null,
              "duration": 72,
              "state": "passed",
              "speed": "medium",
              "pass": true,
              "fail": false,
              "pending": false,
              "context": null,
              "code": "cy.get('.color').should('have.length', 4).then(function (colors) {\n  for (var i = 0; i < colors.length; i++) {\n    cy.wrap(colors[i]).should('be.visible');\n  }\n});",
              "err": {},
              "uuid": "c85f0797-03b0-4ee6-81b1-b80ddec3a600",
              "parentUUID": "ccf67e06-6f09-48ef-93c2-c813e878122a",
              "isHook": false,
              "skipped": false
            },
            {
              "title": "Verifica se a cor de fundo de cada elemento da paleta é a cor que o elemento representa. **A única cor não permitida na paleta é a cor branca.**",
              "fullTitle": "2 - Adicione à página uma paleta de quatro cores distintas. Verifica se a cor de fundo de cada elemento da paleta é a cor que o elemento representa. **A única cor não permitida na paleta é a cor branca.**",
              "timedOut": null,
              "duration": 64,
              "state": "passed",
              "speed": "medium",
              "pass": true,
              "fail": false,
              "pending": false,
              "context": null,
              "code": "cy.get('.color').each(function (color) {\n  cy.wrap(color).should('have.class', 'color').and('not.have.css', 'background-color', WHITE);\n  cy.wrap(color).should('have.css', 'background-color');\n});",
              "err": {},
              "uuid": "a180bddf-ed0b-4b99-97cd-4aa67c00f50b",
              "parentUUID": "ccf67e06-6f09-48ef-93c2-c813e878122a",
              "isHook": false,
              "skipped": false
            },
            {
              "title": "Verifica se cada elemento da paleta de cores tem uma borda preta, sólida e com 1 pixel de largura;",
              "fullTitle": "2 - Adicione à página uma paleta de quatro cores distintas. Verifica se cada elemento da paleta de cores tem uma borda preta, sólida e com 1 pixel de largura;",
              "timedOut": null,
              "duration": 59,
              "state": "passed",
              "speed": "medium",
              "pass": true,
              "fail": false,
              "pending": false,
              "context": null,
              "code": "cy.get('.color').each(function (color) {\n  cy.wrap(color).and('have.css', 'border', \"1px solid \".concat(BLACK)).and('have.class', 'color');\n});",
              "err": {},
              "uuid": "5511fea3-a066-4128-ba8b-1a7e9f5c68c5",
              "parentUUID": "ccf67e06-6f09-48ef-93c2-c813e878122a",
              "isHook": false,
              "skipped": false
            },
            {
              "title": "Verifica se a paleta lista todas as cores disponíveis para utilização, lado a lado.",
              "fullTitle": "2 - Adicione à página uma paleta de quatro cores distintas. Verifica se a paleta lista todas as cores disponíveis para utilização, lado a lado.",
              "timedOut": null,
              "duration": 77,
              "state": "passed",
              "speed": "slow",
              "pass": true,
              "fail": false,
              "pending": false,
              "context": null,
              "code": "cy.get('.color').then(function (colors) {\n  for (var index = 1; index < colors.length; index += 1) {\n    var currentColor = colors[index];\n    var previousColor = colors[index - 1];\n    cy.wrap(currentColor).should('be.onTheRightOf', previousColor).and('be.horizontallyAlignedWith', previousColor);\n  }\n});",
              "err": {},
              "uuid": "6270071c-75f8-4443-8947-79688faa8350",
              "parentUUID": "ccf67e06-6f09-48ef-93c2-c813e878122a",
              "isHook": false,
              "skipped": false
            },
            {
              "title": "Verifica se a paleta de cores está posicionada abaixo do título 'Paleta de Cores'",
              "fullTitle": "2 - Adicione à página uma paleta de quatro cores distintas. Verifica se a paleta de cores está posicionada abaixo do título 'Paleta de Cores'",
              "timedOut": null,
              "duration": 70,
              "state": "passed",
              "speed": "medium",
              "pass": true,
              "fail": false,
              "pending": false,
              "context": null,
              "code": "cy.get('h1#title').then(function (title) {\n  cy.get('#color-palette').should('be.belowOf', title);\n});",
              "err": {},
              "uuid": "23c3b0c8-99ef-4387-9269-c3f10ec2581a",
              "parentUUID": "ccf67e06-6f09-48ef-93c2-c813e878122a",
              "isHook": false,
              "skipped": false
            },
            {
              "title": "Verifica se a paleta de cores não contém cores repetidas.",
              "fullTitle": "2 - Adicione à página uma paleta de quatro cores distintas. Verifica se a paleta de cores não contém cores repetidas.",
              "timedOut": null,
              "duration": 59,
              "state": "passed",
              "speed": "medium",
              "pass": true,
              "fail": false,
              "pending": false,
              "context": null,
              "code": "cy.get('.color').then(function (colors) {\n  var allColors = Array.from(colors).map(function (color) {\n    return Cypress.$(color).css('background-color');\n  });\n  cy.log(allColors);\n  var uniqColors = (0, _toConsumableArray2[\"default\"])(new Set(allColors));\n  cy.log(uniqColors);\n  expect(allColors.length).to.eq(uniqColors.length);\n});",
              "err": {},
              "uuid": "1ddd6f7c-6bdc-488f-bc14-343aeaf0a970",
              "parentUUID": "ccf67e06-6f09-48ef-93c2-c813e878122a",
              "isHook": false,
              "skipped": false
            }
          ],
          "suites": [],
          "passes": [
            "3fa09350-41f4-4690-9e7d-d417ec458e3c",
            "c85f0797-03b0-4ee6-81b1-b80ddec3a600",
            "a180bddf-ed0b-4b99-97cd-4aa67c00f50b",
            "5511fea3-a066-4128-ba8b-1a7e9f5c68c5",
            "6270071c-75f8-4443-8947-79688faa8350",
            "23c3b0c8-99ef-4387-9269-c3f10ec2581a",
            "1ddd6f7c-6bdc-488f-bc14-343aeaf0a970"
          ],
          "failures": [],
          "pending": [],
          "skipped": [],
          "duration": 455,
          "root": false,
          "rootEmpty": false,
          "_timeout": 2000
        },
        {
          "uuid": "f86a5c0e-96ef-4243-9385-cc72c01e28cb",
          "title": "3 - Adicione a cor **preta** como a primeira cor da paleta de cores.",
          "fullFile": "",
          "file": "",
          "beforeHooks": [],
          "afterHooks": [],
          "tests": [
            {
              "title": "Verifica se a primeira cor da paleta é preta",
              "fullTitle": "3 - Adicione a cor **preta** como a primeira cor da paleta de cores. Verifica se a primeira cor da paleta é preta",
              "timedOut": null,
              "duration": 68,
              "state": "passed",
              "speed": "medium",
              "pass": true,
              "fail": false,
              "pending": false,
              "context": null,
              "code": "cy.get('.color').first().should('have.css', 'background-color', BLACK);",
              "err": {},
              "uuid": "e43beb5b-0fb0-452d-9aa5-a9f05e1c3c6e",
              "parentUUID": "f86a5c0e-96ef-4243-9385-cc72c01e28cb",
              "isHook": false,
              "skipped": false
            },
            {
              "title": "Verifica se as demais cores podem ser escolhidas livremente.",
              "fullTitle": "3 - Adicione a cor **preta** como a primeira cor da paleta de cores. Verifica se as demais cores podem ser escolhidas livremente.",
              "timedOut": null,
              "duration": 133,
              "state": "passed",
              "speed": "slow",
              "pass": true,
              "fail": false,
              "pending": false,
              "context": null,
              "code": "cy.get('.color').eq(1).should('not.have.css', 'background-color', BLACK);\ncy.get('.color').eq(1).should('not.have.css', 'background-color', WHITE);\ncy.get('.color').eq(1).should('not.have.css', 'background-color', 'rgba(0, 0, 0, 0)');\ncy.get('.color').eq(1).should('have.css', 'background-color');\ncy.get('.color').eq(2).should('not.have.css', 'background-color', BLACK);\ncy.get('.color').eq(2).should('not.have.css', 'background-color', WHITE);\ncy.get('.color').eq(2).should('not.have.css', 'background-color', 'rgba(0, 0, 0, 0)');\ncy.get('.color').eq(2).should('have.css', 'background-color');\ncy.get('.color').eq(3).should('not.have.css', 'background-color', BLACK);\ncy.get('.color').eq(3).should('not.have.css', 'background-color', WHITE);\ncy.get('.color').eq(3).should('not.have.css', 'background-color', 'rgba(0, 0, 0, 0)');\ncy.get('.color').eq(3).should('have.css', 'background-color');",
              "err": {},
              "uuid": "40499c3c-1319-437d-b8e2-37689e3e10bc",
              "parentUUID": "f86a5c0e-96ef-4243-9385-cc72c01e28cb",
              "isHook": false,
              "skipped": false
            }
          ],
          "suites": [],
          "passes": [
            "e43beb5b-0fb0-452d-9aa5-a9f05e1c3c6e",
            "40499c3c-1319-437d-b8e2-37689e3e10bc"
          ],
          "failures": [],
          "pending": [],
          "skipped": [],
          "duration": 201,
          "root": false,
          "rootEmpty": false,
          "_timeout": 2000
        },
        {
          "uuid": "ba31ab13-a562-4bac-8b9f-57d4bd4e42c8",
          "title": "4 - Adicione à página um quadro de pixels, com 25 pixels.",
          "fullFile": "",
          "file": "",
          "beforeHooks": [],
          "afterHooks": [],
          "tests": [
            {
              "title": "Verifica se o quadro de pixels possui o `id` denominado `pixel-board`",
              "fullTitle": "4 - Adicione à página um quadro de pixels, com 25 pixels. Verifica se o quadro de pixels possui o `id` denominado `pixel-board`",
              "timedOut": null,
              "duration": 41,
              "state": "passed",
              "speed": "medium",
              "pass": true,
              "fail": false,
              "pending": false,
              "context": null,
              "code": "cy.get('#pixel-board').should('be.visible');",
              "err": {},
              "uuid": "f0a8ae67-39c1-4199-a71d-5aec80528717",
              "parentUUID": "ba31ab13-a562-4bac-8b9f-57d4bd4e42c8",
              "isHook": false,
              "skipped": false
            },
            {
              "title": "Verifica se cada pixel individual dentro do quadro possui a `classe` denominada `pixel`.",
              "fullTitle": "4 - Adicione à página um quadro de pixels, com 25 pixels. Verifica se cada pixel individual dentro do quadro possui a `classe` denominada `pixel`.",
              "timedOut": null,
              "duration": 60,
              "state": "passed",
              "speed": "medium",
              "pass": true,
              "fail": false,
              "pending": false,
              "context": null,
              "code": "cy.get('.pixel').should('have.length', 25);",
              "err": {},
              "uuid": "f499d272-e6f3-4925-a3e3-cdd544558db7",
              "parentUUID": "ba31ab13-a562-4bac-8b9f-57d4bd4e42c8",
              "isHook": false,
              "skipped": false
            },
            {
              "title": "Verifica se a cor inicial dos pixels dentro do quadro, ao abrir a página, é branca.",
              "fullTitle": "4 - Adicione à página um quadro de pixels, com 25 pixels. Verifica se a cor inicial dos pixels dentro do quadro, ao abrir a página, é branca.",
              "timedOut": null,
              "duration": 87,
              "state": "passed",
              "speed": "slow",
              "pass": true,
              "fail": false,
              "pending": false,
              "context": null,
              "code": "cy.get('.pixel').should('have.length', 25).each(function (pixel) {\n  expect(pixel).to.have.css('background-color', WHITE);\n});",
              "err": {},
              "uuid": "cfbd3227-6c09-4784-b462-c6ba0a8108cd",
              "parentUUID": "ba31ab13-a562-4bac-8b9f-57d4bd4e42c8",
              "isHook": false,
              "skipped": false
            },
            {
              "title": "Verifica se o quadro de pixels aparece abaixo da paleta de cores",
              "fullTitle": "4 - Adicione à página um quadro de pixels, com 25 pixels. Verifica se o quadro de pixels aparece abaixo da paleta de cores",
              "timedOut": null,
              "duration": 51,
              "state": "passed",
              "speed": "medium",
              "pass": true,
              "fail": false,
              "pending": false,
              "context": null,
              "code": "cy.get('#color-palette').then(function (palette) {\n  cy.get('#pixel-board').should('be.belowOf', palette);\n});",
              "err": {},
              "uuid": "426b0db1-064f-40dc-b0f6-66d014099bcf",
              "parentUUID": "ba31ab13-a562-4bac-8b9f-57d4bd4e42c8",
              "isHook": false,
              "skipped": false
            }
          ],
          "suites": [],
          "passes": [
            "f0a8ae67-39c1-4199-a71d-5aec80528717",
            "f499d272-e6f3-4925-a3e3-cdd544558db7",
            "cfbd3227-6c09-4784-b462-c6ba0a8108cd",
            "426b0db1-064f-40dc-b0f6-66d014099bcf"
          ],
          "failures": [],
          "pending": [],
          "skipped": [],
          "duration": 239,
          "root": false,
          "rootEmpty": false,
          "_timeout": 2000
        },
        {
          "uuid": "b6f7440d-715a-4105-bb73-19e6a1f39b10",
          "title": "5 - Faça com que cada elemento do quadro de pixels possua 40 pixels de largura, 40 pixels de altura e seja delimitado por uma borda preta de 1 pixel.",
          "fullFile": "",
          "file": "",
          "beforeHooks": [],
          "afterHooks": [],
          "tests": [
            {
              "title": "Verifica se o quadro de pixels tem altura e comprimento de 5 elementos",
              "fullTitle": "5 - Faça com que cada elemento do quadro de pixels possua 40 pixels de largura, 40 pixels de altura e seja delimitado por uma borda preta de 1 pixel. Verifica se o quadro de pixels tem altura e comprimento de 5 elementos",
              "timedOut": null,
              "duration": 141,
              "state": "passed",
              "speed": "slow",
              "pass": true,
              "fail": false,
              "pending": false,
              "context": null,
              "code": "cy.get('.pixel').should('have.length', 25).each(function (pixel) {\n  expect(pixel).to.have.css('background-color', WHITE);\n}).and(function (pixels) {\n  var rows = chunk(pixels, 5);\n  rows.forEach(function (row) {\n    for (var index = 1; index < row.length; index += 1) {\n      var current = pixels[index];\n      var previous = pixels[index - 1];\n      cy.wrap(current).should('be.onTheRightOf', previous).and('be.horizontallyAlignedWith', previous);\n    }\n  });\n  for (var index = 1; index < 5; index += 1) {\n    expect(pixels[index * 5]).to.be.belowOf(pixels[(index - 1) * 5]);\n  }\n});",
              "err": {},
              "uuid": "d1d770bd-ff68-4bd6-9c14-c66030ae3403",
              "parentUUID": "b6f7440d-715a-4105-bb73-19e6a1f39b10",
              "isHook": false,
              "skipped": false
            },
            {
              "title": "Verifica se 40 pixels é o tamanho total do elemento, incluindo seu conteúdo e excluindo a borda preta, que deve ser criada à parte.",
              "fullTitle": "5 - Faça com que cada elemento do quadro de pixels possua 40 pixels de largura, 40 pixels de altura e seja delimitado por uma borda preta de 1 pixel. Verifica se 40 pixels é o tamanho total do elemento, incluindo seu conteúdo e excluindo a borda preta, que deve ser criada à parte.",
              "timedOut": null,
              "duration": 149,
              "state": "passed",
              "speed": "slow",
              "pass": true,
              "fail": false,
              "pending": false,
              "context": null,
              "code": "cy.get('.pixel').each(function (pixel) {\n  cy.wrap(pixel).should('have.css', 'height', '40px').and('have.css', 'width', '40px').and('have.css', 'border', \"1px solid \".concat(BLACK));\n});",
              "err": {},
              "uuid": "ef104f5a-d03a-44a3-bccd-95e123c2ecf6",
              "parentUUID": "b6f7440d-715a-4105-bb73-19e6a1f39b10",
              "isHook": false,
              "skipped": false
            }
          ],
          "suites": [],
          "passes": [
            "d1d770bd-ff68-4bd6-9c14-c66030ae3403",
            "ef104f5a-d03a-44a3-bccd-95e123c2ecf6"
          ],
          "failures": [],
          "pending": [],
          "skipped": [],
          "duration": 290,
          "root": false,
          "rootEmpty": false,
          "_timeout": 2000
        },
        {
          "uuid": "2a279ee6-2b8b-443b-97fc-6fcd97b0be48",
          "title": "6 - Defina a cor preta como cor inicial. Ao carregar a página a cor preta já deve estar selecionada para pintar os pixels",
          "fullFile": "",
          "file": "",
          "beforeHooks": [],
          "afterHooks": [],
          "tests": [
            {
              "title": "Verifica se o elemento da cor preta possui, inicialmente, a `classe` `selected`",
              "fullTitle": "6 - Defina a cor preta como cor inicial. Ao carregar a página a cor preta já deve estar selecionada para pintar os pixels Verifica se o elemento da cor preta possui, inicialmente, a `classe` `selected`",
              "timedOut": null,
              "duration": 48,
              "state": "passed",
              "speed": "medium",
              "pass": true,
              "fail": false,
              "pending": false,
              "context": null,
              "code": "cy.get('.selected').first().should('have.css', 'background-color', BLACK);",
              "err": {},
              "uuid": "c65571d5-807d-464f-8f70-ca288d1e0269",
              "parentUUID": "2a279ee6-2b8b-443b-97fc-6fcd97b0be48",
              "isHook": false,
              "skipped": false
            },
            {
              "title": "Verifica se nenhuma outra cor da paleta tem a `classe` `selected`",
              "fullTitle": "6 - Defina a cor preta como cor inicial. Ao carregar a página a cor preta já deve estar selecionada para pintar os pixels Verifica se nenhuma outra cor da paleta tem a `classe` `selected`",
              "timedOut": null,
              "duration": 46,
              "state": "passed",
              "speed": "medium",
              "pass": true,
              "fail": false,
              "pending": false,
              "context": null,
              "code": "cy.get('.color:not(:first-child)').each(function (color) {\n  cy.wrap(color).should('not.have.class', 'selected');\n});",
              "err": {},
              "uuid": "b6afba16-043c-443b-ac69-30f48f41b340",
              "parentUUID": "2a279ee6-2b8b-443b-97fc-6fcd97b0be48",
              "isHook": false,
              "skipped": false
            }
          ],
          "suites": [],
          "passes": [
            "c65571d5-807d-464f-8f70-ca288d1e0269",
            "b6afba16-043c-443b-ac69-30f48f41b340"
          ],
          "failures": [],
          "pending": [],
          "skipped": [],
          "duration": 94,
          "root": false,
          "rootEmpty": false,
          "_timeout": 2000
        },
        {
          "uuid": "d8223caf-9a81-423c-95d2-874ce186ff53",
          "title": "7 - Clicar em uma das cores da paleta, faz com que ela seja selecionada e utilizada para preencher os pixels no quadro.",
          "fullFile": "",
          "file": "",
          "beforeHooks": [],
          "afterHooks": [],
          "tests": [
            {
              "title": "Verifica se somente uma cor da paleta de cores tem a classe `selected` de cada vez",
              "fullTitle": "7 - Clicar em uma das cores da paleta, faz com que ela seja selecionada e utilizada para preencher os pixels no quadro. Verifica se somente uma cor da paleta de cores tem a classe `selected` de cada vez",
              "timedOut": null,
              "duration": 382,
              "state": "passed",
              "speed": "slow",
              "pass": true,
              "fail": false,
              "pending": false,
              "context": null,
              "code": "cy.get('.color').each(function (selectedColor, selectedColorIndex) {\n  cy.wrap(selectedColor).click();\n  cy.get('.color').each(function (color, colorIndex) {\n    if (colorIndex === selectedColorIndex) {\n      expect(color).to.have[\"class\"]('selected');\n    } else {\n      expect(color).not.to.have[\"class\"]('selected');\n    }\n  });\n});",
              "err": {},
              "uuid": "e63a6466-3247-4fa2-a7e3-c1b623101132",
              "parentUUID": "d8223caf-9a81-423c-95d2-874ce186ff53",
              "isHook": false,
              "skipped": false
            },
            {
              "title": "Verifica se os pixels dentro do quadro não têm a classe `selected` quando são clicados",
              "fullTitle": "7 - Clicar em uma das cores da paleta, faz com que ela seja selecionada e utilizada para preencher os pixels no quadro. Verifica se os pixels dentro do quadro não têm a classe `selected` quando são clicados",
              "timedOut": null,
              "duration": 7818,
              "state": "passed",
              "speed": "slow",
              "pass": true,
              "fail": false,
              "pending": false,
              "context": null,
              "code": "cy.get('.color').each(function (color) {\n  var backgroundColor = color.css('background-color');\n  cy.wrap(color).click();\n  cy.get('.pixel').each(function (pixel) {\n    cy.wrap(pixel).click().should('not.have.class', 'selected');\n  });\n});",
              "err": {},
              "uuid": "fb2d8c06-7e91-46ae-ba77-191edb68e3ac",
              "parentUUID": "d8223caf-9a81-423c-95d2-874ce186ff53",
              "isHook": false,
              "skipped": false
            }
          ],
          "suites": [],
          "passes": [
            "e63a6466-3247-4fa2-a7e3-c1b623101132",
            "fb2d8c06-7e91-46ae-ba77-191edb68e3ac"
          ],
          "failures": [],
          "pending": [],
          "skipped": [],
          "duration": 8200,
          "root": false,
          "rootEmpty": false,
          "_timeout": 2000
        },
        {
          "uuid": "6f220791-92d0-4791-97d5-57625d02be2f",
          "title": "8 - Clicar em um pixel dentro do quadro após selecionar uma cor na paleta, faz com que o pixel seja preenchido com a cor selecionada.",
          "fullFile": "",
          "file": "",
          "beforeHooks": [],
          "afterHooks": [],
          "tests": [
            {
              "title": "Verifica se ao carregar a página deve ser possível pintar os pixels de preto",
              "fullTitle": "8 - Clicar em um pixel dentro do quadro após selecionar uma cor na paleta, faz com que o pixel seja preenchido com a cor selecionada. Verifica se ao carregar a página deve ser possível pintar os pixels de preto",
              "timedOut": null,
              "duration": 4282,
              "state": "failed",
              "speed": null,
              "pass": false,
              "fail": true,
              "pending": false,
              "context": null,
              "code": "cy.get('.pixel').each(function (pixel) {\n  cy.wrap(pixel).click().should('have.css', 'background-color', BLACK);\n});",
              "err": {
                "message": "CypressError: Timed out retrying: expected '<div.pixel>' to have CSS property 'background-color' with the value 'rgb(0, 0, 0)', but the value was 'rgb(255, 255, 255)'",
                "estack": "CypressError: Timed out retrying: expected '<div.pixel>' to have CSS property 'background-color' with the value 'rgb(0, 0, 0)', but the value was 'rgb(255, 255, 255)'\n    at cypressErr (http://localhost:42389/__cypress/runner/cypress_runner.js:149934:9)\n    at throwErr (http://localhost:42389/__cypress/runner/cypress_runner.js:149867:11)\n    at Object.throwErrByPath (http://localhost:42389/__cypress/runner/cypress_runner.js:149915:3)\n    at retry (http://localhost:42389/__cypress/runner/cypress_runner.js:144197:19)\n    at onFailFn (http://localhost:42389/__cypress/runner/cypress_runner.js:132448:16)\n    at tryCatcher (http://localhost:42389/__cypress/runner/cypress_runner.js:167415:23)\n    at Promise._settlePromiseFromHandler (http://localhost:42389/__cypress/runner/cypress_runner.js:165351:31)\n    at Promise._settlePromise (http://localhost:42389/__cypress/runner/cypress_runner.js:165408:18)\n    at Promise._settlePromise0 (http://localhost:42389/__cypress/runner/cypress_runner.js:165453:10)\n    at Promise._settlePromises (http://localhost:42389/__cypress/runner/cypress_runner.js:165528:18)\n    at Async../node_modules/bluebird/js/release/async.js.Async._drainQueue (http://localhost:42389/__cypress/runner/cypress_runner.js:162140:16)\n    at Async../node_modules/bluebird/js/release/async.js.Async._drainQueues (http://localhost:42389/__cypress/runner/cypress_runner.js:162150:10)\n    at Async.drainQueues (http://localhost:42389/__cypress/runner/cypress_runner.js:162024:14)",
                "diff": null
              },
              "uuid": "f85aa5d3-3419-49e4-a2de-d3b872acacd5",
              "parentUUID": "6f220791-92d0-4791-97d5-57625d02be2f",
              "isHook": false,
              "skipped": false
            },
            {
              "title": "Verifica se após selecionar uma outra cor na paleta, é possível pintar os pixels com essa cor",
              "fullTitle": "8 - Clicar em um pixel dentro do quadro após selecionar uma cor na paleta, faz com que o pixel seja preenchido com a cor selecionada. Verifica se após selecionar uma outra cor na paleta, é possível pintar os pixels com essa cor",
              "timedOut": null,
              "duration": 4320,
              "state": "failed",
              "speed": null,
              "pass": false,
              "fail": true,
              "pending": false,
              "context": null,
              "code": "cy.get('.color').each(function (color) {\n  var backgroundColor = color.css('background-color');\n  cy.wrap(color).click();\n  cy.get('.pixel').each(function (pixel) {\n    cy.wrap(pixel).click().should('have.css', 'background-color', backgroundColor);\n  });\n});",
              "err": {
                "message": "CypressError: Timed out retrying: expected '<div.pixel>' to have CSS property 'background-color' with the value 'rgb(0, 0, 0)', but the value was 'rgb(255, 255, 255)'",
                "estack": "CypressError: Timed out retrying: expected '<div.pixel>' to have CSS property 'background-color' with the value 'rgb(0, 0, 0)', but the value was 'rgb(255, 255, 255)'\n    at cypressErr (http://localhost:42389/__cypress/runner/cypress_runner.js:149934:9)\n    at throwErr (http://localhost:42389/__cypress/runner/cypress_runner.js:149867:11)\n    at Object.throwErrByPath (http://localhost:42389/__cypress/runner/cypress_runner.js:149915:3)\n    at retry (http://localhost:42389/__cypress/runner/cypress_runner.js:144197:19)\n    at onFailFn (http://localhost:42389/__cypress/runner/cypress_runner.js:132448:16)\n    at tryCatcher (http://localhost:42389/__cypress/runner/cypress_runner.js:167415:23)\n    at Promise._settlePromiseFromHandler (http://localhost:42389/__cypress/runner/cypress_runner.js:165351:31)\n    at Promise._settlePromise (http://localhost:42389/__cypress/runner/cypress_runner.js:165408:18)\n    at Promise._settlePromise0 (http://localhost:42389/__cypress/runner/cypress_runner.js:165453:10)\n    at Promise._settlePromises (http://localhost:42389/__cypress/runner/cypress_runner.js:165528:18)\n    at Async../node_modules/bluebird/js/release/async.js.Async._drainQueue (http://localhost:42389/__cypress/runner/cypress_runner.js:162140:16)\n    at Async../node_modules/bluebird/js/release/async.js.Async._drainQueues (http://localhost:42389/__cypress/runner/cypress_runner.js:162150:10)\n    at Async.drainQueues (http://localhost:42389/__cypress/runner/cypress_runner.js:162024:14)",
                "diff": null
              },
              "uuid": "bb84f20b-6071-4b45-855e-b224ef23e6d9",
              "parentUUID": "6f220791-92d0-4791-97d5-57625d02be2f",
              "isHook": false,
              "skipped": false
            },
            {
              "title": "Verifica se somente o pixel que foi clicado foi preenchido com a cor selecionada, sem influenciar na cor dos demais pixels.",
              "fullTitle": "8 - Clicar em um pixel dentro do quadro após selecionar uma cor na paleta, faz com que o pixel seja preenchido com a cor selecionada. Verifica se somente o pixel que foi clicado foi preenchido com a cor selecionada, sem influenciar na cor dos demais pixels.",
              "timedOut": null,
              "duration": 1017,
              "state": "passed",
              "speed": "slow",
              "pass": true,
              "fail": false,
              "pending": false,
              "context": null,
              "code": "var colorToPixelIndexMap = {\n  0: 6,\n  1: 8,\n  2: 16,\n  3: 18\n};\ncy.get('.color').each(function (color, index) {\n  cy.wrap(color).click();\n  var backgroundColor = color.css('background-color');\n  var clickedPixelIndex = colorToPixelIndexMap[index];\n  cy.get('.pixel').eq(clickedPixelIndex).click();\n  cy.get('.pixel').eq(clickedPixelIndex - 1).should('not.have.css', 'background-color', backgroundColor);\n  cy.get('.pixel').eq(clickedPixelIndex + 1).should('not.have.css', 'background-color', backgroundColor);\n  cy.get('.pixel').eq(clickedPixelIndex - 5).should('not.have.css', 'background-color', backgroundColor);\n  cy.get('.pixel').eq(clickedPixelIndex + 5).should('not.have.css', 'background-color', backgroundColor);\n  cy.get('.pixel').eq(clickedPixelIndex - 6).should('not.have.css', 'background-color', backgroundColor);\n  cy.get('.pixel').eq(clickedPixelIndex - 4).should('not.have.css', 'background-color', backgroundColor);\n  cy.get('.pixel').eq(clickedPixelIndex + 4).should('not.have.css', 'background-color', backgroundColor);\n  cy.get('.pixel').eq(clickedPixelIndex + 6).should('not.have.css', 'background-color', backgroundColor);\n});",
              "err": {},
              "uuid": "4c7566b7-85e8-4f10-8473-0162d178a090",
              "parentUUID": "6f220791-92d0-4791-97d5-57625d02be2f",
              "isHook": false,
              "skipped": false
            }
          ],
          "suites": [],
          "passes": [
            "4c7566b7-85e8-4f10-8473-0162d178a090"
          ],
          "failures": [
            "f85aa5d3-3419-49e4-a2de-d3b872acacd5",
            "bb84f20b-6071-4b45-855e-b224ef23e6d9"
          ],
          "pending": [],
          "skipped": [],
          "duration": 9619,
          "root": false,
          "rootEmpty": false,
          "_timeout": 2000
        },
        {
          "uuid": "b9a2ef7f-635e-4eb2-a2c1-1dedc6db6e71",
          "title": "9 - Crie um botão que, ao ser clicado, limpa o quadro preenchendo a cor de todos seus pixels com branco.",
          "fullFile": "",
          "file": "",
          "beforeHooks": [],
          "afterHooks": [],
          "tests": [
            {
              "title": "Verifica se o botão tem o `id` denominado `clear-board`",
              "fullTitle": "9 - Crie um botão que, ao ser clicado, limpa o quadro preenchendo a cor de todos seus pixels com branco. Verifica se o botão tem o `id` denominado `clear-board`",
              "timedOut": null,
              "duration": 4190,
              "state": "failed",
              "speed": null,
              "pass": false,
              "fail": true,
              "pending": false,
              "context": null,
              "code": "cy.get('#clear-board').should('be.visible');",
              "err": {
                "message": "CypressError: Timed out retrying: Expected to find element: '#clear-board', but never found it.",
                "estack": "CypressError: Timed out retrying: Expected to find element: '#clear-board', but never found it.\n    at cypressErr (http://localhost:42389/__cypress/runner/cypress_runner.js:149934:9)\n    at throwErr (http://localhost:42389/__cypress/runner/cypress_runner.js:149867:11)\n    at Object.throwErrByPath (http://localhost:42389/__cypress/runner/cypress_runner.js:149915:3)\n    at retry (http://localhost:42389/__cypress/runner/cypress_runner.js:144197:19)\n    at onFailFn (http://localhost:42389/__cypress/runner/cypress_runner.js:132448:16)\n    at tryCatcher (http://localhost:42389/__cypress/runner/cypress_runner.js:167415:23)\n    at Promise._settlePromiseFromHandler (http://localhost:42389/__cypress/runner/cypress_runner.js:165351:31)\n    at Promise._settlePromise (http://localhost:42389/__cypress/runner/cypress_runner.js:165408:18)\n    at Promise._settlePromise0 (http://localhost:42389/__cypress/runner/cypress_runner.js:165453:10)\n    at Promise._settlePromises (http://localhost:42389/__cypress/runner/cypress_runner.js:165528:18)\n    at Async../node_modules/bluebird/js/release/async.js.Async._drainQueue (http://localhost:42389/__cypress/runner/cypress_runner.js:162140:16)\n    at Async../node_modules/bluebird/js/release/async.js.Async._drainQueues (http://localhost:42389/__cypress/runner/cypress_runner.js:162150:10)\n    at Async.drainQueues (http://localhost:42389/__cypress/runner/cypress_runner.js:162024:14)",
                "diff": null
              },
              "uuid": "e34149e5-2f66-4497-ba1d-aead27fd62f5",
              "parentUUID": "b9a2ef7f-635e-4eb2-a2c1-1dedc6db6e71",
              "isHook": false,
              "skipped": false
            },
            {
              "title": "Verifica se o botão está posicionado entre a paleta de cores e o quadro de pixels",
              "fullTitle": "9 - Crie um botão que, ao ser clicado, limpa o quadro preenchendo a cor de todos seus pixels com branco. Verifica se o botão está posicionado entre a paleta de cores e o quadro de pixels",
              "timedOut": null,
              "duration": 4195,
              "state": "failed",
              "speed": null,
              "pass": false,
              "fail": true,
              "pending": false,
              "context": null,
              "code": "cy.get('#color-palette').then(function (palette) {\n  cy.get('#clear-board').should('be.belowOf', palette);\n});\ncy.get('#clear-board').then(function (clearBtn) {\n  cy.get('#pixel-board').should('be.belowOf', clearBtn);\n});",
              "err": {
                "message": "CypressError: Timed out retrying: Expected to find element: '#clear-board', but never found it.",
                "estack": "CypressError: Timed out retrying: Expected to find element: '#clear-board', but never found it.\n    at cypressErr (http://localhost:42389/__cypress/runner/cypress_runner.js:149934:9)\n    at throwErr (http://localhost:42389/__cypress/runner/cypress_runner.js:149867:11)\n    at Object.throwErrByPath (http://localhost:42389/__cypress/runner/cypress_runner.js:149915:3)\n    at retry (http://localhost:42389/__cypress/runner/cypress_runner.js:144197:19)\n    at onFailFn (http://localhost:42389/__cypress/runner/cypress_runner.js:132448:16)\n    at tryCatcher (http://localhost:42389/__cypress/runner/cypress_runner.js:167415:23)\n    at Promise._settlePromiseFromHandler (http://localhost:42389/__cypress/runner/cypress_runner.js:165351:31)\n    at Promise._settlePromise (http://localhost:42389/__cypress/runner/cypress_runner.js:165408:18)\n    at Promise._settlePromise0 (http://localhost:42389/__cypress/runner/cypress_runner.js:165453:10)\n    at Promise._settlePromises (http://localhost:42389/__cypress/runner/cypress_runner.js:165528:18)\n    at Async../node_modules/bluebird/js/release/async.js.Async._drainQueue (http://localhost:42389/__cypress/runner/cypress_runner.js:162140:16)\n    at Async../node_modules/bluebird/js/release/async.js.Async._drainQueues (http://localhost:42389/__cypress/runner/cypress_runner.js:162150:10)\n    at Async.drainQueues (http://localhost:42389/__cypress/runner/cypress_runner.js:162024:14)",
                "diff": null
              },
              "uuid": "490aa01c-52db-42bb-ad79-8b65d3750d27",
              "parentUUID": "b9a2ef7f-635e-4eb2-a2c1-1dedc6db6e71",
              "isHook": false,
              "skipped": false
            },
            {
              "title": "Verifica se o texto do botão é 'Limpar'",
              "fullTitle": "9 - Crie um botão que, ao ser clicado, limpa o quadro preenchendo a cor de todos seus pixels com branco. Verifica se o texto do botão é 'Limpar'",
              "timedOut": null,
              "duration": 4193,
              "state": "failed",
              "speed": null,
              "pass": false,
              "fail": true,
              "pending": false,
              "context": null,
              "code": "cy.get('#clear-board').should('contain.text', 'Limpar');",
              "err": {
                "message": "CypressError: Timed out retrying: Expected to find element: '#clear-board', but never found it.",
                "estack": "CypressError: Timed out retrying: Expected to find element: '#clear-board', but never found it.\n    at cypressErr (http://localhost:42389/__cypress/runner/cypress_runner.js:149934:9)\n    at throwErr (http://localhost:42389/__cypress/runner/cypress_runner.js:149867:11)\n    at Object.throwErrByPath (http://localhost:42389/__cypress/runner/cypress_runner.js:149915:3)\n    at retry (http://localhost:42389/__cypress/runner/cypress_runner.js:144197:19)\n    at onFailFn (http://localhost:42389/__cypress/runner/cypress_runner.js:132448:16)\n    at tryCatcher (http://localhost:42389/__cypress/runner/cypress_runner.js:167415:23)\n    at Promise._settlePromiseFromHandler (http://localhost:42389/__cypress/runner/cypress_runner.js:165351:31)\n    at Promise._settlePromise (http://localhost:42389/__cypress/runner/cypress_runner.js:165408:18)\n    at Promise._settlePromise0 (http://localhost:42389/__cypress/runner/cypress_runner.js:165453:10)\n    at Promise._settlePromises (http://localhost:42389/__cypress/runner/cypress_runner.js:165528:18)\n    at Async../node_modules/bluebird/js/release/async.js.Async._drainQueue (http://localhost:42389/__cypress/runner/cypress_runner.js:162140:16)\n    at Async../node_modules/bluebird/js/release/async.js.Async._drainQueues (http://localhost:42389/__cypress/runner/cypress_runner.js:162150:10)\n    at Async.drainQueues (http://localhost:42389/__cypress/runner/cypress_runner.js:162024:14)",
                "diff": null
              },
              "uuid": "4a30883d-8b46-4fcb-83d6-3853131d8160",
              "parentUUID": "b9a2ef7f-635e-4eb2-a2c1-1dedc6db6e71",
              "isHook": false,
              "skipped": false
            },
            {
              "title": "Verifica se ao clicar no botão, o quadro de pixels é totalmente preenchido de branco",
              "fullTitle": "9 - Crie um botão que, ao ser clicado, limpa o quadro preenchendo a cor de todos seus pixels com branco. Verifica se ao clicar no botão, o quadro de pixels é totalmente preenchido de branco",
              "timedOut": null,
              "duration": 4326,
              "state": "failed",
              "speed": null,
              "pass": false,
              "fail": true,
              "pending": false,
              "context": null,
              "code": "cy.get('.color').eq(1).then(function (color) {\n  var backgroundColor = color.css('background-color');\n  cy.wrap(color).click();\n  cy.get('.pixel').each(function (pixel) {\n    cy.wrap(pixel).click().should('have.css', 'background-color', backgroundColor);\n  });\n});\ncy.get('#clear-board').click();\ncy.get('.pixel').each(function (pixel) {\n  cy.wrap(pixel).should('have.css', 'background-color', WHITE);\n});",
              "err": {
                "message": "CypressError: Timed out retrying: expected '<div.pixel>' to have CSS property 'background-color' with the value 'rgb(255, 0, 0)', but the value was 'rgb(255, 255, 255)'",
                "estack": "CypressError: Timed out retrying: expected '<div.pixel>' to have CSS property 'background-color' with the value 'rgb(255, 0, 0)', but the value was 'rgb(255, 255, 255)'\n    at cypressErr (http://localhost:42389/__cypress/runner/cypress_runner.js:149934:9)\n    at throwErr (http://localhost:42389/__cypress/runner/cypress_runner.js:149867:11)\n    at Object.throwErrByPath (http://localhost:42389/__cypress/runner/cypress_runner.js:149915:3)\n    at retry (http://localhost:42389/__cypress/runner/cypress_runner.js:144197:19)\n    at onFailFn (http://localhost:42389/__cypress/runner/cypress_runner.js:132448:16)\n    at tryCatcher (http://localhost:42389/__cypress/runner/cypress_runner.js:167415:23)\n    at Promise._settlePromiseFromHandler (http://localhost:42389/__cypress/runner/cypress_runner.js:165351:31)\n    at Promise._settlePromise (http://localhost:42389/__cypress/runner/cypress_runner.js:165408:18)\n    at Promise._settlePromise0 (http://localhost:42389/__cypress/runner/cypress_runner.js:165453:10)\n    at Promise._settlePromises (http://localhost:42389/__cypress/runner/cypress_runner.js:165528:18)\n    at Async../node_modules/bluebird/js/release/async.js.Async._drainQueue (http://localhost:42389/__cypress/runner/cypress_runner.js:162140:16)\n    at Async../node_modules/bluebird/js/release/async.js.Async._drainQueues (http://localhost:42389/__cypress/runner/cypress_runner.js:162150:10)\n    at Async.drainQueues (http://localhost:42389/__cypress/runner/cypress_runner.js:162024:14)",
                "diff": null
              },
              "uuid": "f23ed137-5ddf-49b9-9b49-43674232717b",
              "parentUUID": "b9a2ef7f-635e-4eb2-a2c1-1dedc6db6e71",
              "isHook": false,
              "skipped": false
            }
          ],
          "suites": [],
          "passes": [],
          "failures": [
            "e34149e5-2f66-4497-ba1d-aead27fd62f5",
            "490aa01c-52db-42bb-ad79-8b65d3750d27",
            "4a30883d-8b46-4fcb-83d6-3853131d8160",
            "f23ed137-5ddf-49b9-9b49-43674232717b"
          ],
          "pending": [],
          "skipped": [],
          "duration": 16904,
          "root": false,
          "rootEmpty": false,
          "_timeout": 2000
        },
        {
          "uuid": "b45ebae7-1723-43ac-840f-82a2b30c8218",
          "title": "10 - Faça o quadro de pixels ter seu tamanho definido pelo usuário.",
          "fullFile": "",
          "file": "",
          "beforeHooks": [],
          "afterHooks": [],
          "tests": [
            {
              "title": "Verifica se existe um input com o id `board-size`",
              "fullTitle": "10 - Faça o quadro de pixels ter seu tamanho definido pelo usuário. Verifica se existe um input com o id `board-size`",
              "timedOut": null,
              "duration": 4192,
              "state": "failed",
              "speed": null,
              "pass": false,
              "fail": true,
              "pending": false,
              "context": null,
              "code": "cy.get('#board-size').should('be.visible');",
              "err": {
                "message": "CypressError: Timed out retrying: Expected to find element: '#board-size', but never found it.",
                "estack": "CypressError: Timed out retrying: Expected to find element: '#board-size', but never found it.\n    at cypressErr (http://localhost:42389/__cypress/runner/cypress_runner.js:149934:9)\n    at throwErr (http://localhost:42389/__cypress/runner/cypress_runner.js:149867:11)\n    at Object.throwErrByPath (http://localhost:42389/__cypress/runner/cypress_runner.js:149915:3)\n    at retry (http://localhost:42389/__cypress/runner/cypress_runner.js:144197:19)\n    at onFailFn (http://localhost:42389/__cypress/runner/cypress_runner.js:132448:16)\n    at tryCatcher (http://localhost:42389/__cypress/runner/cypress_runner.js:167415:23)\n    at Promise._settlePromiseFromHandler (http://localhost:42389/__cypress/runner/cypress_runner.js:165351:31)\n    at Promise._settlePromise (http://localhost:42389/__cypress/runner/cypress_runner.js:165408:18)\n    at Promise._settlePromise0 (http://localhost:42389/__cypress/runner/cypress_runner.js:165453:10)\n    at Promise._settlePromises (http://localhost:42389/__cypress/runner/cypress_runner.js:165528:18)\n    at Async../node_modules/bluebird/js/release/async.js.Async._drainQueue (http://localhost:42389/__cypress/runner/cypress_runner.js:162140:16)\n    at Async../node_modules/bluebird/js/release/async.js.Async._drainQueues (http://localhost:42389/__cypress/runner/cypress_runner.js:162150:10)\n    at Async.drainQueues (http://localhost:42389/__cypress/runner/cypress_runner.js:162024:14)",
                "diff": null
              },
              "uuid": "7d04e48d-5254-4e7d-9e89-360b7547b8a7",
              "parentUUID": "b45ebae7-1723-43ac-840f-82a2b30c8218",
              "isHook": false,
              "skipped": false
            },
            {
              "title": "Verifica se existe um botão com o id `generate-board`",
              "fullTitle": "10 - Faça o quadro de pixels ter seu tamanho definido pelo usuário. Verifica se existe um botão com o id `generate-board`",
              "timedOut": null,
              "duration": 4209,
              "state": "failed",
              "speed": null,
              "pass": false,
              "fail": true,
              "pending": false,
              "context": null,
              "code": "cy.get('#generate-board').should('be.visible');",
              "err": {
                "message": "CypressError: Timed out retrying: Expected to find element: '#generate-board', but never found it.",
                "estack": "CypressError: Timed out retrying: Expected to find element: '#generate-board', but never found it.\n    at cypressErr (http://localhost:42389/__cypress/runner/cypress_runner.js:149934:9)\n    at throwErr (http://localhost:42389/__cypress/runner/cypress_runner.js:149867:11)\n    at Object.throwErrByPath (http://localhost:42389/__cypress/runner/cypress_runner.js:149915:3)\n    at retry (http://localhost:42389/__cypress/runner/cypress_runner.js:144197:19)\n    at onFailFn (http://localhost:42389/__cypress/runner/cypress_runner.js:132448:16)\n    at tryCatcher (http://localhost:42389/__cypress/runner/cypress_runner.js:167415:23)\n    at Promise._settlePromiseFromHandler (http://localhost:42389/__cypress/runner/cypress_runner.js:165351:31)\n    at Promise._settlePromise (http://localhost:42389/__cypress/runner/cypress_runner.js:165408:18)\n    at Promise._settlePromise0 (http://localhost:42389/__cypress/runner/cypress_runner.js:165453:10)\n    at Promise._settlePromises (http://localhost:42389/__cypress/runner/cypress_runner.js:165528:18)\n    at Async../node_modules/bluebird/js/release/async.js.Async._drainQueue (http://localhost:42389/__cypress/runner/cypress_runner.js:162140:16)\n    at Async../node_modules/bluebird/js/release/async.js.Async._drainQueues (http://localhost:42389/__cypress/runner/cypress_runner.js:162150:10)\n    at Async.drainQueues (http://localhost:42389/__cypress/runner/cypress_runner.js:162024:14)",
                "diff": null
              },
              "uuid": "08a5884f-7c93-468d-8828-370ef6337792",
              "parentUUID": "b45ebae7-1723-43ac-840f-82a2b30c8218",
              "isHook": false,
              "skipped": false
            },
            {
              "title": "Verifica se o input só aceita número maiores que zero. Essa restrição deve ser feita usando os atributos do elemento `input`",
              "fullTitle": "10 - Faça o quadro de pixels ter seu tamanho definido pelo usuário. Verifica se o input só aceita número maiores que zero. Essa restrição deve ser feita usando os atributos do elemento `input`",
              "timedOut": null,
              "duration": 4198,
              "state": "failed",
              "speed": null,
              "pass": false,
              "fail": true,
              "pending": false,
              "context": null,
              "code": "cy.get('#board-size[type=\\'number\\'][min=\\'1\\']');",
              "err": {
                "message": "CypressError: Timed out retrying: Expected to find element: '#board-size[type='number'][min='1']', but never found it.",
                "estack": "CypressError: Timed out retrying: Expected to find element: '#board-size[type='number'][min='1']', but never found it.\n    at cypressErr (http://localhost:42389/__cypress/runner/cypress_runner.js:149934:9)\n    at throwErr (http://localhost:42389/__cypress/runner/cypress_runner.js:149867:11)\n    at Object.throwErrByPath (http://localhost:42389/__cypress/runner/cypress_runner.js:149915:3)\n    at retry (http://localhost:42389/__cypress/runner/cypress_runner.js:144197:19)\n    at onFailFn (http://localhost:42389/__cypress/runner/cypress_runner.js:132448:16)\n    at tryCatcher (http://localhost:42389/__cypress/runner/cypress_runner.js:167415:23)\n    at Promise._settlePromiseFromHandler (http://localhost:42389/__cypress/runner/cypress_runner.js:165351:31)\n    at Promise._settlePromise (http://localhost:42389/__cypress/runner/cypress_runner.js:165408:18)\n    at Promise._settlePromise0 (http://localhost:42389/__cypress/runner/cypress_runner.js:165453:10)\n    at Promise._settlePromises (http://localhost:42389/__cypress/runner/cypress_runner.js:165528:18)\n    at Async../node_modules/bluebird/js/release/async.js.Async._drainQueue (http://localhost:42389/__cypress/runner/cypress_runner.js:162140:16)\n    at Async../node_modules/bluebird/js/release/async.js.Async._drainQueues (http://localhost:42389/__cypress/runner/cypress_runner.js:162150:10)\n    at Async.drainQueues (http://localhost:42389/__cypress/runner/cypress_runner.js:162024:14)",
                "diff": null
              },
              "uuid": "2bd34dd1-45a9-4e79-bc24-46cfc10d4769",
              "parentUUID": "b45ebae7-1723-43ac-840f-82a2b30c8218",
              "isHook": false,
              "skipped": false
            },
            {
              "title": "Verifica se o botão contém o texto 'VQV'",
              "fullTitle": "10 - Faça o quadro de pixels ter seu tamanho definido pelo usuário. Verifica se o botão contém o texto 'VQV'",
              "timedOut": null,
              "duration": 4179,
              "state": "failed",
              "speed": null,
              "pass": false,
              "fail": true,
              "pending": false,
              "context": null,
              "code": "cy.get('#generate-board').contains(/vqv/i);",
              "err": {
                "message": "CypressError: Timed out retrying: Expected to find element: '#generate-board', but never found it.",
                "estack": "CypressError: Timed out retrying: Expected to find element: '#generate-board', but never found it.\n    at cypressErr (http://localhost:42389/__cypress/runner/cypress_runner.js:149934:9)\n    at throwErr (http://localhost:42389/__cypress/runner/cypress_runner.js:149867:11)\n    at Object.throwErrByPath (http://localhost:42389/__cypress/runner/cypress_runner.js:149915:3)\n    at retry (http://localhost:42389/__cypress/runner/cypress_runner.js:144197:19)\n    at onFailFn (http://localhost:42389/__cypress/runner/cypress_runner.js:132448:16)\n    at tryCatcher (http://localhost:42389/__cypress/runner/cypress_runner.js:167415:23)\n    at Promise._settlePromiseFromHandler (http://localhost:42389/__cypress/runner/cypress_runner.js:165351:31)\n    at Promise._settlePromise (http://localhost:42389/__cypress/runner/cypress_runner.js:165408:18)\n    at Promise._settlePromise0 (http://localhost:42389/__cypress/runner/cypress_runner.js:165453:10)\n    at Promise._settlePromises (http://localhost:42389/__cypress/runner/cypress_runner.js:165528:18)\n    at Async../node_modules/bluebird/js/release/async.js.Async._drainQueue (http://localhost:42389/__cypress/runner/cypress_runner.js:162140:16)\n    at Async../node_modules/bluebird/js/release/async.js.Async._drainQueues (http://localhost:42389/__cypress/runner/cypress_runner.js:162150:10)\n    at Async.drainQueues (http://localhost:42389/__cypress/runner/cypress_runner.js:162024:14)",
                "diff": null
              },
              "uuid": "4f2ba7bb-53f7-4cb8-92a9-be144113a9f6",
              "parentUUID": "b45ebae7-1723-43ac-840f-82a2b30c8218",
              "isHook": false,
              "skipped": false
            },
            {
              "title": "Verifica se o input está posicionado entre a paleta de cores e o quadro de pixels",
              "fullTitle": "10 - Faça o quadro de pixels ter seu tamanho definido pelo usuário. Verifica se o input está posicionado entre a paleta de cores e o quadro de pixels",
              "timedOut": null,
              "duration": 4195,
              "state": "failed",
              "speed": null,
              "pass": false,
              "fail": true,
              "pending": false,
              "context": null,
              "code": "cy.get('#color-palette').then(function (palette) {\n  cy.get('#board-size').should('be.belowOf', palette);\n});\ncy.get('#board-size').then(function (palette) {\n  cy.get('#pixel-board').should('be.belowOf', palette);\n});",
              "err": {
                "message": "CypressError: Timed out retrying: Expected to find element: '#board-size', but never found it.",
                "estack": "CypressError: Timed out retrying: Expected to find element: '#board-size', but never found it.\n    at cypressErr (http://localhost:42389/__cypress/runner/cypress_runner.js:149934:9)\n    at throwErr (http://localhost:42389/__cypress/runner/cypress_runner.js:149867:11)\n    at Object.throwErrByPath (http://localhost:42389/__cypress/runner/cypress_runner.js:149915:3)\n    at retry (http://localhost:42389/__cypress/runner/cypress_runner.js:144197:19)\n    at onFailFn (http://localhost:42389/__cypress/runner/cypress_runner.js:132448:16)\n    at tryCatcher (http://localhost:42389/__cypress/runner/cypress_runner.js:167415:23)\n    at Promise._settlePromiseFromHandler (http://localhost:42389/__cypress/runner/cypress_runner.js:165351:31)\n    at Promise._settlePromise (http://localhost:42389/__cypress/runner/cypress_runner.js:165408:18)\n    at Promise._settlePromise0 (http://localhost:42389/__cypress/runner/cypress_runner.js:165453:10)\n    at Promise._settlePromises (http://localhost:42389/__cypress/runner/cypress_runner.js:165528:18)\n    at Async../node_modules/bluebird/js/release/async.js.Async._drainQueue (http://localhost:42389/__cypress/runner/cypress_runner.js:162140:16)\n    at Async../node_modules/bluebird/js/release/async.js.Async._drainQueues (http://localhost:42389/__cypress/runner/cypress_runner.js:162150:10)\n    at Async.drainQueues (http://localhost:42389/__cypress/runner/cypress_runner.js:162024:14)",
                "diff": null
              },
              "uuid": "01fbc5f5-a2d1-4ce2-b237-cfca714c891c",
              "parentUUID": "b45ebae7-1723-43ac-840f-82a2b30c8218",
              "isHook": false,
              "skipped": false
            },
            {
              "title": "Verifica se o botão está posicionado ao lado do input",
              "fullTitle": "10 - Faça o quadro de pixels ter seu tamanho definido pelo usuário. Verifica se o botão está posicionado ao lado do input",
              "timedOut": null,
              "duration": 4178,
              "state": "failed",
              "speed": null,
              "pass": false,
              "fail": true,
              "pending": false,
              "context": null,
              "code": "cy.get('#board-size').then(function (board) {\n  cy.get('#generate-board').should('be.onTheRightOf', board);\n});",
              "err": {
                "message": "CypressError: Timed out retrying: Expected to find element: '#board-size', but never found it.",
                "estack": "CypressError: Timed out retrying: Expected to find element: '#board-size', but never found it.\n    at cypressErr (http://localhost:42389/__cypress/runner/cypress_runner.js:149934:9)\n    at throwErr (http://localhost:42389/__cypress/runner/cypress_runner.js:149867:11)\n    at Object.throwErrByPath (http://localhost:42389/__cypress/runner/cypress_runner.js:149915:3)\n    at retry (http://localhost:42389/__cypress/runner/cypress_runner.js:144197:19)\n    at onFailFn (http://localhost:42389/__cypress/runner/cypress_runner.js:132448:16)\n    at tryCatcher (http://localhost:42389/__cypress/runner/cypress_runner.js:167415:23)\n    at Promise._settlePromiseFromHandler (http://localhost:42389/__cypress/runner/cypress_runner.js:165351:31)\n    at Promise._settlePromise (http://localhost:42389/__cypress/runner/cypress_runner.js:165408:18)\n    at Promise._settlePromise0 (http://localhost:42389/__cypress/runner/cypress_runner.js:165453:10)\n    at Promise._settlePromises (http://localhost:42389/__cypress/runner/cypress_runner.js:165528:18)\n    at Async../node_modules/bluebird/js/release/async.js.Async._drainQueue (http://localhost:42389/__cypress/runner/cypress_runner.js:162140:16)\n    at Async../node_modules/bluebird/js/release/async.js.Async._drainQueues (http://localhost:42389/__cypress/runner/cypress_runner.js:162150:10)\n    at Async.drainQueues (http://localhost:42389/__cypress/runner/cypress_runner.js:162024:14)",
                "diff": null
              },
              "uuid": "fdfdd070-0a53-4476-9f80-0cc2a37a8be6",
              "parentUUID": "b45ebae7-1723-43ac-840f-82a2b30c8218",
              "isHook": false,
              "skipped": false
            },
            {
              "title": "Verifica se nenhum valor for colocado no input ao clicar no botão, um `alert` é exibido com o texto: 'Board inválido!'",
              "fullTitle": "10 - Faça o quadro de pixels ter seu tamanho definido pelo usuário. Verifica se nenhum valor for colocado no input ao clicar no botão, um `alert` é exibido com o texto: 'Board inválido!'",
              "timedOut": null,
              "duration": 4190,
              "state": "failed",
              "speed": null,
              "pass": false,
              "fail": true,
              "pending": false,
              "context": null,
              "code": "var alerted = false;\ncy.on('window:alert', function (msg) {\n  return alerted = msg;\n});\ncy.get('#generate-board').click().then(function () {\n  return expect(alerted).to.match(/Board inválido!/i);\n});",
              "err": {
                "message": "CypressError: Timed out retrying: Expected to find element: '#generate-board', but never found it.",
                "estack": "CypressError: Timed out retrying: Expected to find element: '#generate-board', but never found it.\n    at cypressErr (http://localhost:42389/__cypress/runner/cypress_runner.js:149934:9)\n    at throwErr (http://localhost:42389/__cypress/runner/cypress_runner.js:149867:11)\n    at Object.throwErrByPath (http://localhost:42389/__cypress/runner/cypress_runner.js:149915:3)\n    at retry (http://localhost:42389/__cypress/runner/cypress_runner.js:144197:19)\n    at onFailFn (http://localhost:42389/__cypress/runner/cypress_runner.js:132448:16)\n    at tryCatcher (http://localhost:42389/__cypress/runner/cypress_runner.js:167415:23)\n    at Promise._settlePromiseFromHandler (http://localhost:42389/__cypress/runner/cypress_runner.js:165351:31)\n    at Promise._settlePromise (http://localhost:42389/__cypress/runner/cypress_runner.js:165408:18)\n    at Promise._settlePromise0 (http://localhost:42389/__cypress/runner/cypress_runner.js:165453:10)\n    at Promise._settlePromises (http://localhost:42389/__cypress/runner/cypress_runner.js:165528:18)\n    at Async../node_modules/bluebird/js/release/async.js.Async._drainQueue (http://localhost:42389/__cypress/runner/cypress_runner.js:162140:16)\n    at Async../node_modules/bluebird/js/release/async.js.Async._drainQueues (http://localhost:42389/__cypress/runner/cypress_runner.js:162150:10)\n    at Async.drainQueues (http://localhost:42389/__cypress/runner/cypress_runner.js:162024:14)",
                "diff": null
              },
              "uuid": "754b4d3b-2313-4cee-95e8-598bc74f22ba",
              "parentUUID": "b45ebae7-1723-43ac-840f-82a2b30c8218",
              "isHook": false,
              "skipped": false
            },
            {
              "title": "Verifica se ao clicar no botão com um valor preenchido, o tamanho do board muda.",
              "fullTitle": "10 - Faça o quadro de pixels ter seu tamanho definido pelo usuário. Verifica se ao clicar no botão com um valor preenchido, o tamanho do board muda.",
              "timedOut": null,
              "duration": 4181,
              "state": "failed",
              "speed": null,
              "pass": false,
              "fail": true,
              "pending": false,
              "context": null,
              "code": "cy.get('#board-size').clear().type(10);\ncy.get('#generate-board').click();\ncy.get('.pixel').should('have.length', 100);",
              "err": {
                "message": "CypressError: Timed out retrying: Expected to find element: '#board-size', but never found it.",
                "estack": "CypressError: Timed out retrying: Expected to find element: '#board-size', but never found it.\n    at cypressErr (http://localhost:42389/__cypress/runner/cypress_runner.js:149934:9)\n    at throwErr (http://localhost:42389/__cypress/runner/cypress_runner.js:149867:11)\n    at Object.throwErrByPath (http://localhost:42389/__cypress/runner/cypress_runner.js:149915:3)\n    at retry (http://localhost:42389/__cypress/runner/cypress_runner.js:144197:19)\n    at onFailFn (http://localhost:42389/__cypress/runner/cypress_runner.js:132448:16)\n    at tryCatcher (http://localhost:42389/__cypress/runner/cypress_runner.js:167415:23)\n    at Promise._settlePromiseFromHandler (http://localhost:42389/__cypress/runner/cypress_runner.js:165351:31)\n    at Promise._settlePromise (http://localhost:42389/__cypress/runner/cypress_runner.js:165408:18)\n    at Promise._settlePromise0 (http://localhost:42389/__cypress/runner/cypress_runner.js:165453:10)\n    at Promise._settlePromises (http://localhost:42389/__cypress/runner/cypress_runner.js:165528:18)\n    at Async../node_modules/bluebird/js/release/async.js.Async._drainQueue (http://localhost:42389/__cypress/runner/cypress_runner.js:162140:16)\n    at Async../node_modules/bluebird/js/release/async.js.Async._drainQueues (http://localhost:42389/__cypress/runner/cypress_runner.js:162150:10)\n    at Async.drainQueues (http://localhost:42389/__cypress/runner/cypress_runner.js:162024:14)",
                "diff": null
              },
              "uuid": "4f7af929-d0dd-4f56-9b8a-7957ec717909",
              "parentUUID": "b45ebae7-1723-43ac-840f-82a2b30c8218",
              "isHook": false,
              "skipped": false
            },
            {
              "title": "Verifica se o novo quadro tem todos os pixels preenchidos com a cor branca",
              "fullTitle": "10 - Faça o quadro de pixels ter seu tamanho definido pelo usuário. Verifica se o novo quadro tem todos os pixels preenchidos com a cor branca",
              "timedOut": null,
              "duration": 4169,
              "state": "failed",
              "speed": null,
              "pass": false,
              "fail": true,
              "pending": false,
              "context": null,
              "code": "cy.get('#board-size').clear().type(6);\ncy.get('#generate-board').click();\ncy.get('.pixel').should('have.length', 36).each(function (pixel) {\n  expect(pixel).to.have.css('background-color', WHITE);\n});",
              "err": {
                "message": "CypressError: Timed out retrying: Expected to find element: '#board-size', but never found it.",
                "estack": "CypressError: Timed out retrying: Expected to find element: '#board-size', but never found it.\n    at cypressErr (http://localhost:42389/__cypress/runner/cypress_runner.js:149934:9)\n    at throwErr (http://localhost:42389/__cypress/runner/cypress_runner.js:149867:11)\n    at Object.throwErrByPath (http://localhost:42389/__cypress/runner/cypress_runner.js:149915:3)\n    at retry (http://localhost:42389/__cypress/runner/cypress_runner.js:144197:19)\n    at onFailFn (http://localhost:42389/__cypress/runner/cypress_runner.js:132448:16)\n    at tryCatcher (http://localhost:42389/__cypress/runner/cypress_runner.js:167415:23)\n    at Promise._settlePromiseFromHandler (http://localhost:42389/__cypress/runner/cypress_runner.js:165351:31)\n    at Promise._settlePromise (http://localhost:42389/__cypress/runner/cypress_runner.js:165408:18)\n    at Promise._settlePromise0 (http://localhost:42389/__cypress/runner/cypress_runner.js:165453:10)\n    at Promise._settlePromises (http://localhost:42389/__cypress/runner/cypress_runner.js:165528:18)\n    at Async../node_modules/bluebird/js/release/async.js.Async._drainQueue (http://localhost:42389/__cypress/runner/cypress_runner.js:162140:16)\n    at Async../node_modules/bluebird/js/release/async.js.Async._drainQueues (http://localhost:42389/__cypress/runner/cypress_runner.js:162150:10)\n    at Async.drainQueues (http://localhost:42389/__cypress/runner/cypress_runner.js:162024:14)",
                "diff": null
              },
              "uuid": "f68938c3-a38e-488e-9c0f-880418e0d5e9",
              "parentUUID": "b45ebae7-1723-43ac-840f-82a2b30c8218",
              "isHook": false,
              "skipped": false
            }
          ],
          "suites": [],
          "passes": [],
          "failures": [
            "7d04e48d-5254-4e7d-9e89-360b7547b8a7",
            "08a5884f-7c93-468d-8828-370ef6337792",
            "2bd34dd1-45a9-4e79-bc24-46cfc10d4769",
            "4f2ba7bb-53f7-4cb8-92a9-be144113a9f6",
            "01fbc5f5-a2d1-4ce2-b237-cfca714c891c",
            "fdfdd070-0a53-4476-9f80-0cc2a37a8be6",
            "754b4d3b-2313-4cee-95e8-598bc74f22ba",
            "4f7af929-d0dd-4f56-9b8a-7957ec717909",
            "f68938c3-a38e-488e-9c0f-880418e0d5e9"
          ],
          "pending": [],
          "skipped": [],
          "duration": 37691,
          "root": false,
          "rootEmpty": false,
          "_timeout": 2000
        },
        {
          "uuid": "5e8f2d29-c8c9-40b5-aa14-89a6deb27d3e",
          "title": "11 - Limite o tamanho mínimo e máximo do board.",
          "fullFile": "",
          "file": "",
          "beforeHooks": [],
          "afterHooks": [],
          "tests": [
            {
              "title": "Verifica se a altura máxima do board é 50",
              "fullTitle": "11 - Limite o tamanho mínimo e máximo do board. Verifica se a altura máxima do board é 50",
              "timedOut": null,
              "duration": 4209,
              "state": "failed",
              "speed": null,
              "pass": false,
              "fail": true,
              "pending": false,
              "context": null,
              "code": "cy.get('#board-size').clear().type(50);\ncy.get('#generate-board').click();\ncy.get('.pixel').should('have.length', 2500);",
              "err": {
                "message": "CypressError: Timed out retrying: Expected to find element: '#board-size', but never found it.",
                "estack": "CypressError: Timed out retrying: Expected to find element: '#board-size', but never found it.\n    at cypressErr (http://localhost:42389/__cypress/runner/cypress_runner.js:149934:9)\n    at throwErr (http://localhost:42389/__cypress/runner/cypress_runner.js:149867:11)\n    at Object.throwErrByPath (http://localhost:42389/__cypress/runner/cypress_runner.js:149915:3)\n    at retry (http://localhost:42389/__cypress/runner/cypress_runner.js:144197:19)\n    at onFailFn (http://localhost:42389/__cypress/runner/cypress_runner.js:132448:16)\n    at tryCatcher (http://localhost:42389/__cypress/runner/cypress_runner.js:167415:23)\n    at Promise._settlePromiseFromHandler (http://localhost:42389/__cypress/runner/cypress_runner.js:165351:31)\n    at Promise._settlePromise (http://localhost:42389/__cypress/runner/cypress_runner.js:165408:18)\n    at Promise._settlePromise0 (http://localhost:42389/__cypress/runner/cypress_runner.js:165453:10)\n    at Promise._settlePromises (http://localhost:42389/__cypress/runner/cypress_runner.js:165528:18)\n    at Async../node_modules/bluebird/js/release/async.js.Async._drainQueue (http://localhost:42389/__cypress/runner/cypress_runner.js:162140:16)\n    at Async../node_modules/bluebird/js/release/async.js.Async._drainQueues (http://localhost:42389/__cypress/runner/cypress_runner.js:162150:10)\n    at Async.drainQueues (http://localhost:42389/__cypress/runner/cypress_runner.js:162024:14)",
                "diff": null
              },
              "uuid": "e8d98c4a-4435-4b36-8c76-55cd9308fc88",
              "parentUUID": "5e8f2d29-c8c9-40b5-aa14-89a6deb27d3e",
              "isHook": false,
              "skipped": false
            },
            {
              "title": "Verifica se a altura do board é 5 quando um valor menor é colocado no input",
              "fullTitle": "11 - Limite o tamanho mínimo e máximo do board. Verifica se a altura do board é 5 quando um valor menor é colocado no input",
              "timedOut": null,
              "duration": 4184,
              "state": "failed",
              "speed": null,
              "pass": false,
              "fail": true,
              "pending": false,
              "context": null,
              "code": "cy.get('#board-size').clear().type(4);\ncy.get('#generate-board').click();\ncy.get('.pixel').should('have.length', 25);",
              "err": {
                "message": "CypressError: Timed out retrying: Expected to find element: '#board-size', but never found it.",
                "estack": "CypressError: Timed out retrying: Expected to find element: '#board-size', but never found it.\n    at cypressErr (http://localhost:42389/__cypress/runner/cypress_runner.js:149934:9)\n    at throwErr (http://localhost:42389/__cypress/runner/cypress_runner.js:149867:11)\n    at Object.throwErrByPath (http://localhost:42389/__cypress/runner/cypress_runner.js:149915:3)\n    at retry (http://localhost:42389/__cypress/runner/cypress_runner.js:144197:19)\n    at onFailFn (http://localhost:42389/__cypress/runner/cypress_runner.js:132448:16)\n    at tryCatcher (http://localhost:42389/__cypress/runner/cypress_runner.js:167415:23)\n    at Promise._settlePromiseFromHandler (http://localhost:42389/__cypress/runner/cypress_runner.js:165351:31)\n    at Promise._settlePromise (http://localhost:42389/__cypress/runner/cypress_runner.js:165408:18)\n    at Promise._settlePromise0 (http://localhost:42389/__cypress/runner/cypress_runner.js:165453:10)\n    at Promise._settlePromises (http://localhost:42389/__cypress/runner/cypress_runner.js:165528:18)\n    at Async../node_modules/bluebird/js/release/async.js.Async._drainQueue (http://localhost:42389/__cypress/runner/cypress_runner.js:162140:16)\n    at Async../node_modules/bluebird/js/release/async.js.Async._drainQueues (http://localhost:42389/__cypress/runner/cypress_runner.js:162150:10)\n    at Async.drainQueues (http://localhost:42389/__cypress/runner/cypress_runner.js:162024:14)",
                "diff": null
              },
              "uuid": "8e2b5409-291d-463d-921c-f09430f579e7",
              "parentUUID": "5e8f2d29-c8c9-40b5-aa14-89a6deb27d3e",
              "isHook": false,
              "skipped": false
            },
            {
              "title": "Verifica se a altura do board é 50 quando um valor maior é colocado no input",
              "fullTitle": "11 - Limite o tamanho mínimo e máximo do board. Verifica se a altura do board é 50 quando um valor maior é colocado no input",
              "timedOut": null,
              "duration": 4167,
              "state": "failed",
              "speed": null,
              "pass": false,
              "fail": true,
              "pending": false,
              "context": null,
              "code": "cy.get('#board-size').clear().type(51);\ncy.get('#generate-board').click();\ncy.get('.pixel').should('have.length', 2500);",
              "err": {
                "message": "CypressError: Timed out retrying: Expected to find element: '#board-size', but never found it.",
                "estack": "CypressError: Timed out retrying: Expected to find element: '#board-size', but never found it.\n    at cypressErr (http://localhost:42389/__cypress/runner/cypress_runner.js:149934:9)\n    at throwErr (http://localhost:42389/__cypress/runner/cypress_runner.js:149867:11)\n    at Object.throwErrByPath (http://localhost:42389/__cypress/runner/cypress_runner.js:149915:3)\n    at retry (http://localhost:42389/__cypress/runner/cypress_runner.js:144197:19)\n    at onFailFn (http://localhost:42389/__cypress/runner/cypress_runner.js:132448:16)\n    at tryCatcher (http://localhost:42389/__cypress/runner/cypress_runner.js:167415:23)\n    at Promise._settlePromiseFromHandler (http://localhost:42389/__cypress/runner/cypress_runner.js:165351:31)\n    at Promise._settlePromise (http://localhost:42389/__cypress/runner/cypress_runner.js:165408:18)\n    at Promise._settlePromise0 (http://localhost:42389/__cypress/runner/cypress_runner.js:165453:10)\n    at Promise._settlePromises (http://localhost:42389/__cypress/runner/cypress_runner.js:165528:18)\n    at Async../node_modules/bluebird/js/release/async.js.Async._drainQueue (http://localhost:42389/__cypress/runner/cypress_runner.js:162140:16)\n    at Async../node_modules/bluebird/js/release/async.js.Async._drainQueues (http://localhost:42389/__cypress/runner/cypress_runner.js:162150:10)\n    at Async.drainQueues (http://localhost:42389/__cypress/runner/cypress_runner.js:162024:14)",
                "diff": null
              },
              "uuid": "9cbfbb4c-084d-43bf-bd4c-f2ab8df1e5f5",
              "parentUUID": "5e8f2d29-c8c9-40b5-aa14-89a6deb27d3e",
              "isHook": false,
              "skipped": false
            }
          ],
          "suites": [],
          "passes": [],
          "failures": [
            "e8d98c4a-4435-4b36-8c76-55cd9308fc88",
            "8e2b5409-291d-463d-921c-f09430f579e7",
            "9cbfbb4c-084d-43bf-bd4c-f2ab8df1e5f5"
          ],
          "pending": [],
          "skipped": [],
          "duration": 12560,
          "root": false,
          "rootEmpty": false,
          "_timeout": 2000
        },
        {
          "uuid": "5813d12c-d604-4b30-bf83-85a3394e4d8e",
          "title": "12 - Faça com que as cores da paleta sejam geradas aleatoriamente ao carregar a página.",
          "fullFile": "",
          "file": "",
          "beforeHooks": [],
          "afterHooks": [],
          "tests": [
            {
              "title": "Verifica se as cores geradas na paleta são diferentes a cada carregamento da página",
              "fullTitle": "12 - Faça com que as cores da paleta sejam geradas aleatoriamente ao carregar a página. Verifica se as cores geradas na paleta são diferentes a cada carregamento da página",
              "timedOut": null,
              "duration": 260,
              "state": "failed",
              "speed": null,
              "pass": false,
              "fail": true,
              "pending": false,
              "context": null,
              "code": "cy.get('.color').then(function (colors) {\n  var currentColors;\n  var previousColors;\n  previousColors = Array.from(colors).map(function (color) {\n    return Cypress.$(color).css('background-color');\n  });\n  for (var i = 0; i < 5; i += 1) {\n    cy.reload();\n    cy.get('.color').then(function (colors) {\n      currentColors = Array.from(colors).map(function (color) {\n        return Cypress.$(color).css('background-color');\n      });\n      expect(currentColors).not.to.deep.equal(previousColors);\n      previousColors = currentColors;\n    });\n  }\n});",
              "err": {
                "message": "AssertionError: expected [ Array(4) ] to not deeply equal [ Array(4) ]",
                "estack": "AssertionError: expected [ Array(4) ] to not deeply equal [ Array(4) ]\n    at getRet (http://localhost:42389/__cypress/runner/cypress_runner.js:136585:16)\n    at tryCatcher (http://localhost:42389/__cypress/runner/cypress_runner.js:167415:23)\n    at Function.Promise.attempt.Promise.try (http://localhost:42389/__cypress/runner/cypress_runner.js:164690:29)\n    at Context.thenFn (http://localhost:42389/__cypress/runner/cypress_runner.js:136599:23)\n    at Context.then (http://localhost:42389/__cypress/runner/cypress_runner.js:136971:21)\n    at Context.<anonymous> (http://localhost:42389/__cypress/runner/cypress_runner.js:148875:21)\n    at http://localhost:42389/__cypress/runner/cypress_runner.js:148351:33\n    at tryCatcher (http://localhost:42389/__cypress/runner/cypress_runner.js:167415:23)\n    at Promise._settlePromiseFromHandler (http://localhost:42389/__cypress/runner/cypress_runner.js:165351:31)\n    at Promise._settlePromise (http://localhost:42389/__cypress/runner/cypress_runner.js:165408:18)\n    at Promise._settlePromiseCtx (http://localhost:42389/__cypress/runner/cypress_runner.js:165445:10)\n    at Async../node_modules/bluebird/js/release/async.js.Async._drainQueue (http://localhost:42389/__cypress/runner/cypress_runner.js:162145:12)\n    at Async../node_modules/bluebird/js/release/async.js.Async._drainQueues (http://localhost:42389/__cypress/runner/cypress_runner.js:162150:10)\n    at Async.drainQueues (http://localhost:42389/__cypress/runner/cypress_runner.js:162024:14)",
                "diff": ""
              },
              "uuid": "a49b9df9-6e2b-4aa8-ad8f-f437bbdfde8a",
              "parentUUID": "5813d12c-d604-4b30-bf83-85a3394e4d8e",
              "isHook": false,
              "skipped": false
            },
            {
              "title": "Verifica se a cor preta ainda está presente e é a primeira na sua paleta de cores",
              "fullTitle": "12 - Faça com que as cores da paleta sejam geradas aleatoriamente ao carregar a página. Verifica se a cor preta ainda está presente e é a primeira na sua paleta de cores",
              "timedOut": null,
              "duration": 247,
              "state": "failed",
              "speed": null,
              "pass": false,
              "fail": true,
              "pending": false,
              "context": null,
              "code": "cy.get('.color').then(function (colors) {\n  var currentColors;\n  var previousColors;\n  previousColors = Array.from(colors).map(function (color) {\n    return Cypress.$(color).css('background-color');\n  });\n  expect(previousColors[0]).to.eq(BLACK);\n  for (var i = 0; i < 5; i += 1) {\n    cy.reload();\n    cy.get('.color').then(function (colors) {\n      currentColors = Array.from(colors).map(function (color) {\n        return Cypress.$(color).css('background-color');\n      });\n      expect(currentColors[0]).to.eq(BLACK);\n      expect(currentColors).not.to.deep.equal(previousColors);\n      previousColors = currentColors;\n    });\n  }\n});",
              "err": {
                "message": "AssertionError: expected [ Array(4) ] to not deeply equal [ Array(4) ]",
                "estack": "AssertionError: expected [ Array(4) ] to not deeply equal [ Array(4) ]\n    at getRet (http://localhost:42389/__cypress/runner/cypress_runner.js:136585:16)\n    at tryCatcher (http://localhost:42389/__cypress/runner/cypress_runner.js:167415:23)\n    at Function.Promise.attempt.Promise.try (http://localhost:42389/__cypress/runner/cypress_runner.js:164690:29)\n    at Context.thenFn (http://localhost:42389/__cypress/runner/cypress_runner.js:136599:23)\n    at Context.then (http://localhost:42389/__cypress/runner/cypress_runner.js:136971:21)\n    at Context.<anonymous> (http://localhost:42389/__cypress/runner/cypress_runner.js:148875:21)\n    at http://localhost:42389/__cypress/runner/cypress_runner.js:148351:33\n    at tryCatcher (http://localhost:42389/__cypress/runner/cypress_runner.js:167415:23)\n    at Promise._settlePromiseFromHandler (http://localhost:42389/__cypress/runner/cypress_runner.js:165351:31)\n    at Promise._settlePromise (http://localhost:42389/__cypress/runner/cypress_runner.js:165408:18)\n    at Promise._settlePromiseCtx (http://localhost:42389/__cypress/runner/cypress_runner.js:165445:10)\n    at Async../node_modules/bluebird/js/release/async.js.Async._drainQueue (http://localhost:42389/__cypress/runner/cypress_runner.js:162145:12)\n    at Async../node_modules/bluebird/js/release/async.js.Async._drainQueues (http://localhost:42389/__cypress/runner/cypress_runner.js:162150:10)\n    at Async.drainQueues (http://localhost:42389/__cypress/runner/cypress_runner.js:162024:14)",
                "diff": ""
              },
              "uuid": "2bcad216-7295-4448-a21b-ad9f9f486e72",
              "parentUUID": "5813d12c-d604-4b30-bf83-85a3394e4d8e",
              "isHook": false,
              "skipped": false
            }
          ],
          "suites": [],
          "passes": [],
          "failures": [
            "a49b9df9-6e2b-4aa8-ad8f-f437bbdfde8a",
            "2bcad216-7295-4448-a21b-ad9f9f486e72"
          ],
          "pending": [],
          "skipped": [],
          "duration": 507,
          "root": false,
          "rootEmpty": false,
          "_timeout": 2000
        }
      ],
      "passes": [],
      "failures": [],
      "pending": [],
      "skipped": [],
      "duration": 0,
      "root": true,
      "rootEmpty": true,
      "_timeout": 2000
    }
  ],
  "meta": {
    "mocha": {
      "version": "7.0.1"
    },
    "mochawesome": {
      "options": {
        "quiet": false,
        "reportFilename": "mochawesome",
        "saveHtml": false,
        "saveJson": true,
        "consoleReporter": "spec",
        "useInlineDiffs": false
      },
      "version": "4.1.0"
    },
    "marge": {
      "options": {
        "id": "default",
        "reportDir": "cypress/reports",
        "overwrite": true,
        "html": false,
        "json": true
      },
      "version": "4.1.0"
    }
  }
}