{
  "stats": {
    "suites": 12,
    "tests": 41,
    "passes": 23,
    "pending": 0,
    "failures": 18,
    "start": "2021-08-15T22:14:47.440Z",
    "end": "2021-08-15T22:17:20.325Z",
    "duration": 152885,
    "testsRegistered": 41,
    "passPercent": 56.09756097560976,
    "pendingPercent": 0,
    "other": 0,
    "hasOther": false,
    "skipped": 0,
    "hasSkipped": false
  },
  "results": [
    {
      "uuid": "079cea6e-2b70-4322-acb0-aa0164d5a9c9",
      "title": "",
      "fullFile": "cypress/integration/project.spec.js",
      "file": "cypress/integration/project.spec.js",
      "beforeHooks": [],
      "afterHooks": [],
      "tests": [],
      "suites": [
        {
          "uuid": "c9e1d16d-8bed-45a5-8c13-10671e6ccb0d",
          "title": "1 - Adicione à página o título \"Paleta de Cores\".",
          "fullFile": "",
          "file": "",
          "beforeHooks": [],
          "afterHooks": [],
          "tests": [
            {
              "title": "Verifica se contém um elemento `h1` com o id `title` com o título correto",
              "fullTitle": "1 - Adicione à página o título \"Paleta de Cores\". Verifica se contém um elemento `h1` com o id `title` com o título correto",
              "timedOut": null,
              "duration": 2457,
              "state": "passed",
              "speed": "slow",
              "pass": true,
              "fail": false,
              "pending": false,
              "context": null,
              "code": "cy.get('h1#title').should('contain.text', 'Paleta de Cores');",
              "err": {},
              "uuid": "e1a0f59a-a2fd-47ac-b89a-e00bde97bd52",
              "parentUUID": "c9e1d16d-8bed-45a5-8c13-10671e6ccb0d",
              "isHook": false,
              "skipped": false
            }
          ],
          "suites": [],
          "passes": [
            "e1a0f59a-a2fd-47ac-b89a-e00bde97bd52"
          ],
          "failures": [],
          "pending": [],
          "skipped": [],
          "duration": 2457,
          "root": false,
          "rootEmpty": false,
          "_timeout": 2000
        },
        {
          "uuid": "55ba4791-2a13-4869-ab23-293646a0cc2b",
          "title": "2 - Adicione à página uma paleta de quatro cores distintas.",
          "fullFile": "",
          "file": "",
          "beforeHooks": [],
          "afterHooks": [],
          "tests": [
            {
              "title": "A paleta de cores deve ser um elemento com `id` denominado `color-palette`",
              "fullTitle": "2 - Adicione à página uma paleta de quatro cores distintas. A paleta de cores deve ser um elemento com `id` denominado `color-palette`",
              "timedOut": null,
              "duration": 807,
              "state": "passed",
              "speed": "slow",
              "pass": true,
              "fail": false,
              "pending": false,
              "context": null,
              "code": "cy.get('#color-palette').should('be.visible');",
              "err": {},
              "uuid": "c9200416-4c60-4e07-ba74-d946d3092126",
              "parentUUID": "55ba4791-2a13-4869-ab23-293646a0cc2b",
              "isHook": false,
              "skipped": false
            },
            {
              "title": "Verifica se cada cor individual da paleta de cores possui a `classe` chamada `color`.",
              "fullTitle": "2 - Adicione à página uma paleta de quatro cores distintas. Verifica se cada cor individual da paleta de cores possui a `classe` chamada `color`.",
              "timedOut": null,
              "duration": 818,
              "state": "passed",
              "speed": "slow",
              "pass": true,
              "fail": false,
              "pending": false,
              "context": null,
              "code": "cy.get('.color').should('have.length', 4).then(function (colors) {\n  for (var i = 0; i < colors.length; i++) {\n    cy.wrap(colors[i]).should('be.visible');\n  }\n});",
              "err": {},
              "uuid": "01743d2f-62d7-41fb-8c98-9440121750da",
              "parentUUID": "55ba4791-2a13-4869-ab23-293646a0cc2b",
              "isHook": false,
              "skipped": false
            },
            {
              "title": "Verifica se a cor de fundo de cada elemento da paleta é a cor que o elemento representa. **A única cor não permitida na paleta é a cor branca.**",
              "fullTitle": "2 - Adicione à página uma paleta de quatro cores distintas. Verifica se a cor de fundo de cada elemento da paleta é a cor que o elemento representa. **A única cor não permitida na paleta é a cor branca.**",
              "timedOut": null,
              "duration": 845,
              "state": "passed",
              "speed": "slow",
              "pass": true,
              "fail": false,
              "pending": false,
              "context": null,
              "code": "cy.get('.color').each(function (color) {\n  cy.wrap(color).should('have.class', 'color').and('not.have.css', 'background-color', WHITE);\n  cy.wrap(color).should('have.css', 'background-color');\n});",
              "err": {},
              "uuid": "116a24f0-07d3-4ca9-8b57-47f0d1a46460",
              "parentUUID": "55ba4791-2a13-4869-ab23-293646a0cc2b",
              "isHook": false,
              "skipped": false
            },
            {
              "title": "Verifica se cada elemento da paleta de cores tem uma borda preta, sólida e com 1 pixel de largura;",
              "fullTitle": "2 - Adicione à página uma paleta de quatro cores distintas. Verifica se cada elemento da paleta de cores tem uma borda preta, sólida e com 1 pixel de largura;",
              "timedOut": null,
              "duration": 505,
              "state": "passed",
              "speed": "slow",
              "pass": true,
              "fail": false,
              "pending": false,
              "context": null,
              "code": "cy.get('.color').each(function (color) {\n  cy.wrap(color).and('have.css', 'border', \"1px solid \".concat(BLACK)).and('have.class', 'color');\n});",
              "err": {},
              "uuid": "93db9550-202d-4507-8e17-535f73a56199",
              "parentUUID": "55ba4791-2a13-4869-ab23-293646a0cc2b",
              "isHook": false,
              "skipped": false
            },
            {
              "title": "Verifica se a paleta lista todas as cores disponíveis para utilização, lado a lado.",
              "fullTitle": "2 - Adicione à página uma paleta de quatro cores distintas. Verifica se a paleta lista todas as cores disponíveis para utilização, lado a lado.",
              "timedOut": null,
              "duration": 719,
              "state": "passed",
              "speed": "slow",
              "pass": true,
              "fail": false,
              "pending": false,
              "context": null,
              "code": "cy.get('.color').then(function (colors) {\n  for (var index = 1; index < colors.length; index += 1) {\n    var currentColor = colors[index];\n    var previousColor = colors[index - 1];\n    cy.wrap(currentColor).should('be.onTheRightOf', previousColor).and('be.horizontallyAlignedWith', previousColor);\n  }\n});",
              "err": {},
              "uuid": "03a8efca-caf7-40ed-86f7-b962fda23f97",
              "parentUUID": "55ba4791-2a13-4869-ab23-293646a0cc2b",
              "isHook": false,
              "skipped": false
            },
            {
              "title": "Verifica se a paleta de cores está posicionada abaixo do título 'Paleta de Cores'",
              "fullTitle": "2 - Adicione à página uma paleta de quatro cores distintas. Verifica se a paleta de cores está posicionada abaixo do título 'Paleta de Cores'",
              "timedOut": null,
              "duration": 571,
              "state": "passed",
              "speed": "slow",
              "pass": true,
              "fail": false,
              "pending": false,
              "context": null,
              "code": "cy.get('h1#title').then(function (title) {\n  cy.get('#color-palette').should('be.belowOf', title);\n});",
              "err": {},
              "uuid": "69285ab7-c1ef-4c31-a085-bfed5a687c70",
              "parentUUID": "55ba4791-2a13-4869-ab23-293646a0cc2b",
              "isHook": false,
              "skipped": false
            },
            {
              "title": "Verifica se a paleta de cores não contém cores repetidas.",
              "fullTitle": "2 - Adicione à página uma paleta de quatro cores distintas. Verifica se a paleta de cores não contém cores repetidas.",
              "timedOut": null,
              "duration": 454,
              "state": "passed",
              "speed": "slow",
              "pass": true,
              "fail": false,
              "pending": false,
              "context": null,
              "code": "cy.get('.color').then(function (colors) {\n  var allColors = Array.from(colors).map(function (color) {\n    return Cypress.$(color).css('background-color');\n  });\n  cy.log(allColors);\n  var uniqColors = (0, _toConsumableArray2[\"default\"])(new Set(allColors));\n  cy.log(uniqColors);\n  expect(allColors.length).to.eq(uniqColors.length);\n});",
              "err": {},
              "uuid": "27699b65-1643-4bfd-88b7-e8d9b150a08f",
              "parentUUID": "55ba4791-2a13-4869-ab23-293646a0cc2b",
              "isHook": false,
              "skipped": false
            }
          ],
          "suites": [],
          "passes": [
            "c9200416-4c60-4e07-ba74-d946d3092126",
            "01743d2f-62d7-41fb-8c98-9440121750da",
            "116a24f0-07d3-4ca9-8b57-47f0d1a46460",
            "93db9550-202d-4507-8e17-535f73a56199",
            "03a8efca-caf7-40ed-86f7-b962fda23f97",
            "69285ab7-c1ef-4c31-a085-bfed5a687c70",
            "27699b65-1643-4bfd-88b7-e8d9b150a08f"
          ],
          "failures": [],
          "pending": [],
          "skipped": [],
          "duration": 4719,
          "root": false,
          "rootEmpty": false,
          "_timeout": 2000
        },
        {
          "uuid": "3240636e-0e5f-4bcb-aaad-d7838e28362b",
          "title": "3 - Adicione a cor **preta** como a primeira cor da paleta de cores.",
          "fullFile": "",
          "file": "",
          "beforeHooks": [],
          "afterHooks": [],
          "tests": [
            {
              "title": "Verifica se a primeira cor da paleta é preta",
              "fullTitle": "3 - Adicione a cor **preta** como a primeira cor da paleta de cores. Verifica se a primeira cor da paleta é preta",
              "timedOut": null,
              "duration": 613,
              "state": "passed",
              "speed": "slow",
              "pass": true,
              "fail": false,
              "pending": false,
              "context": null,
              "code": "cy.get('.color').first().should('have.css', 'background-color', BLACK);",
              "err": {},
              "uuid": "1fa7b278-1250-46df-8b7a-beda4b5a0ed1",
              "parentUUID": "3240636e-0e5f-4bcb-aaad-d7838e28362b",
              "isHook": false,
              "skipped": false
            },
            {
              "title": "Verifica se as demais cores podem ser escolhidas livremente.",
              "fullTitle": "3 - Adicione a cor **preta** como a primeira cor da paleta de cores. Verifica se as demais cores podem ser escolhidas livremente.",
              "timedOut": null,
              "duration": 840,
              "state": "passed",
              "speed": "slow",
              "pass": true,
              "fail": false,
              "pending": false,
              "context": null,
              "code": "cy.get('.color').eq(1).should('not.have.css', 'background-color', BLACK);\ncy.get('.color').eq(1).should('not.have.css', 'background-color', WHITE);\ncy.get('.color').eq(1).should('not.have.css', 'background-color', 'rgba(0, 0, 0, 0)');\ncy.get('.color').eq(1).should('have.css', 'background-color');\ncy.get('.color').eq(2).should('not.have.css', 'background-color', BLACK);\ncy.get('.color').eq(2).should('not.have.css', 'background-color', WHITE);\ncy.get('.color').eq(2).should('not.have.css', 'background-color', 'rgba(0, 0, 0, 0)');\ncy.get('.color').eq(2).should('have.css', 'background-color');\ncy.get('.color').eq(3).should('not.have.css', 'background-color', BLACK);\ncy.get('.color').eq(3).should('not.have.css', 'background-color', WHITE);\ncy.get('.color').eq(3).should('not.have.css', 'background-color', 'rgba(0, 0, 0, 0)');\ncy.get('.color').eq(3).should('have.css', 'background-color');",
              "err": {},
              "uuid": "a1fb77f6-6a09-466b-9a0c-6f97694424f7",
              "parentUUID": "3240636e-0e5f-4bcb-aaad-d7838e28362b",
              "isHook": false,
              "skipped": false
            }
          ],
          "suites": [],
          "passes": [
            "1fa7b278-1250-46df-8b7a-beda4b5a0ed1",
            "a1fb77f6-6a09-466b-9a0c-6f97694424f7"
          ],
          "failures": [],
          "pending": [],
          "skipped": [],
          "duration": 1453,
          "root": false,
          "rootEmpty": false,
          "_timeout": 2000
        },
        {
          "uuid": "9d1a0daf-d23d-4412-aa3f-d50bac871231",
          "title": "4 - Adicione à página um quadro de pixels, com 25 pixels.",
          "fullFile": "",
          "file": "",
          "beforeHooks": [],
          "afterHooks": [],
          "tests": [
            {
              "title": "Verifica se o quadro de pixels possui o `id` denominado `pixel-board`",
              "fullTitle": "4 - Adicione à página um quadro de pixels, com 25 pixels. Verifica se o quadro de pixels possui o `id` denominado `pixel-board`",
              "timedOut": null,
              "duration": 604,
              "state": "passed",
              "speed": "slow",
              "pass": true,
              "fail": false,
              "pending": false,
              "context": null,
              "code": "cy.get('#pixel-board').should('be.visible');",
              "err": {},
              "uuid": "142aaf6e-3583-4711-b863-e304d0ab39ed",
              "parentUUID": "9d1a0daf-d23d-4412-aa3f-d50bac871231",
              "isHook": false,
              "skipped": false
            },
            {
              "title": "Verifica se cada pixel individual dentro do quadro possui a `classe` denominada `pixel`.",
              "fullTitle": "4 - Adicione à página um quadro de pixels, com 25 pixels. Verifica se cada pixel individual dentro do quadro possui a `classe` denominada `pixel`.",
              "timedOut": null,
              "duration": 597,
              "state": "passed",
              "speed": "slow",
              "pass": true,
              "fail": false,
              "pending": false,
              "context": null,
              "code": "cy.get('.pixel').should('have.length', 25);",
              "err": {},
              "uuid": "5048fbce-8496-4642-b0b5-b0fd639b7cb9",
              "parentUUID": "9d1a0daf-d23d-4412-aa3f-d50bac871231",
              "isHook": false,
              "skipped": false
            },
            {
              "title": "Verifica se a cor inicial dos pixels dentro do quadro, ao abrir a página, é branca.",
              "fullTitle": "4 - Adicione à página um quadro de pixels, com 25 pixels. Verifica se a cor inicial dos pixels dentro do quadro, ao abrir a página, é branca.",
              "timedOut": null,
              "duration": 638,
              "state": "passed",
              "speed": "slow",
              "pass": true,
              "fail": false,
              "pending": false,
              "context": null,
              "code": "cy.get('.pixel').should('have.length', 25).each(function (pixel) {\n  expect(pixel).to.have.css('background-color', WHITE);\n});",
              "err": {},
              "uuid": "0bc3a345-e0d6-4963-b88d-92a78be38891",
              "parentUUID": "9d1a0daf-d23d-4412-aa3f-d50bac871231",
              "isHook": false,
              "skipped": false
            },
            {
              "title": "Verifica se o quadro de pixels aparece abaixo da paleta de cores",
              "fullTitle": "4 - Adicione à página um quadro de pixels, com 25 pixels. Verifica se o quadro de pixels aparece abaixo da paleta de cores",
              "timedOut": null,
              "duration": 443,
              "state": "passed",
              "speed": "slow",
              "pass": true,
              "fail": false,
              "pending": false,
              "context": null,
              "code": "cy.get('#color-palette').then(function (palette) {\n  cy.get('#pixel-board').should('be.belowOf', palette);\n});",
              "err": {},
              "uuid": "7bd87e18-0720-444e-8040-cb1077b56163",
              "parentUUID": "9d1a0daf-d23d-4412-aa3f-d50bac871231",
              "isHook": false,
              "skipped": false
            }
          ],
          "suites": [],
          "passes": [
            "142aaf6e-3583-4711-b863-e304d0ab39ed",
            "5048fbce-8496-4642-b0b5-b0fd639b7cb9",
            "0bc3a345-e0d6-4963-b88d-92a78be38891",
            "7bd87e18-0720-444e-8040-cb1077b56163"
          ],
          "failures": [],
          "pending": [],
          "skipped": [],
          "duration": 2282,
          "root": false,
          "rootEmpty": false,
          "_timeout": 2000
        },
        {
          "uuid": "834a8b7a-7f13-43c0-856d-e98c85372951",
          "title": "5 - Faça com que cada elemento do quadro de pixels possua 40 pixels de largura, 40 pixels de altura e seja delimitado por uma borda preta de 1 pixel.",
          "fullFile": "",
          "file": "",
          "beforeHooks": [],
          "afterHooks": [],
          "tests": [
            {
              "title": "Verifica se o quadro de pixels tem altura e comprimento de 5 elementos",
              "fullTitle": "5 - Faça com que cada elemento do quadro de pixels possua 40 pixels de largura, 40 pixels de altura e seja delimitado por uma borda preta de 1 pixel. Verifica se o quadro de pixels tem altura e comprimento de 5 elementos",
              "timedOut": null,
              "duration": 1368,
              "state": "passed",
              "speed": "slow",
              "pass": true,
              "fail": false,
              "pending": false,
              "context": null,
              "code": "cy.get('.pixel').should('have.length', 25).each(function (pixel) {\n  expect(pixel).to.have.css('background-color', WHITE);\n}).and(function (pixels) {\n  var rows = chunk(pixels, 5);\n  rows.forEach(function (row) {\n    for (var index = 1; index < row.length; index += 1) {\n      var current = pixels[index];\n      var previous = pixels[index - 1];\n      cy.wrap(current).should('be.onTheRightOf', previous).and('be.horizontallyAlignedWith', previous);\n    }\n  });\n  for (var index = 1; index < 5; index += 1) {\n    expect(pixels[index * 5]).to.be.belowOf(pixels[(index - 1) * 5]);\n  }\n});",
              "err": {},
              "uuid": "dd55c329-8562-4fc7-a870-5fc4671a85e0",
              "parentUUID": "834a8b7a-7f13-43c0-856d-e98c85372951",
              "isHook": false,
              "skipped": false
            },
            {
              "title": "Verifica se 40 pixels é o tamanho total do elemento, incluindo seu conteúdo e excluindo a borda preta, que deve ser criada à parte.",
              "fullTitle": "5 - Faça com que cada elemento do quadro de pixels possua 40 pixels de largura, 40 pixels de altura e seja delimitado por uma borda preta de 1 pixel. Verifica se 40 pixels é o tamanho total do elemento, incluindo seu conteúdo e excluindo a borda preta, que deve ser criada à parte.",
              "timedOut": null,
              "duration": 1017,
              "state": "passed",
              "speed": "slow",
              "pass": true,
              "fail": false,
              "pending": false,
              "context": null,
              "code": "cy.get('.pixel').each(function (pixel) {\n  cy.wrap(pixel).should('have.css', 'height', '40px').and('have.css', 'width', '40px').and('have.css', 'border', \"1px solid \".concat(BLACK));\n});",
              "err": {},
              "uuid": "9c1d0bee-884a-49e5-9679-6ea31977d569",
              "parentUUID": "834a8b7a-7f13-43c0-856d-e98c85372951",
              "isHook": false,
              "skipped": false
            }
          ],
          "suites": [],
          "passes": [
            "dd55c329-8562-4fc7-a870-5fc4671a85e0",
            "9c1d0bee-884a-49e5-9679-6ea31977d569"
          ],
          "failures": [],
          "pending": [],
          "skipped": [],
          "duration": 2385,
          "root": false,
          "rootEmpty": false,
          "_timeout": 2000
        },
        {
          "uuid": "644cae64-4541-4918-97a9-9c751c297da7",
          "title": "6 - Defina a cor preta como cor inicial. Ao carregar a página a cor preta já deve estar selecionada para pintar os pixels",
          "fullFile": "",
          "file": "",
          "beforeHooks": [],
          "afterHooks": [],
          "tests": [
            {
              "title": "Verifica se o elemento da cor preta possui, inicialmente, a `classe` `selected`",
              "fullTitle": "6 - Defina a cor preta como cor inicial. Ao carregar a página a cor preta já deve estar selecionada para pintar os pixels Verifica se o elemento da cor preta possui, inicialmente, a `classe` `selected`",
              "timedOut": null,
              "duration": 522,
              "state": "passed",
              "speed": "slow",
              "pass": true,
              "fail": false,
              "pending": false,
              "context": null,
              "code": "cy.get('.selected').first().should('have.css', 'background-color', BLACK);",
              "err": {},
              "uuid": "0b4261d7-959a-4c43-bb4e-0574494b2131",
              "parentUUID": "644cae64-4541-4918-97a9-9c751c297da7",
              "isHook": false,
              "skipped": false
            },
            {
              "title": "Verifica se nenhuma outra cor da paleta tem a `classe` `selected`",
              "fullTitle": "6 - Defina a cor preta como cor inicial. Ao carregar a página a cor preta já deve estar selecionada para pintar os pixels Verifica se nenhuma outra cor da paleta tem a `classe` `selected`",
              "timedOut": null,
              "duration": 566,
              "state": "passed",
              "speed": "slow",
              "pass": true,
              "fail": false,
              "pending": false,
              "context": null,
              "code": "cy.get('.color:not(:first-child)').each(function (color) {\n  cy.wrap(color).should('not.have.class', 'selected');\n});",
              "err": {},
              "uuid": "1a79e35b-dbef-4763-848a-7e7358ce191b",
              "parentUUID": "644cae64-4541-4918-97a9-9c751c297da7",
              "isHook": false,
              "skipped": false
            }
          ],
          "suites": [],
          "passes": [
            "0b4261d7-959a-4c43-bb4e-0574494b2131",
            "1a79e35b-dbef-4763-848a-7e7358ce191b"
          ],
          "failures": [],
          "pending": [],
          "skipped": [],
          "duration": 1088,
          "root": false,
          "rootEmpty": false,
          "_timeout": 2000
        },
        {
          "uuid": "5897235c-9a74-4c26-bc4f-9bf34778e981",
          "title": "7 - Clicar em uma das cores da paleta, faz com que ela seja selecionada e utilizada para preencher os pixels no quadro.",
          "fullFile": "",
          "file": "",
          "beforeHooks": [],
          "afterHooks": [],
          "tests": [
            {
              "title": "Verifica se somente uma cor da paleta de cores tem a classe `selected` de cada vez",
              "fullTitle": "7 - Clicar em uma das cores da paleta, faz com que ela seja selecionada e utilizada para preencher os pixels no quadro. Verifica se somente uma cor da paleta de cores tem a classe `selected` de cada vez",
              "timedOut": null,
              "duration": 1067,
              "state": "passed",
              "speed": "slow",
              "pass": true,
              "fail": false,
              "pending": false,
              "context": null,
              "code": "cy.get('.color').each(function (selectedColor, selectedColorIndex) {\n  cy.wrap(selectedColor).click();\n  cy.get('.color').each(function (color, colorIndex) {\n    if (colorIndex === selectedColorIndex) {\n      expect(color).to.have[\"class\"]('selected');\n    } else {\n      expect(color).not.to.have[\"class\"]('selected');\n    }\n  });\n});",
              "err": {},
              "uuid": "2ff90977-cecd-44ad-9b31-d0c58f2d79c8",
              "parentUUID": "5897235c-9a74-4c26-bc4f-9bf34778e981",
              "isHook": false,
              "skipped": false
            },
            {
              "title": "Verifica se os pixels dentro do quadro não têm a classe `selected` quando são clicados",
              "fullTitle": "7 - Clicar em uma das cores da paleta, faz com que ela seja selecionada e utilizada para preencher os pixels no quadro. Verifica se os pixels dentro do quadro não têm a classe `selected` quando são clicados",
              "timedOut": null,
              "duration": 13097,
              "state": "passed",
              "speed": "slow",
              "pass": true,
              "fail": false,
              "pending": false,
              "context": null,
              "code": "cy.get('.color').each(function (color) {\n  var backgroundColor = color.css('background-color');\n  cy.wrap(color).click();\n  cy.get('.pixel').each(function (pixel) {\n    cy.wrap(pixel).click().should('not.have.class', 'selected');\n  });\n});",
              "err": {},
              "uuid": "55e70ed4-f1c4-4359-8e79-b2a97ec349a9",
              "parentUUID": "5897235c-9a74-4c26-bc4f-9bf34778e981",
              "isHook": false,
              "skipped": false
            }
          ],
          "suites": [],
          "passes": [
            "2ff90977-cecd-44ad-9b31-d0c58f2d79c8",
            "55e70ed4-f1c4-4359-8e79-b2a97ec349a9"
          ],
          "failures": [],
          "pending": [],
          "skipped": [],
          "duration": 14164,
          "root": false,
          "rootEmpty": false,
          "_timeout": 2000
        },
        {
          "uuid": "6619946a-97f8-4616-87de-f7299fe3d4a8",
          "title": "8 - Clicar em um pixel dentro do quadro após selecionar uma cor na paleta, faz com que o pixel seja preenchido com a cor selecionada.",
          "fullFile": "",
          "file": "",
          "beforeHooks": [],
          "afterHooks": [],
          "tests": [
            {
              "title": "Verifica se ao carregar a página deve ser possível pintar os pixels de preto",
              "fullTitle": "8 - Clicar em um pixel dentro do quadro após selecionar uma cor na paleta, faz com que o pixel seja preenchido com a cor selecionada. Verifica se ao carregar a página deve ser possível pintar os pixels de preto",
              "timedOut": null,
              "duration": 3344,
              "state": "passed",
              "speed": "slow",
              "pass": true,
              "fail": false,
              "pending": false,
              "context": null,
              "code": "cy.get('.pixel').each(function (pixel) {\n  cy.wrap(pixel).click().should('have.css', 'background-color', BLACK);\n});",
              "err": {},
              "uuid": "c3d7b49d-4e75-4947-9084-b6b7a00aef07",
              "parentUUID": "6619946a-97f8-4616-87de-f7299fe3d4a8",
              "isHook": false,
              "skipped": false
            },
            {
              "title": "Verifica se após selecionar uma outra cor na paleta, é possível pintar os pixels com essa cor",
              "fullTitle": "8 - Clicar em um pixel dentro do quadro após selecionar uma cor na paleta, faz com que o pixel seja preenchido com a cor selecionada. Verifica se após selecionar uma outra cor na paleta, é possível pintar os pixels com essa cor",
              "timedOut": null,
              "duration": 11899,
              "state": "passed",
              "speed": "slow",
              "pass": true,
              "fail": false,
              "pending": false,
              "context": null,
              "code": "cy.get('.color').each(function (color) {\n  var backgroundColor = color.css('background-color');\n  cy.wrap(color).click();\n  cy.get('.pixel').each(function (pixel) {\n    cy.wrap(pixel).click().should('have.css', 'background-color', backgroundColor);\n  });\n});",
              "err": {},
              "uuid": "27210622-1a65-47c9-a58e-6b6679e7da24",
              "parentUUID": "6619946a-97f8-4616-87de-f7299fe3d4a8",
              "isHook": false,
              "skipped": false
            },
            {
              "title": "Verifica se somente o pixel que foi clicado foi preenchido com a cor selecionada, sem influenciar na cor dos demais pixels.",
              "fullTitle": "8 - Clicar em um pixel dentro do quadro após selecionar uma cor na paleta, faz com que o pixel seja preenchido com a cor selecionada. Verifica se somente o pixel que foi clicado foi preenchido com a cor selecionada, sem influenciar na cor dos demais pixels.",
              "timedOut": null,
              "duration": 3699,
              "state": "passed",
              "speed": "slow",
              "pass": true,
              "fail": false,
              "pending": false,
              "context": null,
              "code": "var colorToPixelIndexMap = {\n  0: 6,\n  1: 8,\n  2: 16,\n  3: 18\n};\ncy.get('.color').each(function (color, index) {\n  cy.wrap(color).click();\n  var backgroundColor = color.css('background-color');\n  var clickedPixelIndex = colorToPixelIndexMap[index];\n  cy.get('.pixel').eq(clickedPixelIndex).click();\n  cy.get('.pixel').eq(clickedPixelIndex - 1).should('not.have.css', 'background-color', backgroundColor);\n  cy.get('.pixel').eq(clickedPixelIndex + 1).should('not.have.css', 'background-color', backgroundColor);\n  cy.get('.pixel').eq(clickedPixelIndex - 5).should('not.have.css', 'background-color', backgroundColor);\n  cy.get('.pixel').eq(clickedPixelIndex + 5).should('not.have.css', 'background-color', backgroundColor);\n  cy.get('.pixel').eq(clickedPixelIndex - 6).should('not.have.css', 'background-color', backgroundColor);\n  cy.get('.pixel').eq(clickedPixelIndex - 4).should('not.have.css', 'background-color', backgroundColor);\n  cy.get('.pixel').eq(clickedPixelIndex + 4).should('not.have.css', 'background-color', backgroundColor);\n  cy.get('.pixel').eq(clickedPixelIndex + 6).should('not.have.css', 'background-color', backgroundColor);\n});",
              "err": {},
              "uuid": "d1ffca99-4fdb-45c5-9fe0-27cc521e487e",
              "parentUUID": "6619946a-97f8-4616-87de-f7299fe3d4a8",
              "isHook": false,
              "skipped": false
            }
          ],
          "suites": [],
          "passes": [
            "c3d7b49d-4e75-4947-9084-b6b7a00aef07",
            "27210622-1a65-47c9-a58e-6b6679e7da24",
            "d1ffca99-4fdb-45c5-9fe0-27cc521e487e"
          ],
          "failures": [],
          "pending": [],
          "skipped": [],
          "duration": 18942,
          "root": false,
          "rootEmpty": false,
          "_timeout": 2000
        },
        {
          "uuid": "951d66cf-64f1-4902-84d7-d164acfae939",
          "title": "9 - Crie um botão que, ao ser clicado, limpa o quadro preenchendo a cor de todos seus pixels com branco.",
          "fullFile": "",
          "file": "",
          "beforeHooks": [],
          "afterHooks": [],
          "tests": [
            {
              "title": "Verifica se o botão tem o `id` denominado `clear-board`",
              "fullTitle": "9 - Crie um botão que, ao ser clicado, limpa o quadro preenchendo a cor de todos seus pixels com branco. Verifica se o botão tem o `id` denominado `clear-board`",
              "timedOut": null,
              "duration": 5432,
              "state": "failed",
              "speed": null,
              "pass": false,
              "fail": true,
              "pending": false,
              "context": null,
              "code": "cy.get('#clear-board').should('be.visible');",
              "err": {
                "message": "CypressError: Timed out retrying: Expected to find element: '#clear-board', but never found it.",
                "estack": "CypressError: Timed out retrying: Expected to find element: '#clear-board', but never found it.\n    at cypressErr (http://localhost:45565/__cypress/runner/cypress_runner.js:149934:9)\n    at throwErr (http://localhost:45565/__cypress/runner/cypress_runner.js:149867:11)\n    at Object.throwErrByPath (http://localhost:45565/__cypress/runner/cypress_runner.js:149915:3)\n    at retry (http://localhost:45565/__cypress/runner/cypress_runner.js:144197:19)\n    at onFailFn (http://localhost:45565/__cypress/runner/cypress_runner.js:132448:16)\n    at tryCatcher (http://localhost:45565/__cypress/runner/cypress_runner.js:167415:23)\n    at Promise._settlePromiseFromHandler (http://localhost:45565/__cypress/runner/cypress_runner.js:165351:31)\n    at Promise._settlePromise (http://localhost:45565/__cypress/runner/cypress_runner.js:165408:18)\n    at Promise._settlePromise0 (http://localhost:45565/__cypress/runner/cypress_runner.js:165453:10)\n    at Promise._settlePromises (http://localhost:45565/__cypress/runner/cypress_runner.js:165528:18)\n    at Async../node_modules/bluebird/js/release/async.js.Async._drainQueue (http://localhost:45565/__cypress/runner/cypress_runner.js:162140:16)\n    at Async../node_modules/bluebird/js/release/async.js.Async._drainQueues (http://localhost:45565/__cypress/runner/cypress_runner.js:162150:10)\n    at Async.drainQueues (http://localhost:45565/__cypress/runner/cypress_runner.js:162024:14)",
                "diff": null
              },
              "uuid": "206329a9-7332-4a47-ac3d-8fa1f1462090",
              "parentUUID": "951d66cf-64f1-4902-84d7-d164acfae939",
              "isHook": false,
              "skipped": false
            },
            {
              "title": "Verifica se o botão está posicionado entre a paleta de cores e o quadro de pixels",
              "fullTitle": "9 - Crie um botão que, ao ser clicado, limpa o quadro preenchendo a cor de todos seus pixels com branco. Verifica se o botão está posicionado entre a paleta de cores e o quadro de pixels",
              "timedOut": null,
              "duration": 5658,
              "state": "failed",
              "speed": null,
              "pass": false,
              "fail": true,
              "pending": false,
              "context": null,
              "code": "cy.get('#color-palette').then(function (palette) {\n  cy.get('#clear-board').should('be.belowOf', palette);\n});\ncy.get('#clear-board').then(function (clearBtn) {\n  cy.get('#pixel-board').should('be.belowOf', clearBtn);\n});",
              "err": {
                "message": "CypressError: Timed out retrying: Expected to find element: '#clear-board', but never found it.",
                "estack": "CypressError: Timed out retrying: Expected to find element: '#clear-board', but never found it.\n    at cypressErr (http://localhost:45565/__cypress/runner/cypress_runner.js:149934:9)\n    at throwErr (http://localhost:45565/__cypress/runner/cypress_runner.js:149867:11)\n    at Object.throwErrByPath (http://localhost:45565/__cypress/runner/cypress_runner.js:149915:3)\n    at retry (http://localhost:45565/__cypress/runner/cypress_runner.js:144197:19)\n    at onFailFn (http://localhost:45565/__cypress/runner/cypress_runner.js:132448:16)\n    at tryCatcher (http://localhost:45565/__cypress/runner/cypress_runner.js:167415:23)\n    at Promise._settlePromiseFromHandler (http://localhost:45565/__cypress/runner/cypress_runner.js:165351:31)\n    at Promise._settlePromise (http://localhost:45565/__cypress/runner/cypress_runner.js:165408:18)\n    at Promise._settlePromise0 (http://localhost:45565/__cypress/runner/cypress_runner.js:165453:10)\n    at Promise._settlePromises (http://localhost:45565/__cypress/runner/cypress_runner.js:165528:18)\n    at Async../node_modules/bluebird/js/release/async.js.Async._drainQueue (http://localhost:45565/__cypress/runner/cypress_runner.js:162140:16)\n    at Async../node_modules/bluebird/js/release/async.js.Async._drainQueues (http://localhost:45565/__cypress/runner/cypress_runner.js:162150:10)\n    at Async.drainQueues (http://localhost:45565/__cypress/runner/cypress_runner.js:162024:14)",
                "diff": null
              },
              "uuid": "d0ee5abe-4abe-4be1-b731-e0a314ecbad5",
              "parentUUID": "951d66cf-64f1-4902-84d7-d164acfae939",
              "isHook": false,
              "skipped": false
            },
            {
              "title": "Verifica se o texto do botão é 'Limpar'",
              "fullTitle": "9 - Crie um botão que, ao ser clicado, limpa o quadro preenchendo a cor de todos seus pixels com branco. Verifica se o texto do botão é 'Limpar'",
              "timedOut": null,
              "duration": 5296,
              "state": "failed",
              "speed": null,
              "pass": false,
              "fail": true,
              "pending": false,
              "context": null,
              "code": "cy.get('#clear-board').should('contain.text', 'Limpar');",
              "err": {
                "message": "CypressError: Timed out retrying: Expected to find element: '#clear-board', but never found it.",
                "estack": "CypressError: Timed out retrying: Expected to find element: '#clear-board', but never found it.\n    at cypressErr (http://localhost:45565/__cypress/runner/cypress_runner.js:149934:9)\n    at throwErr (http://localhost:45565/__cypress/runner/cypress_runner.js:149867:11)\n    at Object.throwErrByPath (http://localhost:45565/__cypress/runner/cypress_runner.js:149915:3)\n    at retry (http://localhost:45565/__cypress/runner/cypress_runner.js:144197:19)\n    at onFailFn (http://localhost:45565/__cypress/runner/cypress_runner.js:132448:16)\n    at tryCatcher (http://localhost:45565/__cypress/runner/cypress_runner.js:167415:23)\n    at Promise._settlePromiseFromHandler (http://localhost:45565/__cypress/runner/cypress_runner.js:165351:31)\n    at Promise._settlePromise (http://localhost:45565/__cypress/runner/cypress_runner.js:165408:18)\n    at Promise._settlePromise0 (http://localhost:45565/__cypress/runner/cypress_runner.js:165453:10)\n    at Promise._settlePromises (http://localhost:45565/__cypress/runner/cypress_runner.js:165528:18)\n    at Async../node_modules/bluebird/js/release/async.js.Async._drainQueue (http://localhost:45565/__cypress/runner/cypress_runner.js:162140:16)\n    at Async../node_modules/bluebird/js/release/async.js.Async._drainQueues (http://localhost:45565/__cypress/runner/cypress_runner.js:162150:10)\n    at Async.drainQueues (http://localhost:45565/__cypress/runner/cypress_runner.js:162024:14)",
                "diff": null
              },
              "uuid": "1aea64d5-9e12-47b0-bbba-a5b7a6c6605f",
              "parentUUID": "951d66cf-64f1-4902-84d7-d164acfae939",
              "isHook": false,
              "skipped": false
            },
            {
              "title": "Verifica se ao clicar no botão, o quadro de pixels é totalmente preenchido de branco",
              "fullTitle": "9 - Crie um botão que, ao ser clicado, limpa o quadro preenchendo a cor de todos seus pixels com branco. Verifica se ao clicar no botão, o quadro de pixels é totalmente preenchido de branco",
              "timedOut": null,
              "duration": 8373,
              "state": "failed",
              "speed": null,
              "pass": false,
              "fail": true,
              "pending": false,
              "context": null,
              "code": "cy.get('.color').eq(1).then(function (color) {\n  var backgroundColor = color.css('background-color');\n  cy.wrap(color).click();\n  cy.get('.pixel').each(function (pixel) {\n    cy.wrap(pixel).click().should('have.css', 'background-color', backgroundColor);\n  });\n});\ncy.get('#clear-board').click();\ncy.get('.pixel').each(function (pixel) {\n  cy.wrap(pixel).should('have.css', 'background-color', WHITE);\n});",
              "err": {
                "message": "CypressError: Timed out retrying: Expected to find element: '#clear-board', but never found it.",
                "estack": "CypressError: Timed out retrying: Expected to find element: '#clear-board', but never found it.\n    at cypressErr (http://localhost:45565/__cypress/runner/cypress_runner.js:149934:9)\n    at throwErr (http://localhost:45565/__cypress/runner/cypress_runner.js:149867:11)\n    at Object.throwErrByPath (http://localhost:45565/__cypress/runner/cypress_runner.js:149915:3)\n    at retry (http://localhost:45565/__cypress/runner/cypress_runner.js:144197:19)\n    at onFailFn (http://localhost:45565/__cypress/runner/cypress_runner.js:132448:16)\n    at tryCatcher (http://localhost:45565/__cypress/runner/cypress_runner.js:167415:23)\n    at Promise._settlePromiseFromHandler (http://localhost:45565/__cypress/runner/cypress_runner.js:165351:31)\n    at Promise._settlePromise (http://localhost:45565/__cypress/runner/cypress_runner.js:165408:18)\n    at Promise._settlePromise0 (http://localhost:45565/__cypress/runner/cypress_runner.js:165453:10)\n    at Promise._settlePromises (http://localhost:45565/__cypress/runner/cypress_runner.js:165528:18)\n    at Async../node_modules/bluebird/js/release/async.js.Async._drainQueue (http://localhost:45565/__cypress/runner/cypress_runner.js:162140:16)\n    at Async../node_modules/bluebird/js/release/async.js.Async._drainQueues (http://localhost:45565/__cypress/runner/cypress_runner.js:162150:10)\n    at Async.drainQueues (http://localhost:45565/__cypress/runner/cypress_runner.js:162024:14)",
                "diff": null
              },
              "uuid": "f71b79d5-4b74-4d8b-8aec-b1af2e02ce69",
              "parentUUID": "951d66cf-64f1-4902-84d7-d164acfae939",
              "isHook": false,
              "skipped": false
            }
          ],
          "suites": [],
          "passes": [],
          "failures": [
            "206329a9-7332-4a47-ac3d-8fa1f1462090",
            "d0ee5abe-4abe-4be1-b731-e0a314ecbad5",
            "1aea64d5-9e12-47b0-bbba-a5b7a6c6605f",
            "f71b79d5-4b74-4d8b-8aec-b1af2e02ce69"
          ],
          "pending": [],
          "skipped": [],
          "duration": 24759,
          "root": false,
          "rootEmpty": false,
          "_timeout": 2000
        },
        {
          "uuid": "0c003a0c-584a-4a39-85e1-0371f88afd25",
          "title": "10 - Faça o quadro de pixels ter seu tamanho definido pelo usuário.",
          "fullFile": "",
          "file": "",
          "beforeHooks": [],
          "afterHooks": [],
          "tests": [
            {
              "title": "Verifica se existe um input com o id `board-size`",
              "fullTitle": "10 - Faça o quadro de pixels ter seu tamanho definido pelo usuário. Verifica se existe um input com o id `board-size`",
              "timedOut": null,
              "duration": 6138,
              "state": "failed",
              "speed": null,
              "pass": false,
              "fail": true,
              "pending": false,
              "context": null,
              "code": "cy.get('#board-size').should('be.visible');",
              "err": {
                "message": "CypressError: Timed out retrying: Expected to find element: '#board-size', but never found it.",
                "estack": "CypressError: Timed out retrying: Expected to find element: '#board-size', but never found it.\n    at cypressErr (http://localhost:45565/__cypress/runner/cypress_runner.js:149934:9)\n    at throwErr (http://localhost:45565/__cypress/runner/cypress_runner.js:149867:11)\n    at Object.throwErrByPath (http://localhost:45565/__cypress/runner/cypress_runner.js:149915:3)\n    at retry (http://localhost:45565/__cypress/runner/cypress_runner.js:144197:19)\n    at onFailFn (http://localhost:45565/__cypress/runner/cypress_runner.js:132448:16)\n    at tryCatcher (http://localhost:45565/__cypress/runner/cypress_runner.js:167415:23)\n    at Promise._settlePromiseFromHandler (http://localhost:45565/__cypress/runner/cypress_runner.js:165351:31)\n    at Promise._settlePromise (http://localhost:45565/__cypress/runner/cypress_runner.js:165408:18)\n    at Promise._settlePromise0 (http://localhost:45565/__cypress/runner/cypress_runner.js:165453:10)\n    at Promise._settlePromises (http://localhost:45565/__cypress/runner/cypress_runner.js:165528:18)\n    at Async../node_modules/bluebird/js/release/async.js.Async._drainQueue (http://localhost:45565/__cypress/runner/cypress_runner.js:162140:16)\n    at Async../node_modules/bluebird/js/release/async.js.Async._drainQueues (http://localhost:45565/__cypress/runner/cypress_runner.js:162150:10)\n    at Async.drainQueues (http://localhost:45565/__cypress/runner/cypress_runner.js:162024:14)",
                "diff": null
              },
              "uuid": "d5f046e2-7434-4ea8-bd29-99aaf608effa",
              "parentUUID": "0c003a0c-584a-4a39-85e1-0371f88afd25",
              "isHook": false,
              "skipped": false
            },
            {
              "title": "Verifica se existe um botão com o id `generate-board`",
              "fullTitle": "10 - Faça o quadro de pixels ter seu tamanho definido pelo usuário. Verifica se existe um botão com o id `generate-board`",
              "timedOut": null,
              "duration": 5900,
              "state": "failed",
              "speed": null,
              "pass": false,
              "fail": true,
              "pending": false,
              "context": null,
              "code": "cy.get('#generate-board').should('be.visible');",
              "err": {
                "message": "CypressError: Timed out retrying: Expected to find element: '#generate-board', but never found it.",
                "estack": "CypressError: Timed out retrying: Expected to find element: '#generate-board', but never found it.\n    at cypressErr (http://localhost:45565/__cypress/runner/cypress_runner.js:149934:9)\n    at throwErr (http://localhost:45565/__cypress/runner/cypress_runner.js:149867:11)\n    at Object.throwErrByPath (http://localhost:45565/__cypress/runner/cypress_runner.js:149915:3)\n    at retry (http://localhost:45565/__cypress/runner/cypress_runner.js:144197:19)\n    at onFailFn (http://localhost:45565/__cypress/runner/cypress_runner.js:132448:16)\n    at tryCatcher (http://localhost:45565/__cypress/runner/cypress_runner.js:167415:23)\n    at Promise._settlePromiseFromHandler (http://localhost:45565/__cypress/runner/cypress_runner.js:165351:31)\n    at Promise._settlePromise (http://localhost:45565/__cypress/runner/cypress_runner.js:165408:18)\n    at Promise._settlePromise0 (http://localhost:45565/__cypress/runner/cypress_runner.js:165453:10)\n    at Promise._settlePromises (http://localhost:45565/__cypress/runner/cypress_runner.js:165528:18)\n    at Async../node_modules/bluebird/js/release/async.js.Async._drainQueue (http://localhost:45565/__cypress/runner/cypress_runner.js:162140:16)\n    at Async../node_modules/bluebird/js/release/async.js.Async._drainQueues (http://localhost:45565/__cypress/runner/cypress_runner.js:162150:10)\n    at Async.drainQueues (http://localhost:45565/__cypress/runner/cypress_runner.js:162024:14)",
                "diff": null
              },
              "uuid": "620c2591-1a21-4d59-b96f-b825642d0aac",
              "parentUUID": "0c003a0c-584a-4a39-85e1-0371f88afd25",
              "isHook": false,
              "skipped": false
            },
            {
              "title": "Verifica se o input só aceita número maiores que zero. Essa restrição deve ser feita usando os atributos do elemento `input`",
              "fullTitle": "10 - Faça o quadro de pixels ter seu tamanho definido pelo usuário. Verifica se o input só aceita número maiores que zero. Essa restrição deve ser feita usando os atributos do elemento `input`",
              "timedOut": null,
              "duration": 5614,
              "state": "failed",
              "speed": null,
              "pass": false,
              "fail": true,
              "pending": false,
              "context": null,
              "code": "cy.get('#board-size[type=\\'number\\'][min=\\'1\\']');",
              "err": {
                "message": "CypressError: Timed out retrying: Expected to find element: '#board-size[type='number'][min='1']', but never found it.",
                "estack": "CypressError: Timed out retrying: Expected to find element: '#board-size[type='number'][min='1']', but never found it.\n    at cypressErr (http://localhost:45565/__cypress/runner/cypress_runner.js:149934:9)\n    at throwErr (http://localhost:45565/__cypress/runner/cypress_runner.js:149867:11)\n    at Object.throwErrByPath (http://localhost:45565/__cypress/runner/cypress_runner.js:149915:3)\n    at retry (http://localhost:45565/__cypress/runner/cypress_runner.js:144197:19)\n    at onFailFn (http://localhost:45565/__cypress/runner/cypress_runner.js:132448:16)\n    at tryCatcher (http://localhost:45565/__cypress/runner/cypress_runner.js:167415:23)\n    at Promise._settlePromiseFromHandler (http://localhost:45565/__cypress/runner/cypress_runner.js:165351:31)\n    at Promise._settlePromise (http://localhost:45565/__cypress/runner/cypress_runner.js:165408:18)\n    at Promise._settlePromise0 (http://localhost:45565/__cypress/runner/cypress_runner.js:165453:10)\n    at Promise._settlePromises (http://localhost:45565/__cypress/runner/cypress_runner.js:165528:18)\n    at Async../node_modules/bluebird/js/release/async.js.Async._drainQueue (http://localhost:45565/__cypress/runner/cypress_runner.js:162140:16)\n    at Async../node_modules/bluebird/js/release/async.js.Async._drainQueues (http://localhost:45565/__cypress/runner/cypress_runner.js:162150:10)\n    at Async.drainQueues (http://localhost:45565/__cypress/runner/cypress_runner.js:162024:14)",
                "diff": null
              },
              "uuid": "4879d5b1-34b6-40df-9665-bd321dcee570",
              "parentUUID": "0c003a0c-584a-4a39-85e1-0371f88afd25",
              "isHook": false,
              "skipped": false
            },
            {
              "title": "Verifica se o botão contém o texto 'VQV'",
              "fullTitle": "10 - Faça o quadro de pixels ter seu tamanho definido pelo usuário. Verifica se o botão contém o texto 'VQV'",
              "timedOut": null,
              "duration": 5490,
              "state": "failed",
              "speed": null,
              "pass": false,
              "fail": true,
              "pending": false,
              "context": null,
              "code": "cy.get('#generate-board').contains(/vqv/i);",
              "err": {
                "message": "CypressError: Timed out retrying: Expected to find element: '#generate-board', but never found it.",
                "estack": "CypressError: Timed out retrying: Expected to find element: '#generate-board', but never found it.\n    at cypressErr (http://localhost:45565/__cypress/runner/cypress_runner.js:149934:9)\n    at throwErr (http://localhost:45565/__cypress/runner/cypress_runner.js:149867:11)\n    at Object.throwErrByPath (http://localhost:45565/__cypress/runner/cypress_runner.js:149915:3)\n    at retry (http://localhost:45565/__cypress/runner/cypress_runner.js:144197:19)\n    at onFailFn (http://localhost:45565/__cypress/runner/cypress_runner.js:132448:16)\n    at tryCatcher (http://localhost:45565/__cypress/runner/cypress_runner.js:167415:23)\n    at Promise._settlePromiseFromHandler (http://localhost:45565/__cypress/runner/cypress_runner.js:165351:31)\n    at Promise._settlePromise (http://localhost:45565/__cypress/runner/cypress_runner.js:165408:18)\n    at Promise._settlePromise0 (http://localhost:45565/__cypress/runner/cypress_runner.js:165453:10)\n    at Promise._settlePromises (http://localhost:45565/__cypress/runner/cypress_runner.js:165528:18)\n    at Async../node_modules/bluebird/js/release/async.js.Async._drainQueue (http://localhost:45565/__cypress/runner/cypress_runner.js:162140:16)\n    at Async../node_modules/bluebird/js/release/async.js.Async._drainQueues (http://localhost:45565/__cypress/runner/cypress_runner.js:162150:10)\n    at Async.drainQueues (http://localhost:45565/__cypress/runner/cypress_runner.js:162024:14)",
                "diff": null
              },
              "uuid": "a1af2aad-5bd5-441a-9510-4e89082e9474",
              "parentUUID": "0c003a0c-584a-4a39-85e1-0371f88afd25",
              "isHook": false,
              "skipped": false
            },
            {
              "title": "Verifica se o input está posicionado entre a paleta de cores e o quadro de pixels",
              "fullTitle": "10 - Faça o quadro de pixels ter seu tamanho definido pelo usuário. Verifica se o input está posicionado entre a paleta de cores e o quadro de pixels",
              "timedOut": null,
              "duration": 5705,
              "state": "failed",
              "speed": null,
              "pass": false,
              "fail": true,
              "pending": false,
              "context": null,
              "code": "cy.get('#color-palette').then(function (palette) {\n  cy.get('#board-size').should('be.belowOf', palette);\n});\ncy.get('#board-size').then(function (palette) {\n  cy.get('#pixel-board').should('be.belowOf', palette);\n});",
              "err": {
                "message": "CypressError: Timed out retrying: Expected to find element: '#board-size', but never found it.",
                "estack": "CypressError: Timed out retrying: Expected to find element: '#board-size', but never found it.\n    at cypressErr (http://localhost:45565/__cypress/runner/cypress_runner.js:149934:9)\n    at throwErr (http://localhost:45565/__cypress/runner/cypress_runner.js:149867:11)\n    at Object.throwErrByPath (http://localhost:45565/__cypress/runner/cypress_runner.js:149915:3)\n    at retry (http://localhost:45565/__cypress/runner/cypress_runner.js:144197:19)\n    at onFailFn (http://localhost:45565/__cypress/runner/cypress_runner.js:132448:16)\n    at tryCatcher (http://localhost:45565/__cypress/runner/cypress_runner.js:167415:23)\n    at Promise._settlePromiseFromHandler (http://localhost:45565/__cypress/runner/cypress_runner.js:165351:31)\n    at Promise._settlePromise (http://localhost:45565/__cypress/runner/cypress_runner.js:165408:18)\n    at Promise._settlePromise0 (http://localhost:45565/__cypress/runner/cypress_runner.js:165453:10)\n    at Promise._settlePromises (http://localhost:45565/__cypress/runner/cypress_runner.js:165528:18)\n    at Async../node_modules/bluebird/js/release/async.js.Async._drainQueue (http://localhost:45565/__cypress/runner/cypress_runner.js:162140:16)\n    at Async../node_modules/bluebird/js/release/async.js.Async._drainQueues (http://localhost:45565/__cypress/runner/cypress_runner.js:162150:10)\n    at Async.drainQueues (http://localhost:45565/__cypress/runner/cypress_runner.js:162024:14)",
                "diff": null
              },
              "uuid": "272ba345-63f4-42c5-8dc6-28d4c3e044bb",
              "parentUUID": "0c003a0c-584a-4a39-85e1-0371f88afd25",
              "isHook": false,
              "skipped": false
            },
            {
              "title": "Verifica se o botão está posicionado ao lado do input",
              "fullTitle": "10 - Faça o quadro de pixels ter seu tamanho definido pelo usuário. Verifica se o botão está posicionado ao lado do input",
              "timedOut": null,
              "duration": 5821,
              "state": "failed",
              "speed": null,
              "pass": false,
              "fail": true,
              "pending": false,
              "context": null,
              "code": "cy.get('#board-size').then(function (board) {\n  cy.get('#generate-board').should('be.onTheRightOf', board);\n});",
              "err": {
                "message": "CypressError: Timed out retrying: Expected to find element: '#board-size', but never found it.",
                "estack": "CypressError: Timed out retrying: Expected to find element: '#board-size', but never found it.\n    at cypressErr (http://localhost:45565/__cypress/runner/cypress_runner.js:149934:9)\n    at throwErr (http://localhost:45565/__cypress/runner/cypress_runner.js:149867:11)\n    at Object.throwErrByPath (http://localhost:45565/__cypress/runner/cypress_runner.js:149915:3)\n    at retry (http://localhost:45565/__cypress/runner/cypress_runner.js:144197:19)\n    at onFailFn (http://localhost:45565/__cypress/runner/cypress_runner.js:132448:16)\n    at tryCatcher (http://localhost:45565/__cypress/runner/cypress_runner.js:167415:23)\n    at Promise._settlePromiseFromHandler (http://localhost:45565/__cypress/runner/cypress_runner.js:165351:31)\n    at Promise._settlePromise (http://localhost:45565/__cypress/runner/cypress_runner.js:165408:18)\n    at Promise._settlePromise0 (http://localhost:45565/__cypress/runner/cypress_runner.js:165453:10)\n    at Promise._settlePromises (http://localhost:45565/__cypress/runner/cypress_runner.js:165528:18)\n    at Async../node_modules/bluebird/js/release/async.js.Async._drainQueue (http://localhost:45565/__cypress/runner/cypress_runner.js:162140:16)\n    at Async../node_modules/bluebird/js/release/async.js.Async._drainQueues (http://localhost:45565/__cypress/runner/cypress_runner.js:162150:10)\n    at Async.drainQueues (http://localhost:45565/__cypress/runner/cypress_runner.js:162024:14)",
                "diff": null
              },
              "uuid": "6405d988-774e-4653-acc0-93932641d497",
              "parentUUID": "0c003a0c-584a-4a39-85e1-0371f88afd25",
              "isHook": false,
              "skipped": false
            },
            {
              "title": "Verifica se nenhum valor for colocado no input ao clicar no botão, um `alert` é exibido com o texto: 'Board inválido!'",
              "fullTitle": "10 - Faça o quadro de pixels ter seu tamanho definido pelo usuário. Verifica se nenhum valor for colocado no input ao clicar no botão, um `alert` é exibido com o texto: 'Board inválido!'",
              "timedOut": null,
              "duration": 5510,
              "state": "failed",
              "speed": null,
              "pass": false,
              "fail": true,
              "pending": false,
              "context": null,
              "code": "var alerted = false;\ncy.on('window:alert', function (msg) {\n  return alerted = msg;\n});\ncy.get('#generate-board').click().then(function () {\n  return expect(alerted).to.match(/Board inválido!/i);\n});",
              "err": {
                "message": "CypressError: Timed out retrying: Expected to find element: '#generate-board', but never found it.",
                "estack": "CypressError: Timed out retrying: Expected to find element: '#generate-board', but never found it.\n    at cypressErr (http://localhost:45565/__cypress/runner/cypress_runner.js:149934:9)\n    at throwErr (http://localhost:45565/__cypress/runner/cypress_runner.js:149867:11)\n    at Object.throwErrByPath (http://localhost:45565/__cypress/runner/cypress_runner.js:149915:3)\n    at retry (http://localhost:45565/__cypress/runner/cypress_runner.js:144197:19)\n    at onFailFn (http://localhost:45565/__cypress/runner/cypress_runner.js:132448:16)\n    at tryCatcher (http://localhost:45565/__cypress/runner/cypress_runner.js:167415:23)\n    at Promise._settlePromiseFromHandler (http://localhost:45565/__cypress/runner/cypress_runner.js:165351:31)\n    at Promise._settlePromise (http://localhost:45565/__cypress/runner/cypress_runner.js:165408:18)\n    at Promise._settlePromise0 (http://localhost:45565/__cypress/runner/cypress_runner.js:165453:10)\n    at Promise._settlePromises (http://localhost:45565/__cypress/runner/cypress_runner.js:165528:18)\n    at Async../node_modules/bluebird/js/release/async.js.Async._drainQueue (http://localhost:45565/__cypress/runner/cypress_runner.js:162140:16)\n    at Async../node_modules/bluebird/js/release/async.js.Async._drainQueues (http://localhost:45565/__cypress/runner/cypress_runner.js:162150:10)\n    at Async.drainQueues (http://localhost:45565/__cypress/runner/cypress_runner.js:162024:14)",
                "diff": null
              },
              "uuid": "efb64207-7256-43e6-8984-341c9ed24a0d",
              "parentUUID": "0c003a0c-584a-4a39-85e1-0371f88afd25",
              "isHook": false,
              "skipped": false
            },
            {
              "title": "Verifica se ao clicar no botão com um valor preenchido, o tamanho do board muda.",
              "fullTitle": "10 - Faça o quadro de pixels ter seu tamanho definido pelo usuário. Verifica se ao clicar no botão com um valor preenchido, o tamanho do board muda.",
              "timedOut": null,
              "duration": 6355,
              "state": "failed",
              "speed": null,
              "pass": false,
              "fail": true,
              "pending": false,
              "context": null,
              "code": "cy.get('#board-size').clear().type(10);\ncy.get('#generate-board').click();\ncy.get('.pixel').should('have.length', 100);",
              "err": {
                "message": "CypressError: Timed out retrying: Expected to find element: '#board-size', but never found it.",
                "estack": "CypressError: Timed out retrying: Expected to find element: '#board-size', but never found it.\n    at cypressErr (http://localhost:45565/__cypress/runner/cypress_runner.js:149934:9)\n    at throwErr (http://localhost:45565/__cypress/runner/cypress_runner.js:149867:11)\n    at Object.throwErrByPath (http://localhost:45565/__cypress/runner/cypress_runner.js:149915:3)\n    at retry (http://localhost:45565/__cypress/runner/cypress_runner.js:144197:19)\n    at onFailFn (http://localhost:45565/__cypress/runner/cypress_runner.js:132448:16)\n    at tryCatcher (http://localhost:45565/__cypress/runner/cypress_runner.js:167415:23)\n    at Promise._settlePromiseFromHandler (http://localhost:45565/__cypress/runner/cypress_runner.js:165351:31)\n    at Promise._settlePromise (http://localhost:45565/__cypress/runner/cypress_runner.js:165408:18)\n    at Promise._settlePromise0 (http://localhost:45565/__cypress/runner/cypress_runner.js:165453:10)\n    at Promise._settlePromises (http://localhost:45565/__cypress/runner/cypress_runner.js:165528:18)\n    at Async../node_modules/bluebird/js/release/async.js.Async._drainQueue (http://localhost:45565/__cypress/runner/cypress_runner.js:162140:16)\n    at Async../node_modules/bluebird/js/release/async.js.Async._drainQueues (http://localhost:45565/__cypress/runner/cypress_runner.js:162150:10)\n    at Async.drainQueues (http://localhost:45565/__cypress/runner/cypress_runner.js:162024:14)",
                "diff": null
              },
              "uuid": "72cb70d7-a1f0-4399-9b97-e7c272f50892",
              "parentUUID": "0c003a0c-584a-4a39-85e1-0371f88afd25",
              "isHook": false,
              "skipped": false
            },
            {
              "title": "Verifica se o novo quadro tem todos os pixels preenchidos com a cor branca",
              "fullTitle": "10 - Faça o quadro de pixels ter seu tamanho definido pelo usuário. Verifica se o novo quadro tem todos os pixels preenchidos com a cor branca",
              "timedOut": null,
              "duration": 6001,
              "state": "failed",
              "speed": null,
              "pass": false,
              "fail": true,
              "pending": false,
              "context": null,
              "code": "cy.get('#board-size').clear().type(6);\ncy.get('#generate-board').click();\ncy.get('.pixel').should('have.length', 36).each(function (pixel) {\n  expect(pixel).to.have.css('background-color', WHITE);\n});",
              "err": {
                "message": "CypressError: Timed out retrying: Expected to find element: '#board-size', but never found it.",
                "estack": "CypressError: Timed out retrying: Expected to find element: '#board-size', but never found it.\n    at cypressErr (http://localhost:45565/__cypress/runner/cypress_runner.js:149934:9)\n    at throwErr (http://localhost:45565/__cypress/runner/cypress_runner.js:149867:11)\n    at Object.throwErrByPath (http://localhost:45565/__cypress/runner/cypress_runner.js:149915:3)\n    at retry (http://localhost:45565/__cypress/runner/cypress_runner.js:144197:19)\n    at onFailFn (http://localhost:45565/__cypress/runner/cypress_runner.js:132448:16)\n    at tryCatcher (http://localhost:45565/__cypress/runner/cypress_runner.js:167415:23)\n    at Promise._settlePromiseFromHandler (http://localhost:45565/__cypress/runner/cypress_runner.js:165351:31)\n    at Promise._settlePromise (http://localhost:45565/__cypress/runner/cypress_runner.js:165408:18)\n    at Promise._settlePromise0 (http://localhost:45565/__cypress/runner/cypress_runner.js:165453:10)\n    at Promise._settlePromises (http://localhost:45565/__cypress/runner/cypress_runner.js:165528:18)\n    at Async../node_modules/bluebird/js/release/async.js.Async._drainQueue (http://localhost:45565/__cypress/runner/cypress_runner.js:162140:16)\n    at Async../node_modules/bluebird/js/release/async.js.Async._drainQueues (http://localhost:45565/__cypress/runner/cypress_runner.js:162150:10)\n    at Async.drainQueues (http://localhost:45565/__cypress/runner/cypress_runner.js:162024:14)",
                "diff": null
              },
              "uuid": "b04482d5-84b4-454f-8164-74d8661e3e07",
              "parentUUID": "0c003a0c-584a-4a39-85e1-0371f88afd25",
              "isHook": false,
              "skipped": false
            }
          ],
          "suites": [],
          "passes": [],
          "failures": [
            "d5f046e2-7434-4ea8-bd29-99aaf608effa",
            "620c2591-1a21-4d59-b96f-b825642d0aac",
            "4879d5b1-34b6-40df-9665-bd321dcee570",
            "a1af2aad-5bd5-441a-9510-4e89082e9474",
            "272ba345-63f4-42c5-8dc6-28d4c3e044bb",
            "6405d988-774e-4653-acc0-93932641d497",
            "efb64207-7256-43e6-8984-341c9ed24a0d",
            "72cb70d7-a1f0-4399-9b97-e7c272f50892",
            "b04482d5-84b4-454f-8164-74d8661e3e07"
          ],
          "pending": [],
          "skipped": [],
          "duration": 52534,
          "root": false,
          "rootEmpty": false,
          "_timeout": 2000
        },
        {
          "uuid": "e20ce5c8-2e77-47a9-95ed-d81df2414eee",
          "title": "11 - Limite o tamanho mínimo e máximo do board.",
          "fullFile": "",
          "file": "",
          "beforeHooks": [],
          "afterHooks": [],
          "tests": [
            {
              "title": "Verifica se a altura máxima do board é 50",
              "fullTitle": "11 - Limite o tamanho mínimo e máximo do board. Verifica se a altura máxima do board é 50",
              "timedOut": null,
              "duration": 5777,
              "state": "failed",
              "speed": null,
              "pass": false,
              "fail": true,
              "pending": false,
              "context": null,
              "code": "cy.get('#board-size').clear().type(50);\ncy.get('#generate-board').click();\ncy.get('.pixel').should('have.length', 2500);",
              "err": {
                "message": "CypressError: Timed out retrying: Expected to find element: '#board-size', but never found it.",
                "estack": "CypressError: Timed out retrying: Expected to find element: '#board-size', but never found it.\n    at cypressErr (http://localhost:45565/__cypress/runner/cypress_runner.js:149934:9)\n    at throwErr (http://localhost:45565/__cypress/runner/cypress_runner.js:149867:11)\n    at Object.throwErrByPath (http://localhost:45565/__cypress/runner/cypress_runner.js:149915:3)\n    at retry (http://localhost:45565/__cypress/runner/cypress_runner.js:144197:19)\n    at onFailFn (http://localhost:45565/__cypress/runner/cypress_runner.js:132448:16)\n    at tryCatcher (http://localhost:45565/__cypress/runner/cypress_runner.js:167415:23)\n    at Promise._settlePromiseFromHandler (http://localhost:45565/__cypress/runner/cypress_runner.js:165351:31)\n    at Promise._settlePromise (http://localhost:45565/__cypress/runner/cypress_runner.js:165408:18)\n    at Promise._settlePromise0 (http://localhost:45565/__cypress/runner/cypress_runner.js:165453:10)\n    at Promise._settlePromises (http://localhost:45565/__cypress/runner/cypress_runner.js:165528:18)\n    at Async../node_modules/bluebird/js/release/async.js.Async._drainQueue (http://localhost:45565/__cypress/runner/cypress_runner.js:162140:16)\n    at Async../node_modules/bluebird/js/release/async.js.Async._drainQueues (http://localhost:45565/__cypress/runner/cypress_runner.js:162150:10)\n    at Async.drainQueues (http://localhost:45565/__cypress/runner/cypress_runner.js:162024:14)",
                "diff": null
              },
              "uuid": "2a8b972d-002c-4de7-9aec-0425bafac013",
              "parentUUID": "e20ce5c8-2e77-47a9-95ed-d81df2414eee",
              "isHook": false,
              "skipped": false
            },
            {
              "title": "Verifica se a altura do board é 5 quando um valor menor é colocado no input",
              "fullTitle": "11 - Limite o tamanho mínimo e máximo do board. Verifica se a altura do board é 5 quando um valor menor é colocado no input",
              "timedOut": null,
              "duration": 5870,
              "state": "failed",
              "speed": null,
              "pass": false,
              "fail": true,
              "pending": false,
              "context": null,
              "code": "cy.get('#board-size').clear().type(4);\ncy.get('#generate-board').click();\ncy.get('.pixel').should('have.length', 25);",
              "err": {
                "message": "CypressError: Timed out retrying: Expected to find element: '#board-size', but never found it.",
                "estack": "CypressError: Timed out retrying: Expected to find element: '#board-size', but never found it.\n    at cypressErr (http://localhost:45565/__cypress/runner/cypress_runner.js:149934:9)\n    at throwErr (http://localhost:45565/__cypress/runner/cypress_runner.js:149867:11)\n    at Object.throwErrByPath (http://localhost:45565/__cypress/runner/cypress_runner.js:149915:3)\n    at retry (http://localhost:45565/__cypress/runner/cypress_runner.js:144197:19)\n    at onFailFn (http://localhost:45565/__cypress/runner/cypress_runner.js:132448:16)\n    at tryCatcher (http://localhost:45565/__cypress/runner/cypress_runner.js:167415:23)\n    at Promise._settlePromiseFromHandler (http://localhost:45565/__cypress/runner/cypress_runner.js:165351:31)\n    at Promise._settlePromise (http://localhost:45565/__cypress/runner/cypress_runner.js:165408:18)\n    at Promise._settlePromise0 (http://localhost:45565/__cypress/runner/cypress_runner.js:165453:10)\n    at Promise._settlePromises (http://localhost:45565/__cypress/runner/cypress_runner.js:165528:18)\n    at Async../node_modules/bluebird/js/release/async.js.Async._drainQueue (http://localhost:45565/__cypress/runner/cypress_runner.js:162140:16)\n    at Async../node_modules/bluebird/js/release/async.js.Async._drainQueues (http://localhost:45565/__cypress/runner/cypress_runner.js:162150:10)\n    at Async.drainQueues (http://localhost:45565/__cypress/runner/cypress_runner.js:162024:14)",
                "diff": null
              },
              "uuid": "a1e94a23-41c8-4e23-a24e-8f4e99dd8cf6",
              "parentUUID": "e20ce5c8-2e77-47a9-95ed-d81df2414eee",
              "isHook": false,
              "skipped": false
            },
            {
              "title": "Verifica se a altura do board é 50 quando um valor maior é colocado no input",
              "fullTitle": "11 - Limite o tamanho mínimo e máximo do board. Verifica se a altura do board é 50 quando um valor maior é colocado no input",
              "timedOut": null,
              "duration": 5610,
              "state": "failed",
              "speed": null,
              "pass": false,
              "fail": true,
              "pending": false,
              "context": null,
              "code": "cy.get('#board-size').clear().type(51);\ncy.get('#generate-board').click();\ncy.get('.pixel').should('have.length', 2500);",
              "err": {
                "message": "CypressError: Timed out retrying: Expected to find element: '#board-size', but never found it.",
                "estack": "CypressError: Timed out retrying: Expected to find element: '#board-size', but never found it.\n    at cypressErr (http://localhost:45565/__cypress/runner/cypress_runner.js:149934:9)\n    at throwErr (http://localhost:45565/__cypress/runner/cypress_runner.js:149867:11)\n    at Object.throwErrByPath (http://localhost:45565/__cypress/runner/cypress_runner.js:149915:3)\n    at retry (http://localhost:45565/__cypress/runner/cypress_runner.js:144197:19)\n    at onFailFn (http://localhost:45565/__cypress/runner/cypress_runner.js:132448:16)\n    at tryCatcher (http://localhost:45565/__cypress/runner/cypress_runner.js:167415:23)\n    at Promise._settlePromiseFromHandler (http://localhost:45565/__cypress/runner/cypress_runner.js:165351:31)\n    at Promise._settlePromise (http://localhost:45565/__cypress/runner/cypress_runner.js:165408:18)\n    at Promise._settlePromise0 (http://localhost:45565/__cypress/runner/cypress_runner.js:165453:10)\n    at Promise._settlePromises (http://localhost:45565/__cypress/runner/cypress_runner.js:165528:18)\n    at Async../node_modules/bluebird/js/release/async.js.Async._drainQueue (http://localhost:45565/__cypress/runner/cypress_runner.js:162140:16)\n    at Async../node_modules/bluebird/js/release/async.js.Async._drainQueues (http://localhost:45565/__cypress/runner/cypress_runner.js:162150:10)\n    at Async.drainQueues (http://localhost:45565/__cypress/runner/cypress_runner.js:162024:14)",
                "diff": null
              },
              "uuid": "b48b8f1c-98c4-4aea-9213-052c6f842370",
              "parentUUID": "e20ce5c8-2e77-47a9-95ed-d81df2414eee",
              "isHook": false,
              "skipped": false
            }
          ],
          "suites": [],
          "passes": [],
          "failures": [
            "2a8b972d-002c-4de7-9aec-0425bafac013",
            "a1e94a23-41c8-4e23-a24e-8f4e99dd8cf6",
            "b48b8f1c-98c4-4aea-9213-052c6f842370"
          ],
          "pending": [],
          "skipped": [],
          "duration": 17257,
          "root": false,
          "rootEmpty": false,
          "_timeout": 2000
        },
        {
          "uuid": "e36bea3e-1be4-471d-a2e6-69db59e7f937",
          "title": "12 - Faça com que as cores da paleta sejam geradas aleatoriamente ao carregar a página.",
          "fullFile": "",
          "file": "",
          "beforeHooks": [],
          "afterHooks": [],
          "tests": [
            {
              "title": "Verifica se as cores geradas na paleta são diferentes a cada carregamento da página",
              "fullTitle": "12 - Faça com que as cores da paleta sejam geradas aleatoriamente ao carregar a página. Verifica se as cores geradas na paleta são diferentes a cada carregamento da página",
              "timedOut": null,
              "duration": 1916,
              "state": "failed",
              "speed": null,
              "pass": false,
              "fail": true,
              "pending": false,
              "context": null,
              "code": "cy.get('.color').then(function (colors) {\n  var currentColors;\n  var previousColors;\n  previousColors = Array.from(colors).map(function (color) {\n    return Cypress.$(color).css('background-color');\n  });\n  for (var i = 0; i < 5; i += 1) {\n    cy.reload();\n    cy.get('.color').then(function (colors) {\n      currentColors = Array.from(colors).map(function (color) {\n        return Cypress.$(color).css('background-color');\n      });\n      expect(currentColors).not.to.deep.equal(previousColors);\n      previousColors = currentColors;\n    });\n  }\n});",
              "err": {
                "message": "AssertionError: expected [ Array(4) ] to not deeply equal [ Array(4) ]",
                "estack": "AssertionError: expected [ Array(4) ] to not deeply equal [ Array(4) ]\n    at getRet (http://localhost:45565/__cypress/runner/cypress_runner.js:136585:16)\n    at tryCatcher (http://localhost:45565/__cypress/runner/cypress_runner.js:167415:23)\n    at Function.Promise.attempt.Promise.try (http://localhost:45565/__cypress/runner/cypress_runner.js:164690:29)\n    at Context.thenFn (http://localhost:45565/__cypress/runner/cypress_runner.js:136599:23)\n    at Context.then (http://localhost:45565/__cypress/runner/cypress_runner.js:136971:21)\n    at Context.<anonymous> (http://localhost:45565/__cypress/runner/cypress_runner.js:148875:21)\n    at http://localhost:45565/__cypress/runner/cypress_runner.js:148351:33\n    at tryCatcher (http://localhost:45565/__cypress/runner/cypress_runner.js:167415:23)\n    at Promise._settlePromiseFromHandler (http://localhost:45565/__cypress/runner/cypress_runner.js:165351:31)\n    at Promise._settlePromise (http://localhost:45565/__cypress/runner/cypress_runner.js:165408:18)\n    at Promise._settlePromiseCtx (http://localhost:45565/__cypress/runner/cypress_runner.js:165445:10)\n    at Async../node_modules/bluebird/js/release/async.js.Async._drainQueue (http://localhost:45565/__cypress/runner/cypress_runner.js:162145:12)\n    at Async../node_modules/bluebird/js/release/async.js.Async._drainQueues (http://localhost:45565/__cypress/runner/cypress_runner.js:162150:10)\n    at Async.drainQueues (http://localhost:45565/__cypress/runner/cypress_runner.js:162024:14)",
                "diff": ""
              },
              "uuid": "2556afcc-e375-4bfe-80e4-85df5abc4458",
              "parentUUID": "e36bea3e-1be4-471d-a2e6-69db59e7f937",
              "isHook": false,
              "skipped": false
            },
            {
              "title": "Verifica se a cor preta ainda está presente e é a primeira na sua paleta de cores",
              "fullTitle": "12 - Faça com que as cores da paleta sejam geradas aleatoriamente ao carregar a página. Verifica se a cor preta ainda está presente e é a primeira na sua paleta de cores",
              "timedOut": null,
              "duration": 1684,
              "state": "failed",
              "speed": null,
              "pass": false,
              "fail": true,
              "pending": false,
              "context": null,
              "code": "cy.get('.color').then(function (colors) {\n  var currentColors;\n  var previousColors;\n  previousColors = Array.from(colors).map(function (color) {\n    return Cypress.$(color).css('background-color');\n  });\n  expect(previousColors[0]).to.eq(BLACK);\n  for (var i = 0; i < 5; i += 1) {\n    cy.reload();\n    cy.get('.color').then(function (colors) {\n      currentColors = Array.from(colors).map(function (color) {\n        return Cypress.$(color).css('background-color');\n      });\n      expect(currentColors[0]).to.eq(BLACK);\n      expect(currentColors).not.to.deep.equal(previousColors);\n      previousColors = currentColors;\n    });\n  }\n});",
              "err": {
                "message": "AssertionError: expected [ Array(4) ] to not deeply equal [ Array(4) ]",
                "estack": "AssertionError: expected [ Array(4) ] to not deeply equal [ Array(4) ]\n    at getRet (http://localhost:45565/__cypress/runner/cypress_runner.js:136585:16)\n    at tryCatcher (http://localhost:45565/__cypress/runner/cypress_runner.js:167415:23)\n    at Function.Promise.attempt.Promise.try (http://localhost:45565/__cypress/runner/cypress_runner.js:164690:29)\n    at Context.thenFn (http://localhost:45565/__cypress/runner/cypress_runner.js:136599:23)\n    at Context.then (http://localhost:45565/__cypress/runner/cypress_runner.js:136971:21)\n    at Context.<anonymous> (http://localhost:45565/__cypress/runner/cypress_runner.js:148875:21)\n    at http://localhost:45565/__cypress/runner/cypress_runner.js:148351:33\n    at tryCatcher (http://localhost:45565/__cypress/runner/cypress_runner.js:167415:23)\n    at Promise._settlePromiseFromHandler (http://localhost:45565/__cypress/runner/cypress_runner.js:165351:31)\n    at Promise._settlePromise (http://localhost:45565/__cypress/runner/cypress_runner.js:165408:18)\n    at Promise._settlePromiseCtx (http://localhost:45565/__cypress/runner/cypress_runner.js:165445:10)\n    at Async../node_modules/bluebird/js/release/async.js.Async._drainQueue (http://localhost:45565/__cypress/runner/cypress_runner.js:162145:12)\n    at Async../node_modules/bluebird/js/release/async.js.Async._drainQueues (http://localhost:45565/__cypress/runner/cypress_runner.js:162150:10)\n    at Async.drainQueues (http://localhost:45565/__cypress/runner/cypress_runner.js:162024:14)",
                "diff": ""
              },
              "uuid": "f4769d28-0560-4e2f-a6c7-8d70794d69dc",
              "parentUUID": "e36bea3e-1be4-471d-a2e6-69db59e7f937",
              "isHook": false,
              "skipped": false
            }
          ],
          "suites": [],
          "passes": [],
          "failures": [
            "2556afcc-e375-4bfe-80e4-85df5abc4458",
            "f4769d28-0560-4e2f-a6c7-8d70794d69dc"
          ],
          "pending": [],
          "skipped": [],
          "duration": 3600,
          "root": false,
          "rootEmpty": false,
          "_timeout": 2000
        }
      ],
      "passes": [],
      "failures": [],
      "pending": [],
      "skipped": [],
      "duration": 0,
      "root": true,
      "rootEmpty": true,
      "_timeout": 2000
    }
  ],
  "meta": {
    "mocha": {
      "version": "7.0.1"
    },
    "mochawesome": {
      "options": {
        "quiet": false,
        "reportFilename": "mochawesome",
        "saveHtml": false,
        "saveJson": true,
        "consoleReporter": "spec",
        "useInlineDiffs": false
      },
      "version": "4.1.0"
    },
    "marge": {
      "options": {
        "id": "default",
        "reportDir": "cypress/reports",
        "overwrite": true,
        "html": false,
        "json": true
      },
      "version": "4.1.0"
    }
  }
}