{
  "stats": {
    "suites": 12,
    "tests": 41,
    "passes": 25,
    "pending": 0,
    "failures": 16,
    "start": "2021-08-23T19:50:05.290Z",
    "end": "2021-08-23T19:51:54.602Z",
    "duration": 109312,
    "testsRegistered": 41,
    "passPercent": 60.97560975609756,
    "pendingPercent": 0,
    "other": 0,
    "hasOther": false,
    "skipped": 0,
    "hasSkipped": false
  },
  "results": [
    {
      "uuid": "12bf0325-fbcf-49c3-a297-c9b1446e801b",
      "title": "",
      "fullFile": "cypress/integration/project.spec.js",
      "file": "cypress/integration/project.spec.js",
      "beforeHooks": [],
      "afterHooks": [],
      "tests": [],
      "suites": [
        {
          "uuid": "fb998ab5-8b86-4e5b-9713-22c750f30da7",
          "title": "1 - Adicione à página o título \"Paleta de Cores\".",
          "fullFile": "",
          "file": "",
          "beforeHooks": [],
          "afterHooks": [],
          "tests": [
            {
              "title": "Verifica se contém um elemento `h1` com o id `title` com o título correto",
              "fullTitle": "1 - Adicione à página o título \"Paleta de Cores\". Verifica se contém um elemento `h1` com o id `title` com o título correto",
              "timedOut": null,
              "duration": 802,
              "state": "passed",
              "speed": "slow",
              "pass": true,
              "fail": false,
              "pending": false,
              "context": null,
              "code": "cy.get('h1#title').should('contain.text', 'Paleta de Cores');",
              "err": {},
              "uuid": "7cfe3baa-4b3b-44d6-9d0d-2ce032e2e977",
              "parentUUID": "fb998ab5-8b86-4e5b-9713-22c750f30da7",
              "isHook": false,
              "skipped": false
            }
          ],
          "suites": [],
          "passes": [
            "7cfe3baa-4b3b-44d6-9d0d-2ce032e2e977"
          ],
          "failures": [],
          "pending": [],
          "skipped": [],
          "duration": 802,
          "root": false,
          "rootEmpty": false,
          "_timeout": 2000
        },
        {
          "uuid": "b87bf831-2d74-4dd8-92d1-aa06c4ed09f1",
          "title": "2 - Adicione à página uma paleta de quatro cores distintas.",
          "fullFile": "",
          "file": "",
          "beforeHooks": [],
          "afterHooks": [],
          "tests": [
            {
              "title": "A paleta de cores deve ser um elemento com `id` denominado `color-palette`",
              "fullTitle": "2 - Adicione à página uma paleta de quatro cores distintas. A paleta de cores deve ser um elemento com `id` denominado `color-palette`",
              "timedOut": null,
              "duration": 198,
              "state": "passed",
              "speed": "slow",
              "pass": true,
              "fail": false,
              "pending": false,
              "context": null,
              "code": "cy.get('#color-palette').should('be.visible');",
              "err": {},
              "uuid": "565819ce-d2ed-486c-8f96-a12611888d89",
              "parentUUID": "b87bf831-2d74-4dd8-92d1-aa06c4ed09f1",
              "isHook": false,
              "skipped": false
            },
            {
              "title": "Verifica se cada cor individual da paleta de cores possui a `classe` chamada `color`.",
              "fullTitle": "2 - Adicione à página uma paleta de quatro cores distintas. Verifica se cada cor individual da paleta de cores possui a `classe` chamada `color`.",
              "timedOut": null,
              "duration": 283,
              "state": "passed",
              "speed": "slow",
              "pass": true,
              "fail": false,
              "pending": false,
              "context": null,
              "code": "cy.get('.color').should('have.length', 4).then(function (colors) {\n  for (var i = 0; i < colors.length; i++) {\n    cy.wrap(colors[i]).should('be.visible');\n  }\n});",
              "err": {},
              "uuid": "5134999f-a966-43ca-a6a2-8aaacb90a458",
              "parentUUID": "b87bf831-2d74-4dd8-92d1-aa06c4ed09f1",
              "isHook": false,
              "skipped": false
            },
            {
              "title": "Verifica se a cor de fundo de cada elemento da paleta é a cor que o elemento representa. **A única cor não permitida na paleta é a cor branca.**",
              "fullTitle": "2 - Adicione à página uma paleta de quatro cores distintas. Verifica se a cor de fundo de cada elemento da paleta é a cor que o elemento representa. **A única cor não permitida na paleta é a cor branca.**",
              "timedOut": null,
              "duration": 422,
              "state": "passed",
              "speed": "slow",
              "pass": true,
              "fail": false,
              "pending": false,
              "context": null,
              "code": "cy.get('.color').each(function (color) {\n  cy.wrap(color).should('have.class', 'color').and('not.have.css', 'background-color', WHITE);\n  cy.wrap(color).should('have.css', 'background-color');\n});",
              "err": {},
              "uuid": "60052f58-90f7-4d23-8b08-6fed75fb556c",
              "parentUUID": "b87bf831-2d74-4dd8-92d1-aa06c4ed09f1",
              "isHook": false,
              "skipped": false
            },
            {
              "title": "Verifica se cada elemento da paleta de cores tem uma borda preta, sólida e com 1 pixel de largura;",
              "fullTitle": "2 - Adicione à página uma paleta de quatro cores distintas. Verifica se cada elemento da paleta de cores tem uma borda preta, sólida e com 1 pixel de largura;",
              "timedOut": null,
              "duration": 325,
              "state": "passed",
              "speed": "slow",
              "pass": true,
              "fail": false,
              "pending": false,
              "context": null,
              "code": "cy.get('.color').each(function (color) {\n  cy.wrap(color).and('have.css', 'border', \"1px solid \".concat(BLACK)).and('have.class', 'color');\n});",
              "err": {},
              "uuid": "1a509b6a-9106-444a-b6c0-615922813388",
              "parentUUID": "b87bf831-2d74-4dd8-92d1-aa06c4ed09f1",
              "isHook": false,
              "skipped": false
            },
            {
              "title": "Verifica se a paleta lista todas as cores disponíveis para utilização, lado a lado.",
              "fullTitle": "2 - Adicione à página uma paleta de quatro cores distintas. Verifica se a paleta lista todas as cores disponíveis para utilização, lado a lado.",
              "timedOut": null,
              "duration": 229,
              "state": "passed",
              "speed": "slow",
              "pass": true,
              "fail": false,
              "pending": false,
              "context": null,
              "code": "cy.get('.color').then(function (colors) {\n  for (var index = 1; index < colors.length; index += 1) {\n    var currentColor = colors[index];\n    var previousColor = colors[index - 1];\n    cy.wrap(currentColor).should('be.onTheRightOf', previousColor).and('be.horizontallyAlignedWith', previousColor);\n  }\n});",
              "err": {},
              "uuid": "4d581f39-7e72-4ee0-8ee7-537ddfcbfc6e",
              "parentUUID": "b87bf831-2d74-4dd8-92d1-aa06c4ed09f1",
              "isHook": false,
              "skipped": false
            },
            {
              "title": "Verifica se a paleta de cores está posicionada abaixo do título 'Paleta de Cores'",
              "fullTitle": "2 - Adicione à página uma paleta de quatro cores distintas. Verifica se a paleta de cores está posicionada abaixo do título 'Paleta de Cores'",
              "timedOut": null,
              "duration": 268,
              "state": "passed",
              "speed": "slow",
              "pass": true,
              "fail": false,
              "pending": false,
              "context": null,
              "code": "cy.get('h1#title').then(function (title) {\n  cy.get('#color-palette').should('be.belowOf', title);\n});",
              "err": {},
              "uuid": "08c221a5-b19e-4f98-ba8c-1bfdfdacd4a4",
              "parentUUID": "b87bf831-2d74-4dd8-92d1-aa06c4ed09f1",
              "isHook": false,
              "skipped": false
            },
            {
              "title": "Verifica se a paleta de cores não contém cores repetidas.",
              "fullTitle": "2 - Adicione à página uma paleta de quatro cores distintas. Verifica se a paleta de cores não contém cores repetidas.",
              "timedOut": null,
              "duration": 233,
              "state": "passed",
              "speed": "slow",
              "pass": true,
              "fail": false,
              "pending": false,
              "context": null,
              "code": "cy.get('.color').then(function (colors) {\n  var allColors = Array.from(colors).map(function (color) {\n    return Cypress.$(color).css('background-color');\n  });\n  cy.log(allColors);\n  var uniqColors = (0, _toConsumableArray2[\"default\"])(new Set(allColors));\n  cy.log(uniqColors);\n  expect(allColors.length).to.eq(uniqColors.length);\n});",
              "err": {},
              "uuid": "94c0f74f-c197-4ff4-842d-0e8aa28d9884",
              "parentUUID": "b87bf831-2d74-4dd8-92d1-aa06c4ed09f1",
              "isHook": false,
              "skipped": false
            }
          ],
          "suites": [],
          "passes": [
            "565819ce-d2ed-486c-8f96-a12611888d89",
            "5134999f-a966-43ca-a6a2-8aaacb90a458",
            "60052f58-90f7-4d23-8b08-6fed75fb556c",
            "1a509b6a-9106-444a-b6c0-615922813388",
            "4d581f39-7e72-4ee0-8ee7-537ddfcbfc6e",
            "08c221a5-b19e-4f98-ba8c-1bfdfdacd4a4",
            "94c0f74f-c197-4ff4-842d-0e8aa28d9884"
          ],
          "failures": [],
          "pending": [],
          "skipped": [],
          "duration": 1958,
          "root": false,
          "rootEmpty": false,
          "_timeout": 2000
        },
        {
          "uuid": "0ab5ad99-d16b-485d-965c-e11c5c7a5b7e",
          "title": "3 - Adicione a cor **preta** como a primeira cor da paleta de cores.",
          "fullFile": "",
          "file": "",
          "beforeHooks": [],
          "afterHooks": [],
          "tests": [
            {
              "title": "Verifica se a primeira cor da paleta é preta",
              "fullTitle": "3 - Adicione a cor **preta** como a primeira cor da paleta de cores. Verifica se a primeira cor da paleta é preta",
              "timedOut": null,
              "duration": 220,
              "state": "passed",
              "speed": "slow",
              "pass": true,
              "fail": false,
              "pending": false,
              "context": null,
              "code": "cy.get('.color').first().should('have.css', 'background-color', BLACK);",
              "err": {},
              "uuid": "032755bd-b0c3-4060-abc0-74bef6a6d8cb",
              "parentUUID": "0ab5ad99-d16b-485d-965c-e11c5c7a5b7e",
              "isHook": false,
              "skipped": false
            },
            {
              "title": "Verifica se as demais cores podem ser escolhidas livremente.",
              "fullTitle": "3 - Adicione a cor **preta** como a primeira cor da paleta de cores. Verifica se as demais cores podem ser escolhidas livremente.",
              "timedOut": null,
              "duration": 381,
              "state": "passed",
              "speed": "slow",
              "pass": true,
              "fail": false,
              "pending": false,
              "context": null,
              "code": "cy.get('.color').eq(1).should('not.have.css', 'background-color', BLACK);\ncy.get('.color').eq(1).should('not.have.css', 'background-color', WHITE);\ncy.get('.color').eq(1).should('not.have.css', 'background-color', 'rgba(0, 0, 0, 0)');\ncy.get('.color').eq(1).should('have.css', 'background-color');\ncy.get('.color').eq(2).should('not.have.css', 'background-color', BLACK);\ncy.get('.color').eq(2).should('not.have.css', 'background-color', WHITE);\ncy.get('.color').eq(2).should('not.have.css', 'background-color', 'rgba(0, 0, 0, 0)');\ncy.get('.color').eq(2).should('have.css', 'background-color');\ncy.get('.color').eq(3).should('not.have.css', 'background-color', BLACK);\ncy.get('.color').eq(3).should('not.have.css', 'background-color', WHITE);\ncy.get('.color').eq(3).should('not.have.css', 'background-color', 'rgba(0, 0, 0, 0)');\ncy.get('.color').eq(3).should('have.css', 'background-color');",
              "err": {},
              "uuid": "6fb3a0c7-c1df-4467-aa05-b78f0d7b2fc9",
              "parentUUID": "0ab5ad99-d16b-485d-965c-e11c5c7a5b7e",
              "isHook": false,
              "skipped": false
            }
          ],
          "suites": [],
          "passes": [
            "032755bd-b0c3-4060-abc0-74bef6a6d8cb",
            "6fb3a0c7-c1df-4467-aa05-b78f0d7b2fc9"
          ],
          "failures": [],
          "pending": [],
          "skipped": [],
          "duration": 601,
          "root": false,
          "rootEmpty": false,
          "_timeout": 2000
        },
        {
          "uuid": "a1cf5478-b8d3-4579-a34c-189fc6ccabf5",
          "title": "4 - Adicione à página um quadro de pixels, com 25 pixels.",
          "fullFile": "",
          "file": "",
          "beforeHooks": [],
          "afterHooks": [],
          "tests": [
            {
              "title": "Verifica se o quadro de pixels possui o `id` denominado `pixel-board`",
              "fullTitle": "4 - Adicione à página um quadro de pixels, com 25 pixels. Verifica se o quadro de pixels possui o `id` denominado `pixel-board`",
              "timedOut": null,
              "duration": 165,
              "state": "passed",
              "speed": "slow",
              "pass": true,
              "fail": false,
              "pending": false,
              "context": null,
              "code": "cy.get('#pixel-board').should('be.visible');",
              "err": {},
              "uuid": "3b47036f-3f76-4999-9467-dac36cee1158",
              "parentUUID": "a1cf5478-b8d3-4579-a34c-189fc6ccabf5",
              "isHook": false,
              "skipped": false
            },
            {
              "title": "Verifica se cada pixel individual dentro do quadro possui a `classe` denominada `pixel`.",
              "fullTitle": "4 - Adicione à página um quadro de pixels, com 25 pixels. Verifica se cada pixel individual dentro do quadro possui a `classe` denominada `pixel`.",
              "timedOut": null,
              "duration": 285,
              "state": "passed",
              "speed": "slow",
              "pass": true,
              "fail": false,
              "pending": false,
              "context": null,
              "code": "cy.get('.pixel').should('have.length', 25);",
              "err": {},
              "uuid": "89ac8d89-dc59-4c24-bca7-71879553c1ca",
              "parentUUID": "a1cf5478-b8d3-4579-a34c-189fc6ccabf5",
              "isHook": false,
              "skipped": false
            },
            {
              "title": "Verifica se a cor inicial dos pixels dentro do quadro, ao abrir a página, é branca.",
              "fullTitle": "4 - Adicione à página um quadro de pixels, com 25 pixels. Verifica se a cor inicial dos pixels dentro do quadro, ao abrir a página, é branca.",
              "timedOut": null,
              "duration": 427,
              "state": "passed",
              "speed": "slow",
              "pass": true,
              "fail": false,
              "pending": false,
              "context": null,
              "code": "cy.get('.pixel').should('have.length', 25).each(function (pixel) {\n  expect(pixel).to.have.css('background-color', WHITE);\n});",
              "err": {},
              "uuid": "9e8501e4-7d1f-478d-b80a-80cd06aa87bf",
              "parentUUID": "a1cf5478-b8d3-4579-a34c-189fc6ccabf5",
              "isHook": false,
              "skipped": false
            },
            {
              "title": "Verifica se o quadro de pixels aparece abaixo da paleta de cores",
              "fullTitle": "4 - Adicione à página um quadro de pixels, com 25 pixels. Verifica se o quadro de pixels aparece abaixo da paleta de cores",
              "timedOut": null,
              "duration": 265,
              "state": "passed",
              "speed": "slow",
              "pass": true,
              "fail": false,
              "pending": false,
              "context": null,
              "code": "cy.get('#color-palette').then(function (palette) {\n  cy.get('#pixel-board').should('be.belowOf', palette);\n});",
              "err": {},
              "uuid": "075d6b91-1575-4dba-8513-71fc0ac4bd3b",
              "parentUUID": "a1cf5478-b8d3-4579-a34c-189fc6ccabf5",
              "isHook": false,
              "skipped": false
            }
          ],
          "suites": [],
          "passes": [
            "3b47036f-3f76-4999-9467-dac36cee1158",
            "89ac8d89-dc59-4c24-bca7-71879553c1ca",
            "9e8501e4-7d1f-478d-b80a-80cd06aa87bf",
            "075d6b91-1575-4dba-8513-71fc0ac4bd3b"
          ],
          "failures": [],
          "pending": [],
          "skipped": [],
          "duration": 1142,
          "root": false,
          "rootEmpty": false,
          "_timeout": 2000
        },
        {
          "uuid": "f04d8475-af8e-4a9f-a9ff-76cf6cd8d6ce",
          "title": "5 - Faça com que cada elemento do quadro de pixels possua 40 pixels de largura, 40 pixels de altura e seja delimitado por uma borda preta de 1 pixel.",
          "fullFile": "",
          "file": "",
          "beforeHooks": [],
          "afterHooks": [],
          "tests": [
            {
              "title": "Verifica se o quadro de pixels tem altura e comprimento de 5 elementos",
              "fullTitle": "5 - Faça com que cada elemento do quadro de pixels possua 40 pixels de largura, 40 pixels de altura e seja delimitado por uma borda preta de 1 pixel. Verifica se o quadro de pixels tem altura e comprimento de 5 elementos",
              "timedOut": null,
              "duration": 746,
              "state": "passed",
              "speed": "slow",
              "pass": true,
              "fail": false,
              "pending": false,
              "context": null,
              "code": "cy.get('.pixel').should('have.length', 25).each(function (pixel) {\n  expect(pixel).to.have.css('background-color', WHITE);\n}).and(function (pixels) {\n  var rows = chunk(pixels, 5);\n  rows.forEach(function (row) {\n    for (var index = 1; index < row.length; index += 1) {\n      var current = pixels[index];\n      var previous = pixels[index - 1];\n      cy.wrap(current).should('be.onTheRightOf', previous).and('be.horizontallyAlignedWith', previous);\n    }\n  });\n  for (var index = 1; index < 5; index += 1) {\n    expect(pixels[index * 5]).to.be.belowOf(pixels[(index - 1) * 5]);\n  }\n});",
              "err": {},
              "uuid": "6439fbfa-5d31-4185-970a-9a973a18d5fc",
              "parentUUID": "f04d8475-af8e-4a9f-a9ff-76cf6cd8d6ce",
              "isHook": false,
              "skipped": false
            },
            {
              "title": "Verifica se 40 pixels é o tamanho total do elemento, incluindo seu conteúdo e excluindo a borda preta, que deve ser criada à parte.",
              "fullTitle": "5 - Faça com que cada elemento do quadro de pixels possua 40 pixels de largura, 40 pixels de altura e seja delimitado por uma borda preta de 1 pixel. Verifica se 40 pixels é o tamanho total do elemento, incluindo seu conteúdo e excluindo a borda preta, que deve ser criada à parte.",
              "timedOut": null,
              "duration": 918,
              "state": "passed",
              "speed": "slow",
              "pass": true,
              "fail": false,
              "pending": false,
              "context": null,
              "code": "cy.get('.pixel').each(function (pixel) {\n  cy.wrap(pixel).should('have.css', 'height', '40px').and('have.css', 'width', '40px').and('have.css', 'border', \"1px solid \".concat(BLACK));\n});",
              "err": {},
              "uuid": "16ed281a-ba2e-4fe4-9c46-b71ee14ddfed",
              "parentUUID": "f04d8475-af8e-4a9f-a9ff-76cf6cd8d6ce",
              "isHook": false,
              "skipped": false
            }
          ],
          "suites": [],
          "passes": [
            "6439fbfa-5d31-4185-970a-9a973a18d5fc",
            "16ed281a-ba2e-4fe4-9c46-b71ee14ddfed"
          ],
          "failures": [],
          "pending": [],
          "skipped": [],
          "duration": 1664,
          "root": false,
          "rootEmpty": false,
          "_timeout": 2000
        },
        {
          "uuid": "e48548de-b080-4233-8607-a19f772240ee",
          "title": "6 - Defina a cor preta como cor inicial. Ao carregar a página a cor preta já deve estar selecionada para pintar os pixels",
          "fullFile": "",
          "file": "",
          "beforeHooks": [],
          "afterHooks": [],
          "tests": [
            {
              "title": "Verifica se o elemento da cor preta possui, inicialmente, a `classe` `selected`",
              "fullTitle": "6 - Defina a cor preta como cor inicial. Ao carregar a página a cor preta já deve estar selecionada para pintar os pixels Verifica se o elemento da cor preta possui, inicialmente, a `classe` `selected`",
              "timedOut": null,
              "duration": 299,
              "state": "passed",
              "speed": "slow",
              "pass": true,
              "fail": false,
              "pending": false,
              "context": null,
              "code": "cy.get('.selected').first().should('have.css', 'background-color', BLACK);",
              "err": {},
              "uuid": "1825a9b4-398e-497d-84f3-8ed01dec60a7",
              "parentUUID": "e48548de-b080-4233-8607-a19f772240ee",
              "isHook": false,
              "skipped": false
            },
            {
              "title": "Verifica se nenhuma outra cor da paleta tem a `classe` `selected`",
              "fullTitle": "6 - Defina a cor preta como cor inicial. Ao carregar a página a cor preta já deve estar selecionada para pintar os pixels Verifica se nenhuma outra cor da paleta tem a `classe` `selected`",
              "timedOut": null,
              "duration": 321,
              "state": "passed",
              "speed": "slow",
              "pass": true,
              "fail": false,
              "pending": false,
              "context": null,
              "code": "cy.get('.color:not(:first-child)').each(function (color) {\n  cy.wrap(color).should('not.have.class', 'selected');\n});",
              "err": {},
              "uuid": "f77c6ae3-720e-4c26-a8a4-fd9b7c62b63b",
              "parentUUID": "e48548de-b080-4233-8607-a19f772240ee",
              "isHook": false,
              "skipped": false
            }
          ],
          "suites": [],
          "passes": [
            "1825a9b4-398e-497d-84f3-8ed01dec60a7",
            "f77c6ae3-720e-4c26-a8a4-fd9b7c62b63b"
          ],
          "failures": [],
          "pending": [],
          "skipped": [],
          "duration": 620,
          "root": false,
          "rootEmpty": false,
          "_timeout": 2000
        },
        {
          "uuid": "2bc65c13-4829-4f45-b28d-766865ba9ffa",
          "title": "7 - Clicar em uma das cores da paleta, faz com que ela seja selecionada e utilizada para preencher os pixels no quadro.",
          "fullFile": "",
          "file": "",
          "beforeHooks": [],
          "afterHooks": [],
          "tests": [
            {
              "title": "Verifica se somente uma cor da paleta de cores tem a classe `selected` de cada vez",
              "fullTitle": "7 - Clicar em uma das cores da paleta, faz com que ela seja selecionada e utilizada para preencher os pixels no quadro. Verifica se somente uma cor da paleta de cores tem a classe `selected` de cada vez",
              "timedOut": null,
              "duration": 829,
              "state": "passed",
              "speed": "slow",
              "pass": true,
              "fail": false,
              "pending": false,
              "context": null,
              "code": "cy.get('.color').each(function (selectedColor, selectedColorIndex) {\n  cy.wrap(selectedColor).click();\n  cy.get('.color').each(function (color, colorIndex) {\n    if (colorIndex === selectedColorIndex) {\n      expect(color).to.have[\"class\"]('selected');\n    } else {\n      expect(color).not.to.have[\"class\"]('selected');\n    }\n  });\n});",
              "err": {},
              "uuid": "1a156917-9250-415c-a2b9-b18a4610dd9b",
              "parentUUID": "2bc65c13-4829-4f45-b28d-766865ba9ffa",
              "isHook": false,
              "skipped": false
            },
            {
              "title": "Verifica se os pixels dentro do quadro não têm a classe `selected` quando são clicados",
              "fullTitle": "7 - Clicar em uma das cores da paleta, faz com que ela seja selecionada e utilizada para preencher os pixels no quadro. Verifica se os pixels dentro do quadro não têm a classe `selected` quando são clicados",
              "timedOut": null,
              "duration": 9154,
              "state": "passed",
              "speed": "slow",
              "pass": true,
              "fail": false,
              "pending": false,
              "context": null,
              "code": "cy.get('.color').each(function (color) {\n  var backgroundColor = color.css('background-color');\n  cy.wrap(color).click();\n  cy.get('.pixel').each(function (pixel) {\n    cy.wrap(pixel).click().should('not.have.class', 'selected');\n  });\n});",
              "err": {},
              "uuid": "e0f823e4-a7b6-41b4-bc65-175ddfa45be1",
              "parentUUID": "2bc65c13-4829-4f45-b28d-766865ba9ffa",
              "isHook": false,
              "skipped": false
            }
          ],
          "suites": [],
          "passes": [
            "1a156917-9250-415c-a2b9-b18a4610dd9b",
            "e0f823e4-a7b6-41b4-bc65-175ddfa45be1"
          ],
          "failures": [],
          "pending": [],
          "skipped": [],
          "duration": 9983,
          "root": false,
          "rootEmpty": false,
          "_timeout": 2000
        },
        {
          "uuid": "c53225ff-005d-4a2b-90fa-d197171388f8",
          "title": "8 - Clicar em um pixel dentro do quadro após selecionar uma cor na paleta, faz com que o pixel seja preenchido com a cor selecionada.",
          "fullFile": "",
          "file": "",
          "beforeHooks": [],
          "afterHooks": [],
          "tests": [
            {
              "title": "Verifica se ao carregar a página deve ser possível pintar os pixels de preto",
              "fullTitle": "8 - Clicar em um pixel dentro do quadro após selecionar uma cor na paleta, faz com que o pixel seja preenchido com a cor selecionada. Verifica se ao carregar a página deve ser possível pintar os pixels de preto",
              "timedOut": null,
              "duration": 2763,
              "state": "passed",
              "speed": "slow",
              "pass": true,
              "fail": false,
              "pending": false,
              "context": null,
              "code": "cy.get('.pixel').each(function (pixel) {\n  cy.wrap(pixel).click().should('have.css', 'background-color', BLACK);\n});",
              "err": {},
              "uuid": "3f8ccc6a-f32e-43fb-94eb-80fd08f80235",
              "parentUUID": "c53225ff-005d-4a2b-90fa-d197171388f8",
              "isHook": false,
              "skipped": false
            },
            {
              "title": "Verifica se após selecionar uma outra cor na paleta, é possível pintar os pixels com essa cor",
              "fullTitle": "8 - Clicar em um pixel dentro do quadro após selecionar uma cor na paleta, faz com que o pixel seja preenchido com a cor selecionada. Verifica se após selecionar uma outra cor na paleta, é possível pintar os pixels com essa cor",
              "timedOut": null,
              "duration": 8942,
              "state": "passed",
              "speed": "slow",
              "pass": true,
              "fail": false,
              "pending": false,
              "context": null,
              "code": "cy.get('.color').each(function (color) {\n  var backgroundColor = color.css('background-color');\n  cy.wrap(color).click();\n  cy.get('.pixel').each(function (pixel) {\n    cy.wrap(pixel).click().should('have.css', 'background-color', backgroundColor);\n  });\n});",
              "err": {},
              "uuid": "a2b251d7-f429-410c-bb03-09f4c6b0fd1b",
              "parentUUID": "c53225ff-005d-4a2b-90fa-d197171388f8",
              "isHook": false,
              "skipped": false
            },
            {
              "title": "Verifica se somente o pixel que foi clicado foi preenchido com a cor selecionada, sem influenciar na cor dos demais pixels.",
              "fullTitle": "8 - Clicar em um pixel dentro do quadro após selecionar uma cor na paleta, faz com que o pixel seja preenchido com a cor selecionada. Verifica se somente o pixel que foi clicado foi preenchido com a cor selecionada, sem influenciar na cor dos demais pixels.",
              "timedOut": null,
              "duration": 3344,
              "state": "passed",
              "speed": "slow",
              "pass": true,
              "fail": false,
              "pending": false,
              "context": null,
              "code": "var colorToPixelIndexMap = {\n  0: 6,\n  1: 8,\n  2: 16,\n  3: 18\n};\ncy.get('.color').each(function (color, index) {\n  cy.wrap(color).click();\n  var backgroundColor = color.css('background-color');\n  var clickedPixelIndex = colorToPixelIndexMap[index];\n  cy.get('.pixel').eq(clickedPixelIndex).click();\n  cy.get('.pixel').eq(clickedPixelIndex - 1).should('not.have.css', 'background-color', backgroundColor);\n  cy.get('.pixel').eq(clickedPixelIndex + 1).should('not.have.css', 'background-color', backgroundColor);\n  cy.get('.pixel').eq(clickedPixelIndex - 5).should('not.have.css', 'background-color', backgroundColor);\n  cy.get('.pixel').eq(clickedPixelIndex + 5).should('not.have.css', 'background-color', backgroundColor);\n  cy.get('.pixel').eq(clickedPixelIndex - 6).should('not.have.css', 'background-color', backgroundColor);\n  cy.get('.pixel').eq(clickedPixelIndex - 4).should('not.have.css', 'background-color', backgroundColor);\n  cy.get('.pixel').eq(clickedPixelIndex + 4).should('not.have.css', 'background-color', backgroundColor);\n  cy.get('.pixel').eq(clickedPixelIndex + 6).should('not.have.css', 'background-color', backgroundColor);\n});",
              "err": {},
              "uuid": "43c9c217-b90b-4197-9957-996ac8e8bcb5",
              "parentUUID": "c53225ff-005d-4a2b-90fa-d197171388f8",
              "isHook": false,
              "skipped": false
            }
          ],
          "suites": [],
          "passes": [
            "3f8ccc6a-f32e-43fb-94eb-80fd08f80235",
            "a2b251d7-f429-410c-bb03-09f4c6b0fd1b",
            "43c9c217-b90b-4197-9957-996ac8e8bcb5"
          ],
          "failures": [],
          "pending": [],
          "skipped": [],
          "duration": 15049,
          "root": false,
          "rootEmpty": false,
          "_timeout": 2000
        },
        {
          "uuid": "fdc001c5-0f30-4831-8af8-d201fcfed0f8",
          "title": "9 - Crie um botão que, ao ser clicado, limpa o quadro preenchendo a cor de todos seus pixels com branco.",
          "fullFile": "",
          "file": "",
          "beforeHooks": [],
          "afterHooks": [],
          "tests": [
            {
              "title": "Verifica se o botão tem o `id` denominado `clear-board`",
              "fullTitle": "9 - Crie um botão que, ao ser clicado, limpa o quadro preenchendo a cor de todos seus pixels com branco. Verifica se o botão tem o `id` denominado `clear-board`",
              "timedOut": null,
              "duration": 225,
              "state": "passed",
              "speed": "slow",
              "pass": true,
              "fail": false,
              "pending": false,
              "context": null,
              "code": "cy.get('#clear-board').should('be.visible');",
              "err": {},
              "uuid": "f9aa086f-05ca-4b75-a84d-48ba54e10c96",
              "parentUUID": "fdc001c5-0f30-4831-8af8-d201fcfed0f8",
              "isHook": false,
              "skipped": false
            },
            {
              "title": "Verifica se o botão está posicionado entre a paleta de cores e o quadro de pixels",
              "fullTitle": "9 - Crie um botão que, ao ser clicado, limpa o quadro preenchendo a cor de todos seus pixels com branco. Verifica se o botão está posicionado entre a paleta de cores e o quadro de pixels",
              "timedOut": null,
              "duration": 4811,
              "state": "failed",
              "speed": null,
              "pass": false,
              "fail": true,
              "pending": false,
              "context": null,
              "code": "cy.get('#color-palette').then(function (palette) {\n  cy.get('#clear-board').should('be.belowOf', palette);\n});\ncy.get('#clear-board').then(function (clearBtn) {\n  cy.get('#pixel-board').should('be.belowOf', clearBtn);\n});",
              "err": {
                "message": "CypressError: Timed out retrying: expected '<section#pixel-board>' to be below of { Object (0, length, ...) }",
                "estack": "CypressError: Timed out retrying: expected '<section#pixel-board>' to be below of { Object (0, length, ...) }\n    at cypressErr (http://localhost:57832/__cypress/runner/cypress_runner.js:149934:9)\n    at throwErr (http://localhost:57832/__cypress/runner/cypress_runner.js:149867:11)\n    at Object.throwErrByPath (http://localhost:57832/__cypress/runner/cypress_runner.js:149915:3)\n    at retry (http://localhost:57832/__cypress/runner/cypress_runner.js:144197:19)\n    at onFailFn (http://localhost:57832/__cypress/runner/cypress_runner.js:132448:16)\n    at tryCatcher (http://localhost:57832/__cypress/runner/cypress_runner.js:167415:23)\n    at Promise._settlePromiseFromHandler (http://localhost:57832/__cypress/runner/cypress_runner.js:165351:31)\n    at Promise._settlePromise (http://localhost:57832/__cypress/runner/cypress_runner.js:165408:18)\n    at Promise._settlePromise0 (http://localhost:57832/__cypress/runner/cypress_runner.js:165453:10)\n    at Promise._settlePromises (http://localhost:57832/__cypress/runner/cypress_runner.js:165528:18)\n    at Async../node_modules/bluebird/js/release/async.js.Async._drainQueue (http://localhost:57832/__cypress/runner/cypress_runner.js:162140:16)\n    at Async../node_modules/bluebird/js/release/async.js.Async._drainQueues (http://localhost:57832/__cypress/runner/cypress_runner.js:162150:10)\n    at Async.drainQueues (http://localhost:57832/__cypress/runner/cypress_runner.js:162024:14)",
                "diff": null
              },
              "uuid": "604ce533-1053-458b-acab-a348519c47d0",
              "parentUUID": "fdc001c5-0f30-4831-8af8-d201fcfed0f8",
              "isHook": false,
              "skipped": false
            },
            {
              "title": "Verifica se o texto do botão é 'Limpar'",
              "fullTitle": "9 - Crie um botão que, ao ser clicado, limpa o quadro preenchendo a cor de todos seus pixels com branco. Verifica se o texto do botão é 'Limpar'",
              "timedOut": null,
              "duration": 498,
              "state": "passed",
              "speed": "slow",
              "pass": true,
              "fail": false,
              "pending": false,
              "context": null,
              "code": "cy.get('#clear-board').should('contain.text', 'Limpar');",
              "err": {},
              "uuid": "5a915132-6ebd-4373-b6e2-eadf72ea45ec",
              "parentUUID": "fdc001c5-0f30-4831-8af8-d201fcfed0f8",
              "isHook": false,
              "skipped": false
            },
            {
              "title": "Verifica se ao clicar no botão, o quadro de pixels é totalmente preenchido de branco",
              "fullTitle": "9 - Crie um botão que, ao ser clicado, limpa o quadro preenchendo a cor de todos seus pixels com branco. Verifica se ao clicar no botão, o quadro de pixels é totalmente preenchido de branco",
              "timedOut": null,
              "duration": 7030,
              "state": "failed",
              "speed": null,
              "pass": false,
              "fail": true,
              "pending": false,
              "context": null,
              "code": "cy.get('.color').eq(1).then(function (color) {\n  var backgroundColor = color.css('background-color');\n  cy.wrap(color).click();\n  cy.get('.pixel').each(function (pixel) {\n    cy.wrap(pixel).click().should('have.css', 'background-color', backgroundColor);\n  });\n});\ncy.get('#clear-board').click();\ncy.get('.pixel').each(function (pixel) {\n  cy.wrap(pixel).should('have.css', 'background-color', WHITE);\n});",
              "err": {
                "message": "CypressError: Timed out retrying: expected '<div.pixel>' to have CSS property 'background-color' with the value 'rgb(255, 255, 255)', but the value was 'rgb(255, 0, 0)'",
                "estack": "CypressError: Timed out retrying: expected '<div.pixel>' to have CSS property 'background-color' with the value 'rgb(255, 255, 255)', but the value was 'rgb(255, 0, 0)'\n    at cypressErr (http://localhost:57832/__cypress/runner/cypress_runner.js:149934:9)\n    at throwErr (http://localhost:57832/__cypress/runner/cypress_runner.js:149867:11)\n    at Object.throwErrByPath (http://localhost:57832/__cypress/runner/cypress_runner.js:149915:3)\n    at retry (http://localhost:57832/__cypress/runner/cypress_runner.js:144197:19)\n    at onFailFn (http://localhost:57832/__cypress/runner/cypress_runner.js:132448:16)\n    at tryCatcher (http://localhost:57832/__cypress/runner/cypress_runner.js:167415:23)\n    at Promise._settlePromiseFromHandler (http://localhost:57832/__cypress/runner/cypress_runner.js:165351:31)\n    at Promise._settlePromise (http://localhost:57832/__cypress/runner/cypress_runner.js:165408:18)\n    at Promise._settlePromise0 (http://localhost:57832/__cypress/runner/cypress_runner.js:165453:10)\n    at Promise._settlePromises (http://localhost:57832/__cypress/runner/cypress_runner.js:165528:18)\n    at Async../node_modules/bluebird/js/release/async.js.Async._drainQueue (http://localhost:57832/__cypress/runner/cypress_runner.js:162140:16)\n    at Async../node_modules/bluebird/js/release/async.js.Async._drainQueues (http://localhost:57832/__cypress/runner/cypress_runner.js:162150:10)\n    at Async.drainQueues (http://localhost:57832/__cypress/runner/cypress_runner.js:162024:14)",
                "diff": null
              },
              "uuid": "72bc50d9-566a-4dca-8549-afad40db2144",
              "parentUUID": "fdc001c5-0f30-4831-8af8-d201fcfed0f8",
              "isHook": false,
              "skipped": false
            }
          ],
          "suites": [],
          "passes": [
            "f9aa086f-05ca-4b75-a84d-48ba54e10c96",
            "5a915132-6ebd-4373-b6e2-eadf72ea45ec"
          ],
          "failures": [
            "604ce533-1053-458b-acab-a348519c47d0",
            "72bc50d9-566a-4dca-8549-afad40db2144"
          ],
          "pending": [],
          "skipped": [],
          "duration": 12564,
          "root": false,
          "rootEmpty": false,
          "_timeout": 2000
        },
        {
          "uuid": "68cc1979-b29a-46f0-8e3c-b4781fc693bd",
          "title": "10 - Faça o quadro de pixels ter seu tamanho definido pelo usuário.",
          "fullFile": "",
          "file": "",
          "beforeHooks": [],
          "afterHooks": [],
          "tests": [
            {
              "title": "Verifica se existe um input com o id `board-size`",
              "fullTitle": "10 - Faça o quadro de pixels ter seu tamanho definido pelo usuário. Verifica se existe um input com o id `board-size`",
              "timedOut": null,
              "duration": 5183,
              "state": "failed",
              "speed": null,
              "pass": false,
              "fail": true,
              "pending": false,
              "context": null,
              "code": "cy.get('#board-size').should('be.visible');",
              "err": {
                "message": "CypressError: Timed out retrying: Expected to find element: '#board-size', but never found it.",
                "estack": "CypressError: Timed out retrying: Expected to find element: '#board-size', but never found it.\n    at cypressErr (http://localhost:57832/__cypress/runner/cypress_runner.js:149934:9)\n    at throwErr (http://localhost:57832/__cypress/runner/cypress_runner.js:149867:11)\n    at Object.throwErrByPath (http://localhost:57832/__cypress/runner/cypress_runner.js:149915:3)\n    at retry (http://localhost:57832/__cypress/runner/cypress_runner.js:144197:19)\n    at onFailFn (http://localhost:57832/__cypress/runner/cypress_runner.js:132448:16)\n    at tryCatcher (http://localhost:57832/__cypress/runner/cypress_runner.js:167415:23)\n    at Promise._settlePromiseFromHandler (http://localhost:57832/__cypress/runner/cypress_runner.js:165351:31)\n    at Promise._settlePromise (http://localhost:57832/__cypress/runner/cypress_runner.js:165408:18)\n    at Promise._settlePromise0 (http://localhost:57832/__cypress/runner/cypress_runner.js:165453:10)\n    at Promise._settlePromises (http://localhost:57832/__cypress/runner/cypress_runner.js:165528:18)\n    at Async../node_modules/bluebird/js/release/async.js.Async._drainQueue (http://localhost:57832/__cypress/runner/cypress_runner.js:162140:16)\n    at Async../node_modules/bluebird/js/release/async.js.Async._drainQueues (http://localhost:57832/__cypress/runner/cypress_runner.js:162150:10)\n    at Async.drainQueues (http://localhost:57832/__cypress/runner/cypress_runner.js:162024:14)",
                "diff": null
              },
              "uuid": "dd307874-6574-4120-9923-f8412313c2e8",
              "parentUUID": "68cc1979-b29a-46f0-8e3c-b4781fc693bd",
              "isHook": false,
              "skipped": false
            },
            {
              "title": "Verifica se existe um botão com o id `generate-board`",
              "fullTitle": "10 - Faça o quadro de pixels ter seu tamanho definido pelo usuário. Verifica se existe um botão com o id `generate-board`",
              "timedOut": null,
              "duration": 5016,
              "state": "failed",
              "speed": null,
              "pass": false,
              "fail": true,
              "pending": false,
              "context": null,
              "code": "cy.get('#generate-board').should('be.visible');",
              "err": {
                "message": "CypressError: Timed out retrying: Expected to find element: '#generate-board', but never found it.",
                "estack": "CypressError: Timed out retrying: Expected to find element: '#generate-board', but never found it.\n    at cypressErr (http://localhost:57832/__cypress/runner/cypress_runner.js:149934:9)\n    at throwErr (http://localhost:57832/__cypress/runner/cypress_runner.js:149867:11)\n    at Object.throwErrByPath (http://localhost:57832/__cypress/runner/cypress_runner.js:149915:3)\n    at retry (http://localhost:57832/__cypress/runner/cypress_runner.js:144197:19)\n    at onFailFn (http://localhost:57832/__cypress/runner/cypress_runner.js:132448:16)\n    at tryCatcher (http://localhost:57832/__cypress/runner/cypress_runner.js:167415:23)\n    at Promise._settlePromiseFromHandler (http://localhost:57832/__cypress/runner/cypress_runner.js:165351:31)\n    at Promise._settlePromise (http://localhost:57832/__cypress/runner/cypress_runner.js:165408:18)\n    at Promise._settlePromise0 (http://localhost:57832/__cypress/runner/cypress_runner.js:165453:10)\n    at Promise._settlePromises (http://localhost:57832/__cypress/runner/cypress_runner.js:165528:18)\n    at Async../node_modules/bluebird/js/release/async.js.Async._drainQueue (http://localhost:57832/__cypress/runner/cypress_runner.js:162140:16)\n    at Async../node_modules/bluebird/js/release/async.js.Async._drainQueues (http://localhost:57832/__cypress/runner/cypress_runner.js:162150:10)\n    at Async.drainQueues (http://localhost:57832/__cypress/runner/cypress_runner.js:162024:14)",
                "diff": null
              },
              "uuid": "189554d8-5cb8-4f1b-afb1-6cf94d701b00",
              "parentUUID": "68cc1979-b29a-46f0-8e3c-b4781fc693bd",
              "isHook": false,
              "skipped": false
            },
            {
              "title": "Verifica se o input só aceita número maiores que zero. Essa restrição deve ser feita usando os atributos do elemento `input`",
              "fullTitle": "10 - Faça o quadro de pixels ter seu tamanho definido pelo usuário. Verifica se o input só aceita número maiores que zero. Essa restrição deve ser feita usando os atributos do elemento `input`",
              "timedOut": null,
              "duration": 4892,
              "state": "failed",
              "speed": null,
              "pass": false,
              "fail": true,
              "pending": false,
              "context": null,
              "code": "cy.get('#board-size[type=\\'number\\'][min=\\'1\\']');",
              "err": {
                "message": "CypressError: Timed out retrying: Expected to find element: '#board-size[type='number'][min='1']', but never found it.",
                "estack": "CypressError: Timed out retrying: Expected to find element: '#board-size[type='number'][min='1']', but never found it.\n    at cypressErr (http://localhost:57832/__cypress/runner/cypress_runner.js:149934:9)\n    at throwErr (http://localhost:57832/__cypress/runner/cypress_runner.js:149867:11)\n    at Object.throwErrByPath (http://localhost:57832/__cypress/runner/cypress_runner.js:149915:3)\n    at retry (http://localhost:57832/__cypress/runner/cypress_runner.js:144197:19)\n    at onFailFn (http://localhost:57832/__cypress/runner/cypress_runner.js:132448:16)\n    at tryCatcher (http://localhost:57832/__cypress/runner/cypress_runner.js:167415:23)\n    at Promise._settlePromiseFromHandler (http://localhost:57832/__cypress/runner/cypress_runner.js:165351:31)\n    at Promise._settlePromise (http://localhost:57832/__cypress/runner/cypress_runner.js:165408:18)\n    at Promise._settlePromise0 (http://localhost:57832/__cypress/runner/cypress_runner.js:165453:10)\n    at Promise._settlePromises (http://localhost:57832/__cypress/runner/cypress_runner.js:165528:18)\n    at Async../node_modules/bluebird/js/release/async.js.Async._drainQueue (http://localhost:57832/__cypress/runner/cypress_runner.js:162140:16)\n    at Async../node_modules/bluebird/js/release/async.js.Async._drainQueues (http://localhost:57832/__cypress/runner/cypress_runner.js:162150:10)\n    at Async.drainQueues (http://localhost:57832/__cypress/runner/cypress_runner.js:162024:14)",
                "diff": null
              },
              "uuid": "4dadda5a-b703-4bfe-bbde-b81a7632407a",
              "parentUUID": "68cc1979-b29a-46f0-8e3c-b4781fc693bd",
              "isHook": false,
              "skipped": false
            },
            {
              "title": "Verifica se o botão contém o texto 'VQV'",
              "fullTitle": "10 - Faça o quadro de pixels ter seu tamanho definido pelo usuário. Verifica se o botão contém o texto 'VQV'",
              "timedOut": null,
              "duration": 4770,
              "state": "failed",
              "speed": null,
              "pass": false,
              "fail": true,
              "pending": false,
              "context": null,
              "code": "cy.get('#generate-board').contains(/vqv/i);",
              "err": {
                "message": "CypressError: Timed out retrying: Expected to find element: '#generate-board', but never found it.",
                "estack": "CypressError: Timed out retrying: Expected to find element: '#generate-board', but never found it.\n    at cypressErr (http://localhost:57832/__cypress/runner/cypress_runner.js:149934:9)\n    at throwErr (http://localhost:57832/__cypress/runner/cypress_runner.js:149867:11)\n    at Object.throwErrByPath (http://localhost:57832/__cypress/runner/cypress_runner.js:149915:3)\n    at retry (http://localhost:57832/__cypress/runner/cypress_runner.js:144197:19)\n    at onFailFn (http://localhost:57832/__cypress/runner/cypress_runner.js:132448:16)\n    at tryCatcher (http://localhost:57832/__cypress/runner/cypress_runner.js:167415:23)\n    at Promise._settlePromiseFromHandler (http://localhost:57832/__cypress/runner/cypress_runner.js:165351:31)\n    at Promise._settlePromise (http://localhost:57832/__cypress/runner/cypress_runner.js:165408:18)\n    at Promise._settlePromise0 (http://localhost:57832/__cypress/runner/cypress_runner.js:165453:10)\n    at Promise._settlePromises (http://localhost:57832/__cypress/runner/cypress_runner.js:165528:18)\n    at Async../node_modules/bluebird/js/release/async.js.Async._drainQueue (http://localhost:57832/__cypress/runner/cypress_runner.js:162140:16)\n    at Async../node_modules/bluebird/js/release/async.js.Async._drainQueues (http://localhost:57832/__cypress/runner/cypress_runner.js:162150:10)\n    at Async.drainQueues (http://localhost:57832/__cypress/runner/cypress_runner.js:162024:14)",
                "diff": null
              },
              "uuid": "e7d6b735-6419-47d3-ae49-a7925abc2658",
              "parentUUID": "68cc1979-b29a-46f0-8e3c-b4781fc693bd",
              "isHook": false,
              "skipped": false
            },
            {
              "title": "Verifica se o input está posicionado entre a paleta de cores e o quadro de pixels",
              "fullTitle": "10 - Faça o quadro de pixels ter seu tamanho definido pelo usuário. Verifica se o input está posicionado entre a paleta de cores e o quadro de pixels",
              "timedOut": null,
              "duration": 5241,
              "state": "failed",
              "speed": null,
              "pass": false,
              "fail": true,
              "pending": false,
              "context": null,
              "code": "cy.get('#color-palette').then(function (palette) {\n  cy.get('#board-size').should('be.belowOf', palette);\n});\ncy.get('#board-size').then(function (palette) {\n  cy.get('#pixel-board').should('be.belowOf', palette);\n});",
              "err": {
                "message": "CypressError: Timed out retrying: Expected to find element: '#board-size', but never found it.",
                "estack": "CypressError: Timed out retrying: Expected to find element: '#board-size', but never found it.\n    at cypressErr (http://localhost:57832/__cypress/runner/cypress_runner.js:149934:9)\n    at throwErr (http://localhost:57832/__cypress/runner/cypress_runner.js:149867:11)\n    at Object.throwErrByPath (http://localhost:57832/__cypress/runner/cypress_runner.js:149915:3)\n    at retry (http://localhost:57832/__cypress/runner/cypress_runner.js:144197:19)\n    at onFailFn (http://localhost:57832/__cypress/runner/cypress_runner.js:132448:16)\n    at tryCatcher (http://localhost:57832/__cypress/runner/cypress_runner.js:167415:23)\n    at Promise._settlePromiseFromHandler (http://localhost:57832/__cypress/runner/cypress_runner.js:165351:31)\n    at Promise._settlePromise (http://localhost:57832/__cypress/runner/cypress_runner.js:165408:18)\n    at Promise._settlePromise0 (http://localhost:57832/__cypress/runner/cypress_runner.js:165453:10)\n    at Promise._settlePromises (http://localhost:57832/__cypress/runner/cypress_runner.js:165528:18)\n    at Async../node_modules/bluebird/js/release/async.js.Async._drainQueue (http://localhost:57832/__cypress/runner/cypress_runner.js:162140:16)\n    at Async../node_modules/bluebird/js/release/async.js.Async._drainQueues (http://localhost:57832/__cypress/runner/cypress_runner.js:162150:10)\n    at Async.drainQueues (http://localhost:57832/__cypress/runner/cypress_runner.js:162024:14)",
                "diff": null
              },
              "uuid": "a78bcf07-1e65-4d8d-b41e-ce3545a0c4e0",
              "parentUUID": "68cc1979-b29a-46f0-8e3c-b4781fc693bd",
              "isHook": false,
              "skipped": false
            },
            {
              "title": "Verifica se o botão está posicionado ao lado do input",
              "fullTitle": "10 - Faça o quadro de pixels ter seu tamanho definido pelo usuário. Verifica se o botão está posicionado ao lado do input",
              "timedOut": null,
              "duration": 4901,
              "state": "failed",
              "speed": null,
              "pass": false,
              "fail": true,
              "pending": false,
              "context": null,
              "code": "cy.get('#board-size').then(function (board) {\n  cy.get('#generate-board').should('be.onTheRightOf', board);\n});",
              "err": {
                "message": "CypressError: Timed out retrying: Expected to find element: '#board-size', but never found it.",
                "estack": "CypressError: Timed out retrying: Expected to find element: '#board-size', but never found it.\n    at cypressErr (http://localhost:57832/__cypress/runner/cypress_runner.js:149934:9)\n    at throwErr (http://localhost:57832/__cypress/runner/cypress_runner.js:149867:11)\n    at Object.throwErrByPath (http://localhost:57832/__cypress/runner/cypress_runner.js:149915:3)\n    at retry (http://localhost:57832/__cypress/runner/cypress_runner.js:144197:19)\n    at onFailFn (http://localhost:57832/__cypress/runner/cypress_runner.js:132448:16)\n    at tryCatcher (http://localhost:57832/__cypress/runner/cypress_runner.js:167415:23)\n    at Promise._settlePromiseFromHandler (http://localhost:57832/__cypress/runner/cypress_runner.js:165351:31)\n    at Promise._settlePromise (http://localhost:57832/__cypress/runner/cypress_runner.js:165408:18)\n    at Promise._settlePromise0 (http://localhost:57832/__cypress/runner/cypress_runner.js:165453:10)\n    at Promise._settlePromises (http://localhost:57832/__cypress/runner/cypress_runner.js:165528:18)\n    at Async../node_modules/bluebird/js/release/async.js.Async._drainQueue (http://localhost:57832/__cypress/runner/cypress_runner.js:162140:16)\n    at Async../node_modules/bluebird/js/release/async.js.Async._drainQueues (http://localhost:57832/__cypress/runner/cypress_runner.js:162150:10)\n    at Async.drainQueues (http://localhost:57832/__cypress/runner/cypress_runner.js:162024:14)",
                "diff": null
              },
              "uuid": "b9e410a1-1a53-47f3-86da-1824614706e0",
              "parentUUID": "68cc1979-b29a-46f0-8e3c-b4781fc693bd",
              "isHook": false,
              "skipped": false
            },
            {
              "title": "Verifica se nenhum valor for colocado no input ao clicar no botão, um `alert` é exibido com o texto: 'Board inválido!'",
              "fullTitle": "10 - Faça o quadro de pixels ter seu tamanho definido pelo usuário. Verifica se nenhum valor for colocado no input ao clicar no botão, um `alert` é exibido com o texto: 'Board inválido!'",
              "timedOut": null,
              "duration": 4977,
              "state": "failed",
              "speed": null,
              "pass": false,
              "fail": true,
              "pending": false,
              "context": null,
              "code": "var alerted = false;\ncy.on('window:alert', function (msg) {\n  return alerted = msg;\n});\ncy.get('#generate-board').click().then(function () {\n  return expect(alerted).to.match(/Board inválido!/i);\n});",
              "err": {
                "message": "CypressError: Timed out retrying: Expected to find element: '#generate-board', but never found it.",
                "estack": "CypressError: Timed out retrying: Expected to find element: '#generate-board', but never found it.\n    at cypressErr (http://localhost:57832/__cypress/runner/cypress_runner.js:149934:9)\n    at throwErr (http://localhost:57832/__cypress/runner/cypress_runner.js:149867:11)\n    at Object.throwErrByPath (http://localhost:57832/__cypress/runner/cypress_runner.js:149915:3)\n    at retry (http://localhost:57832/__cypress/runner/cypress_runner.js:144197:19)\n    at onFailFn (http://localhost:57832/__cypress/runner/cypress_runner.js:132448:16)\n    at tryCatcher (http://localhost:57832/__cypress/runner/cypress_runner.js:167415:23)\n    at Promise._settlePromiseFromHandler (http://localhost:57832/__cypress/runner/cypress_runner.js:165351:31)\n    at Promise._settlePromise (http://localhost:57832/__cypress/runner/cypress_runner.js:165408:18)\n    at Promise._settlePromise0 (http://localhost:57832/__cypress/runner/cypress_runner.js:165453:10)\n    at Promise._settlePromises (http://localhost:57832/__cypress/runner/cypress_runner.js:165528:18)\n    at Async../node_modules/bluebird/js/release/async.js.Async._drainQueue (http://localhost:57832/__cypress/runner/cypress_runner.js:162140:16)\n    at Async../node_modules/bluebird/js/release/async.js.Async._drainQueues (http://localhost:57832/__cypress/runner/cypress_runner.js:162150:10)\n    at Async.drainQueues (http://localhost:57832/__cypress/runner/cypress_runner.js:162024:14)",
                "diff": null
              },
              "uuid": "42b16e8d-a246-498b-900b-87e80ab25ff9",
              "parentUUID": "68cc1979-b29a-46f0-8e3c-b4781fc693bd",
              "isHook": false,
              "skipped": false
            },
            {
              "title": "Verifica se ao clicar no botão com um valor preenchido, o tamanho do board muda.",
              "fullTitle": "10 - Faça o quadro de pixels ter seu tamanho definido pelo usuário. Verifica se ao clicar no botão com um valor preenchido, o tamanho do board muda.",
              "timedOut": null,
              "duration": 5026,
              "state": "failed",
              "speed": null,
              "pass": false,
              "fail": true,
              "pending": false,
              "context": null,
              "code": "cy.get('#board-size').clear().type(10);\ncy.get('#generate-board').click();\ncy.get('.pixel').should('have.length', 100);",
              "err": {
                "message": "CypressError: Timed out retrying: Expected to find element: '#board-size', but never found it.",
                "estack": "CypressError: Timed out retrying: Expected to find element: '#board-size', but never found it.\n    at cypressErr (http://localhost:57832/__cypress/runner/cypress_runner.js:149934:9)\n    at throwErr (http://localhost:57832/__cypress/runner/cypress_runner.js:149867:11)\n    at Object.throwErrByPath (http://localhost:57832/__cypress/runner/cypress_runner.js:149915:3)\n    at retry (http://localhost:57832/__cypress/runner/cypress_runner.js:144197:19)\n    at onFailFn (http://localhost:57832/__cypress/runner/cypress_runner.js:132448:16)\n    at tryCatcher (http://localhost:57832/__cypress/runner/cypress_runner.js:167415:23)\n    at Promise._settlePromiseFromHandler (http://localhost:57832/__cypress/runner/cypress_runner.js:165351:31)\n    at Promise._settlePromise (http://localhost:57832/__cypress/runner/cypress_runner.js:165408:18)\n    at Promise._settlePromise0 (http://localhost:57832/__cypress/runner/cypress_runner.js:165453:10)\n    at Promise._settlePromises (http://localhost:57832/__cypress/runner/cypress_runner.js:165528:18)\n    at Async../node_modules/bluebird/js/release/async.js.Async._drainQueue (http://localhost:57832/__cypress/runner/cypress_runner.js:162140:16)\n    at Async../node_modules/bluebird/js/release/async.js.Async._drainQueues (http://localhost:57832/__cypress/runner/cypress_runner.js:162150:10)\n    at Async.drainQueues (http://localhost:57832/__cypress/runner/cypress_runner.js:162024:14)",
                "diff": null
              },
              "uuid": "3fe0e920-8980-426c-9d04-2efc45bf1bde",
              "parentUUID": "68cc1979-b29a-46f0-8e3c-b4781fc693bd",
              "isHook": false,
              "skipped": false
            },
            {
              "title": "Verifica se o novo quadro tem todos os pixels preenchidos com a cor branca",
              "fullTitle": "10 - Faça o quadro de pixels ter seu tamanho definido pelo usuário. Verifica se o novo quadro tem todos os pixels preenchidos com a cor branca",
              "timedOut": null,
              "duration": 5109,
              "state": "failed",
              "speed": null,
              "pass": false,
              "fail": true,
              "pending": false,
              "context": null,
              "code": "cy.get('#board-size').clear().type(6);\ncy.get('#generate-board').click();\ncy.get('.pixel').should('have.length', 36).each(function (pixel) {\n  expect(pixel).to.have.css('background-color', WHITE);\n});",
              "err": {
                "message": "CypressError: Timed out retrying: Expected to find element: '#board-size', but never found it.",
                "estack": "CypressError: Timed out retrying: Expected to find element: '#board-size', but never found it.\n    at cypressErr (http://localhost:57832/__cypress/runner/cypress_runner.js:149934:9)\n    at throwErr (http://localhost:57832/__cypress/runner/cypress_runner.js:149867:11)\n    at Object.throwErrByPath (http://localhost:57832/__cypress/runner/cypress_runner.js:149915:3)\n    at retry (http://localhost:57832/__cypress/runner/cypress_runner.js:144197:19)\n    at onFailFn (http://localhost:57832/__cypress/runner/cypress_runner.js:132448:16)\n    at tryCatcher (http://localhost:57832/__cypress/runner/cypress_runner.js:167415:23)\n    at Promise._settlePromiseFromHandler (http://localhost:57832/__cypress/runner/cypress_runner.js:165351:31)\n    at Promise._settlePromise (http://localhost:57832/__cypress/runner/cypress_runner.js:165408:18)\n    at Promise._settlePromise0 (http://localhost:57832/__cypress/runner/cypress_runner.js:165453:10)\n    at Promise._settlePromises (http://localhost:57832/__cypress/runner/cypress_runner.js:165528:18)\n    at Async../node_modules/bluebird/js/release/async.js.Async._drainQueue (http://localhost:57832/__cypress/runner/cypress_runner.js:162140:16)\n    at Async../node_modules/bluebird/js/release/async.js.Async._drainQueues (http://localhost:57832/__cypress/runner/cypress_runner.js:162150:10)\n    at Async.drainQueues (http://localhost:57832/__cypress/runner/cypress_runner.js:162024:14)",
                "diff": null
              },
              "uuid": "d8c6cafe-7f04-4c1a-a7ce-88444ff68f21",
              "parentUUID": "68cc1979-b29a-46f0-8e3c-b4781fc693bd",
              "isHook": false,
              "skipped": false
            }
          ],
          "suites": [],
          "passes": [],
          "failures": [
            "dd307874-6574-4120-9923-f8412313c2e8",
            "189554d8-5cb8-4f1b-afb1-6cf94d701b00",
            "4dadda5a-b703-4bfe-bbde-b81a7632407a",
            "e7d6b735-6419-47d3-ae49-a7925abc2658",
            "a78bcf07-1e65-4d8d-b41e-ce3545a0c4e0",
            "b9e410a1-1a53-47f3-86da-1824614706e0",
            "42b16e8d-a246-498b-900b-87e80ab25ff9",
            "3fe0e920-8980-426c-9d04-2efc45bf1bde",
            "d8c6cafe-7f04-4c1a-a7ce-88444ff68f21"
          ],
          "pending": [],
          "skipped": [],
          "duration": 45115,
          "root": false,
          "rootEmpty": false,
          "_timeout": 2000
        },
        {
          "uuid": "d8ef829e-96a1-40f7-85d4-80630f2e72e3",
          "title": "11 - Limite o tamanho mínimo e máximo do board.",
          "fullFile": "",
          "file": "",
          "beforeHooks": [],
          "afterHooks": [],
          "tests": [
            {
              "title": "Verifica se a altura máxima do board é 50",
              "fullTitle": "11 - Limite o tamanho mínimo e máximo do board. Verifica se a altura máxima do board é 50",
              "timedOut": null,
              "duration": 5003,
              "state": "failed",
              "speed": null,
              "pass": false,
              "fail": true,
              "pending": false,
              "context": null,
              "code": "cy.get('#board-size').clear().type(50);\ncy.get('#generate-board').click();\ncy.get('.pixel').should('have.length', 2500);",
              "err": {
                "message": "CypressError: Timed out retrying: Expected to find element: '#board-size', but never found it.",
                "estack": "CypressError: Timed out retrying: Expected to find element: '#board-size', but never found it.\n    at cypressErr (http://localhost:57832/__cypress/runner/cypress_runner.js:149934:9)\n    at throwErr (http://localhost:57832/__cypress/runner/cypress_runner.js:149867:11)\n    at Object.throwErrByPath (http://localhost:57832/__cypress/runner/cypress_runner.js:149915:3)\n    at retry (http://localhost:57832/__cypress/runner/cypress_runner.js:144197:19)\n    at onFailFn (http://localhost:57832/__cypress/runner/cypress_runner.js:132448:16)\n    at tryCatcher (http://localhost:57832/__cypress/runner/cypress_runner.js:167415:23)\n    at Promise._settlePromiseFromHandler (http://localhost:57832/__cypress/runner/cypress_runner.js:165351:31)\n    at Promise._settlePromise (http://localhost:57832/__cypress/runner/cypress_runner.js:165408:18)\n    at Promise._settlePromise0 (http://localhost:57832/__cypress/runner/cypress_runner.js:165453:10)\n    at Promise._settlePromises (http://localhost:57832/__cypress/runner/cypress_runner.js:165528:18)\n    at Async../node_modules/bluebird/js/release/async.js.Async._drainQueue (http://localhost:57832/__cypress/runner/cypress_runner.js:162140:16)\n    at Async../node_modules/bluebird/js/release/async.js.Async._drainQueues (http://localhost:57832/__cypress/runner/cypress_runner.js:162150:10)\n    at Async.drainQueues (http://localhost:57832/__cypress/runner/cypress_runner.js:162024:14)",
                "diff": null
              },
              "uuid": "09e2be6b-b13e-4482-ba06-bdd48f217d73",
              "parentUUID": "d8ef829e-96a1-40f7-85d4-80630f2e72e3",
              "isHook": false,
              "skipped": false
            },
            {
              "title": "Verifica se a altura do board é 5 quando um valor menor é colocado no input",
              "fullTitle": "11 - Limite o tamanho mínimo e máximo do board. Verifica se a altura do board é 5 quando um valor menor é colocado no input",
              "timedOut": null,
              "duration": 4977,
              "state": "failed",
              "speed": null,
              "pass": false,
              "fail": true,
              "pending": false,
              "context": null,
              "code": "cy.get('#board-size').clear().type(4);\ncy.get('#generate-board').click();\ncy.get('.pixel').should('have.length', 25);",
              "err": {
                "message": "CypressError: Timed out retrying: Expected to find element: '#board-size', but never found it.",
                "estack": "CypressError: Timed out retrying: Expected to find element: '#board-size', but never found it.\n    at cypressErr (http://localhost:57832/__cypress/runner/cypress_runner.js:149934:9)\n    at throwErr (http://localhost:57832/__cypress/runner/cypress_runner.js:149867:11)\n    at Object.throwErrByPath (http://localhost:57832/__cypress/runner/cypress_runner.js:149915:3)\n    at retry (http://localhost:57832/__cypress/runner/cypress_runner.js:144197:19)\n    at onFailFn (http://localhost:57832/__cypress/runner/cypress_runner.js:132448:16)\n    at tryCatcher (http://localhost:57832/__cypress/runner/cypress_runner.js:167415:23)\n    at Promise._settlePromiseFromHandler (http://localhost:57832/__cypress/runner/cypress_runner.js:165351:31)\n    at Promise._settlePromise (http://localhost:57832/__cypress/runner/cypress_runner.js:165408:18)\n    at Promise._settlePromise0 (http://localhost:57832/__cypress/runner/cypress_runner.js:165453:10)\n    at Promise._settlePromises (http://localhost:57832/__cypress/runner/cypress_runner.js:165528:18)\n    at Async../node_modules/bluebird/js/release/async.js.Async._drainQueue (http://localhost:57832/__cypress/runner/cypress_runner.js:162140:16)\n    at Async../node_modules/bluebird/js/release/async.js.Async._drainQueues (http://localhost:57832/__cypress/runner/cypress_runner.js:162150:10)\n    at Async.drainQueues (http://localhost:57832/__cypress/runner/cypress_runner.js:162024:14)",
                "diff": null
              },
              "uuid": "e513be1a-ba98-487c-a884-cf2c45a4086b",
              "parentUUID": "d8ef829e-96a1-40f7-85d4-80630f2e72e3",
              "isHook": false,
              "skipped": false
            },
            {
              "title": "Verifica se a altura do board é 50 quando um valor maior é colocado no input",
              "fullTitle": "11 - Limite o tamanho mínimo e máximo do board. Verifica se a altura do board é 50 quando um valor maior é colocado no input",
              "timedOut": null,
              "duration": 4915,
              "state": "failed",
              "speed": null,
              "pass": false,
              "fail": true,
              "pending": false,
              "context": null,
              "code": "cy.get('#board-size').clear().type(51);\ncy.get('#generate-board').click();\ncy.get('.pixel').should('have.length', 2500);",
              "err": {
                "message": "CypressError: Timed out retrying: Expected to find element: '#board-size', but never found it.",
                "estack": "CypressError: Timed out retrying: Expected to find element: '#board-size', but never found it.\n    at cypressErr (http://localhost:57832/__cypress/runner/cypress_runner.js:149934:9)\n    at throwErr (http://localhost:57832/__cypress/runner/cypress_runner.js:149867:11)\n    at Object.throwErrByPath (http://localhost:57832/__cypress/runner/cypress_runner.js:149915:3)\n    at retry (http://localhost:57832/__cypress/runner/cypress_runner.js:144197:19)\n    at onFailFn (http://localhost:57832/__cypress/runner/cypress_runner.js:132448:16)\n    at tryCatcher (http://localhost:57832/__cypress/runner/cypress_runner.js:167415:23)\n    at Promise._settlePromiseFromHandler (http://localhost:57832/__cypress/runner/cypress_runner.js:165351:31)\n    at Promise._settlePromise (http://localhost:57832/__cypress/runner/cypress_runner.js:165408:18)\n    at Promise._settlePromise0 (http://localhost:57832/__cypress/runner/cypress_runner.js:165453:10)\n    at Promise._settlePromises (http://localhost:57832/__cypress/runner/cypress_runner.js:165528:18)\n    at Async../node_modules/bluebird/js/release/async.js.Async._drainQueue (http://localhost:57832/__cypress/runner/cypress_runner.js:162140:16)\n    at Async../node_modules/bluebird/js/release/async.js.Async._drainQueues (http://localhost:57832/__cypress/runner/cypress_runner.js:162150:10)\n    at Async.drainQueues (http://localhost:57832/__cypress/runner/cypress_runner.js:162024:14)",
                "diff": null
              },
              "uuid": "abe85e68-a94a-49fb-9953-c2c765fdbace",
              "parentUUID": "d8ef829e-96a1-40f7-85d4-80630f2e72e3",
              "isHook": false,
              "skipped": false
            }
          ],
          "suites": [],
          "passes": [],
          "failures": [
            "09e2be6b-b13e-4482-ba06-bdd48f217d73",
            "e513be1a-ba98-487c-a884-cf2c45a4086b",
            "abe85e68-a94a-49fb-9953-c2c765fdbace"
          ],
          "pending": [],
          "skipped": [],
          "duration": 14895,
          "root": false,
          "rootEmpty": false,
          "_timeout": 2000
        },
        {
          "uuid": "2eaab67e-4dbc-444f-829c-c94b8bd58694",
          "title": "12 - Faça com que as cores da paleta sejam geradas aleatoriamente ao carregar a página.",
          "fullFile": "",
          "file": "",
          "beforeHooks": [],
          "afterHooks": [],
          "tests": [
            {
              "title": "Verifica se as cores geradas na paleta são diferentes a cada carregamento da página",
              "fullTitle": "12 - Faça com que as cores da paleta sejam geradas aleatoriamente ao carregar a página. Verifica se as cores geradas na paleta são diferentes a cada carregamento da página",
              "timedOut": null,
              "duration": 1802,
              "state": "failed",
              "speed": null,
              "pass": false,
              "fail": true,
              "pending": false,
              "context": null,
              "code": "cy.get('.color').then(function (colors) {\n  var currentColors;\n  var previousColors;\n  previousColors = Array.from(colors).map(function (color) {\n    return Cypress.$(color).css('background-color');\n  });\n  for (var i = 0; i < 5; i += 1) {\n    cy.reload();\n    cy.get('.color').then(function (colors) {\n      currentColors = Array.from(colors).map(function (color) {\n        return Cypress.$(color).css('background-color');\n      });\n      expect(currentColors).not.to.deep.equal(previousColors);\n      previousColors = currentColors;\n    });\n  }\n});",
              "err": {
                "message": "AssertionError: expected [ Array(4) ] to not deeply equal [ Array(4) ]",
                "estack": "AssertionError: expected [ Array(4) ] to not deeply equal [ Array(4) ]\n    at getRet (http://localhost:57832/__cypress/runner/cypress_runner.js:136585:16)\n    at tryCatcher (http://localhost:57832/__cypress/runner/cypress_runner.js:167415:23)\n    at Function.Promise.attempt.Promise.try (http://localhost:57832/__cypress/runner/cypress_runner.js:164690:29)\n    at Context.thenFn (http://localhost:57832/__cypress/runner/cypress_runner.js:136599:23)\n    at Context.then (http://localhost:57832/__cypress/runner/cypress_runner.js:136971:21)\n    at Context.<anonymous> (http://localhost:57832/__cypress/runner/cypress_runner.js:148875:21)\n    at http://localhost:57832/__cypress/runner/cypress_runner.js:148351:33\n    at tryCatcher (http://localhost:57832/__cypress/runner/cypress_runner.js:167415:23)\n    at Promise._settlePromiseFromHandler (http://localhost:57832/__cypress/runner/cypress_runner.js:165351:31)\n    at Promise._settlePromise (http://localhost:57832/__cypress/runner/cypress_runner.js:165408:18)\n    at Promise._settlePromiseCtx (http://localhost:57832/__cypress/runner/cypress_runner.js:165445:10)\n    at Async../node_modules/bluebird/js/release/async.js.Async._drainQueue (http://localhost:57832/__cypress/runner/cypress_runner.js:162145:12)\n    at Async../node_modules/bluebird/js/release/async.js.Async._drainQueues (http://localhost:57832/__cypress/runner/cypress_runner.js:162150:10)\n    at Async.drainQueues (http://localhost:57832/__cypress/runner/cypress_runner.js:162024:14)",
                "diff": ""
              },
              "uuid": "248851fc-0988-48dd-8938-56054a421237",
              "parentUUID": "2eaab67e-4dbc-444f-829c-c94b8bd58694",
              "isHook": false,
              "skipped": false
            },
            {
              "title": "Verifica se a cor preta ainda está presente e é a primeira na sua paleta de cores",
              "fullTitle": "12 - Faça com que as cores da paleta sejam geradas aleatoriamente ao carregar a página. Verifica se a cor preta ainda está presente e é a primeira na sua paleta de cores",
              "timedOut": null,
              "duration": 1376,
              "state": "failed",
              "speed": null,
              "pass": false,
              "fail": true,
              "pending": false,
              "context": null,
              "code": "cy.get('.color').then(function (colors) {\n  var currentColors;\n  var previousColors;\n  previousColors = Array.from(colors).map(function (color) {\n    return Cypress.$(color).css('background-color');\n  });\n  expect(previousColors[0]).to.eq(BLACK);\n  for (var i = 0; i < 5; i += 1) {\n    cy.reload();\n    cy.get('.color').then(function (colors) {\n      currentColors = Array.from(colors).map(function (color) {\n        return Cypress.$(color).css('background-color');\n      });\n      expect(currentColors[0]).to.eq(BLACK);\n      expect(currentColors).not.to.deep.equal(previousColors);\n      previousColors = currentColors;\n    });\n  }\n});",
              "err": {
                "message": "AssertionError: expected [ Array(4) ] to not deeply equal [ Array(4) ]",
                "estack": "AssertionError: expected [ Array(4) ] to not deeply equal [ Array(4) ]\n    at getRet (http://localhost:57832/__cypress/runner/cypress_runner.js:136585:16)\n    at tryCatcher (http://localhost:57832/__cypress/runner/cypress_runner.js:167415:23)\n    at Function.Promise.attempt.Promise.try (http://localhost:57832/__cypress/runner/cypress_runner.js:164690:29)\n    at Context.thenFn (http://localhost:57832/__cypress/runner/cypress_runner.js:136599:23)\n    at Context.then (http://localhost:57832/__cypress/runner/cypress_runner.js:136971:21)\n    at Context.<anonymous> (http://localhost:57832/__cypress/runner/cypress_runner.js:148875:21)\n    at http://localhost:57832/__cypress/runner/cypress_runner.js:148351:33\n    at tryCatcher (http://localhost:57832/__cypress/runner/cypress_runner.js:167415:23)\n    at Promise._settlePromiseFromHandler (http://localhost:57832/__cypress/runner/cypress_runner.js:165351:31)\n    at Promise._settlePromise (http://localhost:57832/__cypress/runner/cypress_runner.js:165408:18)\n    at Promise._settlePromiseCtx (http://localhost:57832/__cypress/runner/cypress_runner.js:165445:10)\n    at Async../node_modules/bluebird/js/release/async.js.Async._drainQueue (http://localhost:57832/__cypress/runner/cypress_runner.js:162145:12)\n    at Async../node_modules/bluebird/js/release/async.js.Async._drainQueues (http://localhost:57832/__cypress/runner/cypress_runner.js:162150:10)\n    at Async.drainQueues (http://localhost:57832/__cypress/runner/cypress_runner.js:162024:14)",
                "diff": ""
              },
              "uuid": "31a7a120-e903-4207-9db0-478e79ea53d3",
              "parentUUID": "2eaab67e-4dbc-444f-829c-c94b8bd58694",
              "isHook": false,
              "skipped": false
            }
          ],
          "suites": [],
          "passes": [],
          "failures": [
            "248851fc-0988-48dd-8938-56054a421237",
            "31a7a120-e903-4207-9db0-478e79ea53d3"
          ],
          "pending": [],
          "skipped": [],
          "duration": 3178,
          "root": false,
          "rootEmpty": false,
          "_timeout": 2000
        }
      ],
      "passes": [],
      "failures": [],
      "pending": [],
      "skipped": [],
      "duration": 0,
      "root": true,
      "rootEmpty": true,
      "_timeout": 2000
    }
  ],
  "meta": {
    "mocha": {
      "version": "7.0.1"
    },
    "mochawesome": {
      "options": {
        "quiet": false,
        "reportFilename": "mochawesome",
        "saveHtml": false,
        "saveJson": true,
        "consoleReporter": "spec",
        "useInlineDiffs": false
      },
      "version": "4.1.0"
    },
    "marge": {
      "options": {
        "id": "default",
        "reportDir": "cypress/reports",
        "overwrite": true,
        "html": false,
        "json": true
      },
      "version": "4.1.0"
    }
  }
}