{
  "stats": {
    "suites": 12,
    "tests": 41,
    "passes": 21,
    "pending": 0,
    "failures": 20,
    "start": "2021-08-14T14:16:20.485Z",
    "end": "2021-08-14T14:17:47.676Z",
    "duration": 87191,
    "testsRegistered": 41,
    "passPercent": 51.21951219512195,
    "pendingPercent": 0,
    "other": 0,
    "hasOther": false,
    "skipped": 0,
    "hasSkipped": false
  },
  "results": [
    {
      "uuid": "198365c2-5566-408b-9ffe-3aac84809a14",
      "title": "",
      "fullFile": "cypress/integration/project.spec.js",
      "file": "cypress/integration/project.spec.js",
      "beforeHooks": [],
      "afterHooks": [],
      "tests": [],
      "suites": [
        {
          "uuid": "ac8eee7c-424b-4b61-8d2e-e9caad689ea4",
          "title": "1 - Adicione à página o título \"Paleta de Cores\".",
          "fullFile": "",
          "file": "",
          "beforeHooks": [],
          "afterHooks": [],
          "tests": [
            {
              "title": "Verifica se contém um elemento `h1` com o id `title` com o título correto",
              "fullTitle": "1 - Adicione à página o título \"Paleta de Cores\". Verifica se contém um elemento `h1` com o id `title` com o título correto",
              "timedOut": null,
              "duration": 103,
              "state": "passed",
              "speed": "slow",
              "pass": true,
              "fail": false,
              "pending": false,
              "context": null,
              "code": "cy.get('h1#title').should('contain.text', 'Paleta de Cores');",
              "err": {},
              "uuid": "650357b0-aa7d-4388-853b-b1b30c2cc633",
              "parentUUID": "ac8eee7c-424b-4b61-8d2e-e9caad689ea4",
              "isHook": false,
              "skipped": false
            }
          ],
          "suites": [],
          "passes": [
            "650357b0-aa7d-4388-853b-b1b30c2cc633"
          ],
          "failures": [],
          "pending": [],
          "skipped": [],
          "duration": 103,
          "root": false,
          "rootEmpty": false,
          "_timeout": 2000
        },
        {
          "uuid": "ee65b85b-ce4c-4b9b-bd4e-53b6f2deb065",
          "title": "2 - Adicione à página uma paleta de quatro cores distintas.",
          "fullFile": "",
          "file": "",
          "beforeHooks": [],
          "afterHooks": [],
          "tests": [
            {
              "title": "A paleta de cores deve ser um elemento com `id` denominado `color-palette`",
              "fullTitle": "2 - Adicione à página uma paleta de quatro cores distintas. A paleta de cores deve ser um elemento com `id` denominado `color-palette`",
              "timedOut": null,
              "duration": 45,
              "state": "passed",
              "speed": "medium",
              "pass": true,
              "fail": false,
              "pending": false,
              "context": null,
              "code": "cy.get('#color-palette').should('be.visible');",
              "err": {},
              "uuid": "932233f9-d4d5-468c-975d-93678ca9bb85",
              "parentUUID": "ee65b85b-ce4c-4b9b-bd4e-53b6f2deb065",
              "isHook": false,
              "skipped": false
            },
            {
              "title": "Verifica se cada cor individual da paleta de cores possui a `classe` chamada `color`.",
              "fullTitle": "2 - Adicione à página uma paleta de quatro cores distintas. Verifica se cada cor individual da paleta de cores possui a `classe` chamada `color`.",
              "timedOut": null,
              "duration": 109,
              "state": "passed",
              "speed": "slow",
              "pass": true,
              "fail": false,
              "pending": false,
              "context": null,
              "code": "cy.get('.color').should('have.length', 4).then(function (colors) {\n  for (var i = 0; i < colors.length; i++) {\n    cy.wrap(colors[i]).should('be.visible');\n  }\n});",
              "err": {},
              "uuid": "d6c15ca1-a011-404d-ace1-807d019dd6de",
              "parentUUID": "ee65b85b-ce4c-4b9b-bd4e-53b6f2deb065",
              "isHook": false,
              "skipped": false
            },
            {
              "title": "Verifica se a cor de fundo de cada elemento da paleta é a cor que o elemento representa. **A única cor não permitida na paleta é a cor branca.**",
              "fullTitle": "2 - Adicione à página uma paleta de quatro cores distintas. Verifica se a cor de fundo de cada elemento da paleta é a cor que o elemento representa. **A única cor não permitida na paleta é a cor branca.**",
              "timedOut": null,
              "duration": 72,
              "state": "passed",
              "speed": "medium",
              "pass": true,
              "fail": false,
              "pending": false,
              "context": null,
              "code": "cy.get('.color').each(function (color) {\n  cy.wrap(color).should('have.class', 'color').and('not.have.css', 'background-color', WHITE);\n  cy.wrap(color).should('have.css', 'background-color');\n});",
              "err": {},
              "uuid": "b590b611-2202-4fa6-9c6e-bdce3ed10661",
              "parentUUID": "ee65b85b-ce4c-4b9b-bd4e-53b6f2deb065",
              "isHook": false,
              "skipped": false
            },
            {
              "title": "Verifica se cada elemento da paleta de cores tem uma borda preta, sólida e com 1 pixel de largura;",
              "fullTitle": "2 - Adicione à página uma paleta de quatro cores distintas. Verifica se cada elemento da paleta de cores tem uma borda preta, sólida e com 1 pixel de largura;",
              "timedOut": null,
              "duration": 57,
              "state": "passed",
              "speed": "medium",
              "pass": true,
              "fail": false,
              "pending": false,
              "context": null,
              "code": "cy.get('.color').each(function (color) {\n  cy.wrap(color).and('have.css', 'border', \"1px solid \".concat(BLACK)).and('have.class', 'color');\n});",
              "err": {},
              "uuid": "19389f38-3d00-43db-bf46-fa77d67d5a0b",
              "parentUUID": "ee65b85b-ce4c-4b9b-bd4e-53b6f2deb065",
              "isHook": false,
              "skipped": false
            },
            {
              "title": "Verifica se a paleta lista todas as cores disponíveis para utilização, lado a lado.",
              "fullTitle": "2 - Adicione à página uma paleta de quatro cores distintas. Verifica se a paleta lista todas as cores disponíveis para utilização, lado a lado.",
              "timedOut": null,
              "duration": 88,
              "state": "passed",
              "speed": "slow",
              "pass": true,
              "fail": false,
              "pending": false,
              "context": null,
              "code": "cy.get('.color').then(function (colors) {\n  for (var index = 1; index < colors.length; index += 1) {\n    var currentColor = colors[index];\n    var previousColor = colors[index - 1];\n    cy.wrap(currentColor).should('be.onTheRightOf', previousColor).and('be.horizontallyAlignedWith', previousColor);\n  }\n});",
              "err": {},
              "uuid": "b4ba5853-4477-4278-b685-4cb9a1ae41b6",
              "parentUUID": "ee65b85b-ce4c-4b9b-bd4e-53b6f2deb065",
              "isHook": false,
              "skipped": false
            },
            {
              "title": "Verifica se a paleta de cores está posicionada abaixo do título 'Paleta de Cores'",
              "fullTitle": "2 - Adicione à página uma paleta de quatro cores distintas. Verifica se a paleta de cores está posicionada abaixo do título 'Paleta de Cores'",
              "timedOut": null,
              "duration": 57,
              "state": "passed",
              "speed": "medium",
              "pass": true,
              "fail": false,
              "pending": false,
              "context": null,
              "code": "cy.get('h1#title').then(function (title) {\n  cy.get('#color-palette').should('be.belowOf', title);\n});",
              "err": {},
              "uuid": "11620922-12db-46a0-8ebc-cef04fa4b451",
              "parentUUID": "ee65b85b-ce4c-4b9b-bd4e-53b6f2deb065",
              "isHook": false,
              "skipped": false
            },
            {
              "title": "Verifica se a paleta de cores não contém cores repetidas.",
              "fullTitle": "2 - Adicione à página uma paleta de quatro cores distintas. Verifica se a paleta de cores não contém cores repetidas.",
              "timedOut": null,
              "duration": 62,
              "state": "passed",
              "speed": "medium",
              "pass": true,
              "fail": false,
              "pending": false,
              "context": null,
              "code": "cy.get('.color').then(function (colors) {\n  var allColors = Array.from(colors).map(function (color) {\n    return Cypress.$(color).css('background-color');\n  });\n  cy.log(allColors);\n  var uniqColors = (0, _toConsumableArray2[\"default\"])(new Set(allColors));\n  cy.log(uniqColors);\n  expect(allColors.length).to.eq(uniqColors.length);\n});",
              "err": {},
              "uuid": "8e18e000-a37f-4ff9-a252-b57856a5b4cf",
              "parentUUID": "ee65b85b-ce4c-4b9b-bd4e-53b6f2deb065",
              "isHook": false,
              "skipped": false
            }
          ],
          "suites": [],
          "passes": [
            "932233f9-d4d5-468c-975d-93678ca9bb85",
            "d6c15ca1-a011-404d-ace1-807d019dd6de",
            "b590b611-2202-4fa6-9c6e-bdce3ed10661",
            "19389f38-3d00-43db-bf46-fa77d67d5a0b",
            "b4ba5853-4477-4278-b685-4cb9a1ae41b6",
            "11620922-12db-46a0-8ebc-cef04fa4b451",
            "8e18e000-a37f-4ff9-a252-b57856a5b4cf"
          ],
          "failures": [],
          "pending": [],
          "skipped": [],
          "duration": 490,
          "root": false,
          "rootEmpty": false,
          "_timeout": 2000
        },
        {
          "uuid": "898d739d-9391-4206-9358-c7cddcd6a4c0",
          "title": "3 - Adicione a cor **preta** como a primeira cor da paleta de cores.",
          "fullFile": "",
          "file": "",
          "beforeHooks": [],
          "afterHooks": [],
          "tests": [
            {
              "title": "Verifica se a primeira cor da paleta é preta",
              "fullTitle": "3 - Adicione a cor **preta** como a primeira cor da paleta de cores. Verifica se a primeira cor da paleta é preta",
              "timedOut": null,
              "duration": 66,
              "state": "passed",
              "speed": "medium",
              "pass": true,
              "fail": false,
              "pending": false,
              "context": null,
              "code": "cy.get('.color').first().should('have.css', 'background-color', BLACK);",
              "err": {},
              "uuid": "5cc1cca4-5cee-42f5-a75f-9e864a4924b8",
              "parentUUID": "898d739d-9391-4206-9358-c7cddcd6a4c0",
              "isHook": false,
              "skipped": false
            },
            {
              "title": "Verifica se as demais cores podem ser escolhidas livremente.",
              "fullTitle": "3 - Adicione a cor **preta** como a primeira cor da paleta de cores. Verifica se as demais cores podem ser escolhidas livremente.",
              "timedOut": null,
              "duration": 126,
              "state": "passed",
              "speed": "slow",
              "pass": true,
              "fail": false,
              "pending": false,
              "context": null,
              "code": "cy.get('.color').eq(1).should('not.have.css', 'background-color', BLACK);\ncy.get('.color').eq(1).should('not.have.css', 'background-color', WHITE);\ncy.get('.color').eq(1).should('not.have.css', 'background-color', 'rgba(0, 0, 0, 0)');\ncy.get('.color').eq(1).should('have.css', 'background-color');\ncy.get('.color').eq(2).should('not.have.css', 'background-color', BLACK);\ncy.get('.color').eq(2).should('not.have.css', 'background-color', WHITE);\ncy.get('.color').eq(2).should('not.have.css', 'background-color', 'rgba(0, 0, 0, 0)');\ncy.get('.color').eq(2).should('have.css', 'background-color');\ncy.get('.color').eq(3).should('not.have.css', 'background-color', BLACK);\ncy.get('.color').eq(3).should('not.have.css', 'background-color', WHITE);\ncy.get('.color').eq(3).should('not.have.css', 'background-color', 'rgba(0, 0, 0, 0)');\ncy.get('.color').eq(3).should('have.css', 'background-color');",
              "err": {},
              "uuid": "f74511bc-a9ef-47ef-8139-b2fd63ed30df",
              "parentUUID": "898d739d-9391-4206-9358-c7cddcd6a4c0",
              "isHook": false,
              "skipped": false
            }
          ],
          "suites": [],
          "passes": [
            "5cc1cca4-5cee-42f5-a75f-9e864a4924b8",
            "f74511bc-a9ef-47ef-8139-b2fd63ed30df"
          ],
          "failures": [],
          "pending": [],
          "skipped": [],
          "duration": 192,
          "root": false,
          "rootEmpty": false,
          "_timeout": 2000
        },
        {
          "uuid": "bcc7064a-16fd-4791-a2f5-8fe6da4b5c66",
          "title": "4 - Adicione à página um quadro de pixels, com 25 pixels.",
          "fullFile": "",
          "file": "",
          "beforeHooks": [],
          "afterHooks": [],
          "tests": [
            {
              "title": "Verifica se o quadro de pixels possui o `id` denominado `pixel-board`",
              "fullTitle": "4 - Adicione à página um quadro de pixels, com 25 pixels. Verifica se o quadro de pixels possui o `id` denominado `pixel-board`",
              "timedOut": null,
              "duration": 43,
              "state": "passed",
              "speed": "medium",
              "pass": true,
              "fail": false,
              "pending": false,
              "context": null,
              "code": "cy.get('#pixel-board').should('be.visible');",
              "err": {},
              "uuid": "130dcec7-e109-4bbb-ba1b-8d33c21a79e9",
              "parentUUID": "bcc7064a-16fd-4791-a2f5-8fe6da4b5c66",
              "isHook": false,
              "skipped": false
            },
            {
              "title": "Verifica se cada pixel individual dentro do quadro possui a `classe` denominada `pixel`.",
              "fullTitle": "4 - Adicione à página um quadro de pixels, com 25 pixels. Verifica se cada pixel individual dentro do quadro possui a `classe` denominada `pixel`.",
              "timedOut": null,
              "duration": 59,
              "state": "passed",
              "speed": "medium",
              "pass": true,
              "fail": false,
              "pending": false,
              "context": null,
              "code": "cy.get('.pixel').should('have.length', 25);",
              "err": {},
              "uuid": "377180a5-0e46-4a37-9fe7-bc7bc4d4b8aa",
              "parentUUID": "bcc7064a-16fd-4791-a2f5-8fe6da4b5c66",
              "isHook": false,
              "skipped": false
            },
            {
              "title": "Verifica se a cor inicial dos pixels dentro do quadro, ao abrir a página, é branca.",
              "fullTitle": "4 - Adicione à página um quadro de pixels, com 25 pixels. Verifica se a cor inicial dos pixels dentro do quadro, ao abrir a página, é branca.",
              "timedOut": null,
              "duration": 86,
              "state": "passed",
              "speed": "slow",
              "pass": true,
              "fail": false,
              "pending": false,
              "context": null,
              "code": "cy.get('.pixel').should('have.length', 25).each(function (pixel) {\n  expect(pixel).to.have.css('background-color', WHITE);\n});",
              "err": {},
              "uuid": "c4a0160f-261e-4fda-9fca-65a536e1fb45",
              "parentUUID": "bcc7064a-16fd-4791-a2f5-8fe6da4b5c66",
              "isHook": false,
              "skipped": false
            },
            {
              "title": "Verifica se o quadro de pixels aparece abaixo da paleta de cores",
              "fullTitle": "4 - Adicione à página um quadro de pixels, com 25 pixels. Verifica se o quadro de pixels aparece abaixo da paleta de cores",
              "timedOut": null,
              "duration": 49,
              "state": "passed",
              "speed": "medium",
              "pass": true,
              "fail": false,
              "pending": false,
              "context": null,
              "code": "cy.get('#color-palette').then(function (palette) {\n  cy.get('#pixel-board').should('be.belowOf', palette);\n});",
              "err": {},
              "uuid": "e450b279-849a-472f-b488-9ac813ed406c",
              "parentUUID": "bcc7064a-16fd-4791-a2f5-8fe6da4b5c66",
              "isHook": false,
              "skipped": false
            }
          ],
          "suites": [],
          "passes": [
            "130dcec7-e109-4bbb-ba1b-8d33c21a79e9",
            "377180a5-0e46-4a37-9fe7-bc7bc4d4b8aa",
            "c4a0160f-261e-4fda-9fca-65a536e1fb45",
            "e450b279-849a-472f-b488-9ac813ed406c"
          ],
          "failures": [],
          "pending": [],
          "skipped": [],
          "duration": 237,
          "root": false,
          "rootEmpty": false,
          "_timeout": 2000
        },
        {
          "uuid": "e7ef5cad-3a5a-424e-92ce-99a2c8dc9efd",
          "title": "5 - Faça com que cada elemento do quadro de pixels possua 40 pixels de largura, 40 pixels de altura e seja delimitado por uma borda preta de 1 pixel.",
          "fullFile": "",
          "file": "",
          "beforeHooks": [],
          "afterHooks": [],
          "tests": [
            {
              "title": "Verifica se o quadro de pixels tem altura e comprimento de 5 elementos",
              "fullTitle": "5 - Faça com que cada elemento do quadro de pixels possua 40 pixels de largura, 40 pixels de altura e seja delimitado por uma borda preta de 1 pixel. Verifica se o quadro de pixels tem altura e comprimento de 5 elementos",
              "timedOut": null,
              "duration": 137,
              "state": "passed",
              "speed": "slow",
              "pass": true,
              "fail": false,
              "pending": false,
              "context": null,
              "code": "cy.get('.pixel').should('have.length', 25).each(function (pixel) {\n  expect(pixel).to.have.css('background-color', WHITE);\n}).and(function (pixels) {\n  var rows = chunk(pixels, 5);\n  rows.forEach(function (row) {\n    for (var index = 1; index < row.length; index += 1) {\n      var current = pixels[index];\n      var previous = pixels[index - 1];\n      cy.wrap(current).should('be.onTheRightOf', previous).and('be.horizontallyAlignedWith', previous);\n    }\n  });\n  for (var index = 1; index < 5; index += 1) {\n    expect(pixels[index * 5]).to.be.belowOf(pixels[(index - 1) * 5]);\n  }\n});",
              "err": {},
              "uuid": "e98dac24-8e71-4009-a890-94eef07534b2",
              "parentUUID": "e7ef5cad-3a5a-424e-92ce-99a2c8dc9efd",
              "isHook": false,
              "skipped": false
            },
            {
              "title": "Verifica se 40 pixels é o tamanho total do elemento, incluindo seu conteúdo e excluindo a borda preta, que deve ser criada à parte.",
              "fullTitle": "5 - Faça com que cada elemento do quadro de pixels possua 40 pixels de largura, 40 pixels de altura e seja delimitado por uma borda preta de 1 pixel. Verifica se 40 pixels é o tamanho total do elemento, incluindo seu conteúdo e excluindo a borda preta, que deve ser criada à parte.",
              "timedOut": null,
              "duration": 137,
              "state": "passed",
              "speed": "slow",
              "pass": true,
              "fail": false,
              "pending": false,
              "context": null,
              "code": "cy.get('.pixel').each(function (pixel) {\n  cy.wrap(pixel).should('have.css', 'height', '40px').and('have.css', 'width', '40px').and('have.css', 'border', \"1px solid \".concat(BLACK));\n});",
              "err": {},
              "uuid": "de174857-f3cb-4764-b396-b52295f7c914",
              "parentUUID": "e7ef5cad-3a5a-424e-92ce-99a2c8dc9efd",
              "isHook": false,
              "skipped": false
            }
          ],
          "suites": [],
          "passes": [
            "e98dac24-8e71-4009-a890-94eef07534b2",
            "de174857-f3cb-4764-b396-b52295f7c914"
          ],
          "failures": [],
          "pending": [],
          "skipped": [],
          "duration": 274,
          "root": false,
          "rootEmpty": false,
          "_timeout": 2000
        },
        {
          "uuid": "af07fcdd-6175-4a53-95ea-e7e02543a823",
          "title": "6 - Defina a cor preta como cor inicial. Ao carregar a página a cor preta já deve estar selecionada para pintar os pixels",
          "fullFile": "",
          "file": "",
          "beforeHooks": [],
          "afterHooks": [],
          "tests": [
            {
              "title": "Verifica se o elemento da cor preta possui, inicialmente, a `classe` `selected`",
              "fullTitle": "6 - Defina a cor preta como cor inicial. Ao carregar a página a cor preta já deve estar selecionada para pintar os pixels Verifica se o elemento da cor preta possui, inicialmente, a `classe` `selected`",
              "timedOut": null,
              "duration": 49,
              "state": "passed",
              "speed": "medium",
              "pass": true,
              "fail": false,
              "pending": false,
              "context": null,
              "code": "cy.get('.selected').first().should('have.css', 'background-color', BLACK);",
              "err": {},
              "uuid": "9a185760-1882-4b2a-9990-33c0b964ff90",
              "parentUUID": "af07fcdd-6175-4a53-95ea-e7e02543a823",
              "isHook": false,
              "skipped": false
            },
            {
              "title": "Verifica se nenhuma outra cor da paleta tem a `classe` `selected`",
              "fullTitle": "6 - Defina a cor preta como cor inicial. Ao carregar a página a cor preta já deve estar selecionada para pintar os pixels Verifica se nenhuma outra cor da paleta tem a `classe` `selected`",
              "timedOut": null,
              "duration": 48,
              "state": "passed",
              "speed": "medium",
              "pass": true,
              "fail": false,
              "pending": false,
              "context": null,
              "code": "cy.get('.color:not(:first-child)').each(function (color) {\n  cy.wrap(color).should('not.have.class', 'selected');\n});",
              "err": {},
              "uuid": "76b978b2-9926-4fce-8699-375fe9a96524",
              "parentUUID": "af07fcdd-6175-4a53-95ea-e7e02543a823",
              "isHook": false,
              "skipped": false
            }
          ],
          "suites": [],
          "passes": [
            "9a185760-1882-4b2a-9990-33c0b964ff90",
            "76b978b2-9926-4fce-8699-375fe9a96524"
          ],
          "failures": [],
          "pending": [],
          "skipped": [],
          "duration": 97,
          "root": false,
          "rootEmpty": false,
          "_timeout": 2000
        },
        {
          "uuid": "f301fafb-e231-4ef6-8a90-f85e9fcd403c",
          "title": "7 - Clicar em uma das cores da paleta, faz com que ela seja selecionada e utilizada para preencher os pixels no quadro.",
          "fullFile": "",
          "file": "",
          "beforeHooks": [],
          "afterHooks": [],
          "tests": [
            {
              "title": "Verifica se somente uma cor da paleta de cores tem a classe `selected` de cada vez",
              "fullTitle": "7 - Clicar em uma das cores da paleta, faz com que ela seja selecionada e utilizada para preencher os pixels no quadro. Verifica se somente uma cor da paleta de cores tem a classe `selected` de cada vez",
              "timedOut": null,
              "duration": 369,
              "state": "passed",
              "speed": "slow",
              "pass": true,
              "fail": false,
              "pending": false,
              "context": null,
              "code": "cy.get('.color').each(function (selectedColor, selectedColorIndex) {\n  cy.wrap(selectedColor).click();\n  cy.get('.color').each(function (color, colorIndex) {\n    if (colorIndex === selectedColorIndex) {\n      expect(color).to.have[\"class\"]('selected');\n    } else {\n      expect(color).not.to.have[\"class\"]('selected');\n    }\n  });\n});",
              "err": {},
              "uuid": "aac3c28a-1c70-424a-8df8-9af5d87a6cd5",
              "parentUUID": "f301fafb-e231-4ef6-8a90-f85e9fcd403c",
              "isHook": false,
              "skipped": false
            },
            {
              "title": "Verifica se os pixels dentro do quadro não têm a classe `selected` quando são clicados",
              "fullTitle": "7 - Clicar em uma das cores da paleta, faz com que ela seja selecionada e utilizada para preencher os pixels no quadro. Verifica se os pixels dentro do quadro não têm a classe `selected` quando são clicados",
              "timedOut": null,
              "duration": 7779,
              "state": "passed",
              "speed": "slow",
              "pass": true,
              "fail": false,
              "pending": false,
              "context": null,
              "code": "cy.get('.color').each(function (color) {\n  var backgroundColor = color.css('background-color');\n  cy.wrap(color).click();\n  cy.get('.pixel').each(function (pixel) {\n    cy.wrap(pixel).click().should('not.have.class', 'selected');\n  });\n});",
              "err": {},
              "uuid": "571efb18-540d-4583-b90f-b14605c7b63d",
              "parentUUID": "f301fafb-e231-4ef6-8a90-f85e9fcd403c",
              "isHook": false,
              "skipped": false
            }
          ],
          "suites": [],
          "passes": [
            "aac3c28a-1c70-424a-8df8-9af5d87a6cd5",
            "571efb18-540d-4583-b90f-b14605c7b63d"
          ],
          "failures": [],
          "pending": [],
          "skipped": [],
          "duration": 8148,
          "root": false,
          "rootEmpty": false,
          "_timeout": 2000
        },
        {
          "uuid": "00acec0d-38cf-4113-b821-6e050e92e6ef",
          "title": "8 - Clicar em um pixel dentro do quadro após selecionar uma cor na paleta, faz com que o pixel seja preenchido com a cor selecionada.",
          "fullFile": "",
          "file": "",
          "beforeHooks": [],
          "afterHooks": [],
          "tests": [
            {
              "title": "Verifica se ao carregar a página deve ser possível pintar os pixels de preto",
              "fullTitle": "8 - Clicar em um pixel dentro do quadro após selecionar uma cor na paleta, faz com que o pixel seja preenchido com a cor selecionada. Verifica se ao carregar a página deve ser possível pintar os pixels de preto",
              "timedOut": null,
              "duration": 4247,
              "state": "failed",
              "speed": null,
              "pass": false,
              "fail": true,
              "pending": false,
              "context": null,
              "code": "cy.get('.pixel').each(function (pixel) {\n  cy.wrap(pixel).click().should('have.css', 'background-color', BLACK);\n});",
              "err": {
                "message": "CypressError: Timed out retrying: expected '<span.pixel>' to have CSS property 'background-color' with the value 'rgb(0, 0, 0)', but the value was 'rgb(255, 255, 255)'",
                "estack": "CypressError: Timed out retrying: expected '<span.pixel>' to have CSS property 'background-color' with the value 'rgb(0, 0, 0)', but the value was 'rgb(255, 255, 255)'\n    at cypressErr (http://localhost:32777/__cypress/runner/cypress_runner.js:149934:9)\n    at throwErr (http://localhost:32777/__cypress/runner/cypress_runner.js:149867:11)\n    at Object.throwErrByPath (http://localhost:32777/__cypress/runner/cypress_runner.js:149915:3)\n    at retry (http://localhost:32777/__cypress/runner/cypress_runner.js:144197:19)\n    at onFailFn (http://localhost:32777/__cypress/runner/cypress_runner.js:132448:16)\n    at tryCatcher (http://localhost:32777/__cypress/runner/cypress_runner.js:167415:23)\n    at Promise._settlePromiseFromHandler (http://localhost:32777/__cypress/runner/cypress_runner.js:165351:31)\n    at Promise._settlePromise (http://localhost:32777/__cypress/runner/cypress_runner.js:165408:18)\n    at Promise._settlePromise0 (http://localhost:32777/__cypress/runner/cypress_runner.js:165453:10)\n    at Promise._settlePromises (http://localhost:32777/__cypress/runner/cypress_runner.js:165528:18)\n    at Async../node_modules/bluebird/js/release/async.js.Async._drainQueue (http://localhost:32777/__cypress/runner/cypress_runner.js:162140:16)\n    at Async../node_modules/bluebird/js/release/async.js.Async._drainQueues (http://localhost:32777/__cypress/runner/cypress_runner.js:162150:10)\n    at Async.drainQueues (http://localhost:32777/__cypress/runner/cypress_runner.js:162024:14)",
                "diff": null
              },
              "uuid": "1e24572f-b0b3-4516-a48d-d6cc9548700b",
              "parentUUID": "00acec0d-38cf-4113-b821-6e050e92e6ef",
              "isHook": false,
              "skipped": false
            },
            {
              "title": "Verifica se após selecionar uma outra cor na paleta, é possível pintar os pixels com essa cor",
              "fullTitle": "8 - Clicar em um pixel dentro do quadro após selecionar uma cor na paleta, faz com que o pixel seja preenchido com a cor selecionada. Verifica se após selecionar uma outra cor na paleta, é possível pintar os pixels com essa cor",
              "timedOut": null,
              "duration": 4311,
              "state": "failed",
              "speed": null,
              "pass": false,
              "fail": true,
              "pending": false,
              "context": null,
              "code": "cy.get('.color').each(function (color) {\n  var backgroundColor = color.css('background-color');\n  cy.wrap(color).click();\n  cy.get('.pixel').each(function (pixel) {\n    cy.wrap(pixel).click().should('have.css', 'background-color', backgroundColor);\n  });\n});",
              "err": {
                "message": "CypressError: Timed out retrying: expected '<span.pixel>' to have CSS property 'background-color' with the value 'rgb(0, 0, 0)', but the value was 'rgb(255, 255, 255)'",
                "estack": "CypressError: Timed out retrying: expected '<span.pixel>' to have CSS property 'background-color' with the value 'rgb(0, 0, 0)', but the value was 'rgb(255, 255, 255)'\n    at cypressErr (http://localhost:32777/__cypress/runner/cypress_runner.js:149934:9)\n    at throwErr (http://localhost:32777/__cypress/runner/cypress_runner.js:149867:11)\n    at Object.throwErrByPath (http://localhost:32777/__cypress/runner/cypress_runner.js:149915:3)\n    at retry (http://localhost:32777/__cypress/runner/cypress_runner.js:144197:19)\n    at onFailFn (http://localhost:32777/__cypress/runner/cypress_runner.js:132448:16)\n    at tryCatcher (http://localhost:32777/__cypress/runner/cypress_runner.js:167415:23)\n    at Promise._settlePromiseFromHandler (http://localhost:32777/__cypress/runner/cypress_runner.js:165351:31)\n    at Promise._settlePromise (http://localhost:32777/__cypress/runner/cypress_runner.js:165408:18)\n    at Promise._settlePromise0 (http://localhost:32777/__cypress/runner/cypress_runner.js:165453:10)\n    at Promise._settlePromises (http://localhost:32777/__cypress/runner/cypress_runner.js:165528:18)\n    at Async../node_modules/bluebird/js/release/async.js.Async._drainQueue (http://localhost:32777/__cypress/runner/cypress_runner.js:162140:16)\n    at Async../node_modules/bluebird/js/release/async.js.Async._drainQueues (http://localhost:32777/__cypress/runner/cypress_runner.js:162150:10)\n    at Async.drainQueues (http://localhost:32777/__cypress/runner/cypress_runner.js:162024:14)",
                "diff": null
              },
              "uuid": "3c004ab2-5d5c-4a51-8804-242927b4e35e",
              "parentUUID": "00acec0d-38cf-4113-b821-6e050e92e6ef",
              "isHook": false,
              "skipped": false
            },
            {
              "title": "Verifica se somente o pixel que foi clicado foi preenchido com a cor selecionada, sem influenciar na cor dos demais pixels.",
              "fullTitle": "8 - Clicar em um pixel dentro do quadro após selecionar uma cor na paleta, faz com que o pixel seja preenchido com a cor selecionada. Verifica se somente o pixel que foi clicado foi preenchido com a cor selecionada, sem influenciar na cor dos demais pixels.",
              "timedOut": null,
              "duration": 925,
              "state": "passed",
              "speed": "slow",
              "pass": true,
              "fail": false,
              "pending": false,
              "context": null,
              "code": "var colorToPixelIndexMap = {\n  0: 6,\n  1: 8,\n  2: 16,\n  3: 18\n};\ncy.get('.color').each(function (color, index) {\n  cy.wrap(color).click();\n  var backgroundColor = color.css('background-color');\n  var clickedPixelIndex = colorToPixelIndexMap[index];\n  cy.get('.pixel').eq(clickedPixelIndex).click();\n  cy.get('.pixel').eq(clickedPixelIndex - 1).should('not.have.css', 'background-color', backgroundColor);\n  cy.get('.pixel').eq(clickedPixelIndex + 1).should('not.have.css', 'background-color', backgroundColor);\n  cy.get('.pixel').eq(clickedPixelIndex - 5).should('not.have.css', 'background-color', backgroundColor);\n  cy.get('.pixel').eq(clickedPixelIndex + 5).should('not.have.css', 'background-color', backgroundColor);\n  cy.get('.pixel').eq(clickedPixelIndex - 6).should('not.have.css', 'background-color', backgroundColor);\n  cy.get('.pixel').eq(clickedPixelIndex - 4).should('not.have.css', 'background-color', backgroundColor);\n  cy.get('.pixel').eq(clickedPixelIndex + 4).should('not.have.css', 'background-color', backgroundColor);\n  cy.get('.pixel').eq(clickedPixelIndex + 6).should('not.have.css', 'background-color', backgroundColor);\n});",
              "err": {},
              "uuid": "83d9785e-83da-434a-a037-bd5f7ae32dc5",
              "parentUUID": "00acec0d-38cf-4113-b821-6e050e92e6ef",
              "isHook": false,
              "skipped": false
            }
          ],
          "suites": [],
          "passes": [
            "83d9785e-83da-434a-a037-bd5f7ae32dc5"
          ],
          "failures": [
            "1e24572f-b0b3-4516-a48d-d6cc9548700b",
            "3c004ab2-5d5c-4a51-8804-242927b4e35e"
          ],
          "pending": [],
          "skipped": [],
          "duration": 9483,
          "root": false,
          "rootEmpty": false,
          "_timeout": 2000
        },
        {
          "uuid": "0f45eae3-44e2-4ce1-bee8-d3e4b5a3351a",
          "title": "9 - Crie um botão que, ao ser clicado, limpa o quadro preenchendo a cor de todos seus pixels com branco.",
          "fullFile": "",
          "file": "",
          "beforeHooks": [],
          "afterHooks": [],
          "tests": [
            {
              "title": "Verifica se o botão tem o `id` denominado `clear-board`",
              "fullTitle": "9 - Crie um botão que, ao ser clicado, limpa o quadro preenchendo a cor de todos seus pixels com branco. Verifica se o botão tem o `id` denominado `clear-board`",
              "timedOut": null,
              "duration": 4217,
              "state": "failed",
              "speed": null,
              "pass": false,
              "fail": true,
              "pending": false,
              "context": null,
              "code": "cy.get('#clear-board').should('be.visible');",
              "err": {
                "message": "CypressError: Timed out retrying: Expected to find element: '#clear-board', but never found it.",
                "estack": "CypressError: Timed out retrying: Expected to find element: '#clear-board', but never found it.\n    at cypressErr (http://localhost:32777/__cypress/runner/cypress_runner.js:149934:9)\n    at throwErr (http://localhost:32777/__cypress/runner/cypress_runner.js:149867:11)\n    at Object.throwErrByPath (http://localhost:32777/__cypress/runner/cypress_runner.js:149915:3)\n    at retry (http://localhost:32777/__cypress/runner/cypress_runner.js:144197:19)\n    at onFailFn (http://localhost:32777/__cypress/runner/cypress_runner.js:132448:16)\n    at tryCatcher (http://localhost:32777/__cypress/runner/cypress_runner.js:167415:23)\n    at Promise._settlePromiseFromHandler (http://localhost:32777/__cypress/runner/cypress_runner.js:165351:31)\n    at Promise._settlePromise (http://localhost:32777/__cypress/runner/cypress_runner.js:165408:18)\n    at Promise._settlePromise0 (http://localhost:32777/__cypress/runner/cypress_runner.js:165453:10)\n    at Promise._settlePromises (http://localhost:32777/__cypress/runner/cypress_runner.js:165528:18)\n    at Async../node_modules/bluebird/js/release/async.js.Async._drainQueue (http://localhost:32777/__cypress/runner/cypress_runner.js:162140:16)\n    at Async../node_modules/bluebird/js/release/async.js.Async._drainQueues (http://localhost:32777/__cypress/runner/cypress_runner.js:162150:10)\n    at Async.drainQueues (http://localhost:32777/__cypress/runner/cypress_runner.js:162024:14)",
                "diff": null
              },
              "uuid": "81694319-48e8-4c78-b7ee-42367c4e6295",
              "parentUUID": "0f45eae3-44e2-4ce1-bee8-d3e4b5a3351a",
              "isHook": false,
              "skipped": false
            },
            {
              "title": "Verifica se o botão está posicionado entre a paleta de cores e o quadro de pixels",
              "fullTitle": "9 - Crie um botão que, ao ser clicado, limpa o quadro preenchendo a cor de todos seus pixels com branco. Verifica se o botão está posicionado entre a paleta de cores e o quadro de pixels",
              "timedOut": null,
              "duration": 4189,
              "state": "failed",
              "speed": null,
              "pass": false,
              "fail": true,
              "pending": false,
              "context": null,
              "code": "cy.get('#color-palette').then(function (palette) {\n  cy.get('#clear-board').should('be.belowOf', palette);\n});\ncy.get('#clear-board').then(function (clearBtn) {\n  cy.get('#pixel-board').should('be.belowOf', clearBtn);\n});",
              "err": {
                "message": "CypressError: Timed out retrying: Expected to find element: '#clear-board', but never found it.",
                "estack": "CypressError: Timed out retrying: Expected to find element: '#clear-board', but never found it.\n    at cypressErr (http://localhost:32777/__cypress/runner/cypress_runner.js:149934:9)\n    at throwErr (http://localhost:32777/__cypress/runner/cypress_runner.js:149867:11)\n    at Object.throwErrByPath (http://localhost:32777/__cypress/runner/cypress_runner.js:149915:3)\n    at retry (http://localhost:32777/__cypress/runner/cypress_runner.js:144197:19)\n    at onFailFn (http://localhost:32777/__cypress/runner/cypress_runner.js:132448:16)\n    at tryCatcher (http://localhost:32777/__cypress/runner/cypress_runner.js:167415:23)\n    at Promise._settlePromiseFromHandler (http://localhost:32777/__cypress/runner/cypress_runner.js:165351:31)\n    at Promise._settlePromise (http://localhost:32777/__cypress/runner/cypress_runner.js:165408:18)\n    at Promise._settlePromise0 (http://localhost:32777/__cypress/runner/cypress_runner.js:165453:10)\n    at Promise._settlePromises (http://localhost:32777/__cypress/runner/cypress_runner.js:165528:18)\n    at Async../node_modules/bluebird/js/release/async.js.Async._drainQueue (http://localhost:32777/__cypress/runner/cypress_runner.js:162140:16)\n    at Async../node_modules/bluebird/js/release/async.js.Async._drainQueues (http://localhost:32777/__cypress/runner/cypress_runner.js:162150:10)\n    at Async.drainQueues (http://localhost:32777/__cypress/runner/cypress_runner.js:162024:14)",
                "diff": null
              },
              "uuid": "baf95c3e-0194-40d5-a38f-7887daa19d43",
              "parentUUID": "0f45eae3-44e2-4ce1-bee8-d3e4b5a3351a",
              "isHook": false,
              "skipped": false
            },
            {
              "title": "Verifica se o texto do botão é 'Limpar'",
              "fullTitle": "9 - Crie um botão que, ao ser clicado, limpa o quadro preenchendo a cor de todos seus pixels com branco. Verifica se o texto do botão é 'Limpar'",
              "timedOut": null,
              "duration": 4178,
              "state": "failed",
              "speed": null,
              "pass": false,
              "fail": true,
              "pending": false,
              "context": null,
              "code": "cy.get('#clear-board').should('contain.text', 'Limpar');",
              "err": {
                "message": "CypressError: Timed out retrying: Expected to find element: '#clear-board', but never found it.",
                "estack": "CypressError: Timed out retrying: Expected to find element: '#clear-board', but never found it.\n    at cypressErr (http://localhost:32777/__cypress/runner/cypress_runner.js:149934:9)\n    at throwErr (http://localhost:32777/__cypress/runner/cypress_runner.js:149867:11)\n    at Object.throwErrByPath (http://localhost:32777/__cypress/runner/cypress_runner.js:149915:3)\n    at retry (http://localhost:32777/__cypress/runner/cypress_runner.js:144197:19)\n    at onFailFn (http://localhost:32777/__cypress/runner/cypress_runner.js:132448:16)\n    at tryCatcher (http://localhost:32777/__cypress/runner/cypress_runner.js:167415:23)\n    at Promise._settlePromiseFromHandler (http://localhost:32777/__cypress/runner/cypress_runner.js:165351:31)\n    at Promise._settlePromise (http://localhost:32777/__cypress/runner/cypress_runner.js:165408:18)\n    at Promise._settlePromise0 (http://localhost:32777/__cypress/runner/cypress_runner.js:165453:10)\n    at Promise._settlePromises (http://localhost:32777/__cypress/runner/cypress_runner.js:165528:18)\n    at Async../node_modules/bluebird/js/release/async.js.Async._drainQueue (http://localhost:32777/__cypress/runner/cypress_runner.js:162140:16)\n    at Async../node_modules/bluebird/js/release/async.js.Async._drainQueues (http://localhost:32777/__cypress/runner/cypress_runner.js:162150:10)\n    at Async.drainQueues (http://localhost:32777/__cypress/runner/cypress_runner.js:162024:14)",
                "diff": null
              },
              "uuid": "480335c6-6fdb-4329-a2bf-0ad1adec4aca",
              "parentUUID": "0f45eae3-44e2-4ce1-bee8-d3e4b5a3351a",
              "isHook": false,
              "skipped": false
            },
            {
              "title": "Verifica se ao clicar no botão, o quadro de pixels é totalmente preenchido de branco",
              "fullTitle": "9 - Crie um botão que, ao ser clicado, limpa o quadro preenchendo a cor de todos seus pixels com branco. Verifica se ao clicar no botão, o quadro de pixels é totalmente preenchido de branco",
              "timedOut": null,
              "duration": 4315,
              "state": "failed",
              "speed": null,
              "pass": false,
              "fail": true,
              "pending": false,
              "context": null,
              "code": "cy.get('.color').eq(1).then(function (color) {\n  var backgroundColor = color.css('background-color');\n  cy.wrap(color).click();\n  cy.get('.pixel').each(function (pixel) {\n    cy.wrap(pixel).click().should('have.css', 'background-color', backgroundColor);\n  });\n});\ncy.get('#clear-board').click();\ncy.get('.pixel').each(function (pixel) {\n  cy.wrap(pixel).should('have.css', 'background-color', WHITE);\n});",
              "err": {
                "message": "CypressError: Timed out retrying: expected '<span.pixel>' to have CSS property 'background-color' with the value 'rgb(255, 255, 0)', but the value was 'rgb(255, 255, 255)'",
                "estack": "CypressError: Timed out retrying: expected '<span.pixel>' to have CSS property 'background-color' with the value 'rgb(255, 255, 0)', but the value was 'rgb(255, 255, 255)'\n    at cypressErr (http://localhost:32777/__cypress/runner/cypress_runner.js:149934:9)\n    at throwErr (http://localhost:32777/__cypress/runner/cypress_runner.js:149867:11)\n    at Object.throwErrByPath (http://localhost:32777/__cypress/runner/cypress_runner.js:149915:3)\n    at retry (http://localhost:32777/__cypress/runner/cypress_runner.js:144197:19)\n    at onFailFn (http://localhost:32777/__cypress/runner/cypress_runner.js:132448:16)\n    at tryCatcher (http://localhost:32777/__cypress/runner/cypress_runner.js:167415:23)\n    at Promise._settlePromiseFromHandler (http://localhost:32777/__cypress/runner/cypress_runner.js:165351:31)\n    at Promise._settlePromise (http://localhost:32777/__cypress/runner/cypress_runner.js:165408:18)\n    at Promise._settlePromise0 (http://localhost:32777/__cypress/runner/cypress_runner.js:165453:10)\n    at Promise._settlePromises (http://localhost:32777/__cypress/runner/cypress_runner.js:165528:18)\n    at Async../node_modules/bluebird/js/release/async.js.Async._drainQueue (http://localhost:32777/__cypress/runner/cypress_runner.js:162140:16)\n    at Async../node_modules/bluebird/js/release/async.js.Async._drainQueues (http://localhost:32777/__cypress/runner/cypress_runner.js:162150:10)\n    at Async.drainQueues (http://localhost:32777/__cypress/runner/cypress_runner.js:162024:14)",
                "diff": null
              },
              "uuid": "b764e796-18f5-49bf-a90b-ab6d32ceb353",
              "parentUUID": "0f45eae3-44e2-4ce1-bee8-d3e4b5a3351a",
              "isHook": false,
              "skipped": false
            }
          ],
          "suites": [],
          "passes": [],
          "failures": [
            "81694319-48e8-4c78-b7ee-42367c4e6295",
            "baf95c3e-0194-40d5-a38f-7887daa19d43",
            "480335c6-6fdb-4329-a2bf-0ad1adec4aca",
            "b764e796-18f5-49bf-a90b-ab6d32ceb353"
          ],
          "pending": [],
          "skipped": [],
          "duration": 16899,
          "root": false,
          "rootEmpty": false,
          "_timeout": 2000
        },
        {
          "uuid": "47cbcc00-4ae9-4eda-9853-cbf12a63f836",
          "title": "10 - Faça o quadro de pixels ter seu tamanho definido pelo usuário.",
          "fullFile": "",
          "file": "",
          "beforeHooks": [],
          "afterHooks": [],
          "tests": [
            {
              "title": "Verifica se existe um input com o id `board-size`",
              "fullTitle": "10 - Faça o quadro de pixels ter seu tamanho definido pelo usuário. Verifica se existe um input com o id `board-size`",
              "timedOut": null,
              "duration": 4181,
              "state": "failed",
              "speed": null,
              "pass": false,
              "fail": true,
              "pending": false,
              "context": null,
              "code": "cy.get('#board-size').should('be.visible');",
              "err": {
                "message": "CypressError: Timed out retrying: Expected to find element: '#board-size', but never found it.",
                "estack": "CypressError: Timed out retrying: Expected to find element: '#board-size', but never found it.\n    at cypressErr (http://localhost:32777/__cypress/runner/cypress_runner.js:149934:9)\n    at throwErr (http://localhost:32777/__cypress/runner/cypress_runner.js:149867:11)\n    at Object.throwErrByPath (http://localhost:32777/__cypress/runner/cypress_runner.js:149915:3)\n    at retry (http://localhost:32777/__cypress/runner/cypress_runner.js:144197:19)\n    at onFailFn (http://localhost:32777/__cypress/runner/cypress_runner.js:132448:16)\n    at tryCatcher (http://localhost:32777/__cypress/runner/cypress_runner.js:167415:23)\n    at Promise._settlePromiseFromHandler (http://localhost:32777/__cypress/runner/cypress_runner.js:165351:31)\n    at Promise._settlePromise (http://localhost:32777/__cypress/runner/cypress_runner.js:165408:18)\n    at Promise._settlePromise0 (http://localhost:32777/__cypress/runner/cypress_runner.js:165453:10)\n    at Promise._settlePromises (http://localhost:32777/__cypress/runner/cypress_runner.js:165528:18)\n    at Async../node_modules/bluebird/js/release/async.js.Async._drainQueue (http://localhost:32777/__cypress/runner/cypress_runner.js:162140:16)\n    at Async../node_modules/bluebird/js/release/async.js.Async._drainQueues (http://localhost:32777/__cypress/runner/cypress_runner.js:162150:10)\n    at Async.drainQueues (http://localhost:32777/__cypress/runner/cypress_runner.js:162024:14)",
                "diff": null
              },
              "uuid": "5bbd0d52-a9bc-47ab-b199-32d031cada8a",
              "parentUUID": "47cbcc00-4ae9-4eda-9853-cbf12a63f836",
              "isHook": false,
              "skipped": false
            },
            {
              "title": "Verifica se existe um botão com o id `generate-board`",
              "fullTitle": "10 - Faça o quadro de pixels ter seu tamanho definido pelo usuário. Verifica se existe um botão com o id `generate-board`",
              "timedOut": null,
              "duration": 4185,
              "state": "failed",
              "speed": null,
              "pass": false,
              "fail": true,
              "pending": false,
              "context": null,
              "code": "cy.get('#generate-board').should('be.visible');",
              "err": {
                "message": "CypressError: Timed out retrying: Expected to find element: '#generate-board', but never found it.",
                "estack": "CypressError: Timed out retrying: Expected to find element: '#generate-board', but never found it.\n    at cypressErr (http://localhost:32777/__cypress/runner/cypress_runner.js:149934:9)\n    at throwErr (http://localhost:32777/__cypress/runner/cypress_runner.js:149867:11)\n    at Object.throwErrByPath (http://localhost:32777/__cypress/runner/cypress_runner.js:149915:3)\n    at retry (http://localhost:32777/__cypress/runner/cypress_runner.js:144197:19)\n    at onFailFn (http://localhost:32777/__cypress/runner/cypress_runner.js:132448:16)\n    at tryCatcher (http://localhost:32777/__cypress/runner/cypress_runner.js:167415:23)\n    at Promise._settlePromiseFromHandler (http://localhost:32777/__cypress/runner/cypress_runner.js:165351:31)\n    at Promise._settlePromise (http://localhost:32777/__cypress/runner/cypress_runner.js:165408:18)\n    at Promise._settlePromise0 (http://localhost:32777/__cypress/runner/cypress_runner.js:165453:10)\n    at Promise._settlePromises (http://localhost:32777/__cypress/runner/cypress_runner.js:165528:18)\n    at Async../node_modules/bluebird/js/release/async.js.Async._drainQueue (http://localhost:32777/__cypress/runner/cypress_runner.js:162140:16)\n    at Async../node_modules/bluebird/js/release/async.js.Async._drainQueues (http://localhost:32777/__cypress/runner/cypress_runner.js:162150:10)\n    at Async.drainQueues (http://localhost:32777/__cypress/runner/cypress_runner.js:162024:14)",
                "diff": null
              },
              "uuid": "05978211-3e47-4d24-9baa-738b7f4a33d2",
              "parentUUID": "47cbcc00-4ae9-4eda-9853-cbf12a63f836",
              "isHook": false,
              "skipped": false
            },
            {
              "title": "Verifica se o input só aceita número maiores que zero. Essa restrição deve ser feita usando os atributos do elemento `input`",
              "fullTitle": "10 - Faça o quadro de pixels ter seu tamanho definido pelo usuário. Verifica se o input só aceita número maiores que zero. Essa restrição deve ser feita usando os atributos do elemento `input`",
              "timedOut": null,
              "duration": 4165,
              "state": "failed",
              "speed": null,
              "pass": false,
              "fail": true,
              "pending": false,
              "context": null,
              "code": "cy.get('#board-size[type=\\'number\\'][min=\\'1\\']');",
              "err": {
                "message": "CypressError: Timed out retrying: Expected to find element: '#board-size[type='number'][min='1']', but never found it.",
                "estack": "CypressError: Timed out retrying: Expected to find element: '#board-size[type='number'][min='1']', but never found it.\n    at cypressErr (http://localhost:32777/__cypress/runner/cypress_runner.js:149934:9)\n    at throwErr (http://localhost:32777/__cypress/runner/cypress_runner.js:149867:11)\n    at Object.throwErrByPath (http://localhost:32777/__cypress/runner/cypress_runner.js:149915:3)\n    at retry (http://localhost:32777/__cypress/runner/cypress_runner.js:144197:19)\n    at onFailFn (http://localhost:32777/__cypress/runner/cypress_runner.js:132448:16)\n    at tryCatcher (http://localhost:32777/__cypress/runner/cypress_runner.js:167415:23)\n    at Promise._settlePromiseFromHandler (http://localhost:32777/__cypress/runner/cypress_runner.js:165351:31)\n    at Promise._settlePromise (http://localhost:32777/__cypress/runner/cypress_runner.js:165408:18)\n    at Promise._settlePromise0 (http://localhost:32777/__cypress/runner/cypress_runner.js:165453:10)\n    at Promise._settlePromises (http://localhost:32777/__cypress/runner/cypress_runner.js:165528:18)\n    at Async../node_modules/bluebird/js/release/async.js.Async._drainQueue (http://localhost:32777/__cypress/runner/cypress_runner.js:162140:16)\n    at Async../node_modules/bluebird/js/release/async.js.Async._drainQueues (http://localhost:32777/__cypress/runner/cypress_runner.js:162150:10)\n    at Async.drainQueues (http://localhost:32777/__cypress/runner/cypress_runner.js:162024:14)",
                "diff": null
              },
              "uuid": "14018317-8bec-426c-a5a2-5e96b08ccf5d",
              "parentUUID": "47cbcc00-4ae9-4eda-9853-cbf12a63f836",
              "isHook": false,
              "skipped": false
            },
            {
              "title": "Verifica se o botão contém o texto 'VQV'",
              "fullTitle": "10 - Faça o quadro de pixels ter seu tamanho definido pelo usuário. Verifica se o botão contém o texto 'VQV'",
              "timedOut": null,
              "duration": 4193,
              "state": "failed",
              "speed": null,
              "pass": false,
              "fail": true,
              "pending": false,
              "context": null,
              "code": "cy.get('#generate-board').contains(/vqv/i);",
              "err": {
                "message": "CypressError: Timed out retrying: Expected to find element: '#generate-board', but never found it.",
                "estack": "CypressError: Timed out retrying: Expected to find element: '#generate-board', but never found it.\n    at cypressErr (http://localhost:32777/__cypress/runner/cypress_runner.js:149934:9)\n    at throwErr (http://localhost:32777/__cypress/runner/cypress_runner.js:149867:11)\n    at Object.throwErrByPath (http://localhost:32777/__cypress/runner/cypress_runner.js:149915:3)\n    at retry (http://localhost:32777/__cypress/runner/cypress_runner.js:144197:19)\n    at onFailFn (http://localhost:32777/__cypress/runner/cypress_runner.js:132448:16)\n    at tryCatcher (http://localhost:32777/__cypress/runner/cypress_runner.js:167415:23)\n    at Promise._settlePromiseFromHandler (http://localhost:32777/__cypress/runner/cypress_runner.js:165351:31)\n    at Promise._settlePromise (http://localhost:32777/__cypress/runner/cypress_runner.js:165408:18)\n    at Promise._settlePromise0 (http://localhost:32777/__cypress/runner/cypress_runner.js:165453:10)\n    at Promise._settlePromises (http://localhost:32777/__cypress/runner/cypress_runner.js:165528:18)\n    at Async../node_modules/bluebird/js/release/async.js.Async._drainQueue (http://localhost:32777/__cypress/runner/cypress_runner.js:162140:16)\n    at Async../node_modules/bluebird/js/release/async.js.Async._drainQueues (http://localhost:32777/__cypress/runner/cypress_runner.js:162150:10)\n    at Async.drainQueues (http://localhost:32777/__cypress/runner/cypress_runner.js:162024:14)",
                "diff": null
              },
              "uuid": "bc303cca-48d8-4a9d-ba55-9945970f0882",
              "parentUUID": "47cbcc00-4ae9-4eda-9853-cbf12a63f836",
              "isHook": false,
              "skipped": false
            },
            {
              "title": "Verifica se o input está posicionado entre a paleta de cores e o quadro de pixels",
              "fullTitle": "10 - Faça o quadro de pixels ter seu tamanho definido pelo usuário. Verifica se o input está posicionado entre a paleta de cores e o quadro de pixels",
              "timedOut": null,
              "duration": 4182,
              "state": "failed",
              "speed": null,
              "pass": false,
              "fail": true,
              "pending": false,
              "context": null,
              "code": "cy.get('#color-palette').then(function (palette) {\n  cy.get('#board-size').should('be.belowOf', palette);\n});\ncy.get('#board-size').then(function (palette) {\n  cy.get('#pixel-board').should('be.belowOf', palette);\n});",
              "err": {
                "message": "CypressError: Timed out retrying: Expected to find element: '#board-size', but never found it.",
                "estack": "CypressError: Timed out retrying: Expected to find element: '#board-size', but never found it.\n    at cypressErr (http://localhost:32777/__cypress/runner/cypress_runner.js:149934:9)\n    at throwErr (http://localhost:32777/__cypress/runner/cypress_runner.js:149867:11)\n    at Object.throwErrByPath (http://localhost:32777/__cypress/runner/cypress_runner.js:149915:3)\n    at retry (http://localhost:32777/__cypress/runner/cypress_runner.js:144197:19)\n    at onFailFn (http://localhost:32777/__cypress/runner/cypress_runner.js:132448:16)\n    at tryCatcher (http://localhost:32777/__cypress/runner/cypress_runner.js:167415:23)\n    at Promise._settlePromiseFromHandler (http://localhost:32777/__cypress/runner/cypress_runner.js:165351:31)\n    at Promise._settlePromise (http://localhost:32777/__cypress/runner/cypress_runner.js:165408:18)\n    at Promise._settlePromise0 (http://localhost:32777/__cypress/runner/cypress_runner.js:165453:10)\n    at Promise._settlePromises (http://localhost:32777/__cypress/runner/cypress_runner.js:165528:18)\n    at Async../node_modules/bluebird/js/release/async.js.Async._drainQueue (http://localhost:32777/__cypress/runner/cypress_runner.js:162140:16)\n    at Async../node_modules/bluebird/js/release/async.js.Async._drainQueues (http://localhost:32777/__cypress/runner/cypress_runner.js:162150:10)\n    at Async.drainQueues (http://localhost:32777/__cypress/runner/cypress_runner.js:162024:14)",
                "diff": null
              },
              "uuid": "583f1366-3703-4e83-9bbf-b913698b618c",
              "parentUUID": "47cbcc00-4ae9-4eda-9853-cbf12a63f836",
              "isHook": false,
              "skipped": false
            },
            {
              "title": "Verifica se o botão está posicionado ao lado do input",
              "fullTitle": "10 - Faça o quadro de pixels ter seu tamanho definido pelo usuário. Verifica se o botão está posicionado ao lado do input",
              "timedOut": null,
              "duration": 4176,
              "state": "failed",
              "speed": null,
              "pass": false,
              "fail": true,
              "pending": false,
              "context": null,
              "code": "cy.get('#board-size').then(function (board) {\n  cy.get('#generate-board').should('be.onTheRightOf', board);\n});",
              "err": {
                "message": "CypressError: Timed out retrying: Expected to find element: '#board-size', but never found it.",
                "estack": "CypressError: Timed out retrying: Expected to find element: '#board-size', but never found it.\n    at cypressErr (http://localhost:32777/__cypress/runner/cypress_runner.js:149934:9)\n    at throwErr (http://localhost:32777/__cypress/runner/cypress_runner.js:149867:11)\n    at Object.throwErrByPath (http://localhost:32777/__cypress/runner/cypress_runner.js:149915:3)\n    at retry (http://localhost:32777/__cypress/runner/cypress_runner.js:144197:19)\n    at onFailFn (http://localhost:32777/__cypress/runner/cypress_runner.js:132448:16)\n    at tryCatcher (http://localhost:32777/__cypress/runner/cypress_runner.js:167415:23)\n    at Promise._settlePromiseFromHandler (http://localhost:32777/__cypress/runner/cypress_runner.js:165351:31)\n    at Promise._settlePromise (http://localhost:32777/__cypress/runner/cypress_runner.js:165408:18)\n    at Promise._settlePromise0 (http://localhost:32777/__cypress/runner/cypress_runner.js:165453:10)\n    at Promise._settlePromises (http://localhost:32777/__cypress/runner/cypress_runner.js:165528:18)\n    at Async../node_modules/bluebird/js/release/async.js.Async._drainQueue (http://localhost:32777/__cypress/runner/cypress_runner.js:162140:16)\n    at Async../node_modules/bluebird/js/release/async.js.Async._drainQueues (http://localhost:32777/__cypress/runner/cypress_runner.js:162150:10)\n    at Async.drainQueues (http://localhost:32777/__cypress/runner/cypress_runner.js:162024:14)",
                "diff": null
              },
              "uuid": "ae8349a2-09df-4c39-9a19-9ce63a27f53f",
              "parentUUID": "47cbcc00-4ae9-4eda-9853-cbf12a63f836",
              "isHook": false,
              "skipped": false
            },
            {
              "title": "Verifica se nenhum valor for colocado no input ao clicar no botão, um `alert` é exibido com o texto: 'Board inválido!'",
              "fullTitle": "10 - Faça o quadro de pixels ter seu tamanho definido pelo usuário. Verifica se nenhum valor for colocado no input ao clicar no botão, um `alert` é exibido com o texto: 'Board inválido!'",
              "timedOut": null,
              "duration": 4198,
              "state": "failed",
              "speed": null,
              "pass": false,
              "fail": true,
              "pending": false,
              "context": null,
              "code": "var alerted = false;\ncy.on('window:alert', function (msg) {\n  return alerted = msg;\n});\ncy.get('#generate-board').click().then(function () {\n  return expect(alerted).to.match(/Board inválido!/i);\n});",
              "err": {
                "message": "CypressError: Timed out retrying: Expected to find element: '#generate-board', but never found it.",
                "estack": "CypressError: Timed out retrying: Expected to find element: '#generate-board', but never found it.\n    at cypressErr (http://localhost:32777/__cypress/runner/cypress_runner.js:149934:9)\n    at throwErr (http://localhost:32777/__cypress/runner/cypress_runner.js:149867:11)\n    at Object.throwErrByPath (http://localhost:32777/__cypress/runner/cypress_runner.js:149915:3)\n    at retry (http://localhost:32777/__cypress/runner/cypress_runner.js:144197:19)\n    at onFailFn (http://localhost:32777/__cypress/runner/cypress_runner.js:132448:16)\n    at tryCatcher (http://localhost:32777/__cypress/runner/cypress_runner.js:167415:23)\n    at Promise._settlePromiseFromHandler (http://localhost:32777/__cypress/runner/cypress_runner.js:165351:31)\n    at Promise._settlePromise (http://localhost:32777/__cypress/runner/cypress_runner.js:165408:18)\n    at Promise._settlePromise0 (http://localhost:32777/__cypress/runner/cypress_runner.js:165453:10)\n    at Promise._settlePromises (http://localhost:32777/__cypress/runner/cypress_runner.js:165528:18)\n    at Async../node_modules/bluebird/js/release/async.js.Async._drainQueue (http://localhost:32777/__cypress/runner/cypress_runner.js:162140:16)\n    at Async../node_modules/bluebird/js/release/async.js.Async._drainQueues (http://localhost:32777/__cypress/runner/cypress_runner.js:162150:10)\n    at Async.drainQueues (http://localhost:32777/__cypress/runner/cypress_runner.js:162024:14)",
                "diff": null
              },
              "uuid": "48901906-ed04-43b4-aaab-91dbacbb4e27",
              "parentUUID": "47cbcc00-4ae9-4eda-9853-cbf12a63f836",
              "isHook": false,
              "skipped": false
            },
            {
              "title": "Verifica se ao clicar no botão com um valor preenchido, o tamanho do board muda.",
              "fullTitle": "10 - Faça o quadro de pixels ter seu tamanho definido pelo usuário. Verifica se ao clicar no botão com um valor preenchido, o tamanho do board muda.",
              "timedOut": null,
              "duration": 4163,
              "state": "failed",
              "speed": null,
              "pass": false,
              "fail": true,
              "pending": false,
              "context": null,
              "code": "cy.get('#board-size').clear().type(10);\ncy.get('#generate-board').click();\ncy.get('.pixel').should('have.length', 100);",
              "err": {
                "message": "CypressError: Timed out retrying: Expected to find element: '#board-size', but never found it.",
                "estack": "CypressError: Timed out retrying: Expected to find element: '#board-size', but never found it.\n    at cypressErr (http://localhost:32777/__cypress/runner/cypress_runner.js:149934:9)\n    at throwErr (http://localhost:32777/__cypress/runner/cypress_runner.js:149867:11)\n    at Object.throwErrByPath (http://localhost:32777/__cypress/runner/cypress_runner.js:149915:3)\n    at retry (http://localhost:32777/__cypress/runner/cypress_runner.js:144197:19)\n    at onFailFn (http://localhost:32777/__cypress/runner/cypress_runner.js:132448:16)\n    at tryCatcher (http://localhost:32777/__cypress/runner/cypress_runner.js:167415:23)\n    at Promise._settlePromiseFromHandler (http://localhost:32777/__cypress/runner/cypress_runner.js:165351:31)\n    at Promise._settlePromise (http://localhost:32777/__cypress/runner/cypress_runner.js:165408:18)\n    at Promise._settlePromise0 (http://localhost:32777/__cypress/runner/cypress_runner.js:165453:10)\n    at Promise._settlePromises (http://localhost:32777/__cypress/runner/cypress_runner.js:165528:18)\n    at Async../node_modules/bluebird/js/release/async.js.Async._drainQueue (http://localhost:32777/__cypress/runner/cypress_runner.js:162140:16)\n    at Async../node_modules/bluebird/js/release/async.js.Async._drainQueues (http://localhost:32777/__cypress/runner/cypress_runner.js:162150:10)\n    at Async.drainQueues (http://localhost:32777/__cypress/runner/cypress_runner.js:162024:14)",
                "diff": null
              },
              "uuid": "0ea7645d-c2fe-4762-9f6a-d93fc114d901",
              "parentUUID": "47cbcc00-4ae9-4eda-9853-cbf12a63f836",
              "isHook": false,
              "skipped": false
            },
            {
              "title": "Verifica se o novo quadro tem todos os pixels preenchidos com a cor branca",
              "fullTitle": "10 - Faça o quadro de pixels ter seu tamanho definido pelo usuário. Verifica se o novo quadro tem todos os pixels preenchidos com a cor branca",
              "timedOut": null,
              "duration": 4162,
              "state": "failed",
              "speed": null,
              "pass": false,
              "fail": true,
              "pending": false,
              "context": null,
              "code": "cy.get('#board-size').clear().type(6);\ncy.get('#generate-board').click();\ncy.get('.pixel').should('have.length', 36).each(function (pixel) {\n  expect(pixel).to.have.css('background-color', WHITE);\n});",
              "err": {
                "message": "CypressError: Timed out retrying: Expected to find element: '#board-size', but never found it.",
                "estack": "CypressError: Timed out retrying: Expected to find element: '#board-size', but never found it.\n    at cypressErr (http://localhost:32777/__cypress/runner/cypress_runner.js:149934:9)\n    at throwErr (http://localhost:32777/__cypress/runner/cypress_runner.js:149867:11)\n    at Object.throwErrByPath (http://localhost:32777/__cypress/runner/cypress_runner.js:149915:3)\n    at retry (http://localhost:32777/__cypress/runner/cypress_runner.js:144197:19)\n    at onFailFn (http://localhost:32777/__cypress/runner/cypress_runner.js:132448:16)\n    at tryCatcher (http://localhost:32777/__cypress/runner/cypress_runner.js:167415:23)\n    at Promise._settlePromiseFromHandler (http://localhost:32777/__cypress/runner/cypress_runner.js:165351:31)\n    at Promise._settlePromise (http://localhost:32777/__cypress/runner/cypress_runner.js:165408:18)\n    at Promise._settlePromise0 (http://localhost:32777/__cypress/runner/cypress_runner.js:165453:10)\n    at Promise._settlePromises (http://localhost:32777/__cypress/runner/cypress_runner.js:165528:18)\n    at Async../node_modules/bluebird/js/release/async.js.Async._drainQueue (http://localhost:32777/__cypress/runner/cypress_runner.js:162140:16)\n    at Async../node_modules/bluebird/js/release/async.js.Async._drainQueues (http://localhost:32777/__cypress/runner/cypress_runner.js:162150:10)\n    at Async.drainQueues (http://localhost:32777/__cypress/runner/cypress_runner.js:162024:14)",
                "diff": null
              },
              "uuid": "89c2508c-5dcc-4002-a2d4-5819916ee1e8",
              "parentUUID": "47cbcc00-4ae9-4eda-9853-cbf12a63f836",
              "isHook": false,
              "skipped": false
            }
          ],
          "suites": [],
          "passes": [],
          "failures": [
            "5bbd0d52-a9bc-47ab-b199-32d031cada8a",
            "05978211-3e47-4d24-9baa-738b7f4a33d2",
            "14018317-8bec-426c-a5a2-5e96b08ccf5d",
            "bc303cca-48d8-4a9d-ba55-9945970f0882",
            "583f1366-3703-4e83-9bbf-b913698b618c",
            "ae8349a2-09df-4c39-9a19-9ce63a27f53f",
            "48901906-ed04-43b4-aaab-91dbacbb4e27",
            "0ea7645d-c2fe-4762-9f6a-d93fc114d901",
            "89c2508c-5dcc-4002-a2d4-5819916ee1e8"
          ],
          "pending": [],
          "skipped": [],
          "duration": 37605,
          "root": false,
          "rootEmpty": false,
          "_timeout": 2000
        },
        {
          "uuid": "7f6b84c9-04e7-4258-8aeb-a36a3e2ee8cb",
          "title": "11 - Limite o tamanho mínimo e máximo do board.",
          "fullFile": "",
          "file": "",
          "beforeHooks": [],
          "afterHooks": [],
          "tests": [
            {
              "title": "Verifica se a altura máxima do board é 50",
              "fullTitle": "11 - Limite o tamanho mínimo e máximo do board. Verifica se a altura máxima do board é 50",
              "timedOut": null,
              "duration": 4186,
              "state": "failed",
              "speed": null,
              "pass": false,
              "fail": true,
              "pending": false,
              "context": null,
              "code": "cy.get('#board-size').clear().type(50);\ncy.get('#generate-board').click();\ncy.get('.pixel').should('have.length', 2500);",
              "err": {
                "message": "CypressError: Timed out retrying: Expected to find element: '#board-size', but never found it.",
                "estack": "CypressError: Timed out retrying: Expected to find element: '#board-size', but never found it.\n    at cypressErr (http://localhost:32777/__cypress/runner/cypress_runner.js:149934:9)\n    at throwErr (http://localhost:32777/__cypress/runner/cypress_runner.js:149867:11)\n    at Object.throwErrByPath (http://localhost:32777/__cypress/runner/cypress_runner.js:149915:3)\n    at retry (http://localhost:32777/__cypress/runner/cypress_runner.js:144197:19)\n    at onFailFn (http://localhost:32777/__cypress/runner/cypress_runner.js:132448:16)\n    at tryCatcher (http://localhost:32777/__cypress/runner/cypress_runner.js:167415:23)\n    at Promise._settlePromiseFromHandler (http://localhost:32777/__cypress/runner/cypress_runner.js:165351:31)\n    at Promise._settlePromise (http://localhost:32777/__cypress/runner/cypress_runner.js:165408:18)\n    at Promise._settlePromise0 (http://localhost:32777/__cypress/runner/cypress_runner.js:165453:10)\n    at Promise._settlePromises (http://localhost:32777/__cypress/runner/cypress_runner.js:165528:18)\n    at Async../node_modules/bluebird/js/release/async.js.Async._drainQueue (http://localhost:32777/__cypress/runner/cypress_runner.js:162140:16)\n    at Async../node_modules/bluebird/js/release/async.js.Async._drainQueues (http://localhost:32777/__cypress/runner/cypress_runner.js:162150:10)\n    at Async.drainQueues (http://localhost:32777/__cypress/runner/cypress_runner.js:162024:14)",
                "diff": null
              },
              "uuid": "777a863b-0f62-4c99-a669-edc5d73c62c5",
              "parentUUID": "7f6b84c9-04e7-4258-8aeb-a36a3e2ee8cb",
              "isHook": false,
              "skipped": false
            },
            {
              "title": "Verifica se a altura do board é 5 quando um valor menor é colocado no input",
              "fullTitle": "11 - Limite o tamanho mínimo e máximo do board. Verifica se a altura do board é 5 quando um valor menor é colocado no input",
              "timedOut": null,
              "duration": 4195,
              "state": "failed",
              "speed": null,
              "pass": false,
              "fail": true,
              "pending": false,
              "context": null,
              "code": "cy.get('#board-size').clear().type(4);\ncy.get('#generate-board').click();\ncy.get('.pixel').should('have.length', 25);",
              "err": {
                "message": "CypressError: Timed out retrying: Expected to find element: '#board-size', but never found it.",
                "estack": "CypressError: Timed out retrying: Expected to find element: '#board-size', but never found it.\n    at cypressErr (http://localhost:32777/__cypress/runner/cypress_runner.js:149934:9)\n    at throwErr (http://localhost:32777/__cypress/runner/cypress_runner.js:149867:11)\n    at Object.throwErrByPath (http://localhost:32777/__cypress/runner/cypress_runner.js:149915:3)\n    at retry (http://localhost:32777/__cypress/runner/cypress_runner.js:144197:19)\n    at onFailFn (http://localhost:32777/__cypress/runner/cypress_runner.js:132448:16)\n    at tryCatcher (http://localhost:32777/__cypress/runner/cypress_runner.js:167415:23)\n    at Promise._settlePromiseFromHandler (http://localhost:32777/__cypress/runner/cypress_runner.js:165351:31)\n    at Promise._settlePromise (http://localhost:32777/__cypress/runner/cypress_runner.js:165408:18)\n    at Promise._settlePromise0 (http://localhost:32777/__cypress/runner/cypress_runner.js:165453:10)\n    at Promise._settlePromises (http://localhost:32777/__cypress/runner/cypress_runner.js:165528:18)\n    at Async../node_modules/bluebird/js/release/async.js.Async._drainQueue (http://localhost:32777/__cypress/runner/cypress_runner.js:162140:16)\n    at Async../node_modules/bluebird/js/release/async.js.Async._drainQueues (http://localhost:32777/__cypress/runner/cypress_runner.js:162150:10)\n    at Async.drainQueues (http://localhost:32777/__cypress/runner/cypress_runner.js:162024:14)",
                "diff": null
              },
              "uuid": "7633ee8f-e953-459b-82c2-30b4a37bac7f",
              "parentUUID": "7f6b84c9-04e7-4258-8aeb-a36a3e2ee8cb",
              "isHook": false,
              "skipped": false
            },
            {
              "title": "Verifica se a altura do board é 50 quando um valor maior é colocado no input",
              "fullTitle": "11 - Limite o tamanho mínimo e máximo do board. Verifica se a altura do board é 50 quando um valor maior é colocado no input",
              "timedOut": null,
              "duration": 4182,
              "state": "failed",
              "speed": null,
              "pass": false,
              "fail": true,
              "pending": false,
              "context": null,
              "code": "cy.get('#board-size').clear().type(51);\ncy.get('#generate-board').click();\ncy.get('.pixel').should('have.length', 2500);",
              "err": {
                "message": "CypressError: Timed out retrying: Expected to find element: '#board-size', but never found it.",
                "estack": "CypressError: Timed out retrying: Expected to find element: '#board-size', but never found it.\n    at cypressErr (http://localhost:32777/__cypress/runner/cypress_runner.js:149934:9)\n    at throwErr (http://localhost:32777/__cypress/runner/cypress_runner.js:149867:11)\n    at Object.throwErrByPath (http://localhost:32777/__cypress/runner/cypress_runner.js:149915:3)\n    at retry (http://localhost:32777/__cypress/runner/cypress_runner.js:144197:19)\n    at onFailFn (http://localhost:32777/__cypress/runner/cypress_runner.js:132448:16)\n    at tryCatcher (http://localhost:32777/__cypress/runner/cypress_runner.js:167415:23)\n    at Promise._settlePromiseFromHandler (http://localhost:32777/__cypress/runner/cypress_runner.js:165351:31)\n    at Promise._settlePromise (http://localhost:32777/__cypress/runner/cypress_runner.js:165408:18)\n    at Promise._settlePromise0 (http://localhost:32777/__cypress/runner/cypress_runner.js:165453:10)\n    at Promise._settlePromises (http://localhost:32777/__cypress/runner/cypress_runner.js:165528:18)\n    at Async../node_modules/bluebird/js/release/async.js.Async._drainQueue (http://localhost:32777/__cypress/runner/cypress_runner.js:162140:16)\n    at Async../node_modules/bluebird/js/release/async.js.Async._drainQueues (http://localhost:32777/__cypress/runner/cypress_runner.js:162150:10)\n    at Async.drainQueues (http://localhost:32777/__cypress/runner/cypress_runner.js:162024:14)",
                "diff": null
              },
              "uuid": "334cc9eb-6023-44ac-8152-fe80acf6c7e2",
              "parentUUID": "7f6b84c9-04e7-4258-8aeb-a36a3e2ee8cb",
              "isHook": false,
              "skipped": false
            }
          ],
          "suites": [],
          "passes": [],
          "failures": [
            "777a863b-0f62-4c99-a669-edc5d73c62c5",
            "7633ee8f-e953-459b-82c2-30b4a37bac7f",
            "334cc9eb-6023-44ac-8152-fe80acf6c7e2"
          ],
          "pending": [],
          "skipped": [],
          "duration": 12563,
          "root": false,
          "rootEmpty": false,
          "_timeout": 2000
        },
        {
          "uuid": "02cc2262-f711-44f8-8092-cb530c66cbee",
          "title": "12 - Faça com que as cores da paleta sejam geradas aleatoriamente ao carregar a página.",
          "fullFile": "",
          "file": "",
          "beforeHooks": [],
          "afterHooks": [],
          "tests": [
            {
              "title": "Verifica se as cores geradas na paleta são diferentes a cada carregamento da página",
              "fullTitle": "12 - Faça com que as cores da paleta sejam geradas aleatoriamente ao carregar a página. Verifica se as cores geradas na paleta são diferentes a cada carregamento da página",
              "timedOut": null,
              "duration": 242,
              "state": "failed",
              "speed": null,
              "pass": false,
              "fail": true,
              "pending": false,
              "context": null,
              "code": "cy.get('.color').then(function (colors) {\n  var currentColors;\n  var previousColors;\n  previousColors = Array.from(colors).map(function (color) {\n    return Cypress.$(color).css('background-color');\n  });\n  for (var i = 0; i < 5; i += 1) {\n    cy.reload();\n    cy.get('.color').then(function (colors) {\n      currentColors = Array.from(colors).map(function (color) {\n        return Cypress.$(color).css('background-color');\n      });\n      expect(currentColors).not.to.deep.equal(previousColors);\n      previousColors = currentColors;\n    });\n  }\n});",
              "err": {
                "message": "AssertionError: expected [ Array(4) ] to not deeply equal [ Array(4) ]",
                "estack": "AssertionError: expected [ Array(4) ] to not deeply equal [ Array(4) ]\n    at getRet (http://localhost:32777/__cypress/runner/cypress_runner.js:136585:16)\n    at tryCatcher (http://localhost:32777/__cypress/runner/cypress_runner.js:167415:23)\n    at Function.Promise.attempt.Promise.try (http://localhost:32777/__cypress/runner/cypress_runner.js:164690:29)\n    at Context.thenFn (http://localhost:32777/__cypress/runner/cypress_runner.js:136599:23)\n    at Context.then (http://localhost:32777/__cypress/runner/cypress_runner.js:136971:21)\n    at Context.<anonymous> (http://localhost:32777/__cypress/runner/cypress_runner.js:148875:21)\n    at http://localhost:32777/__cypress/runner/cypress_runner.js:148351:33\n    at tryCatcher (http://localhost:32777/__cypress/runner/cypress_runner.js:167415:23)\n    at Promise._settlePromiseFromHandler (http://localhost:32777/__cypress/runner/cypress_runner.js:165351:31)\n    at Promise._settlePromise (http://localhost:32777/__cypress/runner/cypress_runner.js:165408:18)\n    at Promise._settlePromiseCtx (http://localhost:32777/__cypress/runner/cypress_runner.js:165445:10)\n    at Async../node_modules/bluebird/js/release/async.js.Async._drainQueue (http://localhost:32777/__cypress/runner/cypress_runner.js:162145:12)\n    at Async../node_modules/bluebird/js/release/async.js.Async._drainQueues (http://localhost:32777/__cypress/runner/cypress_runner.js:162150:10)\n    at Async.drainQueues (http://localhost:32777/__cypress/runner/cypress_runner.js:162024:14)",
                "diff": ""
              },
              "uuid": "69ae15ad-2412-42e3-bb64-b79838447a0c",
              "parentUUID": "02cc2262-f711-44f8-8092-cb530c66cbee",
              "isHook": false,
              "skipped": false
            },
            {
              "title": "Verifica se a cor preta ainda está presente e é a primeira na sua paleta de cores",
              "fullTitle": "12 - Faça com que as cores da paleta sejam geradas aleatoriamente ao carregar a página. Verifica se a cor preta ainda está presente e é a primeira na sua paleta de cores",
              "timedOut": null,
              "duration": 205,
              "state": "failed",
              "speed": null,
              "pass": false,
              "fail": true,
              "pending": false,
              "context": null,
              "code": "cy.get('.color').then(function (colors) {\n  var currentColors;\n  var previousColors;\n  previousColors = Array.from(colors).map(function (color) {\n    return Cypress.$(color).css('background-color');\n  });\n  expect(previousColors[0]).to.eq(BLACK);\n  for (var i = 0; i < 5; i += 1) {\n    cy.reload();\n    cy.get('.color').then(function (colors) {\n      currentColors = Array.from(colors).map(function (color) {\n        return Cypress.$(color).css('background-color');\n      });\n      expect(currentColors[0]).to.eq(BLACK);\n      expect(currentColors).not.to.deep.equal(previousColors);\n      previousColors = currentColors;\n    });\n  }\n});",
              "err": {
                "message": "AssertionError: expected [ Array(4) ] to not deeply equal [ Array(4) ]",
                "estack": "AssertionError: expected [ Array(4) ] to not deeply equal [ Array(4) ]\n    at getRet (http://localhost:32777/__cypress/runner/cypress_runner.js:136585:16)\n    at tryCatcher (http://localhost:32777/__cypress/runner/cypress_runner.js:167415:23)\n    at Function.Promise.attempt.Promise.try (http://localhost:32777/__cypress/runner/cypress_runner.js:164690:29)\n    at Context.thenFn (http://localhost:32777/__cypress/runner/cypress_runner.js:136599:23)\n    at Context.then (http://localhost:32777/__cypress/runner/cypress_runner.js:136971:21)\n    at Context.<anonymous> (http://localhost:32777/__cypress/runner/cypress_runner.js:148875:21)\n    at http://localhost:32777/__cypress/runner/cypress_runner.js:148351:33\n    at tryCatcher (http://localhost:32777/__cypress/runner/cypress_runner.js:167415:23)\n    at Promise._settlePromiseFromHandler (http://localhost:32777/__cypress/runner/cypress_runner.js:165351:31)\n    at Promise._settlePromise (http://localhost:32777/__cypress/runner/cypress_runner.js:165408:18)\n    at Promise._settlePromiseCtx (http://localhost:32777/__cypress/runner/cypress_runner.js:165445:10)\n    at Async../node_modules/bluebird/js/release/async.js.Async._drainQueue (http://localhost:32777/__cypress/runner/cypress_runner.js:162145:12)\n    at Async../node_modules/bluebird/js/release/async.js.Async._drainQueues (http://localhost:32777/__cypress/runner/cypress_runner.js:162150:10)\n    at Async.drainQueues (http://localhost:32777/__cypress/runner/cypress_runner.js:162024:14)",
                "diff": ""
              },
              "uuid": "4a1fb414-3d82-4a68-8462-23a9bd3c2cba",
              "parentUUID": "02cc2262-f711-44f8-8092-cb530c66cbee",
              "isHook": false,
              "skipped": false
            }
          ],
          "suites": [],
          "passes": [],
          "failures": [
            "69ae15ad-2412-42e3-bb64-b79838447a0c",
            "4a1fb414-3d82-4a68-8462-23a9bd3c2cba"
          ],
          "pending": [],
          "skipped": [],
          "duration": 447,
          "root": false,
          "rootEmpty": false,
          "_timeout": 2000
        }
      ],
      "passes": [],
      "failures": [],
      "pending": [],
      "skipped": [],
      "duration": 0,
      "root": true,
      "rootEmpty": true,
      "_timeout": 2000
    }
  ],
  "meta": {
    "mocha": {
      "version": "7.0.1"
    },
    "mochawesome": {
      "options": {
        "quiet": false,
        "reportFilename": "mochawesome",
        "saveHtml": false,
        "saveJson": true,
        "consoleReporter": "spec",
        "useInlineDiffs": false
      },
      "version": "4.1.0"
    },
    "marge": {
      "options": {
        "id": "default",
        "reportDir": "cypress/reports",
        "overwrite": true,
        "html": false,
        "json": true
      },
      "version": "4.1.0"
    }
  }
}