{
  "stats": {
    "suites": 12,
    "tests": 41,
    "passes": 26,
    "pending": 0,
    "failures": 15,
    "start": "2021-08-21T20:40:56.922Z",
    "end": "2021-08-21T20:42:32.858Z",
    "duration": 95936,
    "testsRegistered": 41,
    "passPercent": 63.41463414634146,
    "pendingPercent": 0,
    "other": 0,
    "hasOther": false,
    "skipped": 0,
    "hasSkipped": false
  },
  "results": [
    {
      "uuid": "269357e9-9429-4679-a224-60064b7fe423",
      "title": "",
      "fullFile": "cypress/integration/project.spec.js",
      "file": "cypress/integration/project.spec.js",
      "beforeHooks": [],
      "afterHooks": [],
      "tests": [],
      "suites": [
        {
          "uuid": "557dc3d7-cec9-4a87-913e-7e4ea88458fd",
          "title": "1 - Adicione à página o título \"Paleta de Cores\".",
          "fullFile": "",
          "file": "",
          "beforeHooks": [],
          "afterHooks": [],
          "tests": [
            {
              "title": "Verifica se contém um elemento `h1` com o id `title` com o título correto",
              "fullTitle": "1 - Adicione à página o título \"Paleta de Cores\". Verifica se contém um elemento `h1` com o id `title` com o título correto",
              "timedOut": null,
              "duration": 581,
              "state": "passed",
              "speed": "slow",
              "pass": true,
              "fail": false,
              "pending": false,
              "context": null,
              "code": "cy.get('h1#title').should('contain.text', 'Paleta de Cores');",
              "err": {},
              "uuid": "8693b8c4-73a8-412e-8672-ff50c8646489",
              "parentUUID": "557dc3d7-cec9-4a87-913e-7e4ea88458fd",
              "isHook": false,
              "skipped": false
            }
          ],
          "suites": [],
          "passes": [
            "8693b8c4-73a8-412e-8672-ff50c8646489"
          ],
          "failures": [],
          "pending": [],
          "skipped": [],
          "duration": 581,
          "root": false,
          "rootEmpty": false,
          "_timeout": 2000
        },
        {
          "uuid": "95b10760-9f16-498b-abd7-547c0fe5df63",
          "title": "2 - Adicione à página uma paleta de quatro cores distintas.",
          "fullFile": "",
          "file": "",
          "beforeHooks": [],
          "afterHooks": [],
          "tests": [
            {
              "title": "A paleta de cores deve ser um elemento com `id` denominado `color-palette`",
              "fullTitle": "2 - Adicione à página uma paleta de quatro cores distintas. A paleta de cores deve ser um elemento com `id` denominado `color-palette`",
              "timedOut": null,
              "duration": 321,
              "state": "passed",
              "speed": "slow",
              "pass": true,
              "fail": false,
              "pending": false,
              "context": null,
              "code": "cy.get('#color-palette').should('be.visible');",
              "err": {},
              "uuid": "8ccb6b6e-5ca5-4372-a560-64af2bb9f916",
              "parentUUID": "95b10760-9f16-498b-abd7-547c0fe5df63",
              "isHook": false,
              "skipped": false
            },
            {
              "title": "Verifica se cada cor individual da paleta de cores possui a `classe` chamada `color`.",
              "fullTitle": "2 - Adicione à página uma paleta de quatro cores distintas. Verifica se cada cor individual da paleta de cores possui a `classe` chamada `color`.",
              "timedOut": null,
              "duration": 442,
              "state": "passed",
              "speed": "slow",
              "pass": true,
              "fail": false,
              "pending": false,
              "context": null,
              "code": "cy.get('.color').should('have.length', 4).then(function (colors) {\n  for (var i = 0; i < colors.length; i++) {\n    cy.wrap(colors[i]).should('be.visible');\n  }\n});",
              "err": {},
              "uuid": "a7a21e04-c887-4fbc-a788-ee88acb7ad30",
              "parentUUID": "95b10760-9f16-498b-abd7-547c0fe5df63",
              "isHook": false,
              "skipped": false
            },
            {
              "title": "Verifica se a cor de fundo de cada elemento da paleta é a cor que o elemento representa. **A única cor não permitida na paleta é a cor branca.**",
              "fullTitle": "2 - Adicione à página uma paleta de quatro cores distintas. Verifica se a cor de fundo de cada elemento da paleta é a cor que o elemento representa. **A única cor não permitida na paleta é a cor branca.**",
              "timedOut": null,
              "duration": 337,
              "state": "passed",
              "speed": "slow",
              "pass": true,
              "fail": false,
              "pending": false,
              "context": null,
              "code": "cy.get('.color').each(function (color) {\n  cy.wrap(color).should('have.class', 'color').and('not.have.css', 'background-color', WHITE);\n  cy.wrap(color).should('have.css', 'background-color');\n});",
              "err": {},
              "uuid": "fd41b138-53bd-4efa-b4ca-156668d27a36",
              "parentUUID": "95b10760-9f16-498b-abd7-547c0fe5df63",
              "isHook": false,
              "skipped": false
            },
            {
              "title": "Verifica se cada elemento da paleta de cores tem uma borda preta, sólida e com 1 pixel de largura;",
              "fullTitle": "2 - Adicione à página uma paleta de quatro cores distintas. Verifica se cada elemento da paleta de cores tem uma borda preta, sólida e com 1 pixel de largura;",
              "timedOut": null,
              "duration": 220,
              "state": "passed",
              "speed": "slow",
              "pass": true,
              "fail": false,
              "pending": false,
              "context": null,
              "code": "cy.get('.color').each(function (color) {\n  cy.wrap(color).and('have.css', 'border', \"1px solid \".concat(BLACK)).and('have.class', 'color');\n});",
              "err": {},
              "uuid": "6e925a34-7d46-4829-ac72-c051d6e9d930",
              "parentUUID": "95b10760-9f16-498b-abd7-547c0fe5df63",
              "isHook": false,
              "skipped": false
            },
            {
              "title": "Verifica se a paleta lista todas as cores disponíveis para utilização, lado a lado.",
              "fullTitle": "2 - Adicione à página uma paleta de quatro cores distintas. Verifica se a paleta lista todas as cores disponíveis para utilização, lado a lado.",
              "timedOut": null,
              "duration": 182,
              "state": "passed",
              "speed": "slow",
              "pass": true,
              "fail": false,
              "pending": false,
              "context": null,
              "code": "cy.get('.color').then(function (colors) {\n  for (var index = 1; index < colors.length; index += 1) {\n    var currentColor = colors[index];\n    var previousColor = colors[index - 1];\n    cy.wrap(currentColor).should('be.onTheRightOf', previousColor).and('be.horizontallyAlignedWith', previousColor);\n  }\n});",
              "err": {},
              "uuid": "70998da2-25a9-4b53-a41e-58e265fbb772",
              "parentUUID": "95b10760-9f16-498b-abd7-547c0fe5df63",
              "isHook": false,
              "skipped": false
            },
            {
              "title": "Verifica se a paleta de cores está posicionada abaixo do título 'Paleta de Cores'",
              "fullTitle": "2 - Adicione à página uma paleta de quatro cores distintas. Verifica se a paleta de cores está posicionada abaixo do título 'Paleta de Cores'",
              "timedOut": null,
              "duration": 154,
              "state": "passed",
              "speed": "slow",
              "pass": true,
              "fail": false,
              "pending": false,
              "context": null,
              "code": "cy.get('h1#title').then(function (title) {\n  cy.get('#color-palette').should('be.belowOf', title);\n});",
              "err": {},
              "uuid": "c1990bd0-3c94-4dc2-bdd7-2c1b38c64781",
              "parentUUID": "95b10760-9f16-498b-abd7-547c0fe5df63",
              "isHook": false,
              "skipped": false
            },
            {
              "title": "Verifica se a paleta de cores não contém cores repetidas.",
              "fullTitle": "2 - Adicione à página uma paleta de quatro cores distintas. Verifica se a paleta de cores não contém cores repetidas.",
              "timedOut": null,
              "duration": 193,
              "state": "passed",
              "speed": "slow",
              "pass": true,
              "fail": false,
              "pending": false,
              "context": null,
              "code": "cy.get('.color').then(function (colors) {\n  var allColors = Array.from(colors).map(function (color) {\n    return Cypress.$(color).css('background-color');\n  });\n  cy.log(allColors);\n  var uniqColors = (0, _toConsumableArray2[\"default\"])(new Set(allColors));\n  cy.log(uniqColors);\n  expect(allColors.length).to.eq(uniqColors.length);\n});",
              "err": {},
              "uuid": "d0fa6ca8-a44b-4400-bafd-7de05be375fd",
              "parentUUID": "95b10760-9f16-498b-abd7-547c0fe5df63",
              "isHook": false,
              "skipped": false
            }
          ],
          "suites": [],
          "passes": [
            "8ccb6b6e-5ca5-4372-a560-64af2bb9f916",
            "a7a21e04-c887-4fbc-a788-ee88acb7ad30",
            "fd41b138-53bd-4efa-b4ca-156668d27a36",
            "6e925a34-7d46-4829-ac72-c051d6e9d930",
            "70998da2-25a9-4b53-a41e-58e265fbb772",
            "c1990bd0-3c94-4dc2-bdd7-2c1b38c64781",
            "d0fa6ca8-a44b-4400-bafd-7de05be375fd"
          ],
          "failures": [],
          "pending": [],
          "skipped": [],
          "duration": 1849,
          "root": false,
          "rootEmpty": false,
          "_timeout": 2000
        },
        {
          "uuid": "599f0b71-0736-4629-9aa1-df79d8434c64",
          "title": "3 - Adicione a cor **preta** como a primeira cor da paleta de cores.",
          "fullFile": "",
          "file": "",
          "beforeHooks": [],
          "afterHooks": [],
          "tests": [
            {
              "title": "Verifica se a primeira cor da paleta é preta",
              "fullTitle": "3 - Adicione a cor **preta** como a primeira cor da paleta de cores. Verifica se a primeira cor da paleta é preta",
              "timedOut": null,
              "duration": 186,
              "state": "passed",
              "speed": "slow",
              "pass": true,
              "fail": false,
              "pending": false,
              "context": null,
              "code": "cy.get('.color').first().should('have.css', 'background-color', BLACK);",
              "err": {},
              "uuid": "8603db71-ce1a-4cdd-a896-5e47a6175146",
              "parentUUID": "599f0b71-0736-4629-9aa1-df79d8434c64",
              "isHook": false,
              "skipped": false
            },
            {
              "title": "Verifica se as demais cores podem ser escolhidas livremente.",
              "fullTitle": "3 - Adicione a cor **preta** como a primeira cor da paleta de cores. Verifica se as demais cores podem ser escolhidas livremente.",
              "timedOut": null,
              "duration": 325,
              "state": "passed",
              "speed": "slow",
              "pass": true,
              "fail": false,
              "pending": false,
              "context": null,
              "code": "cy.get('.color').eq(1).should('not.have.css', 'background-color', BLACK);\ncy.get('.color').eq(1).should('not.have.css', 'background-color', WHITE);\ncy.get('.color').eq(1).should('not.have.css', 'background-color', 'rgba(0, 0, 0, 0)');\ncy.get('.color').eq(1).should('have.css', 'background-color');\ncy.get('.color').eq(2).should('not.have.css', 'background-color', BLACK);\ncy.get('.color').eq(2).should('not.have.css', 'background-color', WHITE);\ncy.get('.color').eq(2).should('not.have.css', 'background-color', 'rgba(0, 0, 0, 0)');\ncy.get('.color').eq(2).should('have.css', 'background-color');\ncy.get('.color').eq(3).should('not.have.css', 'background-color', BLACK);\ncy.get('.color').eq(3).should('not.have.css', 'background-color', WHITE);\ncy.get('.color').eq(3).should('not.have.css', 'background-color', 'rgba(0, 0, 0, 0)');\ncy.get('.color').eq(3).should('have.css', 'background-color');",
              "err": {},
              "uuid": "e59951e0-7e99-4f19-a689-4b75a320278e",
              "parentUUID": "599f0b71-0736-4629-9aa1-df79d8434c64",
              "isHook": false,
              "skipped": false
            }
          ],
          "suites": [],
          "passes": [
            "8603db71-ce1a-4cdd-a896-5e47a6175146",
            "e59951e0-7e99-4f19-a689-4b75a320278e"
          ],
          "failures": [],
          "pending": [],
          "skipped": [],
          "duration": 511,
          "root": false,
          "rootEmpty": false,
          "_timeout": 2000
        },
        {
          "uuid": "03c549ec-795d-49fd-b639-644e2350492d",
          "title": "4 - Adicione à página um quadro de pixels, com 25 pixels.",
          "fullFile": "",
          "file": "",
          "beforeHooks": [],
          "afterHooks": [],
          "tests": [
            {
              "title": "Verifica se o quadro de pixels possui o `id` denominado `pixel-board`",
              "fullTitle": "4 - Adicione à página um quadro de pixels, com 25 pixels. Verifica se o quadro de pixels possui o `id` denominado `pixel-board`",
              "timedOut": null,
              "duration": 195,
              "state": "passed",
              "speed": "slow",
              "pass": true,
              "fail": false,
              "pending": false,
              "context": null,
              "code": "cy.get('#pixel-board').should('be.visible');",
              "err": {},
              "uuid": "065aea8d-b949-46b5-8566-c36953a5ade2",
              "parentUUID": "03c549ec-795d-49fd-b639-644e2350492d",
              "isHook": false,
              "skipped": false
            },
            {
              "title": "Verifica se cada pixel individual dentro do quadro possui a `classe` denominada `pixel`.",
              "fullTitle": "4 - Adicione à página um quadro de pixels, com 25 pixels. Verifica se cada pixel individual dentro do quadro possui a `classe` denominada `pixel`.",
              "timedOut": null,
              "duration": 184,
              "state": "passed",
              "speed": "slow",
              "pass": true,
              "fail": false,
              "pending": false,
              "context": null,
              "code": "cy.get('.pixel').should('have.length', 25);",
              "err": {},
              "uuid": "af8116b9-6026-4fd9-bd8d-85e071906dca",
              "parentUUID": "03c549ec-795d-49fd-b639-644e2350492d",
              "isHook": false,
              "skipped": false
            },
            {
              "title": "Verifica se a cor inicial dos pixels dentro do quadro, ao abrir a página, é branca.",
              "fullTitle": "4 - Adicione à página um quadro de pixels, com 25 pixels. Verifica se a cor inicial dos pixels dentro do quadro, ao abrir a página, é branca.",
              "timedOut": null,
              "duration": 334,
              "state": "passed",
              "speed": "slow",
              "pass": true,
              "fail": false,
              "pending": false,
              "context": null,
              "code": "cy.get('.pixel').should('have.length', 25).each(function (pixel) {\n  expect(pixel).to.have.css('background-color', WHITE);\n});",
              "err": {},
              "uuid": "5b3e653c-deb5-4bd2-b3d0-733bbacc479b",
              "parentUUID": "03c549ec-795d-49fd-b639-644e2350492d",
              "isHook": false,
              "skipped": false
            },
            {
              "title": "Verifica se o quadro de pixels aparece abaixo da paleta de cores",
              "fullTitle": "4 - Adicione à página um quadro de pixels, com 25 pixels. Verifica se o quadro de pixels aparece abaixo da paleta de cores",
              "timedOut": null,
              "duration": 202,
              "state": "passed",
              "speed": "slow",
              "pass": true,
              "fail": false,
              "pending": false,
              "context": null,
              "code": "cy.get('#color-palette').then(function (palette) {\n  cy.get('#pixel-board').should('be.belowOf', palette);\n});",
              "err": {},
              "uuid": "d1d9bdd6-bdc4-49bf-b332-d3056b474f0d",
              "parentUUID": "03c549ec-795d-49fd-b639-644e2350492d",
              "isHook": false,
              "skipped": false
            }
          ],
          "suites": [],
          "passes": [
            "065aea8d-b949-46b5-8566-c36953a5ade2",
            "af8116b9-6026-4fd9-bd8d-85e071906dca",
            "5b3e653c-deb5-4bd2-b3d0-733bbacc479b",
            "d1d9bdd6-bdc4-49bf-b332-d3056b474f0d"
          ],
          "failures": [],
          "pending": [],
          "skipped": [],
          "duration": 915,
          "root": false,
          "rootEmpty": false,
          "_timeout": 2000
        },
        {
          "uuid": "38bf2c71-128a-41ba-8f09-37baacf2fdb4",
          "title": "5 - Faça com que cada elemento do quadro de pixels possua 40 pixels de largura, 40 pixels de altura e seja delimitado por uma borda preta de 1 pixel.",
          "fullFile": "",
          "file": "",
          "beforeHooks": [],
          "afterHooks": [],
          "tests": [
            {
              "title": "Verifica se o quadro de pixels tem altura e comprimento de 5 elementos",
              "fullTitle": "5 - Faça com que cada elemento do quadro de pixels possua 40 pixels de largura, 40 pixels de altura e seja delimitado por uma borda preta de 1 pixel. Verifica se o quadro de pixels tem altura e comprimento de 5 elementos",
              "timedOut": null,
              "duration": 462,
              "state": "passed",
              "speed": "slow",
              "pass": true,
              "fail": false,
              "pending": false,
              "context": null,
              "code": "cy.get('.pixel').should('have.length', 25).each(function (pixel) {\n  expect(pixel).to.have.css('background-color', WHITE);\n}).and(function (pixels) {\n  var rows = chunk(pixels, 5);\n  rows.forEach(function (row) {\n    for (var index = 1; index < row.length; index += 1) {\n      var current = pixels[index];\n      var previous = pixels[index - 1];\n      cy.wrap(current).should('be.onTheRightOf', previous).and('be.horizontallyAlignedWith', previous);\n    }\n  });\n  for (var index = 1; index < 5; index += 1) {\n    expect(pixels[index * 5]).to.be.belowOf(pixels[(index - 1) * 5]);\n  }\n});",
              "err": {},
              "uuid": "ffded458-ca36-4f3d-998e-61ad69d0f7e9",
              "parentUUID": "38bf2c71-128a-41ba-8f09-37baacf2fdb4",
              "isHook": false,
              "skipped": false
            },
            {
              "title": "Verifica se 40 pixels é o tamanho total do elemento, incluindo seu conteúdo e excluindo a borda preta, que deve ser criada à parte.",
              "fullTitle": "5 - Faça com que cada elemento do quadro de pixels possua 40 pixels de largura, 40 pixels de altura e seja delimitado por uma borda preta de 1 pixel. Verifica se 40 pixels é o tamanho total do elemento, incluindo seu conteúdo e excluindo a borda preta, que deve ser criada à parte.",
              "timedOut": null,
              "duration": 486,
              "state": "passed",
              "speed": "slow",
              "pass": true,
              "fail": false,
              "pending": false,
              "context": null,
              "code": "cy.get('.pixel').each(function (pixel) {\n  cy.wrap(pixel).should('have.css', 'height', '40px').and('have.css', 'width', '40px').and('have.css', 'border', \"1px solid \".concat(BLACK));\n});",
              "err": {},
              "uuid": "790787f6-8315-4921-80cd-2b87690d77fb",
              "parentUUID": "38bf2c71-128a-41ba-8f09-37baacf2fdb4",
              "isHook": false,
              "skipped": false
            }
          ],
          "suites": [],
          "passes": [
            "ffded458-ca36-4f3d-998e-61ad69d0f7e9",
            "790787f6-8315-4921-80cd-2b87690d77fb"
          ],
          "failures": [],
          "pending": [],
          "skipped": [],
          "duration": 948,
          "root": false,
          "rootEmpty": false,
          "_timeout": 2000
        },
        {
          "uuid": "01af38c4-283e-4af1-9cd8-77e74697d2ef",
          "title": "6 - Defina a cor preta como cor inicial. Ao carregar a página a cor preta já deve estar selecionada para pintar os pixels",
          "fullFile": "",
          "file": "",
          "beforeHooks": [],
          "afterHooks": [],
          "tests": [
            {
              "title": "Verifica se o elemento da cor preta possui, inicialmente, a `classe` `selected`",
              "fullTitle": "6 - Defina a cor preta como cor inicial. Ao carregar a página a cor preta já deve estar selecionada para pintar os pixels Verifica se o elemento da cor preta possui, inicialmente, a `classe` `selected`",
              "timedOut": null,
              "duration": 172,
              "state": "passed",
              "speed": "slow",
              "pass": true,
              "fail": false,
              "pending": false,
              "context": null,
              "code": "cy.get('.selected').first().should('have.css', 'background-color', BLACK);",
              "err": {},
              "uuid": "a19f8f2a-6a0f-43be-a949-17345fe0572c",
              "parentUUID": "01af38c4-283e-4af1-9cd8-77e74697d2ef",
              "isHook": false,
              "skipped": false
            },
            {
              "title": "Verifica se nenhuma outra cor da paleta tem a `classe` `selected`",
              "fullTitle": "6 - Defina a cor preta como cor inicial. Ao carregar a página a cor preta já deve estar selecionada para pintar os pixels Verifica se nenhuma outra cor da paleta tem a `classe` `selected`",
              "timedOut": null,
              "duration": 174,
              "state": "passed",
              "speed": "slow",
              "pass": true,
              "fail": false,
              "pending": false,
              "context": null,
              "code": "cy.get('.color:not(:first-child)').each(function (color) {\n  cy.wrap(color).should('not.have.class', 'selected');\n});",
              "err": {},
              "uuid": "e446d662-bd7f-495e-83fc-87a1569bb9df",
              "parentUUID": "01af38c4-283e-4af1-9cd8-77e74697d2ef",
              "isHook": false,
              "skipped": false
            }
          ],
          "suites": [],
          "passes": [
            "a19f8f2a-6a0f-43be-a949-17345fe0572c",
            "e446d662-bd7f-495e-83fc-87a1569bb9df"
          ],
          "failures": [],
          "pending": [],
          "skipped": [],
          "duration": 346,
          "root": false,
          "rootEmpty": false,
          "_timeout": 2000
        },
        {
          "uuid": "491fc257-9e08-41e3-ba2c-7e86a4678e08",
          "title": "7 - Clicar em uma das cores da paleta, faz com que ela seja selecionada e utilizada para preencher os pixels no quadro.",
          "fullFile": "",
          "file": "",
          "beforeHooks": [],
          "afterHooks": [],
          "tests": [
            {
              "title": "Verifica se somente uma cor da paleta de cores tem a classe `selected` de cada vez",
              "fullTitle": "7 - Clicar em uma das cores da paleta, faz com que ela seja selecionada e utilizada para preencher os pixels no quadro. Verifica se somente uma cor da paleta de cores tem a classe `selected` de cada vez",
              "timedOut": null,
              "duration": 574,
              "state": "passed",
              "speed": "slow",
              "pass": true,
              "fail": false,
              "pending": false,
              "context": null,
              "code": "cy.get('.color').each(function (selectedColor, selectedColorIndex) {\n  cy.wrap(selectedColor).click();\n  cy.get('.color').each(function (color, colorIndex) {\n    if (colorIndex === selectedColorIndex) {\n      expect(color).to.have[\"class\"]('selected');\n    } else {\n      expect(color).not.to.have[\"class\"]('selected');\n    }\n  });\n});",
              "err": {},
              "uuid": "c04b19ff-ad01-4b0d-9e87-87fbbdfa353a",
              "parentUUID": "491fc257-9e08-41e3-ba2c-7e86a4678e08",
              "isHook": false,
              "skipped": false
            },
            {
              "title": "Verifica se os pixels dentro do quadro não têm a classe `selected` quando são clicados",
              "fullTitle": "7 - Clicar em uma das cores da paleta, faz com que ela seja selecionada e utilizada para preencher os pixels no quadro. Verifica se os pixels dentro do quadro não têm a classe `selected` quando são clicados",
              "timedOut": null,
              "duration": 9351,
              "state": "passed",
              "speed": "slow",
              "pass": true,
              "fail": false,
              "pending": false,
              "context": null,
              "code": "cy.get('.color').each(function (color) {\n  var backgroundColor = color.css('background-color');\n  cy.wrap(color).click();\n  cy.get('.pixel').each(function (pixel) {\n    cy.wrap(pixel).click().should('not.have.class', 'selected');\n  });\n});",
              "err": {},
              "uuid": "3203802b-75bb-47f5-8080-4eb2246433f2",
              "parentUUID": "491fc257-9e08-41e3-ba2c-7e86a4678e08",
              "isHook": false,
              "skipped": false
            }
          ],
          "suites": [],
          "passes": [
            "c04b19ff-ad01-4b0d-9e87-87fbbdfa353a",
            "3203802b-75bb-47f5-8080-4eb2246433f2"
          ],
          "failures": [],
          "pending": [],
          "skipped": [],
          "duration": 9925,
          "root": false,
          "rootEmpty": false,
          "_timeout": 2000
        },
        {
          "uuid": "f4cd3c20-7a59-4c4c-a6ca-c9ad1a8d90cc",
          "title": "8 - Clicar em um pixel dentro do quadro após selecionar uma cor na paleta, faz com que o pixel seja preenchido com a cor selecionada.",
          "fullFile": "",
          "file": "",
          "beforeHooks": [],
          "afterHooks": [],
          "tests": [
            {
              "title": "Verifica se ao carregar a página deve ser possível pintar os pixels de preto",
              "fullTitle": "8 - Clicar em um pixel dentro do quadro após selecionar uma cor na paleta, faz com que o pixel seja preenchido com a cor selecionada. Verifica se ao carregar a página deve ser possível pintar os pixels de preto",
              "timedOut": null,
              "duration": 2479,
              "state": "passed",
              "speed": "slow",
              "pass": true,
              "fail": false,
              "pending": false,
              "context": null,
              "code": "cy.get('.pixel').each(function (pixel) {\n  cy.wrap(pixel).click().should('have.css', 'background-color', BLACK);\n});",
              "err": {},
              "uuid": "e0f4a3e1-d9be-423a-9313-7189c289ee6d",
              "parentUUID": "f4cd3c20-7a59-4c4c-a6ca-c9ad1a8d90cc",
              "isHook": false,
              "skipped": false
            },
            {
              "title": "Verifica se após selecionar uma outra cor na paleta, é possível pintar os pixels com essa cor",
              "fullTitle": "8 - Clicar em um pixel dentro do quadro após selecionar uma cor na paleta, faz com que o pixel seja preenchido com a cor selecionada. Verifica se após selecionar uma outra cor na paleta, é possível pintar os pixels com essa cor",
              "timedOut": null,
              "duration": 9357,
              "state": "passed",
              "speed": "slow",
              "pass": true,
              "fail": false,
              "pending": false,
              "context": null,
              "code": "cy.get('.color').each(function (color) {\n  var backgroundColor = color.css('background-color');\n  cy.wrap(color).click();\n  cy.get('.pixel').each(function (pixel) {\n    cy.wrap(pixel).click().should('have.css', 'background-color', backgroundColor);\n  });\n});",
              "err": {},
              "uuid": "15349dfb-30c5-448b-ba2a-8f91eda89ddc",
              "parentUUID": "f4cd3c20-7a59-4c4c-a6ca-c9ad1a8d90cc",
              "isHook": false,
              "skipped": false
            },
            {
              "title": "Verifica se somente o pixel que foi clicado foi preenchido com a cor selecionada, sem influenciar na cor dos demais pixels.",
              "fullTitle": "8 - Clicar em um pixel dentro do quadro após selecionar uma cor na paleta, faz com que o pixel seja preenchido com a cor selecionada. Verifica se somente o pixel que foi clicado foi preenchido com a cor selecionada, sem influenciar na cor dos demais pixels.",
              "timedOut": null,
              "duration": 2173,
              "state": "passed",
              "speed": "slow",
              "pass": true,
              "fail": false,
              "pending": false,
              "context": null,
              "code": "var colorToPixelIndexMap = {\n  0: 6,\n  1: 8,\n  2: 16,\n  3: 18\n};\ncy.get('.color').each(function (color, index) {\n  cy.wrap(color).click();\n  var backgroundColor = color.css('background-color');\n  var clickedPixelIndex = colorToPixelIndexMap[index];\n  cy.get('.pixel').eq(clickedPixelIndex).click();\n  cy.get('.pixel').eq(clickedPixelIndex - 1).should('not.have.css', 'background-color', backgroundColor);\n  cy.get('.pixel').eq(clickedPixelIndex + 1).should('not.have.css', 'background-color', backgroundColor);\n  cy.get('.pixel').eq(clickedPixelIndex - 5).should('not.have.css', 'background-color', backgroundColor);\n  cy.get('.pixel').eq(clickedPixelIndex + 5).should('not.have.css', 'background-color', backgroundColor);\n  cy.get('.pixel').eq(clickedPixelIndex - 6).should('not.have.css', 'background-color', backgroundColor);\n  cy.get('.pixel').eq(clickedPixelIndex - 4).should('not.have.css', 'background-color', backgroundColor);\n  cy.get('.pixel').eq(clickedPixelIndex + 4).should('not.have.css', 'background-color', backgroundColor);\n  cy.get('.pixel').eq(clickedPixelIndex + 6).should('not.have.css', 'background-color', backgroundColor);\n});",
              "err": {},
              "uuid": "4ce7ae39-6e69-45f9-90e2-8bf599ea43e1",
              "parentUUID": "f4cd3c20-7a59-4c4c-a6ca-c9ad1a8d90cc",
              "isHook": false,
              "skipped": false
            }
          ],
          "suites": [],
          "passes": [
            "e0f4a3e1-d9be-423a-9313-7189c289ee6d",
            "15349dfb-30c5-448b-ba2a-8f91eda89ddc",
            "4ce7ae39-6e69-45f9-90e2-8bf599ea43e1"
          ],
          "failures": [],
          "pending": [],
          "skipped": [],
          "duration": 14009,
          "root": false,
          "rootEmpty": false,
          "_timeout": 2000
        },
        {
          "uuid": "572c1c20-c54b-455b-82d7-30f9f183771b",
          "title": "9 - Crie um botão que, ao ser clicado, limpa o quadro preenchendo a cor de todos seus pixels com branco.",
          "fullFile": "",
          "file": "",
          "beforeHooks": [],
          "afterHooks": [],
          "tests": [
            {
              "title": "Verifica se o botão tem o `id` denominado `clear-board`",
              "fullTitle": "9 - Crie um botão que, ao ser clicado, limpa o quadro preenchendo a cor de todos seus pixels com branco. Verifica se o botão tem o `id` denominado `clear-board`",
              "timedOut": null,
              "duration": 337,
              "state": "passed",
              "speed": "slow",
              "pass": true,
              "fail": false,
              "pending": false,
              "context": null,
              "code": "cy.get('#clear-board').should('be.visible');",
              "err": {},
              "uuid": "a16924c0-86f5-442e-9819-432c781e4939",
              "parentUUID": "572c1c20-c54b-455b-82d7-30f9f183771b",
              "isHook": false,
              "skipped": false
            },
            {
              "title": "Verifica se o botão está posicionado entre a paleta de cores e o quadro de pixels",
              "fullTitle": "9 - Crie um botão que, ao ser clicado, limpa o quadro preenchendo a cor de todos seus pixels com branco. Verifica se o botão está posicionado entre a paleta de cores e o quadro de pixels",
              "timedOut": null,
              "duration": 197,
              "state": "passed",
              "speed": "slow",
              "pass": true,
              "fail": false,
              "pending": false,
              "context": null,
              "code": "cy.get('#color-palette').then(function (palette) {\n  cy.get('#clear-board').should('be.belowOf', palette);\n});\ncy.get('#clear-board').then(function (clearBtn) {\n  cy.get('#pixel-board').should('be.belowOf', clearBtn);\n});",
              "err": {},
              "uuid": "517ab575-e4c5-4e21-89b9-a4edc0091f69",
              "parentUUID": "572c1c20-c54b-455b-82d7-30f9f183771b",
              "isHook": false,
              "skipped": false
            },
            {
              "title": "Verifica se o texto do botão é 'Limpar'",
              "fullTitle": "9 - Crie um botão que, ao ser clicado, limpa o quadro preenchendo a cor de todos seus pixels com branco. Verifica se o texto do botão é 'Limpar'",
              "timedOut": null,
              "duration": 160,
              "state": "passed",
              "speed": "slow",
              "pass": true,
              "fail": false,
              "pending": false,
              "context": null,
              "code": "cy.get('#clear-board').should('contain.text', 'Limpar');",
              "err": {},
              "uuid": "0e348546-f55f-44c7-87de-20cd88b14248",
              "parentUUID": "572c1c20-c54b-455b-82d7-30f9f183771b",
              "isHook": false,
              "skipped": false
            },
            {
              "title": "Verifica se ao clicar no botão, o quadro de pixels é totalmente preenchido de branco",
              "fullTitle": "9 - Crie um botão que, ao ser clicado, limpa o quadro preenchendo a cor de todos seus pixels com branco. Verifica se ao clicar no botão, o quadro de pixels é totalmente preenchido de branco",
              "timedOut": null,
              "duration": 6885,
              "state": "failed",
              "speed": null,
              "pass": false,
              "fail": true,
              "pending": false,
              "context": null,
              "code": "cy.get('.color').eq(1).then(function (color) {\n  var backgroundColor = color.css('background-color');\n  cy.wrap(color).click();\n  cy.get('.pixel').each(function (pixel) {\n    cy.wrap(pixel).click().should('have.css', 'background-color', backgroundColor);\n  });\n});\ncy.get('#clear-board').click();\ncy.get('.pixel').each(function (pixel) {\n  cy.wrap(pixel).should('have.css', 'background-color', WHITE);\n});",
              "err": {
                "message": "CypressError: Timed out retrying: expected '<div.pixel>' to have CSS property 'background-color' with the value 'rgb(255, 255, 255)', but the value was 'rgb(0, 128, 0)'",
                "estack": "CypressError: Timed out retrying: expected '<div.pixel>' to have CSS property 'background-color' with the value 'rgb(255, 255, 255)', but the value was 'rgb(0, 128, 0)'\n    at cypressErr (http://localhost:36593/__cypress/runner/cypress_runner.js:149934:9)\n    at throwErr (http://localhost:36593/__cypress/runner/cypress_runner.js:149867:11)\n    at Object.throwErrByPath (http://localhost:36593/__cypress/runner/cypress_runner.js:149915:3)\n    at retry (http://localhost:36593/__cypress/runner/cypress_runner.js:144197:19)\n    at onFailFn (http://localhost:36593/__cypress/runner/cypress_runner.js:132448:16)\n    at tryCatcher (http://localhost:36593/__cypress/runner/cypress_runner.js:167415:23)\n    at Promise._settlePromiseFromHandler (http://localhost:36593/__cypress/runner/cypress_runner.js:165351:31)\n    at Promise._settlePromise (http://localhost:36593/__cypress/runner/cypress_runner.js:165408:18)\n    at Promise._settlePromise0 (http://localhost:36593/__cypress/runner/cypress_runner.js:165453:10)\n    at Promise._settlePromises (http://localhost:36593/__cypress/runner/cypress_runner.js:165528:18)\n    at Async../node_modules/bluebird/js/release/async.js.Async._drainQueue (http://localhost:36593/__cypress/runner/cypress_runner.js:162140:16)\n    at Async../node_modules/bluebird/js/release/async.js.Async._drainQueues (http://localhost:36593/__cypress/runner/cypress_runner.js:162150:10)\n    at Async.drainQueues (http://localhost:36593/__cypress/runner/cypress_runner.js:162024:14)",
                "diff": null
              },
              "uuid": "b4bf04a3-9359-41a9-be80-4610f018df98",
              "parentUUID": "572c1c20-c54b-455b-82d7-30f9f183771b",
              "isHook": false,
              "skipped": false
            }
          ],
          "suites": [],
          "passes": [
            "a16924c0-86f5-442e-9819-432c781e4939",
            "517ab575-e4c5-4e21-89b9-a4edc0091f69",
            "0e348546-f55f-44c7-87de-20cd88b14248"
          ],
          "failures": [
            "b4bf04a3-9359-41a9-be80-4610f018df98"
          ],
          "pending": [],
          "skipped": [],
          "duration": 7579,
          "root": false,
          "rootEmpty": false,
          "_timeout": 2000
        },
        {
          "uuid": "26747388-77f5-4857-9946-a0e541abc021",
          "title": "10 - Faça o quadro de pixels ter seu tamanho definido pelo usuário.",
          "fullFile": "",
          "file": "",
          "beforeHooks": [],
          "afterHooks": [],
          "tests": [
            {
              "title": "Verifica se existe um input com o id `board-size`",
              "fullTitle": "10 - Faça o quadro de pixels ter seu tamanho definido pelo usuário. Verifica se existe um input com o id `board-size`",
              "timedOut": null,
              "duration": 4575,
              "state": "failed",
              "speed": null,
              "pass": false,
              "fail": true,
              "pending": false,
              "context": null,
              "code": "cy.get('#board-size').should('be.visible');",
              "err": {
                "message": "CypressError: Timed out retrying: Expected to find element: '#board-size', but never found it.",
                "estack": "CypressError: Timed out retrying: Expected to find element: '#board-size', but never found it.\n    at cypressErr (http://localhost:36593/__cypress/runner/cypress_runner.js:149934:9)\n    at throwErr (http://localhost:36593/__cypress/runner/cypress_runner.js:149867:11)\n    at Object.throwErrByPath (http://localhost:36593/__cypress/runner/cypress_runner.js:149915:3)\n    at retry (http://localhost:36593/__cypress/runner/cypress_runner.js:144197:19)\n    at onFailFn (http://localhost:36593/__cypress/runner/cypress_runner.js:132448:16)\n    at tryCatcher (http://localhost:36593/__cypress/runner/cypress_runner.js:167415:23)\n    at Promise._settlePromiseFromHandler (http://localhost:36593/__cypress/runner/cypress_runner.js:165351:31)\n    at Promise._settlePromise (http://localhost:36593/__cypress/runner/cypress_runner.js:165408:18)\n    at Promise._settlePromise0 (http://localhost:36593/__cypress/runner/cypress_runner.js:165453:10)\n    at Promise._settlePromises (http://localhost:36593/__cypress/runner/cypress_runner.js:165528:18)\n    at Async../node_modules/bluebird/js/release/async.js.Async._drainQueue (http://localhost:36593/__cypress/runner/cypress_runner.js:162140:16)\n    at Async../node_modules/bluebird/js/release/async.js.Async._drainQueues (http://localhost:36593/__cypress/runner/cypress_runner.js:162150:10)\n    at Async.drainQueues (http://localhost:36593/__cypress/runner/cypress_runner.js:162024:14)",
                "diff": null
              },
              "uuid": "5dedc9d4-7a25-401a-b7ae-dbf70385f03d",
              "parentUUID": "26747388-77f5-4857-9946-a0e541abc021",
              "isHook": false,
              "skipped": false
            },
            {
              "title": "Verifica se existe um botão com o id `generate-board`",
              "fullTitle": "10 - Faça o quadro de pixels ter seu tamanho definido pelo usuário. Verifica se existe um botão com o id `generate-board`",
              "timedOut": null,
              "duration": 4670,
              "state": "failed",
              "speed": null,
              "pass": false,
              "fail": true,
              "pending": false,
              "context": null,
              "code": "cy.get('#generate-board').should('be.visible');",
              "err": {
                "message": "CypressError: Timed out retrying: Expected to find element: '#generate-board', but never found it.",
                "estack": "CypressError: Timed out retrying: Expected to find element: '#generate-board', but never found it.\n    at cypressErr (http://localhost:36593/__cypress/runner/cypress_runner.js:149934:9)\n    at throwErr (http://localhost:36593/__cypress/runner/cypress_runner.js:149867:11)\n    at Object.throwErrByPath (http://localhost:36593/__cypress/runner/cypress_runner.js:149915:3)\n    at retry (http://localhost:36593/__cypress/runner/cypress_runner.js:144197:19)\n    at onFailFn (http://localhost:36593/__cypress/runner/cypress_runner.js:132448:16)\n    at tryCatcher (http://localhost:36593/__cypress/runner/cypress_runner.js:167415:23)\n    at Promise._settlePromiseFromHandler (http://localhost:36593/__cypress/runner/cypress_runner.js:165351:31)\n    at Promise._settlePromise (http://localhost:36593/__cypress/runner/cypress_runner.js:165408:18)\n    at Promise._settlePromise0 (http://localhost:36593/__cypress/runner/cypress_runner.js:165453:10)\n    at Promise._settlePromises (http://localhost:36593/__cypress/runner/cypress_runner.js:165528:18)\n    at Async../node_modules/bluebird/js/release/async.js.Async._drainQueue (http://localhost:36593/__cypress/runner/cypress_runner.js:162140:16)\n    at Async../node_modules/bluebird/js/release/async.js.Async._drainQueues (http://localhost:36593/__cypress/runner/cypress_runner.js:162150:10)\n    at Async.drainQueues (http://localhost:36593/__cypress/runner/cypress_runner.js:162024:14)",
                "diff": null
              },
              "uuid": "29465671-0454-4a29-8bae-95386dff595a",
              "parentUUID": "26747388-77f5-4857-9946-a0e541abc021",
              "isHook": false,
              "skipped": false
            },
            {
              "title": "Verifica se o input só aceita número maiores que zero. Essa restrição deve ser feita usando os atributos do elemento `input`",
              "fullTitle": "10 - Faça o quadro de pixels ter seu tamanho definido pelo usuário. Verifica se o input só aceita número maiores que zero. Essa restrição deve ser feita usando os atributos do elemento `input`",
              "timedOut": null,
              "duration": 4624,
              "state": "failed",
              "speed": null,
              "pass": false,
              "fail": true,
              "pending": false,
              "context": null,
              "code": "cy.get('#board-size[type=\\'number\\'][min=\\'1\\']');",
              "err": {
                "message": "CypressError: Timed out retrying: Expected to find element: '#board-size[type='number'][min='1']', but never found it.",
                "estack": "CypressError: Timed out retrying: Expected to find element: '#board-size[type='number'][min='1']', but never found it.\n    at cypressErr (http://localhost:36593/__cypress/runner/cypress_runner.js:149934:9)\n    at throwErr (http://localhost:36593/__cypress/runner/cypress_runner.js:149867:11)\n    at Object.throwErrByPath (http://localhost:36593/__cypress/runner/cypress_runner.js:149915:3)\n    at retry (http://localhost:36593/__cypress/runner/cypress_runner.js:144197:19)\n    at onFailFn (http://localhost:36593/__cypress/runner/cypress_runner.js:132448:16)\n    at tryCatcher (http://localhost:36593/__cypress/runner/cypress_runner.js:167415:23)\n    at Promise._settlePromiseFromHandler (http://localhost:36593/__cypress/runner/cypress_runner.js:165351:31)\n    at Promise._settlePromise (http://localhost:36593/__cypress/runner/cypress_runner.js:165408:18)\n    at Promise._settlePromise0 (http://localhost:36593/__cypress/runner/cypress_runner.js:165453:10)\n    at Promise._settlePromises (http://localhost:36593/__cypress/runner/cypress_runner.js:165528:18)\n    at Async../node_modules/bluebird/js/release/async.js.Async._drainQueue (http://localhost:36593/__cypress/runner/cypress_runner.js:162140:16)\n    at Async../node_modules/bluebird/js/release/async.js.Async._drainQueues (http://localhost:36593/__cypress/runner/cypress_runner.js:162150:10)\n    at Async.drainQueues (http://localhost:36593/__cypress/runner/cypress_runner.js:162024:14)",
                "diff": null
              },
              "uuid": "3f488593-ae5d-4e94-8465-c126e26fce79",
              "parentUUID": "26747388-77f5-4857-9946-a0e541abc021",
              "isHook": false,
              "skipped": false
            },
            {
              "title": "Verifica se o botão contém o texto 'VQV'",
              "fullTitle": "10 - Faça o quadro de pixels ter seu tamanho definido pelo usuário. Verifica se o botão contém o texto 'VQV'",
              "timedOut": null,
              "duration": 4632,
              "state": "failed",
              "speed": null,
              "pass": false,
              "fail": true,
              "pending": false,
              "context": null,
              "code": "cy.get('#generate-board').contains(/vqv/i);",
              "err": {
                "message": "CypressError: Timed out retrying: Expected to find element: '#generate-board', but never found it.",
                "estack": "CypressError: Timed out retrying: Expected to find element: '#generate-board', but never found it.\n    at cypressErr (http://localhost:36593/__cypress/runner/cypress_runner.js:149934:9)\n    at throwErr (http://localhost:36593/__cypress/runner/cypress_runner.js:149867:11)\n    at Object.throwErrByPath (http://localhost:36593/__cypress/runner/cypress_runner.js:149915:3)\n    at retry (http://localhost:36593/__cypress/runner/cypress_runner.js:144197:19)\n    at onFailFn (http://localhost:36593/__cypress/runner/cypress_runner.js:132448:16)\n    at tryCatcher (http://localhost:36593/__cypress/runner/cypress_runner.js:167415:23)\n    at Promise._settlePromiseFromHandler (http://localhost:36593/__cypress/runner/cypress_runner.js:165351:31)\n    at Promise._settlePromise (http://localhost:36593/__cypress/runner/cypress_runner.js:165408:18)\n    at Promise._settlePromise0 (http://localhost:36593/__cypress/runner/cypress_runner.js:165453:10)\n    at Promise._settlePromises (http://localhost:36593/__cypress/runner/cypress_runner.js:165528:18)\n    at Async../node_modules/bluebird/js/release/async.js.Async._drainQueue (http://localhost:36593/__cypress/runner/cypress_runner.js:162140:16)\n    at Async../node_modules/bluebird/js/release/async.js.Async._drainQueues (http://localhost:36593/__cypress/runner/cypress_runner.js:162150:10)\n    at Async.drainQueues (http://localhost:36593/__cypress/runner/cypress_runner.js:162024:14)",
                "diff": null
              },
              "uuid": "58e33419-b2f6-4fc2-aee7-a1be9987a639",
              "parentUUID": "26747388-77f5-4857-9946-a0e541abc021",
              "isHook": false,
              "skipped": false
            },
            {
              "title": "Verifica se o input está posicionado entre a paleta de cores e o quadro de pixels",
              "fullTitle": "10 - Faça o quadro de pixels ter seu tamanho definido pelo usuário. Verifica se o input está posicionado entre a paleta de cores e o quadro de pixels",
              "timedOut": null,
              "duration": 4762,
              "state": "failed",
              "speed": null,
              "pass": false,
              "fail": true,
              "pending": false,
              "context": null,
              "code": "cy.get('#color-palette').then(function (palette) {\n  cy.get('#board-size').should('be.belowOf', palette);\n});\ncy.get('#board-size').then(function (palette) {\n  cy.get('#pixel-board').should('be.belowOf', palette);\n});",
              "err": {
                "message": "CypressError: Timed out retrying: Expected to find element: '#board-size', but never found it.",
                "estack": "CypressError: Timed out retrying: Expected to find element: '#board-size', but never found it.\n    at cypressErr (http://localhost:36593/__cypress/runner/cypress_runner.js:149934:9)\n    at throwErr (http://localhost:36593/__cypress/runner/cypress_runner.js:149867:11)\n    at Object.throwErrByPath (http://localhost:36593/__cypress/runner/cypress_runner.js:149915:3)\n    at retry (http://localhost:36593/__cypress/runner/cypress_runner.js:144197:19)\n    at onFailFn (http://localhost:36593/__cypress/runner/cypress_runner.js:132448:16)\n    at tryCatcher (http://localhost:36593/__cypress/runner/cypress_runner.js:167415:23)\n    at Promise._settlePromiseFromHandler (http://localhost:36593/__cypress/runner/cypress_runner.js:165351:31)\n    at Promise._settlePromise (http://localhost:36593/__cypress/runner/cypress_runner.js:165408:18)\n    at Promise._settlePromise0 (http://localhost:36593/__cypress/runner/cypress_runner.js:165453:10)\n    at Promise._settlePromises (http://localhost:36593/__cypress/runner/cypress_runner.js:165528:18)\n    at Async../node_modules/bluebird/js/release/async.js.Async._drainQueue (http://localhost:36593/__cypress/runner/cypress_runner.js:162140:16)\n    at Async../node_modules/bluebird/js/release/async.js.Async._drainQueues (http://localhost:36593/__cypress/runner/cypress_runner.js:162150:10)\n    at Async.drainQueues (http://localhost:36593/__cypress/runner/cypress_runner.js:162024:14)",
                "diff": null
              },
              "uuid": "bc51ffc5-aaec-4620-b59c-f6633fa7d717",
              "parentUUID": "26747388-77f5-4857-9946-a0e541abc021",
              "isHook": false,
              "skipped": false
            },
            {
              "title": "Verifica se o botão está posicionado ao lado do input",
              "fullTitle": "10 - Faça o quadro de pixels ter seu tamanho definido pelo usuário. Verifica se o botão está posicionado ao lado do input",
              "timedOut": null,
              "duration": 4573,
              "state": "failed",
              "speed": null,
              "pass": false,
              "fail": true,
              "pending": false,
              "context": null,
              "code": "cy.get('#board-size').then(function (board) {\n  cy.get('#generate-board').should('be.onTheRightOf', board);\n});",
              "err": {
                "message": "CypressError: Timed out retrying: Expected to find element: '#board-size', but never found it.",
                "estack": "CypressError: Timed out retrying: Expected to find element: '#board-size', but never found it.\n    at cypressErr (http://localhost:36593/__cypress/runner/cypress_runner.js:149934:9)\n    at throwErr (http://localhost:36593/__cypress/runner/cypress_runner.js:149867:11)\n    at Object.throwErrByPath (http://localhost:36593/__cypress/runner/cypress_runner.js:149915:3)\n    at retry (http://localhost:36593/__cypress/runner/cypress_runner.js:144197:19)\n    at onFailFn (http://localhost:36593/__cypress/runner/cypress_runner.js:132448:16)\n    at tryCatcher (http://localhost:36593/__cypress/runner/cypress_runner.js:167415:23)\n    at Promise._settlePromiseFromHandler (http://localhost:36593/__cypress/runner/cypress_runner.js:165351:31)\n    at Promise._settlePromise (http://localhost:36593/__cypress/runner/cypress_runner.js:165408:18)\n    at Promise._settlePromise0 (http://localhost:36593/__cypress/runner/cypress_runner.js:165453:10)\n    at Promise._settlePromises (http://localhost:36593/__cypress/runner/cypress_runner.js:165528:18)\n    at Async../node_modules/bluebird/js/release/async.js.Async._drainQueue (http://localhost:36593/__cypress/runner/cypress_runner.js:162140:16)\n    at Async../node_modules/bluebird/js/release/async.js.Async._drainQueues (http://localhost:36593/__cypress/runner/cypress_runner.js:162150:10)\n    at Async.drainQueues (http://localhost:36593/__cypress/runner/cypress_runner.js:162024:14)",
                "diff": null
              },
              "uuid": "e09d4952-6c57-4bc4-b610-d8f95bcf82a2",
              "parentUUID": "26747388-77f5-4857-9946-a0e541abc021",
              "isHook": false,
              "skipped": false
            },
            {
              "title": "Verifica se nenhum valor for colocado no input ao clicar no botão, um `alert` é exibido com o texto: 'Board inválido!'",
              "fullTitle": "10 - Faça o quadro de pixels ter seu tamanho definido pelo usuário. Verifica se nenhum valor for colocado no input ao clicar no botão, um `alert` é exibido com o texto: 'Board inválido!'",
              "timedOut": null,
              "duration": 4657,
              "state": "failed",
              "speed": null,
              "pass": false,
              "fail": true,
              "pending": false,
              "context": null,
              "code": "var alerted = false;\ncy.on('window:alert', function (msg) {\n  return alerted = msg;\n});\ncy.get('#generate-board').click().then(function () {\n  return expect(alerted).to.match(/Board inválido!/i);\n});",
              "err": {
                "message": "CypressError: Timed out retrying: Expected to find element: '#generate-board', but never found it.",
                "estack": "CypressError: Timed out retrying: Expected to find element: '#generate-board', but never found it.\n    at cypressErr (http://localhost:36593/__cypress/runner/cypress_runner.js:149934:9)\n    at throwErr (http://localhost:36593/__cypress/runner/cypress_runner.js:149867:11)\n    at Object.throwErrByPath (http://localhost:36593/__cypress/runner/cypress_runner.js:149915:3)\n    at retry (http://localhost:36593/__cypress/runner/cypress_runner.js:144197:19)\n    at onFailFn (http://localhost:36593/__cypress/runner/cypress_runner.js:132448:16)\n    at tryCatcher (http://localhost:36593/__cypress/runner/cypress_runner.js:167415:23)\n    at Promise._settlePromiseFromHandler (http://localhost:36593/__cypress/runner/cypress_runner.js:165351:31)\n    at Promise._settlePromise (http://localhost:36593/__cypress/runner/cypress_runner.js:165408:18)\n    at Promise._settlePromise0 (http://localhost:36593/__cypress/runner/cypress_runner.js:165453:10)\n    at Promise._settlePromises (http://localhost:36593/__cypress/runner/cypress_runner.js:165528:18)\n    at Async../node_modules/bluebird/js/release/async.js.Async._drainQueue (http://localhost:36593/__cypress/runner/cypress_runner.js:162140:16)\n    at Async../node_modules/bluebird/js/release/async.js.Async._drainQueues (http://localhost:36593/__cypress/runner/cypress_runner.js:162150:10)\n    at Async.drainQueues (http://localhost:36593/__cypress/runner/cypress_runner.js:162024:14)",
                "diff": null
              },
              "uuid": "2991fc43-b4c9-4b8d-8d56-f19d30efceb7",
              "parentUUID": "26747388-77f5-4857-9946-a0e541abc021",
              "isHook": false,
              "skipped": false
            },
            {
              "title": "Verifica se ao clicar no botão com um valor preenchido, o tamanho do board muda.",
              "fullTitle": "10 - Faça o quadro de pixels ter seu tamanho definido pelo usuário. Verifica se ao clicar no botão com um valor preenchido, o tamanho do board muda.",
              "timedOut": null,
              "duration": 4574,
              "state": "failed",
              "speed": null,
              "pass": false,
              "fail": true,
              "pending": false,
              "context": null,
              "code": "cy.get('#board-size').clear().type(10);\ncy.get('#generate-board').click();\ncy.get('.pixel').should('have.length', 100);",
              "err": {
                "message": "CypressError: Timed out retrying: Expected to find element: '#board-size', but never found it.",
                "estack": "CypressError: Timed out retrying: Expected to find element: '#board-size', but never found it.\n    at cypressErr (http://localhost:36593/__cypress/runner/cypress_runner.js:149934:9)\n    at throwErr (http://localhost:36593/__cypress/runner/cypress_runner.js:149867:11)\n    at Object.throwErrByPath (http://localhost:36593/__cypress/runner/cypress_runner.js:149915:3)\n    at retry (http://localhost:36593/__cypress/runner/cypress_runner.js:144197:19)\n    at onFailFn (http://localhost:36593/__cypress/runner/cypress_runner.js:132448:16)\n    at tryCatcher (http://localhost:36593/__cypress/runner/cypress_runner.js:167415:23)\n    at Promise._settlePromiseFromHandler (http://localhost:36593/__cypress/runner/cypress_runner.js:165351:31)\n    at Promise._settlePromise (http://localhost:36593/__cypress/runner/cypress_runner.js:165408:18)\n    at Promise._settlePromise0 (http://localhost:36593/__cypress/runner/cypress_runner.js:165453:10)\n    at Promise._settlePromises (http://localhost:36593/__cypress/runner/cypress_runner.js:165528:18)\n    at Async../node_modules/bluebird/js/release/async.js.Async._drainQueue (http://localhost:36593/__cypress/runner/cypress_runner.js:162140:16)\n    at Async../node_modules/bluebird/js/release/async.js.Async._drainQueues (http://localhost:36593/__cypress/runner/cypress_runner.js:162150:10)\n    at Async.drainQueues (http://localhost:36593/__cypress/runner/cypress_runner.js:162024:14)",
                "diff": null
              },
              "uuid": "b93ca078-6662-4443-8c2e-7d50d881d344",
              "parentUUID": "26747388-77f5-4857-9946-a0e541abc021",
              "isHook": false,
              "skipped": false
            },
            {
              "title": "Verifica se o novo quadro tem todos os pixels preenchidos com a cor branca",
              "fullTitle": "10 - Faça o quadro de pixels ter seu tamanho definido pelo usuário. Verifica se o novo quadro tem todos os pixels preenchidos com a cor branca",
              "timedOut": null,
              "duration": 4699,
              "state": "failed",
              "speed": null,
              "pass": false,
              "fail": true,
              "pending": false,
              "context": null,
              "code": "cy.get('#board-size').clear().type(6);\ncy.get('#generate-board').click();\ncy.get('.pixel').should('have.length', 36).each(function (pixel) {\n  expect(pixel).to.have.css('background-color', WHITE);\n});",
              "err": {
                "message": "CypressError: Timed out retrying: Expected to find element: '#board-size', but never found it.",
                "estack": "CypressError: Timed out retrying: Expected to find element: '#board-size', but never found it.\n    at cypressErr (http://localhost:36593/__cypress/runner/cypress_runner.js:149934:9)\n    at throwErr (http://localhost:36593/__cypress/runner/cypress_runner.js:149867:11)\n    at Object.throwErrByPath (http://localhost:36593/__cypress/runner/cypress_runner.js:149915:3)\n    at retry (http://localhost:36593/__cypress/runner/cypress_runner.js:144197:19)\n    at onFailFn (http://localhost:36593/__cypress/runner/cypress_runner.js:132448:16)\n    at tryCatcher (http://localhost:36593/__cypress/runner/cypress_runner.js:167415:23)\n    at Promise._settlePromiseFromHandler (http://localhost:36593/__cypress/runner/cypress_runner.js:165351:31)\n    at Promise._settlePromise (http://localhost:36593/__cypress/runner/cypress_runner.js:165408:18)\n    at Promise._settlePromise0 (http://localhost:36593/__cypress/runner/cypress_runner.js:165453:10)\n    at Promise._settlePromises (http://localhost:36593/__cypress/runner/cypress_runner.js:165528:18)\n    at Async../node_modules/bluebird/js/release/async.js.Async._drainQueue (http://localhost:36593/__cypress/runner/cypress_runner.js:162140:16)\n    at Async../node_modules/bluebird/js/release/async.js.Async._drainQueues (http://localhost:36593/__cypress/runner/cypress_runner.js:162150:10)\n    at Async.drainQueues (http://localhost:36593/__cypress/runner/cypress_runner.js:162024:14)",
                "diff": null
              },
              "uuid": "3a7754d9-7bc1-448d-915c-c7b816174a18",
              "parentUUID": "26747388-77f5-4857-9946-a0e541abc021",
              "isHook": false,
              "skipped": false
            }
          ],
          "suites": [],
          "passes": [],
          "failures": [
            "5dedc9d4-7a25-401a-b7ae-dbf70385f03d",
            "29465671-0454-4a29-8bae-95386dff595a",
            "3f488593-ae5d-4e94-8465-c126e26fce79",
            "58e33419-b2f6-4fc2-aee7-a1be9987a639",
            "bc51ffc5-aaec-4620-b59c-f6633fa7d717",
            "e09d4952-6c57-4bc4-b610-d8f95bcf82a2",
            "2991fc43-b4c9-4b8d-8d56-f19d30efceb7",
            "b93ca078-6662-4443-8c2e-7d50d881d344",
            "3a7754d9-7bc1-448d-915c-c7b816174a18"
          ],
          "pending": [],
          "skipped": [],
          "duration": 41766,
          "root": false,
          "rootEmpty": false,
          "_timeout": 2000
        },
        {
          "uuid": "4be3cbd4-2f14-4f70-92b7-b723897c4d08",
          "title": "11 - Limite o tamanho mínimo e máximo do board.",
          "fullFile": "",
          "file": "",
          "beforeHooks": [],
          "afterHooks": [],
          "tests": [
            {
              "title": "Verifica se a altura máxima do board é 50",
              "fullTitle": "11 - Limite o tamanho mínimo e máximo do board. Verifica se a altura máxima do board é 50",
              "timedOut": null,
              "duration": 4615,
              "state": "failed",
              "speed": null,
              "pass": false,
              "fail": true,
              "pending": false,
              "context": null,
              "code": "cy.get('#board-size').clear().type(50);\ncy.get('#generate-board').click();\ncy.get('.pixel').should('have.length', 2500);",
              "err": {
                "message": "CypressError: Timed out retrying: Expected to find element: '#board-size', but never found it.",
                "estack": "CypressError: Timed out retrying: Expected to find element: '#board-size', but never found it.\n    at cypressErr (http://localhost:36593/__cypress/runner/cypress_runner.js:149934:9)\n    at throwErr (http://localhost:36593/__cypress/runner/cypress_runner.js:149867:11)\n    at Object.throwErrByPath (http://localhost:36593/__cypress/runner/cypress_runner.js:149915:3)\n    at retry (http://localhost:36593/__cypress/runner/cypress_runner.js:144197:19)\n    at onFailFn (http://localhost:36593/__cypress/runner/cypress_runner.js:132448:16)\n    at tryCatcher (http://localhost:36593/__cypress/runner/cypress_runner.js:167415:23)\n    at Promise._settlePromiseFromHandler (http://localhost:36593/__cypress/runner/cypress_runner.js:165351:31)\n    at Promise._settlePromise (http://localhost:36593/__cypress/runner/cypress_runner.js:165408:18)\n    at Promise._settlePromise0 (http://localhost:36593/__cypress/runner/cypress_runner.js:165453:10)\n    at Promise._settlePromises (http://localhost:36593/__cypress/runner/cypress_runner.js:165528:18)\n    at Async../node_modules/bluebird/js/release/async.js.Async._drainQueue (http://localhost:36593/__cypress/runner/cypress_runner.js:162140:16)\n    at Async../node_modules/bluebird/js/release/async.js.Async._drainQueues (http://localhost:36593/__cypress/runner/cypress_runner.js:162150:10)\n    at Async.drainQueues (http://localhost:36593/__cypress/runner/cypress_runner.js:162024:14)",
                "diff": null
              },
              "uuid": "1fd0c865-19c0-4985-9b28-e302c840c33e",
              "parentUUID": "4be3cbd4-2f14-4f70-92b7-b723897c4d08",
              "isHook": false,
              "skipped": false
            },
            {
              "title": "Verifica se a altura do board é 5 quando um valor menor é colocado no input",
              "fullTitle": "11 - Limite o tamanho mínimo e máximo do board. Verifica se a altura do board é 5 quando um valor menor é colocado no input",
              "timedOut": null,
              "duration": 4649,
              "state": "failed",
              "speed": null,
              "pass": false,
              "fail": true,
              "pending": false,
              "context": null,
              "code": "cy.get('#board-size').clear().type(4);\ncy.get('#generate-board').click();\ncy.get('.pixel').should('have.length', 25);",
              "err": {
                "message": "CypressError: Timed out retrying: Expected to find element: '#board-size', but never found it.",
                "estack": "CypressError: Timed out retrying: Expected to find element: '#board-size', but never found it.\n    at cypressErr (http://localhost:36593/__cypress/runner/cypress_runner.js:149934:9)\n    at throwErr (http://localhost:36593/__cypress/runner/cypress_runner.js:149867:11)\n    at Object.throwErrByPath (http://localhost:36593/__cypress/runner/cypress_runner.js:149915:3)\n    at retry (http://localhost:36593/__cypress/runner/cypress_runner.js:144197:19)\n    at onFailFn (http://localhost:36593/__cypress/runner/cypress_runner.js:132448:16)\n    at tryCatcher (http://localhost:36593/__cypress/runner/cypress_runner.js:167415:23)\n    at Promise._settlePromiseFromHandler (http://localhost:36593/__cypress/runner/cypress_runner.js:165351:31)\n    at Promise._settlePromise (http://localhost:36593/__cypress/runner/cypress_runner.js:165408:18)\n    at Promise._settlePromise0 (http://localhost:36593/__cypress/runner/cypress_runner.js:165453:10)\n    at Promise._settlePromises (http://localhost:36593/__cypress/runner/cypress_runner.js:165528:18)\n    at Async../node_modules/bluebird/js/release/async.js.Async._drainQueue (http://localhost:36593/__cypress/runner/cypress_runner.js:162140:16)\n    at Async../node_modules/bluebird/js/release/async.js.Async._drainQueues (http://localhost:36593/__cypress/runner/cypress_runner.js:162150:10)\n    at Async.drainQueues (http://localhost:36593/__cypress/runner/cypress_runner.js:162024:14)",
                "diff": null
              },
              "uuid": "9d9e21f1-d59d-46c5-8cb3-e1a52df44980",
              "parentUUID": "4be3cbd4-2f14-4f70-92b7-b723897c4d08",
              "isHook": false,
              "skipped": false
            },
            {
              "title": "Verifica se a altura do board é 50 quando um valor maior é colocado no input",
              "fullTitle": "11 - Limite o tamanho mínimo e máximo do board. Verifica se a altura do board é 50 quando um valor maior é colocado no input",
              "timedOut": null,
              "duration": 4609,
              "state": "failed",
              "speed": null,
              "pass": false,
              "fail": true,
              "pending": false,
              "context": null,
              "code": "cy.get('#board-size').clear().type(51);\ncy.get('#generate-board').click();\ncy.get('.pixel').should('have.length', 2500);",
              "err": {
                "message": "CypressError: Timed out retrying: Expected to find element: '#board-size', but never found it.",
                "estack": "CypressError: Timed out retrying: Expected to find element: '#board-size', but never found it.\n    at cypressErr (http://localhost:36593/__cypress/runner/cypress_runner.js:149934:9)\n    at throwErr (http://localhost:36593/__cypress/runner/cypress_runner.js:149867:11)\n    at Object.throwErrByPath (http://localhost:36593/__cypress/runner/cypress_runner.js:149915:3)\n    at retry (http://localhost:36593/__cypress/runner/cypress_runner.js:144197:19)\n    at onFailFn (http://localhost:36593/__cypress/runner/cypress_runner.js:132448:16)\n    at tryCatcher (http://localhost:36593/__cypress/runner/cypress_runner.js:167415:23)\n    at Promise._settlePromiseFromHandler (http://localhost:36593/__cypress/runner/cypress_runner.js:165351:31)\n    at Promise._settlePromise (http://localhost:36593/__cypress/runner/cypress_runner.js:165408:18)\n    at Promise._settlePromise0 (http://localhost:36593/__cypress/runner/cypress_runner.js:165453:10)\n    at Promise._settlePromises (http://localhost:36593/__cypress/runner/cypress_runner.js:165528:18)\n    at Async../node_modules/bluebird/js/release/async.js.Async._drainQueue (http://localhost:36593/__cypress/runner/cypress_runner.js:162140:16)\n    at Async../node_modules/bluebird/js/release/async.js.Async._drainQueues (http://localhost:36593/__cypress/runner/cypress_runner.js:162150:10)\n    at Async.drainQueues (http://localhost:36593/__cypress/runner/cypress_runner.js:162024:14)",
                "diff": null
              },
              "uuid": "53c2673f-7bc9-440b-8288-27b37ec067d8",
              "parentUUID": "4be3cbd4-2f14-4f70-92b7-b723897c4d08",
              "isHook": false,
              "skipped": false
            }
          ],
          "suites": [],
          "passes": [],
          "failures": [
            "1fd0c865-19c0-4985-9b28-e302c840c33e",
            "9d9e21f1-d59d-46c5-8cb3-e1a52df44980",
            "53c2673f-7bc9-440b-8288-27b37ec067d8"
          ],
          "pending": [],
          "skipped": [],
          "duration": 13873,
          "root": false,
          "rootEmpty": false,
          "_timeout": 2000
        },
        {
          "uuid": "e8840592-01d4-4640-ac9b-a25d3a0bd5b5",
          "title": "12 - Faça com que as cores da paleta sejam geradas aleatoriamente ao carregar a página.",
          "fullFile": "",
          "file": "",
          "beforeHooks": [],
          "afterHooks": [],
          "tests": [
            {
              "title": "Verifica se as cores geradas na paleta são diferentes a cada carregamento da página",
              "fullTitle": "12 - Faça com que as cores da paleta sejam geradas aleatoriamente ao carregar a página. Verifica se as cores geradas na paleta são diferentes a cada carregamento da página",
              "timedOut": null,
              "duration": 826,
              "state": "failed",
              "speed": null,
              "pass": false,
              "fail": true,
              "pending": false,
              "context": null,
              "code": "cy.get('.color').then(function (colors) {\n  var currentColors;\n  var previousColors;\n  previousColors = Array.from(colors).map(function (color) {\n    return Cypress.$(color).css('background-color');\n  });\n  for (var i = 0; i < 5; i += 1) {\n    cy.reload();\n    cy.get('.color').then(function (colors) {\n      currentColors = Array.from(colors).map(function (color) {\n        return Cypress.$(color).css('background-color');\n      });\n      expect(currentColors).not.to.deep.equal(previousColors);\n      previousColors = currentColors;\n    });\n  }\n});",
              "err": {
                "message": "AssertionError: expected [ Array(4) ] to not deeply equal [ Array(4) ]",
                "estack": "AssertionError: expected [ Array(4) ] to not deeply equal [ Array(4) ]\n    at getRet (http://localhost:36593/__cypress/runner/cypress_runner.js:136585:16)\n    at tryCatcher (http://localhost:36593/__cypress/runner/cypress_runner.js:167415:23)\n    at Function.Promise.attempt.Promise.try (http://localhost:36593/__cypress/runner/cypress_runner.js:164690:29)\n    at Context.thenFn (http://localhost:36593/__cypress/runner/cypress_runner.js:136599:23)\n    at Context.then (http://localhost:36593/__cypress/runner/cypress_runner.js:136971:21)\n    at Context.<anonymous> (http://localhost:36593/__cypress/runner/cypress_runner.js:148875:21)\n    at http://localhost:36593/__cypress/runner/cypress_runner.js:148351:33\n    at tryCatcher (http://localhost:36593/__cypress/runner/cypress_runner.js:167415:23)\n    at Promise._settlePromiseFromHandler (http://localhost:36593/__cypress/runner/cypress_runner.js:165351:31)\n    at Promise._settlePromise (http://localhost:36593/__cypress/runner/cypress_runner.js:165408:18)\n    at Promise._settlePromiseCtx (http://localhost:36593/__cypress/runner/cypress_runner.js:165445:10)\n    at Async../node_modules/bluebird/js/release/async.js.Async._drainQueue (http://localhost:36593/__cypress/runner/cypress_runner.js:162145:12)\n    at Async../node_modules/bluebird/js/release/async.js.Async._drainQueues (http://localhost:36593/__cypress/runner/cypress_runner.js:162150:10)\n    at Async.drainQueues (http://localhost:36593/__cypress/runner/cypress_runner.js:162024:14)",
                "diff": ""
              },
              "uuid": "538cc30a-fdc5-4773-8cd3-7b14d3ad56e3",
              "parentUUID": "e8840592-01d4-4640-ac9b-a25d3a0bd5b5",
              "isHook": false,
              "skipped": false
            },
            {
              "title": "Verifica se a cor preta ainda está presente e é a primeira na sua paleta de cores",
              "fullTitle": "12 - Faça com que as cores da paleta sejam geradas aleatoriamente ao carregar a página. Verifica se a cor preta ainda está presente e é a primeira na sua paleta de cores",
              "timedOut": null,
              "duration": 659,
              "state": "failed",
              "speed": null,
              "pass": false,
              "fail": true,
              "pending": false,
              "context": null,
              "code": "cy.get('.color').then(function (colors) {\n  var currentColors;\n  var previousColors;\n  previousColors = Array.from(colors).map(function (color) {\n    return Cypress.$(color).css('background-color');\n  });\n  expect(previousColors[0]).to.eq(BLACK);\n  for (var i = 0; i < 5; i += 1) {\n    cy.reload();\n    cy.get('.color').then(function (colors) {\n      currentColors = Array.from(colors).map(function (color) {\n        return Cypress.$(color).css('background-color');\n      });\n      expect(currentColors[0]).to.eq(BLACK);\n      expect(currentColors).not.to.deep.equal(previousColors);\n      previousColors = currentColors;\n    });\n  }\n});",
              "err": {
                "message": "AssertionError: expected [ Array(4) ] to not deeply equal [ Array(4) ]",
                "estack": "AssertionError: expected [ Array(4) ] to not deeply equal [ Array(4) ]\n    at getRet (http://localhost:36593/__cypress/runner/cypress_runner.js:136585:16)\n    at tryCatcher (http://localhost:36593/__cypress/runner/cypress_runner.js:167415:23)\n    at Function.Promise.attempt.Promise.try (http://localhost:36593/__cypress/runner/cypress_runner.js:164690:29)\n    at Context.thenFn (http://localhost:36593/__cypress/runner/cypress_runner.js:136599:23)\n    at Context.then (http://localhost:36593/__cypress/runner/cypress_runner.js:136971:21)\n    at Context.<anonymous> (http://localhost:36593/__cypress/runner/cypress_runner.js:148875:21)\n    at http://localhost:36593/__cypress/runner/cypress_runner.js:148351:33\n    at tryCatcher (http://localhost:36593/__cypress/runner/cypress_runner.js:167415:23)\n    at Promise._settlePromiseFromHandler (http://localhost:36593/__cypress/runner/cypress_runner.js:165351:31)\n    at Promise._settlePromise (http://localhost:36593/__cypress/runner/cypress_runner.js:165408:18)\n    at Promise._settlePromiseCtx (http://localhost:36593/__cypress/runner/cypress_runner.js:165445:10)\n    at Async../node_modules/bluebird/js/release/async.js.Async._drainQueue (http://localhost:36593/__cypress/runner/cypress_runner.js:162145:12)\n    at Async../node_modules/bluebird/js/release/async.js.Async._drainQueues (http://localhost:36593/__cypress/runner/cypress_runner.js:162150:10)\n    at Async.drainQueues (http://localhost:36593/__cypress/runner/cypress_runner.js:162024:14)",
                "diff": ""
              },
              "uuid": "f2456d22-08eb-4abe-85a2-e3ebbad22253",
              "parentUUID": "e8840592-01d4-4640-ac9b-a25d3a0bd5b5",
              "isHook": false,
              "skipped": false
            }
          ],
          "suites": [],
          "passes": [],
          "failures": [
            "538cc30a-fdc5-4773-8cd3-7b14d3ad56e3",
            "f2456d22-08eb-4abe-85a2-e3ebbad22253"
          ],
          "pending": [],
          "skipped": [],
          "duration": 1485,
          "root": false,
          "rootEmpty": false,
          "_timeout": 2000
        }
      ],
      "passes": [],
      "failures": [],
      "pending": [],
      "skipped": [],
      "duration": 0,
      "root": true,
      "rootEmpty": true,
      "_timeout": 2000
    }
  ],
  "meta": {
    "mocha": {
      "version": "7.0.1"
    },
    "mochawesome": {
      "options": {
        "quiet": false,
        "reportFilename": "mochawesome",
        "saveHtml": false,
        "saveJson": true,
        "consoleReporter": "spec",
        "useInlineDiffs": false
      },
      "version": "4.1.0"
    },
    "marge": {
      "options": {
        "id": "default",
        "reportDir": "cypress/reports",
        "overwrite": true,
        "html": false,
        "json": true
      },
      "version": "4.1.0"
    }
  }
}