{
  "stats": {
    "suites": 12,
    "tests": 41,
    "passes": 1,
    "pending": 0,
    "failures": 40,
    "start": "2021-08-13T19:46:48.243Z",
    "end": "2021-08-13T19:49:52.602Z",
    "duration": 184359,
    "testsRegistered": 41,
    "passPercent": 2.4390243902439024,
    "pendingPercent": 0,
    "other": 0,
    "hasOther": false,
    "skipped": 0,
    "hasSkipped": false
  },
  "results": [
    {
      "uuid": "2b4c2774-8d8c-4b99-8f94-f18286fe061d",
      "title": "",
      "fullFile": "cypress/integration/project.spec.js",
      "file": "cypress/integration/project.spec.js",
      "beforeHooks": [],
      "afterHooks": [],
      "tests": [],
      "suites": [
        {
          "uuid": "9bcc2b50-9e77-44fe-9f67-2d3e9eb4aa76",
          "title": "1 - Adicione à página o título \"Paleta de Cores\".",
          "fullFile": "",
          "file": "",
          "beforeHooks": [],
          "afterHooks": [],
          "tests": [
            {
              "title": "Verifica se contém um elemento `h1` com o id `title` com o título correto",
              "fullTitle": "1 - Adicione à página o título \"Paleta de Cores\". Verifica se contém um elemento `h1` com o id `title` com o título correto",
              "timedOut": null,
              "duration": 443,
              "state": "passed",
              "speed": "slow",
              "pass": true,
              "fail": false,
              "pending": false,
              "context": null,
              "code": "cy.get('h1#title').should('contain.text', 'Paleta de Cores');",
              "err": {},
              "uuid": "167048c7-2a20-4bcc-95ce-073b5288c77b",
              "parentUUID": "9bcc2b50-9e77-44fe-9f67-2d3e9eb4aa76",
              "isHook": false,
              "skipped": false
            }
          ],
          "suites": [],
          "passes": [
            "167048c7-2a20-4bcc-95ce-073b5288c77b"
          ],
          "failures": [],
          "pending": [],
          "skipped": [],
          "duration": 443,
          "root": false,
          "rootEmpty": false,
          "_timeout": 2000
        },
        {
          "uuid": "b3a263e2-706c-496a-a771-6834c24d99dc",
          "title": "2 - Adicione à página uma paleta de quatro cores distintas.",
          "fullFile": "",
          "file": "",
          "beforeHooks": [],
          "afterHooks": [],
          "tests": [
            {
              "title": "A paleta de cores deve ser um elemento com `id` denominado `color-palette`",
              "fullTitle": "2 - Adicione à página uma paleta de quatro cores distintas. A paleta de cores deve ser um elemento com `id` denominado `color-palette`",
              "timedOut": null,
              "duration": 4771,
              "state": "failed",
              "speed": null,
              "pass": false,
              "fail": true,
              "pending": false,
              "context": null,
              "code": "cy.get('#color-palette').should('be.visible');",
              "err": {
                "message": "CypressError: Timed out retrying: Expected to find element: '#color-palette', but never found it.",
                "estack": "CypressError: Timed out retrying: Expected to find element: '#color-palette', but never found it.\n    at cypressErr (http://localhost:39459/__cypress/runner/cypress_runner.js:149934:9)\n    at throwErr (http://localhost:39459/__cypress/runner/cypress_runner.js:149867:11)\n    at Object.throwErrByPath (http://localhost:39459/__cypress/runner/cypress_runner.js:149915:3)\n    at retry (http://localhost:39459/__cypress/runner/cypress_runner.js:144197:19)\n    at onFailFn (http://localhost:39459/__cypress/runner/cypress_runner.js:132448:16)\n    at tryCatcher (http://localhost:39459/__cypress/runner/cypress_runner.js:167415:23)\n    at Promise._settlePromiseFromHandler (http://localhost:39459/__cypress/runner/cypress_runner.js:165351:31)\n    at Promise._settlePromise (http://localhost:39459/__cypress/runner/cypress_runner.js:165408:18)\n    at Promise._settlePromise0 (http://localhost:39459/__cypress/runner/cypress_runner.js:165453:10)\n    at Promise._settlePromises (http://localhost:39459/__cypress/runner/cypress_runner.js:165528:18)\n    at Async../node_modules/bluebird/js/release/async.js.Async._drainQueue (http://localhost:39459/__cypress/runner/cypress_runner.js:162140:16)\n    at Async../node_modules/bluebird/js/release/async.js.Async._drainQueues (http://localhost:39459/__cypress/runner/cypress_runner.js:162150:10)\n    at Async.drainQueues (http://localhost:39459/__cypress/runner/cypress_runner.js:162024:14)",
                "diff": null
              },
              "uuid": "5bf1ca1b-7e18-4e25-bfa7-1e166bfe60be",
              "parentUUID": "b3a263e2-706c-496a-a771-6834c24d99dc",
              "isHook": false,
              "skipped": false
            },
            {
              "title": "Verifica se cada cor individual da paleta de cores possui a `classe` chamada `color`.",
              "fullTitle": "2 - Adicione à página uma paleta de quatro cores distintas. Verifica se cada cor individual da paleta de cores possui a `classe` chamada `color`.",
              "timedOut": null,
              "duration": 4467,
              "state": "failed",
              "speed": null,
              "pass": false,
              "fail": true,
              "pending": false,
              "context": null,
              "code": "cy.get('.color').should('have.length', 4).then(function (colors) {\n  for (var i = 0; i < colors.length; i++) {\n    cy.wrap(colors[i]).should('be.visible');\n  }\n});",
              "err": {
                "message": "CypressError: Timed out retrying: Expected to find element: '.color', but never found it.",
                "estack": "CypressError: Timed out retrying: Expected to find element: '.color', but never found it.\n    at cypressErr (http://localhost:39459/__cypress/runner/cypress_runner.js:149934:9)\n    at throwErr (http://localhost:39459/__cypress/runner/cypress_runner.js:149867:11)\n    at Object.throwErrByPath (http://localhost:39459/__cypress/runner/cypress_runner.js:149915:3)\n    at retry (http://localhost:39459/__cypress/runner/cypress_runner.js:144197:19)\n    at onFailFn (http://localhost:39459/__cypress/runner/cypress_runner.js:132448:16)\n    at tryCatcher (http://localhost:39459/__cypress/runner/cypress_runner.js:167415:23)\n    at Promise._settlePromiseFromHandler (http://localhost:39459/__cypress/runner/cypress_runner.js:165351:31)\n    at Promise._settlePromise (http://localhost:39459/__cypress/runner/cypress_runner.js:165408:18)\n    at Promise._settlePromise0 (http://localhost:39459/__cypress/runner/cypress_runner.js:165453:10)\n    at Promise._settlePromises (http://localhost:39459/__cypress/runner/cypress_runner.js:165528:18)\n    at Async../node_modules/bluebird/js/release/async.js.Async._drainQueue (http://localhost:39459/__cypress/runner/cypress_runner.js:162140:16)\n    at Async../node_modules/bluebird/js/release/async.js.Async._drainQueues (http://localhost:39459/__cypress/runner/cypress_runner.js:162150:10)\n    at Async.drainQueues (http://localhost:39459/__cypress/runner/cypress_runner.js:162024:14)",
                "diff": null
              },
              "uuid": "145057e3-003f-4c92-903c-0d1b48346dfe",
              "parentUUID": "b3a263e2-706c-496a-a771-6834c24d99dc",
              "isHook": false,
              "skipped": false
            },
            {
              "title": "Verifica se a cor de fundo de cada elemento da paleta é a cor que o elemento representa. **A única cor não permitida na paleta é a cor branca.**",
              "fullTitle": "2 - Adicione à página uma paleta de quatro cores distintas. Verifica se a cor de fundo de cada elemento da paleta é a cor que o elemento representa. **A única cor não permitida na paleta é a cor branca.**",
              "timedOut": null,
              "duration": 4473,
              "state": "failed",
              "speed": null,
              "pass": false,
              "fail": true,
              "pending": false,
              "context": null,
              "code": "cy.get('.color').each(function (color) {\n  cy.wrap(color).should('have.class', 'color').and('not.have.css', 'background-color', WHITE);\n  cy.wrap(color).should('have.css', 'background-color');\n});",
              "err": {
                "message": "CypressError: Timed out retrying: Expected to find element: '.color', but never found it.",
                "estack": "CypressError: Timed out retrying: Expected to find element: '.color', but never found it.\n    at cypressErr (http://localhost:39459/__cypress/runner/cypress_runner.js:149934:9)\n    at throwErr (http://localhost:39459/__cypress/runner/cypress_runner.js:149867:11)\n    at Object.throwErrByPath (http://localhost:39459/__cypress/runner/cypress_runner.js:149915:3)\n    at retry (http://localhost:39459/__cypress/runner/cypress_runner.js:144197:19)\n    at onFailFn (http://localhost:39459/__cypress/runner/cypress_runner.js:132448:16)\n    at tryCatcher (http://localhost:39459/__cypress/runner/cypress_runner.js:167415:23)\n    at Promise._settlePromiseFromHandler (http://localhost:39459/__cypress/runner/cypress_runner.js:165351:31)\n    at Promise._settlePromise (http://localhost:39459/__cypress/runner/cypress_runner.js:165408:18)\n    at Promise._settlePromise0 (http://localhost:39459/__cypress/runner/cypress_runner.js:165453:10)\n    at Promise._settlePromises (http://localhost:39459/__cypress/runner/cypress_runner.js:165528:18)\n    at Async../node_modules/bluebird/js/release/async.js.Async._drainQueue (http://localhost:39459/__cypress/runner/cypress_runner.js:162140:16)\n    at Async../node_modules/bluebird/js/release/async.js.Async._drainQueues (http://localhost:39459/__cypress/runner/cypress_runner.js:162150:10)\n    at Async.drainQueues (http://localhost:39459/__cypress/runner/cypress_runner.js:162024:14)",
                "diff": null
              },
              "uuid": "336ff311-3302-4db8-8376-e544e86a1fb8",
              "parentUUID": "b3a263e2-706c-496a-a771-6834c24d99dc",
              "isHook": false,
              "skipped": false
            },
            {
              "title": "Verifica se cada elemento da paleta de cores tem uma borda preta, sólida e com 1 pixel de largura;",
              "fullTitle": "2 - Adicione à página uma paleta de quatro cores distintas. Verifica se cada elemento da paleta de cores tem uma borda preta, sólida e com 1 pixel de largura;",
              "timedOut": null,
              "duration": 4478,
              "state": "failed",
              "speed": null,
              "pass": false,
              "fail": true,
              "pending": false,
              "context": null,
              "code": "cy.get('.color').each(function (color) {\n  cy.wrap(color).and('have.css', 'border', \"1px solid \".concat(BLACK)).and('have.class', 'color');\n});",
              "err": {
                "message": "CypressError: Timed out retrying: Expected to find element: '.color', but never found it.",
                "estack": "CypressError: Timed out retrying: Expected to find element: '.color', but never found it.\n    at cypressErr (http://localhost:39459/__cypress/runner/cypress_runner.js:149934:9)\n    at throwErr (http://localhost:39459/__cypress/runner/cypress_runner.js:149867:11)\n    at Object.throwErrByPath (http://localhost:39459/__cypress/runner/cypress_runner.js:149915:3)\n    at retry (http://localhost:39459/__cypress/runner/cypress_runner.js:144197:19)\n    at onFailFn (http://localhost:39459/__cypress/runner/cypress_runner.js:132448:16)\n    at tryCatcher (http://localhost:39459/__cypress/runner/cypress_runner.js:167415:23)\n    at Promise._settlePromiseFromHandler (http://localhost:39459/__cypress/runner/cypress_runner.js:165351:31)\n    at Promise._settlePromise (http://localhost:39459/__cypress/runner/cypress_runner.js:165408:18)\n    at Promise._settlePromise0 (http://localhost:39459/__cypress/runner/cypress_runner.js:165453:10)\n    at Promise._settlePromises (http://localhost:39459/__cypress/runner/cypress_runner.js:165528:18)\n    at Async../node_modules/bluebird/js/release/async.js.Async._drainQueue (http://localhost:39459/__cypress/runner/cypress_runner.js:162140:16)\n    at Async../node_modules/bluebird/js/release/async.js.Async._drainQueues (http://localhost:39459/__cypress/runner/cypress_runner.js:162150:10)\n    at Async.drainQueues (http://localhost:39459/__cypress/runner/cypress_runner.js:162024:14)",
                "diff": null
              },
              "uuid": "e2d0ee5e-a99f-4982-8446-17cf787cd5b3",
              "parentUUID": "b3a263e2-706c-496a-a771-6834c24d99dc",
              "isHook": false,
              "skipped": false
            },
            {
              "title": "Verifica se a paleta lista todas as cores disponíveis para utilização, lado a lado.",
              "fullTitle": "2 - Adicione à página uma paleta de quatro cores distintas. Verifica se a paleta lista todas as cores disponíveis para utilização, lado a lado.",
              "timedOut": null,
              "duration": 4426,
              "state": "failed",
              "speed": null,
              "pass": false,
              "fail": true,
              "pending": false,
              "context": null,
              "code": "cy.get('.color').then(function (colors) {\n  for (var index = 1; index < colors.length; index += 1) {\n    var currentColor = colors[index];\n    var previousColor = colors[index - 1];\n    cy.wrap(currentColor).should('be.onTheRightOf', previousColor).and('be.horizontallyAlignedWith', previousColor);\n  }\n});",
              "err": {
                "message": "CypressError: Timed out retrying: Expected to find element: '.color', but never found it.",
                "estack": "CypressError: Timed out retrying: Expected to find element: '.color', but never found it.\n    at cypressErr (http://localhost:39459/__cypress/runner/cypress_runner.js:149934:9)\n    at throwErr (http://localhost:39459/__cypress/runner/cypress_runner.js:149867:11)\n    at Object.throwErrByPath (http://localhost:39459/__cypress/runner/cypress_runner.js:149915:3)\n    at retry (http://localhost:39459/__cypress/runner/cypress_runner.js:144197:19)\n    at onFailFn (http://localhost:39459/__cypress/runner/cypress_runner.js:132448:16)\n    at tryCatcher (http://localhost:39459/__cypress/runner/cypress_runner.js:167415:23)\n    at Promise._settlePromiseFromHandler (http://localhost:39459/__cypress/runner/cypress_runner.js:165351:31)\n    at Promise._settlePromise (http://localhost:39459/__cypress/runner/cypress_runner.js:165408:18)\n    at Promise._settlePromise0 (http://localhost:39459/__cypress/runner/cypress_runner.js:165453:10)\n    at Promise._settlePromises (http://localhost:39459/__cypress/runner/cypress_runner.js:165528:18)\n    at Async../node_modules/bluebird/js/release/async.js.Async._drainQueue (http://localhost:39459/__cypress/runner/cypress_runner.js:162140:16)\n    at Async../node_modules/bluebird/js/release/async.js.Async._drainQueues (http://localhost:39459/__cypress/runner/cypress_runner.js:162150:10)\n    at Async.drainQueues (http://localhost:39459/__cypress/runner/cypress_runner.js:162024:14)",
                "diff": null
              },
              "uuid": "e6e1001c-7c96-4f47-8b10-a43196f30bc4",
              "parentUUID": "b3a263e2-706c-496a-a771-6834c24d99dc",
              "isHook": false,
              "skipped": false
            },
            {
              "title": "Verifica se a paleta de cores está posicionada abaixo do título 'Paleta de Cores'",
              "fullTitle": "2 - Adicione à página uma paleta de quatro cores distintas. Verifica se a paleta de cores está posicionada abaixo do título 'Paleta de Cores'",
              "timedOut": null,
              "duration": 4488,
              "state": "failed",
              "speed": null,
              "pass": false,
              "fail": true,
              "pending": false,
              "context": null,
              "code": "cy.get('h1#title').then(function (title) {\n  cy.get('#color-palette').should('be.belowOf', title);\n});",
              "err": {
                "message": "CypressError: Timed out retrying: Expected to find element: '#color-palette', but never found it.",
                "estack": "CypressError: Timed out retrying: Expected to find element: '#color-palette', but never found it.\n    at cypressErr (http://localhost:39459/__cypress/runner/cypress_runner.js:149934:9)\n    at throwErr (http://localhost:39459/__cypress/runner/cypress_runner.js:149867:11)\n    at Object.throwErrByPath (http://localhost:39459/__cypress/runner/cypress_runner.js:149915:3)\n    at retry (http://localhost:39459/__cypress/runner/cypress_runner.js:144197:19)\n    at onFailFn (http://localhost:39459/__cypress/runner/cypress_runner.js:132448:16)\n    at tryCatcher (http://localhost:39459/__cypress/runner/cypress_runner.js:167415:23)\n    at Promise._settlePromiseFromHandler (http://localhost:39459/__cypress/runner/cypress_runner.js:165351:31)\n    at Promise._settlePromise (http://localhost:39459/__cypress/runner/cypress_runner.js:165408:18)\n    at Promise._settlePromise0 (http://localhost:39459/__cypress/runner/cypress_runner.js:165453:10)\n    at Promise._settlePromises (http://localhost:39459/__cypress/runner/cypress_runner.js:165528:18)\n    at Async../node_modules/bluebird/js/release/async.js.Async._drainQueue (http://localhost:39459/__cypress/runner/cypress_runner.js:162140:16)\n    at Async../node_modules/bluebird/js/release/async.js.Async._drainQueues (http://localhost:39459/__cypress/runner/cypress_runner.js:162150:10)\n    at Async.drainQueues (http://localhost:39459/__cypress/runner/cypress_runner.js:162024:14)",
                "diff": null
              },
              "uuid": "fd09044d-b67f-4b9d-867a-21f85de5115b",
              "parentUUID": "b3a263e2-706c-496a-a771-6834c24d99dc",
              "isHook": false,
              "skipped": false
            },
            {
              "title": "Verifica se a paleta de cores não contém cores repetidas.",
              "fullTitle": "2 - Adicione à página uma paleta de quatro cores distintas. Verifica se a paleta de cores não contém cores repetidas.",
              "timedOut": null,
              "duration": 4514,
              "state": "failed",
              "speed": null,
              "pass": false,
              "fail": true,
              "pending": false,
              "context": null,
              "code": "cy.get('.color').then(function (colors) {\n  var allColors = Array.from(colors).map(function (color) {\n    return Cypress.$(color).css('background-color');\n  });\n  cy.log(allColors);\n  var uniqColors = (0, _toConsumableArray2[\"default\"])(new Set(allColors));\n  cy.log(uniqColors);\n  expect(allColors.length).to.eq(uniqColors.length);\n});",
              "err": {
                "message": "CypressError: Timed out retrying: Expected to find element: '.color', but never found it.",
                "estack": "CypressError: Timed out retrying: Expected to find element: '.color', but never found it.\n    at cypressErr (http://localhost:39459/__cypress/runner/cypress_runner.js:149934:9)\n    at throwErr (http://localhost:39459/__cypress/runner/cypress_runner.js:149867:11)\n    at Object.throwErrByPath (http://localhost:39459/__cypress/runner/cypress_runner.js:149915:3)\n    at retry (http://localhost:39459/__cypress/runner/cypress_runner.js:144197:19)\n    at onFailFn (http://localhost:39459/__cypress/runner/cypress_runner.js:132448:16)\n    at tryCatcher (http://localhost:39459/__cypress/runner/cypress_runner.js:167415:23)\n    at Promise._settlePromiseFromHandler (http://localhost:39459/__cypress/runner/cypress_runner.js:165351:31)\n    at Promise._settlePromise (http://localhost:39459/__cypress/runner/cypress_runner.js:165408:18)\n    at Promise._settlePromise0 (http://localhost:39459/__cypress/runner/cypress_runner.js:165453:10)\n    at Promise._settlePromises (http://localhost:39459/__cypress/runner/cypress_runner.js:165528:18)\n    at Async../node_modules/bluebird/js/release/async.js.Async._drainQueue (http://localhost:39459/__cypress/runner/cypress_runner.js:162140:16)\n    at Async../node_modules/bluebird/js/release/async.js.Async._drainQueues (http://localhost:39459/__cypress/runner/cypress_runner.js:162150:10)\n    at Async.drainQueues (http://localhost:39459/__cypress/runner/cypress_runner.js:162024:14)",
                "diff": null
              },
              "uuid": "f3898054-fb2c-4a98-a5a8-c75d517ae28f",
              "parentUUID": "b3a263e2-706c-496a-a771-6834c24d99dc",
              "isHook": false,
              "skipped": false
            }
          ],
          "suites": [],
          "passes": [],
          "failures": [
            "5bf1ca1b-7e18-4e25-bfa7-1e166bfe60be",
            "145057e3-003f-4c92-903c-0d1b48346dfe",
            "336ff311-3302-4db8-8376-e544e86a1fb8",
            "e2d0ee5e-a99f-4982-8446-17cf787cd5b3",
            "e6e1001c-7c96-4f47-8b10-a43196f30bc4",
            "fd09044d-b67f-4b9d-867a-21f85de5115b",
            "f3898054-fb2c-4a98-a5a8-c75d517ae28f"
          ],
          "pending": [],
          "skipped": [],
          "duration": 31617,
          "root": false,
          "rootEmpty": false,
          "_timeout": 2000
        },
        {
          "uuid": "34abe878-b948-4256-8eb9-2a195a8162f7",
          "title": "3 - Adicione a cor **preta** como a primeira cor da paleta de cores.",
          "fullFile": "",
          "file": "",
          "beforeHooks": [],
          "afterHooks": [],
          "tests": [
            {
              "title": "Verifica se a primeira cor da paleta é preta",
              "fullTitle": "3 - Adicione a cor **preta** como a primeira cor da paleta de cores. Verifica se a primeira cor da paleta é preta",
              "timedOut": null,
              "duration": 4435,
              "state": "failed",
              "speed": null,
              "pass": false,
              "fail": true,
              "pending": false,
              "context": null,
              "code": "cy.get('.color').first().should('have.css', 'background-color', BLACK);",
              "err": {
                "message": "CypressError: Timed out retrying: Expected to find element: '.color', but never found it.",
                "estack": "CypressError: Timed out retrying: Expected to find element: '.color', but never found it.\n    at cypressErr (http://localhost:39459/__cypress/runner/cypress_runner.js:149934:9)\n    at throwErr (http://localhost:39459/__cypress/runner/cypress_runner.js:149867:11)\n    at Object.throwErrByPath (http://localhost:39459/__cypress/runner/cypress_runner.js:149915:3)\n    at retry (http://localhost:39459/__cypress/runner/cypress_runner.js:144197:19)\n    at onFailFn (http://localhost:39459/__cypress/runner/cypress_runner.js:132448:16)\n    at tryCatcher (http://localhost:39459/__cypress/runner/cypress_runner.js:167415:23)\n    at Promise._settlePromiseFromHandler (http://localhost:39459/__cypress/runner/cypress_runner.js:165351:31)\n    at Promise._settlePromise (http://localhost:39459/__cypress/runner/cypress_runner.js:165408:18)\n    at Promise._settlePromise0 (http://localhost:39459/__cypress/runner/cypress_runner.js:165453:10)\n    at Promise._settlePromises (http://localhost:39459/__cypress/runner/cypress_runner.js:165528:18)\n    at Async../node_modules/bluebird/js/release/async.js.Async._drainQueue (http://localhost:39459/__cypress/runner/cypress_runner.js:162140:16)\n    at Async../node_modules/bluebird/js/release/async.js.Async._drainQueues (http://localhost:39459/__cypress/runner/cypress_runner.js:162150:10)\n    at Async.drainQueues (http://localhost:39459/__cypress/runner/cypress_runner.js:162024:14)",
                "diff": null
              },
              "uuid": "9995e3ac-6600-4d8f-8165-c5ae84119639",
              "parentUUID": "34abe878-b948-4256-8eb9-2a195a8162f7",
              "isHook": false,
              "skipped": false
            },
            {
              "title": "Verifica se as demais cores podem ser escolhidas livremente.",
              "fullTitle": "3 - Adicione a cor **preta** como a primeira cor da paleta de cores. Verifica se as demais cores podem ser escolhidas livremente.",
              "timedOut": null,
              "duration": 4475,
              "state": "failed",
              "speed": null,
              "pass": false,
              "fail": true,
              "pending": false,
              "context": null,
              "code": "cy.get('.color').eq(1).should('not.have.css', 'background-color', BLACK);\ncy.get('.color').eq(1).should('not.have.css', 'background-color', WHITE);\ncy.get('.color').eq(1).should('not.have.css', 'background-color', 'rgba(0, 0, 0, 0)');\ncy.get('.color').eq(1).should('have.css', 'background-color');\ncy.get('.color').eq(2).should('not.have.css', 'background-color', BLACK);\ncy.get('.color').eq(2).should('not.have.css', 'background-color', WHITE);\ncy.get('.color').eq(2).should('not.have.css', 'background-color', 'rgba(0, 0, 0, 0)');\ncy.get('.color').eq(2).should('have.css', 'background-color');\ncy.get('.color').eq(3).should('not.have.css', 'background-color', BLACK);\ncy.get('.color').eq(3).should('not.have.css', 'background-color', WHITE);\ncy.get('.color').eq(3).should('not.have.css', 'background-color', 'rgba(0, 0, 0, 0)');\ncy.get('.color').eq(3).should('have.css', 'background-color');",
              "err": {
                "message": "CypressError: Timed out retrying: Expected to find element: '.color', but never found it.",
                "estack": "CypressError: Timed out retrying: Expected to find element: '.color', but never found it.\n    at cypressErr (http://localhost:39459/__cypress/runner/cypress_runner.js:149934:9)\n    at throwErr (http://localhost:39459/__cypress/runner/cypress_runner.js:149867:11)\n    at Object.throwErrByPath (http://localhost:39459/__cypress/runner/cypress_runner.js:149915:3)\n    at retry (http://localhost:39459/__cypress/runner/cypress_runner.js:144197:19)\n    at onFailFn (http://localhost:39459/__cypress/runner/cypress_runner.js:132448:16)\n    at tryCatcher (http://localhost:39459/__cypress/runner/cypress_runner.js:167415:23)\n    at Promise._settlePromiseFromHandler (http://localhost:39459/__cypress/runner/cypress_runner.js:165351:31)\n    at Promise._settlePromise (http://localhost:39459/__cypress/runner/cypress_runner.js:165408:18)\n    at Promise._settlePromise0 (http://localhost:39459/__cypress/runner/cypress_runner.js:165453:10)\n    at Promise._settlePromises (http://localhost:39459/__cypress/runner/cypress_runner.js:165528:18)\n    at Async../node_modules/bluebird/js/release/async.js.Async._drainQueue (http://localhost:39459/__cypress/runner/cypress_runner.js:162140:16)\n    at Async../node_modules/bluebird/js/release/async.js.Async._drainQueues (http://localhost:39459/__cypress/runner/cypress_runner.js:162150:10)\n    at Async.drainQueues (http://localhost:39459/__cypress/runner/cypress_runner.js:162024:14)",
                "diff": null
              },
              "uuid": "a89b13a3-3dbb-416f-91b4-89383b6c788b",
              "parentUUID": "34abe878-b948-4256-8eb9-2a195a8162f7",
              "isHook": false,
              "skipped": false
            }
          ],
          "suites": [],
          "passes": [],
          "failures": [
            "9995e3ac-6600-4d8f-8165-c5ae84119639",
            "a89b13a3-3dbb-416f-91b4-89383b6c788b"
          ],
          "pending": [],
          "skipped": [],
          "duration": 8910,
          "root": false,
          "rootEmpty": false,
          "_timeout": 2000
        },
        {
          "uuid": "e21dc57b-61ea-41c8-8d2a-ed6bcf2eac1d",
          "title": "4 - Adicione à página um quadro de pixels, com 25 pixels.",
          "fullFile": "",
          "file": "",
          "beforeHooks": [],
          "afterHooks": [],
          "tests": [
            {
              "title": "Verifica se o quadro de pixels possui o `id` denominado `pixel-board`",
              "fullTitle": "4 - Adicione à página um quadro de pixels, com 25 pixels. Verifica se o quadro de pixels possui o `id` denominado `pixel-board`",
              "timedOut": null,
              "duration": 4487,
              "state": "failed",
              "speed": null,
              "pass": false,
              "fail": true,
              "pending": false,
              "context": null,
              "code": "cy.get('#pixel-board').should('be.visible');",
              "err": {
                "message": "CypressError: Timed out retrying: Expected to find element: '#pixel-board', but never found it.",
                "estack": "CypressError: Timed out retrying: Expected to find element: '#pixel-board', but never found it.\n    at cypressErr (http://localhost:39459/__cypress/runner/cypress_runner.js:149934:9)\n    at throwErr (http://localhost:39459/__cypress/runner/cypress_runner.js:149867:11)\n    at Object.throwErrByPath (http://localhost:39459/__cypress/runner/cypress_runner.js:149915:3)\n    at retry (http://localhost:39459/__cypress/runner/cypress_runner.js:144197:19)\n    at onFailFn (http://localhost:39459/__cypress/runner/cypress_runner.js:132448:16)\n    at tryCatcher (http://localhost:39459/__cypress/runner/cypress_runner.js:167415:23)\n    at Promise._settlePromiseFromHandler (http://localhost:39459/__cypress/runner/cypress_runner.js:165351:31)\n    at Promise._settlePromise (http://localhost:39459/__cypress/runner/cypress_runner.js:165408:18)\n    at Promise._settlePromise0 (http://localhost:39459/__cypress/runner/cypress_runner.js:165453:10)\n    at Promise._settlePromises (http://localhost:39459/__cypress/runner/cypress_runner.js:165528:18)\n    at Async../node_modules/bluebird/js/release/async.js.Async._drainQueue (http://localhost:39459/__cypress/runner/cypress_runner.js:162140:16)\n    at Async../node_modules/bluebird/js/release/async.js.Async._drainQueues (http://localhost:39459/__cypress/runner/cypress_runner.js:162150:10)\n    at Async.drainQueues (http://localhost:39459/__cypress/runner/cypress_runner.js:162024:14)",
                "diff": null
              },
              "uuid": "603bbfad-e84c-49c2-a334-518732cf166d",
              "parentUUID": "e21dc57b-61ea-41c8-8d2a-ed6bcf2eac1d",
              "isHook": false,
              "skipped": false
            },
            {
              "title": "Verifica se cada pixel individual dentro do quadro possui a `classe` denominada `pixel`.",
              "fullTitle": "4 - Adicione à página um quadro de pixels, com 25 pixels. Verifica se cada pixel individual dentro do quadro possui a `classe` denominada `pixel`.",
              "timedOut": null,
              "duration": 4512,
              "state": "failed",
              "speed": null,
              "pass": false,
              "fail": true,
              "pending": false,
              "context": null,
              "code": "cy.get('.pixel').should('have.length', 25);",
              "err": {
                "message": "CypressError: Timed out retrying: Expected to find element: '.pixel', but never found it.",
                "estack": "CypressError: Timed out retrying: Expected to find element: '.pixel', but never found it.\n    at cypressErr (http://localhost:39459/__cypress/runner/cypress_runner.js:149934:9)\n    at throwErr (http://localhost:39459/__cypress/runner/cypress_runner.js:149867:11)\n    at Object.throwErrByPath (http://localhost:39459/__cypress/runner/cypress_runner.js:149915:3)\n    at retry (http://localhost:39459/__cypress/runner/cypress_runner.js:144197:19)\n    at onFailFn (http://localhost:39459/__cypress/runner/cypress_runner.js:132448:16)\n    at tryCatcher (http://localhost:39459/__cypress/runner/cypress_runner.js:167415:23)\n    at Promise._settlePromiseFromHandler (http://localhost:39459/__cypress/runner/cypress_runner.js:165351:31)\n    at Promise._settlePromise (http://localhost:39459/__cypress/runner/cypress_runner.js:165408:18)\n    at Promise._settlePromise0 (http://localhost:39459/__cypress/runner/cypress_runner.js:165453:10)\n    at Promise._settlePromises (http://localhost:39459/__cypress/runner/cypress_runner.js:165528:18)\n    at Async../node_modules/bluebird/js/release/async.js.Async._drainQueue (http://localhost:39459/__cypress/runner/cypress_runner.js:162140:16)\n    at Async../node_modules/bluebird/js/release/async.js.Async._drainQueues (http://localhost:39459/__cypress/runner/cypress_runner.js:162150:10)\n    at Async.drainQueues (http://localhost:39459/__cypress/runner/cypress_runner.js:162024:14)",
                "diff": null
              },
              "uuid": "f997eeec-01c3-4d95-83eb-d04599612b47",
              "parentUUID": "e21dc57b-61ea-41c8-8d2a-ed6bcf2eac1d",
              "isHook": false,
              "skipped": false
            },
            {
              "title": "Verifica se a cor inicial dos pixels dentro do quadro, ao abrir a página, é branca.",
              "fullTitle": "4 - Adicione à página um quadro de pixels, com 25 pixels. Verifica se a cor inicial dos pixels dentro do quadro, ao abrir a página, é branca.",
              "timedOut": null,
              "duration": 4509,
              "state": "failed",
              "speed": null,
              "pass": false,
              "fail": true,
              "pending": false,
              "context": null,
              "code": "cy.get('.pixel').should('have.length', 25).each(function (pixel) {\n  expect(pixel).to.have.css('background-color', WHITE);\n});",
              "err": {
                "message": "CypressError: Timed out retrying: Expected to find element: '.pixel', but never found it.",
                "estack": "CypressError: Timed out retrying: Expected to find element: '.pixel', but never found it.\n    at cypressErr (http://localhost:39459/__cypress/runner/cypress_runner.js:149934:9)\n    at throwErr (http://localhost:39459/__cypress/runner/cypress_runner.js:149867:11)\n    at Object.throwErrByPath (http://localhost:39459/__cypress/runner/cypress_runner.js:149915:3)\n    at retry (http://localhost:39459/__cypress/runner/cypress_runner.js:144197:19)\n    at onFailFn (http://localhost:39459/__cypress/runner/cypress_runner.js:132448:16)\n    at tryCatcher (http://localhost:39459/__cypress/runner/cypress_runner.js:167415:23)\n    at Promise._settlePromiseFromHandler (http://localhost:39459/__cypress/runner/cypress_runner.js:165351:31)\n    at Promise._settlePromise (http://localhost:39459/__cypress/runner/cypress_runner.js:165408:18)\n    at Promise._settlePromise0 (http://localhost:39459/__cypress/runner/cypress_runner.js:165453:10)\n    at Promise._settlePromises (http://localhost:39459/__cypress/runner/cypress_runner.js:165528:18)\n    at Async../node_modules/bluebird/js/release/async.js.Async._drainQueue (http://localhost:39459/__cypress/runner/cypress_runner.js:162140:16)\n    at Async../node_modules/bluebird/js/release/async.js.Async._drainQueues (http://localhost:39459/__cypress/runner/cypress_runner.js:162150:10)\n    at Async.drainQueues (http://localhost:39459/__cypress/runner/cypress_runner.js:162024:14)",
                "diff": null
              },
              "uuid": "fe37184f-c08b-4f9d-96cc-a2d45d0b7048",
              "parentUUID": "e21dc57b-61ea-41c8-8d2a-ed6bcf2eac1d",
              "isHook": false,
              "skipped": false
            },
            {
              "title": "Verifica se o quadro de pixels aparece abaixo da paleta de cores",
              "fullTitle": "4 - Adicione à página um quadro de pixels, com 25 pixels. Verifica se o quadro de pixels aparece abaixo da paleta de cores",
              "timedOut": null,
              "duration": 4478,
              "state": "failed",
              "speed": null,
              "pass": false,
              "fail": true,
              "pending": false,
              "context": null,
              "code": "cy.get('#color-palette').then(function (palette) {\n  cy.get('#pixel-board').should('be.belowOf', palette);\n});",
              "err": {
                "message": "CypressError: Timed out retrying: Expected to find element: '#color-palette', but never found it.",
                "estack": "CypressError: Timed out retrying: Expected to find element: '#color-palette', but never found it.\n    at cypressErr (http://localhost:39459/__cypress/runner/cypress_runner.js:149934:9)\n    at throwErr (http://localhost:39459/__cypress/runner/cypress_runner.js:149867:11)\n    at Object.throwErrByPath (http://localhost:39459/__cypress/runner/cypress_runner.js:149915:3)\n    at retry (http://localhost:39459/__cypress/runner/cypress_runner.js:144197:19)\n    at onFailFn (http://localhost:39459/__cypress/runner/cypress_runner.js:132448:16)\n    at tryCatcher (http://localhost:39459/__cypress/runner/cypress_runner.js:167415:23)\n    at Promise._settlePromiseFromHandler (http://localhost:39459/__cypress/runner/cypress_runner.js:165351:31)\n    at Promise._settlePromise (http://localhost:39459/__cypress/runner/cypress_runner.js:165408:18)\n    at Promise._settlePromise0 (http://localhost:39459/__cypress/runner/cypress_runner.js:165453:10)\n    at Promise._settlePromises (http://localhost:39459/__cypress/runner/cypress_runner.js:165528:18)\n    at Async../node_modules/bluebird/js/release/async.js.Async._drainQueue (http://localhost:39459/__cypress/runner/cypress_runner.js:162140:16)\n    at Async../node_modules/bluebird/js/release/async.js.Async._drainQueues (http://localhost:39459/__cypress/runner/cypress_runner.js:162150:10)\n    at Async.drainQueues (http://localhost:39459/__cypress/runner/cypress_runner.js:162024:14)",
                "diff": null
              },
              "uuid": "310388bb-ae3d-4381-8606-32cf745ef631",
              "parentUUID": "e21dc57b-61ea-41c8-8d2a-ed6bcf2eac1d",
              "isHook": false,
              "skipped": false
            }
          ],
          "suites": [],
          "passes": [],
          "failures": [
            "603bbfad-e84c-49c2-a334-518732cf166d",
            "f997eeec-01c3-4d95-83eb-d04599612b47",
            "fe37184f-c08b-4f9d-96cc-a2d45d0b7048",
            "310388bb-ae3d-4381-8606-32cf745ef631"
          ],
          "pending": [],
          "skipped": [],
          "duration": 17986,
          "root": false,
          "rootEmpty": false,
          "_timeout": 2000
        },
        {
          "uuid": "8d7267ae-09fb-48e1-981f-e298db462348",
          "title": "5 - Faça com que cada elemento do quadro de pixels possua 40 pixels de largura, 40 pixels de altura e seja delimitado por uma borda preta de 1 pixel.",
          "fullFile": "",
          "file": "",
          "beforeHooks": [],
          "afterHooks": [],
          "tests": [
            {
              "title": "Verifica se o quadro de pixels tem altura e comprimento de 5 elementos",
              "fullTitle": "5 - Faça com que cada elemento do quadro de pixels possua 40 pixels de largura, 40 pixels de altura e seja delimitado por uma borda preta de 1 pixel. Verifica se o quadro de pixels tem altura e comprimento de 5 elementos",
              "timedOut": null,
              "duration": 4533,
              "state": "failed",
              "speed": null,
              "pass": false,
              "fail": true,
              "pending": false,
              "context": null,
              "code": "cy.get('.pixel').should('have.length', 25).each(function (pixel) {\n  expect(pixel).to.have.css('background-color', WHITE);\n}).and(function (pixels) {\n  var rows = chunk(pixels, 5);\n  rows.forEach(function (row) {\n    for (var index = 1; index < row.length; index += 1) {\n      var current = pixels[index];\n      var previous = pixels[index - 1];\n      cy.wrap(current).should('be.onTheRightOf', previous).and('be.horizontallyAlignedWith', previous);\n    }\n  });\n  for (var index = 1; index < 5; index += 1) {\n    expect(pixels[index * 5]).to.be.belowOf(pixels[(index - 1) * 5]);\n  }\n});",
              "err": {
                "message": "CypressError: Timed out retrying: Expected to find element: '.pixel', but never found it.",
                "estack": "CypressError: Timed out retrying: Expected to find element: '.pixel', but never found it.\n    at cypressErr (http://localhost:39459/__cypress/runner/cypress_runner.js:149934:9)\n    at throwErr (http://localhost:39459/__cypress/runner/cypress_runner.js:149867:11)\n    at Object.throwErrByPath (http://localhost:39459/__cypress/runner/cypress_runner.js:149915:3)\n    at retry (http://localhost:39459/__cypress/runner/cypress_runner.js:144197:19)\n    at onFailFn (http://localhost:39459/__cypress/runner/cypress_runner.js:132448:16)\n    at tryCatcher (http://localhost:39459/__cypress/runner/cypress_runner.js:167415:23)\n    at Promise._settlePromiseFromHandler (http://localhost:39459/__cypress/runner/cypress_runner.js:165351:31)\n    at Promise._settlePromise (http://localhost:39459/__cypress/runner/cypress_runner.js:165408:18)\n    at Promise._settlePromise0 (http://localhost:39459/__cypress/runner/cypress_runner.js:165453:10)\n    at Promise._settlePromises (http://localhost:39459/__cypress/runner/cypress_runner.js:165528:18)\n    at Async../node_modules/bluebird/js/release/async.js.Async._drainQueue (http://localhost:39459/__cypress/runner/cypress_runner.js:162140:16)\n    at Async../node_modules/bluebird/js/release/async.js.Async._drainQueues (http://localhost:39459/__cypress/runner/cypress_runner.js:162150:10)\n    at Async.drainQueues (http://localhost:39459/__cypress/runner/cypress_runner.js:162024:14)",
                "diff": null
              },
              "uuid": "949439a9-302b-40af-ad43-02e0afc37e66",
              "parentUUID": "8d7267ae-09fb-48e1-981f-e298db462348",
              "isHook": false,
              "skipped": false
            },
            {
              "title": "Verifica se 40 pixels é o tamanho total do elemento, incluindo seu conteúdo e excluindo a borda preta, que deve ser criada à parte.",
              "fullTitle": "5 - Faça com que cada elemento do quadro de pixels possua 40 pixels de largura, 40 pixels de altura e seja delimitado por uma borda preta de 1 pixel. Verifica se 40 pixels é o tamanho total do elemento, incluindo seu conteúdo e excluindo a borda preta, que deve ser criada à parte.",
              "timedOut": null,
              "duration": 4581,
              "state": "failed",
              "speed": null,
              "pass": false,
              "fail": true,
              "pending": false,
              "context": null,
              "code": "cy.get('.pixel').each(function (pixel) {\n  cy.wrap(pixel).should('have.css', 'height', '40px').and('have.css', 'width', '40px').and('have.css', 'border', \"1px solid \".concat(BLACK));\n});",
              "err": {
                "message": "CypressError: Timed out retrying: Expected to find element: '.pixel', but never found it.",
                "estack": "CypressError: Timed out retrying: Expected to find element: '.pixel', but never found it.\n    at cypressErr (http://localhost:39459/__cypress/runner/cypress_runner.js:149934:9)\n    at throwErr (http://localhost:39459/__cypress/runner/cypress_runner.js:149867:11)\n    at Object.throwErrByPath (http://localhost:39459/__cypress/runner/cypress_runner.js:149915:3)\n    at retry (http://localhost:39459/__cypress/runner/cypress_runner.js:144197:19)\n    at onFailFn (http://localhost:39459/__cypress/runner/cypress_runner.js:132448:16)\n    at tryCatcher (http://localhost:39459/__cypress/runner/cypress_runner.js:167415:23)\n    at Promise._settlePromiseFromHandler (http://localhost:39459/__cypress/runner/cypress_runner.js:165351:31)\n    at Promise._settlePromise (http://localhost:39459/__cypress/runner/cypress_runner.js:165408:18)\n    at Promise._settlePromise0 (http://localhost:39459/__cypress/runner/cypress_runner.js:165453:10)\n    at Promise._settlePromises (http://localhost:39459/__cypress/runner/cypress_runner.js:165528:18)\n    at Async../node_modules/bluebird/js/release/async.js.Async._drainQueue (http://localhost:39459/__cypress/runner/cypress_runner.js:162140:16)\n    at Async../node_modules/bluebird/js/release/async.js.Async._drainQueues (http://localhost:39459/__cypress/runner/cypress_runner.js:162150:10)\n    at Async.drainQueues (http://localhost:39459/__cypress/runner/cypress_runner.js:162024:14)",
                "diff": null
              },
              "uuid": "03228512-4061-43c3-aef1-83115c4eb971",
              "parentUUID": "8d7267ae-09fb-48e1-981f-e298db462348",
              "isHook": false,
              "skipped": false
            }
          ],
          "suites": [],
          "passes": [],
          "failures": [
            "949439a9-302b-40af-ad43-02e0afc37e66",
            "03228512-4061-43c3-aef1-83115c4eb971"
          ],
          "pending": [],
          "skipped": [],
          "duration": 9114,
          "root": false,
          "rootEmpty": false,
          "_timeout": 2000
        },
        {
          "uuid": "dc403043-ade8-44b8-a4cd-d7ee9e3ab995",
          "title": "6 - Defina a cor preta como cor inicial. Ao carregar a página a cor preta já deve estar selecionada para pintar os pixels",
          "fullFile": "",
          "file": "",
          "beforeHooks": [],
          "afterHooks": [],
          "tests": [
            {
              "title": "Verifica se o elemento da cor preta possui, inicialmente, a `classe` `selected`",
              "fullTitle": "6 - Defina a cor preta como cor inicial. Ao carregar a página a cor preta já deve estar selecionada para pintar os pixels Verifica se o elemento da cor preta possui, inicialmente, a `classe` `selected`",
              "timedOut": null,
              "duration": 4512,
              "state": "failed",
              "speed": null,
              "pass": false,
              "fail": true,
              "pending": false,
              "context": null,
              "code": "cy.get('.selected').first().should('have.css', 'background-color', BLACK);",
              "err": {
                "message": "CypressError: Timed out retrying: Expected to find element: '.selected', but never found it.",
                "estack": "CypressError: Timed out retrying: Expected to find element: '.selected', but never found it.\n    at cypressErr (http://localhost:39459/__cypress/runner/cypress_runner.js:149934:9)\n    at throwErr (http://localhost:39459/__cypress/runner/cypress_runner.js:149867:11)\n    at Object.throwErrByPath (http://localhost:39459/__cypress/runner/cypress_runner.js:149915:3)\n    at retry (http://localhost:39459/__cypress/runner/cypress_runner.js:144197:19)\n    at onFailFn (http://localhost:39459/__cypress/runner/cypress_runner.js:132448:16)\n    at tryCatcher (http://localhost:39459/__cypress/runner/cypress_runner.js:167415:23)\n    at Promise._settlePromiseFromHandler (http://localhost:39459/__cypress/runner/cypress_runner.js:165351:31)\n    at Promise._settlePromise (http://localhost:39459/__cypress/runner/cypress_runner.js:165408:18)\n    at Promise._settlePromise0 (http://localhost:39459/__cypress/runner/cypress_runner.js:165453:10)\n    at Promise._settlePromises (http://localhost:39459/__cypress/runner/cypress_runner.js:165528:18)\n    at Async../node_modules/bluebird/js/release/async.js.Async._drainQueue (http://localhost:39459/__cypress/runner/cypress_runner.js:162140:16)\n    at Async../node_modules/bluebird/js/release/async.js.Async._drainQueues (http://localhost:39459/__cypress/runner/cypress_runner.js:162150:10)\n    at Async.drainQueues (http://localhost:39459/__cypress/runner/cypress_runner.js:162024:14)",
                "diff": null
              },
              "uuid": "9a7e7a73-f555-4242-8afb-807d9eb197a7",
              "parentUUID": "dc403043-ade8-44b8-a4cd-d7ee9e3ab995",
              "isHook": false,
              "skipped": false
            },
            {
              "title": "Verifica se nenhuma outra cor da paleta tem a `classe` `selected`",
              "fullTitle": "6 - Defina a cor preta como cor inicial. Ao carregar a página a cor preta já deve estar selecionada para pintar os pixels Verifica se nenhuma outra cor da paleta tem a `classe` `selected`",
              "timedOut": null,
              "duration": 4538,
              "state": "failed",
              "speed": null,
              "pass": false,
              "fail": true,
              "pending": false,
              "context": null,
              "code": "cy.get('.color:not(:first-child)').each(function (color) {\n  cy.wrap(color).should('not.have.class', 'selected');\n});",
              "err": {
                "message": "CypressError: Timed out retrying: Expected to find element: '.color:not(:first-child)', but never found it.",
                "estack": "CypressError: Timed out retrying: Expected to find element: '.color:not(:first-child)', but never found it.\n    at cypressErr (http://localhost:39459/__cypress/runner/cypress_runner.js:149934:9)\n    at throwErr (http://localhost:39459/__cypress/runner/cypress_runner.js:149867:11)\n    at Object.throwErrByPath (http://localhost:39459/__cypress/runner/cypress_runner.js:149915:3)\n    at retry (http://localhost:39459/__cypress/runner/cypress_runner.js:144197:19)\n    at onFailFn (http://localhost:39459/__cypress/runner/cypress_runner.js:132448:16)\n    at tryCatcher (http://localhost:39459/__cypress/runner/cypress_runner.js:167415:23)\n    at Promise._settlePromiseFromHandler (http://localhost:39459/__cypress/runner/cypress_runner.js:165351:31)\n    at Promise._settlePromise (http://localhost:39459/__cypress/runner/cypress_runner.js:165408:18)\n    at Promise._settlePromise0 (http://localhost:39459/__cypress/runner/cypress_runner.js:165453:10)\n    at Promise._settlePromises (http://localhost:39459/__cypress/runner/cypress_runner.js:165528:18)\n    at Async../node_modules/bluebird/js/release/async.js.Async._drainQueue (http://localhost:39459/__cypress/runner/cypress_runner.js:162140:16)\n    at Async../node_modules/bluebird/js/release/async.js.Async._drainQueues (http://localhost:39459/__cypress/runner/cypress_runner.js:162150:10)\n    at Async.drainQueues (http://localhost:39459/__cypress/runner/cypress_runner.js:162024:14)",
                "diff": null
              },
              "uuid": "06b369fc-d9d5-4449-a063-6efd1fa913be",
              "parentUUID": "dc403043-ade8-44b8-a4cd-d7ee9e3ab995",
              "isHook": false,
              "skipped": false
            }
          ],
          "suites": [],
          "passes": [],
          "failures": [
            "9a7e7a73-f555-4242-8afb-807d9eb197a7",
            "06b369fc-d9d5-4449-a063-6efd1fa913be"
          ],
          "pending": [],
          "skipped": [],
          "duration": 9050,
          "root": false,
          "rootEmpty": false,
          "_timeout": 2000
        },
        {
          "uuid": "14829c3e-960a-494f-8eaf-d553fcac5810",
          "title": "7 - Clicar em uma das cores da paleta, faz com que ela seja selecionada e utilizada para preencher os pixels no quadro.",
          "fullFile": "",
          "file": "",
          "beforeHooks": [],
          "afterHooks": [],
          "tests": [
            {
              "title": "Verifica se somente uma cor da paleta de cores tem a classe `selected` de cada vez",
              "fullTitle": "7 - Clicar em uma das cores da paleta, faz com que ela seja selecionada e utilizada para preencher os pixels no quadro. Verifica se somente uma cor da paleta de cores tem a classe `selected` de cada vez",
              "timedOut": null,
              "duration": 4535,
              "state": "failed",
              "speed": null,
              "pass": false,
              "fail": true,
              "pending": false,
              "context": null,
              "code": "cy.get('.color').each(function (selectedColor, selectedColorIndex) {\n  cy.wrap(selectedColor).click();\n  cy.get('.color').each(function (color, colorIndex) {\n    if (colorIndex === selectedColorIndex) {\n      expect(color).to.have[\"class\"]('selected');\n    } else {\n      expect(color).not.to.have[\"class\"]('selected');\n    }\n  });\n});",
              "err": {
                "message": "CypressError: Timed out retrying: Expected to find element: '.color', but never found it.",
                "estack": "CypressError: Timed out retrying: Expected to find element: '.color', but never found it.\n    at cypressErr (http://localhost:39459/__cypress/runner/cypress_runner.js:149934:9)\n    at throwErr (http://localhost:39459/__cypress/runner/cypress_runner.js:149867:11)\n    at Object.throwErrByPath (http://localhost:39459/__cypress/runner/cypress_runner.js:149915:3)\n    at retry (http://localhost:39459/__cypress/runner/cypress_runner.js:144197:19)\n    at onFailFn (http://localhost:39459/__cypress/runner/cypress_runner.js:132448:16)\n    at tryCatcher (http://localhost:39459/__cypress/runner/cypress_runner.js:167415:23)\n    at Promise._settlePromiseFromHandler (http://localhost:39459/__cypress/runner/cypress_runner.js:165351:31)\n    at Promise._settlePromise (http://localhost:39459/__cypress/runner/cypress_runner.js:165408:18)\n    at Promise._settlePromise0 (http://localhost:39459/__cypress/runner/cypress_runner.js:165453:10)\n    at Promise._settlePromises (http://localhost:39459/__cypress/runner/cypress_runner.js:165528:18)\n    at Async../node_modules/bluebird/js/release/async.js.Async._drainQueue (http://localhost:39459/__cypress/runner/cypress_runner.js:162140:16)\n    at Async../node_modules/bluebird/js/release/async.js.Async._drainQueues (http://localhost:39459/__cypress/runner/cypress_runner.js:162150:10)\n    at Async.drainQueues (http://localhost:39459/__cypress/runner/cypress_runner.js:162024:14)",
                "diff": null
              },
              "uuid": "8086a5fe-8179-4058-89ca-b517473fbf73",
              "parentUUID": "14829c3e-960a-494f-8eaf-d553fcac5810",
              "isHook": false,
              "skipped": false
            },
            {
              "title": "Verifica se os pixels dentro do quadro não têm a classe `selected` quando são clicados",
              "fullTitle": "7 - Clicar em uma das cores da paleta, faz com que ela seja selecionada e utilizada para preencher os pixels no quadro. Verifica se os pixels dentro do quadro não têm a classe `selected` quando são clicados",
              "timedOut": null,
              "duration": 4554,
              "state": "failed",
              "speed": null,
              "pass": false,
              "fail": true,
              "pending": false,
              "context": null,
              "code": "cy.get('.color').each(function (color) {\n  var backgroundColor = color.css('background-color');\n  cy.wrap(color).click();\n  cy.get('.pixel').each(function (pixel) {\n    cy.wrap(pixel).click().should('not.have.class', 'selected');\n  });\n});",
              "err": {
                "message": "CypressError: Timed out retrying: Expected to find element: '.color', but never found it.",
                "estack": "CypressError: Timed out retrying: Expected to find element: '.color', but never found it.\n    at cypressErr (http://localhost:39459/__cypress/runner/cypress_runner.js:149934:9)\n    at throwErr (http://localhost:39459/__cypress/runner/cypress_runner.js:149867:11)\n    at Object.throwErrByPath (http://localhost:39459/__cypress/runner/cypress_runner.js:149915:3)\n    at retry (http://localhost:39459/__cypress/runner/cypress_runner.js:144197:19)\n    at onFailFn (http://localhost:39459/__cypress/runner/cypress_runner.js:132448:16)\n    at tryCatcher (http://localhost:39459/__cypress/runner/cypress_runner.js:167415:23)\n    at Promise._settlePromiseFromHandler (http://localhost:39459/__cypress/runner/cypress_runner.js:165351:31)\n    at Promise._settlePromise (http://localhost:39459/__cypress/runner/cypress_runner.js:165408:18)\n    at Promise._settlePromise0 (http://localhost:39459/__cypress/runner/cypress_runner.js:165453:10)\n    at Promise._settlePromises (http://localhost:39459/__cypress/runner/cypress_runner.js:165528:18)\n    at Async../node_modules/bluebird/js/release/async.js.Async._drainQueue (http://localhost:39459/__cypress/runner/cypress_runner.js:162140:16)\n    at Async../node_modules/bluebird/js/release/async.js.Async._drainQueues (http://localhost:39459/__cypress/runner/cypress_runner.js:162150:10)\n    at Async.drainQueues (http://localhost:39459/__cypress/runner/cypress_runner.js:162024:14)",
                "diff": null
              },
              "uuid": "90474fd0-4209-4baa-a1ef-dc8395ce5e26",
              "parentUUID": "14829c3e-960a-494f-8eaf-d553fcac5810",
              "isHook": false,
              "skipped": false
            }
          ],
          "suites": [],
          "passes": [],
          "failures": [
            "8086a5fe-8179-4058-89ca-b517473fbf73",
            "90474fd0-4209-4baa-a1ef-dc8395ce5e26"
          ],
          "pending": [],
          "skipped": [],
          "duration": 9089,
          "root": false,
          "rootEmpty": false,
          "_timeout": 2000
        },
        {
          "uuid": "c20aa63c-7f75-4b5d-93f7-b8f00ca29126",
          "title": "8 - Clicar em um pixel dentro do quadro após selecionar uma cor na paleta, faz com que o pixel seja preenchido com a cor selecionada.",
          "fullFile": "",
          "file": "",
          "beforeHooks": [],
          "afterHooks": [],
          "tests": [
            {
              "title": "Verifica se ao carregar a página deve ser possível pintar os pixels de preto",
              "fullTitle": "8 - Clicar em um pixel dentro do quadro após selecionar uma cor na paleta, faz com que o pixel seja preenchido com a cor selecionada. Verifica se ao carregar a página deve ser possível pintar os pixels de preto",
              "timedOut": null,
              "duration": 4489,
              "state": "failed",
              "speed": null,
              "pass": false,
              "fail": true,
              "pending": false,
              "context": null,
              "code": "cy.get('.pixel').each(function (pixel) {\n  cy.wrap(pixel).click().should('have.css', 'background-color', BLACK);\n});",
              "err": {
                "message": "CypressError: Timed out retrying: Expected to find element: '.pixel', but never found it.",
                "estack": "CypressError: Timed out retrying: Expected to find element: '.pixel', but never found it.\n    at cypressErr (http://localhost:39459/__cypress/runner/cypress_runner.js:149934:9)\n    at throwErr (http://localhost:39459/__cypress/runner/cypress_runner.js:149867:11)\n    at Object.throwErrByPath (http://localhost:39459/__cypress/runner/cypress_runner.js:149915:3)\n    at retry (http://localhost:39459/__cypress/runner/cypress_runner.js:144197:19)\n    at onFailFn (http://localhost:39459/__cypress/runner/cypress_runner.js:132448:16)\n    at tryCatcher (http://localhost:39459/__cypress/runner/cypress_runner.js:167415:23)\n    at Promise._settlePromiseFromHandler (http://localhost:39459/__cypress/runner/cypress_runner.js:165351:31)\n    at Promise._settlePromise (http://localhost:39459/__cypress/runner/cypress_runner.js:165408:18)\n    at Promise._settlePromise0 (http://localhost:39459/__cypress/runner/cypress_runner.js:165453:10)\n    at Promise._settlePromises (http://localhost:39459/__cypress/runner/cypress_runner.js:165528:18)\n    at Async../node_modules/bluebird/js/release/async.js.Async._drainQueue (http://localhost:39459/__cypress/runner/cypress_runner.js:162140:16)\n    at Async../node_modules/bluebird/js/release/async.js.Async._drainQueues (http://localhost:39459/__cypress/runner/cypress_runner.js:162150:10)\n    at Async.drainQueues (http://localhost:39459/__cypress/runner/cypress_runner.js:162024:14)",
                "diff": null
              },
              "uuid": "3c12b20e-233e-4e00-acbd-a375996be2ec",
              "parentUUID": "c20aa63c-7f75-4b5d-93f7-b8f00ca29126",
              "isHook": false,
              "skipped": false
            },
            {
              "title": "Verifica se após selecionar uma outra cor na paleta, é possível pintar os pixels com essa cor",
              "fullTitle": "8 - Clicar em um pixel dentro do quadro após selecionar uma cor na paleta, faz com que o pixel seja preenchido com a cor selecionada. Verifica se após selecionar uma outra cor na paleta, é possível pintar os pixels com essa cor",
              "timedOut": null,
              "duration": 4524,
              "state": "failed",
              "speed": null,
              "pass": false,
              "fail": true,
              "pending": false,
              "context": null,
              "code": "cy.get('.color').each(function (color) {\n  var backgroundColor = color.css('background-color');\n  cy.wrap(color).click();\n  cy.get('.pixel').each(function (pixel) {\n    cy.wrap(pixel).click().should('have.css', 'background-color', backgroundColor);\n  });\n});",
              "err": {
                "message": "CypressError: Timed out retrying: Expected to find element: '.color', but never found it.",
                "estack": "CypressError: Timed out retrying: Expected to find element: '.color', but never found it.\n    at cypressErr (http://localhost:39459/__cypress/runner/cypress_runner.js:149934:9)\n    at throwErr (http://localhost:39459/__cypress/runner/cypress_runner.js:149867:11)\n    at Object.throwErrByPath (http://localhost:39459/__cypress/runner/cypress_runner.js:149915:3)\n    at retry (http://localhost:39459/__cypress/runner/cypress_runner.js:144197:19)\n    at onFailFn (http://localhost:39459/__cypress/runner/cypress_runner.js:132448:16)\n    at tryCatcher (http://localhost:39459/__cypress/runner/cypress_runner.js:167415:23)\n    at Promise._settlePromiseFromHandler (http://localhost:39459/__cypress/runner/cypress_runner.js:165351:31)\n    at Promise._settlePromise (http://localhost:39459/__cypress/runner/cypress_runner.js:165408:18)\n    at Promise._settlePromise0 (http://localhost:39459/__cypress/runner/cypress_runner.js:165453:10)\n    at Promise._settlePromises (http://localhost:39459/__cypress/runner/cypress_runner.js:165528:18)\n    at Async../node_modules/bluebird/js/release/async.js.Async._drainQueue (http://localhost:39459/__cypress/runner/cypress_runner.js:162140:16)\n    at Async../node_modules/bluebird/js/release/async.js.Async._drainQueues (http://localhost:39459/__cypress/runner/cypress_runner.js:162150:10)\n    at Async.drainQueues (http://localhost:39459/__cypress/runner/cypress_runner.js:162024:14)",
                "diff": null
              },
              "uuid": "a3e4a992-b13c-44ad-9460-96dc69461eb6",
              "parentUUID": "c20aa63c-7f75-4b5d-93f7-b8f00ca29126",
              "isHook": false,
              "skipped": false
            },
            {
              "title": "Verifica se somente o pixel que foi clicado foi preenchido com a cor selecionada, sem influenciar na cor dos demais pixels.",
              "fullTitle": "8 - Clicar em um pixel dentro do quadro após selecionar uma cor na paleta, faz com que o pixel seja preenchido com a cor selecionada. Verifica se somente o pixel que foi clicado foi preenchido com a cor selecionada, sem influenciar na cor dos demais pixels.",
              "timedOut": null,
              "duration": 4534,
              "state": "failed",
              "speed": null,
              "pass": false,
              "fail": true,
              "pending": false,
              "context": null,
              "code": "var colorToPixelIndexMap = {\n  0: 6,\n  1: 8,\n  2: 16,\n  3: 18\n};\ncy.get('.color').each(function (color, index) {\n  cy.wrap(color).click();\n  var backgroundColor = color.css('background-color');\n  var clickedPixelIndex = colorToPixelIndexMap[index];\n  cy.get('.pixel').eq(clickedPixelIndex).click();\n  cy.get('.pixel').eq(clickedPixelIndex - 1).should('not.have.css', 'background-color', backgroundColor);\n  cy.get('.pixel').eq(clickedPixelIndex + 1).should('not.have.css', 'background-color', backgroundColor);\n  cy.get('.pixel').eq(clickedPixelIndex - 5).should('not.have.css', 'background-color', backgroundColor);\n  cy.get('.pixel').eq(clickedPixelIndex + 5).should('not.have.css', 'background-color', backgroundColor);\n  cy.get('.pixel').eq(clickedPixelIndex - 6).should('not.have.css', 'background-color', backgroundColor);\n  cy.get('.pixel').eq(clickedPixelIndex - 4).should('not.have.css', 'background-color', backgroundColor);\n  cy.get('.pixel').eq(clickedPixelIndex + 4).should('not.have.css', 'background-color', backgroundColor);\n  cy.get('.pixel').eq(clickedPixelIndex + 6).should('not.have.css', 'background-color', backgroundColor);\n});",
              "err": {
                "message": "CypressError: Timed out retrying: Expected to find element: '.color', but never found it.",
                "estack": "CypressError: Timed out retrying: Expected to find element: '.color', but never found it.\n    at cypressErr (http://localhost:39459/__cypress/runner/cypress_runner.js:149934:9)\n    at throwErr (http://localhost:39459/__cypress/runner/cypress_runner.js:149867:11)\n    at Object.throwErrByPath (http://localhost:39459/__cypress/runner/cypress_runner.js:149915:3)\n    at retry (http://localhost:39459/__cypress/runner/cypress_runner.js:144197:19)\n    at onFailFn (http://localhost:39459/__cypress/runner/cypress_runner.js:132448:16)\n    at tryCatcher (http://localhost:39459/__cypress/runner/cypress_runner.js:167415:23)\n    at Promise._settlePromiseFromHandler (http://localhost:39459/__cypress/runner/cypress_runner.js:165351:31)\n    at Promise._settlePromise (http://localhost:39459/__cypress/runner/cypress_runner.js:165408:18)\n    at Promise._settlePromise0 (http://localhost:39459/__cypress/runner/cypress_runner.js:165453:10)\n    at Promise._settlePromises (http://localhost:39459/__cypress/runner/cypress_runner.js:165528:18)\n    at Async../node_modules/bluebird/js/release/async.js.Async._drainQueue (http://localhost:39459/__cypress/runner/cypress_runner.js:162140:16)\n    at Async../node_modules/bluebird/js/release/async.js.Async._drainQueues (http://localhost:39459/__cypress/runner/cypress_runner.js:162150:10)\n    at Async.drainQueues (http://localhost:39459/__cypress/runner/cypress_runner.js:162024:14)",
                "diff": null
              },
              "uuid": "03b7cdcd-b68d-4049-b0fb-811729550cca",
              "parentUUID": "c20aa63c-7f75-4b5d-93f7-b8f00ca29126",
              "isHook": false,
              "skipped": false
            }
          ],
          "suites": [],
          "passes": [],
          "failures": [
            "3c12b20e-233e-4e00-acbd-a375996be2ec",
            "a3e4a992-b13c-44ad-9460-96dc69461eb6",
            "03b7cdcd-b68d-4049-b0fb-811729550cca"
          ],
          "pending": [],
          "skipped": [],
          "duration": 13547,
          "root": false,
          "rootEmpty": false,
          "_timeout": 2000
        },
        {
          "uuid": "a6091159-e41a-48c3-a083-a35749e406f1",
          "title": "9 - Crie um botão que, ao ser clicado, limpa o quadro preenchendo a cor de todos seus pixels com branco.",
          "fullFile": "",
          "file": "",
          "beforeHooks": [],
          "afterHooks": [],
          "tests": [
            {
              "title": "Verifica se o botão tem o `id` denominado `clear-board`",
              "fullTitle": "9 - Crie um botão que, ao ser clicado, limpa o quadro preenchendo a cor de todos seus pixels com branco. Verifica se o botão tem o `id` denominado `clear-board`",
              "timedOut": null,
              "duration": 4543,
              "state": "failed",
              "speed": null,
              "pass": false,
              "fail": true,
              "pending": false,
              "context": null,
              "code": "cy.get('#clear-board').should('be.visible');",
              "err": {
                "message": "CypressError: Timed out retrying: Expected to find element: '#clear-board', but never found it.",
                "estack": "CypressError: Timed out retrying: Expected to find element: '#clear-board', but never found it.\n    at cypressErr (http://localhost:39459/__cypress/runner/cypress_runner.js:149934:9)\n    at throwErr (http://localhost:39459/__cypress/runner/cypress_runner.js:149867:11)\n    at Object.throwErrByPath (http://localhost:39459/__cypress/runner/cypress_runner.js:149915:3)\n    at retry (http://localhost:39459/__cypress/runner/cypress_runner.js:144197:19)\n    at onFailFn (http://localhost:39459/__cypress/runner/cypress_runner.js:132448:16)\n    at tryCatcher (http://localhost:39459/__cypress/runner/cypress_runner.js:167415:23)\n    at Promise._settlePromiseFromHandler (http://localhost:39459/__cypress/runner/cypress_runner.js:165351:31)\n    at Promise._settlePromise (http://localhost:39459/__cypress/runner/cypress_runner.js:165408:18)\n    at Promise._settlePromise0 (http://localhost:39459/__cypress/runner/cypress_runner.js:165453:10)\n    at Promise._settlePromises (http://localhost:39459/__cypress/runner/cypress_runner.js:165528:18)\n    at Async../node_modules/bluebird/js/release/async.js.Async._drainQueue (http://localhost:39459/__cypress/runner/cypress_runner.js:162140:16)\n    at Async../node_modules/bluebird/js/release/async.js.Async._drainQueues (http://localhost:39459/__cypress/runner/cypress_runner.js:162150:10)\n    at Async.drainQueues (http://localhost:39459/__cypress/runner/cypress_runner.js:162024:14)",
                "diff": null
              },
              "uuid": "5f1a58d1-ce7d-4147-9534-9d3c7e6315ee",
              "parentUUID": "a6091159-e41a-48c3-a083-a35749e406f1",
              "isHook": false,
              "skipped": false
            },
            {
              "title": "Verifica se o botão está posicionado entre a paleta de cores e o quadro de pixels",
              "fullTitle": "9 - Crie um botão que, ao ser clicado, limpa o quadro preenchendo a cor de todos seus pixels com branco. Verifica se o botão está posicionado entre a paleta de cores e o quadro de pixels",
              "timedOut": null,
              "duration": 4508,
              "state": "failed",
              "speed": null,
              "pass": false,
              "fail": true,
              "pending": false,
              "context": null,
              "code": "cy.get('#color-palette').then(function (palette) {\n  cy.get('#clear-board').should('be.belowOf', palette);\n});\ncy.get('#clear-board').then(function (clearBtn) {\n  cy.get('#pixel-board').should('be.belowOf', clearBtn);\n});",
              "err": {
                "message": "CypressError: Timed out retrying: Expected to find element: '#color-palette', but never found it.",
                "estack": "CypressError: Timed out retrying: Expected to find element: '#color-palette', but never found it.\n    at cypressErr (http://localhost:39459/__cypress/runner/cypress_runner.js:149934:9)\n    at throwErr (http://localhost:39459/__cypress/runner/cypress_runner.js:149867:11)\n    at Object.throwErrByPath (http://localhost:39459/__cypress/runner/cypress_runner.js:149915:3)\n    at retry (http://localhost:39459/__cypress/runner/cypress_runner.js:144197:19)\n    at onFailFn (http://localhost:39459/__cypress/runner/cypress_runner.js:132448:16)\n    at tryCatcher (http://localhost:39459/__cypress/runner/cypress_runner.js:167415:23)\n    at Promise._settlePromiseFromHandler (http://localhost:39459/__cypress/runner/cypress_runner.js:165351:31)\n    at Promise._settlePromise (http://localhost:39459/__cypress/runner/cypress_runner.js:165408:18)\n    at Promise._settlePromise0 (http://localhost:39459/__cypress/runner/cypress_runner.js:165453:10)\n    at Promise._settlePromises (http://localhost:39459/__cypress/runner/cypress_runner.js:165528:18)\n    at Async../node_modules/bluebird/js/release/async.js.Async._drainQueue (http://localhost:39459/__cypress/runner/cypress_runner.js:162140:16)\n    at Async../node_modules/bluebird/js/release/async.js.Async._drainQueues (http://localhost:39459/__cypress/runner/cypress_runner.js:162150:10)\n    at Async.drainQueues (http://localhost:39459/__cypress/runner/cypress_runner.js:162024:14)",
                "diff": null
              },
              "uuid": "673b7811-5139-49b0-a6fc-7f541b3d4704",
              "parentUUID": "a6091159-e41a-48c3-a083-a35749e406f1",
              "isHook": false,
              "skipped": false
            },
            {
              "title": "Verifica se o texto do botão é 'Limpar'",
              "fullTitle": "9 - Crie um botão que, ao ser clicado, limpa o quadro preenchendo a cor de todos seus pixels com branco. Verifica se o texto do botão é 'Limpar'",
              "timedOut": null,
              "duration": 4563,
              "state": "failed",
              "speed": null,
              "pass": false,
              "fail": true,
              "pending": false,
              "context": null,
              "code": "cy.get('#clear-board').should('contain.text', 'Limpar');",
              "err": {
                "message": "CypressError: Timed out retrying: Expected to find element: '#clear-board', but never found it.",
                "estack": "CypressError: Timed out retrying: Expected to find element: '#clear-board', but never found it.\n    at cypressErr (http://localhost:39459/__cypress/runner/cypress_runner.js:149934:9)\n    at throwErr (http://localhost:39459/__cypress/runner/cypress_runner.js:149867:11)\n    at Object.throwErrByPath (http://localhost:39459/__cypress/runner/cypress_runner.js:149915:3)\n    at retry (http://localhost:39459/__cypress/runner/cypress_runner.js:144197:19)\n    at onFailFn (http://localhost:39459/__cypress/runner/cypress_runner.js:132448:16)\n    at tryCatcher (http://localhost:39459/__cypress/runner/cypress_runner.js:167415:23)\n    at Promise._settlePromiseFromHandler (http://localhost:39459/__cypress/runner/cypress_runner.js:165351:31)\n    at Promise._settlePromise (http://localhost:39459/__cypress/runner/cypress_runner.js:165408:18)\n    at Promise._settlePromise0 (http://localhost:39459/__cypress/runner/cypress_runner.js:165453:10)\n    at Promise._settlePromises (http://localhost:39459/__cypress/runner/cypress_runner.js:165528:18)\n    at Async../node_modules/bluebird/js/release/async.js.Async._drainQueue (http://localhost:39459/__cypress/runner/cypress_runner.js:162140:16)\n    at Async../node_modules/bluebird/js/release/async.js.Async._drainQueues (http://localhost:39459/__cypress/runner/cypress_runner.js:162150:10)\n    at Async.drainQueues (http://localhost:39459/__cypress/runner/cypress_runner.js:162024:14)",
                "diff": null
              },
              "uuid": "8f8c4682-64e4-46ec-8029-a82106c61c09",
              "parentUUID": "a6091159-e41a-48c3-a083-a35749e406f1",
              "isHook": false,
              "skipped": false
            },
            {
              "title": "Verifica se ao clicar no botão, o quadro de pixels é totalmente preenchido de branco",
              "fullTitle": "9 - Crie um botão que, ao ser clicado, limpa o quadro preenchendo a cor de todos seus pixels com branco. Verifica se ao clicar no botão, o quadro de pixels é totalmente preenchido de branco",
              "timedOut": null,
              "duration": 4554,
              "state": "failed",
              "speed": null,
              "pass": false,
              "fail": true,
              "pending": false,
              "context": null,
              "code": "cy.get('.color').eq(1).then(function (color) {\n  var backgroundColor = color.css('background-color');\n  cy.wrap(color).click();\n  cy.get('.pixel').each(function (pixel) {\n    cy.wrap(pixel).click().should('have.css', 'background-color', backgroundColor);\n  });\n});\ncy.get('#clear-board').click();\ncy.get('.pixel').each(function (pixel) {\n  cy.wrap(pixel).should('have.css', 'background-color', WHITE);\n});",
              "err": {
                "message": "CypressError: Timed out retrying: Expected to find element: '.color', but never found it.",
                "estack": "CypressError: Timed out retrying: Expected to find element: '.color', but never found it.\n    at cypressErr (http://localhost:39459/__cypress/runner/cypress_runner.js:149934:9)\n    at throwErr (http://localhost:39459/__cypress/runner/cypress_runner.js:149867:11)\n    at Object.throwErrByPath (http://localhost:39459/__cypress/runner/cypress_runner.js:149915:3)\n    at retry (http://localhost:39459/__cypress/runner/cypress_runner.js:144197:19)\n    at onFailFn (http://localhost:39459/__cypress/runner/cypress_runner.js:132448:16)\n    at tryCatcher (http://localhost:39459/__cypress/runner/cypress_runner.js:167415:23)\n    at Promise._settlePromiseFromHandler (http://localhost:39459/__cypress/runner/cypress_runner.js:165351:31)\n    at Promise._settlePromise (http://localhost:39459/__cypress/runner/cypress_runner.js:165408:18)\n    at Promise._settlePromise0 (http://localhost:39459/__cypress/runner/cypress_runner.js:165453:10)\n    at Promise._settlePromises (http://localhost:39459/__cypress/runner/cypress_runner.js:165528:18)\n    at Async../node_modules/bluebird/js/release/async.js.Async._drainQueue (http://localhost:39459/__cypress/runner/cypress_runner.js:162140:16)\n    at Async../node_modules/bluebird/js/release/async.js.Async._drainQueues (http://localhost:39459/__cypress/runner/cypress_runner.js:162150:10)\n    at Async.drainQueues (http://localhost:39459/__cypress/runner/cypress_runner.js:162024:14)",
                "diff": null
              },
              "uuid": "39134154-42ed-4372-9409-dff50304717e",
              "parentUUID": "a6091159-e41a-48c3-a083-a35749e406f1",
              "isHook": false,
              "skipped": false
            }
          ],
          "suites": [],
          "passes": [],
          "failures": [
            "5f1a58d1-ce7d-4147-9534-9d3c7e6315ee",
            "673b7811-5139-49b0-a6fc-7f541b3d4704",
            "8f8c4682-64e4-46ec-8029-a82106c61c09",
            "39134154-42ed-4372-9409-dff50304717e"
          ],
          "pending": [],
          "skipped": [],
          "duration": 18168,
          "root": false,
          "rootEmpty": false,
          "_timeout": 2000
        },
        {
          "uuid": "e776ba08-bdb5-47b7-9fb8-28e7e136142f",
          "title": "10 - Faça o quadro de pixels ter seu tamanho definido pelo usuário.",
          "fullFile": "",
          "file": "",
          "beforeHooks": [],
          "afterHooks": [],
          "tests": [
            {
              "title": "Verifica se existe um input com o id `board-size`",
              "fullTitle": "10 - Faça o quadro de pixels ter seu tamanho definido pelo usuário. Verifica se existe um input com o id `board-size`",
              "timedOut": null,
              "duration": 4791,
              "state": "failed",
              "speed": null,
              "pass": false,
              "fail": true,
              "pending": false,
              "context": null,
              "code": "cy.get('#board-size').should('be.visible');",
              "err": {
                "message": "CypressError: Timed out retrying: Expected to find element: '#board-size', but never found it.",
[...]
                "diff": null
              },
              "uuid": "e1a5557b-70fb-4631-a0ff-c294344c4f90",
              "parentUUID": "e776ba08-bdb5-47b7-9fb8-28e7e136142f",
              "isHook": false,
              "skipped": false
            },
            {
              "title": "Verifica se o novo quadro tem todos os pixels preenchidos com a cor branca",
              "fullTitle": "10 - Faça o quadro de pixels ter seu tamanho definido pelo usuário. Verifica se o novo quadro tem todos os pixels preenchidos com a cor branca",
              "timedOut": null,
              "duration": 4554,
              "state": "failed",
              "speed": null,
              "pass": false,
              "fail": true,
              "pending": false,
              "context": null,
              "code": "cy.get('#board-size').clear().type(6);\ncy.get('#generate-board').click();\ncy.get('.pixel').should('have.length', 36).each(function (pixel) {\n  expect(pixel).to.have.css('background-color', WHITE);\n});",
              "err": {
                "message": "CypressError: Timed out retrying: Expected to find element: '#board-size', but never found it.",
                "estack": "CypressError: Timed out retrying: Expected to find element: '#board-size', but never found it.\n    at cypressErr (http://localhost:39459/__cypress/runner/cypress_runner.js:149934:9)\n    at throwErr (http://localhost:39459/__cypress/runner/cypress_runner.js:149867:11)\n    at Object.throwErrByPath (http://localhost:39459/__cypress/runner/cypress_runner.js:149915:3)\n    at retry (http://localhost:39459/__cypress/runner/cypress_runner.js:144197:19)\n    at onFailFn (http://localhost:39459/__cypress/runner/cypress_runner.js:132448:16)\n    at tryCatcher (http://localhost:39459/__cypress/runner/cypress_runner.js:167415:23)\n    at Promise._settlePromiseFromHandler (http://localhost:39459/__cypress/runner/cypress_runner.js:165351:31)\n    at Promise._settlePromise (http://localhost:39459/__cypress/runner/cypress_runner.js:165408:18)\n    at Promise._settlePromise0 (http://localhost:39459/__cypress/runner/cypress_runner.js:165453:10)\n    at Promise._settlePromises (http://localhost:39459/__cypress/runner/cypress_runner.js:165528:18)\n    at Async../node_modules/bluebird/js/release/async.js.Async._drainQueue (http://localhost:39459/__cypress/runner/cypress_runner.js:162140:16)\n    at Async../node_modules/bluebird/js/release/async.js.Async._drainQueues (http://localhost:39459/__cypress/runner/cypress_runner.js:162150:10)\n    at Async.drainQueues (http://localhost:39459/__cypress/runner/cypress_runner.js:162024:14)",
                "diff": null
              },
              "uuid": "f9abf00e-b4c7-42a1-bb67-4517ff7cb7b7",
              "parentUUID": "e776ba08-bdb5-47b7-9fb8-28e7e136142f",
              "isHook": false,
              "skipped": false
            }
          ],
          "suites": [],
          "passes": [],
          "failures": [
            "51c0782c-3354-487c-b558-868251aecbdc",
            "41347654-d4f3-488b-8ad5-8277c095d23b",
            "cf471cb0-2bdf-4094-b927-57c4f74785ca",
            "8778b711-c816-49ab-94e0-add7d4970e55",
            "ef12d7d1-916d-4394-a9f9-8fe6b9b874b6",
            "fdb13e80-a8e0-4a27-bdcc-a210307a0d6f",
            "6a09bd64-aef3-4c06-ab87-82e765653dde",
            "e1a5557b-70fb-4631-a0ff-c294344c4f90",
            "f9abf00e-b4c7-42a1-bb67-4517ff7cb7b7"
          ],
          "pending": [],
          "skipped": [],
          "duration": 41426,
          "root": false,
          "rootEmpty": false,
          "_timeout": 2000
        },
        {
          "uuid": "0cad5896-c1da-4b74-b2c9-ca272a253b0c",
          "title": "11 - Limite o tamanho mínimo e máximo do board.",
          "fullFile": "",
          "file": "",
          "beforeHooks": [],
          "afterHooks": [],
          "tests": [
            {
              "title": "Verifica se a altura máxima do board é 50",
              "fullTitle": "11 - Limite o tamanho mínimo e máximo do board. Verifica se a altura máxima do board é 50",
              "timedOut": null,
              "duration": 4574,
              "state": "failed",
              "speed": null,
              "pass": false,
              "fail": true,
              "pending": false,
              "context": null,
              "code": "cy.get('#board-size').clear().type(50);\ncy.get('#generate-board').click();\ncy.get('.pixel').should('have.length', 2500);",
              "err": {
                "message": "CypressError: Timed out retrying: Expected to find element: '#board-size', but never found it.",
                "estack": "CypressError: Timed out retrying: Expected to find element: '#board-size', but never found it.\n    at cypressErr (http://localhost:39459/__cypress/runner/cypress_runner.js:149934:9)\n    at throwErr (http://localhost:39459/__cypress/runner/cypress_runner.js:149867:11)\n    at Object.throwErrByPath (http://localhost:39459/__cypress/runner/cypress_runner.js:149915:3)\n    at retry (http://localhost:39459/__cypress/runner/cypress_runner.js:144197:19)\n    at onFailFn (http://localhost:39459/__cypress/runner/cypress_runner.js:132448:16)\n    at tryCatcher (http://localhost:39459/__cypress/runner/cypress_runner.js:167415:23)\n    at Promise._settlePromiseFromHandler (http://localhost:39459/__cypress/runner/cypress_runner.js:165351:31)\n    at Promise._settlePromise (http://localhost:39459/__cypress/runner/cypress_runner.js:165408:18)\n    at Promise._settlePromise0 (http://localhost:39459/__cypress/runner/cypress_runner.js:165453:10)\n    at Promise._settlePromises (http://localhost:39459/__cypress/runner/cypress_runner.js:165528:18)\n    at Async../node_modules/bluebird/js/release/async.js.Async._drainQueue (http://localhost:39459/__cypress/runner/cypress_runner.js:162140:16)\n    at Async../node_modules/bluebird/js/release/async.js.Async._drainQueues (http://localhost:39459/__cypress/runner/cypress_runner.js:162150:10)\n    at Async.drainQueues (http://localhost:39459/__cypress/runner/cypress_runner.js:162024:14)",
                "diff": null
              },
              "uuid": "7dff70fd-b000-4f44-949a-fed31637aa2a",
              "parentUUID": "0cad5896-c1da-4b74-b2c9-ca272a253b0c",
              "isHook": false,
              "skipped": false
            },
            {
              "title": "Verifica se a altura do board é 5 quando um valor menor é colocado no input",
              "fullTitle": "11 - Limite o tamanho mínimo e máximo do board. Verifica se a altura do board é 5 quando um valor menor é colocado no input",
              "timedOut": null,
              "duration": 4552,
              "state": "failed",
              "speed": null,
              "pass": false,
              "fail": true,
              "pending": false,
              "context": null,
              "code": "cy.get('#board-size').clear().type(4);\ncy.get('#generate-board').click();\ncy.get('.pixel').should('have.length', 25);",
              "err": {
                "message": "CypressError: Timed out retrying: Expected to find element: '#board-size', but never found it.",
                "estack": "CypressError: Timed out retrying: Expected to find element: '#board-size', but never found it.\n    at cypressErr (http://localhost:39459/__cypress/runner/cypress_runner.js:149934:9)\n    at throwErr (http://localhost:39459/__cypress/runner/cypress_runner.js:149867:11)\n    at Object.throwErrByPath (http://localhost:39459/__cypress/runner/cypress_runner.js:149915:3)\n    at retry (http://localhost:39459/__cypress/runner/cypress_runner.js:144197:19)\n    at onFailFn (http://localhost:39459/__cypress/runner/cypress_runner.js:132448:16)\n    at tryCatcher (http://localhost:39459/__cypress/runner/cypress_runner.js:167415:23)\n    at Promise._settlePromiseFromHandler (http://localhost:39459/__cypress/runner/cypress_runner.js:165351:31)\n    at Promise._settlePromise (http://localhost:39459/__cypress/runner/cypress_runner.js:165408:18)\n    at Promise._settlePromise0 (http://localhost:39459/__cypress/runner/cypress_runner.js:165453:10)\n    at Promise._settlePromises (http://localhost:39459/__cypress/runner/cypress_runner.js:165528:18)\n    at Async../node_modules/bluebird/js/release/async.js.Async._drainQueue (http://localhost:39459/__cypress/runner/cypress_runner.js:162140:16)\n    at Async../node_modules/bluebird/js/release/async.js.Async._drainQueues (http://localhost:39459/__cypress/runner/cypress_runner.js:162150:10)\n    at Async.drainQueues (http://localhost:39459/__cypress/runner/cypress_runner.js:162024:14)",
                "diff": null
              },
              "uuid": "6e7d0ddb-90e3-4a97-b7bb-754c458284a1",
              "parentUUID": "0cad5896-c1da-4b74-b2c9-ca272a253b0c",
              "isHook": false,
              "skipped": false
            },
            {
              "title": "Verifica se a altura do board é 50 quando um valor maior é colocado no input",
              "fullTitle": "11 - Limite o tamanho mínimo e máximo do board. Verifica se a altura do board é 50 quando um valor maior é colocado no input",
              "timedOut": null,
              "duration": 4582,
              "state": "failed",
              "speed": null,
              "pass": false,
              "fail": true,
              "pending": false,
              "context": null,
              "code": "cy.get('#board-size').clear().type(51);\ncy.get('#generate-board').click();\ncy.get('.pixel').should('have.length', 2500);",
              "err": {
                "message": "CypressError: Timed out retrying: Expected to find element: '#board-size', but never found it.",
                "estack": "CypressError: Timed out retrying: Expected to find element: '#board-size', but never found it.\n    at cypressErr (http://localhost:39459/__cypress/runner/cypress_runner.js:149934:9)\n    at throwErr (http://localhost:39459/__cypress/runner/cypress_runner.js:149867:11)\n    at Object.throwErrByPath (http://localhost:39459/__cypress/runner/cypress_runner.js:149915:3)\n    at retry (http://localhost:39459/__cypress/runner/cypress_runner.js:144197:19)\n    at onFailFn (http://localhost:39459/__cypress/runner/cypress_runner.js:132448:16)\n    at tryCatcher (http://localhost:39459/__cypress/runner/cypress_runner.js:167415:23)\n    at Promise._settlePromiseFromHandler (http://localhost:39459/__cypress/runner/cypress_runner.js:165351:31)\n    at Promise._settlePromise (http://localhost:39459/__cypress/runner/cypress_runner.js:165408:18)\n    at Promise._settlePromise0 (http://localhost:39459/__cypress/runner/cypress_runner.js:165453:10)\n    at Promise._settlePromises (http://localhost:39459/__cypress/runner/cypress_runner.js:165528:18)\n    at Async../node_modules/bluebird/js/release/async.js.Async._drainQueue (http://localhost:39459/__cypress/runner/cypress_runner.js:162140:16)\n    at Async../node_modules/bluebird/js/release/async.js.Async._drainQueues (http://localhost:39459/__cypress/runner/cypress_runner.js:162150:10)\n    at Async.drainQueues (http://localhost:39459/__cypress/runner/cypress_runner.js:162024:14)",
                "diff": null
              },
              "uuid": "f830643b-bf55-4510-8877-8d9cf40f4bcd",
              "parentUUID": "0cad5896-c1da-4b74-b2c9-ca272a253b0c",
              "isHook": false,
              "skipped": false
            }
          ],
          "suites": [],
          "passes": [],
          "failures": [
            "7dff70fd-b000-4f44-949a-fed31637aa2a",
            "6e7d0ddb-90e3-4a97-b7bb-754c458284a1",
            "f830643b-bf55-4510-8877-8d9cf40f4bcd"
          ],
          "pending": [],
          "skipped": [],
          "duration": 13708,
          "root": false,
          "rootEmpty": false,
          "_timeout": 2000
        },
        {
          "uuid": "028d94d6-ecde-4e61-89b1-9e358596c132",
          "title": "12 - Faça com que as cores da paleta sejam geradas aleatoriamente ao carregar a página.",
          "fullFile": "",
          "file": "",
          "beforeHooks": [],
          "afterHooks": [],
          "tests": [
            {
              "title": "Verifica se as cores geradas na paleta são diferentes a cada carregamento da página",
              "fullTitle": "12 - Faça com que as cores da paleta sejam geradas aleatoriamente ao carregar a página. Verifica se as cores geradas na paleta são diferentes a cada carregamento da página",
              "timedOut": null,
              "duration": 4621,
              "state": "failed",
              "speed": null,
              "pass": false,
              "fail": true,
              "pending": false,
              "context": null,
              "code": "cy.get('.color').then(function (colors) {\n  var currentColors;\n  var previousColors;\n  previousColors = Array.from(colors).map(function (color) {\n    return Cypress.$(color).css('background-color');\n  });\n  for (var i = 0; i < 5; i += 1) {\n    cy.reload();\n    cy.get('.color').then(function (colors) {\n      currentColors = Array.from(colors).map(function (color) {\n        return Cypress.$(color).css('background-color');\n      });\n      expect(currentColors).not.to.deep.equal(previousColors);\n      previousColors = currentColors;\n    });\n  }\n});",
              "err": {
                "message": "CypressError: Timed out retrying: Expected to find element: '.color', but never found it.",
                "estack": "CypressError: Timed out retrying: Expected to find element: '.color', but never found it.\n    at cypressErr (http://localhost:39459/__cypress/runner/cypress_runner.js:149934:9)\n    at throwErr (http://localhost:39459/__cypress/runner/cypress_runner.js:149867:11)\n    at Object.throwErrByPath (http://localhost:39459/__cypress/runner/cypress_runner.js:149915:3)\n    at retry (http://localhost:39459/__cypress/runner/cypress_runner.js:144197:19)\n    at onFailFn (http://localhost:39459/__cypress/runner/cypress_runner.js:132448:16)\n    at tryCatcher (http://localhost:39459/__cypress/runner/cypress_runner.js:167415:23)\n    at Promise._settlePromiseFromHandler (http://localhost:39459/__cypress/runner/cypress_runner.js:165351:31)\n    at Promise._settlePromise (http://localhost:39459/__cypress/runner/cypress_runner.js:165408:18)\n    at Promise._settlePromise0 (http://localhost:39459/__cypress/runner/cypress_runner.js:165453:10)\n    at Promise._settlePromises (http://localhost:39459/__cypress/runner/cypress_runner.js:165528:18)\n    at Async../node_modules/bluebird/js/release/async.js.Async._drainQueue (http://localhost:39459/__cypress/runner/cypress_runner.js:162140:16)\n    at Async../node_modules/bluebird/js/release/async.js.Async._drainQueues (http://localhost:39459/__cypress/runner/cypress_runner.js:162150:10)\n    at Async.drainQueues (http://localhost:39459/__cypress/runner/cypress_runner.js:162024:14)",
                "diff": null
              },
              "uuid": "4d69261e-7b2a-487d-8278-a815ea0de727",
              "parentUUID": "028d94d6-ecde-4e61-89b1-9e358596c132",
              "isHook": false,
              "skipped": false
            },
            {
              "title": "Verifica se a cor preta ainda está presente e é a primeira na sua paleta de cores",
              "fullTitle": "12 - Faça com que as cores da paleta sejam geradas aleatoriamente ao carregar a página. Verifica se a cor preta ainda está presente e é a primeira na sua paleta de cores",
              "timedOut": null,
              "duration": 4576,
              "state": "failed",
              "speed": null,
              "pass": false,
              "fail": true,
              "pending": false,
              "context": null,
              "code": "cy.get('.color').then(function (colors) {\n  var currentColors;\n  var previousColors;\n  previousColors = Array.from(colors).map(function (color) {\n    return Cypress.$(color).css('background-color');\n  });\n  expect(previousColors[0]).to.eq(BLACK);\n  for (var i = 0; i < 5; i += 1) {\n    cy.reload();\n    cy.get('.color').then(function (colors) {\n      currentColors = Array.from(colors).map(function (color) {\n        return Cypress.$(color).css('background-color');\n      });\n      expect(currentColors[0]).to.eq(BLACK);\n      expect(currentColors).not.to.deep.equal(previousColors);\n      previousColors = currentColors;\n    });\n  }\n});",
              "err": {
                "message": "CypressError: Timed out retrying: Expected to find element: '.color', but never found it.",
                "estack": "CypressError: Timed out retrying: Expected to find element: '.color', but never found it.\n    at cypressErr (http://localhost:39459/__cypress/runner/cypress_runner.js:149934:9)\n    at throwErr (http://localhost:39459/__cypress/runner/cypress_runner.js:149867:11)\n    at Object.throwErrByPath (http://localhost:39459/__cypress/runner/cypress_runner.js:149915:3)\n    at retry (http://localhost:39459/__cypress/runner/cypress_runner.js:144197:19)\n    at onFailFn (http://localhost:39459/__cypress/runner/cypress_runner.js:132448:16)\n    at tryCatcher (http://localhost:39459/__cypress/runner/cypress_runner.js:167415:23)\n    at Promise._settlePromiseFromHandler (http://localhost:39459/__cypress/runner/cypress_runner.js:165351:31)\n    at Promise._settlePromise (http://localhost:39459/__cypress/runner/cypress_runner.js:165408:18)\n    at Promise._settlePromise0 (http://localhost:39459/__cypress/runner/cypress_runner.js:165453:10)\n    at Promise._settlePromises (http://localhost:39459/__cypress/runner/cypress_runner.js:165528:18)\n    at Async../node_modules/bluebird/js/release/async.js.Async._drainQueue (http://localhost:39459/__cypress/runner/cypress_runner.js:162140:16)\n    at Async../node_modules/bluebird/js/release/async.js.Async._drainQueues (http://localhost:39459/__cypress/runner/cypress_runner.js:162150:10)\n    at Async.drainQueues (http://localhost:39459/__cypress/runner/cypress_runner.js:162024:14)",
                "diff": null
              },
              "uuid": "d3bda519-2302-4fd3-97ce-5eb9ea151e9c",
              "parentUUID": "028d94d6-ecde-4e61-89b1-9e358596c132",
              "isHook": false,
              "skipped": false
            }
          ],
          "suites": [],
          "passes": [],
          "failures": [
            "4d69261e-7b2a-487d-8278-a815ea0de727",
            "d3bda519-2302-4fd3-97ce-5eb9ea151e9c"
          ],
          "pending": [],
          "skipped": [],
          "duration": 9197,
          "root": false,
          "rootEmpty": false,
          "_timeout": 2000
        }
      ],
      "passes": [],
      "failures": [],
      "pending": [],
      "skipped": [],
      "duration": 0,
      "root": true,
      "rootEmpty": true,
      "_timeout": 2000
    }
  ],
  "meta": {
    "mocha": {
      "version": "7.0.1"
    },
    "mochawesome": {
      "options": {
        "quiet": false,
        "reportFilename": "mochawesome",
        "saveHtml": false,
        "saveJson": true,
        "consoleReporter": "spec",
        "useInlineDiffs": false
      },
      "version": "4.1.0"
    },
    "marge": {
      "options": {
        "id": "default",
        "reportDir": "cypress/reports",
        "overwrite": true,
        "html": false,
        "json": true
      },
      "version": "4.1.0"
    }
  }
}