{
  "stats": {
    "suites": 12,
    "tests": 41,
    "passes": 22,
    "pending": 0,
    "failures": 19,
    "start": "2021-08-20T14:57:25.582Z",
    "end": "2021-08-20T14:58:52.677Z",
    "duration": 87095,
    "testsRegistered": 41,
    "passPercent": 53.65853658536586,
    "pendingPercent": 0,
    "other": 0,
    "hasOther": false,
    "skipped": 0,
    "hasSkipped": false
  },
  "results": [
    {
      "uuid": "07c09dfc-71a7-4331-871b-dd56b2294bbf",
      "title": "",
      "fullFile": "cypress/integration/project.spec.js",
      "file": "cypress/integration/project.spec.js",
      "beforeHooks": [],
      "afterHooks": [],
      "tests": [],
      "suites": [
        {
          "uuid": "0110ccef-73da-4171-9c76-35b5ad30fac8",
          "title": "1 - Adicione à página o título \"Paleta de Cores\".",
          "fullFile": "",
          "file": "",
          "beforeHooks": [],
          "afterHooks": [],
          "tests": [
            {
              "title": "Verifica se contém um elemento `h1` com o id `title` com o título correto",
              "fullTitle": "1 - Adicione à página o título \"Paleta de Cores\". Verifica se contém um elemento `h1` com o id `title` com o título correto",
              "timedOut": null,
              "duration": 371,
              "state": "passed",
              "speed": "slow",
              "pass": true,
              "fail": false,
              "pending": false,
              "context": null,
              "code": "cy.get('h1#title').should('contain.text', 'Paleta de Cores');",
              "err": {},
              "uuid": "f8251b54-e616-4d9e-af1f-46978e53a226",
              "parentUUID": "0110ccef-73da-4171-9c76-35b5ad30fac8",
              "isHook": false,
              "skipped": false
            }
          ],
          "suites": [],
          "passes": [
            "f8251b54-e616-4d9e-af1f-46978e53a226"
          ],
          "failures": [],
          "pending": [],
          "skipped": [],
          "duration": 371,
          "root": false,
          "rootEmpty": false,
          "_timeout": 2000
        },
        {
          "uuid": "0d0289ef-9cbf-41e9-895d-359847f184c1",
          "title": "2 - Adicione à página uma paleta de quatro cores distintas.",
          "fullFile": "",
          "file": "",
          "beforeHooks": [],
          "afterHooks": [],
          "tests": [
            {
              "title": "A paleta de cores deve ser um elemento com `id` denominado `color-palette`",
              "fullTitle": "2 - Adicione à página uma paleta de quatro cores distintas. A paleta de cores deve ser um elemento com `id` denominado `color-palette`",
              "timedOut": null,
              "duration": 269,
              "state": "passed",
              "speed": "slow",
              "pass": true,
              "fail": false,
              "pending": false,
              "context": null,
              "code": "cy.get('#color-palette').should('be.visible');",
              "err": {},
              "uuid": "53656450-8141-4b23-8040-d3b1fcd0f088",
              "parentUUID": "0d0289ef-9cbf-41e9-895d-359847f184c1",
              "isHook": false,
              "skipped": false
            },
            {
              "title": "Verifica se cada cor individual da paleta de cores possui a `classe` chamada `color`.",
              "fullTitle": "2 - Adicione à página uma paleta de quatro cores distintas. Verifica se cada cor individual da paleta de cores possui a `classe` chamada `color`.",
              "timedOut": null,
              "duration": 359,
              "state": "passed",
              "speed": "slow",
              "pass": true,
              "fail": false,
              "pending": false,
              "context": null,
              "code": "cy.get('.color').should('have.length', 4).then(function (colors) {\n  for (var i = 0; i < colors.length; i++) {\n    cy.wrap(colors[i]).should('be.visible');\n  }\n});",
              "err": {},
              "uuid": "0857de6f-a08d-43a3-bb9c-7e1c1a002129",
              "parentUUID": "0d0289ef-9cbf-41e9-895d-359847f184c1",
              "isHook": false,
              "skipped": false
            },
            {
              "title": "Verifica se a cor de fundo de cada elemento da paleta é a cor que o elemento representa. **A única cor não permitida na paleta é a cor branca.**",
              "fullTitle": "2 - Adicione à página uma paleta de quatro cores distintas. Verifica se a cor de fundo de cada elemento da paleta é a cor que o elemento representa. **A única cor não permitida na paleta é a cor branca.**",
              "timedOut": null,
              "duration": 323,
              "state": "passed",
              "speed": "slow",
              "pass": true,
              "fail": false,
              "pending": false,
              "context": null,
              "code": "cy.get('.color').each(function (color) {\n  cy.wrap(color).should('have.class', 'color').and('not.have.css', 'background-color', WHITE);\n  cy.wrap(color).should('have.css', 'background-color');\n});",
              "err": {},
              "uuid": "0d6190e9-e91b-41fa-b87e-5898bf53b092",
              "parentUUID": "0d0289ef-9cbf-41e9-895d-359847f184c1",
              "isHook": false,
              "skipped": false
            },
            {
              "title": "Verifica se cada elemento da paleta de cores tem uma borda preta, sólida e com 1 pixel de largura;",
              "fullTitle": "2 - Adicione à página uma paleta de quatro cores distintas. Verifica se cada elemento da paleta de cores tem uma borda preta, sólida e com 1 pixel de largura;",
              "timedOut": null,
              "duration": 218,
              "state": "passed",
              "speed": "slow",
              "pass": true,
              "fail": false,
              "pending": false,
              "context": null,
              "code": "cy.get('.color').each(function (color) {\n  cy.wrap(color).and('have.css', 'border', \"1px solid \".concat(BLACK)).and('have.class', 'color');\n});",
              "err": {},
              "uuid": "4dec882f-a1b9-4f79-8ec3-d4405d695002",
              "parentUUID": "0d0289ef-9cbf-41e9-895d-359847f184c1",
              "isHook": false,
              "skipped": false
            },
            {
              "title": "Verifica se a paleta lista todas as cores disponíveis para utilização, lado a lado.",
              "fullTitle": "2 - Adicione à página uma paleta de quatro cores distintas. Verifica se a paleta lista todas as cores disponíveis para utilização, lado a lado.",
              "timedOut": null,
              "duration": 164,
              "state": "passed",
              "speed": "slow",
              "pass": true,
              "fail": false,
              "pending": false,
              "context": null,
              "code": "cy.get('.color').then(function (colors) {\n  for (var index = 1; index < colors.length; index += 1) {\n    var currentColor = colors[index];\n    var previousColor = colors[index - 1];\n    cy.wrap(currentColor).should('be.onTheRightOf', previousColor).and('be.horizontallyAlignedWith', previousColor);\n  }\n});",
              "err": {},
              "uuid": "060ccd63-36f3-4e09-b86a-162abc285b31",
              "parentUUID": "0d0289ef-9cbf-41e9-895d-359847f184c1",
              "isHook": false,
              "skipped": false
            },
            {
              "title": "Verifica se a paleta de cores está posicionada abaixo do título 'Paleta de Cores'",
              "fullTitle": "2 - Adicione à página uma paleta de quatro cores distintas. Verifica se a paleta de cores está posicionada abaixo do título 'Paleta de Cores'",
              "timedOut": null,
              "duration": 214,
              "state": "passed",
              "speed": "slow",
              "pass": true,
              "fail": false,
              "pending": false,
              "context": null,
              "code": "cy.get('h1#title').then(function (title) {\n  cy.get('#color-palette').should('be.belowOf', title);\n});",
              "err": {},
              "uuid": "775230c7-75c4-415c-b10b-5320dbdff118",
              "parentUUID": "0d0289ef-9cbf-41e9-895d-359847f184c1",
              "isHook": false,
              "skipped": false
            },
            {
              "title": "Verifica se a paleta de cores não contém cores repetidas.",
              "fullTitle": "2 - Adicione à página uma paleta de quatro cores distintas. Verifica se a paleta de cores não contém cores repetidas.",
              "timedOut": null,
              "duration": 134,
              "state": "passed",
              "speed": "slow",
              "pass": true,
              "fail": false,
              "pending": false,
              "context": null,
              "code": "cy.get('.color').then(function (colors) {\n  var allColors = Array.from(colors).map(function (color) {\n    return Cypress.$(color).css('background-color');\n  });\n  cy.log(allColors);\n  var uniqColors = (0, _toConsumableArray2[\"default\"])(new Set(allColors));\n  cy.log(uniqColors);\n  expect(allColors.length).to.eq(uniqColors.length);\n});",
              "err": {},
              "uuid": "fd80cdaa-bebb-4728-8eb7-f66bef00780f",
              "parentUUID": "0d0289ef-9cbf-41e9-895d-359847f184c1",
              "isHook": false,
              "skipped": false
            }
          ],
          "suites": [],
          "passes": [
            "53656450-8141-4b23-8040-d3b1fcd0f088",
            "0857de6f-a08d-43a3-bb9c-7e1c1a002129",
            "0d6190e9-e91b-41fa-b87e-5898bf53b092",
            "4dec882f-a1b9-4f79-8ec3-d4405d695002",
            "060ccd63-36f3-4e09-b86a-162abc285b31",
            "775230c7-75c4-415c-b10b-5320dbdff118",
            "fd80cdaa-bebb-4728-8eb7-f66bef00780f"
          ],
          "failures": [],
          "pending": [],
          "skipped": [],
          "duration": 1681,
          "root": false,
          "rootEmpty": false,
          "_timeout": 2000
        },
        {
          "uuid": "1de486af-f0c2-4a65-9b1d-b69d381966ff",
          "title": "3 - Adicione a cor **preta** como a primeira cor da paleta de cores.",
          "fullFile": "",
          "file": "",
          "beforeHooks": [],
          "afterHooks": [],
          "tests": [
            {
              "title": "Verifica se a primeira cor da paleta é preta",
              "fullTitle": "3 - Adicione a cor **preta** como a primeira cor da paleta de cores. Verifica se a primeira cor da paleta é preta",
              "timedOut": null,
              "duration": 199,
              "state": "passed",
              "speed": "slow",
              "pass": true,
              "fail": false,
              "pending": false,
              "context": null,
              "code": "cy.get('.color').first().should('have.css', 'background-color', BLACK);",
              "err": {},
              "uuid": "6276370b-a4f0-40e8-847f-13522d2d0bfb",
              "parentUUID": "1de486af-f0c2-4a65-9b1d-b69d381966ff",
              "isHook": false,
              "skipped": false
            },
            {
              "title": "Verifica se as demais cores podem ser escolhidas livremente.",
              "fullTitle": "3 - Adicione a cor **preta** como a primeira cor da paleta de cores. Verifica se as demais cores podem ser escolhidas livremente.",
              "timedOut": null,
              "duration": 285,
              "state": "passed",
              "speed": "slow",
              "pass": true,
              "fail": false,
              "pending": false,
              "context": null,
              "code": "cy.get('.color').eq(1).should('not.have.css', 'background-color', BLACK);\ncy.get('.color').eq(1).should('not.have.css', 'background-color', WHITE);\ncy.get('.color').eq(1).should('not.have.css', 'background-color', 'rgba(0, 0, 0, 0)');\ncy.get('.color').eq(1).should('have.css', 'background-color');\ncy.get('.color').eq(2).should('not.have.css', 'background-color', BLACK);\ncy.get('.color').eq(2).should('not.have.css', 'background-color', WHITE);\ncy.get('.color').eq(2).should('not.have.css', 'background-color', 'rgba(0, 0, 0, 0)');\ncy.get('.color').eq(2).should('have.css', 'background-color');\ncy.get('.color').eq(3).should('not.have.css', 'background-color', BLACK);\ncy.get('.color').eq(3).should('not.have.css', 'background-color', WHITE);\ncy.get('.color').eq(3).should('not.have.css', 'background-color', 'rgba(0, 0, 0, 0)');\ncy.get('.color').eq(3).should('have.css', 'background-color');",
              "err": {},
              "uuid": "e2d18733-8e83-4e7c-a6cc-9b1253569174",
              "parentUUID": "1de486af-f0c2-4a65-9b1d-b69d381966ff",
              "isHook": false,
              "skipped": false
            }
          ],
          "suites": [],
          "passes": [
            "6276370b-a4f0-40e8-847f-13522d2d0bfb",
            "e2d18733-8e83-4e7c-a6cc-9b1253569174"
          ],
          "failures": [],
          "pending": [],
          "skipped": [],
          "duration": 484,
          "root": false,
          "rootEmpty": false,
          "_timeout": 2000
        },
        {
          "uuid": "331cf8ba-08b8-4f71-aa58-bed94735e9a9",
          "title": "4 - Adicione à página um quadro de pixels, com 25 pixels.",
          "fullFile": "",
          "file": "",
          "beforeHooks": [],
          "afterHooks": [],
          "tests": [
            {
              "title": "Verifica se o quadro de pixels possui o `id` denominado `pixel-board`",
              "fullTitle": "4 - Adicione à página um quadro de pixels, com 25 pixels. Verifica se o quadro de pixels possui o `id` denominado `pixel-board`",
              "timedOut": null,
              "duration": 159,
              "state": "passed",
              "speed": "slow",
              "pass": true,
              "fail": false,
              "pending": false,
              "context": null,
              "code": "cy.get('#pixel-board').should('be.visible');",
              "err": {},
              "uuid": "049f2631-c36d-455d-a776-0aebfd1a612c",
              "parentUUID": "331cf8ba-08b8-4f71-aa58-bed94735e9a9",
              "isHook": false,
              "skipped": false
            },
            {
              "title": "Verifica se cada pixel individual dentro do quadro possui a `classe` denominada `pixel`.",
              "fullTitle": "4 - Adicione à página um quadro de pixels, com 25 pixels. Verifica se cada pixel individual dentro do quadro possui a `classe` denominada `pixel`.",
              "timedOut": null,
              "duration": 232,
              "state": "passed",
              "speed": "slow",
              "pass": true,
              "fail": false,
              "pending": false,
              "context": null,
              "code": "cy.get('.pixel').should('have.length', 25);",
              "err": {},
              "uuid": "7e6ecca0-2109-4d6f-a126-2a1583ee1f6e",
              "parentUUID": "331cf8ba-08b8-4f71-aa58-bed94735e9a9",
              "isHook": false,
              "skipped": false
            },
            {
              "title": "Verifica se a cor inicial dos pixels dentro do quadro, ao abrir a página, é branca.",
              "fullTitle": "4 - Adicione à página um quadro de pixels, com 25 pixels. Verifica se a cor inicial dos pixels dentro do quadro, ao abrir a página, é branca.",
              "timedOut": null,
              "duration": 531,
              "state": "failed",
              "speed": null,
              "pass": false,
              "fail": true,
              "pending": false,
              "context": null,
              "code": "cy.get('.pixel').should('have.length', 25).each(function (pixel) {\n  expect(pixel).to.have.css('background-color', WHITE);\n});",
              "err": {
                "message": "AssertionError: expected '<div.pixel>' to have CSS property 'background-color' with the value 'rgb(255, 255, 255)', but the value was 'rgb(59, 31, 31)'",
                "estack": "AssertionError: expected '<div.pixel>' to have CSS property 'background-color' with the value 'rgb(255, 255, 255)', but the value was 'rgb(59, 31, 31)'\n    at callback (http://localhost:43717/__cypress/runner/cypress_runner.js:136947:20)\n    at getRet (http://localhost:43717/__cypress/runner/cypress_runner.js:136585:16)\n    at tryCatcher (http://localhost:43717/__cypress/runner/cypress_runner.js:167415:23)\n    at Function.Promise.attempt.Promise.try (http://localhost:43717/__cypress/runner/cypress_runner.js:164690:29)\n    at thenFn (http://localhost:43717/__cypress/runner/cypress_runner.js:136599:23)\n    at yieldItem (http://localhost:43717/__cypress/runner/cypress_runner.js:136954:16)\n    at tryCatcher (http://localhost:43717/__cypress/runner/cypress_runner.js:167415:23)\n    at Object.gotValue (http://localhost:43717/__cypress/runner/cypress_runner.js:166557:18)\n    at Object.gotAccum (http://localhost:43717/__cypress/runner/cypress_runner.js:166546:25)\n    at Object.tryCatcher (http://localhost:43717/__cypress/runner/cypress_runner.js:167415:23)\n    at Promise._settlePromiseFromHandler (http://localhost:43717/__cypress/runner/cypress_runner.js:165351:31)\n    at Promise._settlePromise (http://localhost:43717/__cypress/runner/cypress_runner.js:165408:18)\n    at Promise._settlePromiseCtx (http://localhost:43717/__cypress/runner/cypress_runner.js:165445:10)\n    at Async../node_modules/bluebird/js/release/async.js.Async._drainQueue (http://localhost:43717/__cypress/runner/cypress_runner.js:162145:12)\n    at Async../node_modules/bluebird/js/release/async.js.Async._drainQueues (http://localhost:43717/__cypress/runner/cypress_runner.js:162150:10)\n    at Async.drainQueues (http://localhost:43717/__cypress/runner/cypress_runner.js:162024:14)",
                "diff": "- 'rgb(59, 31, 31)'\n+ 'rgb(255, 255, 255)'\n"
              },
              "uuid": "a9c4ea77-9e1f-49f7-9a56-65630fb9454a",
              "parentUUID": "331cf8ba-08b8-4f71-aa58-bed94735e9a9",
              "isHook": false,
              "skipped": false
            },
            {
              "title": "Verifica se o quadro de pixels aparece abaixo da paleta de cores",
              "fullTitle": "4 - Adicione à página um quadro de pixels, com 25 pixels. Verifica se o quadro de pixels aparece abaixo da paleta de cores",
              "timedOut": null,
              "duration": 274,
              "state": "passed",
              "speed": "slow",
              "pass": true,
              "fail": false,
              "pending": false,
              "context": null,
              "code": "cy.get('#color-palette').then(function (palette) {\n  cy.get('#pixel-board').should('be.belowOf', palette);\n});",
              "err": {},
              "uuid": "110b4ce5-29cd-48ec-a8a4-6acb48a8df3e",
              "parentUUID": "331cf8ba-08b8-4f71-aa58-bed94735e9a9",
              "isHook": false,
              "skipped": false
            }
          ],
          "suites": [],
          "passes": [
            "049f2631-c36d-455d-a776-0aebfd1a612c",
            "7e6ecca0-2109-4d6f-a126-2a1583ee1f6e",
            "110b4ce5-29cd-48ec-a8a4-6acb48a8df3e"
          ],
          "failures": [
            "a9c4ea77-9e1f-49f7-9a56-65630fb9454a"
          ],
          "pending": [],
          "skipped": [],
          "duration": 1196,
          "root": false,
          "rootEmpty": false,
          "_timeout": 2000
        },
        {
          "uuid": "45dc3440-6b57-42f7-bc96-3bb9ea942cb0",
          "title": "5 - Faça com que cada elemento do quadro de pixels possua 40 pixels de largura, 40 pixels de altura e seja delimitado por uma borda preta de 1 pixel.",
          "fullFile": "",
          "file": "",
          "beforeHooks": [],
          "afterHooks": [],
          "tests": [
            {
              "title": "Verifica se o quadro de pixels tem altura e comprimento de 5 elementos",
              "fullTitle": "5 - Faça com que cada elemento do quadro de pixels possua 40 pixels de largura, 40 pixels de altura e seja delimitado por uma borda preta de 1 pixel. Verifica se o quadro de pixels tem altura e comprimento de 5 elementos",
              "timedOut": null,
              "duration": 585,
              "state": "failed",
              "speed": null,
              "pass": false,
              "fail": true,
              "pending": false,
              "context": null,
              "code": "cy.get('.pixel').should('have.length', 25).each(function (pixel) {\n  expect(pixel).to.have.css('background-color', WHITE);\n}).and(function (pixels) {\n  var rows = chunk(pixels, 5);\n  rows.forEach(function (row) {\n    for (var index = 1; index < row.length; index += 1) {\n      var current = pixels[index];\n      var previous = pixels[index - 1];\n      cy.wrap(current).should('be.onTheRightOf', previous).and('be.horizontallyAlignedWith', previous);\n    }\n  });\n  for (var index = 1; index < 5; index += 1) {\n    expect(pixels[index * 5]).to.be.belowOf(pixels[(index - 1) * 5]);\n  }\n});",
              "err": {
                "message": "AssertionError: expected '<div.pixel>' to have CSS property 'background-color' with the value 'rgb(255, 255, 255)', but the value was 'rgb(59, 31, 31)'",
                "estack": "AssertionError: expected '<div.pixel>' to have CSS property 'background-color' with the value 'rgb(255, 255, 255)', but the value was 'rgb(59, 31, 31)'\n    at callback (http://localhost:43717/__cypress/runner/cypress_runner.js:136947:20)\n    at getRet (http://localhost:43717/__cypress/runner/cypress_runner.js:136585:16)\n    at tryCatcher (http://localhost:43717/__cypress/runner/cypress_runner.js:167415:23)\n    at Function.Promise.attempt.Promise.try (http://localhost:43717/__cypress/runner/cypress_runner.js:164690:29)\n    at thenFn (http://localhost:43717/__cypress/runner/cypress_runner.js:136599:23)\n    at yieldItem (http://localhost:43717/__cypress/runner/cypress_runner.js:136954:16)\n    at tryCatcher (http://localhost:43717/__cypress/runner/cypress_runner.js:167415:23)\n    at Object.gotValue (http://localhost:43717/__cypress/runner/cypress_runner.js:166557:18)\n    at Object.gotAccum (http://localhost:43717/__cypress/runner/cypress_runner.js:166546:25)\n    at Object.tryCatcher (http://localhost:43717/__cypress/runner/cypress_runner.js:167415:23)\n    at Promise._settlePromiseFromHandler (http://localhost:43717/__cypress/runner/cypress_runner.js:165351:31)\n    at Promise._settlePromise (http://localhost:43717/__cypress/runner/cypress_runner.js:165408:18)\n    at Promise._settlePromiseCtx (http://localhost:43717/__cypress/runner/cypress_runner.js:165445:10)\n    at Async../node_modules/bluebird/js/release/async.js.Async._drainQueue (http://localhost:43717/__cypress/runner/cypress_runner.js:162145:12)\n    at Async../node_modules/bluebird/js/release/async.js.Async._drainQueues (http://localhost:43717/__cypress/runner/cypress_runner.js:162150:10)\n    at Async.drainQueues (http://localhost:43717/__cypress/runner/cypress_runner.js:162024:14)",
                "diff": "- 'rgb(59, 31, 31)'\n+ 'rgb(255, 255, 255)'\n"
              },
              "uuid": "d69fcad4-444b-4932-8050-e8924b5efac1",
              "parentUUID": "45dc3440-6b57-42f7-bc96-3bb9ea942cb0",
              "isHook": false,
              "skipped": false
            },
            {
              "title": "Verifica se 40 pixels é o tamanho total do elemento, incluindo seu conteúdo e excluindo a borda preta, que deve ser criada à parte.",
              "fullTitle": "5 - Faça com que cada elemento do quadro de pixels possua 40 pixels de largura, 40 pixels de altura e seja delimitado por uma borda preta de 1 pixel. Verifica se 40 pixels é o tamanho total do elemento, incluindo seu conteúdo e excluindo a borda preta, que deve ser criada à parte.",
              "timedOut": null,
              "duration": 690,
              "state": "passed",
              "speed": "slow",
              "pass": true,
              "fail": false,
              "pending": false,
              "context": null,
              "code": "cy.get('.pixel').each(function (pixel) {\n  cy.wrap(pixel).should('have.css', 'height', '40px').and('have.css', 'width', '40px').and('have.css', 'border', \"1px solid \".concat(BLACK));\n});",
              "err": {},
              "uuid": "4b8da5c4-4974-44c7-9625-d3e968d7365e",
              "parentUUID": "45dc3440-6b57-42f7-bc96-3bb9ea942cb0",
              "isHook": false,
              "skipped": false
            }
          ],
          "suites": [],
          "passes": [
            "4b8da5c4-4974-44c7-9625-d3e968d7365e"
          ],
          "failures": [
            "d69fcad4-444b-4932-8050-e8924b5efac1"
          ],
          "pending": [],
          "skipped": [],
          "duration": 1275,
          "root": false,
          "rootEmpty": false,
          "_timeout": 2000
        },
        {
          "uuid": "56d3e0bb-a975-477f-9346-ffee5c038dcc",
          "title": "6 - Defina a cor preta como cor inicial. Ao carregar a página a cor preta já deve estar selecionada para pintar os pixels",
          "fullFile": "",
          "file": "",
          "beforeHooks": [],
          "afterHooks": [],
          "tests": [
            {
              "title": "Verifica se o elemento da cor preta possui, inicialmente, a `classe` `selected`",
              "fullTitle": "6 - Defina a cor preta como cor inicial. Ao carregar a página a cor preta já deve estar selecionada para pintar os pixels Verifica se o elemento da cor preta possui, inicialmente, a `classe` `selected`",
              "timedOut": null,
              "duration": 389,
              "state": "passed",
              "speed": "slow",
              "pass": true,
              "fail": false,
              "pending": false,
              "context": null,
              "code": "cy.get('.selected').first().should('have.css', 'background-color', BLACK);",
              "err": {},
              "uuid": "a30046af-e0e2-493a-9ac8-176cbc76fb3a",
              "parentUUID": "56d3e0bb-a975-477f-9346-ffee5c038dcc",
              "isHook": false,
              "skipped": false
            },
            {
              "title": "Verifica se nenhuma outra cor da paleta tem a `classe` `selected`",
              "fullTitle": "6 - Defina a cor preta como cor inicial. Ao carregar a página a cor preta já deve estar selecionada para pintar os pixels Verifica se nenhuma outra cor da paleta tem a `classe` `selected`",
              "timedOut": null,
              "duration": 160,
              "state": "passed",
              "speed": "slow",
              "pass": true,
              "fail": false,
              "pending": false,
              "context": null,
              "code": "cy.get('.color:not(:first-child)').each(function (color) {\n  cy.wrap(color).should('not.have.class', 'selected');\n});",
              "err": {},
              "uuid": "45fd81cf-d7ab-493d-a0b4-38156f0d2f9c",
              "parentUUID": "56d3e0bb-a975-477f-9346-ffee5c038dcc",
              "isHook": false,
              "skipped": false
            }
          ],
          "suites": [],
          "passes": [
            "a30046af-e0e2-493a-9ac8-176cbc76fb3a",
            "45fd81cf-d7ab-493d-a0b4-38156f0d2f9c"
          ],
          "failures": [],
          "pending": [],
          "skipped": [],
          "duration": 549,
          "root": false,
          "rootEmpty": false,
          "_timeout": 2000
        },
        {
          "uuid": "06e6cce3-d723-44e4-8acc-e409873b9dc5",
          "title": "7 - Clicar em uma das cores da paleta, faz com que ela seja selecionada e utilizada para preencher os pixels no quadro.",
          "fullFile": "",
          "file": "",
          "beforeHooks": [],
          "afterHooks": [],
          "tests": [
            {
              "title": "Verifica se somente uma cor da paleta de cores tem a classe `selected` de cada vez",
              "fullTitle": "7 - Clicar em uma das cores da paleta, faz com que ela seja selecionada e utilizada para preencher os pixels no quadro. Verifica se somente uma cor da paleta de cores tem a classe `selected` de cada vez",
              "timedOut": null,
              "duration": 543,
              "state": "passed",
              "speed": "slow",
              "pass": true,
              "fail": false,
              "pending": false,
              "context": null,
              "code": "cy.get('.color').each(function (selectedColor, selectedColorIndex) {\n  cy.wrap(selectedColor).click();\n  cy.get('.color').each(function (color, colorIndex) {\n    if (colorIndex === selectedColorIndex) {\n      expect(color).to.have[\"class\"]('selected');\n    } else {\n      expect(color).not.to.have[\"class\"]('selected');\n    }\n  });\n});",
              "err": {},
              "uuid": "79abd087-0546-4b9f-a557-4b2c60a0713f",
              "parentUUID": "06e6cce3-d723-44e4-8acc-e409873b9dc5",
              "isHook": false,
              "skipped": false
            },
            {
              "title": "Verifica se os pixels dentro do quadro não têm a classe `selected` quando são clicados",
              "fullTitle": "7 - Clicar em uma das cores da paleta, faz com que ela seja selecionada e utilizada para preencher os pixels no quadro. Verifica se os pixels dentro do quadro não têm a classe `selected` quando são clicados",
              "timedOut": null,
              "duration": 8940,
              "state": "passed",
              "speed": "slow",
              "pass": true,
              "fail": false,
              "pending": false,
              "context": null,
              "code": "cy.get('.color').each(function (color) {\n  var backgroundColor = color.css('background-color');\n  cy.wrap(color).click();\n  cy.get('.pixel').each(function (pixel) {\n    cy.wrap(pixel).click().should('not.have.class', 'selected');\n  });\n});",
              "err": {},
              "uuid": "0bbdda25-0e84-4dc9-8e3f-79715554c7f0",
              "parentUUID": "06e6cce3-d723-44e4-8acc-e409873b9dc5",
              "isHook": false,
              "skipped": false
            }
          ],
          "suites": [],
          "passes": [
            "79abd087-0546-4b9f-a557-4b2c60a0713f",
            "0bbdda25-0e84-4dc9-8e3f-79715554c7f0"
          ],
          "failures": [],
          "pending": [],
          "skipped": [],
          "duration": 9483,
          "root": false,
          "rootEmpty": false,
          "_timeout": 2000
        },
        {
          "uuid": "24c64ddd-ccd7-4cc4-926c-5517c4086e15",
          "title": "8 - Clicar em um pixel dentro do quadro após selecionar uma cor na paleta, faz com que o pixel seja preenchido com a cor selecionada.",
          "fullFile": "",
          "file": "",
          "beforeHooks": [],
          "afterHooks": [],
          "tests": [
            {
              "title": "Verifica se ao carregar a página deve ser possível pintar os pixels de preto",
              "fullTitle": "8 - Clicar em um pixel dentro do quadro após selecionar uma cor na paleta, faz com que o pixel seja preenchido com a cor selecionada. Verifica se ao carregar a página deve ser possível pintar os pixels de preto",
              "timedOut": null,
              "duration": 4469,
              "state": "failed",
              "speed": null,
              "pass": false,
              "fail": true,
              "pending": false,
              "context": null,
              "code": "cy.get('.pixel').each(function (pixel) {\n  cy.wrap(pixel).click().should('have.css', 'background-color', BLACK);\n});",
              "err": {
                "message": "CypressError: Timed out retrying: expected '<div.pixel>' to have CSS property 'background-color' with the value 'rgb(0, 0, 0)', but the value was 'rgb(59, 31, 31)'",
                "estack": "CypressError: Timed out retrying: expected '<div.pixel>' to have CSS property 'background-color' with the value 'rgb(0, 0, 0)', but the value was 'rgb(59, 31, 31)'\n    at cypressErr (http://localhost:43717/__cypress/runner/cypress_runner.js:149934:9)\n    at throwErr (http://localhost:43717/__cypress/runner/cypress_runner.js:149867:11)\n    at Object.throwErrByPath (http://localhost:43717/__cypress/runner/cypress_runner.js:149915:3)\n    at retry (http://localhost:43717/__cypress/runner/cypress_runner.js:144197:19)\n    at onFailFn (http://localhost:43717/__cypress/runner/cypress_runner.js:132448:16)\n    at tryCatcher (http://localhost:43717/__cypress/runner/cypress_runner.js:167415:23)\n    at Promise._settlePromiseFromHandler (http://localhost:43717/__cypress/runner/cypress_runner.js:165351:31)\n    at Promise._settlePromise (http://localhost:43717/__cypress/runner/cypress_runner.js:165408:18)\n    at Promise._settlePromise0 (http://localhost:43717/__cypress/runner/cypress_runner.js:165453:10)\n    at Promise._settlePromises (http://localhost:43717/__cypress/runner/cypress_runner.js:165528:18)\n    at Async../node_modules/bluebird/js/release/async.js.Async._drainQueue (http://localhost:43717/__cypress/runner/cypress_runner.js:162140:16)\n    at Async../node_modules/bluebird/js/release/async.js.Async._drainQueues (http://localhost:43717/__cypress/runner/cypress_runner.js:162150:10)\n    at Async.drainQueues (http://localhost:43717/__cypress/runner/cypress_runner.js:162024:14)",
                "diff": null
              },
              "uuid": "cb5a01a9-4ffe-487b-86da-7a81efe07093",
              "parentUUID": "24c64ddd-ccd7-4cc4-926c-5517c4086e15",
              "isHook": false,
              "skipped": false
            },
            {
              "title": "Verifica se após selecionar uma outra cor na paleta, é possível pintar os pixels com essa cor",
              "fullTitle": "8 - Clicar em um pixel dentro do quadro após selecionar uma cor na paleta, faz com que o pixel seja preenchido com a cor selecionada. Verifica se após selecionar uma outra cor na paleta, é possível pintar os pixels com essa cor",
              "timedOut": null,
              "duration": 4560,
              "state": "failed",
              "speed": null,
              "pass": false,
              "fail": true,
              "pending": false,
              "context": null,
              "code": "cy.get('.color').each(function (color) {\n  var backgroundColor = color.css('background-color');\n  cy.wrap(color).click();\n  cy.get('.pixel').each(function (pixel) {\n    cy.wrap(pixel).click().should('have.css', 'background-color', backgroundColor);\n  });\n});",
              "err": {
                "message": "CypressError: Timed out retrying: expected '<div.pixel>' to have CSS property 'background-color' with the value 'rgb(0, 0, 0)', but the value was 'rgb(59, 31, 31)'",
                "estack": "CypressError: Timed out retrying: expected '<div.pixel>' to have CSS property 'background-color' with the value 'rgb(0, 0, 0)', but the value was 'rgb(59, 31, 31)'\n    at cypressErr (http://localhost:43717/__cypress/runner/cypress_runner.js:149934:9)\n    at throwErr (http://localhost:43717/__cypress/runner/cypress_runner.js:149867:11)\n    at Object.throwErrByPath (http://localhost:43717/__cypress/runner/cypress_runner.js:149915:3)\n    at retry (http://localhost:43717/__cypress/runner/cypress_runner.js:144197:19)\n    at onFailFn (http://localhost:43717/__cypress/runner/cypress_runner.js:132448:16)\n    at tryCatcher (http://localhost:43717/__cypress/runner/cypress_runner.js:167415:23)\n    at Promise._settlePromiseFromHandler (http://localhost:43717/__cypress/runner/cypress_runner.js:165351:31)\n    at Promise._settlePromise (http://localhost:43717/__cypress/runner/cypress_runner.js:165408:18)\n    at Promise._settlePromise0 (http://localhost:43717/__cypress/runner/cypress_runner.js:165453:10)\n    at Promise._settlePromises (http://localhost:43717/__cypress/runner/cypress_runner.js:165528:18)\n    at Async../node_modules/bluebird/js/release/async.js.Async._drainQueue (http://localhost:43717/__cypress/runner/cypress_runner.js:162140:16)\n    at Async../node_modules/bluebird/js/release/async.js.Async._drainQueues (http://localhost:43717/__cypress/runner/cypress_runner.js:162150:10)\n    at Async.drainQueues (http://localhost:43717/__cypress/runner/cypress_runner.js:162024:14)",
                "diff": null
              },
              "uuid": "1ab3b831-7570-4dcf-90ce-54b65e9debf8",
              "parentUUID": "24c64ddd-ccd7-4cc4-926c-5517c4086e15",
              "isHook": false,
              "skipped": false
            },
            {
              "title": "Verifica se somente o pixel que foi clicado foi preenchido com a cor selecionada, sem influenciar na cor dos demais pixels.",
              "fullTitle": "8 - Clicar em um pixel dentro do quadro após selecionar uma cor na paleta, faz com que o pixel seja preenchido com a cor selecionada. Verifica se somente o pixel que foi clicado foi preenchido com a cor selecionada, sem influenciar na cor dos demais pixels.",
              "timedOut": null,
              "duration": 1773,
              "state": "passed",
              "speed": "slow",
              "pass": true,
              "fail": false,
              "pending": false,
              "context": null,
              "code": "var colorToPixelIndexMap = {\n  0: 6,\n  1: 8,\n  2: 16,\n  3: 18\n};\ncy.get('.color').each(function (color, index) {\n  cy.wrap(color).click();\n  var backgroundColor = color.css('background-color');\n  var clickedPixelIndex = colorToPixelIndexMap[index];\n  cy.get('.pixel').eq(clickedPixelIndex).click();\n  cy.get('.pixel').eq(clickedPixelIndex - 1).should('not.have.css', 'background-color', backgroundColor);\n  cy.get('.pixel').eq(clickedPixelIndex + 1).should('not.have.css', 'background-color', backgroundColor);\n  cy.get('.pixel').eq(clickedPixelIndex - 5).should('not.have.css', 'background-color', backgroundColor);\n  cy.get('.pixel').eq(clickedPixelIndex + 5).should('not.have.css', 'background-color', backgroundColor);\n  cy.get('.pixel').eq(clickedPixelIndex - 6).should('not.have.css', 'background-color', backgroundColor);\n  cy.get('.pixel').eq(clickedPixelIndex - 4).should('not.have.css', 'background-color', backgroundColor);\n  cy.get('.pixel').eq(clickedPixelIndex + 4).should('not.have.css', 'background-color', backgroundColor);\n  cy.get('.pixel').eq(clickedPixelIndex + 6).should('not.have.css', 'background-color', backgroundColor);\n});",
              "err": {},
              "uuid": "9c856480-a8ee-420a-9eff-6bfcc4cedce1",
              "parentUUID": "24c64ddd-ccd7-4cc4-926c-5517c4086e15",
              "isHook": false,
              "skipped": false
            }
          ],
          "suites": [],
          "passes": [
            "9c856480-a8ee-420a-9eff-6bfcc4cedce1"
          ],
          "failures": [
            "cb5a01a9-4ffe-487b-86da-7a81efe07093",
            "1ab3b831-7570-4dcf-90ce-54b65e9debf8"
          ],
          "pending": [],
          "skipped": [],
          "duration": 10802,
          "root": false,
          "rootEmpty": false,
          "_timeout": 2000
        },
        {
          "uuid": "b39fce24-487e-48b2-92b2-eaaf4a245e54",
          "title": "9 - Crie um botão que, ao ser clicado, limpa o quadro preenchendo a cor de todos seus pixels com branco.",
          "fullFile": "",
          "file": "",
          "beforeHooks": [],
          "afterHooks": [],
          "tests": [
            {
              "title": "Verifica se o botão tem o `id` denominado `clear-board`",
              "fullTitle": "9 - Crie um botão que, ao ser clicado, limpa o quadro preenchendo a cor de todos seus pixels com branco. Verifica se o botão tem o `id` denominado `clear-board`",
              "timedOut": null,
              "duration": 290,
              "state": "passed",
              "speed": "slow",
              "pass": true,
              "fail": false,
              "pending": false,
              "context": null,
              "code": "cy.get('#clear-board').should('be.visible');",
              "err": {},
              "uuid": "9a52f9df-d083-467e-b019-50f195f7d4c3",
              "parentUUID": "b39fce24-487e-48b2-92b2-eaaf4a245e54",
              "isHook": false,
              "skipped": false
            },
            {
              "title": "Verifica se o botão está posicionado entre a paleta de cores e o quadro de pixels",
              "fullTitle": "9 - Crie um botão que, ao ser clicado, limpa o quadro preenchendo a cor de todos seus pixels com branco. Verifica se o botão está posicionado entre a paleta de cores e o quadro de pixels",
              "timedOut": null,
              "duration": 161,
              "state": "passed",
              "speed": "slow",
              "pass": true,
              "fail": false,
              "pending": false,
              "context": null,
              "code": "cy.get('#color-palette').then(function (palette) {\n  cy.get('#clear-board').should('be.belowOf', palette);\n});\ncy.get('#clear-board').then(function (clearBtn) {\n  cy.get('#pixel-board').should('be.belowOf', clearBtn);\n});",
              "err": {},
              "uuid": "87c62fb9-2791-4286-8f8f-8b2851c6ea6b",
              "parentUUID": "b39fce24-487e-48b2-92b2-eaaf4a245e54",
              "isHook": false,
              "skipped": false
            },
            {
              "title": "Verifica se o texto do botão é 'Limpar'",
              "fullTitle": "9 - Crie um botão que, ao ser clicado, limpa o quadro preenchendo a cor de todos seus pixels com branco. Verifica se o texto do botão é 'Limpar'",
              "timedOut": null,
              "duration": 113,
              "state": "passed",
              "speed": "slow",
              "pass": true,
              "fail": false,
              "pending": false,
              "context": null,
              "code": "cy.get('#clear-board').should('contain.text', 'Limpar');",
              "err": {},
              "uuid": "1508b00e-8e90-4611-8700-a4e891a018bc",
              "parentUUID": "b39fce24-487e-48b2-92b2-eaaf4a245e54",
              "isHook": false,
              "skipped": false
            },
            {
              "title": "Verifica se ao clicar no botão, o quadro de pixels é totalmente preenchido de branco",
              "fullTitle": "9 - Crie um botão que, ao ser clicado, limpa o quadro preenchendo a cor de todos seus pixels com branco. Verifica se ao clicar no botão, o quadro de pixels é totalmente preenchido de branco",
              "timedOut": null,
              "duration": 4515,
              "state": "failed",
              "speed": null,
              "pass": false,
              "fail": true,
              "pending": false,
              "context": null,
              "code": "cy.get('.color').eq(1).then(function (color) {\n  var backgroundColor = color.css('background-color');\n  cy.wrap(color).click();\n  cy.get('.pixel').each(function (pixel) {\n    cy.wrap(pixel).click().should('have.css', 'background-color', backgroundColor);\n  });\n});\ncy.get('#clear-board').click();\ncy.get('.pixel').each(function (pixel) {\n  cy.wrap(pixel).should('have.css', 'background-color', WHITE);\n});",
              "err": {
                "message": "CypressError: Timed out retrying: expected '<div.pixel>' to have CSS property 'background-color' with the value 'rgb(0, 0, 255)', but the value was 'rgb(59, 31, 31)'",
                "estack": "CypressError: Timed out retrying: expected '<div.pixel>' to have CSS property 'background-color' with the value 'rgb(0, 0, 255)', but the value was 'rgb(59, 31, 31)'\n    at cypressErr (http://localhost:43717/__cypress/runner/cypress_runner.js:149934:9)\n    at throwErr (http://localhost:43717/__cypress/runner/cypress_runner.js:149867:11)\n    at Object.throwErrByPath (http://localhost:43717/__cypress/runner/cypress_runner.js:149915:3)\n    at retry (http://localhost:43717/__cypress/runner/cypress_runner.js:144197:19)\n    at onFailFn (http://localhost:43717/__cypress/runner/cypress_runner.js:132448:16)\n    at tryCatcher (http://localhost:43717/__cypress/runner/cypress_runner.js:167415:23)\n    at Promise._settlePromiseFromHandler (http://localhost:43717/__cypress/runner/cypress_runner.js:165351:31)\n    at Promise._settlePromise (http://localhost:43717/__cypress/runner/cypress_runner.js:165408:18)\n    at Promise._settlePromise0 (http://localhost:43717/__cypress/runner/cypress_runner.js:165453:10)\n    at Promise._settlePromises (http://localhost:43717/__cypress/runner/cypress_runner.js:165528:18)\n    at Async../node_modules/bluebird/js/release/async.js.Async._drainQueue (http://localhost:43717/__cypress/runner/cypress_runner.js:162140:16)\n    at Async../node_modules/bluebird/js/release/async.js.Async._drainQueues (http://localhost:43717/__cypress/runner/cypress_runner.js:162150:10)\n    at Async.drainQueues (http://localhost:43717/__cypress/runner/cypress_runner.js:162024:14)",
                "diff": null
              },
              "uuid": "525b9181-b540-4166-9d64-b1192ba71e1b",
              "parentUUID": "b39fce24-487e-48b2-92b2-eaaf4a245e54",
              "isHook": false,
              "skipped": false
            }
          ],
          "suites": [],
          "passes": [
            "9a52f9df-d083-467e-b019-50f195f7d4c3",
            "87c62fb9-2791-4286-8f8f-8b2851c6ea6b",
            "1508b00e-8e90-4611-8700-a4e891a018bc"
          ],
          "failures": [
            "525b9181-b540-4166-9d64-b1192ba71e1b"
          ],
          "pending": [],
          "skipped": [],
          "duration": 5079,
          "root": false,
          "rootEmpty": false,
          "_timeout": 2000
        },
        {
          "uuid": "89952e94-9a6a-44fe-b45f-4e0bd7c4c875",
          "title": "10 - Faça o quadro de pixels ter seu tamanho definido pelo usuário.",
          "fullFile": "",
          "file": "",
          "beforeHooks": [],
          "afterHooks": [],
          "tests": [
            {
              "title": "Verifica se existe um input com o id `board-size`",
              "fullTitle": "10 - Faça o quadro de pixels ter seu tamanho definido pelo usuário. Verifica se existe um input com o id `board-size`",
              "timedOut": null,
              "duration": 4465,
              "state": "failed",
              "speed": null,
              "pass": false,
              "fail": true,
              "pending": false,
              "context": null,
              "code": "cy.get('#board-size').should('be.visible');",
              "err": {
                "message": "CypressError: Timed out retrying: Expected to find element: '#board-size', but never found it.",
                "estack": "CypressError: Timed out retrying: Expected to find element: '#board-size', but never found it.\n    at cypressErr (http://localhost:43717/__cypress/runner/cypress_runner.js:149934:9)\n    at throwErr (http://localhost:43717/__cypress/runner/cypress_runner.js:149867:11)\n    at Object.throwErrByPath (http://localhost:43717/__cypress/runner/cypress_runner.js:149915:3)\n    at retry (http://localhost:43717/__cypress/runner/cypress_runner.js:144197:19)\n    at onFailFn (http://localhost:43717/__cypress/runner/cypress_runner.js:132448:16)\n    at tryCatcher (http://localhost:43717/__cypress/runner/cypress_runner.js:167415:23)\n    at Promise._settlePromiseFromHandler (http://localhost:43717/__cypress/runner/cypress_runner.js:165351:31)\n    at Promise._settlePromise (http://localhost:43717/__cypress/runner/cypress_runner.js:165408:18)\n    at Promise._settlePromise0 (http://localhost:43717/__cypress/runner/cypress_runner.js:165453:10)\n    at Promise._settlePromises (http://localhost:43717/__cypress/runner/cypress_runner.js:165528:18)\n    at Async../node_modules/bluebird/js/release/async.js.Async._drainQueue (http://localhost:43717/__cypress/runner/cypress_runner.js:162140:16)\n    at Async../node_modules/bluebird/js/release/async.js.Async._drainQueues (http://localhost:43717/__cypress/runner/cypress_runner.js:162150:10)\n    at Async.drainQueues (http://localhost:43717/__cypress/runner/cypress_runner.js:162024:14)",
                "diff": null
              },
              "uuid": "7b5385fb-b8b5-4122-9bce-74d16d68df0a",
              "parentUUID": "89952e94-9a6a-44fe-b45f-4e0bd7c4c875",
              "isHook": false,
              "skipped": false
            },
            {
              "title": "Verifica se existe um botão com o id `generate-board`",
              "fullTitle": "10 - Faça o quadro de pixels ter seu tamanho definido pelo usuário. Verifica se existe um botão com o id `generate-board`",
              "timedOut": null,
              "duration": 4454,
              "state": "failed",
              "speed": null,
              "pass": false,
              "fail": true,
              "pending": false,
              "context": null,
              "code": "cy.get('#generate-board').should('be.visible');",
              "err": {
                "message": "CypressError: Timed out retrying: Expected to find element: '#generate-board', but never found it.",
                "estack": "CypressError: Timed out retrying: Expected to find element: '#generate-board', but never found it.\n    at cypressErr (http://localhost:43717/__cypress/runner/cypress_runner.js:149934:9)\n    at throwErr (http://localhost:43717/__cypress/runner/cypress_runner.js:149867:11)\n    at Object.throwErrByPath (http://localhost:43717/__cypress/runner/cypress_runner.js:149915:3)\n    at retry (http://localhost:43717/__cypress/runner/cypress_runner.js:144197:19)\n    at onFailFn (http://localhost:43717/__cypress/runner/cypress_runner.js:132448:16)\n    at tryCatcher (http://localhost:43717/__cypress/runner/cypress_runner.js:167415:23)\n    at Promise._settlePromiseFromHandler (http://localhost:43717/__cypress/runner/cypress_runner.js:165351:31)\n    at Promise._settlePromise (http://localhost:43717/__cypress/runner/cypress_runner.js:165408:18)\n    at Promise._settlePromise0 (http://localhost:43717/__cypress/runner/cypress_runner.js:165453:10)\n    at Promise._settlePromises (http://localhost:43717/__cypress/runner/cypress_runner.js:165528:18)\n    at Async../node_modules/bluebird/js/release/async.js.Async._drainQueue (http://localhost:43717/__cypress/runner/cypress_runner.js:162140:16)\n    at Async../node_modules/bluebird/js/release/async.js.Async._drainQueues (http://localhost:43717/__cypress/runner/cypress_runner.js:162150:10)\n    at Async.drainQueues (http://localhost:43717/__cypress/runner/cypress_runner.js:162024:14)",
                "diff": null
              },
              "uuid": "794232b4-8f9a-4042-b182-c4b5d0fcac95",
              "parentUUID": "89952e94-9a6a-44fe-b45f-4e0bd7c4c875",
              "isHook": false,
              "skipped": false
            },
            {
              "title": "Verifica se o input só aceita número maiores que zero. Essa restrição deve ser feita usando os atributos do elemento `input`",
              "fullTitle": "10 - Faça o quadro de pixels ter seu tamanho definido pelo usuário. Verifica se o input só aceita número maiores que zero. Essa restrição deve ser feita usando os atributos do elemento `input`",
              "timedOut": null,
              "duration": 4414,
              "state": "failed",
              "speed": null,
              "pass": false,
              "fail": true,
              "pending": false,
              "context": null,
              "code": "cy.get('#board-size[type=\\'number\\'][min=\\'1\\']');",
              "err": {
                "message": "CypressError: Timed out retrying: Expected to find element: '#board-size[type='number'][min='1']', but never found it.",
                "estack": "CypressError: Timed out retrying: Expected to find element: '#board-size[type='number'][min='1']', but never found it.\n    at cypressErr (http://localhost:43717/__cypress/runner/cypress_runner.js:149934:9)\n    at throwErr (http://localhost:43717/__cypress/runner/cypress_runner.js:149867:11)\n    at Object.throwErrByPath (http://localhost:43717/__cypress/runner/cypress_runner.js:149915:3)\n    at retry (http://localhost:43717/__cypress/runner/cypress_runner.js:144197:19)\n    at onFailFn (http://localhost:43717/__cypress/runner/cypress_runner.js:132448:16)\n    at tryCatcher (http://localhost:43717/__cypress/runner/cypress_runner.js:167415:23)\n    at Promise._settlePromiseFromHandler (http://localhost:43717/__cypress/runner/cypress_runner.js:165351:31)\n    at Promise._settlePromise (http://localhost:43717/__cypress/runner/cypress_runner.js:165408:18)\n    at Promise._settlePromise0 (http://localhost:43717/__cypress/runner/cypress_runner.js:165453:10)\n    at Promise._settlePromises (http://localhost:43717/__cypress/runner/cypress_runner.js:165528:18)\n    at Async../node_modules/bluebird/js/release/async.js.Async._drainQueue (http://localhost:43717/__cypress/runner/cypress_runner.js:162140:16)\n    at Async../node_modules/bluebird/js/release/async.js.Async._drainQueues (http://localhost:43717/__cypress/runner/cypress_runner.js:162150:10)\n    at Async.drainQueues (http://localhost:43717/__cypress/runner/cypress_runner.js:162024:14)",
                "diff": null
              },
              "uuid": "d863d375-04da-4d32-87e5-89e5200462db",
              "parentUUID": "89952e94-9a6a-44fe-b45f-4e0bd7c4c875",
              "isHook": false,
              "skipped": false
            },
            {
              "title": "Verifica se o botão contém o texto 'VQV'",
              "fullTitle": "10 - Faça o quadro de pixels ter seu tamanho definido pelo usuário. Verifica se o botão contém o texto 'VQV'",
              "timedOut": null,
              "duration": 4529,
              "state": "failed",
              "speed": null,
              "pass": false,
              "fail": true,
              "pending": false,
              "context": null,
              "code": "cy.get('#generate-board').contains(/vqv/i);",
              "err": {
                "message": "CypressError: Timed out retrying: Expected to find element: '#generate-board', but never found it.",
                "estack": "CypressError: Timed out retrying: Expected to find element: '#generate-board', but never found it.\n    at cypressErr (http://localhost:43717/__cypress/runner/cypress_runner.js:149934:9)\n    at throwErr (http://localhost:43717/__cypress/runner/cypress_runner.js:149867:11)\n    at Object.throwErrByPath (http://localhost:43717/__cypress/runner/cypress_runner.js:149915:3)\n    at retry (http://localhost:43717/__cypress/runner/cypress_runner.js:144197:19)\n    at onFailFn (http://localhost:43717/__cypress/runner/cypress_runner.js:132448:16)\n    at tryCatcher (http://localhost:43717/__cypress/runner/cypress_runner.js:167415:23)\n    at Promise._settlePromiseFromHandler (http://localhost:43717/__cypress/runner/cypress_runner.js:165351:31)\n    at Promise._settlePromise (http://localhost:43717/__cypress/runner/cypress_runner.js:165408:18)\n    at Promise._settlePromise0 (http://localhost:43717/__cypress/runner/cypress_runner.js:165453:10)\n    at Promise._settlePromises (http://localhost:43717/__cypress/runner/cypress_runner.js:165528:18)\n    at Async../node_modules/bluebird/js/release/async.js.Async._drainQueue (http://localhost:43717/__cypress/runner/cypress_runner.js:162140:16)\n    at Async../node_modules/bluebird/js/release/async.js.Async._drainQueues (http://localhost:43717/__cypress/runner/cypress_runner.js:162150:10)\n    at Async.drainQueues (http://localhost:43717/__cypress/runner/cypress_runner.js:162024:14)",
                "diff": null
              },
              "uuid": "efa294b8-eab2-49fc-996e-1d35435d8c24",
              "parentUUID": "89952e94-9a6a-44fe-b45f-4e0bd7c4c875",
              "isHook": false,
              "skipped": false
            },
            {
              "title": "Verifica se o input está posicionado entre a paleta de cores e o quadro de pixels",
              "fullTitle": "10 - Faça o quadro de pixels ter seu tamanho definido pelo usuário. Verifica se o input está posicionado entre a paleta de cores e o quadro de pixels",
              "timedOut": null,
              "duration": 4444,
              "state": "failed",
              "speed": null,
              "pass": false,
              "fail": true,
              "pending": false,
              "context": null,
              "code": "cy.get('#color-palette').then(function (palette) {\n  cy.get('#board-size').should('be.belowOf', palette);\n});\ncy.get('#board-size').then(function (palette) {\n  cy.get('#pixel-board').should('be.belowOf', palette);\n});",
              "err": {
                "message": "CypressError: Timed out retrying: Expected to find element: '#board-size', but never found it.",
                "estack": "CypressError: Timed out retrying: Expected to find element: '#board-size', but never found it.\n    at cypressErr (http://localhost:43717/__cypress/runner/cypress_runner.js:149934:9)\n    at throwErr (http://localhost:43717/__cypress/runner/cypress_runner.js:149867:11)\n    at Object.throwErrByPath (http://localhost:43717/__cypress/runner/cypress_runner.js:149915:3)\n    at retry (http://localhost:43717/__cypress/runner/cypress_runner.js:144197:19)\n    at onFailFn (http://localhost:43717/__cypress/runner/cypress_runner.js:132448:16)\n    at tryCatcher (http://localhost:43717/__cypress/runner/cypress_runner.js:167415:23)\n    at Promise._settlePromiseFromHandler (http://localhost:43717/__cypress/runner/cypress_runner.js:165351:31)\n    at Promise._settlePromise (http://localhost:43717/__cypress/runner/cypress_runner.js:165408:18)\n    at Promise._settlePromise0 (http://localhost:43717/__cypress/runner/cypress_runner.js:165453:10)\n    at Promise._settlePromises (http://localhost:43717/__cypress/runner/cypress_runner.js:165528:18)\n    at Async../node_modules/bluebird/js/release/async.js.Async._drainQueue (http://localhost:43717/__cypress/runner/cypress_runner.js:162140:16)\n    at Async../node_modules/bluebird/js/release/async.js.Async._drainQueues (http://localhost:43717/__cypress/runner/cypress_runner.js:162150:10)\n    at Async.drainQueues (http://localhost:43717/__cypress/runner/cypress_runner.js:162024:14)",
                "diff": null
              },
              "uuid": "ed76f9eb-e6f0-424c-90e4-bb76f5baa0d9",
              "parentUUID": "89952e94-9a6a-44fe-b45f-4e0bd7c4c875",
              "isHook": false,
              "skipped": false
            },
            {
              "title": "Verifica se o botão está posicionado ao lado do input",
              "fullTitle": "10 - Faça o quadro de pixels ter seu tamanho definido pelo usuário. Verifica se o botão está posicionado ao lado do input",
              "timedOut": null,
              "duration": 4426,
              "state": "failed",
              "speed": null,
              "pass": false,
              "fail": true,
              "pending": false,
              "context": null,
              "code": "cy.get('#board-size').then(function (board) {\n  cy.get('#generate-board').should('be.onTheRightOf', board);\n});",
              "err": {
                "message": "CypressError: Timed out retrying: Expected to find element: '#board-size', but never found it.",
                "estack": "CypressError: Timed out retrying: Expected to find element: '#board-size', but never found it.\n    at cypressErr (http://localhost:43717/__cypress/runner/cypress_runner.js:149934:9)\n    at throwErr (http://localhost:43717/__cypress/runner/cypress_runner.js:149867:11)\n    at Object.throwErrByPath (http://localhost:43717/__cypress/runner/cypress_runner.js:149915:3)\n    at retry (http://localhost:43717/__cypress/runner/cypress_runner.js:144197:19)\n    at onFailFn (http://localhost:43717/__cypress/runner/cypress_runner.js:132448:16)\n    at tryCatcher (http://localhost:43717/__cypress/runner/cypress_runner.js:167415:23)\n    at Promise._settlePromiseFromHandler (http://localhost:43717/__cypress/runner/cypress_runner.js:165351:31)\n    at Promise._settlePromise (http://localhost:43717/__cypress/runner/cypress_runner.js:165408:18)\n    at Promise._settlePromise0 (http://localhost:43717/__cypress/runner/cypress_runner.js:165453:10)\n    at Promise._settlePromises (http://localhost:43717/__cypress/runner/cypress_runner.js:165528:18)\n    at Async../node_modules/bluebird/js/release/async.js.Async._drainQueue (http://localhost:43717/__cypress/runner/cypress_runner.js:162140:16)\n    at Async../node_modules/bluebird/js/release/async.js.Async._drainQueues (http://localhost:43717/__cypress/runner/cypress_runner.js:162150:10)\n    at Async.drainQueues (http://localhost:43717/__cypress/runner/cypress_runner.js:162024:14)",
                "diff": null
              },
              "uuid": "1156cf89-e50b-4123-ae82-16b37af08b74",
              "parentUUID": "89952e94-9a6a-44fe-b45f-4e0bd7c4c875",
              "isHook": false,
              "skipped": false
            },
            {
              "title": "Verifica se nenhum valor for colocado no input ao clicar no botão, um `alert` é exibido com o texto: 'Board inválido!'",
              "fullTitle": "10 - Faça o quadro de pixels ter seu tamanho definido pelo usuário. Verifica se nenhum valor for colocado no input ao clicar no botão, um `alert` é exibido com o texto: 'Board inválido!'",
              "timedOut": null,
              "duration": 4546,
              "state": "failed",
              "speed": null,
              "pass": false,
              "fail": true,
              "pending": false,
              "context": null,
              "code": "var alerted = false;\ncy.on('window:alert', function (msg) {\n  return alerted = msg;\n});\ncy.get('#generate-board').click().then(function () {\n  return expect(alerted).to.match(/Board inválido!/i);\n});",
              "err": {
                "message": "CypressError: Timed out retrying: Expected to find element: '#generate-board', but never found it.",
                "estack": "CypressError: Timed out retrying: Expected to find element: '#generate-board', but never found it.\n    at cypressErr (http://localhost:43717/__cypress/runner/cypress_runner.js:149934:9)\n    at throwErr (http://localhost:43717/__cypress/runner/cypress_runner.js:149867:11)\n    at Object.throwErrByPath (http://localhost:43717/__cypress/runner/cypress_runner.js:149915:3)\n    at retry (http://localhost:43717/__cypress/runner/cypress_runner.js:144197:19)\n    at onFailFn (http://localhost:43717/__cypress/runner/cypress_runner.js:132448:16)\n    at tryCatcher (http://localhost:43717/__cypress/runner/cypress_runner.js:167415:23)\n    at Promise._settlePromiseFromHandler (http://localhost:43717/__cypress/runner/cypress_runner.js:165351:31)\n    at Promise._settlePromise (http://localhost:43717/__cypress/runner/cypress_runner.js:165408:18)\n    at Promise._settlePromise0 (http://localhost:43717/__cypress/runner/cypress_runner.js:165453:10)\n    at Promise._settlePromises (http://localhost:43717/__cypress/runner/cypress_runner.js:165528:18)\n    at Async../node_modules/bluebird/js/release/async.js.Async._drainQueue (http://localhost:43717/__cypress/runner/cypress_runner.js:162140:16)\n    at Async../node_modules/bluebird/js/release/async.js.Async._drainQueues (http://localhost:43717/__cypress/runner/cypress_runner.js:162150:10)\n    at Async.drainQueues (http://localhost:43717/__cypress/runner/cypress_runner.js:162024:14)",
                "diff": null
              },
              "uuid": "8f36cc77-0c45-4bc8-923f-51bdcfbc763e",
              "parentUUID": "89952e94-9a6a-44fe-b45f-4e0bd7c4c875",
              "isHook": false,
              "skipped": false
            },
            {
              "title": "Verifica se ao clicar no botão com um valor preenchido, o tamanho do board muda.",
              "fullTitle": "10 - Faça o quadro de pixels ter seu tamanho definido pelo usuário. Verifica se ao clicar no botão com um valor preenchido, o tamanho do board muda.",
              "timedOut": null,
              "duration": 4415,
              "state": "failed",
              "speed": null,
              "pass": false,
              "fail": true,
              "pending": false,
              "context": null,
              "code": "cy.get('#board-size').clear().type(10);\ncy.get('#generate-board').click();\ncy.get('.pixel').should('have.length', 100);",
              "err": {
                "message": "CypressError: Timed out retrying: Expected to find element: '#board-size', but never found it.",
                "estack": "CypressError: Timed out retrying: Expected to find element: '#board-size', but never found it.\n    at cypressErr (http://localhost:43717/__cypress/runner/cypress_runner.js:149934:9)\n    at throwErr (http://localhost:43717/__cypress/runner/cypress_runner.js:149867:11)\n    at Object.throwErrByPath (http://localhost:43717/__cypress/runner/cypress_runner.js:149915:3)\n    at retry (http://localhost:43717/__cypress/runner/cypress_runner.js:144197:19)\n    at onFailFn (http://localhost:43717/__cypress/runner/cypress_runner.js:132448:16)\n    at tryCatcher (http://localhost:43717/__cypress/runner/cypress_runner.js:167415:23)\n    at Promise._settlePromiseFromHandler (http://localhost:43717/__cypress/runner/cypress_runner.js:165351:31)\n    at Promise._settlePromise (http://localhost:43717/__cypress/runner/cypress_runner.js:165408:18)\n    at Promise._settlePromise0 (http://localhost:43717/__cypress/runner/cypress_runner.js:165453:10)\n    at Promise._settlePromises (http://localhost:43717/__cypress/runner/cypress_runner.js:165528:18)\n    at Async../node_modules/bluebird/js/release/async.js.Async._drainQueue (http://localhost:43717/__cypress/runner/cypress_runner.js:162140:16)\n    at Async../node_modules/bluebird/js/release/async.js.Async._drainQueues (http://localhost:43717/__cypress/runner/cypress_runner.js:162150:10)\n    at Async.drainQueues (http://localhost:43717/__cypress/runner/cypress_runner.js:162024:14)",
                "diff": null
              },
              "uuid": "e2c46edb-e2b6-43f9-a656-87b8a7cfed54",
              "parentUUID": "89952e94-9a6a-44fe-b45f-4e0bd7c4c875",
              "isHook": false,
              "skipped": false
            },
            {
              "title": "Verifica se o novo quadro tem todos os pixels preenchidos com a cor branca",
              "fullTitle": "10 - Faça o quadro de pixels ter seu tamanho definido pelo usuário. Verifica se o novo quadro tem todos os pixels preenchidos com a cor branca",
              "timedOut": null,
              "duration": 4415,
              "state": "failed",
              "speed": null,
              "pass": false,
              "fail": true,
              "pending": false,
              "context": null,
              "code": "cy.get('#board-size').clear().type(6);\ncy.get('#generate-board').click();\ncy.get('.pixel').should('have.length', 36).each(function (pixel) {\n  expect(pixel).to.have.css('background-color', WHITE);\n});",
              "err": {
                "message": "CypressError: Timed out retrying: Expected to find element: '#board-size', but never found it.",
                "estack": "CypressError: Timed out retrying: Expected to find element: '#board-size', but never found it.\n    at cypressErr (http://localhost:43717/__cypress/runner/cypress_runner.js:149934:9)\n    at throwErr (http://localhost:43717/__cypress/runner/cypress_runner.js:149867:11)\n    at Object.throwErrByPath (http://localhost:43717/__cypress/runner/cypress_runner.js:149915:3)\n    at retry (http://localhost:43717/__cypress/runner/cypress_runner.js:144197:19)\n    at onFailFn (http://localhost:43717/__cypress/runner/cypress_runner.js:132448:16)\n    at tryCatcher (http://localhost:43717/__cypress/runner/cypress_runner.js:167415:23)\n    at Promise._settlePromiseFromHandler (http://localhost:43717/__cypress/runner/cypress_runner.js:165351:31)\n    at Promise._settlePromise (http://localhost:43717/__cypress/runner/cypress_runner.js:165408:18)\n    at Promise._settlePromise0 (http://localhost:43717/__cypress/runner/cypress_runner.js:165453:10)\n    at Promise._settlePromises (http://localhost:43717/__cypress/runner/cypress_runner.js:165528:18)\n    at Async../node_modules/bluebird/js/release/async.js.Async._drainQueue (http://localhost:43717/__cypress/runner/cypress_runner.js:162140:16)\n    at Async../node_modules/bluebird/js/release/async.js.Async._drainQueues (http://localhost:43717/__cypress/runner/cypress_runner.js:162150:10)\n    at Async.drainQueues (http://localhost:43717/__cypress/runner/cypress_runner.js:162024:14)",
                "diff": null
              },
              "uuid": "5865990e-4a43-4ba8-a972-b3030a58e32a",
              "parentUUID": "89952e94-9a6a-44fe-b45f-4e0bd7c4c875",
              "isHook": false,
              "skipped": false
            }
          ],
          "suites": [],
          "passes": [],
          "failures": [
            "7b5385fb-b8b5-4122-9bce-74d16d68df0a",
            "794232b4-8f9a-4042-b182-c4b5d0fcac95",
            "d863d375-04da-4d32-87e5-89e5200462db",
            "efa294b8-eab2-49fc-996e-1d35435d8c24",
            "ed76f9eb-e6f0-424c-90e4-bb76f5baa0d9",
            "1156cf89-e50b-4123-ae82-16b37af08b74",
            "8f36cc77-0c45-4bc8-923f-51bdcfbc763e",
            "e2c46edb-e2b6-43f9-a656-87b8a7cfed54",
            "5865990e-4a43-4ba8-a972-b3030a58e32a"
          ],
          "pending": [],
          "skipped": [],
          "duration": 40108,
          "root": false,
          "rootEmpty": false,
          "_timeout": 2000
        },
        {
          "uuid": "55d62a2b-2cd3-4fef-ab99-eda960e3ff9b",
          "title": "11 - Limite o tamanho mínimo e máximo do board.",
          "fullFile": "",
          "file": "",
          "beforeHooks": [],
          "afterHooks": [],
          "tests": [
            {
              "title": "Verifica se a altura máxima do board é 50",
              "fullTitle": "11 - Limite o tamanho mínimo e máximo do board. Verifica se a altura máxima do board é 50",
              "timedOut": null,
              "duration": 4412,
              "state": "failed",
              "speed": null,
              "pass": false,
              "fail": true,
              "pending": false,
              "context": null,
              "code": "cy.get('#board-size').clear().type(50);\ncy.get('#generate-board').click();\ncy.get('.pixel').should('have.length', 2500);",
              "err": {
                "message": "CypressError: Timed out retrying: Expected to find element: '#board-size', but never found it.",
                "estack": "CypressError: Timed out retrying: Expected to find element: '#board-size', but never found it.\n    at cypressErr (http://localhost:43717/__cypress/runner/cypress_runner.js:149934:9)\n    at throwErr (http://localhost:43717/__cypress/runner/cypress_runner.js:149867:11)\n    at Object.throwErrByPath (http://localhost:43717/__cypress/runner/cypress_runner.js:149915:3)\n    at retry (http://localhost:43717/__cypress/runner/cypress_runner.js:144197:19)\n    at onFailFn (http://localhost:43717/__cypress/runner/cypress_runner.js:132448:16)\n    at tryCatcher (http://localhost:43717/__cypress/runner/cypress_runner.js:167415:23)\n    at Promise._settlePromiseFromHandler (http://localhost:43717/__cypress/runner/cypress_runner.js:165351:31)\n    at Promise._settlePromise (http://localhost:43717/__cypress/runner/cypress_runner.js:165408:18)\n    at Promise._settlePromise0 (http://localhost:43717/__cypress/runner/cypress_runner.js:165453:10)\n    at Promise._settlePromises (http://localhost:43717/__cypress/runner/cypress_runner.js:165528:18)\n    at Async../node_modules/bluebird/js/release/async.js.Async._drainQueue (http://localhost:43717/__cypress/runner/cypress_runner.js:162140:16)\n    at Async../node_modules/bluebird/js/release/async.js.Async._drainQueues (http://localhost:43717/__cypress/runner/cypress_runner.js:162150:10)\n    at Async.drainQueues (http://localhost:43717/__cypress/runner/cypress_runner.js:162024:14)",
                "diff": null
              },
              "uuid": "cfe437e4-0e72-4f40-9378-ce63afd2dff9",
              "parentUUID": "55d62a2b-2cd3-4fef-ab99-eda960e3ff9b",
              "isHook": false,
              "skipped": false
            },
            {
              "title": "Verifica se a altura do board é 5 quando um valor menor é colocado no input",
              "fullTitle": "11 - Limite o tamanho mínimo e máximo do board. Verifica se a altura do board é 5 quando um valor menor é colocado no input",
              "timedOut": null,
              "duration": 4468,
              "state": "failed",
              "speed": null,
              "pass": false,
              "fail": true,
              "pending": false,
              "context": null,
              "code": "cy.get('#board-size').clear().type(4);\ncy.get('#generate-board').click();\ncy.get('.pixel').should('have.length', 25);",
              "err": {
                "message": "CypressError: Timed out retrying: Expected to find element: '#board-size', but never found it.",
                "estack": "CypressError: Timed out retrying: Expected to find element: '#board-size', but never found it.\n    at cypressErr (http://localhost:43717/__cypress/runner/cypress_runner.js:149934:9)\n    at throwErr (http://localhost:43717/__cypress/runner/cypress_runner.js:149867:11)\n    at Object.throwErrByPath (http://localhost:43717/__cypress/runner/cypress_runner.js:149915:3)\n    at retry (http://localhost:43717/__cypress/runner/cypress_runner.js:144197:19)\n    at onFailFn (http://localhost:43717/__cypress/runner/cypress_runner.js:132448:16)\n    at tryCatcher (http://localhost:43717/__cypress/runner/cypress_runner.js:167415:23)\n    at Promise._settlePromiseFromHandler (http://localhost:43717/__cypress/runner/cypress_runner.js:165351:31)\n    at Promise._settlePromise (http://localhost:43717/__cypress/runner/cypress_runner.js:165408:18)\n    at Promise._settlePromise0 (http://localhost:43717/__cypress/runner/cypress_runner.js:165453:10)\n    at Promise._settlePromises (http://localhost:43717/__cypress/runner/cypress_runner.js:165528:18)\n    at Async../node_modules/bluebird/js/release/async.js.Async._drainQueue (http://localhost:43717/__cypress/runner/cypress_runner.js:162140:16)\n    at Async../node_modules/bluebird/js/release/async.js.Async._drainQueues (http://localhost:43717/__cypress/runner/cypress_runner.js:162150:10)\n    at Async.drainQueues (http://localhost:43717/__cypress/runner/cypress_runner.js:162024:14)",
                "diff": null
              },
              "uuid": "ea1d5779-8a76-4268-aa14-4073512fa68f",
              "parentUUID": "55d62a2b-2cd3-4fef-ab99-eda960e3ff9b",
              "isHook": false,
              "skipped": false
            },
            {
              "title": "Verifica se a altura do board é 50 quando um valor maior é colocado no input",
              "fullTitle": "11 - Limite o tamanho mínimo e máximo do board. Verifica se a altura do board é 50 quando um valor maior é colocado no input",
              "timedOut": null,
              "duration": 4406,
              "state": "failed",
              "speed": null,
              "pass": false,
              "fail": true,
              "pending": false,
              "context": null,
              "code": "cy.get('#board-size').clear().type(51);\ncy.get('#generate-board').click();\ncy.get('.pixel').should('have.length', 2500);",
              "err": {
                "message": "CypressError: Timed out retrying: Expected to find element: '#board-size', but never found it.",
                "estack": "CypressError: Timed out retrying: Expected to find element: '#board-size', but never found it.\n    at cypressErr (http://localhost:43717/__cypress/runner/cypress_runner.js:149934:9)\n    at throwErr (http://localhost:43717/__cypress/runner/cypress_runner.js:149867:11)\n    at Object.throwErrByPath (http://localhost:43717/__cypress/runner/cypress_runner.js:149915:3)\n    at retry (http://localhost:43717/__cypress/runner/cypress_runner.js:144197:19)\n    at onFailFn (http://localhost:43717/__cypress/runner/cypress_runner.js:132448:16)\n    at tryCatcher (http://localhost:43717/__cypress/runner/cypress_runner.js:167415:23)\n    at Promise._settlePromiseFromHandler (http://localhost:43717/__cypress/runner/cypress_runner.js:165351:31)\n    at Promise._settlePromise (http://localhost:43717/__cypress/runner/cypress_runner.js:165408:18)\n    at Promise._settlePromise0 (http://localhost:43717/__cypress/runner/cypress_runner.js:165453:10)\n    at Promise._settlePromises (http://localhost:43717/__cypress/runner/cypress_runner.js:165528:18)\n    at Async../node_modules/bluebird/js/release/async.js.Async._drainQueue (http://localhost:43717/__cypress/runner/cypress_runner.js:162140:16)\n    at Async../node_modules/bluebird/js/release/async.js.Async._drainQueues (http://localhost:43717/__cypress/runner/cypress_runner.js:162150:10)\n    at Async.drainQueues (http://localhost:43717/__cypress/runner/cypress_runner.js:162024:14)",
                "diff": null
              },
              "uuid": "4ce521df-f356-40d4-a8b1-0702a941a940",
              "parentUUID": "55d62a2b-2cd3-4fef-ab99-eda960e3ff9b",
              "isHook": false,
              "skipped": false
            }
          ],
          "suites": [],
          "passes": [],
          "failures": [
            "cfe437e4-0e72-4f40-9378-ce63afd2dff9",
            "ea1d5779-8a76-4268-aa14-4073512fa68f",
            "4ce521df-f356-40d4-a8b1-0702a941a940"
          ],
          "pending": [],
          "skipped": [],
          "duration": 13286,
          "root": false,
          "rootEmpty": false,
          "_timeout": 2000
        },
        {
          "uuid": "db49b603-99bf-405c-b787-b44dd129c251",
          "title": "12 - Faça com que as cores da paleta sejam geradas aleatoriamente ao carregar a página.",
          "fullFile": "",
          "file": "",
          "beforeHooks": [],
          "afterHooks": [],
          "tests": [
            {
              "title": "Verifica se as cores geradas na paleta são diferentes a cada carregamento da página",
              "fullTitle": "12 - Faça com que as cores da paleta sejam geradas aleatoriamente ao carregar a página. Verifica se as cores geradas na paleta são diferentes a cada carregamento da página",
              "timedOut": null,
              "duration": 640,
              "state": "failed",
              "speed": null,
              "pass": false,
              "fail": true,
              "pending": false,
              "context": null,
              "code": "cy.get('.color').then(function (colors) {\n  var currentColors;\n  var previousColors;\n  previousColors = Array.from(colors).map(function (color) {\n    return Cypress.$(color).css('background-color');\n  });\n  for (var i = 0; i < 5; i += 1) {\n    cy.reload();\n    cy.get('.color').then(function (colors) {\n      currentColors = Array.from(colors).map(function (color) {\n        return Cypress.$(color).css('background-color');\n      });\n      expect(currentColors).not.to.deep.equal(previousColors);\n      previousColors = currentColors;\n    });\n  }\n});",
              "err": {
                "message": "AssertionError: expected [ Array(4) ] to not deeply equal [ Array(4) ]",
                "estack": "AssertionError: expected [ Array(4) ] to not deeply equal [ Array(4) ]\n    at getRet (http://localhost:43717/__cypress/runner/cypress_runner.js:136585:16)\n    at tryCatcher (http://localhost:43717/__cypress/runner/cypress_runner.js:167415:23)\n    at Function.Promise.attempt.Promise.try (http://localhost:43717/__cypress/runner/cypress_runner.js:164690:29)\n    at Context.thenFn (http://localhost:43717/__cypress/runner/cypress_runner.js:136599:23)\n    at Context.then (http://localhost:43717/__cypress/runner/cypress_runner.js:136971:21)\n    at Context.<anonymous> (http://localhost:43717/__cypress/runner/cypress_runner.js:148875:21)\n    at http://localhost:43717/__cypress/runner/cypress_runner.js:148351:33\n    at tryCatcher (http://localhost:43717/__cypress/runner/cypress_runner.js:167415:23)\n    at Promise._settlePromiseFromHandler (http://localhost:43717/__cypress/runner/cypress_runner.js:165351:31)\n    at Promise._settlePromise (http://localhost:43717/__cypress/runner/cypress_runner.js:165408:18)\n    at Promise._settlePromiseCtx (http://localhost:43717/__cypress/runner/cypress_runner.js:165445:10)\n    at Async../node_modules/bluebird/js/release/async.js.Async._drainQueue (http://localhost:43717/__cypress/runner/cypress_runner.js:162145:12)\n    at Async../node_modules/bluebird/js/release/async.js.Async._drainQueues (http://localhost:43717/__cypress/runner/cypress_runner.js:162150:10)\n    at Async.drainQueues (http://localhost:43717/__cypress/runner/cypress_runner.js:162024:14)",
                "diff": ""
              },
              "uuid": "26674ca6-0466-4d62-b7b0-e1b412171dbe",
              "parentUUID": "db49b603-99bf-405c-b787-b44dd129c251",
              "isHook": false,
              "skipped": false
            },
            {
              "title": "Verifica se a cor preta ainda está presente e é a primeira na sua paleta de cores",
              "fullTitle": "12 - Faça com que as cores da paleta sejam geradas aleatoriamente ao carregar a página. Verifica se a cor preta ainda está presente e é a primeira na sua paleta de cores",
              "timedOut": null,
              "duration": 695,
              "state": "failed",
              "speed": null,
              "pass": false,
              "fail": true,
              "pending": false,
              "context": null,
              "code": "cy.get('.color').then(function (colors) {\n  var currentColors;\n  var previousColors;\n  previousColors = Array.from(colors).map(function (color) {\n    return Cypress.$(color).css('background-color');\n  });\n  expect(previousColors[0]).to.eq(BLACK);\n  for (var i = 0; i < 5; i += 1) {\n    cy.reload();\n    cy.get('.color').then(function (colors) {\n      currentColors = Array.from(colors).map(function (color) {\n        return Cypress.$(color).css('background-color');\n      });\n      expect(currentColors[0]).to.eq(BLACK);\n      expect(currentColors).not.to.deep.equal(previousColors);\n      previousColors = currentColors;\n    });\n  }\n});",
              "err": {
                "message": "AssertionError: expected [ Array(4) ] to not deeply equal [ Array(4) ]",
                "estack": "AssertionError: expected [ Array(4) ] to not deeply equal [ Array(4) ]\n    at getRet (http://localhost:43717/__cypress/runner/cypress_runner.js:136585:16)\n    at tryCatcher (http://localhost:43717/__cypress/runner/cypress_runner.js:167415:23)\n    at Function.Promise.attempt.Promise.try (http://localhost:43717/__cypress/runner/cypress_runner.js:164690:29)\n    at Context.thenFn (http://localhost:43717/__cypress/runner/cypress_runner.js:136599:23)\n    at Context.then (http://localhost:43717/__cypress/runner/cypress_runner.js:136971:21)\n    at Context.<anonymous> (http://localhost:43717/__cypress/runner/cypress_runner.js:148875:21)\n    at http://localhost:43717/__cypress/runner/cypress_runner.js:148351:33\n    at tryCatcher (http://localhost:43717/__cypress/runner/cypress_runner.js:167415:23)\n    at Promise._settlePromiseFromHandler (http://localhost:43717/__cypress/runner/cypress_runner.js:165351:31)\n    at Promise._settlePromise (http://localhost:43717/__cypress/runner/cypress_runner.js:165408:18)\n    at Promise._settlePromiseCtx (http://localhost:43717/__cypress/runner/cypress_runner.js:165445:10)\n    at Async../node_modules/bluebird/js/release/async.js.Async._drainQueue (http://localhost:43717/__cypress/runner/cypress_runner.js:162145:12)\n    at Async../node_modules/bluebird/js/release/async.js.Async._drainQueues (http://localhost:43717/__cypress/runner/cypress_runner.js:162150:10)\n    at Async.drainQueues (http://localhost:43717/__cypress/runner/cypress_runner.js:162024:14)",
                "diff": ""
              },
              "uuid": "c2a5a864-433c-4c72-9c94-604024104393",
              "parentUUID": "db49b603-99bf-405c-b787-b44dd129c251",
              "isHook": false,
              "skipped": false
            }
          ],
          "suites": [],
          "passes": [],
          "failures": [
            "26674ca6-0466-4d62-b7b0-e1b412171dbe",
            "c2a5a864-433c-4c72-9c94-604024104393"
          ],
          "pending": [],
          "skipped": [],
          "duration": 1335,
          "root": false,
          "rootEmpty": false,
          "_timeout": 2000
        }
      ],
      "passes": [],
      "failures": [],
      "pending": [],
      "skipped": [],
      "duration": 0,
      "root": true,
      "rootEmpty": true,
      "_timeout": 2000
    }
  ],
  "meta": {
    "mocha": {
      "version": "7.0.1"
    },
    "mochawesome": {
      "options": {
        "quiet": false,
        "reportFilename": "mochawesome",
        "saveHtml": false,
        "saveJson": true,
        "consoleReporter": "spec",
        "useInlineDiffs": false
      },
      "version": "4.1.0"
    },
    "marge": {
      "options": {
        "id": "default",
        "reportDir": "cypress/reports",
        "overwrite": true,
        "html": false,
        "json": true
      },
      "version": "4.1.0"
    }
  }
}