{
  "stats": {
    "suites": 12,
    "tests": 41,
    "passes": 20,
    "pending": 0,
    "failures": 21,
    "start": "2021-08-20T12:51:31.469Z",
    "end": "2021-08-20T12:53:46.672Z",
    "duration": 135203,
    "testsRegistered": 41,
    "passPercent": 48.78048780487805,
    "pendingPercent": 0,
    "other": 0,
    "hasOther": false,
    "skipped": 0,
    "hasSkipped": false
  },
  "results": [
    {
      "uuid": "552b224e-029a-4e9d-8f32-bb356ae110f1",
      "title": "",
      "fullFile": "cypress/integration/project.spec.js",
      "file": "cypress/integration/project.spec.js",
      "beforeHooks": [],
      "afterHooks": [],
      "tests": [],
      "suites": [
        {
          "uuid": "4e2600f0-6abc-45af-88d9-fc27969ab020",
          "title": "1 - Adicione à página o título \"Paleta de Cores\".",
          "fullFile": "",
          "file": "",
          "beforeHooks": [],
          "afterHooks": [],
          "tests": [
            {
              "title": "Verifica se contém um elemento `h1` com o id `title` com o título correto",
              "fullTitle": "1 - Adicione à página o título \"Paleta de Cores\". Verifica se contém um elemento `h1` com o id `title` com o título correto",
              "timedOut": null,
              "duration": 656,
              "state": "passed",
              "speed": "slow",
              "pass": true,
              "fail": false,
              "pending": false,
              "context": null,
              "code": "cy.get('h1#title').should('contain.text', 'Paleta de Cores');",
              "err": {},
              "uuid": "95773e7b-161b-4dc5-8078-6a7121c31e24",
              "parentUUID": "4e2600f0-6abc-45af-88d9-fc27969ab020",
              "isHook": false,
              "skipped": false
            }
          ],
          "suites": [],
          "passes": [
            "95773e7b-161b-4dc5-8078-6a7121c31e24"
          ],
          "failures": [],
          "pending": [],
          "skipped": [],
          "duration": 656,
          "root": false,
          "rootEmpty": false,
          "_timeout": 2000
        },
        {
          "uuid": "d69f0001-1094-4106-b72f-fbd4ff6c0a02",
          "title": "2 - Adicione à página uma paleta de quatro cores distintas.",
          "fullFile": "",
          "file": "",
          "beforeHooks": [],
          "afterHooks": [],
          "tests": [
            {
              "title": "A paleta de cores deve ser um elemento com `id` denominado `color-palette`",
              "fullTitle": "2 - Adicione à página uma paleta de quatro cores distintas. A paleta de cores deve ser um elemento com `id` denominado `color-palette`",
              "timedOut": null,
              "duration": 488,
              "state": "passed",
              "speed": "slow",
              "pass": true,
              "fail": false,
              "pending": false,
              "context": null,
              "code": "cy.get('#color-palette').should('be.visible');",
              "err": {},
              "uuid": "e8725bd4-6fb6-43a7-a2dd-f9b66a1986aa",
              "parentUUID": "d69f0001-1094-4106-b72f-fbd4ff6c0a02",
              "isHook": false,
              "skipped": false
            },
            {
              "title": "Verifica se cada cor individual da paleta de cores possui a `classe` chamada `color`.",
              "fullTitle": "2 - Adicione à página uma paleta de quatro cores distintas. Verifica se cada cor individual da paleta de cores possui a `classe` chamada `color`.",
              "timedOut": null,
              "duration": 515,
              "state": "passed",
              "speed": "slow",
              "pass": true,
              "fail": false,
              "pending": false,
              "context": null,
              "code": "cy.get('.color').should('have.length', 4).then(function (colors) {\n  for (var i = 0; i < colors.length; i++) {\n    cy.wrap(colors[i]).should('be.visible');\n  }\n});",
              "err": {},
              "uuid": "79a99a79-1029-4220-b471-b74d3d92096b",
              "parentUUID": "d69f0001-1094-4106-b72f-fbd4ff6c0a02",
              "isHook": false,
              "skipped": false
            },
            {
              "title": "Verifica se a cor de fundo de cada elemento da paleta é a cor que o elemento representa. **A única cor não permitida na paleta é a cor branca.**",
              "fullTitle": "2 - Adicione à página uma paleta de quatro cores distintas. Verifica se a cor de fundo de cada elemento da paleta é a cor que o elemento representa. **A única cor não permitida na paleta é a cor branca.**",
              "timedOut": null,
              "duration": 424,
              "state": "passed",
              "speed": "slow",
              "pass": true,
              "fail": false,
              "pending": false,
              "context": null,
              "code": "cy.get('.color').each(function (color) {\n  cy.wrap(color).should('have.class', 'color').and('not.have.css', 'background-color', WHITE);\n  cy.wrap(color).should('have.css', 'background-color');\n});",
              "err": {},
              "uuid": "0a42616d-f849-4a01-9229-63bffc664c87",
              "parentUUID": "d69f0001-1094-4106-b72f-fbd4ff6c0a02",
              "isHook": false,
              "skipped": false
            },
            {
              "title": "Verifica se cada elemento da paleta de cores tem uma borda preta, sólida e com 1 pixel de largura;",
              "fullTitle": "2 - Adicione à página uma paleta de quatro cores distintas. Verifica se cada elemento da paleta de cores tem uma borda preta, sólida e com 1 pixel de largura;",
              "timedOut": null,
              "duration": 280,
              "state": "passed",
              "speed": "slow",
              "pass": true,
              "fail": false,
              "pending": false,
              "context": null,
              "code": "cy.get('.color').each(function (color) {\n  cy.wrap(color).and('have.css', 'border', \"1px solid \".concat(BLACK)).and('have.class', 'color');\n});",
              "err": {},
              "uuid": "a7d21d58-fd7e-4e85-a0bc-832872124826",
              "parentUUID": "d69f0001-1094-4106-b72f-fbd4ff6c0a02",
              "isHook": false,
              "skipped": false
            },
            {
              "title": "Verifica se a paleta lista todas as cores disponíveis para utilização, lado a lado.",
              "fullTitle": "2 - Adicione à página uma paleta de quatro cores distintas. Verifica se a paleta lista todas as cores disponíveis para utilização, lado a lado.",
              "timedOut": null,
              "duration": 250,
              "state": "passed",
              "speed": "slow",
              "pass": true,
              "fail": false,
              "pending": false,
              "context": null,
              "code": "cy.get('.color').then(function (colors) {\n  for (var index = 1; index < colors.length; index += 1) {\n    var currentColor = colors[index];\n    var previousColor = colors[index - 1];\n    cy.wrap(currentColor).should('be.onTheRightOf', previousColor).and('be.horizontallyAlignedWith', previousColor);\n  }\n});",
              "err": {},
              "uuid": "4f614a4e-98ac-47c4-a7b0-cf17265bb42a",
              "parentUUID": "d69f0001-1094-4106-b72f-fbd4ff6c0a02",
              "isHook": false,
              "skipped": false
            },
            {
              "title": "Verifica se a paleta de cores está posicionada abaixo do título 'Paleta de Cores'",
              "fullTitle": "2 - Adicione à página uma paleta de quatro cores distintas. Verifica se a paleta de cores está posicionada abaixo do título 'Paleta de Cores'",
              "timedOut": null,
              "duration": 288,
              "state": "passed",
              "speed": "slow",
              "pass": true,
              "fail": false,
              "pending": false,
              "context": null,
              "code": "cy.get('h1#title').then(function (title) {\n  cy.get('#color-palette').should('be.belowOf', title);\n});",
              "err": {},
              "uuid": "bff465c6-d452-45df-a143-20bd537ef840",
              "parentUUID": "d69f0001-1094-4106-b72f-fbd4ff6c0a02",
              "isHook": false,
              "skipped": false
            },
            {
              "title": "Verifica se a paleta de cores não contém cores repetidas.",
              "fullTitle": "2 - Adicione à página uma paleta de quatro cores distintas. Verifica se a paleta de cores não contém cores repetidas.",
              "timedOut": null,
              "duration": 288,
              "state": "passed",
              "speed": "slow",
              "pass": true,
              "fail": false,
              "pending": false,
              "context": null,
              "code": "cy.get('.color').then(function (colors) {\n  var allColors = Array.from(colors).map(function (color) {\n    return Cypress.$(color).css('background-color');\n  });\n  cy.log(allColors);\n  var uniqColors = (0, _toConsumableArray2[\"default\"])(new Set(allColors));\n  cy.log(uniqColors);\n  expect(allColors.length).to.eq(uniqColors.length);\n});",
              "err": {},
              "uuid": "4d6dfaef-018a-4dd8-88cf-23cbec59db1a",
              "parentUUID": "d69f0001-1094-4106-b72f-fbd4ff6c0a02",
              "isHook": false,
              "skipped": false
            }
          ],
          "suites": [],
          "passes": [
            "e8725bd4-6fb6-43a7-a2dd-f9b66a1986aa",
            "79a99a79-1029-4220-b471-b74d3d92096b",
            "0a42616d-f849-4a01-9229-63bffc664c87",
            "a7d21d58-fd7e-4e85-a0bc-832872124826",
            "4f614a4e-98ac-47c4-a7b0-cf17265bb42a",
            "bff465c6-d452-45df-a143-20bd537ef840",
            "4d6dfaef-018a-4dd8-88cf-23cbec59db1a"
          ],
          "failures": [],
          "pending": [],
          "skipped": [],
          "duration": 2533,
          "root": false,
          "rootEmpty": false,
          "_timeout": 2000
        },
        {
          "uuid": "a29010dd-e2b1-4dad-b5a6-8906b4a0bb00",
          "title": "3 - Adicione a cor **preta** como a primeira cor da paleta de cores.",
          "fullFile": "",
          "file": "",
          "beforeHooks": [],
          "afterHooks": [],
          "tests": [
            {
              "title": "Verifica se a primeira cor da paleta é preta",
              "fullTitle": "3 - Adicione a cor **preta** como a primeira cor da paleta de cores. Verifica se a primeira cor da paleta é preta",
              "timedOut": null,
              "duration": 291,
              "state": "passed",
              "speed": "slow",
              "pass": true,
              "fail": false,
              "pending": false,
              "context": null,
              "code": "cy.get('.color').first().should('have.css', 'background-color', BLACK);",
              "err": {},
              "uuid": "97a20ca6-7d6e-448a-b05f-cb61df0cc981",
              "parentUUID": "a29010dd-e2b1-4dad-b5a6-8906b4a0bb00",
              "isHook": false,
              "skipped": false
            },
            {
              "title": "Verifica se as demais cores podem ser escolhidas livremente.",
              "fullTitle": "3 - Adicione a cor **preta** como a primeira cor da paleta de cores. Verifica se as demais cores podem ser escolhidas livremente.",
              "timedOut": null,
              "duration": 449,
              "state": "passed",
              "speed": "slow",
              "pass": true,
              "fail": false,
              "pending": false,
              "context": null,
              "code": "cy.get('.color').eq(1).should('not.have.css', 'background-color', BLACK);\ncy.get('.color').eq(1).should('not.have.css', 'background-color', WHITE);\ncy.get('.color').eq(1).should('not.have.css', 'background-color', 'rgba(0, 0, 0, 0)');\ncy.get('.color').eq(1).should('have.css', 'background-color');\ncy.get('.color').eq(2).should('not.have.css', 'background-color', BLACK);\ncy.get('.color').eq(2).should('not.have.css', 'background-color', WHITE);\ncy.get('.color').eq(2).should('not.have.css', 'background-color', 'rgba(0, 0, 0, 0)');\ncy.get('.color').eq(2).should('have.css', 'background-color');\ncy.get('.color').eq(3).should('not.have.css', 'background-color', BLACK);\ncy.get('.color').eq(3).should('not.have.css', 'background-color', WHITE);\ncy.get('.color').eq(3).should('not.have.css', 'background-color', 'rgba(0, 0, 0, 0)');\ncy.get('.color').eq(3).should('have.css', 'background-color');",
              "err": {},
              "uuid": "ff81c3b9-5e93-4d5b-ba48-7f6061165181",
              "parentUUID": "a29010dd-e2b1-4dad-b5a6-8906b4a0bb00",
              "isHook": false,
              "skipped": false
            }
          ],
          "suites": [],
          "passes": [
            "97a20ca6-7d6e-448a-b05f-cb61df0cc981",
            "ff81c3b9-5e93-4d5b-ba48-7f6061165181"
          ],
          "failures": [],
          "pending": [],
          "skipped": [],
          "duration": 740,
          "root": false,
          "rootEmpty": false,
          "_timeout": 2000
        },
        {
          "uuid": "45201dae-83e0-41ae-9501-b2f712870f72",
          "title": "4 - Adicione à página um quadro de pixels, com 25 pixels.",
          "fullFile": "",
          "file": "",
          "beforeHooks": [],
          "afterHooks": [],
          "tests": [
            {
              "title": "Verifica se o quadro de pixels possui o `id` denominado `pixel-board`",
              "fullTitle": "4 - Adicione à página um quadro de pixels, com 25 pixels. Verifica se o quadro de pixels possui o `id` denominado `pixel-board`",
              "timedOut": null,
              "duration": 271,
              "state": "passed",
              "speed": "slow",
              "pass": true,
              "fail": false,
              "pending": false,
              "context": null,
              "code": "cy.get('#pixel-board').should('be.visible');",
              "err": {},
              "uuid": "ee179a21-cf79-4417-8a90-a23a77e01d79",
              "parentUUID": "45201dae-83e0-41ae-9501-b2f712870f72",
              "isHook": false,
              "skipped": false
            },
            {
              "title": "Verifica se cada pixel individual dentro do quadro possui a `classe` denominada `pixel`.",
              "fullTitle": "4 - Adicione à página um quadro de pixels, com 25 pixels. Verifica se cada pixel individual dentro do quadro possui a `classe` denominada `pixel`.",
              "timedOut": null,
              "duration": 563,
              "state": "passed",
              "speed": "slow",
              "pass": true,
              "fail": false,
              "pending": false,
              "context": null,
              "code": "cy.get('.pixel').should('have.length', 25);",
              "err": {},
              "uuid": "9a78476e-a37e-46c6-84b7-f399b33b7170",
              "parentUUID": "45201dae-83e0-41ae-9501-b2f712870f72",
              "isHook": false,
              "skipped": false
            },
            {
              "title": "Verifica se a cor inicial dos pixels dentro do quadro, ao abrir a página, é branca.",
              "fullTitle": "4 - Adicione à página um quadro de pixels, com 25 pixels. Verifica se a cor inicial dos pixels dentro do quadro, ao abrir a página, é branca.",
              "timedOut": null,
              "duration": 834,
              "state": "passed",
              "speed": "slow",
              "pass": true,
              "fail": false,
              "pending": false,
              "context": null,
              "code": "cy.get('.pixel').should('have.length', 25).each(function (pixel) {\n  expect(pixel).to.have.css('background-color', WHITE);\n});",
              "err": {},
              "uuid": "803bcf43-e7e5-4334-ab15-a2b290fb5b22",
              "parentUUID": "45201dae-83e0-41ae-9501-b2f712870f72",
              "isHook": false,
              "skipped": false
            },
            {
              "title": "Verifica se o quadro de pixels aparece abaixo da paleta de cores",
              "fullTitle": "4 - Adicione à página um quadro de pixels, com 25 pixels. Verifica se o quadro de pixels aparece abaixo da paleta de cores",
              "timedOut": null,
              "duration": 350,
              "state": "passed",
              "speed": "slow",
              "pass": true,
              "fail": false,
              "pending": false,
              "context": null,
              "code": "cy.get('#color-palette').then(function (palette) {\n  cy.get('#pixel-board').should('be.belowOf', palette);\n});",
              "err": {},
              "uuid": "bc3d7a72-3ba8-49b5-bc79-140490cc2a1b",
              "parentUUID": "45201dae-83e0-41ae-9501-b2f712870f72",
              "isHook": false,
              "skipped": false
            }
          ],
          "suites": [],
          "passes": [
            "ee179a21-cf79-4417-8a90-a23a77e01d79",
            "9a78476e-a37e-46c6-84b7-f399b33b7170",
            "803bcf43-e7e5-4334-ab15-a2b290fb5b22",
            "bc3d7a72-3ba8-49b5-bc79-140490cc2a1b"
          ],
          "failures": [],
          "pending": [],
          "skipped": [],
          "duration": 2018,
          "root": false,
          "rootEmpty": false,
          "_timeout": 2000
        },
        {
          "uuid": "001fb9c8-4b98-4233-baac-b2eab3c9566a",
          "title": "5 - Faça com que cada elemento do quadro de pixels possua 40 pixels de largura, 40 pixels de altura e seja delimitado por uma borda preta de 1 pixel.",
          "fullFile": "",
          "file": "",
          "beforeHooks": [],
          "afterHooks": [],
          "tests": [
            {
              "title": "Verifica se o quadro de pixels tem altura e comprimento de 5 elementos",
              "fullTitle": "5 - Faça com que cada elemento do quadro de pixels possua 40 pixels de largura, 40 pixels de altura e seja delimitado por uma borda preta de 1 pixel. Verifica se o quadro de pixels tem altura e comprimento de 5 elementos",
              "timedOut": null,
              "duration": 1070,
              "state": "passed",
              "speed": "slow",
              "pass": true,
              "fail": false,
              "pending": false,
              "context": null,
              "code": "cy.get('.pixel').should('have.length', 25).each(function (pixel) {\n  expect(pixel).to.have.css('background-color', WHITE);\n}).and(function (pixels) {\n  var rows = chunk(pixels, 5);\n  rows.forEach(function (row) {\n    for (var index = 1; index < row.length; index += 1) {\n      var current = pixels[index];\n      var previous = pixels[index - 1];\n      cy.wrap(current).should('be.onTheRightOf', previous).and('be.horizontallyAlignedWith', previous);\n    }\n  });\n  for (var index = 1; index < 5; index += 1) {\n    expect(pixels[index * 5]).to.be.belowOf(pixels[(index - 1) * 5]);\n  }\n});",
              "err": {},
              "uuid": "048e30ff-b6ea-4753-a7fa-5a1f5d4b00d0",
              "parentUUID": "001fb9c8-4b98-4233-baac-b2eab3c9566a",
              "isHook": false,
              "skipped": false
            },
            {
              "title": "Verifica se 40 pixels é o tamanho total do elemento, incluindo seu conteúdo e excluindo a borda preta, que deve ser criada à parte.",
              "fullTitle": "5 - Faça com que cada elemento do quadro de pixels possua 40 pixels de largura, 40 pixels de altura e seja delimitado por uma borda preta de 1 pixel. Verifica se 40 pixels é o tamanho total do elemento, incluindo seu conteúdo e excluindo a borda preta, que deve ser criada à parte.",
              "timedOut": null,
              "duration": 714,
              "state": "passed",
              "speed": "slow",
              "pass": true,
              "fail": false,
              "pending": false,
              "context": null,
              "code": "cy.get('.pixel').each(function (pixel) {\n  cy.wrap(pixel).should('have.css', 'height', '40px').and('have.css', 'width', '40px').and('have.css', 'border', \"1px solid \".concat(BLACK));\n});",
              "err": {},
              "uuid": "a43f09f4-0570-4547-964c-ca9eebf06531",
              "parentUUID": "001fb9c8-4b98-4233-baac-b2eab3c9566a",
              "isHook": false,
              "skipped": false
            }
          ],
          "suites": [],
          "passes": [
            "048e30ff-b6ea-4753-a7fa-5a1f5d4b00d0",
            "a43f09f4-0570-4547-964c-ca9eebf06531"
          ],
          "failures": [],
          "pending": [],
          "skipped": [],
          "duration": 1784,
          "root": false,
          "rootEmpty": false,
          "_timeout": 2000
        },
        {
          "uuid": "01c944a4-5113-4ac4-a7c6-8d52f8e99c6d",
          "title": "6 - Defina a cor preta como cor inicial. Ao carregar a página a cor preta já deve estar selecionada para pintar os pixels",
          "fullFile": "",
          "file": "",
          "beforeHooks": [],
          "afterHooks": [],
          "tests": [
            {
              "title": "Verifica se o elemento da cor preta possui, inicialmente, a `classe` `selected`",
              "fullTitle": "6 - Defina a cor preta como cor inicial. Ao carregar a página a cor preta já deve estar selecionada para pintar os pixels Verifica se o elemento da cor preta possui, inicialmente, a `classe` `selected`",
              "timedOut": null,
              "duration": 4688,
              "state": "failed",
              "speed": null,
              "pass": false,
              "fail": true,
              "pending": false,
              "context": null,
              "code": "cy.get('.selected').first().should('have.css', 'background-color', BLACK);",
              "err": {
                "message": "CypressError: Timed out retrying: Expected to find element: '.selected', but never found it.",
                "estack": "CypressError: Timed out retrying: Expected to find element: '.selected', but never found it.\n    at cypressErr (http://localhost:42229/__cypress/runner/cypress_runner.js:149934:9)\n    at throwErr (http://localhost:42229/__cypress/runner/cypress_runner.js:149867:11)\n    at Object.throwErrByPath (http://localhost:42229/__cypress/runner/cypress_runner.js:149915:3)\n    at retry (http://localhost:42229/__cypress/runner/cypress_runner.js:144197:19)\n    at onFailFn (http://localhost:42229/__cypress/runner/cypress_runner.js:132448:16)\n    at tryCatcher (http://localhost:42229/__cypress/runner/cypress_runner.js:167415:23)\n    at Promise._settlePromiseFromHandler (http://localhost:42229/__cypress/runner/cypress_runner.js:165351:31)\n    at Promise._settlePromise (http://localhost:42229/__cypress/runner/cypress_runner.js:165408:18)\n    at Promise._settlePromise0 (http://localhost:42229/__cypress/runner/cypress_runner.js:165453:10)\n    at Promise._settlePromises (http://localhost:42229/__cypress/runner/cypress_runner.js:165528:18)\n    at Async../node_modules/bluebird/js/release/async.js.Async._drainQueue (http://localhost:42229/__cypress/runner/cypress_runner.js:162140:16)\n    at Async../node_modules/bluebird/js/release/async.js.Async._drainQueues (http://localhost:42229/__cypress/runner/cypress_runner.js:162150:10)\n    at Async.drainQueues (http://localhost:42229/__cypress/runner/cypress_runner.js:162024:14)",
                "diff": null
              },
              "uuid": "69b6e358-31ae-47e0-9ad6-88db0da2166f",
              "parentUUID": "01c944a4-5113-4ac4-a7c6-8d52f8e99c6d",
              "isHook": false,
              "skipped": false
            },
            {
              "title": "Verifica se nenhuma outra cor da paleta tem a `classe` `selected`",
              "fullTitle": "6 - Defina a cor preta como cor inicial. Ao carregar a página a cor preta já deve estar selecionada para pintar os pixels Verifica se nenhuma outra cor da paleta tem a `classe` `selected`",
              "timedOut": null,
              "duration": 494,
              "state": "passed",
              "speed": "slow",
              "pass": true,
              "fail": false,
              "pending": false,
              "context": null,
              "code": "cy.get('.color:not(:first-child)').each(function (color) {\n  cy.wrap(color).should('not.have.class', 'selected');\n});",
              "err": {},
              "uuid": "45f36b22-9940-4454-acd0-c806e1a5f5fb",
              "parentUUID": "01c944a4-5113-4ac4-a7c6-8d52f8e99c6d",
              "isHook": false,
              "skipped": false
            }
          ],
          "suites": [],
          "passes": [
            "45f36b22-9940-4454-acd0-c806e1a5f5fb"
          ],
          "failures": [
            "69b6e358-31ae-47e0-9ad6-88db0da2166f"
          ],
          "pending": [],
          "skipped": [],
          "duration": 5182,
          "root": false,
          "rootEmpty": false,
          "_timeout": 2000
        },
        {
          "uuid": "dfd0d559-ad52-4d2a-abbc-a971fae28664",
          "title": "7 - Clicar em uma das cores da paleta, faz com que ela seja selecionada e utilizada para preencher os pixels no quadro.",
          "fullFile": "",
          "file": "",
          "beforeHooks": [],
          "afterHooks": [],
          "tests": [
            {
              "title": "Verifica se somente uma cor da paleta de cores tem a classe `selected` de cada vez",
              "fullTitle": "7 - Clicar em uma das cores da paleta, faz com que ela seja selecionada e utilizada para preencher os pixels no quadro. Verifica se somente uma cor da paleta de cores tem a classe `selected` de cada vez",
              "timedOut": null,
              "duration": 892,
              "state": "passed",
              "speed": "slow",
              "pass": true,
              "fail": false,
              "pending": false,
              "context": null,
              "code": "cy.get('.color').each(function (selectedColor, selectedColorIndex) {\n  cy.wrap(selectedColor).click();\n  cy.get('.color').each(function (color, colorIndex) {\n    if (colorIndex === selectedColorIndex) {\n      expect(color).to.have[\"class\"]('selected');\n    } else {\n      expect(color).not.to.have[\"class\"]('selected');\n    }\n  });\n});",
              "err": {},
              "uuid": "23b49a00-0cd2-44bf-b48d-1a28790608ab",
              "parentUUID": "dfd0d559-ad52-4d2a-abbc-a971fae28664",
              "isHook": false,
              "skipped": false
            },
            {
              "title": "Verifica se os pixels dentro do quadro não têm a classe `selected` quando são clicados",
              "fullTitle": "7 - Clicar em uma das cores da paleta, faz com que ela seja selecionada e utilizada para preencher os pixels no quadro. Verifica se os pixels dentro do quadro não têm a classe `selected` quando são clicados",
              "timedOut": null,
              "duration": 11467,
              "state": "passed",
              "speed": "slow",
              "pass": true,
              "fail": false,
              "pending": false,
              "context": null,
              "code": "cy.get('.color').each(function (color) {\n  var backgroundColor = color.css('background-color');\n  cy.wrap(color).click();\n  cy.get('.pixel').each(function (pixel) {\n    cy.wrap(pixel).click().should('not.have.class', 'selected');\n  });\n});",
              "err": {},
              "uuid": "0bec9e24-e9a5-4af7-b39c-4fcd16242dfd",
              "parentUUID": "dfd0d559-ad52-4d2a-abbc-a971fae28664",
              "isHook": false,
              "skipped": false
            }
          ],
          "suites": [],
          "passes": [
            "23b49a00-0cd2-44bf-b48d-1a28790608ab",
            "0bec9e24-e9a5-4af7-b39c-4fcd16242dfd"
          ],
          "failures": [],
          "pending": [],
          "skipped": [],
          "duration": 12359,
          "root": false,
          "rootEmpty": false,
          "_timeout": 2000
        },
        {
          "uuid": "ffc06c19-cde4-4363-8a1b-4a8f580053ec",
          "title": "8 - Clicar em um pixel dentro do quadro após selecionar uma cor na paleta, faz com que o pixel seja preenchido com a cor selecionada.",
          "fullFile": "",
          "file": "",
          "beforeHooks": [],
          "afterHooks": [],
          "tests": [
            {
              "title": "Verifica se ao carregar a página deve ser possível pintar os pixels de preto",
              "fullTitle": "8 - Clicar em um pixel dentro do quadro após selecionar uma cor na paleta, faz com que o pixel seja preenchido com a cor selecionada. Verifica se ao carregar a página deve ser possível pintar os pixels de preto",
              "timedOut": null,
              "duration": 5559,
              "state": "failed",
              "speed": null,
              "pass": false,
              "fail": true,
              "pending": false,
              "context": null,
              "code": "cy.get('.pixel').each(function (pixel) {\n  cy.wrap(pixel).click().should('have.css', 'background-color', BLACK);\n});",
              "err": {
                "message": "CypressError: Timed out retrying: expected '<cor.pixel>' to have CSS property 'background-color' with the value 'rgb(0, 0, 0)', but the value was 'rgb(255, 255, 255)'",
                "estack": "CypressError: Timed out retrying: expected '<cor.pixel>' to have CSS property 'background-color' with the value 'rgb(0, 0, 0)', but the value was 'rgb(255, 255, 255)'\n    at cypressErr (http://localhost:42229/__cypress/runner/cypress_runner.js:149934:9)\n    at throwErr (http://localhost:42229/__cypress/runner/cypress_runner.js:149867:11)\n    at Object.throwErrByPath (http://localhost:42229/__cypress/runner/cypress_runner.js:149915:3)\n    at retry (http://localhost:42229/__cypress/runner/cypress_runner.js:144197:19)\n    at onFailFn (http://localhost:42229/__cypress/runner/cypress_runner.js:132448:16)\n    at tryCatcher (http://localhost:42229/__cypress/runner/cypress_runner.js:167415:23)\n    at Promise._settlePromiseFromHandler (http://localhost:42229/__cypress/runner/cypress_runner.js:165351:31)\n    at Promise._settlePromise (http://localhost:42229/__cypress/runner/cypress_runner.js:165408:18)\n    at Promise._settlePromise0 (http://localhost:42229/__cypress/runner/cypress_runner.js:165453:10)\n    at Promise._settlePromises (http://localhost:42229/__cypress/runner/cypress_runner.js:165528:18)\n    at Async../node_modules/bluebird/js/release/async.js.Async._drainQueue (http://localhost:42229/__cypress/runner/cypress_runner.js:162140:16)\n    at Async../node_modules/bluebird/js/release/async.js.Async._drainQueues (http://localhost:42229/__cypress/runner/cypress_runner.js:162150:10)\n    at Async.drainQueues (http://localhost:42229/__cypress/runner/cypress_runner.js:162024:14)",
                "diff": null
              },
              "uuid": "247794b1-50cf-4b12-a5b4-7aa9d182a2da",
              "parentUUID": "ffc06c19-cde4-4363-8a1b-4a8f580053ec",
              "isHook": false,
              "skipped": false
            },
            {
              "title": "Verifica se após selecionar uma outra cor na paleta, é possível pintar os pixels com essa cor",
              "fullTitle": "8 - Clicar em um pixel dentro do quadro após selecionar uma cor na paleta, faz com que o pixel seja preenchido com a cor selecionada. Verifica se após selecionar uma outra cor na paleta, é possível pintar os pixels com essa cor",
              "timedOut": null,
              "duration": 5763,
              "state": "failed",
              "speed": null,
              "pass": false,
              "fail": true,
              "pending": false,
              "context": null,
              "code": "cy.get('.color').each(function (color) {\n  var backgroundColor = color.css('background-color');\n  cy.wrap(color).click();\n  cy.get('.pixel').each(function (pixel) {\n    cy.wrap(pixel).click().should('have.css', 'background-color', backgroundColor);\n  });\n});",
              "err": {
                "message": "CypressError: Timed out retrying: expected '<cor.pixel>' to have CSS property 'background-color' with the value 'rgb(0, 0, 0)', but the value was 'rgb(255, 255, 255)'",
                "estack": "CypressError: Timed out retrying: expected '<cor.pixel>' to have CSS property 'background-color' with the value 'rgb(0, 0, 0)', but the value was 'rgb(255, 255, 255)'\n    at cypressErr (http://localhost:42229/__cypress/runner/cypress_runner.js:149934:9)\n    at throwErr (http://localhost:42229/__cypress/runner/cypress_runner.js:149867:11)\n    at Object.throwErrByPath (http://localhost:42229/__cypress/runner/cypress_runner.js:149915:3)\n    at retry (http://localhost:42229/__cypress/runner/cypress_runner.js:144197:19)\n    at onFailFn (http://localhost:42229/__cypress/runner/cypress_runner.js:132448:16)\n    at tryCatcher (http://localhost:42229/__cypress/runner/cypress_runner.js:167415:23)\n    at Promise._settlePromiseFromHandler (http://localhost:42229/__cypress/runner/cypress_runner.js:165351:31)\n    at Promise._settlePromise (http://localhost:42229/__cypress/runner/cypress_runner.js:165408:18)\n    at Promise._settlePromise0 (http://localhost:42229/__cypress/runner/cypress_runner.js:165453:10)\n    at Promise._settlePromises (http://localhost:42229/__cypress/runner/cypress_runner.js:165528:18)\n    at Async../node_modules/bluebird/js/release/async.js.Async._drainQueue (http://localhost:42229/__cypress/runner/cypress_runner.js:162140:16)\n    at Async../node_modules/bluebird/js/release/async.js.Async._drainQueues (http://localhost:42229/__cypress/runner/cypress_runner.js:162150:10)\n    at Async.drainQueues (http://localhost:42229/__cypress/runner/cypress_runner.js:162024:14)",
                "diff": null
              },
              "uuid": "8a21b690-9ffe-4962-b617-b0a0c2fe6807",
              "parentUUID": "ffc06c19-cde4-4363-8a1b-4a8f580053ec",
              "isHook": false,
              "skipped": false
            },
            {
              "title": "Verifica se somente o pixel que foi clicado foi preenchido com a cor selecionada, sem influenciar na cor dos demais pixels.",
              "fullTitle": "8 - Clicar em um pixel dentro do quadro após selecionar uma cor na paleta, faz com que o pixel seja preenchido com a cor selecionada. Verifica se somente o pixel que foi clicado foi preenchido com a cor selecionada, sem influenciar na cor dos demais pixels.",
              "timedOut": null,
              "duration": 4039,
              "state": "passed",
              "speed": "slow",
              "pass": true,
              "fail": false,
              "pending": false,
              "context": null,
              "code": "var colorToPixelIndexMap = {\n  0: 6,\n  1: 8,\n  2: 16,\n  3: 18\n};\ncy.get('.color').each(function (color, index) {\n  cy.wrap(color).click();\n  var backgroundColor = color.css('background-color');\n  var clickedPixelIndex = colorToPixelIndexMap[index];\n  cy.get('.pixel').eq(clickedPixelIndex).click();\n  cy.get('.pixel').eq(clickedPixelIndex - 1).should('not.have.css', 'background-color', backgroundColor);\n  cy.get('.pixel').eq(clickedPixelIndex + 1).should('not.have.css', 'background-color', backgroundColor);\n  cy.get('.pixel').eq(clickedPixelIndex - 5).should('not.have.css', 'background-color', backgroundColor);\n  cy.get('.pixel').eq(clickedPixelIndex + 5).should('not.have.css', 'background-color', backgroundColor);\n  cy.get('.pixel').eq(clickedPixelIndex - 6).should('not.have.css', 'background-color', backgroundColor);\n  cy.get('.pixel').eq(clickedPixelIndex - 4).should('not.have.css', 'background-color', backgroundColor);\n  cy.get('.pixel').eq(clickedPixelIndex + 4).should('not.have.css', 'background-color', backgroundColor);\n  cy.get('.pixel').eq(clickedPixelIndex + 6).should('not.have.css', 'background-color', backgroundColor);\n});",
              "err": {},
              "uuid": "8447e831-bc2f-4331-a726-c8aa337c07af",
              "parentUUID": "ffc06c19-cde4-4363-8a1b-4a8f580053ec",
              "isHook": false,
              "skipped": false
            }
          ],
          "suites": [],
          "passes": [
            "8447e831-bc2f-4331-a726-c8aa337c07af"
          ],
          "failures": [
            "247794b1-50cf-4b12-a5b4-7aa9d182a2da",
            "8a21b690-9ffe-4962-b617-b0a0c2fe6807"
          ],
          "pending": [],
          "skipped": [],
          "duration": 15361,
          "root": false,
          "rootEmpty": false,
          "_timeout": 2000
        },
        {
          "uuid": "f6ba05d5-42b6-4583-a4e5-6bac3891874c",
          "title": "9 - Crie um botão que, ao ser clicado, limpa o quadro preenchendo a cor de todos seus pixels com branco.",
          "fullFile": "",
          "file": "",
          "beforeHooks": [],
          "afterHooks": [],
          "tests": [
            {
              "title": "Verifica se o botão tem o `id` denominado `clear-board`",
              "fullTitle": "9 - Crie um botão que, ao ser clicado, limpa o quadro preenchendo a cor de todos seus pixels com branco. Verifica se o botão tem o `id` denominado `clear-board`",
              "timedOut": null,
              "duration": 5159,
              "state": "failed",
              "speed": null,
              "pass": false,
              "fail": true,
              "pending": false,
              "context": null,
              "code": "cy.get('#clear-board').should('be.visible');",
              "err": {
                "message": "CypressError: Timed out retrying: Expected to find element: '#clear-board', but never found it.",
                "estack": "CypressError: Timed out retrying: Expected to find element: '#clear-board', but never found it.\n    at cypressErr (http://localhost:42229/__cypress/runner/cypress_runner.js:149934:9)\n    at throwErr (http://localhost:42229/__cypress/runner/cypress_runner.js:149867:11)\n    at Object.throwErrByPath (http://localhost:42229/__cypress/runner/cypress_runner.js:149915:3)\n    at retry (http://localhost:42229/__cypress/runner/cypress_runner.js:144197:19)\n    at onFailFn (http://localhost:42229/__cypress/runner/cypress_runner.js:132448:16)\n    at tryCatcher (http://localhost:42229/__cypress/runner/cypress_runner.js:167415:23)\n    at Promise._settlePromiseFromHandler (http://localhost:42229/__cypress/runner/cypress_runner.js:165351:31)\n    at Promise._settlePromise (http://localhost:42229/__cypress/runner/cypress_runner.js:165408:18)\n    at Promise._settlePromise0 (http://localhost:42229/__cypress/runner/cypress_runner.js:165453:10)\n    at Promise._settlePromises (http://localhost:42229/__cypress/runner/cypress_runner.js:165528:18)\n    at Async../node_modules/bluebird/js/release/async.js.Async._drainQueue (http://localhost:42229/__cypress/runner/cypress_runner.js:162140:16)\n    at Async../node_modules/bluebird/js/release/async.js.Async._drainQueues (http://localhost:42229/__cypress/runner/cypress_runner.js:162150:10)\n    at Async.drainQueues (http://localhost:42229/__cypress/runner/cypress_runner.js:162024:14)",
                "diff": null
              },
              "uuid": "ce8b18cb-84c8-4191-bb7b-20ae3cc26304",
              "parentUUID": "f6ba05d5-42b6-4583-a4e5-6bac3891874c",
              "isHook": false,
              "skipped": false
            },
            {
              "title": "Verifica se o botão está posicionado entre a paleta de cores e o quadro de pixels",
              "fullTitle": "9 - Crie um botão que, ao ser clicado, limpa o quadro preenchendo a cor de todos seus pixels com branco. Verifica se o botão está posicionado entre a paleta de cores e o quadro de pixels",
              "timedOut": null,
              "duration": 4977,
              "state": "failed",
              "speed": null,
              "pass": false,
              "fail": true,
              "pending": false,
              "context": null,
              "code": "cy.get('#color-palette').then(function (palette) {\n  cy.get('#clear-board').should('be.belowOf', palette);\n});\ncy.get('#clear-board').then(function (clearBtn) {\n  cy.get('#pixel-board').should('be.belowOf', clearBtn);\n});",
              "err": {
                "message": "CypressError: Timed out retrying: Expected to find element: '#clear-board', but never found it.",
                "estack": "CypressError: Timed out retrying: Expected to find element: '#clear-board', but never found it.\n    at cypressErr (http://localhost:42229/__cypress/runner/cypress_runner.js:149934:9)\n    at throwErr (http://localhost:42229/__cypress/runner/cypress_runner.js:149867:11)\n    at Object.throwErrByPath (http://localhost:42229/__cypress/runner/cypress_runner.js:149915:3)\n    at retry (http://localhost:42229/__cypress/runner/cypress_runner.js:144197:19)\n    at onFailFn (http://localhost:42229/__cypress/runner/cypress_runner.js:132448:16)\n    at tryCatcher (http://localhost:42229/__cypress/runner/cypress_runner.js:167415:23)\n    at Promise._settlePromiseFromHandler (http://localhost:42229/__cypress/runner/cypress_runner.js:165351:31)\n    at Promise._settlePromise (http://localhost:42229/__cypress/runner/cypress_runner.js:165408:18)\n    at Promise._settlePromise0 (http://localhost:42229/__cypress/runner/cypress_runner.js:165453:10)\n    at Promise._settlePromises (http://localhost:42229/__cypress/runner/cypress_runner.js:165528:18)\n    at Async../node_modules/bluebird/js/release/async.js.Async._drainQueue (http://localhost:42229/__cypress/runner/cypress_runner.js:162140:16)\n    at Async../node_modules/bluebird/js/release/async.js.Async._drainQueues (http://localhost:42229/__cypress/runner/cypress_runner.js:162150:10)\n    at Async.drainQueues (http://localhost:42229/__cypress/runner/cypress_runner.js:162024:14)",
                "diff": null
              },
              "uuid": "23dd598f-9fc5-4a28-bd7a-8e46d5519717",
              "parentUUID": "f6ba05d5-42b6-4583-a4e5-6bac3891874c",
              "isHook": false,
              "skipped": false
            },
            {
              "title": "Verifica se o texto do botão é 'Limpar'",
              "fullTitle": "9 - Crie um botão que, ao ser clicado, limpa o quadro preenchendo a cor de todos seus pixels com branco. Verifica se o texto do botão é 'Limpar'",
              "timedOut": null,
              "duration": 6366,
              "state": "failed",
              "speed": null,
              "pass": false,
              "fail": true,
              "pending": false,
              "context": null,
              "code": "cy.get('#clear-board').should('contain.text', 'Limpar');",
              "err": {
                "message": "CypressError: Timed out retrying: Expected to find element: '#clear-board', but never found it.",
                "estack": "CypressError: Timed out retrying: Expected to find element: '#clear-board', but never found it.\n    at cypressErr (http://localhost:42229/__cypress/runner/cypress_runner.js:149934:9)\n    at throwErr (http://localhost:42229/__cypress/runner/cypress_runner.js:149867:11)\n    at Object.throwErrByPath (http://localhost:42229/__cypress/runner/cypress_runner.js:149915:3)\n    at retry (http://localhost:42229/__cypress/runner/cypress_runner.js:144197:19)\n    at onFailFn (http://localhost:42229/__cypress/runner/cypress_runner.js:132448:16)\n    at tryCatcher (http://localhost:42229/__cypress/runner/cypress_runner.js:167415:23)\n    at Promise._settlePromiseFromHandler (http://localhost:42229/__cypress/runner/cypress_runner.js:165351:31)\n    at Promise._settlePromise (http://localhost:42229/__cypress/runner/cypress_runner.js:165408:18)\n    at Promise._settlePromise0 (http://localhost:42229/__cypress/runner/cypress_runner.js:165453:10)\n    at Promise._settlePromises (http://localhost:42229/__cypress/runner/cypress_runner.js:165528:18)\n    at Async../node_modules/bluebird/js/release/async.js.Async._drainQueue (http://localhost:42229/__cypress/runner/cypress_runner.js:162140:16)\n    at Async../node_modules/bluebird/js/release/async.js.Async._drainQueues (http://localhost:42229/__cypress/runner/cypress_runner.js:162150:10)\n    at Async.drainQueues (http://localhost:42229/__cypress/runner/cypress_runner.js:162024:14)",
                "diff": null
              },
              "uuid": "1d2b6aa8-1558-4928-9bd3-3da02c7d27e6",
              "parentUUID": "f6ba05d5-42b6-4583-a4e5-6bac3891874c",
              "isHook": false,
              "skipped": false
            },
            {
              "title": "Verifica se ao clicar no botão, o quadro de pixels é totalmente preenchido de branco",
              "fullTitle": "9 - Crie um botão que, ao ser clicado, limpa o quadro preenchendo a cor de todos seus pixels com branco. Verifica se ao clicar no botão, o quadro de pixels é totalmente preenchido de branco",
              "timedOut": null,
              "duration": 5310,
              "state": "failed",
              "speed": null,
              "pass": false,
              "fail": true,
              "pending": false,
              "context": null,
              "code": "cy.get('.color').eq(1).then(function (color) {\n  var backgroundColor = color.css('background-color');\n  cy.wrap(color).click();\n  cy.get('.pixel').each(function (pixel) {\n    cy.wrap(pixel).click().should('have.css', 'background-color', backgroundColor);\n  });\n});\ncy.get('#clear-board').click();\ncy.get('.pixel').each(function (pixel) {\n  cy.wrap(pixel).should('have.css', 'background-color', WHITE);\n});",
              "err": {
                "message": "CypressError: Timed out retrying: expected '<cor.pixel>' to have CSS property 'background-color' with the value 'rgb(255, 0, 0)', but the value was 'rgb(255, 255, 255)'",
                "estack": "CypressError: Timed out retrying: expected '<cor.pixel>' to have CSS property 'background-color' with the value 'rgb(255, 0, 0)', but the value was 'rgb(255, 255, 255)'\n    at cypressErr (http://localhost:42229/__cypress/runner/cypress_runner.js:149934:9)\n    at throwErr (http://localhost:42229/__cypress/runner/cypress_runner.js:149867:11)\n    at Object.throwErrByPath (http://localhost:42229/__cypress/runner/cypress_runner.js:149915:3)\n    at retry (http://localhost:42229/__cypress/runner/cypress_runner.js:144197:19)\n    at onFailFn (http://localhost:42229/__cypress/runner/cypress_runner.js:132448:16)\n    at tryCatcher (http://localhost:42229/__cypress/runner/cypress_runner.js:167415:23)\n    at Promise._settlePromiseFromHandler (http://localhost:42229/__cypress/runner/cypress_runner.js:165351:31)\n    at Promise._settlePromise (http://localhost:42229/__cypress/runner/cypress_runner.js:165408:18)\n    at Promise._settlePromise0 (http://localhost:42229/__cypress/runner/cypress_runner.js:165453:10)\n    at Promise._settlePromises (http://localhost:42229/__cypress/runner/cypress_runner.js:165528:18)\n    at Async../node_modules/bluebird/js/release/async.js.Async._drainQueue (http://localhost:42229/__cypress/runner/cypress_runner.js:162140:16)\n    at Async../node_modules/bluebird/js/release/async.js.Async._drainQueues (http://localhost:42229/__cypress/runner/cypress_runner.js:162150:10)\n    at Async.drainQueues (http://localhost:42229/__cypress/runner/cypress_runner.js:162024:14)",
                "diff": null
              },
              "uuid": "54a3ffa2-2b23-456f-9b00-f5c268ada758",
              "parentUUID": "f6ba05d5-42b6-4583-a4e5-6bac3891874c",
              "isHook": false,
              "skipped": false
            }
          ],
          "suites": [],
          "passes": [],
          "failures": [
            "ce8b18cb-84c8-4191-bb7b-20ae3cc26304",
            "23dd598f-9fc5-4a28-bd7a-8e46d5519717",
            "1d2b6aa8-1558-4928-9bd3-3da02c7d27e6",
            "54a3ffa2-2b23-456f-9b00-f5c268ada758"
          ],
          "pending": [],
          "skipped": [],
          "duration": 21812,
          "root": false,
          "rootEmpty": false,
          "_timeout": 2000
        },
        {
          "uuid": "90338135-3c6f-434d-8508-2d347c4b37c6",
          "title": "10 - Faça o quadro de pixels ter seu tamanho definido pelo usuário.",
          "fullFile": "",
          "file": "",
          "beforeHooks": [],
          "afterHooks": [],
          "tests": [
            {
              "title": "Verifica se existe um input com o id `board-size`",
              "fullTitle": "10 - Faça o quadro de pixels ter seu tamanho definido pelo usuário. Verifica se existe um input com o id `board-size`",
              "timedOut": null,
              "duration": 5279,
              "state": "failed",
              "speed": null,
              "pass": false,
              "fail": true,
              "pending": false,
              "context": null,
              "code": "cy.get('#board-size').should('be.visible');",
              "err": {
                "message": "CypressError: Timed out retrying: Expected to find element: '#board-size', but never found it.",
                "estack": "CypressError: Timed out retrying: Expected to find element: '#board-size', but never found it.\n    at cypressErr (http://localhost:42229/__cypress/runner/cypress_runner.js:149934:9)\n    at throwErr (http://localhost:42229/__cypress/runner/cypress_runner.js:149867:11)\n    at Object.throwErrByPath (http://localhost:42229/__cypress/runner/cypress_runner.js:149915:3)\n    at retry (http://localhost:42229/__cypress/runner/cypress_runner.js:144197:19)\n    at onFailFn (http://localhost:42229/__cypress/runner/cypress_runner.js:132448:16)\n    at tryCatcher (http://localhost:42229/__cypress/runner/cypress_runner.js:167415:23)\n    at Promise._settlePromiseFromHandler (http://localhost:42229/__cypress/runner/cypress_runner.js:165351:31)\n    at Promise._settlePromise (http://localhost:42229/__cypress/runner/cypress_runner.js:165408:18)\n    at Promise._settlePromise0 (http://localhost:42229/__cypress/runner/cypress_runner.js:165453:10)\n    at Promise._settlePromises (http://localhost:42229/__cypress/runner/cypress_runner.js:165528:18)\n    at Async../node_modules/bluebird/js/release/async.js.Async._drainQueue (http://localhost:42229/__cypress/runner/cypress_runner.js:162140:16)\n    at Async../node_modules/bluebird/js/release/async.js.Async._drainQueues (http://localhost:42229/__cypress/runner/cypress_runner.js:162150:10)\n    at Async.drainQueues (http://localhost:42229/__cypress/runner/cypress_runner.js:162024:14)",
                "diff": null
              },
              "uuid": "3d0dee14-a1d8-41e8-a322-142d8a0d67ef",
              "parentUUID": "90338135-3c6f-434d-8508-2d347c4b37c6",
              "isHook": false,
              "skipped": false
            },
            {
              "title": "Verifica se existe um botão com o id `generate-board`",
              "fullTitle": "10 - Faça o quadro de pixels ter seu tamanho definido pelo usuário. Verifica se existe um botão com o id `generate-board`",
              "timedOut": null,
              "duration": 5247,
              "state": "failed",
              "speed": null,
              "pass": false,
              "fail": true,
              "pending": false,
              "context": null,
              "code": "cy.get('#generate-board').should('be.visible');",
              "err": {
                "message": "CypressError: Timed out retrying: Expected to find element: '#generate-board', but never found it.",
                "estack": "CypressError: Timed out retrying: Expected to find element: '#generate-board', but never found it.\n    at cypressErr (http://localhost:42229/__cypress/runner/cypress_runner.js:149934:9)\n    at throwErr (http://localhost:42229/__cypress/runner/cypress_runner.js:149867:11)\n    at Object.throwErrByPath (http://localhost:42229/__cypress/runner/cypress_runner.js:149915:3)\n    at retry (http://localhost:42229/__cypress/runner/cypress_runner.js:144197:19)\n    at onFailFn (http://localhost:42229/__cypress/runner/cypress_runner.js:132448:16)\n    at tryCatcher (http://localhost:42229/__cypress/runner/cypress_runner.js:167415:23)\n    at Promise._settlePromiseFromHandler (http://localhost:42229/__cypress/runner/cypress_runner.js:165351:31)\n    at Promise._settlePromise (http://localhost:42229/__cypress/runner/cypress_runner.js:165408:18)\n    at Promise._settlePromise0 (http://localhost:42229/__cypress/runner/cypress_runner.js:165453:10)\n    at Promise._settlePromises (http://localhost:42229/__cypress/runner/cypress_runner.js:165528:18)\n    at Async../node_modules/bluebird/js/release/async.js.Async._drainQueue (http://localhost:42229/__cypress/runner/cypress_runner.js:162140:16)\n    at Async../node_modules/bluebird/js/release/async.js.Async._drainQueues (http://localhost:42229/__cypress/runner/cypress_runner.js:162150:10)\n    at Async.drainQueues (http://localhost:42229/__cypress/runner/cypress_runner.js:162024:14)",
                "diff": null
              },
              "uuid": "67c1a484-6b9b-422f-858b-42fb28d4938f",
              "parentUUID": "90338135-3c6f-434d-8508-2d347c4b37c6",
              "isHook": false,
              "skipped": false
            },
            {
              "title": "Verifica se o input só aceita número maiores que zero. Essa restrição deve ser feita usando os atributos do elemento `input`",
              "fullTitle": "10 - Faça o quadro de pixels ter seu tamanho definido pelo usuário. Verifica se o input só aceita número maiores que zero. Essa restrição deve ser feita usando os atributos do elemento `input`",
              "timedOut": null,
              "duration": 5275,
              "state": "failed",
              "speed": null,
              "pass": false,
              "fail": true,
              "pending": false,
              "context": null,
              "code": "cy.get('#board-size[type=\\'number\\'][min=\\'1\\']');",
              "err": {
                "message": "CypressError: Timed out retrying: Expected to find element: '#board-size[type='number'][min='1']', but never found it.",
                "estack": "CypressError: Timed out retrying: Expected to find element: '#board-size[type='number'][min='1']', but never found it.\n    at cypressErr (http://localhost:42229/__cypress/runner/cypress_runner.js:149934:9)\n    at throwErr (http://localhost:42229/__cypress/runner/cypress_runner.js:149867:11)\n    at Object.throwErrByPath (http://localhost:42229/__cypress/runner/cypress_runner.js:149915:3)\n    at retry (http://localhost:42229/__cypress/runner/cypress_runner.js:144197:19)\n    at onFailFn (http://localhost:42229/__cypress/runner/cypress_runner.js:132448:16)\n    at tryCatcher (http://localhost:42229/__cypress/runner/cypress_runner.js:167415:23)\n    at Promise._settlePromiseFromHandler (http://localhost:42229/__cypress/runner/cypress_runner.js:165351:31)\n    at Promise._settlePromise (http://localhost:42229/__cypress/runner/cypress_runner.js:165408:18)\n    at Promise._settlePromise0 (http://localhost:42229/__cypress/runner/cypress_runner.js:165453:10)\n    at Promise._settlePromises (http://localhost:42229/__cypress/runner/cypress_runner.js:165528:18)\n    at Async../node_modules/bluebird/js/release/async.js.Async._drainQueue (http://localhost:42229/__cypress/runner/cypress_runner.js:162140:16)\n    at Async../node_modules/bluebird/js/release/async.js.Async._drainQueues (http://localhost:42229/__cypress/runner/cypress_runner.js:162150:10)\n    at Async.drainQueues (http://localhost:42229/__cypress/runner/cypress_runner.js:162024:14)",
                "diff": null
              },
              "uuid": "6fe1a4d9-bfb3-4498-bb06-b0d2352e52c6",
              "parentUUID": "90338135-3c6f-434d-8508-2d347c4b37c6",
              "isHook": false,
              "skipped": false
            },
            {
              "title": "Verifica se o botão contém o texto 'VQV'",
              "fullTitle": "10 - Faça o quadro de pixels ter seu tamanho definido pelo usuário. Verifica se o botão contém o texto 'VQV'",
              "timedOut": null,
              "duration": 5421,
              "state": "failed",
              "speed": null,
              "pass": false,
              "fail": true,
              "pending": false,
              "context": null,
              "code": "cy.get('#generate-board').contains(/vqv/i);",
              "err": {
                "message": "CypressError: Timed out retrying: Expected to find element: '#generate-board', but never found it.",
                "estack": "CypressError: Timed out retrying: Expected to find element: '#generate-board', but never found it.\n    at cypressErr (http://localhost:42229/__cypress/runner/cypress_runner.js:149934:9)\n    at throwErr (http://localhost:42229/__cypress/runner/cypress_runner.js:149867:11)\n    at Object.throwErrByPath (http://localhost:42229/__cypress/runner/cypress_runner.js:149915:3)\n    at retry (http://localhost:42229/__cypress/runner/cypress_runner.js:144197:19)\n    at onFailFn (http://localhost:42229/__cypress/runner/cypress_runner.js:132448:16)\n    at tryCatcher (http://localhost:42229/__cypress/runner/cypress_runner.js:167415:23)\n    at Promise._settlePromiseFromHandler (http://localhost:42229/__cypress/runner/cypress_runner.js:165351:31)\n    at Promise._settlePromise (http://localhost:42229/__cypress/runner/cypress_runner.js:165408:18)\n    at Promise._settlePromise0 (http://localhost:42229/__cypress/runner/cypress_runner.js:165453:10)\n    at Promise._settlePromises (http://localhost:42229/__cypress/runner/cypress_runner.js:165528:18)\n    at Async../node_modules/bluebird/js/release/async.js.Async._drainQueue (http://localhost:42229/__cypress/runner/cypress_runner.js:162140:16)\n    at Async../node_modules/bluebird/js/release/async.js.Async._drainQueues (http://localhost:42229/__cypress/runner/cypress_runner.js:162150:10)\n    at Async.drainQueues (http://localhost:42229/__cypress/runner/cypress_runner.js:162024:14)",
                "diff": null
              },
              "uuid": "9dddb3da-94f5-44f5-afdf-a3ce700f8b3d",
              "parentUUID": "90338135-3c6f-434d-8508-2d347c4b37c6",
              "isHook": false,
              "skipped": false
            },
            {
              "title": "Verifica se o input está posicionado entre a paleta de cores e o quadro de pixels",
              "fullTitle": "10 - Faça o quadro de pixels ter seu tamanho definido pelo usuário. Verifica se o input está posicionado entre a paleta de cores e o quadro de pixels",
              "timedOut": null,
              "duration": 5324,
              "state": "failed",
              "speed": null,
              "pass": false,
              "fail": true,
              "pending": false,
              "context": null,
              "code": "cy.get('#color-palette').then(function (palette) {\n  cy.get('#board-size').should('be.belowOf', palette);\n});\ncy.get('#board-size').then(function (palette) {\n  cy.get('#pixel-board').should('be.belowOf', palette);\n});",
              "err": {
                "message": "CypressError: Timed out retrying: Expected to find element: '#board-size', but never found it.",
                "estack": "CypressError: Timed out retrying: Expected to find element: '#board-size', but never found it.\n    at cypressErr (http://localhost:42229/__cypress/runner/cypress_runner.js:149934:9)\n    at throwErr (http://localhost:42229/__cypress/runner/cypress_runner.js:149867:11)\n    at Object.throwErrByPath (http://localhost:42229/__cypress/runner/cypress_runner.js:149915:3)\n    at retry (http://localhost:42229/__cypress/runner/cypress_runner.js:144197:19)\n    at onFailFn (http://localhost:42229/__cypress/runner/cypress_runner.js:132448:16)\n    at tryCatcher (http://localhost:42229/__cypress/runner/cypress_runner.js:167415:23)\n    at Promise._settlePromiseFromHandler (http://localhost:42229/__cypress/runner/cypress_runner.js:165351:31)\n    at Promise._settlePromise (http://localhost:42229/__cypress/runner/cypress_runner.js:165408:18)\n    at Promise._settlePromise0 (http://localhost:42229/__cypress/runner/cypress_runner.js:165453:10)\n    at Promise._settlePromises (http://localhost:42229/__cypress/runner/cypress_runner.js:165528:18)\n    at Async../node_modules/bluebird/js/release/async.js.Async._drainQueue (http://localhost:42229/__cypress/runner/cypress_runner.js:162140:16)\n    at Async../node_modules/bluebird/js/release/async.js.Async._drainQueues (http://localhost:42229/__cypress/runner/cypress_runner.js:162150:10)\n    at Async.drainQueues (http://localhost:42229/__cypress/runner/cypress_runner.js:162024:14)",
                "diff": null
              },
              "uuid": "55d99409-0173-42ec-874f-4ed085ef620b",
              "parentUUID": "90338135-3c6f-434d-8508-2d347c4b37c6",
              "isHook": false,
              "skipped": false
            },
            {
              "title": "Verifica se o botão está posicionado ao lado do input",
              "fullTitle": "10 - Faça o quadro de pixels ter seu tamanho definido pelo usuário. Verifica se o botão está posicionado ao lado do input",
              "timedOut": null,
              "duration": 5083,
              "state": "failed",
              "speed": null,
              "pass": false,
              "fail": true,
              "pending": false,
              "context": null,
              "code": "cy.get('#board-size').then(function (board) {\n  cy.get('#generate-board').should('be.onTheRightOf', board);\n});",
              "err": {
                "message": "CypressError: Timed out retrying: Expected to find element: '#board-size', but never found it.",
                "estack": "CypressError: Timed out retrying: Expected to find element: '#board-size', but never found it.\n    at cypressErr (http://localhost:42229/__cypress/runner/cypress_runner.js:149934:9)\n    at throwErr (http://localhost:42229/__cypress/runner/cypress_runner.js:149867:11)\n    at Object.throwErrByPath (http://localhost:42229/__cypress/runner/cypress_runner.js:149915:3)\n    at retry (http://localhost:42229/__cypress/runner/cypress_runner.js:144197:19)\n    at onFailFn (http://localhost:42229/__cypress/runner/cypress_runner.js:132448:16)\n    at tryCatcher (http://localhost:42229/__cypress/runner/cypress_runner.js:167415:23)\n    at Promise._settlePromiseFromHandler (http://localhost:42229/__cypress/runner/cypress_runner.js:165351:31)\n    at Promise._settlePromise (http://localhost:42229/__cypress/runner/cypress_runner.js:165408:18)\n    at Promise._settlePromise0 (http://localhost:42229/__cypress/runner/cypress_runner.js:165453:10)\n    at Promise._settlePromises (http://localhost:42229/__cypress/runner/cypress_runner.js:165528:18)\n    at Async../node_modules/bluebird/js/release/async.js.Async._drainQueue (http://localhost:42229/__cypress/runner/cypress_runner.js:162140:16)\n    at Async../node_modules/bluebird/js/release/async.js.Async._drainQueues (http://localhost:42229/__cypress/runner/cypress_runner.js:162150:10)\n    at Async.drainQueues (http://localhost:42229/__cypress/runner/cypress_runner.js:162024:14)",
                "diff": null
              },
              "uuid": "19fe2e6d-1e5d-4349-b49c-49b5900e7d74",
              "parentUUID": "90338135-3c6f-434d-8508-2d347c4b37c6",
              "isHook": false,
              "skipped": false
            },
            {
              "title": "Verifica se nenhum valor for colocado no input ao clicar no botão, um `alert` é exibido com o texto: 'Board inválido!'",
              "fullTitle": "10 - Faça o quadro de pixels ter seu tamanho definido pelo usuário. Verifica se nenhum valor for colocado no input ao clicar no botão, um `alert` é exibido com o texto: 'Board inválido!'",
              "timedOut": null,
              "duration": 5288,
              "state": "failed",
              "speed": null,
              "pass": false,
              "fail": true,
              "pending": false,
              "context": null,
              "code": "var alerted = false;\ncy.on('window:alert', function (msg) {\n  return alerted = msg;\n});\ncy.get('#generate-board').click().then(function () {\n  return expect(alerted).to.match(/Board inválido!/i);\n});",
              "err": {
                "message": "CypressError: Timed out retrying: Expected to find element: '#generate-board', but never found it.",
                "estack": "CypressError: Timed out retrying: Expected to find element: '#generate-board', but never found it.\n    at cypressErr (http://localhost:42229/__cypress/runner/cypress_runner.js:149934:9)\n    at throwErr (http://localhost:42229/__cypress/runner/cypress_runner.js:149867:11)\n    at Object.throwErrByPath (http://localhost:42229/__cypress/runner/cypress_runner.js:149915:3)\n    at retry (http://localhost:42229/__cypress/runner/cypress_runner.js:144197:19)\n    at onFailFn (http://localhost:42229/__cypress/runner/cypress_runner.js:132448:16)\n    at tryCatcher (http://localhost:42229/__cypress/runner/cypress_runner.js:167415:23)\n    at Promise._settlePromiseFromHandler (http://localhost:42229/__cypress/runner/cypress_runner.js:165351:31)\n    at Promise._settlePromise (http://localhost:42229/__cypress/runner/cypress_runner.js:165408:18)\n    at Promise._settlePromise0 (http://localhost:42229/__cypress/runner/cypress_runner.js:165453:10)\n    at Promise._settlePromises (http://localhost:42229/__cypress/runner/cypress_runner.js:165528:18)\n    at Async../node_modules/bluebird/js/release/async.js.Async._drainQueue (http://localhost:42229/__cypress/runner/cypress_runner.js:162140:16)\n    at Async../node_modules/bluebird/js/release/async.js.Async._drainQueues (http://localhost:42229/__cypress/runner/cypress_runner.js:162150:10)\n    at Async.drainQueues (http://localhost:42229/__cypress/runner/cypress_runner.js:162024:14)",
                "diff": null
              },
              "uuid": "74c38d71-4e00-407e-b772-09a4ef286f52",
              "parentUUID": "90338135-3c6f-434d-8508-2d347c4b37c6",
              "isHook": false,
              "skipped": false
            },
            {
              "title": "Verifica se ao clicar no botão com um valor preenchido, o tamanho do board muda.",
              "fullTitle": "10 - Faça o quadro de pixels ter seu tamanho definido pelo usuário. Verifica se ao clicar no botão com um valor preenchido, o tamanho do board muda.",
              "timedOut": null,
              "duration": 6665,
              "state": "failed",
              "speed": null,
              "pass": false,
              "fail": true,
              "pending": false,
              "context": null,
              "code": "cy.get('#board-size').clear().type(10);\ncy.get('#generate-board').click();\ncy.get('.pixel').should('have.length', 100);",
              "err": {
                "message": "CypressError: Timed out retrying: Expected to find element: '#board-size', but never found it.",
                "estack": "CypressError: Timed out retrying: Expected to find element: '#board-size', but never found it.\n    at cypressErr (http://localhost:42229/__cypress/runner/cypress_runner.js:149934:9)\n    at throwErr (http://localhost:42229/__cypress/runner/cypress_runner.js:149867:11)\n    at Object.throwErrByPath (http://localhost:42229/__cypress/runner/cypress_runner.js:149915:3)\n    at retry (http://localhost:42229/__cypress/runner/cypress_runner.js:144197:19)\n    at onFailFn (http://localhost:42229/__cypress/runner/cypress_runner.js:132448:16)\n    at tryCatcher (http://localhost:42229/__cypress/runner/cypress_runner.js:167415:23)\n    at Promise._settlePromiseFromHandler (http://localhost:42229/__cypress/runner/cypress_runner.js:165351:31)\n    at Promise._settlePromise (http://localhost:42229/__cypress/runner/cypress_runner.js:165408:18)\n    at Promise._settlePromise0 (http://localhost:42229/__cypress/runner/cypress_runner.js:165453:10)\n    at Promise._settlePromises (http://localhost:42229/__cypress/runner/cypress_runner.js:165528:18)\n    at Async../node_modules/bluebird/js/release/async.js.Async._drainQueue (http://localhost:42229/__cypress/runner/cypress_runner.js:162140:16)\n    at Async../node_modules/bluebird/js/release/async.js.Async._drainQueues (http://localhost:42229/__cypress/runner/cypress_runner.js:162150:10)\n    at Async.drainQueues (http://localhost:42229/__cypress/runner/cypress_runner.js:162024:14)",
                "diff": null
              },
              "uuid": "db57b8a8-81fd-4a1f-9bd1-d9a4edaaea74",
              "parentUUID": "90338135-3c6f-434d-8508-2d347c4b37c6",
              "isHook": false,
              "skipped": false
            },
            {
              "title": "Verifica se o novo quadro tem todos os pixels preenchidos com a cor branca",
              "fullTitle": "10 - Faça o quadro de pixels ter seu tamanho definido pelo usuário. Verifica se o novo quadro tem todos os pixels preenchidos com a cor branca",
              "timedOut": null,
              "duration": 5175,
              "state": "failed",
              "speed": null,
              "pass": false,
              "fail": true,
              "pending": false,
              "context": null,
              "code": "cy.get('#board-size').clear().type(6);\ncy.get('#generate-board').click();\ncy.get('.pixel').should('have.length', 36).each(function (pixel) {\n  expect(pixel).to.have.css('background-color', WHITE);\n});",
              "err": {
                "message": "CypressError: Timed out retrying: Expected to find element: '#board-size', but never found it.",
                "estack": "CypressError: Timed out retrying: Expected to find element: '#board-size', but never found it.\n    at cypressErr (http://localhost:42229/__cypress/runner/cypress_runner.js:149934:9)\n    at throwErr (http://localhost:42229/__cypress/runner/cypress_runner.js:149867:11)\n    at Object.throwErrByPath (http://localhost:42229/__cypress/runner/cypress_runner.js:149915:3)\n    at retry (http://localhost:42229/__cypress/runner/cypress_runner.js:144197:19)\n    at onFailFn (http://localhost:42229/__cypress/runner/cypress_runner.js:132448:16)\n    at tryCatcher (http://localhost:42229/__cypress/runner/cypress_runner.js:167415:23)\n    at Promise._settlePromiseFromHandler (http://localhost:42229/__cypress/runner/cypress_runner.js:165351:31)\n    at Promise._settlePromise (http://localhost:42229/__cypress/runner/cypress_runner.js:165408:18)\n    at Promise._settlePromise0 (http://localhost:42229/__cypress/runner/cypress_runner.js:165453:10)\n    at Promise._settlePromises (http://localhost:42229/__cypress/runner/cypress_runner.js:165528:18)\n    at Async../node_modules/bluebird/js/release/async.js.Async._drainQueue (http://localhost:42229/__cypress/runner/cypress_runner.js:162140:16)\n    at Async../node_modules/bluebird/js/release/async.js.Async._drainQueues (http://localhost:42229/__cypress/runner/cypress_runner.js:162150:10)\n    at Async.drainQueues (http://localhost:42229/__cypress/runner/cypress_runner.js:162024:14)",
                "diff": null
              },
              "uuid": "ee83acba-1553-434f-87b1-98c2689f5a8b",
              "parentUUID": "90338135-3c6f-434d-8508-2d347c4b37c6",
              "isHook": false,
              "skipped": false
            }
          ],
          "suites": [],
          "passes": [],
          "failures": [
            "3d0dee14-a1d8-41e8-a322-142d8a0d67ef",
            "67c1a484-6b9b-422f-858b-42fb28d4938f",
            "6fe1a4d9-bfb3-4498-bb06-b0d2352e52c6",
            "9dddb3da-94f5-44f5-afdf-a3ce700f8b3d",
            "55d99409-0173-42ec-874f-4ed085ef620b",
            "19fe2e6d-1e5d-4349-b49c-49b5900e7d74",
            "74c38d71-4e00-407e-b772-09a4ef286f52",
            "db57b8a8-81fd-4a1f-9bd1-d9a4edaaea74",
            "ee83acba-1553-434f-87b1-98c2689f5a8b"
          ],
          "pending": [],
          "skipped": [],
          "duration": 48757,
          "root": false,
          "rootEmpty": false,
          "_timeout": 2000
        },
        {
          "uuid": "9ab65f7e-c8fd-47b9-86cd-ed848e7f51da",
          "title": "11 - Limite o tamanho mínimo e máximo do board.",
          "fullFile": "",
          "file": "",
          "beforeHooks": [],
          "afterHooks": [],
          "tests": [
            {
              "title": "Verifica se a altura máxima do board é 50",
              "fullTitle": "11 - Limite o tamanho mínimo e máximo do board. Verifica se a altura máxima do board é 50",
              "timedOut": null,
              "duration": 5037,
              "state": "failed",
              "speed": null,
              "pass": false,
              "fail": true,
              "pending": false,
              "context": null,
              "code": "cy.get('#board-size').clear().type(50);\ncy.get('#generate-board').click();\ncy.get('.pixel').should('have.length', 2500);",
              "err": {
                "message": "CypressError: Timed out retrying: Expected to find element: '#board-size', but never found it.",
                "estack": "CypressError: Timed out retrying: Expected to find element: '#board-size', but never found it.\n    at cypressErr (http://localhost:42229/__cypress/runner/cypress_runner.js:149934:9)\n    at throwErr (http://localhost:42229/__cypress/runner/cypress_runner.js:149867:11)\n    at Object.throwErrByPath (http://localhost:42229/__cypress/runner/cypress_runner.js:149915:3)\n    at retry (http://localhost:42229/__cypress/runner/cypress_runner.js:144197:19)\n    at onFailFn (http://localhost:42229/__cypress/runner/cypress_runner.js:132448:16)\n    at tryCatcher (http://localhost:42229/__cypress/runner/cypress_runner.js:167415:23)\n    at Promise._settlePromiseFromHandler (http://localhost:42229/__cypress/runner/cypress_runner.js:165351:31)\n    at Promise._settlePromise (http://localhost:42229/__cypress/runner/cypress_runner.js:165408:18)\n    at Promise._settlePromise0 (http://localhost:42229/__cypress/runner/cypress_runner.js:165453:10)\n    at Promise._settlePromises (http://localhost:42229/__cypress/runner/cypress_runner.js:165528:18)\n    at Async../node_modules/bluebird/js/release/async.js.Async._drainQueue (http://localhost:42229/__cypress/runner/cypress_runner.js:162140:16)\n    at Async../node_modules/bluebird/js/release/async.js.Async._drainQueues (http://localhost:42229/__cypress/runner/cypress_runner.js:162150:10)\n    at Async.drainQueues (http://localhost:42229/__cypress/runner/cypress_runner.js:162024:14)",
                "diff": null
              },
              "uuid": "5deb8275-3b11-4ef8-b113-782b1daf08d5",
              "parentUUID": "9ab65f7e-c8fd-47b9-86cd-ed848e7f51da",
              "isHook": false,
              "skipped": false
            },
            {
              "title": "Verifica se a altura do board é 5 quando um valor menor é colocado no input",
              "fullTitle": "11 - Limite o tamanho mínimo e máximo do board. Verifica se a altura do board é 5 quando um valor menor é colocado no input",
              "timedOut": null,
              "duration": 6603,
              "state": "failed",
              "speed": null,
              "pass": false,
              "fail": true,
              "pending": false,
              "context": null,
              "code": "cy.get('#board-size').clear().type(4);\ncy.get('#generate-board').click();\ncy.get('.pixel').should('have.length', 25);",
              "err": {
                "message": "CypressError: Timed out retrying: Expected to find element: '#board-size', but never found it.",
                "estack": "CypressError: Timed out retrying: Expected to find element: '#board-size', but never found it.\n    at cypressErr (http://localhost:42229/__cypress/runner/cypress_runner.js:149934:9)\n    at throwErr (http://localhost:42229/__cypress/runner/cypress_runner.js:149867:11)\n    at Object.throwErrByPath (http://localhost:42229/__cypress/runner/cypress_runner.js:149915:3)\n    at retry (http://localhost:42229/__cypress/runner/cypress_runner.js:144197:19)\n    at onFailFn (http://localhost:42229/__cypress/runner/cypress_runner.js:132448:16)\n    at tryCatcher (http://localhost:42229/__cypress/runner/cypress_runner.js:167415:23)\n    at Promise._settlePromiseFromHandler (http://localhost:42229/__cypress/runner/cypress_runner.js:165351:31)\n    at Promise._settlePromise (http://localhost:42229/__cypress/runner/cypress_runner.js:165408:18)\n    at Promise._settlePromise0 (http://localhost:42229/__cypress/runner/cypress_runner.js:165453:10)\n    at Promise._settlePromises (http://localhost:42229/__cypress/runner/cypress_runner.js:165528:18)\n    at Async../node_modules/bluebird/js/release/async.js.Async._drainQueue (http://localhost:42229/__cypress/runner/cypress_runner.js:162140:16)\n    at Async../node_modules/bluebird/js/release/async.js.Async._drainQueues (http://localhost:42229/__cypress/runner/cypress_runner.js:162150:10)\n    at Async.drainQueues (http://localhost:42229/__cypress/runner/cypress_runner.js:162024:14)",
                "diff": null
              },
              "uuid": "c775e3eb-4dd1-495b-9937-ec50cc633337",
              "parentUUID": "9ab65f7e-c8fd-47b9-86cd-ed848e7f51da",
              "isHook": false,
              "skipped": false
            },
            {
              "title": "Verifica se a altura do board é 50 quando um valor maior é colocado no input",
              "fullTitle": "11 - Limite o tamanho mínimo e máximo do board. Verifica se a altura do board é 50 quando um valor maior é colocado no input",
              "timedOut": null,
              "duration": 5141,
              "state": "failed",
              "speed": null,
              "pass": false,
              "fail": true,
              "pending": false,
              "context": null,
              "code": "cy.get('#board-size').clear().type(51);\ncy.get('#generate-board').click();\ncy.get('.pixel').should('have.length', 2500);",
              "err": {
                "message": "CypressError: Timed out retrying: Expected to find element: '#board-size', but never found it.",
                "estack": "CypressError: Timed out retrying: Expected to find element: '#board-size', but never found it.\n    at cypressErr (http://localhost:42229/__cypress/runner/cypress_runner.js:149934:9)\n    at throwErr (http://localhost:42229/__cypress/runner/cypress_runner.js:149867:11)\n    at Object.throwErrByPath (http://localhost:42229/__cypress/runner/cypress_runner.js:149915:3)\n    at retry (http://localhost:42229/__cypress/runner/cypress_runner.js:144197:19)\n    at onFailFn (http://localhost:42229/__cypress/runner/cypress_runner.js:132448:16)\n    at tryCatcher (http://localhost:42229/__cypress/runner/cypress_runner.js:167415:23)\n    at Promise._settlePromiseFromHandler (http://localhost:42229/__cypress/runner/cypress_runner.js:165351:31)\n    at Promise._settlePromise (http://localhost:42229/__cypress/runner/cypress_runner.js:165408:18)\n    at Promise._settlePromise0 (http://localhost:42229/__cypress/runner/cypress_runner.js:165453:10)\n    at Promise._settlePromises (http://localhost:42229/__cypress/runner/cypress_runner.js:165528:18)\n    at Async../node_modules/bluebird/js/release/async.js.Async._drainQueue (http://localhost:42229/__cypress/runner/cypress_runner.js:162140:16)\n    at Async../node_modules/bluebird/js/release/async.js.Async._drainQueues (http://localhost:42229/__cypress/runner/cypress_runner.js:162150:10)\n    at Async.drainQueues (http://localhost:42229/__cypress/runner/cypress_runner.js:162024:14)",
                "diff": null
              },
              "uuid": "5d2abbde-c853-4e9d-ab5d-c7eafc22528b",
              "parentUUID": "9ab65f7e-c8fd-47b9-86cd-ed848e7f51da",
              "isHook": false,
              "skipped": false
            }
          ],
          "suites": [],
          "passes": [],
          "failures": [
            "5deb8275-3b11-4ef8-b113-782b1daf08d5",
            "c775e3eb-4dd1-495b-9937-ec50cc633337",
            "5d2abbde-c853-4e9d-ab5d-c7eafc22528b"
          ],
          "pending": [],
          "skipped": [],
          "duration": 16781,
          "root": false,
          "rootEmpty": false,
          "_timeout": 2000
        },
        {
          "uuid": "90d53364-01ea-4d15-8bd4-7380cc17e2d1",
          "title": "12 - Faça com que as cores da paleta sejam geradas aleatoriamente ao carregar a página.",
          "fullFile": "",
          "file": "",
          "beforeHooks": [],
          "afterHooks": [],
          "tests": [
            {
              "title": "Verifica se as cores geradas na paleta são diferentes a cada carregamento da página",
              "fullTitle": "12 - Faça com que as cores da paleta sejam geradas aleatoriamente ao carregar a página. Verifica se as cores geradas na paleta são diferentes a cada carregamento da página",
              "timedOut": null,
              "duration": 1760,
              "state": "failed",
              "speed": null,
              "pass": false,
              "fail": true,
              "pending": false,
              "context": null,
              "code": "cy.get('.color').then(function (colors) {\n  var currentColors;\n  var previousColors;\n  previousColors = Array.from(colors).map(function (color) {\n    return Cypress.$(color).css('background-color');\n  });\n  for (var i = 0; i < 5; i += 1) {\n    cy.reload();\n    cy.get('.color').then(function (colors) {\n      currentColors = Array.from(colors).map(function (color) {\n        return Cypress.$(color).css('background-color');\n      });\n      expect(currentColors).not.to.deep.equal(previousColors);\n      previousColors = currentColors;\n    });\n  }\n});",
              "err": {
                "message": "AssertionError: expected [ Array(4) ] to not deeply equal [ Array(4) ]",
                "estack": "AssertionError: expected [ Array(4) ] to not deeply equal [ Array(4) ]\n    at getRet (http://localhost:42229/__cypress/runner/cypress_runner.js:136585:16)\n    at tryCatcher (http://localhost:42229/__cypress/runner/cypress_runner.js:167415:23)\n    at Function.Promise.attempt.Promise.try (http://localhost:42229/__cypress/runner/cypress_runner.js:164690:29)\n    at Context.thenFn (http://localhost:42229/__cypress/runner/cypress_runner.js:136599:23)\n    at Context.then (http://localhost:42229/__cypress/runner/cypress_runner.js:136971:21)\n    at Context.<anonymous> (http://localhost:42229/__cypress/runner/cypress_runner.js:148875:21)\n    at http://localhost:42229/__cypress/runner/cypress_runner.js:148351:33\n    at tryCatcher (http://localhost:42229/__cypress/runner/cypress_runner.js:167415:23)\n    at Promise._settlePromiseFromHandler (http://localhost:42229/__cypress/runner/cypress_runner.js:165351:31)\n    at Promise._settlePromise (http://localhost:42229/__cypress/runner/cypress_runner.js:165408:18)\n    at Promise._settlePromiseCtx (http://localhost:42229/__cypress/runner/cypress_runner.js:165445:10)\n    at Async../node_modules/bluebird/js/release/async.js.Async._drainQueue (http://localhost:42229/__cypress/runner/cypress_runner.js:162145:12)\n    at Async../node_modules/bluebird/js/release/async.js.Async._drainQueues (http://localhost:42229/__cypress/runner/cypress_runner.js:162150:10)\n    at Async.drainQueues (http://localhost:42229/__cypress/runner/cypress_runner.js:162024:14)",
                "diff": ""
              },
              "uuid": "8d016f31-5a42-4d55-bf69-cceea5db91ca",
              "parentUUID": "90d53364-01ea-4d15-8bd4-7380cc17e2d1",
              "isHook": false,
              "skipped": false
            },
            {
              "title": "Verifica se a cor preta ainda está presente e é a primeira na sua paleta de cores",
              "fullTitle": "12 - Faça com que as cores da paleta sejam geradas aleatoriamente ao carregar a página. Verifica se a cor preta ainda está presente e é a primeira na sua paleta de cores",
              "timedOut": null,
              "duration": 994,
              "state": "failed",
              "speed": null,
              "pass": false,
              "fail": true,
              "pending": false,
              "context": null,
              "code": "cy.get('.color').then(function (colors) {\n  var currentColors;\n  var previousColors;\n  previousColors = Array.from(colors).map(function (color) {\n    return Cypress.$(color).css('background-color');\n  });\n  expect(previousColors[0]).to.eq(BLACK);\n  for (var i = 0; i < 5; i += 1) {\n    cy.reload();\n    cy.get('.color').then(function (colors) {\n      currentColors = Array.from(colors).map(function (color) {\n        return Cypress.$(color).css('background-color');\n      });\n      expect(currentColors[0]).to.eq(BLACK);\n      expect(currentColors).not.to.deep.equal(previousColors);\n      previousColors = currentColors;\n    });\n  }\n});",
              "err": {
                "message": "AssertionError: expected [ Array(4) ] to not deeply equal [ Array(4) ]",
                "estack": "AssertionError: expected [ Array(4) ] to not deeply equal [ Array(4) ]\n    at getRet (http://localhost:42229/__cypress/runner/cypress_runner.js:136585:16)\n    at tryCatcher (http://localhost:42229/__cypress/runner/cypress_runner.js:167415:23)\n    at Function.Promise.attempt.Promise.try (http://localhost:42229/__cypress/runner/cypress_runner.js:164690:29)\n    at Context.thenFn (http://localhost:42229/__cypress/runner/cypress_runner.js:136599:23)\n    at Context.then (http://localhost:42229/__cypress/runner/cypress_runner.js:136971:21)\n    at Context.<anonymous> (http://localhost:42229/__cypress/runner/cypress_runner.js:148875:21)\n    at http://localhost:42229/__cypress/runner/cypress_runner.js:148351:33\n    at tryCatcher (http://localhost:42229/__cypress/runner/cypress_runner.js:167415:23)\n    at Promise._settlePromiseFromHandler (http://localhost:42229/__cypress/runner/cypress_runner.js:165351:31)\n    at Promise._settlePromise (http://localhost:42229/__cypress/runner/cypress_runner.js:165408:18)\n    at Promise._settlePromiseCtx (http://localhost:42229/__cypress/runner/cypress_runner.js:165445:10)\n    at Async../node_modules/bluebird/js/release/async.js.Async._drainQueue (http://localhost:42229/__cypress/runner/cypress_runner.js:162145:12)\n    at Async../node_modules/bluebird/js/release/async.js.Async._drainQueues (http://localhost:42229/__cypress/runner/cypress_runner.js:162150:10)\n    at Async.drainQueues (http://localhost:42229/__cypress/runner/cypress_runner.js:162024:14)",
                "diff": ""
              },
              "uuid": "289ae314-3af7-4de1-a4bf-3da4020def27",
              "parentUUID": "90d53364-01ea-4d15-8bd4-7380cc17e2d1",
              "isHook": false,
              "skipped": false
            }
          ],
          "suites": [],
          "passes": [],
          "failures": [
            "8d016f31-5a42-4d55-bf69-cceea5db91ca",
            "289ae314-3af7-4de1-a4bf-3da4020def27"
          ],
          "pending": [],
          "skipped": [],
          "duration": 2754,
          "root": false,
          "rootEmpty": false,
          "_timeout": 2000
        }
      ],
      "passes": [],
      "failures": [],
      "pending": [],
      "skipped": [],
      "duration": 0,
      "root": true,
      "rootEmpty": true,
      "_timeout": 2000
    }
  ],
  "meta": {
    "mocha": {
      "version": "7.0.1"
    },
    "mochawesome": {
      "options": {
        "quiet": false,
        "reportFilename": "mochawesome",
        "saveHtml": false,
        "saveJson": true,
        "consoleReporter": "spec",
        "useInlineDiffs": false
      },
      "version": "4.1.0"
    },
    "marge": {
      "options": {
        "id": "default",
        "reportDir": "cypress/reports",
        "overwrite": true,
        "html": false,
        "json": true
      },
      "version": "4.1.0"
    }
  }
}