{
  "stats": {
    "suites": 12,
    "tests": 41,
    "passes": 23,
    "pending": 0,
    "failures": 18,
    "start": "2021-08-20T20:05:33.775Z",
    "end": "2021-08-20T20:07:39.833Z",
    "duration": 126058,
    "testsRegistered": 41,
    "passPercent": 56.09756097560976,
    "pendingPercent": 0,
    "other": 0,
    "hasOther": false,
    "skipped": 0,
    "hasSkipped": false
  },
  "results": [
    {
      "uuid": "eb0b514d-9e16-4742-a1d7-18a0fb62ee72",
      "title": "",
      "fullFile": "cypress/integration/project.spec.js",
      "file": "cypress/integration/project.spec.js",
      "beforeHooks": [],
      "afterHooks": [],
      "tests": [],
      "suites": [
        {
          "uuid": "8b6ad3e6-a452-427c-94dc-170253df8cec",
          "title": "1 - Adicione à página o título \"Paleta de Cores\".",
          "fullFile": "",
          "file": "",
          "beforeHooks": [],
          "afterHooks": [],
          "tests": [
            {
              "title": "Verifica se contém um elemento `h1` com o id `title` com o título correto",
              "fullTitle": "1 - Adicione à página o título \"Paleta de Cores\". Verifica se contém um elemento `h1` com o id `title` com o título correto",
              "timedOut": null,
              "duration": 920,
              "state": "passed",
              "speed": "slow",
              "pass": true,
              "fail": false,
              "pending": false,
              "context": null,
              "code": "cy.get('h1#title').should('contain.text', 'Paleta de Cores');",
              "err": {},
              "uuid": "c2f3e08a-9ab5-4b16-a5bc-c8f32c654459",
              "parentUUID": "8b6ad3e6-a452-427c-94dc-170253df8cec",
              "isHook": false,
              "skipped": false
            }
          ],
          "suites": [],
          "passes": [
            "c2f3e08a-9ab5-4b16-a5bc-c8f32c654459"
          ],
          "failures": [],
          "pending": [],
          "skipped": [],
          "duration": 920,
          "root": false,
          "rootEmpty": false,
          "_timeout": 2000
        },
        {
          "uuid": "575eae3d-384a-4179-88d0-57c64faa03d1",
          "title": "2 - Adicione à página uma paleta de quatro cores distintas.",
          "fullFile": "",
          "file": "",
          "beforeHooks": [],
          "afterHooks": [],
          "tests": [
            {
              "title": "A paleta de cores deve ser um elemento com `id` denominado `color-palette`",
              "fullTitle": "2 - Adicione à página uma paleta de quatro cores distintas. A paleta de cores deve ser um elemento com `id` denominado `color-palette`",
              "timedOut": null,
              "duration": 1275,
              "state": "passed",
              "speed": "slow",
              "pass": true,
              "fail": false,
              "pending": false,
              "context": null,
              "code": "cy.get('#color-palette').should('be.visible');",
              "err": {},
              "uuid": "b0c200c7-f537-4621-926c-24cbae8f78c3",
              "parentUUID": "575eae3d-384a-4179-88d0-57c64faa03d1",
              "isHook": false,
              "skipped": false
            },
            {
              "title": "Verifica se cada cor individual da paleta de cores possui a `classe` chamada `color`.",
              "fullTitle": "2 - Adicione à página uma paleta de quatro cores distintas. Verifica se cada cor individual da paleta de cores possui a `classe` chamada `color`.",
              "timedOut": null,
              "duration": 1090,
              "state": "passed",
              "speed": "slow",
              "pass": true,
              "fail": false,
              "pending": false,
              "context": null,
              "code": "cy.get('.color').should('have.length', 4).then(function (colors) {\n  for (var i = 0; i < colors.length; i++) {\n    cy.wrap(colors[i]).should('be.visible');\n  }\n});",
              "err": {},
              "uuid": "d5739f20-13d4-492a-8e3f-4214bb63928c",
              "parentUUID": "575eae3d-384a-4179-88d0-57c64faa03d1",
              "isHook": false,
              "skipped": false
            },
            {
              "title": "Verifica se a cor de fundo de cada elemento da paleta é a cor que o elemento representa. **A única cor não permitida na paleta é a cor branca.**",
              "fullTitle": "2 - Adicione à página uma paleta de quatro cores distintas. Verifica se a cor de fundo de cada elemento da paleta é a cor que o elemento representa. **A única cor não permitida na paleta é a cor branca.**",
              "timedOut": null,
              "duration": 705,
              "state": "passed",
              "speed": "slow",
              "pass": true,
              "fail": false,
              "pending": false,
              "context": null,
              "code": "cy.get('.color').each(function (color) {\n  cy.wrap(color).should('have.class', 'color').and('not.have.css', 'background-color', WHITE);\n  cy.wrap(color).should('have.css', 'background-color');\n});",
              "err": {},
              "uuid": "b9fa98e0-5f62-4f73-9e38-1e540ddf5714",
              "parentUUID": "575eae3d-384a-4179-88d0-57c64faa03d1",
              "isHook": false,
              "skipped": false
            },
            {
              "title": "Verifica se cada elemento da paleta de cores tem uma borda preta, sólida e com 1 pixel de largura;",
              "fullTitle": "2 - Adicione à página uma paleta de quatro cores distintas. Verifica se cada elemento da paleta de cores tem uma borda preta, sólida e com 1 pixel de largura;",
              "timedOut": null,
              "duration": 658,
              "state": "passed",
              "speed": "slow",
              "pass": true,
              "fail": false,
              "pending": false,
              "context": null,
              "code": "cy.get('.color').each(function (color) {\n  cy.wrap(color).and('have.css', 'border', \"1px solid \".concat(BLACK)).and('have.class', 'color');\n});",
              "err": {},
              "uuid": "68e9c050-6275-4e07-84f2-83d97a1181fa",
              "parentUUID": "575eae3d-384a-4179-88d0-57c64faa03d1",
              "isHook": false,
              "skipped": false
            },
            {
              "title": "Verifica se a paleta lista todas as cores disponíveis para utilização, lado a lado.",
              "fullTitle": "2 - Adicione à página uma paleta de quatro cores distintas. Verifica se a paleta lista todas as cores disponíveis para utilização, lado a lado.",
              "timedOut": null,
              "duration": 622,
              "state": "passed",
              "speed": "slow",
              "pass": true,
              "fail": false,
              "pending": false,
              "context": null,
              "code": "cy.get('.color').then(function (colors) {\n  for (var index = 1; index < colors.length; index += 1) {\n    var currentColor = colors[index];\n    var previousColor = colors[index - 1];\n    cy.wrap(currentColor).should('be.onTheRightOf', previousColor).and('be.horizontallyAlignedWith', previousColor);\n  }\n});",
              "err": {},
              "uuid": "f51e5014-96f0-452e-ad2e-5a12d38356e2",
              "parentUUID": "575eae3d-384a-4179-88d0-57c64faa03d1",
              "isHook": false,
              "skipped": false
            },
            {
              "title": "Verifica se a paleta de cores está posicionada abaixo do título 'Paleta de Cores'",
              "fullTitle": "2 - Adicione à página uma paleta de quatro cores distintas. Verifica se a paleta de cores está posicionada abaixo do título 'Paleta de Cores'",
              "timedOut": null,
              "duration": 781,
              "state": "passed",
              "speed": "slow",
              "pass": true,
              "fail": false,
              "pending": false,
              "context": null,
              "code": "cy.get('h1#title').then(function (title) {\n  cy.get('#color-palette').should('be.belowOf', title);\n});",
              "err": {},
              "uuid": "7d7a3c82-935a-4c08-a96e-a16c4164ad94",
              "parentUUID": "575eae3d-384a-4179-88d0-57c64faa03d1",
              "isHook": false,
              "skipped": false
            },
            {
              "title": "Verifica se a paleta de cores não contém cores repetidas.",
              "fullTitle": "2 - Adicione à página uma paleta de quatro cores distintas. Verifica se a paleta de cores não contém cores repetidas.",
              "timedOut": null,
              "duration": 449,
              "state": "passed",
              "speed": "slow",
              "pass": true,
              "fail": false,
              "pending": false,
              "context": null,
              "code": "cy.get('.color').then(function (colors) {\n  var allColors = Array.from(colors).map(function (color) {\n    return Cypress.$(color).css('background-color');\n  });\n  cy.log(allColors);\n  var uniqColors = (0, _toConsumableArray2[\"default\"])(new Set(allColors));\n  cy.log(uniqColors);\n  expect(allColors.length).to.eq(uniqColors.length);\n});",
              "err": {},
              "uuid": "aaace769-83f3-4e04-8605-b232164770fa",
              "parentUUID": "575eae3d-384a-4179-88d0-57c64faa03d1",
              "isHook": false,
              "skipped": false
            }
          ],
          "suites": [],
          "passes": [
            "b0c200c7-f537-4621-926c-24cbae8f78c3",
            "d5739f20-13d4-492a-8e3f-4214bb63928c",
            "b9fa98e0-5f62-4f73-9e38-1e540ddf5714",
            "68e9c050-6275-4e07-84f2-83d97a1181fa",
            "f51e5014-96f0-452e-ad2e-5a12d38356e2",
            "7d7a3c82-935a-4c08-a96e-a16c4164ad94",
            "aaace769-83f3-4e04-8605-b232164770fa"
          ],
          "failures": [],
          "pending": [],
          "skipped": [],
          "duration": 5580,
          "root": false,
          "rootEmpty": false,
          "_timeout": 2000
        },
        {
          "uuid": "5eba9ce0-5ea1-49a8-9dfa-136f9d554123",
          "title": "3 - Adicione a cor **preta** como a primeira cor da paleta de cores.",
          "fullFile": "",
          "file": "",
          "beforeHooks": [],
          "afterHooks": [],
          "tests": [
            {
              "title": "Verifica se a primeira cor da paleta é preta",
              "fullTitle": "3 - Adicione a cor **preta** como a primeira cor da paleta de cores. Verifica se a primeira cor da paleta é preta",
              "timedOut": null,
              "duration": 684,
              "state": "passed",
              "speed": "slow",
              "pass": true,
              "fail": false,
              "pending": false,
              "context": null,
              "code": "cy.get('.color').first().should('have.css', 'background-color', BLACK);",
              "err": {},
              "uuid": "7bbbc8a1-db5f-4d88-b465-4cc362bf2e01",
              "parentUUID": "5eba9ce0-5ea1-49a8-9dfa-136f9d554123",
              "isHook": false,
              "skipped": false
            },
            {
              "title": "Verifica se as demais cores podem ser escolhidas livremente.",
              "fullTitle": "3 - Adicione a cor **preta** como a primeira cor da paleta de cores. Verifica se as demais cores podem ser escolhidas livremente.",
              "timedOut": null,
              "duration": 838,
              "state": "passed",
              "speed": "slow",
              "pass": true,
              "fail": false,
              "pending": false,
              "context": null,
              "code": "cy.get('.color').eq(1).should('not.have.css', 'background-color', BLACK);\ncy.get('.color').eq(1).should('not.have.css', 'background-color', WHITE);\ncy.get('.color').eq(1).should('not.have.css', 'background-color', 'rgba(0, 0, 0, 0)');\ncy.get('.color').eq(1).should('have.css', 'background-color');\ncy.get('.color').eq(2).should('not.have.css', 'background-color', BLACK);\ncy.get('.color').eq(2).should('not.have.css', 'background-color', WHITE);\ncy.get('.color').eq(2).should('not.have.css', 'background-color', 'rgba(0, 0, 0, 0)');\ncy.get('.color').eq(2).should('have.css', 'background-color');\ncy.get('.color').eq(3).should('not.have.css', 'background-color', BLACK);\ncy.get('.color').eq(3).should('not.have.css', 'background-color', WHITE);\ncy.get('.color').eq(3).should('not.have.css', 'background-color', 'rgba(0, 0, 0, 0)');\ncy.get('.color').eq(3).should('have.css', 'background-color');",
              "err": {},
              "uuid": "f5280ede-6363-437a-a162-46f2a34c7a9c",
              "parentUUID": "5eba9ce0-5ea1-49a8-9dfa-136f9d554123",
              "isHook": false,
              "skipped": false
            }
          ],
          "suites": [],
          "passes": [
            "7bbbc8a1-db5f-4d88-b465-4cc362bf2e01",
            "f5280ede-6363-437a-a162-46f2a34c7a9c"
          ],
          "failures": [],
          "pending": [],
          "skipped": [],
          "duration": 1522,
          "root": false,
          "rootEmpty": false,
          "_timeout": 2000
        },
        {
          "uuid": "81cffe3c-bea5-4885-9076-843fb8f8d46d",
          "title": "4 - Adicione à página um quadro de pixels, com 25 pixels.",
          "fullFile": "",
          "file": "",
          "beforeHooks": [],
          "afterHooks": [],
          "tests": [
            {
              "title": "Verifica se o quadro de pixels possui o `id` denominado `pixel-board`",
              "fullTitle": "4 - Adicione à página um quadro de pixels, com 25 pixels. Verifica se o quadro de pixels possui o `id` denominado `pixel-board`",
              "timedOut": null,
              "duration": 520,
              "state": "passed",
              "speed": "slow",
              "pass": true,
              "fail": false,
              "pending": false,
              "context": null,
              "code": "cy.get('#pixel-board').should('be.visible');",
              "err": {},
              "uuid": "d866d1f7-c981-41e7-bc11-c21981c1e3cc",
              "parentUUID": "81cffe3c-bea5-4885-9076-843fb8f8d46d",
              "isHook": false,
              "skipped": false
            },
            {
              "title": "Verifica se cada pixel individual dentro do quadro possui a `classe` denominada `pixel`.",
              "fullTitle": "4 - Adicione à página um quadro de pixels, com 25 pixels. Verifica se cada pixel individual dentro do quadro possui a `classe` denominada `pixel`.",
              "timedOut": null,
              "duration": 645,
              "state": "passed",
              "speed": "slow",
              "pass": true,
              "fail": false,
              "pending": false,
              "context": null,
              "code": "cy.get('.pixel').should('have.length', 25);",
              "err": {},
              "uuid": "8ca97dc2-d324-47e1-94ea-ed85033169e1",
              "parentUUID": "81cffe3c-bea5-4885-9076-843fb8f8d46d",
              "isHook": false,
              "skipped": false
            },
            {
              "title": "Verifica se a cor inicial dos pixels dentro do quadro, ao abrir a página, é branca.",
              "fullTitle": "4 - Adicione à página um quadro de pixels, com 25 pixels. Verifica se a cor inicial dos pixels dentro do quadro, ao abrir a página, é branca.",
              "timedOut": null,
              "duration": 1064,
              "state": "passed",
              "speed": "slow",
              "pass": true,
              "fail": false,
              "pending": false,
              "context": null,
              "code": "cy.get('.pixel').should('have.length', 25).each(function (pixel) {\n  expect(pixel).to.have.css('background-color', WHITE);\n});",
              "err": {},
              "uuid": "efa8af9f-cd42-4f71-a43c-7b26dd1f63b9",
              "parentUUID": "81cffe3c-bea5-4885-9076-843fb8f8d46d",
              "isHook": false,
              "skipped": false
            },
            {
              "title": "Verifica se o quadro de pixels aparece abaixo da paleta de cores",
              "fullTitle": "4 - Adicione à página um quadro de pixels, com 25 pixels. Verifica se o quadro de pixels aparece abaixo da paleta de cores",
              "timedOut": null,
              "duration": 463,
              "state": "passed",
              "speed": "slow",
              "pass": true,
              "fail": false,
              "pending": false,
              "context": null,
              "code": "cy.get('#color-palette').then(function (palette) {\n  cy.get('#pixel-board').should('be.belowOf', palette);\n});",
              "err": {},
              "uuid": "dc61d800-6712-4cee-952c-e64d3d194bca",
              "parentUUID": "81cffe3c-bea5-4885-9076-843fb8f8d46d",
              "isHook": false,
              "skipped": false
            }
          ],
          "suites": [],
          "passes": [
            "d866d1f7-c981-41e7-bc11-c21981c1e3cc",
            "8ca97dc2-d324-47e1-94ea-ed85033169e1",
            "efa8af9f-cd42-4f71-a43c-7b26dd1f63b9",
            "dc61d800-6712-4cee-952c-e64d3d194bca"
          ],
          "failures": [],
          "pending": [],
          "skipped": [],
          "duration": 2692,
          "root": false,
          "rootEmpty": false,
          "_timeout": 2000
        },
        {
          "uuid": "fcceb94c-685a-49bb-943a-a342bf2214dd",
          "title": "5 - Faça com que cada elemento do quadro de pixels possua 40 pixels de largura, 40 pixels de altura e seja delimitado por uma borda preta de 1 pixel.",
          "fullFile": "",
          "file": "",
          "beforeHooks": [],
          "afterHooks": [],
          "tests": [
            {
              "title": "Verifica se o quadro de pixels tem altura e comprimento de 5 elementos",
              "fullTitle": "5 - Faça com que cada elemento do quadro de pixels possua 40 pixels de largura, 40 pixels de altura e seja delimitado por uma borda preta de 1 pixel. Verifica se o quadro de pixels tem altura e comprimento de 5 elementos",
              "timedOut": null,
              "duration": 1183,
              "state": "passed",
              "speed": "slow",
              "pass": true,
              "fail": false,
              "pending": false,
              "context": null,
              "code": "cy.get('.pixel').should('have.length', 25).each(function (pixel) {\n  expect(pixel).to.have.css('background-color', WHITE);\n}).and(function (pixels) {\n  var rows = chunk(pixels, 5);\n  rows.forEach(function (row) {\n    for (var index = 1; index < row.length; index += 1) {\n      var current = pixels[index];\n      var previous = pixels[index - 1];\n      cy.wrap(current).should('be.onTheRightOf', previous).and('be.horizontallyAlignedWith', previous);\n    }\n  });\n  for (var index = 1; index < 5; index += 1) {\n    expect(pixels[index * 5]).to.be.belowOf(pixels[(index - 1) * 5]);\n  }\n});",
              "err": {},
              "uuid": "19dd7670-4556-4495-8581-1de3879892a4",
              "parentUUID": "fcceb94c-685a-49bb-943a-a342bf2214dd",
              "isHook": false,
              "skipped": false
            },
            {
              "title": "Verifica se 40 pixels é o tamanho total do elemento, incluindo seu conteúdo e excluindo a borda preta, que deve ser criada à parte.",
              "fullTitle": "5 - Faça com que cada elemento do quadro de pixels possua 40 pixels de largura, 40 pixels de altura e seja delimitado por uma borda preta de 1 pixel. Verifica se 40 pixels é o tamanho total do elemento, incluindo seu conteúdo e excluindo a borda preta, que deve ser criada à parte.",
              "timedOut": null,
              "duration": 915,
              "state": "passed",
              "speed": "slow",
              "pass": true,
              "fail": false,
              "pending": false,
              "context": null,
              "code": "cy.get('.pixel').each(function (pixel) {\n  cy.wrap(pixel).should('have.css', 'height', '40px').and('have.css', 'width', '40px').and('have.css', 'border', \"1px solid \".concat(BLACK));\n});",
              "err": {},
              "uuid": "47cb80ea-71ee-4b18-bbc8-ced663bbbfa8",
              "parentUUID": "fcceb94c-685a-49bb-943a-a342bf2214dd",
              "isHook": false,
              "skipped": false
            }
          ],
          "suites": [],
          "passes": [
            "19dd7670-4556-4495-8581-1de3879892a4",
            "47cb80ea-71ee-4b18-bbc8-ced663bbbfa8"
          ],
          "failures": [],
          "pending": [],
          "skipped": [],
          "duration": 2098,
          "root": false,
          "rootEmpty": false,
          "_timeout": 2000
        },
        {
          "uuid": "206ea86d-a24a-4178-b211-bfd905ab0afb",
          "title": "6 - Defina a cor preta como cor inicial. Ao carregar a página a cor preta já deve estar selecionada para pintar os pixels",
          "fullFile": "",
          "file": "",
          "beforeHooks": [],
          "afterHooks": [],
          "tests": [
            {
              "title": "Verifica se o elemento da cor preta possui, inicialmente, a `classe` `selected`",
              "fullTitle": "6 - Defina a cor preta como cor inicial. Ao carregar a página a cor preta já deve estar selecionada para pintar os pixels Verifica se o elemento da cor preta possui, inicialmente, a `classe` `selected`",
              "timedOut": null,
              "duration": 222,
              "state": "passed",
              "speed": "slow",
              "pass": true,
              "fail": false,
              "pending": false,
              "context": null,
              "code": "cy.get('.selected').first().should('have.css', 'background-color', BLACK);",
              "err": {},
              "uuid": "2d6eb777-ae79-4280-bad8-754be762594a",
              "parentUUID": "206ea86d-a24a-4178-b211-bfd905ab0afb",
              "isHook": false,
              "skipped": false
            },
            {
              "title": "Verifica se nenhuma outra cor da paleta tem a `classe` `selected`",
              "fullTitle": "6 - Defina a cor preta como cor inicial. Ao carregar a página a cor preta já deve estar selecionada para pintar os pixels Verifica se nenhuma outra cor da paleta tem a `classe` `selected`",
              "timedOut": null,
              "duration": 625,
              "state": "passed",
              "speed": "slow",
              "pass": true,
              "fail": false,
              "pending": false,
              "context": null,
              "code": "cy.get('.color:not(:first-child)').each(function (color) {\n  cy.wrap(color).should('not.have.class', 'selected');\n});",
              "err": {},
              "uuid": "ee0c6fad-828f-48d3-9caf-69fd5795c4a7",
              "parentUUID": "206ea86d-a24a-4178-b211-bfd905ab0afb",
              "isHook": false,
              "skipped": false
            }
          ],
          "suites": [],
          "passes": [
            "2d6eb777-ae79-4280-bad8-754be762594a",
            "ee0c6fad-828f-48d3-9caf-69fd5795c4a7"
          ],
          "failures": [],
          "pending": [],
          "skipped": [],
          "duration": 847,
          "root": false,
          "rootEmpty": false,
          "_timeout": 2000
        },
        {
          "uuid": "9d792aa5-1686-466a-85cf-798648ec026f",
          "title": "7 - Clicar em uma das cores da paleta, faz com que ela seja selecionada e utilizada para preencher os pixels no quadro.",
          "fullFile": "",
          "file": "",
          "beforeHooks": [],
          "afterHooks": [],
          "tests": [
            {
              "title": "Verifica se somente uma cor da paleta de cores tem a classe `selected` de cada vez",
              "fullTitle": "7 - Clicar em uma das cores da paleta, faz com que ela seja selecionada e utilizada para preencher os pixels no quadro. Verifica se somente uma cor da paleta de cores tem a classe `selected` de cada vez",
              "timedOut": null,
              "duration": 1445,
              "state": "passed",
              "speed": "slow",
              "pass": true,
              "fail": false,
              "pending": false,
              "context": null,
              "code": "cy.get('.color').each(function (selectedColor, selectedColorIndex) {\n  cy.wrap(selectedColor).click();\n  cy.get('.color').each(function (color, colorIndex) {\n    if (colorIndex === selectedColorIndex) {\n      expect(color).to.have[\"class\"]('selected');\n    } else {\n      expect(color).not.to.have[\"class\"]('selected');\n    }\n  });\n});",
              "err": {},
              "uuid": "24b048db-e514-4586-ac5c-e0b24b431df9",
              "parentUUID": "9d792aa5-1686-466a-85cf-798648ec026f",
              "isHook": false,
              "skipped": false
            },
            {
              "title": "Verifica se os pixels dentro do quadro não têm a classe `selected` quando são clicados",
              "fullTitle": "7 - Clicar em uma das cores da paleta, faz com que ela seja selecionada e utilizada para preencher os pixels no quadro. Verifica se os pixels dentro do quadro não têm a classe `selected` quando são clicados",
              "timedOut": null,
              "duration": 10540,
              "state": "passed",
              "speed": "slow",
              "pass": true,
              "fail": false,
              "pending": false,
              "context": null,
              "code": "cy.get('.color').each(function (color) {\n  var backgroundColor = color.css('background-color');\n  cy.wrap(color).click();\n  cy.get('.pixel').each(function (pixel) {\n    cy.wrap(pixel).click().should('not.have.class', 'selected');\n  });\n});",
              "err": {},
              "uuid": "3ca9370a-ea33-4a2c-ba7f-eff6231e4518",
              "parentUUID": "9d792aa5-1686-466a-85cf-798648ec026f",
              "isHook": false,
              "skipped": false
            }
          ],
          "suites": [],
          "passes": [
            "24b048db-e514-4586-ac5c-e0b24b431df9",
            "3ca9370a-ea33-4a2c-ba7f-eff6231e4518"
          ],
          "failures": [],
          "pending": [],
          "skipped": [],
          "duration": 11985,
          "root": false,
          "rootEmpty": false,
          "_timeout": 2000
        },
        {
          "uuid": "443edc83-8d9c-4ce9-a5a0-17456245f6b1",
          "title": "8 - Clicar em um pixel dentro do quadro após selecionar uma cor na paleta, faz com que o pixel seja preenchido com a cor selecionada.",
          "fullFile": "",
          "file": "",
          "beforeHooks": [],
          "afterHooks": [],
          "tests": [
            {
              "title": "Verifica se ao carregar a página deve ser possível pintar os pixels de preto",
              "fullTitle": "8 - Clicar em um pixel dentro do quadro após selecionar uma cor na paleta, faz com que o pixel seja preenchido com a cor selecionada. Verifica se ao carregar a página deve ser possível pintar os pixels de preto",
              "timedOut": null,
              "duration": 2593,
              "state": "passed",
              "speed": "slow",
              "pass": true,
              "fail": false,
              "pending": false,
              "context": null,
              "code": "cy.get('.pixel').each(function (pixel) {\n  cy.wrap(pixel).click().should('have.css', 'background-color', BLACK);\n});",
              "err": {},
              "uuid": "8def3629-de18-4eb8-9b77-5cfd4a600352",
              "parentUUID": "443edc83-8d9c-4ce9-a5a0-17456245f6b1",
              "isHook": false,
              "skipped": false
            },
            {
              "title": "Verifica se após selecionar uma outra cor na paleta, é possível pintar os pixels com essa cor",
              "fullTitle": "8 - Clicar em um pixel dentro do quadro após selecionar uma cor na paleta, faz com que o pixel seja preenchido com a cor selecionada. Verifica se após selecionar uma outra cor na paleta, é possível pintar os pixels com essa cor",
              "timedOut": null,
              "duration": 9316,
              "state": "passed",
              "speed": "slow",
              "pass": true,
              "fail": false,
              "pending": false,
              "context": null,
              "code": "cy.get('.color').each(function (color) {\n  var backgroundColor = color.css('background-color');\n  cy.wrap(color).click();\n  cy.get('.pixel').each(function (pixel) {\n    cy.wrap(pixel).click().should('have.css', 'background-color', backgroundColor);\n  });\n});",
              "err": {},
              "uuid": "84edce00-1485-4690-9334-df9dbb7d3cf5",
              "parentUUID": "443edc83-8d9c-4ce9-a5a0-17456245f6b1",
              "isHook": false,
              "skipped": false
            },
            {
              "title": "Verifica se somente o pixel que foi clicado foi preenchido com a cor selecionada, sem influenciar na cor dos demais pixels.",
              "fullTitle": "8 - Clicar em um pixel dentro do quadro após selecionar uma cor na paleta, faz com que o pixel seja preenchido com a cor selecionada. Verifica se somente o pixel que foi clicado foi preenchido com a cor selecionada, sem influenciar na cor dos demais pixels.",
              "timedOut": null,
              "duration": 2053,
              "state": "passed",
              "speed": "slow",
              "pass": true,
              "fail": false,
              "pending": false,
              "context": null,
              "code": "var colorToPixelIndexMap = {\n  0: 6,\n  1: 8,\n  2: 16,\n  3: 18\n};\ncy.get('.color').each(function (color, index) {\n  cy.wrap(color).click();\n  var backgroundColor = color.css('background-color');\n  var clickedPixelIndex = colorToPixelIndexMap[index];\n  cy.get('.pixel').eq(clickedPixelIndex).click();\n  cy.get('.pixel').eq(clickedPixelIndex - 1).should('not.have.css', 'background-color', backgroundColor);\n  cy.get('.pixel').eq(clickedPixelIndex + 1).should('not.have.css', 'background-color', backgroundColor);\n  cy.get('.pixel').eq(clickedPixelIndex - 5).should('not.have.css', 'background-color', backgroundColor);\n  cy.get('.pixel').eq(clickedPixelIndex + 5).should('not.have.css', 'background-color', backgroundColor);\n  cy.get('.pixel').eq(clickedPixelIndex - 6).should('not.have.css', 'background-color', backgroundColor);\n  cy.get('.pixel').eq(clickedPixelIndex - 4).should('not.have.css', 'background-color', backgroundColor);\n  cy.get('.pixel').eq(clickedPixelIndex + 4).should('not.have.css', 'background-color', backgroundColor);\n  cy.get('.pixel').eq(clickedPixelIndex + 6).should('not.have.css', 'background-color', backgroundColor);\n});",
              "err": {},
              "uuid": "873b6ef7-7b6c-443b-8d97-f132a678dfb7",
              "parentUUID": "443edc83-8d9c-4ce9-a5a0-17456245f6b1",
              "isHook": false,
              "skipped": false
            }
          ],
          "suites": [],
          "passes": [
            "8def3629-de18-4eb8-9b77-5cfd4a600352",
            "84edce00-1485-4690-9334-df9dbb7d3cf5",
            "873b6ef7-7b6c-443b-8d97-f132a678dfb7"
          ],
          "failures": [],
          "pending": [],
          "skipped": [],
          "duration": 13962,
          "root": false,
          "rootEmpty": false,
          "_timeout": 2000
        },
        {
          "uuid": "6ba3ea1b-088b-4aeb-b6ce-b7ad5b630d62",
          "title": "9 - Crie um botão que, ao ser clicado, limpa o quadro preenchendo a cor de todos seus pixels com branco.",
          "fullFile": "",
          "file": "",
          "beforeHooks": [],
          "afterHooks": [],
          "tests": [
            {
              "title": "Verifica se o botão tem o `id` denominado `clear-board`",
              "fullTitle": "9 - Crie um botão que, ao ser clicado, limpa o quadro preenchendo a cor de todos seus pixels com branco. Verifica se o botão tem o `id` denominado `clear-board`",
              "timedOut": null,
              "duration": 4623,
              "state": "failed",
              "speed": null,
              "pass": false,
              "fail": true,
              "pending": false,
              "context": null,
              "code": "cy.get('#clear-board').should('be.visible');",
              "err": {
                "message": "CypressError: Timed out retrying: Expected to find element: '#clear-board', but never found it.",
                "estack": "CypressError: Timed out retrying: Expected to find element: '#clear-board', but never found it.\n    at cypressErr (http://localhost:41135/__cypress/runner/cypress_runner.js:149934:9)\n    at throwErr (http://localhost:41135/__cypress/runner/cypress_runner.js:149867:11)\n    at Object.throwErrByPath (http://localhost:41135/__cypress/runner/cypress_runner.js:149915:3)\n    at retry (http://localhost:41135/__cypress/runner/cypress_runner.js:144197:19)\n    at onFailFn (http://localhost:41135/__cypress/runner/cypress_runner.js:132448:16)\n    at tryCatcher (http://localhost:41135/__cypress/runner/cypress_runner.js:167415:23)\n    at Promise._settlePromiseFromHandler (http://localhost:41135/__cypress/runner/cypress_runner.js:165351:31)\n    at Promise._settlePromise (http://localhost:41135/__cypress/runner/cypress_runner.js:165408:18)\n    at Promise._settlePromise0 (http://localhost:41135/__cypress/runner/cypress_runner.js:165453:10)\n    at Promise._settlePromises (http://localhost:41135/__cypress/runner/cypress_runner.js:165528:18)\n    at Async../node_modules/bluebird/js/release/async.js.Async._drainQueue (http://localhost:41135/__cypress/runner/cypress_runner.js:162140:16)\n    at Async../node_modules/bluebird/js/release/async.js.Async._drainQueues (http://localhost:41135/__cypress/runner/cypress_runner.js:162150:10)\n    at Async.drainQueues (http://localhost:41135/__cypress/runner/cypress_runner.js:162024:14)",
                "diff": null
              },
              "uuid": "ff46e1e1-e9e5-4b40-ad6b-b77e5d1e709b",
              "parentUUID": "6ba3ea1b-088b-4aeb-b6ce-b7ad5b630d62",
              "isHook": false,
              "skipped": false
            },
            {
              "title": "Verifica se o botão está posicionado entre a paleta de cores e o quadro de pixels",
              "fullTitle": "9 - Crie um botão que, ao ser clicado, limpa o quadro preenchendo a cor de todos seus pixels com branco. Verifica se o botão está posicionado entre a paleta de cores e o quadro de pixels",
              "timedOut": null,
              "duration": 4457,
              "state": "failed",
              "speed": null,
              "pass": false,
              "fail": true,
              "pending": false,
              "context": null,
              "code": "cy.get('#color-palette').then(function (palette) {\n  cy.get('#clear-board').should('be.belowOf', palette);\n});\ncy.get('#clear-board').then(function (clearBtn) {\n  cy.get('#pixel-board').should('be.belowOf', clearBtn);\n});",
              "err": {
                "message": "CypressError: Timed out retrying: Expected to find element: '#clear-board', but never found it.",
                "estack": "CypressError: Timed out retrying: Expected to find element: '#clear-board', but never found it.\n    at cypressErr (http://localhost:41135/__cypress/runner/cypress_runner.js:149934:9)\n    at throwErr (http://localhost:41135/__cypress/runner/cypress_runner.js:149867:11)\n    at Object.throwErrByPath (http://localhost:41135/__cypress/runner/cypress_runner.js:149915:3)\n    at retry (http://localhost:41135/__cypress/runner/cypress_runner.js:144197:19)\n    at onFailFn (http://localhost:41135/__cypress/runner/cypress_runner.js:132448:16)\n    at tryCatcher (http://localhost:41135/__cypress/runner/cypress_runner.js:167415:23)\n    at Promise._settlePromiseFromHandler (http://localhost:41135/__cypress/runner/cypress_runner.js:165351:31)\n    at Promise._settlePromise (http://localhost:41135/__cypress/runner/cypress_runner.js:165408:18)\n    at Promise._settlePromise0 (http://localhost:41135/__cypress/runner/cypress_runner.js:165453:10)\n    at Promise._settlePromises (http://localhost:41135/__cypress/runner/cypress_runner.js:165528:18)\n    at Async../node_modules/bluebird/js/release/async.js.Async._drainQueue (http://localhost:41135/__cypress/runner/cypress_runner.js:162140:16)\n    at Async../node_modules/bluebird/js/release/async.js.Async._drainQueues (http://localhost:41135/__cypress/runner/cypress_runner.js:162150:10)\n    at Async.drainQueues (http://localhost:41135/__cypress/runner/cypress_runner.js:162024:14)",
                "diff": null
              },
              "uuid": "92708b05-6a76-46b9-ae3a-1751f797cd1a",
              "parentUUID": "6ba3ea1b-088b-4aeb-b6ce-b7ad5b630d62",
              "isHook": false,
              "skipped": false
            },
            {
              "title": "Verifica se o texto do botão é 'Limpar'",
              "fullTitle": "9 - Crie um botão que, ao ser clicado, limpa o quadro preenchendo a cor de todos seus pixels com branco. Verifica se o texto do botão é 'Limpar'",
              "timedOut": null,
              "duration": 4804,
              "state": "failed",
              "speed": null,
              "pass": false,
              "fail": true,
              "pending": false,
              "context": null,
              "code": "cy.get('#clear-board').should('contain.text', 'Limpar');",
              "err": {
                "message": "CypressError: Timed out retrying: Expected to find element: '#clear-board', but never found it.",
                "estack": "CypressError: Timed out retrying: Expected to find element: '#clear-board', but never found it.\n    at cypressErr (http://localhost:41135/__cypress/runner/cypress_runner.js:149934:9)\n    at throwErr (http://localhost:41135/__cypress/runner/cypress_runner.js:149867:11)\n    at Object.throwErrByPath (http://localhost:41135/__cypress/runner/cypress_runner.js:149915:3)\n    at retry (http://localhost:41135/__cypress/runner/cypress_runner.js:144197:19)\n    at onFailFn (http://localhost:41135/__cypress/runner/cypress_runner.js:132448:16)\n    at tryCatcher (http://localhost:41135/__cypress/runner/cypress_runner.js:167415:23)\n    at Promise._settlePromiseFromHandler (http://localhost:41135/__cypress/runner/cypress_runner.js:165351:31)\n    at Promise._settlePromise (http://localhost:41135/__cypress/runner/cypress_runner.js:165408:18)\n    at Promise._settlePromise0 (http://localhost:41135/__cypress/runner/cypress_runner.js:165453:10)\n    at Promise._settlePromises (http://localhost:41135/__cypress/runner/cypress_runner.js:165528:18)\n    at Async../node_modules/bluebird/js/release/async.js.Async._drainQueue (http://localhost:41135/__cypress/runner/cypress_runner.js:162140:16)\n    at Async../node_modules/bluebird/js/release/async.js.Async._drainQueues (http://localhost:41135/__cypress/runner/cypress_runner.js:162150:10)\n    at Async.drainQueues (http://localhost:41135/__cypress/runner/cypress_runner.js:162024:14)",
                "diff": null
              },
              "uuid": "4a321318-31bf-4f19-99f3-d2e82d9843ec",
              "parentUUID": "6ba3ea1b-088b-4aeb-b6ce-b7ad5b630d62",
              "isHook": false,
              "skipped": false
            },
            {
              "title": "Verifica se ao clicar no botão, o quadro de pixels é totalmente preenchido de branco",
              "fullTitle": "9 - Crie um botão que, ao ser clicado, limpa o quadro preenchendo a cor de todos seus pixels com branco. Verifica se ao clicar no botão, o quadro de pixels é totalmente preenchido de branco",
              "timedOut": null,
              "duration": 6933,
              "state": "failed",
              "speed": null,
              "pass": false,
              "fail": true,
              "pending": false,
              "context": null,
              "code": "cy.get('.color').eq(1).then(function (color) {\n  var backgroundColor = color.css('background-color');\n  cy.wrap(color).click();\n  cy.get('.pixel').each(function (pixel) {\n    cy.wrap(pixel).click().should('have.css', 'background-color', backgroundColor);\n  });\n});\ncy.get('#clear-board').click();\ncy.get('.pixel').each(function (pixel) {\n  cy.wrap(pixel).should('have.css', 'background-color', WHITE);\n});",
              "err": {
                "message": "CypressError: Timed out retrying: Expected to find element: '#clear-board', but never found it.",
                "estack": "CypressError: Timed out retrying: Expected to find element: '#clear-board', but never found it.\n    at cypressErr (http://localhost:41135/__cypress/runner/cypress_runner.js:149934:9)\n    at throwErr (http://localhost:41135/__cypress/runner/cypress_runner.js:149867:11)\n    at Object.throwErrByPath (http://localhost:41135/__cypress/runner/cypress_runner.js:149915:3)\n    at retry (http://localhost:41135/__cypress/runner/cypress_runner.js:144197:19)\n    at onFailFn (http://localhost:41135/__cypress/runner/cypress_runner.js:132448:16)\n    at tryCatcher (http://localhost:41135/__cypress/runner/cypress_runner.js:167415:23)\n    at Promise._settlePromiseFromHandler (http://localhost:41135/__cypress/runner/cypress_runner.js:165351:31)\n    at Promise._settlePromise (http://localhost:41135/__cypress/runner/cypress_runner.js:165408:18)\n    at Promise._settlePromise0 (http://localhost:41135/__cypress/runner/cypress_runner.js:165453:10)\n    at Promise._settlePromises (http://localhost:41135/__cypress/runner/cypress_runner.js:165528:18)\n    at Async../node_modules/bluebird/js/release/async.js.Async._drainQueue (http://localhost:41135/__cypress/runner/cypress_runner.js:162140:16)\n    at Async../node_modules/bluebird/js/release/async.js.Async._drainQueues (http://localhost:41135/__cypress/runner/cypress_runner.js:162150:10)\n    at Async.drainQueues (http://localhost:41135/__cypress/runner/cypress_runner.js:162024:14)",
                "diff": null
              },
              "uuid": "6f4a0a51-d39b-478b-900a-1d28018f4c1c",
              "parentUUID": "6ba3ea1b-088b-4aeb-b6ce-b7ad5b630d62",
              "isHook": false,
              "skipped": false
            }
          ],
          "suites": [],
          "passes": [],
          "failures": [
            "ff46e1e1-e9e5-4b40-ad6b-b77e5d1e709b",
            "92708b05-6a76-46b9-ae3a-1751f797cd1a",
            "4a321318-31bf-4f19-99f3-d2e82d9843ec",
            "6f4a0a51-d39b-478b-900a-1d28018f4c1c"
          ],
          "pending": [],
          "skipped": [],
          "duration": 20817,
          "root": false,
          "rootEmpty": false,
          "_timeout": 2000
        },
        {
          "uuid": "84a6a771-c2bb-4efb-981a-cf14af649161",
          "title": "10 - Faça o quadro de pixels ter seu tamanho definido pelo usuário.",
          "fullFile": "",
          "file": "",
          "beforeHooks": [],
          "afterHooks": [],
          "tests": [
            {
              "title": "Verifica se existe um input com o id `board-size`",
              "fullTitle": "10 - Faça o quadro de pixels ter seu tamanho definido pelo usuário. Verifica se existe um input com o id `board-size`",
              "timedOut": null,
              "duration": 4640,
              "state": "failed",
              "speed": null,
              "pass": false,
              "fail": true,
              "pending": false,
              "context": null,
              "code": "cy.get('#board-size').should('be.visible');",
              "err": {
                "message": "CypressError: Timed out retrying: Expected to find element: '#board-size', but never found it.",
                "estack": "CypressError: Timed out retrying: Expected to find element: '#board-size', but never found it.\n    at cypressErr (http://localhost:41135/__cypress/runner/cypress_runner.js:149934:9)\n    at throwErr (http://localhost:41135/__cypress/runner/cypress_runner.js:149867:11)\n    at Object.throwErrByPath (http://localhost:41135/__cypress/runner/cypress_runner.js:149915:3)\n    at retry (http://localhost:41135/__cypress/runner/cypress_runner.js:144197:19)\n    at onFailFn (http://localhost:41135/__cypress/runner/cypress_runner.js:132448:16)\n    at tryCatcher (http://localhost:41135/__cypress/runner/cypress_runner.js:167415:23)\n    at Promise._settlePromiseFromHandler (http://localhost:41135/__cypress/runner/cypress_runner.js:165351:31)\n    at Promise._settlePromise (http://localhost:41135/__cypress/runner/cypress_runner.js:165408:18)\n    at Promise._settlePromise0 (http://localhost:41135/__cypress/runner/cypress_runner.js:165453:10)\n    at Promise._settlePromises (http://localhost:41135/__cypress/runner/cypress_runner.js:165528:18)\n    at Async../node_modules/bluebird/js/release/async.js.Async._drainQueue (http://localhost:41135/__cypress/runner/cypress_runner.js:162140:16)\n    at Async../node_modules/bluebird/js/release/async.js.Async._drainQueues (http://localhost:41135/__cypress/runner/cypress_runner.js:162150:10)\n    at Async.drainQueues (http://localhost:41135/__cypress/runner/cypress_runner.js:162024:14)",
                "diff": null
              },
              "uuid": "2693d3d5-85fe-4b10-b0e6-eb64b7b568f8",
              "parentUUID": "84a6a771-c2bb-4efb-981a-cf14af649161",
              "isHook": false,
              "skipped": false
            },
            {
              "title": "Verifica se existe um botão com o id `generate-board`",
              "fullTitle": "10 - Faça o quadro de pixels ter seu tamanho definido pelo usuário. Verifica se existe um botão com o id `generate-board`",
              "timedOut": null,
              "duration": 4874,
              "state": "failed",
              "speed": null,
              "pass": false,
              "fail": true,
              "pending": false,
              "context": null,
              "code": "cy.get('#generate-board').should('be.visible');",
              "err": {
                "message": "CypressError: Timed out retrying: Expected to find element: '#generate-board', but never found it.",
                "estack": "CypressError: Timed out retrying: Expected to find element: '#generate-board', but never found it.\n    at cypressErr (http://localhost:41135/__cypress/runner/cypress_runner.js:149934:9)\n    at throwErr (http://localhost:41135/__cypress/runner/cypress_runner.js:149867:11)\n    at Object.throwErrByPath (http://localhost:41135/__cypress/runner/cypress_runner.js:149915:3)\n    at retry (http://localhost:41135/__cypress/runner/cypress_runner.js:144197:19)\n    at onFailFn (http://localhost:41135/__cypress/runner/cypress_runner.js:132448:16)\n    at tryCatcher (http://localhost:41135/__cypress/runner/cypress_runner.js:167415:23)\n    at Promise._settlePromiseFromHandler (http://localhost:41135/__cypress/runner/cypress_runner.js:165351:31)\n    at Promise._settlePromise (http://localhost:41135/__cypress/runner/cypress_runner.js:165408:18)\n    at Promise._settlePromise0 (http://localhost:41135/__cypress/runner/cypress_runner.js:165453:10)\n    at Promise._settlePromises (http://localhost:41135/__cypress/runner/cypress_runner.js:165528:18)\n    at Async../node_modules/bluebird/js/release/async.js.Async._drainQueue (http://localhost:41135/__cypress/runner/cypress_runner.js:162140:16)\n    at Async../node_modules/bluebird/js/release/async.js.Async._drainQueues (http://localhost:41135/__cypress/runner/cypress_runner.js:162150:10)\n    at Async.drainQueues (http://localhost:41135/__cypress/runner/cypress_runner.js:162024:14)",
                "diff": null
              },
              "uuid": "fa067add-e3de-4cd7-bf31-01021128f83c",
              "parentUUID": "84a6a771-c2bb-4efb-981a-cf14af649161",
              "isHook": false,
              "skipped": false
            },
            {
              "title": "Verifica se o input só aceita número maiores que zero. Essa restrição deve ser feita usando os atributos do elemento `input`",
              "fullTitle": "10 - Faça o quadro de pixels ter seu tamanho definido pelo usuário. Verifica se o input só aceita número maiores que zero. Essa restrição deve ser feita usando os atributos do elemento `input`",
              "timedOut": null,
              "duration": 5085,
              "state": "failed",
              "speed": null,
              "pass": false,
              "fail": true,
              "pending": false,
              "context": null,
              "code": "cy.get('#board-size[type=\\'number\\'][min=\\'1\\']');",
              "err": {
                "message": "CypressError: Timed out retrying: Expected to find element: '#board-size[type='number'][min='1']', but never found it.",
                "estack": "CypressError: Timed out retrying: Expected to find element: '#board-size[type='number'][min='1']', but never found it.\n    at cypressErr (http://localhost:41135/__cypress/runner/cypress_runner.js:149934:9)\n    at throwErr (http://localhost:41135/__cypress/runner/cypress_runner.js:149867:11)\n    at Object.throwErrByPath (http://localhost:41135/__cypress/runner/cypress_runner.js:149915:3)\n    at retry (http://localhost:41135/__cypress/runner/cypress_runner.js:144197:19)\n    at onFailFn (http://localhost:41135/__cypress/runner/cypress_runner.js:132448:16)\n    at tryCatcher (http://localhost:41135/__cypress/runner/cypress_runner.js:167415:23)\n    at Promise._settlePromiseFromHandler (http://localhost:41135/__cypress/runner/cypress_runner.js:165351:31)\n    at Promise._settlePromise (http://localhost:41135/__cypress/runner/cypress_runner.js:165408:18)\n    at Promise._settlePromise0 (http://localhost:41135/__cypress/runner/cypress_runner.js:165453:10)\n    at Promise._settlePromises (http://localhost:41135/__cypress/runner/cypress_runner.js:165528:18)\n    at Async../node_modules/bluebird/js/release/async.js.Async._drainQueue (http://localhost:41135/__cypress/runner/cypress_runner.js:162140:16)\n    at Async../node_modules/bluebird/js/release/async.js.Async._drainQueues (http://localhost:41135/__cypress/runner/cypress_runner.js:162150:10)\n    at Async.drainQueues (http://localhost:41135/__cypress/runner/cypress_runner.js:162024:14)",
                "diff": null
              },
              "uuid": "43aa892f-0b16-4252-93ee-68e27f905e6c",
              "parentUUID": "84a6a771-c2bb-4efb-981a-cf14af649161",
              "isHook": false,
              "skipped": false
            },
            {
              "title": "Verifica se o botão contém o texto 'VQV'",
              "fullTitle": "10 - Faça o quadro de pixels ter seu tamanho definido pelo usuário. Verifica se o botão contém o texto 'VQV'",
              "timedOut": null,
              "duration": 5599,
              "state": "failed",
              "speed": null,
              "pass": false,
              "fail": true,
              "pending": false,
              "context": null,
              "code": "cy.get('#generate-board').contains(/vqv/i);",
              "err": {
                "message": "CypressError: Timed out retrying: Expected to find element: '#generate-board', but never found it.",
                "estack": "CypressError: Timed out retrying: Expected to find element: '#generate-board', but never found it.\n    at cypressErr (http://localhost:41135/__cypress/runner/cypress_runner.js:149934:9)\n    at throwErr (http://localhost:41135/__cypress/runner/cypress_runner.js:149867:11)\n    at Object.throwErrByPath (http://localhost:41135/__cypress/runner/cypress_runner.js:149915:3)\n    at retry (http://localhost:41135/__cypress/runner/cypress_runner.js:144197:19)\n    at onFailFn (http://localhost:41135/__cypress/runner/cypress_runner.js:132448:16)\n    at tryCatcher (http://localhost:41135/__cypress/runner/cypress_runner.js:167415:23)\n    at Promise._settlePromiseFromHandler (http://localhost:41135/__cypress/runner/cypress_runner.js:165351:31)\n    at Promise._settlePromise (http://localhost:41135/__cypress/runner/cypress_runner.js:165408:18)\n    at Promise._settlePromise0 (http://localhost:41135/__cypress/runner/cypress_runner.js:165453:10)\n    at Promise._settlePromises (http://localhost:41135/__cypress/runner/cypress_runner.js:165528:18)\n    at Async../node_modules/bluebird/js/release/async.js.Async._drainQueue (http://localhost:41135/__cypress/runner/cypress_runner.js:162140:16)\n    at Async../node_modules/bluebird/js/release/async.js.Async._drainQueues (http://localhost:41135/__cypress/runner/cypress_runner.js:162150:10)\n    at Async.drainQueues (http://localhost:41135/__cypress/runner/cypress_runner.js:162024:14)",
                "diff": null
              },
              "uuid": "fcc6e54e-66bb-4190-b759-0ca1f766f371",
              "parentUUID": "84a6a771-c2bb-4efb-981a-cf14af649161",
              "isHook": false,
              "skipped": false
            },
            {
              "title": "Verifica se o input está posicionado entre a paleta de cores e o quadro de pixels",
              "fullTitle": "10 - Faça o quadro de pixels ter seu tamanho definido pelo usuário. Verifica se o input está posicionado entre a paleta de cores e o quadro de pixels",
              "timedOut": null,
              "duration": 5223,
              "state": "failed",
              "speed": null,
              "pass": false,
              "fail": true,
              "pending": false,
              "context": null,
              "code": "cy.get('#color-palette').then(function (palette) {\n  cy.get('#board-size').should('be.belowOf', palette);\n});\ncy.get('#board-size').then(function (palette) {\n  cy.get('#pixel-board').should('be.belowOf', palette);\n});",
              "err": {
                "message": "CypressError: Timed out retrying: Expected to find element: '#board-size', but never found it.",
                "estack": "CypressError: Timed out retrying: Expected to find element: '#board-size', but never found it.\n    at cypressErr (http://localhost:41135/__cypress/runner/cypress_runner.js:149934:9)\n    at throwErr (http://localhost:41135/__cypress/runner/cypress_runner.js:149867:11)\n    at Object.throwErrByPath (http://localhost:41135/__cypress/runner/cypress_runner.js:149915:3)\n    at retry (http://localhost:41135/__cypress/runner/cypress_runner.js:144197:19)\n    at onFailFn (http://localhost:41135/__cypress/runner/cypress_runner.js:132448:16)\n    at tryCatcher (http://localhost:41135/__cypress/runner/cypress_runner.js:167415:23)\n    at Promise._settlePromiseFromHandler (http://localhost:41135/__cypress/runner/cypress_runner.js:165351:31)\n    at Promise._settlePromise (http://localhost:41135/__cypress/runner/cypress_runner.js:165408:18)\n    at Promise._settlePromise0 (http://localhost:41135/__cypress/runner/cypress_runner.js:165453:10)\n    at Promise._settlePromises (http://localhost:41135/__cypress/runner/cypress_runner.js:165528:18)\n    at Async../node_modules/bluebird/js/release/async.js.Async._drainQueue (http://localhost:41135/__cypress/runner/cypress_runner.js:162140:16)\n    at Async../node_modules/bluebird/js/release/async.js.Async._drainQueues (http://localhost:41135/__cypress/runner/cypress_runner.js:162150:10)\n    at Async.drainQueues (http://localhost:41135/__cypress/runner/cypress_runner.js:162024:14)",
                "diff": null
              },
              "uuid": "5227ee54-c2a8-4db1-b344-cbc73878aab2",
              "parentUUID": "84a6a771-c2bb-4efb-981a-cf14af649161",
              "isHook": false,
              "skipped": false
            },
            {
              "title": "Verifica se o botão está posicionado ao lado do input",
              "fullTitle": "10 - Faça o quadro de pixels ter seu tamanho definido pelo usuário. Verifica se o botão está posicionado ao lado do input",
              "timedOut": null,
              "duration": 5385,
              "state": "failed",
              "speed": null,
              "pass": false,
              "fail": true,
              "pending": false,
              "context": null,
              "code": "cy.get('#board-size').then(function (board) {\n  cy.get('#generate-board').should('be.onTheRightOf', board);\n});",
              "err": {
                "message": "CypressError: Timed out retrying: Expected to find element: '#board-size', but never found it.",
                "estack": "CypressError: Timed out retrying: Expected to find element: '#board-size', but never found it.\n    at cypressErr (http://localhost:41135/__cypress/runner/cypress_runner.js:149934:9)\n    at throwErr (http://localhost:41135/__cypress/runner/cypress_runner.js:149867:11)\n    at Object.throwErrByPath (http://localhost:41135/__cypress/runner/cypress_runner.js:149915:3)\n    at retry (http://localhost:41135/__cypress/runner/cypress_runner.js:144197:19)\n    at onFailFn (http://localhost:41135/__cypress/runner/cypress_runner.js:132448:16)\n    at tryCatcher (http://localhost:41135/__cypress/runner/cypress_runner.js:167415:23)\n    at Promise._settlePromiseFromHandler (http://localhost:41135/__cypress/runner/cypress_runner.js:165351:31)\n    at Promise._settlePromise (http://localhost:41135/__cypress/runner/cypress_runner.js:165408:18)\n    at Promise._settlePromise0 (http://localhost:41135/__cypress/runner/cypress_runner.js:165453:10)\n    at Promise._settlePromises (http://localhost:41135/__cypress/runner/cypress_runner.js:165528:18)\n    at Async../node_modules/bluebird/js/release/async.js.Async._drainQueue (http://localhost:41135/__cypress/runner/cypress_runner.js:162140:16)\n    at Async../node_modules/bluebird/js/release/async.js.Async._drainQueues (http://localhost:41135/__cypress/runner/cypress_runner.js:162150:10)\n    at Async.drainQueues (http://localhost:41135/__cypress/runner/cypress_runner.js:162024:14)",
                "diff": null
              },
              "uuid": "3e45e959-20d2-4995-a4f5-33ab8f083fe7",
              "parentUUID": "84a6a771-c2bb-4efb-981a-cf14af649161",
              "isHook": false,
              "skipped": false
            },
            {
              "title": "Verifica se nenhum valor for colocado no input ao clicar no botão, um `alert` é exibido com o texto: 'Board inválido!'",
              "fullTitle": "10 - Faça o quadro de pixels ter seu tamanho definido pelo usuário. Verifica se nenhum valor for colocado no input ao clicar no botão, um `alert` é exibido com o texto: 'Board inválido!'",
              "timedOut": null,
              "duration": 4901,
              "state": "failed",
              "speed": null,
              "pass": false,
              "fail": true,
              "pending": false,
              "context": null,
              "code": "var alerted = false;\ncy.on('window:alert', function (msg) {\n  return alerted = msg;\n});\ncy.get('#generate-board').click().then(function () {\n  return expect(alerted).to.match(/Board inválido!/i);\n});",
              "err": {
                "message": "CypressError: Timed out retrying: Expected to find element: '#generate-board', but never found it.",
                "estack": "CypressError: Timed out retrying: Expected to find element: '#generate-board', but never found it.\n    at cypressErr (http://localhost:41135/__cypress/runner/cypress_runner.js:149934:9)\n    at throwErr (http://localhost:41135/__cypress/runner/cypress_runner.js:149867:11)\n    at Object.throwErrByPath (http://localhost:41135/__cypress/runner/cypress_runner.js:149915:3)\n    at retry (http://localhost:41135/__cypress/runner/cypress_runner.js:144197:19)\n    at onFailFn (http://localhost:41135/__cypress/runner/cypress_runner.js:132448:16)\n    at tryCatcher (http://localhost:41135/__cypress/runner/cypress_runner.js:167415:23)\n    at Promise._settlePromiseFromHandler (http://localhost:41135/__cypress/runner/cypress_runner.js:165351:31)\n    at Promise._settlePromise (http://localhost:41135/__cypress/runner/cypress_runner.js:165408:18)\n    at Promise._settlePromise0 (http://localhost:41135/__cypress/runner/cypress_runner.js:165453:10)\n    at Promise._settlePromises (http://localhost:41135/__cypress/runner/cypress_runner.js:165528:18)\n    at Async../node_modules/bluebird/js/release/async.js.Async._drainQueue (http://localhost:41135/__cypress/runner/cypress_runner.js:162140:16)\n    at Async../node_modules/bluebird/js/release/async.js.Async._drainQueues (http://localhost:41135/__cypress/runner/cypress_runner.js:162150:10)\n    at Async.drainQueues (http://localhost:41135/__cypress/runner/cypress_runner.js:162024:14)",
                "diff": null
              },
              "uuid": "4f8c5c38-669d-431a-9648-5e35f88e3171",
              "parentUUID": "84a6a771-c2bb-4efb-981a-cf14af649161",
              "isHook": false,
              "skipped": false
            },
            {
              "title": "Verifica se ao clicar no botão com um valor preenchido, o tamanho do board muda.",
              "fullTitle": "10 - Faça o quadro de pixels ter seu tamanho definido pelo usuário. Verifica se ao clicar no botão com um valor preenchido, o tamanho do board muda.",
              "timedOut": null,
              "duration": 4999,
              "state": "failed",
              "speed": null,
              "pass": false,
              "fail": true,
              "pending": false,
              "context": null,
              "code": "cy.get('#board-size').clear().type(10);\ncy.get('#generate-board').click();\ncy.get('.pixel').should('have.length', 100);",
              "err": {
                "message": "CypressError: Timed out retrying: Expected to find element: '#board-size', but never found it.",
                "estack": "CypressError: Timed out retrying: Expected to find element: '#board-size', but never found it.\n    at cypressErr (http://localhost:41135/__cypress/runner/cypress_runner.js:149934:9)\n    at throwErr (http://localhost:41135/__cypress/runner/cypress_runner.js:149867:11)\n    at Object.throwErrByPath (http://localhost:41135/__cypress/runner/cypress_runner.js:149915:3)\n    at retry (http://localhost:41135/__cypress/runner/cypress_runner.js:144197:19)\n    at onFailFn (http://localhost:41135/__cypress/runner/cypress_runner.js:132448:16)\n    at tryCatcher (http://localhost:41135/__cypress/runner/cypress_runner.js:167415:23)\n    at Promise._settlePromiseFromHandler (http://localhost:41135/__cypress/runner/cypress_runner.js:165351:31)\n    at Promise._settlePromise (http://localhost:41135/__cypress/runner/cypress_runner.js:165408:18)\n    at Promise._settlePromise0 (http://localhost:41135/__cypress/runner/cypress_runner.js:165453:10)\n    at Promise._settlePromises (http://localhost:41135/__cypress/runner/cypress_runner.js:165528:18)\n    at Async../node_modules/bluebird/js/release/async.js.Async._drainQueue (http://localhost:41135/__cypress/runner/cypress_runner.js:162140:16)\n    at Async../node_modules/bluebird/js/release/async.js.Async._drainQueues (http://localhost:41135/__cypress/runner/cypress_runner.js:162150:10)\n    at Async.drainQueues (http://localhost:41135/__cypress/runner/cypress_runner.js:162024:14)",
                "diff": null
              },
              "uuid": "75b374ee-989c-413a-8cf9-b2c244cc6c55",
              "parentUUID": "84a6a771-c2bb-4efb-981a-cf14af649161",
              "isHook": false,
              "skipped": false
            },
            {
              "title": "Verifica se o novo quadro tem todos os pixels preenchidos com a cor branca",
              "fullTitle": "10 - Faça o quadro de pixels ter seu tamanho definido pelo usuário. Verifica se o novo quadro tem todos os pixels preenchidos com a cor branca",
              "timedOut": null,
              "duration": 5080,
              "state": "failed",
              "speed": null,
              "pass": false,
              "fail": true,
              "pending": false,
              "context": null,
              "code": "cy.get('#board-size').clear().type(6);\ncy.get('#generate-board').click();\ncy.get('.pixel').should('have.length', 36).each(function (pixel) {\n  expect(pixel).to.have.css('background-color', WHITE);\n});",
              "err": {
                "message": "CypressError: Timed out retrying: Expected to find element: '#board-size', but never found it.",
                "estack": "CypressError: Timed out retrying: Expected to find element: '#board-size', but never found it.\n    at cypressErr (http://localhost:41135/__cypress/runner/cypress_runner.js:149934:9)\n    at throwErr (http://localhost:41135/__cypress/runner/cypress_runner.js:149867:11)\n    at Object.throwErrByPath (http://localhost:41135/__cypress/runner/cypress_runner.js:149915:3)\n    at retry (http://localhost:41135/__cypress/runner/cypress_runner.js:144197:19)\n    at onFailFn (http://localhost:41135/__cypress/runner/cypress_runner.js:132448:16)\n    at tryCatcher (http://localhost:41135/__cypress/runner/cypress_runner.js:167415:23)\n    at Promise._settlePromiseFromHandler (http://localhost:41135/__cypress/runner/cypress_runner.js:165351:31)\n    at Promise._settlePromise (http://localhost:41135/__cypress/runner/cypress_runner.js:165408:18)\n    at Promise._settlePromise0 (http://localhost:41135/__cypress/runner/cypress_runner.js:165453:10)\n    at Promise._settlePromises (http://localhost:41135/__cypress/runner/cypress_runner.js:165528:18)\n    at Async../node_modules/bluebird/js/release/async.js.Async._drainQueue (http://localhost:41135/__cypress/runner/cypress_runner.js:162140:16)\n    at Async../node_modules/bluebird/js/release/async.js.Async._drainQueues (http://localhost:41135/__cypress/runner/cypress_runner.js:162150:10)\n    at Async.drainQueues (http://localhost:41135/__cypress/runner/cypress_runner.js:162024:14)",
                "diff": null
              },
              "uuid": "5493e30c-cb22-4814-a954-86c75eaa413a",
              "parentUUID": "84a6a771-c2bb-4efb-981a-cf14af649161",
              "isHook": false,
              "skipped": false
            }
          ],
          "suites": [],
          "passes": [],
          "failures": [
            "2693d3d5-85fe-4b10-b0e6-eb64b7b568f8",
            "fa067add-e3de-4cd7-bf31-01021128f83c",
            "43aa892f-0b16-4252-93ee-68e27f905e6c",
            "fcc6e54e-66bb-4190-b759-0ca1f766f371",
            "5227ee54-c2a8-4db1-b344-cbc73878aab2",
            "3e45e959-20d2-4995-a4f5-33ab8f083fe7",
            "4f8c5c38-669d-431a-9648-5e35f88e3171",
            "75b374ee-989c-413a-8cf9-b2c244cc6c55",
            "5493e30c-cb22-4814-a954-86c75eaa413a"
          ],
          "pending": [],
          "skipped": [],
          "duration": 45786,
          "root": false,
          "rootEmpty": false,
          "_timeout": 2000
        },
        {
          "uuid": "90fc543c-bd6a-425a-805a-5f44bcc4f1d6",
          "title": "11 - Limite o tamanho mínimo e máximo do board.",
          "fullFile": "",
          "file": "",
          "beforeHooks": [],
          "afterHooks": [],
          "tests": [
            {
              "title": "Verifica se a altura máxima do board é 50",
              "fullTitle": "11 - Limite o tamanho mínimo e máximo do board. Verifica se a altura máxima do board é 50",
              "timedOut": null,
              "duration": 4885,
              "state": "failed",
              "speed": null,
              "pass": false,
              "fail": true,
              "pending": false,
              "context": null,
              "code": "cy.get('#board-size').clear().type(50);\ncy.get('#generate-board').click();\ncy.get('.pixel').should('have.length', 2500);",
              "err": {
                "message": "CypressError: Timed out retrying: Expected to find element: '#board-size', but never found it.",
                "estack": "CypressError: Timed out retrying: Expected to find element: '#board-size', but never found it.\n    at cypressErr (http://localhost:41135/__cypress/runner/cypress_runner.js:149934:9)\n    at throwErr (http://localhost:41135/__cypress/runner/cypress_runner.js:149867:11)\n    at Object.throwErrByPath (http://localhost:41135/__cypress/runner/cypress_runner.js:149915:3)\n    at retry (http://localhost:41135/__cypress/runner/cypress_runner.js:144197:19)\n    at onFailFn (http://localhost:41135/__cypress/runner/cypress_runner.js:132448:16)\n    at tryCatcher (http://localhost:41135/__cypress/runner/cypress_runner.js:167415:23)\n    at Promise._settlePromiseFromHandler (http://localhost:41135/__cypress/runner/cypress_runner.js:165351:31)\n    at Promise._settlePromise (http://localhost:41135/__cypress/runner/cypress_runner.js:165408:18)\n    at Promise._settlePromise0 (http://localhost:41135/__cypress/runner/cypress_runner.js:165453:10)\n    at Promise._settlePromises (http://localhost:41135/__cypress/runner/cypress_runner.js:165528:18)\n    at Async../node_modules/bluebird/js/release/async.js.Async._drainQueue (http://localhost:41135/__cypress/runner/cypress_runner.js:162140:16)\n    at Async../node_modules/bluebird/js/release/async.js.Async._drainQueues (http://localhost:41135/__cypress/runner/cypress_runner.js:162150:10)\n    at Async.drainQueues (http://localhost:41135/__cypress/runner/cypress_runner.js:162024:14)",
                "diff": null
              },
              "uuid": "c5dbed01-0570-493d-a3ad-c632239997ea",
              "parentUUID": "90fc543c-bd6a-425a-805a-5f44bcc4f1d6",
              "isHook": false,
              "skipped": false
            },
            {
              "title": "Verifica se a altura do board é 5 quando um valor menor é colocado no input",
              "fullTitle": "11 - Limite o tamanho mínimo e máximo do board. Verifica se a altura do board é 5 quando um valor menor é colocado no input",
              "timedOut": null,
              "duration": 4605,
              "state": "failed",
              "speed": null,
              "pass": false,
              "fail": true,
              "pending": false,
              "context": null,
              "code": "cy.get('#board-size').clear().type(4);\ncy.get('#generate-board').click();\ncy.get('.pixel').should('have.length', 25);",
              "err": {
                "message": "CypressError: Timed out retrying: Expected to find element: '#board-size', but never found it.",
                "estack": "CypressError: Timed out retrying: Expected to find element: '#board-size', but never found it.\n    at cypressErr (http://localhost:41135/__cypress/runner/cypress_runner.js:149934:9)\n    at throwErr (http://localhost:41135/__cypress/runner/cypress_runner.js:149867:11)\n    at Object.throwErrByPath (http://localhost:41135/__cypress/runner/cypress_runner.js:149915:3)\n    at retry (http://localhost:41135/__cypress/runner/cypress_runner.js:144197:19)\n    at onFailFn (http://localhost:41135/__cypress/runner/cypress_runner.js:132448:16)\n    at tryCatcher (http://localhost:41135/__cypress/runner/cypress_runner.js:167415:23)\n    at Promise._settlePromiseFromHandler (http://localhost:41135/__cypress/runner/cypress_runner.js:165351:31)\n    at Promise._settlePromise (http://localhost:41135/__cypress/runner/cypress_runner.js:165408:18)\n    at Promise._settlePromise0 (http://localhost:41135/__cypress/runner/cypress_runner.js:165453:10)\n    at Promise._settlePromises (http://localhost:41135/__cypress/runner/cypress_runner.js:165528:18)\n    at Async../node_modules/bluebird/js/release/async.js.Async._drainQueue (http://localhost:41135/__cypress/runner/cypress_runner.js:162140:16)\n    at Async../node_modules/bluebird/js/release/async.js.Async._drainQueues (http://localhost:41135/__cypress/runner/cypress_runner.js:162150:10)\n    at Async.drainQueues (http://localhost:41135/__cypress/runner/cypress_runner.js:162024:14)",
                "diff": null
              },
              "uuid": "e5e70da6-8c53-44be-8b50-2444b8fed614",
              "parentUUID": "90fc543c-bd6a-425a-805a-5f44bcc4f1d6",
              "isHook": false,
              "skipped": false
            },
            {
              "title": "Verifica se a altura do board é 50 quando um valor maior é colocado no input",
              "fullTitle": "11 - Limite o tamanho mínimo e máximo do board. Verifica se a altura do board é 50 quando um valor maior é colocado no input",
              "timedOut": null,
              "duration": 4839,
              "state": "failed",
              "speed": null,
              "pass": false,
              "fail": true,
              "pending": false,
              "context": null,
              "code": "cy.get('#board-size').clear().type(51);\ncy.get('#generate-board').click();\ncy.get('.pixel').should('have.length', 2500);",
              "err": {
                "message": "CypressError: Timed out retrying: Expected to find element: '#board-size', but never found it.",
                "estack": "CypressError: Timed out retrying: Expected to find element: '#board-size', but never found it.\n    at cypressErr (http://localhost:41135/__cypress/runner/cypress_runner.js:149934:9)\n    at throwErr (http://localhost:41135/__cypress/runner/cypress_runner.js:149867:11)\n    at Object.throwErrByPath (http://localhost:41135/__cypress/runner/cypress_runner.js:149915:3)\n    at retry (http://localhost:41135/__cypress/runner/cypress_runner.js:144197:19)\n    at onFailFn (http://localhost:41135/__cypress/runner/cypress_runner.js:132448:16)\n    at tryCatcher (http://localhost:41135/__cypress/runner/cypress_runner.js:167415:23)\n    at Promise._settlePromiseFromHandler (http://localhost:41135/__cypress/runner/cypress_runner.js:165351:31)\n    at Promise._settlePromise (http://localhost:41135/__cypress/runner/cypress_runner.js:165408:18)\n    at Promise._settlePromise0 (http://localhost:41135/__cypress/runner/cypress_runner.js:165453:10)\n    at Promise._settlePromises (http://localhost:41135/__cypress/runner/cypress_runner.js:165528:18)\n    at Async../node_modules/bluebird/js/release/async.js.Async._drainQueue (http://localhost:41135/__cypress/runner/cypress_runner.js:162140:16)\n    at Async../node_modules/bluebird/js/release/async.js.Async._drainQueues (http://localhost:41135/__cypress/runner/cypress_runner.js:162150:10)\n    at Async.drainQueues (http://localhost:41135/__cypress/runner/cypress_runner.js:162024:14)",
                "diff": null
              },
              "uuid": "5d7137cc-1756-449a-8b93-f31d85aa4f49",
              "parentUUID": "90fc543c-bd6a-425a-805a-5f44bcc4f1d6",
              "isHook": false,
              "skipped": false
            }
          ],
          "suites": [],
          "passes": [],
          "failures": [
            "c5dbed01-0570-493d-a3ad-c632239997ea",
            "e5e70da6-8c53-44be-8b50-2444b8fed614",
            "5d7137cc-1756-449a-8b93-f31d85aa4f49"
          ],
          "pending": [],
          "skipped": [],
          "duration": 14329,
          "root": false,
          "rootEmpty": false,
          "_timeout": 2000
        },
        {
          "uuid": "950f0f19-2fa5-4174-8a71-652077a552fc",
          "title": "12 - Faça com que as cores da paleta sejam geradas aleatoriamente ao carregar a página.",
          "fullFile": "",
          "file": "",
          "beforeHooks": [],
          "afterHooks": [],
          "tests": [
            {
              "title": "Verifica se as cores geradas na paleta são diferentes a cada carregamento da página",
              "fullTitle": "12 - Faça com que as cores da paleta sejam geradas aleatoriamente ao carregar a página. Verifica se as cores geradas na paleta são diferentes a cada carregamento da página",
              "timedOut": null,
              "duration": 951,
              "state": "failed",
              "speed": null,
              "pass": false,
              "fail": true,
              "pending": false,
              "context": null,
              "code": "cy.get('.color').then(function (colors) {\n  var currentColors;\n  var previousColors;\n  previousColors = Array.from(colors).map(function (color) {\n    return Cypress.$(color).css('background-color');\n  });\n  for (var i = 0; i < 5; i += 1) {\n    cy.reload();\n    cy.get('.color').then(function (colors) {\n      currentColors = Array.from(colors).map(function (color) {\n        return Cypress.$(color).css('background-color');\n      });\n      expect(currentColors).not.to.deep.equal(previousColors);\n      previousColors = currentColors;\n    });\n  }\n});",
              "err": {
                "message": "AssertionError: expected [ Array(4) ] to not deeply equal [ Array(4) ]",
                "estack": "AssertionError: expected [ Array(4) ] to not deeply equal [ Array(4) ]\n    at getRet (http://localhost:41135/__cypress/runner/cypress_runner.js:136585:16)\n    at tryCatcher (http://localhost:41135/__cypress/runner/cypress_runner.js:167415:23)\n    at Function.Promise.attempt.Promise.try (http://localhost:41135/__cypress/runner/cypress_runner.js:164690:29)\n    at Context.thenFn (http://localhost:41135/__cypress/runner/cypress_runner.js:136599:23)\n    at Context.then (http://localhost:41135/__cypress/runner/cypress_runner.js:136971:21)\n    at Context.<anonymous> (http://localhost:41135/__cypress/runner/cypress_runner.js:148875:21)\n    at http://localhost:41135/__cypress/runner/cypress_runner.js:148351:33\n    at tryCatcher (http://localhost:41135/__cypress/runner/cypress_runner.js:167415:23)\n    at Promise._settlePromiseFromHandler (http://localhost:41135/__cypress/runner/cypress_runner.js:165351:31)\n    at Promise._settlePromise (http://localhost:41135/__cypress/runner/cypress_runner.js:165408:18)\n    at Promise._settlePromiseCtx (http://localhost:41135/__cypress/runner/cypress_runner.js:165445:10)\n    at Async../node_modules/bluebird/js/release/async.js.Async._drainQueue (http://localhost:41135/__cypress/runner/cypress_runner.js:162145:12)\n    at Async../node_modules/bluebird/js/release/async.js.Async._drainQueues (http://localhost:41135/__cypress/runner/cypress_runner.js:162150:10)\n    at Async.drainQueues (http://localhost:41135/__cypress/runner/cypress_runner.js:162024:14)",
                "diff": ""
              },
              "uuid": "3f1f9057-ab44-4400-a6ef-cf7c7ac7ad74",
              "parentUUID": "950f0f19-2fa5-4174-8a71-652077a552fc",
              "isHook": false,
              "skipped": false
            },
            {
              "title": "Verifica se a cor preta ainda está presente e é a primeira na sua paleta de cores",
              "fullTitle": "12 - Faça com que as cores da paleta sejam geradas aleatoriamente ao carregar a página. Verifica se a cor preta ainda está presente e é a primeira na sua paleta de cores",
              "timedOut": null,
              "duration": 686,
              "state": "failed",
              "speed": null,
              "pass": false,
              "fail": true,
              "pending": false,
              "context": null,
              "code": "cy.get('.color').then(function (colors) {\n  var currentColors;\n  var previousColors;\n  previousColors = Array.from(colors).map(function (color) {\n    return Cypress.$(color).css('background-color');\n  });\n  expect(previousColors[0]).to.eq(BLACK);\n  for (var i = 0; i < 5; i += 1) {\n    cy.reload();\n    cy.get('.color').then(function (colors) {\n      currentColors = Array.from(colors).map(function (color) {\n        return Cypress.$(color).css('background-color');\n      });\n      expect(currentColors[0]).to.eq(BLACK);\n      expect(currentColors).not.to.deep.equal(previousColors);\n      previousColors = currentColors;\n    });\n  }\n});",
              "err": {
                "message": "AssertionError: expected [ Array(4) ] to not deeply equal [ Array(4) ]",
                "estack": "AssertionError: expected [ Array(4) ] to not deeply equal [ Array(4) ]\n    at getRet (http://localhost:41135/__cypress/runner/cypress_runner.js:136585:16)\n    at tryCatcher (http://localhost:41135/__cypress/runner/cypress_runner.js:167415:23)\n    at Function.Promise.attempt.Promise.try (http://localhost:41135/__cypress/runner/cypress_runner.js:164690:29)\n    at Context.thenFn (http://localhost:41135/__cypress/runner/cypress_runner.js:136599:23)\n    at Context.then (http://localhost:41135/__cypress/runner/cypress_runner.js:136971:21)\n    at Context.<anonymous> (http://localhost:41135/__cypress/runner/cypress_runner.js:148875:21)\n    at http://localhost:41135/__cypress/runner/cypress_runner.js:148351:33\n    at tryCatcher (http://localhost:41135/__cypress/runner/cypress_runner.js:167415:23)\n    at Promise._settlePromiseFromHandler (http://localhost:41135/__cypress/runner/cypress_runner.js:165351:31)\n    at Promise._settlePromise (http://localhost:41135/__cypress/runner/cypress_runner.js:165408:18)\n    at Promise._settlePromiseCtx (http://localhost:41135/__cypress/runner/cypress_runner.js:165445:10)\n    at Async../node_modules/bluebird/js/release/async.js.Async._drainQueue (http://localhost:41135/__cypress/runner/cypress_runner.js:162145:12)\n    at Async../node_modules/bluebird/js/release/async.js.Async._drainQueues (http://localhost:41135/__cypress/runner/cypress_runner.js:162150:10)\n    at Async.drainQueues (http://localhost:41135/__cypress/runner/cypress_runner.js:162024:14)",
                "diff": ""
              },
              "uuid": "bdd40cc1-f8a0-42c7-8a75-994d474bc3de",
              "parentUUID": "950f0f19-2fa5-4174-8a71-652077a552fc",
              "isHook": false,
              "skipped": false
            }
          ],
          "suites": [],
          "passes": [],
          "failures": [
            "3f1f9057-ab44-4400-a6ef-cf7c7ac7ad74",
            "bdd40cc1-f8a0-42c7-8a75-994d474bc3de"
          ],
          "pending": [],
          "skipped": [],
          "duration": 1637,
          "root": false,
          "rootEmpty": false,
          "_timeout": 2000
        }
      ],
      "passes": [],
      "failures": [],
      "pending": [],
      "skipped": [],
      "duration": 0,
      "root": true,
      "rootEmpty": true,
      "_timeout": 2000
    }
  ],
  "meta": {
    "mocha": {
      "version": "7.0.1"
    },
    "mochawesome": {
      "options": {
        "quiet": false,
        "reportFilename": "mochawesome",
        "saveHtml": false,
        "saveJson": true,
        "consoleReporter": "spec",
        "useInlineDiffs": false
      },
      "version": "4.1.0"
    },
    "marge": {
      "options": {
        "id": "default",
        "reportDir": "cypress/reports",
        "overwrite": true,
        "html": false,
        "json": true
      },
      "version": "4.1.0"
    }
  }
}