{
  "stats": {
    "suites": 12,
    "tests": 41,
    "passes": 23,
    "pending": 0,
    "failures": 18,
    "start": "2021-08-15T15:21:35.710Z",
    "end": "2021-08-15T15:23:18.208Z",
    "duration": 102498,
    "testsRegistered": 41,
    "passPercent": 56.09756097560976,
    "pendingPercent": 0,
    "other": 0,
    "hasOther": false,
    "skipped": 0,
    "hasSkipped": false
  },
  "results": [
    {
      "uuid": "5146e212-27db-49f6-8e4a-1d3f83efe85c",
      "title": "",
      "fullFile": "cypress/integration/project.spec.js",
      "file": "cypress/integration/project.spec.js",
      "beforeHooks": [],
      "afterHooks": [],
      "tests": [],
      "suites": [
        {
          "uuid": "e3479d58-ca57-4f5f-8b02-e1b0b88df901",
          "title": "1 - Adicione à página o título \"Paleta de Cores\".",
          "fullFile": "",
          "file": "",
          "beforeHooks": [],
          "afterHooks": [],
          "tests": [
            {
              "title": "Verifica se contém um elemento `h1` com o id `title` com o título correto",
              "fullTitle": "1 - Adicione à página o título \"Paleta de Cores\". Verifica se contém um elemento `h1` com o id `title` com o título correto",
              "timedOut": null,
              "duration": 546,
              "state": "passed",
              "speed": "slow",
              "pass": true,
              "fail": false,
              "pending": false,
              "context": null,
              "code": "cy.get('h1#title').should('contain.text', 'Paleta de Cores');",
              "err": {},
              "uuid": "c48b0846-3b4f-479f-be68-8bbc1cdffafb",
              "parentUUID": "e3479d58-ca57-4f5f-8b02-e1b0b88df901",
              "isHook": false,
              "skipped": false
            }
          ],
          "suites": [],
          "passes": [
            "c48b0846-3b4f-479f-be68-8bbc1cdffafb"
          ],
          "failures": [],
          "pending": [],
          "skipped": [],
          "duration": 546,
          "root": false,
          "rootEmpty": false,
          "_timeout": 2000
        },
        {
          "uuid": "ca53f00e-23da-4a66-ad34-7cf136c13bbe",
          "title": "2 - Adicione à página uma paleta de quatro cores distintas.",
          "fullFile": "",
          "file": "",
          "beforeHooks": [],
          "afterHooks": [],
          "tests": [
            {
              "title": "A paleta de cores deve ser um elemento com `id` denominado `color-palette`",
              "fullTitle": "2 - Adicione à página uma paleta de quatro cores distintas. A paleta de cores deve ser um elemento com `id` denominado `color-palette`",
              "timedOut": null,
              "duration": 131,
              "state": "passed",
              "speed": "slow",
              "pass": true,
              "fail": false,
              "pending": false,
              "context": null,
              "code": "cy.get('#color-palette').should('be.visible');",
              "err": {},
              "uuid": "d080bf74-1e21-4d7d-947a-3cd3753946fc",
              "parentUUID": "ca53f00e-23da-4a66-ad34-7cf136c13bbe",
              "isHook": false,
              "skipped": false
            },
            {
              "title": "Verifica se cada cor individual da paleta de cores possui a `classe` chamada `color`.",
              "fullTitle": "2 - Adicione à página uma paleta de quatro cores distintas. Verifica se cada cor individual da paleta de cores possui a `classe` chamada `color`.",
              "timedOut": null,
              "duration": 183,
              "state": "passed",
              "speed": "slow",
              "pass": true,
              "fail": false,
              "pending": false,
              "context": null,
              "code": "cy.get('.color').should('have.length', 4).then(function (colors) {\n  for (var i = 0; i < colors.length; i++) {\n    cy.wrap(colors[i]).should('be.visible');\n  }\n});",
              "err": {},
              "uuid": "dbbf335e-3ad7-4e7e-b596-bdf4c0cbc61f",
              "parentUUID": "ca53f00e-23da-4a66-ad34-7cf136c13bbe",
              "isHook": false,
              "skipped": false
            },
            {
              "title": "Verifica se a cor de fundo de cada elemento da paleta é a cor que o elemento representa. **A única cor não permitida na paleta é a cor branca.**",
              "fullTitle": "2 - Adicione à página uma paleta de quatro cores distintas. Verifica se a cor de fundo de cada elemento da paleta é a cor que o elemento representa. **A única cor não permitida na paleta é a cor branca.**",
              "timedOut": null,
              "duration": 326,
              "state": "passed",
              "speed": "slow",
              "pass": true,
              "fail": false,
              "pending": false,
              "context": null,
              "code": "cy.get('.color').each(function (color) {\n  cy.wrap(color).should('have.class', 'color').and('not.have.css', 'background-color', WHITE);\n  cy.wrap(color).should('have.css', 'background-color');\n});",
              "err": {},
              "uuid": "6a4c694c-5a13-4d24-a20e-54f5732aa5a6",
              "parentUUID": "ca53f00e-23da-4a66-ad34-7cf136c13bbe",
              "isHook": false,
              "skipped": false
            },
            {
              "title": "Verifica se cada elemento da paleta de cores tem uma borda preta, sólida e com 1 pixel de largura;",
              "fullTitle": "2 - Adicione à página uma paleta de quatro cores distintas. Verifica se cada elemento da paleta de cores tem uma borda preta, sólida e com 1 pixel de largura;",
              "timedOut": null,
              "duration": 182,
              "state": "passed",
              "speed": "slow",
              "pass": true,
              "fail": false,
              "pending": false,
              "context": null,
              "code": "cy.get('.color').each(function (color) {\n  cy.wrap(color).and('have.css', 'border', \"1px solid \".concat(BLACK)).and('have.class', 'color');\n});",
              "err": {},
              "uuid": "c4e82802-eca8-4b1f-ba3c-df3d9779f370",
              "parentUUID": "ca53f00e-23da-4a66-ad34-7cf136c13bbe",
              "isHook": false,
              "skipped": false
            },
            {
              "title": "Verifica se a paleta lista todas as cores disponíveis para utilização, lado a lado.",
              "fullTitle": "2 - Adicione à página uma paleta de quatro cores distintas. Verifica se a paleta lista todas as cores disponíveis para utilização, lado a lado.",
              "timedOut": null,
              "duration": 110,
              "state": "passed",
              "speed": "slow",
              "pass": true,
              "fail": false,
              "pending": false,
              "context": null,
              "code": "cy.get('.color').then(function (colors) {\n  for (var index = 1; index < colors.length; index += 1) {\n    var currentColor = colors[index];\n    var previousColor = colors[index - 1];\n    cy.wrap(currentColor).should('be.onTheRightOf', previousColor).and('be.horizontallyAlignedWith', previousColor);\n  }\n});",
              "err": {},
              "uuid": "ec484266-3696-4d13-97d1-59d9b041c29c",
              "parentUUID": "ca53f00e-23da-4a66-ad34-7cf136c13bbe",
              "isHook": false,
              "skipped": false
            },
            {
              "title": "Verifica se a paleta de cores está posicionada abaixo do título 'Paleta de Cores'",
              "fullTitle": "2 - Adicione à página uma paleta de quatro cores distintas. Verifica se a paleta de cores está posicionada abaixo do título 'Paleta de Cores'",
              "timedOut": null,
              "duration": 138,
              "state": "passed",
              "speed": "slow",
              "pass": true,
              "fail": false,
              "pending": false,
              "context": null,
              "code": "cy.get('h1#title').then(function (title) {\n  cy.get('#color-palette').should('be.belowOf', title);\n});",
              "err": {},
              "uuid": "ec0487dd-cb23-4908-baf2-5e0004dfcb0d",
              "parentUUID": "ca53f00e-23da-4a66-ad34-7cf136c13bbe",
              "isHook": false,
              "skipped": false
            },
            {
              "title": "Verifica se a paleta de cores não contém cores repetidas.",
              "fullTitle": "2 - Adicione à página uma paleta de quatro cores distintas. Verifica se a paleta de cores não contém cores repetidas.",
              "timedOut": null,
              "duration": 103,
              "state": "passed",
              "speed": "slow",
              "pass": true,
              "fail": false,
              "pending": false,
              "context": null,
              "code": "cy.get('.color').then(function (colors) {\n  var allColors = Array.from(colors).map(function (color) {\n    return Cypress.$(color).css('background-color');\n  });\n  cy.log(allColors);\n  var uniqColors = (0, _toConsumableArray2[\"default\"])(new Set(allColors));\n  cy.log(uniqColors);\n  expect(allColors.length).to.eq(uniqColors.length);\n});",
              "err": {},
              "uuid": "5f9a29a2-3a02-4e89-b214-d570a15c1e28",
              "parentUUID": "ca53f00e-23da-4a66-ad34-7cf136c13bbe",
              "isHook": false,
              "skipped": false
            }
          ],
          "suites": [],
          "passes": [
            "d080bf74-1e21-4d7d-947a-3cd3753946fc",
            "dbbf335e-3ad7-4e7e-b596-bdf4c0cbc61f",
            "6a4c694c-5a13-4d24-a20e-54f5732aa5a6",
            "c4e82802-eca8-4b1f-ba3c-df3d9779f370",
            "ec484266-3696-4d13-97d1-59d9b041c29c",
            "ec0487dd-cb23-4908-baf2-5e0004dfcb0d",
            "5f9a29a2-3a02-4e89-b214-d570a15c1e28"
          ],
          "failures": [],
          "pending": [],
          "skipped": [],
          "duration": 1173,
          "root": false,
          "rootEmpty": false,
          "_timeout": 2000
        },
        {
          "uuid": "f151c50c-2510-4b5a-a022-b836d1efc889",
          "title": "3 - Adicione a cor **preta** como a primeira cor da paleta de cores.",
          "fullFile": "",
          "file": "",
          "beforeHooks": [],
          "afterHooks": [],
          "tests": [
            {
              "title": "Verifica se a primeira cor da paleta é preta",
              "fullTitle": "3 - Adicione a cor **preta** como a primeira cor da paleta de cores. Verifica se a primeira cor da paleta é preta",
              "timedOut": null,
              "duration": 133,
              "state": "passed",
              "speed": "slow",
              "pass": true,
              "fail": false,
              "pending": false,
              "context": null,
              "code": "cy.get('.color').first().should('have.css', 'background-color', BLACK);",
              "err": {},
              "uuid": "c0ee4c6a-9773-4d6e-92ae-6224c5c0d842",
              "parentUUID": "f151c50c-2510-4b5a-a022-b836d1efc889",
              "isHook": false,
              "skipped": false
            },
            {
              "title": "Verifica se as demais cores podem ser escolhidas livremente.",
              "fullTitle": "3 - Adicione a cor **preta** como a primeira cor da paleta de cores. Verifica se as demais cores podem ser escolhidas livremente.",
              "timedOut": null,
              "duration": 194,
              "state": "passed",
              "speed": "slow",
              "pass": true,
              "fail": false,
              "pending": false,
              "context": null,
              "code": "cy.get('.color').eq(1).should('not.have.css', 'background-color', BLACK);\ncy.get('.color').eq(1).should('not.have.css', 'background-color', WHITE);\ncy.get('.color').eq(1).should('not.have.css', 'background-color', 'rgba(0, 0, 0, 0)');\ncy.get('.color').eq(1).should('have.css', 'background-color');\ncy.get('.color').eq(2).should('not.have.css', 'background-color', BLACK);\ncy.get('.color').eq(2).should('not.have.css', 'background-color', WHITE);\ncy.get('.color').eq(2).should('not.have.css', 'background-color', 'rgba(0, 0, 0, 0)');\ncy.get('.color').eq(2).should('have.css', 'background-color');\ncy.get('.color').eq(3).should('not.have.css', 'background-color', BLACK);\ncy.get('.color').eq(3).should('not.have.css', 'background-color', WHITE);\ncy.get('.color').eq(3).should('not.have.css', 'background-color', 'rgba(0, 0, 0, 0)');\ncy.get('.color').eq(3).should('have.css', 'background-color');",
              "err": {},
              "uuid": "a05df106-a099-4d0b-8a60-6d1cadba6896",
              "parentUUID": "f151c50c-2510-4b5a-a022-b836d1efc889",
              "isHook": false,
              "skipped": false
            }
          ],
          "suites": [],
          "passes": [
            "c0ee4c6a-9773-4d6e-92ae-6224c5c0d842",
            "a05df106-a099-4d0b-8a60-6d1cadba6896"
          ],
          "failures": [],
          "pending": [],
          "skipped": [],
          "duration": 327,
          "root": false,
          "rootEmpty": false,
          "_timeout": 2000
        },
        {
          "uuid": "5f1b5937-3401-45a9-98f1-368638cd8775",
          "title": "4 - Adicione à página um quadro de pixels, com 25 pixels.",
          "fullFile": "",
          "file": "",
          "beforeHooks": [],
          "afterHooks": [],
          "tests": [
            {
              "title": "Verifica se o quadro de pixels possui o `id` denominado `pixel-board`",
              "fullTitle": "4 - Adicione à página um quadro de pixels, com 25 pixels. Verifica se o quadro de pixels possui o `id` denominado `pixel-board`",
              "timedOut": null,
              "duration": 123,
              "state": "passed",
              "speed": "slow",
              "pass": true,
              "fail": false,
              "pending": false,
              "context": null,
              "code": "cy.get('#pixel-board').should('be.visible');",
              "err": {},
              "uuid": "31fe7988-bcd8-4018-985a-7fc084c082ad",
              "parentUUID": "5f1b5937-3401-45a9-98f1-368638cd8775",
              "isHook": false,
              "skipped": false
            },
            {
              "title": "Verifica se cada pixel individual dentro do quadro possui a `classe` denominada `pixel`.",
              "fullTitle": "4 - Adicione à página um quadro de pixels, com 25 pixels. Verifica se cada pixel individual dentro do quadro possui a `classe` denominada `pixel`.",
              "timedOut": null,
              "duration": 180,
              "state": "passed",
              "speed": "slow",
              "pass": true,
              "fail": false,
              "pending": false,
              "context": null,
              "code": "cy.get('.pixel').should('have.length', 25);",
              "err": {},
              "uuid": "6f4adf7c-b361-4fef-bcfd-5676d4016ded",
              "parentUUID": "5f1b5937-3401-45a9-98f1-368638cd8775",
              "isHook": false,
              "skipped": false
            },
            {
              "title": "Verifica se a cor inicial dos pixels dentro do quadro, ao abrir a página, é branca.",
              "fullTitle": "4 - Adicione à página um quadro de pixels, com 25 pixels. Verifica se a cor inicial dos pixels dentro do quadro, ao abrir a página, é branca.",
              "timedOut": null,
              "duration": 211,
              "state": "passed",
              "speed": "slow",
              "pass": true,
              "fail": false,
              "pending": false,
              "context": null,
              "code": "cy.get('.pixel').should('have.length', 25).each(function (pixel) {\n  expect(pixel).to.have.css('background-color', WHITE);\n});",
              "err": {},
              "uuid": "db72bec1-d704-45ae-a578-df7802753649",
              "parentUUID": "5f1b5937-3401-45a9-98f1-368638cd8775",
              "isHook": false,
              "skipped": false
            },
            {
              "title": "Verifica se o quadro de pixels aparece abaixo da paleta de cores",
              "fullTitle": "4 - Adicione à página um quadro de pixels, com 25 pixels. Verifica se o quadro de pixels aparece abaixo da paleta de cores",
              "timedOut": null,
              "duration": 150,
              "state": "passed",
              "speed": "slow",
              "pass": true,
              "fail": false,
              "pending": false,
              "context": null,
              "code": "cy.get('#color-palette').then(function (palette) {\n  cy.get('#pixel-board').should('be.belowOf', palette);\n});",
              "err": {},
              "uuid": "72d9334d-fa80-4cf2-b09a-6b381726da25",
              "parentUUID": "5f1b5937-3401-45a9-98f1-368638cd8775",
              "isHook": false,
              "skipped": false
            }
          ],
          "suites": [],
          "passes": [
            "31fe7988-bcd8-4018-985a-7fc084c082ad",
            "6f4adf7c-b361-4fef-bcfd-5676d4016ded",
            "db72bec1-d704-45ae-a578-df7802753649",
            "72d9334d-fa80-4cf2-b09a-6b381726da25"
          ],
          "failures": [],
          "pending": [],
          "skipped": [],
          "duration": 664,
          "root": false,
          "rootEmpty": false,
          "_timeout": 2000
        },
        {
          "uuid": "7fe1b110-ebeb-4a30-88fc-53f3b1c0ea50",
          "title": "5 - Faça com que cada elemento do quadro de pixels possua 40 pixels de largura, 40 pixels de altura e seja delimitado por uma borda preta de 1 pixel.",
          "fullFile": "",
          "file": "",
          "beforeHooks": [],
          "afterHooks": [],
          "tests": [
            {
              "title": "Verifica se o quadro de pixels tem altura e comprimento de 5 elementos",
              "fullTitle": "5 - Faça com que cada elemento do quadro de pixels possua 40 pixels de largura, 40 pixels de altura e seja delimitado por uma borda preta de 1 pixel. Verifica se o quadro de pixels tem altura e comprimento de 5 elementos",
              "timedOut": null,
              "duration": 347,
              "state": "passed",
              "speed": "slow",
              "pass": true,
              "fail": false,
              "pending": false,
              "context": null,
              "code": "cy.get('.pixel').should('have.length', 25).each(function (pixel) {\n  expect(pixel).to.have.css('background-color', WHITE);\n}).and(function (pixels) {\n  var rows = chunk(pixels, 5);\n  rows.forEach(function (row) {\n    for (var index = 1; index < row.length; index += 1) {\n      var current = pixels[index];\n      var previous = pixels[index - 1];\n      cy.wrap(current).should('be.onTheRightOf', previous).and('be.horizontallyAlignedWith', previous);\n    }\n  });\n  for (var index = 1; index < 5; index += 1) {\n    expect(pixels[index * 5]).to.be.belowOf(pixels[(index - 1) * 5]);\n  }\n});",
              "err": {},
              "uuid": "d50377db-2e88-4b9f-a7dc-2af21cb8a0b8",
              "parentUUID": "7fe1b110-ebeb-4a30-88fc-53f3b1c0ea50",
              "isHook": false,
              "skipped": false
            },
            {
              "title": "Verifica se 40 pixels é o tamanho total do elemento, incluindo seu conteúdo e excluindo a borda preta, que deve ser criada à parte.",
              "fullTitle": "5 - Faça com que cada elemento do quadro de pixels possua 40 pixels de largura, 40 pixels de altura e seja delimitado por uma borda preta de 1 pixel. Verifica se 40 pixels é o tamanho total do elemento, incluindo seu conteúdo e excluindo a borda preta, que deve ser criada à parte.",
              "timedOut": null,
              "duration": 374,
              "state": "passed",
              "speed": "slow",
              "pass": true,
              "fail": false,
              "pending": false,
              "context": null,
              "code": "cy.get('.pixel').each(function (pixel) {\n  cy.wrap(pixel).should('have.css', 'height', '40px').and('have.css', 'width', '40px').and('have.css', 'border', \"1px solid \".concat(BLACK));\n});",
              "err": {},
              "uuid": "ca417eef-736c-4d46-8c58-ba0e52d27d4b",
              "parentUUID": "7fe1b110-ebeb-4a30-88fc-53f3b1c0ea50",
              "isHook": false,
              "skipped": false
            }
          ],
          "suites": [],
          "passes": [
            "d50377db-2e88-4b9f-a7dc-2af21cb8a0b8",
            "ca417eef-736c-4d46-8c58-ba0e52d27d4b"
          ],
          "failures": [],
          "pending": [],
          "skipped": [],
          "duration": 721,
          "root": false,
          "rootEmpty": false,
          "_timeout": 2000
        },
        {
          "uuid": "d459e5d7-6620-42c4-8a3d-2e6bf893f940",
          "title": "6 - Defina a cor preta como cor inicial. Ao carregar a página a cor preta já deve estar selecionada para pintar os pixels",
          "fullFile": "",
          "file": "",
          "beforeHooks": [],
          "afterHooks": [],
          "tests": [
            {
              "title": "Verifica se o elemento da cor preta possui, inicialmente, a `classe` `selected`",
              "fullTitle": "6 - Defina a cor preta como cor inicial. Ao carregar a página a cor preta já deve estar selecionada para pintar os pixels Verifica se o elemento da cor preta possui, inicialmente, a `classe` `selected`",
              "timedOut": null,
              "duration": 170,
              "state": "passed",
              "speed": "slow",
              "pass": true,
              "fail": false,
              "pending": false,
              "context": null,
              "code": "cy.get('.selected').first().should('have.css', 'background-color', BLACK);",
              "err": {},
              "uuid": "6ba8c72c-5455-4ca9-8b11-7e63259db769",
              "parentUUID": "d459e5d7-6620-42c4-8a3d-2e6bf893f940",
              "isHook": false,
              "skipped": false
            },
            {
              "title": "Verifica se nenhuma outra cor da paleta tem a `classe` `selected`",
              "fullTitle": "6 - Defina a cor preta como cor inicial. Ao carregar a página a cor preta já deve estar selecionada para pintar os pixels Verifica se nenhuma outra cor da paleta tem a `classe` `selected`",
              "timedOut": null,
              "duration": 108,
              "state": "passed",
              "speed": "slow",
              "pass": true,
              "fail": false,
              "pending": false,
              "context": null,
              "code": "cy.get('.color:not(:first-child)').each(function (color) {\n  cy.wrap(color).should('not.have.class', 'selected');\n});",
              "err": {},
              "uuid": "dd9b723e-8f8d-49db-b9e2-e700b1e2ed69",
              "parentUUID": "d459e5d7-6620-42c4-8a3d-2e6bf893f940",
              "isHook": false,
              "skipped": false
            }
          ],
          "suites": [],
          "passes": [
            "6ba8c72c-5455-4ca9-8b11-7e63259db769",
            "dd9b723e-8f8d-49db-b9e2-e700b1e2ed69"
          ],
          "failures": [],
          "pending": [],
          "skipped": [],
          "duration": 278,
          "root": false,
          "rootEmpty": false,
          "_timeout": 2000
        },
        {
          "uuid": "63f72712-398d-49d2-a66b-fb0ee9571912",
          "title": "7 - Clicar em uma das cores da paleta, faz com que ela seja selecionada e utilizada para preencher os pixels no quadro.",
          "fullFile": "",
          "file": "",
          "beforeHooks": [],
          "afterHooks": [],
          "tests": [
            {
              "title": "Verifica se somente uma cor da paleta de cores tem a classe `selected` de cada vez",
              "fullTitle": "7 - Clicar em uma das cores da paleta, faz com que ela seja selecionada e utilizada para preencher os pixels no quadro. Verifica se somente uma cor da paleta de cores tem a classe `selected` de cada vez",
              "timedOut": null,
              "duration": 539,
              "state": "passed",
              "speed": "slow",
              "pass": true,
              "fail": false,
              "pending": false,
              "context": null,
              "code": "cy.get('.color').each(function (selectedColor, selectedColorIndex) {\n  cy.wrap(selectedColor).click();\n  cy.get('.color').each(function (color, colorIndex) {\n    if (colorIndex === selectedColorIndex) {\n      expect(color).to.have[\"class\"]('selected');\n    } else {\n      expect(color).not.to.have[\"class\"]('selected');\n    }\n  });\n});",
              "err": {},
              "uuid": "88c95df5-eb26-42b1-ae5e-84674818196e",
              "parentUUID": "63f72712-398d-49d2-a66b-fb0ee9571912",
              "isHook": false,
              "skipped": false
            },
            {
              "title": "Verifica se os pixels dentro do quadro não têm a classe `selected` quando são clicados",
              "fullTitle": "7 - Clicar em uma das cores da paleta, faz com que ela seja selecionada e utilizada para preencher os pixels no quadro. Verifica se os pixels dentro do quadro não têm a classe `selected` quando são clicados",
              "timedOut": null,
              "duration": 9097,
              "state": "passed",
              "speed": "slow",
              "pass": true,
              "fail": false,
              "pending": false,
              "context": null,
              "code": "cy.get('.color').each(function (color) {\n  var backgroundColor = color.css('background-color');\n  cy.wrap(color).click();\n  cy.get('.pixel').each(function (pixel) {\n    cy.wrap(pixel).click().should('not.have.class', 'selected');\n  });\n});",
              "err": {},
              "uuid": "bcba8802-3449-415a-b6c0-eb4aca54f688",
              "parentUUID": "63f72712-398d-49d2-a66b-fb0ee9571912",
              "isHook": false,
              "skipped": false
            }
          ],
          "suites": [],
          "passes": [
            "88c95df5-eb26-42b1-ae5e-84674818196e",
            "bcba8802-3449-415a-b6c0-eb4aca54f688"
          ],
          "failures": [],
          "pending": [],
          "skipped": [],
          "duration": 9636,
          "root": false,
          "rootEmpty": false,
          "_timeout": 2000
        },
        {
          "uuid": "50706c84-6b3e-4056-9a22-5fc77d65f3a8",
          "title": "8 - Clicar em um pixel dentro do quadro após selecionar uma cor na paleta, faz com que o pixel seja preenchido com a cor selecionada.",
          "fullFile": "",
          "file": "",
          "beforeHooks": [],
          "afterHooks": [],
          "tests": [
            {
              "title": "Verifica se ao carregar a página deve ser possível pintar os pixels de preto",
              "fullTitle": "8 - Clicar em um pixel dentro do quadro após selecionar uma cor na paleta, faz com que o pixel seja preenchido com a cor selecionada. Verifica se ao carregar a página deve ser possível pintar os pixels de preto",
              "timedOut": null,
              "duration": 2198,
              "state": "passed",
              "speed": "slow",
              "pass": true,
              "fail": false,
              "pending": false,
              "context": null,
              "code": "cy.get('.pixel').each(function (pixel) {\n  cy.wrap(pixel).click().should('have.css', 'background-color', BLACK);\n});",
              "err": {},
              "uuid": "c370e2b7-19cd-484b-83ed-525ae7937446",
              "parentUUID": "50706c84-6b3e-4056-9a22-5fc77d65f3a8",
              "isHook": false,
              "skipped": false
            },
            {
              "title": "Verifica se após selecionar uma outra cor na paleta, é possível pintar os pixels com essa cor",
              "fullTitle": "8 - Clicar em um pixel dentro do quadro após selecionar uma cor na paleta, faz com que o pixel seja preenchido com a cor selecionada. Verifica se após selecionar uma outra cor na paleta, é possível pintar os pixels com essa cor",
              "timedOut": null,
              "duration": 9052,
              "state": "passed",
              "speed": "slow",
              "pass": true,
              "fail": false,
              "pending": false,
              "context": null,
              "code": "cy.get('.color').each(function (color) {\n  var backgroundColor = color.css('background-color');\n  cy.wrap(color).click();\n  cy.get('.pixel').each(function (pixel) {\n    cy.wrap(pixel).click().should('have.css', 'background-color', backgroundColor);\n  });\n});",
              "err": {},
              "uuid": "5d1c01ba-9f87-483e-ac66-973854a5c754",
              "parentUUID": "50706c84-6b3e-4056-9a22-5fc77d65f3a8",
              "isHook": false,
              "skipped": false
            },
            {
              "title": "Verifica se somente o pixel que foi clicado foi preenchido com a cor selecionada, sem influenciar na cor dos demais pixels.",
              "fullTitle": "8 - Clicar em um pixel dentro do quadro após selecionar uma cor na paleta, faz com que o pixel seja preenchido com a cor selecionada. Verifica se somente o pixel que foi clicado foi preenchido com a cor selecionada, sem influenciar na cor dos demais pixels.",
              "timedOut": null,
              "duration": 1606,
              "state": "passed",
              "speed": "slow",
              "pass": true,
              "fail": false,
              "pending": false,
              "context": null,
              "code": "var colorToPixelIndexMap = {\n  0: 6,\n  1: 8,\n  2: 16,\n  3: 18\n};\ncy.get('.color').each(function (color, index) {\n  cy.wrap(color).click();\n  var backgroundColor = color.css('background-color');\n  var clickedPixelIndex = colorToPixelIndexMap[index];\n  cy.get('.pixel').eq(clickedPixelIndex).click();\n  cy.get('.pixel').eq(clickedPixelIndex - 1).should('not.have.css', 'background-color', backgroundColor);\n  cy.get('.pixel').eq(clickedPixelIndex + 1).should('not.have.css', 'background-color', backgroundColor);\n  cy.get('.pixel').eq(clickedPixelIndex - 5).should('not.have.css', 'background-color', backgroundColor);\n  cy.get('.pixel').eq(clickedPixelIndex + 5).should('not.have.css', 'background-color', backgroundColor);\n  cy.get('.pixel').eq(clickedPixelIndex - 6).should('not.have.css', 'background-color', backgroundColor);\n  cy.get('.pixel').eq(clickedPixelIndex - 4).should('not.have.css', 'background-color', backgroundColor);\n  cy.get('.pixel').eq(clickedPixelIndex + 4).should('not.have.css', 'background-color', backgroundColor);\n  cy.get('.pixel').eq(clickedPixelIndex + 6).should('not.have.css', 'background-color', backgroundColor);\n});",
              "err": {},
              "uuid": "c1dbd47d-16c3-459b-b265-e6798a468c8a",
              "parentUUID": "50706c84-6b3e-4056-9a22-5fc77d65f3a8",
              "isHook": false,
              "skipped": false
            }
          ],
          "suites": [],
          "passes": [
            "c370e2b7-19cd-484b-83ed-525ae7937446",
            "5d1c01ba-9f87-483e-ac66-973854a5c754",
            "c1dbd47d-16c3-459b-b265-e6798a468c8a"
          ],
          "failures": [],
          "pending": [],
          "skipped": [],
          "duration": 12856,
          "root": false,
          "rootEmpty": false,
          "_timeout": 2000
        },
        {
          "uuid": "ccf92273-7cb5-4ace-913d-4964e724a62f",
          "title": "9 - Crie um botão que, ao ser clicado, limpa o quadro preenchendo a cor de todos seus pixels com branco.",
          "fullFile": "",
          "file": "",
          "beforeHooks": [],
          "afterHooks": [],
          "tests": [
            {
              "title": "Verifica se o botão tem o `id` denominado `clear-board`",
              "fullTitle": "9 - Crie um botão que, ao ser clicado, limpa o quadro preenchendo a cor de todos seus pixels com branco. Verifica se o botão tem o `id` denominado `clear-board`",
              "timedOut": null,
              "duration": 4443,
              "state": "failed",
              "speed": null,
              "pass": false,
              "fail": true,
              "pending": false,
              "context": null,
              "code": "cy.get('#clear-board').should('be.visible');",
              "err": {
                "message": "CypressError: Timed out retrying: Expected to find element: '#clear-board', but never found it.",
                "estack": "CypressError: Timed out retrying: Expected to find element: '#clear-board', but never found it.\n    at cypressErr (http://localhost:39627/__cypress/runner/cypress_runner.js:149934:9)\n    at throwErr (http://localhost:39627/__cypress/runner/cypress_runner.js:149867:11)\n    at Object.throwErrByPath (http://localhost:39627/__cypress/runner/cypress_runner.js:149915:3)\n    at retry (http://localhost:39627/__cypress/runner/cypress_runner.js:144197:19)\n    at onFailFn (http://localhost:39627/__cypress/runner/cypress_runner.js:132448:16)\n    at tryCatcher (http://localhost:39627/__cypress/runner/cypress_runner.js:167415:23)\n    at Promise._settlePromiseFromHandler (http://localhost:39627/__cypress/runner/cypress_runner.js:165351:31)\n    at Promise._settlePromise (http://localhost:39627/__cypress/runner/cypress_runner.js:165408:18)\n    at Promise._settlePromise0 (http://localhost:39627/__cypress/runner/cypress_runner.js:165453:10)\n    at Promise._settlePromises (http://localhost:39627/__cypress/runner/cypress_runner.js:165528:18)\n    at Async../node_modules/bluebird/js/release/async.js.Async._drainQueue (http://localhost:39627/__cypress/runner/cypress_runner.js:162140:16)\n    at Async../node_modules/bluebird/js/release/async.js.Async._drainQueues (http://localhost:39627/__cypress/runner/cypress_runner.js:162150:10)\n    at Async.drainQueues (http://localhost:39627/__cypress/runner/cypress_runner.js:162024:14)",
                "diff": null
              },
              "uuid": "c004abcb-f951-45cc-b1db-40b055668b98",
              "parentUUID": "ccf92273-7cb5-4ace-913d-4964e724a62f",
              "isHook": false,
              "skipped": false
            },
            {
              "title": "Verifica se o botão está posicionado entre a paleta de cores e o quadro de pixels",
              "fullTitle": "9 - Crie um botão que, ao ser clicado, limpa o quadro preenchendo a cor de todos seus pixels com branco. Verifica se o botão está posicionado entre a paleta de cores e o quadro de pixels",
              "timedOut": null,
              "duration": 4506,
              "state": "failed",
              "speed": null,
              "pass": false,
              "fail": true,
              "pending": false,
              "context": null,
              "code": "cy.get('#color-palette').then(function (palette) {\n  cy.get('#clear-board').should('be.belowOf', palette);\n});\ncy.get('#clear-board').then(function (clearBtn) {\n  cy.get('#pixel-board').should('be.belowOf', clearBtn);\n});",
              "err": {
                "message": "CypressError: Timed out retrying: Expected to find element: '#clear-board', but never found it.",
                "estack": "CypressError: Timed out retrying: Expected to find element: '#clear-board', but never found it.\n    at cypressErr (http://localhost:39627/__cypress/runner/cypress_runner.js:149934:9)\n    at throwErr (http://localhost:39627/__cypress/runner/cypress_runner.js:149867:11)\n    at Object.throwErrByPath (http://localhost:39627/__cypress/runner/cypress_runner.js:149915:3)\n    at retry (http://localhost:39627/__cypress/runner/cypress_runner.js:144197:19)\n    at onFailFn (http://localhost:39627/__cypress/runner/cypress_runner.js:132448:16)\n    at tryCatcher (http://localhost:39627/__cypress/runner/cypress_runner.js:167415:23)\n    at Promise._settlePromiseFromHandler (http://localhost:39627/__cypress/runner/cypress_runner.js:165351:31)\n    at Promise._settlePromise (http://localhost:39627/__cypress/runner/cypress_runner.js:165408:18)\n    at Promise._settlePromise0 (http://localhost:39627/__cypress/runner/cypress_runner.js:165453:10)\n    at Promise._settlePromises (http://localhost:39627/__cypress/runner/cypress_runner.js:165528:18)\n    at Async../node_modules/bluebird/js/release/async.js.Async._drainQueue (http://localhost:39627/__cypress/runner/cypress_runner.js:162140:16)\n    at Async../node_modules/bluebird/js/release/async.js.Async._drainQueues (http://localhost:39627/__cypress/runner/cypress_runner.js:162150:10)\n    at Async.drainQueues (http://localhost:39627/__cypress/runner/cypress_runner.js:162024:14)",
                "diff": null
              },
              "uuid": "de698b16-9ca7-4213-a7d2-98e23939b218",
              "parentUUID": "ccf92273-7cb5-4ace-913d-4964e724a62f",
              "isHook": false,
              "skipped": false
            },
            {
              "title": "Verifica se o texto do botão é 'Limpar'",
              "fullTitle": "9 - Crie um botão que, ao ser clicado, limpa o quadro preenchendo a cor de todos seus pixels com branco. Verifica se o texto do botão é 'Limpar'",
              "timedOut": null,
              "duration": 4481,
              "state": "failed",
              "speed": null,
              "pass": false,
              "fail": true,
              "pending": false,
              "context": null,
              "code": "cy.get('#clear-board').should('contain.text', 'Limpar');",
              "err": {
                "message": "CypressError: Timed out retrying: Expected to find element: '#clear-board', but never found it.",
                "estack": "CypressError: Timed out retrying: Expected to find element: '#clear-board', but never found it.\n    at cypressErr (http://localhost:39627/__cypress/runner/cypress_runner.js:149934:9)\n    at throwErr (http://localhost:39627/__cypress/runner/cypress_runner.js:149867:11)\n    at Object.throwErrByPath (http://localhost:39627/__cypress/runner/cypress_runner.js:149915:3)\n    at retry (http://localhost:39627/__cypress/runner/cypress_runner.js:144197:19)\n    at onFailFn (http://localhost:39627/__cypress/runner/cypress_runner.js:132448:16)\n    at tryCatcher (http://localhost:39627/__cypress/runner/cypress_runner.js:167415:23)\n    at Promise._settlePromiseFromHandler (http://localhost:39627/__cypress/runner/cypress_runner.js:165351:31)\n    at Promise._settlePromise (http://localhost:39627/__cypress/runner/cypress_runner.js:165408:18)\n    at Promise._settlePromise0 (http://localhost:39627/__cypress/runner/cypress_runner.js:165453:10)\n    at Promise._settlePromises (http://localhost:39627/__cypress/runner/cypress_runner.js:165528:18)\n    at Async../node_modules/bluebird/js/release/async.js.Async._drainQueue (http://localhost:39627/__cypress/runner/cypress_runner.js:162140:16)\n    at Async../node_modules/bluebird/js/release/async.js.Async._drainQueues (http://localhost:39627/__cypress/runner/cypress_runner.js:162150:10)\n    at Async.drainQueues (http://localhost:39627/__cypress/runner/cypress_runner.js:162024:14)",
                "diff": null
              },
              "uuid": "e3171825-26df-4b8c-88a6-f978bc3b8cc6",
              "parentUUID": "ccf92273-7cb5-4ace-913d-4964e724a62f",
              "isHook": false,
              "skipped": false
            },
            {
              "title": "Verifica se ao clicar no botão, o quadro de pixels é totalmente preenchido de branco",
              "fullTitle": "9 - Crie um botão que, ao ser clicado, limpa o quadro preenchendo a cor de todos seus pixels com branco. Verifica se ao clicar no botão, o quadro de pixels é totalmente preenchido de branco",
              "timedOut": null,
              "duration": 6693,
              "state": "failed",
              "speed": null,
              "pass": false,
              "fail": true,
              "pending": false,
              "context": null,
              "code": "cy.get('.color').eq(1).then(function (color) {\n  var backgroundColor = color.css('background-color');\n  cy.wrap(color).click();\n  cy.get('.pixel').each(function (pixel) {\n    cy.wrap(pixel).click().should('have.css', 'background-color', backgroundColor);\n  });\n});\ncy.get('#clear-board').click();\ncy.get('.pixel').each(function (pixel) {\n  cy.wrap(pixel).should('have.css', 'background-color', WHITE);\n});",
              "err": {
                "message": "CypressError: Timed out retrying: Expected to find element: '#clear-board', but never found it.",
                "estack": "CypressError: Timed out retrying: Expected to find element: '#clear-board', but never found it.\n    at cypressErr (http://localhost:39627/__cypress/runner/cypress_runner.js:149934:9)\n    at throwErr (http://localhost:39627/__cypress/runner/cypress_runner.js:149867:11)\n    at Object.throwErrByPath (http://localhost:39627/__cypress/runner/cypress_runner.js:149915:3)\n    at retry (http://localhost:39627/__cypress/runner/cypress_runner.js:144197:19)\n    at onFailFn (http://localhost:39627/__cypress/runner/cypress_runner.js:132448:16)\n    at tryCatcher (http://localhost:39627/__cypress/runner/cypress_runner.js:167415:23)\n    at Promise._settlePromiseFromHandler (http://localhost:39627/__cypress/runner/cypress_runner.js:165351:31)\n    at Promise._settlePromise (http://localhost:39627/__cypress/runner/cypress_runner.js:165408:18)\n    at Promise._settlePromise0 (http://localhost:39627/__cypress/runner/cypress_runner.js:165453:10)\n    at Promise._settlePromises (http://localhost:39627/__cypress/runner/cypress_runner.js:165528:18)\n    at Async../node_modules/bluebird/js/release/async.js.Async._drainQueue (http://localhost:39627/__cypress/runner/cypress_runner.js:162140:16)\n    at Async../node_modules/bluebird/js/release/async.js.Async._drainQueues (http://localhost:39627/__cypress/runner/cypress_runner.js:162150:10)\n    at Async.drainQueues (http://localhost:39627/__cypress/runner/cypress_runner.js:162024:14)",
                "diff": null
              },
              "uuid": "b6102303-a034-4ca2-a11d-6a7bb738e111",
              "parentUUID": "ccf92273-7cb5-4ace-913d-4964e724a62f",
              "isHook": false,
              "skipped": false
            }
          ],
          "suites": [],
          "passes": [],
          "failures": [
            "c004abcb-f951-45cc-b1db-40b055668b98",
            "de698b16-9ca7-4213-a7d2-98e23939b218",
            "e3171825-26df-4b8c-88a6-f978bc3b8cc6",
            "b6102303-a034-4ca2-a11d-6a7bb738e111"
          ],
          "pending": [],
          "skipped": [],
          "duration": 20123,
          "root": false,
          "rootEmpty": false,
          "_timeout": 2000
        },
        {
          "uuid": "2c7592b2-2bd6-4513-b9c0-8eecb9dcc15c",
          "title": "10 - Faça o quadro de pixels ter seu tamanho definido pelo usuário.",
          "fullFile": "",
          "file": "",
          "beforeHooks": [],
          "afterHooks": [],
          "tests": [
            {
              "title": "Verifica se existe um input com o id `board-size`",
              "fullTitle": "10 - Faça o quadro de pixels ter seu tamanho definido pelo usuário. Verifica se existe um input com o id `board-size`",
              "timedOut": null,
              "duration": 4473,
              "state": "failed",
              "speed": null,
              "pass": false,
              "fail": true,
              "pending": false,
              "context": null,
              "code": "cy.get('#board-size').should('be.visible');",
              "err": {
                "message": "CypressError: Timed out retrying: Expected to find element: '#board-size', but never found it.",
                "estack": "CypressError: Timed out retrying: Expected to find element: '#board-size', but never found it.\n    at cypressErr (http://localhost:39627/__cypress/runner/cypress_runner.js:149934:9)\n    at throwErr (http://localhost:39627/__cypress/runner/cypress_runner.js:149867:11)\n    at Object.throwErrByPath (http://localhost:39627/__cypress/runner/cypress_runner.js:149915:3)\n    at retry (http://localhost:39627/__cypress/runner/cypress_runner.js:144197:19)\n    at onFailFn (http://localhost:39627/__cypress/runner/cypress_runner.js:132448:16)\n    at tryCatcher (http://localhost:39627/__cypress/runner/cypress_runner.js:167415:23)\n    at Promise._settlePromiseFromHandler (http://localhost:39627/__cypress/runner/cypress_runner.js:165351:31)\n    at Promise._settlePromise (http://localhost:39627/__cypress/runner/cypress_runner.js:165408:18)\n    at Promise._settlePromise0 (http://localhost:39627/__cypress/runner/cypress_runner.js:165453:10)\n    at Promise._settlePromises (http://localhost:39627/__cypress/runner/cypress_runner.js:165528:18)\n    at Async../node_modules/bluebird/js/release/async.js.Async._drainQueue (http://localhost:39627/__cypress/runner/cypress_runner.js:162140:16)\n    at Async../node_modules/bluebird/js/release/async.js.Async._drainQueues (http://localhost:39627/__cypress/runner/cypress_runner.js:162150:10)\n    at Async.drainQueues (http://localhost:39627/__cypress/runner/cypress_runner.js:162024:14)",
                "diff": null
              },
              "uuid": "f5aef4b9-bf2c-4fa2-98c9-3dee42bc3486",
              "parentUUID": "2c7592b2-2bd6-4513-b9c0-8eecb9dcc15c",
              "isHook": false,
              "skipped": false
            },
            {
              "title": "Verifica se existe um botão com o id `generate-board`",
              "fullTitle": "10 - Faça o quadro de pixels ter seu tamanho definido pelo usuário. Verifica se existe um botão com o id `generate-board`",
              "timedOut": null,
              "duration": 4551,
              "state": "failed",
              "speed": null,
              "pass": false,
              "fail": true,
              "pending": false,
              "context": null,
              "code": "cy.get('#generate-board').should('be.visible');",
              "err": {
                "message": "CypressError: Timed out retrying: Expected to find element: '#generate-board', but never found it.",
                "estack": "CypressError: Timed out retrying: Expected to find element: '#generate-board', but never found it.\n    at cypressErr (http://localhost:39627/__cypress/runner/cypress_runner.js:149934:9)\n    at throwErr (http://localhost:39627/__cypress/runner/cypress_runner.js:149867:11)\n    at Object.throwErrByPath (http://localhost:39627/__cypress/runner/cypress_runner.js:149915:3)\n    at retry (http://localhost:39627/__cypress/runner/cypress_runner.js:144197:19)\n    at onFailFn (http://localhost:39627/__cypress/runner/cypress_runner.js:132448:16)\n    at tryCatcher (http://localhost:39627/__cypress/runner/cypress_runner.js:167415:23)\n    at Promise._settlePromiseFromHandler (http://localhost:39627/__cypress/runner/cypress_runner.js:165351:31)\n    at Promise._settlePromise (http://localhost:39627/__cypress/runner/cypress_runner.js:165408:18)\n    at Promise._settlePromise0 (http://localhost:39627/__cypress/runner/cypress_runner.js:165453:10)\n    at Promise._settlePromises (http://localhost:39627/__cypress/runner/cypress_runner.js:165528:18)\n    at Async../node_modules/bluebird/js/release/async.js.Async._drainQueue (http://localhost:39627/__cypress/runner/cypress_runner.js:162140:16)\n    at Async../node_modules/bluebird/js/release/async.js.Async._drainQueues (http://localhost:39627/__cypress/runner/cypress_runner.js:162150:10)\n    at Async.drainQueues (http://localhost:39627/__cypress/runner/cypress_runner.js:162024:14)",
                "diff": null
              },
              "uuid": "fdda6a18-84d0-48cc-baf6-442215b445a8",
              "parentUUID": "2c7592b2-2bd6-4513-b9c0-8eecb9dcc15c",
              "isHook": false,
              "skipped": false
            },
            {
              "title": "Verifica se o input só aceita número maiores que zero. Essa restrição deve ser feita usando os atributos do elemento `input`",
              "fullTitle": "10 - Faça o quadro de pixels ter seu tamanho definido pelo usuário. Verifica se o input só aceita número maiores que zero. Essa restrição deve ser feita usando os atributos do elemento `input`",
              "timedOut": null,
              "duration": 4439,
              "state": "failed",
              "speed": null,
              "pass": false,
              "fail": true,
              "pending": false,
              "context": null,
              "code": "cy.get('#board-size[type=\\'number\\'][min=\\'1\\']');",
              "err": {
                "message": "CypressError: Timed out retrying: Expected to find element: '#board-size[type='number'][min='1']', but never found it.",
                "estack": "CypressError: Timed out retrying: Expected to find element: '#board-size[type='number'][min='1']', but never found it.\n    at cypressErr (http://localhost:39627/__cypress/runner/cypress_runner.js:149934:9)\n    at throwErr (http://localhost:39627/__cypress/runner/cypress_runner.js:149867:11)\n    at Object.throwErrByPath (http://localhost:39627/__cypress/runner/cypress_runner.js:149915:3)\n    at retry (http://localhost:39627/__cypress/runner/cypress_runner.js:144197:19)\n    at onFailFn (http://localhost:39627/__cypress/runner/cypress_runner.js:132448:16)\n    at tryCatcher (http://localhost:39627/__cypress/runner/cypress_runner.js:167415:23)\n    at Promise._settlePromiseFromHandler (http://localhost:39627/__cypress/runner/cypress_runner.js:165351:31)\n    at Promise._settlePromise (http://localhost:39627/__cypress/runner/cypress_runner.js:165408:18)\n    at Promise._settlePromise0 (http://localhost:39627/__cypress/runner/cypress_runner.js:165453:10)\n    at Promise._settlePromises (http://localhost:39627/__cypress/runner/cypress_runner.js:165528:18)\n    at Async../node_modules/bluebird/js/release/async.js.Async._drainQueue (http://localhost:39627/__cypress/runner/cypress_runner.js:162140:16)\n    at Async../node_modules/bluebird/js/release/async.js.Async._drainQueues (http://localhost:39627/__cypress/runner/cypress_runner.js:162150:10)\n    at Async.drainQueues (http://localhost:39627/__cypress/runner/cypress_runner.js:162024:14)",
                "diff": null
              },
              "uuid": "b12a924c-7c08-41d8-871c-640b7b1df460",
              "parentUUID": "2c7592b2-2bd6-4513-b9c0-8eecb9dcc15c",
              "isHook": false,
              "skipped": false
            },
            {
              "title": "Verifica se o botão contém o texto 'VQV'",
              "fullTitle": "10 - Faça o quadro de pixels ter seu tamanho definido pelo usuário. Verifica se o botão contém o texto 'VQV'",
              "timedOut": null,
              "duration": 4479,
              "state": "failed",
              "speed": null,
              "pass": false,
              "fail": true,
              "pending": false,
              "context": null,
              "code": "cy.get('#generate-board').contains(/vqv/i);",
              "err": {
                "message": "CypressError: Timed out retrying: Expected to find element: '#generate-board', but never found it.",
                "estack": "CypressError: Timed out retrying: Expected to find element: '#generate-board', but never found it.\n    at cypressErr (http://localhost:39627/__cypress/runner/cypress_runner.js:149934:9)\n    at throwErr (http://localhost:39627/__cypress/runner/cypress_runner.js:149867:11)\n    at Object.throwErrByPath (http://localhost:39627/__cypress/runner/cypress_runner.js:149915:3)\n    at retry (http://localhost:39627/__cypress/runner/cypress_runner.js:144197:19)\n    at onFailFn (http://localhost:39627/__cypress/runner/cypress_runner.js:132448:16)\n    at tryCatcher (http://localhost:39627/__cypress/runner/cypress_runner.js:167415:23)\n    at Promise._settlePromiseFromHandler (http://localhost:39627/__cypress/runner/cypress_runner.js:165351:31)\n    at Promise._settlePromise (http://localhost:39627/__cypress/runner/cypress_runner.js:165408:18)\n    at Promise._settlePromise0 (http://localhost:39627/__cypress/runner/cypress_runner.js:165453:10)\n    at Promise._settlePromises (http://localhost:39627/__cypress/runner/cypress_runner.js:165528:18)\n    at Async../node_modules/bluebird/js/release/async.js.Async._drainQueue (http://localhost:39627/__cypress/runner/cypress_runner.js:162140:16)\n    at Async../node_modules/bluebird/js/release/async.js.Async._drainQueues (http://localhost:39627/__cypress/runner/cypress_runner.js:162150:10)\n    at Async.drainQueues (http://localhost:39627/__cypress/runner/cypress_runner.js:162024:14)",
                "diff": null
              },
              "uuid": "1e95ee27-7880-49c9-8489-cc10c326a69c",
              "parentUUID": "2c7592b2-2bd6-4513-b9c0-8eecb9dcc15c",
              "isHook": false,
              "skipped": false
            },
            {
              "title": "Verifica se o input está posicionado entre a paleta de cores e o quadro de pixels",
              "fullTitle": "10 - Faça o quadro de pixels ter seu tamanho definido pelo usuário. Verifica se o input está posicionado entre a paleta de cores e o quadro de pixels",
              "timedOut": null,
              "duration": 4473,
              "state": "failed",
              "speed": null,
              "pass": false,
              "fail": true,
              "pending": false,
              "context": null,
              "code": "cy.get('#color-palette').then(function (palette) {\n  cy.get('#board-size').should('be.belowOf', palette);\n});\ncy.get('#board-size').then(function (palette) {\n  cy.get('#pixel-board').should('be.belowOf', palette);\n});",
              "err": {
                "message": "CypressError: Timed out retrying: Expected to find element: '#board-size', but never found it.",
                "estack": "CypressError: Timed out retrying: Expected to find element: '#board-size', but never found it.\n    at cypressErr (http://localhost:39627/__cypress/runner/cypress_runner.js:149934:9)\n    at throwErr (http://localhost:39627/__cypress/runner/cypress_runner.js:149867:11)\n    at Object.throwErrByPath (http://localhost:39627/__cypress/runner/cypress_runner.js:149915:3)\n    at retry (http://localhost:39627/__cypress/runner/cypress_runner.js:144197:19)\n    at onFailFn (http://localhost:39627/__cypress/runner/cypress_runner.js:132448:16)\n    at tryCatcher (http://localhost:39627/__cypress/runner/cypress_runner.js:167415:23)\n    at Promise._settlePromiseFromHandler (http://localhost:39627/__cypress/runner/cypress_runner.js:165351:31)\n    at Promise._settlePromise (http://localhost:39627/__cypress/runner/cypress_runner.js:165408:18)\n    at Promise._settlePromise0 (http://localhost:39627/__cypress/runner/cypress_runner.js:165453:10)\n    at Promise._settlePromises (http://localhost:39627/__cypress/runner/cypress_runner.js:165528:18)\n    at Async../node_modules/bluebird/js/release/async.js.Async._drainQueue (http://localhost:39627/__cypress/runner/cypress_runner.js:162140:16)\n    at Async../node_modules/bluebird/js/release/async.js.Async._drainQueues (http://localhost:39627/__cypress/runner/cypress_runner.js:162150:10)\n    at Async.drainQueues (http://localhost:39627/__cypress/runner/cypress_runner.js:162024:14)",
                "diff": null
              },
              "uuid": "43c031d1-9306-4ef9-b559-597954d8d239",
              "parentUUID": "2c7592b2-2bd6-4513-b9c0-8eecb9dcc15c",
              "isHook": false,
              "skipped": false
            },
            {
              "title": "Verifica se o botão está posicionado ao lado do input",
              "fullTitle": "10 - Faça o quadro de pixels ter seu tamanho definido pelo usuário. Verifica se o botão está posicionado ao lado do input",
              "timedOut": null,
              "duration": 4441,
              "state": "failed",
              "speed": null,
              "pass": false,
              "fail": true,
              "pending": false,
              "context": null,
              "code": "cy.get('#board-size').then(function (board) {\n  cy.get('#generate-board').should('be.onTheRightOf', board);\n});",
              "err": {
                "message": "CypressError: Timed out retrying: Expected to find element: '#board-size', but never found it.",
                "estack": "CypressError: Timed out retrying: Expected to find element: '#board-size', but never found it.\n    at cypressErr (http://localhost:39627/__cypress/runner/cypress_runner.js:149934:9)\n    at throwErr (http://localhost:39627/__cypress/runner/cypress_runner.js:149867:11)\n    at Object.throwErrByPath (http://localhost:39627/__cypress/runner/cypress_runner.js:149915:3)\n    at retry (http://localhost:39627/__cypress/runner/cypress_runner.js:144197:19)\n    at onFailFn (http://localhost:39627/__cypress/runner/cypress_runner.js:132448:16)\n    at tryCatcher (http://localhost:39627/__cypress/runner/cypress_runner.js:167415:23)\n    at Promise._settlePromiseFromHandler (http://localhost:39627/__cypress/runner/cypress_runner.js:165351:31)\n    at Promise._settlePromise (http://localhost:39627/__cypress/runner/cypress_runner.js:165408:18)\n    at Promise._settlePromise0 (http://localhost:39627/__cypress/runner/cypress_runner.js:165453:10)\n    at Promise._settlePromises (http://localhost:39627/__cypress/runner/cypress_runner.js:165528:18)\n    at Async../node_modules/bluebird/js/release/async.js.Async._drainQueue (http://localhost:39627/__cypress/runner/cypress_runner.js:162140:16)\n    at Async../node_modules/bluebird/js/release/async.js.Async._drainQueues (http://localhost:39627/__cypress/runner/cypress_runner.js:162150:10)\n    at Async.drainQueues (http://localhost:39627/__cypress/runner/cypress_runner.js:162024:14)",
                "diff": null
              },
              "uuid": "bb077b4f-4904-4708-aa57-92c89ead3fcc",
              "parentUUID": "2c7592b2-2bd6-4513-b9c0-8eecb9dcc15c",
              "isHook": false,
              "skipped": false
            },
            {
              "title": "Verifica se nenhum valor for colocado no input ao clicar no botão, um `alert` é exibido com o texto: 'Board inválido!'",
              "fullTitle": "10 - Faça o quadro de pixels ter seu tamanho definido pelo usuário. Verifica se nenhum valor for colocado no input ao clicar no botão, um `alert` é exibido com o texto: 'Board inválido!'",
              "timedOut": null,
              "duration": 4447,
              "state": "failed",
              "speed": null,
              "pass": false,
              "fail": true,
              "pending": false,
              "context": null,
              "code": "var alerted = false;\ncy.on('window:alert', function (msg) {\n  return alerted = msg;\n});\ncy.get('#generate-board').click().then(function () {\n  return expect(alerted).to.match(/Board inválido!/i);\n});",
              "err": {
                "message": "CypressError: Timed out retrying: Expected to find element: '#generate-board', but never found it.",
                "estack": "CypressError: Timed out retrying: Expected to find element: '#generate-board', but never found it.\n    at cypressErr (http://localhost:39627/__cypress/runner/cypress_runner.js:149934:9)\n    at throwErr (http://localhost:39627/__cypress/runner/cypress_runner.js:149867:11)\n    at Object.throwErrByPath (http://localhost:39627/__cypress/runner/cypress_runner.js:149915:3)\n    at retry (http://localhost:39627/__cypress/runner/cypress_runner.js:144197:19)\n    at onFailFn (http://localhost:39627/__cypress/runner/cypress_runner.js:132448:16)\n    at tryCatcher (http://localhost:39627/__cypress/runner/cypress_runner.js:167415:23)\n    at Promise._settlePromiseFromHandler (http://localhost:39627/__cypress/runner/cypress_runner.js:165351:31)\n    at Promise._settlePromise (http://localhost:39627/__cypress/runner/cypress_runner.js:165408:18)\n    at Promise._settlePromise0 (http://localhost:39627/__cypress/runner/cypress_runner.js:165453:10)\n    at Promise._settlePromises (http://localhost:39627/__cypress/runner/cypress_runner.js:165528:18)\n    at Async../node_modules/bluebird/js/release/async.js.Async._drainQueue (http://localhost:39627/__cypress/runner/cypress_runner.js:162140:16)\n    at Async../node_modules/bluebird/js/release/async.js.Async._drainQueues (http://localhost:39627/__cypress/runner/cypress_runner.js:162150:10)\n    at Async.drainQueues (http://localhost:39627/__cypress/runner/cypress_runner.js:162024:14)",
                "diff": null
              },
              "uuid": "0ac09eba-c2e8-4eac-a930-129218e64889",
              "parentUUID": "2c7592b2-2bd6-4513-b9c0-8eecb9dcc15c",
              "isHook": false,
              "skipped": false
            },
            {
              "title": "Verifica se ao clicar no botão com um valor preenchido, o tamanho do board muda.",
              "fullTitle": "10 - Faça o quadro de pixels ter seu tamanho definido pelo usuário. Verifica se ao clicar no botão com um valor preenchido, o tamanho do board muda.",
              "timedOut": null,
              "duration": 4523,
              "state": "failed",
              "speed": null,
              "pass": false,
              "fail": true,
              "pending": false,
              "context": null,
              "code": "cy.get('#board-size').clear().type(10);\ncy.get('#generate-board').click();\ncy.get('.pixel').should('have.length', 100);",
              "err": {
                "message": "CypressError: Timed out retrying: Expected to find element: '#board-size', but never found it.",
                "estack": "CypressError: Timed out retrying: Expected to find element: '#board-size', but never found it.\n    at cypressErr (http://localhost:39627/__cypress/runner/cypress_runner.js:149934:9)\n    at throwErr (http://localhost:39627/__cypress/runner/cypress_runner.js:149867:11)\n    at Object.throwErrByPath (http://localhost:39627/__cypress/runner/cypress_runner.js:149915:3)\n    at retry (http://localhost:39627/__cypress/runner/cypress_runner.js:144197:19)\n    at onFailFn (http://localhost:39627/__cypress/runner/cypress_runner.js:132448:16)\n    at tryCatcher (http://localhost:39627/__cypress/runner/cypress_runner.js:167415:23)\n    at Promise._settlePromiseFromHandler (http://localhost:39627/__cypress/runner/cypress_runner.js:165351:31)\n    at Promise._settlePromise (http://localhost:39627/__cypress/runner/cypress_runner.js:165408:18)\n    at Promise._settlePromise0 (http://localhost:39627/__cypress/runner/cypress_runner.js:165453:10)\n    at Promise._settlePromises (http://localhost:39627/__cypress/runner/cypress_runner.js:165528:18)\n    at Async../node_modules/bluebird/js/release/async.js.Async._drainQueue (http://localhost:39627/__cypress/runner/cypress_runner.js:162140:16)\n    at Async../node_modules/bluebird/js/release/async.js.Async._drainQueues (http://localhost:39627/__cypress/runner/cypress_runner.js:162150:10)\n    at Async.drainQueues (http://localhost:39627/__cypress/runner/cypress_runner.js:162024:14)",
                "diff": null
              },
              "uuid": "a30e3a6d-98a9-4959-8c6a-0025c83d4ef8",
              "parentUUID": "2c7592b2-2bd6-4513-b9c0-8eecb9dcc15c",
              "isHook": false,
              "skipped": false
            },
            {
              "title": "Verifica se o novo quadro tem todos os pixels preenchidos com a cor branca",
              "fullTitle": "10 - Faça o quadro de pixels ter seu tamanho definido pelo usuário. Verifica se o novo quadro tem todos os pixels preenchidos com a cor branca",
              "timedOut": null,
              "duration": 4578,
              "state": "failed",
              "speed": null,
              "pass": false,
              "fail": true,
              "pending": false,
              "context": null,
              "code": "cy.get('#board-size').clear().type(6);\ncy.get('#generate-board').click();\ncy.get('.pixel').should('have.length', 36).each(function (pixel) {\n  expect(pixel).to.have.css('background-color', WHITE);\n});",
              "err": {
                "message": "CypressError: Timed out retrying: Expected to find element: '#board-size', but never found it.",
                "estack": "CypressError: Timed out retrying: Expected to find element: '#board-size', but never found it.\n    at cypressErr (http://localhost:39627/__cypress/runner/cypress_runner.js:149934:9)\n    at throwErr (http://localhost:39627/__cypress/runner/cypress_runner.js:149867:11)\n    at Object.throwErrByPath (http://localhost:39627/__cypress/runner/cypress_runner.js:149915:3)\n    at retry (http://localhost:39627/__cypress/runner/cypress_runner.js:144197:19)\n    at onFailFn (http://localhost:39627/__cypress/runner/cypress_runner.js:132448:16)\n    at tryCatcher (http://localhost:39627/__cypress/runner/cypress_runner.js:167415:23)\n    at Promise._settlePromiseFromHandler (http://localhost:39627/__cypress/runner/cypress_runner.js:165351:31)\n    at Promise._settlePromise (http://localhost:39627/__cypress/runner/cypress_runner.js:165408:18)\n    at Promise._settlePromise0 (http://localhost:39627/__cypress/runner/cypress_runner.js:165453:10)\n    at Promise._settlePromises (http://localhost:39627/__cypress/runner/cypress_runner.js:165528:18)\n    at Async../node_modules/bluebird/js/release/async.js.Async._drainQueue (http://localhost:39627/__cypress/runner/cypress_runner.js:162140:16)\n    at Async../node_modules/bluebird/js/release/async.js.Async._drainQueues (http://localhost:39627/__cypress/runner/cypress_runner.js:162150:10)\n    at Async.drainQueues (http://localhost:39627/__cypress/runner/cypress_runner.js:162024:14)",
                "diff": null
              },
              "uuid": "8edf4f45-46fd-4729-b49f-ffaa95a64097",
              "parentUUID": "2c7592b2-2bd6-4513-b9c0-8eecb9dcc15c",
              "isHook": false,
              "skipped": false
            }
          ],
          "suites": [],
          "passes": [],
          "failures": [
            "f5aef4b9-bf2c-4fa2-98c9-3dee42bc3486",
            "fdda6a18-84d0-48cc-baf6-442215b445a8",
            "b12a924c-7c08-41d8-871c-640b7b1df460",
            "1e95ee27-7880-49c9-8489-cc10c326a69c",
            "43c031d1-9306-4ef9-b559-597954d8d239",
            "bb077b4f-4904-4708-aa57-92c89ead3fcc",
            "0ac09eba-c2e8-4eac-a930-129218e64889",
            "a30e3a6d-98a9-4959-8c6a-0025c83d4ef8",
            "8edf4f45-46fd-4729-b49f-ffaa95a64097"
          ],
          "pending": [],
          "skipped": [],
          "duration": 40404,
          "root": false,
          "rootEmpty": false,
          "_timeout": 2000
        },
        {
          "uuid": "5c374e4c-9d0b-41d5-be9f-bd1eff3671f7",
          "title": "11 - Limite o tamanho mínimo e máximo do board.",
          "fullFile": "",
          "file": "",
          "beforeHooks": [],
          "afterHooks": [],
          "tests": [
            {
              "title": "Verifica se a altura máxima do board é 50",
              "fullTitle": "11 - Limite o tamanho mínimo e máximo do board. Verifica se a altura máxima do board é 50",
              "timedOut": null,
              "duration": 4412,
              "state": "failed",
              "speed": null,
              "pass": false,
              "fail": true,
              "pending": false,
              "context": null,
              "code": "cy.get('#board-size').clear().type(50);\ncy.get('#generate-board').click();\ncy.get('.pixel').should('have.length', 2500);",
              "err": {
                "message": "CypressError: Timed out retrying: Expected to find element: '#board-size', but never found it.",
                "estack": "CypressError: Timed out retrying: Expected to find element: '#board-size', but never found it.\n    at cypressErr (http://localhost:39627/__cypress/runner/cypress_runner.js:149934:9)\n    at throwErr (http://localhost:39627/__cypress/runner/cypress_runner.js:149867:11)\n    at Object.throwErrByPath (http://localhost:39627/__cypress/runner/cypress_runner.js:149915:3)\n    at retry (http://localhost:39627/__cypress/runner/cypress_runner.js:144197:19)\n    at onFailFn (http://localhost:39627/__cypress/runner/cypress_runner.js:132448:16)\n    at tryCatcher (http://localhost:39627/__cypress/runner/cypress_runner.js:167415:23)\n    at Promise._settlePromiseFromHandler (http://localhost:39627/__cypress/runner/cypress_runner.js:165351:31)\n    at Promise._settlePromise (http://localhost:39627/__cypress/runner/cypress_runner.js:165408:18)\n    at Promise._settlePromise0 (http://localhost:39627/__cypress/runner/cypress_runner.js:165453:10)\n    at Promise._settlePromises (http://localhost:39627/__cypress/runner/cypress_runner.js:165528:18)\n    at Async../node_modules/bluebird/js/release/async.js.Async._drainQueue (http://localhost:39627/__cypress/runner/cypress_runner.js:162140:16)\n    at Async../node_modules/bluebird/js/release/async.js.Async._drainQueues (http://localhost:39627/__cypress/runner/cypress_runner.js:162150:10)\n    at Async.drainQueues (http://localhost:39627/__cypress/runner/cypress_runner.js:162024:14)",
                "diff": null
              },
              "uuid": "1b4c5ccc-1933-4c56-bcd3-83c9708bcb99",
              "parentUUID": "5c374e4c-9d0b-41d5-be9f-bd1eff3671f7",
              "isHook": false,
              "skipped": false
            },
            {
              "title": "Verifica se a altura do board é 5 quando um valor menor é colocado no input",
              "fullTitle": "11 - Limite o tamanho mínimo e máximo do board. Verifica se a altura do board é 5 quando um valor menor é colocado no input",
              "timedOut": null,
              "duration": 4403,
              "state": "failed",
              "speed": null,
              "pass": false,
              "fail": true,
              "pending": false,
              "context": null,
              "code": "cy.get('#board-size').clear().type(4);\ncy.get('#generate-board').click();\ncy.get('.pixel').should('have.length', 25);",
              "err": {
                "message": "CypressError: Timed out retrying: Expected to find element: '#board-size', but never found it.",
                "estack": "CypressError: Timed out retrying: Expected to find element: '#board-size', but never found it.\n    at cypressErr (http://localhost:39627/__cypress/runner/cypress_runner.js:149934:9)\n    at throwErr (http://localhost:39627/__cypress/runner/cypress_runner.js:149867:11)\n    at Object.throwErrByPath (http://localhost:39627/__cypress/runner/cypress_runner.js:149915:3)\n    at retry (http://localhost:39627/__cypress/runner/cypress_runner.js:144197:19)\n    at onFailFn (http://localhost:39627/__cypress/runner/cypress_runner.js:132448:16)\n    at tryCatcher (http://localhost:39627/__cypress/runner/cypress_runner.js:167415:23)\n    at Promise._settlePromiseFromHandler (http://localhost:39627/__cypress/runner/cypress_runner.js:165351:31)\n    at Promise._settlePromise (http://localhost:39627/__cypress/runner/cypress_runner.js:165408:18)\n    at Promise._settlePromise0 (http://localhost:39627/__cypress/runner/cypress_runner.js:165453:10)\n    at Promise._settlePromises (http://localhost:39627/__cypress/runner/cypress_runner.js:165528:18)\n    at Async../node_modules/bluebird/js/release/async.js.Async._drainQueue (http://localhost:39627/__cypress/runner/cypress_runner.js:162140:16)\n    at Async../node_modules/bluebird/js/release/async.js.Async._drainQueues (http://localhost:39627/__cypress/runner/cypress_runner.js:162150:10)\n    at Async.drainQueues (http://localhost:39627/__cypress/runner/cypress_runner.js:162024:14)",
                "diff": null
              },
              "uuid": "eed8a047-6f2c-4f39-96ac-9730feb7ef76",
              "parentUUID": "5c374e4c-9d0b-41d5-be9f-bd1eff3671f7",
              "isHook": false,
              "skipped": false
            },
            {
              "title": "Verifica se a altura do board é 50 quando um valor maior é colocado no input",
              "fullTitle": "11 - Limite o tamanho mínimo e máximo do board. Verifica se a altura do board é 50 quando um valor maior é colocado no input",
              "timedOut": null,
              "duration": 4556,
              "state": "failed",
              "speed": null,
              "pass": false,
              "fail": true,
              "pending": false,
              "context": null,
              "code": "cy.get('#board-size').clear().type(51);\ncy.get('#generate-board').click();\ncy.get('.pixel').should('have.length', 2500);",
              "err": {
                "message": "CypressError: Timed out retrying: Expected to find element: '#board-size', but never found it.",
                "estack": "CypressError: Timed out retrying: Expected to find element: '#board-size', but never found it.\n    at cypressErr (http://localhost:39627/__cypress/runner/cypress_runner.js:149934:9)\n    at throwErr (http://localhost:39627/__cypress/runner/cypress_runner.js:149867:11)\n    at Object.throwErrByPath (http://localhost:39627/__cypress/runner/cypress_runner.js:149915:3)\n    at retry (http://localhost:39627/__cypress/runner/cypress_runner.js:144197:19)\n    at onFailFn (http://localhost:39627/__cypress/runner/cypress_runner.js:132448:16)\n    at tryCatcher (http://localhost:39627/__cypress/runner/cypress_runner.js:167415:23)\n    at Promise._settlePromiseFromHandler (http://localhost:39627/__cypress/runner/cypress_runner.js:165351:31)\n    at Promise._settlePromise (http://localhost:39627/__cypress/runner/cypress_runner.js:165408:18)\n    at Promise._settlePromise0 (http://localhost:39627/__cypress/runner/cypress_runner.js:165453:10)\n    at Promise._settlePromises (http://localhost:39627/__cypress/runner/cypress_runner.js:165528:18)\n    at Async../node_modules/bluebird/js/release/async.js.Async._drainQueue (http://localhost:39627/__cypress/runner/cypress_runner.js:162140:16)\n    at Async../node_modules/bluebird/js/release/async.js.Async._drainQueues (http://localhost:39627/__cypress/runner/cypress_runner.js:162150:10)\n    at Async.drainQueues (http://localhost:39627/__cypress/runner/cypress_runner.js:162024:14)",
                "diff": null
              },
              "uuid": "847e9955-f5d0-473d-92f7-53355e380c20",
              "parentUUID": "5c374e4c-9d0b-41d5-be9f-bd1eff3671f7",
              "isHook": false,
              "skipped": false
            }
          ],
          "suites": [],
          "passes": [],
          "failures": [
            "1b4c5ccc-1933-4c56-bcd3-83c9708bcb99",
            "eed8a047-6f2c-4f39-96ac-9730feb7ef76",
            "847e9955-f5d0-473d-92f7-53355e380c20"
          ],
          "pending": [],
          "skipped": [],
          "duration": 13371,
          "root": false,
          "rootEmpty": false,
          "_timeout": 2000
        },
        {
          "uuid": "621ac5aa-dcf1-4324-9d40-ab38ad4c6c3f",
          "title": "12 - Faça com que as cores da paleta sejam geradas aleatoriamente ao carregar a página.",
          "fullFile": "",
          "file": "",
          "beforeHooks": [],
          "afterHooks": [],
          "tests": [
            {
              "title": "Verifica se as cores geradas na paleta são diferentes a cada carregamento da página",
              "fullTitle": "12 - Faça com que as cores da paleta sejam geradas aleatoriamente ao carregar a página. Verifica se as cores geradas na paleta são diferentes a cada carregamento da página",
              "timedOut": null,
              "duration": 490,
              "state": "failed",
              "speed": null,
              "pass": false,
              "fail": true,
              "pending": false,
              "context": null,
              "code": "cy.get('.color').then(function (colors) {\n  var currentColors;\n  var previousColors;\n  previousColors = Array.from(colors).map(function (color) {\n    return Cypress.$(color).css('background-color');\n  });\n  for (var i = 0; i < 5; i += 1) {\n    cy.reload();\n    cy.get('.color').then(function (colors) {\n      currentColors = Array.from(colors).map(function (color) {\n        return Cypress.$(color).css('background-color');\n      });\n      expect(currentColors).not.to.deep.equal(previousColors);\n      previousColors = currentColors;\n    });\n  }\n});",
              "err": {
                "message": "AssertionError: expected [ Array(4) ] to not deeply equal [ Array(4) ]",
                "estack": "AssertionError: expected [ Array(4) ] to not deeply equal [ Array(4) ]\n    at getRet (http://localhost:39627/__cypress/runner/cypress_runner.js:136585:16)\n    at tryCatcher (http://localhost:39627/__cypress/runner/cypress_runner.js:167415:23)\n    at Function.Promise.attempt.Promise.try (http://localhost:39627/__cypress/runner/cypress_runner.js:164690:29)\n    at Context.thenFn (http://localhost:39627/__cypress/runner/cypress_runner.js:136599:23)\n    at Context.then (http://localhost:39627/__cypress/runner/cypress_runner.js:136971:21)\n    at Context.<anonymous> (http://localhost:39627/__cypress/runner/cypress_runner.js:148875:21)\n    at http://localhost:39627/__cypress/runner/cypress_runner.js:148351:33\n    at tryCatcher (http://localhost:39627/__cypress/runner/cypress_runner.js:167415:23)\n    at Promise._settlePromiseFromHandler (http://localhost:39627/__cypress/runner/cypress_runner.js:165351:31)\n    at Promise._settlePromise (http://localhost:39627/__cypress/runner/cypress_runner.js:165408:18)\n    at Promise._settlePromiseCtx (http://localhost:39627/__cypress/runner/cypress_runner.js:165445:10)\n    at Async../node_modules/bluebird/js/release/async.js.Async._drainQueue (http://localhost:39627/__cypress/runner/cypress_runner.js:162145:12)\n    at Async../node_modules/bluebird/js/release/async.js.Async._drainQueues (http://localhost:39627/__cypress/runner/cypress_runner.js:162150:10)\n    at Async.drainQueues (http://localhost:39627/__cypress/runner/cypress_runner.js:162024:14)",
                "diff": ""
              },
              "uuid": "1a30b590-cc29-4fd0-8027-85f5015a74dd",
              "parentUUID": "621ac5aa-dcf1-4324-9d40-ab38ad4c6c3f",
              "isHook": false,
              "skipped": false
            },
            {
              "title": "Verifica se a cor preta ainda está presente e é a primeira na sua paleta de cores",
              "fullTitle": "12 - Faça com que as cores da paleta sejam geradas aleatoriamente ao carregar a página. Verifica se a cor preta ainda está presente e é a primeira na sua paleta de cores",
              "timedOut": null,
              "duration": 582,
              "state": "failed",
              "speed": null,
              "pass": false,
              "fail": true,
              "pending": false,
              "context": null,
              "code": "cy.get('.color').then(function (colors) {\n  var currentColors;\n  var previousColors;\n  previousColors = Array.from(colors).map(function (color) {\n    return Cypress.$(color).css('background-color');\n  });\n  expect(previousColors[0]).to.eq(BLACK);\n  for (var i = 0; i < 5; i += 1) {\n    cy.reload();\n    cy.get('.color').then(function (colors) {\n      currentColors = Array.from(colors).map(function (color) {\n        return Cypress.$(color).css('background-color');\n      });\n      expect(currentColors[0]).to.eq(BLACK);\n      expect(currentColors).not.to.deep.equal(previousColors);\n      previousColors = currentColors;\n    });\n  }\n});",
              "err": {
                "message": "AssertionError: expected [ Array(4) ] to not deeply equal [ Array(4) ]",
                "estack": "AssertionError: expected [ Array(4) ] to not deeply equal [ Array(4) ]\n    at getRet (http://localhost:39627/__cypress/runner/cypress_runner.js:136585:16)\n    at tryCatcher (http://localhost:39627/__cypress/runner/cypress_runner.js:167415:23)\n    at Function.Promise.attempt.Promise.try (http://localhost:39627/__cypress/runner/cypress_runner.js:164690:29)\n    at Context.thenFn (http://localhost:39627/__cypress/runner/cypress_runner.js:136599:23)\n    at Context.then (http://localhost:39627/__cypress/runner/cypress_runner.js:136971:21)\n    at Context.<anonymous> (http://localhost:39627/__cypress/runner/cypress_runner.js:148875:21)\n    at http://localhost:39627/__cypress/runner/cypress_runner.js:148351:33\n    at tryCatcher (http://localhost:39627/__cypress/runner/cypress_runner.js:167415:23)\n    at Promise._settlePromiseFromHandler (http://localhost:39627/__cypress/runner/cypress_runner.js:165351:31)\n    at Promise._settlePromise (http://localhost:39627/__cypress/runner/cypress_runner.js:165408:18)\n    at Promise._settlePromiseCtx (http://localhost:39627/__cypress/runner/cypress_runner.js:165445:10)\n    at Async../node_modules/bluebird/js/release/async.js.Async._drainQueue (http://localhost:39627/__cypress/runner/cypress_runner.js:162145:12)\n    at Async../node_modules/bluebird/js/release/async.js.Async._drainQueues (http://localhost:39627/__cypress/runner/cypress_runner.js:162150:10)\n    at Async.drainQueues (http://localhost:39627/__cypress/runner/cypress_runner.js:162024:14)",
                "diff": ""
              },
              "uuid": "35cacc89-6c21-4b6c-994f-62bbace99883",
              "parentUUID": "621ac5aa-dcf1-4324-9d40-ab38ad4c6c3f",
              "isHook": false,
              "skipped": false
            }
          ],
          "suites": [],
          "passes": [],
          "failures": [
            "1a30b590-cc29-4fd0-8027-85f5015a74dd",
            "35cacc89-6c21-4b6c-994f-62bbace99883"
          ],
          "pending": [],
          "skipped": [],
          "duration": 1072,
          "root": false,
          "rootEmpty": false,
          "_timeout": 2000
        }
      ],
      "passes": [],
      "failures": [],
      "pending": [],
      "skipped": [],
      "duration": 0,
      "root": true,
      "rootEmpty": true,
      "_timeout": 2000
    }
  ],
  "meta": {
    "mocha": {
      "version": "7.0.1"
    },
    "mochawesome": {
      "options": {
        "quiet": false,
        "reportFilename": "mochawesome",
        "saveHtml": false,
        "saveJson": true,
        "consoleReporter": "spec",
        "useInlineDiffs": false
      },
      "version": "4.1.0"
    },
    "marge": {
      "options": {
        "id": "default",
        "reportDir": "cypress/reports",
        "overwrite": true,
        "html": false,
        "json": true
      },
      "version": "4.1.0"
    }
  }
}