{
  "stats": {
    "suites": 12,
    "tests": 41,
    "passes": 1,
    "pending": 0,
    "failures": 40,
    "start": "2021-08-13T20:07:18.858Z",
    "end": "2021-08-13T20:10:16.920Z",
    "duration": 178062,
    "testsRegistered": 41,
    "passPercent": 2.4390243902439024,
    "pendingPercent": 0,
    "other": 0,
    "hasOther": false,
    "skipped": 0,
    "hasSkipped": false
  },
  "results": [
    {
      "uuid": "14e59670-a0dc-40fe-a33e-ff1f75e7249c",
      "title": "",
      "fullFile": "cypress/integration/project.spec.js",
      "file": "cypress/integration/project.spec.js",
      "beforeHooks": [],
      "afterHooks": [],
      "tests": [],
      "suites": [
        {
          "uuid": "139b1b94-6f25-4607-9c17-94c4cead204f",
          "title": "1 - Adicione à página o título \"Paleta de Cores\".",
          "fullFile": "",
          "file": "",
          "beforeHooks": [],
          "afterHooks": [],
          "tests": [
            {
              "title": "Verifica se contém um elemento `h1` com o id `title` com o título correto",
              "fullTitle": "1 - Adicione à página o título \"Paleta de Cores\". Verifica se contém um elemento `h1` com o id `title` com o título correto",
              "timedOut": null,
              "duration": 336,
              "state": "passed",
              "speed": "slow",
              "pass": true,
              "fail": false,
              "pending": false,
              "context": null,
              "code": "cy.get('h1#title').should('contain.text', 'Paleta de Cores');",
              "err": {},
              "uuid": "ef86a928-f19b-46a1-9f01-a2c861e36a73",
              "parentUUID": "139b1b94-6f25-4607-9c17-94c4cead204f",
              "isHook": false,
              "skipped": false
            }
          ],
          "suites": [],
          "passes": [
            "ef86a928-f19b-46a1-9f01-a2c861e36a73"
          ],
          "failures": [],
          "pending": [],
          "skipped": [],
          "duration": 336,
          "root": false,
          "rootEmpty": false,
          "_timeout": 2000
        },
        {
          "uuid": "e686bbeb-e192-49a6-a8e8-dda3f350b066",
          "title": "2 - Adicione à página uma paleta de quatro cores distintas.",
          "fullFile": "",
          "file": "",
          "beforeHooks": [],
          "afterHooks": [],
          "tests": [
            {
              "title": "A paleta de cores deve ser um elemento com `id` denominado `color-palette`",
              "fullTitle": "2 - Adicione à página uma paleta de quatro cores distintas. A paleta de cores deve ser um elemento com `id` denominado `color-palette`",
              "timedOut": null,
              "duration": 4470,
              "state": "failed",
              "speed": null,
              "pass": false,
              "fail": true,
              "pending": false,
              "context": null,
              "code": "cy.get('#color-palette').should('be.visible');",
              "err": {
                "message": "CypressError: Timed out retrying: Expected to find element: '#color-palette', but never found it.",
                "estack": "CypressError: Timed out retrying: Expected to find element: '#color-palette', but never found it.\n    at cypressErr (http://localhost:44205/__cypress/runner/cypress_runner.js:149934:9)\n    at throwErr (http://localhost:44205/__cypress/runner/cypress_runner.js:149867:11)\n    at Object.throwErrByPath (http://localhost:44205/__cypress/runner/cypress_runner.js:149915:3)\n    at retry (http://localhost:44205/__cypress/runner/cypress_runner.js:144197:19)\n    at onFailFn (http://localhost:44205/__cypress/runner/cypress_runner.js:132448:16)\n    at tryCatcher (http://localhost:44205/__cypress/runner/cypress_runner.js:167415:23)\n    at Promise._settlePromiseFromHandler (http://localhost:44205/__cypress/runner/cypress_runner.js:165351:31)\n    at Promise._settlePromise (http://localhost:44205/__cypress/runner/cypress_runner.js:165408:18)\n    at Promise._settlePromise0 (http://localhost:44205/__cypress/runner/cypress_runner.js:165453:10)\n    at Promise._settlePromises (http://localhost:44205/__cypress/runner/cypress_runner.js:165528:18)\n    at Async../node_modules/bluebird/js/release/async.js.Async._drainQueue (http://localhost:44205/__cypress/runner/cypress_runner.js:162140:16)\n    at Async../node_modules/bluebird/js/release/async.js.Async._drainQueues (http://localhost:44205/__cypress/runner/cypress_runner.js:162150:10)\n    at Async.drainQueues (http://localhost:44205/__cypress/runner/cypress_runner.js:162024:14)",
                "diff": null
              },
              "uuid": "f9590df0-5bf3-4496-82c3-e97b6ee07c43",
              "parentUUID": "e686bbeb-e192-49a6-a8e8-dda3f350b066",
              "isHook": false,
              "skipped": false
            },
            {
              "title": "Verifica se cada cor individual da paleta de cores possui a `classe` chamada `color`.",
              "fullTitle": "2 - Adicione à página uma paleta de quatro cores distintas. Verifica se cada cor individual da paleta de cores possui a `classe` chamada `color`.",
              "timedOut": null,
              "duration": 4356,
              "state": "failed",
              "speed": null,
              "pass": false,
              "fail": true,
              "pending": false,
              "context": null,
              "code": "cy.get('.color').should('have.length', 4).then(function (colors) {\n  for (var i = 0; i < colors.length; i++) {\n    cy.wrap(colors[i]).should('be.visible');\n  }\n});",
              "err": {
                "message": "CypressError: Timed out retrying: Expected to find element: '.color', but never found it.",
                "estack": "CypressError: Timed out retrying: Expected to find element: '.color', but never found it.\n    at cypressErr (http://localhost:44205/__cypress/runner/cypress_runner.js:149934:9)\n    at throwErr (http://localhost:44205/__cypress/runner/cypress_runner.js:149867:11)\n    at Object.throwErrByPath (http://localhost:44205/__cypress/runner/cypress_runner.js:149915:3)\n    at retry (http://localhost:44205/__cypress/runner/cypress_runner.js:144197:19)\n    at onFailFn (http://localhost:44205/__cypress/runner/cypress_runner.js:132448:16)\n    at tryCatcher (http://localhost:44205/__cypress/runner/cypress_runner.js:167415:23)\n    at Promise._settlePromiseFromHandler (http://localhost:44205/__cypress/runner/cypress_runner.js:165351:31)\n    at Promise._settlePromise (http://localhost:44205/__cypress/runner/cypress_runner.js:165408:18)\n    at Promise._settlePromise0 (http://localhost:44205/__cypress/runner/cypress_runner.js:165453:10)\n    at Promise._settlePromises (http://localhost:44205/__cypress/runner/cypress_runner.js:165528:18)\n    at Async../node_modules/bluebird/js/release/async.js.Async._drainQueue (http://localhost:44205/__cypress/runner/cypress_runner.js:162140:16)\n    at Async../node_modules/bluebird/js/release/async.js.Async._drainQueues (http://localhost:44205/__cypress/runner/cypress_runner.js:162150:10)\n    at Async.drainQueues (http://localhost:44205/__cypress/runner/cypress_runner.js:162024:14)",
                "diff": null
              },
              "uuid": "f13f873a-c3b0-4647-a056-28099f3c3ed1",
              "parentUUID": "e686bbeb-e192-49a6-a8e8-dda3f350b066",
              "isHook": false,
              "skipped": false
            },
            {
              "title": "Verifica se a cor de fundo de cada elemento da paleta é a cor que o elemento representa. **A única cor não permitida na paleta é a cor branca.**",
              "fullTitle": "2 - Adicione à página uma paleta de quatro cores distintas. Verifica se a cor de fundo de cada elemento da paleta é a cor que o elemento representa. **A única cor não permitida na paleta é a cor branca.**",
              "timedOut": null,
              "duration": 4336,
              "state": "failed",
              "speed": null,
              "pass": false,
              "fail": true,
              "pending": false,
              "context": null,
              "code": "cy.get('.color').each(function (color) {\n  cy.wrap(color).should('have.class', 'color').and('not.have.css', 'background-color', WHITE);\n  cy.wrap(color).should('have.css', 'background-color');\n});",
              "err": {
                "message": "CypressError: Timed out retrying: Expected to find element: '.color', but never found it.",
                "estack": "CypressError: Timed out retrying: Expected to find element: '.color', but never found it.\n    at cypressErr (http://localhost:44205/__cypress/runner/cypress_runner.js:149934:9)\n    at throwErr (http://localhost:44205/__cypress/runner/cypress_runner.js:149867:11)\n    at Object.throwErrByPath (http://localhost:44205/__cypress/runner/cypress_runner.js:149915:3)\n    at retry (http://localhost:44205/__cypress/runner/cypress_runner.js:144197:19)\n    at onFailFn (http://localhost:44205/__cypress/runner/cypress_runner.js:132448:16)\n    at tryCatcher (http://localhost:44205/__cypress/runner/cypress_runner.js:167415:23)\n    at Promise._settlePromiseFromHandler (http://localhost:44205/__cypress/runner/cypress_runner.js:165351:31)\n    at Promise._settlePromise (http://localhost:44205/__cypress/runner/cypress_runner.js:165408:18)\n    at Promise._settlePromise0 (http://localhost:44205/__cypress/runner/cypress_runner.js:165453:10)\n    at Promise._settlePromises (http://localhost:44205/__cypress/runner/cypress_runner.js:165528:18)\n    at Async../node_modules/bluebird/js/release/async.js.Async._drainQueue (http://localhost:44205/__cypress/runner/cypress_runner.js:162140:16)\n    at Async../node_modules/bluebird/js/release/async.js.Async._drainQueues (http://localhost:44205/__cypress/runner/cypress_runner.js:162150:10)\n    at Async.drainQueues (http://localhost:44205/__cypress/runner/cypress_runner.js:162024:14)",
                "diff": null
              },
              "uuid": "9352d480-457a-4b5e-a5b7-6b4b53d0cf34",
              "parentUUID": "e686bbeb-e192-49a6-a8e8-dda3f350b066",
              "isHook": false,
              "skipped": false
            },
            {
              "title": "Verifica se cada elemento da paleta de cores tem uma borda preta, sólida e com 1 pixel de largura;",
              "fullTitle": "2 - Adicione à página uma paleta de quatro cores distintas. Verifica se cada elemento da paleta de cores tem uma borda preta, sólida e com 1 pixel de largura;",
              "timedOut": null,
              "duration": 4379,
              "state": "failed",
              "speed": null,
              "pass": false,
              "fail": true,
              "pending": false,
              "context": null,
              "code": "cy.get('.color').each(function (color) {\n  cy.wrap(color).and('have.css', 'border', \"1px solid \".concat(BLACK)).and('have.class', 'color');\n});",
              "err": {
                "message": "CypressError: Timed out retrying: Expected to find element: '.color', but never found it.",
                "estack": "CypressError: Timed out retrying: Expected to find element: '.color', but never found it.\n    at cypressErr (http://localhost:44205/__cypress/runner/cypress_runner.js:149934:9)\n    at throwErr (http://localhost:44205/__cypress/runner/cypress_runner.js:149867:11)\n    at Object.throwErrByPath (http://localhost:44205/__cypress/runner/cypress_runner.js:149915:3)\n    at retry (http://localhost:44205/__cypress/runner/cypress_runner.js:144197:19)\n    at onFailFn (http://localhost:44205/__cypress/runner/cypress_runner.js:132448:16)\n    at tryCatcher (http://localhost:44205/__cypress/runner/cypress_runner.js:167415:23)\n    at Promise._settlePromiseFromHandler (http://localhost:44205/__cypress/runner/cypress_runner.js:165351:31)\n    at Promise._settlePromise (http://localhost:44205/__cypress/runner/cypress_runner.js:165408:18)\n    at Promise._settlePromise0 (http://localhost:44205/__cypress/runner/cypress_runner.js:165453:10)\n    at Promise._settlePromises (http://localhost:44205/__cypress/runner/cypress_runner.js:165528:18)\n    at Async../node_modules/bluebird/js/release/async.js.Async._drainQueue (http://localhost:44205/__cypress/runner/cypress_runner.js:162140:16)\n    at Async../node_modules/bluebird/js/release/async.js.Async._drainQueues (http://localhost:44205/__cypress/runner/cypress_runner.js:162150:10)\n    at Async.drainQueues (http://localhost:44205/__cypress/runner/cypress_runner.js:162024:14)",
                "diff": null
              },
              "uuid": "f70f0452-fdde-4f6f-b830-42b1925932e9",
              "parentUUID": "e686bbeb-e192-49a6-a8e8-dda3f350b066",
              "isHook": false,
              "skipped": false
            },
            {
              "title": "Verifica se a paleta lista todas as cores disponíveis para utilização, lado a lado.",
              "fullTitle": "2 - Adicione à página uma paleta de quatro cores distintas. Verifica se a paleta lista todas as cores disponíveis para utilização, lado a lado.",
              "timedOut": null,
              "duration": 4349,
              "state": "failed",
              "speed": null,
              "pass": false,
              "fail": true,
              "pending": false,
              "context": null,
              "code": "cy.get('.color').then(function (colors) {\n  for (var index = 1; index < colors.length; index += 1) {\n    var currentColor = colors[index];\n    var previousColor = colors[index - 1];\n    cy.wrap(currentColor).should('be.onTheRightOf', previousColor).and('be.horizontallyAlignedWith', previousColor);\n  }\n});",
              "err": {
                "message": "CypressError: Timed out retrying: Expected to find element: '.color', but never found it.",
                "estack": "CypressError: Timed out retrying: Expected to find element: '.color', but never found it.\n    at cypressErr (http://localhost:44205/__cypress/runner/cypress_runner.js:149934:9)\n    at throwErr (http://localhost:44205/__cypress/runner/cypress_runner.js:149867:11)\n    at Object.throwErrByPath (http://localhost:44205/__cypress/runner/cypress_runner.js:149915:3)\n    at retry (http://localhost:44205/__cypress/runner/cypress_runner.js:144197:19)\n    at onFailFn (http://localhost:44205/__cypress/runner/cypress_runner.js:132448:16)\n    at tryCatcher (http://localhost:44205/__cypress/runner/cypress_runner.js:167415:23)\n    at Promise._settlePromiseFromHandler (http://localhost:44205/__cypress/runner/cypress_runner.js:165351:31)\n    at Promise._settlePromise (http://localhost:44205/__cypress/runner/cypress_runner.js:165408:18)\n    at Promise._settlePromise0 (http://localhost:44205/__cypress/runner/cypress_runner.js:165453:10)\n    at Promise._settlePromises (http://localhost:44205/__cypress/runner/cypress_runner.js:165528:18)\n    at Async../node_modules/bluebird/js/release/async.js.Async._drainQueue (http://localhost:44205/__cypress/runner/cypress_runner.js:162140:16)\n    at Async../node_modules/bluebird/js/release/async.js.Async._drainQueues (http://localhost:44205/__cypress/runner/cypress_runner.js:162150:10)\n    at Async.drainQueues (http://localhost:44205/__cypress/runner/cypress_runner.js:162024:14)",
                "diff": null
              },
              "uuid": "a7466840-86fc-4a63-a2f3-9db3c21b5755",
              "parentUUID": "e686bbeb-e192-49a6-a8e8-dda3f350b066",
              "isHook": false,
              "skipped": false
            },
            {
              "title": "Verifica se a paleta de cores está posicionada abaixo do título 'Paleta de Cores'",
              "fullTitle": "2 - Adicione à página uma paleta de quatro cores distintas. Verifica se a paleta de cores está posicionada abaixo do título 'Paleta de Cores'",
              "timedOut": null,
              "duration": 4341,
              "state": "failed",
              "speed": null,
              "pass": false,
              "fail": true,
              "pending": false,
              "context": null,
              "code": "cy.get('h1#title').then(function (title) {\n  cy.get('#color-palette').should('be.belowOf', title);\n});",
              "err": {
                "message": "CypressError: Timed out retrying: Expected to find element: '#color-palette', but never found it.",
                "estack": "CypressError: Timed out retrying: Expected to find element: '#color-palette', but never found it.\n    at cypressErr (http://localhost:44205/__cypress/runner/cypress_runner.js:149934:9)\n    at throwErr (http://localhost:44205/__cypress/runner/cypress_runner.js:149867:11)\n    at Object.throwErrByPath (http://localhost:44205/__cypress/runner/cypress_runner.js:149915:3)\n    at retry (http://localhost:44205/__cypress/runner/cypress_runner.js:144197:19)\n    at onFailFn (http://localhost:44205/__cypress/runner/cypress_runner.js:132448:16)\n    at tryCatcher (http://localhost:44205/__cypress/runner/cypress_runner.js:167415:23)\n    at Promise._settlePromiseFromHandler (http://localhost:44205/__cypress/runner/cypress_runner.js:165351:31)\n    at Promise._settlePromise (http://localhost:44205/__cypress/runner/cypress_runner.js:165408:18)\n    at Promise._settlePromise0 (http://localhost:44205/__cypress/runner/cypress_runner.js:165453:10)\n    at Promise._settlePromises (http://localhost:44205/__cypress/runner/cypress_runner.js:165528:18)\n    at Async../node_modules/bluebird/js/release/async.js.Async._drainQueue (http://localhost:44205/__cypress/runner/cypress_runner.js:162140:16)\n    at Async../node_modules/bluebird/js/release/async.js.Async._drainQueues (http://localhost:44205/__cypress/runner/cypress_runner.js:162150:10)\n    at Async.drainQueues (http://localhost:44205/__cypress/runner/cypress_runner.js:162024:14)",
                "diff": null
              },
              "uuid": "1b6839b7-79f4-4e22-bcf5-84e93f5a3c71",
              "parentUUID": "e686bbeb-e192-49a6-a8e8-dda3f350b066",
              "isHook": false,
              "skipped": false
            },
            {
              "title": "Verifica se a paleta de cores não contém cores repetidas.",
              "fullTitle": "2 - Adicione à página uma paleta de quatro cores distintas. Verifica se a paleta de cores não contém cores repetidas.",
              "timedOut": null,
              "duration": 4351,
              "state": "failed",
              "speed": null,
              "pass": false,
              "fail": true,
              "pending": false,
              "context": null,
              "code": "cy.get('.color').then(function (colors) {\n  var allColors = Array.from(colors).map(function (color) {\n    return Cypress.$(color).css('background-color');\n  });\n  cy.log(allColors);\n  var uniqColors = (0, _toConsumableArray2[\"default\"])(new Set(allColors));\n  cy.log(uniqColors);\n  expect(allColors.length).to.eq(uniqColors.length);\n});",
              "err": {
                "message": "CypressError: Timed out retrying: Expected to find element: '.color', but never found it.",
                "estack": "CypressError: Timed out retrying: Expected to find element: '.color', but never found it.\n    at cypressErr (http://localhost:44205/__cypress/runner/cypress_runner.js:149934:9)\n    at throwErr (http://localhost:44205/__cypress/runner/cypress_runner.js:149867:11)\n    at Object.throwErrByPath (http://localhost:44205/__cypress/runner/cypress_runner.js:149915:3)\n    at retry (http://localhost:44205/__cypress/runner/cypress_runner.js:144197:19)\n    at onFailFn (http://localhost:44205/__cypress/runner/cypress_runner.js:132448:16)\n    at tryCatcher (http://localhost:44205/__cypress/runner/cypress_runner.js:167415:23)\n    at Promise._settlePromiseFromHandler (http://localhost:44205/__cypress/runner/cypress_runner.js:165351:31)\n    at Promise._settlePromise (http://localhost:44205/__cypress/runner/cypress_runner.js:165408:18)\n    at Promise._settlePromise0 (http://localhost:44205/__cypress/runner/cypress_runner.js:165453:10)\n    at Promise._settlePromises (http://localhost:44205/__cypress/runner/cypress_runner.js:165528:18)\n    at Async../node_modules/bluebird/js/release/async.js.Async._drainQueue (http://localhost:44205/__cypress/runner/cypress_runner.js:162140:16)\n    at Async../node_modules/bluebird/js/release/async.js.Async._drainQueues (http://localhost:44205/__cypress/runner/cypress_runner.js:162150:10)\n    at Async.drainQueues (http://localhost:44205/__cypress/runner/cypress_runner.js:162024:14)",
                "diff": null
              },
              "uuid": "5e22a28b-3ded-4045-9813-d064702a497c",
              "parentUUID": "e686bbeb-e192-49a6-a8e8-dda3f350b066",
              "isHook": false,
              "skipped": false
            }
          ],
          "suites": [],
          "passes": [],
          "failures": [
            "f9590df0-5bf3-4496-82c3-e97b6ee07c43",
            "f13f873a-c3b0-4647-a056-28099f3c3ed1",
            "9352d480-457a-4b5e-a5b7-6b4b53d0cf34",
            "f70f0452-fdde-4f6f-b830-42b1925932e9",
            "a7466840-86fc-4a63-a2f3-9db3c21b5755",
            "1b6839b7-79f4-4e22-bcf5-84e93f5a3c71",
            "5e22a28b-3ded-4045-9813-d064702a497c"
          ],
          "pending": [],
          "skipped": [],
          "duration": 30582,
          "root": false,
          "rootEmpty": false,
          "_timeout": 2000
        },
        {
          "uuid": "a13136ec-1b7d-4e5a-b26a-63858bae4729",
          "title": "3 - Adicione a cor **preta** como a primeira cor da paleta de cores.",
          "fullFile": "",
          "file": "",
          "beforeHooks": [],
          "afterHooks": [],
          "tests": [
            {
              "title": "Verifica se a primeira cor da paleta é preta",
              "fullTitle": "3 - Adicione a cor **preta** como a primeira cor da paleta de cores. Verifica se a primeira cor da paleta é preta",
              "timedOut": null,
              "duration": 4343,
              "state": "failed",
              "speed": null,
              "pass": false,
              "fail": true,
              "pending": false,
              "context": null,
              "code": "cy.get('.color').first().should('have.css', 'background-color', BLACK);",
              "err": {
                "message": "CypressError: Timed out retrying: Expected to find element: '.color', but never found it.",
                "estack": "CypressError: Timed out retrying: Expected to find element: '.color', but never found it.\n    at cypressErr (http://localhost:44205/__cypress/runner/cypress_runner.js:149934:9)\n    at throwErr (http://localhost:44205/__cypress/runner/cypress_runner.js:149867:11)\n    at Object.throwErrByPath (http://localhost:44205/__cypress/runner/cypress_runner.js:149915:3)\n    at retry (http://localhost:44205/__cypress/runner/cypress_runner.js:144197:19)\n    at onFailFn (http://localhost:44205/__cypress/runner/cypress_runner.js:132448:16)\n    at tryCatcher (http://localhost:44205/__cypress/runner/cypress_runner.js:167415:23)\n    at Promise._settlePromiseFromHandler (http://localhost:44205/__cypress/runner/cypress_runner.js:165351:31)\n    at Promise._settlePromise (http://localhost:44205/__cypress/runner/cypress_runner.js:165408:18)\n    at Promise._settlePromise0 (http://localhost:44205/__cypress/runner/cypress_runner.js:165453:10)\n    at Promise._settlePromises (http://localhost:44205/__cypress/runner/cypress_runner.js:165528:18)\n    at Async../node_modules/bluebird/js/release/async.js.Async._drainQueue (http://localhost:44205/__cypress/runner/cypress_runner.js:162140:16)\n    at Async../node_modules/bluebird/js/release/async.js.Async._drainQueues (http://localhost:44205/__cypress/runner/cypress_runner.js:162150:10)\n    at Async.drainQueues (http://localhost:44205/__cypress/runner/cypress_runner.js:162024:14)",
                "diff": null
              },
              "uuid": "dfd507a8-e793-40d3-b105-4aea6057660b",
              "parentUUID": "a13136ec-1b7d-4e5a-b26a-63858bae4729",
              "isHook": false,
              "skipped": false
            },
            {
              "title": "Verifica se as demais cores podem ser escolhidas livremente.",
              "fullTitle": "3 - Adicione a cor **preta** como a primeira cor da paleta de cores. Verifica se as demais cores podem ser escolhidas livremente.",
              "timedOut": null,
              "duration": 4371,
              "state": "failed",
              "speed": null,
              "pass": false,
              "fail": true,
              "pending": false,
              "context": null,
              "code": "cy.get('.color').eq(1).should('not.have.css', 'background-color', BLACK);\ncy.get('.color').eq(1).should('not.have.css', 'background-color', WHITE);\ncy.get('.color').eq(1).should('not.have.css', 'background-color', 'rgba(0, 0, 0, 0)');\ncy.get('.color').eq(1).should('have.css', 'background-color');\ncy.get('.color').eq(2).should('not.have.css', 'background-color', BLACK);\ncy.get('.color').eq(2).should('not.have.css', 'background-color', WHITE);\ncy.get('.color').eq(2).should('not.have.css', 'background-color', 'rgba(0, 0, 0, 0)');\ncy.get('.color').eq(2).should('have.css', 'background-color');\ncy.get('.color').eq(3).should('not.have.css', 'background-color', BLACK);\ncy.get('.color').eq(3).should('not.have.css', 'background-color', WHITE);\ncy.get('.color').eq(3).should('not.have.css', 'background-color', 'rgba(0, 0, 0, 0)');\ncy.get('.color').eq(3).should('have.css', 'background-color');",
              "err": {
                "message": "CypressError: Timed out retrying: Expected to find element: '.color', but never found it.",
                "estack": "CypressError: Timed out retrying: Expected to find element: '.color', but never found it.\n    at cypressErr (http://localhost:44205/__cypress/runner/cypress_runner.js:149934:9)\n    at throwErr (http://localhost:44205/__cypress/runner/cypress_runner.js:149867:11)\n    at Object.throwErrByPath (http://localhost:44205/__cypress/runner/cypress_runner.js:149915:3)\n    at retry (http://localhost:44205/__cypress/runner/cypress_runner.js:144197:19)\n    at onFailFn (http://localhost:44205/__cypress/runner/cypress_runner.js:132448:16)\n    at tryCatcher (http://localhost:44205/__cypress/runner/cypress_runner.js:167415:23)\n    at Promise._settlePromiseFromHandler (http://localhost:44205/__cypress/runner/cypress_runner.js:165351:31)\n    at Promise._settlePromise (http://localhost:44205/__cypress/runner/cypress_runner.js:165408:18)\n    at Promise._settlePromise0 (http://localhost:44205/__cypress/runner/cypress_runner.js:165453:10)\n    at Promise._settlePromises (http://localhost:44205/__cypress/runner/cypress_runner.js:165528:18)\n    at Async../node_modules/bluebird/js/release/async.js.Async._drainQueue (http://localhost:44205/__cypress/runner/cypress_runner.js:162140:16)\n    at Async../node_modules/bluebird/js/release/async.js.Async._drainQueues (http://localhost:44205/__cypress/runner/cypress_runner.js:162150:10)\n    at Async.drainQueues (http://localhost:44205/__cypress/runner/cypress_runner.js:162024:14)",
                "diff": null
              },
              "uuid": "c7fb98a9-aad9-43f7-b91a-07336e08fbdf",
              "parentUUID": "a13136ec-1b7d-4e5a-b26a-63858bae4729",
              "isHook": false,
              "skipped": false
            }
          ],
          "suites": [],
          "passes": [],
          "failures": [
            "dfd507a8-e793-40d3-b105-4aea6057660b",
            "c7fb98a9-aad9-43f7-b91a-07336e08fbdf"
          ],
          "pending": [],
          "skipped": [],
          "duration": 8714,
          "root": false,
          "rootEmpty": false,
          "_timeout": 2000
        },
        {
          "uuid": "03b6beb6-6ea3-4d83-bdbb-2b288cb7de68",
          "title": "4 - Adicione à página um quadro de pixels, com 25 pixels.",
          "fullFile": "",
          "file": "",
          "beforeHooks": [],
          "afterHooks": [],
          "tests": [
            {
              "title": "Verifica se o quadro de pixels possui o `id` denominado `pixel-board`",
              "fullTitle": "4 - Adicione à página um quadro de pixels, com 25 pixels. Verifica se o quadro de pixels possui o `id` denominado `pixel-board`",
              "timedOut": null,
              "duration": 4393,
              "state": "failed",
              "speed": null,
              "pass": false,
              "fail": true,
              "pending": false,
              "context": null,
              "code": "cy.get('#pixel-board').should('be.visible');",
              "err": {
                "message": "CypressError: Timed out retrying: Expected to find element: '#pixel-board', but never found it.",
                "estack": "CypressError: Timed out retrying: Expected to find element: '#pixel-board', but never found it.\n    at cypressErr (http://localhost:44205/__cypress/runner/cypress_runner.js:149934:9)\n    at throwErr (http://localhost:44205/__cypress/runner/cypress_runner.js:149867:11)\n    at Object.throwErrByPath (http://localhost:44205/__cypress/runner/cypress_runner.js:149915:3)\n    at retry (http://localhost:44205/__cypress/runner/cypress_runner.js:144197:19)\n    at onFailFn (http://localhost:44205/__cypress/runner/cypress_runner.js:132448:16)\n    at tryCatcher (http://localhost:44205/__cypress/runner/cypress_runner.js:167415:23)\n    at Promise._settlePromiseFromHandler (http://localhost:44205/__cypress/runner/cypress_runner.js:165351:31)\n    at Promise._settlePromise (http://localhost:44205/__cypress/runner/cypress_runner.js:165408:18)\n    at Promise._settlePromise0 (http://localhost:44205/__cypress/runner/cypress_runner.js:165453:10)\n    at Promise._settlePromises (http://localhost:44205/__cypress/runner/cypress_runner.js:165528:18)\n    at Async../node_modules/bluebird/js/release/async.js.Async._drainQueue (http://localhost:44205/__cypress/runner/cypress_runner.js:162140:16)\n    at Async../node_modules/bluebird/js/release/async.js.Async._drainQueues (http://localhost:44205/__cypress/runner/cypress_runner.js:162150:10)\n    at Async.drainQueues (http://localhost:44205/__cypress/runner/cypress_runner.js:162024:14)",
                "diff": null
              },
              "uuid": "ef4afbde-1cb3-4ed7-b968-dc38dfb6b2b3",
              "parentUUID": "03b6beb6-6ea3-4d83-bdbb-2b288cb7de68",
              "isHook": false,
              "skipped": false
            },
            {
              "title": "Verifica se cada pixel individual dentro do quadro possui a `classe` denominada `pixel`.",
              "fullTitle": "4 - Adicione à página um quadro de pixels, com 25 pixels. Verifica se cada pixel individual dentro do quadro possui a `classe` denominada `pixel`.",
              "timedOut": null,
              "duration": 4385,
              "state": "failed",
              "speed": null,
              "pass": false,
              "fail": true,
              "pending": false,
              "context": null,
              "code": "cy.get('.pixel').should('have.length', 25);",
              "err": {
                "message": "CypressError: Timed out retrying: Expected to find element: '.pixel', but never found it.",
                "estack": "CypressError: Timed out retrying: Expected to find element: '.pixel', but never found it.\n    at cypressErr (http://localhost:44205/__cypress/runner/cypress_runner.js:149934:9)\n    at throwErr (http://localhost:44205/__cypress/runner/cypress_runner.js:149867:11)\n    at Object.throwErrByPath (http://localhost:44205/__cypress/runner/cypress_runner.js:149915:3)\n    at retry (http://localhost:44205/__cypress/runner/cypress_runner.js:144197:19)\n    at onFailFn (http://localhost:44205/__cypress/runner/cypress_runner.js:132448:16)\n    at tryCatcher (http://localhost:44205/__cypress/runner/cypress_runner.js:167415:23)\n    at Promise._settlePromiseFromHandler (http://localhost:44205/__cypress/runner/cypress_runner.js:165351:31)\n    at Promise._settlePromise (http://localhost:44205/__cypress/runner/cypress_runner.js:165408:18)\n    at Promise._settlePromise0 (http://localhost:44205/__cypress/runner/cypress_runner.js:165453:10)\n    at Promise._settlePromises (http://localhost:44205/__cypress/runner/cypress_runner.js:165528:18)\n    at Async../node_modules/bluebird/js/release/async.js.Async._drainQueue (http://localhost:44205/__cypress/runner/cypress_runner.js:162140:16)\n    at Async../node_modules/bluebird/js/release/async.js.Async._drainQueues (http://localhost:44205/__cypress/runner/cypress_runner.js:162150:10)\n    at Async.drainQueues (http://localhost:44205/__cypress/runner/cypress_runner.js:162024:14)",
                "diff": null
              },
              "uuid": "500842a6-3cd7-4f0e-a293-2c786f6ff668",
              "parentUUID": "03b6beb6-6ea3-4d83-bdbb-2b288cb7de68",
              "isHook": false,
              "skipped": false
            },
            {
              "title": "Verifica se a cor inicial dos pixels dentro do quadro, ao abrir a página, é branca.",
              "fullTitle": "4 - Adicione à página um quadro de pixels, com 25 pixels. Verifica se a cor inicial dos pixels dentro do quadro, ao abrir a página, é branca.",
              "timedOut": null,
              "duration": 4414,
              "state": "failed",
              "speed": null,
              "pass": false,
              "fail": true,
              "pending": false,
              "context": null,
              "code": "cy.get('.pixel').should('have.length', 25).each(function (pixel) {\n  expect(pixel).to.have.css('background-color', WHITE);\n});",
              "err": {
                "message": "CypressError: Timed out retrying: Expected to find element: '.pixel', but never found it.",
                "estack": "CypressError: Timed out retrying: Expected to find element: '.pixel', but never found it.\n    at cypressErr (http://localhost:44205/__cypress/runner/cypress_runner.js:149934:9)\n    at throwErr (http://localhost:44205/__cypress/runner/cypress_runner.js:149867:11)\n    at Object.throwErrByPath (http://localhost:44205/__cypress/runner/cypress_runner.js:149915:3)\n    at retry (http://localhost:44205/__cypress/runner/cypress_runner.js:144197:19)\n    at onFailFn (http://localhost:44205/__cypress/runner/cypress_runner.js:132448:16)\n    at tryCatcher (http://localhost:44205/__cypress/runner/cypress_runner.js:167415:23)\n    at Promise._settlePromiseFromHandler (http://localhost:44205/__cypress/runner/cypress_runner.js:165351:31)\n    at Promise._settlePromise (http://localhost:44205/__cypress/runner/cypress_runner.js:165408:18)\n    at Promise._settlePromise0 (http://localhost:44205/__cypress/runner/cypress_runner.js:165453:10)\n    at Promise._settlePromises (http://localhost:44205/__cypress/runner/cypress_runner.js:165528:18)\n    at Async../node_modules/bluebird/js/release/async.js.Async._drainQueue (http://localhost:44205/__cypress/runner/cypress_runner.js:162140:16)\n    at Async../node_modules/bluebird/js/release/async.js.Async._drainQueues (http://localhost:44205/__cypress/runner/cypress_runner.js:162150:10)\n    at Async.drainQueues (http://localhost:44205/__cypress/runner/cypress_runner.js:162024:14)",
                "diff": null
              },
              "uuid": "48ddd50b-73a3-44cb-b3cd-dc04f6953ff4",
              "parentUUID": "03b6beb6-6ea3-4d83-bdbb-2b288cb7de68",
              "isHook": false,
              "skipped": false
            },
            {
              "title": "Verifica se o quadro de pixels aparece abaixo da paleta de cores",
              "fullTitle": "4 - Adicione à página um quadro de pixels, com 25 pixels. Verifica se o quadro de pixels aparece abaixo da paleta de cores",
              "timedOut": null,
              "duration": 4386,
              "state": "failed",
              "speed": null,
              "pass": false,
              "fail": true,
              "pending": false,
              "context": null,
              "code": "cy.get('#color-palette').then(function (palette) {\n  cy.get('#pixel-board').should('be.belowOf', palette);\n});",
              "err": {
                "message": "CypressError: Timed out retrying: Expected to find element: '#color-palette', but never found it.",
                "estack": "CypressError: Timed out retrying: Expected to find element: '#color-palette', but never found it.\n    at cypressErr (http://localhost:44205/__cypress/runner/cypress_runner.js:149934:9)\n    at throwErr (http://localhost:44205/__cypress/runner/cypress_runner.js:149867:11)\n    at Object.throwErrByPath (http://localhost:44205/__cypress/runner/cypress_runner.js:149915:3)\n    at retry (http://localhost:44205/__cypress/runner/cypress_runner.js:144197:19)\n    at onFailFn (http://localhost:44205/__cypress/runner/cypress_runner.js:132448:16)\n    at tryCatcher (http://localhost:44205/__cypress/runner/cypress_runner.js:167415:23)\n    at Promise._settlePromiseFromHandler (http://localhost:44205/__cypress/runner/cypress_runner.js:165351:31)\n    at Promise._settlePromise (http://localhost:44205/__cypress/runner/cypress_runner.js:165408:18)\n    at Promise._settlePromise0 (http://localhost:44205/__cypress/runner/cypress_runner.js:165453:10)\n    at Promise._settlePromises (http://localhost:44205/__cypress/runner/cypress_runner.js:165528:18)\n    at Async../node_modules/bluebird/js/release/async.js.Async._drainQueue (http://localhost:44205/__cypress/runner/cypress_runner.js:162140:16)\n    at Async../node_modules/bluebird/js/release/async.js.Async._drainQueues (http://localhost:44205/__cypress/runner/cypress_runner.js:162150:10)\n    at Async.drainQueues (http://localhost:44205/__cypress/runner/cypress_runner.js:162024:14)",
                "diff": null
              },
              "uuid": "9e7da15f-40bd-4706-bf15-a0d46b3af9d4",
              "parentUUID": "03b6beb6-6ea3-4d83-bdbb-2b288cb7de68",
              "isHook": false,
              "skipped": false
            }
          ],
          "suites": [],
          "passes": [],
          "failures": [
            "ef4afbde-1cb3-4ed7-b968-dc38dfb6b2b3",
            "500842a6-3cd7-4f0e-a293-2c786f6ff668",
            "48ddd50b-73a3-44cb-b3cd-dc04f6953ff4",
            "9e7da15f-40bd-4706-bf15-a0d46b3af9d4"
          ],
          "pending": [],
          "skipped": [],
          "duration": 17578,
          "root": false,
          "rootEmpty": false,
          "_timeout": 2000
        },
        {
          "uuid": "fae11605-e7c9-4e64-9e9e-a9a816231384",
          "title": "5 - Faça com que cada elemento do quadro de pixels possua 40 pixels de largura, 40 pixels de altura e seja delimitado por uma borda preta de 1 pixel.",
          "fullFile": "",
          "file": "",
          "beforeHooks": [],
          "afterHooks": [],
          "tests": [
            {
              "title": "Verifica se o quadro de pixels tem altura e comprimento de 5 elementos",
              "fullTitle": "5 - Faça com que cada elemento do quadro de pixels possua 40 pixels de largura, 40 pixels de altura e seja delimitado por uma borda preta de 1 pixel. Verifica se o quadro de pixels tem altura e comprimento de 5 elementos",
              "timedOut": null,
              "duration": 4404,
              "state": "failed",
              "speed": null,
              "pass": false,
              "fail": true,
              "pending": false,
              "context": null,
              "code": "cy.get('.pixel').should('have.length', 25).each(function (pixel) {\n  expect(pixel).to.have.css('background-color', WHITE);\n}).and(function (pixels) {\n  var rows = chunk(pixels, 5);\n  rows.forEach(function (row) {\n    for (var index = 1; index < row.length; index += 1) {\n      var current = pixels[index];\n      var previous = pixels[index - 1];\n      cy.wrap(current).should('be.onTheRightOf', previous).and('be.horizontallyAlignedWith', previous);\n    }\n  });\n  for (var index = 1; index < 5; index += 1) {\n    expect(pixels[index * 5]).to.be.belowOf(pixels[(index - 1) * 5]);\n  }\n});",
              "err": {
                "message": "CypressError: Timed out retrying: Expected to find element: '.pixel', but never found it.",
                "estack": "CypressError: Timed out retrying: Expected to find element: '.pixel', but never found it.\n    at cypressErr (http://localhost:44205/__cypress/runner/cypress_runner.js:149934:9)\n    at throwErr (http://localhost:44205/__cypress/runner/cypress_runner.js:149867:11)\n    at Object.throwErrByPath (http://localhost:44205/__cypress/runner/cypress_runner.js:149915:3)\n    at retry (http://localhost:44205/__cypress/runner/cypress_runner.js:144197:19)\n    at onFailFn (http://localhost:44205/__cypress/runner/cypress_runner.js:132448:16)\n    at tryCatcher (http://localhost:44205/__cypress/runner/cypress_runner.js:167415:23)\n    at Promise._settlePromiseFromHandler (http://localhost:44205/__cypress/runner/cypress_runner.js:165351:31)\n    at Promise._settlePromise (http://localhost:44205/__cypress/runner/cypress_runner.js:165408:18)\n    at Promise._settlePromise0 (http://localhost:44205/__cypress/runner/cypress_runner.js:165453:10)\n    at Promise._settlePromises (http://localhost:44205/__cypress/runner/cypress_runner.js:165528:18)\n    at Async../node_modules/bluebird/js/release/async.js.Async._drainQueue (http://localhost:44205/__cypress/runner/cypress_runner.js:162140:16)\n    at Async../node_modules/bluebird/js/release/async.js.Async._drainQueues (http://localhost:44205/__cypress/runner/cypress_runner.js:162150:10)\n    at Async.drainQueues (http://localhost:44205/__cypress/runner/cypress_runner.js:162024:14)",
                "diff": null
              },
              "uuid": "779df92e-6764-4131-9c71-35fb95eee613",
              "parentUUID": "fae11605-e7c9-4e64-9e9e-a9a816231384",
              "isHook": false,
              "skipped": false
            },
            {
              "title": "Verifica se 40 pixels é o tamanho total do elemento, incluindo seu conteúdo e excluindo a borda preta, que deve ser criada à parte.",
              "fullTitle": "5 - Faça com que cada elemento do quadro de pixels possua 40 pixels de largura, 40 pixels de altura e seja delimitado por uma borda preta de 1 pixel. Verifica se 40 pixels é o tamanho total do elemento, incluindo seu conteúdo e excluindo a borda preta, que deve ser criada à parte.",
              "timedOut": null,
              "duration": 4387,
              "state": "failed",
              "speed": null,
              "pass": false,
              "fail": true,
              "pending": false,
              "context": null,
              "code": "cy.get('.pixel').each(function (pixel) {\n  cy.wrap(pixel).should('have.css', 'height', '40px').and('have.css', 'width', '40px').and('have.css', 'border', \"1px solid \".concat(BLACK));\n});",
              "err": {
                "message": "CypressError: Timed out retrying: Expected to find element: '.pixel', but never found it.",
                "estack": "CypressError: Timed out retrying: Expected to find element: '.pixel', but never found it.\n    at cypressErr (http://localhost:44205/__cypress/runner/cypress_runner.js:149934:9)\n    at throwErr (http://localhost:44205/__cypress/runner/cypress_runner.js:149867:11)\n    at Object.throwErrByPath (http://localhost:44205/__cypress/runner/cypress_runner.js:149915:3)\n    at retry (http://localhost:44205/__cypress/runner/cypress_runner.js:144197:19)\n    at onFailFn (http://localhost:44205/__cypress/runner/cypress_runner.js:132448:16)\n    at tryCatcher (http://localhost:44205/__cypress/runner/cypress_runner.js:167415:23)\n    at Promise._settlePromiseFromHandler (http://localhost:44205/__cypress/runner/cypress_runner.js:165351:31)\n    at Promise._settlePromise (http://localhost:44205/__cypress/runner/cypress_runner.js:165408:18)\n    at Promise._settlePromise0 (http://localhost:44205/__cypress/runner/cypress_runner.js:165453:10)\n    at Promise._settlePromises (http://localhost:44205/__cypress/runner/cypress_runner.js:165528:18)\n    at Async../node_modules/bluebird/js/release/async.js.Async._drainQueue (http://localhost:44205/__cypress/runner/cypress_runner.js:162140:16)\n    at Async../node_modules/bluebird/js/release/async.js.Async._drainQueues (http://localhost:44205/__cypress/runner/cypress_runner.js:162150:10)\n    at Async.drainQueues (http://localhost:44205/__cypress/runner/cypress_runner.js:162024:14)",
                "diff": null
              },
              "uuid": "b74cb8f1-74d1-4b33-ba13-68bcb1833daa",
              "parentUUID": "fae11605-e7c9-4e64-9e9e-a9a816231384",
              "isHook": false,
              "skipped": false
            }
          ],
          "suites": [],
          "passes": [],
          "failures": [
            "779df92e-6764-4131-9c71-35fb95eee613",
            "b74cb8f1-74d1-4b33-ba13-68bcb1833daa"
          ],
          "pending": [],
          "skipped": [],
          "duration": 8791,
          "root": false,
          "rootEmpty": false,
          "_timeout": 2000
        },
        {
          "uuid": "97154bd8-8d8c-4589-8543-96e5880aab47",
          "title": "6 - Defina a cor preta como cor inicial. Ao carregar a página a cor preta já deve estar selecionada para pintar os pixels",
          "fullFile": "",
          "file": "",
          "beforeHooks": [],
          "afterHooks": [],
          "tests": [
            {
              "title": "Verifica se o elemento da cor preta possui, inicialmente, a `classe` `selected`",
              "fullTitle": "6 - Defina a cor preta como cor inicial. Ao carregar a página a cor preta já deve estar selecionada para pintar os pixels Verifica se o elemento da cor preta possui, inicialmente, a `classe` `selected`",
              "timedOut": null,
              "duration": 4379,
              "state": "failed",
              "speed": null,
              "pass": false,
              "fail": true,
              "pending": false,
              "context": null,
              "code": "cy.get('.selected').first().should('have.css', 'background-color', BLACK);",
              "err": {
                "message": "CypressError: Timed out retrying: Expected to find element: '.selected', but never found it.",
                "estack": "CypressError: Timed out retrying: Expected to find element: '.selected', but never found it.\n    at cypressErr (http://localhost:44205/__cypress/runner/cypress_runner.js:149934:9)\n    at throwErr (http://localhost:44205/__cypress/runner/cypress_runner.js:149867:11)\n    at Object.throwErrByPath (http://localhost:44205/__cypress/runner/cypress_runner.js:149915:3)\n    at retry (http://localhost:44205/__cypress/runner/cypress_runner.js:144197:19)\n    at onFailFn (http://localhost:44205/__cypress/runner/cypress_runner.js:132448:16)\n    at tryCatcher (http://localhost:44205/__cypress/runner/cypress_runner.js:167415:23)\n    at Promise._settlePromiseFromHandler (http://localhost:44205/__cypress/runner/cypress_runner.js:165351:31)\n    at Promise._settlePromise (http://localhost:44205/__cypress/runner/cypress_runner.js:165408:18)\n    at Promise._settlePromise0 (http://localhost:44205/__cypress/runner/cypress_runner.js:165453:10)\n    at Promise._settlePromises (http://localhost:44205/__cypress/runner/cypress_runner.js:165528:18)\n    at Async../node_modules/bluebird/js/release/async.js.Async._drainQueue (http://localhost:44205/__cypress/runner/cypress_runner.js:162140:16)\n    at Async../node_modules/bluebird/js/release/async.js.Async._drainQueues (http://localhost:44205/__cypress/runner/cypress_runner.js:162150:10)\n    at Async.drainQueues (http://localhost:44205/__cypress/runner/cypress_runner.js:162024:14)",
                "diff": null
              },
              "uuid": "f93bbf31-7634-42c8-afc2-634d608ff729",
              "parentUUID": "97154bd8-8d8c-4589-8543-96e5880aab47",
              "isHook": false,
              "skipped": false
            },
            {
              "title": "Verifica se nenhuma outra cor da paleta tem a `classe` `selected`",
              "fullTitle": "6 - Defina a cor preta como cor inicial. Ao carregar a página a cor preta já deve estar selecionada para pintar os pixels Verifica se nenhuma outra cor da paleta tem a `classe` `selected`",
              "timedOut": null,
              "duration": 4417,
              "state": "failed",
              "speed": null,
              "pass": false,
              "fail": true,
              "pending": false,
              "context": null,
              "code": "cy.get('.color:not(:first-child)').each(function (color) {\n  cy.wrap(color).should('not.have.class', 'selected');\n});",
              "err": {
                "message": "CypressError: Timed out retrying: Expected to find element: '.color:not(:first-child)', but never found it.",
                "estack": "CypressError: Timed out retrying: Expected to find element: '.color:not(:first-child)', but never found it.\n    at cypressErr (http://localhost:44205/__cypress/runner/cypress_runner.js:149934:9)\n    at throwErr (http://localhost:44205/__cypress/runner/cypress_runner.js:149867:11)\n    at Object.throwErrByPath (http://localhost:44205/__cypress/runner/cypress_runner.js:149915:3)\n    at retry (http://localhost:44205/__cypress/runner/cypress_runner.js:144197:19)\n    at onFailFn (http://localhost:44205/__cypress/runner/cypress_runner.js:132448:16)\n    at tryCatcher (http://localhost:44205/__cypress/runner/cypress_runner.js:167415:23)\n    at Promise._settlePromiseFromHandler (http://localhost:44205/__cypress/runner/cypress_runner.js:165351:31)\n    at Promise._settlePromise (http://localhost:44205/__cypress/runner/cypress_runner.js:165408:18)\n    at Promise._settlePromise0 (http://localhost:44205/__cypress/runner/cypress_runner.js:165453:10)\n    at Promise._settlePromises (http://localhost:44205/__cypress/runner/cypress_runner.js:165528:18)\n    at Async../node_modules/bluebird/js/release/async.js.Async._drainQueue (http://localhost:44205/__cypress/runner/cypress_runner.js:162140:16)\n    at Async../node_modules/bluebird/js/release/async.js.Async._drainQueues (http://localhost:44205/__cypress/runner/cypress_runner.js:162150:10)\n    at Async.drainQueues (http://localhost:44205/__cypress/runner/cypress_runner.js:162024:14)",
                "diff": null
              },
              "uuid": "93a3affd-bb3b-4287-8a8f-a752b4ddba25",
              "parentUUID": "97154bd8-8d8c-4589-8543-96e5880aab47",
              "isHook": false,
              "skipped": false
            }
          ],
          "suites": [],
          "passes": [],
          "failures": [
            "f93bbf31-7634-42c8-afc2-634d608ff729",
            "93a3affd-bb3b-4287-8a8f-a752b4ddba25"
          ],
          "pending": [],
          "skipped": [],
          "duration": 8796,
          "root": false,
          "rootEmpty": false,
          "_timeout": 2000
        },
        {
          "uuid": "e3ebbcc3-49e8-4c30-be65-287ba93cd41b",
          "title": "7 - Clicar em uma das cores da paleta, faz com que ela seja selecionada e utilizada para preencher os pixels no quadro.",
          "fullFile": "",
          "file": "",
          "beforeHooks": [],
          "afterHooks": [],
          "tests": [
            {
              "title": "Verifica se somente uma cor da paleta de cores tem a classe `selected` de cada vez",
              "fullTitle": "7 - Clicar em uma das cores da paleta, faz com que ela seja selecionada e utilizada para preencher os pixels no quadro. Verifica se somente uma cor da paleta de cores tem a classe `selected` de cada vez",
              "timedOut": null,
              "duration": 4427,
              "state": "failed",
              "speed": null,
              "pass": false,
              "fail": true,
              "pending": false,
              "context": null,
              "code": "cy.get('.color').each(function (selectedColor, selectedColorIndex) {\n  cy.wrap(selectedColor).click();\n  cy.get('.color').each(function (color, colorIndex) {\n    if (colorIndex === selectedColorIndex) {\n      expect(color).to.have[\"class\"]('selected');\n    } else {\n      expect(color).not.to.have[\"class\"]('selected');\n    }\n  });\n});",
              "err": {
                "message": "CypressError: Timed out retrying: Expected to find element: '.color', but never found it.",
                "estack": "CypressError: Timed out retrying: Expected to find element: '.color', but never found it.\n    at cypressErr (http://localhost:44205/__cypress/runner/cypress_runner.js:149934:9)\n    at throwErr (http://localhost:44205/__cypress/runner/cypress_runner.js:149867:11)\n    at Object.throwErrByPath (http://localhost:44205/__cypress/runner/cypress_runner.js:149915:3)\n    at retry (http://localhost:44205/__cypress/runner/cypress_runner.js:144197:19)\n    at onFailFn (http://localhost:44205/__cypress/runner/cypress_runner.js:132448:16)\n    at tryCatcher (http://localhost:44205/__cypress/runner/cypress_runner.js:167415:23)\n    at Promise._settlePromiseFromHandler (http://localhost:44205/__cypress/runner/cypress_runner.js:165351:31)\n    at Promise._settlePromise (http://localhost:44205/__cypress/runner/cypress_runner.js:165408:18)\n    at Promise._settlePromise0 (http://localhost:44205/__cypress/runner/cypress_runner.js:165453:10)\n    at Promise._settlePromises (http://localhost:44205/__cypress/runner/cypress_runner.js:165528:18)\n    at Async../node_modules/bluebird/js/release/async.js.Async._drainQueue (http://localhost:44205/__cypress/runner/cypress_runner.js:162140:16)\n    at Async../node_modules/bluebird/js/release/async.js.Async._drainQueues (http://localhost:44205/__cypress/runner/cypress_runner.js:162150:10)\n    at Async.drainQueues (http://localhost:44205/__cypress/runner/cypress_runner.js:162024:14)",
                "diff": null
              },
              "uuid": "48cff523-4914-409d-b1a5-37f2f2f36192",
              "parentUUID": "e3ebbcc3-49e8-4c30-be65-287ba93cd41b",
              "isHook": false,
              "skipped": false
            },
            {
              "title": "Verifica se os pixels dentro do quadro não têm a classe `selected` quando são clicados",
              "fullTitle": "7 - Clicar em uma das cores da paleta, faz com que ela seja selecionada e utilizada para preencher os pixels no quadro. Verifica se os pixels dentro do quadro não têm a classe `selected` quando são clicados",
              "timedOut": null,
              "duration": 4402,
              "state": "failed",
              "speed": null,
              "pass": false,
              "fail": true,
              "pending": false,
              "context": null,
              "code": "cy.get('.color').each(function (color) {\n  var backgroundColor = color.css('background-color');\n  cy.wrap(color).click();\n  cy.get('.pixel').each(function (pixel) {\n    cy.wrap(pixel).click().should('not.have.class', 'selected');\n  });\n});",
              "err": {
                "message": "CypressError: Timed out retrying: Expected to find element: '.color', but never found it.",
                "estack": "CypressError: Timed out retrying: Expected to find element: '.color', but never found it.\n    at cypressErr (http://localhost:44205/__cypress/runner/cypress_runner.js:149934:9)\n    at throwErr (http://localhost:44205/__cypress/runner/cypress_runner.js:149867:11)\n    at Object.throwErrByPath (http://localhost:44205/__cypress/runner/cypress_runner.js:149915:3)\n    at retry (http://localhost:44205/__cypress/runner/cypress_runner.js:144197:19)\n    at onFailFn (http://localhost:44205/__cypress/runner/cypress_runner.js:132448:16)\n    at tryCatcher (http://localhost:44205/__cypress/runner/cypress_runner.js:167415:23)\n    at Promise._settlePromiseFromHandler (http://localhost:44205/__cypress/runner/cypress_runner.js:165351:31)\n    at Promise._settlePromise (http://localhost:44205/__cypress/runner/cypress_runner.js:165408:18)\n    at Promise._settlePromise0 (http://localhost:44205/__cypress/runner/cypress_runner.js:165453:10)\n    at Promise._settlePromises (http://localhost:44205/__cypress/runner/cypress_runner.js:165528:18)\n    at Async../node_modules/bluebird/js/release/async.js.Async._drainQueue (http://localhost:44205/__cypress/runner/cypress_runner.js:162140:16)\n    at Async../node_modules/bluebird/js/release/async.js.Async._drainQueues (http://localhost:44205/__cypress/runner/cypress_runner.js:162150:10)\n    at Async.drainQueues (http://localhost:44205/__cypress/runner/cypress_runner.js:162024:14)",
                "diff": null
              },
              "uuid": "711e432b-0fdf-4247-a41d-beaea624e665",
              "parentUUID": "e3ebbcc3-49e8-4c30-be65-287ba93cd41b",
              "isHook": false,
              "skipped": false
            }
          ],
          "suites": [],
          "passes": [],
          "failures": [
            "48cff523-4914-409d-b1a5-37f2f2f36192",
            "711e432b-0fdf-4247-a41d-beaea624e665"
          ],
          "pending": [],
          "skipped": [],
          "duration": 8829,
          "root": false,
          "rootEmpty": false,
          "_timeout": 2000
        },
        {
          "uuid": "711ae634-e2fe-4f0d-9e9f-e2fb1b5e8eca",
          "title": "8 - Clicar em um pixel dentro do quadro após selecionar uma cor na paleta, faz com que o pixel seja preenchido com a cor selecionada.",
          "fullFile": "",
          "file": "",
          "beforeHooks": [],
          "afterHooks": [],
          "tests": [
            {
              "title": "Verifica se ao carregar a página deve ser possível pintar os pixels de preto",
              "fullTitle": "8 - Clicar em um pixel dentro do quadro após selecionar uma cor na paleta, faz com que o pixel seja preenchido com a cor selecionada. Verifica se ao carregar a página deve ser possível pintar os pixels de preto",
              "timedOut": null,
              "duration": 4382,
              "state": "failed",
              "speed": null,
              "pass": false,
              "fail": true,
              "pending": false,
              "context": null,
              "code": "cy.get('.pixel').each(function (pixel) {\n  cy.wrap(pixel).click().should('have.css', 'background-color', BLACK);\n});",
              "err": {
                "message": "CypressError: Timed out retrying: Expected to find element: '.pixel', but never found it.",
                "estack": "CypressError: Timed out retrying: Expected to find element: '.pixel', but never found it.\n    at cypressErr (http://localhost:44205/__cypress/runner/cypress_runner.js:149934:9)\n    at throwErr (http://localhost:44205/__cypress/runner/cypress_runner.js:149867:11)\n    at Object.throwErrByPath (http://localhost:44205/__cypress/runner/cypress_runner.js:149915:3)\n    at retry (http://localhost:44205/__cypress/runner/cypress_runner.js:144197:19)\n    at onFailFn (http://localhost:44205/__cypress/runner/cypress_runner.js:132448:16)\n    at tryCatcher (http://localhost:44205/__cypress/runner/cypress_runner.js:167415:23)\n    at Promise._settlePromiseFromHandler (http://localhost:44205/__cypress/runner/cypress_runner.js:165351:31)\n    at Promise._settlePromise (http://localhost:44205/__cypress/runner/cypress_runner.js:165408:18)\n    at Promise._settlePromise0 (http://localhost:44205/__cypress/runner/cypress_runner.js:165453:10)\n    at Promise._settlePromises (http://localhost:44205/__cypress/runner/cypress_runner.js:165528:18)\n    at Async../node_modules/bluebird/js/release/async.js.Async._drainQueue (http://localhost:44205/__cypress/runner/cypress_runner.js:162140:16)\n    at Async../node_modules/bluebird/js/release/async.js.Async._drainQueues (http://localhost:44205/__cypress/runner/cypress_runner.js:162150:10)\n    at Async.drainQueues (http://localhost:44205/__cypress/runner/cypress_runner.js:162024:14)",
                "diff": null
              },
              "uuid": "dafd10da-b016-4a1f-a629-29d098422cea",
              "parentUUID": "711ae634-e2fe-4f0d-9e9f-e2fb1b5e8eca",
              "isHook": false,
              "skipped": false
            },
            {
              "title": "Verifica se após selecionar uma outra cor na paleta, é possível pintar os pixels com essa cor",
              "fullTitle": "8 - Clicar em um pixel dentro do quadro após selecionar uma cor na paleta, faz com que o pixel seja preenchido com a cor selecionada. Verifica se após selecionar uma outra cor na paleta, é possível pintar os pixels com essa cor",
              "timedOut": null,
              "duration": 4385,
              "state": "failed",
              "speed": null,
              "pass": false,
              "fail": true,
              "pending": false,
              "context": null,
              "code": "cy.get('.color').each(function (color) {\n  var backgroundColor = color.css('background-color');\n  cy.wrap(color).click();\n  cy.get('.pixel').each(function (pixel) {\n    cy.wrap(pixel).click().should('have.css', 'background-color', backgroundColor);\n  });\n});",
              "err": {
                "message": "CypressError: Timed out retrying: Expected to find element: '.color', but never found it.",
                "estack": "CypressError: Timed out retrying: Expected to find element: '.color', but never found it.\n    at cypressErr (http://localhost:44205/__cypress/runner/cypress_runner.js:149934:9)\n    at throwErr (http://localhost:44205/__cypress/runner/cypress_runner.js:149867:11)\n    at Object.throwErrByPath (http://localhost:44205/__cypress/runner/cypress_runner.js:149915:3)\n    at retry (http://localhost:44205/__cypress/runner/cypress_runner.js:144197:19)\n    at onFailFn (http://localhost:44205/__cypress/runner/cypress_runner.js:132448:16)\n    at tryCatcher (http://localhost:44205/__cypress/runner/cypress_runner.js:167415:23)\n    at Promise._settlePromiseFromHandler (http://localhost:44205/__cypress/runner/cypress_runner.js:165351:31)\n    at Promise._settlePromise (http://localhost:44205/__cypress/runner/cypress_runner.js:165408:18)\n    at Promise._settlePromise0 (http://localhost:44205/__cypress/runner/cypress_runner.js:165453:10)\n    at Promise._settlePromises (http://localhost:44205/__cypress/runner/cypress_runner.js:165528:18)\n    at Async../node_modules/bluebird/js/release/async.js.Async._drainQueue (http://localhost:44205/__cypress/runner/cypress_runner.js:162140:16)\n    at Async../node_modules/bluebird/js/release/async.js.Async._drainQueues (http://localhost:44205/__cypress/runner/cypress_runner.js:162150:10)\n    at Async.drainQueues (http://localhost:44205/__cypress/runner/cypress_runner.js:162024:14)",
                "diff": null
              },
              "uuid": "85042f4a-6c9f-4566-818d-3b3d73c9a279",
              "parentUUID": "711ae634-e2fe-4f0d-9e9f-e2fb1b5e8eca",
              "isHook": false,
              "skipped": false
            },
            {
              "title": "Verifica se somente o pixel que foi clicado foi preenchido com a cor selecionada, sem influenciar na cor dos demais pixels.",
              "fullTitle": "8 - Clicar em um pixel dentro do quadro após selecionar uma cor na paleta, faz com que o pixel seja preenchido com a cor selecionada. Verifica se somente o pixel que foi clicado foi preenchido com a cor selecionada, sem influenciar na cor dos demais pixels.",
              "timedOut": null,
              "duration": 4440,
              "state": "failed",
              "speed": null,
              "pass": false,
              "fail": true,
              "pending": false,
              "context": null,
              "code": "var colorToPixelIndexMap = {\n  0: 6,\n  1: 8,\n  2: 16,\n  3: 18\n};\ncy.get('.color').each(function (color, index) {\n  cy.wrap(color).click();\n  var backgroundColor = color.css('background-color');\n  var clickedPixelIndex = colorToPixelIndexMap[index];\n  cy.get('.pixel').eq(clickedPixelIndex).click();\n  cy.get('.pixel').eq(clickedPixelIndex - 1).should('not.have.css', 'background-color', backgroundColor);\n  cy.get('.pixel').eq(clickedPixelIndex + 1).should('not.have.css', 'background-color', backgroundColor);\n  cy.get('.pixel').eq(clickedPixelIndex - 5).should('not.have.css', 'background-color', backgroundColor);\n  cy.get('.pixel').eq(clickedPixelIndex + 5).should('not.have.css', 'background-color', backgroundColor);\n  cy.get('.pixel').eq(clickedPixelIndex - 6).should('not.have.css', 'background-color', backgroundColor);\n  cy.get('.pixel').eq(clickedPixelIndex - 4).should('not.have.css', 'background-color', backgroundColor);\n  cy.get('.pixel').eq(clickedPixelIndex + 4).should('not.have.css', 'background-color', backgroundColor);\n  cy.get('.pixel').eq(clickedPixelIndex + 6).should('not.have.css', 'background-color', backgroundColor);\n});",
              "err": {
                "message": "CypressError: Timed out retrying: Expected to find element: '.color', but never found it.",
                "estack": "CypressError: Timed out retrying: Expected to find element: '.color', but never found it.\n    at cypressErr (http://localhost:44205/__cypress/runner/cypress_runner.js:149934:9)\n    at throwErr (http://localhost:44205/__cypress/runner/cypress_runner.js:149867:11)\n    at Object.throwErrByPath (http://localhost:44205/__cypress/runner/cypress_runner.js:149915:3)\n    at retry (http://localhost:44205/__cypress/runner/cypress_runner.js:144197:19)\n    at onFailFn (http://localhost:44205/__cypress/runner/cypress_runner.js:132448:16)\n    at tryCatcher (http://localhost:44205/__cypress/runner/cypress_runner.js:167415:23)\n    at Promise._settlePromiseFromHandler (http://localhost:44205/__cypress/runner/cypress_runner.js:165351:31)\n    at Promise._settlePromise (http://localhost:44205/__cypress/runner/cypress_runner.js:165408:18)\n    at Promise._settlePromise0 (http://localhost:44205/__cypress/runner/cypress_runner.js:165453:10)\n    at Promise._settlePromises (http://localhost:44205/__cypress/runner/cypress_runner.js:165528:18)\n    at Async../node_modules/bluebird/js/release/async.js.Async._drainQueue (http://localhost:44205/__cypress/runner/cypress_runner.js:162140:16)\n    at Async../node_modules/bluebird/js/release/async.js.Async._drainQueues (http://localhost:44205/__cypress/runner/cypress_runner.js:162150:10)\n    at Async.drainQueues (http://localhost:44205/__cypress/runner/cypress_runner.js:162024:14)",
                "diff": null
              },
              "uuid": "00282f34-0ada-4eb1-b022-67f62d0abdf2",
              "parentUUID": "711ae634-e2fe-4f0d-9e9f-e2fb1b5e8eca",
              "isHook": false,
              "skipped": false
            }
          ],
          "suites": [],
          "passes": [],
          "failures": [
            "dafd10da-b016-4a1f-a629-29d098422cea",
            "85042f4a-6c9f-4566-818d-3b3d73c9a279",
            "00282f34-0ada-4eb1-b022-67f62d0abdf2"
          ],
          "pending": [],
          "skipped": [],
          "duration": 13207,
          "root": false,
          "rootEmpty": false,
          "_timeout": 2000
        },
        {
          "uuid": "1f51a2a1-af03-4885-a1a5-7022b8844e92",
          "title": "9 - Crie um botão que, ao ser clicado, limpa o quadro preenchendo a cor de todos seus pixels com branco.",
          "fullFile": "",
          "file": "",
          "beforeHooks": [],
          "afterHooks": [],
          "tests": [
            {
              "title": "Verifica se o botão tem o `id` denominado `clear-board`",
              "fullTitle": "9 - Crie um botão que, ao ser clicado, limpa o quadro preenchendo a cor de todos seus pixels com branco. Verifica se o botão tem o `id` denominado `clear-board`",
              "timedOut": null,
              "duration": 4469,
              "state": "failed",
              "speed": null,
              "pass": false,
              "fail": true,
              "pending": false,
              "context": null,
              "code": "cy.get('#clear-board').should('be.visible');",
              "err": {
                "message": "CypressError: Timed out retrying: Expected to find element: '#clear-board', but never found it.",
                "estack": "CypressError: Timed out retrying: Expected to find element: '#clear-board', but never found it.\n    at cypressErr (http://localhost:44205/__cypress/runner/cypress_runner.js:149934:9)\n    at throwErr (http://localhost:44205/__cypress/runner/cypress_runner.js:149867:11)\n    at Object.throwErrByPath (http://localhost:44205/__cypress/runner/cypress_runner.js:149915:3)\n    at retry (http://localhost:44205/__cypress/runner/cypress_runner.js:144197:19)\n    at onFailFn (http://localhost:44205/__cypress/runner/cypress_runner.js:132448:16)\n    at tryCatcher (http://localhost:44205/__cypress/runner/cypress_runner.js:167415:23)\n    at Promise._settlePromiseFromHandler (http://localhost:44205/__cypress/runner/cypress_runner.js:165351:31)\n    at Promise._settlePromise (http://localhost:44205/__cypress/runner/cypress_runner.js:165408:18)\n    at Promise._settlePromise0 (http://localhost:44205/__cypress/runner/cypress_runner.js:165453:10)\n    at Promise._settlePromises (http://localhost:44205/__cypress/runner/cypress_runner.js:165528:18)\n    at Async../node_modules/bluebird/js/release/async.js.Async._drainQueue (http://localhost:44205/__cypress/runner/cypress_runner.js:162140:16)\n    at Async../node_modules/bluebird/js/release/async.js.Async._drainQueues (http://localhost:44205/__cypress/runner/cypress_runner.js:162150:10)\n    at Async.drainQueues (http://localhost:44205/__cypress/runner/cypress_runner.js:162024:14)",
                "diff": null
              },
              "uuid": "78e67213-e073-48a7-9953-982372ba5c55",
              "parentUUID": "1f51a2a1-af03-4885-a1a5-7022b8844e92",
              "isHook": false,
              "skipped": false
            },
            {
              "title": "Verifica se o botão está posicionado entre a paleta de cores e o quadro de pixels",
              "fullTitle": "9 - Crie um botão que, ao ser clicado, limpa o quadro preenchendo a cor de todos seus pixels com branco. Verifica se o botão está posicionado entre a paleta de cores e o quadro de pixels",
              "timedOut": null,
              "duration": 4412,
              "state": "failed",
              "speed": null,
              "pass": false,
              "fail": true,
              "pending": false,
              "context": null,
              "code": "cy.get('#color-palette').then(function (palette) {\n  cy.get('#clear-board').should('be.belowOf', palette);\n});\ncy.get('#clear-board').then(function (clearBtn) {\n  cy.get('#pixel-board').should('be.belowOf', clearBtn);\n});",
              "err": {
                "message": "CypressError: Timed out retrying: Expected to find element: '#color-palette', but never found it.",
                "estack": "CypressError: Timed out retrying: Expected to find element: '#color-palette', but never found it.\n    at cypressErr (http://localhost:44205/__cypress/runner/cypress_runner.js:149934:9)\n    at throwErr (http://localhost:44205/__cypress/runner/cypress_runner.js:149867:11)\n    at Object.throwErrByPath (http://localhost:44205/__cypress/runner/cypress_runner.js:149915:3)\n    at retry (http://localhost:44205/__cypress/runner/cypress_runner.js:144197:19)\n    at onFailFn (http://localhost:44205/__cypress/runner/cypress_runner.js:132448:16)\n    at tryCatcher (http://localhost:44205/__cypress/runner/cypress_runner.js:167415:23)\n    at Promise._settlePromiseFromHandler (http://localhost:44205/__cypress/runner/cypress_runner.js:165351:31)\n    at Promise._settlePromise (http://localhost:44205/__cypress/runner/cypress_runner.js:165408:18)\n    at Promise._settlePromise0 (http://localhost:44205/__cypress/runner/cypress_runner.js:165453:10)\n    at Promise._settlePromises (http://localhost:44205/__cypress/runner/cypress_runner.js:165528:18)\n    at Async../node_modules/bluebird/js/release/async.js.Async._drainQueue (http://localhost:44205/__cypress/runner/cypress_runner.js:162140:16)\n    at Async../node_modules/bluebird/js/release/async.js.Async._drainQueues (http://localhost:44205/__cypress/runner/cypress_runner.js:162150:10)\n    at Async.drainQueues (http://localhost:44205/__cypress/runner/cypress_runner.js:162024:14)",
                "diff": null
              },
              "uuid": "aea813b3-406a-40fa-9411-55c6305b4b7e",
              "parentUUID": "1f51a2a1-af03-4885-a1a5-7022b8844e92",
              "isHook": false,
              "skipped": false
            },
            {
              "title": "Verifica se o texto do botão é 'Limpar'",
              "fullTitle": "9 - Crie um botão que, ao ser clicado, limpa o quadro preenchendo a cor de todos seus pixels com branco. Verifica se o texto do botão é 'Limpar'",
              "timedOut": null,
              "duration": 4497,
              "state": "failed",
              "speed": null,
              "pass": false,
              "fail": true,
              "pending": false,
              "context": null,
              "code": "cy.get('#clear-board').should('contain.text', 'Limpar');",
              "err": {
                "message": "CypressError: Timed out retrying: Expected to find element: '#clear-board', but never found it.",
                "estack": "CypressError: Timed out retrying: Expected to find element: '#clear-board', but never found it.\n    at cypressErr (http://localhost:44205/__cypress/runner/cypress_runner.js:149934:9)\n    at throwErr (http://localhost:44205/__cypress/runner/cypress_runner.js:149867:11)\n    at Object.throwErrByPath (http://localhost:44205/__cypress/runner/cypress_runner.js:149915:3)\n    at retry (http://localhost:44205/__cypress/runner/cypress_runner.js:144197:19)\n    at onFailFn (http://localhost:44205/__cypress/runner/cypress_runner.js:132448:16)\n    at tryCatcher (http://localhost:44205/__cypress/runner/cypress_runner.js:167415:23)\n    at Promise._settlePromiseFromHandler (http://localhost:44205/__cypress/runner/cypress_runner.js:165351:31)\n    at Promise._settlePromise (http://localhost:44205/__cypress/runner/cypress_runner.js:165408:18)\n    at Promise._settlePromise0 (http://localhost:44205/__cypress/runner/cypress_runner.js:165453:10)\n    at Promise._settlePromises (http://localhost:44205/__cypress/runner/cypress_runner.js:165528:18)\n    at Async../node_modules/bluebird/js/release/async.js.Async._drainQueue (http://localhost:44205/__cypress/runner/cypress_runner.js:162140:16)\n    at Async../node_modules/bluebird/js/release/async.js.Async._drainQueues (http://localhost:44205/__cypress/runner/cypress_runner.js:162150:10)\n    at Async.drainQueues (http://localhost:44205/__cypress/runner/cypress_runner.js:162024:14)",
                "diff": null
              },
              "uuid": "f73fe50b-fea6-4a29-9459-6113715bdf0f",
              "parentUUID": "1f51a2a1-af03-4885-a1a5-7022b8844e92",
              "isHook": false,
              "skipped": false
            },
            {
              "title": "Verifica se ao clicar no botão, o quadro de pixels é totalmente preenchido de branco",
              "fullTitle": "9 - Crie um botão que, ao ser clicado, limpa o quadro preenchendo a cor de todos seus pixels com branco. Verifica se ao clicar no botão, o quadro de pixels é totalmente preenchido de branco",
              "timedOut": null,
              "duration": 4401,
              "state": "failed",
              "speed": null,
              "pass": false,
              "fail": true,
              "pending": false,
              "context": null,
              "code": "cy.get('.color').eq(1).then(function (color) {\n  var backgroundColor = color.css('background-color');\n  cy.wrap(color).click();\n  cy.get('.pixel').each(function (pixel) {\n    cy.wrap(pixel).click().should('have.css', 'background-color', backgroundColor);\n  });\n});\ncy.get('#clear-board').click();\ncy.get('.pixel').each(function (pixel) {\n  cy.wrap(pixel).should('have.css', 'background-color', WHITE);\n});",
              "err": {
                "message": "CypressError: Timed out retrying: Expected to find element: '.color', but never found it.",
                "estack": "CypressError: Timed out retrying: Expected to find element: '.color', but never found it.\n    at cypressErr (http://localhost:44205/__cypress/runner/cypress_runner.js:149934:9)\n    at throwErr (http://localhost:44205/__cypress/runner/cypress_runner.js:149867:11)\n    at Object.throwErrByPath (http://localhost:44205/__cypress/runner/cypress_runner.js:149915:3)\n    at retry (http://localhost:44205/__cypress/runner/cypress_runner.js:144197:19)\n    at onFailFn (http://localhost:44205/__cypress/runner/cypress_runner.js:132448:16)\n    at tryCatcher (http://localhost:44205/__cypress/runner/cypress_runner.js:167415:23)\n    at Promise._settlePromiseFromHandler (http://localhost:44205/__cypress/runner/cypress_runner.js:165351:31)\n    at Promise._settlePromise (http://localhost:44205/__cypress/runner/cypress_runner.js:165408:18)\n    at Promise._settlePromise0 (http://localhost:44205/__cypress/runner/cypress_runner.js:165453:10)\n    at Promise._settlePromises (http://localhost:44205/__cypress/runner/cypress_runner.js:165528:18)\n    at Async../node_modules/bluebird/js/release/async.js.Async._drainQueue (http://localhost:44205/__cypress/runner/cypress_runner.js:162140:16)\n    at Async../node_modules/bluebird/js/release/async.js.Async._drainQueues (http://localhost:44205/__cypress/runner/cypress_runner.js:162150:10)\n    at Async.drainQueues (http://localhost:44205/__cypress/runner/cypress_runner.js:162024:14)",
                "diff": null
              },
              "uuid": "49fa5c04-46dd-4df8-bc49-677eb59540a6",
              "parentUUID": "1f51a2a1-af03-4885-a1a5-7022b8844e92",
              "isHook": false,
              "skipped": false
            }
          ],
          "suites": [],
          "passes": [],
          "failures": [
            "78e67213-e073-48a7-9953-982372ba5c55",
            "aea813b3-406a-40fa-9411-55c6305b4b7e",
            "f73fe50b-fea6-4a29-9459-6113715bdf0f",
            "49fa5c04-46dd-4df8-bc49-677eb59540a6"
          ],
          "pending": [],
          "skipped": [],
          "duration": 17779,
          "root": false,
          "rootEmpty": false,
          "_timeout": 2000
        },
        {
          "uuid": "cda4c63d-48ee-479d-854f-48edb1cae3e3",
          "title": "10 - Faça o quadro de pixels ter seu tamanho definido pelo usuário.",
          "fullFile": "",
          "file": "",
          "beforeHooks": [],
          "afterHooks": [],
          "tests": [
            {
              "title": "Verifica se existe um input com o id `board-size`",
              "fullTitle": "10 - Faça o quadro de pixels ter seu tamanho definido pelo usuário. Verifica se existe um input com o id `board-size`",
              "timedOut": null,
              "duration": 4437,
              "state": "failed",
              "speed": null,
              "pass": false,
              "fail": true,
              "pending": false,
              "context": null,
              "code": "cy.get('#board-size').should('be.visible');",
              "err": {
                "message": "CypressError: Timed out retrying: Expected to find element: '#board-size', but never found it.",
[...]
                "diff": null
              },
              "uuid": "f507f080-f3e0-45ea-bffc-2ef592d67391",
              "parentUUID": "cda4c63d-48ee-479d-854f-48edb1cae3e3",
              "isHook": false,
              "skipped": false
            },
            {
              "title": "Verifica se o novo quadro tem todos os pixels preenchidos com a cor branca",
              "fullTitle": "10 - Faça o quadro de pixels ter seu tamanho definido pelo usuário. Verifica se o novo quadro tem todos os pixels preenchidos com a cor branca",
              "timedOut": null,
              "duration": 4391,
              "state": "failed",
              "speed": null,
              "pass": false,
              "fail": true,
              "pending": false,
              "context": null,
              "code": "cy.get('#board-size').clear().type(6);\ncy.get('#generate-board').click();\ncy.get('.pixel').should('have.length', 36).each(function (pixel) {\n  expect(pixel).to.have.css('background-color', WHITE);\n});",
              "err": {
                "message": "CypressError: Timed out retrying: Expected to find element: '#board-size', but never found it.",
                "estack": "CypressError: Timed out retrying: Expected to find element: '#board-size', but never found it.\n    at cypressErr (http://localhost:44205/__cypress/runner/cypress_runner.js:149934:9)\n    at throwErr (http://localhost:44205/__cypress/runner/cypress_runner.js:149867:11)\n    at Object.throwErrByPath (http://localhost:44205/__cypress/runner/cypress_runner.js:149915:3)\n    at retry (http://localhost:44205/__cypress/runner/cypress_runner.js:144197:19)\n    at onFailFn (http://localhost:44205/__cypress/runner/cypress_runner.js:132448:16)\n    at tryCatcher (http://localhost:44205/__cypress/runner/cypress_runner.js:167415:23)\n    at Promise._settlePromiseFromHandler (http://localhost:44205/__cypress/runner/cypress_runner.js:165351:31)\n    at Promise._settlePromise (http://localhost:44205/__cypress/runner/cypress_runner.js:165408:18)\n    at Promise._settlePromise0 (http://localhost:44205/__cypress/runner/cypress_runner.js:165453:10)\n    at Promise._settlePromises (http://localhost:44205/__cypress/runner/cypress_runner.js:165528:18)\n    at Async../node_modules/bluebird/js/release/async.js.Async._drainQueue (http://localhost:44205/__cypress/runner/cypress_runner.js:162140:16)\n    at Async../node_modules/bluebird/js/release/async.js.Async._drainQueues (http://localhost:44205/__cypress/runner/cypress_runner.js:162150:10)\n    at Async.drainQueues (http://localhost:44205/__cypress/runner/cypress_runner.js:162024:14)",
                "diff": null
              },
              "uuid": "026e5880-ac62-4afb-b7c5-0cebfacb87b6",
              "parentUUID": "cda4c63d-48ee-479d-854f-48edb1cae3e3",
              "isHook": false,
              "skipped": false
            }
          ],
          "suites": [],
          "passes": [],
          "failures": [
            "ed1dc27d-500c-4262-9e49-baccf58bba04",
            "3a38f23b-809d-4ce6-b7ce-49b05854bf4a",
            "2f47a903-8583-4cd8-b801-2115dcec6e98",
            "7615922b-7298-4bd4-a87b-c4d5957271c3",
            "49f74217-2705-4916-a660-df276aa975a3",
            "f1e7a21a-8894-42f1-a8ef-f150847d8a02",
            "4bc9d6d3-1d83-4888-a274-c7ba5626e3c4",
            "f507f080-f3e0-45ea-bffc-2ef592d67391",
            "026e5880-ac62-4afb-b7c5-0cebfacb87b6"
          ],
          "pending": [],
          "skipped": [],
          "duration": 39792,
          "root": false,
          "rootEmpty": false,
          "_timeout": 2000
        },
        {
          "uuid": "6076890c-2cb6-462e-abdc-ba7062c522d5",
          "title": "11 - Limite o tamanho mínimo e máximo do board.",
          "fullFile": "",
          "file": "",
          "beforeHooks": [],
          "afterHooks": [],
          "tests": [
            {
              "title": "Verifica se a altura máxima do board é 50",
              "fullTitle": "11 - Limite o tamanho mínimo e máximo do board. Verifica se a altura máxima do board é 50",
              "timedOut": null,
              "duration": 4399,
              "state": "failed",
              "speed": null,
              "pass": false,
              "fail": true,
              "pending": false,
              "context": null,
              "code": "cy.get('#board-size').clear().type(50);\ncy.get('#generate-board').click();\ncy.get('.pixel').should('have.length', 2500);",
              "err": {
                "message": "CypressError: Timed out retrying: Expected to find element: '#board-size', but never found it.",
                "estack": "CypressError: Timed out retrying: Expected to find element: '#board-size', but never found it.\n    at cypressErr (http://localhost:44205/__cypress/runner/cypress_runner.js:149934:9)\n    at throwErr (http://localhost:44205/__cypress/runner/cypress_runner.js:149867:11)\n    at Object.throwErrByPath (http://localhost:44205/__cypress/runner/cypress_runner.js:149915:3)\n    at retry (http://localhost:44205/__cypress/runner/cypress_runner.js:144197:19)\n    at onFailFn (http://localhost:44205/__cypress/runner/cypress_runner.js:132448:16)\n    at tryCatcher (http://localhost:44205/__cypress/runner/cypress_runner.js:167415:23)\n    at Promise._settlePromiseFromHandler (http://localhost:44205/__cypress/runner/cypress_runner.js:165351:31)\n    at Promise._settlePromise (http://localhost:44205/__cypress/runner/cypress_runner.js:165408:18)\n    at Promise._settlePromise0 (http://localhost:44205/__cypress/runner/cypress_runner.js:165453:10)\n    at Promise._settlePromises (http://localhost:44205/__cypress/runner/cypress_runner.js:165528:18)\n    at Async../node_modules/bluebird/js/release/async.js.Async._drainQueue (http://localhost:44205/__cypress/runner/cypress_runner.js:162140:16)\n    at Async../node_modules/bluebird/js/release/async.js.Async._drainQueues (http://localhost:44205/__cypress/runner/cypress_runner.js:162150:10)\n    at Async.drainQueues (http://localhost:44205/__cypress/runner/cypress_runner.js:162024:14)",
                "diff": null
              },
              "uuid": "7870e8ba-0a77-4855-8182-26f40b8aed1b",
              "parentUUID": "6076890c-2cb6-462e-abdc-ba7062c522d5",
              "isHook": false,
              "skipped": false
            },
            {
              "title": "Verifica se a altura do board é 5 quando um valor menor é colocado no input",
              "fullTitle": "11 - Limite o tamanho mínimo e máximo do board. Verifica se a altura do board é 5 quando um valor menor é colocado no input",
              "timedOut": null,
              "duration": 4413,
              "state": "failed",
              "speed": null,
              "pass": false,
              "fail": true,
              "pending": false,
              "context": null,
              "code": "cy.get('#board-size').clear().type(4);\ncy.get('#generate-board').click();\ncy.get('.pixel').should('have.length', 25);",
              "err": {
                "message": "CypressError: Timed out retrying: Expected to find element: '#board-size', but never found it.",
                "estack": "CypressError: Timed out retrying: Expected to find element: '#board-size', but never found it.\n    at cypressErr (http://localhost:44205/__cypress/runner/cypress_runner.js:149934:9)\n    at throwErr (http://localhost:44205/__cypress/runner/cypress_runner.js:149867:11)\n    at Object.throwErrByPath (http://localhost:44205/__cypress/runner/cypress_runner.js:149915:3)\n    at retry (http://localhost:44205/__cypress/runner/cypress_runner.js:144197:19)\n    at onFailFn (http://localhost:44205/__cypress/runner/cypress_runner.js:132448:16)\n    at tryCatcher (http://localhost:44205/__cypress/runner/cypress_runner.js:167415:23)\n    at Promise._settlePromiseFromHandler (http://localhost:44205/__cypress/runner/cypress_runner.js:165351:31)\n    at Promise._settlePromise (http://localhost:44205/__cypress/runner/cypress_runner.js:165408:18)\n    at Promise._settlePromise0 (http://localhost:44205/__cypress/runner/cypress_runner.js:165453:10)\n    at Promise._settlePromises (http://localhost:44205/__cypress/runner/cypress_runner.js:165528:18)\n    at Async../node_modules/bluebird/js/release/async.js.Async._drainQueue (http://localhost:44205/__cypress/runner/cypress_runner.js:162140:16)\n    at Async../node_modules/bluebird/js/release/async.js.Async._drainQueues (http://localhost:44205/__cypress/runner/cypress_runner.js:162150:10)\n    at Async.drainQueues (http://localhost:44205/__cypress/runner/cypress_runner.js:162024:14)",
                "diff": null
              },
              "uuid": "6e00b80a-a0c9-4b27-8002-42ce88228bec",
              "parentUUID": "6076890c-2cb6-462e-abdc-ba7062c522d5",
              "isHook": false,
              "skipped": false
            },
            {
              "title": "Verifica se a altura do board é 50 quando um valor maior é colocado no input",
              "fullTitle": "11 - Limite o tamanho mínimo e máximo do board. Verifica se a altura do board é 50 quando um valor maior é colocado no input",
              "timedOut": null,
              "duration": 4422,
              "state": "failed",
              "speed": null,
              "pass": false,
              "fail": true,
              "pending": false,
              "context": null,
              "code": "cy.get('#board-size').clear().type(51);\ncy.get('#generate-board').click();\ncy.get('.pixel').should('have.length', 2500);",
              "err": {
                "message": "CypressError: Timed out retrying: Expected to find element: '#board-size', but never found it.",
                "estack": "CypressError: Timed out retrying: Expected to find element: '#board-size', but never found it.\n    at cypressErr (http://localhost:44205/__cypress/runner/cypress_runner.js:149934:9)\n    at throwErr (http://localhost:44205/__cypress/runner/cypress_runner.js:149867:11)\n    at Object.throwErrByPath (http://localhost:44205/__cypress/runner/cypress_runner.js:149915:3)\n    at retry (http://localhost:44205/__cypress/runner/cypress_runner.js:144197:19)\n    at onFailFn (http://localhost:44205/__cypress/runner/cypress_runner.js:132448:16)\n    at tryCatcher (http://localhost:44205/__cypress/runner/cypress_runner.js:167415:23)\n    at Promise._settlePromiseFromHandler (http://localhost:44205/__cypress/runner/cypress_runner.js:165351:31)\n    at Promise._settlePromise (http://localhost:44205/__cypress/runner/cypress_runner.js:165408:18)\n    at Promise._settlePromise0 (http://localhost:44205/__cypress/runner/cypress_runner.js:165453:10)\n    at Promise._settlePromises (http://localhost:44205/__cypress/runner/cypress_runner.js:165528:18)\n    at Async../node_modules/bluebird/js/release/async.js.Async._drainQueue (http://localhost:44205/__cypress/runner/cypress_runner.js:162140:16)\n    at Async../node_modules/bluebird/js/release/async.js.Async._drainQueues (http://localhost:44205/__cypress/runner/cypress_runner.js:162150:10)\n    at Async.drainQueues (http://localhost:44205/__cypress/runner/cypress_runner.js:162024:14)",
                "diff": null
              },
              "uuid": "92cd93b0-3e8b-47fb-a50a-5f91345b32ca",
              "parentUUID": "6076890c-2cb6-462e-abdc-ba7062c522d5",
              "isHook": false,
              "skipped": false
            }
          ],
          "suites": [],
          "passes": [],
          "failures": [
            "7870e8ba-0a77-4855-8182-26f40b8aed1b",
            "6e00b80a-a0c9-4b27-8002-42ce88228bec",
            "92cd93b0-3e8b-47fb-a50a-5f91345b32ca"
          ],
          "pending": [],
          "skipped": [],
          "duration": 13234,
          "root": false,
          "rootEmpty": false,
          "_timeout": 2000
        },
        {
          "uuid": "5f1ed7ff-5585-4878-a192-3e2ec2f1b1c0",
          "title": "12 - Faça com que as cores da paleta sejam geradas aleatoriamente ao carregar a página.",
          "fullFile": "",
          "file": "",
          "beforeHooks": [],
          "afterHooks": [],
          "tests": [
            {
              "title": "Verifica se as cores geradas na paleta são diferentes a cada carregamento da página",
              "fullTitle": "12 - Faça com que as cores da paleta sejam geradas aleatoriamente ao carregar a página. Verifica se as cores geradas na paleta são diferentes a cada carregamento da página",
              "timedOut": null,
              "duration": 4435,
              "state": "failed",
              "speed": null,
              "pass": false,
              "fail": true,
              "pending": false,
              "context": null,
              "code": "cy.get('.color').then(function (colors) {\n  var currentColors;\n  var previousColors;\n  previousColors = Array.from(colors).map(function (color) {\n    return Cypress.$(color).css('background-color');\n  });\n  for (var i = 0; i < 5; i += 1) {\n    cy.reload();\n    cy.get('.color').then(function (colors) {\n      currentColors = Array.from(colors).map(function (color) {\n        return Cypress.$(color).css('background-color');\n      });\n      expect(currentColors).not.to.deep.equal(previousColors);\n      previousColors = currentColors;\n    });\n  }\n});",
              "err": {
                "message": "CypressError: Timed out retrying: Expected to find element: '.color', but never found it.",
                "estack": "CypressError: Timed out retrying: Expected to find element: '.color', but never found it.\n    at cypressErr (http://localhost:44205/__cypress/runner/cypress_runner.js:149934:9)\n    at throwErr (http://localhost:44205/__cypress/runner/cypress_runner.js:149867:11)\n    at Object.throwErrByPath (http://localhost:44205/__cypress/runner/cypress_runner.js:149915:3)\n    at retry (http://localhost:44205/__cypress/runner/cypress_runner.js:144197:19)\n    at onFailFn (http://localhost:44205/__cypress/runner/cypress_runner.js:132448:16)\n    at tryCatcher (http://localhost:44205/__cypress/runner/cypress_runner.js:167415:23)\n    at Promise._settlePromiseFromHandler (http://localhost:44205/__cypress/runner/cypress_runner.js:165351:31)\n    at Promise._settlePromise (http://localhost:44205/__cypress/runner/cypress_runner.js:165408:18)\n    at Promise._settlePromise0 (http://localhost:44205/__cypress/runner/cypress_runner.js:165453:10)\n    at Promise._settlePromises (http://localhost:44205/__cypress/runner/cypress_runner.js:165528:18)\n    at Async../node_modules/bluebird/js/release/async.js.Async._drainQueue (http://localhost:44205/__cypress/runner/cypress_runner.js:162140:16)\n    at Async../node_modules/bluebird/js/release/async.js.Async._drainQueues (http://localhost:44205/__cypress/runner/cypress_runner.js:162150:10)\n    at Async.drainQueues (http://localhost:44205/__cypress/runner/cypress_runner.js:162024:14)",
                "diff": null
              },
              "uuid": "0c69d046-2f05-455a-94e1-08e24ce651d9",
              "parentUUID": "5f1ed7ff-5585-4878-a192-3e2ec2f1b1c0",
              "isHook": false,
              "skipped": false
            },
            {
              "title": "Verifica se a cor preta ainda está presente e é a primeira na sua paleta de cores",
              "fullTitle": "12 - Faça com que as cores da paleta sejam geradas aleatoriamente ao carregar a página. Verifica se a cor preta ainda está presente e é a primeira na sua paleta de cores",
              "timedOut": null,
              "duration": 4409,
              "state": "failed",
              "speed": null,
              "pass": false,
              "fail": true,
              "pending": false,
              "context": null,
              "code": "cy.get('.color').then(function (colors) {\n  var currentColors;\n  var previousColors;\n  previousColors = Array.from(colors).map(function (color) {\n    return Cypress.$(color).css('background-color');\n  });\n  expect(previousColors[0]).to.eq(BLACK);\n  for (var i = 0; i < 5; i += 1) {\n    cy.reload();\n    cy.get('.color').then(function (colors) {\n      currentColors = Array.from(colors).map(function (color) {\n        return Cypress.$(color).css('background-color');\n      });\n      expect(currentColors[0]).to.eq(BLACK);\n      expect(currentColors).not.to.deep.equal(previousColors);\n      previousColors = currentColors;\n    });\n  }\n});",
              "err": {
                "message": "CypressError: Timed out retrying: Expected to find element: '.color', but never found it.",
                "estack": "CypressError: Timed out retrying: Expected to find element: '.color', but never found it.\n    at cypressErr (http://localhost:44205/__cypress/runner/cypress_runner.js:149934:9)\n    at throwErr (http://localhost:44205/__cypress/runner/cypress_runner.js:149867:11)\n    at Object.throwErrByPath (http://localhost:44205/__cypress/runner/cypress_runner.js:149915:3)\n    at retry (http://localhost:44205/__cypress/runner/cypress_runner.js:144197:19)\n    at onFailFn (http://localhost:44205/__cypress/runner/cypress_runner.js:132448:16)\n    at tryCatcher (http://localhost:44205/__cypress/runner/cypress_runner.js:167415:23)\n    at Promise._settlePromiseFromHandler (http://localhost:44205/__cypress/runner/cypress_runner.js:165351:31)\n    at Promise._settlePromise (http://localhost:44205/__cypress/runner/cypress_runner.js:165408:18)\n    at Promise._settlePromise0 (http://localhost:44205/__cypress/runner/cypress_runner.js:165453:10)\n    at Promise._settlePromises (http://localhost:44205/__cypress/runner/cypress_runner.js:165528:18)\n    at Async../node_modules/bluebird/js/release/async.js.Async._drainQueue (http://localhost:44205/__cypress/runner/cypress_runner.js:162140:16)\n    at Async../node_modules/bluebird/js/release/async.js.Async._drainQueues (http://localhost:44205/__cypress/runner/cypress_runner.js:162150:10)\n    at Async.drainQueues (http://localhost:44205/__cypress/runner/cypress_runner.js:162024:14)",
                "diff": null
              },
              "uuid": "76687a17-c650-44e6-97bb-0580c20b93f6",
              "parentUUID": "5f1ed7ff-5585-4878-a192-3e2ec2f1b1c0",
              "isHook": false,
              "skipped": false
            }
          ],
          "suites": [],
          "passes": [],
          "failures": [
            "0c69d046-2f05-455a-94e1-08e24ce651d9",
            "76687a17-c650-44e6-97bb-0580c20b93f6"
          ],
          "pending": [],
          "skipped": [],
          "duration": 8844,
          "root": false,
          "rootEmpty": false,
          "_timeout": 2000
        }
      ],
      "passes": [],
      "failures": [],
      "pending": [],
      "skipped": [],
      "duration": 0,
      "root": true,
      "rootEmpty": true,
      "_timeout": 2000
    }
  ],
  "meta": {
    "mocha": {
      "version": "7.0.1"
    },
    "mochawesome": {
      "options": {
        "quiet": false,
        "reportFilename": "mochawesome",
        "saveHtml": false,
        "saveJson": true,
        "consoleReporter": "spec",
        "useInlineDiffs": false
      },
      "version": "4.1.0"
    },
    "marge": {
      "options": {
        "id": "default",
        "reportDir": "cypress/reports",
        "overwrite": true,
        "html": false,
        "json": true
      },
      "version": "4.1.0"
    }
  }
}