{
  "stats": {
    "suites": 12,
    "tests": 41,
    "passes": 23,
    "pending": 0,
    "failures": 18,
    "start": "2021-08-17T19:11:04.902Z",
    "end": "2021-08-17T19:12:50.469Z",
    "duration": 105567,
    "testsRegistered": 41,
    "passPercent": 56.09756097560976,
    "pendingPercent": 0,
    "other": 0,
    "hasOther": false,
    "skipped": 0,
    "hasSkipped": false
  },
  "results": [
    {
      "uuid": "f7463de2-9ac0-4245-a8e1-b8bb156e52e6",
      "title": "",
      "fullFile": "cypress/integration/project.spec.js",
      "file": "cypress/integration/project.spec.js",
      "beforeHooks": [],
      "afterHooks": [],
      "tests": [],
      "suites": [
        {
          "uuid": "7ee09e0d-98c0-4824-96be-c2f87ed419cb",
          "title": "1 - Adicione à página o título \"Paleta de Cores\".",
          "fullFile": "",
          "file": "",
          "beforeHooks": [],
          "afterHooks": [],
          "tests": [
            {
              "title": "Verifica se contém um elemento `h1` com o id `title` com o título correto",
              "fullTitle": "1 - Adicione à página o título \"Paleta de Cores\". Verifica se contém um elemento `h1` com o id `title` com o título correto",
              "timedOut": null,
              "duration": 286,
              "state": "passed",
              "speed": "slow",
              "pass": true,
              "fail": false,
              "pending": false,
              "context": null,
              "code": "cy.get('h1#title').should('contain.text', 'Paleta de Cores');",
              "err": {},
              "uuid": "4c3a3c89-de53-4602-9b83-65b7d87efa97",
              "parentUUID": "7ee09e0d-98c0-4824-96be-c2f87ed419cb",
              "isHook": false,
              "skipped": false
            }
          ],
          "suites": [],
          "passes": [
            "4c3a3c89-de53-4602-9b83-65b7d87efa97"
          ],
          "failures": [],
          "pending": [],
          "skipped": [],
          "duration": 286,
          "root": false,
          "rootEmpty": false,
          "_timeout": 2000
        },
        {
          "uuid": "eb374b6f-89e9-49a7-bd63-1bd544c265e2",
          "title": "2 - Adicione à página uma paleta de quatro cores distintas.",
          "fullFile": "",
          "file": "",
          "beforeHooks": [],
          "afterHooks": [],
          "tests": [
            {
              "title": "A paleta de cores deve ser um elemento com `id` denominado `color-palette`",
              "fullTitle": "2 - Adicione à página uma paleta de quatro cores distintas. A paleta de cores deve ser um elemento com `id` denominado `color-palette`",
              "timedOut": null,
              "duration": 243,
              "state": "passed",
              "speed": "slow",
              "pass": true,
              "fail": false,
              "pending": false,
              "context": null,
              "code": "cy.get('#color-palette').should('be.visible');",
              "err": {},
              "uuid": "8e0ef473-e7b2-49b3-beaa-0a4836a478a6",
              "parentUUID": "eb374b6f-89e9-49a7-bd63-1bd544c265e2",
              "isHook": false,
              "skipped": false
            },
            {
              "title": "Verifica se cada cor individual da paleta de cores possui a `classe` chamada `color`.",
              "fullTitle": "2 - Adicione à página uma paleta de quatro cores distintas. Verifica se cada cor individual da paleta de cores possui a `classe` chamada `color`.",
              "timedOut": null,
              "duration": 248,
              "state": "passed",
              "speed": "slow",
              "pass": true,
              "fail": false,
              "pending": false,
              "context": null,
              "code": "cy.get('.color').should('have.length', 4).then(function (colors) {\n  for (var i = 0; i < colors.length; i++) {\n    cy.wrap(colors[i]).should('be.visible');\n  }\n});",
              "err": {},
              "uuid": "3d74e752-0977-4483-91f1-95c2272c85fc",
              "parentUUID": "eb374b6f-89e9-49a7-bd63-1bd544c265e2",
              "isHook": false,
              "skipped": false
            },
            {
              "title": "Verifica se a cor de fundo de cada elemento da paleta é a cor que o elemento representa. **A única cor não permitida na paleta é a cor branca.**",
              "fullTitle": "2 - Adicione à página uma paleta de quatro cores distintas. Verifica se a cor de fundo de cada elemento da paleta é a cor que o elemento representa. **A única cor não permitida na paleta é a cor branca.**",
              "timedOut": null,
              "duration": 174,
              "state": "passed",
              "speed": "slow",
              "pass": true,
              "fail": false,
              "pending": false,
              "context": null,
              "code": "cy.get('.color').each(function (color) {\n  cy.wrap(color).should('have.class', 'color').and('not.have.css', 'background-color', WHITE);\n  cy.wrap(color).should('have.css', 'background-color');\n});",
              "err": {},
              "uuid": "c6d560d1-0761-4432-a46b-4fae51dea7a1",
              "parentUUID": "eb374b6f-89e9-49a7-bd63-1bd544c265e2",
              "isHook": false,
              "skipped": false
            },
            {
              "title": "Verifica se cada elemento da paleta de cores tem uma borda preta, sólida e com 1 pixel de largura;",
              "fullTitle": "2 - Adicione à página uma paleta de quatro cores distintas. Verifica se cada elemento da paleta de cores tem uma borda preta, sólida e com 1 pixel de largura;",
              "timedOut": null,
              "duration": 236,
              "state": "passed",
              "speed": "slow",
              "pass": true,
              "fail": false,
              "pending": false,
              "context": null,
              "code": "cy.get('.color').each(function (color) {\n  cy.wrap(color).and('have.css', 'border', \"1px solid \".concat(BLACK)).and('have.class', 'color');\n});",
              "err": {},
              "uuid": "b4bff16c-1919-44ed-a719-426634d9e6b5",
              "parentUUID": "eb374b6f-89e9-49a7-bd63-1bd544c265e2",
              "isHook": false,
              "skipped": false
            },
            {
              "title": "Verifica se a paleta lista todas as cores disponíveis para utilização, lado a lado.",
              "fullTitle": "2 - Adicione à página uma paleta de quatro cores distintas. Verifica se a paleta lista todas as cores disponíveis para utilização, lado a lado.",
              "timedOut": null,
              "duration": 123,
              "state": "passed",
              "speed": "slow",
              "pass": true,
              "fail": false,
              "pending": false,
              "context": null,
              "code": "cy.get('.color').then(function (colors) {\n  for (var index = 1; index < colors.length; index += 1) {\n    var currentColor = colors[index];\n    var previousColor = colors[index - 1];\n    cy.wrap(currentColor).should('be.onTheRightOf', previousColor).and('be.horizontallyAlignedWith', previousColor);\n  }\n});",
              "err": {},
              "uuid": "0d7baa87-b902-4025-a752-30bf8fbf9cb1",
              "parentUUID": "eb374b6f-89e9-49a7-bd63-1bd544c265e2",
              "isHook": false,
              "skipped": false
            },
            {
              "title": "Verifica se a paleta de cores está posicionada abaixo do título 'Paleta de Cores'",
              "fullTitle": "2 - Adicione à página uma paleta de quatro cores distintas. Verifica se a paleta de cores está posicionada abaixo do título 'Paleta de Cores'",
              "timedOut": null,
              "duration": 158,
              "state": "passed",
              "speed": "slow",
              "pass": true,
              "fail": false,
              "pending": false,
              "context": null,
              "code": "cy.get('h1#title').then(function (title) {\n  cy.get('#color-palette').should('be.belowOf', title);\n});",
              "err": {},
              "uuid": "628c57bf-fc55-48c9-82d2-0454239e5feb",
              "parentUUID": "eb374b6f-89e9-49a7-bd63-1bd544c265e2",
              "isHook": false,
              "skipped": false
            },
            {
              "title": "Verifica se a paleta de cores não contém cores repetidas.",
              "fullTitle": "2 - Adicione à página uma paleta de quatro cores distintas. Verifica se a paleta de cores não contém cores repetidas.",
              "timedOut": null,
              "duration": 107,
              "state": "passed",
              "speed": "slow",
              "pass": true,
              "fail": false,
              "pending": false,
              "context": null,
              "code": "cy.get('.color').then(function (colors) {\n  var allColors = Array.from(colors).map(function (color) {\n    return Cypress.$(color).css('background-color');\n  });\n  cy.log(allColors);\n  var uniqColors = (0, _toConsumableArray2[\"default\"])(new Set(allColors));\n  cy.log(uniqColors);\n  expect(allColors.length).to.eq(uniqColors.length);\n});",
              "err": {},
              "uuid": "58797b89-0301-4242-ba57-5568b5e6d036",
              "parentUUID": "eb374b6f-89e9-49a7-bd63-1bd544c265e2",
              "isHook": false,
              "skipped": false
            }
          ],
          "suites": [],
          "passes": [
            "8e0ef473-e7b2-49b3-beaa-0a4836a478a6",
            "3d74e752-0977-4483-91f1-95c2272c85fc",
            "c6d560d1-0761-4432-a46b-4fae51dea7a1",
            "b4bff16c-1919-44ed-a719-426634d9e6b5",
            "0d7baa87-b902-4025-a752-30bf8fbf9cb1",
            "628c57bf-fc55-48c9-82d2-0454239e5feb",
            "58797b89-0301-4242-ba57-5568b5e6d036"
          ],
          "failures": [],
          "pending": [],
          "skipped": [],
          "duration": 1289,
          "root": false,
          "rootEmpty": false,
          "_timeout": 2000
        },
        {
          "uuid": "8cd1397c-f080-402a-afe0-ff053aae8ec0",
          "title": "3 - Adicione a cor **preta** como a primeira cor da paleta de cores.",
          "fullFile": "",
          "file": "",
          "beforeHooks": [],
          "afterHooks": [],
          "tests": [
            {
              "title": "Verifica se a primeira cor da paleta é preta",
              "fullTitle": "3 - Adicione a cor **preta** como a primeira cor da paleta de cores. Verifica se a primeira cor da paleta é preta",
              "timedOut": null,
              "duration": 238,
              "state": "passed",
              "speed": "slow",
              "pass": true,
              "fail": false,
              "pending": false,
              "context": null,
              "code": "cy.get('.color').first().should('have.css', 'background-color', BLACK);",
              "err": {},
              "uuid": "96c77ee0-1453-4587-adad-e716dabebc74",
              "parentUUID": "8cd1397c-f080-402a-afe0-ff053aae8ec0",
              "isHook": false,
              "skipped": false
            },
            {
              "title": "Verifica se as demais cores podem ser escolhidas livremente.",
              "fullTitle": "3 - Adicione a cor **preta** como a primeira cor da paleta de cores. Verifica se as demais cores podem ser escolhidas livremente.",
              "timedOut": null,
              "duration": 234,
              "state": "passed",
              "speed": "slow",
              "pass": true,
              "fail": false,
              "pending": false,
              "context": null,
              "code": "cy.get('.color').eq(1).should('not.have.css', 'background-color', BLACK);\ncy.get('.color').eq(1).should('not.have.css', 'background-color', WHITE);\ncy.get('.color').eq(1).should('not.have.css', 'background-color', 'rgba(0, 0, 0, 0)');\ncy.get('.color').eq(1).should('have.css', 'background-color');\ncy.get('.color').eq(2).should('not.have.css', 'background-color', BLACK);\ncy.get('.color').eq(2).should('not.have.css', 'background-color', WHITE);\ncy.get('.color').eq(2).should('not.have.css', 'background-color', 'rgba(0, 0, 0, 0)');\ncy.get('.color').eq(2).should('have.css', 'background-color');\ncy.get('.color').eq(3).should('not.have.css', 'background-color', BLACK);\ncy.get('.color').eq(3).should('not.have.css', 'background-color', WHITE);\ncy.get('.color').eq(3).should('not.have.css', 'background-color', 'rgba(0, 0, 0, 0)');\ncy.get('.color').eq(3).should('have.css', 'background-color');",
              "err": {},
              "uuid": "b99ce811-27c2-4f3a-918b-8d67babd4c9a",
              "parentUUID": "8cd1397c-f080-402a-afe0-ff053aae8ec0",
              "isHook": false,
              "skipped": false
            }
          ],
          "suites": [],
          "passes": [
            "96c77ee0-1453-4587-adad-e716dabebc74",
            "b99ce811-27c2-4f3a-918b-8d67babd4c9a"
          ],
          "failures": [],
          "pending": [],
          "skipped": [],
          "duration": 472,
          "root": false,
          "rootEmpty": false,
          "_timeout": 2000
        },
        {
          "uuid": "93be57fc-8dbd-4ec4-b56f-9bbcea4847ed",
          "title": "4 - Adicione à página um quadro de pixels, com 25 pixels.",
          "fullFile": "",
          "file": "",
          "beforeHooks": [],
          "afterHooks": [],
          "tests": [
            {
              "title": "Verifica se o quadro de pixels possui o `id` denominado `pixel-board`",
              "fullTitle": "4 - Adicione à página um quadro de pixels, com 25 pixels. Verifica se o quadro de pixels possui o `id` denominado `pixel-board`",
              "timedOut": null,
              "duration": 166,
              "state": "passed",
              "speed": "slow",
              "pass": true,
              "fail": false,
              "pending": false,
              "context": null,
              "code": "cy.get('#pixel-board').should('be.visible');",
              "err": {},
              "uuid": "1786d890-c6e1-4739-925f-d7842538b6d7",
              "parentUUID": "93be57fc-8dbd-4ec4-b56f-9bbcea4847ed",
              "isHook": false,
              "skipped": false
            },
            {
              "title": "Verifica se cada pixel individual dentro do quadro possui a `classe` denominada `pixel`.",
              "fullTitle": "4 - Adicione à página um quadro de pixels, com 25 pixels. Verifica se cada pixel individual dentro do quadro possui a `classe` denominada `pixel`.",
              "timedOut": null,
              "duration": 138,
              "state": "passed",
              "speed": "slow",
              "pass": true,
              "fail": false,
              "pending": false,
              "context": null,
              "code": "cy.get('.pixel').should('have.length', 25);",
              "err": {},
              "uuid": "be606f24-120e-4a01-9cb7-6d310b20a3b6",
              "parentUUID": "93be57fc-8dbd-4ec4-b56f-9bbcea4847ed",
              "isHook": false,
              "skipped": false
            },
            {
              "title": "Verifica se a cor inicial dos pixels dentro do quadro, ao abrir a página, é branca.",
              "fullTitle": "4 - Adicione à página um quadro de pixels, com 25 pixels. Verifica se a cor inicial dos pixels dentro do quadro, ao abrir a página, é branca.",
              "timedOut": null,
              "duration": 234,
              "state": "passed",
              "speed": "slow",
              "pass": true,
              "fail": false,
              "pending": false,
              "context": null,
              "code": "cy.get('.pixel').should('have.length', 25).each(function (pixel) {\n  expect(pixel).to.have.css('background-color', WHITE);\n});",
              "err": {},
              "uuid": "70998385-ec3b-42bc-85cf-1b82e8f83d5c",
              "parentUUID": "93be57fc-8dbd-4ec4-b56f-9bbcea4847ed",
              "isHook": false,
              "skipped": false
            },
            {
              "title": "Verifica se o quadro de pixels aparece abaixo da paleta de cores",
              "fullTitle": "4 - Adicione à página um quadro de pixels, com 25 pixels. Verifica se o quadro de pixels aparece abaixo da paleta de cores",
              "timedOut": null,
              "duration": 181,
              "state": "passed",
              "speed": "slow",
              "pass": true,
              "fail": false,
              "pending": false,
              "context": null,
              "code": "cy.get('#color-palette').then(function (palette) {\n  cy.get('#pixel-board').should('be.belowOf', palette);\n});",
              "err": {},
              "uuid": "466ede5b-4d2f-4767-8c10-0360a436dd85",
              "parentUUID": "93be57fc-8dbd-4ec4-b56f-9bbcea4847ed",
              "isHook": false,
              "skipped": false
            }
          ],
          "suites": [],
          "passes": [
            "1786d890-c6e1-4739-925f-d7842538b6d7",
            "be606f24-120e-4a01-9cb7-6d310b20a3b6",
            "70998385-ec3b-42bc-85cf-1b82e8f83d5c",
            "466ede5b-4d2f-4767-8c10-0360a436dd85"
          ],
          "failures": [],
          "pending": [],
          "skipped": [],
          "duration": 719,
          "root": false,
          "rootEmpty": false,
          "_timeout": 2000
        },
        {
          "uuid": "c954a821-bce7-4cf6-969f-13ad9fbbab14",
          "title": "5 - Faça com que cada elemento do quadro de pixels possua 40 pixels de largura, 40 pixels de altura e seja delimitado por uma borda preta de 1 pixel.",
          "fullFile": "",
          "file": "",
          "beforeHooks": [],
          "afterHooks": [],
          "tests": [
            {
              "title": "Verifica se o quadro de pixels tem altura e comprimento de 5 elementos",
              "fullTitle": "5 - Faça com que cada elemento do quadro de pixels possua 40 pixels de largura, 40 pixels de altura e seja delimitado por uma borda preta de 1 pixel. Verifica se o quadro de pixels tem altura e comprimento de 5 elementos",
              "timedOut": null,
              "duration": 396,
              "state": "passed",
              "speed": "slow",
              "pass": true,
              "fail": false,
              "pending": false,
              "context": null,
              "code": "cy.get('.pixel').should('have.length', 25).each(function (pixel) {\n  expect(pixel).to.have.css('background-color', WHITE);\n}).and(function (pixels) {\n  var rows = chunk(pixels, 5);\n  rows.forEach(function (row) {\n    for (var index = 1; index < row.length; index += 1) {\n      var current = pixels[index];\n      var previous = pixels[index - 1];\n      cy.wrap(current).should('be.onTheRightOf', previous).and('be.horizontallyAlignedWith', previous);\n    }\n  });\n  for (var index = 1; index < 5; index += 1) {\n    expect(pixels[index * 5]).to.be.belowOf(pixels[(index - 1) * 5]);\n  }\n});",
              "err": {},
              "uuid": "37fe01ab-053a-4b0e-9881-beb1dad899a5",
              "parentUUID": "c954a821-bce7-4cf6-969f-13ad9fbbab14",
              "isHook": false,
              "skipped": false
            },
            {
              "title": "Verifica se 40 pixels é o tamanho total do elemento, incluindo seu conteúdo e excluindo a borda preta, que deve ser criada à parte.",
              "fullTitle": "5 - Faça com que cada elemento do quadro de pixels possua 40 pixels de largura, 40 pixels de altura e seja delimitado por uma borda preta de 1 pixel. Verifica se 40 pixels é o tamanho total do elemento, incluindo seu conteúdo e excluindo a borda preta, que deve ser criada à parte.",
              "timedOut": null,
              "duration": 336,
              "state": "passed",
              "speed": "slow",
              "pass": true,
              "fail": false,
              "pending": false,
              "context": null,
              "code": "cy.get('.pixel').each(function (pixel) {\n  cy.wrap(pixel).should('have.css', 'height', '40px').and('have.css', 'width', '40px').and('have.css', 'border', \"1px solid \".concat(BLACK));\n});",
              "err": {},
              "uuid": "f10b7bb1-c993-464f-8090-26a49f9952bb",
              "parentUUID": "c954a821-bce7-4cf6-969f-13ad9fbbab14",
              "isHook": false,
              "skipped": false
            }
          ],
          "suites": [],
          "passes": [
            "37fe01ab-053a-4b0e-9881-beb1dad899a5",
            "f10b7bb1-c993-464f-8090-26a49f9952bb"
          ],
          "failures": [],
          "pending": [],
          "skipped": [],
          "duration": 732,
          "root": false,
          "rootEmpty": false,
          "_timeout": 2000
        },
        {
          "uuid": "193f485c-c4ed-4cf3-a684-b3f9ed91c07c",
          "title": "6 - Defina a cor preta como cor inicial. Ao carregar a página a cor preta já deve estar selecionada para pintar os pixels",
          "fullFile": "",
          "file": "",
          "beforeHooks": [],
          "afterHooks": [],
          "tests": [
            {
              "title": "Verifica se o elemento da cor preta possui, inicialmente, a `classe` `selected`",
              "fullTitle": "6 - Defina a cor preta como cor inicial. Ao carregar a página a cor preta já deve estar selecionada para pintar os pixels Verifica se o elemento da cor preta possui, inicialmente, a `classe` `selected`",
              "timedOut": null,
              "duration": 185,
              "state": "passed",
              "speed": "slow",
              "pass": true,
              "fail": false,
              "pending": false,
              "context": null,
              "code": "cy.get('.selected').first().should('have.css', 'background-color', BLACK);",
              "err": {},
              "uuid": "ea5473cb-ce8b-4767-9606-dc58152f79c5",
              "parentUUID": "193f485c-c4ed-4cf3-a684-b3f9ed91c07c",
              "isHook": false,
              "skipped": false
            },
            {
              "title": "Verifica se nenhuma outra cor da paleta tem a `classe` `selected`",
              "fullTitle": "6 - Defina a cor preta como cor inicial. Ao carregar a página a cor preta já deve estar selecionada para pintar os pixels Verifica se nenhuma outra cor da paleta tem a `classe` `selected`",
              "timedOut": null,
              "duration": 120,
              "state": "passed",
              "speed": "slow",
              "pass": true,
              "fail": false,
              "pending": false,
              "context": null,
              "code": "cy.get('.color:not(:first-child)').each(function (color) {\n  cy.wrap(color).should('not.have.class', 'selected');\n});",
              "err": {},
              "uuid": "eb5ac162-8202-4e98-a7d0-613fe98e85fe",
              "parentUUID": "193f485c-c4ed-4cf3-a684-b3f9ed91c07c",
              "isHook": false,
              "skipped": false
            }
          ],
          "suites": [],
          "passes": [
            "ea5473cb-ce8b-4767-9606-dc58152f79c5",
            "eb5ac162-8202-4e98-a7d0-613fe98e85fe"
          ],
          "failures": [],
          "pending": [],
          "skipped": [],
          "duration": 305,
          "root": false,
          "rootEmpty": false,
          "_timeout": 2000
        },
        {
          "uuid": "6e88ad25-1526-4f95-824c-aa7e06bf5001",
          "title": "7 - Clicar em uma das cores da paleta, faz com que ela seja selecionada e utilizada para preencher os pixels no quadro.",
          "fullFile": "",
          "file": "",
          "beforeHooks": [],
          "afterHooks": [],
          "tests": [
            {
              "title": "Verifica se somente uma cor da paleta de cores tem a classe `selected` de cada vez",
              "fullTitle": "7 - Clicar em uma das cores da paleta, faz com que ela seja selecionada e utilizada para preencher os pixels no quadro. Verifica se somente uma cor da paleta de cores tem a classe `selected` de cada vez",
              "timedOut": null,
              "duration": 651,
              "state": "passed",
              "speed": "slow",
              "pass": true,
              "fail": false,
              "pending": false,
              "context": null,
              "code": "cy.get('.color').each(function (selectedColor, selectedColorIndex) {\n  cy.wrap(selectedColor).click();\n  cy.get('.color').each(function (color, colorIndex) {\n    if (colorIndex === selectedColorIndex) {\n      expect(color).to.have[\"class\"]('selected');\n    } else {\n      expect(color).not.to.have[\"class\"]('selected');\n    }\n  });\n});",
              "err": {},
              "uuid": "64c4a803-0831-4d43-86c8-ef64a008b5d3",
              "parentUUID": "6e88ad25-1526-4f95-824c-aa7e06bf5001",
              "isHook": false,
              "skipped": false
            },
            {
              "title": "Verifica se os pixels dentro do quadro não têm a classe `selected` quando são clicados",
              "fullTitle": "7 - Clicar em uma das cores da paleta, faz com que ela seja selecionada e utilizada para preencher os pixels no quadro. Verifica se os pixels dentro do quadro não têm a classe `selected` quando são clicados",
              "timedOut": null,
              "duration": 9724,
              "state": "passed",
              "speed": "slow",
              "pass": true,
              "fail": false,
              "pending": false,
              "context": null,
              "code": "cy.get('.color').each(function (color) {\n  var backgroundColor = color.css('background-color');\n  cy.wrap(color).click();\n  cy.get('.pixel').each(function (pixel) {\n    cy.wrap(pixel).click().should('not.have.class', 'selected');\n  });\n});",
              "err": {},
              "uuid": "e7b46df5-64fb-46a9-9c32-75fdc43ce1a3",
              "parentUUID": "6e88ad25-1526-4f95-824c-aa7e06bf5001",
              "isHook": false,
              "skipped": false
            }
          ],
          "suites": [],
          "passes": [
            "64c4a803-0831-4d43-86c8-ef64a008b5d3",
            "e7b46df5-64fb-46a9-9c32-75fdc43ce1a3"
          ],
          "failures": [],
          "pending": [],
          "skipped": [],
          "duration": 10375,
          "root": false,
          "rootEmpty": false,
          "_timeout": 2000
        },
        {
          "uuid": "80df2868-69a0-45f4-b49e-e12103e5b03d",
          "title": "8 - Clicar em um pixel dentro do quadro após selecionar uma cor na paleta, faz com que o pixel seja preenchido com a cor selecionada.",
          "fullFile": "",
          "file": "",
          "beforeHooks": [],
          "afterHooks": [],
          "tests": [
            {
              "title": "Verifica se ao carregar a página deve ser possível pintar os pixels de preto",
              "fullTitle": "8 - Clicar em um pixel dentro do quadro após selecionar uma cor na paleta, faz com que o pixel seja preenchido com a cor selecionada. Verifica se ao carregar a página deve ser possível pintar os pixels de preto",
              "timedOut": null,
              "duration": 2554,
              "state": "passed",
              "speed": "slow",
              "pass": true,
              "fail": false,
              "pending": false,
              "context": null,
              "code": "cy.get('.pixel').each(function (pixel) {\n  cy.wrap(pixel).click().should('have.css', 'background-color', BLACK);\n});",
              "err": {},
              "uuid": "5f839864-ad36-4319-8ca0-5aa31f06ba74",
              "parentUUID": "80df2868-69a0-45f4-b49e-e12103e5b03d",
              "isHook": false,
              "skipped": false
            },
            {
              "title": "Verifica se após selecionar uma outra cor na paleta, é possível pintar os pixels com essa cor",
              "fullTitle": "8 - Clicar em um pixel dentro do quadro após selecionar uma cor na paleta, faz com que o pixel seja preenchido com a cor selecionada. Verifica se após selecionar uma outra cor na paleta, é possível pintar os pixels com essa cor",
              "timedOut": null,
              "duration": 9514,
              "state": "passed",
              "speed": "slow",
              "pass": true,
              "fail": false,
              "pending": false,
              "context": null,
              "code": "cy.get('.color').each(function (color) {\n  var backgroundColor = color.css('background-color');\n  cy.wrap(color).click();\n  cy.get('.pixel').each(function (pixel) {\n    cy.wrap(pixel).click().should('have.css', 'background-color', backgroundColor);\n  });\n});",
              "err": {},
              "uuid": "fa0af3d9-636f-4ee1-a76b-d141bb9982a6",
              "parentUUID": "80df2868-69a0-45f4-b49e-e12103e5b03d",
              "isHook": false,
              "skipped": false
            },
            {
              "title": "Verifica se somente o pixel que foi clicado foi preenchido com a cor selecionada, sem influenciar na cor dos demais pixels.",
              "fullTitle": "8 - Clicar em um pixel dentro do quadro após selecionar uma cor na paleta, faz com que o pixel seja preenchido com a cor selecionada. Verifica se somente o pixel que foi clicado foi preenchido com a cor selecionada, sem influenciar na cor dos demais pixels.",
              "timedOut": null,
              "duration": 1834,
              "state": "passed",
              "speed": "slow",
              "pass": true,
              "fail": false,
              "pending": false,
              "context": null,
              "code": "var colorToPixelIndexMap = {\n  0: 6,\n  1: 8,\n  2: 16,\n  3: 18\n};\ncy.get('.color').each(function (color, index) {\n  cy.wrap(color).click();\n  var backgroundColor = color.css('background-color');\n  var clickedPixelIndex = colorToPixelIndexMap[index];\n  cy.get('.pixel').eq(clickedPixelIndex).click();\n  cy.get('.pixel').eq(clickedPixelIndex - 1).should('not.have.css', 'background-color', backgroundColor);\n  cy.get('.pixel').eq(clickedPixelIndex + 1).should('not.have.css', 'background-color', backgroundColor);\n  cy.get('.pixel').eq(clickedPixelIndex - 5).should('not.have.css', 'background-color', backgroundColor);\n  cy.get('.pixel').eq(clickedPixelIndex + 5).should('not.have.css', 'background-color', backgroundColor);\n  cy.get('.pixel').eq(clickedPixelIndex - 6).should('not.have.css', 'background-color', backgroundColor);\n  cy.get('.pixel').eq(clickedPixelIndex - 4).should('not.have.css', 'background-color', backgroundColor);\n  cy.get('.pixel').eq(clickedPixelIndex + 4).should('not.have.css', 'background-color', backgroundColor);\n  cy.get('.pixel').eq(clickedPixelIndex + 6).should('not.have.css', 'background-color', backgroundColor);\n});",
              "err": {},
              "uuid": "eb4ac89e-508b-4235-8f08-27648426290b",
              "parentUUID": "80df2868-69a0-45f4-b49e-e12103e5b03d",
              "isHook": false,
              "skipped": false
            }
          ],
          "suites": [],
          "passes": [
            "5f839864-ad36-4319-8ca0-5aa31f06ba74",
            "fa0af3d9-636f-4ee1-a76b-d141bb9982a6",
            "eb4ac89e-508b-4235-8f08-27648426290b"
          ],
          "failures": [],
          "pending": [],
          "skipped": [],
          "duration": 13902,
          "root": false,
          "rootEmpty": false,
          "_timeout": 2000
        },
        {
          "uuid": "2130ec6e-4f62-4f45-93ed-d063d2d14fde",
          "title": "9 - Crie um botão que, ao ser clicado, limpa o quadro preenchendo a cor de todos seus pixels com branco.",
          "fullFile": "",
          "file": "",
          "beforeHooks": [],
          "afterHooks": [],
          "tests": [
            {
              "title": "Verifica se o botão tem o `id` denominado `clear-board`",
              "fullTitle": "9 - Crie um botão que, ao ser clicado, limpa o quadro preenchendo a cor de todos seus pixels com branco. Verifica se o botão tem o `id` denominado `clear-board`",
              "timedOut": null,
              "duration": 4510,
              "state": "failed",
              "speed": null,
              "pass": false,
              "fail": true,
              "pending": false,
              "context": null,
              "code": "cy.get('#clear-board').should('be.visible');",
              "err": {
                "message": "CypressError: Timed out retrying: Expected to find element: '#clear-board', but never found it.",
                "estack": "CypressError: Timed out retrying: Expected to find element: '#clear-board', but never found it.\n    at cypressErr (http://localhost:40397/__cypress/runner/cypress_runner.js:149934:9)\n    at throwErr (http://localhost:40397/__cypress/runner/cypress_runner.js:149867:11)\n    at Object.throwErrByPath (http://localhost:40397/__cypress/runner/cypress_runner.js:149915:3)\n    at retry (http://localhost:40397/__cypress/runner/cypress_runner.js:144197:19)\n    at onFailFn (http://localhost:40397/__cypress/runner/cypress_runner.js:132448:16)\n    at tryCatcher (http://localhost:40397/__cypress/runner/cypress_runner.js:167415:23)\n    at Promise._settlePromiseFromHandler (http://localhost:40397/__cypress/runner/cypress_runner.js:165351:31)\n    at Promise._settlePromise (http://localhost:40397/__cypress/runner/cypress_runner.js:165408:18)\n    at Promise._settlePromise0 (http://localhost:40397/__cypress/runner/cypress_runner.js:165453:10)\n    at Promise._settlePromises (http://localhost:40397/__cypress/runner/cypress_runner.js:165528:18)\n    at Async../node_modules/bluebird/js/release/async.js.Async._drainQueue (http://localhost:40397/__cypress/runner/cypress_runner.js:162140:16)\n    at Async../node_modules/bluebird/js/release/async.js.Async._drainQueues (http://localhost:40397/__cypress/runner/cypress_runner.js:162150:10)\n    at Async.drainQueues (http://localhost:40397/__cypress/runner/cypress_runner.js:162024:14)",
                "diff": null
              },
              "uuid": "26bf7ef5-75ff-4aff-9f28-edf3cec13061",
              "parentUUID": "2130ec6e-4f62-4f45-93ed-d063d2d14fde",
              "isHook": false,
              "skipped": false
            },
            {
              "title": "Verifica se o botão está posicionado entre a paleta de cores e o quadro de pixels",
              "fullTitle": "9 - Crie um botão que, ao ser clicado, limpa o quadro preenchendo a cor de todos seus pixels com branco. Verifica se o botão está posicionado entre a paleta de cores e o quadro de pixels",
              "timedOut": null,
              "duration": 4602,
              "state": "failed",
              "speed": null,
              "pass": false,
              "fail": true,
              "pending": false,
              "context": null,
              "code": "cy.get('#color-palette').then(function (palette) {\n  cy.get('#clear-board').should('be.belowOf', palette);\n});\ncy.get('#clear-board').then(function (clearBtn) {\n  cy.get('#pixel-board').should('be.belowOf', clearBtn);\n});",
              "err": {
                "message": "CypressError: Timed out retrying: Expected to find element: '#clear-board', but never found it.",
                "estack": "CypressError: Timed out retrying: Expected to find element: '#clear-board', but never found it.\n    at cypressErr (http://localhost:40397/__cypress/runner/cypress_runner.js:149934:9)\n    at throwErr (http://localhost:40397/__cypress/runner/cypress_runner.js:149867:11)\n    at Object.throwErrByPath (http://localhost:40397/__cypress/runner/cypress_runner.js:149915:3)\n    at retry (http://localhost:40397/__cypress/runner/cypress_runner.js:144197:19)\n    at onFailFn (http://localhost:40397/__cypress/runner/cypress_runner.js:132448:16)\n    at tryCatcher (http://localhost:40397/__cypress/runner/cypress_runner.js:167415:23)\n    at Promise._settlePromiseFromHandler (http://localhost:40397/__cypress/runner/cypress_runner.js:165351:31)\n    at Promise._settlePromise (http://localhost:40397/__cypress/runner/cypress_runner.js:165408:18)\n    at Promise._settlePromise0 (http://localhost:40397/__cypress/runner/cypress_runner.js:165453:10)\n    at Promise._settlePromises (http://localhost:40397/__cypress/runner/cypress_runner.js:165528:18)\n    at Async../node_modules/bluebird/js/release/async.js.Async._drainQueue (http://localhost:40397/__cypress/runner/cypress_runner.js:162140:16)\n    at Async../node_modules/bluebird/js/release/async.js.Async._drainQueues (http://localhost:40397/__cypress/runner/cypress_runner.js:162150:10)\n    at Async.drainQueues (http://localhost:40397/__cypress/runner/cypress_runner.js:162024:14)",
                "diff": null
              },
              "uuid": "480a0e91-385d-490f-8bae-d925dd61a99a",
              "parentUUID": "2130ec6e-4f62-4f45-93ed-d063d2d14fde",
              "isHook": false,
              "skipped": false
            },
            {
              "title": "Verifica se o texto do botão é 'Limpar'",
              "fullTitle": "9 - Crie um botão que, ao ser clicado, limpa o quadro preenchendo a cor de todos seus pixels com branco. Verifica se o texto do botão é 'Limpar'",
              "timedOut": null,
              "duration": 4550,
              "state": "failed",
              "speed": null,
              "pass": false,
              "fail": true,
              "pending": false,
              "context": null,
              "code": "cy.get('#clear-board').should('contain.text', 'Limpar');",
              "err": {
                "message": "CypressError: Timed out retrying: Expected to find element: '#clear-board', but never found it.",
                "estack": "CypressError: Timed out retrying: Expected to find element: '#clear-board', but never found it.\n    at cypressErr (http://localhost:40397/__cypress/runner/cypress_runner.js:149934:9)\n    at throwErr (http://localhost:40397/__cypress/runner/cypress_runner.js:149867:11)\n    at Object.throwErrByPath (http://localhost:40397/__cypress/runner/cypress_runner.js:149915:3)\n    at retry (http://localhost:40397/__cypress/runner/cypress_runner.js:144197:19)\n    at onFailFn (http://localhost:40397/__cypress/runner/cypress_runner.js:132448:16)\n    at tryCatcher (http://localhost:40397/__cypress/runner/cypress_runner.js:167415:23)\n    at Promise._settlePromiseFromHandler (http://localhost:40397/__cypress/runner/cypress_runner.js:165351:31)\n    at Promise._settlePromise (http://localhost:40397/__cypress/runner/cypress_runner.js:165408:18)\n    at Promise._settlePromise0 (http://localhost:40397/__cypress/runner/cypress_runner.js:165453:10)\n    at Promise._settlePromises (http://localhost:40397/__cypress/runner/cypress_runner.js:165528:18)\n    at Async../node_modules/bluebird/js/release/async.js.Async._drainQueue (http://localhost:40397/__cypress/runner/cypress_runner.js:162140:16)\n    at Async../node_modules/bluebird/js/release/async.js.Async._drainQueues (http://localhost:40397/__cypress/runner/cypress_runner.js:162150:10)\n    at Async.drainQueues (http://localhost:40397/__cypress/runner/cypress_runner.js:162024:14)",
                "diff": null
              },
              "uuid": "51a44a1e-bbd7-4aa4-98b9-21875550686b",
              "parentUUID": "2130ec6e-4f62-4f45-93ed-d063d2d14fde",
              "isHook": false,
              "skipped": false
            },
            {
              "title": "Verifica se ao clicar no botão, o quadro de pixels é totalmente preenchido de branco",
              "fullTitle": "9 - Crie um botão que, ao ser clicado, limpa o quadro preenchendo a cor de todos seus pixels com branco. Verifica se ao clicar no botão, o quadro de pixels é totalmente preenchido de branco",
              "timedOut": null,
              "duration": 6642,
              "state": "failed",
              "speed": null,
              "pass": false,
              "fail": true,
              "pending": false,
              "context": null,
              "code": "cy.get('.color').eq(1).then(function (color) {\n  var backgroundColor = color.css('background-color');\n  cy.wrap(color).click();\n  cy.get('.pixel').each(function (pixel) {\n    cy.wrap(pixel).click().should('have.css', 'background-color', backgroundColor);\n  });\n});\ncy.get('#clear-board').click();\ncy.get('.pixel').each(function (pixel) {\n  cy.wrap(pixel).should('have.css', 'background-color', WHITE);\n});",
              "err": {
                "message": "CypressError: Timed out retrying: Expected to find element: '#clear-board', but never found it.",
                "estack": "CypressError: Timed out retrying: Expected to find element: '#clear-board', but never found it.\n    at cypressErr (http://localhost:40397/__cypress/runner/cypress_runner.js:149934:9)\n    at throwErr (http://localhost:40397/__cypress/runner/cypress_runner.js:149867:11)\n    at Object.throwErrByPath (http://localhost:40397/__cypress/runner/cypress_runner.js:149915:3)\n    at retry (http://localhost:40397/__cypress/runner/cypress_runner.js:144197:19)\n    at onFailFn (http://localhost:40397/__cypress/runner/cypress_runner.js:132448:16)\n    at tryCatcher (http://localhost:40397/__cypress/runner/cypress_runner.js:167415:23)\n    at Promise._settlePromiseFromHandler (http://localhost:40397/__cypress/runner/cypress_runner.js:165351:31)\n    at Promise._settlePromise (http://localhost:40397/__cypress/runner/cypress_runner.js:165408:18)\n    at Promise._settlePromise0 (http://localhost:40397/__cypress/runner/cypress_runner.js:165453:10)\n    at Promise._settlePromises (http://localhost:40397/__cypress/runner/cypress_runner.js:165528:18)\n    at Async../node_modules/bluebird/js/release/async.js.Async._drainQueue (http://localhost:40397/__cypress/runner/cypress_runner.js:162140:16)\n    at Async../node_modules/bluebird/js/release/async.js.Async._drainQueues (http://localhost:40397/__cypress/runner/cypress_runner.js:162150:10)\n    at Async.drainQueues (http://localhost:40397/__cypress/runner/cypress_runner.js:162024:14)",
                "diff": null
              },
              "uuid": "1c89bdb3-176d-49ad-876d-dd20544e49c9",
              "parentUUID": "2130ec6e-4f62-4f45-93ed-d063d2d14fde",
              "isHook": false,
              "skipped": false
            }
          ],
          "suites": [],
          "passes": [],
          "failures": [
            "26bf7ef5-75ff-4aff-9f28-edf3cec13061",
            "480a0e91-385d-490f-8bae-d925dd61a99a",
            "51a44a1e-bbd7-4aa4-98b9-21875550686b",
            "1c89bdb3-176d-49ad-876d-dd20544e49c9"
          ],
          "pending": [],
          "skipped": [],
          "duration": 20304,
          "root": false,
          "rootEmpty": false,
          "_timeout": 2000
        },
        {
          "uuid": "6312301a-3f5f-48f9-a5a9-2d3b404e7d7a",
          "title": "10 - Faça o quadro de pixels ter seu tamanho definido pelo usuário.",
          "fullFile": "",
          "file": "",
          "beforeHooks": [],
          "afterHooks": [],
          "tests": [
            {
              "title": "Verifica se existe um input com o id `board-size`",
              "fullTitle": "10 - Faça o quadro de pixels ter seu tamanho definido pelo usuário. Verifica se existe um input com o id `board-size`",
              "timedOut": null,
              "duration": 4684,
              "state": "failed",
              "speed": null,
              "pass": false,
              "fail": true,
              "pending": false,
              "context": null,
              "code": "cy.get('#board-size').should('be.visible');",
              "err": {
                "message": "CypressError: Timed out retrying: Expected to find element: '#board-size', but never found it.",
                "estack": "CypressError: Timed out retrying: Expected to find element: '#board-size', but never found it.\n    at cypressErr (http://localhost:40397/__cypress/runner/cypress_runner.js:149934:9)\n    at throwErr (http://localhost:40397/__cypress/runner/cypress_runner.js:149867:11)\n    at Object.throwErrByPath (http://localhost:40397/__cypress/runner/cypress_runner.js:149915:3)\n    at retry (http://localhost:40397/__cypress/runner/cypress_runner.js:144197:19)\n    at onFailFn (http://localhost:40397/__cypress/runner/cypress_runner.js:132448:16)\n    at tryCatcher (http://localhost:40397/__cypress/runner/cypress_runner.js:167415:23)\n    at Promise._settlePromiseFromHandler (http://localhost:40397/__cypress/runner/cypress_runner.js:165351:31)\n    at Promise._settlePromise (http://localhost:40397/__cypress/runner/cypress_runner.js:165408:18)\n    at Promise._settlePromise0 (http://localhost:40397/__cypress/runner/cypress_runner.js:165453:10)\n    at Promise._settlePromises (http://localhost:40397/__cypress/runner/cypress_runner.js:165528:18)\n    at Async../node_modules/bluebird/js/release/async.js.Async._drainQueue (http://localhost:40397/__cypress/runner/cypress_runner.js:162140:16)\n    at Async../node_modules/bluebird/js/release/async.js.Async._drainQueues (http://localhost:40397/__cypress/runner/cypress_runner.js:162150:10)\n    at Async.drainQueues (http://localhost:40397/__cypress/runner/cypress_runner.js:162024:14)",
                "diff": null
              },
              "uuid": "b145dd0b-e2dc-4fa2-9217-23175b862b77",
              "parentUUID": "6312301a-3f5f-48f9-a5a9-2d3b404e7d7a",
              "isHook": false,
              "skipped": false
            },
            {
              "title": "Verifica se existe um botão com o id `generate-board`",
              "fullTitle": "10 - Faça o quadro de pixels ter seu tamanho definido pelo usuário. Verifica se existe um botão com o id `generate-board`",
              "timedOut": null,
              "duration": 4592,
              "state": "failed",
              "speed": null,
              "pass": false,
              "fail": true,
              "pending": false,
              "context": null,
              "code": "cy.get('#generate-board').should('be.visible');",
              "err": {
                "message": "CypressError: Timed out retrying: Expected to find element: '#generate-board', but never found it.",
                "estack": "CypressError: Timed out retrying: Expected to find element: '#generate-board', but never found it.\n    at cypressErr (http://localhost:40397/__cypress/runner/cypress_runner.js:149934:9)\n    at throwErr (http://localhost:40397/__cypress/runner/cypress_runner.js:149867:11)\n    at Object.throwErrByPath (http://localhost:40397/__cypress/runner/cypress_runner.js:149915:3)\n    at retry (http://localhost:40397/__cypress/runner/cypress_runner.js:144197:19)\n    at onFailFn (http://localhost:40397/__cypress/runner/cypress_runner.js:132448:16)\n    at tryCatcher (http://localhost:40397/__cypress/runner/cypress_runner.js:167415:23)\n    at Promise._settlePromiseFromHandler (http://localhost:40397/__cypress/runner/cypress_runner.js:165351:31)\n    at Promise._settlePromise (http://localhost:40397/__cypress/runner/cypress_runner.js:165408:18)\n    at Promise._settlePromise0 (http://localhost:40397/__cypress/runner/cypress_runner.js:165453:10)\n    at Promise._settlePromises (http://localhost:40397/__cypress/runner/cypress_runner.js:165528:18)\n    at Async../node_modules/bluebird/js/release/async.js.Async._drainQueue (http://localhost:40397/__cypress/runner/cypress_runner.js:162140:16)\n    at Async../node_modules/bluebird/js/release/async.js.Async._drainQueues (http://localhost:40397/__cypress/runner/cypress_runner.js:162150:10)\n    at Async.drainQueues (http://localhost:40397/__cypress/runner/cypress_runner.js:162024:14)",
                "diff": null
              },
              "uuid": "05092a33-49dc-4143-be0e-70bf3720dc6c",
              "parentUUID": "6312301a-3f5f-48f9-a5a9-2d3b404e7d7a",
              "isHook": false,
              "skipped": false
            },
            {
              "title": "Verifica se o input só aceita número maiores que zero. Essa restrição deve ser feita usando os atributos do elemento `input`",
              "fullTitle": "10 - Faça o quadro de pixels ter seu tamanho definido pelo usuário. Verifica se o input só aceita número maiores que zero. Essa restrição deve ser feita usando os atributos do elemento `input`",
              "timedOut": null,
              "duration": 4485,
              "state": "failed",
              "speed": null,
              "pass": false,
              "fail": true,
              "pending": false,
              "context": null,
              "code": "cy.get('#board-size[type=\\'number\\'][min=\\'1\\']');",
              "err": {
                "message": "CypressError: Timed out retrying: Expected to find element: '#board-size[type='number'][min='1']', but never found it.",
                "estack": "CypressError: Timed out retrying: Expected to find element: '#board-size[type='number'][min='1']', but never found it.\n    at cypressErr (http://localhost:40397/__cypress/runner/cypress_runner.js:149934:9)\n    at throwErr (http://localhost:40397/__cypress/runner/cypress_runner.js:149867:11)\n    at Object.throwErrByPath (http://localhost:40397/__cypress/runner/cypress_runner.js:149915:3)\n    at retry (http://localhost:40397/__cypress/runner/cypress_runner.js:144197:19)\n    at onFailFn (http://localhost:40397/__cypress/runner/cypress_runner.js:132448:16)\n    at tryCatcher (http://localhost:40397/__cypress/runner/cypress_runner.js:167415:23)\n    at Promise._settlePromiseFromHandler (http://localhost:40397/__cypress/runner/cypress_runner.js:165351:31)\n    at Promise._settlePromise (http://localhost:40397/__cypress/runner/cypress_runner.js:165408:18)\n    at Promise._settlePromise0 (http://localhost:40397/__cypress/runner/cypress_runner.js:165453:10)\n    at Promise._settlePromises (http://localhost:40397/__cypress/runner/cypress_runner.js:165528:18)\n    at Async../node_modules/bluebird/js/release/async.js.Async._drainQueue (http://localhost:40397/__cypress/runner/cypress_runner.js:162140:16)\n    at Async../node_modules/bluebird/js/release/async.js.Async._drainQueues (http://localhost:40397/__cypress/runner/cypress_runner.js:162150:10)\n    at Async.drainQueues (http://localhost:40397/__cypress/runner/cypress_runner.js:162024:14)",
                "diff": null
              },
              "uuid": "b4ce9419-4890-4757-9420-46e159054a62",
              "parentUUID": "6312301a-3f5f-48f9-a5a9-2d3b404e7d7a",
              "isHook": false,
              "skipped": false
            },
            {
              "title": "Verifica se o botão contém o texto 'VQV'",
              "fullTitle": "10 - Faça o quadro de pixels ter seu tamanho definido pelo usuário. Verifica se o botão contém o texto 'VQV'",
              "timedOut": null,
              "duration": 4442,
              "state": "failed",
              "speed": null,
              "pass": false,
              "fail": true,
              "pending": false,
              "context": null,
              "code": "cy.get('#generate-board').contains(/vqv/i);",
              "err": {
                "message": "CypressError: Timed out retrying: Expected to find element: '#generate-board', but never found it.",
                "estack": "CypressError: Timed out retrying: Expected to find element: '#generate-board', but never found it.\n    at cypressErr (http://localhost:40397/__cypress/runner/cypress_runner.js:149934:9)\n    at throwErr (http://localhost:40397/__cypress/runner/cypress_runner.js:149867:11)\n    at Object.throwErrByPath (http://localhost:40397/__cypress/runner/cypress_runner.js:149915:3)\n    at retry (http://localhost:40397/__cypress/runner/cypress_runner.js:144197:19)\n    at onFailFn (http://localhost:40397/__cypress/runner/cypress_runner.js:132448:16)\n    at tryCatcher (http://localhost:40397/__cypress/runner/cypress_runner.js:167415:23)\n    at Promise._settlePromiseFromHandler (http://localhost:40397/__cypress/runner/cypress_runner.js:165351:31)\n    at Promise._settlePromise (http://localhost:40397/__cypress/runner/cypress_runner.js:165408:18)\n    at Promise._settlePromise0 (http://localhost:40397/__cypress/runner/cypress_runner.js:165453:10)\n    at Promise._settlePromises (http://localhost:40397/__cypress/runner/cypress_runner.js:165528:18)\n    at Async../node_modules/bluebird/js/release/async.js.Async._drainQueue (http://localhost:40397/__cypress/runner/cypress_runner.js:162140:16)\n    at Async../node_modules/bluebird/js/release/async.js.Async._drainQueues (http://localhost:40397/__cypress/runner/cypress_runner.js:162150:10)\n    at Async.drainQueues (http://localhost:40397/__cypress/runner/cypress_runner.js:162024:14)",
                "diff": null
              },
              "uuid": "8a7adad2-d2f9-4ecf-b199-6f81e340bd7d",
              "parentUUID": "6312301a-3f5f-48f9-a5a9-2d3b404e7d7a",
              "isHook": false,
              "skipped": false
            },
            {
              "title": "Verifica se o input está posicionado entre a paleta de cores e o quadro de pixels",
              "fullTitle": "10 - Faça o quadro de pixels ter seu tamanho definido pelo usuário. Verifica se o input está posicionado entre a paleta de cores e o quadro de pixels",
              "timedOut": null,
              "duration": 4639,
              "state": "failed",
              "speed": null,
              "pass": false,
              "fail": true,
              "pending": false,
              "context": null,
              "code": "cy.get('#color-palette').then(function (palette) {\n  cy.get('#board-size').should('be.belowOf', palette);\n});\ncy.get('#board-size').then(function (palette) {\n  cy.get('#pixel-board').should('be.belowOf', palette);\n});",
              "err": {
                "message": "CypressError: Timed out retrying: Expected to find element: '#board-size', but never found it.",
                "estack": "CypressError: Timed out retrying: Expected to find element: '#board-size', but never found it.\n    at cypressErr (http://localhost:40397/__cypress/runner/cypress_runner.js:149934:9)\n    at throwErr (http://localhost:40397/__cypress/runner/cypress_runner.js:149867:11)\n    at Object.throwErrByPath (http://localhost:40397/__cypress/runner/cypress_runner.js:149915:3)\n    at retry (http://localhost:40397/__cypress/runner/cypress_runner.js:144197:19)\n    at onFailFn (http://localhost:40397/__cypress/runner/cypress_runner.js:132448:16)\n    at tryCatcher (http://localhost:40397/__cypress/runner/cypress_runner.js:167415:23)\n    at Promise._settlePromiseFromHandler (http://localhost:40397/__cypress/runner/cypress_runner.js:165351:31)\n    at Promise._settlePromise (http://localhost:40397/__cypress/runner/cypress_runner.js:165408:18)\n    at Promise._settlePromise0 (http://localhost:40397/__cypress/runner/cypress_runner.js:165453:10)\n    at Promise._settlePromises (http://localhost:40397/__cypress/runner/cypress_runner.js:165528:18)\n    at Async../node_modules/bluebird/js/release/async.js.Async._drainQueue (http://localhost:40397/__cypress/runner/cypress_runner.js:162140:16)\n    at Async../node_modules/bluebird/js/release/async.js.Async._drainQueues (http://localhost:40397/__cypress/runner/cypress_runner.js:162150:10)\n    at Async.drainQueues (http://localhost:40397/__cypress/runner/cypress_runner.js:162024:14)",
                "diff": null
              },
              "uuid": "c9f61018-6f92-48f5-b542-9d9991b98adf",
              "parentUUID": "6312301a-3f5f-48f9-a5a9-2d3b404e7d7a",
              "isHook": false,
              "skipped": false
            },
            {
              "title": "Verifica se o botão está posicionado ao lado do input",
              "fullTitle": "10 - Faça o quadro de pixels ter seu tamanho definido pelo usuário. Verifica se o botão está posicionado ao lado do input",
              "timedOut": null,
              "duration": 4375,
              "state": "failed",
              "speed": null,
              "pass": false,
              "fail": true,
              "pending": false,
              "context": null,
              "code": "cy.get('#board-size').then(function (board) {\n  cy.get('#generate-board').should('be.onTheRightOf', board);\n});",
              "err": {
                "message": "CypressError: Timed out retrying: Expected to find element: '#board-size', but never found it.",
                "estack": "CypressError: Timed out retrying: Expected to find element: '#board-size', but never found it.\n    at cypressErr (http://localhost:40397/__cypress/runner/cypress_runner.js:149934:9)\n    at throwErr (http://localhost:40397/__cypress/runner/cypress_runner.js:149867:11)\n    at Object.throwErrByPath (http://localhost:40397/__cypress/runner/cypress_runner.js:149915:3)\n    at retry (http://localhost:40397/__cypress/runner/cypress_runner.js:144197:19)\n    at onFailFn (http://localhost:40397/__cypress/runner/cypress_runner.js:132448:16)\n    at tryCatcher (http://localhost:40397/__cypress/runner/cypress_runner.js:167415:23)\n    at Promise._settlePromiseFromHandler (http://localhost:40397/__cypress/runner/cypress_runner.js:165351:31)\n    at Promise._settlePromise (http://localhost:40397/__cypress/runner/cypress_runner.js:165408:18)\n    at Promise._settlePromise0 (http://localhost:40397/__cypress/runner/cypress_runner.js:165453:10)\n    at Promise._settlePromises (http://localhost:40397/__cypress/runner/cypress_runner.js:165528:18)\n    at Async../node_modules/bluebird/js/release/async.js.Async._drainQueue (http://localhost:40397/__cypress/runner/cypress_runner.js:162140:16)\n    at Async../node_modules/bluebird/js/release/async.js.Async._drainQueues (http://localhost:40397/__cypress/runner/cypress_runner.js:162150:10)\n    at Async.drainQueues (http://localhost:40397/__cypress/runner/cypress_runner.js:162024:14)",
                "diff": null
              },
              "uuid": "c53841b4-712d-4ad1-ae09-08ac47239b6e",
              "parentUUID": "6312301a-3f5f-48f9-a5a9-2d3b404e7d7a",
              "isHook": false,
              "skipped": false
            },
            {
              "title": "Verifica se nenhum valor for colocado no input ao clicar no botão, um `alert` é exibido com o texto: 'Board inválido!'",
              "fullTitle": "10 - Faça o quadro de pixels ter seu tamanho definido pelo usuário. Verifica se nenhum valor for colocado no input ao clicar no botão, um `alert` é exibido com o texto: 'Board inválido!'",
              "timedOut": null,
              "duration": 4552,
              "state": "failed",
              "speed": null,
              "pass": false,
              "fail": true,
              "pending": false,
              "context": null,
              "code": "var alerted = false;\ncy.on('window:alert', function (msg) {\n  return alerted = msg;\n});\ncy.get('#generate-board').click().then(function () {\n  return expect(alerted).to.match(/Board inválido!/i);\n});",
              "err": {
                "message": "CypressError: Timed out retrying: Expected to find element: '#generate-board', but never found it.",
                "estack": "CypressError: Timed out retrying: Expected to find element: '#generate-board', but never found it.\n    at cypressErr (http://localhost:40397/__cypress/runner/cypress_runner.js:149934:9)\n    at throwErr (http://localhost:40397/__cypress/runner/cypress_runner.js:149867:11)\n    at Object.throwErrByPath (http://localhost:40397/__cypress/runner/cypress_runner.js:149915:3)\n    at retry (http://localhost:40397/__cypress/runner/cypress_runner.js:144197:19)\n    at onFailFn (http://localhost:40397/__cypress/runner/cypress_runner.js:132448:16)\n    at tryCatcher (http://localhost:40397/__cypress/runner/cypress_runner.js:167415:23)\n    at Promise._settlePromiseFromHandler (http://localhost:40397/__cypress/runner/cypress_runner.js:165351:31)\n    at Promise._settlePromise (http://localhost:40397/__cypress/runner/cypress_runner.js:165408:18)\n    at Promise._settlePromise0 (http://localhost:40397/__cypress/runner/cypress_runner.js:165453:10)\n    at Promise._settlePromises (http://localhost:40397/__cypress/runner/cypress_runner.js:165528:18)\n    at Async../node_modules/bluebird/js/release/async.js.Async._drainQueue (http://localhost:40397/__cypress/runner/cypress_runner.js:162140:16)\n    at Async../node_modules/bluebird/js/release/async.js.Async._drainQueues (http://localhost:40397/__cypress/runner/cypress_runner.js:162150:10)\n    at Async.drainQueues (http://localhost:40397/__cypress/runner/cypress_runner.js:162024:14)",
                "diff": null
              },
              "uuid": "b79f96d8-af03-4ac0-a73a-8be9e177fb60",
              "parentUUID": "6312301a-3f5f-48f9-a5a9-2d3b404e7d7a",
              "isHook": false,
              "skipped": false
            },
            {
              "title": "Verifica se ao clicar no botão com um valor preenchido, o tamanho do board muda.",
              "fullTitle": "10 - Faça o quadro de pixels ter seu tamanho definido pelo usuário. Verifica se ao clicar no botão com um valor preenchido, o tamanho do board muda.",
              "timedOut": null,
              "duration": 4566,
              "state": "failed",
              "speed": null,
              "pass": false,
              "fail": true,
              "pending": false,
              "context": null,
              "code": "cy.get('#board-size').clear().type(10);\ncy.get('#generate-board').click();\ncy.get('.pixel').should('have.length', 100);",
              "err": {
                "message": "CypressError: Timed out retrying: Expected to find element: '#board-size', but never found it.",
                "estack": "CypressError: Timed out retrying: Expected to find element: '#board-size', but never found it.\n    at cypressErr (http://localhost:40397/__cypress/runner/cypress_runner.js:149934:9)\n    at throwErr (http://localhost:40397/__cypress/runner/cypress_runner.js:149867:11)\n    at Object.throwErrByPath (http://localhost:40397/__cypress/runner/cypress_runner.js:149915:3)\n    at retry (http://localhost:40397/__cypress/runner/cypress_runner.js:144197:19)\n    at onFailFn (http://localhost:40397/__cypress/runner/cypress_runner.js:132448:16)\n    at tryCatcher (http://localhost:40397/__cypress/runner/cypress_runner.js:167415:23)\n    at Promise._settlePromiseFromHandler (http://localhost:40397/__cypress/runner/cypress_runner.js:165351:31)\n    at Promise._settlePromise (http://localhost:40397/__cypress/runner/cypress_runner.js:165408:18)\n    at Promise._settlePromise0 (http://localhost:40397/__cypress/runner/cypress_runner.js:165453:10)\n    at Promise._settlePromises (http://localhost:40397/__cypress/runner/cypress_runner.js:165528:18)\n    at Async../node_modules/bluebird/js/release/async.js.Async._drainQueue (http://localhost:40397/__cypress/runner/cypress_runner.js:162140:16)\n    at Async../node_modules/bluebird/js/release/async.js.Async._drainQueues (http://localhost:40397/__cypress/runner/cypress_runner.js:162150:10)\n    at Async.drainQueues (http://localhost:40397/__cypress/runner/cypress_runner.js:162024:14)",
                "diff": null
              },
              "uuid": "01ee91c5-5e14-481a-87ec-cce5dd3f808d",
              "parentUUID": "6312301a-3f5f-48f9-a5a9-2d3b404e7d7a",
              "isHook": false,
              "skipped": false
            },
            {
              "title": "Verifica se o novo quadro tem todos os pixels preenchidos com a cor branca",
              "fullTitle": "10 - Faça o quadro de pixels ter seu tamanho definido pelo usuário. Verifica se o novo quadro tem todos os pixels preenchidos com a cor branca",
              "timedOut": null,
              "duration": 4470,
              "state": "failed",
              "speed": null,
              "pass": false,
              "fail": true,
              "pending": false,
              "context": null,
              "code": "cy.get('#board-size').clear().type(6);\ncy.get('#generate-board').click();\ncy.get('.pixel').should('have.length', 36).each(function (pixel) {\n  expect(pixel).to.have.css('background-color', WHITE);\n});",
              "err": {
                "message": "CypressError: Timed out retrying: Expected to find element: '#board-size', but never found it.",
                "estack": "CypressError: Timed out retrying: Expected to find element: '#board-size', but never found it.\n    at cypressErr (http://localhost:40397/__cypress/runner/cypress_runner.js:149934:9)\n    at throwErr (http://localhost:40397/__cypress/runner/cypress_runner.js:149867:11)\n    at Object.throwErrByPath (http://localhost:40397/__cypress/runner/cypress_runner.js:149915:3)\n    at retry (http://localhost:40397/__cypress/runner/cypress_runner.js:144197:19)\n    at onFailFn (http://localhost:40397/__cypress/runner/cypress_runner.js:132448:16)\n    at tryCatcher (http://localhost:40397/__cypress/runner/cypress_runner.js:167415:23)\n    at Promise._settlePromiseFromHandler (http://localhost:40397/__cypress/runner/cypress_runner.js:165351:31)\n    at Promise._settlePromise (http://localhost:40397/__cypress/runner/cypress_runner.js:165408:18)\n    at Promise._settlePromise0 (http://localhost:40397/__cypress/runner/cypress_runner.js:165453:10)\n    at Promise._settlePromises (http://localhost:40397/__cypress/runner/cypress_runner.js:165528:18)\n    at Async../node_modules/bluebird/js/release/async.js.Async._drainQueue (http://localhost:40397/__cypress/runner/cypress_runner.js:162140:16)\n    at Async../node_modules/bluebird/js/release/async.js.Async._drainQueues (http://localhost:40397/__cypress/runner/cypress_runner.js:162150:10)\n    at Async.drainQueues (http://localhost:40397/__cypress/runner/cypress_runner.js:162024:14)",
                "diff": null
              },
              "uuid": "d3d21319-aa21-4045-aa8e-ec22e662b612",
              "parentUUID": "6312301a-3f5f-48f9-a5a9-2d3b404e7d7a",
              "isHook": false,
              "skipped": false
            }
          ],
          "suites": [],
          "passes": [],
          "failures": [
            "b145dd0b-e2dc-4fa2-9217-23175b862b77",
            "05092a33-49dc-4143-be0e-70bf3720dc6c",
            "b4ce9419-4890-4757-9420-46e159054a62",
            "8a7adad2-d2f9-4ecf-b199-6f81e340bd7d",
            "c9f61018-6f92-48f5-b542-9d9991b98adf",
            "c53841b4-712d-4ad1-ae09-08ac47239b6e",
            "b79f96d8-af03-4ac0-a73a-8be9e177fb60",
            "01ee91c5-5e14-481a-87ec-cce5dd3f808d",
            "d3d21319-aa21-4045-aa8e-ec22e662b612"
          ],
          "pending": [],
          "skipped": [],
          "duration": 40805,
          "root": false,
          "rootEmpty": false,
          "_timeout": 2000
        },
        {
          "uuid": "d58b09b2-98f4-412f-af97-913c29e4f44d",
          "title": "11 - Limite o tamanho mínimo e máximo do board.",
          "fullFile": "",
          "file": "",
          "beforeHooks": [],
          "afterHooks": [],
          "tests": [
            {
              "title": "Verifica se a altura máxima do board é 50",
              "fullTitle": "11 - Limite o tamanho mínimo e máximo do board. Verifica se a altura máxima do board é 50",
              "timedOut": null,
              "duration": 4663,
              "state": "failed",
              "speed": null,
              "pass": false,
              "fail": true,
              "pending": false,
              "context": null,
              "code": "cy.get('#board-size').clear().type(50);\ncy.get('#generate-board').click();\ncy.get('.pixel').should('have.length', 2500);",
              "err": {
                "message": "CypressError: Timed out retrying: Expected to find element: '#board-size', but never found it.",
                "estack": "CypressError: Timed out retrying: Expected to find element: '#board-size', but never found it.\n    at cypressErr (http://localhost:40397/__cypress/runner/cypress_runner.js:149934:9)\n    at throwErr (http://localhost:40397/__cypress/runner/cypress_runner.js:149867:11)\n    at Object.throwErrByPath (http://localhost:40397/__cypress/runner/cypress_runner.js:149915:3)\n    at retry (http://localhost:40397/__cypress/runner/cypress_runner.js:144197:19)\n    at onFailFn (http://localhost:40397/__cypress/runner/cypress_runner.js:132448:16)\n    at tryCatcher (http://localhost:40397/__cypress/runner/cypress_runner.js:167415:23)\n    at Promise._settlePromiseFromHandler (http://localhost:40397/__cypress/runner/cypress_runner.js:165351:31)\n    at Promise._settlePromise (http://localhost:40397/__cypress/runner/cypress_runner.js:165408:18)\n    at Promise._settlePromise0 (http://localhost:40397/__cypress/runner/cypress_runner.js:165453:10)\n    at Promise._settlePromises (http://localhost:40397/__cypress/runner/cypress_runner.js:165528:18)\n    at Async../node_modules/bluebird/js/release/async.js.Async._drainQueue (http://localhost:40397/__cypress/runner/cypress_runner.js:162140:16)\n    at Async../node_modules/bluebird/js/release/async.js.Async._drainQueues (http://localhost:40397/__cypress/runner/cypress_runner.js:162150:10)\n    at Async.drainQueues (http://localhost:40397/__cypress/runner/cypress_runner.js:162024:14)",
                "diff": null
              },
              "uuid": "68751b15-0ac0-43f4-b700-ebb196929973",
              "parentUUID": "d58b09b2-98f4-412f-af97-913c29e4f44d",
              "isHook": false,
              "skipped": false
            },
            {
              "title": "Verifica se a altura do board é 5 quando um valor menor é colocado no input",
              "fullTitle": "11 - Limite o tamanho mínimo e máximo do board. Verifica se a altura do board é 5 quando um valor menor é colocado no input",
              "timedOut": null,
              "duration": 4596,
              "state": "failed",
              "speed": null,
              "pass": false,
              "fail": true,
              "pending": false,
              "context": null,
              "code": "cy.get('#board-size').clear().type(4);\ncy.get('#generate-board').click();\ncy.get('.pixel').should('have.length', 25);",
              "err": {
                "message": "CypressError: Timed out retrying: Expected to find element: '#board-size', but never found it.",
                "estack": "CypressError: Timed out retrying: Expected to find element: '#board-size', but never found it.\n    at cypressErr (http://localhost:40397/__cypress/runner/cypress_runner.js:149934:9)\n    at throwErr (http://localhost:40397/__cypress/runner/cypress_runner.js:149867:11)\n    at Object.throwErrByPath (http://localhost:40397/__cypress/runner/cypress_runner.js:149915:3)\n    at retry (http://localhost:40397/__cypress/runner/cypress_runner.js:144197:19)\n    at onFailFn (http://localhost:40397/__cypress/runner/cypress_runner.js:132448:16)\n    at tryCatcher (http://localhost:40397/__cypress/runner/cypress_runner.js:167415:23)\n    at Promise._settlePromiseFromHandler (http://localhost:40397/__cypress/runner/cypress_runner.js:165351:31)\n    at Promise._settlePromise (http://localhost:40397/__cypress/runner/cypress_runner.js:165408:18)\n    at Promise._settlePromise0 (http://localhost:40397/__cypress/runner/cypress_runner.js:165453:10)\n    at Promise._settlePromises (http://localhost:40397/__cypress/runner/cypress_runner.js:165528:18)\n    at Async../node_modules/bluebird/js/release/async.js.Async._drainQueue (http://localhost:40397/__cypress/runner/cypress_runner.js:162140:16)\n    at Async../node_modules/bluebird/js/release/async.js.Async._drainQueues (http://localhost:40397/__cypress/runner/cypress_runner.js:162150:10)\n    at Async.drainQueues (http://localhost:40397/__cypress/runner/cypress_runner.js:162024:14)",
                "diff": null
              },
              "uuid": "bfa5072b-23ab-492e-9a07-41952ef68f81",
              "parentUUID": "d58b09b2-98f4-412f-af97-913c29e4f44d",
              "isHook": false,
              "skipped": false
            },
            {
              "title": "Verifica se a altura do board é 50 quando um valor maior é colocado no input",
              "fullTitle": "11 - Limite o tamanho mínimo e máximo do board. Verifica se a altura do board é 50 quando um valor maior é colocado no input",
              "timedOut": null,
              "duration": 4541,
              "state": "failed",
              "speed": null,
              "pass": false,
              "fail": true,
              "pending": false,
              "context": null,
              "code": "cy.get('#board-size').clear().type(51);\ncy.get('#generate-board').click();\ncy.get('.pixel').should('have.length', 2500);",
              "err": {
                "message": "CypressError: Timed out retrying: Expected to find element: '#board-size', but never found it.",
                "estack": "CypressError: Timed out retrying: Expected to find element: '#board-size', but never found it.\n    at cypressErr (http://localhost:40397/__cypress/runner/cypress_runner.js:149934:9)\n    at throwErr (http://localhost:40397/__cypress/runner/cypress_runner.js:149867:11)\n    at Object.throwErrByPath (http://localhost:40397/__cypress/runner/cypress_runner.js:149915:3)\n    at retry (http://localhost:40397/__cypress/runner/cypress_runner.js:144197:19)\n    at onFailFn (http://localhost:40397/__cypress/runner/cypress_runner.js:132448:16)\n    at tryCatcher (http://localhost:40397/__cypress/runner/cypress_runner.js:167415:23)\n    at Promise._settlePromiseFromHandler (http://localhost:40397/__cypress/runner/cypress_runner.js:165351:31)\n    at Promise._settlePromise (http://localhost:40397/__cypress/runner/cypress_runner.js:165408:18)\n    at Promise._settlePromise0 (http://localhost:40397/__cypress/runner/cypress_runner.js:165453:10)\n    at Promise._settlePromises (http://localhost:40397/__cypress/runner/cypress_runner.js:165528:18)\n    at Async../node_modules/bluebird/js/release/async.js.Async._drainQueue (http://localhost:40397/__cypress/runner/cypress_runner.js:162140:16)\n    at Async../node_modules/bluebird/js/release/async.js.Async._drainQueues (http://localhost:40397/__cypress/runner/cypress_runner.js:162150:10)\n    at Async.drainQueues (http://localhost:40397/__cypress/runner/cypress_runner.js:162024:14)",
                "diff": null
              },
              "uuid": "4cb6f458-4488-462e-9bf6-f133c39c03ee",
              "parentUUID": "d58b09b2-98f4-412f-af97-913c29e4f44d",
              "isHook": false,
              "skipped": false
            }
          ],
          "suites": [],
          "passes": [],
          "failures": [
            "68751b15-0ac0-43f4-b700-ebb196929973",
            "bfa5072b-23ab-492e-9a07-41952ef68f81",
            "4cb6f458-4488-462e-9bf6-f133c39c03ee"
          ],
          "pending": [],
          "skipped": [],
          "duration": 13800,
          "root": false,
          "rootEmpty": false,
          "_timeout": 2000
        },
        {
          "uuid": "bf9e5e96-ef86-4870-99db-9c8c9391a902",
          "title": "12 - Faça com que as cores da paleta sejam geradas aleatoriamente ao carregar a página.",
          "fullFile": "",
          "file": "",
          "beforeHooks": [],
          "afterHooks": [],
          "tests": [
            {
              "title": "Verifica se as cores geradas na paleta são diferentes a cada carregamento da página",
              "fullTitle": "12 - Faça com que as cores da paleta sejam geradas aleatoriamente ao carregar a página. Verifica se as cores geradas na paleta são diferentes a cada carregamento da página",
              "timedOut": null,
              "duration": 572,
              "state": "failed",
              "speed": null,
              "pass": false,
              "fail": true,
              "pending": false,
              "context": null,
              "code": "cy.get('.color').then(function (colors) {\n  var currentColors;\n  var previousColors;\n  previousColors = Array.from(colors).map(function (color) {\n    return Cypress.$(color).css('background-color');\n  });\n  for (var i = 0; i < 5; i += 1) {\n    cy.reload();\n    cy.get('.color').then(function (colors) {\n      currentColors = Array.from(colors).map(function (color) {\n        return Cypress.$(color).css('background-color');\n      });\n      expect(currentColors).not.to.deep.equal(previousColors);\n      previousColors = currentColors;\n    });\n  }\n});",
              "err": {
                "message": "AssertionError: expected [ Array(4) ] to not deeply equal [ Array(4) ]",
                "estack": "AssertionError: expected [ Array(4) ] to not deeply equal [ Array(4) ]\n    at getRet (http://localhost:40397/__cypress/runner/cypress_runner.js:136585:16)\n    at tryCatcher (http://localhost:40397/__cypress/runner/cypress_runner.js:167415:23)\n    at Function.Promise.attempt.Promise.try (http://localhost:40397/__cypress/runner/cypress_runner.js:164690:29)\n    at Context.thenFn (http://localhost:40397/__cypress/runner/cypress_runner.js:136599:23)\n    at Context.then (http://localhost:40397/__cypress/runner/cypress_runner.js:136971:21)\n    at Context.<anonymous> (http://localhost:40397/__cypress/runner/cypress_runner.js:148875:21)\n    at http://localhost:40397/__cypress/runner/cypress_runner.js:148351:33\n    at tryCatcher (http://localhost:40397/__cypress/runner/cypress_runner.js:167415:23)\n    at Promise._settlePromiseFromHandler (http://localhost:40397/__cypress/runner/cypress_runner.js:165351:31)\n    at Promise._settlePromise (http://localhost:40397/__cypress/runner/cypress_runner.js:165408:18)\n    at Promise._settlePromiseCtx (http://localhost:40397/__cypress/runner/cypress_runner.js:165445:10)\n    at Async../node_modules/bluebird/js/release/async.js.Async._drainQueue (http://localhost:40397/__cypress/runner/cypress_runner.js:162145:12)\n    at Async../node_modules/bluebird/js/release/async.js.Async._drainQueues (http://localhost:40397/__cypress/runner/cypress_runner.js:162150:10)\n    at Async.drainQueues (http://localhost:40397/__cypress/runner/cypress_runner.js:162024:14)",
                "diff": ""
              },
              "uuid": "27461bef-c4ba-4875-8a54-e55f7726d513",
              "parentUUID": "bf9e5e96-ef86-4870-99db-9c8c9391a902",
              "isHook": false,
              "skipped": false
            },
            {
              "title": "Verifica se a cor preta ainda está presente e é a primeira na sua paleta de cores",
              "fullTitle": "12 - Faça com que as cores da paleta sejam geradas aleatoriamente ao carregar a página. Verifica se a cor preta ainda está presente e é a primeira na sua paleta de cores",
              "timedOut": null,
              "duration": 483,
              "state": "failed",
              "speed": null,
              "pass": false,
              "fail": true,
              "pending": false,
              "context": null,
              "code": "cy.get('.color').then(function (colors) {\n  var currentColors;\n  var previousColors;\n  previousColors = Array.from(colors).map(function (color) {\n    return Cypress.$(color).css('background-color');\n  });\n  expect(previousColors[0]).to.eq(BLACK);\n  for (var i = 0; i < 5; i += 1) {\n    cy.reload();\n    cy.get('.color').then(function (colors) {\n      currentColors = Array.from(colors).map(function (color) {\n        return Cypress.$(color).css('background-color');\n      });\n      expect(currentColors[0]).to.eq(BLACK);\n      expect(currentColors).not.to.deep.equal(previousColors);\n      previousColors = currentColors;\n    });\n  }\n});",
              "err": {
                "message": "AssertionError: expected [ Array(4) ] to not deeply equal [ Array(4) ]",
                "estack": "AssertionError: expected [ Array(4) ] to not deeply equal [ Array(4) ]\n    at getRet (http://localhost:40397/__cypress/runner/cypress_runner.js:136585:16)\n    at tryCatcher (http://localhost:40397/__cypress/runner/cypress_runner.js:167415:23)\n    at Function.Promise.attempt.Promise.try (http://localhost:40397/__cypress/runner/cypress_runner.js:164690:29)\n    at Context.thenFn (http://localhost:40397/__cypress/runner/cypress_runner.js:136599:23)\n    at Context.then (http://localhost:40397/__cypress/runner/cypress_runner.js:136971:21)\n    at Context.<anonymous> (http://localhost:40397/__cypress/runner/cypress_runner.js:148875:21)\n    at http://localhost:40397/__cypress/runner/cypress_runner.js:148351:33\n    at tryCatcher (http://localhost:40397/__cypress/runner/cypress_runner.js:167415:23)\n    at Promise._settlePromiseFromHandler (http://localhost:40397/__cypress/runner/cypress_runner.js:165351:31)\n    at Promise._settlePromise (http://localhost:40397/__cypress/runner/cypress_runner.js:165408:18)\n    at Promise._settlePromiseCtx (http://localhost:40397/__cypress/runner/cypress_runner.js:165445:10)\n    at Async../node_modules/bluebird/js/release/async.js.Async._drainQueue (http://localhost:40397/__cypress/runner/cypress_runner.js:162145:12)\n    at Async../node_modules/bluebird/js/release/async.js.Async._drainQueues (http://localhost:40397/__cypress/runner/cypress_runner.js:162150:10)\n    at Async.drainQueues (http://localhost:40397/__cypress/runner/cypress_runner.js:162024:14)",
                "diff": ""
              },
              "uuid": "38ac6f46-dbcb-4762-ab1b-8d44f8ad5ec5",
              "parentUUID": "bf9e5e96-ef86-4870-99db-9c8c9391a902",
              "isHook": false,
              "skipped": false
            }
          ],
          "suites": [],
          "passes": [],
          "failures": [
            "27461bef-c4ba-4875-8a54-e55f7726d513",
            "38ac6f46-dbcb-4762-ab1b-8d44f8ad5ec5"
          ],
          "pending": [],
          "skipped": [],
          "duration": 1055,
          "root": false,
          "rootEmpty": false,
          "_timeout": 2000
        }
      ],
      "passes": [],
      "failures": [],
      "pending": [],
      "skipped": [],
      "duration": 0,
      "root": true,
      "rootEmpty": true,
      "_timeout": 2000
    }
  ],
  "meta": {
    "mocha": {
      "version": "7.0.1"
    },
    "mochawesome": {
      "options": {
        "quiet": false,
        "reportFilename": "mochawesome",
        "saveHtml": false,
        "saveJson": true,
        "consoleReporter": "spec",
        "useInlineDiffs": false
      },
      "version": "4.1.0"
    },
    "marge": {
      "options": {
        "id": "default",
        "reportDir": "cypress/reports",
        "overwrite": true,
        "html": false,
        "json": true
      },
      "version": "4.1.0"
    }
  }
}