{
  "stats": {
    "suites": 12,
    "tests": 41,
    "passes": 23,
    "pending": 0,
    "failures": 18,
    "start": "2021-08-13T22:14:24.101Z",
    "end": "2021-08-13T22:16:19.946Z",
    "duration": 115845,
    "testsRegistered": 41,
    "passPercent": 56.09756097560976,
    "pendingPercent": 0,
    "other": 0,
    "hasOther": false,
    "skipped": 0,
    "hasSkipped": false
  },
  "results": [
    {
      "uuid": "a60eb1fe-154d-4b6e-939c-1b797d817b2c",
      "title": "",
      "fullFile": "cypress/integration/project.spec.js",
      "file": "cypress/integration/project.spec.js",
      "beforeHooks": [],
      "afterHooks": [],
      "tests": [],
      "suites": [
        {
          "uuid": "39f2d45f-9e92-4590-ad4f-bff19903a40d",
          "title": "1 - Adicione à página o título \"Paleta de Cores\".",
          "fullFile": "",
          "file": "",
          "beforeHooks": [],
          "afterHooks": [],
          "tests": [
            {
              "title": "Verifica se contém um elemento `h1` com o id `title` com o título correto",
              "fullTitle": "1 - Adicione à página o título \"Paleta de Cores\". Verifica se contém um elemento `h1` com o id `title` com o título correto",
              "timedOut": null,
              "duration": 865,
              "state": "passed",
              "speed": "slow",
              "pass": true,
              "fail": false,
              "pending": false,
              "context": null,
              "code": "cy.get('h1#title').should('contain.text', 'Paleta de Cores');",
              "err": {},
              "uuid": "9ce34ace-c90a-414d-8c03-0b2b6b955622",
              "parentUUID": "39f2d45f-9e92-4590-ad4f-bff19903a40d",
              "isHook": false,
              "skipped": false
            }
          ],
          "suites": [],
          "passes": [
            "9ce34ace-c90a-414d-8c03-0b2b6b955622"
          ],
          "failures": [],
          "pending": [],
          "skipped": [],
          "duration": 865,
          "root": false,
          "rootEmpty": false,
          "_timeout": 2000
        },
        {
          "uuid": "5b0ba46d-964a-4cae-a273-98ad27b7f016",
          "title": "2 - Adicione à página uma paleta de quatro cores distintas.",
          "fullFile": "",
          "file": "",
          "beforeHooks": [],
          "afterHooks": [],
          "tests": [
            {
              "title": "A paleta de cores deve ser um elemento com `id` denominado `color-palette`",
              "fullTitle": "2 - Adicione à página uma paleta de quatro cores distintas. A paleta de cores deve ser um elemento com `id` denominado `color-palette`",
              "timedOut": null,
              "duration": 362,
              "state": "passed",
              "speed": "slow",
              "pass": true,
              "fail": false,
              "pending": false,
              "context": null,
              "code": "cy.get('#color-palette').should('be.visible');",
              "err": {},
              "uuid": "3b66dc1e-dd86-468b-8ffb-9c1795a11523",
              "parentUUID": "5b0ba46d-964a-4cae-a273-98ad27b7f016",
              "isHook": false,
              "skipped": false
            },
            {
              "title": "Verifica se cada cor individual da paleta de cores possui a `classe` chamada `color`.",
              "fullTitle": "2 - Adicione à página uma paleta de quatro cores distintas. Verifica se cada cor individual da paleta de cores possui a `classe` chamada `color`.",
              "timedOut": null,
              "duration": 431,
              "state": "passed",
              "speed": "slow",
              "pass": true,
              "fail": false,
              "pending": false,
              "context": null,
              "code": "cy.get('.color').should('have.length', 4).then(function (colors) {\n  for (var i = 0; i < colors.length; i++) {\n    cy.wrap(colors[i]).should('be.visible');\n  }\n});",
              "err": {},
              "uuid": "14b91b9c-fcac-4c7c-b6e7-e2bb4fdf1e78",
              "parentUUID": "5b0ba46d-964a-4cae-a273-98ad27b7f016",
              "isHook": false,
              "skipped": false
            },
            {
              "title": "Verifica se a cor de fundo de cada elemento da paleta é a cor que o elemento representa. **A única cor não permitida na paleta é a cor branca.**",
              "fullTitle": "2 - Adicione à página uma paleta de quatro cores distintas. Verifica se a cor de fundo de cada elemento da paleta é a cor que o elemento representa. **A única cor não permitida na paleta é a cor branca.**",
              "timedOut": null,
              "duration": 518,
              "state": "passed",
              "speed": "slow",
              "pass": true,
              "fail": false,
              "pending": false,
              "context": null,
              "code": "cy.get('.color').each(function (color) {\n  cy.wrap(color).should('have.class', 'color').and('not.have.css', 'background-color', WHITE);\n  cy.wrap(color).should('have.css', 'background-color');\n});",
              "err": {},
              "uuid": "badb9aa1-7c9a-4384-aa4f-4d62b15fcf5d",
              "parentUUID": "5b0ba46d-964a-4cae-a273-98ad27b7f016",
              "isHook": false,
              "skipped": false
            },
            {
              "title": "Verifica se cada elemento da paleta de cores tem uma borda preta, sólida e com 1 pixel de largura;",
              "fullTitle": "2 - Adicione à página uma paleta de quatro cores distintas. Verifica se cada elemento da paleta de cores tem uma borda preta, sólida e com 1 pixel de largura;",
              "timedOut": null,
              "duration": 265,
              "state": "passed",
              "speed": "slow",
              "pass": true,
              "fail": false,
              "pending": false,
              "context": null,
              "code": "cy.get('.color').each(function (color) {\n  cy.wrap(color).and('have.css', 'border', \"1px solid \".concat(BLACK)).and('have.class', 'color');\n});",
              "err": {},
              "uuid": "4b6970aa-7ed8-44d7-bb89-2f65359eb7ac",
              "parentUUID": "5b0ba46d-964a-4cae-a273-98ad27b7f016",
              "isHook": false,
              "skipped": false
            },
            {
              "title": "Verifica se a paleta lista todas as cores disponíveis para utilização, lado a lado.",
              "fullTitle": "2 - Adicione à página uma paleta de quatro cores distintas. Verifica se a paleta lista todas as cores disponíveis para utilização, lado a lado.",
              "timedOut": null,
              "duration": 311,
              "state": "passed",
              "speed": "slow",
              "pass": true,
              "fail": false,
              "pending": false,
              "context": null,
              "code": "cy.get('.color').then(function (colors) {\n  for (var index = 1; index < colors.length; index += 1) {\n    var currentColor = colors[index];\n    var previousColor = colors[index - 1];\n    cy.wrap(currentColor).should('be.onTheRightOf', previousColor).and('be.horizontallyAlignedWith', previousColor);\n  }\n});",
              "err": {},
              "uuid": "54ec520b-11de-4a9b-9067-7defa1ba2cd0",
              "parentUUID": "5b0ba46d-964a-4cae-a273-98ad27b7f016",
              "isHook": false,
              "skipped": false
            },
            {
              "title": "Verifica se a paleta de cores está posicionada abaixo do título 'Paleta de Cores'",
              "fullTitle": "2 - Adicione à página uma paleta de quatro cores distintas. Verifica se a paleta de cores está posicionada abaixo do título 'Paleta de Cores'",
              "timedOut": null,
              "duration": 194,
              "state": "passed",
              "speed": "slow",
              "pass": true,
              "fail": false,
              "pending": false,
              "context": null,
              "code": "cy.get('h1#title').then(function (title) {\n  cy.get('#color-palette').should('be.belowOf', title);\n});",
              "err": {},
              "uuid": "06380d36-fa79-40a9-bbb2-3e07a5c1c23a",
              "parentUUID": "5b0ba46d-964a-4cae-a273-98ad27b7f016",
              "isHook": false,
              "skipped": false
            },
            {
              "title": "Verifica se a paleta de cores não contém cores repetidas.",
              "fullTitle": "2 - Adicione à página uma paleta de quatro cores distintas. Verifica se a paleta de cores não contém cores repetidas.",
              "timedOut": null,
              "duration": 248,
              "state": "passed",
              "speed": "slow",
              "pass": true,
              "fail": false,
              "pending": false,
              "context": null,
              "code": "cy.get('.color').then(function (colors) {\n  var allColors = Array.from(colors).map(function (color) {\n    return Cypress.$(color).css('background-color');\n  });\n  cy.log(allColors);\n  var uniqColors = (0, _toConsumableArray2[\"default\"])(new Set(allColors));\n  cy.log(uniqColors);\n  expect(allColors.length).to.eq(uniqColors.length);\n});",
              "err": {},
              "uuid": "f0bf725e-1e16-4a0d-873c-b22c6f46620a",
              "parentUUID": "5b0ba46d-964a-4cae-a273-98ad27b7f016",
              "isHook": false,
              "skipped": false
            }
          ],
          "suites": [],
          "passes": [
            "3b66dc1e-dd86-468b-8ffb-9c1795a11523",
            "14b91b9c-fcac-4c7c-b6e7-e2bb4fdf1e78",
            "badb9aa1-7c9a-4384-aa4f-4d62b15fcf5d",
            "4b6970aa-7ed8-44d7-bb89-2f65359eb7ac",
            "54ec520b-11de-4a9b-9067-7defa1ba2cd0",
            "06380d36-fa79-40a9-bbb2-3e07a5c1c23a",
            "f0bf725e-1e16-4a0d-873c-b22c6f46620a"
          ],
          "failures": [],
          "pending": [],
          "skipped": [],
          "duration": 2329,
          "root": false,
          "rootEmpty": false,
          "_timeout": 2000
        },
        {
          "uuid": "960c1787-c4fe-4e76-910d-3273cf51c86e",
          "title": "3 - Adicione a cor **preta** como a primeira cor da paleta de cores.",
          "fullFile": "",
          "file": "",
          "beforeHooks": [],
          "afterHooks": [],
          "tests": [
            {
              "title": "Verifica se a primeira cor da paleta é preta",
              "fullTitle": "3 - Adicione a cor **preta** como a primeira cor da paleta de cores. Verifica se a primeira cor da paleta é preta",
              "timedOut": null,
              "duration": 202,
              "state": "passed",
              "speed": "slow",
              "pass": true,
              "fail": false,
              "pending": false,
              "context": null,
              "code": "cy.get('.color').first().should('have.css', 'background-color', BLACK);",
              "err": {},
              "uuid": "fb9a79cd-03a5-4f74-88f2-0f4b51612a03",
              "parentUUID": "960c1787-c4fe-4e76-910d-3273cf51c86e",
              "isHook": false,
              "skipped": false
            },
            {
              "title": "Verifica se as demais cores podem ser escolhidas livremente.",
              "fullTitle": "3 - Adicione a cor **preta** como a primeira cor da paleta de cores. Verifica se as demais cores podem ser escolhidas livremente.",
              "timedOut": null,
              "duration": 462,
              "state": "passed",
              "speed": "slow",
              "pass": true,
              "fail": false,
              "pending": false,
              "context": null,
              "code": "cy.get('.color').eq(1).should('not.have.css', 'background-color', BLACK);\ncy.get('.color').eq(1).should('not.have.css', 'background-color', WHITE);\ncy.get('.color').eq(1).should('not.have.css', 'background-color', 'rgba(0, 0, 0, 0)');\ncy.get('.color').eq(1).should('have.css', 'background-color');\ncy.get('.color').eq(2).should('not.have.css', 'background-color', BLACK);\ncy.get('.color').eq(2).should('not.have.css', 'background-color', WHITE);\ncy.get('.color').eq(2).should('not.have.css', 'background-color', 'rgba(0, 0, 0, 0)');\ncy.get('.color').eq(2).should('have.css', 'background-color');\ncy.get('.color').eq(3).should('not.have.css', 'background-color', BLACK);\ncy.get('.color').eq(3).should('not.have.css', 'background-color', WHITE);\ncy.get('.color').eq(3).should('not.have.css', 'background-color', 'rgba(0, 0, 0, 0)');\ncy.get('.color').eq(3).should('have.css', 'background-color');",
              "err": {},
              "uuid": "dc07aae4-e854-46c3-8f79-dce7c9ca3d92",
              "parentUUID": "960c1787-c4fe-4e76-910d-3273cf51c86e",
              "isHook": false,
              "skipped": false
            }
          ],
          "suites": [],
          "passes": [
            "fb9a79cd-03a5-4f74-88f2-0f4b51612a03",
            "dc07aae4-e854-46c3-8f79-dce7c9ca3d92"
          ],
          "failures": [],
          "pending": [],
          "skipped": [],
          "duration": 664,
          "root": false,
          "rootEmpty": false,
          "_timeout": 2000
        },
        {
          "uuid": "08eafb07-c53f-40c5-82a9-4075afcc2847",
          "title": "4 - Adicione à página um quadro de pixels, com 25 pixels.",
          "fullFile": "",
          "file": "",
          "beforeHooks": [],
          "afterHooks": [],
          "tests": [
            {
              "title": "Verifica se o quadro de pixels possui o `id` denominado `pixel-board`",
              "fullTitle": "4 - Adicione à página um quadro de pixels, com 25 pixels. Verifica se o quadro de pixels possui o `id` denominado `pixel-board`",
              "timedOut": null,
              "duration": 361,
              "state": "passed",
              "speed": "slow",
              "pass": true,
              "fail": false,
              "pending": false,
              "context": null,
              "code": "cy.get('#pixel-board').should('be.visible');",
              "err": {},
              "uuid": "7d590777-c925-48e1-8199-8016c6e3f024",
              "parentUUID": "08eafb07-c53f-40c5-82a9-4075afcc2847",
              "isHook": false,
              "skipped": false
            },
            {
              "title": "Verifica se cada pixel individual dentro do quadro possui a `classe` denominada `pixel`.",
              "fullTitle": "4 - Adicione à página um quadro de pixels, com 25 pixels. Verifica se cada pixel individual dentro do quadro possui a `classe` denominada `pixel`.",
              "timedOut": null,
              "duration": 295,
              "state": "passed",
              "speed": "slow",
              "pass": true,
              "fail": false,
              "pending": false,
              "context": null,
              "code": "cy.get('.pixel').should('have.length', 25);",
              "err": {},
              "uuid": "60c4cbed-c6fe-437b-b11d-805a8499069d",
              "parentUUID": "08eafb07-c53f-40c5-82a9-4075afcc2847",
              "isHook": false,
              "skipped": false
            },
            {
              "title": "Verifica se a cor inicial dos pixels dentro do quadro, ao abrir a página, é branca.",
              "fullTitle": "4 - Adicione à página um quadro de pixels, com 25 pixels. Verifica se a cor inicial dos pixels dentro do quadro, ao abrir a página, é branca.",
              "timedOut": null,
              "duration": 382,
              "state": "passed",
              "speed": "slow",
              "pass": true,
              "fail": false,
              "pending": false,
              "context": null,
              "code": "cy.get('.pixel').should('have.length', 25).each(function (pixel) {\n  expect(pixel).to.have.css('background-color', WHITE);\n});",
              "err": {},
              "uuid": "020760b3-3bef-4195-b832-b9f8a12358a1",
              "parentUUID": "08eafb07-c53f-40c5-82a9-4075afcc2847",
              "isHook": false,
              "skipped": false
            },
            {
              "title": "Verifica se o quadro de pixels aparece abaixo da paleta de cores",
              "fullTitle": "4 - Adicione à página um quadro de pixels, com 25 pixels. Verifica se o quadro de pixels aparece abaixo da paleta de cores",
              "timedOut": null,
              "duration": 267,
              "state": "passed",
              "speed": "slow",
              "pass": true,
              "fail": false,
              "pending": false,
              "context": null,
              "code": "cy.get('#color-palette').then(function (palette) {\n  cy.get('#pixel-board').should('be.belowOf', palette);\n});",
              "err": {},
              "uuid": "6d3d43ca-68c2-4668-a0c5-29138b86a8dd",
              "parentUUID": "08eafb07-c53f-40c5-82a9-4075afcc2847",
              "isHook": false,
              "skipped": false
            }
          ],
          "suites": [],
          "passes": [
            "7d590777-c925-48e1-8199-8016c6e3f024",
            "60c4cbed-c6fe-437b-b11d-805a8499069d",
            "020760b3-3bef-4195-b832-b9f8a12358a1",
            "6d3d43ca-68c2-4668-a0c5-29138b86a8dd"
          ],
          "failures": [],
          "pending": [],
          "skipped": [],
          "duration": 1305,
          "root": false,
          "rootEmpty": false,
          "_timeout": 2000
        },
        {
          "uuid": "daf1897d-a588-473c-969c-722514c3edd8",
          "title": "5 - Faça com que cada elemento do quadro de pixels possua 40 pixels de largura, 40 pixels de altura e seja delimitado por uma borda preta de 1 pixel.",
          "fullFile": "",
          "file": "",
          "beforeHooks": [],
          "afterHooks": [],
          "tests": [
            {
              "title": "Verifica se o quadro de pixels tem altura e comprimento de 5 elementos",
              "fullTitle": "5 - Faça com que cada elemento do quadro de pixels possua 40 pixels de largura, 40 pixels de altura e seja delimitado por uma borda preta de 1 pixel. Verifica se o quadro de pixels tem altura e comprimento de 5 elementos",
              "timedOut": null,
              "duration": 771,
              "state": "passed",
              "speed": "slow",
              "pass": true,
              "fail": false,
              "pending": false,
              "context": null,
              "code": "cy.get('.pixel').should('have.length', 25).each(function (pixel) {\n  expect(pixel).to.have.css('background-color', WHITE);\n}).and(function (pixels) {\n  var rows = chunk(pixels, 5);\n  rows.forEach(function (row) {\n    for (var index = 1; index < row.length; index += 1) {\n      var current = pixels[index];\n      var previous = pixels[index - 1];\n      cy.wrap(current).should('be.onTheRightOf', previous).and('be.horizontallyAlignedWith', previous);\n    }\n  });\n  for (var index = 1; index < 5; index += 1) {\n    expect(pixels[index * 5]).to.be.belowOf(pixels[(index - 1) * 5]);\n  }\n});",
              "err": {},
              "uuid": "4d9f02c4-fbd4-4904-90c0-e6a2a8ef1de2",
              "parentUUID": "daf1897d-a588-473c-969c-722514c3edd8",
              "isHook": false,
              "skipped": false
            },
            {
              "title": "Verifica se 40 pixels é o tamanho total do elemento, incluindo seu conteúdo e excluindo a borda preta, que deve ser criada à parte.",
              "fullTitle": "5 - Faça com que cada elemento do quadro de pixels possua 40 pixels de largura, 40 pixels de altura e seja delimitado por uma borda preta de 1 pixel. Verifica se 40 pixels é o tamanho total do elemento, incluindo seu conteúdo e excluindo a borda preta, que deve ser criada à parte.",
              "timedOut": null,
              "duration": 853,
              "state": "passed",
              "speed": "slow",
              "pass": true,
              "fail": false,
              "pending": false,
              "context": null,
              "code": "cy.get('.pixel').each(function (pixel) {\n  cy.wrap(pixel).should('have.css', 'height', '40px').and('have.css', 'width', '40px').and('have.css', 'border', \"1px solid \".concat(BLACK));\n});",
              "err": {},
              "uuid": "60c8d49b-0e81-42b6-82ec-3e7fdbe6fcbb",
              "parentUUID": "daf1897d-a588-473c-969c-722514c3edd8",
              "isHook": false,
              "skipped": false
            }
          ],
          "suites": [],
          "passes": [
            "4d9f02c4-fbd4-4904-90c0-e6a2a8ef1de2",
            "60c8d49b-0e81-42b6-82ec-3e7fdbe6fcbb"
          ],
          "failures": [],
          "pending": [],
          "skipped": [],
          "duration": 1624,
          "root": false,
          "rootEmpty": false,
          "_timeout": 2000
        },
        {
          "uuid": "fe9eeec4-4c20-472f-9ec5-b8839acbd5fe",
          "title": "6 - Defina a cor preta como cor inicial. Ao carregar a página a cor preta já deve estar selecionada para pintar os pixels",
          "fullFile": "",
          "file": "",
          "beforeHooks": [],
          "afterHooks": [],
          "tests": [
            {
              "title": "Verifica se o elemento da cor preta possui, inicialmente, a `classe` `selected`",
              "fullTitle": "6 - Defina a cor preta como cor inicial. Ao carregar a página a cor preta já deve estar selecionada para pintar os pixels Verifica se o elemento da cor preta possui, inicialmente, a `classe` `selected`",
              "timedOut": null,
              "duration": 358,
              "state": "passed",
              "speed": "slow",
              "pass": true,
              "fail": false,
              "pending": false,
              "context": null,
              "code": "cy.get('.selected').first().should('have.css', 'background-color', BLACK);",
              "err": {},
              "uuid": "58834b04-98d5-4880-945e-d5be6c7a69fc",
              "parentUUID": "fe9eeec4-4c20-472f-9ec5-b8839acbd5fe",
              "isHook": false,
              "skipped": false
            },
            {
              "title": "Verifica se nenhuma outra cor da paleta tem a `classe` `selected`",
              "fullTitle": "6 - Defina a cor preta como cor inicial. Ao carregar a página a cor preta já deve estar selecionada para pintar os pixels Verifica se nenhuma outra cor da paleta tem a `classe` `selected`",
              "timedOut": null,
              "duration": 211,
              "state": "passed",
              "speed": "slow",
              "pass": true,
              "fail": false,
              "pending": false,
              "context": null,
              "code": "cy.get('.color:not(:first-child)').each(function (color) {\n  cy.wrap(color).should('not.have.class', 'selected');\n});",
              "err": {},
              "uuid": "8b95004b-c36f-43ac-b1a8-31be4c836fd0",
              "parentUUID": "fe9eeec4-4c20-472f-9ec5-b8839acbd5fe",
              "isHook": false,
              "skipped": false
            }
          ],
          "suites": [],
          "passes": [
            "58834b04-98d5-4880-945e-d5be6c7a69fc",
            "8b95004b-c36f-43ac-b1a8-31be4c836fd0"
          ],
          "failures": [],
          "pending": [],
          "skipped": [],
          "duration": 569,
          "root": false,
          "rootEmpty": false,
          "_timeout": 2000
        },
        {
          "uuid": "ae6aa6e0-1d56-49ad-9c00-94866542de70",
          "title": "7 - Clicar em uma das cores da paleta, faz com que ela seja selecionada e utilizada para preencher os pixels no quadro.",
          "fullFile": "",
          "file": "",
          "beforeHooks": [],
          "afterHooks": [],
          "tests": [
            {
              "title": "Verifica se somente uma cor da paleta de cores tem a classe `selected` de cada vez",
              "fullTitle": "7 - Clicar em uma das cores da paleta, faz com que ela seja selecionada e utilizada para preencher os pixels no quadro. Verifica se somente uma cor da paleta de cores tem a classe `selected` de cada vez",
              "timedOut": null,
              "duration": 879,
              "state": "passed",
              "speed": "slow",
              "pass": true,
              "fail": false,
              "pending": false,
              "context": null,
              "code": "cy.get('.color').each(function (selectedColor, selectedColorIndex) {\n  cy.wrap(selectedColor).click();\n  cy.get('.color').each(function (color, colorIndex) {\n    if (colorIndex === selectedColorIndex) {\n      expect(color).to.have[\"class\"]('selected');\n    } else {\n      expect(color).not.to.have[\"class\"]('selected');\n    }\n  });\n});",
              "err": {},
              "uuid": "f82200b7-4096-49bf-bd1c-b1ac498a7d64",
              "parentUUID": "ae6aa6e0-1d56-49ad-9c00-94866542de70",
              "isHook": false,
              "skipped": false
            },
            {
              "title": "Verifica se os pixels dentro do quadro não têm a classe `selected` quando são clicados",
              "fullTitle": "7 - Clicar em uma das cores da paleta, faz com que ela seja selecionada e utilizada para preencher os pixels no quadro. Verifica se os pixels dentro do quadro não têm a classe `selected` quando são clicados",
              "timedOut": null,
              "duration": 9388,
              "state": "passed",
              "speed": "slow",
              "pass": true,
              "fail": false,
              "pending": false,
              "context": null,
              "code": "cy.get('.color').each(function (color) {\n  var backgroundColor = color.css('background-color');\n  cy.wrap(color).click();\n  cy.get('.pixel').each(function (pixel) {\n    cy.wrap(pixel).click().should('not.have.class', 'selected');\n  });\n});",
              "err": {},
              "uuid": "fa733368-a948-46ef-8de5-747578b6e04b",
              "parentUUID": "ae6aa6e0-1d56-49ad-9c00-94866542de70",
              "isHook": false,
              "skipped": false
            }
          ],
          "suites": [],
          "passes": [
            "f82200b7-4096-49bf-bd1c-b1ac498a7d64",
            "fa733368-a948-46ef-8de5-747578b6e04b"
          ],
          "failures": [],
          "pending": [],
          "skipped": [],
          "duration": 10267,
          "root": false,
          "rootEmpty": false,
          "_timeout": 2000
        },
        {
          "uuid": "6ea20796-5e88-4758-b7f1-04116c748931",
          "title": "8 - Clicar em um pixel dentro do quadro após selecionar uma cor na paleta, faz com que o pixel seja preenchido com a cor selecionada.",
          "fullFile": "",
          "file": "",
          "beforeHooks": [],
          "afterHooks": [],
          "tests": [
            {
              "title": "Verifica se ao carregar a página deve ser possível pintar os pixels de preto",
              "fullTitle": "8 - Clicar em um pixel dentro do quadro após selecionar uma cor na paleta, faz com que o pixel seja preenchido com a cor selecionada. Verifica se ao carregar a página deve ser possível pintar os pixels de preto",
              "timedOut": null,
              "duration": 2500,
              "state": "passed",
              "speed": "slow",
              "pass": true,
              "fail": false,
              "pending": false,
              "context": null,
              "code": "cy.get('.pixel').each(function (pixel) {\n  cy.wrap(pixel).click().should('have.css', 'background-color', BLACK);\n});",
              "err": {},
              "uuid": "d95aab6a-a2c9-43fd-9695-8c538fd75d82",
              "parentUUID": "6ea20796-5e88-4758-b7f1-04116c748931",
              "isHook": false,
              "skipped": false
            },
            {
              "title": "Verifica se após selecionar uma outra cor na paleta, é possível pintar os pixels com essa cor",
              "fullTitle": "8 - Clicar em um pixel dentro do quadro após selecionar uma cor na paleta, faz com que o pixel seja preenchido com a cor selecionada. Verifica se após selecionar uma outra cor na paleta, é possível pintar os pixels com essa cor",
              "timedOut": null,
              "duration": 9100,
              "state": "passed",
              "speed": "slow",
              "pass": true,
              "fail": false,
              "pending": false,
              "context": null,
              "code": "cy.get('.color').each(function (color) {\n  var backgroundColor = color.css('background-color');\n  cy.wrap(color).click();\n  cy.get('.pixel').each(function (pixel) {\n    cy.wrap(pixel).click().should('have.css', 'background-color', backgroundColor);\n  });\n});",
              "err": {},
              "uuid": "fc929826-6742-4f7f-be78-4701fef85558",
              "parentUUID": "6ea20796-5e88-4758-b7f1-04116c748931",
              "isHook": false,
              "skipped": false
            },
            {
              "title": "Verifica se somente o pixel que foi clicado foi preenchido com a cor selecionada, sem influenciar na cor dos demais pixels.",
              "fullTitle": "8 - Clicar em um pixel dentro do quadro após selecionar uma cor na paleta, faz com que o pixel seja preenchido com a cor selecionada. Verifica se somente o pixel que foi clicado foi preenchido com a cor selecionada, sem influenciar na cor dos demais pixels.",
              "timedOut": null,
              "duration": 1925,
              "state": "passed",
              "speed": "slow",
              "pass": true,
              "fail": false,
              "pending": false,
              "context": null,
              "code": "var colorToPixelIndexMap = {\n  0: 6,\n  1: 8,\n  2: 16,\n  3: 18\n};\ncy.get('.color').each(function (color, index) {\n  cy.wrap(color).click();\n  var backgroundColor = color.css('background-color');\n  var clickedPixelIndex = colorToPixelIndexMap[index];\n  cy.get('.pixel').eq(clickedPixelIndex).click();\n  cy.get('.pixel').eq(clickedPixelIndex - 1).should('not.have.css', 'background-color', backgroundColor);\n  cy.get('.pixel').eq(clickedPixelIndex + 1).should('not.have.css', 'background-color', backgroundColor);\n  cy.get('.pixel').eq(clickedPixelIndex - 5).should('not.have.css', 'background-color', backgroundColor);\n  cy.get('.pixel').eq(clickedPixelIndex + 5).should('not.have.css', 'background-color', backgroundColor);\n  cy.get('.pixel').eq(clickedPixelIndex - 6).should('not.have.css', 'background-color', backgroundColor);\n  cy.get('.pixel').eq(clickedPixelIndex - 4).should('not.have.css', 'background-color', backgroundColor);\n  cy.get('.pixel').eq(clickedPixelIndex + 4).should('not.have.css', 'background-color', backgroundColor);\n  cy.get('.pixel').eq(clickedPixelIndex + 6).should('not.have.css', 'background-color', backgroundColor);\n});",
              "err": {},
              "uuid": "3105b6c3-1ad5-40c3-b68c-cd08ad205b69",
              "parentUUID": "6ea20796-5e88-4758-b7f1-04116c748931",
              "isHook": false,
              "skipped": false
            }
          ],
          "suites": [],
          "passes": [
            "d95aab6a-a2c9-43fd-9695-8c538fd75d82",
            "fc929826-6742-4f7f-be78-4701fef85558",
            "3105b6c3-1ad5-40c3-b68c-cd08ad205b69"
          ],
          "failures": [],
          "pending": [],
          "skipped": [],
          "duration": 13525,
          "root": false,
          "rootEmpty": false,
          "_timeout": 2000
        },
        {
          "uuid": "1228292e-7bb5-40b9-bbd6-349441b93658",
          "title": "9 - Crie um botão que, ao ser clicado, limpa o quadro preenchendo a cor de todos seus pixels com branco.",
          "fullFile": "",
          "file": "",
          "beforeHooks": [],
          "afterHooks": [],
          "tests": [
            {
              "title": "Verifica se o botão tem o `id` denominado `clear-board`",
              "fullTitle": "9 - Crie um botão que, ao ser clicado, limpa o quadro preenchendo a cor de todos seus pixels com branco. Verifica se o botão tem o `id` denominado `clear-board`",
              "timedOut": null,
              "duration": 4732,
              "state": "failed",
              "speed": null,
              "pass": false,
              "fail": true,
              "pending": false,
              "context": null,
              "code": "cy.get('#clear-board').should('be.visible');",
              "err": {
                "message": "CypressError: Timed out retrying: Expected to find element: '#clear-board', but never found it.",
                "estack": "CypressError: Timed out retrying: Expected to find element: '#clear-board', but never found it.\n    at cypressErr (http://localhost:59875/__cypress/runner/cypress_runner.js:149934:9)\n    at throwErr (http://localhost:59875/__cypress/runner/cypress_runner.js:149867:11)\n    at Object.throwErrByPath (http://localhost:59875/__cypress/runner/cypress_runner.js:149915:3)\n    at retry (http://localhost:59875/__cypress/runner/cypress_runner.js:144197:19)\n    at onFailFn (http://localhost:59875/__cypress/runner/cypress_runner.js:132448:16)\n    at tryCatcher (http://localhost:59875/__cypress/runner/cypress_runner.js:167415:23)\n    at Promise._settlePromiseFromHandler (http://localhost:59875/__cypress/runner/cypress_runner.js:165351:31)\n    at Promise._settlePromise (http://localhost:59875/__cypress/runner/cypress_runner.js:165408:18)\n    at Promise._settlePromise0 (http://localhost:59875/__cypress/runner/cypress_runner.js:165453:10)\n    at Promise._settlePromises (http://localhost:59875/__cypress/runner/cypress_runner.js:165528:18)\n    at Async../node_modules/bluebird/js/release/async.js.Async._drainQueue (http://localhost:59875/__cypress/runner/cypress_runner.js:162140:16)\n    at Async../node_modules/bluebird/js/release/async.js.Async._drainQueues (http://localhost:59875/__cypress/runner/cypress_runner.js:162150:10)\n    at Async.drainQueues (http://localhost:59875/__cypress/runner/cypress_runner.js:162024:14)",
                "diff": null
              },
              "uuid": "26104287-aa54-4c50-982f-f864b9132fcb",
              "parentUUID": "1228292e-7bb5-40b9-bbd6-349441b93658",
              "isHook": false,
              "skipped": false
            },
            {
              "title": "Verifica se o botão está posicionado entre a paleta de cores e o quadro de pixels",
              "fullTitle": "9 - Crie um botão que, ao ser clicado, limpa o quadro preenchendo a cor de todos seus pixels com branco. Verifica se o botão está posicionado entre a paleta de cores e o quadro de pixels",
              "timedOut": null,
              "duration": 4847,
              "state": "failed",
              "speed": null,
              "pass": false,
              "fail": true,
              "pending": false,
              "context": null,
              "code": "cy.get('#color-palette').then(function (palette) {\n  cy.get('#clear-board').should('be.belowOf', palette);\n});\ncy.get('#clear-board').then(function (clearBtn) {\n  cy.get('#pixel-board').should('be.belowOf', clearBtn);\n});",
              "err": {
                "message": "CypressError: Timed out retrying: Expected to find element: '#clear-board', but never found it.",
                "estack": "CypressError: Timed out retrying: Expected to find element: '#clear-board', but never found it.\n    at cypressErr (http://localhost:59875/__cypress/runner/cypress_runner.js:149934:9)\n    at throwErr (http://localhost:59875/__cypress/runner/cypress_runner.js:149867:11)\n    at Object.throwErrByPath (http://localhost:59875/__cypress/runner/cypress_runner.js:149915:3)\n    at retry (http://localhost:59875/__cypress/runner/cypress_runner.js:144197:19)\n    at onFailFn (http://localhost:59875/__cypress/runner/cypress_runner.js:132448:16)\n    at tryCatcher (http://localhost:59875/__cypress/runner/cypress_runner.js:167415:23)\n    at Promise._settlePromiseFromHandler (http://localhost:59875/__cypress/runner/cypress_runner.js:165351:31)\n    at Promise._settlePromise (http://localhost:59875/__cypress/runner/cypress_runner.js:165408:18)\n    at Promise._settlePromise0 (http://localhost:59875/__cypress/runner/cypress_runner.js:165453:10)\n    at Promise._settlePromises (http://localhost:59875/__cypress/runner/cypress_runner.js:165528:18)\n    at Async../node_modules/bluebird/js/release/async.js.Async._drainQueue (http://localhost:59875/__cypress/runner/cypress_runner.js:162140:16)\n    at Async../node_modules/bluebird/js/release/async.js.Async._drainQueues (http://localhost:59875/__cypress/runner/cypress_runner.js:162150:10)\n    at Async.drainQueues (http://localhost:59875/__cypress/runner/cypress_runner.js:162024:14)",
                "diff": null
              },
              "uuid": "7e6adcc3-b41f-4de6-8467-489258c4a545",
              "parentUUID": "1228292e-7bb5-40b9-bbd6-349441b93658",
              "isHook": false,
              "skipped": false
            },
            {
              "title": "Verifica se o texto do botão é 'Limpar'",
              "fullTitle": "9 - Crie um botão que, ao ser clicado, limpa o quadro preenchendo a cor de todos seus pixels com branco. Verifica se o texto do botão é 'Limpar'",
              "timedOut": null,
              "duration": 4837,
              "state": "failed",
              "speed": null,
              "pass": false,
              "fail": true,
              "pending": false,
              "context": null,
              "code": "cy.get('#clear-board').should('contain.text', 'Limpar');",
              "err": {
                "message": "CypressError: Timed out retrying: Expected to find element: '#clear-board', but never found it.",
                "estack": "CypressError: Timed out retrying: Expected to find element: '#clear-board', but never found it.\n    at cypressErr (http://localhost:59875/__cypress/runner/cypress_runner.js:149934:9)\n    at throwErr (http://localhost:59875/__cypress/runner/cypress_runner.js:149867:11)\n    at Object.throwErrByPath (http://localhost:59875/__cypress/runner/cypress_runner.js:149915:3)\n    at retry (http://localhost:59875/__cypress/runner/cypress_runner.js:144197:19)\n    at onFailFn (http://localhost:59875/__cypress/runner/cypress_runner.js:132448:16)\n    at tryCatcher (http://localhost:59875/__cypress/runner/cypress_runner.js:167415:23)\n    at Promise._settlePromiseFromHandler (http://localhost:59875/__cypress/runner/cypress_runner.js:165351:31)\n    at Promise._settlePromise (http://localhost:59875/__cypress/runner/cypress_runner.js:165408:18)\n    at Promise._settlePromise0 (http://localhost:59875/__cypress/runner/cypress_runner.js:165453:10)\n    at Promise._settlePromises (http://localhost:59875/__cypress/runner/cypress_runner.js:165528:18)\n    at Async../node_modules/bluebird/js/release/async.js.Async._drainQueue (http://localhost:59875/__cypress/runner/cypress_runner.js:162140:16)\n    at Async../node_modules/bluebird/js/release/async.js.Async._drainQueues (http://localhost:59875/__cypress/runner/cypress_runner.js:162150:10)\n    at Async.drainQueues (http://localhost:59875/__cypress/runner/cypress_runner.js:162024:14)",
                "diff": null
              },
              "uuid": "ddf3853a-6f2a-489d-969d-fd7d341fa1cd",
              "parentUUID": "1228292e-7bb5-40b9-bbd6-349441b93658",
              "isHook": false,
              "skipped": false
            },
            {
              "title": "Verifica se ao clicar no botão, o quadro de pixels é totalmente preenchido de branco",
              "fullTitle": "9 - Crie um botão que, ao ser clicado, limpa o quadro preenchendo a cor de todos seus pixels com branco. Verifica se ao clicar no botão, o quadro de pixels é totalmente preenchido de branco",
              "timedOut": null,
              "duration": 6973,
              "state": "failed",
              "speed": null,
              "pass": false,
              "fail": true,
              "pending": false,
              "context": null,
              "code": "cy.get('.color').eq(1).then(function (color) {\n  var backgroundColor = color.css('background-color');\n  cy.wrap(color).click();\n  cy.get('.pixel').each(function (pixel) {\n    cy.wrap(pixel).click().should('have.css', 'background-color', backgroundColor);\n  });\n});\ncy.get('#clear-board').click();\ncy.get('.pixel').each(function (pixel) {\n  cy.wrap(pixel).should('have.css', 'background-color', WHITE);\n});",
              "err": {
                "message": "CypressError: Timed out retrying: Expected to find element: '#clear-board', but never found it.",
                "estack": "CypressError: Timed out retrying: Expected to find element: '#clear-board', but never found it.\n    at cypressErr (http://localhost:59875/__cypress/runner/cypress_runner.js:149934:9)\n    at throwErr (http://localhost:59875/__cypress/runner/cypress_runner.js:149867:11)\n    at Object.throwErrByPath (http://localhost:59875/__cypress/runner/cypress_runner.js:149915:3)\n    at retry (http://localhost:59875/__cypress/runner/cypress_runner.js:144197:19)\n    at onFailFn (http://localhost:59875/__cypress/runner/cypress_runner.js:132448:16)\n    at tryCatcher (http://localhost:59875/__cypress/runner/cypress_runner.js:167415:23)\n    at Promise._settlePromiseFromHandler (http://localhost:59875/__cypress/runner/cypress_runner.js:165351:31)\n    at Promise._settlePromise (http://localhost:59875/__cypress/runner/cypress_runner.js:165408:18)\n    at Promise._settlePromise0 (http://localhost:59875/__cypress/runner/cypress_runner.js:165453:10)\n    at Promise._settlePromises (http://localhost:59875/__cypress/runner/cypress_runner.js:165528:18)\n    at Async../node_modules/bluebird/js/release/async.js.Async._drainQueue (http://localhost:59875/__cypress/runner/cypress_runner.js:162140:16)\n    at Async../node_modules/bluebird/js/release/async.js.Async._drainQueues (http://localhost:59875/__cypress/runner/cypress_runner.js:162150:10)\n    at Async.drainQueues (http://localhost:59875/__cypress/runner/cypress_runner.js:162024:14)",
                "diff": null
              },
              "uuid": "addea2fd-de62-4994-9be6-695f131637b9",
              "parentUUID": "1228292e-7bb5-40b9-bbd6-349441b93658",
              "isHook": false,
              "skipped": false
            }
          ],
          "suites": [],
          "passes": [],
          "failures": [
            "26104287-aa54-4c50-982f-f864b9132fcb",
            "7e6adcc3-b41f-4de6-8467-489258c4a545",
            "ddf3853a-6f2a-489d-969d-fd7d341fa1cd",
            "addea2fd-de62-4994-9be6-695f131637b9"
          ],
          "pending": [],
          "skipped": [],
          "duration": 21389,
          "root": false,
          "rootEmpty": false,
          "_timeout": 2000
        },
        {
          "uuid": "322c7271-7c3f-4038-87aa-d8159d61b518",
          "title": "10 - Faça o quadro de pixels ter seu tamanho definido pelo usuário.",
          "fullFile": "",
          "file": "",
          "beforeHooks": [],
          "afterHooks": [],
          "tests": [
            {
              "title": "Verifica se existe um input com o id `board-size`",
              "fullTitle": "10 - Faça o quadro de pixels ter seu tamanho definido pelo usuário. Verifica se existe um input com o id `board-size`",
              "timedOut": null,
              "duration": 4872,
              "state": "failed",
              "speed": null,
              "pass": false,
              "fail": true,
              "pending": false,
              "context": null,
              "code": "cy.get('#board-size').should('be.visible');",
              "err": {
                "message": "CypressError: Timed out retrying: Expected to find element: '#board-size', but never found it.",
                "estack": "CypressError: Timed out retrying: Expected to find element: '#board-size', but never found it.\n    at cypressErr (http://localhost:59875/__cypress/runner/cypress_runner.js:149934:9)\n    at throwErr (http://localhost:59875/__cypress/runner/cypress_runner.js:149867:11)\n    at Object.throwErrByPath (http://localhost:59875/__cypress/runner/cypress_runner.js:149915:3)\n    at retry (http://localhost:59875/__cypress/runner/cypress_runner.js:144197:19)\n    at onFailFn (http://localhost:59875/__cypress/runner/cypress_runner.js:132448:16)\n    at tryCatcher (http://localhost:59875/__cypress/runner/cypress_runner.js:167415:23)\n    at Promise._settlePromiseFromHandler (http://localhost:59875/__cypress/runner/cypress_runner.js:165351:31)\n    at Promise._settlePromise (http://localhost:59875/__cypress/runner/cypress_runner.js:165408:18)\n    at Promise._settlePromise0 (http://localhost:59875/__cypress/runner/cypress_runner.js:165453:10)\n    at Promise._settlePromises (http://localhost:59875/__cypress/runner/cypress_runner.js:165528:18)\n    at Async../node_modules/bluebird/js/release/async.js.Async._drainQueue (http://localhost:59875/__cypress/runner/cypress_runner.js:162140:16)\n    at Async../node_modules/bluebird/js/release/async.js.Async._drainQueues (http://localhost:59875/__cypress/runner/cypress_runner.js:162150:10)\n    at Async.drainQueues (http://localhost:59875/__cypress/runner/cypress_runner.js:162024:14)",
                "diff": null
              },
              "uuid": "1a98500c-1d29-45da-b4d1-05ec204110dd",
              "parentUUID": "322c7271-7c3f-4038-87aa-d8159d61b518",
              "isHook": false,
              "skipped": false
            },
            {
              "title": "Verifica se existe um botão com o id `generate-board`",
              "fullTitle": "10 - Faça o quadro de pixels ter seu tamanho definido pelo usuário. Verifica se existe um botão com o id `generate-board`",
              "timedOut": null,
              "duration": 4944,
              "state": "failed",
              "speed": null,
              "pass": false,
              "fail": true,
              "pending": false,
              "context": null,
              "code": "cy.get('#generate-board').should('be.visible');",
              "err": {
                "message": "CypressError: Timed out retrying: Expected to find element: '#generate-board', but never found it.",
                "estack": "CypressError: Timed out retrying: Expected to find element: '#generate-board', but never found it.\n    at cypressErr (http://localhost:59875/__cypress/runner/cypress_runner.js:149934:9)\n    at throwErr (http://localhost:59875/__cypress/runner/cypress_runner.js:149867:11)\n    at Object.throwErrByPath (http://localhost:59875/__cypress/runner/cypress_runner.js:149915:3)\n    at retry (http://localhost:59875/__cypress/runner/cypress_runner.js:144197:19)\n    at onFailFn (http://localhost:59875/__cypress/runner/cypress_runner.js:132448:16)\n    at tryCatcher (http://localhost:59875/__cypress/runner/cypress_runner.js:167415:23)\n    at Promise._settlePromiseFromHandler (http://localhost:59875/__cypress/runner/cypress_runner.js:165351:31)\n    at Promise._settlePromise (http://localhost:59875/__cypress/runner/cypress_runner.js:165408:18)\n    at Promise._settlePromise0 (http://localhost:59875/__cypress/runner/cypress_runner.js:165453:10)\n    at Promise._settlePromises (http://localhost:59875/__cypress/runner/cypress_runner.js:165528:18)\n    at Async../node_modules/bluebird/js/release/async.js.Async._drainQueue (http://localhost:59875/__cypress/runner/cypress_runner.js:162140:16)\n    at Async../node_modules/bluebird/js/release/async.js.Async._drainQueues (http://localhost:59875/__cypress/runner/cypress_runner.js:162150:10)\n    at Async.drainQueues (http://localhost:59875/__cypress/runner/cypress_runner.js:162024:14)",
                "diff": null
              },
              "uuid": "1ad8fbfc-1661-47b5-bbd0-f08b85f9b3b5",
              "parentUUID": "322c7271-7c3f-4038-87aa-d8159d61b518",
              "isHook": false,
              "skipped": false
            },
            {
              "title": "Verifica se o input só aceita número maiores que zero. Essa restrição deve ser feita usando os atributos do elemento `input`",
              "fullTitle": "10 - Faça o quadro de pixels ter seu tamanho definido pelo usuário. Verifica se o input só aceita número maiores que zero. Essa restrição deve ser feita usando os atributos do elemento `input`",
              "timedOut": null,
              "duration": 4857,
              "state": "failed",
              "speed": null,
              "pass": false,
              "fail": true,
              "pending": false,
              "context": null,
              "code": "cy.get('#board-size[type=\\'number\\'][min=\\'1\\']');",
              "err": {
                "message": "CypressError: Timed out retrying: Expected to find element: '#board-size[type='number'][min='1']', but never found it.",
                "estack": "CypressError: Timed out retrying: Expected to find element: '#board-size[type='number'][min='1']', but never found it.\n    at cypressErr (http://localhost:59875/__cypress/runner/cypress_runner.js:149934:9)\n    at throwErr (http://localhost:59875/__cypress/runner/cypress_runner.js:149867:11)\n    at Object.throwErrByPath (http://localhost:59875/__cypress/runner/cypress_runner.js:149915:3)\n    at retry (http://localhost:59875/__cypress/runner/cypress_runner.js:144197:19)\n    at onFailFn (http://localhost:59875/__cypress/runner/cypress_runner.js:132448:16)\n    at tryCatcher (http://localhost:59875/__cypress/runner/cypress_runner.js:167415:23)\n    at Promise._settlePromiseFromHandler (http://localhost:59875/__cypress/runner/cypress_runner.js:165351:31)\n    at Promise._settlePromise (http://localhost:59875/__cypress/runner/cypress_runner.js:165408:18)\n    at Promise._settlePromise0 (http://localhost:59875/__cypress/runner/cypress_runner.js:165453:10)\n    at Promise._settlePromises (http://localhost:59875/__cypress/runner/cypress_runner.js:165528:18)\n    at Async../node_modules/bluebird/js/release/async.js.Async._drainQueue (http://localhost:59875/__cypress/runner/cypress_runner.js:162140:16)\n    at Async../node_modules/bluebird/js/release/async.js.Async._drainQueues (http://localhost:59875/__cypress/runner/cypress_runner.js:162150:10)\n    at Async.drainQueues (http://localhost:59875/__cypress/runner/cypress_runner.js:162024:14)",
                "diff": null
              },
              "uuid": "d9ad4c2b-4316-4392-8024-0b072808ae4b",
              "parentUUID": "322c7271-7c3f-4038-87aa-d8159d61b518",
              "isHook": false,
              "skipped": false
            },
            {
              "title": "Verifica se o botão contém o texto 'VQV'",
              "fullTitle": "10 - Faça o quadro de pixels ter seu tamanho definido pelo usuário. Verifica se o botão contém o texto 'VQV'",
              "timedOut": null,
              "duration": 4883,
              "state": "failed",
              "speed": null,
              "pass": false,
              "fail": true,
              "pending": false,
              "context": null,
              "code": "cy.get('#generate-board').contains(/vqv/i);",
              "err": {
                "message": "CypressError: Timed out retrying: Expected to find element: '#generate-board', but never found it.",
                "estack": "CypressError: Timed out retrying: Expected to find element: '#generate-board', but never found it.\n    at cypressErr (http://localhost:59875/__cypress/runner/cypress_runner.js:149934:9)\n    at throwErr (http://localhost:59875/__cypress/runner/cypress_runner.js:149867:11)\n    at Object.throwErrByPath (http://localhost:59875/__cypress/runner/cypress_runner.js:149915:3)\n    at retry (http://localhost:59875/__cypress/runner/cypress_runner.js:144197:19)\n    at onFailFn (http://localhost:59875/__cypress/runner/cypress_runner.js:132448:16)\n    at tryCatcher (http://localhost:59875/__cypress/runner/cypress_runner.js:167415:23)\n    at Promise._settlePromiseFromHandler (http://localhost:59875/__cypress/runner/cypress_runner.js:165351:31)\n    at Promise._settlePromise (http://localhost:59875/__cypress/runner/cypress_runner.js:165408:18)\n    at Promise._settlePromise0 (http://localhost:59875/__cypress/runner/cypress_runner.js:165453:10)\n    at Promise._settlePromises (http://localhost:59875/__cypress/runner/cypress_runner.js:165528:18)\n    at Async../node_modules/bluebird/js/release/async.js.Async._drainQueue (http://localhost:59875/__cypress/runner/cypress_runner.js:162140:16)\n    at Async../node_modules/bluebird/js/release/async.js.Async._drainQueues (http://localhost:59875/__cypress/runner/cypress_runner.js:162150:10)\n    at Async.drainQueues (http://localhost:59875/__cypress/runner/cypress_runner.js:162024:14)",
                "diff": null
              },
              "uuid": "314979ba-9db7-49b3-9b6a-89dd272242e5",
              "parentUUID": "322c7271-7c3f-4038-87aa-d8159d61b518",
              "isHook": false,
              "skipped": false
            },
            {
              "title": "Verifica se o input está posicionado entre a paleta de cores e o quadro de pixels",
              "fullTitle": "10 - Faça o quadro de pixels ter seu tamanho definido pelo usuário. Verifica se o input está posicionado entre a paleta de cores e o quadro de pixels",
              "timedOut": null,
              "duration": 4955,
              "state": "failed",
              "speed": null,
              "pass": false,
              "fail": true,
              "pending": false,
              "context": null,
              "code": "cy.get('#color-palette').then(function (palette) {\n  cy.get('#board-size').should('be.belowOf', palette);\n});\ncy.get('#board-size').then(function (palette) {\n  cy.get('#pixel-board').should('be.belowOf', palette);\n});",
              "err": {
                "message": "CypressError: Timed out retrying: Expected to find element: '#board-size', but never found it.",
                "estack": "CypressError: Timed out retrying: Expected to find element: '#board-size', but never found it.\n    at cypressErr (http://localhost:59875/__cypress/runner/cypress_runner.js:149934:9)\n    at throwErr (http://localhost:59875/__cypress/runner/cypress_runner.js:149867:11)\n    at Object.throwErrByPath (http://localhost:59875/__cypress/runner/cypress_runner.js:149915:3)\n    at retry (http://localhost:59875/__cypress/runner/cypress_runner.js:144197:19)\n    at onFailFn (http://localhost:59875/__cypress/runner/cypress_runner.js:132448:16)\n    at tryCatcher (http://localhost:59875/__cypress/runner/cypress_runner.js:167415:23)\n    at Promise._settlePromiseFromHandler (http://localhost:59875/__cypress/runner/cypress_runner.js:165351:31)\n    at Promise._settlePromise (http://localhost:59875/__cypress/runner/cypress_runner.js:165408:18)\n    at Promise._settlePromise0 (http://localhost:59875/__cypress/runner/cypress_runner.js:165453:10)\n    at Promise._settlePromises (http://localhost:59875/__cypress/runner/cypress_runner.js:165528:18)\n    at Async../node_modules/bluebird/js/release/async.js.Async._drainQueue (http://localhost:59875/__cypress/runner/cypress_runner.js:162140:16)\n    at Async../node_modules/bluebird/js/release/async.js.Async._drainQueues (http://localhost:59875/__cypress/runner/cypress_runner.js:162150:10)\n    at Async.drainQueues (http://localhost:59875/__cypress/runner/cypress_runner.js:162024:14)",
                "diff": null
              },
              "uuid": "1ac8ab61-a28d-482e-8c7d-a507f2595c7e",
              "parentUUID": "322c7271-7c3f-4038-87aa-d8159d61b518",
              "isHook": false,
              "skipped": false
            },
            {
              "title": "Verifica se o botão está posicionado ao lado do input",
              "fullTitle": "10 - Faça o quadro de pixels ter seu tamanho definido pelo usuário. Verifica se o botão está posicionado ao lado do input",
              "timedOut": null,
              "duration": 4911,
              "state": "failed",
              "speed": null,
              "pass": false,
              "fail": true,
              "pending": false,
              "context": null,
              "code": "cy.get('#board-size').then(function (board) {\n  cy.get('#generate-board').should('be.onTheRightOf', board);\n});",
              "err": {
                "message": "CypressError: Timed out retrying: Expected to find element: '#board-size', but never found it.",
                "estack": "CypressError: Timed out retrying: Expected to find element: '#board-size', but never found it.\n    at cypressErr (http://localhost:59875/__cypress/runner/cypress_runner.js:149934:9)\n    at throwErr (http://localhost:59875/__cypress/runner/cypress_runner.js:149867:11)\n    at Object.throwErrByPath (http://localhost:59875/__cypress/runner/cypress_runner.js:149915:3)\n    at retry (http://localhost:59875/__cypress/runner/cypress_runner.js:144197:19)\n    at onFailFn (http://localhost:59875/__cypress/runner/cypress_runner.js:132448:16)\n    at tryCatcher (http://localhost:59875/__cypress/runner/cypress_runner.js:167415:23)\n    at Promise._settlePromiseFromHandler (http://localhost:59875/__cypress/runner/cypress_runner.js:165351:31)\n    at Promise._settlePromise (http://localhost:59875/__cypress/runner/cypress_runner.js:165408:18)\n    at Promise._settlePromise0 (http://localhost:59875/__cypress/runner/cypress_runner.js:165453:10)\n    at Promise._settlePromises (http://localhost:59875/__cypress/runner/cypress_runner.js:165528:18)\n    at Async../node_modules/bluebird/js/release/async.js.Async._drainQueue (http://localhost:59875/__cypress/runner/cypress_runner.js:162140:16)\n    at Async../node_modules/bluebird/js/release/async.js.Async._drainQueues (http://localhost:59875/__cypress/runner/cypress_runner.js:162150:10)\n    at Async.drainQueues (http://localhost:59875/__cypress/runner/cypress_runner.js:162024:14)",
                "diff": null
              },
              "uuid": "2bbdab82-840f-4116-a1ba-f2aebe47b547",
              "parentUUID": "322c7271-7c3f-4038-87aa-d8159d61b518",
              "isHook": false,
              "skipped": false
            },
            {
              "title": "Verifica se nenhum valor for colocado no input ao clicar no botão, um `alert` é exibido com o texto: 'Board inválido!'",
              "fullTitle": "10 - Faça o quadro de pixels ter seu tamanho definido pelo usuário. Verifica se nenhum valor for colocado no input ao clicar no botão, um `alert` é exibido com o texto: 'Board inválido!'",
              "timedOut": null,
              "duration": 4925,
              "state": "failed",
              "speed": null,
              "pass": false,
              "fail": true,
              "pending": false,
              "context": null,
              "code": "var alerted = false;\ncy.on('window:alert', function (msg) {\n  return alerted = msg;\n});\ncy.get('#generate-board').click().then(function () {\n  return expect(alerted).to.match(/Board inválido!/i);\n});",
              "err": {
                "message": "CypressError: Timed out retrying: Expected to find element: '#generate-board', but never found it.",
                "estack": "CypressError: Timed out retrying: Expected to find element: '#generate-board', but never found it.\n    at cypressErr (http://localhost:59875/__cypress/runner/cypress_runner.js:149934:9)\n    at throwErr (http://localhost:59875/__cypress/runner/cypress_runner.js:149867:11)\n    at Object.throwErrByPath (http://localhost:59875/__cypress/runner/cypress_runner.js:149915:3)\n    at retry (http://localhost:59875/__cypress/runner/cypress_runner.js:144197:19)\n    at onFailFn (http://localhost:59875/__cypress/runner/cypress_runner.js:132448:16)\n    at tryCatcher (http://localhost:59875/__cypress/runner/cypress_runner.js:167415:23)\n    at Promise._settlePromiseFromHandler (http://localhost:59875/__cypress/runner/cypress_runner.js:165351:31)\n    at Promise._settlePromise (http://localhost:59875/__cypress/runner/cypress_runner.js:165408:18)\n    at Promise._settlePromise0 (http://localhost:59875/__cypress/runner/cypress_runner.js:165453:10)\n    at Promise._settlePromises (http://localhost:59875/__cypress/runner/cypress_runner.js:165528:18)\n    at Async../node_modules/bluebird/js/release/async.js.Async._drainQueue (http://localhost:59875/__cypress/runner/cypress_runner.js:162140:16)\n    at Async../node_modules/bluebird/js/release/async.js.Async._drainQueues (http://localhost:59875/__cypress/runner/cypress_runner.js:162150:10)\n    at Async.drainQueues (http://localhost:59875/__cypress/runner/cypress_runner.js:162024:14)",
                "diff": null
              },
              "uuid": "d47b7e99-9723-4744-a0ea-9c60d530f2eb",
              "parentUUID": "322c7271-7c3f-4038-87aa-d8159d61b518",
              "isHook": false,
              "skipped": false
            },
            {
              "title": "Verifica se ao clicar no botão com um valor preenchido, o tamanho do board muda.",
              "fullTitle": "10 - Faça o quadro de pixels ter seu tamanho definido pelo usuário. Verifica se ao clicar no botão com um valor preenchido, o tamanho do board muda.",
              "timedOut": null,
              "duration": 4798,
              "state": "failed",
              "speed": null,
              "pass": false,
              "fail": true,
              "pending": false,
              "context": null,
              "code": "cy.get('#board-size').clear().type(10);\ncy.get('#generate-board').click();\ncy.get('.pixel').should('have.length', 100);",
              "err": {
                "message": "CypressError: Timed out retrying: Expected to find element: '#board-size', but never found it.",
                "estack": "CypressError: Timed out retrying: Expected to find element: '#board-size', but never found it.\n    at cypressErr (http://localhost:59875/__cypress/runner/cypress_runner.js:149934:9)\n    at throwErr (http://localhost:59875/__cypress/runner/cypress_runner.js:149867:11)\n    at Object.throwErrByPath (http://localhost:59875/__cypress/runner/cypress_runner.js:149915:3)\n    at retry (http://localhost:59875/__cypress/runner/cypress_runner.js:144197:19)\n    at onFailFn (http://localhost:59875/__cypress/runner/cypress_runner.js:132448:16)\n    at tryCatcher (http://localhost:59875/__cypress/runner/cypress_runner.js:167415:23)\n    at Promise._settlePromiseFromHandler (http://localhost:59875/__cypress/runner/cypress_runner.js:165351:31)\n    at Promise._settlePromise (http://localhost:59875/__cypress/runner/cypress_runner.js:165408:18)\n    at Promise._settlePromise0 (http://localhost:59875/__cypress/runner/cypress_runner.js:165453:10)\n    at Promise._settlePromises (http://localhost:59875/__cypress/runner/cypress_runner.js:165528:18)\n    at Async../node_modules/bluebird/js/release/async.js.Async._drainQueue (http://localhost:59875/__cypress/runner/cypress_runner.js:162140:16)\n    at Async../node_modules/bluebird/js/release/async.js.Async._drainQueues (http://localhost:59875/__cypress/runner/cypress_runner.js:162150:10)\n    at Async.drainQueues (http://localhost:59875/__cypress/runner/cypress_runner.js:162024:14)",
                "diff": null
              },
              "uuid": "9f3509a1-ae94-4053-a320-231d33c1ed74",
              "parentUUID": "322c7271-7c3f-4038-87aa-d8159d61b518",
              "isHook": false,
              "skipped": false
            },
            {
              "title": "Verifica se o novo quadro tem todos os pixels preenchidos com a cor branca",
              "fullTitle": "10 - Faça o quadro de pixels ter seu tamanho definido pelo usuário. Verifica se o novo quadro tem todos os pixels preenchidos com a cor branca",
              "timedOut": null,
              "duration": 4821,
              "state": "failed",
              "speed": null,
              "pass": false,
              "fail": true,
              "pending": false,
              "context": null,
              "code": "cy.get('#board-size').clear().type(6);\ncy.get('#generate-board').click();\ncy.get('.pixel').should('have.length', 36).each(function (pixel) {\n  expect(pixel).to.have.css('background-color', WHITE);\n});",
              "err": {
                "message": "CypressError: Timed out retrying: Expected to find element: '#board-size', but never found it.",
                "estack": "CypressError: Timed out retrying: Expected to find element: '#board-size', but never found it.\n    at cypressErr (http://localhost:59875/__cypress/runner/cypress_runner.js:149934:9)\n    at throwErr (http://localhost:59875/__cypress/runner/cypress_runner.js:149867:11)\n    at Object.throwErrByPath (http://localhost:59875/__cypress/runner/cypress_runner.js:149915:3)\n    at retry (http://localhost:59875/__cypress/runner/cypress_runner.js:144197:19)\n    at onFailFn (http://localhost:59875/__cypress/runner/cypress_runner.js:132448:16)\n    at tryCatcher (http://localhost:59875/__cypress/runner/cypress_runner.js:167415:23)\n    at Promise._settlePromiseFromHandler (http://localhost:59875/__cypress/runner/cypress_runner.js:165351:31)\n    at Promise._settlePromise (http://localhost:59875/__cypress/runner/cypress_runner.js:165408:18)\n    at Promise._settlePromise0 (http://localhost:59875/__cypress/runner/cypress_runner.js:165453:10)\n    at Promise._settlePromises (http://localhost:59875/__cypress/runner/cypress_runner.js:165528:18)\n    at Async../node_modules/bluebird/js/release/async.js.Async._drainQueue (http://localhost:59875/__cypress/runner/cypress_runner.js:162140:16)\n    at Async../node_modules/bluebird/js/release/async.js.Async._drainQueues (http://localhost:59875/__cypress/runner/cypress_runner.js:162150:10)\n    at Async.drainQueues (http://localhost:59875/__cypress/runner/cypress_runner.js:162024:14)",
                "diff": null
              },
              "uuid": "8df0e8a3-ec59-4bb0-86fb-bb266ca2f5a3",
              "parentUUID": "322c7271-7c3f-4038-87aa-d8159d61b518",
              "isHook": false,
              "skipped": false
            }
          ],
          "suites": [],
          "passes": [],
          "failures": [
            "1a98500c-1d29-45da-b4d1-05ec204110dd",
            "1ad8fbfc-1661-47b5-bbd0-f08b85f9b3b5",
            "d9ad4c2b-4316-4392-8024-0b072808ae4b",
            "314979ba-9db7-49b3-9b6a-89dd272242e5",
            "1ac8ab61-a28d-482e-8c7d-a507f2595c7e",
            "2bbdab82-840f-4116-a1ba-f2aebe47b547",
            "d47b7e99-9723-4744-a0ea-9c60d530f2eb",
            "9f3509a1-ae94-4053-a320-231d33c1ed74",
            "8df0e8a3-ec59-4bb0-86fb-bb266ca2f5a3"
          ],
          "pending": [],
          "skipped": [],
          "duration": 43966,
          "root": false,
          "rootEmpty": false,
          "_timeout": 2000
        },
        {
          "uuid": "25a6b2a4-5ef6-4751-9c6e-20b9261b7757",
          "title": "11 - Limite o tamanho mínimo e máximo do board.",
          "fullFile": "",
          "file": "",
          "beforeHooks": [],
          "afterHooks": [],
          "tests": [
            {
              "title": "Verifica se a altura máxima do board é 50",
              "fullTitle": "11 - Limite o tamanho mínimo e máximo do board. Verifica se a altura máxima do board é 50",
              "timedOut": null,
              "duration": 4888,
              "state": "failed",
              "speed": null,
              "pass": false,
              "fail": true,
              "pending": false,
              "context": null,
              "code": "cy.get('#board-size').clear().type(50);\ncy.get('#generate-board').click();\ncy.get('.pixel').should('have.length', 2500);",
              "err": {
                "message": "CypressError: Timed out retrying: Expected to find element: '#board-size', but never found it.",
                "estack": "CypressError: Timed out retrying: Expected to find element: '#board-size', but never found it.\n    at cypressErr (http://localhost:59875/__cypress/runner/cypress_runner.js:149934:9)\n    at throwErr (http://localhost:59875/__cypress/runner/cypress_runner.js:149867:11)\n    at Object.throwErrByPath (http://localhost:59875/__cypress/runner/cypress_runner.js:149915:3)\n    at retry (http://localhost:59875/__cypress/runner/cypress_runner.js:144197:19)\n    at onFailFn (http://localhost:59875/__cypress/runner/cypress_runner.js:132448:16)\n    at tryCatcher (http://localhost:59875/__cypress/runner/cypress_runner.js:167415:23)\n    at Promise._settlePromiseFromHandler (http://localhost:59875/__cypress/runner/cypress_runner.js:165351:31)\n    at Promise._settlePromise (http://localhost:59875/__cypress/runner/cypress_runner.js:165408:18)\n    at Promise._settlePromise0 (http://localhost:59875/__cypress/runner/cypress_runner.js:165453:10)\n    at Promise._settlePromises (http://localhost:59875/__cypress/runner/cypress_runner.js:165528:18)\n    at Async../node_modules/bluebird/js/release/async.js.Async._drainQueue (http://localhost:59875/__cypress/runner/cypress_runner.js:162140:16)\n    at Async../node_modules/bluebird/js/release/async.js.Async._drainQueues (http://localhost:59875/__cypress/runner/cypress_runner.js:162150:10)\n    at Async.drainQueues (http://localhost:59875/__cypress/runner/cypress_runner.js:162024:14)",
                "diff": null
              },
              "uuid": "c0ed83c4-ddc6-46e0-9afc-749e57e98d80",
              "parentUUID": "25a6b2a4-5ef6-4751-9c6e-20b9261b7757",
              "isHook": false,
              "skipped": false
            },
            {
              "title": "Verifica se a altura do board é 5 quando um valor menor é colocado no input",
              "fullTitle": "11 - Limite o tamanho mínimo e máximo do board. Verifica se a altura do board é 5 quando um valor menor é colocado no input",
              "timedOut": null,
              "duration": 4891,
              "state": "failed",
              "speed": null,
              "pass": false,
              "fail": true,
              "pending": false,
              "context": null,
              "code": "cy.get('#board-size').clear().type(4);\ncy.get('#generate-board').click();\ncy.get('.pixel').should('have.length', 25);",
              "err": {
                "message": "CypressError: Timed out retrying: Expected to find element: '#board-size', but never found it.",
                "estack": "CypressError: Timed out retrying: Expected to find element: '#board-size', but never found it.\n    at cypressErr (http://localhost:59875/__cypress/runner/cypress_runner.js:149934:9)\n    at throwErr (http://localhost:59875/__cypress/runner/cypress_runner.js:149867:11)\n    at Object.throwErrByPath (http://localhost:59875/__cypress/runner/cypress_runner.js:149915:3)\n    at retry (http://localhost:59875/__cypress/runner/cypress_runner.js:144197:19)\n    at onFailFn (http://localhost:59875/__cypress/runner/cypress_runner.js:132448:16)\n    at tryCatcher (http://localhost:59875/__cypress/runner/cypress_runner.js:167415:23)\n    at Promise._settlePromiseFromHandler (http://localhost:59875/__cypress/runner/cypress_runner.js:165351:31)\n    at Promise._settlePromise (http://localhost:59875/__cypress/runner/cypress_runner.js:165408:18)\n    at Promise._settlePromise0 (http://localhost:59875/__cypress/runner/cypress_runner.js:165453:10)\n    at Promise._settlePromises (http://localhost:59875/__cypress/runner/cypress_runner.js:165528:18)\n    at Async../node_modules/bluebird/js/release/async.js.Async._drainQueue (http://localhost:59875/__cypress/runner/cypress_runner.js:162140:16)\n    at Async../node_modules/bluebird/js/release/async.js.Async._drainQueues (http://localhost:59875/__cypress/runner/cypress_runner.js:162150:10)\n    at Async.drainQueues (http://localhost:59875/__cypress/runner/cypress_runner.js:162024:14)",
                "diff": null
              },
              "uuid": "0ecdda98-058f-461d-8d58-e944e6d01c45",
              "parentUUID": "25a6b2a4-5ef6-4751-9c6e-20b9261b7757",
              "isHook": false,
              "skipped": false
            },
            {
              "title": "Verifica se a altura do board é 50 quando um valor maior é colocado no input",
              "fullTitle": "11 - Limite o tamanho mínimo e máximo do board. Verifica se a altura do board é 50 quando um valor maior é colocado no input",
              "timedOut": null,
              "duration": 4962,
              "state": "failed",
              "speed": null,
              "pass": false,
              "fail": true,
              "pending": false,
              "context": null,
              "code": "cy.get('#board-size').clear().type(51);\ncy.get('#generate-board').click();\ncy.get('.pixel').should('have.length', 2500);",
              "err": {
                "message": "CypressError: Timed out retrying: Expected to find element: '#board-size', but never found it.",
                "estack": "CypressError: Timed out retrying: Expected to find element: '#board-size', but never found it.\n    at cypressErr (http://localhost:59875/__cypress/runner/cypress_runner.js:149934:9)\n    at throwErr (http://localhost:59875/__cypress/runner/cypress_runner.js:149867:11)\n    at Object.throwErrByPath (http://localhost:59875/__cypress/runner/cypress_runner.js:149915:3)\n    at retry (http://localhost:59875/__cypress/runner/cypress_runner.js:144197:19)\n    at onFailFn (http://localhost:59875/__cypress/runner/cypress_runner.js:132448:16)\n    at tryCatcher (http://localhost:59875/__cypress/runner/cypress_runner.js:167415:23)\n    at Promise._settlePromiseFromHandler (http://localhost:59875/__cypress/runner/cypress_runner.js:165351:31)\n    at Promise._settlePromise (http://localhost:59875/__cypress/runner/cypress_runner.js:165408:18)\n    at Promise._settlePromise0 (http://localhost:59875/__cypress/runner/cypress_runner.js:165453:10)\n    at Promise._settlePromises (http://localhost:59875/__cypress/runner/cypress_runner.js:165528:18)\n    at Async../node_modules/bluebird/js/release/async.js.Async._drainQueue (http://localhost:59875/__cypress/runner/cypress_runner.js:162140:16)\n    at Async../node_modules/bluebird/js/release/async.js.Async._drainQueues (http://localhost:59875/__cypress/runner/cypress_runner.js:162150:10)\n    at Async.drainQueues (http://localhost:59875/__cypress/runner/cypress_runner.js:162024:14)",
                "diff": null
              },
              "uuid": "ef6a2965-865d-489d-9270-13d7d2b56caf",
              "parentUUID": "25a6b2a4-5ef6-4751-9c6e-20b9261b7757",
              "isHook": false,
              "skipped": false
            }
          ],
          "suites": [],
          "passes": [],
          "failures": [
            "c0ed83c4-ddc6-46e0-9afc-749e57e98d80",
            "0ecdda98-058f-461d-8d58-e944e6d01c45",
            "ef6a2965-865d-489d-9270-13d7d2b56caf"
          ],
          "pending": [],
          "skipped": [],
          "duration": 14741,
          "root": false,
          "rootEmpty": false,
          "_timeout": 2000
        },
        {
          "uuid": "5769c6b7-8366-46b1-bc7e-70173a82c804",
          "title": "12 - Faça com que as cores da paleta sejam geradas aleatoriamente ao carregar a página.",
          "fullFile": "",
          "file": "",
          "beforeHooks": [],
          "afterHooks": [],
          "tests": [
            {
              "title": "Verifica se as cores geradas na paleta são diferentes a cada carregamento da página",
              "fullTitle": "12 - Faça com que as cores da paleta sejam geradas aleatoriamente ao carregar a página. Verifica se as cores geradas na paleta são diferentes a cada carregamento da página",
              "timedOut": null,
              "duration": 1032,
              "state": "failed",
              "speed": null,
              "pass": false,
              "fail": true,
              "pending": false,
              "context": null,
              "code": "cy.get('.color').then(function (colors) {\n  var currentColors;\n  var previousColors;\n  previousColors = Array.from(colors).map(function (color) {\n    return Cypress.$(color).css('background-color');\n  });\n  for (var i = 0; i < 5; i += 1) {\n    cy.reload();\n    cy.get('.color').then(function (colors) {\n      currentColors = Array.from(colors).map(function (color) {\n        return Cypress.$(color).css('background-color');\n      });\n      expect(currentColors).not.to.deep.equal(previousColors);\n      previousColors = currentColors;\n    });\n  }\n});",
              "err": {
                "message": "AssertionError: expected [ Array(4) ] to not deeply equal [ Array(4) ]",
                "estack": "AssertionError: expected [ Array(4) ] to not deeply equal [ Array(4) ]\n    at getRet (http://localhost:59875/__cypress/runner/cypress_runner.js:136585:16)\n    at tryCatcher (http://localhost:59875/__cypress/runner/cypress_runner.js:167415:23)\n    at Function.Promise.attempt.Promise.try (http://localhost:59875/__cypress/runner/cypress_runner.js:164690:29)\n    at Context.thenFn (http://localhost:59875/__cypress/runner/cypress_runner.js:136599:23)\n    at Context.then (http://localhost:59875/__cypress/runner/cypress_runner.js:136971:21)\n    at Context.<anonymous> (http://localhost:59875/__cypress/runner/cypress_runner.js:148875:21)\n    at http://localhost:59875/__cypress/runner/cypress_runner.js:148351:33\n    at tryCatcher (http://localhost:59875/__cypress/runner/cypress_runner.js:167415:23)\n    at Promise._settlePromiseFromHandler (http://localhost:59875/__cypress/runner/cypress_runner.js:165351:31)\n    at Promise._settlePromise (http://localhost:59875/__cypress/runner/cypress_runner.js:165408:18)\n    at Promise._settlePromiseCtx (http://localhost:59875/__cypress/runner/cypress_runner.js:165445:10)\n    at Async../node_modules/bluebird/js/release/async.js.Async._drainQueue (http://localhost:59875/__cypress/runner/cypress_runner.js:162145:12)\n    at Async../node_modules/bluebird/js/release/async.js.Async._drainQueues (http://localhost:59875/__cypress/runner/cypress_runner.js:162150:10)\n    at Async.drainQueues (http://localhost:59875/__cypress/runner/cypress_runner.js:162024:14)",
                "diff": ""
              },
              "uuid": "4a62cd55-81f9-4944-9d98-bbdbbb4f5b0d",
              "parentUUID": "5769c6b7-8366-46b1-bc7e-70173a82c804",
              "isHook": false,
              "skipped": false
            },
            {
              "title": "Verifica se a cor preta ainda está presente e é a primeira na sua paleta de cores",
              "fullTitle": "12 - Faça com que as cores da paleta sejam geradas aleatoriamente ao carregar a página. Verifica se a cor preta ainda está presente e é a primeira na sua paleta de cores",
              "timedOut": null,
              "duration": 938,
              "state": "failed",
              "speed": null,
              "pass": false,
              "fail": true,
              "pending": false,
              "context": null,
              "code": "cy.get('.color').then(function (colors) {\n  var currentColors;\n  var previousColors;\n  previousColors = Array.from(colors).map(function (color) {\n    return Cypress.$(color).css('background-color');\n  });\n  expect(previousColors[0]).to.eq(BLACK);\n  for (var i = 0; i < 5; i += 1) {\n    cy.reload();\n    cy.get('.color').then(function (colors) {\n      currentColors = Array.from(colors).map(function (color) {\n        return Cypress.$(color).css('background-color');\n      });\n      expect(currentColors[0]).to.eq(BLACK);\n      expect(currentColors).not.to.deep.equal(previousColors);\n      previousColors = currentColors;\n    });\n  }\n});",
              "err": {
                "message": "AssertionError: expected [ Array(4) ] to not deeply equal [ Array(4) ]",
                "estack": "AssertionError: expected [ Array(4) ] to not deeply equal [ Array(4) ]\n    at getRet (http://localhost:59875/__cypress/runner/cypress_runner.js:136585:16)\n    at tryCatcher (http://localhost:59875/__cypress/runner/cypress_runner.js:167415:23)\n    at Function.Promise.attempt.Promise.try (http://localhost:59875/__cypress/runner/cypress_runner.js:164690:29)\n    at Context.thenFn (http://localhost:59875/__cypress/runner/cypress_runner.js:136599:23)\n    at Context.then (http://localhost:59875/__cypress/runner/cypress_runner.js:136971:21)\n    at Context.<anonymous> (http://localhost:59875/__cypress/runner/cypress_runner.js:148875:21)\n    at http://localhost:59875/__cypress/runner/cypress_runner.js:148351:33\n    at tryCatcher (http://localhost:59875/__cypress/runner/cypress_runner.js:167415:23)\n    at Promise._settlePromiseFromHandler (http://localhost:59875/__cypress/runner/cypress_runner.js:165351:31)\n    at Promise._settlePromise (http://localhost:59875/__cypress/runner/cypress_runner.js:165408:18)\n    at Promise._settlePromiseCtx (http://localhost:59875/__cypress/runner/cypress_runner.js:165445:10)\n    at Async../node_modules/bluebird/js/release/async.js.Async._drainQueue (http://localhost:59875/__cypress/runner/cypress_runner.js:162145:12)\n    at Async../node_modules/bluebird/js/release/async.js.Async._drainQueues (http://localhost:59875/__cypress/runner/cypress_runner.js:162150:10)\n    at Async.drainQueues (http://localhost:59875/__cypress/runner/cypress_runner.js:162024:14)",
                "diff": ""
              },
              "uuid": "82c098fb-1f76-483f-9c3a-70a532c74774",
              "parentUUID": "5769c6b7-8366-46b1-bc7e-70173a82c804",
              "isHook": false,
              "skipped": false
            }
          ],
          "suites": [],
          "passes": [],
          "failures": [
            "4a62cd55-81f9-4944-9d98-bbdbbb4f5b0d",
            "82c098fb-1f76-483f-9c3a-70a532c74774"
          ],
          "pending": [],
          "skipped": [],
          "duration": 1970,
          "root": false,
          "rootEmpty": false,
          "_timeout": 2000
        }
      ],
      "passes": [],
      "failures": [],
      "pending": [],
      "skipped": [],
      "duration": 0,
      "root": true,
      "rootEmpty": true,
      "_timeout": 2000
    }
  ],
  "meta": {
    "mocha": {
      "version": "7.0.1"
    },
    "mochawesome": {
      "options": {
        "quiet": false,
        "reportFilename": "mochawesome",
        "saveHtml": false,
        "saveJson": true,
        "consoleReporter": "spec",
        "useInlineDiffs": false
      },
      "version": "4.1.0"
    },
    "marge": {
      "options": {
        "id": "default",
        "reportDir": "cypress/reports",
        "overwrite": true,
        "html": false,
        "json": true
      },
      "version": "4.1.0"
    }
  }
}