{
  "stats": {
    "suites": 12,
    "tests": 41,
    "passes": 21,
    "pending": 0,
    "failures": 20,
    "start": "2021-08-18T10:20:39.500Z",
    "end": "2021-08-18T10:22:08.532Z",
    "duration": 89032,
    "testsRegistered": 41,
    "passPercent": 51.21951219512195,
    "pendingPercent": 0,
    "other": 0,
    "hasOther": false,
    "skipped": 0,
    "hasSkipped": false
  },
  "results": [
    {
      "uuid": "b0501812-9e4d-4eee-8975-2531e4789a78",
      "title": "",
      "fullFile": "cypress/integration/project.spec.js",
      "file": "cypress/integration/project.spec.js",
      "beforeHooks": [],
      "afterHooks": [],
      "tests": [],
      "suites": [
        {
          "uuid": "4ce52e26-a67c-42c1-b53d-305211847819",
          "title": "1 - Adicione à página o título \"Paleta de Cores\".",
          "fullFile": "",
          "file": "",
          "beforeHooks": [],
          "afterHooks": [],
          "tests": [
            {
              "title": "Verifica se contém um elemento `h1` com o id `title` com o título correto",
              "fullTitle": "1 - Adicione à página o título \"Paleta de Cores\". Verifica se contém um elemento `h1` com o id `title` com o título correto",
              "timedOut": null,
              "duration": 136,
              "state": "passed",
              "speed": "slow",
              "pass": true,
              "fail": false,
              "pending": false,
              "context": null,
              "code": "cy.get('h1#title').should('contain.text', 'Paleta de Cores');",
              "err": {},
              "uuid": "93c69e01-379a-4e99-b591-8e47e933f807",
              "parentUUID": "4ce52e26-a67c-42c1-b53d-305211847819",
              "isHook": false,
              "skipped": false
            }
          ],
          "suites": [],
          "passes": [
            "93c69e01-379a-4e99-b591-8e47e933f807"
          ],
          "failures": [],
          "pending": [],
          "skipped": [],
          "duration": 136,
          "root": false,
          "rootEmpty": false,
          "_timeout": 2000
        },
        {
          "uuid": "b1512709-3d1b-433f-a7c5-050b43238e1f",
          "title": "2 - Adicione à página uma paleta de quatro cores distintas.",
          "fullFile": "",
          "file": "",
          "beforeHooks": [],
          "afterHooks": [],
          "tests": [
            {
              "title": "A paleta de cores deve ser um elemento com `id` denominado `color-palette`",
              "fullTitle": "2 - Adicione à página uma paleta de quatro cores distintas. A paleta de cores deve ser um elemento com `id` denominado `color-palette`",
              "timedOut": null,
              "duration": 64,
              "state": "passed",
              "speed": "medium",
              "pass": true,
              "fail": false,
              "pending": false,
              "context": null,
              "code": "cy.get('#color-palette').should('be.visible');",
              "err": {},
              "uuid": "f5444b50-297b-4324-9a49-8d7f7f89ef17",
              "parentUUID": "b1512709-3d1b-433f-a7c5-050b43238e1f",
              "isHook": false,
              "skipped": false
            },
            {
              "title": "Verifica se cada cor individual da paleta de cores possui a `classe` chamada `color`.",
              "fullTitle": "2 - Adicione à página uma paleta de quatro cores distintas. Verifica se cada cor individual da paleta de cores possui a `classe` chamada `color`.",
              "timedOut": null,
              "duration": 98,
              "state": "passed",
              "speed": "slow",
              "pass": true,
              "fail": false,
              "pending": false,
              "context": null,
              "code": "cy.get('.color').should('have.length', 4).then(function (colors) {\n  for (var i = 0; i < colors.length; i++) {\n    cy.wrap(colors[i]).should('be.visible');\n  }\n});",
              "err": {},
              "uuid": "faf5bad1-45e8-463f-bbc6-1eb43aadbdbb",
              "parentUUID": "b1512709-3d1b-433f-a7c5-050b43238e1f",
              "isHook": false,
              "skipped": false
            },
            {
              "title": "Verifica se a cor de fundo de cada elemento da paleta é a cor que o elemento representa. **A única cor não permitida na paleta é a cor branca.**",
              "fullTitle": "2 - Adicione à página uma paleta de quatro cores distintas. Verifica se a cor de fundo de cada elemento da paleta é a cor que o elemento representa. **A única cor não permitida na paleta é a cor branca.**",
              "timedOut": null,
              "duration": 118,
              "state": "passed",
              "speed": "slow",
              "pass": true,
              "fail": false,
              "pending": false,
              "context": null,
              "code": "cy.get('.color').each(function (color) {\n  cy.wrap(color).should('have.class', 'color').and('not.have.css', 'background-color', WHITE);\n  cy.wrap(color).should('have.css', 'background-color');\n});",
              "err": {},
              "uuid": "70531f52-5f5d-4956-b150-1e80148f180d",
              "parentUUID": "b1512709-3d1b-433f-a7c5-050b43238e1f",
              "isHook": false,
              "skipped": false
            },
            {
              "title": "Verifica se cada elemento da paleta de cores tem uma borda preta, sólida e com 1 pixel de largura;",
              "fullTitle": "2 - Adicione à página uma paleta de quatro cores distintas. Verifica se cada elemento da paleta de cores tem uma borda preta, sólida e com 1 pixel de largura;",
              "timedOut": null,
              "duration": 81,
              "state": "passed",
              "speed": "slow",
              "pass": true,
              "fail": false,
              "pending": false,
              "context": null,
              "code": "cy.get('.color').each(function (color) {\n  cy.wrap(color).and('have.css', 'border', \"1px solid \".concat(BLACK)).and('have.class', 'color');\n});",
              "err": {},
              "uuid": "ffff019e-7941-4400-aac8-d51b61b6a5b8",
              "parentUUID": "b1512709-3d1b-433f-a7c5-050b43238e1f",
              "isHook": false,
              "skipped": false
            },
            {
              "title": "Verifica se a paleta lista todas as cores disponíveis para utilização, lado a lado.",
              "fullTitle": "2 - Adicione à página uma paleta de quatro cores distintas. Verifica se a paleta lista todas as cores disponíveis para utilização, lado a lado.",
              "timedOut": null,
              "duration": 107,
              "state": "passed",
              "speed": "slow",
              "pass": true,
              "fail": false,
              "pending": false,
              "context": null,
              "code": "cy.get('.color').then(function (colors) {\n  for (var index = 1; index < colors.length; index += 1) {\n    var currentColor = colors[index];\n    var previousColor = colors[index - 1];\n    cy.wrap(currentColor).should('be.onTheRightOf', previousColor).and('be.horizontallyAlignedWith', previousColor);\n  }\n});",
              "err": {},
              "uuid": "312ce10b-1939-4097-b3b3-4380b563f49b",
              "parentUUID": "b1512709-3d1b-433f-a7c5-050b43238e1f",
              "isHook": false,
              "skipped": false
            },
            {
              "title": "Verifica se a paleta de cores está posicionada abaixo do título 'Paleta de Cores'",
              "fullTitle": "2 - Adicione à página uma paleta de quatro cores distintas. Verifica se a paleta de cores está posicionada abaixo do título 'Paleta de Cores'",
              "timedOut": null,
              "duration": 85,
              "state": "passed",
              "speed": "slow",
              "pass": true,
              "fail": false,
              "pending": false,
              "context": null,
              "code": "cy.get('h1#title').then(function (title) {\n  cy.get('#color-palette').should('be.belowOf', title);\n});",
              "err": {},
              "uuid": "c28c9d97-e0b0-483a-908f-d25d33dd1353",
              "parentUUID": "b1512709-3d1b-433f-a7c5-050b43238e1f",
              "isHook": false,
              "skipped": false
            },
            {
              "title": "Verifica se a paleta de cores não contém cores repetidas.",
              "fullTitle": "2 - Adicione à página uma paleta de quatro cores distintas. Verifica se a paleta de cores não contém cores repetidas.",
              "timedOut": null,
              "duration": 91,
              "state": "passed",
              "speed": "slow",
              "pass": true,
              "fail": false,
              "pending": false,
              "context": null,
              "code": "cy.get('.color').then(function (colors) {\n  var allColors = Array.from(colors).map(function (color) {\n    return Cypress.$(color).css('background-color');\n  });\n  cy.log(allColors);\n  var uniqColors = (0, _toConsumableArray2[\"default\"])(new Set(allColors));\n  cy.log(uniqColors);\n  expect(allColors.length).to.eq(uniqColors.length);\n});",
              "err": {},
              "uuid": "b9089923-e8f2-4eac-9f81-7e11c948c483",
              "parentUUID": "b1512709-3d1b-433f-a7c5-050b43238e1f",
              "isHook": false,
              "skipped": false
            }
          ],
          "suites": [],
          "passes": [
            "f5444b50-297b-4324-9a49-8d7f7f89ef17",
            "faf5bad1-45e8-463f-bbc6-1eb43aadbdbb",
            "70531f52-5f5d-4956-b150-1e80148f180d",
            "ffff019e-7941-4400-aac8-d51b61b6a5b8",
            "312ce10b-1939-4097-b3b3-4380b563f49b",
            "c28c9d97-e0b0-483a-908f-d25d33dd1353",
            "b9089923-e8f2-4eac-9f81-7e11c948c483"
          ],
          "failures": [],
          "pending": [],
          "skipped": [],
          "duration": 644,
          "root": false,
          "rootEmpty": false,
          "_timeout": 2000
        },
        {
          "uuid": "f7e3cb43-0e71-4acf-a341-e478c86fab4f",
          "title": "3 - Adicione a cor **preta** como a primeira cor da paleta de cores.",
          "fullFile": "",
          "file": "",
          "beforeHooks": [],
          "afterHooks": [],
          "tests": [
            {
              "title": "Verifica se a primeira cor da paleta é preta",
              "fullTitle": "3 - Adicione a cor **preta** como a primeira cor da paleta de cores. Verifica se a primeira cor da paleta é preta",
              "timedOut": null,
              "duration": 85,
              "state": "passed",
              "speed": "slow",
              "pass": true,
              "fail": false,
              "pending": false,
              "context": null,
              "code": "cy.get('.color').first().should('have.css', 'background-color', BLACK);",
              "err": {},
              "uuid": "5e84e893-32bb-4ce9-91a1-a5239457cd20",
              "parentUUID": "f7e3cb43-0e71-4acf-a341-e478c86fab4f",
              "isHook": false,
              "skipped": false
            },
            {
              "title": "Verifica se as demais cores podem ser escolhidas livremente.",
              "fullTitle": "3 - Adicione a cor **preta** como a primeira cor da paleta de cores. Verifica se as demais cores podem ser escolhidas livremente.",
              "timedOut": null,
              "duration": 131,
              "state": "passed",
              "speed": "slow",
              "pass": true,
              "fail": false,
              "pending": false,
              "context": null,
              "code": "cy.get('.color').eq(1).should('not.have.css', 'background-color', BLACK);\ncy.get('.color').eq(1).should('not.have.css', 'background-color', WHITE);\ncy.get('.color').eq(1).should('not.have.css', 'background-color', 'rgba(0, 0, 0, 0)');\ncy.get('.color').eq(1).should('have.css', 'background-color');\ncy.get('.color').eq(2).should('not.have.css', 'background-color', BLACK);\ncy.get('.color').eq(2).should('not.have.css', 'background-color', WHITE);\ncy.get('.color').eq(2).should('not.have.css', 'background-color', 'rgba(0, 0, 0, 0)');\ncy.get('.color').eq(2).should('have.css', 'background-color');\ncy.get('.color').eq(3).should('not.have.css', 'background-color', BLACK);\ncy.get('.color').eq(3).should('not.have.css', 'background-color', WHITE);\ncy.get('.color').eq(3).should('not.have.css', 'background-color', 'rgba(0, 0, 0, 0)');\ncy.get('.color').eq(3).should('have.css', 'background-color');",
              "err": {},
              "uuid": "98340d2a-b041-40f9-a73d-5d20f62f614c",
              "parentUUID": "f7e3cb43-0e71-4acf-a341-e478c86fab4f",
              "isHook": false,
              "skipped": false
            }
          ],
          "suites": [],
          "passes": [
            "5e84e893-32bb-4ce9-91a1-a5239457cd20",
            "98340d2a-b041-40f9-a73d-5d20f62f614c"
          ],
          "failures": [],
          "pending": [],
          "skipped": [],
          "duration": 216,
          "root": false,
          "rootEmpty": false,
          "_timeout": 2000
        },
        {
          "uuid": "c76b9728-39ed-4e43-8f54-05ab4af4c564",
          "title": "4 - Adicione à página um quadro de pixels, com 25 pixels.",
          "fullFile": "",
          "file": "",
          "beforeHooks": [],
          "afterHooks": [],
          "tests": [
            {
              "title": "Verifica se o quadro de pixels possui o `id` denominado `pixel-board`",
              "fullTitle": "4 - Adicione à página um quadro de pixels, com 25 pixels. Verifica se o quadro de pixels possui o `id` denominado `pixel-board`",
              "timedOut": null,
              "duration": 56,
              "state": "passed",
              "speed": "medium",
              "pass": true,
              "fail": false,
              "pending": false,
              "context": null,
              "code": "cy.get('#pixel-board').should('be.visible');",
              "err": {},
              "uuid": "d9ae324e-9683-43e9-a310-5f2745a8b89b",
              "parentUUID": "c76b9728-39ed-4e43-8f54-05ab4af4c564",
              "isHook": false,
              "skipped": false
            },
            {
              "title": "Verifica se cada pixel individual dentro do quadro possui a `classe` denominada `pixel`.",
              "fullTitle": "4 - Adicione à página um quadro de pixels, com 25 pixels. Verifica se cada pixel individual dentro do quadro possui a `classe` denominada `pixel`.",
              "timedOut": null,
              "duration": 86,
              "state": "passed",
              "speed": "slow",
              "pass": true,
              "fail": false,
              "pending": false,
              "context": null,
              "code": "cy.get('.pixel').should('have.length', 25);",
              "err": {},
              "uuid": "ae32d6b6-3b77-401c-9352-ade6bd7aa71e",
              "parentUUID": "c76b9728-39ed-4e43-8f54-05ab4af4c564",
              "isHook": false,
              "skipped": false
            },
            {
              "title": "Verifica se a cor inicial dos pixels dentro do quadro, ao abrir a página, é branca.",
              "fullTitle": "4 - Adicione à página um quadro de pixels, com 25 pixels. Verifica se a cor inicial dos pixels dentro do quadro, ao abrir a página, é branca.",
              "timedOut": null,
              "duration": 132,
              "state": "passed",
              "speed": "slow",
              "pass": true,
              "fail": false,
              "pending": false,
              "context": null,
              "code": "cy.get('.pixel').should('have.length', 25).each(function (pixel) {\n  expect(pixel).to.have.css('background-color', WHITE);\n});",
              "err": {},
              "uuid": "f102da41-a59e-4add-b9a1-cd6c8c680d41",
              "parentUUID": "c76b9728-39ed-4e43-8f54-05ab4af4c564",
              "isHook": false,
              "skipped": false
            },
            {
              "title": "Verifica se o quadro de pixels aparece abaixo da paleta de cores",
              "fullTitle": "4 - Adicione à página um quadro de pixels, com 25 pixels. Verifica se o quadro de pixels aparece abaixo da paleta de cores",
              "timedOut": null,
              "duration": 60,
              "state": "passed",
              "speed": "medium",
              "pass": true,
              "fail": false,
              "pending": false,
              "context": null,
              "code": "cy.get('#color-palette').then(function (palette) {\n  cy.get('#pixel-board').should('be.belowOf', palette);\n});",
              "err": {},
              "uuid": "a4f1177d-649c-4d95-b1f6-2502f2ec94c4",
              "parentUUID": "c76b9728-39ed-4e43-8f54-05ab4af4c564",
              "isHook": false,
              "skipped": false
            }
          ],
          "suites": [],
          "passes": [
            "d9ae324e-9683-43e9-a310-5f2745a8b89b",
            "ae32d6b6-3b77-401c-9352-ade6bd7aa71e",
            "f102da41-a59e-4add-b9a1-cd6c8c680d41",
            "a4f1177d-649c-4d95-b1f6-2502f2ec94c4"
          ],
          "failures": [],
          "pending": [],
          "skipped": [],
          "duration": 334,
          "root": false,
          "rootEmpty": false,
          "_timeout": 2000
        },
        {
          "uuid": "2834cc35-b818-4d93-a5ea-6c3f21726b85",
          "title": "5 - Faça com que cada elemento do quadro de pixels possua 40 pixels de largura, 40 pixels de altura e seja delimitado por uma borda preta de 1 pixel.",
          "fullFile": "",
          "file": "",
          "beforeHooks": [],
          "afterHooks": [],
          "tests": [
            {
              "title": "Verifica se o quadro de pixels tem altura e comprimento de 5 elementos",
              "fullTitle": "5 - Faça com que cada elemento do quadro de pixels possua 40 pixels de largura, 40 pixels de altura e seja delimitado por uma borda preta de 1 pixel. Verifica se o quadro de pixels tem altura e comprimento de 5 elementos",
              "timedOut": null,
              "duration": 230,
              "state": "passed",
              "speed": "slow",
              "pass": true,
              "fail": false,
              "pending": false,
              "context": null,
              "code": "cy.get('.pixel').should('have.length', 25).each(function (pixel) {\n  expect(pixel).to.have.css('background-color', WHITE);\n}).and(function (pixels) {\n  var rows = chunk(pixels, 5);\n  rows.forEach(function (row) {\n    for (var index = 1; index < row.length; index += 1) {\n      var current = pixels[index];\n      var previous = pixels[index - 1];\n      cy.wrap(current).should('be.onTheRightOf', previous).and('be.horizontallyAlignedWith', previous);\n    }\n  });\n  for (var index = 1; index < 5; index += 1) {\n    expect(pixels[index * 5]).to.be.belowOf(pixels[(index - 1) * 5]);\n  }\n});",
              "err": {},
              "uuid": "a396d096-7726-46f3-ab17-0211b28d4ace",
              "parentUUID": "2834cc35-b818-4d93-a5ea-6c3f21726b85",
              "isHook": false,
              "skipped": false
            },
            {
              "title": "Verifica se 40 pixels é o tamanho total do elemento, incluindo seu conteúdo e excluindo a borda preta, que deve ser criada à parte.",
              "fullTitle": "5 - Faça com que cada elemento do quadro de pixels possua 40 pixels de largura, 40 pixels de altura e seja delimitado por uma borda preta de 1 pixel. Verifica se 40 pixels é o tamanho total do elemento, incluindo seu conteúdo e excluindo a borda preta, que deve ser criada à parte.",
              "timedOut": null,
              "duration": 220,
              "state": "passed",
              "speed": "slow",
              "pass": true,
              "fail": false,
              "pending": false,
              "context": null,
              "code": "cy.get('.pixel').each(function (pixel) {\n  cy.wrap(pixel).should('have.css', 'height', '40px').and('have.css', 'width', '40px').and('have.css', 'border', \"1px solid \".concat(BLACK));\n});",
              "err": {},
              "uuid": "c2b5ed97-0ec0-4002-ada1-332e26f30fd2",
              "parentUUID": "2834cc35-b818-4d93-a5ea-6c3f21726b85",
              "isHook": false,
              "skipped": false
            }
          ],
          "suites": [],
          "passes": [
            "a396d096-7726-46f3-ab17-0211b28d4ace",
            "c2b5ed97-0ec0-4002-ada1-332e26f30fd2"
          ],
          "failures": [],
          "pending": [],
          "skipped": [],
          "duration": 450,
          "root": false,
          "rootEmpty": false,
          "_timeout": 2000
        },
        {
          "uuid": "df4bf42a-88c4-40bd-8438-392f8e3e4157",
          "title": "6 - Defina a cor preta como cor inicial. Ao carregar a página a cor preta já deve estar selecionada para pintar os pixels",
          "fullFile": "",
          "file": "",
          "beforeHooks": [],
          "afterHooks": [],
          "tests": [
            {
              "title": "Verifica se o elemento da cor preta possui, inicialmente, a `classe` `selected`",
              "fullTitle": "6 - Defina a cor preta como cor inicial. Ao carregar a página a cor preta já deve estar selecionada para pintar os pixels Verifica se o elemento da cor preta possui, inicialmente, a `classe` `selected`",
              "timedOut": null,
              "duration": 59,
              "state": "passed",
              "speed": "medium",
              "pass": true,
              "fail": false,
              "pending": false,
              "context": null,
              "code": "cy.get('.selected').first().should('have.css', 'background-color', BLACK);",
              "err": {},
              "uuid": "48988807-ecc0-4210-88b4-fdb51768d55a",
              "parentUUID": "df4bf42a-88c4-40bd-8438-392f8e3e4157",
              "isHook": false,
              "skipped": false
            },
            {
              "title": "Verifica se nenhuma outra cor da paleta tem a `classe` `selected`",
              "fullTitle": "6 - Defina a cor preta como cor inicial. Ao carregar a página a cor preta já deve estar selecionada para pintar os pixels Verifica se nenhuma outra cor da paleta tem a `classe` `selected`",
              "timedOut": null,
              "duration": 64,
              "state": "passed",
              "speed": "medium",
              "pass": true,
              "fail": false,
              "pending": false,
              "context": null,
              "code": "cy.get('.color:not(:first-child)').each(function (color) {\n  cy.wrap(color).should('not.have.class', 'selected');\n});",
              "err": {},
              "uuid": "0c896285-4246-4e8a-8bda-7dc0be366192",
              "parentUUID": "df4bf42a-88c4-40bd-8438-392f8e3e4157",
              "isHook": false,
              "skipped": false
            }
          ],
          "suites": [],
          "passes": [
            "48988807-ecc0-4210-88b4-fdb51768d55a",
            "0c896285-4246-4e8a-8bda-7dc0be366192"
          ],
          "failures": [],
          "pending": [],
          "skipped": [],
          "duration": 123,
          "root": false,
          "rootEmpty": false,
          "_timeout": 2000
        },
        {
          "uuid": "bfb768a0-8bbb-47db-918a-18550a9a88af",
          "title": "7 - Clicar em uma das cores da paleta, faz com que ela seja selecionada e utilizada para preencher os pixels no quadro.",
          "fullFile": "",
          "file": "",
          "beforeHooks": [],
          "afterHooks": [],
          "tests": [
            {
              "title": "Verifica se somente uma cor da paleta de cores tem a classe `selected` de cada vez",
              "fullTitle": "7 - Clicar em uma das cores da paleta, faz com que ela seja selecionada e utilizada para preencher os pixels no quadro. Verifica se somente uma cor da paleta de cores tem a classe `selected` de cada vez",
              "timedOut": null,
              "duration": 393,
              "state": "passed",
              "speed": "slow",
              "pass": true,
              "fail": false,
              "pending": false,
              "context": null,
              "code": "cy.get('.color').each(function (selectedColor, selectedColorIndex) {\n  cy.wrap(selectedColor).click();\n  cy.get('.color').each(function (color, colorIndex) {\n    if (colorIndex === selectedColorIndex) {\n      expect(color).to.have[\"class\"]('selected');\n    } else {\n      expect(color).not.to.have[\"class\"]('selected');\n    }\n  });\n});",
              "err": {},
              "uuid": "98fb8ae2-b21a-43b3-a8e3-b72fd972cb0d",
              "parentUUID": "bfb768a0-8bbb-47db-918a-18550a9a88af",
              "isHook": false,
              "skipped": false
            },
            {
              "title": "Verifica se os pixels dentro do quadro não têm a classe `selected` quando são clicados",
              "fullTitle": "7 - Clicar em uma das cores da paleta, faz com que ela seja selecionada e utilizada para preencher os pixels no quadro. Verifica se os pixels dentro do quadro não têm a classe `selected` quando são clicados",
              "timedOut": null,
              "duration": 7784,
              "state": "passed",
              "speed": "slow",
              "pass": true,
              "fail": false,
              "pending": false,
              "context": null,
              "code": "cy.get('.color').each(function (color) {\n  var backgroundColor = color.css('background-color');\n  cy.wrap(color).click();\n  cy.get('.pixel').each(function (pixel) {\n    cy.wrap(pixel).click().should('not.have.class', 'selected');\n  });\n});",
              "err": {},
              "uuid": "cd282e84-31b5-48a2-bdfa-5bf4d79a5868",
              "parentUUID": "bfb768a0-8bbb-47db-918a-18550a9a88af",
              "isHook": false,
              "skipped": false
            }
          ],
          "suites": [],
          "passes": [
            "98fb8ae2-b21a-43b3-a8e3-b72fd972cb0d",
            "cd282e84-31b5-48a2-bdfa-5bf4d79a5868"
          ],
          "failures": [],
          "pending": [],
          "skipped": [],
          "duration": 8177,
          "root": false,
          "rootEmpty": false,
          "_timeout": 2000
        },
        {
          "uuid": "4ff524e4-b153-4635-9bde-815ac88cd142",
          "title": "8 - Clicar em um pixel dentro do quadro após selecionar uma cor na paleta, faz com que o pixel seja preenchido com a cor selecionada.",
          "fullFile": "",
          "file": "",
          "beforeHooks": [],
          "afterHooks": [],
          "tests": [
            {
              "title": "Verifica se ao carregar a página deve ser possível pintar os pixels de preto",
              "fullTitle": "8 - Clicar em um pixel dentro do quadro após selecionar uma cor na paleta, faz com que o pixel seja preenchido com a cor selecionada. Verifica se ao carregar a página deve ser possível pintar os pixels de preto",
              "timedOut": null,
              "duration": 4301,
              "state": "failed",
              "speed": null,
              "pass": false,
              "fail": true,
              "pending": false,
              "context": null,
              "code": "cy.get('.pixel').each(function (pixel) {\n  cy.wrap(pixel).click().should('have.css', 'background-color', BLACK);\n});",
              "err": {
                "message": "CypressError: Timed out retrying: expected '<div.pixel>' to have CSS property 'background-color' with the value 'rgb(0, 0, 0)', but the value was 'rgb(255, 255, 255)'",
                "estack": "CypressError: Timed out retrying: expected '<div.pixel>' to have CSS property 'background-color' with the value 'rgb(0, 0, 0)', but the value was 'rgb(255, 255, 255)'\n    at cypressErr (http://localhost:46153/__cypress/runner/cypress_runner.js:149934:9)\n    at throwErr (http://localhost:46153/__cypress/runner/cypress_runner.js:149867:11)\n    at Object.throwErrByPath (http://localhost:46153/__cypress/runner/cypress_runner.js:149915:3)\n    at retry (http://localhost:46153/__cypress/runner/cypress_runner.js:144197:19)\n    at onFailFn (http://localhost:46153/__cypress/runner/cypress_runner.js:132448:16)\n    at tryCatcher (http://localhost:46153/__cypress/runner/cypress_runner.js:167415:23)\n    at Promise._settlePromiseFromHandler (http://localhost:46153/__cypress/runner/cypress_runner.js:165351:31)\n    at Promise._settlePromise (http://localhost:46153/__cypress/runner/cypress_runner.js:165408:18)\n    at Promise._settlePromise0 (http://localhost:46153/__cypress/runner/cypress_runner.js:165453:10)\n    at Promise._settlePromises (http://localhost:46153/__cypress/runner/cypress_runner.js:165528:18)\n    at Async../node_modules/bluebird/js/release/async.js.Async._drainQueue (http://localhost:46153/__cypress/runner/cypress_runner.js:162140:16)\n    at Async../node_modules/bluebird/js/release/async.js.Async._drainQueues (http://localhost:46153/__cypress/runner/cypress_runner.js:162150:10)\n    at Async.drainQueues (http://localhost:46153/__cypress/runner/cypress_runner.js:162024:14)",
                "diff": null
              },
              "uuid": "e7911a51-3095-47d3-a7a7-baf742d9d9ae",
              "parentUUID": "4ff524e4-b153-4635-9bde-815ac88cd142",
              "isHook": false,
              "skipped": false
            },
            {
              "title": "Verifica se após selecionar uma outra cor na paleta, é possível pintar os pixels com essa cor",
              "fullTitle": "8 - Clicar em um pixel dentro do quadro após selecionar uma cor na paleta, faz com que o pixel seja preenchido com a cor selecionada. Verifica se após selecionar uma outra cor na paleta, é possível pintar os pixels com essa cor",
              "timedOut": null,
              "duration": 4355,
              "state": "failed",
              "speed": null,
              "pass": false,
              "fail": true,
              "pending": false,
              "context": null,
              "code": "cy.get('.color').each(function (color) {\n  var backgroundColor = color.css('background-color');\n  cy.wrap(color).click();\n  cy.get('.pixel').each(function (pixel) {\n    cy.wrap(pixel).click().should('have.css', 'background-color', backgroundColor);\n  });\n});",
              "err": {
                "message": "CypressError: Timed out retrying: expected '<div.pixel>' to have CSS property 'background-color' with the value 'rgb(0, 0, 0)', but the value was 'rgb(255, 255, 255)'",
                "estack": "CypressError: Timed out retrying: expected '<div.pixel>' to have CSS property 'background-color' with the value 'rgb(0, 0, 0)', but the value was 'rgb(255, 255, 255)'\n    at cypressErr (http://localhost:46153/__cypress/runner/cypress_runner.js:149934:9)\n    at throwErr (http://localhost:46153/__cypress/runner/cypress_runner.js:149867:11)\n    at Object.throwErrByPath (http://localhost:46153/__cypress/runner/cypress_runner.js:149915:3)\n    at retry (http://localhost:46153/__cypress/runner/cypress_runner.js:144197:19)\n    at onFailFn (http://localhost:46153/__cypress/runner/cypress_runner.js:132448:16)\n    at tryCatcher (http://localhost:46153/__cypress/runner/cypress_runner.js:167415:23)\n    at Promise._settlePromiseFromHandler (http://localhost:46153/__cypress/runner/cypress_runner.js:165351:31)\n    at Promise._settlePromise (http://localhost:46153/__cypress/runner/cypress_runner.js:165408:18)\n    at Promise._settlePromise0 (http://localhost:46153/__cypress/runner/cypress_runner.js:165453:10)\n    at Promise._settlePromises (http://localhost:46153/__cypress/runner/cypress_runner.js:165528:18)\n    at Async../node_modules/bluebird/js/release/async.js.Async._drainQueue (http://localhost:46153/__cypress/runner/cypress_runner.js:162140:16)\n    at Async../node_modules/bluebird/js/release/async.js.Async._drainQueues (http://localhost:46153/__cypress/runner/cypress_runner.js:162150:10)\n    at Async.drainQueues (http://localhost:46153/__cypress/runner/cypress_runner.js:162024:14)",
                "diff": null
              },
              "uuid": "a10e916e-e4c6-4897-8fb7-4e9e0f885e5a",
              "parentUUID": "4ff524e4-b153-4635-9bde-815ac88cd142",
              "isHook": false,
              "skipped": false
            },
            {
              "title": "Verifica se somente o pixel que foi clicado foi preenchido com a cor selecionada, sem influenciar na cor dos demais pixels.",
              "fullTitle": "8 - Clicar em um pixel dentro do quadro após selecionar uma cor na paleta, faz com que o pixel seja preenchido com a cor selecionada. Verifica se somente o pixel que foi clicado foi preenchido com a cor selecionada, sem influenciar na cor dos demais pixels.",
              "timedOut": null,
              "duration": 1223,
              "state": "passed",
              "speed": "slow",
              "pass": true,
              "fail": false,
              "pending": false,
              "context": null,
              "code": "var colorToPixelIndexMap = {\n  0: 6,\n  1: 8,\n  2: 16,\n  3: 18\n};\ncy.get('.color').each(function (color, index) {\n  cy.wrap(color).click();\n  var backgroundColor = color.css('background-color');\n  var clickedPixelIndex = colorToPixelIndexMap[index];\n  cy.get('.pixel').eq(clickedPixelIndex).click();\n  cy.get('.pixel').eq(clickedPixelIndex - 1).should('not.have.css', 'background-color', backgroundColor);\n  cy.get('.pixel').eq(clickedPixelIndex + 1).should('not.have.css', 'background-color', backgroundColor);\n  cy.get('.pixel').eq(clickedPixelIndex - 5).should('not.have.css', 'background-color', backgroundColor);\n  cy.get('.pixel').eq(clickedPixelIndex + 5).should('not.have.css', 'background-color', backgroundColor);\n  cy.get('.pixel').eq(clickedPixelIndex - 6).should('not.have.css', 'background-color', backgroundColor);\n  cy.get('.pixel').eq(clickedPixelIndex - 4).should('not.have.css', 'background-color', backgroundColor);\n  cy.get('.pixel').eq(clickedPixelIndex + 4).should('not.have.css', 'background-color', backgroundColor);\n  cy.get('.pixel').eq(clickedPixelIndex + 6).should('not.have.css', 'background-color', backgroundColor);\n});",
              "err": {},
              "uuid": "93337f02-c5d1-48fb-976a-aaac35540a88",
              "parentUUID": "4ff524e4-b153-4635-9bde-815ac88cd142",
              "isHook": false,
              "skipped": false
            }
          ],
          "suites": [],
          "passes": [
            "93337f02-c5d1-48fb-976a-aaac35540a88"
          ],
          "failures": [
            "e7911a51-3095-47d3-a7a7-baf742d9d9ae",
            "a10e916e-e4c6-4897-8fb7-4e9e0f885e5a"
          ],
          "pending": [],
          "skipped": [],
          "duration": 9879,
          "root": false,
          "rootEmpty": false,
          "_timeout": 2000
        },
        {
          "uuid": "7006763f-5a82-461a-a902-1a5b9c153e1d",
          "title": "9 - Crie um botão que, ao ser clicado, limpa o quadro preenchendo a cor de todos seus pixels com branco.",
          "fullFile": "",
          "file": "",
          "beforeHooks": [],
          "afterHooks": [],
          "tests": [
            {
              "title": "Verifica se o botão tem o `id` denominado `clear-board`",
              "fullTitle": "9 - Crie um botão que, ao ser clicado, limpa o quadro preenchendo a cor de todos seus pixels com branco. Verifica se o botão tem o `id` denominado `clear-board`",
              "timedOut": null,
              "duration": 4220,
              "state": "failed",
              "speed": null,
              "pass": false,
              "fail": true,
              "pending": false,
              "context": null,
              "code": "cy.get('#clear-board').should('be.visible');",
              "err": {
                "message": "CypressError: Timed out retrying: Expected to find element: '#clear-board', but never found it.",
                "estack": "CypressError: Timed out retrying: Expected to find element: '#clear-board', but never found it.\n    at cypressErr (http://localhost:46153/__cypress/runner/cypress_runner.js:149934:9)\n    at throwErr (http://localhost:46153/__cypress/runner/cypress_runner.js:149867:11)\n    at Object.throwErrByPath (http://localhost:46153/__cypress/runner/cypress_runner.js:149915:3)\n    at retry (http://localhost:46153/__cypress/runner/cypress_runner.js:144197:19)\n    at onFailFn (http://localhost:46153/__cypress/runner/cypress_runner.js:132448:16)\n    at tryCatcher (http://localhost:46153/__cypress/runner/cypress_runner.js:167415:23)\n    at Promise._settlePromiseFromHandler (http://localhost:46153/__cypress/runner/cypress_runner.js:165351:31)\n    at Promise._settlePromise (http://localhost:46153/__cypress/runner/cypress_runner.js:165408:18)\n    at Promise._settlePromise0 (http://localhost:46153/__cypress/runner/cypress_runner.js:165453:10)\n    at Promise._settlePromises (http://localhost:46153/__cypress/runner/cypress_runner.js:165528:18)\n    at Async../node_modules/bluebird/js/release/async.js.Async._drainQueue (http://localhost:46153/__cypress/runner/cypress_runner.js:162140:16)\n    at Async../node_modules/bluebird/js/release/async.js.Async._drainQueues (http://localhost:46153/__cypress/runner/cypress_runner.js:162150:10)\n    at Async.drainQueues (http://localhost:46153/__cypress/runner/cypress_runner.js:162024:14)",
                "diff": null
              },
              "uuid": "68c05849-7734-43f5-9a1a-9e540b22065a",
              "parentUUID": "7006763f-5a82-461a-a902-1a5b9c153e1d",
              "isHook": false,
              "skipped": false
            },
            {
              "title": "Verifica se o botão está posicionado entre a paleta de cores e o quadro de pixels",
              "fullTitle": "9 - Crie um botão que, ao ser clicado, limpa o quadro preenchendo a cor de todos seus pixels com branco. Verifica se o botão está posicionado entre a paleta de cores e o quadro de pixels",
              "timedOut": null,
              "duration": 4216,
              "state": "failed",
              "speed": null,
              "pass": false,
              "fail": true,
              "pending": false,
              "context": null,
              "code": "cy.get('#color-palette').then(function (palette) {\n  cy.get('#clear-board').should('be.belowOf', palette);\n});\ncy.get('#clear-board').then(function (clearBtn) {\n  cy.get('#pixel-board').should('be.belowOf', clearBtn);\n});",
              "err": {
                "message": "CypressError: Timed out retrying: Expected to find element: '#clear-board', but never found it.",
                "estack": "CypressError: Timed out retrying: Expected to find element: '#clear-board', but never found it.\n    at cypressErr (http://localhost:46153/__cypress/runner/cypress_runner.js:149934:9)\n    at throwErr (http://localhost:46153/__cypress/runner/cypress_runner.js:149867:11)\n    at Object.throwErrByPath (http://localhost:46153/__cypress/runner/cypress_runner.js:149915:3)\n    at retry (http://localhost:46153/__cypress/runner/cypress_runner.js:144197:19)\n    at onFailFn (http://localhost:46153/__cypress/runner/cypress_runner.js:132448:16)\n    at tryCatcher (http://localhost:46153/__cypress/runner/cypress_runner.js:167415:23)\n    at Promise._settlePromiseFromHandler (http://localhost:46153/__cypress/runner/cypress_runner.js:165351:31)\n    at Promise._settlePromise (http://localhost:46153/__cypress/runner/cypress_runner.js:165408:18)\n    at Promise._settlePromise0 (http://localhost:46153/__cypress/runner/cypress_runner.js:165453:10)\n    at Promise._settlePromises (http://localhost:46153/__cypress/runner/cypress_runner.js:165528:18)\n    at Async../node_modules/bluebird/js/release/async.js.Async._drainQueue (http://localhost:46153/__cypress/runner/cypress_runner.js:162140:16)\n    at Async../node_modules/bluebird/js/release/async.js.Async._drainQueues (http://localhost:46153/__cypress/runner/cypress_runner.js:162150:10)\n    at Async.drainQueues (http://localhost:46153/__cypress/runner/cypress_runner.js:162024:14)",
                "diff": null
              },
              "uuid": "53f87ed5-abf2-4210-83fb-c0e48d3ceb73",
              "parentUUID": "7006763f-5a82-461a-a902-1a5b9c153e1d",
              "isHook": false,
              "skipped": false
            },
            {
              "title": "Verifica se o texto do botão é 'Limpar'",
              "fullTitle": "9 - Crie um botão que, ao ser clicado, limpa o quadro preenchendo a cor de todos seus pixels com branco. Verifica se o texto do botão é 'Limpar'",
              "timedOut": null,
              "duration": 4206,
              "state": "failed",
              "speed": null,
              "pass": false,
              "fail": true,
              "pending": false,
              "context": null,
              "code": "cy.get('#clear-board').should('contain.text', 'Limpar');",
              "err": {
                "message": "CypressError: Timed out retrying: Expected to find element: '#clear-board', but never found it.",
                "estack": "CypressError: Timed out retrying: Expected to find element: '#clear-board', but never found it.\n    at cypressErr (http://localhost:46153/__cypress/runner/cypress_runner.js:149934:9)\n    at throwErr (http://localhost:46153/__cypress/runner/cypress_runner.js:149867:11)\n    at Object.throwErrByPath (http://localhost:46153/__cypress/runner/cypress_runner.js:149915:3)\n    at retry (http://localhost:46153/__cypress/runner/cypress_runner.js:144197:19)\n    at onFailFn (http://localhost:46153/__cypress/runner/cypress_runner.js:132448:16)\n    at tryCatcher (http://localhost:46153/__cypress/runner/cypress_runner.js:167415:23)\n    at Promise._settlePromiseFromHandler (http://localhost:46153/__cypress/runner/cypress_runner.js:165351:31)\n    at Promise._settlePromise (http://localhost:46153/__cypress/runner/cypress_runner.js:165408:18)\n    at Promise._settlePromise0 (http://localhost:46153/__cypress/runner/cypress_runner.js:165453:10)\n    at Promise._settlePromises (http://localhost:46153/__cypress/runner/cypress_runner.js:165528:18)\n    at Async../node_modules/bluebird/js/release/async.js.Async._drainQueue (http://localhost:46153/__cypress/runner/cypress_runner.js:162140:16)\n    at Async../node_modules/bluebird/js/release/async.js.Async._drainQueues (http://localhost:46153/__cypress/runner/cypress_runner.js:162150:10)\n    at Async.drainQueues (http://localhost:46153/__cypress/runner/cypress_runner.js:162024:14)",
                "diff": null
              },
              "uuid": "c1ab2d25-420e-4f92-a917-de784d9a2da9",
              "parentUUID": "7006763f-5a82-461a-a902-1a5b9c153e1d",
              "isHook": false,
              "skipped": false
            },
            {
              "title": "Verifica se ao clicar no botão, o quadro de pixels é totalmente preenchido de branco",
              "fullTitle": "9 - Crie um botão que, ao ser clicado, limpa o quadro preenchendo a cor de todos seus pixels com branco. Verifica se ao clicar no botão, o quadro de pixels é totalmente preenchido de branco",
              "timedOut": null,
              "duration": 4340,
              "state": "failed",
              "speed": null,
              "pass": false,
              "fail": true,
              "pending": false,
              "context": null,
              "code": "cy.get('.color').eq(1).then(function (color) {\n  var backgroundColor = color.css('background-color');\n  cy.wrap(color).click();\n  cy.get('.pixel').each(function (pixel) {\n    cy.wrap(pixel).click().should('have.css', 'background-color', backgroundColor);\n  });\n});\ncy.get('#clear-board').click();\ncy.get('.pixel').each(function (pixel) {\n  cy.wrap(pixel).should('have.css', 'background-color', WHITE);\n});",
              "err": {
                "message": "CypressError: Timed out retrying: expected '<div.pixel>' to have CSS property 'background-color' with the value 'rgb(255, 0, 0)', but the value was 'rgb(255, 255, 255)'",
                "estack": "CypressError: Timed out retrying: expected '<div.pixel>' to have CSS property 'background-color' with the value 'rgb(255, 0, 0)', but the value was 'rgb(255, 255, 255)'\n    at cypressErr (http://localhost:46153/__cypress/runner/cypress_runner.js:149934:9)\n    at throwErr (http://localhost:46153/__cypress/runner/cypress_runner.js:149867:11)\n    at Object.throwErrByPath (http://localhost:46153/__cypress/runner/cypress_runner.js:149915:3)\n    at retry (http://localhost:46153/__cypress/runner/cypress_runner.js:144197:19)\n    at onFailFn (http://localhost:46153/__cypress/runner/cypress_runner.js:132448:16)\n    at tryCatcher (http://localhost:46153/__cypress/runner/cypress_runner.js:167415:23)\n    at Promise._settlePromiseFromHandler (http://localhost:46153/__cypress/runner/cypress_runner.js:165351:31)\n    at Promise._settlePromise (http://localhost:46153/__cypress/runner/cypress_runner.js:165408:18)\n    at Promise._settlePromise0 (http://localhost:46153/__cypress/runner/cypress_runner.js:165453:10)\n    at Promise._settlePromises (http://localhost:46153/__cypress/runner/cypress_runner.js:165528:18)\n    at Async../node_modules/bluebird/js/release/async.js.Async._drainQueue (http://localhost:46153/__cypress/runner/cypress_runner.js:162140:16)\n    at Async../node_modules/bluebird/js/release/async.js.Async._drainQueues (http://localhost:46153/__cypress/runner/cypress_runner.js:162150:10)\n    at Async.drainQueues (http://localhost:46153/__cypress/runner/cypress_runner.js:162024:14)",
                "diff": null
              },
              "uuid": "1f27661a-6eff-446d-9b9f-2131c110a0b8",
              "parentUUID": "7006763f-5a82-461a-a902-1a5b9c153e1d",
              "isHook": false,
              "skipped": false
            }
          ],
          "suites": [],
          "passes": [],
          "failures": [
            "68c05849-7734-43f5-9a1a-9e540b22065a",
            "53f87ed5-abf2-4210-83fb-c0e48d3ceb73",
            "c1ab2d25-420e-4f92-a917-de784d9a2da9",
            "1f27661a-6eff-446d-9b9f-2131c110a0b8"
          ],
          "pending": [],
          "skipped": [],
          "duration": 16982,
          "root": false,
          "rootEmpty": false,
          "_timeout": 2000
        },
        {
          "uuid": "dfb6a3f8-94cf-438b-99b4-64f07d2e875c",
          "title": "10 - Faça o quadro de pixels ter seu tamanho definido pelo usuário.",
          "fullFile": "",
          "file": "",
          "beforeHooks": [],
          "afterHooks": [],
          "tests": [
            {
              "title": "Verifica se existe um input com o id `board-size`",
              "fullTitle": "10 - Faça o quadro de pixels ter seu tamanho definido pelo usuário. Verifica se existe um input com o id `board-size`",
              "timedOut": null,
              "duration": 4249,
              "state": "failed",
              "speed": null,
              "pass": false,
              "fail": true,
              "pending": false,
              "context": null,
              "code": "cy.get('#board-size').should('be.visible');",
              "err": {
                "message": "CypressError: Timed out retrying: Expected to find element: '#board-size', but never found it.",
                "estack": "CypressError: Timed out retrying: Expected to find element: '#board-size', but never found it.\n    at cypressErr (http://localhost:46153/__cypress/runner/cypress_runner.js:149934:9)\n    at throwErr (http://localhost:46153/__cypress/runner/cypress_runner.js:149867:11)\n    at Object.throwErrByPath (http://localhost:46153/__cypress/runner/cypress_runner.js:149915:3)\n    at retry (http://localhost:46153/__cypress/runner/cypress_runner.js:144197:19)\n    at onFailFn (http://localhost:46153/__cypress/runner/cypress_runner.js:132448:16)\n    at tryCatcher (http://localhost:46153/__cypress/runner/cypress_runner.js:167415:23)\n    at Promise._settlePromiseFromHandler (http://localhost:46153/__cypress/runner/cypress_runner.js:165351:31)\n    at Promise._settlePromise (http://localhost:46153/__cypress/runner/cypress_runner.js:165408:18)\n    at Promise._settlePromise0 (http://localhost:46153/__cypress/runner/cypress_runner.js:165453:10)\n    at Promise._settlePromises (http://localhost:46153/__cypress/runner/cypress_runner.js:165528:18)\n    at Async../node_modules/bluebird/js/release/async.js.Async._drainQueue (http://localhost:46153/__cypress/runner/cypress_runner.js:162140:16)\n    at Async../node_modules/bluebird/js/release/async.js.Async._drainQueues (http://localhost:46153/__cypress/runner/cypress_runner.js:162150:10)\n    at Async.drainQueues (http://localhost:46153/__cypress/runner/cypress_runner.js:162024:14)",
                "diff": null
              },
              "uuid": "368e1847-4526-4fb8-a23b-2e9b8989f58b",
              "parentUUID": "dfb6a3f8-94cf-438b-99b4-64f07d2e875c",
              "isHook": false,
              "skipped": false
            },
            {
              "title": "Verifica se existe um botão com o id `generate-board`",
              "fullTitle": "10 - Faça o quadro de pixels ter seu tamanho definido pelo usuário. Verifica se existe um botão com o id `generate-board`",
              "timedOut": null,
              "duration": 4220,
              "state": "failed",
              "speed": null,
              "pass": false,
              "fail": true,
              "pending": false,
              "context": null,
              "code": "cy.get('#generate-board').should('be.visible');",
              "err": {
                "message": "CypressError: Timed out retrying: Expected to find element: '#generate-board', but never found it.",
                "estack": "CypressError: Timed out retrying: Expected to find element: '#generate-board', but never found it.\n    at cypressErr (http://localhost:46153/__cypress/runner/cypress_runner.js:149934:9)\n    at throwErr (http://localhost:46153/__cypress/runner/cypress_runner.js:149867:11)\n    at Object.throwErrByPath (http://localhost:46153/__cypress/runner/cypress_runner.js:149915:3)\n    at retry (http://localhost:46153/__cypress/runner/cypress_runner.js:144197:19)\n    at onFailFn (http://localhost:46153/__cypress/runner/cypress_runner.js:132448:16)\n    at tryCatcher (http://localhost:46153/__cypress/runner/cypress_runner.js:167415:23)\n    at Promise._settlePromiseFromHandler (http://localhost:46153/__cypress/runner/cypress_runner.js:165351:31)\n    at Promise._settlePromise (http://localhost:46153/__cypress/runner/cypress_runner.js:165408:18)\n    at Promise._settlePromise0 (http://localhost:46153/__cypress/runner/cypress_runner.js:165453:10)\n    at Promise._settlePromises (http://localhost:46153/__cypress/runner/cypress_runner.js:165528:18)\n    at Async../node_modules/bluebird/js/release/async.js.Async._drainQueue (http://localhost:46153/__cypress/runner/cypress_runner.js:162140:16)\n    at Async../node_modules/bluebird/js/release/async.js.Async._drainQueues (http://localhost:46153/__cypress/runner/cypress_runner.js:162150:10)\n    at Async.drainQueues (http://localhost:46153/__cypress/runner/cypress_runner.js:162024:14)",
                "diff": null
              },
              "uuid": "79ce2816-18ac-411f-b4e5-6ad2fd8907ea",
              "parentUUID": "dfb6a3f8-94cf-438b-99b4-64f07d2e875c",
              "isHook": false,
              "skipped": false
            },
            {
              "title": "Verifica se o input só aceita número maiores que zero. Essa restrição deve ser feita usando os atributos do elemento `input`",
              "fullTitle": "10 - Faça o quadro de pixels ter seu tamanho definido pelo usuário. Verifica se o input só aceita número maiores que zero. Essa restrição deve ser feita usando os atributos do elemento `input`",
              "timedOut": null,
              "duration": 4218,
              "state": "failed",
              "speed": null,
              "pass": false,
              "fail": true,
              "pending": false,
              "context": null,
              "code": "cy.get('#board-size[type=\\'number\\'][min=\\'1\\']');",
              "err": {
                "message": "CypressError: Timed out retrying: Expected to find element: '#board-size[type='number'][min='1']', but never found it.",
                "estack": "CypressError: Timed out retrying: Expected to find element: '#board-size[type='number'][min='1']', but never found it.\n    at cypressErr (http://localhost:46153/__cypress/runner/cypress_runner.js:149934:9)\n    at throwErr (http://localhost:46153/__cypress/runner/cypress_runner.js:149867:11)\n    at Object.throwErrByPath (http://localhost:46153/__cypress/runner/cypress_runner.js:149915:3)\n    at retry (http://localhost:46153/__cypress/runner/cypress_runner.js:144197:19)\n    at onFailFn (http://localhost:46153/__cypress/runner/cypress_runner.js:132448:16)\n    at tryCatcher (http://localhost:46153/__cypress/runner/cypress_runner.js:167415:23)\n    at Promise._settlePromiseFromHandler (http://localhost:46153/__cypress/runner/cypress_runner.js:165351:31)\n    at Promise._settlePromise (http://localhost:46153/__cypress/runner/cypress_runner.js:165408:18)\n    at Promise._settlePromise0 (http://localhost:46153/__cypress/runner/cypress_runner.js:165453:10)\n    at Promise._settlePromises (http://localhost:46153/__cypress/runner/cypress_runner.js:165528:18)\n    at Async../node_modules/bluebird/js/release/async.js.Async._drainQueue (http://localhost:46153/__cypress/runner/cypress_runner.js:162140:16)\n    at Async../node_modules/bluebird/js/release/async.js.Async._drainQueues (http://localhost:46153/__cypress/runner/cypress_runner.js:162150:10)\n    at Async.drainQueues (http://localhost:46153/__cypress/runner/cypress_runner.js:162024:14)",
                "diff": null
              },
              "uuid": "cc5ff844-6695-471a-9a10-359349211c0c",
              "parentUUID": "dfb6a3f8-94cf-438b-99b4-64f07d2e875c",
              "isHook": false,
              "skipped": false
            },
            {
              "title": "Verifica se o botão contém o texto 'VQV'",
              "fullTitle": "10 - Faça o quadro de pixels ter seu tamanho definido pelo usuário. Verifica se o botão contém o texto 'VQV'",
              "timedOut": null,
              "duration": 4219,
              "state": "failed",
              "speed": null,
              "pass": false,
              "fail": true,
              "pending": false,
              "context": null,
              "code": "cy.get('#generate-board').contains(/vqv/i);",
              "err": {
                "message": "CypressError: Timed out retrying: Expected to find element: '#generate-board', but never found it.",
                "estack": "CypressError: Timed out retrying: Expected to find element: '#generate-board', but never found it.\n    at cypressErr (http://localhost:46153/__cypress/runner/cypress_runner.js:149934:9)\n    at throwErr (http://localhost:46153/__cypress/runner/cypress_runner.js:149867:11)\n    at Object.throwErrByPath (http://localhost:46153/__cypress/runner/cypress_runner.js:149915:3)\n    at retry (http://localhost:46153/__cypress/runner/cypress_runner.js:144197:19)\n    at onFailFn (http://localhost:46153/__cypress/runner/cypress_runner.js:132448:16)\n    at tryCatcher (http://localhost:46153/__cypress/runner/cypress_runner.js:167415:23)\n    at Promise._settlePromiseFromHandler (http://localhost:46153/__cypress/runner/cypress_runner.js:165351:31)\n    at Promise._settlePromise (http://localhost:46153/__cypress/runner/cypress_runner.js:165408:18)\n    at Promise._settlePromise0 (http://localhost:46153/__cypress/runner/cypress_runner.js:165453:10)\n    at Promise._settlePromises (http://localhost:46153/__cypress/runner/cypress_runner.js:165528:18)\n    at Async../node_modules/bluebird/js/release/async.js.Async._drainQueue (http://localhost:46153/__cypress/runner/cypress_runner.js:162140:16)\n    at Async../node_modules/bluebird/js/release/async.js.Async._drainQueues (http://localhost:46153/__cypress/runner/cypress_runner.js:162150:10)\n    at Async.drainQueues (http://localhost:46153/__cypress/runner/cypress_runner.js:162024:14)",
                "diff": null
              },
              "uuid": "db9820ab-5f99-4666-bd90-c6ec830f4a85",
              "parentUUID": "dfb6a3f8-94cf-438b-99b4-64f07d2e875c",
              "isHook": false,
              "skipped": false
            },
            {
              "title": "Verifica se o input está posicionado entre a paleta de cores e o quadro de pixels",
              "fullTitle": "10 - Faça o quadro de pixels ter seu tamanho definido pelo usuário. Verifica se o input está posicionado entre a paleta de cores e o quadro de pixels",
              "timedOut": null,
              "duration": 4214,
              "state": "failed",
              "speed": null,
              "pass": false,
              "fail": true,
              "pending": false,
              "context": null,
              "code": "cy.get('#color-palette').then(function (palette) {\n  cy.get('#board-size').should('be.belowOf', palette);\n});\ncy.get('#board-size').then(function (palette) {\n  cy.get('#pixel-board').should('be.belowOf', palette);\n});",
              "err": {
                "message": "CypressError: Timed out retrying: Expected to find element: '#board-size', but never found it.",
                "estack": "CypressError: Timed out retrying: Expected to find element: '#board-size', but never found it.\n    at cypressErr (http://localhost:46153/__cypress/runner/cypress_runner.js:149934:9)\n    at throwErr (http://localhost:46153/__cypress/runner/cypress_runner.js:149867:11)\n    at Object.throwErrByPath (http://localhost:46153/__cypress/runner/cypress_runner.js:149915:3)\n    at retry (http://localhost:46153/__cypress/runner/cypress_runner.js:144197:19)\n    at onFailFn (http://localhost:46153/__cypress/runner/cypress_runner.js:132448:16)\n    at tryCatcher (http://localhost:46153/__cypress/runner/cypress_runner.js:167415:23)\n    at Promise._settlePromiseFromHandler (http://localhost:46153/__cypress/runner/cypress_runner.js:165351:31)\n    at Promise._settlePromise (http://localhost:46153/__cypress/runner/cypress_runner.js:165408:18)\n    at Promise._settlePromise0 (http://localhost:46153/__cypress/runner/cypress_runner.js:165453:10)\n    at Promise._settlePromises (http://localhost:46153/__cypress/runner/cypress_runner.js:165528:18)\n    at Async../node_modules/bluebird/js/release/async.js.Async._drainQueue (http://localhost:46153/__cypress/runner/cypress_runner.js:162140:16)\n    at Async../node_modules/bluebird/js/release/async.js.Async._drainQueues (http://localhost:46153/__cypress/runner/cypress_runner.js:162150:10)\n    at Async.drainQueues (http://localhost:46153/__cypress/runner/cypress_runner.js:162024:14)",
                "diff": null
              },
              "uuid": "571a9ba2-c2da-48a3-bb2a-dda56c203c40",
              "parentUUID": "dfb6a3f8-94cf-438b-99b4-64f07d2e875c",
              "isHook": false,
              "skipped": false
            },
            {
              "title": "Verifica se o botão está posicionado ao lado do input",
              "fullTitle": "10 - Faça o quadro de pixels ter seu tamanho definido pelo usuário. Verifica se o botão está posicionado ao lado do input",
              "timedOut": null,
              "duration": 4214,
              "state": "failed",
              "speed": null,
              "pass": false,
              "fail": true,
              "pending": false,
              "context": null,
              "code": "cy.get('#board-size').then(function (board) {\n  cy.get('#generate-board').should('be.onTheRightOf', board);\n});",
              "err": {
                "message": "CypressError: Timed out retrying: Expected to find element: '#board-size', but never found it.",
                "estack": "CypressError: Timed out retrying: Expected to find element: '#board-size', but never found it.\n    at cypressErr (http://localhost:46153/__cypress/runner/cypress_runner.js:149934:9)\n    at throwErr (http://localhost:46153/__cypress/runner/cypress_runner.js:149867:11)\n    at Object.throwErrByPath (http://localhost:46153/__cypress/runner/cypress_runner.js:149915:3)\n    at retry (http://localhost:46153/__cypress/runner/cypress_runner.js:144197:19)\n    at onFailFn (http://localhost:46153/__cypress/runner/cypress_runner.js:132448:16)\n    at tryCatcher (http://localhost:46153/__cypress/runner/cypress_runner.js:167415:23)\n    at Promise._settlePromiseFromHandler (http://localhost:46153/__cypress/runner/cypress_runner.js:165351:31)\n    at Promise._settlePromise (http://localhost:46153/__cypress/runner/cypress_runner.js:165408:18)\n    at Promise._settlePromise0 (http://localhost:46153/__cypress/runner/cypress_runner.js:165453:10)\n    at Promise._settlePromises (http://localhost:46153/__cypress/runner/cypress_runner.js:165528:18)\n    at Async../node_modules/bluebird/js/release/async.js.Async._drainQueue (http://localhost:46153/__cypress/runner/cypress_runner.js:162140:16)\n    at Async../node_modules/bluebird/js/release/async.js.Async._drainQueues (http://localhost:46153/__cypress/runner/cypress_runner.js:162150:10)\n    at Async.drainQueues (http://localhost:46153/__cypress/runner/cypress_runner.js:162024:14)",
                "diff": null
              },
              "uuid": "a27be815-2379-43aa-a273-7bc40539f85e",
              "parentUUID": "dfb6a3f8-94cf-438b-99b4-64f07d2e875c",
              "isHook": false,
              "skipped": false
            },
            {
              "title": "Verifica se nenhum valor for colocado no input ao clicar no botão, um `alert` é exibido com o texto: 'Board inválido!'",
              "fullTitle": "10 - Faça o quadro de pixels ter seu tamanho definido pelo usuário. Verifica se nenhum valor for colocado no input ao clicar no botão, um `alert` é exibido com o texto: 'Board inválido!'",
              "timedOut": null,
              "duration": 4233,
              "state": "failed",
              "speed": null,
              "pass": false,
              "fail": true,
              "pending": false,
              "context": null,
              "code": "var alerted = false;\ncy.on('window:alert', function (msg) {\n  return alerted = msg;\n});\ncy.get('#generate-board').click().then(function () {\n  return expect(alerted).to.match(/Board inválido!/i);\n});",
              "err": {
                "message": "CypressError: Timed out retrying: Expected to find element: '#generate-board', but never found it.",
                "estack": "CypressError: Timed out retrying: Expected to find element: '#generate-board', but never found it.\n    at cypressErr (http://localhost:46153/__cypress/runner/cypress_runner.js:149934:9)\n    at throwErr (http://localhost:46153/__cypress/runner/cypress_runner.js:149867:11)\n    at Object.throwErrByPath (http://localhost:46153/__cypress/runner/cypress_runner.js:149915:3)\n    at retry (http://localhost:46153/__cypress/runner/cypress_runner.js:144197:19)\n    at onFailFn (http://localhost:46153/__cypress/runner/cypress_runner.js:132448:16)\n    at tryCatcher (http://localhost:46153/__cypress/runner/cypress_runner.js:167415:23)\n    at Promise._settlePromiseFromHandler (http://localhost:46153/__cypress/runner/cypress_runner.js:165351:31)\n    at Promise._settlePromise (http://localhost:46153/__cypress/runner/cypress_runner.js:165408:18)\n    at Promise._settlePromise0 (http://localhost:46153/__cypress/runner/cypress_runner.js:165453:10)\n    at Promise._settlePromises (http://localhost:46153/__cypress/runner/cypress_runner.js:165528:18)\n    at Async../node_modules/bluebird/js/release/async.js.Async._drainQueue (http://localhost:46153/__cypress/runner/cypress_runner.js:162140:16)\n    at Async../node_modules/bluebird/js/release/async.js.Async._drainQueues (http://localhost:46153/__cypress/runner/cypress_runner.js:162150:10)\n    at Async.drainQueues (http://localhost:46153/__cypress/runner/cypress_runner.js:162024:14)",
                "diff": null
              },
              "uuid": "7988e9ef-d0db-482f-8136-43fe9a7598eb",
              "parentUUID": "dfb6a3f8-94cf-438b-99b4-64f07d2e875c",
              "isHook": false,
              "skipped": false
            },
            {
              "title": "Verifica se ao clicar no botão com um valor preenchido, o tamanho do board muda.",
              "fullTitle": "10 - Faça o quadro de pixels ter seu tamanho definido pelo usuário. Verifica se ao clicar no botão com um valor preenchido, o tamanho do board muda.",
              "timedOut": null,
              "duration": 4236,
              "state": "failed",
              "speed": null,
              "pass": false,
              "fail": true,
              "pending": false,
              "context": null,
              "code": "cy.get('#board-size').clear().type(10);\ncy.get('#generate-board').click();\ncy.get('.pixel').should('have.length', 100);",
              "err": {
                "message": "CypressError: Timed out retrying: Expected to find element: '#board-size', but never found it.",
                "estack": "CypressError: Timed out retrying: Expected to find element: '#board-size', but never found it.\n    at cypressErr (http://localhost:46153/__cypress/runner/cypress_runner.js:149934:9)\n    at throwErr (http://localhost:46153/__cypress/runner/cypress_runner.js:149867:11)\n    at Object.throwErrByPath (http://localhost:46153/__cypress/runner/cypress_runner.js:149915:3)\n    at retry (http://localhost:46153/__cypress/runner/cypress_runner.js:144197:19)\n    at onFailFn (http://localhost:46153/__cypress/runner/cypress_runner.js:132448:16)\n    at tryCatcher (http://localhost:46153/__cypress/runner/cypress_runner.js:167415:23)\n    at Promise._settlePromiseFromHandler (http://localhost:46153/__cypress/runner/cypress_runner.js:165351:31)\n    at Promise._settlePromise (http://localhost:46153/__cypress/runner/cypress_runner.js:165408:18)\n    at Promise._settlePromise0 (http://localhost:46153/__cypress/runner/cypress_runner.js:165453:10)\n    at Promise._settlePromises (http://localhost:46153/__cypress/runner/cypress_runner.js:165528:18)\n    at Async../node_modules/bluebird/js/release/async.js.Async._drainQueue (http://localhost:46153/__cypress/runner/cypress_runner.js:162140:16)\n    at Async../node_modules/bluebird/js/release/async.js.Async._drainQueues (http://localhost:46153/__cypress/runner/cypress_runner.js:162150:10)\n    at Async.drainQueues (http://localhost:46153/__cypress/runner/cypress_runner.js:162024:14)",
                "diff": null
              },
              "uuid": "058e2a4c-e75a-4097-ab74-9950132c453e",
              "parentUUID": "dfb6a3f8-94cf-438b-99b4-64f07d2e875c",
              "isHook": false,
              "skipped": false
            },
            {
              "title": "Verifica se o novo quadro tem todos os pixels preenchidos com a cor branca",
              "fullTitle": "10 - Faça o quadro de pixels ter seu tamanho definido pelo usuário. Verifica se o novo quadro tem todos os pixels preenchidos com a cor branca",
              "timedOut": null,
              "duration": 4261,
              "state": "failed",
              "speed": null,
              "pass": false,
              "fail": true,
              "pending": false,
              "context": null,
              "code": "cy.get('#board-size').clear().type(6);\ncy.get('#generate-board').click();\ncy.get('.pixel').should('have.length', 36).each(function (pixel) {\n  expect(pixel).to.have.css('background-color', WHITE);\n});",
              "err": {
                "message": "CypressError: Timed out retrying: Expected to find element: '#board-size', but never found it.",
                "estack": "CypressError: Timed out retrying: Expected to find element: '#board-size', but never found it.\n    at cypressErr (http://localhost:46153/__cypress/runner/cypress_runner.js:149934:9)\n    at throwErr (http://localhost:46153/__cypress/runner/cypress_runner.js:149867:11)\n    at Object.throwErrByPath (http://localhost:46153/__cypress/runner/cypress_runner.js:149915:3)\n    at retry (http://localhost:46153/__cypress/runner/cypress_runner.js:144197:19)\n    at onFailFn (http://localhost:46153/__cypress/runner/cypress_runner.js:132448:16)\n    at tryCatcher (http://localhost:46153/__cypress/runner/cypress_runner.js:167415:23)\n    at Promise._settlePromiseFromHandler (http://localhost:46153/__cypress/runner/cypress_runner.js:165351:31)\n    at Promise._settlePromise (http://localhost:46153/__cypress/runner/cypress_runner.js:165408:18)\n    at Promise._settlePromise0 (http://localhost:46153/__cypress/runner/cypress_runner.js:165453:10)\n    at Promise._settlePromises (http://localhost:46153/__cypress/runner/cypress_runner.js:165528:18)\n    at Async../node_modules/bluebird/js/release/async.js.Async._drainQueue (http://localhost:46153/__cypress/runner/cypress_runner.js:162140:16)\n    at Async../node_modules/bluebird/js/release/async.js.Async._drainQueues (http://localhost:46153/__cypress/runner/cypress_runner.js:162150:10)\n    at Async.drainQueues (http://localhost:46153/__cypress/runner/cypress_runner.js:162024:14)",
                "diff": null
              },
              "uuid": "53081b03-d07e-4a6d-b1d8-0b51d87ea779",
              "parentUUID": "dfb6a3f8-94cf-438b-99b4-64f07d2e875c",
              "isHook": false,
              "skipped": false
            }
          ],
          "suites": [],
          "passes": [],
          "failures": [
            "368e1847-4526-4fb8-a23b-2e9b8989f58b",
            "79ce2816-18ac-411f-b4e5-6ad2fd8907ea",
            "cc5ff844-6695-471a-9a10-359349211c0c",
            "db9820ab-5f99-4666-bd90-c6ec830f4a85",
            "571a9ba2-c2da-48a3-bb2a-dda56c203c40",
            "a27be815-2379-43aa-a273-7bc40539f85e",
            "7988e9ef-d0db-482f-8136-43fe9a7598eb",
            "058e2a4c-e75a-4097-ab74-9950132c453e",
            "53081b03-d07e-4a6d-b1d8-0b51d87ea779"
          ],
          "pending": [],
          "skipped": [],
          "duration": 38064,
          "root": false,
          "rootEmpty": false,
          "_timeout": 2000
        },
        {
          "uuid": "6647a6dd-87de-421c-97f5-edaf1db3ffa2",
          "title": "11 - Limite o tamanho mínimo e máximo do board.",
          "fullFile": "",
          "file": "",
          "beforeHooks": [],
          "afterHooks": [],
          "tests": [
            {
              "title": "Verifica se a altura máxima do board é 50",
              "fullTitle": "11 - Limite o tamanho mínimo e máximo do board. Verifica se a altura máxima do board é 50",
              "timedOut": null,
              "duration": 4216,
              "state": "failed",
              "speed": null,
              "pass": false,
              "fail": true,
              "pending": false,
              "context": null,
              "code": "cy.get('#board-size').clear().type(50);\ncy.get('#generate-board').click();\ncy.get('.pixel').should('have.length', 2500);",
              "err": {
                "message": "CypressError: Timed out retrying: Expected to find element: '#board-size', but never found it.",
                "estack": "CypressError: Timed out retrying: Expected to find element: '#board-size', but never found it.\n    at cypressErr (http://localhost:46153/__cypress/runner/cypress_runner.js:149934:9)\n    at throwErr (http://localhost:46153/__cypress/runner/cypress_runner.js:149867:11)\n    at Object.throwErrByPath (http://localhost:46153/__cypress/runner/cypress_runner.js:149915:3)\n    at retry (http://localhost:46153/__cypress/runner/cypress_runner.js:144197:19)\n    at onFailFn (http://localhost:46153/__cypress/runner/cypress_runner.js:132448:16)\n    at tryCatcher (http://localhost:46153/__cypress/runner/cypress_runner.js:167415:23)\n    at Promise._settlePromiseFromHandler (http://localhost:46153/__cypress/runner/cypress_runner.js:165351:31)\n    at Promise._settlePromise (http://localhost:46153/__cypress/runner/cypress_runner.js:165408:18)\n    at Promise._settlePromise0 (http://localhost:46153/__cypress/runner/cypress_runner.js:165453:10)\n    at Promise._settlePromises (http://localhost:46153/__cypress/runner/cypress_runner.js:165528:18)\n    at Async../node_modules/bluebird/js/release/async.js.Async._drainQueue (http://localhost:46153/__cypress/runner/cypress_runner.js:162140:16)\n    at Async../node_modules/bluebird/js/release/async.js.Async._drainQueues (http://localhost:46153/__cypress/runner/cypress_runner.js:162150:10)\n    at Async.drainQueues (http://localhost:46153/__cypress/runner/cypress_runner.js:162024:14)",
                "diff": null
              },
              "uuid": "b76972b2-52bd-48bc-85ef-4ccfeea1f4c5",
              "parentUUID": "6647a6dd-87de-421c-97f5-edaf1db3ffa2",
              "isHook": false,
              "skipped": false
            },
            {
              "title": "Verifica se a altura do board é 5 quando um valor menor é colocado no input",
              "fullTitle": "11 - Limite o tamanho mínimo e máximo do board. Verifica se a altura do board é 5 quando um valor menor é colocado no input",
              "timedOut": null,
              "duration": 4210,
              "state": "failed",
              "speed": null,
              "pass": false,
              "fail": true,
              "pending": false,
              "context": null,
              "code": "cy.get('#board-size').clear().type(4);\ncy.get('#generate-board').click();\ncy.get('.pixel').should('have.length', 25);",
              "err": {
                "message": "CypressError: Timed out retrying: Expected to find element: '#board-size', but never found it.",
                "estack": "CypressError: Timed out retrying: Expected to find element: '#board-size', but never found it.\n    at cypressErr (http://localhost:46153/__cypress/runner/cypress_runner.js:149934:9)\n    at throwErr (http://localhost:46153/__cypress/runner/cypress_runner.js:149867:11)\n    at Object.throwErrByPath (http://localhost:46153/__cypress/runner/cypress_runner.js:149915:3)\n    at retry (http://localhost:46153/__cypress/runner/cypress_runner.js:144197:19)\n    at onFailFn (http://localhost:46153/__cypress/runner/cypress_runner.js:132448:16)\n    at tryCatcher (http://localhost:46153/__cypress/runner/cypress_runner.js:167415:23)\n    at Promise._settlePromiseFromHandler (http://localhost:46153/__cypress/runner/cypress_runner.js:165351:31)\n    at Promise._settlePromise (http://localhost:46153/__cypress/runner/cypress_runner.js:165408:18)\n    at Promise._settlePromise0 (http://localhost:46153/__cypress/runner/cypress_runner.js:165453:10)\n    at Promise._settlePromises (http://localhost:46153/__cypress/runner/cypress_runner.js:165528:18)\n    at Async../node_modules/bluebird/js/release/async.js.Async._drainQueue (http://localhost:46153/__cypress/runner/cypress_runner.js:162140:16)\n    at Async../node_modules/bluebird/js/release/async.js.Async._drainQueues (http://localhost:46153/__cypress/runner/cypress_runner.js:162150:10)\n    at Async.drainQueues (http://localhost:46153/__cypress/runner/cypress_runner.js:162024:14)",
                "diff": null
              },
              "uuid": "6bc50081-1aec-4302-9a7c-b667839375e5",
              "parentUUID": "6647a6dd-87de-421c-97f5-edaf1db3ffa2",
              "isHook": false,
              "skipped": false
            },
            {
              "title": "Verifica se a altura do board é 50 quando um valor maior é colocado no input",
              "fullTitle": "11 - Limite o tamanho mínimo e máximo do board. Verifica se a altura do board é 50 quando um valor maior é colocado no input",
              "timedOut": null,
              "duration": 4219,
              "state": "failed",
              "speed": null,
              "pass": false,
              "fail": true,
              "pending": false,
              "context": null,
              "code": "cy.get('#board-size').clear().type(51);\ncy.get('#generate-board').click();\ncy.get('.pixel').should('have.length', 2500);",
              "err": {
                "message": "CypressError: Timed out retrying: Expected to find element: '#board-size', but never found it.",
                "estack": "CypressError: Timed out retrying: Expected to find element: '#board-size', but never found it.\n    at cypressErr (http://localhost:46153/__cypress/runner/cypress_runner.js:149934:9)\n    at throwErr (http://localhost:46153/__cypress/runner/cypress_runner.js:149867:11)\n    at Object.throwErrByPath (http://localhost:46153/__cypress/runner/cypress_runner.js:149915:3)\n    at retry (http://localhost:46153/__cypress/runner/cypress_runner.js:144197:19)\n    at onFailFn (http://localhost:46153/__cypress/runner/cypress_runner.js:132448:16)\n    at tryCatcher (http://localhost:46153/__cypress/runner/cypress_runner.js:167415:23)\n    at Promise._settlePromiseFromHandler (http://localhost:46153/__cypress/runner/cypress_runner.js:165351:31)\n    at Promise._settlePromise (http://localhost:46153/__cypress/runner/cypress_runner.js:165408:18)\n    at Promise._settlePromise0 (http://localhost:46153/__cypress/runner/cypress_runner.js:165453:10)\n    at Promise._settlePromises (http://localhost:46153/__cypress/runner/cypress_runner.js:165528:18)\n    at Async../node_modules/bluebird/js/release/async.js.Async._drainQueue (http://localhost:46153/__cypress/runner/cypress_runner.js:162140:16)\n    at Async../node_modules/bluebird/js/release/async.js.Async._drainQueues (http://localhost:46153/__cypress/runner/cypress_runner.js:162150:10)\n    at Async.drainQueues (http://localhost:46153/__cypress/runner/cypress_runner.js:162024:14)",
                "diff": null
              },
              "uuid": "27199d23-955f-4813-9fbe-56cf2273603d",
              "parentUUID": "6647a6dd-87de-421c-97f5-edaf1db3ffa2",
              "isHook": false,
              "skipped": false
            }
          ],
          "suites": [],
          "passes": [],
          "failures": [
            "b76972b2-52bd-48bc-85ef-4ccfeea1f4c5",
            "6bc50081-1aec-4302-9a7c-b667839375e5",
            "27199d23-955f-4813-9fbe-56cf2273603d"
          ],
          "pending": [],
          "skipped": [],
          "duration": 12645,
          "root": false,
          "rootEmpty": false,
          "_timeout": 2000
        },
        {
          "uuid": "cecf1ebc-081b-46de-88f4-f70d2de0044a",
          "title": "12 - Faça com que as cores da paleta sejam geradas aleatoriamente ao carregar a página.",
          "fullFile": "",
          "file": "",
          "beforeHooks": [],
          "afterHooks": [],
          "tests": [
            {
              "title": "Verifica se as cores geradas na paleta são diferentes a cada carregamento da página",
              "fullTitle": "12 - Faça com que as cores da paleta sejam geradas aleatoriamente ao carregar a página. Verifica se as cores geradas na paleta são diferentes a cada carregamento da página",
              "timedOut": null,
              "duration": 304,
              "state": "failed",
              "speed": null,
              "pass": false,
              "fail": true,
              "pending": false,
              "context": null,
              "code": "cy.get('.color').then(function (colors) {\n  var currentColors;\n  var previousColors;\n  previousColors = Array.from(colors).map(function (color) {\n    return Cypress.$(color).css('background-color');\n  });\n  for (var i = 0; i < 5; i += 1) {\n    cy.reload();\n    cy.get('.color').then(function (colors) {\n      currentColors = Array.from(colors).map(function (color) {\n        return Cypress.$(color).css('background-color');\n      });\n      expect(currentColors).not.to.deep.equal(previousColors);\n      previousColors = currentColors;\n    });\n  }\n});",
              "err": {
                "message": "AssertionError: expected [ Array(4) ] to not deeply equal [ Array(4) ]",
                "estack": "AssertionError: expected [ Array(4) ] to not deeply equal [ Array(4) ]\n    at getRet (http://localhost:46153/__cypress/runner/cypress_runner.js:136585:16)\n    at tryCatcher (http://localhost:46153/__cypress/runner/cypress_runner.js:167415:23)\n    at Function.Promise.attempt.Promise.try (http://localhost:46153/__cypress/runner/cypress_runner.js:164690:29)\n    at Context.thenFn (http://localhost:46153/__cypress/runner/cypress_runner.js:136599:23)\n    at Context.then (http://localhost:46153/__cypress/runner/cypress_runner.js:136971:21)\n    at Context.<anonymous> (http://localhost:46153/__cypress/runner/cypress_runner.js:148875:21)\n    at http://localhost:46153/__cypress/runner/cypress_runner.js:148351:33\n    at tryCatcher (http://localhost:46153/__cypress/runner/cypress_runner.js:167415:23)\n    at Promise._settlePromiseFromHandler (http://localhost:46153/__cypress/runner/cypress_runner.js:165351:31)\n    at Promise._settlePromise (http://localhost:46153/__cypress/runner/cypress_runner.js:165408:18)\n    at Promise._settlePromiseCtx (http://localhost:46153/__cypress/runner/cypress_runner.js:165445:10)\n    at Async../node_modules/bluebird/js/release/async.js.Async._drainQueue (http://localhost:46153/__cypress/runner/cypress_runner.js:162145:12)\n    at Async../node_modules/bluebird/js/release/async.js.Async._drainQueues (http://localhost:46153/__cypress/runner/cypress_runner.js:162150:10)\n    at Async.drainQueues (http://localhost:46153/__cypress/runner/cypress_runner.js:162024:14)",
                "diff": ""
              },
              "uuid": "ebd5b413-a146-4ae3-88b9-547d095b3c52",
              "parentUUID": "cecf1ebc-081b-46de-88f4-f70d2de0044a",
              "isHook": false,
              "skipped": false
            },
            {
              "title": "Verifica se a cor preta ainda está presente e é a primeira na sua paleta de cores",
              "fullTitle": "12 - Faça com que as cores da paleta sejam geradas aleatoriamente ao carregar a página. Verifica se a cor preta ainda está presente e é a primeira na sua paleta de cores",
              "timedOut": null,
              "duration": 260,
              "state": "failed",
              "speed": null,
              "pass": false,
              "fail": true,
              "pending": false,
              "context": null,
              "code": "cy.get('.color').then(function (colors) {\n  var currentColors;\n  var previousColors;\n  previousColors = Array.from(colors).map(function (color) {\n    return Cypress.$(color).css('background-color');\n  });\n  expect(previousColors[0]).to.eq(BLACK);\n  for (var i = 0; i < 5; i += 1) {\n    cy.reload();\n    cy.get('.color').then(function (colors) {\n      currentColors = Array.from(colors).map(function (color) {\n        return Cypress.$(color).css('background-color');\n      });\n      expect(currentColors[0]).to.eq(BLACK);\n      expect(currentColors).not.to.deep.equal(previousColors);\n      previousColors = currentColors;\n    });\n  }\n});",
              "err": {
                "message": "AssertionError: expected [ Array(4) ] to not deeply equal [ Array(4) ]",
                "estack": "AssertionError: expected [ Array(4) ] to not deeply equal [ Array(4) ]\n    at getRet (http://localhost:46153/__cypress/runner/cypress_runner.js:136585:16)\n    at tryCatcher (http://localhost:46153/__cypress/runner/cypress_runner.js:167415:23)\n    at Function.Promise.attempt.Promise.try (http://localhost:46153/__cypress/runner/cypress_runner.js:164690:29)\n    at Context.thenFn (http://localhost:46153/__cypress/runner/cypress_runner.js:136599:23)\n    at Context.then (http://localhost:46153/__cypress/runner/cypress_runner.js:136971:21)\n    at Context.<anonymous> (http://localhost:46153/__cypress/runner/cypress_runner.js:148875:21)\n    at http://localhost:46153/__cypress/runner/cypress_runner.js:148351:33\n    at tryCatcher (http://localhost:46153/__cypress/runner/cypress_runner.js:167415:23)\n    at Promise._settlePromiseFromHandler (http://localhost:46153/__cypress/runner/cypress_runner.js:165351:31)\n    at Promise._settlePromise (http://localhost:46153/__cypress/runner/cypress_runner.js:165408:18)\n    at Promise._settlePromiseCtx (http://localhost:46153/__cypress/runner/cypress_runner.js:165445:10)\n    at Async../node_modules/bluebird/js/release/async.js.Async._drainQueue (http://localhost:46153/__cypress/runner/cypress_runner.js:162145:12)\n    at Async../node_modules/bluebird/js/release/async.js.Async._drainQueues (http://localhost:46153/__cypress/runner/cypress_runner.js:162150:10)\n    at Async.drainQueues (http://localhost:46153/__cypress/runner/cypress_runner.js:162024:14)",
                "diff": ""
              },
              "uuid": "36009448-66e2-4db2-b14d-9335b27b282e",
              "parentUUID": "cecf1ebc-081b-46de-88f4-f70d2de0044a",
              "isHook": false,
              "skipped": false
            }
          ],
          "suites": [],
          "passes": [],
          "failures": [
            "ebd5b413-a146-4ae3-88b9-547d095b3c52",
            "36009448-66e2-4db2-b14d-9335b27b282e"
          ],
          "pending": [],
          "skipped": [],
          "duration": 564,
          "root": false,
          "rootEmpty": false,
          "_timeout": 2000
        }
      ],
      "passes": [],
      "failures": [],
      "pending": [],
      "skipped": [],
      "duration": 0,
      "root": true,
      "rootEmpty": true,
      "_timeout": 2000
    }
  ],
  "meta": {
    "mocha": {
      "version": "7.0.1"
    },
    "mochawesome": {
      "options": {
        "quiet": false,
        "reportFilename": "mochawesome",
        "saveHtml": false,
        "saveJson": true,
        "consoleReporter": "spec",
        "useInlineDiffs": false
      },
      "version": "4.1.0"
    },
    "marge": {
      "options": {
        "id": "default",
        "reportDir": "cypress/reports",
        "overwrite": true,
        "html": false,
        "json": true
      },
      "version": "4.1.0"
    }
  }
}