{
  "stats": {
    "suites": 12,
    "tests": 41,
    "passes": 23,
    "pending": 0,
    "failures": 18,
    "start": "2021-08-17T19:30:19.031Z",
    "end": "2021-08-17T19:32:03.802Z",
    "duration": 104771,
    "testsRegistered": 41,
    "passPercent": 56.09756097560976,
    "pendingPercent": 0,
    "other": 0,
    "hasOther": false,
    "skipped": 0,
    "hasSkipped": false
  },
  "results": [
    {
      "uuid": "9ef60793-42bb-471a-95f2-a40363c7810c",
      "title": "",
      "fullFile": "cypress/integration/project.spec.js",
      "file": "cypress/integration/project.spec.js",
      "beforeHooks": [],
      "afterHooks": [],
      "tests": [],
      "suites": [
        {
          "uuid": "e5f9a498-bd8a-4843-8ccb-5186c0b30ecc",
          "title": "1 - Adicione à página o título \"Paleta de Cores\".",
          "fullFile": "",
          "file": "",
          "beforeHooks": [],
          "afterHooks": [],
          "tests": [
            {
              "title": "Verifica se contém um elemento `h1` com o id `title` com o título correto",
              "fullTitle": "1 - Adicione à página o título \"Paleta de Cores\". Verifica se contém um elemento `h1` com o id `title` com o título correto",
              "timedOut": null,
              "duration": 774,
              "state": "passed",
              "speed": "slow",
              "pass": true,
              "fail": false,
              "pending": false,
              "context": null,
              "code": "cy.get('h1#title').should('contain.text', 'Paleta de Cores');",
              "err": {},
              "uuid": "cd3c644c-6da5-4d5b-8a1c-d130fd8ffe53",
              "parentUUID": "e5f9a498-bd8a-4843-8ccb-5186c0b30ecc",
              "isHook": false,
              "skipped": false
            }
          ],
          "suites": [],
          "passes": [
            "cd3c644c-6da5-4d5b-8a1c-d130fd8ffe53"
          ],
          "failures": [],
          "pending": [],
          "skipped": [],
          "duration": 774,
          "root": false,
          "rootEmpty": false,
          "_timeout": 2000
        },
        {
          "uuid": "fcd53088-b753-4880-8c6b-48c156e69aee",
          "title": "2 - Adicione à página uma paleta de quatro cores distintas.",
          "fullFile": "",
          "file": "",
          "beforeHooks": [],
          "afterHooks": [],
          "tests": [
            {
              "title": "A paleta de cores deve ser um elemento com `id` denominado `color-palette`",
              "fullTitle": "2 - Adicione à página uma paleta de quatro cores distintas. A paleta de cores deve ser um elemento com `id` denominado `color-palette`",
              "timedOut": null,
              "duration": 195,
              "state": "passed",
              "speed": "slow",
              "pass": true,
              "fail": false,
              "pending": false,
              "context": null,
              "code": "cy.get('#color-palette').should('be.visible');",
              "err": {},
              "uuid": "dcbf3a6b-8b40-474d-8116-fc7aebb91dca",
              "parentUUID": "fcd53088-b753-4880-8c6b-48c156e69aee",
              "isHook": false,
              "skipped": false
            },
            {
              "title": "Verifica se cada cor individual da paleta de cores possui a `classe` chamada `color`.",
              "fullTitle": "2 - Adicione à página uma paleta de quatro cores distintas. Verifica se cada cor individual da paleta de cores possui a `classe` chamada `color`.",
              "timedOut": null,
              "duration": 222,
              "state": "passed",
              "speed": "slow",
              "pass": true,
              "fail": false,
              "pending": false,
              "context": null,
              "code": "cy.get('.color').should('have.length', 4).then(function (colors) {\n  for (var i = 0; i < colors.length; i++) {\n    cy.wrap(colors[i]).should('be.visible');\n  }\n});",
              "err": {},
              "uuid": "c5bb2cfe-5dec-4869-a75f-27e508803726",
              "parentUUID": "fcd53088-b753-4880-8c6b-48c156e69aee",
              "isHook": false,
              "skipped": false
            },
            {
              "title": "Verifica se a cor de fundo de cada elemento da paleta é a cor que o elemento representa. **A única cor não permitida na paleta é a cor branca.**",
              "fullTitle": "2 - Adicione à página uma paleta de quatro cores distintas. Verifica se a cor de fundo de cada elemento da paleta é a cor que o elemento representa. **A única cor não permitida na paleta é a cor branca.**",
              "timedOut": null,
              "duration": 258,
              "state": "passed",
              "speed": "slow",
              "pass": true,
              "fail": false,
              "pending": false,
              "context": null,
              "code": "cy.get('.color').each(function (color) {\n  cy.wrap(color).should('have.class', 'color').and('not.have.css', 'background-color', WHITE);\n  cy.wrap(color).should('have.css', 'background-color');\n});",
              "err": {},
              "uuid": "c5f93284-d3cf-4ed7-a926-ff4d58d8ecc7",
              "parentUUID": "fcd53088-b753-4880-8c6b-48c156e69aee",
              "isHook": false,
              "skipped": false
            },
            {
              "title": "Verifica se cada elemento da paleta de cores tem uma borda preta, sólida e com 1 pixel de largura;",
              "fullTitle": "2 - Adicione à página uma paleta de quatro cores distintas. Verifica se cada elemento da paleta de cores tem uma borda preta, sólida e com 1 pixel de largura;",
              "timedOut": null,
              "duration": 228,
              "state": "passed",
              "speed": "slow",
              "pass": true,
              "fail": false,
              "pending": false,
              "context": null,
              "code": "cy.get('.color').each(function (color) {\n  cy.wrap(color).and('have.css', 'border', \"1px solid \".concat(BLACK)).and('have.class', 'color');\n});",
              "err": {},
              "uuid": "9f409da7-eaf3-4a0b-9f29-702293faa839",
              "parentUUID": "fcd53088-b753-4880-8c6b-48c156e69aee",
              "isHook": false,
              "skipped": false
            },
            {
              "title": "Verifica se a paleta lista todas as cores disponíveis para utilização, lado a lado.",
              "fullTitle": "2 - Adicione à página uma paleta de quatro cores distintas. Verifica se a paleta lista todas as cores disponíveis para utilização, lado a lado.",
              "timedOut": null,
              "duration": 130,
              "state": "passed",
              "speed": "slow",
              "pass": true,
              "fail": false,
              "pending": false,
              "context": null,
              "code": "cy.get('.color').then(function (colors) {\n  for (var index = 1; index < colors.length; index += 1) {\n    var currentColor = colors[index];\n    var previousColor = colors[index - 1];\n    cy.wrap(currentColor).should('be.onTheRightOf', previousColor).and('be.horizontallyAlignedWith', previousColor);\n  }\n});",
              "err": {},
              "uuid": "fe38fd70-506e-42f3-bad2-372b416d39d6",
              "parentUUID": "fcd53088-b753-4880-8c6b-48c156e69aee",
              "isHook": false,
              "skipped": false
            },
            {
              "title": "Verifica se a paleta de cores está posicionada abaixo do título 'Paleta de Cores'",
              "fullTitle": "2 - Adicione à página uma paleta de quatro cores distintas. Verifica se a paleta de cores está posicionada abaixo do título 'Paleta de Cores'",
              "timedOut": null,
              "duration": 140,
              "state": "passed",
              "speed": "slow",
              "pass": true,
              "fail": false,
              "pending": false,
              "context": null,
              "code": "cy.get('h1#title').then(function (title) {\n  cy.get('#color-palette').should('be.belowOf', title);\n});",
              "err": {},
              "uuid": "67ba464a-8af6-49c7-a7ea-ee7847493e74",
              "parentUUID": "fcd53088-b753-4880-8c6b-48c156e69aee",
              "isHook": false,
              "skipped": false
            },
            {
              "title": "Verifica se a paleta de cores não contém cores repetidas.",
              "fullTitle": "2 - Adicione à página uma paleta de quatro cores distintas. Verifica se a paleta de cores não contém cores repetidas.",
              "timedOut": null,
              "duration": 122,
              "state": "passed",
              "speed": "slow",
              "pass": true,
              "fail": false,
              "pending": false,
              "context": null,
              "code": "cy.get('.color').then(function (colors) {\n  var allColors = Array.from(colors).map(function (color) {\n    return Cypress.$(color).css('background-color');\n  });\n  cy.log(allColors);\n  var uniqColors = (0, _toConsumableArray2[\"default\"])(new Set(allColors));\n  cy.log(uniqColors);\n  expect(allColors.length).to.eq(uniqColors.length);\n});",
              "err": {},
              "uuid": "2e53e709-dd61-49a3-acc5-d5383a5715f9",
              "parentUUID": "fcd53088-b753-4880-8c6b-48c156e69aee",
              "isHook": false,
              "skipped": false
            }
          ],
          "suites": [],
          "passes": [
            "dcbf3a6b-8b40-474d-8116-fc7aebb91dca",
            "c5bb2cfe-5dec-4869-a75f-27e508803726",
            "c5f93284-d3cf-4ed7-a926-ff4d58d8ecc7",
            "9f409da7-eaf3-4a0b-9f29-702293faa839",
            "fe38fd70-506e-42f3-bad2-372b416d39d6",
            "67ba464a-8af6-49c7-a7ea-ee7847493e74",
            "2e53e709-dd61-49a3-acc5-d5383a5715f9"
          ],
          "failures": [],
          "pending": [],
          "skipped": [],
          "duration": 1295,
          "root": false,
          "rootEmpty": false,
          "_timeout": 2000
        },
        {
          "uuid": "9efeb923-79bf-45fe-9440-191056651427",
          "title": "3 - Adicione a cor **preta** como a primeira cor da paleta de cores.",
          "fullFile": "",
          "file": "",
          "beforeHooks": [],
          "afterHooks": [],
          "tests": [
            {
              "title": "Verifica se a primeira cor da paleta é preta",
              "fullTitle": "3 - Adicione a cor **preta** como a primeira cor da paleta de cores. Verifica se a primeira cor da paleta é preta",
              "timedOut": null,
              "duration": 124,
              "state": "passed",
              "speed": "slow",
              "pass": true,
              "fail": false,
              "pending": false,
              "context": null,
              "code": "cy.get('.color').first().should('have.css', 'background-color', BLACK);",
              "err": {},
              "uuid": "d8bb4976-9ff9-4107-a6aa-8ffa2f94fe63",
              "parentUUID": "9efeb923-79bf-45fe-9440-191056651427",
              "isHook": false,
              "skipped": false
            },
            {
              "title": "Verifica se as demais cores podem ser escolhidas livremente.",
              "fullTitle": "3 - Adicione a cor **preta** como a primeira cor da paleta de cores. Verifica se as demais cores podem ser escolhidas livremente.",
              "timedOut": null,
              "duration": 294,
              "state": "passed",
              "speed": "slow",
              "pass": true,
              "fail": false,
              "pending": false,
              "context": null,
              "code": "cy.get('.color').eq(1).should('not.have.css', 'background-color', BLACK);\ncy.get('.color').eq(1).should('not.have.css', 'background-color', WHITE);\ncy.get('.color').eq(1).should('not.have.css', 'background-color', 'rgba(0, 0, 0, 0)');\ncy.get('.color').eq(1).should('have.css', 'background-color');\ncy.get('.color').eq(2).should('not.have.css', 'background-color', BLACK);\ncy.get('.color').eq(2).should('not.have.css', 'background-color', WHITE);\ncy.get('.color').eq(2).should('not.have.css', 'background-color', 'rgba(0, 0, 0, 0)');\ncy.get('.color').eq(2).should('have.css', 'background-color');\ncy.get('.color').eq(3).should('not.have.css', 'background-color', BLACK);\ncy.get('.color').eq(3).should('not.have.css', 'background-color', WHITE);\ncy.get('.color').eq(3).should('not.have.css', 'background-color', 'rgba(0, 0, 0, 0)');\ncy.get('.color').eq(3).should('have.css', 'background-color');",
              "err": {},
              "uuid": "548aea2d-18e5-466f-91e3-8344b2b729c7",
              "parentUUID": "9efeb923-79bf-45fe-9440-191056651427",
              "isHook": false,
              "skipped": false
            }
          ],
          "suites": [],
          "passes": [
            "d8bb4976-9ff9-4107-a6aa-8ffa2f94fe63",
            "548aea2d-18e5-466f-91e3-8344b2b729c7"
          ],
          "failures": [],
          "pending": [],
          "skipped": [],
          "duration": 418,
          "root": false,
          "rootEmpty": false,
          "_timeout": 2000
        },
        {
          "uuid": "3f74eca0-30df-4a5f-b408-d42f77f120b1",
          "title": "4 - Adicione à página um quadro de pixels, com 25 pixels.",
          "fullFile": "",
          "file": "",
          "beforeHooks": [],
          "afterHooks": [],
          "tests": [
            {
              "title": "Verifica se o quadro de pixels possui o `id` denominado `pixel-board`",
              "fullTitle": "4 - Adicione à página um quadro de pixels, com 25 pixels. Verifica se o quadro de pixels possui o `id` denominado `pixel-board`",
              "timedOut": null,
              "duration": 128,
              "state": "passed",
              "speed": "slow",
              "pass": true,
              "fail": false,
              "pending": false,
              "context": null,
              "code": "cy.get('#pixel-board').should('be.visible');",
              "err": {},
              "uuid": "5e0d89ab-8c45-4599-a11f-9af15c07ab4b",
              "parentUUID": "3f74eca0-30df-4a5f-b408-d42f77f120b1",
              "isHook": false,
              "skipped": false
            },
            {
              "title": "Verifica se cada pixel individual dentro do quadro possui a `classe` denominada `pixel`.",
              "fullTitle": "4 - Adicione à página um quadro de pixels, com 25 pixels. Verifica se cada pixel individual dentro do quadro possui a `classe` denominada `pixel`.",
              "timedOut": null,
              "duration": 205,
              "state": "passed",
              "speed": "slow",
              "pass": true,
              "fail": false,
              "pending": false,
              "context": null,
              "code": "cy.get('.pixel').should('have.length', 25);",
              "err": {},
              "uuid": "bd618e16-f0ab-4f25-8013-0c15823f574e",
              "parentUUID": "3f74eca0-30df-4a5f-b408-d42f77f120b1",
              "isHook": false,
              "skipped": false
            },
            {
              "title": "Verifica se a cor inicial dos pixels dentro do quadro, ao abrir a página, é branca.",
              "fullTitle": "4 - Adicione à página um quadro de pixels, com 25 pixels. Verifica se a cor inicial dos pixels dentro do quadro, ao abrir a página, é branca.",
              "timedOut": null,
              "duration": 287,
              "state": "passed",
              "speed": "slow",
              "pass": true,
              "fail": false,
              "pending": false,
              "context": null,
              "code": "cy.get('.pixel').should('have.length', 25).each(function (pixel) {\n  expect(pixel).to.have.css('background-color', WHITE);\n});",
              "err": {},
              "uuid": "6d050e54-7a7f-4df2-8929-ea0beb61f98a",
              "parentUUID": "3f74eca0-30df-4a5f-b408-d42f77f120b1",
              "isHook": false,
              "skipped": false
            },
            {
              "title": "Verifica se o quadro de pixels aparece abaixo da paleta de cores",
              "fullTitle": "4 - Adicione à página um quadro de pixels, com 25 pixels. Verifica se o quadro de pixels aparece abaixo da paleta de cores",
              "timedOut": null,
              "duration": 159,
              "state": "passed",
              "speed": "slow",
              "pass": true,
              "fail": false,
              "pending": false,
              "context": null,
              "code": "cy.get('#color-palette').then(function (palette) {\n  cy.get('#pixel-board').should('be.belowOf', palette);\n});",
              "err": {},
              "uuid": "3a92b272-e22b-4cee-997f-026197ce51e8",
              "parentUUID": "3f74eca0-30df-4a5f-b408-d42f77f120b1",
              "isHook": false,
              "skipped": false
            }
          ],
          "suites": [],
          "passes": [
            "5e0d89ab-8c45-4599-a11f-9af15c07ab4b",
            "bd618e16-f0ab-4f25-8013-0c15823f574e",
            "6d050e54-7a7f-4df2-8929-ea0beb61f98a",
            "3a92b272-e22b-4cee-997f-026197ce51e8"
          ],
          "failures": [],
          "pending": [],
          "skipped": [],
          "duration": 779,
          "root": false,
          "rootEmpty": false,
          "_timeout": 2000
        },
        {
          "uuid": "f584c820-f030-488c-9f6d-776b4423cb17",
          "title": "5 - Faça com que cada elemento do quadro de pixels possua 40 pixels de largura, 40 pixels de altura e seja delimitado por uma borda preta de 1 pixel.",
          "fullFile": "",
          "file": "",
          "beforeHooks": [],
          "afterHooks": [],
          "tests": [
            {
              "title": "Verifica se o quadro de pixels tem altura e comprimento de 5 elementos",
              "fullTitle": "5 - Faça com que cada elemento do quadro de pixels possua 40 pixels de largura, 40 pixels de altura e seja delimitado por uma borda preta de 1 pixel. Verifica se o quadro de pixels tem altura e comprimento de 5 elementos",
              "timedOut": null,
              "duration": 447,
              "state": "passed",
              "speed": "slow",
              "pass": true,
              "fail": false,
              "pending": false,
              "context": null,
              "code": "cy.get('.pixel').should('have.length', 25).each(function (pixel) {\n  expect(pixel).to.have.css('background-color', WHITE);\n}).and(function (pixels) {\n  var rows = chunk(pixels, 5);\n  rows.forEach(function (row) {\n    for (var index = 1; index < row.length; index += 1) {\n      var current = pixels[index];\n      var previous = pixels[index - 1];\n      cy.wrap(current).should('be.onTheRightOf', previous).and('be.horizontallyAlignedWith', previous);\n    }\n  });\n  for (var index = 1; index < 5; index += 1) {\n    expect(pixels[index * 5]).to.be.belowOf(pixels[(index - 1) * 5]);\n  }\n});",
              "err": {},
              "uuid": "2d67e2bb-d446-4d6c-80b7-5239a657bbca",
              "parentUUID": "f584c820-f030-488c-9f6d-776b4423cb17",
              "isHook": false,
              "skipped": false
            },
            {
              "title": "Verifica se 40 pixels é o tamanho total do elemento, incluindo seu conteúdo e excluindo a borda preta, que deve ser criada à parte.",
              "fullTitle": "5 - Faça com que cada elemento do quadro de pixels possua 40 pixels de largura, 40 pixels de altura e seja delimitado por uma borda preta de 1 pixel. Verifica se 40 pixels é o tamanho total do elemento, incluindo seu conteúdo e excluindo a borda preta, que deve ser criada à parte.",
              "timedOut": null,
              "duration": 460,
              "state": "passed",
              "speed": "slow",
              "pass": true,
              "fail": false,
              "pending": false,
              "context": null,
              "code": "cy.get('.pixel').each(function (pixel) {\n  cy.wrap(pixel).should('have.css', 'height', '40px').and('have.css', 'width', '40px').and('have.css', 'border', \"1px solid \".concat(BLACK));\n});",
              "err": {},
              "uuid": "24e1f3d8-4106-43b7-80f9-86afd636de60",
              "parentUUID": "f584c820-f030-488c-9f6d-776b4423cb17",
              "isHook": false,
              "skipped": false
            }
          ],
          "suites": [],
          "passes": [
            "2d67e2bb-d446-4d6c-80b7-5239a657bbca",
            "24e1f3d8-4106-43b7-80f9-86afd636de60"
          ],
          "failures": [],
          "pending": [],
          "skipped": [],
          "duration": 907,
          "root": false,
          "rootEmpty": false,
          "_timeout": 2000
        },
        {
          "uuid": "d2cb3200-8594-452b-bffe-26899c1b9fd6",
          "title": "6 - Defina a cor preta como cor inicial. Ao carregar a página a cor preta já deve estar selecionada para pintar os pixels",
          "fullFile": "",
          "file": "",
          "beforeHooks": [],
          "afterHooks": [],
          "tests": [
            {
              "title": "Verifica se o elemento da cor preta possui, inicialmente, a `classe` `selected`",
              "fullTitle": "6 - Defina a cor preta como cor inicial. Ao carregar a página a cor preta já deve estar selecionada para pintar os pixels Verifica se o elemento da cor preta possui, inicialmente, a `classe` `selected`",
              "timedOut": null,
              "duration": 121,
              "state": "passed",
              "speed": "slow",
              "pass": true,
              "fail": false,
              "pending": false,
              "context": null,
              "code": "cy.get('.selected').first().should('have.css', 'background-color', BLACK);",
              "err": {},
              "uuid": "9260c565-70fc-4d66-9290-978b9e5dd02f",
              "parentUUID": "d2cb3200-8594-452b-bffe-26899c1b9fd6",
              "isHook": false,
              "skipped": false
            },
            {
              "title": "Verifica se nenhuma outra cor da paleta tem a `classe` `selected`",
              "fullTitle": "6 - Defina a cor preta como cor inicial. Ao carregar a página a cor preta já deve estar selecionada para pintar os pixels Verifica se nenhuma outra cor da paleta tem a `classe` `selected`",
              "timedOut": null,
              "duration": 111,
              "state": "passed",
              "speed": "slow",
              "pass": true,
              "fail": false,
              "pending": false,
              "context": null,
              "code": "cy.get('.color:not(:first-child)').each(function (color) {\n  cy.wrap(color).should('not.have.class', 'selected');\n});",
              "err": {},
              "uuid": "d83640c5-0798-4a75-b252-b739f7648614",
              "parentUUID": "d2cb3200-8594-452b-bffe-26899c1b9fd6",
              "isHook": false,
              "skipped": false
            }
          ],
          "suites": [],
          "passes": [
            "9260c565-70fc-4d66-9290-978b9e5dd02f",
            "d83640c5-0798-4a75-b252-b739f7648614"
          ],
          "failures": [],
          "pending": [],
          "skipped": [],
          "duration": 232,
          "root": false,
          "rootEmpty": false,
          "_timeout": 2000
        },
        {
          "uuid": "a0703571-c452-4c6b-a516-f8ac32dc032a",
          "title": "7 - Clicar em uma das cores da paleta, faz com que ela seja selecionada e utilizada para preencher os pixels no quadro.",
          "fullFile": "",
          "file": "",
          "beforeHooks": [],
          "afterHooks": [],
          "tests": [
            {
              "title": "Verifica se somente uma cor da paleta de cores tem a classe `selected` de cada vez",
              "fullTitle": "7 - Clicar em uma das cores da paleta, faz com que ela seja selecionada e utilizada para preencher os pixels no quadro. Verifica se somente uma cor da paleta de cores tem a classe `selected` de cada vez",
              "timedOut": null,
              "duration": 542,
              "state": "passed",
              "speed": "slow",
              "pass": true,
              "fail": false,
              "pending": false,
              "context": null,
              "code": "cy.get('.color').each(function (selectedColor, selectedColorIndex) {\n  cy.wrap(selectedColor).click();\n  cy.get('.color').each(function (color, colorIndex) {\n    if (colorIndex === selectedColorIndex) {\n      expect(color).to.have[\"class\"]('selected');\n    } else {\n      expect(color).not.to.have[\"class\"]('selected');\n    }\n  });\n});",
              "err": {},
              "uuid": "cf9b669c-9895-4f0f-8a26-dbf7509e1a0e",
              "parentUUID": "a0703571-c452-4c6b-a516-f8ac32dc032a",
              "isHook": false,
              "skipped": false
            },
            {
              "title": "Verifica se os pixels dentro do quadro não têm a classe `selected` quando são clicados",
              "fullTitle": "7 - Clicar em uma das cores da paleta, faz com que ela seja selecionada e utilizada para preencher os pixels no quadro. Verifica se os pixels dentro do quadro não têm a classe `selected` quando são clicados",
              "timedOut": null,
              "duration": 9411,
              "state": "passed",
              "speed": "slow",
              "pass": true,
              "fail": false,
              "pending": false,
              "context": null,
              "code": "cy.get('.color').each(function (color) {\n  var backgroundColor = color.css('background-color');\n  cy.wrap(color).click();\n  cy.get('.pixel').each(function (pixel) {\n    cy.wrap(pixel).click().should('not.have.class', 'selected');\n  });\n});",
              "err": {},
              "uuid": "0a5b9c5d-e41d-4f72-9d9e-fde437cd06ca",
              "parentUUID": "a0703571-c452-4c6b-a516-f8ac32dc032a",
              "isHook": false,
              "skipped": false
            }
          ],
          "suites": [],
          "passes": [
            "cf9b669c-9895-4f0f-8a26-dbf7509e1a0e",
            "0a5b9c5d-e41d-4f72-9d9e-fde437cd06ca"
          ],
          "failures": [],
          "pending": [],
          "skipped": [],
          "duration": 9953,
          "root": false,
          "rootEmpty": false,
          "_timeout": 2000
        },
        {
          "uuid": "c11e01a8-9dec-473c-a2f2-9ebf29dc4b80",
          "title": "8 - Clicar em um pixel dentro do quadro após selecionar uma cor na paleta, faz com que o pixel seja preenchido com a cor selecionada.",
          "fullFile": "",
          "file": "",
          "beforeHooks": [],
          "afterHooks": [],
          "tests": [
            {
              "title": "Verifica se ao carregar a página deve ser possível pintar os pixels de preto",
              "fullTitle": "8 - Clicar em um pixel dentro do quadro após selecionar uma cor na paleta, faz com que o pixel seja preenchido com a cor selecionada. Verifica se ao carregar a página deve ser possível pintar os pixels de preto",
              "timedOut": null,
              "duration": 2433,
              "state": "passed",
              "speed": "slow",
              "pass": true,
              "fail": false,
              "pending": false,
              "context": null,
              "code": "cy.get('.pixel').each(function (pixel) {\n  cy.wrap(pixel).click().should('have.css', 'background-color', BLACK);\n});",
              "err": {},
              "uuid": "1b8bd619-d083-46fb-829f-7158860d17ad",
              "parentUUID": "c11e01a8-9dec-473c-a2f2-9ebf29dc4b80",
              "isHook": false,
              "skipped": false
            },
            {
              "title": "Verifica se após selecionar uma outra cor na paleta, é possível pintar os pixels com essa cor",
              "fullTitle": "8 - Clicar em um pixel dentro do quadro após selecionar uma cor na paleta, faz com que o pixel seja preenchido com a cor selecionada. Verifica se após selecionar uma outra cor na paleta, é possível pintar os pixels com essa cor",
              "timedOut": null,
              "duration": 9377,
              "state": "passed",
              "speed": "slow",
              "pass": true,
              "fail": false,
              "pending": false,
              "context": null,
              "code": "cy.get('.color').each(function (color) {\n  var backgroundColor = color.css('background-color');\n  cy.wrap(color).click();\n  cy.get('.pixel').each(function (pixel) {\n    cy.wrap(pixel).click().should('have.css', 'background-color', backgroundColor);\n  });\n});",
              "err": {},
              "uuid": "2e9a182b-a7b1-4aa2-a337-b9f815cd7c45",
              "parentUUID": "c11e01a8-9dec-473c-a2f2-9ebf29dc4b80",
              "isHook": false,
              "skipped": false
            },
            {
              "title": "Verifica se somente o pixel que foi clicado foi preenchido com a cor selecionada, sem influenciar na cor dos demais pixels.",
              "fullTitle": "8 - Clicar em um pixel dentro do quadro após selecionar uma cor na paleta, faz com que o pixel seja preenchido com a cor selecionada. Verifica se somente o pixel que foi clicado foi preenchido com a cor selecionada, sem influenciar na cor dos demais pixels.",
              "timedOut": null,
              "duration": 2051,
              "state": "passed",
              "speed": "slow",
              "pass": true,
              "fail": false,
              "pending": false,
              "context": null,
              "code": "var colorToPixelIndexMap = {\n  0: 6,\n  1: 8,\n  2: 16,\n  3: 18\n};\ncy.get('.color').each(function (color, index) {\n  cy.wrap(color).click();\n  var backgroundColor = color.css('background-color');\n  var clickedPixelIndex = colorToPixelIndexMap[index];\n  cy.get('.pixel').eq(clickedPixelIndex).click();\n  cy.get('.pixel').eq(clickedPixelIndex - 1).should('not.have.css', 'background-color', backgroundColor);\n  cy.get('.pixel').eq(clickedPixelIndex + 1).should('not.have.css', 'background-color', backgroundColor);\n  cy.get('.pixel').eq(clickedPixelIndex - 5).should('not.have.css', 'background-color', backgroundColor);\n  cy.get('.pixel').eq(clickedPixelIndex + 5).should('not.have.css', 'background-color', backgroundColor);\n  cy.get('.pixel').eq(clickedPixelIndex - 6).should('not.have.css', 'background-color', backgroundColor);\n  cy.get('.pixel').eq(clickedPixelIndex - 4).should('not.have.css', 'background-color', backgroundColor);\n  cy.get('.pixel').eq(clickedPixelIndex + 4).should('not.have.css', 'background-color', backgroundColor);\n  cy.get('.pixel').eq(clickedPixelIndex + 6).should('not.have.css', 'background-color', backgroundColor);\n});",
              "err": {},
              "uuid": "c4d54241-f5c7-4706-88bb-148aab3ef959",
              "parentUUID": "c11e01a8-9dec-473c-a2f2-9ebf29dc4b80",
              "isHook": false,
              "skipped": false
            }
          ],
          "suites": [],
          "passes": [
            "1b8bd619-d083-46fb-829f-7158860d17ad",
            "2e9a182b-a7b1-4aa2-a337-b9f815cd7c45",
            "c4d54241-f5c7-4706-88bb-148aab3ef959"
          ],
          "failures": [],
          "pending": [],
          "skipped": [],
          "duration": 13861,
          "root": false,
          "rootEmpty": false,
          "_timeout": 2000
        },
        {
          "uuid": "a22d33ae-5b54-4fe9-92e9-c1f875836844",
          "title": "9 - Crie um botão que, ao ser clicado, limpa o quadro preenchendo a cor de todos seus pixels com branco.",
          "fullFile": "",
          "file": "",
          "beforeHooks": [],
          "afterHooks": [],
          "tests": [
            {
              "title": "Verifica se o botão tem o `id` denominado `clear-board`",
              "fullTitle": "9 - Crie um botão que, ao ser clicado, limpa o quadro preenchendo a cor de todos seus pixels com branco. Verifica se o botão tem o `id` denominado `clear-board`",
              "timedOut": null,
              "duration": 4470,
              "state": "failed",
              "speed": null,
              "pass": false,
              "fail": true,
              "pending": false,
              "context": null,
              "code": "cy.get('#clear-board').should('be.visible');",
              "err": {
                "message": "CypressError: Timed out retrying: Expected to find element: '#clear-board', but never found it.",
                "estack": "CypressError: Timed out retrying: Expected to find element: '#clear-board', but never found it.\n    at cypressErr (http://localhost:39157/__cypress/runner/cypress_runner.js:149934:9)\n    at throwErr (http://localhost:39157/__cypress/runner/cypress_runner.js:149867:11)\n    at Object.throwErrByPath (http://localhost:39157/__cypress/runner/cypress_runner.js:149915:3)\n    at retry (http://localhost:39157/__cypress/runner/cypress_runner.js:144197:19)\n    at onFailFn (http://localhost:39157/__cypress/runner/cypress_runner.js:132448:16)\n    at tryCatcher (http://localhost:39157/__cypress/runner/cypress_runner.js:167415:23)\n    at Promise._settlePromiseFromHandler (http://localhost:39157/__cypress/runner/cypress_runner.js:165351:31)\n    at Promise._settlePromise (http://localhost:39157/__cypress/runner/cypress_runner.js:165408:18)\n    at Promise._settlePromise0 (http://localhost:39157/__cypress/runner/cypress_runner.js:165453:10)\n    at Promise._settlePromises (http://localhost:39157/__cypress/runner/cypress_runner.js:165528:18)\n    at Async../node_modules/bluebird/js/release/async.js.Async._drainQueue (http://localhost:39157/__cypress/runner/cypress_runner.js:162140:16)\n    at Async../node_modules/bluebird/js/release/async.js.Async._drainQueues (http://localhost:39157/__cypress/runner/cypress_runner.js:162150:10)\n    at Async.drainQueues (http://localhost:39157/__cypress/runner/cypress_runner.js:162024:14)",
                "diff": null
              },
              "uuid": "44bd1cf6-f373-4ddb-a051-241c6fb08e38",
              "parentUUID": "a22d33ae-5b54-4fe9-92e9-c1f875836844",
              "isHook": false,
              "skipped": false
            },
            {
              "title": "Verifica se o botão está posicionado entre a paleta de cores e o quadro de pixels",
              "fullTitle": "9 - Crie um botão que, ao ser clicado, limpa o quadro preenchendo a cor de todos seus pixels com branco. Verifica se o botão está posicionado entre a paleta de cores e o quadro de pixels",
              "timedOut": null,
              "duration": 4414,
              "state": "failed",
              "speed": null,
              "pass": false,
              "fail": true,
              "pending": false,
              "context": null,
              "code": "cy.get('#color-palette').then(function (palette) {\n  cy.get('#clear-board').should('be.belowOf', palette);\n});\ncy.get('#clear-board').then(function (clearBtn) {\n  cy.get('#pixel-board').should('be.belowOf', clearBtn);\n});",
              "err": {
                "message": "CypressError: Timed out retrying: Expected to find element: '#clear-board', but never found it.",
                "estack": "CypressError: Timed out retrying: Expected to find element: '#clear-board', but never found it.\n    at cypressErr (http://localhost:39157/__cypress/runner/cypress_runner.js:149934:9)\n    at throwErr (http://localhost:39157/__cypress/runner/cypress_runner.js:149867:11)\n    at Object.throwErrByPath (http://localhost:39157/__cypress/runner/cypress_runner.js:149915:3)\n    at retry (http://localhost:39157/__cypress/runner/cypress_runner.js:144197:19)\n    at onFailFn (http://localhost:39157/__cypress/runner/cypress_runner.js:132448:16)\n    at tryCatcher (http://localhost:39157/__cypress/runner/cypress_runner.js:167415:23)\n    at Promise._settlePromiseFromHandler (http://localhost:39157/__cypress/runner/cypress_runner.js:165351:31)\n    at Promise._settlePromise (http://localhost:39157/__cypress/runner/cypress_runner.js:165408:18)\n    at Promise._settlePromise0 (http://localhost:39157/__cypress/runner/cypress_runner.js:165453:10)\n    at Promise._settlePromises (http://localhost:39157/__cypress/runner/cypress_runner.js:165528:18)\n    at Async../node_modules/bluebird/js/release/async.js.Async._drainQueue (http://localhost:39157/__cypress/runner/cypress_runner.js:162140:16)\n    at Async../node_modules/bluebird/js/release/async.js.Async._drainQueues (http://localhost:39157/__cypress/runner/cypress_runner.js:162150:10)\n    at Async.drainQueues (http://localhost:39157/__cypress/runner/cypress_runner.js:162024:14)",
                "diff": null
              },
              "uuid": "5e78e41b-1eac-46ff-b0a8-9df91dfc2d1f",
              "parentUUID": "a22d33ae-5b54-4fe9-92e9-c1f875836844",
              "isHook": false,
              "skipped": false
            },
            {
              "title": "Verifica se o texto do botão é 'Limpar'",
              "fullTitle": "9 - Crie um botão que, ao ser clicado, limpa o quadro preenchendo a cor de todos seus pixels com branco. Verifica se o texto do botão é 'Limpar'",
              "timedOut": null,
              "duration": 4401,
              "state": "failed",
              "speed": null,
              "pass": false,
              "fail": true,
              "pending": false,
              "context": null,
              "code": "cy.get('#clear-board').should('contain.text', 'Limpar');",
              "err": {
                "message": "CypressError: Timed out retrying: Expected to find element: '#clear-board', but never found it.",
                "estack": "CypressError: Timed out retrying: Expected to find element: '#clear-board', but never found it.\n    at cypressErr (http://localhost:39157/__cypress/runner/cypress_runner.js:149934:9)\n    at throwErr (http://localhost:39157/__cypress/runner/cypress_runner.js:149867:11)\n    at Object.throwErrByPath (http://localhost:39157/__cypress/runner/cypress_runner.js:149915:3)\n    at retry (http://localhost:39157/__cypress/runner/cypress_runner.js:144197:19)\n    at onFailFn (http://localhost:39157/__cypress/runner/cypress_runner.js:132448:16)\n    at tryCatcher (http://localhost:39157/__cypress/runner/cypress_runner.js:167415:23)\n    at Promise._settlePromiseFromHandler (http://localhost:39157/__cypress/runner/cypress_runner.js:165351:31)\n    at Promise._settlePromise (http://localhost:39157/__cypress/runner/cypress_runner.js:165408:18)\n    at Promise._settlePromise0 (http://localhost:39157/__cypress/runner/cypress_runner.js:165453:10)\n    at Promise._settlePromises (http://localhost:39157/__cypress/runner/cypress_runner.js:165528:18)\n    at Async../node_modules/bluebird/js/release/async.js.Async._drainQueue (http://localhost:39157/__cypress/runner/cypress_runner.js:162140:16)\n    at Async../node_modules/bluebird/js/release/async.js.Async._drainQueues (http://localhost:39157/__cypress/runner/cypress_runner.js:162150:10)\n    at Async.drainQueues (http://localhost:39157/__cypress/runner/cypress_runner.js:162024:14)",
                "diff": null
              },
              "uuid": "b2f27ccc-9b10-402d-a0ba-64499e023f71",
              "parentUUID": "a22d33ae-5b54-4fe9-92e9-c1f875836844",
              "isHook": false,
              "skipped": false
            },
            {
              "title": "Verifica se ao clicar no botão, o quadro de pixels é totalmente preenchido de branco",
              "fullTitle": "9 - Crie um botão que, ao ser clicado, limpa o quadro preenchendo a cor de todos seus pixels com branco. Verifica se ao clicar no botão, o quadro de pixels é totalmente preenchido de branco",
              "timedOut": null,
              "duration": 6706,
              "state": "failed",
              "speed": null,
              "pass": false,
              "fail": true,
              "pending": false,
              "context": null,
              "code": "cy.get('.color').eq(1).then(function (color) {\n  var backgroundColor = color.css('background-color');\n  cy.wrap(color).click();\n  cy.get('.pixel').each(function (pixel) {\n    cy.wrap(pixel).click().should('have.css', 'background-color', backgroundColor);\n  });\n});\ncy.get('#clear-board').click();\ncy.get('.pixel').each(function (pixel) {\n  cy.wrap(pixel).should('have.css', 'background-color', WHITE);\n});",
              "err": {
                "message": "CypressError: Timed out retrying: Expected to find element: '#clear-board', but never found it.",
                "estack": "CypressError: Timed out retrying: Expected to find element: '#clear-board', but never found it.\n    at cypressErr (http://localhost:39157/__cypress/runner/cypress_runner.js:149934:9)\n    at throwErr (http://localhost:39157/__cypress/runner/cypress_runner.js:149867:11)\n    at Object.throwErrByPath (http://localhost:39157/__cypress/runner/cypress_runner.js:149915:3)\n    at retry (http://localhost:39157/__cypress/runner/cypress_runner.js:144197:19)\n    at onFailFn (http://localhost:39157/__cypress/runner/cypress_runner.js:132448:16)\n    at tryCatcher (http://localhost:39157/__cypress/runner/cypress_runner.js:167415:23)\n    at Promise._settlePromiseFromHandler (http://localhost:39157/__cypress/runner/cypress_runner.js:165351:31)\n    at Promise._settlePromise (http://localhost:39157/__cypress/runner/cypress_runner.js:165408:18)\n    at Promise._settlePromise0 (http://localhost:39157/__cypress/runner/cypress_runner.js:165453:10)\n    at Promise._settlePromises (http://localhost:39157/__cypress/runner/cypress_runner.js:165528:18)\n    at Async../node_modules/bluebird/js/release/async.js.Async._drainQueue (http://localhost:39157/__cypress/runner/cypress_runner.js:162140:16)\n    at Async../node_modules/bluebird/js/release/async.js.Async._drainQueues (http://localhost:39157/__cypress/runner/cypress_runner.js:162150:10)\n    at Async.drainQueues (http://localhost:39157/__cypress/runner/cypress_runner.js:162024:14)",
                "diff": null
              },
              "uuid": "7af06f9c-417f-4b6e-a87b-2b3abf679e3c",
              "parentUUID": "a22d33ae-5b54-4fe9-92e9-c1f875836844",
              "isHook": false,
              "skipped": false
            }
          ],
          "suites": [],
          "passes": [],
          "failures": [
            "44bd1cf6-f373-4ddb-a051-241c6fb08e38",
            "5e78e41b-1eac-46ff-b0a8-9df91dfc2d1f",
            "b2f27ccc-9b10-402d-a0ba-64499e023f71",
            "7af06f9c-417f-4b6e-a87b-2b3abf679e3c"
          ],
          "pending": [],
          "skipped": [],
          "duration": 19991,
          "root": false,
          "rootEmpty": false,
          "_timeout": 2000
        },
        {
          "uuid": "08a5a96c-7a0f-473b-a588-560141d45029",
          "title": "10 - Faça o quadro de pixels ter seu tamanho definido pelo usuário.",
          "fullFile": "",
          "file": "",
          "beforeHooks": [],
          "afterHooks": [],
          "tests": [
            {
              "title": "Verifica se existe um input com o id `board-size`",
              "fullTitle": "10 - Faça o quadro de pixels ter seu tamanho definido pelo usuário. Verifica se existe um input com o id `board-size`",
              "timedOut": null,
              "duration": 4471,
              "state": "failed",
              "speed": null,
              "pass": false,
              "fail": true,
              "pending": false,
              "context": null,
              "code": "cy.get('#board-size').should('be.visible');",
              "err": {
                "message": "CypressError: Timed out retrying: Expected to find element: '#board-size', but never found it.",
                "estack": "CypressError: Timed out retrying: Expected to find element: '#board-size', but never found it.\n    at cypressErr (http://localhost:39157/__cypress/runner/cypress_runner.js:149934:9)\n    at throwErr (http://localhost:39157/__cypress/runner/cypress_runner.js:149867:11)\n    at Object.throwErrByPath (http://localhost:39157/__cypress/runner/cypress_runner.js:149915:3)\n    at retry (http://localhost:39157/__cypress/runner/cypress_runner.js:144197:19)\n    at onFailFn (http://localhost:39157/__cypress/runner/cypress_runner.js:132448:16)\n    at tryCatcher (http://localhost:39157/__cypress/runner/cypress_runner.js:167415:23)\n    at Promise._settlePromiseFromHandler (http://localhost:39157/__cypress/runner/cypress_runner.js:165351:31)\n    at Promise._settlePromise (http://localhost:39157/__cypress/runner/cypress_runner.js:165408:18)\n    at Promise._settlePromise0 (http://localhost:39157/__cypress/runner/cypress_runner.js:165453:10)\n    at Promise._settlePromises (http://localhost:39157/__cypress/runner/cypress_runner.js:165528:18)\n    at Async../node_modules/bluebird/js/release/async.js.Async._drainQueue (http://localhost:39157/__cypress/runner/cypress_runner.js:162140:16)\n    at Async../node_modules/bluebird/js/release/async.js.Async._drainQueues (http://localhost:39157/__cypress/runner/cypress_runner.js:162150:10)\n    at Async.drainQueues (http://localhost:39157/__cypress/runner/cypress_runner.js:162024:14)",
                "diff": null
              },
              "uuid": "14a02612-2aaf-42e2-9770-41a8fd1d02f6",
              "parentUUID": "08a5a96c-7a0f-473b-a588-560141d45029",
              "isHook": false,
              "skipped": false
            },
            {
              "title": "Verifica se existe um botão com o id `generate-board`",
              "fullTitle": "10 - Faça o quadro de pixels ter seu tamanho definido pelo usuário. Verifica se existe um botão com o id `generate-board`",
              "timedOut": null,
              "duration": 4516,
              "state": "failed",
              "speed": null,
              "pass": false,
              "fail": true,
              "pending": false,
              "context": null,
              "code": "cy.get('#generate-board').should('be.visible');",
              "err": {
                "message": "CypressError: Timed out retrying: Expected to find element: '#generate-board', but never found it.",
                "estack": "CypressError: Timed out retrying: Expected to find element: '#generate-board', but never found it.\n    at cypressErr (http://localhost:39157/__cypress/runner/cypress_runner.js:149934:9)\n    at throwErr (http://localhost:39157/__cypress/runner/cypress_runner.js:149867:11)\n    at Object.throwErrByPath (http://localhost:39157/__cypress/runner/cypress_runner.js:149915:3)\n    at retry (http://localhost:39157/__cypress/runner/cypress_runner.js:144197:19)\n    at onFailFn (http://localhost:39157/__cypress/runner/cypress_runner.js:132448:16)\n    at tryCatcher (http://localhost:39157/__cypress/runner/cypress_runner.js:167415:23)\n    at Promise._settlePromiseFromHandler (http://localhost:39157/__cypress/runner/cypress_runner.js:165351:31)\n    at Promise._settlePromise (http://localhost:39157/__cypress/runner/cypress_runner.js:165408:18)\n    at Promise._settlePromise0 (http://localhost:39157/__cypress/runner/cypress_runner.js:165453:10)\n    at Promise._settlePromises (http://localhost:39157/__cypress/runner/cypress_runner.js:165528:18)\n    at Async../node_modules/bluebird/js/release/async.js.Async._drainQueue (http://localhost:39157/__cypress/runner/cypress_runner.js:162140:16)\n    at Async../node_modules/bluebird/js/release/async.js.Async._drainQueues (http://localhost:39157/__cypress/runner/cypress_runner.js:162150:10)\n    at Async.drainQueues (http://localhost:39157/__cypress/runner/cypress_runner.js:162024:14)",
                "diff": null
              },
              "uuid": "ba7988ac-40ee-4f8a-97f6-0158f942261c",
              "parentUUID": "08a5a96c-7a0f-473b-a588-560141d45029",
              "isHook": false,
              "skipped": false
            },
            {
              "title": "Verifica se o input só aceita número maiores que zero. Essa restrição deve ser feita usando os atributos do elemento `input`",
              "fullTitle": "10 - Faça o quadro de pixels ter seu tamanho definido pelo usuário. Verifica se o input só aceita número maiores que zero. Essa restrição deve ser feita usando os atributos do elemento `input`",
              "timedOut": null,
              "duration": 4466,
              "state": "failed",
              "speed": null,
              "pass": false,
              "fail": true,
              "pending": false,
              "context": null,
              "code": "cy.get('#board-size[type=\\'number\\'][min=\\'1\\']');",
              "err": {
                "message": "CypressError: Timed out retrying: Expected to find element: '#board-size[type='number'][min='1']', but never found it.",
                "estack": "CypressError: Timed out retrying: Expected to find element: '#board-size[type='number'][min='1']', but never found it.\n    at cypressErr (http://localhost:39157/__cypress/runner/cypress_runner.js:149934:9)\n    at throwErr (http://localhost:39157/__cypress/runner/cypress_runner.js:149867:11)\n    at Object.throwErrByPath (http://localhost:39157/__cypress/runner/cypress_runner.js:149915:3)\n    at retry (http://localhost:39157/__cypress/runner/cypress_runner.js:144197:19)\n    at onFailFn (http://localhost:39157/__cypress/runner/cypress_runner.js:132448:16)\n    at tryCatcher (http://localhost:39157/__cypress/runner/cypress_runner.js:167415:23)\n    at Promise._settlePromiseFromHandler (http://localhost:39157/__cypress/runner/cypress_runner.js:165351:31)\n    at Promise._settlePromise (http://localhost:39157/__cypress/runner/cypress_runner.js:165408:18)\n    at Promise._settlePromise0 (http://localhost:39157/__cypress/runner/cypress_runner.js:165453:10)\n    at Promise._settlePromises (http://localhost:39157/__cypress/runner/cypress_runner.js:165528:18)\n    at Async../node_modules/bluebird/js/release/async.js.Async._drainQueue (http://localhost:39157/__cypress/runner/cypress_runner.js:162140:16)\n    at Async../node_modules/bluebird/js/release/async.js.Async._drainQueues (http://localhost:39157/__cypress/runner/cypress_runner.js:162150:10)\n    at Async.drainQueues (http://localhost:39157/__cypress/runner/cypress_runner.js:162024:14)",
                "diff": null
              },
              "uuid": "871021c9-011b-4068-9d0f-e9916d8c124b",
              "parentUUID": "08a5a96c-7a0f-473b-a588-560141d45029",
              "isHook": false,
              "skipped": false
            },
            {
              "title": "Verifica se o botão contém o texto 'VQV'",
              "fullTitle": "10 - Faça o quadro de pixels ter seu tamanho definido pelo usuário. Verifica se o botão contém o texto 'VQV'",
              "timedOut": null,
              "duration": 4452,
              "state": "failed",
              "speed": null,
              "pass": false,
              "fail": true,
              "pending": false,
              "context": null,
              "code": "cy.get('#generate-board').contains(/vqv/i);",
              "err": {
                "message": "CypressError: Timed out retrying: Expected to find element: '#generate-board', but never found it.",
                "estack": "CypressError: Timed out retrying: Expected to find element: '#generate-board', but never found it.\n    at cypressErr (http://localhost:39157/__cypress/runner/cypress_runner.js:149934:9)\n    at throwErr (http://localhost:39157/__cypress/runner/cypress_runner.js:149867:11)\n    at Object.throwErrByPath (http://localhost:39157/__cypress/runner/cypress_runner.js:149915:3)\n    at retry (http://localhost:39157/__cypress/runner/cypress_runner.js:144197:19)\n    at onFailFn (http://localhost:39157/__cypress/runner/cypress_runner.js:132448:16)\n    at tryCatcher (http://localhost:39157/__cypress/runner/cypress_runner.js:167415:23)\n    at Promise._settlePromiseFromHandler (http://localhost:39157/__cypress/runner/cypress_runner.js:165351:31)\n    at Promise._settlePromise (http://localhost:39157/__cypress/runner/cypress_runner.js:165408:18)\n    at Promise._settlePromise0 (http://localhost:39157/__cypress/runner/cypress_runner.js:165453:10)\n    at Promise._settlePromises (http://localhost:39157/__cypress/runner/cypress_runner.js:165528:18)\n    at Async../node_modules/bluebird/js/release/async.js.Async._drainQueue (http://localhost:39157/__cypress/runner/cypress_runner.js:162140:16)\n    at Async../node_modules/bluebird/js/release/async.js.Async._drainQueues (http://localhost:39157/__cypress/runner/cypress_runner.js:162150:10)\n    at Async.drainQueues (http://localhost:39157/__cypress/runner/cypress_runner.js:162024:14)",
                "diff": null
              },
              "uuid": "93e126b9-2942-4810-b1e7-f08a0b77ffef",
              "parentUUID": "08a5a96c-7a0f-473b-a588-560141d45029",
              "isHook": false,
              "skipped": false
            },
            {
              "title": "Verifica se o input está posicionado entre a paleta de cores e o quadro de pixels",
              "fullTitle": "10 - Faça o quadro de pixels ter seu tamanho definido pelo usuário. Verifica se o input está posicionado entre a paleta de cores e o quadro de pixels",
              "timedOut": null,
              "duration": 4441,
              "state": "failed",
              "speed": null,
              "pass": false,
              "fail": true,
              "pending": false,
              "context": null,
              "code": "cy.get('#color-palette').then(function (palette) {\n  cy.get('#board-size').should('be.belowOf', palette);\n});\ncy.get('#board-size').then(function (palette) {\n  cy.get('#pixel-board').should('be.belowOf', palette);\n});",
              "err": {
                "message": "CypressError: Timed out retrying: Expected to find element: '#board-size', but never found it.",
                "estack": "CypressError: Timed out retrying: Expected to find element: '#board-size', but never found it.\n    at cypressErr (http://localhost:39157/__cypress/runner/cypress_runner.js:149934:9)\n    at throwErr (http://localhost:39157/__cypress/runner/cypress_runner.js:149867:11)\n    at Object.throwErrByPath (http://localhost:39157/__cypress/runner/cypress_runner.js:149915:3)\n    at retry (http://localhost:39157/__cypress/runner/cypress_runner.js:144197:19)\n    at onFailFn (http://localhost:39157/__cypress/runner/cypress_runner.js:132448:16)\n    at tryCatcher (http://localhost:39157/__cypress/runner/cypress_runner.js:167415:23)\n    at Promise._settlePromiseFromHandler (http://localhost:39157/__cypress/runner/cypress_runner.js:165351:31)\n    at Promise._settlePromise (http://localhost:39157/__cypress/runner/cypress_runner.js:165408:18)\n    at Promise._settlePromise0 (http://localhost:39157/__cypress/runner/cypress_runner.js:165453:10)\n    at Promise._settlePromises (http://localhost:39157/__cypress/runner/cypress_runner.js:165528:18)\n    at Async../node_modules/bluebird/js/release/async.js.Async._drainQueue (http://localhost:39157/__cypress/runner/cypress_runner.js:162140:16)\n    at Async../node_modules/bluebird/js/release/async.js.Async._drainQueues (http://localhost:39157/__cypress/runner/cypress_runner.js:162150:10)\n    at Async.drainQueues (http://localhost:39157/__cypress/runner/cypress_runner.js:162024:14)",
                "diff": null
              },
              "uuid": "a7c529bb-9dd2-482c-90d0-313cec6d9c4d",
              "parentUUID": "08a5a96c-7a0f-473b-a588-560141d45029",
              "isHook": false,
              "skipped": false
            },
            {
              "title": "Verifica se o botão está posicionado ao lado do input",
              "fullTitle": "10 - Faça o quadro de pixels ter seu tamanho definido pelo usuário. Verifica se o botão está posicionado ao lado do input",
              "timedOut": null,
              "duration": 4438,
              "state": "failed",
              "speed": null,
              "pass": false,
              "fail": true,
              "pending": false,
              "context": null,
              "code": "cy.get('#board-size').then(function (board) {\n  cy.get('#generate-board').should('be.onTheRightOf', board);\n});",
              "err": {
                "message": "CypressError: Timed out retrying: Expected to find element: '#board-size', but never found it.",
                "estack": "CypressError: Timed out retrying: Expected to find element: '#board-size', but never found it.\n    at cypressErr (http://localhost:39157/__cypress/runner/cypress_runner.js:149934:9)\n    at throwErr (http://localhost:39157/__cypress/runner/cypress_runner.js:149867:11)\n    at Object.throwErrByPath (http://localhost:39157/__cypress/runner/cypress_runner.js:149915:3)\n    at retry (http://localhost:39157/__cypress/runner/cypress_runner.js:144197:19)\n    at onFailFn (http://localhost:39157/__cypress/runner/cypress_runner.js:132448:16)\n    at tryCatcher (http://localhost:39157/__cypress/runner/cypress_runner.js:167415:23)\n    at Promise._settlePromiseFromHandler (http://localhost:39157/__cypress/runner/cypress_runner.js:165351:31)\n    at Promise._settlePromise (http://localhost:39157/__cypress/runner/cypress_runner.js:165408:18)\n    at Promise._settlePromise0 (http://localhost:39157/__cypress/runner/cypress_runner.js:165453:10)\n    at Promise._settlePromises (http://localhost:39157/__cypress/runner/cypress_runner.js:165528:18)\n    at Async../node_modules/bluebird/js/release/async.js.Async._drainQueue (http://localhost:39157/__cypress/runner/cypress_runner.js:162140:16)\n    at Async../node_modules/bluebird/js/release/async.js.Async._drainQueues (http://localhost:39157/__cypress/runner/cypress_runner.js:162150:10)\n    at Async.drainQueues (http://localhost:39157/__cypress/runner/cypress_runner.js:162024:14)",
                "diff": null
              },
              "uuid": "bbbcceaf-5986-4ac2-be80-9c53507d98ac",
              "parentUUID": "08a5a96c-7a0f-473b-a588-560141d45029",
              "isHook": false,
              "skipped": false
            },
            {
              "title": "Verifica se nenhum valor for colocado no input ao clicar no botão, um `alert` é exibido com o texto: 'Board inválido!'",
              "fullTitle": "10 - Faça o quadro de pixels ter seu tamanho definido pelo usuário. Verifica se nenhum valor for colocado no input ao clicar no botão, um `alert` é exibido com o texto: 'Board inválido!'",
              "timedOut": null,
              "duration": 4484,
              "state": "failed",
              "speed": null,
              "pass": false,
              "fail": true,
              "pending": false,
              "context": null,
              "code": "var alerted = false;\ncy.on('window:alert', function (msg) {\n  return alerted = msg;\n});\ncy.get('#generate-board').click().then(function () {\n  return expect(alerted).to.match(/Board inválido!/i);\n});",
              "err": {
                "message": "CypressError: Timed out retrying: Expected to find element: '#generate-board', but never found it.",
                "estack": "CypressError: Timed out retrying: Expected to find element: '#generate-board', but never found it.\n    at cypressErr (http://localhost:39157/__cypress/runner/cypress_runner.js:149934:9)\n    at throwErr (http://localhost:39157/__cypress/runner/cypress_runner.js:149867:11)\n    at Object.throwErrByPath (http://localhost:39157/__cypress/runner/cypress_runner.js:149915:3)\n    at retry (http://localhost:39157/__cypress/runner/cypress_runner.js:144197:19)\n    at onFailFn (http://localhost:39157/__cypress/runner/cypress_runner.js:132448:16)\n    at tryCatcher (http://localhost:39157/__cypress/runner/cypress_runner.js:167415:23)\n    at Promise._settlePromiseFromHandler (http://localhost:39157/__cypress/runner/cypress_runner.js:165351:31)\n    at Promise._settlePromise (http://localhost:39157/__cypress/runner/cypress_runner.js:165408:18)\n    at Promise._settlePromise0 (http://localhost:39157/__cypress/runner/cypress_runner.js:165453:10)\n    at Promise._settlePromises (http://localhost:39157/__cypress/runner/cypress_runner.js:165528:18)\n    at Async../node_modules/bluebird/js/release/async.js.Async._drainQueue (http://localhost:39157/__cypress/runner/cypress_runner.js:162140:16)\n    at Async../node_modules/bluebird/js/release/async.js.Async._drainQueues (http://localhost:39157/__cypress/runner/cypress_runner.js:162150:10)\n    at Async.drainQueues (http://localhost:39157/__cypress/runner/cypress_runner.js:162024:14)",
                "diff": null
              },
              "uuid": "17452ad1-d501-4fd0-9f32-2becc18036fd",
              "parentUUID": "08a5a96c-7a0f-473b-a588-560141d45029",
              "isHook": false,
              "skipped": false
            },
            {
              "title": "Verifica se ao clicar no botão com um valor preenchido, o tamanho do board muda.",
              "fullTitle": "10 - Faça o quadro de pixels ter seu tamanho definido pelo usuário. Verifica se ao clicar no botão com um valor preenchido, o tamanho do board muda.",
              "timedOut": null,
              "duration": 4452,
              "state": "failed",
              "speed": null,
              "pass": false,
              "fail": true,
              "pending": false,
              "context": null,
              "code": "cy.get('#board-size').clear().type(10);\ncy.get('#generate-board').click();\ncy.get('.pixel').should('have.length', 100);",
              "err": {
                "message": "CypressError: Timed out retrying: Expected to find element: '#board-size', but never found it.",
                "estack": "CypressError: Timed out retrying: Expected to find element: '#board-size', but never found it.\n    at cypressErr (http://localhost:39157/__cypress/runner/cypress_runner.js:149934:9)\n    at throwErr (http://localhost:39157/__cypress/runner/cypress_runner.js:149867:11)\n    at Object.throwErrByPath (http://localhost:39157/__cypress/runner/cypress_runner.js:149915:3)\n    at retry (http://localhost:39157/__cypress/runner/cypress_runner.js:144197:19)\n    at onFailFn (http://localhost:39157/__cypress/runner/cypress_runner.js:132448:16)\n    at tryCatcher (http://localhost:39157/__cypress/runner/cypress_runner.js:167415:23)\n    at Promise._settlePromiseFromHandler (http://localhost:39157/__cypress/runner/cypress_runner.js:165351:31)\n    at Promise._settlePromise (http://localhost:39157/__cypress/runner/cypress_runner.js:165408:18)\n    at Promise._settlePromise0 (http://localhost:39157/__cypress/runner/cypress_runner.js:165453:10)\n    at Promise._settlePromises (http://localhost:39157/__cypress/runner/cypress_runner.js:165528:18)\n    at Async../node_modules/bluebird/js/release/async.js.Async._drainQueue (http://localhost:39157/__cypress/runner/cypress_runner.js:162140:16)\n    at Async../node_modules/bluebird/js/release/async.js.Async._drainQueues (http://localhost:39157/__cypress/runner/cypress_runner.js:162150:10)\n    at Async.drainQueues (http://localhost:39157/__cypress/runner/cypress_runner.js:162024:14)",
                "diff": null
              },
              "uuid": "d8feb758-fb7d-49e5-a3ed-c0799d1694f9",
              "parentUUID": "08a5a96c-7a0f-473b-a588-560141d45029",
              "isHook": false,
              "skipped": false
            },
            {
              "title": "Verifica se o novo quadro tem todos os pixels preenchidos com a cor branca",
              "fullTitle": "10 - Faça o quadro de pixels ter seu tamanho definido pelo usuário. Verifica se o novo quadro tem todos os pixels preenchidos com a cor branca",
              "timedOut": null,
              "duration": 4495,
              "state": "failed",
              "speed": null,
              "pass": false,
              "fail": true,
              "pending": false,
              "context": null,
              "code": "cy.get('#board-size').clear().type(6);\ncy.get('#generate-board').click();\ncy.get('.pixel').should('have.length', 36).each(function (pixel) {\n  expect(pixel).to.have.css('background-color', WHITE);\n});",
              "err": {
                "message": "CypressError: Timed out retrying: Expected to find element: '#board-size', but never found it.",
                "estack": "CypressError: Timed out retrying: Expected to find element: '#board-size', but never found it.\n    at cypressErr (http://localhost:39157/__cypress/runner/cypress_runner.js:149934:9)\n    at throwErr (http://localhost:39157/__cypress/runner/cypress_runner.js:149867:11)\n    at Object.throwErrByPath (http://localhost:39157/__cypress/runner/cypress_runner.js:149915:3)\n    at retry (http://localhost:39157/__cypress/runner/cypress_runner.js:144197:19)\n    at onFailFn (http://localhost:39157/__cypress/runner/cypress_runner.js:132448:16)\n    at tryCatcher (http://localhost:39157/__cypress/runner/cypress_runner.js:167415:23)\n    at Promise._settlePromiseFromHandler (http://localhost:39157/__cypress/runner/cypress_runner.js:165351:31)\n    at Promise._settlePromise (http://localhost:39157/__cypress/runner/cypress_runner.js:165408:18)\n    at Promise._settlePromise0 (http://localhost:39157/__cypress/runner/cypress_runner.js:165453:10)\n    at Promise._settlePromises (http://localhost:39157/__cypress/runner/cypress_runner.js:165528:18)\n    at Async../node_modules/bluebird/js/release/async.js.Async._drainQueue (http://localhost:39157/__cypress/runner/cypress_runner.js:162140:16)\n    at Async../node_modules/bluebird/js/release/async.js.Async._drainQueues (http://localhost:39157/__cypress/runner/cypress_runner.js:162150:10)\n    at Async.drainQueues (http://localhost:39157/__cypress/runner/cypress_runner.js:162024:14)",
                "diff": null
              },
              "uuid": "3ceb5e5c-4f43-4408-b94a-6d478f0d5573",
              "parentUUID": "08a5a96c-7a0f-473b-a588-560141d45029",
              "isHook": false,
              "skipped": false
            }
          ],
          "suites": [],
          "passes": [],
          "failures": [
            "14a02612-2aaf-42e2-9770-41a8fd1d02f6",
            "ba7988ac-40ee-4f8a-97f6-0158f942261c",
            "871021c9-011b-4068-9d0f-e9916d8c124b",
            "93e126b9-2942-4810-b1e7-f08a0b77ffef",
            "a7c529bb-9dd2-482c-90d0-313cec6d9c4d",
            "bbbcceaf-5986-4ac2-be80-9c53507d98ac",
            "17452ad1-d501-4fd0-9f32-2becc18036fd",
            "d8feb758-fb7d-49e5-a3ed-c0799d1694f9",
            "3ceb5e5c-4f43-4408-b94a-6d478f0d5573"
          ],
          "pending": [],
          "skipped": [],
          "duration": 40215,
          "root": false,
          "rootEmpty": false,
          "_timeout": 2000
        },
        {
          "uuid": "f02bf250-6ac8-4ba3-a870-493e4412f3ef",
          "title": "11 - Limite o tamanho mínimo e máximo do board.",
          "fullFile": "",
          "file": "",
          "beforeHooks": [],
          "afterHooks": [],
          "tests": [
            {
              "title": "Verifica se a altura máxima do board é 50",
              "fullTitle": "11 - Limite o tamanho mínimo e máximo do board. Verifica se a altura máxima do board é 50",
              "timedOut": null,
              "duration": 4505,
              "state": "failed",
              "speed": null,
              "pass": false,
              "fail": true,
              "pending": false,
              "context": null,
              "code": "cy.get('#board-size').clear().type(50);\ncy.get('#generate-board').click();\ncy.get('.pixel').should('have.length', 2500);",
              "err": {
                "message": "CypressError: Timed out retrying: Expected to find element: '#board-size', but never found it.",
                "estack": "CypressError: Timed out retrying: Expected to find element: '#board-size', but never found it.\n    at cypressErr (http://localhost:39157/__cypress/runner/cypress_runner.js:149934:9)\n    at throwErr (http://localhost:39157/__cypress/runner/cypress_runner.js:149867:11)\n    at Object.throwErrByPath (http://localhost:39157/__cypress/runner/cypress_runner.js:149915:3)\n    at retry (http://localhost:39157/__cypress/runner/cypress_runner.js:144197:19)\n    at onFailFn (http://localhost:39157/__cypress/runner/cypress_runner.js:132448:16)\n    at tryCatcher (http://localhost:39157/__cypress/runner/cypress_runner.js:167415:23)\n    at Promise._settlePromiseFromHandler (http://localhost:39157/__cypress/runner/cypress_runner.js:165351:31)\n    at Promise._settlePromise (http://localhost:39157/__cypress/runner/cypress_runner.js:165408:18)\n    at Promise._settlePromise0 (http://localhost:39157/__cypress/runner/cypress_runner.js:165453:10)\n    at Promise._settlePromises (http://localhost:39157/__cypress/runner/cypress_runner.js:165528:18)\n    at Async../node_modules/bluebird/js/release/async.js.Async._drainQueue (http://localhost:39157/__cypress/runner/cypress_runner.js:162140:16)\n    at Async../node_modules/bluebird/js/release/async.js.Async._drainQueues (http://localhost:39157/__cypress/runner/cypress_runner.js:162150:10)\n    at Async.drainQueues (http://localhost:39157/__cypress/runner/cypress_runner.js:162024:14)",
                "diff": null
              },
              "uuid": "ba2595aa-a599-435d-ad20-44c87c949b94",
              "parentUUID": "f02bf250-6ac8-4ba3-a870-493e4412f3ef",
              "isHook": false,
              "skipped": false
            },
            {
              "title": "Verifica se a altura do board é 5 quando um valor menor é colocado no input",
              "fullTitle": "11 - Limite o tamanho mínimo e máximo do board. Verifica se a altura do board é 5 quando um valor menor é colocado no input",
              "timedOut": null,
              "duration": 4503,
              "state": "failed",
              "speed": null,
              "pass": false,
              "fail": true,
              "pending": false,
              "context": null,
              "code": "cy.get('#board-size').clear().type(4);\ncy.get('#generate-board').click();\ncy.get('.pixel').should('have.length', 25);",
              "err": {
                "message": "CypressError: Timed out retrying: Expected to find element: '#board-size', but never found it.",
                "estack": "CypressError: Timed out retrying: Expected to find element: '#board-size', but never found it.\n    at cypressErr (http://localhost:39157/__cypress/runner/cypress_runner.js:149934:9)\n    at throwErr (http://localhost:39157/__cypress/runner/cypress_runner.js:149867:11)\n    at Object.throwErrByPath (http://localhost:39157/__cypress/runner/cypress_runner.js:149915:3)\n    at retry (http://localhost:39157/__cypress/runner/cypress_runner.js:144197:19)\n    at onFailFn (http://localhost:39157/__cypress/runner/cypress_runner.js:132448:16)\n    at tryCatcher (http://localhost:39157/__cypress/runner/cypress_runner.js:167415:23)\n    at Promise._settlePromiseFromHandler (http://localhost:39157/__cypress/runner/cypress_runner.js:165351:31)\n    at Promise._settlePromise (http://localhost:39157/__cypress/runner/cypress_runner.js:165408:18)\n    at Promise._settlePromise0 (http://localhost:39157/__cypress/runner/cypress_runner.js:165453:10)\n    at Promise._settlePromises (http://localhost:39157/__cypress/runner/cypress_runner.js:165528:18)\n    at Async../node_modules/bluebird/js/release/async.js.Async._drainQueue (http://localhost:39157/__cypress/runner/cypress_runner.js:162140:16)\n    at Async../node_modules/bluebird/js/release/async.js.Async._drainQueues (http://localhost:39157/__cypress/runner/cypress_runner.js:162150:10)\n    at Async.drainQueues (http://localhost:39157/__cypress/runner/cypress_runner.js:162024:14)",
                "diff": null
              },
              "uuid": "86d1330b-7dc9-422b-8c52-1fabf486797e",
              "parentUUID": "f02bf250-6ac8-4ba3-a870-493e4412f3ef",
              "isHook": false,
              "skipped": false
            },
            {
              "title": "Verifica se a altura do board é 50 quando um valor maior é colocado no input",
              "fullTitle": "11 - Limite o tamanho mínimo e máximo do board. Verifica se a altura do board é 50 quando um valor maior é colocado no input",
              "timedOut": null,
              "duration": 4494,
              "state": "failed",
              "speed": null,
              "pass": false,
              "fail": true,
              "pending": false,
              "context": null,
              "code": "cy.get('#board-size').clear().type(51);\ncy.get('#generate-board').click();\ncy.get('.pixel').should('have.length', 2500);",
              "err": {
                "message": "CypressError: Timed out retrying: Expected to find element: '#board-size', but never found it.",
                "estack": "CypressError: Timed out retrying: Expected to find element: '#board-size', but never found it.\n    at cypressErr (http://localhost:39157/__cypress/runner/cypress_runner.js:149934:9)\n    at throwErr (http://localhost:39157/__cypress/runner/cypress_runner.js:149867:11)\n    at Object.throwErrByPath (http://localhost:39157/__cypress/runner/cypress_runner.js:149915:3)\n    at retry (http://localhost:39157/__cypress/runner/cypress_runner.js:144197:19)\n    at onFailFn (http://localhost:39157/__cypress/runner/cypress_runner.js:132448:16)\n    at tryCatcher (http://localhost:39157/__cypress/runner/cypress_runner.js:167415:23)\n    at Promise._settlePromiseFromHandler (http://localhost:39157/__cypress/runner/cypress_runner.js:165351:31)\n    at Promise._settlePromise (http://localhost:39157/__cypress/runner/cypress_runner.js:165408:18)\n    at Promise._settlePromise0 (http://localhost:39157/__cypress/runner/cypress_runner.js:165453:10)\n    at Promise._settlePromises (http://localhost:39157/__cypress/runner/cypress_runner.js:165528:18)\n    at Async../node_modules/bluebird/js/release/async.js.Async._drainQueue (http://localhost:39157/__cypress/runner/cypress_runner.js:162140:16)\n    at Async../node_modules/bluebird/js/release/async.js.Async._drainQueues (http://localhost:39157/__cypress/runner/cypress_runner.js:162150:10)\n    at Async.drainQueues (http://localhost:39157/__cypress/runner/cypress_runner.js:162024:14)",
                "diff": null
              },
              "uuid": "9bd057a0-34f9-456a-88b4-88f9ce5e8ba4",
              "parentUUID": "f02bf250-6ac8-4ba3-a870-493e4412f3ef",
              "isHook": false,
              "skipped": false
            }
          ],
          "suites": [],
          "passes": [],
          "failures": [
            "ba2595aa-a599-435d-ad20-44c87c949b94",
            "86d1330b-7dc9-422b-8c52-1fabf486797e",
            "9bd057a0-34f9-456a-88b4-88f9ce5e8ba4"
          ],
          "pending": [],
          "skipped": [],
          "duration": 13502,
          "root": false,
          "rootEmpty": false,
          "_timeout": 2000
        },
        {
          "uuid": "0c138826-61d1-47ab-a119-2c2b4111f002",
          "title": "12 - Faça com que as cores da paleta sejam geradas aleatoriamente ao carregar a página.",
          "fullFile": "",
          "file": "",
          "beforeHooks": [],
          "afterHooks": [],
          "tests": [
            {
              "title": "Verifica se as cores geradas na paleta são diferentes a cada carregamento da página",
              "fullTitle": "12 - Faça com que as cores da paleta sejam geradas aleatoriamente ao carregar a página. Verifica se as cores geradas na paleta são diferentes a cada carregamento da página",
              "timedOut": null,
              "duration": 665,
              "state": "failed",
              "speed": null,
              "pass": false,
              "fail": true,
              "pending": false,
              "context": null,
              "code": "cy.get('.color').then(function (colors) {\n  var currentColors;\n  var previousColors;\n  previousColors = Array.from(colors).map(function (color) {\n    return Cypress.$(color).css('background-color');\n  });\n  for (var i = 0; i < 5; i += 1) {\n    cy.reload();\n    cy.get('.color').then(function (colors) {\n      currentColors = Array.from(colors).map(function (color) {\n        return Cypress.$(color).css('background-color');\n      });\n      expect(currentColors).not.to.deep.equal(previousColors);\n      previousColors = currentColors;\n    });\n  }\n});",
              "err": {
                "message": "AssertionError: expected [ Array(4) ] to not deeply equal [ Array(4) ]",
                "estack": "AssertionError: expected [ Array(4) ] to not deeply equal [ Array(4) ]\n    at getRet (http://localhost:39157/__cypress/runner/cypress_runner.js:136585:16)\n    at tryCatcher (http://localhost:39157/__cypress/runner/cypress_runner.js:167415:23)\n    at Function.Promise.attempt.Promise.try (http://localhost:39157/__cypress/runner/cypress_runner.js:164690:29)\n    at Context.thenFn (http://localhost:39157/__cypress/runner/cypress_runner.js:136599:23)\n    at Context.then (http://localhost:39157/__cypress/runner/cypress_runner.js:136971:21)\n    at Context.<anonymous> (http://localhost:39157/__cypress/runner/cypress_runner.js:148875:21)\n    at http://localhost:39157/__cypress/runner/cypress_runner.js:148351:33\n    at tryCatcher (http://localhost:39157/__cypress/runner/cypress_runner.js:167415:23)\n    at Promise._settlePromiseFromHandler (http://localhost:39157/__cypress/runner/cypress_runner.js:165351:31)\n    at Promise._settlePromise (http://localhost:39157/__cypress/runner/cypress_runner.js:165408:18)\n    at Promise._settlePromiseCtx (http://localhost:39157/__cypress/runner/cypress_runner.js:165445:10)\n    at Async../node_modules/bluebird/js/release/async.js.Async._drainQueue (http://localhost:39157/__cypress/runner/cypress_runner.js:162145:12)\n    at Async../node_modules/bluebird/js/release/async.js.Async._drainQueues (http://localhost:39157/__cypress/runner/cypress_runner.js:162150:10)\n    at Async.drainQueues (http://localhost:39157/__cypress/runner/cypress_runner.js:162024:14)",
                "diff": ""
              },
              "uuid": "6e4c20fc-cc28-43fe-94a5-362afd169b7c",
              "parentUUID": "0c138826-61d1-47ab-a119-2c2b4111f002",
              "isHook": false,
              "skipped": false
            },
            {
              "title": "Verifica se a cor preta ainda está presente e é a primeira na sua paleta de cores",
              "fullTitle": "12 - Faça com que as cores da paleta sejam geradas aleatoriamente ao carregar a página. Verifica se a cor preta ainda está presente e é a primeira na sua paleta de cores",
              "timedOut": null,
              "duration": 532,
              "state": "failed",
              "speed": null,
              "pass": false,
              "fail": true,
              "pending": false,
              "context": null,
              "code": "cy.get('.color').then(function (colors) {\n  var currentColors;\n  var previousColors;\n  previousColors = Array.from(colors).map(function (color) {\n    return Cypress.$(color).css('background-color');\n  });\n  expect(previousColors[0]).to.eq(BLACK);\n  for (var i = 0; i < 5; i += 1) {\n    cy.reload();\n    cy.get('.color').then(function (colors) {\n      currentColors = Array.from(colors).map(function (color) {\n        return Cypress.$(color).css('background-color');\n      });\n      expect(currentColors[0]).to.eq(BLACK);\n      expect(currentColors).not.to.deep.equal(previousColors);\n      previousColors = currentColors;\n    });\n  }\n});",
              "err": {
                "message": "AssertionError: expected [ Array(4) ] to not deeply equal [ Array(4) ]",
                "estack": "AssertionError: expected [ Array(4) ] to not deeply equal [ Array(4) ]\n    at getRet (http://localhost:39157/__cypress/runner/cypress_runner.js:136585:16)\n    at tryCatcher (http://localhost:39157/__cypress/runner/cypress_runner.js:167415:23)\n    at Function.Promise.attempt.Promise.try (http://localhost:39157/__cypress/runner/cypress_runner.js:164690:29)\n    at Context.thenFn (http://localhost:39157/__cypress/runner/cypress_runner.js:136599:23)\n    at Context.then (http://localhost:39157/__cypress/runner/cypress_runner.js:136971:21)\n    at Context.<anonymous> (http://localhost:39157/__cypress/runner/cypress_runner.js:148875:21)\n    at http://localhost:39157/__cypress/runner/cypress_runner.js:148351:33\n    at tryCatcher (http://localhost:39157/__cypress/runner/cypress_runner.js:167415:23)\n    at Promise._settlePromiseFromHandler (http://localhost:39157/__cypress/runner/cypress_runner.js:165351:31)\n    at Promise._settlePromise (http://localhost:39157/__cypress/runner/cypress_runner.js:165408:18)\n    at Promise._settlePromiseCtx (http://localhost:39157/__cypress/runner/cypress_runner.js:165445:10)\n    at Async../node_modules/bluebird/js/release/async.js.Async._drainQueue (http://localhost:39157/__cypress/runner/cypress_runner.js:162145:12)\n    at Async../node_modules/bluebird/js/release/async.js.Async._drainQueues (http://localhost:39157/__cypress/runner/cypress_runner.js:162150:10)\n    at Async.drainQueues (http://localhost:39157/__cypress/runner/cypress_runner.js:162024:14)",
                "diff": ""
              },
              "uuid": "647132cc-6267-4eda-86fc-3dc860ddeaf4",
              "parentUUID": "0c138826-61d1-47ab-a119-2c2b4111f002",
              "isHook": false,
              "skipped": false
            }
          ],
          "suites": [],
          "passes": [],
          "failures": [
            "6e4c20fc-cc28-43fe-94a5-362afd169b7c",
            "647132cc-6267-4eda-86fc-3dc860ddeaf4"
          ],
          "pending": [],
          "skipped": [],
          "duration": 1197,
          "root": false,
          "rootEmpty": false,
          "_timeout": 2000
        }
      ],
      "passes": [],
      "failures": [],
      "pending": [],
      "skipped": [],
      "duration": 0,
      "root": true,
      "rootEmpty": true,
      "_timeout": 2000
    }
  ],
  "meta": {
    "mocha": {
      "version": "7.0.1"
    },
    "mochawesome": {
      "options": {
        "quiet": false,
        "reportFilename": "mochawesome",
        "saveHtml": false,
        "saveJson": true,
        "consoleReporter": "spec",
        "useInlineDiffs": false
      },
      "version": "4.1.0"
    },
    "marge": {
      "options": {
        "id": "default",
        "reportDir": "cypress/reports",
        "overwrite": true,
        "html": false,
        "json": true
      },
      "version": "4.1.0"
    }
  }
}