{
  "stats": {
    "suites": 12,
    "tests": 41,
    "passes": 37,
    "pending": 0,
    "failures": 4,
    "start": "2021-08-13T22:30:11.439Z",
    "end": "2021-08-13T22:30:53.665Z",
    "duration": 42226,
    "testsRegistered": 41,
    "passPercent": 90.2439024390244,
    "pendingPercent": 0,
    "other": 0,
    "hasOther": false,
    "skipped": 0,
    "hasSkipped": false
  },
  "results": [
    {
      "uuid": "bdd7f1c8-c862-4351-b074-95cfff90c580",
      "title": "",
      "fullFile": "cypress/integration/project.spec.js",
      "file": "cypress/integration/project.spec.js",
      "beforeHooks": [],
      "afterHooks": [],
      "tests": [],
      "suites": [
        {
          "uuid": "696bc195-b38b-46e9-bd71-eb63eccd0e90",
          "title": "1 - Adicione à página o título \"Paleta de Cores\".",
          "fullFile": "",
          "file": "",
          "beforeHooks": [],
          "afterHooks": [],
          "tests": [
            {
              "title": "Verifica se contém um elemento `h1` com o id `title` com o título correto",
              "fullTitle": "1 - Adicione à página o título \"Paleta de Cores\". Verifica se contém um elemento `h1` com o id `title` com o título correto",
              "timedOut": null,
              "duration": 183,
              "state": "passed",
              "speed": "slow",
              "pass": true,
              "fail": false,
              "pending": false,
              "context": null,
              "code": "cy.get('h1#title').should('contain.text', 'Paleta de Cores');",
              "err": {},
              "uuid": "d1e66402-d0aa-4c83-b3b3-6c1e93f757f1",
              "parentUUID": "696bc195-b38b-46e9-bd71-eb63eccd0e90",
              "isHook": false,
              "skipped": false
            }
          ],
          "suites": [],
          "passes": [
            "d1e66402-d0aa-4c83-b3b3-6c1e93f757f1"
          ],
          "failures": [],
          "pending": [],
          "skipped": [],
          "duration": 183,
          "root": false,
          "rootEmpty": false,
          "_timeout": 2000
        },
        {
          "uuid": "50f1dddf-ffea-487c-9eeb-312abc925cca",
          "title": "2 - Adicione à página uma paleta de quatro cores distintas.",
          "fullFile": "",
          "file": "",
          "beforeHooks": [],
          "afterHooks": [],
          "tests": [
            {
              "title": "A paleta de cores deve ser um elemento com `id` denominado `color-palette`",
              "fullTitle": "2 - Adicione à página uma paleta de quatro cores distintas. A paleta de cores deve ser um elemento com `id` denominado `color-palette`",
              "timedOut": null,
              "duration": 61,
              "state": "passed",
              "speed": "medium",
              "pass": true,
              "fail": false,
              "pending": false,
              "context": null,
              "code": "cy.get('#color-palette').should('be.visible');",
              "err": {},
              "uuid": "2b55c8a5-962b-40c9-a0a5-0e913f6c9074",
              "parentUUID": "50f1dddf-ffea-487c-9eeb-312abc925cca",
              "isHook": false,
              "skipped": false
            },
            {
              "title": "Verifica se cada cor individual da paleta de cores possui a `classe` chamada `color`.",
              "fullTitle": "2 - Adicione à página uma paleta de quatro cores distintas. Verifica se cada cor individual da paleta de cores possui a `classe` chamada `color`.",
              "timedOut": null,
              "duration": 79,
              "state": "passed",
              "speed": "slow",
              "pass": true,
              "fail": false,
              "pending": false,
              "context": null,
              "code": "cy.get('.color').should('have.length', 4).then(colors => {\n  for (let i = 0; i < colors.length; i++) {\n    cy.wrap(colors[i]).should('be.visible');\n  }\n});",
              "err": {},
              "uuid": "edefb255-1038-453d-9635-67b003af128a",
              "parentUUID": "50f1dddf-ffea-487c-9eeb-312abc925cca",
              "isHook": false,
              "skipped": false
            },
            {
              "title": "Verifica se a cor de fundo de cada elemento da paleta é a cor que o elemento representa. **A única cor não permitida na paleta é a cor branca.**",
              "fullTitle": "2 - Adicione à página uma paleta de quatro cores distintas. Verifica se a cor de fundo de cada elemento da paleta é a cor que o elemento representa. **A única cor não permitida na paleta é a cor branca.**",
              "timedOut": null,
              "duration": 82,
              "state": "passed",
              "speed": "slow",
              "pass": true,
              "fail": false,
              "pending": false,
              "context": null,
              "code": "cy.get('.color').each(color => {\n  cy.wrap(color).should('have.class', 'color').and('not.have.css', 'background-color', WHITE);\n  cy.wrap(color).should('have.css', 'background-color');\n});",
              "err": {},
              "uuid": "0ca59984-b51f-4b48-8980-936007af01cf",
              "parentUUID": "50f1dddf-ffea-487c-9eeb-312abc925cca",
              "isHook": false,
              "skipped": false
            },
            {
              "title": "Verifica se cada elemento da paleta de cores tem uma borda preta, sólida e com 1 pixel de largura;",
              "fullTitle": "2 - Adicione à página uma paleta de quatro cores distintas. Verifica se cada elemento da paleta de cores tem uma borda preta, sólida e com 1 pixel de largura;",
              "timedOut": null,
              "duration": 61,
              "state": "passed",
              "speed": "medium",
              "pass": true,
              "fail": false,
              "pending": false,
              "context": null,
              "code": "cy.get('.color').each(color => {\n  cy.wrap(color).and('have.css', 'border', `1px solid ${BLACK}`).and('have.class', 'color');\n});",
              "err": {},
              "uuid": "01316994-b0fc-48dc-84a9-e642b525bad3",
              "parentUUID": "50f1dddf-ffea-487c-9eeb-312abc925cca",
              "isHook": false,
              "skipped": false
            },
            {
              "title": "Verifica se a paleta lista todas as cores disponíveis para utilização, lado a lado.",
              "fullTitle": "2 - Adicione à página uma paleta de quatro cores distintas. Verifica se a paleta lista todas as cores disponíveis para utilização, lado a lado.",
              "timedOut": null,
              "duration": 79,
              "state": "passed",
              "speed": "slow",
              "pass": true,
              "fail": false,
              "pending": false,
              "context": null,
              "code": "cy.get('.color').then(colors => {\n  for (let index = 1; index < colors.length; index += 1) {\n    const currentColor = colors[index];\n    const previousColor = colors[index - 1];\n    cy.wrap(currentColor).should('be.onTheRightOf', previousColor).and('be.horizontallyAlignedWith', previousColor);\n  }\n});",
              "err": {},
              "uuid": "98c32373-9aa8-4d4c-9a3f-e9757721c694",
              "parentUUID": "50f1dddf-ffea-487c-9eeb-312abc925cca",
              "isHook": false,
              "skipped": false
            },
            {
              "title": "Verifica se a paleta de cores está posicionada abaixo do título 'Paleta de Cores'",
              "fullTitle": "2 - Adicione à página uma paleta de quatro cores distintas. Verifica se a paleta de cores está posicionada abaixo do título 'Paleta de Cores'",
              "timedOut": null,
              "duration": 69,
              "state": "passed",
              "speed": "medium",
              "pass": true,
              "fail": false,
              "pending": false,
              "context": null,
              "code": "cy.get('h1#title').then(title => {\n  cy.get('#color-palette').should('be.belowOf', title);\n});",
              "err": {},
              "uuid": "c3423d31-7741-4466-9bb5-ef94af1d6f6a",
              "parentUUID": "50f1dddf-ffea-487c-9eeb-312abc925cca",
              "isHook": false,
              "skipped": false
            },
            {
              "title": "Verifica se a paleta de cores não contém cores repetidas.",
              "fullTitle": "2 - Adicione à página uma paleta de quatro cores distintas. Verifica se a paleta de cores não contém cores repetidas.",
              "timedOut": null,
              "duration": 60,
              "state": "passed",
              "speed": "medium",
              "pass": true,
              "fail": false,
              "pending": false,
              "context": null,
              "code": "cy.get('.color').then(colors => {\n  const allColors = Array.from(colors).map(color => Cypress.$(color).css('background-color'));\n  cy.log(allColors);\n  const uniqColors = [...new Set(allColors)];\n  cy.log(uniqColors);\n  expect(allColors.length).to.eq(uniqColors.length);\n});",
              "err": {},
              "uuid": "f0fa0ce3-aced-4047-b47d-e84d5f85fec5",
              "parentUUID": "50f1dddf-ffea-487c-9eeb-312abc925cca",
              "isHook": false,
              "skipped": false
            }
          ],
          "suites": [],
          "passes": [
            "2b55c8a5-962b-40c9-a0a5-0e913f6c9074",
            "edefb255-1038-453d-9635-67b003af128a",
            "0ca59984-b51f-4b48-8980-936007af01cf",
            "01316994-b0fc-48dc-84a9-e642b525bad3",
            "98c32373-9aa8-4d4c-9a3f-e9757721c694",
            "c3423d31-7741-4466-9bb5-ef94af1d6f6a",
            "f0fa0ce3-aced-4047-b47d-e84d5f85fec5"
          ],
          "failures": [],
          "pending": [],
          "skipped": [],
          "duration": 491,
          "root": false,
          "rootEmpty": false,
          "_timeout": 2000
        },
        {
          "uuid": "837ab749-3c90-44f5-b603-c34db4818e37",
          "title": "3 - Adicione a cor **preta** como a primeira cor da paleta de cores.",
          "fullFile": "",
          "file": "",
          "beforeHooks": [],
          "afterHooks": [],
          "tests": [
            {
              "title": "Verifica se a primeira cor da paleta é preta",
              "fullTitle": "3 - Adicione a cor **preta** como a primeira cor da paleta de cores. Verifica se a primeira cor da paleta é preta",
              "timedOut": null,
              "duration": 82,
              "state": "passed",
              "speed": "slow",
              "pass": true,
              "fail": false,
              "pending": false,
              "context": null,
              "code": "cy.get('.color').first().should('have.css', 'background-color', BLACK);",
              "err": {},
              "uuid": "f39d9f07-827a-40eb-96d4-3a2eb4738a91",
              "parentUUID": "837ab749-3c90-44f5-b603-c34db4818e37",
              "isHook": false,
              "skipped": false
            },
            {
              "title": "Verifica se as demais cores podem ser escolhidas livremente.",
              "fullTitle": "3 - Adicione a cor **preta** como a primeira cor da paleta de cores. Verifica se as demais cores podem ser escolhidas livremente.",
              "timedOut": null,
              "duration": 119,
              "state": "passed",
              "speed": "slow",
              "pass": true,
              "fail": false,
              "pending": false,
              "context": null,
              "code": "cy.get('.color').eq(1).should('not.have.css', 'background-color', BLACK);\ncy.get('.color').eq(1).should('not.have.css', 'background-color', WHITE);\ncy.get('.color').eq(1).should('not.have.css', 'background-color', 'rgba(0, 0, 0, 0)');\ncy.get('.color').eq(1).should('have.css', 'background-color');\ncy.get('.color').eq(2).should('not.have.css', 'background-color', BLACK);\ncy.get('.color').eq(2).should('not.have.css', 'background-color', WHITE);\ncy.get('.color').eq(2).should('not.have.css', 'background-color', 'rgba(0, 0, 0, 0)');\ncy.get('.color').eq(2).should('have.css', 'background-color');\ncy.get('.color').eq(3).should('not.have.css', 'background-color', BLACK);\ncy.get('.color').eq(3).should('not.have.css', 'background-color', WHITE);\ncy.get('.color').eq(3).should('not.have.css', 'background-color', 'rgba(0, 0, 0, 0)');\ncy.get('.color').eq(3).should('have.css', 'background-color');",
              "err": {},
              "uuid": "56742970-6bac-465f-bdf2-94ad83e45c8e",
              "parentUUID": "837ab749-3c90-44f5-b603-c34db4818e37",
              "isHook": false,
              "skipped": false
            }
          ],
          "suites": [],
          "passes": [
            "f39d9f07-827a-40eb-96d4-3a2eb4738a91",
            "56742970-6bac-465f-bdf2-94ad83e45c8e"
          ],
          "failures": [],
          "pending": [],
          "skipped": [],
          "duration": 201,
          "root": false,
          "rootEmpty": false,
          "_timeout": 2000
        },
        {
          "uuid": "8c5d25da-c1bd-4233-aca2-d965486890fb",
          "title": "4 - Adicione à página um quadro de pixels, com 25 pixels.",
          "fullFile": "",
          "file": "",
          "beforeHooks": [],
          "afterHooks": [],
          "tests": [
            {
              "title": "Verifica se o quadro de pixels possui o `id` denominado `pixel-board`",
              "fullTitle": "4 - Adicione à página um quadro de pixels, com 25 pixels. Verifica se o quadro de pixels possui o `id` denominado `pixel-board`",
              "timedOut": null,
              "duration": 58,
              "state": "passed",
              "speed": "medium",
              "pass": true,
              "fail": false,
              "pending": false,
              "context": null,
              "code": "cy.get('#pixel-board').should('be.visible');",
              "err": {},
              "uuid": "1cbcf2a6-d133-4b4d-8ac1-b6105638b214",
              "parentUUID": "8c5d25da-c1bd-4233-aca2-d965486890fb",
              "isHook": false,
              "skipped": false
            },
            {
              "title": "Verifica se cada pixel individual dentro do quadro possui a `classe` denominada `pixel`.",
              "fullTitle": "4 - Adicione à página um quadro de pixels, com 25 pixels. Verifica se cada pixel individual dentro do quadro possui a `classe` denominada `pixel`.",
              "timedOut": null,
              "duration": 88,
              "state": "passed",
              "speed": "slow",
              "pass": true,
              "fail": false,
              "pending": false,
              "context": null,
              "code": "cy.get('.pixel').should('have.length', 25);",
              "err": {},
              "uuid": "0435316f-db23-40f1-acd9-6f0667330993",
              "parentUUID": "8c5d25da-c1bd-4233-aca2-d965486890fb",
              "isHook": false,
              "skipped": false
            },
            {
              "title": "Verifica se a cor inicial dos pixels dentro do quadro, ao abrir a página, é branca.",
              "fullTitle": "4 - Adicione à página um quadro de pixels, com 25 pixels. Verifica se a cor inicial dos pixels dentro do quadro, ao abrir a página, é branca.",
              "timedOut": null,
              "duration": 183,
              "state": "passed",
              "speed": "slow",
              "pass": true,
              "fail": false,
              "pending": false,
              "context": null,
              "code": "cy.get('.pixel').should('have.length', 25).each(pixel => {\n  expect(pixel).to.have.css('background-color', WHITE);\n});",
              "err": {},
              "uuid": "cb7e5f64-8a88-4e1f-82a0-b7df15a466e2",
              "parentUUID": "8c5d25da-c1bd-4233-aca2-d965486890fb",
              "isHook": false,
              "skipped": false
            },
            {
              "title": "Verifica se o quadro de pixels aparece abaixo da paleta de cores",
              "fullTitle": "4 - Adicione à página um quadro de pixels, com 25 pixels. Verifica se o quadro de pixels aparece abaixo da paleta de cores",
              "timedOut": null,
              "duration": 76,
              "state": "passed",
              "speed": "slow",
              "pass": true,
              "fail": false,
              "pending": false,
              "context": null,
              "code": "cy.get('#color-palette').then(palette => {\n  cy.get('#pixel-board').should('be.belowOf', palette);\n});",
              "err": {},
              "uuid": "6af6e3a2-5379-46af-90fb-6ff9aa7eb577",
              "parentUUID": "8c5d25da-c1bd-4233-aca2-d965486890fb",
              "isHook": false,
              "skipped": false
            }
          ],
          "suites": [],
          "passes": [
            "1cbcf2a6-d133-4b4d-8ac1-b6105638b214",
            "0435316f-db23-40f1-acd9-6f0667330993",
            "cb7e5f64-8a88-4e1f-82a0-b7df15a466e2",
            "6af6e3a2-5379-46af-90fb-6ff9aa7eb577"
          ],
          "failures": [],
          "pending": [],
          "skipped": [],
          "duration": 405,
          "root": false,
          "rootEmpty": false,
          "_timeout": 2000
        },
        {
          "uuid": "835776fc-4f8a-4791-9ffe-6d2e9f2a8f80",
          "title": "5 - Faça com que cada elemento do quadro de pixels possua 40 pixels de largura, 40 pixels de altura e seja delimitado por uma borda preta de 1 pixel.",
          "fullFile": "",
          "file": "",
          "beforeHooks": [],
          "afterHooks": [],
          "tests": [
            {
              "title": "Verifica se o quadro de pixels tem altura e comprimento de 5 elementos",
              "fullTitle": "5 - Faça com que cada elemento do quadro de pixels possua 40 pixels de largura, 40 pixels de altura e seja delimitado por uma borda preta de 1 pixel. Verifica se o quadro de pixels tem altura e comprimento de 5 elementos",
              "timedOut": null,
              "duration": 203,
              "state": "passed",
              "speed": "slow",
              "pass": true,
              "fail": false,
              "pending": false,
              "context": null,
              "code": "cy.get('.pixel').should('have.length', 25).each(pixel => {\n  expect(pixel).to.have.css('background-color', WHITE);\n}).and(pixels => {\n  const rows = chunk(pixels, 5);\n  rows.forEach(row => {\n    for (let index = 1; index < row.length; index += 1) {\n      const current = pixels[index];\n      const previous = pixels[index - 1];\n      cy.wrap(current).should('be.onTheRightOf', previous).and('be.horizontallyAlignedWith', previous);\n    }\n  });\n  for (let index = 1; index < 5; index += 1) {\n    expect(pixels[index * 5]).to.be.belowOf(pixels[(index - 1) * 5]);\n  }\n});",
              "err": {},
              "uuid": "070d3686-8c7d-473a-83f9-d3f6caee81a3",
              "parentUUID": "835776fc-4f8a-4791-9ffe-6d2e9f2a8f80",
              "isHook": false,
              "skipped": false
            },
            {
              "title": "Verifica se 40 pixels é o tamanho total do elemento, incluindo seu conteúdo e excluindo a borda preta, que deve ser criada à parte.",
              "fullTitle": "5 - Faça com que cada elemento do quadro de pixels possua 40 pixels de largura, 40 pixels de altura e seja delimitado por uma borda preta de 1 pixel. Verifica se 40 pixels é o tamanho total do elemento, incluindo seu conteúdo e excluindo a borda preta, que deve ser criada à parte.",
              "timedOut": null,
              "duration": 197,
              "state": "passed",
              "speed": "slow",
              "pass": true,
              "fail": false,
              "pending": false,
              "context": null,
              "code": "cy.get('.pixel').each(pixel => {\n  cy.wrap(pixel).should('have.css', 'height', '40px').and('have.css', 'width', '40px').and('have.css', 'border', `1px solid ${BLACK}`);\n});",
              "err": {},
              "uuid": "b2972875-56b3-4e0d-b984-9e69b7a0c21b",
              "parentUUID": "835776fc-4f8a-4791-9ffe-6d2e9f2a8f80",
              "isHook": false,
              "skipped": false
            }
          ],
          "suites": [],
          "passes": [
            "070d3686-8c7d-473a-83f9-d3f6caee81a3",
            "b2972875-56b3-4e0d-b984-9e69b7a0c21b"
          ],
          "failures": [],
          "pending": [],
          "skipped": [],
          "duration": 400,
          "root": false,
          "rootEmpty": false,
          "_timeout": 2000
        },
        {
          "uuid": "ae3a65f1-d4b2-428f-989c-e147adf238f6",
          "title": "6 - Defina a cor preta como cor inicial. Ao carregar a página a cor preta já deve estar selecionada para pintar os pixels",
          "fullFile": "",
          "file": "",
          "beforeHooks": [],
          "afterHooks": [],
          "tests": [
            {
              "title": "Verifica se o elemento da cor preta possui, inicialmente, a `classe` `selected`",
              "fullTitle": "6 - Defina a cor preta como cor inicial. Ao carregar a página a cor preta já deve estar selecionada para pintar os pixels Verifica se o elemento da cor preta possui, inicialmente, a `classe` `selected`",
              "timedOut": null,
              "duration": 69,
              "state": "passed",
              "speed": "medium",
              "pass": true,
              "fail": false,
              "pending": false,
              "context": null,
              "code": "cy.get('.selected').first().should('have.css', 'background-color', BLACK);",
              "err": {},
              "uuid": "dda5d95b-2ba2-4b17-8421-5d040a286897",
              "parentUUID": "ae3a65f1-d4b2-428f-989c-e147adf238f6",
              "isHook": false,
              "skipped": false
            },
            {
              "title": "Verifica se nenhuma outra cor da paleta tem a `classe` `selected`",
              "fullTitle": "6 - Defina a cor preta como cor inicial. Ao carregar a página a cor preta já deve estar selecionada para pintar os pixels Verifica se nenhuma outra cor da paleta tem a `classe` `selected`",
              "timedOut": null,
              "duration": 62,
              "state": "passed",
              "speed": "medium",
              "pass": true,
              "fail": false,
              "pending": false,
              "context": null,
              "code": "cy.get('.color:not(:first-child)').each(color => {\n  cy.wrap(color).should('not.have.class', 'selected');\n});",
              "err": {},
              "uuid": "95889021-0ff7-41b0-9a65-c9cff80ae94a",
              "parentUUID": "ae3a65f1-d4b2-428f-989c-e147adf238f6",
              "isHook": false,
              "skipped": false
            }
          ],
          "suites": [],
          "passes": [
            "dda5d95b-2ba2-4b17-8421-5d040a286897",
            "95889021-0ff7-41b0-9a65-c9cff80ae94a"
          ],
          "failures": [],
          "pending": [],
          "skipped": [],
          "duration": 131,
          "root": false,
          "rootEmpty": false,
          "_timeout": 2000
        },
        {
          "uuid": "f828f757-4b4c-46f1-b984-808844cfed5d",
          "title": "7 - Clicar em uma das cores da paleta, faz com que ela seja selecionada e utilizada para preencher os pixels no quadro.",
          "fullFile": "",
          "file": "",
          "beforeHooks": [],
          "afterHooks": [],
          "tests": [
            {
              "title": "Verifica se somente uma cor da paleta de cores tem a classe `selected` de cada vez",
              "fullTitle": "7 - Clicar em uma das cores da paleta, faz com que ela seja selecionada e utilizada para preencher os pixels no quadro. Verifica se somente uma cor da paleta de cores tem a classe `selected` de cada vez",
              "timedOut": null,
              "duration": 438,
              "state": "passed",
              "speed": "slow",
              "pass": true,
              "fail": false,
              "pending": false,
              "context": null,
              "code": "cy.get('.color').each((selectedColor, selectedColorIndex) => {\n  cy.wrap(selectedColor).click();\n  cy.get('.color').each((color, colorIndex) => {\n    if (colorIndex === selectedColorIndex) {\n      expect(color).to.have.class('selected');\n    } else {\n      expect(color).not.to.have.class('selected');\n    }\n  });\n});",
              "err": {},
              "uuid": "894ba706-489d-436a-a40e-f3f2c13c3b6c",
              "parentUUID": "f828f757-4b4c-46f1-b984-808844cfed5d",
              "isHook": false,
              "skipped": false
            },
            {
              "title": "Verifica se os pixels dentro do quadro não têm a classe `selected` quando são clicados",
              "fullTitle": "7 - Clicar em uma das cores da paleta, faz com que ela seja selecionada e utilizada para preencher os pixels no quadro. Verifica se os pixels dentro do quadro não têm a classe `selected` quando são clicados",
              "timedOut": null,
              "duration": 9599,
              "state": "passed",
              "speed": "slow",
              "pass": true,
              "fail": false,
              "pending": false,
              "context": null,
              "code": "cy.get('.color').each(color => {\n  const backgroundColor = color.css('background-color');\n  cy.wrap(color).click();\n  cy.get('.pixel').each(pixel => {\n    cy.wrap(pixel).click().should('not.have.class', 'selected');\n  });\n});",
              "err": {},
              "uuid": "6f2e301b-3f67-4029-a666-cff9a0bbe9cd",
              "parentUUID": "f828f757-4b4c-46f1-b984-808844cfed5d",
              "isHook": false,
              "skipped": false
            }
          ],
          "suites": [],
          "passes": [
            "894ba706-489d-436a-a40e-f3f2c13c3b6c",
            "6f2e301b-3f67-4029-a666-cff9a0bbe9cd"
          ],
          "failures": [],
          "pending": [],
          "skipped": [],
          "duration": 10037,
          "root": false,
          "rootEmpty": false,
          "_timeout": 2000
        },
        {
          "uuid": "69f8d076-7163-45d6-bd15-1a7b02de5128",
          "title": "8 - Clicar em um pixel dentro do quadro após selecionar uma cor na paleta, faz com que o pixel seja preenchido com a cor selecionada.",
          "fullFile": "",
          "file": "",
          "beforeHooks": [],
          "afterHooks": [],
          "tests": [
            {
              "title": "Verifica se ao carregar a página deve ser possível pintar os pixels de preto",
              "fullTitle": "8 - Clicar em um pixel dentro do quadro após selecionar uma cor na paleta, faz com que o pixel seja preenchido com a cor selecionada. Verifica se ao carregar a página deve ser possível pintar os pixels de preto",
              "timedOut": null,
              "duration": 2364,
              "state": "passed",
              "speed": "slow",
              "pass": true,
              "fail": false,
              "pending": false,
              "context": null,
              "code": "cy.get('.pixel').each(pixel => {\n  cy.wrap(pixel).click().should('have.css', 'background-color', BLACK);\n});",
              "err": {},
              "uuid": "ef977fa8-d170-4a2b-bc1c-92c3cfe5f78b",
              "parentUUID": "69f8d076-7163-45d6-bd15-1a7b02de5128",
              "isHook": false,
              "skipped": false
            },
            {
              "title": "Verifica se após selecionar uma outra cor na paleta, é possível pintar os pixels com essa cor",
              "fullTitle": "8 - Clicar em um pixel dentro do quadro após selecionar uma cor na paleta, faz com que o pixel seja preenchido com a cor selecionada. Verifica se após selecionar uma outra cor na paleta, é possível pintar os pixels com essa cor",
              "timedOut": null,
              "duration": 9721,
              "state": "passed",
              "speed": "slow",
              "pass": true,
              "fail": false,
              "pending": false,
              "context": null,
              "code": "cy.get('.color').each(color => {\n  const backgroundColor = color.css('background-color');\n  cy.wrap(color).click();\n  cy.get('.pixel').each(pixel => {\n    cy.wrap(pixel).click().should('have.css', 'background-color', backgroundColor);\n  });\n});",
              "err": {},
              "uuid": "725692c3-eb07-4727-a104-3fc260d34258",
              "parentUUID": "69f8d076-7163-45d6-bd15-1a7b02de5128",
              "isHook": false,
              "skipped": false
            },
            {
              "title": "Verifica se somente o pixel que foi clicado foi preenchido com a cor selecionada, sem influenciar na cor dos demais pixels.",
              "fullTitle": "8 - Clicar em um pixel dentro do quadro após selecionar uma cor na paleta, faz com que o pixel seja preenchido com a cor selecionada. Verifica se somente o pixel que foi clicado foi preenchido com a cor selecionada, sem influenciar na cor dos demais pixels.",
              "timedOut": null,
              "duration": 1307,
              "state": "passed",
              "speed": "slow",
              "pass": true,
              "fail": false,
              "pending": false,
              "context": null,
              "code": "const colorToPixelIndexMap = {\n  0: 6,\n  1: 8,\n  2: 16,\n  3: 18\n};\ncy.get('.color').each((color, index) => {\n  cy.wrap(color).click();\n  const backgroundColor = color.css('background-color');\n  const clickedPixelIndex = colorToPixelIndexMap[index];\n  cy.get('.pixel').eq(clickedPixelIndex).click();\n  cy.get('.pixel').eq(clickedPixelIndex - 1).should('not.have.css', 'background-color', backgroundColor);\n  cy.get('.pixel').eq(clickedPixelIndex + 1).should('not.have.css', 'background-color', backgroundColor);\n  cy.get('.pixel').eq(clickedPixelIndex - 5).should('not.have.css', 'background-color', backgroundColor);\n  cy.get('.pixel').eq(clickedPixelIndex + 5).should('not.have.css', 'background-color', backgroundColor);\n  cy.get('.pixel').eq(clickedPixelIndex - 6).should('not.have.css', 'background-color', backgroundColor);\n  cy.get('.pixel').eq(clickedPixelIndex - 4).should('not.have.css', 'background-color', backgroundColor);\n  cy.get('.pixel').eq(clickedPixelIndex + 4).should('not.have.css', 'background-color', backgroundColor);\n  cy.get('.pixel').eq(clickedPixelIndex + 6).should('not.have.css', 'background-color', backgroundColor);\n});",
              "err": {},
              "uuid": "e94a5998-1b5a-4082-9d65-231140796d4a",
              "parentUUID": "69f8d076-7163-45d6-bd15-1a7b02de5128",
              "isHook": false,
              "skipped": false
            }
          ],
          "suites": [],
          "passes": [
            "ef977fa8-d170-4a2b-bc1c-92c3cfe5f78b",
            "725692c3-eb07-4727-a104-3fc260d34258",
            "e94a5998-1b5a-4082-9d65-231140796d4a"
          ],
          "failures": [],
          "pending": [],
          "skipped": [],
          "duration": 13392,
          "root": false,
          "rootEmpty": false,
          "_timeout": 2000
        },
        {
          "uuid": "cb3ec46a-c6d5-48d0-9193-b97c24eb0e33",
          "title": "9 - Crie um botão que, ao ser clicado, limpa o quadro preenchendo a cor de todos seus pixels com branco.",
          "fullFile": "",
          "file": "",
          "beforeHooks": [],
          "afterHooks": [],
          "tests": [
            {
              "title": "Verifica se o botão tem o `id` denominado `clear-board`",
              "fullTitle": "9 - Crie um botão que, ao ser clicado, limpa o quadro preenchendo a cor de todos seus pixels com branco. Verifica se o botão tem o `id` denominado `clear-board`",
              "timedOut": null,
              "duration": 66,
              "state": "passed",
              "speed": "medium",
              "pass": true,
              "fail": false,
              "pending": false,
              "context": null,
              "code": "cy.get('#clear-board').should('be.visible');",
              "err": {},
              "uuid": "3659a314-45de-48dd-9aea-ac43cdacf614",
              "parentUUID": "cb3ec46a-c6d5-48d0-9193-b97c24eb0e33",
              "isHook": false,
              "skipped": false
            },
            {
              "title": "Verifica se o botão está posicionado entre a paleta de cores e o quadro de pixels",
              "fullTitle": "9 - Crie um botão que, ao ser clicado, limpa o quadro preenchendo a cor de todos seus pixels com branco. Verifica se o botão está posicionado entre a paleta de cores e o quadro de pixels",
              "timedOut": null,
              "duration": 4075,
              "state": "failed",
              "speed": null,
              "pass": false,
              "fail": true,
              "pending": false,
              "context": null,
              "code": "cy.get('#color-palette').then(palette => {\n  cy.get('#clear-board').should('be.belowOf', palette);\n});\ncy.get('#clear-board').then(clearBtn => {\n  cy.get('#pixel-board').should('be.belowOf', clearBtn);\n});",
              "err": {
                "message": "AssertionError: Timed out retrying after 4000ms: expected '<main#pixel-board>' to be below of { Object (0, length, ...) }",
                "estack": "AssertionError: Timed out retrying after 4000ms: expected '<main#pixel-board>' to be below of { Object (0, length, ...) }\n    at Context.eval (http://localhost:39715/__cypress/tests?p=cypress/integration/project.spec.js:334:30)",
                "diff": null
              },
              "uuid": "b5bc1c83-4cc2-4738-b9f9-442f9be3fc0c",
              "parentUUID": "cb3ec46a-c6d5-48d0-9193-b97c24eb0e33",
              "isHook": false,
              "skipped": false
            },
            {
              "title": "Verifica se o texto do botão é 'Limpar'",
              "fullTitle": "9 - Crie um botão que, ao ser clicado, limpa o quadro preenchendo a cor de todos seus pixels com branco. Verifica se o texto do botão é 'Limpar'",
              "timedOut": null,
              "duration": 59,
              "state": "passed",
              "speed": "medium",
              "pass": true,
              "fail": false,
              "pending": false,
              "context": null,
              "code": "cy.get('#clear-board').should('contain.text', 'Limpar');",
              "err": {},
              "uuid": "7cd0e567-1688-4933-a4f6-5ea393460246",
              "parentUUID": "cb3ec46a-c6d5-48d0-9193-b97c24eb0e33",
              "isHook": false,
              "skipped": false
            },
            {
              "title": "Verifica se ao clicar no botão, o quadro de pixels é totalmente preenchido de branco",
              "fullTitle": "9 - Crie um botão que, ao ser clicado, limpa o quadro preenchendo a cor de todos seus pixels com branco. Verifica se ao clicar no botão, o quadro de pixels é totalmente preenchido de branco",
              "timedOut": null,
              "duration": 2486,
              "state": "passed",
              "speed": "slow",
              "pass": true,
              "fail": false,
              "pending": false,
              "context": null,
              "code": "cy.get('.color').eq(1).then(color => {\n  const backgroundColor = color.css('background-color');\n  cy.wrap(color).click();\n  cy.get('.pixel').each(pixel => {\n    cy.wrap(pixel).click().should('have.css', 'background-color', backgroundColor);\n  });\n});\ncy.get('#clear-board').click();\ncy.get('.pixel').each(pixel => {\n  cy.wrap(pixel).should('have.css', 'background-color', WHITE);\n});",
              "err": {},
              "uuid": "9f94810a-87aa-4dd8-8b6b-52a301da877e",
              "parentUUID": "cb3ec46a-c6d5-48d0-9193-b97c24eb0e33",
              "isHook": false,
              "skipped": false
            }
          ],
          "suites": [],
          "passes": [
            "3659a314-45de-48dd-9aea-ac43cdacf614",
            "7cd0e567-1688-4933-a4f6-5ea393460246",
            "9f94810a-87aa-4dd8-8b6b-52a301da877e"
          ],
          "failures": [
            "b5bc1c83-4cc2-4738-b9f9-442f9be3fc0c"
          ],
          "pending": [],
          "skipped": [],
          "duration": 6686,
          "root": false,
          "rootEmpty": false,
          "_timeout": 2000
        },
        {
          "uuid": "2409a91f-7fb8-4fe0-8c1e-cf85a4f77daa",
          "title": "10 - Faça o quadro de pixels ter seu tamanho definido pelo usuário.",
          "fullFile": "",
          "file": "",
          "beforeHooks": [],
          "afterHooks": [],
          "tests": [
            {
              "title": "Verifica se existe um input com o id `board-size`",
              "fullTitle": "10 - Faça o quadro de pixels ter seu tamanho definido pelo usuário. Verifica se existe um input com o id `board-size`",
              "timedOut": null,
              "duration": 53,
              "state": "passed",
              "speed": "medium",
              "pass": true,
              "fail": false,
              "pending": false,
              "context": null,
              "code": "cy.get('#board-size').should('be.visible');",
              "err": {},
              "uuid": "bbba189a-71e3-4573-a640-b00bc93e95d8",
              "parentUUID": "2409a91f-7fb8-4fe0-8c1e-cf85a4f77daa",
              "isHook": false,
              "skipped": false
            },
            {
              "title": "Verifica se existe um botão com o id `generate-board`",
              "fullTitle": "10 - Faça o quadro de pixels ter seu tamanho definido pelo usuário. Verifica se existe um botão com o id `generate-board`",
              "timedOut": null,
              "duration": 51,
              "state": "passed",
              "speed": "medium",
              "pass": true,
              "fail": false,
              "pending": false,
              "context": null,
              "code": "cy.get('#generate-board').should('be.visible');",
              "err": {},
              "uuid": "10516e65-f42e-4b78-838e-2cceb684c0d4",
              "parentUUID": "2409a91f-7fb8-4fe0-8c1e-cf85a4f77daa",
              "isHook": false,
              "skipped": false
            },
            {
              "title": "Verifica se o input só aceita número maiores que zero. Essa restrição deve ser feita usando os atributos do elemento `input`",
              "fullTitle": "10 - Faça o quadro de pixels ter seu tamanho definido pelo usuário. Verifica se o input só aceita número maiores que zero. Essa restrição deve ser feita usando os atributos do elemento `input`",
              "timedOut": null,
              "duration": 4060,
              "state": "failed",
              "speed": null,
              "pass": false,
              "fail": true,
              "pending": false,
              "context": null,
              "code": "cy.get('#board-size[type=\\'number\\'][min=\\'1\\']');",
              "err": {
                "message": "AssertionError: Timed out retrying after 4000ms: Expected to find element: `#board-size[type='number'][min='1']`, but never found it.",
                "estack": "AssertionError: Timed out retrying after 4000ms: Expected to find element: `#board-size[type='number'][min='1']`, but never found it.\n    at Context.eval (http://localhost:39715/__cypress/tests?p=cypress/integration/project.spec.js:365:8)",
                "diff": null
              },
              "uuid": "b397bbd7-115f-43c1-9cc5-38c4e11d1a04",
              "parentUUID": "2409a91f-7fb8-4fe0-8c1e-cf85a4f77daa",
              "isHook": false,
              "skipped": false
            },
            {
              "title": "Verifica se o botão contém o texto 'VQV'",
              "fullTitle": "10 - Faça o quadro de pixels ter seu tamanho definido pelo usuário. Verifica se o botão contém o texto 'VQV'",
              "timedOut": null,
              "duration": 65,
              "state": "passed",
              "speed": "medium",
              "pass": true,
              "fail": false,
              "pending": false,
              "context": null,
              "code": "cy.get('#generate-board').contains(/vqv/i);",
              "err": {},
              "uuid": "3ec040cf-5382-4673-882b-09546232f928",
              "parentUUID": "2409a91f-7fb8-4fe0-8c1e-cf85a4f77daa",
              "isHook": false,
              "skipped": false
            },
            {
              "title": "Verifica se o input está posicionado entre a paleta de cores e o quadro de pixels",
              "fullTitle": "10 - Faça o quadro de pixels ter seu tamanho definido pelo usuário. Verifica se o input está posicionado entre a paleta de cores e o quadro de pixels",
              "timedOut": null,
              "duration": 60,
              "state": "passed",
              "speed": "medium",
              "pass": true,
              "fail": false,
              "pending": false,
              "context": null,
              "code": "cy.get('#color-palette').then(palette => {\n  cy.get('#board-size').should('be.belowOf', palette);\n});\ncy.get('#board-size').then(palette => {\n  cy.get('#pixel-board').should('be.belowOf', palette);\n});",
              "err": {},
              "uuid": "1d692521-7778-4f8e-a839-7479fcc34b75",
              "parentUUID": "2409a91f-7fb8-4fe0-8c1e-cf85a4f77daa",
              "isHook": false,
              "skipped": false
            },
            {
              "title": "Verifica se o botão está posicionado ao lado do input",
              "fullTitle": "10 - Faça o quadro de pixels ter seu tamanho definido pelo usuário. Verifica se o botão está posicionado ao lado do input",
              "timedOut": null,
              "duration": 64,
              "state": "passed",
              "speed": "medium",
              "pass": true,
              "fail": false,
              "pending": false,
              "context": null,
              "code": "cy.get('#board-size').then(board => {\n  cy.get('#generate-board').should('be.onTheRightOf', board);\n});",
              "err": {},
              "uuid": "cd08a098-2d03-450c-813c-1187abee0c6c",
              "parentUUID": "2409a91f-7fb8-4fe0-8c1e-cf85a4f77daa",
              "isHook": false,
              "skipped": false
            },
            {
              "title": "Verifica se nenhum valor for colocado no input ao clicar no botão, um `alert` é exibido com o texto: 'Board inválido!'",
              "fullTitle": "10 - Faça o quadro de pixels ter seu tamanho definido pelo usuário. Verifica se nenhum valor for colocado no input ao clicar no botão, um `alert` é exibido com o texto: 'Board inválido!'",
              "timedOut": null,
              "duration": 149,
              "state": "passed",
              "speed": "slow",
              "pass": true,
              "fail": false,
              "pending": false,
              "context": null,
              "code": "let alerted = false;\ncy.on('window:alert', msg => alerted = msg);\ncy.get('#generate-board').click().then(() => expect(alerted).to.match(/Board inválido!/i));",
              "err": {},
              "uuid": "0315f369-5bed-49ed-8e0f-7a4714038124",
              "parentUUID": "2409a91f-7fb8-4fe0-8c1e-cf85a4f77daa",
              "isHook": false,
              "skipped": false
            },
            {
              "title": "Verifica se ao clicar no botão com um valor preenchido, o tamanho do board muda.",
              "fullTitle": "10 - Faça o quadro de pixels ter seu tamanho definido pelo usuário. Verifica se ao clicar no botão com um valor preenchido, o tamanho do board muda.",
              "timedOut": null,
              "duration": 545,
              "state": "passed",
              "speed": "slow",
              "pass": true,
              "fail": false,
              "pending": false,
              "context": null,
              "code": "cy.get('#board-size').clear().type(10);\ncy.get('#generate-board').click();\ncy.get('.pixel').should('have.length', 100);",
              "err": {},
              "uuid": "d3316dea-1d04-424c-bc72-3b74c4688fda",
              "parentUUID": "2409a91f-7fb8-4fe0-8c1e-cf85a4f77daa",
              "isHook": false,
              "skipped": false
            },
            {
              "title": "Verifica se o novo quadro tem todos os pixels preenchidos com a cor branca",
              "fullTitle": "10 - Faça o quadro de pixels ter seu tamanho definido pelo usuário. Verifica se o novo quadro tem todos os pixels preenchidos com a cor branca",
              "timedOut": null,
              "duration": 487,
              "state": "passed",
              "speed": "slow",
              "pass": true,
              "fail": false,
              "pending": false,
              "context": null,
              "code": "cy.get('#board-size').clear().type(6);\ncy.get('#generate-board').click();\ncy.get('.pixel').should('have.length', 36).each(pixel => {\n  expect(pixel).to.have.css('background-color', WHITE);\n});",
              "err": {},
              "uuid": "aec39bb1-2617-44c7-a96d-119e146de6a2",
              "parentUUID": "2409a91f-7fb8-4fe0-8c1e-cf85a4f77daa",
              "isHook": false,
              "skipped": false
            }
          ],
          "suites": [],
          "passes": [
            "bbba189a-71e3-4573-a640-b00bc93e95d8",
            "10516e65-f42e-4b78-838e-2cceb684c0d4",
            "3ec040cf-5382-4673-882b-09546232f928",
            "1d692521-7778-4f8e-a839-7479fcc34b75",
            "cd08a098-2d03-450c-813c-1187abee0c6c",
            "0315f369-5bed-49ed-8e0f-7a4714038124",
            "d3316dea-1d04-424c-bc72-3b74c4688fda",
            "aec39bb1-2617-44c7-a96d-119e146de6a2"
          ],
          "failures": [
            "b397bbd7-115f-43c1-9cc5-38c4e11d1a04"
          ],
          "pending": [],
          "skipped": [],
          "duration": 5534,
          "root": false,
          "rootEmpty": false,
          "_timeout": 2000
        },
        {
          "uuid": "3b957941-a0f0-4f9e-adfb-3b1d787ec050",
          "title": "11 - Limite o tamanho mínimo e máximo do board.",
          "fullFile": "",
          "file": "",
          "beforeHooks": [],
          "afterHooks": [],
          "tests": [
            {
              "title": "Verifica se a altura máxima do board é 50",
              "fullTitle": "11 - Limite o tamanho mínimo e máximo do board. Verifica se a altura máxima do board é 50",
              "timedOut": null,
              "duration": 1781,
              "state": "passed",
              "speed": "slow",
              "pass": true,
              "fail": false,
              "pending": false,
              "context": null,
              "code": "cy.get('#board-size').clear().type(50);\ncy.get('#generate-board').click();\ncy.get('.pixel').should('have.length', 2500);",
              "err": {},
              "uuid": "20bf6c36-13d5-45fa-af7a-f88241352d1c",
              "parentUUID": "3b957941-a0f0-4f9e-adfb-3b1d787ec050",
              "isHook": false,
              "skipped": false
            },
            {
              "title": "Verifica se a altura do board é 5 quando um valor menor é colocado no input",
              "fullTitle": "11 - Limite o tamanho mínimo e máximo do board. Verifica se a altura do board é 5 quando um valor menor é colocado no input",
              "timedOut": null,
              "duration": 414,
              "state": "passed",
              "speed": "slow",
              "pass": true,
              "fail": false,
              "pending": false,
              "context": null,
              "code": "cy.get('#board-size').clear().type(4);\ncy.get('#generate-board').click();\ncy.get('.pixel').should('have.length', 25);",
              "err": {},
              "uuid": "3ae729fb-bbbf-4bd4-9750-3440a9291e6b",
              "parentUUID": "3b957941-a0f0-4f9e-adfb-3b1d787ec050",
              "isHook": false,
              "skipped": false
            },
            {
              "title": "Verifica se a altura do board é 50 quando um valor maior é colocado no input",
              "fullTitle": "11 - Limite o tamanho mínimo e máximo do board. Verifica se a altura do board é 50 quando um valor maior é colocado no input",
              "timedOut": null,
              "duration": 1727,
              "state": "passed",
              "speed": "slow",
              "pass": true,
              "fail": false,
              "pending": false,
              "context": null,
              "code": "cy.get('#board-size').clear().type(51);\ncy.get('#generate-board').click();\ncy.get('.pixel').should('have.length', 2500);",
              "err": {},
              "uuid": "0f1494a0-5031-41b1-8e03-d580c3ce7b12",
              "parentUUID": "3b957941-a0f0-4f9e-adfb-3b1d787ec050",
              "isHook": false,
              "skipped": false
            }
          ],
          "suites": [],
          "passes": [
            "20bf6c36-13d5-45fa-af7a-f88241352d1c",
            "3ae729fb-bbbf-4bd4-9750-3440a9291e6b",
            "0f1494a0-5031-41b1-8e03-d580c3ce7b12"
          ],
          "failures": [],
          "pending": [],
          "skipped": [],
          "duration": 3922,
          "root": false,
          "rootEmpty": false,
          "_timeout": 2000
        },
        {
          "uuid": "fb91a26c-5771-4a77-a226-8c02a9b6bf5c",
          "title": "12 - Faça com que as cores da paleta sejam geradas aleatoriamente ao carregar a página.",
          "fullFile": "",
          "file": "",
          "beforeHooks": [],
          "afterHooks": [],
          "tests": [
            {
              "title": "Verifica se as cores geradas na paleta são diferentes a cada carregamento da página",
              "fullTitle": "12 - Faça com que as cores da paleta sejam geradas aleatoriamente ao carregar a página. Verifica se as cores geradas na paleta são diferentes a cada carregamento da página",
              "timedOut": null,
              "duration": 134,
              "state": "failed",
              "speed": null,
              "pass": false,
              "fail": true,
              "pending": false,
              "context": null,
              "code": "cy.get('.color').then(colors => {\n  let currentColors;\n  let previousColors;\n  previousColors = Array.from(colors).map(color => Cypress.$(color).css('background-color'));\n  for (let i = 0; i < 5; i += 1) {\n    cy.reload();\n    cy.get('.color').then(colors => {\n      currentColors = Array.from(colors).map(color => Cypress.$(color).css('background-color'));\n      expect(currentColors).not.to.deep.equal(previousColors);\n      previousColors = currentColors;\n    });\n  }\n});",
              "err": {
                "message": "AssertionError: expected [ Array(4) ] to not deeply equal [ Array(4) ]",
                "estack": "AssertionError: expected [ Array(4) ] to not deeply equal [ Array(4) ]\n    at Context.eval (http://localhost:39715/__cypress/tests?p=cypress/integration/project.spec.js:435:45)",
                "diff": ""
              },
              "uuid": "2120243e-ebfe-4dcc-b535-fba7d1806f93",
              "parentUUID": "fb91a26c-5771-4a77-a226-8c02a9b6bf5c",
              "isHook": false,
              "skipped": false
            },
            {
              "title": "Verifica se a cor preta ainda está presente e é a primeira na sua paleta de cores",
              "fullTitle": "12 - Faça com que as cores da paleta sejam geradas aleatoriamente ao carregar a página. Verifica se a cor preta ainda está presente e é a primeira na sua paleta de cores",
              "timedOut": null,
              "duration": 134,
              "state": "failed",
              "speed": null,
              "pass": false,
              "fail": true,
              "pending": false,
              "context": null,
              "code": "cy.get('.color').then(colors => {\n  let currentColors;\n  let previousColors;\n  previousColors = Array.from(colors).map(color => Cypress.$(color).css('background-color'));\n  expect(previousColors[0]).to.eq(BLACK);\n  for (let i = 0; i < 5; i += 1) {\n    cy.reload();\n    cy.get('.color').then(colors => {\n      currentColors = Array.from(colors).map(color => Cypress.$(color).css('background-color'));\n      expect(currentColors[0]).to.eq(BLACK);\n      expect(currentColors).not.to.deep.equal(previousColors);\n      previousColors = currentColors;\n    });\n  }\n});",
              "err": {
                "message": "AssertionError: expected [ Array(4) ] to not deeply equal [ Array(4) ]",
                "estack": "AssertionError: expected [ Array(4) ] to not deeply equal [ Array(4) ]\n    at Context.eval (http://localhost:39715/__cypress/tests?p=cypress/integration/project.spec.js:453:45)",
                "diff": ""
              },
              "uuid": "d5cb46c6-7f7a-47ef-8a6d-8baf5a1da803",
              "parentUUID": "fb91a26c-5771-4a77-a226-8c02a9b6bf5c",
              "isHook": false,
              "skipped": false
            }
          ],
          "suites": [],
          "passes": [],
          "failures": [
            "2120243e-ebfe-4dcc-b535-fba7d1806f93",
            "d5cb46c6-7f7a-47ef-8a6d-8baf5a1da803"
          ],
          "pending": [],
          "skipped": [],
          "duration": 268,
          "root": false,
          "rootEmpty": false,
          "_timeout": 2000
        }
      ],
      "passes": [],
      "failures": [],
      "pending": [],
      "skipped": [],
      "duration": 0,
      "root": true,
      "rootEmpty": true,
      "_timeout": 2000
    }
  ],
  "meta": {
    "mocha": {
      "version": "7.0.1"
    },
    "mochawesome": {
      "options": {
        "quiet": false,
        "reportFilename": "mochawesome",
        "saveHtml": false,
        "saveJson": true,
        "consoleReporter": "spec",
        "useInlineDiffs": false
      },
      "version": "4.1.0"
    },
    "marge": {
      "options": {
        "id": "default",
        "reportDir": "cypress/reports",
        "overwrite": true,
        "html": false,
        "json": true
      },
      "version": "4.1.0"
    }
  }
}