{
  "stats": {
    "suites": 12,
    "tests": 41,
    "passes": 23,
    "pending": 0,
    "failures": 18,
    "start": "2021-08-15T22:19:08.579Z",
    "end": "2021-08-15T22:20:50.998Z",
    "duration": 102419,
    "testsRegistered": 41,
    "passPercent": 56.09756097560976,
    "pendingPercent": 0,
    "other": 0,
    "hasOther": false,
    "skipped": 0,
    "hasSkipped": false
  },
  "results": [
    {
      "uuid": "dbcfce4c-0977-492c-a7b8-59e187bc5a97",
      "title": "",
      "fullFile": "cypress/integration/project.spec.js",
      "file": "cypress/integration/project.spec.js",
      "beforeHooks": [],
      "afterHooks": [],
      "tests": [],
      "suites": [
        {
          "uuid": "c539fd69-896b-456f-86ea-d4d0dbcc01c3",
          "title": "1 - Adicione à página o título \"Paleta de Cores\".",
          "fullFile": "",
          "file": "",
          "beforeHooks": [],
          "afterHooks": [],
          "tests": [
            {
              "title": "Verifica se contém um elemento `h1` com o id `title` com o título correto",
              "fullTitle": "1 - Adicione à página o título \"Paleta de Cores\". Verifica se contém um elemento `h1` com o id `title` com o título correto",
              "timedOut": null,
              "duration": 293,
              "state": "passed",
              "speed": "slow",
              "pass": true,
              "fail": false,
              "pending": false,
              "context": null,
              "code": "cy.get('h1#title').should('contain.text', 'Paleta de Cores');",
              "err": {},
              "uuid": "881e6175-3819-4cf6-86e9-5b4701ef5a47",
              "parentUUID": "c539fd69-896b-456f-86ea-d4d0dbcc01c3",
              "isHook": false,
              "skipped": false
            }
          ],
          "suites": [],
          "passes": [
            "881e6175-3819-4cf6-86e9-5b4701ef5a47"
          ],
          "failures": [],
          "pending": [],
          "skipped": [],
          "duration": 293,
          "root": false,
          "rootEmpty": false,
          "_timeout": 2000
        },
        {
          "uuid": "a48ea501-71cf-4e73-96ab-a6eb666c53ee",
          "title": "2 - Adicione à página uma paleta de quatro cores distintas.",
          "fullFile": "",
          "file": "",
          "beforeHooks": [],
          "afterHooks": [],
          "tests": [
            {
              "title": "A paleta de cores deve ser um elemento com `id` denominado `color-palette`",
              "fullTitle": "2 - Adicione à página uma paleta de quatro cores distintas. A paleta de cores deve ser um elemento com `id` denominado `color-palette`",
              "timedOut": null,
              "duration": 292,
              "state": "passed",
              "speed": "slow",
              "pass": true,
              "fail": false,
              "pending": false,
              "context": null,
              "code": "cy.get('#color-palette').should('be.visible');",
              "err": {},
              "uuid": "fdf0f202-640b-4381-8cac-70f94df2e46b",
              "parentUUID": "a48ea501-71cf-4e73-96ab-a6eb666c53ee",
              "isHook": false,
              "skipped": false
            },
            {
              "title": "Verifica se cada cor individual da paleta de cores possui a `classe` chamada `color`.",
              "fullTitle": "2 - Adicione à página uma paleta de quatro cores distintas. Verifica se cada cor individual da paleta de cores possui a `classe` chamada `color`.",
              "timedOut": null,
              "duration": 293,
              "state": "passed",
              "speed": "slow",
              "pass": true,
              "fail": false,
              "pending": false,
              "context": null,
              "code": "cy.get('.color').should('have.length', 4).then(function (colors) {\n  for (var i = 0; i < colors.length; i++) {\n    cy.wrap(colors[i]).should('be.visible');\n  }\n});",
              "err": {},
              "uuid": "e384069e-219f-42a1-8c13-2c4a7a22c935",
              "parentUUID": "a48ea501-71cf-4e73-96ab-a6eb666c53ee",
              "isHook": false,
              "skipped": false
            },
            {
              "title": "Verifica se a cor de fundo de cada elemento da paleta é a cor que o elemento representa. **A única cor não permitida na paleta é a cor branca.**",
              "fullTitle": "2 - Adicione à página uma paleta de quatro cores distintas. Verifica se a cor de fundo de cada elemento da paleta é a cor que o elemento representa. **A única cor não permitida na paleta é a cor branca.**",
              "timedOut": null,
              "duration": 289,
              "state": "passed",
              "speed": "slow",
              "pass": true,
              "fail": false,
              "pending": false,
              "context": null,
              "code": "cy.get('.color').each(function (color) {\n  cy.wrap(color).should('have.class', 'color').and('not.have.css', 'background-color', WHITE);\n  cy.wrap(color).should('have.css', 'background-color');\n});",
              "err": {},
              "uuid": "8cfd9c68-518d-4429-82a9-82ce25646d0b",
              "parentUUID": "a48ea501-71cf-4e73-96ab-a6eb666c53ee",
              "isHook": false,
              "skipped": false
            },
            {
              "title": "Verifica se cada elemento da paleta de cores tem uma borda preta, sólida e com 1 pixel de largura;",
              "fullTitle": "2 - Adicione à página uma paleta de quatro cores distintas. Verifica se cada elemento da paleta de cores tem uma borda preta, sólida e com 1 pixel de largura;",
              "timedOut": null,
              "duration": 208,
              "state": "passed",
              "speed": "slow",
              "pass": true,
              "fail": false,
              "pending": false,
              "context": null,
              "code": "cy.get('.color').each(function (color) {\n  cy.wrap(color).and('have.css', 'border', \"1px solid \".concat(BLACK)).and('have.class', 'color');\n});",
              "err": {},
              "uuid": "2e1a01de-c994-4eb7-b91f-dd1af7a2b9ba",
              "parentUUID": "a48ea501-71cf-4e73-96ab-a6eb666c53ee",
              "isHook": false,
              "skipped": false
            },
            {
              "title": "Verifica se a paleta lista todas as cores disponíveis para utilização, lado a lado.",
              "fullTitle": "2 - Adicione à página uma paleta de quatro cores distintas. Verifica se a paleta lista todas as cores disponíveis para utilização, lado a lado.",
              "timedOut": null,
              "duration": 280,
              "state": "passed",
              "speed": "slow",
              "pass": true,
              "fail": false,
              "pending": false,
              "context": null,
              "code": "cy.get('.color').then(function (colors) {\n  for (var index = 1; index < colors.length; index += 1) {\n    var currentColor = colors[index];\n    var previousColor = colors[index - 1];\n    cy.wrap(currentColor).should('be.onTheRightOf', previousColor).and('be.horizontallyAlignedWith', previousColor);\n  }\n});",
              "err": {},
              "uuid": "aa3599ec-66c8-472a-bb4b-f7a6af8b5774",
              "parentUUID": "a48ea501-71cf-4e73-96ab-a6eb666c53ee",
              "isHook": false,
              "skipped": false
            },
            {
              "title": "Verifica se a paleta de cores está posicionada abaixo do título 'Paleta de Cores'",
              "fullTitle": "2 - Adicione à página uma paleta de quatro cores distintas. Verifica se a paleta de cores está posicionada abaixo do título 'Paleta de Cores'",
              "timedOut": null,
              "duration": 145,
              "state": "passed",
              "speed": "slow",
              "pass": true,
              "fail": false,
              "pending": false,
              "context": null,
              "code": "cy.get('h1#title').then(function (title) {\n  cy.get('#color-palette').should('be.belowOf', title);\n});",
              "err": {},
              "uuid": "133a4e00-6905-4037-877d-46b0b49c3063",
              "parentUUID": "a48ea501-71cf-4e73-96ab-a6eb666c53ee",
              "isHook": false,
              "skipped": false
            },
            {
              "title": "Verifica se a paleta de cores não contém cores repetidas.",
              "fullTitle": "2 - Adicione à página uma paleta de quatro cores distintas. Verifica se a paleta de cores não contém cores repetidas.",
              "timedOut": null,
              "duration": 248,
              "state": "passed",
              "speed": "slow",
              "pass": true,
              "fail": false,
              "pending": false,
              "context": null,
              "code": "cy.get('.color').then(function (colors) {\n  var allColors = Array.from(colors).map(function (color) {\n    return Cypress.$(color).css('background-color');\n  });\n  cy.log(allColors);\n  var uniqColors = (0, _toConsumableArray2[\"default\"])(new Set(allColors));\n  cy.log(uniqColors);\n  expect(allColors.length).to.eq(uniqColors.length);\n});",
              "err": {},
              "uuid": "e9cf662b-ea69-4090-a749-6a439d0c66d7",
              "parentUUID": "a48ea501-71cf-4e73-96ab-a6eb666c53ee",
              "isHook": false,
              "skipped": false
            }
          ],
          "suites": [],
          "passes": [
            "fdf0f202-640b-4381-8cac-70f94df2e46b",
            "e384069e-219f-42a1-8c13-2c4a7a22c935",
            "8cfd9c68-518d-4429-82a9-82ce25646d0b",
            "2e1a01de-c994-4eb7-b91f-dd1af7a2b9ba",
            "aa3599ec-66c8-472a-bb4b-f7a6af8b5774",
            "133a4e00-6905-4037-877d-46b0b49c3063",
            "e9cf662b-ea69-4090-a749-6a439d0c66d7"
          ],
          "failures": [],
          "pending": [],
          "skipped": [],
          "duration": 1755,
          "root": false,
          "rootEmpty": false,
          "_timeout": 2000
        },
        {
          "uuid": "5b920cb6-2851-4f3a-8717-fc5fb166a0ce",
          "title": "3 - Adicione a cor **preta** como a primeira cor da paleta de cores.",
          "fullFile": "",
          "file": "",
          "beforeHooks": [],
          "afterHooks": [],
          "tests": [
            {
              "title": "Verifica se a primeira cor da paleta é preta",
              "fullTitle": "3 - Adicione a cor **preta** como a primeira cor da paleta de cores. Verifica se a primeira cor da paleta é preta",
              "timedOut": null,
              "duration": 100,
              "state": "passed",
              "speed": "slow",
              "pass": true,
              "fail": false,
              "pending": false,
              "context": null,
              "code": "cy.get('.color').first().should('have.css', 'background-color', BLACK);",
              "err": {},
              "uuid": "0486a645-3dae-4765-bb77-d04c4f11c010",
              "parentUUID": "5b920cb6-2851-4f3a-8717-fc5fb166a0ce",
              "isHook": false,
              "skipped": false
            },
            {
              "title": "Verifica se as demais cores podem ser escolhidas livremente.",
              "fullTitle": "3 - Adicione a cor **preta** como a primeira cor da paleta de cores. Verifica se as demais cores podem ser escolhidas livremente.",
              "timedOut": null,
              "duration": 315,
              "state": "passed",
              "speed": "slow",
              "pass": true,
              "fail": false,
              "pending": false,
              "context": null,
              "code": "cy.get('.color').eq(1).should('not.have.css', 'background-color', BLACK);\ncy.get('.color').eq(1).should('not.have.css', 'background-color', WHITE);\ncy.get('.color').eq(1).should('not.have.css', 'background-color', 'rgba(0, 0, 0, 0)');\ncy.get('.color').eq(1).should('have.css', 'background-color');\ncy.get('.color').eq(2).should('not.have.css', 'background-color', BLACK);\ncy.get('.color').eq(2).should('not.have.css', 'background-color', WHITE);\ncy.get('.color').eq(2).should('not.have.css', 'background-color', 'rgba(0, 0, 0, 0)');\ncy.get('.color').eq(2).should('have.css', 'background-color');\ncy.get('.color').eq(3).should('not.have.css', 'background-color', BLACK);\ncy.get('.color').eq(3).should('not.have.css', 'background-color', WHITE);\ncy.get('.color').eq(3).should('not.have.css', 'background-color', 'rgba(0, 0, 0, 0)');\ncy.get('.color').eq(3).should('have.css', 'background-color');",
              "err": {},
              "uuid": "e5569918-e9e8-4c43-88cd-4c2bd26ca7ae",
              "parentUUID": "5b920cb6-2851-4f3a-8717-fc5fb166a0ce",
              "isHook": false,
              "skipped": false
            }
          ],
          "suites": [],
          "passes": [
            "0486a645-3dae-4765-bb77-d04c4f11c010",
            "e5569918-e9e8-4c43-88cd-4c2bd26ca7ae"
          ],
          "failures": [],
          "pending": [],
          "skipped": [],
          "duration": 415,
          "root": false,
          "rootEmpty": false,
          "_timeout": 2000
        },
        {
          "uuid": "e66caddb-8808-4ae0-aff9-af8354645c0f",
          "title": "4 - Adicione à página um quadro de pixels, com 25 pixels.",
          "fullFile": "",
          "file": "",
          "beforeHooks": [],
          "afterHooks": [],
          "tests": [
            {
              "title": "Verifica se o quadro de pixels possui o `id` denominado `pixel-board`",
              "fullTitle": "4 - Adicione à página um quadro de pixels, com 25 pixels. Verifica se o quadro de pixels possui o `id` denominado `pixel-board`",
              "timedOut": null,
              "duration": 141,
              "state": "passed",
              "speed": "slow",
              "pass": true,
              "fail": false,
              "pending": false,
              "context": null,
              "code": "cy.get('#pixel-board').should('be.visible');",
              "err": {},
              "uuid": "3a682c44-2b8c-4162-be2c-d24fcfc3c2cd",
              "parentUUID": "e66caddb-8808-4ae0-aff9-af8354645c0f",
              "isHook": false,
              "skipped": false
            },
            {
              "title": "Verifica se cada pixel individual dentro do quadro possui a `classe` denominada `pixel`.",
              "fullTitle": "4 - Adicione à página um quadro de pixels, com 25 pixels. Verifica se cada pixel individual dentro do quadro possui a `classe` denominada `pixel`.",
              "timedOut": null,
              "duration": 160,
              "state": "passed",
              "speed": "slow",
              "pass": true,
              "fail": false,
              "pending": false,
              "context": null,
              "code": "cy.get('.pixel').should('have.length', 25);",
              "err": {},
              "uuid": "8226a1c5-0dd4-42c6-90c7-c70df1c51631",
              "parentUUID": "e66caddb-8808-4ae0-aff9-af8354645c0f",
              "isHook": false,
              "skipped": false
            },
            {
              "title": "Verifica se a cor inicial dos pixels dentro do quadro, ao abrir a página, é branca.",
              "fullTitle": "4 - Adicione à página um quadro de pixels, com 25 pixels. Verifica se a cor inicial dos pixels dentro do quadro, ao abrir a página, é branca.",
              "timedOut": null,
              "duration": 292,
              "state": "passed",
              "speed": "slow",
              "pass": true,
              "fail": false,
              "pending": false,
              "context": null,
              "code": "cy.get('.pixel').should('have.length', 25).each(function (pixel) {\n  expect(pixel).to.have.css('background-color', WHITE);\n});",
              "err": {},
              "uuid": "e606e15d-b0ca-4c64-970b-31f664578843",
              "parentUUID": "e66caddb-8808-4ae0-aff9-af8354645c0f",
              "isHook": false,
              "skipped": false
            },
            {
              "title": "Verifica se o quadro de pixels aparece abaixo da paleta de cores",
              "fullTitle": "4 - Adicione à página um quadro de pixels, com 25 pixels. Verifica se o quadro de pixels aparece abaixo da paleta de cores",
              "timedOut": null,
              "duration": 162,
              "state": "passed",
              "speed": "slow",
              "pass": true,
              "fail": false,
              "pending": false,
              "context": null,
              "code": "cy.get('#color-palette').then(function (palette) {\n  cy.get('#pixel-board').should('be.belowOf', palette);\n});",
              "err": {},
              "uuid": "7e2697bb-5d48-411c-8b5c-07eb5477699b",
              "parentUUID": "e66caddb-8808-4ae0-aff9-af8354645c0f",
              "isHook": false,
              "skipped": false
            }
          ],
          "suites": [],
          "passes": [
            "3a682c44-2b8c-4162-be2c-d24fcfc3c2cd",
            "8226a1c5-0dd4-42c6-90c7-c70df1c51631",
            "e606e15d-b0ca-4c64-970b-31f664578843",
            "7e2697bb-5d48-411c-8b5c-07eb5477699b"
          ],
          "failures": [],
          "pending": [],
          "skipped": [],
          "duration": 755,
          "root": false,
          "rootEmpty": false,
          "_timeout": 2000
        },
        {
          "uuid": "c503665f-652c-4b01-bd0b-bd21997296c8",
          "title": "5 - Faça com que cada elemento do quadro de pixels possua 40 pixels de largura, 40 pixels de altura e seja delimitado por uma borda preta de 1 pixel.",
          "fullFile": "",
          "file": "",
          "beforeHooks": [],
          "afterHooks": [],
          "tests": [
            {
              "title": "Verifica se o quadro de pixels tem altura e comprimento de 5 elementos",
              "fullTitle": "5 - Faça com que cada elemento do quadro de pixels possua 40 pixels de largura, 40 pixels de altura e seja delimitado por uma borda preta de 1 pixel. Verifica se o quadro de pixels tem altura e comprimento de 5 elementos",
              "timedOut": null,
              "duration": 697,
              "state": "passed",
              "speed": "slow",
              "pass": true,
              "fail": false,
              "pending": false,
              "context": null,
              "code": "cy.get('.pixel').should('have.length', 25).each(function (pixel) {\n  expect(pixel).to.have.css('background-color', WHITE);\n}).and(function (pixels) {\n  var rows = chunk(pixels, 5);\n  rows.forEach(function (row) {\n    for (var index = 1; index < row.length; index += 1) {\n      var current = pixels[index];\n      var previous = pixels[index - 1];\n      cy.wrap(current).should('be.onTheRightOf', previous).and('be.horizontallyAlignedWith', previous);\n    }\n  });\n  for (var index = 1; index < 5; index += 1) {\n    expect(pixels[index * 5]).to.be.belowOf(pixels[(index - 1) * 5]);\n  }\n});",
              "err": {},
              "uuid": "fa92268c-1ab6-4ee1-a16d-e81a7408f4bc",
              "parentUUID": "c503665f-652c-4b01-bd0b-bd21997296c8",
              "isHook": false,
              "skipped": false
            },
            {
              "title": "Verifica se 40 pixels é o tamanho total do elemento, incluindo seu conteúdo e excluindo a borda preta, que deve ser criada à parte.",
              "fullTitle": "5 - Faça com que cada elemento do quadro de pixels possua 40 pixels de largura, 40 pixels de altura e seja delimitado por uma borda preta de 1 pixel. Verifica se 40 pixels é o tamanho total do elemento, incluindo seu conteúdo e excluindo a borda preta, que deve ser criada à parte.",
              "timedOut": null,
              "duration": 379,
              "state": "passed",
              "speed": "slow",
              "pass": true,
              "fail": false,
              "pending": false,
              "context": null,
              "code": "cy.get('.pixel').each(function (pixel) {\n  cy.wrap(pixel).should('have.css', 'height', '40px').and('have.css', 'width', '40px').and('have.css', 'border', \"1px solid \".concat(BLACK));\n});",
              "err": {},
              "uuid": "be770fcd-03ed-446d-bb50-5ce835d40b45",
              "parentUUID": "c503665f-652c-4b01-bd0b-bd21997296c8",
              "isHook": false,
              "skipped": false
            }
          ],
          "suites": [],
          "passes": [
            "fa92268c-1ab6-4ee1-a16d-e81a7408f4bc",
            "be770fcd-03ed-446d-bb50-5ce835d40b45"
          ],
          "failures": [],
          "pending": [],
          "skipped": [],
          "duration": 1076,
          "root": false,
          "rootEmpty": false,
          "_timeout": 2000
        },
        {
          "uuid": "62e2ea8d-3d86-4edf-8a08-860f85622c9e",
          "title": "6 - Defina a cor preta como cor inicial. Ao carregar a página a cor preta já deve estar selecionada para pintar os pixels",
          "fullFile": "",
          "file": "",
          "beforeHooks": [],
          "afterHooks": [],
          "tests": [
            {
              "title": "Verifica se o elemento da cor preta possui, inicialmente, a `classe` `selected`",
              "fullTitle": "6 - Defina a cor preta como cor inicial. Ao carregar a página a cor preta já deve estar selecionada para pintar os pixels Verifica se o elemento da cor preta possui, inicialmente, a `classe` `selected`",
              "timedOut": null,
              "duration": 255,
              "state": "passed",
              "speed": "slow",
              "pass": true,
              "fail": false,
              "pending": false,
              "context": null,
              "code": "cy.get('.selected').first().should('have.css', 'background-color', BLACK);",
              "err": {},
              "uuid": "758bac14-b406-4802-87d1-d3c775a7c56c",
              "parentUUID": "62e2ea8d-3d86-4edf-8a08-860f85622c9e",
              "isHook": false,
              "skipped": false
            },
            {
              "title": "Verifica se nenhuma outra cor da paleta tem a `classe` `selected`",
              "fullTitle": "6 - Defina a cor preta como cor inicial. Ao carregar a página a cor preta já deve estar selecionada para pintar os pixels Verifica se nenhuma outra cor da paleta tem a `classe` `selected`",
              "timedOut": null,
              "duration": 94,
              "state": "passed",
              "speed": "slow",
              "pass": true,
              "fail": false,
              "pending": false,
              "context": null,
              "code": "cy.get('.color:not(:first-child)').each(function (color) {\n  cy.wrap(color).should('not.have.class', 'selected');\n});",
              "err": {},
              "uuid": "467b3977-3eb7-4bfd-8013-5b8ef9a96e7d",
              "parentUUID": "62e2ea8d-3d86-4edf-8a08-860f85622c9e",
              "isHook": false,
              "skipped": false
            }
          ],
          "suites": [],
          "passes": [
            "758bac14-b406-4802-87d1-d3c775a7c56c",
            "467b3977-3eb7-4bfd-8013-5b8ef9a96e7d"
          ],
          "failures": [],
          "pending": [],
          "skipped": [],
          "duration": 349,
          "root": false,
          "rootEmpty": false,
          "_timeout": 2000
        },
        {
          "uuid": "06f22de5-d47a-4215-8553-fff41e4ccc3a",
          "title": "7 - Clicar em uma das cores da paleta, faz com que ela seja selecionada e utilizada para preencher os pixels no quadro.",
          "fullFile": "",
          "file": "",
          "beforeHooks": [],
          "afterHooks": [],
          "tests": [
            {
              "title": "Verifica se somente uma cor da paleta de cores tem a classe `selected` de cada vez",
              "fullTitle": "7 - Clicar em uma das cores da paleta, faz com que ela seja selecionada e utilizada para preencher os pixels no quadro. Verifica se somente uma cor da paleta de cores tem a classe `selected` de cada vez",
              "timedOut": null,
              "duration": 551,
              "state": "passed",
              "speed": "slow",
              "pass": true,
              "fail": false,
              "pending": false,
              "context": null,
              "code": "cy.get('.color').each(function (selectedColor, selectedColorIndex) {\n  cy.wrap(selectedColor).click();\n  cy.get('.color').each(function (color, colorIndex) {\n    if (colorIndex === selectedColorIndex) {\n      expect(color).to.have[\"class\"]('selected');\n    } else {\n      expect(color).not.to.have[\"class\"]('selected');\n    }\n  });\n});",
              "err": {},
              "uuid": "3d9c42dc-6de3-48e6-9db3-b9a50e9b8d88",
              "parentUUID": "06f22de5-d47a-4215-8553-fff41e4ccc3a",
              "isHook": false,
              "skipped": false
            },
            {
              "title": "Verifica se os pixels dentro do quadro não têm a classe `selected` quando são clicados",
              "fullTitle": "7 - Clicar em uma das cores da paleta, faz com que ela seja selecionada e utilizada para preencher os pixels no quadro. Verifica se os pixels dentro do quadro não têm a classe `selected` quando são clicados",
              "timedOut": null,
              "duration": 9230,
              "state": "passed",
              "speed": "slow",
              "pass": true,
              "fail": false,
              "pending": false,
              "context": null,
              "code": "cy.get('.color').each(function (color) {\n  var backgroundColor = color.css('background-color');\n  cy.wrap(color).click();\n  cy.get('.pixel').each(function (pixel) {\n    cy.wrap(pixel).click().should('not.have.class', 'selected');\n  });\n});",
              "err": {},
              "uuid": "18749c24-8c9e-412a-b3f3-e14eefa3f9c6",
              "parentUUID": "06f22de5-d47a-4215-8553-fff41e4ccc3a",
              "isHook": false,
              "skipped": false
            }
          ],
          "suites": [],
          "passes": [
            "3d9c42dc-6de3-48e6-9db3-b9a50e9b8d88",
            "18749c24-8c9e-412a-b3f3-e14eefa3f9c6"
          ],
          "failures": [],
          "pending": [],
          "skipped": [],
          "duration": 9781,
          "root": false,
          "rootEmpty": false,
          "_timeout": 2000
        },
        {
          "uuid": "c3abd04c-95d0-4636-801a-f44a22d412da",
          "title": "8 - Clicar em um pixel dentro do quadro após selecionar uma cor na paleta, faz com que o pixel seja preenchido com a cor selecionada.",
          "fullFile": "",
          "file": "",
          "beforeHooks": [],
          "afterHooks": [],
          "tests": [
            {
              "title": "Verifica se ao carregar a página deve ser possível pintar os pixels de preto",
              "fullTitle": "8 - Clicar em um pixel dentro do quadro após selecionar uma cor na paleta, faz com que o pixel seja preenchido com a cor selecionada. Verifica se ao carregar a página deve ser possível pintar os pixels de preto",
              "timedOut": null,
              "duration": 2353,
              "state": "passed",
              "speed": "slow",
              "pass": true,
              "fail": false,
              "pending": false,
              "context": null,
              "code": "cy.get('.pixel').each(function (pixel) {\n  cy.wrap(pixel).click().should('have.css', 'background-color', BLACK);\n});",
              "err": {},
              "uuid": "16a2a948-d4ec-41cf-9044-b3a331051848",
              "parentUUID": "c3abd04c-95d0-4636-801a-f44a22d412da",
              "isHook": false,
              "skipped": false
            },
            {
              "title": "Verifica se após selecionar uma outra cor na paleta, é possível pintar os pixels com essa cor",
              "fullTitle": "8 - Clicar em um pixel dentro do quadro após selecionar uma cor na paleta, faz com que o pixel seja preenchido com a cor selecionada. Verifica se após selecionar uma outra cor na paleta, é possível pintar os pixels com essa cor",
              "timedOut": null,
              "duration": 8987,
              "state": "passed",
              "speed": "slow",
              "pass": true,
              "fail": false,
              "pending": false,
              "context": null,
              "code": "cy.get('.color').each(function (color) {\n  var backgroundColor = color.css('background-color');\n  cy.wrap(color).click();\n  cy.get('.pixel').each(function (pixel) {\n    cy.wrap(pixel).click().should('have.css', 'background-color', backgroundColor);\n  });\n});",
              "err": {},
              "uuid": "b55f3f14-32b9-411b-b2a7-d757210099c3",
              "parentUUID": "c3abd04c-95d0-4636-801a-f44a22d412da",
              "isHook": false,
              "skipped": false
            },
            {
              "title": "Verifica se somente o pixel que foi clicado foi preenchido com a cor selecionada, sem influenciar na cor dos demais pixels.",
              "fullTitle": "8 - Clicar em um pixel dentro do quadro após selecionar uma cor na paleta, faz com que o pixel seja preenchido com a cor selecionada. Verifica se somente o pixel que foi clicado foi preenchido com a cor selecionada, sem influenciar na cor dos demais pixels.",
              "timedOut": null,
              "duration": 1399,
              "state": "passed",
              "speed": "slow",
              "pass": true,
              "fail": false,
              "pending": false,
              "context": null,
              "code": "var colorToPixelIndexMap = {\n  0: 6,\n  1: 8,\n  2: 16,\n  3: 18\n};\ncy.get('.color').each(function (color, index) {\n  cy.wrap(color).click();\n  var backgroundColor = color.css('background-color');\n  var clickedPixelIndex = colorToPixelIndexMap[index];\n  cy.get('.pixel').eq(clickedPixelIndex).click();\n  cy.get('.pixel').eq(clickedPixelIndex - 1).should('not.have.css', 'background-color', backgroundColor);\n  cy.get('.pixel').eq(clickedPixelIndex + 1).should('not.have.css', 'background-color', backgroundColor);\n  cy.get('.pixel').eq(clickedPixelIndex - 5).should('not.have.css', 'background-color', backgroundColor);\n  cy.get('.pixel').eq(clickedPixelIndex + 5).should('not.have.css', 'background-color', backgroundColor);\n  cy.get('.pixel').eq(clickedPixelIndex - 6).should('not.have.css', 'background-color', backgroundColor);\n  cy.get('.pixel').eq(clickedPixelIndex - 4).should('not.have.css', 'background-color', backgroundColor);\n  cy.get('.pixel').eq(clickedPixelIndex + 4).should('not.have.css', 'background-color', backgroundColor);\n  cy.get('.pixel').eq(clickedPixelIndex + 6).should('not.have.css', 'background-color', backgroundColor);\n});",
              "err": {},
              "uuid": "973fd95f-7af9-4a53-a5e9-7931de9e2b17",
              "parentUUID": "c3abd04c-95d0-4636-801a-f44a22d412da",
              "isHook": false,
              "skipped": false
            }
          ],
          "suites": [],
          "passes": [
            "16a2a948-d4ec-41cf-9044-b3a331051848",
            "b55f3f14-32b9-411b-b2a7-d757210099c3",
            "973fd95f-7af9-4a53-a5e9-7931de9e2b17"
          ],
          "failures": [],
          "pending": [],
          "skipped": [],
          "duration": 12739,
          "root": false,
          "rootEmpty": false,
          "_timeout": 2000
        },
        {
          "uuid": "a84bd6b7-33d8-4d19-bc6e-e7b22002067d",
          "title": "9 - Crie um botão que, ao ser clicado, limpa o quadro preenchendo a cor de todos seus pixels com branco.",
          "fullFile": "",
          "file": "",
          "beforeHooks": [],
          "afterHooks": [],
          "tests": [
            {
              "title": "Verifica se o botão tem o `id` denominado `clear-board`",
              "fullTitle": "9 - Crie um botão que, ao ser clicado, limpa o quadro preenchendo a cor de todos seus pixels com branco. Verifica se o botão tem o `id` denominado `clear-board`",
              "timedOut": null,
              "duration": 4364,
              "state": "failed",
              "speed": null,
              "pass": false,
              "fail": true,
              "pending": false,
              "context": null,
              "code": "cy.get('#clear-board').should('be.visible');",
              "err": {
                "message": "CypressError: Timed out retrying: Expected to find element: '#clear-board', but never found it.",
                "estack": "CypressError: Timed out retrying: Expected to find element: '#clear-board', but never found it.\n    at cypressErr (http://localhost:35115/__cypress/runner/cypress_runner.js:149934:9)\n    at throwErr (http://localhost:35115/__cypress/runner/cypress_runner.js:149867:11)\n    at Object.throwErrByPath (http://localhost:35115/__cypress/runner/cypress_runner.js:149915:3)\n    at retry (http://localhost:35115/__cypress/runner/cypress_runner.js:144197:19)\n    at onFailFn (http://localhost:35115/__cypress/runner/cypress_runner.js:132448:16)\n    at tryCatcher (http://localhost:35115/__cypress/runner/cypress_runner.js:167415:23)\n    at Promise._settlePromiseFromHandler (http://localhost:35115/__cypress/runner/cypress_runner.js:165351:31)\n    at Promise._settlePromise (http://localhost:35115/__cypress/runner/cypress_runner.js:165408:18)\n    at Promise._settlePromise0 (http://localhost:35115/__cypress/runner/cypress_runner.js:165453:10)\n    at Promise._settlePromises (http://localhost:35115/__cypress/runner/cypress_runner.js:165528:18)\n    at Async../node_modules/bluebird/js/release/async.js.Async._drainQueue (http://localhost:35115/__cypress/runner/cypress_runner.js:162140:16)\n    at Async../node_modules/bluebird/js/release/async.js.Async._drainQueues (http://localhost:35115/__cypress/runner/cypress_runner.js:162150:10)\n    at Async.drainQueues (http://localhost:35115/__cypress/runner/cypress_runner.js:162024:14)",
                "diff": null
              },
              "uuid": "7fca19ab-3be8-41da-ba91-4690b91746db",
              "parentUUID": "a84bd6b7-33d8-4d19-bc6e-e7b22002067d",
              "isHook": false,
              "skipped": false
            },
            {
              "title": "Verifica se o botão está posicionado entre a paleta de cores e o quadro de pixels",
              "fullTitle": "9 - Crie um botão que, ao ser clicado, limpa o quadro preenchendo a cor de todos seus pixels com branco. Verifica se o botão está posicionado entre a paleta de cores e o quadro de pixels",
              "timedOut": null,
              "duration": 4499,
              "state": "failed",
              "speed": null,
              "pass": false,
              "fail": true,
              "pending": false,
              "context": null,
              "code": "cy.get('#color-palette').then(function (palette) {\n  cy.get('#clear-board').should('be.belowOf', palette);\n});\ncy.get('#clear-board').then(function (clearBtn) {\n  cy.get('#pixel-board').should('be.belowOf', clearBtn);\n});",
              "err": {
                "message": "CypressError: Timed out retrying: Expected to find element: '#clear-board', but never found it.",
                "estack": "CypressError: Timed out retrying: Expected to find element: '#clear-board', but never found it.\n    at cypressErr (http://localhost:35115/__cypress/runner/cypress_runner.js:149934:9)\n    at throwErr (http://localhost:35115/__cypress/runner/cypress_runner.js:149867:11)\n    at Object.throwErrByPath (http://localhost:35115/__cypress/runner/cypress_runner.js:149915:3)\n    at retry (http://localhost:35115/__cypress/runner/cypress_runner.js:144197:19)\n    at onFailFn (http://localhost:35115/__cypress/runner/cypress_runner.js:132448:16)\n    at tryCatcher (http://localhost:35115/__cypress/runner/cypress_runner.js:167415:23)\n    at Promise._settlePromiseFromHandler (http://localhost:35115/__cypress/runner/cypress_runner.js:165351:31)\n    at Promise._settlePromise (http://localhost:35115/__cypress/runner/cypress_runner.js:165408:18)\n    at Promise._settlePromise0 (http://localhost:35115/__cypress/runner/cypress_runner.js:165453:10)\n    at Promise._settlePromises (http://localhost:35115/__cypress/runner/cypress_runner.js:165528:18)\n    at Async../node_modules/bluebird/js/release/async.js.Async._drainQueue (http://localhost:35115/__cypress/runner/cypress_runner.js:162140:16)\n    at Async../node_modules/bluebird/js/release/async.js.Async._drainQueues (http://localhost:35115/__cypress/runner/cypress_runner.js:162150:10)\n    at Async.drainQueues (http://localhost:35115/__cypress/runner/cypress_runner.js:162024:14)",
                "diff": null
              },
              "uuid": "794bfa1b-59f9-43ac-9d86-b58709a78f2b",
              "parentUUID": "a84bd6b7-33d8-4d19-bc6e-e7b22002067d",
              "isHook": false,
              "skipped": false
            },
            {
              "title": "Verifica se o texto do botão é 'Limpar'",
              "fullTitle": "9 - Crie um botão que, ao ser clicado, limpa o quadro preenchendo a cor de todos seus pixels com branco. Verifica se o texto do botão é 'Limpar'",
              "timedOut": null,
              "duration": 4353,
              "state": "failed",
              "speed": null,
              "pass": false,
              "fail": true,
              "pending": false,
              "context": null,
              "code": "cy.get('#clear-board').should('contain.text', 'Limpar');",
              "err": {
                "message": "CypressError: Timed out retrying: Expected to find element: '#clear-board', but never found it.",
                "estack": "CypressError: Timed out retrying: Expected to find element: '#clear-board', but never found it.\n    at cypressErr (http://localhost:35115/__cypress/runner/cypress_runner.js:149934:9)\n    at throwErr (http://localhost:35115/__cypress/runner/cypress_runner.js:149867:11)\n    at Object.throwErrByPath (http://localhost:35115/__cypress/runner/cypress_runner.js:149915:3)\n    at retry (http://localhost:35115/__cypress/runner/cypress_runner.js:144197:19)\n    at onFailFn (http://localhost:35115/__cypress/runner/cypress_runner.js:132448:16)\n    at tryCatcher (http://localhost:35115/__cypress/runner/cypress_runner.js:167415:23)\n    at Promise._settlePromiseFromHandler (http://localhost:35115/__cypress/runner/cypress_runner.js:165351:31)\n    at Promise._settlePromise (http://localhost:35115/__cypress/runner/cypress_runner.js:165408:18)\n    at Promise._settlePromise0 (http://localhost:35115/__cypress/runner/cypress_runner.js:165453:10)\n    at Promise._settlePromises (http://localhost:35115/__cypress/runner/cypress_runner.js:165528:18)\n    at Async../node_modules/bluebird/js/release/async.js.Async._drainQueue (http://localhost:35115/__cypress/runner/cypress_runner.js:162140:16)\n    at Async../node_modules/bluebird/js/release/async.js.Async._drainQueues (http://localhost:35115/__cypress/runner/cypress_runner.js:162150:10)\n    at Async.drainQueues (http://localhost:35115/__cypress/runner/cypress_runner.js:162024:14)",
                "diff": null
              },
              "uuid": "c5207c94-25db-4f5b-8099-b20a34e1bc8d",
              "parentUUID": "a84bd6b7-33d8-4d19-bc6e-e7b22002067d",
              "isHook": false,
              "skipped": false
            },
            {
              "title": "Verifica se ao clicar no botão, o quadro de pixels é totalmente preenchido de branco",
              "fullTitle": "9 - Crie um botão que, ao ser clicado, limpa o quadro preenchendo a cor de todos seus pixels com branco. Verifica se ao clicar no botão, o quadro de pixels é totalmente preenchido de branco",
              "timedOut": null,
              "duration": 6733,
              "state": "failed",
              "speed": null,
              "pass": false,
              "fail": true,
              "pending": false,
              "context": null,
              "code": "cy.get('.color').eq(1).then(function (color) {\n  var backgroundColor = color.css('background-color');\n  cy.wrap(color).click();\n  cy.get('.pixel').each(function (pixel) {\n    cy.wrap(pixel).click().should('have.css', 'background-color', backgroundColor);\n  });\n});\ncy.get('#clear-board').click();\ncy.get('.pixel').each(function (pixel) {\n  cy.wrap(pixel).should('have.css', 'background-color', WHITE);\n});",
              "err": {
                "message": "CypressError: Timed out retrying: Expected to find element: '#clear-board', but never found it.",
                "estack": "CypressError: Timed out retrying: Expected to find element: '#clear-board', but never found it.\n    at cypressErr (http://localhost:35115/__cypress/runner/cypress_runner.js:149934:9)\n    at throwErr (http://localhost:35115/__cypress/runner/cypress_runner.js:149867:11)\n    at Object.throwErrByPath (http://localhost:35115/__cypress/runner/cypress_runner.js:149915:3)\n    at retry (http://localhost:35115/__cypress/runner/cypress_runner.js:144197:19)\n    at onFailFn (http://localhost:35115/__cypress/runner/cypress_runner.js:132448:16)\n    at tryCatcher (http://localhost:35115/__cypress/runner/cypress_runner.js:167415:23)\n    at Promise._settlePromiseFromHandler (http://localhost:35115/__cypress/runner/cypress_runner.js:165351:31)\n    at Promise._settlePromise (http://localhost:35115/__cypress/runner/cypress_runner.js:165408:18)\n    at Promise._settlePromise0 (http://localhost:35115/__cypress/runner/cypress_runner.js:165453:10)\n    at Promise._settlePromises (http://localhost:35115/__cypress/runner/cypress_runner.js:165528:18)\n    at Async../node_modules/bluebird/js/release/async.js.Async._drainQueue (http://localhost:35115/__cypress/runner/cypress_runner.js:162140:16)\n    at Async../node_modules/bluebird/js/release/async.js.Async._drainQueues (http://localhost:35115/__cypress/runner/cypress_runner.js:162150:10)\n    at Async.drainQueues (http://localhost:35115/__cypress/runner/cypress_runner.js:162024:14)",
                "diff": null
              },
              "uuid": "27e19a35-49bc-4e94-be13-368c02e52a70",
              "parentUUID": "a84bd6b7-33d8-4d19-bc6e-e7b22002067d",
              "isHook": false,
              "skipped": false
            }
          ],
          "suites": [],
          "passes": [],
          "failures": [
            "7fca19ab-3be8-41da-ba91-4690b91746db",
            "794bfa1b-59f9-43ac-9d86-b58709a78f2b",
            "c5207c94-25db-4f5b-8099-b20a34e1bc8d",
            "27e19a35-49bc-4e94-be13-368c02e52a70"
          ],
          "pending": [],
          "skipped": [],
          "duration": 19949,
          "root": false,
          "rootEmpty": false,
          "_timeout": 2000
        },
        {
          "uuid": "5c63280d-d621-49fa-bbf8-61240d140c98",
          "title": "10 - Faça o quadro de pixels ter seu tamanho definido pelo usuário.",
          "fullFile": "",
          "file": "",
          "beforeHooks": [],
          "afterHooks": [],
          "tests": [
            {
              "title": "Verifica se existe um input com o id `board-size`",
              "fullTitle": "10 - Faça o quadro de pixels ter seu tamanho definido pelo usuário. Verifica se existe um input com o id `board-size`",
              "timedOut": null,
              "duration": 4505,
              "state": "failed",
              "speed": null,
              "pass": false,
              "fail": true,
              "pending": false,
              "context": null,
              "code": "cy.get('#board-size').should('be.visible');",
              "err": {
                "message": "CypressError: Timed out retrying: Expected to find element: '#board-size', but never found it.",
                "estack": "CypressError: Timed out retrying: Expected to find element: '#board-size', but never found it.\n    at cypressErr (http://localhost:35115/__cypress/runner/cypress_runner.js:149934:9)\n    at throwErr (http://localhost:35115/__cypress/runner/cypress_runner.js:149867:11)\n    at Object.throwErrByPath (http://localhost:35115/__cypress/runner/cypress_runner.js:149915:3)\n    at retry (http://localhost:35115/__cypress/runner/cypress_runner.js:144197:19)\n    at onFailFn (http://localhost:35115/__cypress/runner/cypress_runner.js:132448:16)\n    at tryCatcher (http://localhost:35115/__cypress/runner/cypress_runner.js:167415:23)\n    at Promise._settlePromiseFromHandler (http://localhost:35115/__cypress/runner/cypress_runner.js:165351:31)\n    at Promise._settlePromise (http://localhost:35115/__cypress/runner/cypress_runner.js:165408:18)\n    at Promise._settlePromise0 (http://localhost:35115/__cypress/runner/cypress_runner.js:165453:10)\n    at Promise._settlePromises (http://localhost:35115/__cypress/runner/cypress_runner.js:165528:18)\n    at Async../node_modules/bluebird/js/release/async.js.Async._drainQueue (http://localhost:35115/__cypress/runner/cypress_runner.js:162140:16)\n    at Async../node_modules/bluebird/js/release/async.js.Async._drainQueues (http://localhost:35115/__cypress/runner/cypress_runner.js:162150:10)\n    at Async.drainQueues (http://localhost:35115/__cypress/runner/cypress_runner.js:162024:14)",
                "diff": null
              },
              "uuid": "efe5d5f2-dc6c-4929-8648-14f053d162ee",
              "parentUUID": "5c63280d-d621-49fa-bbf8-61240d140c98",
              "isHook": false,
              "skipped": false
            },
            {
              "title": "Verifica se existe um botão com o id `generate-board`",
              "fullTitle": "10 - Faça o quadro de pixels ter seu tamanho definido pelo usuário. Verifica se existe um botão com o id `generate-board`",
              "timedOut": null,
              "duration": 4400,
              "state": "failed",
              "speed": null,
              "pass": false,
              "fail": true,
              "pending": false,
              "context": null,
              "code": "cy.get('#generate-board').should('be.visible');",
              "err": {
                "message": "CypressError: Timed out retrying: Expected to find element: '#generate-board', but never found it.",
                "estack": "CypressError: Timed out retrying: Expected to find element: '#generate-board', but never found it.\n    at cypressErr (http://localhost:35115/__cypress/runner/cypress_runner.js:149934:9)\n    at throwErr (http://localhost:35115/__cypress/runner/cypress_runner.js:149867:11)\n    at Object.throwErrByPath (http://localhost:35115/__cypress/runner/cypress_runner.js:149915:3)\n    at retry (http://localhost:35115/__cypress/runner/cypress_runner.js:144197:19)\n    at onFailFn (http://localhost:35115/__cypress/runner/cypress_runner.js:132448:16)\n    at tryCatcher (http://localhost:35115/__cypress/runner/cypress_runner.js:167415:23)\n    at Promise._settlePromiseFromHandler (http://localhost:35115/__cypress/runner/cypress_runner.js:165351:31)\n    at Promise._settlePromise (http://localhost:35115/__cypress/runner/cypress_runner.js:165408:18)\n    at Promise._settlePromise0 (http://localhost:35115/__cypress/runner/cypress_runner.js:165453:10)\n    at Promise._settlePromises (http://localhost:35115/__cypress/runner/cypress_runner.js:165528:18)\n    at Async../node_modules/bluebird/js/release/async.js.Async._drainQueue (http://localhost:35115/__cypress/runner/cypress_runner.js:162140:16)\n    at Async../node_modules/bluebird/js/release/async.js.Async._drainQueues (http://localhost:35115/__cypress/runner/cypress_runner.js:162150:10)\n    at Async.drainQueues (http://localhost:35115/__cypress/runner/cypress_runner.js:162024:14)",
                "diff": null
              },
              "uuid": "60dc8408-7403-496d-ba9c-5767910ca2ba",
              "parentUUID": "5c63280d-d621-49fa-bbf8-61240d140c98",
              "isHook": false,
              "skipped": false
            },
            {
              "title": "Verifica se o input só aceita número maiores que zero. Essa restrição deve ser feita usando os atributos do elemento `input`",
              "fullTitle": "10 - Faça o quadro de pixels ter seu tamanho definido pelo usuário. Verifica se o input só aceita número maiores que zero. Essa restrição deve ser feita usando os atributos do elemento `input`",
              "timedOut": null,
              "duration": 4448,
              "state": "failed",
              "speed": null,
              "pass": false,
              "fail": true,
              "pending": false,
              "context": null,
              "code": "cy.get('#board-size[type=\\'number\\'][min=\\'1\\']');",
              "err": {
                "message": "CypressError: Timed out retrying: Expected to find element: '#board-size[type='number'][min='1']', but never found it.",
                "estack": "CypressError: Timed out retrying: Expected to find element: '#board-size[type='number'][min='1']', but never found it.\n    at cypressErr (http://localhost:35115/__cypress/runner/cypress_runner.js:149934:9)\n    at throwErr (http://localhost:35115/__cypress/runner/cypress_runner.js:149867:11)\n    at Object.throwErrByPath (http://localhost:35115/__cypress/runner/cypress_runner.js:149915:3)\n    at retry (http://localhost:35115/__cypress/runner/cypress_runner.js:144197:19)\n    at onFailFn (http://localhost:35115/__cypress/runner/cypress_runner.js:132448:16)\n    at tryCatcher (http://localhost:35115/__cypress/runner/cypress_runner.js:167415:23)\n    at Promise._settlePromiseFromHandler (http://localhost:35115/__cypress/runner/cypress_runner.js:165351:31)\n    at Promise._settlePromise (http://localhost:35115/__cypress/runner/cypress_runner.js:165408:18)\n    at Promise._settlePromise0 (http://localhost:35115/__cypress/runner/cypress_runner.js:165453:10)\n    at Promise._settlePromises (http://localhost:35115/__cypress/runner/cypress_runner.js:165528:18)\n    at Async../node_modules/bluebird/js/release/async.js.Async._drainQueue (http://localhost:35115/__cypress/runner/cypress_runner.js:162140:16)\n    at Async../node_modules/bluebird/js/release/async.js.Async._drainQueues (http://localhost:35115/__cypress/runner/cypress_runner.js:162150:10)\n    at Async.drainQueues (http://localhost:35115/__cypress/runner/cypress_runner.js:162024:14)",
                "diff": null
              },
              "uuid": "23383fa3-7bac-4ee1-937d-e1469eee11b1",
              "parentUUID": "5c63280d-d621-49fa-bbf8-61240d140c98",
              "isHook": false,
              "skipped": false
            },
            {
              "title": "Verifica se o botão contém o texto 'VQV'",
              "fullTitle": "10 - Faça o quadro de pixels ter seu tamanho definido pelo usuário. Verifica se o botão contém o texto 'VQV'",
              "timedOut": null,
              "duration": 4389,
              "state": "failed",
              "speed": null,
              "pass": false,
              "fail": true,
              "pending": false,
              "context": null,
              "code": "cy.get('#generate-board').contains(/vqv/i);",
              "err": {
                "message": "CypressError: Timed out retrying: Expected to find element: '#generate-board', but never found it.",
                "estack": "CypressError: Timed out retrying: Expected to find element: '#generate-board', but never found it.\n    at cypressErr (http://localhost:35115/__cypress/runner/cypress_runner.js:149934:9)\n    at throwErr (http://localhost:35115/__cypress/runner/cypress_runner.js:149867:11)\n    at Object.throwErrByPath (http://localhost:35115/__cypress/runner/cypress_runner.js:149915:3)\n    at retry (http://localhost:35115/__cypress/runner/cypress_runner.js:144197:19)\n    at onFailFn (http://localhost:35115/__cypress/runner/cypress_runner.js:132448:16)\n    at tryCatcher (http://localhost:35115/__cypress/runner/cypress_runner.js:167415:23)\n    at Promise._settlePromiseFromHandler (http://localhost:35115/__cypress/runner/cypress_runner.js:165351:31)\n    at Promise._settlePromise (http://localhost:35115/__cypress/runner/cypress_runner.js:165408:18)\n    at Promise._settlePromise0 (http://localhost:35115/__cypress/runner/cypress_runner.js:165453:10)\n    at Promise._settlePromises (http://localhost:35115/__cypress/runner/cypress_runner.js:165528:18)\n    at Async../node_modules/bluebird/js/release/async.js.Async._drainQueue (http://localhost:35115/__cypress/runner/cypress_runner.js:162140:16)\n    at Async../node_modules/bluebird/js/release/async.js.Async._drainQueues (http://localhost:35115/__cypress/runner/cypress_runner.js:162150:10)\n    at Async.drainQueues (http://localhost:35115/__cypress/runner/cypress_runner.js:162024:14)",
                "diff": null
              },
              "uuid": "fba1a7bf-88ce-49b4-a6c0-6cb58bf695b5",
              "parentUUID": "5c63280d-d621-49fa-bbf8-61240d140c98",
              "isHook": false,
              "skipped": false
            },
            {
              "title": "Verifica se o input está posicionado entre a paleta de cores e o quadro de pixels",
              "fullTitle": "10 - Faça o quadro de pixels ter seu tamanho definido pelo usuário. Verifica se o input está posicionado entre a paleta de cores e o quadro de pixels",
              "timedOut": null,
              "duration": 4449,
              "state": "failed",
              "speed": null,
              "pass": false,
              "fail": true,
              "pending": false,
              "context": null,
              "code": "cy.get('#color-palette').then(function (palette) {\n  cy.get('#board-size').should('be.belowOf', palette);\n});\ncy.get('#board-size').then(function (palette) {\n  cy.get('#pixel-board').should('be.belowOf', palette);\n});",
              "err": {
                "message": "CypressError: Timed out retrying: Expected to find element: '#board-size', but never found it.",
                "estack": "CypressError: Timed out retrying: Expected to find element: '#board-size', but never found it.\n    at cypressErr (http://localhost:35115/__cypress/runner/cypress_runner.js:149934:9)\n    at throwErr (http://localhost:35115/__cypress/runner/cypress_runner.js:149867:11)\n    at Object.throwErrByPath (http://localhost:35115/__cypress/runner/cypress_runner.js:149915:3)\n    at retry (http://localhost:35115/__cypress/runner/cypress_runner.js:144197:19)\n    at onFailFn (http://localhost:35115/__cypress/runner/cypress_runner.js:132448:16)\n    at tryCatcher (http://localhost:35115/__cypress/runner/cypress_runner.js:167415:23)\n    at Promise._settlePromiseFromHandler (http://localhost:35115/__cypress/runner/cypress_runner.js:165351:31)\n    at Promise._settlePromise (http://localhost:35115/__cypress/runner/cypress_runner.js:165408:18)\n    at Promise._settlePromise0 (http://localhost:35115/__cypress/runner/cypress_runner.js:165453:10)\n    at Promise._settlePromises (http://localhost:35115/__cypress/runner/cypress_runner.js:165528:18)\n    at Async../node_modules/bluebird/js/release/async.js.Async._drainQueue (http://localhost:35115/__cypress/runner/cypress_runner.js:162140:16)\n    at Async../node_modules/bluebird/js/release/async.js.Async._drainQueues (http://localhost:35115/__cypress/runner/cypress_runner.js:162150:10)\n    at Async.drainQueues (http://localhost:35115/__cypress/runner/cypress_runner.js:162024:14)",
                "diff": null
              },
              "uuid": "c791d912-5acb-4d90-b180-e0e95982b646",
              "parentUUID": "5c63280d-d621-49fa-bbf8-61240d140c98",
              "isHook": false,
              "skipped": false
            },
            {
              "title": "Verifica se o botão está posicionado ao lado do input",
              "fullTitle": "10 - Faça o quadro de pixels ter seu tamanho definido pelo usuário. Verifica se o botão está posicionado ao lado do input",
              "timedOut": null,
              "duration": 4414,
              "state": "failed",
              "speed": null,
              "pass": false,
              "fail": true,
              "pending": false,
              "context": null,
              "code": "cy.get('#board-size').then(function (board) {\n  cy.get('#generate-board').should('be.onTheRightOf', board);\n});",
              "err": {
                "message": "CypressError: Timed out retrying: Expected to find element: '#board-size', but never found it.",
                "estack": "CypressError: Timed out retrying: Expected to find element: '#board-size', but never found it.\n    at cypressErr (http://localhost:35115/__cypress/runner/cypress_runner.js:149934:9)\n    at throwErr (http://localhost:35115/__cypress/runner/cypress_runner.js:149867:11)\n    at Object.throwErrByPath (http://localhost:35115/__cypress/runner/cypress_runner.js:149915:3)\n    at retry (http://localhost:35115/__cypress/runner/cypress_runner.js:144197:19)\n    at onFailFn (http://localhost:35115/__cypress/runner/cypress_runner.js:132448:16)\n    at tryCatcher (http://localhost:35115/__cypress/runner/cypress_runner.js:167415:23)\n    at Promise._settlePromiseFromHandler (http://localhost:35115/__cypress/runner/cypress_runner.js:165351:31)\n    at Promise._settlePromise (http://localhost:35115/__cypress/runner/cypress_runner.js:165408:18)\n    at Promise._settlePromise0 (http://localhost:35115/__cypress/runner/cypress_runner.js:165453:10)\n    at Promise._settlePromises (http://localhost:35115/__cypress/runner/cypress_runner.js:165528:18)\n    at Async../node_modules/bluebird/js/release/async.js.Async._drainQueue (http://localhost:35115/__cypress/runner/cypress_runner.js:162140:16)\n    at Async../node_modules/bluebird/js/release/async.js.Async._drainQueues (http://localhost:35115/__cypress/runner/cypress_runner.js:162150:10)\n    at Async.drainQueues (http://localhost:35115/__cypress/runner/cypress_runner.js:162024:14)",
                "diff": null
              },
              "uuid": "a6aa2f16-fec3-4717-917d-bae3de85141b",
              "parentUUID": "5c63280d-d621-49fa-bbf8-61240d140c98",
              "isHook": false,
              "skipped": false
            },
            {
              "title": "Verifica se nenhum valor for colocado no input ao clicar no botão, um `alert` é exibido com o texto: 'Board inválido!'",
              "fullTitle": "10 - Faça o quadro de pixels ter seu tamanho definido pelo usuário. Verifica se nenhum valor for colocado no input ao clicar no botão, um `alert` é exibido com o texto: 'Board inválido!'",
              "timedOut": null,
              "duration": 4428,
              "state": "failed",
              "speed": null,
              "pass": false,
              "fail": true,
              "pending": false,
              "context": null,
              "code": "var alerted = false;\ncy.on('window:alert', function (msg) {\n  return alerted = msg;\n});\ncy.get('#generate-board').click().then(function () {\n  return expect(alerted).to.match(/Board inválido!/i);\n});",
              "err": {
                "message": "CypressError: Timed out retrying: Expected to find element: '#generate-board', but never found it.",
                "estack": "CypressError: Timed out retrying: Expected to find element: '#generate-board', but never found it.\n    at cypressErr (http://localhost:35115/__cypress/runner/cypress_runner.js:149934:9)\n    at throwErr (http://localhost:35115/__cypress/runner/cypress_runner.js:149867:11)\n    at Object.throwErrByPath (http://localhost:35115/__cypress/runner/cypress_runner.js:149915:3)\n    at retry (http://localhost:35115/__cypress/runner/cypress_runner.js:144197:19)\n    at onFailFn (http://localhost:35115/__cypress/runner/cypress_runner.js:132448:16)\n    at tryCatcher (http://localhost:35115/__cypress/runner/cypress_runner.js:167415:23)\n    at Promise._settlePromiseFromHandler (http://localhost:35115/__cypress/runner/cypress_runner.js:165351:31)\n    at Promise._settlePromise (http://localhost:35115/__cypress/runner/cypress_runner.js:165408:18)\n    at Promise._settlePromise0 (http://localhost:35115/__cypress/runner/cypress_runner.js:165453:10)\n    at Promise._settlePromises (http://localhost:35115/__cypress/runner/cypress_runner.js:165528:18)\n    at Async../node_modules/bluebird/js/release/async.js.Async._drainQueue (http://localhost:35115/__cypress/runner/cypress_runner.js:162140:16)\n    at Async../node_modules/bluebird/js/release/async.js.Async._drainQueues (http://localhost:35115/__cypress/runner/cypress_runner.js:162150:10)\n    at Async.drainQueues (http://localhost:35115/__cypress/runner/cypress_runner.js:162024:14)",
                "diff": null
              },
              "uuid": "2966fbef-6b0d-4c7a-8cbb-6948d9a8bee9",
              "parentUUID": "5c63280d-d621-49fa-bbf8-61240d140c98",
              "isHook": false,
              "skipped": false
            },
            {
              "title": "Verifica se ao clicar no botão com um valor preenchido, o tamanho do board muda.",
              "fullTitle": "10 - Faça o quadro de pixels ter seu tamanho definido pelo usuário. Verifica se ao clicar no botão com um valor preenchido, o tamanho do board muda.",
              "timedOut": null,
              "duration": 4476,
              "state": "failed",
              "speed": null,
              "pass": false,
              "fail": true,
              "pending": false,
              "context": null,
              "code": "cy.get('#board-size').clear().type(10);\ncy.get('#generate-board').click();\ncy.get('.pixel').should('have.length', 100);",
              "err": {
                "message": "CypressError: Timed out retrying: Expected to find element: '#board-size', but never found it.",
                "estack": "CypressError: Timed out retrying: Expected to find element: '#board-size', but never found it.\n    at cypressErr (http://localhost:35115/__cypress/runner/cypress_runner.js:149934:9)\n    at throwErr (http://localhost:35115/__cypress/runner/cypress_runner.js:149867:11)\n    at Object.throwErrByPath (http://localhost:35115/__cypress/runner/cypress_runner.js:149915:3)\n    at retry (http://localhost:35115/__cypress/runner/cypress_runner.js:144197:19)\n    at onFailFn (http://localhost:35115/__cypress/runner/cypress_runner.js:132448:16)\n    at tryCatcher (http://localhost:35115/__cypress/runner/cypress_runner.js:167415:23)\n    at Promise._settlePromiseFromHandler (http://localhost:35115/__cypress/runner/cypress_runner.js:165351:31)\n    at Promise._settlePromise (http://localhost:35115/__cypress/runner/cypress_runner.js:165408:18)\n    at Promise._settlePromise0 (http://localhost:35115/__cypress/runner/cypress_runner.js:165453:10)\n    at Promise._settlePromises (http://localhost:35115/__cypress/runner/cypress_runner.js:165528:18)\n    at Async../node_modules/bluebird/js/release/async.js.Async._drainQueue (http://localhost:35115/__cypress/runner/cypress_runner.js:162140:16)\n    at Async../node_modules/bluebird/js/release/async.js.Async._drainQueues (http://localhost:35115/__cypress/runner/cypress_runner.js:162150:10)\n    at Async.drainQueues (http://localhost:35115/__cypress/runner/cypress_runner.js:162024:14)",
                "diff": null
              },
              "uuid": "1d75a3d4-d2aa-4f01-8783-8c700e2bea02",
              "parentUUID": "5c63280d-d621-49fa-bbf8-61240d140c98",
              "isHook": false,
              "skipped": false
            },
            {
              "title": "Verifica se o novo quadro tem todos os pixels preenchidos com a cor branca",
              "fullTitle": "10 - Faça o quadro de pixels ter seu tamanho definido pelo usuário. Verifica se o novo quadro tem todos os pixels preenchidos com a cor branca",
              "timedOut": null,
              "duration": 4366,
              "state": "failed",
              "speed": null,
              "pass": false,
              "fail": true,
              "pending": false,
              "context": null,
              "code": "cy.get('#board-size').clear().type(6);\ncy.get('#generate-board').click();\ncy.get('.pixel').should('have.length', 36).each(function (pixel) {\n  expect(pixel).to.have.css('background-color', WHITE);\n});",
              "err": {
                "message": "CypressError: Timed out retrying: Expected to find element: '#board-size', but never found it.",
                "estack": "CypressError: Timed out retrying: Expected to find element: '#board-size', but never found it.\n    at cypressErr (http://localhost:35115/__cypress/runner/cypress_runner.js:149934:9)\n    at throwErr (http://localhost:35115/__cypress/runner/cypress_runner.js:149867:11)\n    at Object.throwErrByPath (http://localhost:35115/__cypress/runner/cypress_runner.js:149915:3)\n    at retry (http://localhost:35115/__cypress/runner/cypress_runner.js:144197:19)\n    at onFailFn (http://localhost:35115/__cypress/runner/cypress_runner.js:132448:16)\n    at tryCatcher (http://localhost:35115/__cypress/runner/cypress_runner.js:167415:23)\n    at Promise._settlePromiseFromHandler (http://localhost:35115/__cypress/runner/cypress_runner.js:165351:31)\n    at Promise._settlePromise (http://localhost:35115/__cypress/runner/cypress_runner.js:165408:18)\n    at Promise._settlePromise0 (http://localhost:35115/__cypress/runner/cypress_runner.js:165453:10)\n    at Promise._settlePromises (http://localhost:35115/__cypress/runner/cypress_runner.js:165528:18)\n    at Async../node_modules/bluebird/js/release/async.js.Async._drainQueue (http://localhost:35115/__cypress/runner/cypress_runner.js:162140:16)\n    at Async../node_modules/bluebird/js/release/async.js.Async._drainQueues (http://localhost:35115/__cypress/runner/cypress_runner.js:162150:10)\n    at Async.drainQueues (http://localhost:35115/__cypress/runner/cypress_runner.js:162024:14)",
                "diff": null
              },
              "uuid": "9cf3b917-5d82-4ef5-b56a-08e8d0ef5e4e",
              "parentUUID": "5c63280d-d621-49fa-bbf8-61240d140c98",
              "isHook": false,
              "skipped": false
            }
          ],
          "suites": [],
          "passes": [],
          "failures": [
            "efe5d5f2-dc6c-4929-8648-14f053d162ee",
            "60dc8408-7403-496d-ba9c-5767910ca2ba",
            "23383fa3-7bac-4ee1-937d-e1469eee11b1",
            "fba1a7bf-88ce-49b4-a6c0-6cb58bf695b5",
            "c791d912-5acb-4d90-b180-e0e95982b646",
            "a6aa2f16-fec3-4717-917d-bae3de85141b",
            "2966fbef-6b0d-4c7a-8cbb-6948d9a8bee9",
            "1d75a3d4-d2aa-4f01-8783-8c700e2bea02",
            "9cf3b917-5d82-4ef5-b56a-08e8d0ef5e4e"
          ],
          "pending": [],
          "skipped": [],
          "duration": 39875,
          "root": false,
          "rootEmpty": false,
          "_timeout": 2000
        },
        {
          "uuid": "d5e21e13-3e5a-4549-ad71-04a92d954b47",
          "title": "11 - Limite o tamanho mínimo e máximo do board.",
          "fullFile": "",
          "file": "",
          "beforeHooks": [],
          "afterHooks": [],
          "tests": [
            {
              "title": "Verifica se a altura máxima do board é 50",
              "fullTitle": "11 - Limite o tamanho mínimo e máximo do board. Verifica se a altura máxima do board é 50",
              "timedOut": null,
              "duration": 4330,
              "state": "failed",
              "speed": null,
              "pass": false,
              "fail": true,
              "pending": false,
              "context": null,
              "code": "cy.get('#board-size').clear().type(50);\ncy.get('#generate-board').click();\ncy.get('.pixel').should('have.length', 2500);",
              "err": {
                "message": "CypressError: Timed out retrying: Expected to find element: '#board-size', but never found it.",
                "estack": "CypressError: Timed out retrying: Expected to find element: '#board-size', but never found it.\n    at cypressErr (http://localhost:35115/__cypress/runner/cypress_runner.js:149934:9)\n    at throwErr (http://localhost:35115/__cypress/runner/cypress_runner.js:149867:11)\n    at Object.throwErrByPath (http://localhost:35115/__cypress/runner/cypress_runner.js:149915:3)\n    at retry (http://localhost:35115/__cypress/runner/cypress_runner.js:144197:19)\n    at onFailFn (http://localhost:35115/__cypress/runner/cypress_runner.js:132448:16)\n    at tryCatcher (http://localhost:35115/__cypress/runner/cypress_runner.js:167415:23)\n    at Promise._settlePromiseFromHandler (http://localhost:35115/__cypress/runner/cypress_runner.js:165351:31)\n    at Promise._settlePromise (http://localhost:35115/__cypress/runner/cypress_runner.js:165408:18)\n    at Promise._settlePromise0 (http://localhost:35115/__cypress/runner/cypress_runner.js:165453:10)\n    at Promise._settlePromises (http://localhost:35115/__cypress/runner/cypress_runner.js:165528:18)\n    at Async../node_modules/bluebird/js/release/async.js.Async._drainQueue (http://localhost:35115/__cypress/runner/cypress_runner.js:162140:16)\n    at Async../node_modules/bluebird/js/release/async.js.Async._drainQueues (http://localhost:35115/__cypress/runner/cypress_runner.js:162150:10)\n    at Async.drainQueues (http://localhost:35115/__cypress/runner/cypress_runner.js:162024:14)",
                "diff": null
              },
              "uuid": "916eaa01-5737-4811-8293-e8aea70967cf",
              "parentUUID": "d5e21e13-3e5a-4549-ad71-04a92d954b47",
              "isHook": false,
              "skipped": false
            },
            {
              "title": "Verifica se a altura do board é 5 quando um valor menor é colocado no input",
              "fullTitle": "11 - Limite o tamanho mínimo e máximo do board. Verifica se a altura do board é 5 quando um valor menor é colocado no input",
              "timedOut": null,
              "duration": 4524,
              "state": "failed",
              "speed": null,
              "pass": false,
              "fail": true,
              "pending": false,
              "context": null,
              "code": "cy.get('#board-size').clear().type(4);\ncy.get('#generate-board').click();\ncy.get('.pixel').should('have.length', 25);",
              "err": {
                "message": "CypressError: Timed out retrying: Expected to find element: '#board-size', but never found it.",
                "estack": "CypressError: Timed out retrying: Expected to find element: '#board-size', but never found it.\n    at cypressErr (http://localhost:35115/__cypress/runner/cypress_runner.js:149934:9)\n    at throwErr (http://localhost:35115/__cypress/runner/cypress_runner.js:149867:11)\n    at Object.throwErrByPath (http://localhost:35115/__cypress/runner/cypress_runner.js:149915:3)\n    at retry (http://localhost:35115/__cypress/runner/cypress_runner.js:144197:19)\n    at onFailFn (http://localhost:35115/__cypress/runner/cypress_runner.js:132448:16)\n    at tryCatcher (http://localhost:35115/__cypress/runner/cypress_runner.js:167415:23)\n    at Promise._settlePromiseFromHandler (http://localhost:35115/__cypress/runner/cypress_runner.js:165351:31)\n    at Promise._settlePromise (http://localhost:35115/__cypress/runner/cypress_runner.js:165408:18)\n    at Promise._settlePromise0 (http://localhost:35115/__cypress/runner/cypress_runner.js:165453:10)\n    at Promise._settlePromises (http://localhost:35115/__cypress/runner/cypress_runner.js:165528:18)\n    at Async../node_modules/bluebird/js/release/async.js.Async._drainQueue (http://localhost:35115/__cypress/runner/cypress_runner.js:162140:16)\n    at Async../node_modules/bluebird/js/release/async.js.Async._drainQueues (http://localhost:35115/__cypress/runner/cypress_runner.js:162150:10)\n    at Async.drainQueues (http://localhost:35115/__cypress/runner/cypress_runner.js:162024:14)",
                "diff": null
              },
              "uuid": "7faf9999-3fe5-4d87-b9ed-1270a061e257",
              "parentUUID": "d5e21e13-3e5a-4549-ad71-04a92d954b47",
              "isHook": false,
              "skipped": false
            },
            {
              "title": "Verifica se a altura do board é 50 quando um valor maior é colocado no input",
              "fullTitle": "11 - Limite o tamanho mínimo e máximo do board. Verifica se a altura do board é 50 quando um valor maior é colocado no input",
              "timedOut": null,
              "duration": 4499,
              "state": "failed",
              "speed": null,
              "pass": false,
              "fail": true,
              "pending": false,
              "context": null,
              "code": "cy.get('#board-size').clear().type(51);\ncy.get('#generate-board').click();\ncy.get('.pixel').should('have.length', 2500);",
              "err": {
                "message": "CypressError: Timed out retrying: Expected to find element: '#board-size', but never found it.",
                "estack": "CypressError: Timed out retrying: Expected to find element: '#board-size', but never found it.\n    at cypressErr (http://localhost:35115/__cypress/runner/cypress_runner.js:149934:9)\n    at throwErr (http://localhost:35115/__cypress/runner/cypress_runner.js:149867:11)\n    at Object.throwErrByPath (http://localhost:35115/__cypress/runner/cypress_runner.js:149915:3)\n    at retry (http://localhost:35115/__cypress/runner/cypress_runner.js:144197:19)\n    at onFailFn (http://localhost:35115/__cypress/runner/cypress_runner.js:132448:16)\n    at tryCatcher (http://localhost:35115/__cypress/runner/cypress_runner.js:167415:23)\n    at Promise._settlePromiseFromHandler (http://localhost:35115/__cypress/runner/cypress_runner.js:165351:31)\n    at Promise._settlePromise (http://localhost:35115/__cypress/runner/cypress_runner.js:165408:18)\n    at Promise._settlePromise0 (http://localhost:35115/__cypress/runner/cypress_runner.js:165453:10)\n    at Promise._settlePromises (http://localhost:35115/__cypress/runner/cypress_runner.js:165528:18)\n    at Async../node_modules/bluebird/js/release/async.js.Async._drainQueue (http://localhost:35115/__cypress/runner/cypress_runner.js:162140:16)\n    at Async../node_modules/bluebird/js/release/async.js.Async._drainQueues (http://localhost:35115/__cypress/runner/cypress_runner.js:162150:10)\n    at Async.drainQueues (http://localhost:35115/__cypress/runner/cypress_runner.js:162024:14)",
                "diff": null
              },
              "uuid": "210a7208-7817-4185-8b1a-f10610db3620",
              "parentUUID": "d5e21e13-3e5a-4549-ad71-04a92d954b47",
              "isHook": false,
              "skipped": false
            }
          ],
          "suites": [],
          "passes": [],
          "failures": [
            "916eaa01-5737-4811-8293-e8aea70967cf",
            "7faf9999-3fe5-4d87-b9ed-1270a061e257",
            "210a7208-7817-4185-8b1a-f10610db3620"
          ],
          "pending": [],
          "skipped": [],
          "duration": 13353,
          "root": false,
          "rootEmpty": false,
          "_timeout": 2000
        },
        {
          "uuid": "6cbc8782-0a7d-4cad-b809-0f2215a269f5",
          "title": "12 - Faça com que as cores da paleta sejam geradas aleatoriamente ao carregar a página.",
          "fullFile": "",
          "file": "",
          "beforeHooks": [],
          "afterHooks": [],
          "tests": [
            {
              "title": "Verifica se as cores geradas na paleta são diferentes a cada carregamento da página",
              "fullTitle": "12 - Faça com que as cores da paleta sejam geradas aleatoriamente ao carregar a página. Verifica se as cores geradas na paleta são diferentes a cada carregamento da página",
              "timedOut": null,
              "duration": 415,
              "state": "failed",
              "speed": null,
              "pass": false,
              "fail": true,
              "pending": false,
              "context": null,
              "code": "cy.get('.color').then(function (colors) {\n  var currentColors;\n  var previousColors;\n  previousColors = Array.from(colors).map(function (color) {\n    return Cypress.$(color).css('background-color');\n  });\n  for (var i = 0; i < 5; i += 1) {\n    cy.reload();\n    cy.get('.color').then(function (colors) {\n      currentColors = Array.from(colors).map(function (color) {\n        return Cypress.$(color).css('background-color');\n      });\n      expect(currentColors).not.to.deep.equal(previousColors);\n      previousColors = currentColors;\n    });\n  }\n});",
              "err": {
                "message": "AssertionError: expected [ Array(4) ] to not deeply equal [ Array(4) ]",
                "estack": "AssertionError: expected [ Array(4) ] to not deeply equal [ Array(4) ]\n    at getRet (http://localhost:35115/__cypress/runner/cypress_runner.js:136585:16)\n    at tryCatcher (http://localhost:35115/__cypress/runner/cypress_runner.js:167415:23)\n    at Function.Promise.attempt.Promise.try (http://localhost:35115/__cypress/runner/cypress_runner.js:164690:29)\n    at Context.thenFn (http://localhost:35115/__cypress/runner/cypress_runner.js:136599:23)\n    at Context.then (http://localhost:35115/__cypress/runner/cypress_runner.js:136971:21)\n    at Context.<anonymous> (http://localhost:35115/__cypress/runner/cypress_runner.js:148875:21)\n    at http://localhost:35115/__cypress/runner/cypress_runner.js:148351:33\n    at tryCatcher (http://localhost:35115/__cypress/runner/cypress_runner.js:167415:23)\n    at Promise._settlePromiseFromHandler (http://localhost:35115/__cypress/runner/cypress_runner.js:165351:31)\n    at Promise._settlePromise (http://localhost:35115/__cypress/runner/cypress_runner.js:165408:18)\n    at Promise._settlePromiseCtx (http://localhost:35115/__cypress/runner/cypress_runner.js:165445:10)\n    at Async../node_modules/bluebird/js/release/async.js.Async._drainQueue (http://localhost:35115/__cypress/runner/cypress_runner.js:162145:12)\n    at Async../node_modules/bluebird/js/release/async.js.Async._drainQueues (http://localhost:35115/__cypress/runner/cypress_runner.js:162150:10)\n    at Async.drainQueues (http://localhost:35115/__cypress/runner/cypress_runner.js:162024:14)",
                "diff": ""
              },
              "uuid": "c8458137-9741-4ce3-8e5b-f85d2102b9af",
              "parentUUID": "6cbc8782-0a7d-4cad-b809-0f2215a269f5",
              "isHook": false,
              "skipped": false
            },
            {
              "title": "Verifica se a cor preta ainda está presente e é a primeira na sua paleta de cores",
              "fullTitle": "12 - Faça com que as cores da paleta sejam geradas aleatoriamente ao carregar a página. Verifica se a cor preta ainda está presente e é a primeira na sua paleta de cores",
              "timedOut": null,
              "duration": 389,
              "state": "failed",
              "speed": null,
              "pass": false,
              "fail": true,
              "pending": false,
              "context": null,
              "code": "cy.get('.color').then(function (colors) {\n  var currentColors;\n  var previousColors;\n  previousColors = Array.from(colors).map(function (color) {\n    return Cypress.$(color).css('background-color');\n  });\n  expect(previousColors[0]).to.eq(BLACK);\n  for (var i = 0; i < 5; i += 1) {\n    cy.reload();\n    cy.get('.color').then(function (colors) {\n      currentColors = Array.from(colors).map(function (color) {\n        return Cypress.$(color).css('background-color');\n      });\n      expect(currentColors[0]).to.eq(BLACK);\n      expect(currentColors).not.to.deep.equal(previousColors);\n      previousColors = currentColors;\n    });\n  }\n});",
              "err": {
                "message": "AssertionError: expected [ Array(4) ] to not deeply equal [ Array(4) ]",
                "estack": "AssertionError: expected [ Array(4) ] to not deeply equal [ Array(4) ]\n    at getRet (http://localhost:35115/__cypress/runner/cypress_runner.js:136585:16)\n    at tryCatcher (http://localhost:35115/__cypress/runner/cypress_runner.js:167415:23)\n    at Function.Promise.attempt.Promise.try (http://localhost:35115/__cypress/runner/cypress_runner.js:164690:29)\n    at Context.thenFn (http://localhost:35115/__cypress/runner/cypress_runner.js:136599:23)\n    at Context.then (http://localhost:35115/__cypress/runner/cypress_runner.js:136971:21)\n    at Context.<anonymous> (http://localhost:35115/__cypress/runner/cypress_runner.js:148875:21)\n    at http://localhost:35115/__cypress/runner/cypress_runner.js:148351:33\n    at tryCatcher (http://localhost:35115/__cypress/runner/cypress_runner.js:167415:23)\n    at Promise._settlePromiseFromHandler (http://localhost:35115/__cypress/runner/cypress_runner.js:165351:31)\n    at Promise._settlePromise (http://localhost:35115/__cypress/runner/cypress_runner.js:165408:18)\n    at Promise._settlePromiseCtx (http://localhost:35115/__cypress/runner/cypress_runner.js:165445:10)\n    at Async../node_modules/bluebird/js/release/async.js.Async._drainQueue (http://localhost:35115/__cypress/runner/cypress_runner.js:162145:12)\n    at Async../node_modules/bluebird/js/release/async.js.Async._drainQueues (http://localhost:35115/__cypress/runner/cypress_runner.js:162150:10)\n    at Async.drainQueues (http://localhost:35115/__cypress/runner/cypress_runner.js:162024:14)",
                "diff": ""
              },
              "uuid": "1a382d00-15ad-488a-94c1-6f2469caa73b",
              "parentUUID": "6cbc8782-0a7d-4cad-b809-0f2215a269f5",
              "isHook": false,
              "skipped": false
            }
          ],
          "suites": [],
          "passes": [],
          "failures": [
            "c8458137-9741-4ce3-8e5b-f85d2102b9af",
            "1a382d00-15ad-488a-94c1-6f2469caa73b"
          ],
          "pending": [],
          "skipped": [],
          "duration": 804,
          "root": false,
          "rootEmpty": false,
          "_timeout": 2000
        }
      ],
      "passes": [],
      "failures": [],
      "pending": [],
      "skipped": [],
      "duration": 0,
      "root": true,
      "rootEmpty": true,
      "_timeout": 2000
    }
  ],
  "meta": {
    "mocha": {
      "version": "7.0.1"
    },
    "mochawesome": {
      "options": {
        "quiet": false,
        "reportFilename": "mochawesome",
        "saveHtml": false,
        "saveJson": true,
        "consoleReporter": "spec",
        "useInlineDiffs": false
      },
      "version": "4.1.0"
    },
    "marge": {
      "options": {
        "id": "default",
        "reportDir": "cypress/reports",
        "overwrite": true,
        "html": false,
        "json": true
      },
      "version": "4.1.0"
    }
  }
}