{
  "stats": {
    "suites": 12,
    "tests": 41,
    "passes": 21,
    "pending": 0,
    "failures": 20,
    "start": "2021-08-15T07:03:49.671Z",
    "end": "2021-08-15T07:05:31.910Z",
    "duration": 102239,
    "testsRegistered": 41,
    "passPercent": 51.21951219512195,
    "pendingPercent": 0,
    "other": 0,
    "hasOther": false,
    "skipped": 0,
    "hasSkipped": false
  },
  "results": [
    {
      "uuid": "fb3ed1ed-985b-4b34-9c1d-79b34d1bdecc",
      "title": "",
      "fullFile": "cypress/integration/project.spec.js",
      "file": "cypress/integration/project.spec.js",
      "beforeHooks": [],
      "afterHooks": [],
      "tests": [],
      "suites": [
        {
          "uuid": "5de5149a-7af8-4967-9ca0-d5a959d32c0d",
          "title": "1 - Adicione à página o título \"Paleta de Cores\".",
          "fullFile": "",
          "file": "",
          "beforeHooks": [],
          "afterHooks": [],
          "tests": [
            {
              "title": "Verifica se contém um elemento `h1` com o id `title` com o título correto",
              "fullTitle": "1 - Adicione à página o título \"Paleta de Cores\". Verifica se contém um elemento `h1` com o id `title` com o título correto",
              "timedOut": null,
              "duration": 192,
              "state": "passed",
              "speed": "slow",
              "pass": true,
              "fail": false,
              "pending": false,
              "context": null,
              "code": "cy.get('h1#title').should('contain.text', 'Paleta de Cores');",
              "err": {},
              "uuid": "22d3b13e-588e-41bd-b4e7-0c2ff6e69dc3",
              "parentUUID": "5de5149a-7af8-4967-9ca0-d5a959d32c0d",
              "isHook": false,
              "skipped": false
            }
          ],
          "suites": [],
          "passes": [
            "22d3b13e-588e-41bd-b4e7-0c2ff6e69dc3"
          ],
          "failures": [],
          "pending": [],
          "skipped": [],
          "duration": 192,
          "root": false,
          "rootEmpty": false,
          "_timeout": 2000
        },
        {
          "uuid": "b81788b8-4a1f-4377-a5ac-d363b63c9001",
          "title": "2 - Adicione à página uma paleta de quatro cores distintas.",
          "fullFile": "",
          "file": "",
          "beforeHooks": [],
          "afterHooks": [],
          "tests": [
            {
              "title": "A paleta de cores deve ser um elemento com `id` denominado `color-palette`",
              "fullTitle": "2 - Adicione à página uma paleta de quatro cores distintas. A paleta de cores deve ser um elemento com `id` denominado `color-palette`",
              "timedOut": null,
              "duration": 166,
              "state": "passed",
              "speed": "slow",
              "pass": true,
              "fail": false,
              "pending": false,
              "context": null,
              "code": "cy.get('#color-palette').should('be.visible');",
              "err": {},
              "uuid": "217eac0e-68da-4201-83a2-83a7be992e47",
              "parentUUID": "b81788b8-4a1f-4377-a5ac-d363b63c9001",
              "isHook": false,
              "skipped": false
            },
            {
              "title": "Verifica se cada cor individual da paleta de cores possui a `classe` chamada `color`.",
              "fullTitle": "2 - Adicione à página uma paleta de quatro cores distintas. Verifica se cada cor individual da paleta de cores possui a `classe` chamada `color`.",
              "timedOut": null,
              "duration": 166,
              "state": "passed",
              "speed": "slow",
              "pass": true,
              "fail": false,
              "pending": false,
              "context": null,
              "code": "cy.get('.color').should('have.length', 4).then(function (colors) {\n  for (var i = 0; i < colors.length; i++) {\n    cy.wrap(colors[i]).should('be.visible');\n  }\n});",
              "err": {},
              "uuid": "a9f0e2f9-3834-46af-8cb9-4fd0e5064dd7",
              "parentUUID": "b81788b8-4a1f-4377-a5ac-d363b63c9001",
              "isHook": false,
              "skipped": false
            },
            {
              "title": "Verifica se a cor de fundo de cada elemento da paleta é a cor que o elemento representa. **A única cor não permitida na paleta é a cor branca.**",
              "fullTitle": "2 - Adicione à página uma paleta de quatro cores distintas. Verifica se a cor de fundo de cada elemento da paleta é a cor que o elemento representa. **A única cor não permitida na paleta é a cor branca.**",
              "timedOut": null,
              "duration": 219,
              "state": "passed",
              "speed": "slow",
              "pass": true,
              "fail": false,
              "pending": false,
              "context": null,
              "code": "cy.get('.color').each(function (color) {\n  cy.wrap(color).should('have.class', 'color').and('not.have.css', 'background-color', WHITE);\n  cy.wrap(color).should('have.css', 'background-color');\n});",
              "err": {},
              "uuid": "c10d6a17-3add-4477-9214-e5676195af33",
              "parentUUID": "b81788b8-4a1f-4377-a5ac-d363b63c9001",
              "isHook": false,
              "skipped": false
            },
            {
              "title": "Verifica se cada elemento da paleta de cores tem uma borda preta, sólida e com 1 pixel de largura;",
              "fullTitle": "2 - Adicione à página uma paleta de quatro cores distintas. Verifica se cada elemento da paleta de cores tem uma borda preta, sólida e com 1 pixel de largura;",
              "timedOut": null,
              "duration": 152,
              "state": "passed",
              "speed": "slow",
              "pass": true,
              "fail": false,
              "pending": false,
              "context": null,
              "code": "cy.get('.color').each(function (color) {\n  cy.wrap(color).and('have.css', 'border', \"1px solid \".concat(BLACK)).and('have.class', 'color');\n});",
              "err": {},
              "uuid": "bdc4280e-fcbb-4a77-b820-e0dac5d3117f",
              "parentUUID": "b81788b8-4a1f-4377-a5ac-d363b63c9001",
              "isHook": false,
              "skipped": false
            },
            {
              "title": "Verifica se a paleta lista todas as cores disponíveis para utilização, lado a lado.",
              "fullTitle": "2 - Adicione à página uma paleta de quatro cores distintas. Verifica se a paleta lista todas as cores disponíveis para utilização, lado a lado.",
              "timedOut": null,
              "duration": 125,
              "state": "passed",
              "speed": "slow",
              "pass": true,
              "fail": false,
              "pending": false,
              "context": null,
              "code": "cy.get('.color').then(function (colors) {\n  for (var index = 1; index < colors.length; index += 1) {\n    var currentColor = colors[index];\n    var previousColor = colors[index - 1];\n    cy.wrap(currentColor).should('be.onTheRightOf', previousColor).and('be.horizontallyAlignedWith', previousColor);\n  }\n});",
              "err": {},
              "uuid": "9a3a79c6-3571-42e8-a96b-2a3e2eae19fc",
              "parentUUID": "b81788b8-4a1f-4377-a5ac-d363b63c9001",
              "isHook": false,
              "skipped": false
            },
            {
              "title": "Verifica se a paleta de cores está posicionada abaixo do título 'Paleta de Cores'",
              "fullTitle": "2 - Adicione à página uma paleta de quatro cores distintas. Verifica se a paleta de cores está posicionada abaixo do título 'Paleta de Cores'",
              "timedOut": null,
              "duration": 96,
              "state": "passed",
              "speed": "slow",
              "pass": true,
              "fail": false,
              "pending": false,
              "context": null,
              "code": "cy.get('h1#title').then(function (title) {\n  cy.get('#color-palette').should('be.belowOf', title);\n});",
              "err": {},
              "uuid": "e51dfdda-4613-48ba-88b3-86ab4f0697b2",
              "parentUUID": "b81788b8-4a1f-4377-a5ac-d363b63c9001",
              "isHook": false,
              "skipped": false
            },
            {
              "title": "Verifica se a paleta de cores não contém cores repetidas.",
              "fullTitle": "2 - Adicione à página uma paleta de quatro cores distintas. Verifica se a paleta de cores não contém cores repetidas.",
              "timedOut": null,
              "duration": 152,
              "state": "passed",
              "speed": "slow",
              "pass": true,
              "fail": false,
              "pending": false,
              "context": null,
              "code": "cy.get('.color').then(function (colors) {\n  var allColors = Array.from(colors).map(function (color) {\n    return Cypress.$(color).css('background-color');\n  });\n  cy.log(allColors);\n  var uniqColors = (0, _toConsumableArray2[\"default\"])(new Set(allColors));\n  cy.log(uniqColors);\n  expect(allColors.length).to.eq(uniqColors.length);\n});",
              "err": {},
              "uuid": "ffa46e1f-2f1c-47f0-acfc-dfcba4de9da8",
              "parentUUID": "b81788b8-4a1f-4377-a5ac-d363b63c9001",
              "isHook": false,
              "skipped": false
            }
          ],
          "suites": [],
          "passes": [
            "217eac0e-68da-4201-83a2-83a7be992e47",
            "a9f0e2f9-3834-46af-8cb9-4fd0e5064dd7",
            "c10d6a17-3add-4477-9214-e5676195af33",
            "bdc4280e-fcbb-4a77-b820-e0dac5d3117f",
            "9a3a79c6-3571-42e8-a96b-2a3e2eae19fc",
            "e51dfdda-4613-48ba-88b3-86ab4f0697b2",
            "ffa46e1f-2f1c-47f0-acfc-dfcba4de9da8"
          ],
          "failures": [],
          "pending": [],
          "skipped": [],
          "duration": 1076,
          "root": false,
          "rootEmpty": false,
          "_timeout": 2000
        },
        {
          "uuid": "6da450df-e44f-4742-886c-5ab013dc62fa",
          "title": "3 - Adicione a cor **preta** como a primeira cor da paleta de cores.",
          "fullFile": "",
          "file": "",
          "beforeHooks": [],
          "afterHooks": [],
          "tests": [
            {
              "title": "Verifica se a primeira cor da paleta é preta",
              "fullTitle": "3 - Adicione a cor **preta** como a primeira cor da paleta de cores. Verifica se a primeira cor da paleta é preta",
              "timedOut": null,
              "duration": 96,
              "state": "passed",
              "speed": "slow",
              "pass": true,
              "fail": false,
              "pending": false,
              "context": null,
              "code": "cy.get('.color').first().should('have.css', 'background-color', BLACK);",
              "err": {},
              "uuid": "d7bd225c-da9c-49a4-92c3-e53fba046aee",
              "parentUUID": "6da450df-e44f-4742-886c-5ab013dc62fa",
              "isHook": false,
              "skipped": false
            },
            {
              "title": "Verifica se as demais cores podem ser escolhidas livremente.",
              "fullTitle": "3 - Adicione a cor **preta** como a primeira cor da paleta de cores. Verifica se as demais cores podem ser escolhidas livremente.",
              "timedOut": null,
              "duration": 209,
              "state": "passed",
              "speed": "slow",
              "pass": true,
              "fail": false,
              "pending": false,
              "context": null,
              "code": "cy.get('.color').eq(1).should('not.have.css', 'background-color', BLACK);\ncy.get('.color').eq(1).should('not.have.css', 'background-color', WHITE);\ncy.get('.color').eq(1).should('not.have.css', 'background-color', 'rgba(0, 0, 0, 0)');\ncy.get('.color').eq(1).should('have.css', 'background-color');\ncy.get('.color').eq(2).should('not.have.css', 'background-color', BLACK);\ncy.get('.color').eq(2).should('not.have.css', 'background-color', WHITE);\ncy.get('.color').eq(2).should('not.have.css', 'background-color', 'rgba(0, 0, 0, 0)');\ncy.get('.color').eq(2).should('have.css', 'background-color');\ncy.get('.color').eq(3).should('not.have.css', 'background-color', BLACK);\ncy.get('.color').eq(3).should('not.have.css', 'background-color', WHITE);\ncy.get('.color').eq(3).should('not.have.css', 'background-color', 'rgba(0, 0, 0, 0)');\ncy.get('.color').eq(3).should('have.css', 'background-color');",
              "err": {},
              "uuid": "3a31d3d6-d1e2-48d3-9923-72156841e4a5",
              "parentUUID": "6da450df-e44f-4742-886c-5ab013dc62fa",
              "isHook": false,
              "skipped": false
            }
          ],
          "suites": [],
          "passes": [
            "d7bd225c-da9c-49a4-92c3-e53fba046aee",
            "3a31d3d6-d1e2-48d3-9923-72156841e4a5"
          ],
          "failures": [],
          "pending": [],
          "skipped": [],
          "duration": 305,
          "root": false,
          "rootEmpty": false,
          "_timeout": 2000
        },
        {
          "uuid": "b4493ff9-77eb-44d0-9d3c-7611b0581f1e",
          "title": "4 - Adicione à página um quadro de pixels, com 25 pixels.",
          "fullFile": "",
          "file": "",
          "beforeHooks": [],
          "afterHooks": [],
          "tests": [
            {
              "title": "Verifica se o quadro de pixels possui o `id` denominado `pixel-board`",
              "fullTitle": "4 - Adicione à página um quadro de pixels, com 25 pixels. Verifica se o quadro de pixels possui o `id` denominado `pixel-board`",
              "timedOut": null,
              "duration": 96,
              "state": "passed",
              "speed": "slow",
              "pass": true,
              "fail": false,
              "pending": false,
              "context": null,
              "code": "cy.get('#pixel-board').should('be.visible');",
              "err": {},
              "uuid": "9f2fb57b-7d18-4031-9400-0f52cb534910",
              "parentUUID": "b4493ff9-77eb-44d0-9d3c-7611b0581f1e",
              "isHook": false,
              "skipped": false
            },
            {
              "title": "Verifica se cada pixel individual dentro do quadro possui a `classe` denominada `pixel`.",
              "fullTitle": "4 - Adicione à página um quadro de pixels, com 25 pixels. Verifica se cada pixel individual dentro do quadro possui a `classe` denominada `pixel`.",
              "timedOut": null,
              "duration": 186,
              "state": "passed",
              "speed": "slow",
              "pass": true,
              "fail": false,
              "pending": false,
              "context": null,
              "code": "cy.get('.pixel').should('have.length', 25);",
              "err": {},
              "uuid": "b8b5f349-2187-4ed2-83f4-7ba66de66dc8",
              "parentUUID": "b4493ff9-77eb-44d0-9d3c-7611b0581f1e",
              "isHook": false,
              "skipped": false
            },
            {
              "title": "Verifica se a cor inicial dos pixels dentro do quadro, ao abrir a página, é branca.",
              "fullTitle": "4 - Adicione à página um quadro de pixels, com 25 pixels. Verifica se a cor inicial dos pixels dentro do quadro, ao abrir a página, é branca.",
              "timedOut": null,
              "duration": 454,
              "state": "failed",
              "speed": null,
              "pass": false,
              "fail": true,
              "pending": false,
              "context": null,
              "code": "cy.get('.pixel').should('have.length', 25).each(function (pixel) {\n  expect(pixel).to.have.css('background-color', WHITE);\n});",
              "err": {
                "message": "AssertionError: expected '<li.pixel>' to have CSS property 'background-color' with the value 'rgb(255, 255, 255)', but the value was 'rgba(0, 0, 0, 0)'",
                "estack": "AssertionError: expected '<li.pixel>' to have CSS property 'background-color' with the value 'rgb(255, 255, 255)', but the value was 'rgba(0, 0, 0, 0)'\n    at callback (http://localhost:46787/__cypress/runner/cypress_runner.js:136947:20)\n    at getRet (http://localhost:46787/__cypress/runner/cypress_runner.js:136585:16)\n    at tryCatcher (http://localhost:46787/__cypress/runner/cypress_runner.js:167415:23)\n    at Function.Promise.attempt.Promise.try (http://localhost:46787/__cypress/runner/cypress_runner.js:164690:29)\n    at thenFn (http://localhost:46787/__cypress/runner/cypress_runner.js:136599:23)\n    at yieldItem (http://localhost:46787/__cypress/runner/cypress_runner.js:136954:16)\n    at tryCatcher (http://localhost:46787/__cypress/runner/cypress_runner.js:167415:23)\n    at Object.gotValue (http://localhost:46787/__cypress/runner/cypress_runner.js:166557:18)\n    at Object.gotAccum (http://localhost:46787/__cypress/runner/cypress_runner.js:166546:25)\n    at Object.tryCatcher (http://localhost:46787/__cypress/runner/cypress_runner.js:167415:23)\n    at Promise._settlePromiseFromHandler (http://localhost:46787/__cypress/runner/cypress_runner.js:165351:31)\n    at Promise._settlePromise (http://localhost:46787/__cypress/runner/cypress_runner.js:165408:18)\n    at Promise._settlePromiseCtx (http://localhost:46787/__cypress/runner/cypress_runner.js:165445:10)\n    at Async../node_modules/bluebird/js/release/async.js.Async._drainQueue (http://localhost:46787/__cypress/runner/cypress_runner.js:162145:12)\n    at Async../node_modules/bluebird/js/release/async.js.Async._drainQueues (http://localhost:46787/__cypress/runner/cypress_runner.js:162150:10)\n    at Async.drainQueues (http://localhost:46787/__cypress/runner/cypress_runner.js:162024:14)",
                "diff": "- 'rgba(0, 0, 0, 0)'\n+ 'rgb(255, 255, 255)'\n"
              },
              "uuid": "c72a4cd5-9849-4d2f-92e2-fcbee8f64e06",
              "parentUUID": "b4493ff9-77eb-44d0-9d3c-7611b0581f1e",
              "isHook": false,
              "skipped": false
            },
            {
              "title": "Verifica se o quadro de pixels aparece abaixo da paleta de cores",
              "fullTitle": "4 - Adicione à página um quadro de pixels, com 25 pixels. Verifica se o quadro de pixels aparece abaixo da paleta de cores",
              "timedOut": null,
              "duration": 101,
              "state": "passed",
              "speed": "slow",
              "pass": true,
              "fail": false,
              "pending": false,
              "context": null,
              "code": "cy.get('#color-palette').then(function (palette) {\n  cy.get('#pixel-board').should('be.belowOf', palette);\n});",
              "err": {},
              "uuid": "6d337003-ca3f-42b5-9844-235f71eb6dd6",
              "parentUUID": "b4493ff9-77eb-44d0-9d3c-7611b0581f1e",
              "isHook": false,
              "skipped": false
            }
          ],
          "suites": [],
          "passes": [
            "9f2fb57b-7d18-4031-9400-0f52cb534910",
            "b8b5f349-2187-4ed2-83f4-7ba66de66dc8",
            "6d337003-ca3f-42b5-9844-235f71eb6dd6"
          ],
          "failures": [
            "c72a4cd5-9849-4d2f-92e2-fcbee8f64e06"
          ],
          "pending": [],
          "skipped": [],
          "duration": 837,
          "root": false,
          "rootEmpty": false,
          "_timeout": 2000
        },
        {
          "uuid": "fbd64b3a-4ae2-40c4-a08f-1a523a71cb36",
          "title": "5 - Faça com que cada elemento do quadro de pixels possua 40 pixels de largura, 40 pixels de altura e seja delimitado por uma borda preta de 1 pixel.",
          "fullFile": "",
          "file": "",
          "beforeHooks": [],
          "afterHooks": [],
          "tests": [
            {
              "title": "Verifica se o quadro de pixels tem altura e comprimento de 5 elementos",
              "fullTitle": "5 - Faça com que cada elemento do quadro de pixels possua 40 pixels de largura, 40 pixels de altura e seja delimitado por uma borda preta de 1 pixel. Verifica se o quadro de pixels tem altura e comprimento de 5 elementos",
              "timedOut": null,
              "duration": 432,
              "state": "failed",
              "speed": null,
              "pass": false,
              "fail": true,
              "pending": false,
              "context": null,
              "code": "cy.get('.pixel').should('have.length', 25).each(function (pixel) {\n  expect(pixel).to.have.css('background-color', WHITE);\n}).and(function (pixels) {\n  var rows = chunk(pixels, 5);\n  rows.forEach(function (row) {\n    for (var index = 1; index < row.length; index += 1) {\n      var current = pixels[index];\n      var previous = pixels[index - 1];\n      cy.wrap(current).should('be.onTheRightOf', previous).and('be.horizontallyAlignedWith', previous);\n    }\n  });\n  for (var index = 1; index < 5; index += 1) {\n    expect(pixels[index * 5]).to.be.belowOf(pixels[(index - 1) * 5]);\n  }\n});",
              "err": {
                "message": "AssertionError: expected '<li.pixel>' to have CSS property 'background-color' with the value 'rgb(255, 255, 255)', but the value was 'rgba(0, 0, 0, 0)'",
                "estack": "AssertionError: expected '<li.pixel>' to have CSS property 'background-color' with the value 'rgb(255, 255, 255)', but the value was 'rgba(0, 0, 0, 0)'\n    at callback (http://localhost:46787/__cypress/runner/cypress_runner.js:136947:20)\n    at getRet (http://localhost:46787/__cypress/runner/cypress_runner.js:136585:16)\n    at tryCatcher (http://localhost:46787/__cypress/runner/cypress_runner.js:167415:23)\n    at Function.Promise.attempt.Promise.try (http://localhost:46787/__cypress/runner/cypress_runner.js:164690:29)\n    at thenFn (http://localhost:46787/__cypress/runner/cypress_runner.js:136599:23)\n    at yieldItem (http://localhost:46787/__cypress/runner/cypress_runner.js:136954:16)\n    at tryCatcher (http://localhost:46787/__cypress/runner/cypress_runner.js:167415:23)\n    at Object.gotValue (http://localhost:46787/__cypress/runner/cypress_runner.js:166557:18)\n    at Object.gotAccum (http://localhost:46787/__cypress/runner/cypress_runner.js:166546:25)\n    at Object.tryCatcher (http://localhost:46787/__cypress/runner/cypress_runner.js:167415:23)\n    at Promise._settlePromiseFromHandler (http://localhost:46787/__cypress/runner/cypress_runner.js:165351:31)\n    at Promise._settlePromise (http://localhost:46787/__cypress/runner/cypress_runner.js:165408:18)\n    at Promise._settlePromiseCtx (http://localhost:46787/__cypress/runner/cypress_runner.js:165445:10)\n    at Async../node_modules/bluebird/js/release/async.js.Async._drainQueue (http://localhost:46787/__cypress/runner/cypress_runner.js:162145:12)\n    at Async../node_modules/bluebird/js/release/async.js.Async._drainQueues (http://localhost:46787/__cypress/runner/cypress_runner.js:162150:10)\n    at Async.drainQueues (http://localhost:46787/__cypress/runner/cypress_runner.js:162024:14)",
                "diff": "- 'rgba(0, 0, 0, 0)'\n+ 'rgb(255, 255, 255)'\n"
              },
              "uuid": "5097364b-e14a-4972-a335-19288672e550",
              "parentUUID": "fbd64b3a-4ae2-40c4-a08f-1a523a71cb36",
              "isHook": false,
              "skipped": false
            },
            {
              "title": "Verifica se 40 pixels é o tamanho total do elemento, incluindo seu conteúdo e excluindo a borda preta, que deve ser criada à parte.",
              "fullTitle": "5 - Faça com que cada elemento do quadro de pixels possua 40 pixels de largura, 40 pixels de altura e seja delimitado por uma borda preta de 1 pixel. Verifica se 40 pixels é o tamanho total do elemento, incluindo seu conteúdo e excluindo a borda preta, que deve ser criada à parte.",
              "timedOut": null,
              "duration": 391,
              "state": "passed",
              "speed": "slow",
              "pass": true,
              "fail": false,
              "pending": false,
              "context": null,
              "code": "cy.get('.pixel').each(function (pixel) {\n  cy.wrap(pixel).should('have.css', 'height', '40px').and('have.css', 'width', '40px').and('have.css', 'border', \"1px solid \".concat(BLACK));\n});",
              "err": {},
              "uuid": "8a5616ea-22a8-4903-9640-e42798b9d92d",
              "parentUUID": "fbd64b3a-4ae2-40c4-a08f-1a523a71cb36",
              "isHook": false,
              "skipped": false
            }
          ],
          "suites": [],
          "passes": [
            "8a5616ea-22a8-4903-9640-e42798b9d92d"
          ],
          "failures": [
            "5097364b-e14a-4972-a335-19288672e550"
          ],
          "pending": [],
          "skipped": [],
          "duration": 823,
          "root": false,
          "rootEmpty": false,
          "_timeout": 2000
        },
        {
          "uuid": "1f0f3656-8769-4d3f-8670-926a6e57c259",
          "title": "6 - Defina a cor preta como cor inicial. Ao carregar a página a cor preta já deve estar selecionada para pintar os pixels",
          "fullFile": "",
          "file": "",
          "beforeHooks": [],
          "afterHooks": [],
          "tests": [
            {
              "title": "Verifica se o elemento da cor preta possui, inicialmente, a `classe` `selected`",
              "fullTitle": "6 - Defina a cor preta como cor inicial. Ao carregar a página a cor preta já deve estar selecionada para pintar os pixels Verifica se o elemento da cor preta possui, inicialmente, a `classe` `selected`",
              "timedOut": null,
              "duration": 91,
              "state": "passed",
              "speed": "slow",
              "pass": true,
              "fail": false,
              "pending": false,
              "context": null,
              "code": "cy.get('.selected').first().should('have.css', 'background-color', BLACK);",
              "err": {},
              "uuid": "91e4c529-3873-44b5-9c89-451831d49bcc",
              "parentUUID": "1f0f3656-8769-4d3f-8670-926a6e57c259",
              "isHook": false,
              "skipped": false
            },
            {
              "title": "Verifica se nenhuma outra cor da paleta tem a `classe` `selected`",
              "fullTitle": "6 - Defina a cor preta como cor inicial. Ao carregar a página a cor preta já deve estar selecionada para pintar os pixels Verifica se nenhuma outra cor da paleta tem a `classe` `selected`",
              "timedOut": null,
              "duration": 113,
              "state": "passed",
              "speed": "slow",
              "pass": true,
              "fail": false,
              "pending": false,
              "context": null,
              "code": "cy.get('.color:not(:first-child)').each(function (color) {\n  cy.wrap(color).should('not.have.class', 'selected');\n});",
              "err": {},
              "uuid": "6d653b3d-6217-4ed1-9b7d-58f9fbeab574",
              "parentUUID": "1f0f3656-8769-4d3f-8670-926a6e57c259",
              "isHook": false,
              "skipped": false
            }
          ],
          "suites": [],
          "passes": [
            "91e4c529-3873-44b5-9c89-451831d49bcc",
            "6d653b3d-6217-4ed1-9b7d-58f9fbeab574"
          ],
          "failures": [],
          "pending": [],
          "skipped": [],
          "duration": 204,
          "root": false,
          "rootEmpty": false,
          "_timeout": 2000
        },
        {
          "uuid": "58ad09de-bc3a-4d8b-9080-4a84a760d759",
          "title": "7 - Clicar em uma das cores da paleta, faz com que ela seja selecionada e utilizada para preencher os pixels no quadro.",
          "fullFile": "",
          "file": "",
          "beforeHooks": [],
          "afterHooks": [],
          "tests": [
            {
              "title": "Verifica se somente uma cor da paleta de cores tem a classe `selected` de cada vez",
              "fullTitle": "7 - Clicar em uma das cores da paleta, faz com que ela seja selecionada e utilizada para preencher os pixels no quadro. Verifica se somente uma cor da paleta de cores tem a classe `selected` de cada vez",
              "timedOut": null,
              "duration": 486,
              "state": "passed",
              "speed": "slow",
              "pass": true,
              "fail": false,
              "pending": false,
              "context": null,
              "code": "cy.get('.color').each(function (selectedColor, selectedColorIndex) {\n  cy.wrap(selectedColor).click();\n  cy.get('.color').each(function (color, colorIndex) {\n    if (colorIndex === selectedColorIndex) {\n      expect(color).to.have[\"class\"]('selected');\n    } else {\n      expect(color).not.to.have[\"class\"]('selected');\n    }\n  });\n});",
              "err": {},
              "uuid": "da4a6bf5-5d71-4cc5-a3f5-464ffb83500b",
              "parentUUID": "58ad09de-bc3a-4d8b-9080-4a84a760d759",
              "isHook": false,
              "skipped": false
            },
            {
              "title": "Verifica se os pixels dentro do quadro não têm a classe `selected` quando são clicados",
              "fullTitle": "7 - Clicar em uma das cores da paleta, faz com que ela seja selecionada e utilizada para preencher os pixels no quadro. Verifica se os pixels dentro do quadro não têm a classe `selected` quando são clicados",
              "timedOut": null,
              "duration": 9072,
              "state": "passed",
              "speed": "slow",
              "pass": true,
              "fail": false,
              "pending": false,
              "context": null,
              "code": "cy.get('.color').each(function (color) {\n  var backgroundColor = color.css('background-color');\n  cy.wrap(color).click();\n  cy.get('.pixel').each(function (pixel) {\n    cy.wrap(pixel).click().should('not.have.class', 'selected');\n  });\n});",
              "err": {},
              "uuid": "047454ca-a10c-4fa5-96b6-5cafe51754c5",
              "parentUUID": "58ad09de-bc3a-4d8b-9080-4a84a760d759",
              "isHook": false,
              "skipped": false
            }
          ],
          "suites": [],
          "passes": [
            "da4a6bf5-5d71-4cc5-a3f5-464ffb83500b",
            "047454ca-a10c-4fa5-96b6-5cafe51754c5"
          ],
          "failures": [],
          "pending": [],
          "skipped": [],
          "duration": 9558,
          "root": false,
          "rootEmpty": false,
          "_timeout": 2000
        },
        {
          "uuid": "a546ebbd-8b1a-41ee-b4a4-fcd09ac2da84",
          "title": "8 - Clicar em um pixel dentro do quadro após selecionar uma cor na paleta, faz com que o pixel seja preenchido com a cor selecionada.",
          "fullFile": "",
          "file": "",
          "beforeHooks": [],
          "afterHooks": [],
          "tests": [
            {
              "title": "Verifica se ao carregar a página deve ser possível pintar os pixels de preto",
              "fullTitle": "8 - Clicar em um pixel dentro do quadro após selecionar uma cor na paleta, faz com que o pixel seja preenchido com a cor selecionada. Verifica se ao carregar a página deve ser possível pintar os pixels de preto",
              "timedOut": null,
              "duration": 2440,
              "state": "passed",
              "speed": "slow",
              "pass": true,
              "fail": false,
              "pending": false,
              "context": null,
              "code": "cy.get('.pixel').each(function (pixel) {\n  cy.wrap(pixel).click().should('have.css', 'background-color', BLACK);\n});",
              "err": {},
              "uuid": "a7694863-3a6c-4c44-9747-fac9049fb069",
              "parentUUID": "a546ebbd-8b1a-41ee-b4a4-fcd09ac2da84",
              "isHook": false,
              "skipped": false
            },
            {
              "title": "Verifica se após selecionar uma outra cor na paleta, é possível pintar os pixels com essa cor",
              "fullTitle": "8 - Clicar em um pixel dentro do quadro após selecionar uma cor na paleta, faz com que o pixel seja preenchido com a cor selecionada. Verifica se após selecionar uma outra cor na paleta, é possível pintar os pixels com essa cor",
              "timedOut": null,
              "duration": 8992,
              "state": "passed",
              "speed": "slow",
              "pass": true,
              "fail": false,
              "pending": false,
              "context": null,
              "code": "cy.get('.color').each(function (color) {\n  var backgroundColor = color.css('background-color');\n  cy.wrap(color).click();\n  cy.get('.pixel').each(function (pixel) {\n    cy.wrap(pixel).click().should('have.css', 'background-color', backgroundColor);\n  });\n});",
              "err": {},
              "uuid": "119be5d6-5fdb-4819-9764-7f699239881f",
              "parentUUID": "a546ebbd-8b1a-41ee-b4a4-fcd09ac2da84",
              "isHook": false,
              "skipped": false
            },
            {
              "title": "Verifica se somente o pixel que foi clicado foi preenchido com a cor selecionada, sem influenciar na cor dos demais pixels.",
              "fullTitle": "8 - Clicar em um pixel dentro do quadro após selecionar uma cor na paleta, faz com que o pixel seja preenchido com a cor selecionada. Verifica se somente o pixel que foi clicado foi preenchido com a cor selecionada, sem influenciar na cor dos demais pixels.",
              "timedOut": null,
              "duration": 1586,
              "state": "passed",
              "speed": "slow",
              "pass": true,
              "fail": false,
              "pending": false,
              "context": null,
              "code": "var colorToPixelIndexMap = {\n  0: 6,\n  1: 8,\n  2: 16,\n  3: 18\n};\ncy.get('.color').each(function (color, index) {\n  cy.wrap(color).click();\n  var backgroundColor = color.css('background-color');\n  var clickedPixelIndex = colorToPixelIndexMap[index];\n  cy.get('.pixel').eq(clickedPixelIndex).click();\n  cy.get('.pixel').eq(clickedPixelIndex - 1).should('not.have.css', 'background-color', backgroundColor);\n  cy.get('.pixel').eq(clickedPixelIndex + 1).should('not.have.css', 'background-color', backgroundColor);\n  cy.get('.pixel').eq(clickedPixelIndex - 5).should('not.have.css', 'background-color', backgroundColor);\n  cy.get('.pixel').eq(clickedPixelIndex + 5).should('not.have.css', 'background-color', backgroundColor);\n  cy.get('.pixel').eq(clickedPixelIndex - 6).should('not.have.css', 'background-color', backgroundColor);\n  cy.get('.pixel').eq(clickedPixelIndex - 4).should('not.have.css', 'background-color', backgroundColor);\n  cy.get('.pixel').eq(clickedPixelIndex + 4).should('not.have.css', 'background-color', backgroundColor);\n  cy.get('.pixel').eq(clickedPixelIndex + 6).should('not.have.css', 'background-color', backgroundColor);\n});",
              "err": {},
              "uuid": "cf2d32c7-e1a4-4918-9420-3d4f5852c9e9",
              "parentUUID": "a546ebbd-8b1a-41ee-b4a4-fcd09ac2da84",
              "isHook": false,
              "skipped": false
            }
          ],
          "suites": [],
          "passes": [
            "a7694863-3a6c-4c44-9747-fac9049fb069",
            "119be5d6-5fdb-4819-9764-7f699239881f",
            "cf2d32c7-e1a4-4918-9420-3d4f5852c9e9"
          ],
          "failures": [],
          "pending": [],
          "skipped": [],
          "duration": 13018,
          "root": false,
          "rootEmpty": false,
          "_timeout": 2000
        },
        {
          "uuid": "47b28980-ab41-4301-8187-8b547b40317d",
          "title": "9 - Crie um botão que, ao ser clicado, limpa o quadro preenchendo a cor de todos seus pixels com branco.",
          "fullFile": "",
          "file": "",
          "beforeHooks": [],
          "afterHooks": [],
          "tests": [
            {
              "title": "Verifica se o botão tem o `id` denominado `clear-board`",
              "fullTitle": "9 - Crie um botão que, ao ser clicado, limpa o quadro preenchendo a cor de todos seus pixels com branco. Verifica se o botão tem o `id` denominado `clear-board`",
              "timedOut": null,
              "duration": 4399,
              "state": "failed",
              "speed": null,
              "pass": false,
              "fail": true,
              "pending": false,
              "context": null,
              "code": "cy.get('#clear-board').should('be.visible');",
              "err": {
                "message": "CypressError: Timed out retrying: Expected to find element: '#clear-board', but never found it.",
                "estack": "CypressError: Timed out retrying: Expected to find element: '#clear-board', but never found it.\n    at cypressErr (http://localhost:46787/__cypress/runner/cypress_runner.js:149934:9)\n    at throwErr (http://localhost:46787/__cypress/runner/cypress_runner.js:149867:11)\n    at Object.throwErrByPath (http://localhost:46787/__cypress/runner/cypress_runner.js:149915:3)\n    at retry (http://localhost:46787/__cypress/runner/cypress_runner.js:144197:19)\n    at onFailFn (http://localhost:46787/__cypress/runner/cypress_runner.js:132448:16)\n    at tryCatcher (http://localhost:46787/__cypress/runner/cypress_runner.js:167415:23)\n    at Promise._settlePromiseFromHandler (http://localhost:46787/__cypress/runner/cypress_runner.js:165351:31)\n    at Promise._settlePromise (http://localhost:46787/__cypress/runner/cypress_runner.js:165408:18)\n    at Promise._settlePromise0 (http://localhost:46787/__cypress/runner/cypress_runner.js:165453:10)\n    at Promise._settlePromises (http://localhost:46787/__cypress/runner/cypress_runner.js:165528:18)\n    at Async../node_modules/bluebird/js/release/async.js.Async._drainQueue (http://localhost:46787/__cypress/runner/cypress_runner.js:162140:16)\n    at Async../node_modules/bluebird/js/release/async.js.Async._drainQueues (http://localhost:46787/__cypress/runner/cypress_runner.js:162150:10)\n    at Async.drainQueues (http://localhost:46787/__cypress/runner/cypress_runner.js:162024:14)",
                "diff": null
              },
              "uuid": "3c4464f4-1ede-4e22-9667-efe3c7dfb9b6",
              "parentUUID": "47b28980-ab41-4301-8187-8b547b40317d",
              "isHook": false,
              "skipped": false
            },
            {
              "title": "Verifica se o botão está posicionado entre a paleta de cores e o quadro de pixels",
              "fullTitle": "9 - Crie um botão que, ao ser clicado, limpa o quadro preenchendo a cor de todos seus pixels com branco. Verifica se o botão está posicionado entre a paleta de cores e o quadro de pixels",
              "timedOut": null,
              "duration": 4363,
              "state": "failed",
              "speed": null,
              "pass": false,
              "fail": true,
              "pending": false,
              "context": null,
              "code": "cy.get('#color-palette').then(function (palette) {\n  cy.get('#clear-board').should('be.belowOf', palette);\n});\ncy.get('#clear-board').then(function (clearBtn) {\n  cy.get('#pixel-board').should('be.belowOf', clearBtn);\n});",
              "err": {
                "message": "CypressError: Timed out retrying: Expected to find element: '#clear-board', but never found it.",
                "estack": "CypressError: Timed out retrying: Expected to find element: '#clear-board', but never found it.\n    at cypressErr (http://localhost:46787/__cypress/runner/cypress_runner.js:149934:9)\n    at throwErr (http://localhost:46787/__cypress/runner/cypress_runner.js:149867:11)\n    at Object.throwErrByPath (http://localhost:46787/__cypress/runner/cypress_runner.js:149915:3)\n    at retry (http://localhost:46787/__cypress/runner/cypress_runner.js:144197:19)\n    at onFailFn (http://localhost:46787/__cypress/runner/cypress_runner.js:132448:16)\n    at tryCatcher (http://localhost:46787/__cypress/runner/cypress_runner.js:167415:23)\n    at Promise._settlePromiseFromHandler (http://localhost:46787/__cypress/runner/cypress_runner.js:165351:31)\n    at Promise._settlePromise (http://localhost:46787/__cypress/runner/cypress_runner.js:165408:18)\n    at Promise._settlePromise0 (http://localhost:46787/__cypress/runner/cypress_runner.js:165453:10)\n    at Promise._settlePromises (http://localhost:46787/__cypress/runner/cypress_runner.js:165528:18)\n    at Async../node_modules/bluebird/js/release/async.js.Async._drainQueue (http://localhost:46787/__cypress/runner/cypress_runner.js:162140:16)\n    at Async../node_modules/bluebird/js/release/async.js.Async._drainQueues (http://localhost:46787/__cypress/runner/cypress_runner.js:162150:10)\n    at Async.drainQueues (http://localhost:46787/__cypress/runner/cypress_runner.js:162024:14)",
                "diff": null
              },
              "uuid": "6c352249-fbe1-47f6-b330-3afd5546c7eb",
              "parentUUID": "47b28980-ab41-4301-8187-8b547b40317d",
              "isHook": false,
              "skipped": false
            },
            {
              "title": "Verifica se o texto do botão é 'Limpar'",
              "fullTitle": "9 - Crie um botão que, ao ser clicado, limpa o quadro preenchendo a cor de todos seus pixels com branco. Verifica se o texto do botão é 'Limpar'",
              "timedOut": null,
              "duration": 4359,
              "state": "failed",
              "speed": null,
              "pass": false,
              "fail": true,
              "pending": false,
              "context": null,
              "code": "cy.get('#clear-board').should('contain.text', 'Limpar');",
              "err": {
                "message": "CypressError: Timed out retrying: Expected to find element: '#clear-board', but never found it.",
                "estack": "CypressError: Timed out retrying: Expected to find element: '#clear-board', but never found it.\n    at cypressErr (http://localhost:46787/__cypress/runner/cypress_runner.js:149934:9)\n    at throwErr (http://localhost:46787/__cypress/runner/cypress_runner.js:149867:11)\n    at Object.throwErrByPath (http://localhost:46787/__cypress/runner/cypress_runner.js:149915:3)\n    at retry (http://localhost:46787/__cypress/runner/cypress_runner.js:144197:19)\n    at onFailFn (http://localhost:46787/__cypress/runner/cypress_runner.js:132448:16)\n    at tryCatcher (http://localhost:46787/__cypress/runner/cypress_runner.js:167415:23)\n    at Promise._settlePromiseFromHandler (http://localhost:46787/__cypress/runner/cypress_runner.js:165351:31)\n    at Promise._settlePromise (http://localhost:46787/__cypress/runner/cypress_runner.js:165408:18)\n    at Promise._settlePromise0 (http://localhost:46787/__cypress/runner/cypress_runner.js:165453:10)\n    at Promise._settlePromises (http://localhost:46787/__cypress/runner/cypress_runner.js:165528:18)\n    at Async../node_modules/bluebird/js/release/async.js.Async._drainQueue (http://localhost:46787/__cypress/runner/cypress_runner.js:162140:16)\n    at Async../node_modules/bluebird/js/release/async.js.Async._drainQueues (http://localhost:46787/__cypress/runner/cypress_runner.js:162150:10)\n    at Async.drainQueues (http://localhost:46787/__cypress/runner/cypress_runner.js:162024:14)",
                "diff": null
              },
              "uuid": "9aa0dece-7aab-44a0-99ce-bf9f3ad6d23e",
              "parentUUID": "47b28980-ab41-4301-8187-8b547b40317d",
              "isHook": false,
              "skipped": false
            },
            {
              "title": "Verifica se ao clicar no botão, o quadro de pixels é totalmente preenchido de branco",
              "fullTitle": "9 - Crie um botão que, ao ser clicado, limpa o quadro preenchendo a cor de todos seus pixels com branco. Verifica se ao clicar no botão, o quadro de pixels é totalmente preenchido de branco",
              "timedOut": null,
              "duration": 6612,
              "state": "failed",
              "speed": null,
              "pass": false,
              "fail": true,
              "pending": false,
              "context": null,
              "code": "cy.get('.color').eq(1).then(function (color) {\n  var backgroundColor = color.css('background-color');\n  cy.wrap(color).click();\n  cy.get('.pixel').each(function (pixel) {\n    cy.wrap(pixel).click().should('have.css', 'background-color', backgroundColor);\n  });\n});\ncy.get('#clear-board').click();\ncy.get('.pixel').each(function (pixel) {\n  cy.wrap(pixel).should('have.css', 'background-color', WHITE);\n});",
              "err": {
                "message": "CypressError: Timed out retrying: Expected to find element: '#clear-board', but never found it.",
                "estack": "CypressError: Timed out retrying: Expected to find element: '#clear-board', but never found it.\n    at cypressErr (http://localhost:46787/__cypress/runner/cypress_runner.js:149934:9)\n    at throwErr (http://localhost:46787/__cypress/runner/cypress_runner.js:149867:11)\n    at Object.throwErrByPath (http://localhost:46787/__cypress/runner/cypress_runner.js:149915:3)\n    at retry (http://localhost:46787/__cypress/runner/cypress_runner.js:144197:19)\n    at onFailFn (http://localhost:46787/__cypress/runner/cypress_runner.js:132448:16)\n    at tryCatcher (http://localhost:46787/__cypress/runner/cypress_runner.js:167415:23)\n    at Promise._settlePromiseFromHandler (http://localhost:46787/__cypress/runner/cypress_runner.js:165351:31)\n    at Promise._settlePromise (http://localhost:46787/__cypress/runner/cypress_runner.js:165408:18)\n    at Promise._settlePromise0 (http://localhost:46787/__cypress/runner/cypress_runner.js:165453:10)\n    at Promise._settlePromises (http://localhost:46787/__cypress/runner/cypress_runner.js:165528:18)\n    at Async../node_modules/bluebird/js/release/async.js.Async._drainQueue (http://localhost:46787/__cypress/runner/cypress_runner.js:162140:16)\n    at Async../node_modules/bluebird/js/release/async.js.Async._drainQueues (http://localhost:46787/__cypress/runner/cypress_runner.js:162150:10)\n    at Async.drainQueues (http://localhost:46787/__cypress/runner/cypress_runner.js:162024:14)",
                "diff": null
              },
              "uuid": "99193472-5309-4f9d-b2ee-966ee35982ac",
              "parentUUID": "47b28980-ab41-4301-8187-8b547b40317d",
              "isHook": false,
              "skipped": false
            }
          ],
          "suites": [],
          "passes": [],
          "failures": [
            "3c4464f4-1ede-4e22-9667-efe3c7dfb9b6",
            "6c352249-fbe1-47f6-b330-3afd5546c7eb",
            "9aa0dece-7aab-44a0-99ce-bf9f3ad6d23e",
            "99193472-5309-4f9d-b2ee-966ee35982ac"
          ],
          "pending": [],
          "skipped": [],
          "duration": 19733,
          "root": false,
          "rootEmpty": false,
          "_timeout": 2000
        },
        {
          "uuid": "fe923e73-5d0f-42b0-89e7-75ada50570ab",
          "title": "10 - Faça o quadro de pixels ter seu tamanho definido pelo usuário.",
          "fullFile": "",
          "file": "",
          "beforeHooks": [],
          "afterHooks": [],
          "tests": [
            {
              "title": "Verifica se existe um input com o id `board-size`",
              "fullTitle": "10 - Faça o quadro de pixels ter seu tamanho definido pelo usuário. Verifica se existe um input com o id `board-size`",
              "timedOut": null,
              "duration": 4476,
              "state": "failed",
              "speed": null,
              "pass": false,
              "fail": true,
              "pending": false,
              "context": null,
              "code": "cy.get('#board-size').should('be.visible');",
              "err": {
                "message": "CypressError: Timed out retrying: Expected to find element: '#board-size', but never found it.",
                "estack": "CypressError: Timed out retrying: Expected to find element: '#board-size', but never found it.\n    at cypressErr (http://localhost:46787/__cypress/runner/cypress_runner.js:149934:9)\n    at throwErr (http://localhost:46787/__cypress/runner/cypress_runner.js:149867:11)\n    at Object.throwErrByPath (http://localhost:46787/__cypress/runner/cypress_runner.js:149915:3)\n    at retry (http://localhost:46787/__cypress/runner/cypress_runner.js:144197:19)\n    at onFailFn (http://localhost:46787/__cypress/runner/cypress_runner.js:132448:16)\n    at tryCatcher (http://localhost:46787/__cypress/runner/cypress_runner.js:167415:23)\n    at Promise._settlePromiseFromHandler (http://localhost:46787/__cypress/runner/cypress_runner.js:165351:31)\n    at Promise._settlePromise (http://localhost:46787/__cypress/runner/cypress_runner.js:165408:18)\n    at Promise._settlePromise0 (http://localhost:46787/__cypress/runner/cypress_runner.js:165453:10)\n    at Promise._settlePromises (http://localhost:46787/__cypress/runner/cypress_runner.js:165528:18)\n    at Async../node_modules/bluebird/js/release/async.js.Async._drainQueue (http://localhost:46787/__cypress/runner/cypress_runner.js:162140:16)\n    at Async../node_modules/bluebird/js/release/async.js.Async._drainQueues (http://localhost:46787/__cypress/runner/cypress_runner.js:162150:10)\n    at Async.drainQueues (http://localhost:46787/__cypress/runner/cypress_runner.js:162024:14)",
                "diff": null
              },
              "uuid": "f3ca3488-d47f-4d72-9f81-b7a5f5b50122",
              "parentUUID": "fe923e73-5d0f-42b0-89e7-75ada50570ab",
              "isHook": false,
              "skipped": false
            },
            {
              "title": "Verifica se existe um botão com o id `generate-board`",
              "fullTitle": "10 - Faça o quadro de pixels ter seu tamanho definido pelo usuário. Verifica se existe um botão com o id `generate-board`",
              "timedOut": null,
              "duration": 4535,
              "state": "failed",
              "speed": null,
              "pass": false,
              "fail": true,
              "pending": false,
              "context": null,
              "code": "cy.get('#generate-board').should('be.visible');",
              "err": {
                "message": "CypressError: Timed out retrying: Expected to find element: '#generate-board', but never found it.",
                "estack": "CypressError: Timed out retrying: Expected to find element: '#generate-board', but never found it.\n    at cypressErr (http://localhost:46787/__cypress/runner/cypress_runner.js:149934:9)\n    at throwErr (http://localhost:46787/__cypress/runner/cypress_runner.js:149867:11)\n    at Object.throwErrByPath (http://localhost:46787/__cypress/runner/cypress_runner.js:149915:3)\n    at retry (http://localhost:46787/__cypress/runner/cypress_runner.js:144197:19)\n    at onFailFn (http://localhost:46787/__cypress/runner/cypress_runner.js:132448:16)\n    at tryCatcher (http://localhost:46787/__cypress/runner/cypress_runner.js:167415:23)\n    at Promise._settlePromiseFromHandler (http://localhost:46787/__cypress/runner/cypress_runner.js:165351:31)\n    at Promise._settlePromise (http://localhost:46787/__cypress/runner/cypress_runner.js:165408:18)\n    at Promise._settlePromise0 (http://localhost:46787/__cypress/runner/cypress_runner.js:165453:10)\n    at Promise._settlePromises (http://localhost:46787/__cypress/runner/cypress_runner.js:165528:18)\n    at Async../node_modules/bluebird/js/release/async.js.Async._drainQueue (http://localhost:46787/__cypress/runner/cypress_runner.js:162140:16)\n    at Async../node_modules/bluebird/js/release/async.js.Async._drainQueues (http://localhost:46787/__cypress/runner/cypress_runner.js:162150:10)\n    at Async.drainQueues (http://localhost:46787/__cypress/runner/cypress_runner.js:162024:14)",
                "diff": null
              },
              "uuid": "9bb3ab89-edd5-491a-997e-609eb75c37fa",
              "parentUUID": "fe923e73-5d0f-42b0-89e7-75ada50570ab",
              "isHook": false,
              "skipped": false
            },
            {
              "title": "Verifica se o input só aceita número maiores que zero. Essa restrição deve ser feita usando os atributos do elemento `input`",
              "fullTitle": "10 - Faça o quadro de pixels ter seu tamanho definido pelo usuário. Verifica se o input só aceita número maiores que zero. Essa restrição deve ser feita usando os atributos do elemento `input`",
              "timedOut": null,
              "duration": 4407,
              "state": "failed",
              "speed": null,
              "pass": false,
              "fail": true,
              "pending": false,
              "context": null,
              "code": "cy.get('#board-size[type=\\'number\\'][min=\\'1\\']');",
              "err": {
                "message": "CypressError: Timed out retrying: Expected to find element: '#board-size[type='number'][min='1']', but never found it.",
                "estack": "CypressError: Timed out retrying: Expected to find element: '#board-size[type='number'][min='1']', but never found it.\n    at cypressErr (http://localhost:46787/__cypress/runner/cypress_runner.js:149934:9)\n    at throwErr (http://localhost:46787/__cypress/runner/cypress_runner.js:149867:11)\n    at Object.throwErrByPath (http://localhost:46787/__cypress/runner/cypress_runner.js:149915:3)\n    at retry (http://localhost:46787/__cypress/runner/cypress_runner.js:144197:19)\n    at onFailFn (http://localhost:46787/__cypress/runner/cypress_runner.js:132448:16)\n    at tryCatcher (http://localhost:46787/__cypress/runner/cypress_runner.js:167415:23)\n    at Promise._settlePromiseFromHandler (http://localhost:46787/__cypress/runner/cypress_runner.js:165351:31)\n    at Promise._settlePromise (http://localhost:46787/__cypress/runner/cypress_runner.js:165408:18)\n    at Promise._settlePromise0 (http://localhost:46787/__cypress/runner/cypress_runner.js:165453:10)\n    at Promise._settlePromises (http://localhost:46787/__cypress/runner/cypress_runner.js:165528:18)\n    at Async../node_modules/bluebird/js/release/async.js.Async._drainQueue (http://localhost:46787/__cypress/runner/cypress_runner.js:162140:16)\n    at Async../node_modules/bluebird/js/release/async.js.Async._drainQueues (http://localhost:46787/__cypress/runner/cypress_runner.js:162150:10)\n    at Async.drainQueues (http://localhost:46787/__cypress/runner/cypress_runner.js:162024:14)",
                "diff": null
              },
              "uuid": "0024e0bf-66f7-41b5-9bed-286c49977bf9",
              "parentUUID": "fe923e73-5d0f-42b0-89e7-75ada50570ab",
              "isHook": false,
              "skipped": false
            },
            {
              "title": "Verifica se o botão contém o texto 'VQV'",
              "fullTitle": "10 - Faça o quadro de pixels ter seu tamanho definido pelo usuário. Verifica se o botão contém o texto 'VQV'",
              "timedOut": null,
              "duration": 4362,
              "state": "failed",
              "speed": null,
              "pass": false,
              "fail": true,
              "pending": false,
              "context": null,
              "code": "cy.get('#generate-board').contains(/vqv/i);",
              "err": {
                "message": "CypressError: Timed out retrying: Expected to find element: '#generate-board', but never found it.",
                "estack": "CypressError: Timed out retrying: Expected to find element: '#generate-board', but never found it.\n    at cypressErr (http://localhost:46787/__cypress/runner/cypress_runner.js:149934:9)\n    at throwErr (http://localhost:46787/__cypress/runner/cypress_runner.js:149867:11)\n    at Object.throwErrByPath (http://localhost:46787/__cypress/runner/cypress_runner.js:149915:3)\n    at retry (http://localhost:46787/__cypress/runner/cypress_runner.js:144197:19)\n    at onFailFn (http://localhost:46787/__cypress/runner/cypress_runner.js:132448:16)\n    at tryCatcher (http://localhost:46787/__cypress/runner/cypress_runner.js:167415:23)\n    at Promise._settlePromiseFromHandler (http://localhost:46787/__cypress/runner/cypress_runner.js:165351:31)\n    at Promise._settlePromise (http://localhost:46787/__cypress/runner/cypress_runner.js:165408:18)\n    at Promise._settlePromise0 (http://localhost:46787/__cypress/runner/cypress_runner.js:165453:10)\n    at Promise._settlePromises (http://localhost:46787/__cypress/runner/cypress_runner.js:165528:18)\n    at Async../node_modules/bluebird/js/release/async.js.Async._drainQueue (http://localhost:46787/__cypress/runner/cypress_runner.js:162140:16)\n    at Async../node_modules/bluebird/js/release/async.js.Async._drainQueues (http://localhost:46787/__cypress/runner/cypress_runner.js:162150:10)\n    at Async.drainQueues (http://localhost:46787/__cypress/runner/cypress_runner.js:162024:14)",
                "diff": null
              },
              "uuid": "f61136a8-c05d-4145-8b9b-49b45035a785",
              "parentUUID": "fe923e73-5d0f-42b0-89e7-75ada50570ab",
              "isHook": false,
              "skipped": false
            },
            {
              "title": "Verifica se o input está posicionado entre a paleta de cores e o quadro de pixels",
              "fullTitle": "10 - Faça o quadro de pixels ter seu tamanho definido pelo usuário. Verifica se o input está posicionado entre a paleta de cores e o quadro de pixels",
              "timedOut": null,
              "duration": 4403,
              "state": "failed",
              "speed": null,
              "pass": false,
              "fail": true,
              "pending": false,
              "context": null,
              "code": "cy.get('#color-palette').then(function (palette) {\n  cy.get('#board-size').should('be.belowOf', palette);\n});\ncy.get('#board-size').then(function (palette) {\n  cy.get('#pixel-board').should('be.belowOf', palette);\n});",
              "err": {
                "message": "CypressError: Timed out retrying: Expected to find element: '#board-size', but never found it.",
                "estack": "CypressError: Timed out retrying: Expected to find element: '#board-size', but never found it.\n    at cypressErr (http://localhost:46787/__cypress/runner/cypress_runner.js:149934:9)\n    at throwErr (http://localhost:46787/__cypress/runner/cypress_runner.js:149867:11)\n    at Object.throwErrByPath (http://localhost:46787/__cypress/runner/cypress_runner.js:149915:3)\n    at retry (http://localhost:46787/__cypress/runner/cypress_runner.js:144197:19)\n    at onFailFn (http://localhost:46787/__cypress/runner/cypress_runner.js:132448:16)\n    at tryCatcher (http://localhost:46787/__cypress/runner/cypress_runner.js:167415:23)\n    at Promise._settlePromiseFromHandler (http://localhost:46787/__cypress/runner/cypress_runner.js:165351:31)\n    at Promise._settlePromise (http://localhost:46787/__cypress/runner/cypress_runner.js:165408:18)\n    at Promise._settlePromise0 (http://localhost:46787/__cypress/runner/cypress_runner.js:165453:10)\n    at Promise._settlePromises (http://localhost:46787/__cypress/runner/cypress_runner.js:165528:18)\n    at Async../node_modules/bluebird/js/release/async.js.Async._drainQueue (http://localhost:46787/__cypress/runner/cypress_runner.js:162140:16)\n    at Async../node_modules/bluebird/js/release/async.js.Async._drainQueues (http://localhost:46787/__cypress/runner/cypress_runner.js:162150:10)\n    at Async.drainQueues (http://localhost:46787/__cypress/runner/cypress_runner.js:162024:14)",
                "diff": null
              },
              "uuid": "c54026bb-cd5e-461e-9b94-d72196babe1a",
              "parentUUID": "fe923e73-5d0f-42b0-89e7-75ada50570ab",
              "isHook": false,
              "skipped": false
            },
            {
              "title": "Verifica se o botão está posicionado ao lado do input",
              "fullTitle": "10 - Faça o quadro de pixels ter seu tamanho definido pelo usuário. Verifica se o botão está posicionado ao lado do input",
              "timedOut": null,
              "duration": 4431,
              "state": "failed",
              "speed": null,
              "pass": false,
              "fail": true,
              "pending": false,
              "context": null,
              "code": "cy.get('#board-size').then(function (board) {\n  cy.get('#generate-board').should('be.onTheRightOf', board);\n});",
              "err": {
                "message": "CypressError: Timed out retrying: Expected to find element: '#board-size', but never found it.",
                "estack": "CypressError: Timed out retrying: Expected to find element: '#board-size', but never found it.\n    at cypressErr (http://localhost:46787/__cypress/runner/cypress_runner.js:149934:9)\n    at throwErr (http://localhost:46787/__cypress/runner/cypress_runner.js:149867:11)\n    at Object.throwErrByPath (http://localhost:46787/__cypress/runner/cypress_runner.js:149915:3)\n    at retry (http://localhost:46787/__cypress/runner/cypress_runner.js:144197:19)\n    at onFailFn (http://localhost:46787/__cypress/runner/cypress_runner.js:132448:16)\n    at tryCatcher (http://localhost:46787/__cypress/runner/cypress_runner.js:167415:23)\n    at Promise._settlePromiseFromHandler (http://localhost:46787/__cypress/runner/cypress_runner.js:165351:31)\n    at Promise._settlePromise (http://localhost:46787/__cypress/runner/cypress_runner.js:165408:18)\n    at Promise._settlePromise0 (http://localhost:46787/__cypress/runner/cypress_runner.js:165453:10)\n    at Promise._settlePromises (http://localhost:46787/__cypress/runner/cypress_runner.js:165528:18)\n    at Async../node_modules/bluebird/js/release/async.js.Async._drainQueue (http://localhost:46787/__cypress/runner/cypress_runner.js:162140:16)\n    at Async../node_modules/bluebird/js/release/async.js.Async._drainQueues (http://localhost:46787/__cypress/runner/cypress_runner.js:162150:10)\n    at Async.drainQueues (http://localhost:46787/__cypress/runner/cypress_runner.js:162024:14)",
                "diff": null
              },
              "uuid": "45f91cf1-669b-4205-bccb-e5c594105147",
              "parentUUID": "fe923e73-5d0f-42b0-89e7-75ada50570ab",
              "isHook": false,
              "skipped": false
            },
            {
              "title": "Verifica se nenhum valor for colocado no input ao clicar no botão, um `alert` é exibido com o texto: 'Board inválido!'",
              "fullTitle": "10 - Faça o quadro de pixels ter seu tamanho definido pelo usuário. Verifica se nenhum valor for colocado no input ao clicar no botão, um `alert` é exibido com o texto: 'Board inválido!'",
              "timedOut": null,
              "duration": 4453,
              "state": "failed",
              "speed": null,
              "pass": false,
              "fail": true,
              "pending": false,
              "context": null,
              "code": "var alerted = false;\ncy.on('window:alert', function (msg) {\n  return alerted = msg;\n});\ncy.get('#generate-board').click().then(function () {\n  return expect(alerted).to.match(/Board inválido!/i);\n});",
              "err": {
                "message": "CypressError: Timed out retrying: Expected to find element: '#generate-board', but never found it.",
                "estack": "CypressError: Timed out retrying: Expected to find element: '#generate-board', but never found it.\n    at cypressErr (http://localhost:46787/__cypress/runner/cypress_runner.js:149934:9)\n    at throwErr (http://localhost:46787/__cypress/runner/cypress_runner.js:149867:11)\n    at Object.throwErrByPath (http://localhost:46787/__cypress/runner/cypress_runner.js:149915:3)\n    at retry (http://localhost:46787/__cypress/runner/cypress_runner.js:144197:19)\n    at onFailFn (http://localhost:46787/__cypress/runner/cypress_runner.js:132448:16)\n    at tryCatcher (http://localhost:46787/__cypress/runner/cypress_runner.js:167415:23)\n    at Promise._settlePromiseFromHandler (http://localhost:46787/__cypress/runner/cypress_runner.js:165351:31)\n    at Promise._settlePromise (http://localhost:46787/__cypress/runner/cypress_runner.js:165408:18)\n    at Promise._settlePromise0 (http://localhost:46787/__cypress/runner/cypress_runner.js:165453:10)\n    at Promise._settlePromises (http://localhost:46787/__cypress/runner/cypress_runner.js:165528:18)\n    at Async../node_modules/bluebird/js/release/async.js.Async._drainQueue (http://localhost:46787/__cypress/runner/cypress_runner.js:162140:16)\n    at Async../node_modules/bluebird/js/release/async.js.Async._drainQueues (http://localhost:46787/__cypress/runner/cypress_runner.js:162150:10)\n    at Async.drainQueues (http://localhost:46787/__cypress/runner/cypress_runner.js:162024:14)",
                "diff": null
              },
              "uuid": "877a62b1-7614-4e29-9f1e-f2c2d805c49d",
              "parentUUID": "fe923e73-5d0f-42b0-89e7-75ada50570ab",
              "isHook": false,
              "skipped": false
            },
            {
              "title": "Verifica se ao clicar no botão com um valor preenchido, o tamanho do board muda.",
              "fullTitle": "10 - Faça o quadro de pixels ter seu tamanho definido pelo usuário. Verifica se ao clicar no botão com um valor preenchido, o tamanho do board muda.",
              "timedOut": null,
              "duration": 4519,
              "state": "failed",
              "speed": null,
              "pass": false,
              "fail": true,
              "pending": false,
              "context": null,
              "code": "cy.get('#board-size').clear().type(10);\ncy.get('#generate-board').click();\ncy.get('.pixel').should('have.length', 100);",
              "err": {
                "message": "CypressError: Timed out retrying: Expected to find element: '#board-size', but never found it.",
                "estack": "CypressError: Timed out retrying: Expected to find element: '#board-size', but never found it.\n    at cypressErr (http://localhost:46787/__cypress/runner/cypress_runner.js:149934:9)\n    at throwErr (http://localhost:46787/__cypress/runner/cypress_runner.js:149867:11)\n    at Object.throwErrByPath (http://localhost:46787/__cypress/runner/cypress_runner.js:149915:3)\n    at retry (http://localhost:46787/__cypress/runner/cypress_runner.js:144197:19)\n    at onFailFn (http://localhost:46787/__cypress/runner/cypress_runner.js:132448:16)\n    at tryCatcher (http://localhost:46787/__cypress/runner/cypress_runner.js:167415:23)\n    at Promise._settlePromiseFromHandler (http://localhost:46787/__cypress/runner/cypress_runner.js:165351:31)\n    at Promise._settlePromise (http://localhost:46787/__cypress/runner/cypress_runner.js:165408:18)\n    at Promise._settlePromise0 (http://localhost:46787/__cypress/runner/cypress_runner.js:165453:10)\n    at Promise._settlePromises (http://localhost:46787/__cypress/runner/cypress_runner.js:165528:18)\n    at Async../node_modules/bluebird/js/release/async.js.Async._drainQueue (http://localhost:46787/__cypress/runner/cypress_runner.js:162140:16)\n    at Async../node_modules/bluebird/js/release/async.js.Async._drainQueues (http://localhost:46787/__cypress/runner/cypress_runner.js:162150:10)\n    at Async.drainQueues (http://localhost:46787/__cypress/runner/cypress_runner.js:162024:14)",
                "diff": null
              },
              "uuid": "70f31afa-1f57-4e9b-b29d-b7ae9f31561d",
              "parentUUID": "fe923e73-5d0f-42b0-89e7-75ada50570ab",
              "isHook": false,
              "skipped": false
            },
            {
              "title": "Verifica se o novo quadro tem todos os pixels preenchidos com a cor branca",
              "fullTitle": "10 - Faça o quadro de pixels ter seu tamanho definido pelo usuário. Verifica se o novo quadro tem todos os pixels preenchidos com a cor branca",
              "timedOut": null,
              "duration": 4562,
              "state": "failed",
              "speed": null,
              "pass": false,
              "fail": true,
              "pending": false,
              "context": null,
              "code": "cy.get('#board-size').clear().type(6);\ncy.get('#generate-board').click();\ncy.get('.pixel').should('have.length', 36).each(function (pixel) {\n  expect(pixel).to.have.css('background-color', WHITE);\n});",
              "err": {
                "message": "CypressError: Timed out retrying: Expected to find element: '#board-size', but never found it.",
                "estack": "CypressError: Timed out retrying: Expected to find element: '#board-size', but never found it.\n    at cypressErr (http://localhost:46787/__cypress/runner/cypress_runner.js:149934:9)\n    at throwErr (http://localhost:46787/__cypress/runner/cypress_runner.js:149867:11)\n    at Object.throwErrByPath (http://localhost:46787/__cypress/runner/cypress_runner.js:149915:3)\n    at retry (http://localhost:46787/__cypress/runner/cypress_runner.js:144197:19)\n    at onFailFn (http://localhost:46787/__cypress/runner/cypress_runner.js:132448:16)\n    at tryCatcher (http://localhost:46787/__cypress/runner/cypress_runner.js:167415:23)\n    at Promise._settlePromiseFromHandler (http://localhost:46787/__cypress/runner/cypress_runner.js:165351:31)\n    at Promise._settlePromise (http://localhost:46787/__cypress/runner/cypress_runner.js:165408:18)\n    at Promise._settlePromise0 (http://localhost:46787/__cypress/runner/cypress_runner.js:165453:10)\n    at Promise._settlePromises (http://localhost:46787/__cypress/runner/cypress_runner.js:165528:18)\n    at Async../node_modules/bluebird/js/release/async.js.Async._drainQueue (http://localhost:46787/__cypress/runner/cypress_runner.js:162140:16)\n    at Async../node_modules/bluebird/js/release/async.js.Async._drainQueues (http://localhost:46787/__cypress/runner/cypress_runner.js:162150:10)\n    at Async.drainQueues (http://localhost:46787/__cypress/runner/cypress_runner.js:162024:14)",
                "diff": null
              },
              "uuid": "5369b5cd-a965-4257-8093-c02be26db001",
              "parentUUID": "fe923e73-5d0f-42b0-89e7-75ada50570ab",
              "isHook": false,
              "skipped": false
            }
          ],
          "suites": [],
          "passes": [],
          "failures": [
            "f3ca3488-d47f-4d72-9f81-b7a5f5b50122",
            "9bb3ab89-edd5-491a-997e-609eb75c37fa",
            "0024e0bf-66f7-41b5-9bed-286c49977bf9",
            "f61136a8-c05d-4145-8b9b-49b45035a785",
            "c54026bb-cd5e-461e-9b94-d72196babe1a",
            "45f91cf1-669b-4205-bccb-e5c594105147",
            "877a62b1-7614-4e29-9f1e-f2c2d805c49d",
            "70f31afa-1f57-4e9b-b29d-b7ae9f31561d",
            "5369b5cd-a965-4257-8093-c02be26db001"
          ],
          "pending": [],
          "skipped": [],
          "duration": 40148,
          "root": false,
          "rootEmpty": false,
          "_timeout": 2000
        },
        {
          "uuid": "4bd0a911-5120-4931-bca7-05c187708f56",
          "title": "11 - Limite o tamanho mínimo e máximo do board.",
          "fullFile": "",
          "file": "",
          "beforeHooks": [],
          "afterHooks": [],
          "tests": [
            {
              "title": "Verifica se a altura máxima do board é 50",
              "fullTitle": "11 - Limite o tamanho mínimo e máximo do board. Verifica se a altura máxima do board é 50",
              "timedOut": null,
              "duration": 4499,
              "state": "failed",
              "speed": null,
              "pass": false,
              "fail": true,
              "pending": false,
              "context": null,
              "code": "cy.get('#board-size').clear().type(50);\ncy.get('#generate-board').click();\ncy.get('.pixel').should('have.length', 2500);",
              "err": {
                "message": "CypressError: Timed out retrying: Expected to find element: '#board-size', but never found it.",
                "estack": "CypressError: Timed out retrying: Expected to find element: '#board-size', but never found it.\n    at cypressErr (http://localhost:46787/__cypress/runner/cypress_runner.js:149934:9)\n    at throwErr (http://localhost:46787/__cypress/runner/cypress_runner.js:149867:11)\n    at Object.throwErrByPath (http://localhost:46787/__cypress/runner/cypress_runner.js:149915:3)\n    at retry (http://localhost:46787/__cypress/runner/cypress_runner.js:144197:19)\n    at onFailFn (http://localhost:46787/__cypress/runner/cypress_runner.js:132448:16)\n    at tryCatcher (http://localhost:46787/__cypress/runner/cypress_runner.js:167415:23)\n    at Promise._settlePromiseFromHandler (http://localhost:46787/__cypress/runner/cypress_runner.js:165351:31)\n    at Promise._settlePromise (http://localhost:46787/__cypress/runner/cypress_runner.js:165408:18)\n    at Promise._settlePromise0 (http://localhost:46787/__cypress/runner/cypress_runner.js:165453:10)\n    at Promise._settlePromises (http://localhost:46787/__cypress/runner/cypress_runner.js:165528:18)\n    at Async../node_modules/bluebird/js/release/async.js.Async._drainQueue (http://localhost:46787/__cypress/runner/cypress_runner.js:162140:16)\n    at Async../node_modules/bluebird/js/release/async.js.Async._drainQueues (http://localhost:46787/__cypress/runner/cypress_runner.js:162150:10)\n    at Async.drainQueues (http://localhost:46787/__cypress/runner/cypress_runner.js:162024:14)",
                "diff": null
              },
              "uuid": "cb38a878-2c32-4053-b79e-93c91f54c9ae",
              "parentUUID": "4bd0a911-5120-4931-bca7-05c187708f56",
              "isHook": false,
              "skipped": false
            },
            {
              "title": "Verifica se a altura do board é 5 quando um valor menor é colocado no input",
              "fullTitle": "11 - Limite o tamanho mínimo e máximo do board. Verifica se a altura do board é 5 quando um valor menor é colocado no input",
              "timedOut": null,
              "duration": 4513,
              "state": "failed",
              "speed": null,
              "pass": false,
              "fail": true,
              "pending": false,
              "context": null,
              "code": "cy.get('#board-size').clear().type(4);\ncy.get('#generate-board').click();\ncy.get('.pixel').should('have.length', 25);",
              "err": {
                "message": "CypressError: Timed out retrying: Expected to find element: '#board-size', but never found it.",
                "estack": "CypressError: Timed out retrying: Expected to find element: '#board-size', but never found it.\n    at cypressErr (http://localhost:46787/__cypress/runner/cypress_runner.js:149934:9)\n    at throwErr (http://localhost:46787/__cypress/runner/cypress_runner.js:149867:11)\n    at Object.throwErrByPath (http://localhost:46787/__cypress/runner/cypress_runner.js:149915:3)\n    at retry (http://localhost:46787/__cypress/runner/cypress_runner.js:144197:19)\n    at onFailFn (http://localhost:46787/__cypress/runner/cypress_runner.js:132448:16)\n    at tryCatcher (http://localhost:46787/__cypress/runner/cypress_runner.js:167415:23)\n    at Promise._settlePromiseFromHandler (http://localhost:46787/__cypress/runner/cypress_runner.js:165351:31)\n    at Promise._settlePromise (http://localhost:46787/__cypress/runner/cypress_runner.js:165408:18)\n    at Promise._settlePromise0 (http://localhost:46787/__cypress/runner/cypress_runner.js:165453:10)\n    at Promise._settlePromises (http://localhost:46787/__cypress/runner/cypress_runner.js:165528:18)\n    at Async../node_modules/bluebird/js/release/async.js.Async._drainQueue (http://localhost:46787/__cypress/runner/cypress_runner.js:162140:16)\n    at Async../node_modules/bluebird/js/release/async.js.Async._drainQueues (http://localhost:46787/__cypress/runner/cypress_runner.js:162150:10)\n    at Async.drainQueues (http://localhost:46787/__cypress/runner/cypress_runner.js:162024:14)",
                "diff": null
              },
              "uuid": "a30f3ad5-e9e5-4dbb-90b8-e471a9384211",
              "parentUUID": "4bd0a911-5120-4931-bca7-05c187708f56",
              "isHook": false,
              "skipped": false
            },
            {
              "title": "Verifica se a altura do board é 50 quando um valor maior é colocado no input",
              "fullTitle": "11 - Limite o tamanho mínimo e máximo do board. Verifica se a altura do board é 50 quando um valor maior é colocado no input",
              "timedOut": null,
              "duration": 4705,
              "state": "failed",
              "speed": null,
              "pass": false,
              "fail": true,
              "pending": false,
              "context": null,
              "code": "cy.get('#board-size').clear().type(51);\ncy.get('#generate-board').click();\ncy.get('.pixel').should('have.length', 2500);",
              "err": {
                "message": "CypressError: Timed out retrying: Expected to find element: '#board-size', but never found it.",
                "estack": "CypressError: Timed out retrying: Expected to find element: '#board-size', but never found it.\n    at cypressErr (http://localhost:46787/__cypress/runner/cypress_runner.js:149934:9)\n    at throwErr (http://localhost:46787/__cypress/runner/cypress_runner.js:149867:11)\n    at Object.throwErrByPath (http://localhost:46787/__cypress/runner/cypress_runner.js:149915:3)\n    at retry (http://localhost:46787/__cypress/runner/cypress_runner.js:144197:19)\n    at onFailFn (http://localhost:46787/__cypress/runner/cypress_runner.js:132448:16)\n    at tryCatcher (http://localhost:46787/__cypress/runner/cypress_runner.js:167415:23)\n    at Promise._settlePromiseFromHandler (http://localhost:46787/__cypress/runner/cypress_runner.js:165351:31)\n    at Promise._settlePromise (http://localhost:46787/__cypress/runner/cypress_runner.js:165408:18)\n    at Promise._settlePromise0 (http://localhost:46787/__cypress/runner/cypress_runner.js:165453:10)\n    at Promise._settlePromises (http://localhost:46787/__cypress/runner/cypress_runner.js:165528:18)\n    at Async../node_modules/bluebird/js/release/async.js.Async._drainQueue (http://localhost:46787/__cypress/runner/cypress_runner.js:162140:16)\n    at Async../node_modules/bluebird/js/release/async.js.Async._drainQueues (http://localhost:46787/__cypress/runner/cypress_runner.js:162150:10)\n    at Async.drainQueues (http://localhost:46787/__cypress/runner/cypress_runner.js:162024:14)",
                "diff": null
              },
              "uuid": "50ec6c6e-b10c-47ac-9681-ef064137b9b6",
              "parentUUID": "4bd0a911-5120-4931-bca7-05c187708f56",
              "isHook": false,
              "skipped": false
            }
          ],
          "suites": [],
          "passes": [],
          "failures": [
            "cb38a878-2c32-4053-b79e-93c91f54c9ae",
            "a30f3ad5-e9e5-4dbb-90b8-e471a9384211",
            "50ec6c6e-b10c-47ac-9681-ef064137b9b6"
          ],
          "pending": [],
          "skipped": [],
          "duration": 13717,
          "root": false,
          "rootEmpty": false,
          "_timeout": 2000
        },
        {
          "uuid": "bae6942a-795e-4781-b0f6-9f4c96c8f64e",
          "title": "12 - Faça com que as cores da paleta sejam geradas aleatoriamente ao carregar a página.",
          "fullFile": "",
          "file": "",
          "beforeHooks": [],
          "afterHooks": [],
          "tests": [
            {
              "title": "Verifica se as cores geradas na paleta são diferentes a cada carregamento da página",
              "fullTitle": "12 - Faça com que as cores da paleta sejam geradas aleatoriamente ao carregar a página. Verifica se as cores geradas na paleta são diferentes a cada carregamento da página",
              "timedOut": null,
              "duration": 601,
              "state": "failed",
              "speed": null,
              "pass": false,
              "fail": true,
              "pending": false,
              "context": null,
              "code": "cy.get('.color').then(function (colors) {\n  var currentColors;\n  var previousColors;\n  previousColors = Array.from(colors).map(function (color) {\n    return Cypress.$(color).css('background-color');\n  });\n  for (var i = 0; i < 5; i += 1) {\n    cy.reload();\n    cy.get('.color').then(function (colors) {\n      currentColors = Array.from(colors).map(function (color) {\n        return Cypress.$(color).css('background-color');\n      });\n      expect(currentColors).not.to.deep.equal(previousColors);\n      previousColors = currentColors;\n    });\n  }\n});",
              "err": {
                "message": "AssertionError: expected [ Array(4) ] to not deeply equal [ Array(4) ]",
                "estack": "AssertionError: expected [ Array(4) ] to not deeply equal [ Array(4) ]\n    at getRet (http://localhost:46787/__cypress/runner/cypress_runner.js:136585:16)\n    at tryCatcher (http://localhost:46787/__cypress/runner/cypress_runner.js:167415:23)\n    at Function.Promise.attempt.Promise.try (http://localhost:46787/__cypress/runner/cypress_runner.js:164690:29)\n    at Context.thenFn (http://localhost:46787/__cypress/runner/cypress_runner.js:136599:23)\n    at Context.then (http://localhost:46787/__cypress/runner/cypress_runner.js:136971:21)\n    at Context.<anonymous> (http://localhost:46787/__cypress/runner/cypress_runner.js:148875:21)\n    at http://localhost:46787/__cypress/runner/cypress_runner.js:148351:33\n    at tryCatcher (http://localhost:46787/__cypress/runner/cypress_runner.js:167415:23)\n    at Promise._settlePromiseFromHandler (http://localhost:46787/__cypress/runner/cypress_runner.js:165351:31)\n    at Promise._settlePromise (http://localhost:46787/__cypress/runner/cypress_runner.js:165408:18)\n    at Promise._settlePromiseCtx (http://localhost:46787/__cypress/runner/cypress_runner.js:165445:10)\n    at Async../node_modules/bluebird/js/release/async.js.Async._drainQueue (http://localhost:46787/__cypress/runner/cypress_runner.js:162145:12)\n    at Async../node_modules/bluebird/js/release/async.js.Async._drainQueues (http://localhost:46787/__cypress/runner/cypress_runner.js:162150:10)\n    at Async.drainQueues (http://localhost:46787/__cypress/runner/cypress_runner.js:162024:14)",
                "diff": ""
              },
              "uuid": "802c3ee8-25d5-4a3f-8895-b9e8db098d81",
              "parentUUID": "bae6942a-795e-4781-b0f6-9f4c96c8f64e",
              "isHook": false,
              "skipped": false
            },
            {
              "title": "Verifica se a cor preta ainda está presente e é a primeira na sua paleta de cores",
              "fullTitle": "12 - Faça com que as cores da paleta sejam geradas aleatoriamente ao carregar a página. Verifica se a cor preta ainda está presente e é a primeira na sua paleta de cores",
              "timedOut": null,
              "duration": 675,
              "state": "failed",
              "speed": null,
              "pass": false,
              "fail": true,
              "pending": false,
              "context": null,
              "code": "cy.get('.color').then(function (colors) {\n  var currentColors;\n  var previousColors;\n  previousColors = Array.from(colors).map(function (color) {\n    return Cypress.$(color).css('background-color');\n  });\n  expect(previousColors[0]).to.eq(BLACK);\n  for (var i = 0; i < 5; i += 1) {\n    cy.reload();\n    cy.get('.color').then(function (colors) {\n      currentColors = Array.from(colors).map(function (color) {\n        return Cypress.$(color).css('background-color');\n      });\n      expect(currentColors[0]).to.eq(BLACK);\n      expect(currentColors).not.to.deep.equal(previousColors);\n      previousColors = currentColors;\n    });\n  }\n});",
              "err": {
                "message": "AssertionError: expected [ Array(4) ] to not deeply equal [ Array(4) ]",
                "estack": "AssertionError: expected [ Array(4) ] to not deeply equal [ Array(4) ]\n    at getRet (http://localhost:46787/__cypress/runner/cypress_runner.js:136585:16)\n    at tryCatcher (http://localhost:46787/__cypress/runner/cypress_runner.js:167415:23)\n    at Function.Promise.attempt.Promise.try (http://localhost:46787/__cypress/runner/cypress_runner.js:164690:29)\n    at Context.thenFn (http://localhost:46787/__cypress/runner/cypress_runner.js:136599:23)\n    at Context.then (http://localhost:46787/__cypress/runner/cypress_runner.js:136971:21)\n    at Context.<anonymous> (http://localhost:46787/__cypress/runner/cypress_runner.js:148875:21)\n    at http://localhost:46787/__cypress/runner/cypress_runner.js:148351:33\n    at tryCatcher (http://localhost:46787/__cypress/runner/cypress_runner.js:167415:23)\n    at Promise._settlePromiseFromHandler (http://localhost:46787/__cypress/runner/cypress_runner.js:165351:31)\n    at Promise._settlePromise (http://localhost:46787/__cypress/runner/cypress_runner.js:165408:18)\n    at Promise._settlePromiseCtx (http://localhost:46787/__cypress/runner/cypress_runner.js:165445:10)\n    at Async../node_modules/bluebird/js/release/async.js.Async._drainQueue (http://localhost:46787/__cypress/runner/cypress_runner.js:162145:12)\n    at Async../node_modules/bluebird/js/release/async.js.Async._drainQueues (http://localhost:46787/__cypress/runner/cypress_runner.js:162150:10)\n    at Async.drainQueues (http://localhost:46787/__cypress/runner/cypress_runner.js:162024:14)",
                "diff": ""
              },
              "uuid": "8e0d276e-f4bc-4007-b91c-554f12f19b8a",
              "parentUUID": "bae6942a-795e-4781-b0f6-9f4c96c8f64e",
              "isHook": false,
              "skipped": false
            }
          ],
          "suites": [],
          "passes": [],
          "failures": [
            "802c3ee8-25d5-4a3f-8895-b9e8db098d81",
            "8e0d276e-f4bc-4007-b91c-554f12f19b8a"
          ],
          "pending": [],
          "skipped": [],
          "duration": 1276,
          "root": false,
          "rootEmpty": false,
          "_timeout": 2000
        }
      ],
      "passes": [],
      "failures": [],
      "pending": [],
      "skipped": [],
      "duration": 0,
      "root": true,
      "rootEmpty": true,
      "_timeout": 2000
    }
  ],
  "meta": {
    "mocha": {
      "version": "7.0.1"
    },
    "mochawesome": {
      "options": {
        "quiet": false,
        "reportFilename": "mochawesome",
        "saveHtml": false,
        "saveJson": true,
        "consoleReporter": "spec",
        "useInlineDiffs": false
      },
      "version": "4.1.0"
    },
    "marge": {
      "options": {
        "id": "default",
        "reportDir": "cypress/reports",
        "overwrite": true,
        "html": false,
        "json": true
      },
      "version": "4.1.0"
    }
  }
}