{
  "stats": {
    "suites": 12,
    "tests": 41,
    "passes": 23,
    "pending": 0,
    "failures": 18,
    "start": "2021-08-18T13:22:56.240Z",
    "end": "2021-08-18T13:24:28.593Z",
    "duration": 92353,
    "testsRegistered": 41,
    "passPercent": 56.09756097560976,
    "pendingPercent": 0,
    "other": 0,
    "hasOther": false,
    "skipped": 0,
    "hasSkipped": false
  },
  "results": [
    {
      "uuid": "26bb424d-e778-444b-a651-22ab297b3252",
      "title": "",
      "fullFile": "cypress/integration/project.spec.js",
      "file": "cypress/integration/project.spec.js",
      "beforeHooks": [],
      "afterHooks": [],
      "tests": [],
      "suites": [
        {
          "uuid": "a1d52ded-a6b0-4db0-880d-61b3b6343519",
          "title": "1 - Adicione à página o título \"Paleta de Cores\".",
          "fullFile": "",
          "file": "",
          "beforeHooks": [],
          "afterHooks": [],
          "tests": [
            {
              "title": "Verifica se contém um elemento `h1` com o id `title` com o título correto",
              "fullTitle": "1 - Adicione à página o título \"Paleta de Cores\". Verifica se contém um elemento `h1` com o id `title` com o título correto",
              "timedOut": null,
              "duration": 136,
              "state": "passed",
              "speed": "slow",
              "pass": true,
              "fail": false,
              "pending": false,
              "context": null,
              "code": "cy.get('h1#title').should('contain.text', 'Paleta de Cores');",
              "err": {},
              "uuid": "ea1c0cff-3d77-4b98-a549-4666c31e225f",
              "parentUUID": "a1d52ded-a6b0-4db0-880d-61b3b6343519",
              "isHook": false,
              "skipped": false
            }
          ],
          "suites": [],
          "passes": [
            "ea1c0cff-3d77-4b98-a549-4666c31e225f"
          ],
          "failures": [],
          "pending": [],
          "skipped": [],
          "duration": 136,
          "root": false,
          "rootEmpty": false,
          "_timeout": 2000
        },
        {
          "uuid": "5ebc373e-318d-4077-aafb-ef31c0490b7b",
          "title": "2 - Adicione à página uma paleta de quatro cores distintas.",
          "fullFile": "",
          "file": "",
          "beforeHooks": [],
          "afterHooks": [],
          "tests": [
            {
              "title": "A paleta de cores deve ser um elemento com `id` denominado `color-palette`",
              "fullTitle": "2 - Adicione à página uma paleta de quatro cores distintas. A paleta de cores deve ser um elemento com `id` denominado `color-palette`",
              "timedOut": null,
              "duration": 57,
              "state": "passed",
              "speed": "medium",
              "pass": true,
              "fail": false,
              "pending": false,
              "context": null,
              "code": "cy.get('#color-palette').should('be.visible');",
              "err": {},
              "uuid": "ef1ae623-f370-4769-a94a-80638586b46c",
              "parentUUID": "5ebc373e-318d-4077-aafb-ef31c0490b7b",
              "isHook": false,
              "skipped": false
            },
            {
              "title": "Verifica se cada cor individual da paleta de cores possui a `classe` chamada `color`.",
              "fullTitle": "2 - Adicione à página uma paleta de quatro cores distintas. Verifica se cada cor individual da paleta de cores possui a `classe` chamada `color`.",
              "timedOut": null,
              "duration": 88,
              "state": "passed",
              "speed": "slow",
              "pass": true,
              "fail": false,
              "pending": false,
              "context": null,
              "code": "cy.get('.color').should('have.length', 4).then(function (colors) {\n  for (var i = 0; i < colors.length; i++) {\n    cy.wrap(colors[i]).should('be.visible');\n  }\n});",
              "err": {},
              "uuid": "24f0baa3-be0b-4566-83b1-837d3945c991",
              "parentUUID": "5ebc373e-318d-4077-aafb-ef31c0490b7b",
              "isHook": false,
              "skipped": false
            },
            {
              "title": "Verifica se a cor de fundo de cada elemento da paleta é a cor que o elemento representa. **A única cor não permitida na paleta é a cor branca.**",
              "fullTitle": "2 - Adicione à página uma paleta de quatro cores distintas. Verifica se a cor de fundo de cada elemento da paleta é a cor que o elemento representa. **A única cor não permitida na paleta é a cor branca.**",
              "timedOut": null,
              "duration": 90,
              "state": "passed",
              "speed": "slow",
              "pass": true,
              "fail": false,
              "pending": false,
              "context": null,
              "code": "cy.get('.color').each(function (color) {\n  cy.wrap(color).should('have.class', 'color').and('not.have.css', 'background-color', WHITE);\n  cy.wrap(color).should('have.css', 'background-color');\n});",
              "err": {},
              "uuid": "1c29cc46-285e-4cbd-af7f-c8dd82234a38",
              "parentUUID": "5ebc373e-318d-4077-aafb-ef31c0490b7b",
              "isHook": false,
              "skipped": false
            },
            {
              "title": "Verifica se cada elemento da paleta de cores tem uma borda preta, sólida e com 1 pixel de largura;",
              "fullTitle": "2 - Adicione à página uma paleta de quatro cores distintas. Verifica se cada elemento da paleta de cores tem uma borda preta, sólida e com 1 pixel de largura;",
              "timedOut": null,
              "duration": 93,
              "state": "passed",
              "speed": "slow",
              "pass": true,
              "fail": false,
              "pending": false,
              "context": null,
              "code": "cy.get('.color').each(function (color) {\n  cy.wrap(color).and('have.css', 'border', \"1px solid \".concat(BLACK)).and('have.class', 'color');\n});",
              "err": {},
              "uuid": "9421f24e-072c-4711-bd25-9452e6407122",
              "parentUUID": "5ebc373e-318d-4077-aafb-ef31c0490b7b",
              "isHook": false,
              "skipped": false
            },
            {
              "title": "Verifica se a paleta lista todas as cores disponíveis para utilização, lado a lado.",
              "fullTitle": "2 - Adicione à página uma paleta de quatro cores distintas. Verifica se a paleta lista todas as cores disponíveis para utilização, lado a lado.",
              "timedOut": null,
              "duration": 96,
              "state": "passed",
              "speed": "slow",
              "pass": true,
              "fail": false,
              "pending": false,
              "context": null,
              "code": "cy.get('.color').then(function (colors) {\n  for (var index = 1; index < colors.length; index += 1) {\n    var currentColor = colors[index];\n    var previousColor = colors[index - 1];\n    cy.wrap(currentColor).should('be.onTheRightOf', previousColor).and('be.horizontallyAlignedWith', previousColor);\n  }\n});",
              "err": {},
              "uuid": "ea24dd34-86a7-4c8d-a436-94b345e9400c",
              "parentUUID": "5ebc373e-318d-4077-aafb-ef31c0490b7b",
              "isHook": false,
              "skipped": false
            },
            {
              "title": "Verifica se a paleta de cores está posicionada abaixo do título 'Paleta de Cores'",
              "fullTitle": "2 - Adicione à página uma paleta de quatro cores distintas. Verifica se a paleta de cores está posicionada abaixo do título 'Paleta de Cores'",
              "timedOut": null,
              "duration": 91,
              "state": "passed",
              "speed": "slow",
              "pass": true,
              "fail": false,
              "pending": false,
              "context": null,
              "code": "cy.get('h1#title').then(function (title) {\n  cy.get('#color-palette').should('be.belowOf', title);\n});",
              "err": {},
              "uuid": "b1487aea-347a-41e9-a858-39d51159e139",
              "parentUUID": "5ebc373e-318d-4077-aafb-ef31c0490b7b",
              "isHook": false,
              "skipped": false
            },
            {
              "title": "Verifica se a paleta de cores não contém cores repetidas.",
              "fullTitle": "2 - Adicione à página uma paleta de quatro cores distintas. Verifica se a paleta de cores não contém cores repetidas.",
              "timedOut": null,
              "duration": 98,
              "state": "passed",
              "speed": "slow",
              "pass": true,
              "fail": false,
              "pending": false,
              "context": null,
              "code": "cy.get('.color').then(function (colors) {\n  var allColors = Array.from(colors).map(function (color) {\n    return Cypress.$(color).css('background-color');\n  });\n  cy.log(allColors);\n  var uniqColors = (0, _toConsumableArray2[\"default\"])(new Set(allColors));\n  cy.log(uniqColors);\n  expect(allColors.length).to.eq(uniqColors.length);\n});",
              "err": {},
              "uuid": "77cba460-3fa4-4281-962e-8282feadac8c",
              "parentUUID": "5ebc373e-318d-4077-aafb-ef31c0490b7b",
              "isHook": false,
              "skipped": false
            }
          ],
          "suites": [],
          "passes": [
            "ef1ae623-f370-4769-a94a-80638586b46c",
            "24f0baa3-be0b-4566-83b1-837d3945c991",
            "1c29cc46-285e-4cbd-af7f-c8dd82234a38",
            "9421f24e-072c-4711-bd25-9452e6407122",
            "ea24dd34-86a7-4c8d-a436-94b345e9400c",
            "b1487aea-347a-41e9-a858-39d51159e139",
            "77cba460-3fa4-4281-962e-8282feadac8c"
          ],
          "failures": [],
          "pending": [],
          "skipped": [],
          "duration": 613,
          "root": false,
          "rootEmpty": false,
          "_timeout": 2000
        },
        {
          "uuid": "aa212065-887b-4dc4-8939-652482bff8c7",
          "title": "3 - Adicione a cor **preta** como a primeira cor da paleta de cores.",
          "fullFile": "",
          "file": "",
          "beforeHooks": [],
          "afterHooks": [],
          "tests": [
            {
              "title": "Verifica se a primeira cor da paleta é preta",
              "fullTitle": "3 - Adicione a cor **preta** como a primeira cor da paleta de cores. Verifica se a primeira cor da paleta é preta",
              "timedOut": null,
              "duration": 84,
              "state": "passed",
              "speed": "slow",
              "pass": true,
              "fail": false,
              "pending": false,
              "context": null,
              "code": "cy.get('.color').first().should('have.css', 'background-color', BLACK);",
              "err": {},
              "uuid": "2d07d903-4e02-4fce-9d08-efa5f6819791",
              "parentUUID": "aa212065-887b-4dc4-8939-652482bff8c7",
              "isHook": false,
              "skipped": false
            },
            {
              "title": "Verifica se as demais cores podem ser escolhidas livremente.",
              "fullTitle": "3 - Adicione a cor **preta** como a primeira cor da paleta de cores. Verifica se as demais cores podem ser escolhidas livremente.",
              "timedOut": null,
              "duration": 142,
              "state": "passed",
              "speed": "slow",
              "pass": true,
              "fail": false,
              "pending": false,
              "context": null,
              "code": "cy.get('.color').eq(1).should('not.have.css', 'background-color', BLACK);\ncy.get('.color').eq(1).should('not.have.css', 'background-color', WHITE);\ncy.get('.color').eq(1).should('not.have.css', 'background-color', 'rgba(0, 0, 0, 0)');\ncy.get('.color').eq(1).should('have.css', 'background-color');\ncy.get('.color').eq(2).should('not.have.css', 'background-color', BLACK);\ncy.get('.color').eq(2).should('not.have.css', 'background-color', WHITE);\ncy.get('.color').eq(2).should('not.have.css', 'background-color', 'rgba(0, 0, 0, 0)');\ncy.get('.color').eq(2).should('have.css', 'background-color');\ncy.get('.color').eq(3).should('not.have.css', 'background-color', BLACK);\ncy.get('.color').eq(3).should('not.have.css', 'background-color', WHITE);\ncy.get('.color').eq(3).should('not.have.css', 'background-color', 'rgba(0, 0, 0, 0)');\ncy.get('.color').eq(3).should('have.css', 'background-color');",
              "err": {},
              "uuid": "5343b77d-9ca3-49d6-a878-2fa3c3ab07df",
              "parentUUID": "aa212065-887b-4dc4-8939-652482bff8c7",
              "isHook": false,
              "skipped": false
            }
          ],
          "suites": [],
          "passes": [
            "2d07d903-4e02-4fce-9d08-efa5f6819791",
            "5343b77d-9ca3-49d6-a878-2fa3c3ab07df"
          ],
          "failures": [],
          "pending": [],
          "skipped": [],
          "duration": 226,
          "root": false,
          "rootEmpty": false,
          "_timeout": 2000
        },
        {
          "uuid": "f1876042-b506-4acb-9219-ffc010625fc5",
          "title": "4 - Adicione à página um quadro de pixels, com 25 pixels.",
          "fullFile": "",
          "file": "",
          "beforeHooks": [],
          "afterHooks": [],
          "tests": [
            {
              "title": "Verifica se o quadro de pixels possui o `id` denominado `pixel-board`",
              "fullTitle": "4 - Adicione à página um quadro de pixels, com 25 pixels. Verifica se o quadro de pixels possui o `id` denominado `pixel-board`",
              "timedOut": null,
              "duration": 56,
              "state": "passed",
              "speed": "medium",
              "pass": true,
              "fail": false,
              "pending": false,
              "context": null,
              "code": "cy.get('#pixel-board').should('be.visible');",
              "err": {},
              "uuid": "556e02aa-a05a-44bc-9a46-c72c90cf260b",
              "parentUUID": "f1876042-b506-4acb-9219-ffc010625fc5",
              "isHook": false,
              "skipped": false
            },
            {
              "title": "Verifica se cada pixel individual dentro do quadro possui a `classe` denominada `pixel`.",
              "fullTitle": "4 - Adicione à página um quadro de pixels, com 25 pixels. Verifica se cada pixel individual dentro do quadro possui a `classe` denominada `pixel`.",
              "timedOut": null,
              "duration": 92,
              "state": "passed",
              "speed": "slow",
              "pass": true,
              "fail": false,
              "pending": false,
              "context": null,
              "code": "cy.get('.pixel').should('have.length', 25);",
              "err": {},
              "uuid": "9e6f3ce0-2842-48b4-8982-7ccc14a418c4",
              "parentUUID": "f1876042-b506-4acb-9219-ffc010625fc5",
              "isHook": false,
              "skipped": false
            },
            {
              "title": "Verifica se a cor inicial dos pixels dentro do quadro, ao abrir a página, é branca.",
              "fullTitle": "4 - Adicione à página um quadro de pixels, com 25 pixels. Verifica se a cor inicial dos pixels dentro do quadro, ao abrir a página, é branca.",
              "timedOut": null,
              "duration": 126,
              "state": "passed",
              "speed": "slow",
              "pass": true,
              "fail": false,
              "pending": false,
              "context": null,
              "code": "cy.get('.pixel').should('have.length', 25).each(function (pixel) {\n  expect(pixel).to.have.css('background-color', WHITE);\n});",
              "err": {},
              "uuid": "9fba5fc1-1fc6-45e1-8d77-e2ba3c98bffb",
              "parentUUID": "f1876042-b506-4acb-9219-ffc010625fc5",
              "isHook": false,
              "skipped": false
            },
            {
              "title": "Verifica se o quadro de pixels aparece abaixo da paleta de cores",
              "fullTitle": "4 - Adicione à página um quadro de pixels, com 25 pixels. Verifica se o quadro de pixels aparece abaixo da paleta de cores",
              "timedOut": null,
              "duration": 61,
              "state": "passed",
              "speed": "medium",
              "pass": true,
              "fail": false,
              "pending": false,
              "context": null,
              "code": "cy.get('#color-palette').then(function (palette) {\n  cy.get('#pixel-board').should('be.belowOf', palette);\n});",
              "err": {},
              "uuid": "8fd7b57b-d56f-44c2-a99f-516aa2b012dc",
              "parentUUID": "f1876042-b506-4acb-9219-ffc010625fc5",
              "isHook": false,
              "skipped": false
            }
          ],
          "suites": [],
          "passes": [
            "556e02aa-a05a-44bc-9a46-c72c90cf260b",
            "9e6f3ce0-2842-48b4-8982-7ccc14a418c4",
            "9fba5fc1-1fc6-45e1-8d77-e2ba3c98bffb",
            "8fd7b57b-d56f-44c2-a99f-516aa2b012dc"
          ],
          "failures": [],
          "pending": [],
          "skipped": [],
          "duration": 335,
          "root": false,
          "rootEmpty": false,
          "_timeout": 2000
        },
        {
          "uuid": "a74cb8ba-ec95-4523-aecf-33063c769be1",
          "title": "5 - Faça com que cada elemento do quadro de pixels possua 40 pixels de largura, 40 pixels de altura e seja delimitado por uma borda preta de 1 pixel.",
          "fullFile": "",
          "file": "",
          "beforeHooks": [],
          "afterHooks": [],
          "tests": [
            {
              "title": "Verifica se o quadro de pixels tem altura e comprimento de 5 elementos",
              "fullTitle": "5 - Faça com que cada elemento do quadro de pixels possua 40 pixels de largura, 40 pixels de altura e seja delimitado por uma borda preta de 1 pixel. Verifica se o quadro de pixels tem altura e comprimento de 5 elementos",
              "timedOut": null,
              "duration": 222,
              "state": "passed",
              "speed": "slow",
              "pass": true,
              "fail": false,
              "pending": false,
              "context": null,
              "code": "cy.get('.pixel').should('have.length', 25).each(function (pixel) {\n  expect(pixel).to.have.css('background-color', WHITE);\n}).and(function (pixels) {\n  var rows = chunk(pixels, 5);\n  rows.forEach(function (row) {\n    for (var index = 1; index < row.length; index += 1) {\n      var current = pixels[index];\n      var previous = pixels[index - 1];\n      cy.wrap(current).should('be.onTheRightOf', previous).and('be.horizontallyAlignedWith', previous);\n    }\n  });\n  for (var index = 1; index < 5; index += 1) {\n    expect(pixels[index * 5]).to.be.belowOf(pixels[(index - 1) * 5]);\n  }\n});",
              "err": {},
              "uuid": "c4c6dfcb-2138-4fbd-aab8-3b77b403ca86",
              "parentUUID": "a74cb8ba-ec95-4523-aecf-33063c769be1",
              "isHook": false,
              "skipped": false
            },
            {
              "title": "Verifica se 40 pixels é o tamanho total do elemento, incluindo seu conteúdo e excluindo a borda preta, que deve ser criada à parte.",
              "fullTitle": "5 - Faça com que cada elemento do quadro de pixels possua 40 pixels de largura, 40 pixels de altura e seja delimitado por uma borda preta de 1 pixel. Verifica se 40 pixels é o tamanho total do elemento, incluindo seu conteúdo e excluindo a borda preta, que deve ser criada à parte.",
              "timedOut": null,
              "duration": 214,
              "state": "passed",
              "speed": "slow",
              "pass": true,
              "fail": false,
              "pending": false,
              "context": null,
              "code": "cy.get('.pixel').each(function (pixel) {\n  cy.wrap(pixel).should('have.css', 'height', '40px').and('have.css', 'width', '40px').and('have.css', 'border', \"1px solid \".concat(BLACK));\n});",
              "err": {},
              "uuid": "30fac0c2-1150-4008-8ca7-cc61e7262025",
              "parentUUID": "a74cb8ba-ec95-4523-aecf-33063c769be1",
              "isHook": false,
              "skipped": false
            }
          ],
          "suites": [],
          "passes": [
            "c4c6dfcb-2138-4fbd-aab8-3b77b403ca86",
            "30fac0c2-1150-4008-8ca7-cc61e7262025"
          ],
          "failures": [],
          "pending": [],
          "skipped": [],
          "duration": 436,
          "root": false,
          "rootEmpty": false,
          "_timeout": 2000
        },
        {
          "uuid": "ed091ba0-36e3-4ce6-9e39-25e9a6f9f6de",
          "title": "6 - Defina a cor preta como cor inicial. Ao carregar a página a cor preta já deve estar selecionada para pintar os pixels",
          "fullFile": "",
          "file": "",
          "beforeHooks": [],
          "afterHooks": [],
          "tests": [
            {
              "title": "Verifica se o elemento da cor preta possui, inicialmente, a `classe` `selected`",
              "fullTitle": "6 - Defina a cor preta como cor inicial. Ao carregar a página a cor preta já deve estar selecionada para pintar os pixels Verifica se o elemento da cor preta possui, inicialmente, a `classe` `selected`",
              "timedOut": null,
              "duration": 71,
              "state": "passed",
              "speed": "medium",
              "pass": true,
              "fail": false,
              "pending": false,
              "context": null,
              "code": "cy.get('.selected').first().should('have.css', 'background-color', BLACK);",
              "err": {},
              "uuid": "c81a58d8-62df-4bf8-809c-bbfa020214ea",
              "parentUUID": "ed091ba0-36e3-4ce6-9e39-25e9a6f9f6de",
              "isHook": false,
              "skipped": false
            },
            {
              "title": "Verifica se nenhuma outra cor da paleta tem a `classe` `selected`",
              "fullTitle": "6 - Defina a cor preta como cor inicial. Ao carregar a página a cor preta já deve estar selecionada para pintar os pixels Verifica se nenhuma outra cor da paleta tem a `classe` `selected`",
              "timedOut": null,
              "duration": 67,
              "state": "passed",
              "speed": "medium",
              "pass": true,
              "fail": false,
              "pending": false,
              "context": null,
              "code": "cy.get('.color:not(:first-child)').each(function (color) {\n  cy.wrap(color).should('not.have.class', 'selected');\n});",
              "err": {},
              "uuid": "3d518d31-00bc-4fd0-b8f8-db3f80fced00",
              "parentUUID": "ed091ba0-36e3-4ce6-9e39-25e9a6f9f6de",
              "isHook": false,
              "skipped": false
            }
          ],
          "suites": [],
          "passes": [
            "c81a58d8-62df-4bf8-809c-bbfa020214ea",
            "3d518d31-00bc-4fd0-b8f8-db3f80fced00"
          ],
          "failures": [],
          "pending": [],
          "skipped": [],
          "duration": 138,
          "root": false,
          "rootEmpty": false,
          "_timeout": 2000
        },
        {
          "uuid": "1220c0b1-9698-4c4d-bcd4-44df6e5a37a2",
          "title": "7 - Clicar em uma das cores da paleta, faz com que ela seja selecionada e utilizada para preencher os pixels no quadro.",
          "fullFile": "",
          "file": "",
          "beforeHooks": [],
          "afterHooks": [],
          "tests": [
            {
              "title": "Verifica se somente uma cor da paleta de cores tem a classe `selected` de cada vez",
              "fullTitle": "7 - Clicar em uma das cores da paleta, faz com que ela seja selecionada e utilizada para preencher os pixels no quadro. Verifica se somente uma cor da paleta de cores tem a classe `selected` de cada vez",
              "timedOut": null,
              "duration": 387,
              "state": "passed",
              "speed": "slow",
              "pass": true,
              "fail": false,
              "pending": false,
              "context": null,
              "code": "cy.get('.color').each(function (selectedColor, selectedColorIndex) {\n  cy.wrap(selectedColor).click();\n  cy.get('.color').each(function (color, colorIndex) {\n    if (colorIndex === selectedColorIndex) {\n      expect(color).to.have[\"class\"]('selected');\n    } else {\n      expect(color).not.to.have[\"class\"]('selected');\n    }\n  });\n});",
              "err": {},
              "uuid": "ca40d954-ff07-4834-a2a5-1ca5f2394f2e",
              "parentUUID": "1220c0b1-9698-4c4d-bcd4-44df6e5a37a2",
              "isHook": false,
              "skipped": false
            },
            {
              "title": "Verifica se os pixels dentro do quadro não têm a classe `selected` quando são clicados",
              "fullTitle": "7 - Clicar em uma das cores da paleta, faz com que ela seja selecionada e utilizada para preencher os pixels no quadro. Verifica se os pixels dentro do quadro não têm a classe `selected` quando são clicados",
              "timedOut": null,
              "duration": 7781,
              "state": "passed",
              "speed": "slow",
              "pass": true,
              "fail": false,
              "pending": false,
              "context": null,
              "code": "cy.get('.color').each(function (color) {\n  var backgroundColor = color.css('background-color');\n  cy.wrap(color).click();\n  cy.get('.pixel').each(function (pixel) {\n    cy.wrap(pixel).click().should('not.have.class', 'selected');\n  });\n});",
              "err": {},
              "uuid": "280d80e0-cc33-4df5-918c-82ca2d3bc160",
              "parentUUID": "1220c0b1-9698-4c4d-bcd4-44df6e5a37a2",
              "isHook": false,
              "skipped": false
            }
          ],
          "suites": [],
          "passes": [
            "ca40d954-ff07-4834-a2a5-1ca5f2394f2e",
            "280d80e0-cc33-4df5-918c-82ca2d3bc160"
          ],
          "failures": [],
          "pending": [],
          "skipped": [],
          "duration": 8168,
          "root": false,
          "rootEmpty": false,
          "_timeout": 2000
        },
        {
          "uuid": "cef2e6ee-c8d5-4219-9ec7-1383c35bb236",
          "title": "8 - Clicar em um pixel dentro do quadro após selecionar uma cor na paleta, faz com que o pixel seja preenchido com a cor selecionada.",
          "fullFile": "",
          "file": "",
          "beforeHooks": [],
          "afterHooks": [],
          "tests": [
            {
              "title": "Verifica se ao carregar a página deve ser possível pintar os pixels de preto",
              "fullTitle": "8 - Clicar em um pixel dentro do quadro após selecionar uma cor na paleta, faz com que o pixel seja preenchido com a cor selecionada. Verifica se ao carregar a página deve ser possível pintar os pixels de preto",
              "timedOut": null,
              "duration": 1951,
              "state": "passed",
              "speed": "slow",
              "pass": true,
              "fail": false,
              "pending": false,
              "context": null,
              "code": "cy.get('.pixel').each(function (pixel) {\n  cy.wrap(pixel).click().should('have.css', 'background-color', BLACK);\n});",
              "err": {},
              "uuid": "3c297585-382d-411e-9469-5740d80d265c",
              "parentUUID": "cef2e6ee-c8d5-4219-9ec7-1383c35bb236",
              "isHook": false,
              "skipped": false
            },
            {
              "title": "Verifica se após selecionar uma outra cor na paleta, é possível pintar os pixels com essa cor",
              "fullTitle": "8 - Clicar em um pixel dentro do quadro após selecionar uma cor na paleta, faz com que o pixel seja preenchido com a cor selecionada. Verifica se após selecionar uma outra cor na paleta, é possível pintar os pixels com essa cor",
              "timedOut": null,
              "duration": 7761,
              "state": "passed",
              "speed": "slow",
              "pass": true,
              "fail": false,
              "pending": false,
              "context": null,
              "code": "cy.get('.color').each(function (color) {\n  var backgroundColor = color.css('background-color');\n  cy.wrap(color).click();\n  cy.get('.pixel').each(function (pixel) {\n    cy.wrap(pixel).click().should('have.css', 'background-color', backgroundColor);\n  });\n});",
              "err": {},
              "uuid": "8555dab6-87d2-4c2a-8709-15a5c5cdccf7",
              "parentUUID": "cef2e6ee-c8d5-4219-9ec7-1383c35bb236",
              "isHook": false,
              "skipped": false
            },
            {
              "title": "Verifica se somente o pixel que foi clicado foi preenchido com a cor selecionada, sem influenciar na cor dos demais pixels.",
              "fullTitle": "8 - Clicar em um pixel dentro do quadro após selecionar uma cor na paleta, faz com que o pixel seja preenchido com a cor selecionada. Verifica se somente o pixel que foi clicado foi preenchido com a cor selecionada, sem influenciar na cor dos demais pixels.",
              "timedOut": null,
              "duration": 1291,
              "state": "passed",
              "speed": "slow",
              "pass": true,
              "fail": false,
              "pending": false,
              "context": null,
              "code": "var colorToPixelIndexMap = {\n  0: 6,\n  1: 8,\n  2: 16,\n  3: 18\n};\ncy.get('.color').each(function (color, index) {\n  cy.wrap(color).click();\n  var backgroundColor = color.css('background-color');\n  var clickedPixelIndex = colorToPixelIndexMap[index];\n  cy.get('.pixel').eq(clickedPixelIndex).click();\n  cy.get('.pixel').eq(clickedPixelIndex - 1).should('not.have.css', 'background-color', backgroundColor);\n  cy.get('.pixel').eq(clickedPixelIndex + 1).should('not.have.css', 'background-color', backgroundColor);\n  cy.get('.pixel').eq(clickedPixelIndex - 5).should('not.have.css', 'background-color', backgroundColor);\n  cy.get('.pixel').eq(clickedPixelIndex + 5).should('not.have.css', 'background-color', backgroundColor);\n  cy.get('.pixel').eq(clickedPixelIndex - 6).should('not.have.css', 'background-color', backgroundColor);\n  cy.get('.pixel').eq(clickedPixelIndex - 4).should('not.have.css', 'background-color', backgroundColor);\n  cy.get('.pixel').eq(clickedPixelIndex + 4).should('not.have.css', 'background-color', backgroundColor);\n  cy.get('.pixel').eq(clickedPixelIndex + 6).should('not.have.css', 'background-color', backgroundColor);\n});",
              "err": {},
              "uuid": "8abd645a-d7b9-4c96-97e1-e3f34d5451d9",
              "parentUUID": "cef2e6ee-c8d5-4219-9ec7-1383c35bb236",
              "isHook": false,
              "skipped": false
            }
          ],
          "suites": [],
          "passes": [
            "3c297585-382d-411e-9469-5740d80d265c",
            "8555dab6-87d2-4c2a-8709-15a5c5cdccf7",
            "8abd645a-d7b9-4c96-97e1-e3f34d5451d9"
          ],
          "failures": [],
          "pending": [],
          "skipped": [],
          "duration": 11003,
          "root": false,
          "rootEmpty": false,
          "_timeout": 2000
        },
        {
          "uuid": "4a9fc7ce-94d2-48bb-acfe-0240db262ed1",
          "title": "9 - Crie um botão que, ao ser clicado, limpa o quadro preenchendo a cor de todos seus pixels com branco.",
          "fullFile": "",
          "file": "",
          "beforeHooks": [],
          "afterHooks": [],
          "tests": [
            {
              "title": "Verifica se o botão tem o `id` denominado `clear-board`",
              "fullTitle": "9 - Crie um botão que, ao ser clicado, limpa o quadro preenchendo a cor de todos seus pixels com branco. Verifica se o botão tem o `id` denominado `clear-board`",
              "timedOut": null,
              "duration": 4254,
              "state": "failed",
              "speed": null,
              "pass": false,
              "fail": true,
              "pending": false,
              "context": null,
              "code": "cy.get('#clear-board').should('be.visible');",
              "err": {
                "message": "CypressError: Timed out retrying: Expected to find element: '#clear-board', but never found it.",
                "estack": "CypressError: Timed out retrying: Expected to find element: '#clear-board', but never found it.\n    at cypressErr (http://localhost:39779/__cypress/runner/cypress_runner.js:149934:9)\n    at throwErr (http://localhost:39779/__cypress/runner/cypress_runner.js:149867:11)\n    at Object.throwErrByPath (http://localhost:39779/__cypress/runner/cypress_runner.js:149915:3)\n    at retry (http://localhost:39779/__cypress/runner/cypress_runner.js:144197:19)\n    at onFailFn (http://localhost:39779/__cypress/runner/cypress_runner.js:132448:16)\n    at tryCatcher (http://localhost:39779/__cypress/runner/cypress_runner.js:167415:23)\n    at Promise._settlePromiseFromHandler (http://localhost:39779/__cypress/runner/cypress_runner.js:165351:31)\n    at Promise._settlePromise (http://localhost:39779/__cypress/runner/cypress_runner.js:165408:18)\n    at Promise._settlePromise0 (http://localhost:39779/__cypress/runner/cypress_runner.js:165453:10)\n    at Promise._settlePromises (http://localhost:39779/__cypress/runner/cypress_runner.js:165528:18)\n    at Async../node_modules/bluebird/js/release/async.js.Async._drainQueue (http://localhost:39779/__cypress/runner/cypress_runner.js:162140:16)\n    at Async../node_modules/bluebird/js/release/async.js.Async._drainQueues (http://localhost:39779/__cypress/runner/cypress_runner.js:162150:10)\n    at Async.drainQueues (http://localhost:39779/__cypress/runner/cypress_runner.js:162024:14)",
                "diff": null
              },
              "uuid": "c09ef0c8-c1db-4778-bf63-9ae74c627c65",
              "parentUUID": "4a9fc7ce-94d2-48bb-acfe-0240db262ed1",
              "isHook": false,
              "skipped": false
            },
            {
              "title": "Verifica se o botão está posicionado entre a paleta de cores e o quadro de pixels",
              "fullTitle": "9 - Crie um botão que, ao ser clicado, limpa o quadro preenchendo a cor de todos seus pixels com branco. Verifica se o botão está posicionado entre a paleta de cores e o quadro de pixels",
              "timedOut": null,
              "duration": 4197,
              "state": "failed",
              "speed": null,
              "pass": false,
              "fail": true,
              "pending": false,
              "context": null,
              "code": "cy.get('#color-palette').then(function (palette) {\n  cy.get('#clear-board').should('be.belowOf', palette);\n});\ncy.get('#clear-board').then(function (clearBtn) {\n  cy.get('#pixel-board').should('be.belowOf', clearBtn);\n});",
              "err": {
                "message": "CypressError: Timed out retrying: Expected to find element: '#clear-board', but never found it.",
                "estack": "CypressError: Timed out retrying: Expected to find element: '#clear-board', but never found it.\n    at cypressErr (http://localhost:39779/__cypress/runner/cypress_runner.js:149934:9)\n    at throwErr (http://localhost:39779/__cypress/runner/cypress_runner.js:149867:11)\n    at Object.throwErrByPath (http://localhost:39779/__cypress/runner/cypress_runner.js:149915:3)\n    at retry (http://localhost:39779/__cypress/runner/cypress_runner.js:144197:19)\n    at onFailFn (http://localhost:39779/__cypress/runner/cypress_runner.js:132448:16)\n    at tryCatcher (http://localhost:39779/__cypress/runner/cypress_runner.js:167415:23)\n    at Promise._settlePromiseFromHandler (http://localhost:39779/__cypress/runner/cypress_runner.js:165351:31)\n    at Promise._settlePromise (http://localhost:39779/__cypress/runner/cypress_runner.js:165408:18)\n    at Promise._settlePromise0 (http://localhost:39779/__cypress/runner/cypress_runner.js:165453:10)\n    at Promise._settlePromises (http://localhost:39779/__cypress/runner/cypress_runner.js:165528:18)\n    at Async../node_modules/bluebird/js/release/async.js.Async._drainQueue (http://localhost:39779/__cypress/runner/cypress_runner.js:162140:16)\n    at Async../node_modules/bluebird/js/release/async.js.Async._drainQueues (http://localhost:39779/__cypress/runner/cypress_runner.js:162150:10)\n    at Async.drainQueues (http://localhost:39779/__cypress/runner/cypress_runner.js:162024:14)",
                "diff": null
              },
              "uuid": "6b7b0eb2-ae95-4bd5-9f8d-1e2aa115e5b5",
              "parentUUID": "4a9fc7ce-94d2-48bb-acfe-0240db262ed1",
              "isHook": false,
              "skipped": false
            },
            {
              "title": "Verifica se o texto do botão é 'Limpar'",
              "fullTitle": "9 - Crie um botão que, ao ser clicado, limpa o quadro preenchendo a cor de todos seus pixels com branco. Verifica se o texto do botão é 'Limpar'",
              "timedOut": null,
              "duration": 4206,
              "state": "failed",
              "speed": null,
              "pass": false,
              "fail": true,
              "pending": false,
              "context": null,
              "code": "cy.get('#clear-board').should('contain.text', 'Limpar');",
              "err": {
                "message": "CypressError: Timed out retrying: Expected to find element: '#clear-board', but never found it.",
                "estack": "CypressError: Timed out retrying: Expected to find element: '#clear-board', but never found it.\n    at cypressErr (http://localhost:39779/__cypress/runner/cypress_runner.js:149934:9)\n    at throwErr (http://localhost:39779/__cypress/runner/cypress_runner.js:149867:11)\n    at Object.throwErrByPath (http://localhost:39779/__cypress/runner/cypress_runner.js:149915:3)\n    at retry (http://localhost:39779/__cypress/runner/cypress_runner.js:144197:19)\n    at onFailFn (http://localhost:39779/__cypress/runner/cypress_runner.js:132448:16)\n    at tryCatcher (http://localhost:39779/__cypress/runner/cypress_runner.js:167415:23)\n    at Promise._settlePromiseFromHandler (http://localhost:39779/__cypress/runner/cypress_runner.js:165351:31)\n    at Promise._settlePromise (http://localhost:39779/__cypress/runner/cypress_runner.js:165408:18)\n    at Promise._settlePromise0 (http://localhost:39779/__cypress/runner/cypress_runner.js:165453:10)\n    at Promise._settlePromises (http://localhost:39779/__cypress/runner/cypress_runner.js:165528:18)\n    at Async../node_modules/bluebird/js/release/async.js.Async._drainQueue (http://localhost:39779/__cypress/runner/cypress_runner.js:162140:16)\n    at Async../node_modules/bluebird/js/release/async.js.Async._drainQueues (http://localhost:39779/__cypress/runner/cypress_runner.js:162150:10)\n    at Async.drainQueues (http://localhost:39779/__cypress/runner/cypress_runner.js:162024:14)",
                "diff": null
              },
              "uuid": "e91d1148-bc66-4c67-8ed7-65807a76ee80",
              "parentUUID": "4a9fc7ce-94d2-48bb-acfe-0240db262ed1",
              "isHook": false,
              "skipped": false
            },
            {
              "title": "Verifica se ao clicar no botão, o quadro de pixels é totalmente preenchido de branco",
              "fullTitle": "9 - Crie um botão que, ao ser clicado, limpa o quadro preenchendo a cor de todos seus pixels com branco. Verifica se ao clicar no botão, o quadro de pixels é totalmente preenchido de branco",
              "timedOut": null,
              "duration": 6154,
              "state": "failed",
              "speed": null,
              "pass": false,
              "fail": true,
              "pending": false,
              "context": null,
              "code": "cy.get('.color').eq(1).then(function (color) {\n  var backgroundColor = color.css('background-color');\n  cy.wrap(color).click();\n  cy.get('.pixel').each(function (pixel) {\n    cy.wrap(pixel).click().should('have.css', 'background-color', backgroundColor);\n  });\n});\ncy.get('#clear-board').click();\ncy.get('.pixel').each(function (pixel) {\n  cy.wrap(pixel).should('have.css', 'background-color', WHITE);\n});",
              "err": {
                "message": "CypressError: Timed out retrying: Expected to find element: '#clear-board', but never found it.",
                "estack": "CypressError: Timed out retrying: Expected to find element: '#clear-board', but never found it.\n    at cypressErr (http://localhost:39779/__cypress/runner/cypress_runner.js:149934:9)\n    at throwErr (http://localhost:39779/__cypress/runner/cypress_runner.js:149867:11)\n    at Object.throwErrByPath (http://localhost:39779/__cypress/runner/cypress_runner.js:149915:3)\n    at retry (http://localhost:39779/__cypress/runner/cypress_runner.js:144197:19)\n    at onFailFn (http://localhost:39779/__cypress/runner/cypress_runner.js:132448:16)\n    at tryCatcher (http://localhost:39779/__cypress/runner/cypress_runner.js:167415:23)\n    at Promise._settlePromiseFromHandler (http://localhost:39779/__cypress/runner/cypress_runner.js:165351:31)\n    at Promise._settlePromise (http://localhost:39779/__cypress/runner/cypress_runner.js:165408:18)\n    at Promise._settlePromise0 (http://localhost:39779/__cypress/runner/cypress_runner.js:165453:10)\n    at Promise._settlePromises (http://localhost:39779/__cypress/runner/cypress_runner.js:165528:18)\n    at Async../node_modules/bluebird/js/release/async.js.Async._drainQueue (http://localhost:39779/__cypress/runner/cypress_runner.js:162140:16)\n    at Async../node_modules/bluebird/js/release/async.js.Async._drainQueues (http://localhost:39779/__cypress/runner/cypress_runner.js:162150:10)\n    at Async.drainQueues (http://localhost:39779/__cypress/runner/cypress_runner.js:162024:14)",
                "diff": null
              },
              "uuid": "560e3383-db35-4345-8294-b65135bc91a3",
              "parentUUID": "4a9fc7ce-94d2-48bb-acfe-0240db262ed1",
              "isHook": false,
              "skipped": false
            }
          ],
          "suites": [],
          "passes": [],
          "failures": [
            "c09ef0c8-c1db-4778-bf63-9ae74c627c65",
            "6b7b0eb2-ae95-4bd5-9f8d-1e2aa115e5b5",
            "e91d1148-bc66-4c67-8ed7-65807a76ee80",
            "560e3383-db35-4345-8294-b65135bc91a3"
          ],
          "pending": [],
          "skipped": [],
          "duration": 18811,
          "root": false,
          "rootEmpty": false,
          "_timeout": 2000
        },
        {
          "uuid": "d84ab781-0067-4fd9-a7ae-8ba602c5ee5e",
          "title": "10 - Faça o quadro de pixels ter seu tamanho definido pelo usuário.",
          "fullFile": "",
          "file": "",
          "beforeHooks": [],
          "afterHooks": [],
          "tests": [
            {
              "title": "Verifica se existe um input com o id `board-size`",
              "fullTitle": "10 - Faça o quadro de pixels ter seu tamanho definido pelo usuário. Verifica se existe um input com o id `board-size`",
              "timedOut": null,
              "duration": 4253,
              "state": "failed",
              "speed": null,
              "pass": false,
              "fail": true,
              "pending": false,
              "context": null,
              "code": "cy.get('#board-size').should('be.visible');",
              "err": {
                "message": "CypressError: Timed out retrying: Expected to find element: '#board-size', but never found it.",
                "estack": "CypressError: Timed out retrying: Expected to find element: '#board-size', but never found it.\n    at cypressErr (http://localhost:39779/__cypress/runner/cypress_runner.js:149934:9)\n    at throwErr (http://localhost:39779/__cypress/runner/cypress_runner.js:149867:11)\n    at Object.throwErrByPath (http://localhost:39779/__cypress/runner/cypress_runner.js:149915:3)\n    at retry (http://localhost:39779/__cypress/runner/cypress_runner.js:144197:19)\n    at onFailFn (http://localhost:39779/__cypress/runner/cypress_runner.js:132448:16)\n    at tryCatcher (http://localhost:39779/__cypress/runner/cypress_runner.js:167415:23)\n    at Promise._settlePromiseFromHandler (http://localhost:39779/__cypress/runner/cypress_runner.js:165351:31)\n    at Promise._settlePromise (http://localhost:39779/__cypress/runner/cypress_runner.js:165408:18)\n    at Promise._settlePromise0 (http://localhost:39779/__cypress/runner/cypress_runner.js:165453:10)\n    at Promise._settlePromises (http://localhost:39779/__cypress/runner/cypress_runner.js:165528:18)\n    at Async../node_modules/bluebird/js/release/async.js.Async._drainQueue (http://localhost:39779/__cypress/runner/cypress_runner.js:162140:16)\n    at Async../node_modules/bluebird/js/release/async.js.Async._drainQueues (http://localhost:39779/__cypress/runner/cypress_runner.js:162150:10)\n    at Async.drainQueues (http://localhost:39779/__cypress/runner/cypress_runner.js:162024:14)",
                "diff": null
              },
              "uuid": "029135a1-6dae-47bf-8333-c2d4a067bac9",
              "parentUUID": "d84ab781-0067-4fd9-a7ae-8ba602c5ee5e",
              "isHook": false,
              "skipped": false
            },
            {
              "title": "Verifica se existe um botão com o id `generate-board`",
              "fullTitle": "10 - Faça o quadro de pixels ter seu tamanho definido pelo usuário. Verifica se existe um botão com o id `generate-board`",
              "timedOut": null,
              "duration": 4214,
              "state": "failed",
              "speed": null,
              "pass": false,
              "fail": true,
              "pending": false,
              "context": null,
              "code": "cy.get('#generate-board').should('be.visible');",
              "err": {
                "message": "CypressError: Timed out retrying: Expected to find element: '#generate-board', but never found it.",
                "estack": "CypressError: Timed out retrying: Expected to find element: '#generate-board', but never found it.\n    at cypressErr (http://localhost:39779/__cypress/runner/cypress_runner.js:149934:9)\n    at throwErr (http://localhost:39779/__cypress/runner/cypress_runner.js:149867:11)\n    at Object.throwErrByPath (http://localhost:39779/__cypress/runner/cypress_runner.js:149915:3)\n    at retry (http://localhost:39779/__cypress/runner/cypress_runner.js:144197:19)\n    at onFailFn (http://localhost:39779/__cypress/runner/cypress_runner.js:132448:16)\n    at tryCatcher (http://localhost:39779/__cypress/runner/cypress_runner.js:167415:23)\n    at Promise._settlePromiseFromHandler (http://localhost:39779/__cypress/runner/cypress_runner.js:165351:31)\n    at Promise._settlePromise (http://localhost:39779/__cypress/runner/cypress_runner.js:165408:18)\n    at Promise._settlePromise0 (http://localhost:39779/__cypress/runner/cypress_runner.js:165453:10)\n    at Promise._settlePromises (http://localhost:39779/__cypress/runner/cypress_runner.js:165528:18)\n    at Async../node_modules/bluebird/js/release/async.js.Async._drainQueue (http://localhost:39779/__cypress/runner/cypress_runner.js:162140:16)\n    at Async../node_modules/bluebird/js/release/async.js.Async._drainQueues (http://localhost:39779/__cypress/runner/cypress_runner.js:162150:10)\n    at Async.drainQueues (http://localhost:39779/__cypress/runner/cypress_runner.js:162024:14)",
                "diff": null
              },
              "uuid": "8e980921-2ae1-4d99-adbc-445f3af8d388",
              "parentUUID": "d84ab781-0067-4fd9-a7ae-8ba602c5ee5e",
              "isHook": false,
              "skipped": false
            },
            {
              "title": "Verifica se o input só aceita número maiores que zero. Essa restrição deve ser feita usando os atributos do elemento `input`",
              "fullTitle": "10 - Faça o quadro de pixels ter seu tamanho definido pelo usuário. Verifica se o input só aceita número maiores que zero. Essa restrição deve ser feita usando os atributos do elemento `input`",
              "timedOut": null,
              "duration": 4230,
              "state": "failed",
              "speed": null,
              "pass": false,
              "fail": true,
              "pending": false,
              "context": null,
              "code": "cy.get('#board-size[type=\\'number\\'][min=\\'1\\']');",
              "err": {
                "message": "CypressError: Timed out retrying: Expected to find element: '#board-size[type='number'][min='1']', but never found it.",
                "estack": "CypressError: Timed out retrying: Expected to find element: '#board-size[type='number'][min='1']', but never found it.\n    at cypressErr (http://localhost:39779/__cypress/runner/cypress_runner.js:149934:9)\n    at throwErr (http://localhost:39779/__cypress/runner/cypress_runner.js:149867:11)\n    at Object.throwErrByPath (http://localhost:39779/__cypress/runner/cypress_runner.js:149915:3)\n    at retry (http://localhost:39779/__cypress/runner/cypress_runner.js:144197:19)\n    at onFailFn (http://localhost:39779/__cypress/runner/cypress_runner.js:132448:16)\n    at tryCatcher (http://localhost:39779/__cypress/runner/cypress_runner.js:167415:23)\n    at Promise._settlePromiseFromHandler (http://localhost:39779/__cypress/runner/cypress_runner.js:165351:31)\n    at Promise._settlePromise (http://localhost:39779/__cypress/runner/cypress_runner.js:165408:18)\n    at Promise._settlePromise0 (http://localhost:39779/__cypress/runner/cypress_runner.js:165453:10)\n    at Promise._settlePromises (http://localhost:39779/__cypress/runner/cypress_runner.js:165528:18)\n    at Async../node_modules/bluebird/js/release/async.js.Async._drainQueue (http://localhost:39779/__cypress/runner/cypress_runner.js:162140:16)\n    at Async../node_modules/bluebird/js/release/async.js.Async._drainQueues (http://localhost:39779/__cypress/runner/cypress_runner.js:162150:10)\n    at Async.drainQueues (http://localhost:39779/__cypress/runner/cypress_runner.js:162024:14)",
                "diff": null
              },
              "uuid": "a3d2d574-a766-4851-810c-c2538883e8ea",
              "parentUUID": "d84ab781-0067-4fd9-a7ae-8ba602c5ee5e",
              "isHook": false,
              "skipped": false
            },
            {
              "title": "Verifica se o botão contém o texto 'VQV'",
              "fullTitle": "10 - Faça o quadro de pixels ter seu tamanho definido pelo usuário. Verifica se o botão contém o texto 'VQV'",
              "timedOut": null,
              "duration": 4231,
              "state": "failed",
              "speed": null,
              "pass": false,
              "fail": true,
              "pending": false,
              "context": null,
              "code": "cy.get('#generate-board').contains(/vqv/i);",
              "err": {
                "message": "CypressError: Timed out retrying: Expected to find element: '#generate-board', but never found it.",
                "estack": "CypressError: Timed out retrying: Expected to find element: '#generate-board', but never found it.\n    at cypressErr (http://localhost:39779/__cypress/runner/cypress_runner.js:149934:9)\n    at throwErr (http://localhost:39779/__cypress/runner/cypress_runner.js:149867:11)\n    at Object.throwErrByPath (http://localhost:39779/__cypress/runner/cypress_runner.js:149915:3)\n    at retry (http://localhost:39779/__cypress/runner/cypress_runner.js:144197:19)\n    at onFailFn (http://localhost:39779/__cypress/runner/cypress_runner.js:132448:16)\n    at tryCatcher (http://localhost:39779/__cypress/runner/cypress_runner.js:167415:23)\n    at Promise._settlePromiseFromHandler (http://localhost:39779/__cypress/runner/cypress_runner.js:165351:31)\n    at Promise._settlePromise (http://localhost:39779/__cypress/runner/cypress_runner.js:165408:18)\n    at Promise._settlePromise0 (http://localhost:39779/__cypress/runner/cypress_runner.js:165453:10)\n    at Promise._settlePromises (http://localhost:39779/__cypress/runner/cypress_runner.js:165528:18)\n    at Async../node_modules/bluebird/js/release/async.js.Async._drainQueue (http://localhost:39779/__cypress/runner/cypress_runner.js:162140:16)\n    at Async../node_modules/bluebird/js/release/async.js.Async._drainQueues (http://localhost:39779/__cypress/runner/cypress_runner.js:162150:10)\n    at Async.drainQueues (http://localhost:39779/__cypress/runner/cypress_runner.js:162024:14)",
                "diff": null
              },
              "uuid": "184f5b73-d629-4895-a7e0-a385b0486afa",
              "parentUUID": "d84ab781-0067-4fd9-a7ae-8ba602c5ee5e",
              "isHook": false,
              "skipped": false
            },
            {
              "title": "Verifica se o input está posicionado entre a paleta de cores e o quadro de pixels",
              "fullTitle": "10 - Faça o quadro de pixels ter seu tamanho definido pelo usuário. Verifica se o input está posicionado entre a paleta de cores e o quadro de pixels",
              "timedOut": null,
              "duration": 4226,
              "state": "failed",
              "speed": null,
              "pass": false,
              "fail": true,
              "pending": false,
              "context": null,
              "code": "cy.get('#color-palette').then(function (palette) {\n  cy.get('#board-size').should('be.belowOf', palette);\n});\ncy.get('#board-size').then(function (palette) {\n  cy.get('#pixel-board').should('be.belowOf', palette);\n});",
              "err": {
                "message": "CypressError: Timed out retrying: Expected to find element: '#board-size', but never found it.",
                "estack": "CypressError: Timed out retrying: Expected to find element: '#board-size', but never found it.\n    at cypressErr (http://localhost:39779/__cypress/runner/cypress_runner.js:149934:9)\n    at throwErr (http://localhost:39779/__cypress/runner/cypress_runner.js:149867:11)\n    at Object.throwErrByPath (http://localhost:39779/__cypress/runner/cypress_runner.js:149915:3)\n    at retry (http://localhost:39779/__cypress/runner/cypress_runner.js:144197:19)\n    at onFailFn (http://localhost:39779/__cypress/runner/cypress_runner.js:132448:16)\n    at tryCatcher (http://localhost:39779/__cypress/runner/cypress_runner.js:167415:23)\n    at Promise._settlePromiseFromHandler (http://localhost:39779/__cypress/runner/cypress_runner.js:165351:31)\n    at Promise._settlePromise (http://localhost:39779/__cypress/runner/cypress_runner.js:165408:18)\n    at Promise._settlePromise0 (http://localhost:39779/__cypress/runner/cypress_runner.js:165453:10)\n    at Promise._settlePromises (http://localhost:39779/__cypress/runner/cypress_runner.js:165528:18)\n    at Async../node_modules/bluebird/js/release/async.js.Async._drainQueue (http://localhost:39779/__cypress/runner/cypress_runner.js:162140:16)\n    at Async../node_modules/bluebird/js/release/async.js.Async._drainQueues (http://localhost:39779/__cypress/runner/cypress_runner.js:162150:10)\n    at Async.drainQueues (http://localhost:39779/__cypress/runner/cypress_runner.js:162024:14)",
                "diff": null
              },
              "uuid": "f5b64d21-2aef-4930-92b5-67da1d6e1133",
              "parentUUID": "d84ab781-0067-4fd9-a7ae-8ba602c5ee5e",
              "isHook": false,
              "skipped": false
            },
            {
              "title": "Verifica se o botão está posicionado ao lado do input",
              "fullTitle": "10 - Faça o quadro de pixels ter seu tamanho definido pelo usuário. Verifica se o botão está posicionado ao lado do input",
              "timedOut": null,
              "duration": 4241,
              "state": "failed",
              "speed": null,
              "pass": false,
              "fail": true,
              "pending": false,
              "context": null,
              "code": "cy.get('#board-size').then(function (board) {\n  cy.get('#generate-board').should('be.onTheRightOf', board);\n});",
              "err": {
                "message": "CypressError: Timed out retrying: Expected to find element: '#board-size', but never found it.",
                "estack": "CypressError: Timed out retrying: Expected to find element: '#board-size', but never found it.\n    at cypressErr (http://localhost:39779/__cypress/runner/cypress_runner.js:149934:9)\n    at throwErr (http://localhost:39779/__cypress/runner/cypress_runner.js:149867:11)\n    at Object.throwErrByPath (http://localhost:39779/__cypress/runner/cypress_runner.js:149915:3)\n    at retry (http://localhost:39779/__cypress/runner/cypress_runner.js:144197:19)\n    at onFailFn (http://localhost:39779/__cypress/runner/cypress_runner.js:132448:16)\n    at tryCatcher (http://localhost:39779/__cypress/runner/cypress_runner.js:167415:23)\n    at Promise._settlePromiseFromHandler (http://localhost:39779/__cypress/runner/cypress_runner.js:165351:31)\n    at Promise._settlePromise (http://localhost:39779/__cypress/runner/cypress_runner.js:165408:18)\n    at Promise._settlePromise0 (http://localhost:39779/__cypress/runner/cypress_runner.js:165453:10)\n    at Promise._settlePromises (http://localhost:39779/__cypress/runner/cypress_runner.js:165528:18)\n    at Async../node_modules/bluebird/js/release/async.js.Async._drainQueue (http://localhost:39779/__cypress/runner/cypress_runner.js:162140:16)\n    at Async../node_modules/bluebird/js/release/async.js.Async._drainQueues (http://localhost:39779/__cypress/runner/cypress_runner.js:162150:10)\n    at Async.drainQueues (http://localhost:39779/__cypress/runner/cypress_runner.js:162024:14)",
                "diff": null
              },
              "uuid": "57f1f0f1-29e1-4ba1-bdf4-86d044e586f3",
              "parentUUID": "d84ab781-0067-4fd9-a7ae-8ba602c5ee5e",
              "isHook": false,
              "skipped": false
            },
            {
              "title": "Verifica se nenhum valor for colocado no input ao clicar no botão, um `alert` é exibido com o texto: 'Board inválido!'",
              "fullTitle": "10 - Faça o quadro de pixels ter seu tamanho definido pelo usuário. Verifica se nenhum valor for colocado no input ao clicar no botão, um `alert` é exibido com o texto: 'Board inválido!'",
              "timedOut": null,
              "duration": 4240,
              "state": "failed",
              "speed": null,
              "pass": false,
              "fail": true,
              "pending": false,
              "context": null,
              "code": "var alerted = false;\ncy.on('window:alert', function (msg) {\n  return alerted = msg;\n});\ncy.get('#generate-board').click().then(function () {\n  return expect(alerted).to.match(/Board inválido!/i);\n});",
              "err": {
                "message": "CypressError: Timed out retrying: Expected to find element: '#generate-board', but never found it.",
                "estack": "CypressError: Timed out retrying: Expected to find element: '#generate-board', but never found it.\n    at cypressErr (http://localhost:39779/__cypress/runner/cypress_runner.js:149934:9)\n    at throwErr (http://localhost:39779/__cypress/runner/cypress_runner.js:149867:11)\n    at Object.throwErrByPath (http://localhost:39779/__cypress/runner/cypress_runner.js:149915:3)\n    at retry (http://localhost:39779/__cypress/runner/cypress_runner.js:144197:19)\n    at onFailFn (http://localhost:39779/__cypress/runner/cypress_runner.js:132448:16)\n    at tryCatcher (http://localhost:39779/__cypress/runner/cypress_runner.js:167415:23)\n    at Promise._settlePromiseFromHandler (http://localhost:39779/__cypress/runner/cypress_runner.js:165351:31)\n    at Promise._settlePromise (http://localhost:39779/__cypress/runner/cypress_runner.js:165408:18)\n    at Promise._settlePromise0 (http://localhost:39779/__cypress/runner/cypress_runner.js:165453:10)\n    at Promise._settlePromises (http://localhost:39779/__cypress/runner/cypress_runner.js:165528:18)\n    at Async../node_modules/bluebird/js/release/async.js.Async._drainQueue (http://localhost:39779/__cypress/runner/cypress_runner.js:162140:16)\n    at Async../node_modules/bluebird/js/release/async.js.Async._drainQueues (http://localhost:39779/__cypress/runner/cypress_runner.js:162150:10)\n    at Async.drainQueues (http://localhost:39779/__cypress/runner/cypress_runner.js:162024:14)",
                "diff": null
              },
              "uuid": "a1977ccc-1d28-4b15-8cfe-00eb00242951",
              "parentUUID": "d84ab781-0067-4fd9-a7ae-8ba602c5ee5e",
              "isHook": false,
              "skipped": false
            },
            {
              "title": "Verifica se ao clicar no botão com um valor preenchido, o tamanho do board muda.",
              "fullTitle": "10 - Faça o quadro de pixels ter seu tamanho definido pelo usuário. Verifica se ao clicar no botão com um valor preenchido, o tamanho do board muda.",
              "timedOut": null,
              "duration": 4242,
              "state": "failed",
              "speed": null,
              "pass": false,
              "fail": true,
              "pending": false,
              "context": null,
              "code": "cy.get('#board-size').clear().type(10);\ncy.get('#generate-board').click();\ncy.get('.pixel').should('have.length', 100);",
              "err": {
                "message": "CypressError: Timed out retrying: Expected to find element: '#board-size', but never found it.",
                "estack": "CypressError: Timed out retrying: Expected to find element: '#board-size', but never found it.\n    at cypressErr (http://localhost:39779/__cypress/runner/cypress_runner.js:149934:9)\n    at throwErr (http://localhost:39779/__cypress/runner/cypress_runner.js:149867:11)\n    at Object.throwErrByPath (http://localhost:39779/__cypress/runner/cypress_runner.js:149915:3)\n    at retry (http://localhost:39779/__cypress/runner/cypress_runner.js:144197:19)\n    at onFailFn (http://localhost:39779/__cypress/runner/cypress_runner.js:132448:16)\n    at tryCatcher (http://localhost:39779/__cypress/runner/cypress_runner.js:167415:23)\n    at Promise._settlePromiseFromHandler (http://localhost:39779/__cypress/runner/cypress_runner.js:165351:31)\n    at Promise._settlePromise (http://localhost:39779/__cypress/runner/cypress_runner.js:165408:18)\n    at Promise._settlePromise0 (http://localhost:39779/__cypress/runner/cypress_runner.js:165453:10)\n    at Promise._settlePromises (http://localhost:39779/__cypress/runner/cypress_runner.js:165528:18)\n    at Async../node_modules/bluebird/js/release/async.js.Async._drainQueue (http://localhost:39779/__cypress/runner/cypress_runner.js:162140:16)\n    at Async../node_modules/bluebird/js/release/async.js.Async._drainQueues (http://localhost:39779/__cypress/runner/cypress_runner.js:162150:10)\n    at Async.drainQueues (http://localhost:39779/__cypress/runner/cypress_runner.js:162024:14)",
                "diff": null
              },
              "uuid": "67f8228e-59ad-4009-9165-6b4cfc70599e",
              "parentUUID": "d84ab781-0067-4fd9-a7ae-8ba602c5ee5e",
              "isHook": false,
              "skipped": false
            },
            {
              "title": "Verifica se o novo quadro tem todos os pixels preenchidos com a cor branca",
              "fullTitle": "10 - Faça o quadro de pixels ter seu tamanho definido pelo usuário. Verifica se o novo quadro tem todos os pixels preenchidos com a cor branca",
              "timedOut": null,
              "duration": 4257,
              "state": "failed",
              "speed": null,
              "pass": false,
              "fail": true,
              "pending": false,
              "context": null,
              "code": "cy.get('#board-size').clear().type(6);\ncy.get('#generate-board').click();\ncy.get('.pixel').should('have.length', 36).each(function (pixel) {\n  expect(pixel).to.have.css('background-color', WHITE);\n});",
              "err": {
                "message": "CypressError: Timed out retrying: Expected to find element: '#board-size', but never found it.",
                "estack": "CypressError: Timed out retrying: Expected to find element: '#board-size', but never found it.\n    at cypressErr (http://localhost:39779/__cypress/runner/cypress_runner.js:149934:9)\n    at throwErr (http://localhost:39779/__cypress/runner/cypress_runner.js:149867:11)\n    at Object.throwErrByPath (http://localhost:39779/__cypress/runner/cypress_runner.js:149915:3)\n    at retry (http://localhost:39779/__cypress/runner/cypress_runner.js:144197:19)\n    at onFailFn (http://localhost:39779/__cypress/runner/cypress_runner.js:132448:16)\n    at tryCatcher (http://localhost:39779/__cypress/runner/cypress_runner.js:167415:23)\n    at Promise._settlePromiseFromHandler (http://localhost:39779/__cypress/runner/cypress_runner.js:165351:31)\n    at Promise._settlePromise (http://localhost:39779/__cypress/runner/cypress_runner.js:165408:18)\n    at Promise._settlePromise0 (http://localhost:39779/__cypress/runner/cypress_runner.js:165453:10)\n    at Promise._settlePromises (http://localhost:39779/__cypress/runner/cypress_runner.js:165528:18)\n    at Async../node_modules/bluebird/js/release/async.js.Async._drainQueue (http://localhost:39779/__cypress/runner/cypress_runner.js:162140:16)\n    at Async../node_modules/bluebird/js/release/async.js.Async._drainQueues (http://localhost:39779/__cypress/runner/cypress_runner.js:162150:10)\n    at Async.drainQueues (http://localhost:39779/__cypress/runner/cypress_runner.js:162024:14)",
                "diff": null
              },
              "uuid": "324d2e56-b684-4b38-b228-2f3bf3dd3733",
              "parentUUID": "d84ab781-0067-4fd9-a7ae-8ba602c5ee5e",
              "isHook": false,
              "skipped": false
            }
          ],
          "suites": [],
          "passes": [],
          "failures": [
            "029135a1-6dae-47bf-8333-c2d4a067bac9",
            "8e980921-2ae1-4d99-adbc-445f3af8d388",
            "a3d2d574-a766-4851-810c-c2538883e8ea",
            "184f5b73-d629-4895-a7e0-a385b0486afa",
            "f5b64d21-2aef-4930-92b5-67da1d6e1133",
            "57f1f0f1-29e1-4ba1-bdf4-86d044e586f3",
            "a1977ccc-1d28-4b15-8cfe-00eb00242951",
            "67f8228e-59ad-4009-9165-6b4cfc70599e",
            "324d2e56-b684-4b38-b228-2f3bf3dd3733"
          ],
          "pending": [],
          "skipped": [],
          "duration": 38134,
          "root": false,
          "rootEmpty": false,
          "_timeout": 2000
        },
        {
          "uuid": "565c0389-463d-495a-959f-f24cccd5f921",
          "title": "11 - Limite o tamanho mínimo e máximo do board.",
          "fullFile": "",
          "file": "",
          "beforeHooks": [],
          "afterHooks": [],
          "tests": [
            {
              "title": "Verifica se a altura máxima do board é 50",
              "fullTitle": "11 - Limite o tamanho mínimo e máximo do board. Verifica se a altura máxima do board é 50",
              "timedOut": null,
              "duration": 4241,
              "state": "failed",
              "speed": null,
              "pass": false,
              "fail": true,
              "pending": false,
              "context": null,
              "code": "cy.get('#board-size').clear().type(50);\ncy.get('#generate-board').click();\ncy.get('.pixel').should('have.length', 2500);",
              "err": {
                "message": "CypressError: Timed out retrying: Expected to find element: '#board-size', but never found it.",
                "estack": "CypressError: Timed out retrying: Expected to find element: '#board-size', but never found it.\n    at cypressErr (http://localhost:39779/__cypress/runner/cypress_runner.js:149934:9)\n    at throwErr (http://localhost:39779/__cypress/runner/cypress_runner.js:149867:11)\n    at Object.throwErrByPath (http://localhost:39779/__cypress/runner/cypress_runner.js:149915:3)\n    at retry (http://localhost:39779/__cypress/runner/cypress_runner.js:144197:19)\n    at onFailFn (http://localhost:39779/__cypress/runner/cypress_runner.js:132448:16)\n    at tryCatcher (http://localhost:39779/__cypress/runner/cypress_runner.js:167415:23)\n    at Promise._settlePromiseFromHandler (http://localhost:39779/__cypress/runner/cypress_runner.js:165351:31)\n    at Promise._settlePromise (http://localhost:39779/__cypress/runner/cypress_runner.js:165408:18)\n    at Promise._settlePromise0 (http://localhost:39779/__cypress/runner/cypress_runner.js:165453:10)\n    at Promise._settlePromises (http://localhost:39779/__cypress/runner/cypress_runner.js:165528:18)\n    at Async../node_modules/bluebird/js/release/async.js.Async._drainQueue (http://localhost:39779/__cypress/runner/cypress_runner.js:162140:16)\n    at Async../node_modules/bluebird/js/release/async.js.Async._drainQueues (http://localhost:39779/__cypress/runner/cypress_runner.js:162150:10)\n    at Async.drainQueues (http://localhost:39779/__cypress/runner/cypress_runner.js:162024:14)",
                "diff": null
              },
              "uuid": "b618ca80-9a83-4c88-9acf-917a65e94622",
              "parentUUID": "565c0389-463d-495a-959f-f24cccd5f921",
              "isHook": false,
              "skipped": false
            },
            {
              "title": "Verifica se a altura do board é 5 quando um valor menor é colocado no input",
              "fullTitle": "11 - Limite o tamanho mínimo e máximo do board. Verifica se a altura do board é 5 quando um valor menor é colocado no input",
              "timedOut": null,
              "duration": 4241,
              "state": "failed",
              "speed": null,
              "pass": false,
              "fail": true,
              "pending": false,
              "context": null,
              "code": "cy.get('#board-size').clear().type(4);\ncy.get('#generate-board').click();\ncy.get('.pixel').should('have.length', 25);",
              "err": {
                "message": "CypressError: Timed out retrying: Expected to find element: '#board-size', but never found it.",
                "estack": "CypressError: Timed out retrying: Expected to find element: '#board-size', but never found it.\n    at cypressErr (http://localhost:39779/__cypress/runner/cypress_runner.js:149934:9)\n    at throwErr (http://localhost:39779/__cypress/runner/cypress_runner.js:149867:11)\n    at Object.throwErrByPath (http://localhost:39779/__cypress/runner/cypress_runner.js:149915:3)\n    at retry (http://localhost:39779/__cypress/runner/cypress_runner.js:144197:19)\n    at onFailFn (http://localhost:39779/__cypress/runner/cypress_runner.js:132448:16)\n    at tryCatcher (http://localhost:39779/__cypress/runner/cypress_runner.js:167415:23)\n    at Promise._settlePromiseFromHandler (http://localhost:39779/__cypress/runner/cypress_runner.js:165351:31)\n    at Promise._settlePromise (http://localhost:39779/__cypress/runner/cypress_runner.js:165408:18)\n    at Promise._settlePromise0 (http://localhost:39779/__cypress/runner/cypress_runner.js:165453:10)\n    at Promise._settlePromises (http://localhost:39779/__cypress/runner/cypress_runner.js:165528:18)\n    at Async../node_modules/bluebird/js/release/async.js.Async._drainQueue (http://localhost:39779/__cypress/runner/cypress_runner.js:162140:16)\n    at Async../node_modules/bluebird/js/release/async.js.Async._drainQueues (http://localhost:39779/__cypress/runner/cypress_runner.js:162150:10)\n    at Async.drainQueues (http://localhost:39779/__cypress/runner/cypress_runner.js:162024:14)",
                "diff": null
              },
              "uuid": "b040eb59-4f9f-4118-a5ee-2901c565b376",
              "parentUUID": "565c0389-463d-495a-959f-f24cccd5f921",
              "isHook": false,
              "skipped": false
            },
            {
              "title": "Verifica se a altura do board é 50 quando um valor maior é colocado no input",
              "fullTitle": "11 - Limite o tamanho mínimo e máximo do board. Verifica se a altura do board é 50 quando um valor maior é colocado no input",
              "timedOut": null,
              "duration": 4266,
              "state": "failed",
              "speed": null,
              "pass": false,
              "fail": true,
              "pending": false,
              "context": null,
              "code": "cy.get('#board-size').clear().type(51);\ncy.get('#generate-board').click();\ncy.get('.pixel').should('have.length', 2500);",
              "err": {
                "message": "CypressError: Timed out retrying: Expected to find element: '#board-size', but never found it.",
                "estack": "CypressError: Timed out retrying: Expected to find element: '#board-size', but never found it.\n    at cypressErr (http://localhost:39779/__cypress/runner/cypress_runner.js:149934:9)\n    at throwErr (http://localhost:39779/__cypress/runner/cypress_runner.js:149867:11)\n    at Object.throwErrByPath (http://localhost:39779/__cypress/runner/cypress_runner.js:149915:3)\n    at retry (http://localhost:39779/__cypress/runner/cypress_runner.js:144197:19)\n    at onFailFn (http://localhost:39779/__cypress/runner/cypress_runner.js:132448:16)\n    at tryCatcher (http://localhost:39779/__cypress/runner/cypress_runner.js:167415:23)\n    at Promise._settlePromiseFromHandler (http://localhost:39779/__cypress/runner/cypress_runner.js:165351:31)\n    at Promise._settlePromise (http://localhost:39779/__cypress/runner/cypress_runner.js:165408:18)\n    at Promise._settlePromise0 (http://localhost:39779/__cypress/runner/cypress_runner.js:165453:10)\n    at Promise._settlePromises (http://localhost:39779/__cypress/runner/cypress_runner.js:165528:18)\n    at Async../node_modules/bluebird/js/release/async.js.Async._drainQueue (http://localhost:39779/__cypress/runner/cypress_runner.js:162140:16)\n    at Async../node_modules/bluebird/js/release/async.js.Async._drainQueues (http://localhost:39779/__cypress/runner/cypress_runner.js:162150:10)\n    at Async.drainQueues (http://localhost:39779/__cypress/runner/cypress_runner.js:162024:14)",
                "diff": null
              },
              "uuid": "98d1b7ae-4aa9-47f3-a344-665b6adcf95d",
              "parentUUID": "565c0389-463d-495a-959f-f24cccd5f921",
              "isHook": false,
              "skipped": false
            }
          ],
          "suites": [],
          "passes": [],
          "failures": [
            "b618ca80-9a83-4c88-9acf-917a65e94622",
            "b040eb59-4f9f-4118-a5ee-2901c565b376",
            "98d1b7ae-4aa9-47f3-a344-665b6adcf95d"
          ],
          "pending": [],
          "skipped": [],
          "duration": 12748,
          "root": false,
          "rootEmpty": false,
          "_timeout": 2000
        },
        {
          "uuid": "92da60d8-7f74-4feb-b58a-bdf710d9e629",
          "title": "12 - Faça com que as cores da paleta sejam geradas aleatoriamente ao carregar a página.",
          "fullFile": "",
          "file": "",
          "beforeHooks": [],
          "afterHooks": [],
          "tests": [
            {
              "title": "Verifica se as cores geradas na paleta são diferentes a cada carregamento da página",
              "fullTitle": "12 - Faça com que as cores da paleta sejam geradas aleatoriamente ao carregar a página. Verifica se as cores geradas na paleta são diferentes a cada carregamento da página",
              "timedOut": null,
              "duration": 329,
              "state": "failed",
              "speed": null,
              "pass": false,
              "fail": true,
              "pending": false,
              "context": null,
              "code": "cy.get('.color').then(function (colors) {\n  var currentColors;\n  var previousColors;\n  previousColors = Array.from(colors).map(function (color) {\n    return Cypress.$(color).css('background-color');\n  });\n  for (var i = 0; i < 5; i += 1) {\n    cy.reload();\n    cy.get('.color').then(function (colors) {\n      currentColors = Array.from(colors).map(function (color) {\n        return Cypress.$(color).css('background-color');\n      });\n      expect(currentColors).not.to.deep.equal(previousColors);\n      previousColors = currentColors;\n    });\n  }\n});",
              "err": {
                "message": "AssertionError: expected [ Array(4) ] to not deeply equal [ Array(4) ]",
                "estack": "AssertionError: expected [ Array(4) ] to not deeply equal [ Array(4) ]\n    at getRet (http://localhost:39779/__cypress/runner/cypress_runner.js:136585:16)\n    at tryCatcher (http://localhost:39779/__cypress/runner/cypress_runner.js:167415:23)\n    at Function.Promise.attempt.Promise.try (http://localhost:39779/__cypress/runner/cypress_runner.js:164690:29)\n    at Context.thenFn (http://localhost:39779/__cypress/runner/cypress_runner.js:136599:23)\n    at Context.then (http://localhost:39779/__cypress/runner/cypress_runner.js:136971:21)\n    at Context.<anonymous> (http://localhost:39779/__cypress/runner/cypress_runner.js:148875:21)\n    at http://localhost:39779/__cypress/runner/cypress_runner.js:148351:33\n    at tryCatcher (http://localhost:39779/__cypress/runner/cypress_runner.js:167415:23)\n    at Promise._settlePromiseFromHandler (http://localhost:39779/__cypress/runner/cypress_runner.js:165351:31)\n    at Promise._settlePromise (http://localhost:39779/__cypress/runner/cypress_runner.js:165408:18)\n    at Promise._settlePromiseCtx (http://localhost:39779/__cypress/runner/cypress_runner.js:165445:10)\n    at Async../node_modules/bluebird/js/release/async.js.Async._drainQueue (http://localhost:39779/__cypress/runner/cypress_runner.js:162145:12)\n    at Async../node_modules/bluebird/js/release/async.js.Async._drainQueues (http://localhost:39779/__cypress/runner/cypress_runner.js:162150:10)\n    at Async.drainQueues (http://localhost:39779/__cypress/runner/cypress_runner.js:162024:14)",
                "diff": ""
              },
              "uuid": "36065d7a-f7c0-4c36-9b39-c5ed1d74c211",
              "parentUUID": "92da60d8-7f74-4feb-b58a-bdf710d9e629",
              "isHook": false,
              "skipped": false
            },
            {
              "title": "Verifica se a cor preta ainda está presente e é a primeira na sua paleta de cores",
              "fullTitle": "12 - Faça com que as cores da paleta sejam geradas aleatoriamente ao carregar a página. Verifica se a cor preta ainda está presente e é a primeira na sua paleta de cores",
              "timedOut": null,
              "duration": 324,
              "state": "failed",
              "speed": null,
              "pass": false,
              "fail": true,
              "pending": false,
              "context": null,
              "code": "cy.get('.color').then(function (colors) {\n  var currentColors;\n  var previousColors;\n  previousColors = Array.from(colors).map(function (color) {\n    return Cypress.$(color).css('background-color');\n  });\n  expect(previousColors[0]).to.eq(BLACK);\n  for (var i = 0; i < 5; i += 1) {\n    cy.reload();\n    cy.get('.color').then(function (colors) {\n      currentColors = Array.from(colors).map(function (color) {\n        return Cypress.$(color).css('background-color');\n      });\n      expect(currentColors[0]).to.eq(BLACK);\n      expect(currentColors).not.to.deep.equal(previousColors);\n      previousColors = currentColors;\n    });\n  }\n});",
              "err": {
                "message": "AssertionError: expected [ Array(4) ] to not deeply equal [ Array(4) ]",
                "estack": "AssertionError: expected [ Array(4) ] to not deeply equal [ Array(4) ]\n    at getRet (http://localhost:39779/__cypress/runner/cypress_runner.js:136585:16)\n    at tryCatcher (http://localhost:39779/__cypress/runner/cypress_runner.js:167415:23)\n    at Function.Promise.attempt.Promise.try (http://localhost:39779/__cypress/runner/cypress_runner.js:164690:29)\n    at Context.thenFn (http://localhost:39779/__cypress/runner/cypress_runner.js:136599:23)\n    at Context.then (http://localhost:39779/__cypress/runner/cypress_runner.js:136971:21)\n    at Context.<anonymous> (http://localhost:39779/__cypress/runner/cypress_runner.js:148875:21)\n    at http://localhost:39779/__cypress/runner/cypress_runner.js:148351:33\n    at tryCatcher (http://localhost:39779/__cypress/runner/cypress_runner.js:167415:23)\n    at Promise._settlePromiseFromHandler (http://localhost:39779/__cypress/runner/cypress_runner.js:165351:31)\n    at Promise._settlePromise (http://localhost:39779/__cypress/runner/cypress_runner.js:165408:18)\n    at Promise._settlePromiseCtx (http://localhost:39779/__cypress/runner/cypress_runner.js:165445:10)\n    at Async../node_modules/bluebird/js/release/async.js.Async._drainQueue (http://localhost:39779/__cypress/runner/cypress_runner.js:162145:12)\n    at Async../node_modules/bluebird/js/release/async.js.Async._drainQueues (http://localhost:39779/__cypress/runner/cypress_runner.js:162150:10)\n    at Async.drainQueues (http://localhost:39779/__cypress/runner/cypress_runner.js:162024:14)",
                "diff": ""
              },
              "uuid": "b65d403a-a86d-48ec-b2f3-82bef053eb04",
              "parentUUID": "92da60d8-7f74-4feb-b58a-bdf710d9e629",
              "isHook": false,
              "skipped": false
            }
          ],
          "suites": [],
          "passes": [],
          "failures": [
            "36065d7a-f7c0-4c36-9b39-c5ed1d74c211",
            "b65d403a-a86d-48ec-b2f3-82bef053eb04"
          ],
          "pending": [],
          "skipped": [],
          "duration": 653,
          "root": false,
          "rootEmpty": false,
          "_timeout": 2000
        }
      ],
      "passes": [],
      "failures": [],
      "pending": [],
      "skipped": [],
      "duration": 0,
      "root": true,
      "rootEmpty": true,
      "_timeout": 2000
    }
  ],
  "meta": {
    "mocha": {
      "version": "7.0.1"
    },
    "mochawesome": {
      "options": {
        "quiet": false,
        "reportFilename": "mochawesome",
        "saveHtml": false,
        "saveJson": true,
        "consoleReporter": "spec",
        "useInlineDiffs": false
      },
      "version": "4.1.0"
    },
    "marge": {
      "options": {
        "id": "default",
        "reportDir": "cypress/reports",
        "overwrite": true,
        "html": false,
        "json": true
      },
      "version": "4.1.0"
    }
  }
}