{
  "stats": {
    "suites": 12,
    "tests": 41,
    "passes": 26,
    "pending": 0,
    "failures": 15,
    "start": "2021-08-24T03:08:49.525Z",
    "end": "2021-08-24T03:10:42.239Z",
    "duration": 112714,
    "testsRegistered": 41,
    "passPercent": 63.41463414634146,
    "pendingPercent": 0,
    "other": 0,
    "hasOther": false,
    "skipped": 0,
    "hasSkipped": false
  },
  "results": [
    {
      "uuid": "f68ef50d-6332-44f9-8ad8-6abfac076b14",
      "title": "",
      "fullFile": "cypress/integration/project.spec.js",
      "file": "cypress/integration/project.spec.js",
      "beforeHooks": [],
      "afterHooks": [],
      "tests": [],
      "suites": [
        {
          "uuid": "4cd63524-f6a6-42d0-ab23-c6152974b846",
          "title": "1 - Adicione à página o título \"Paleta de Cores\".",
          "fullFile": "",
          "file": "",
          "beforeHooks": [],
          "afterHooks": [],
          "tests": [
            {
              "title": "Verifica se contém um elemento `h1` com o id `title` com o título correto",
              "fullTitle": "1 - Adicione à página o título \"Paleta de Cores\". Verifica se contém um elemento `h1` com o id `title` com o título correto",
              "timedOut": null,
              "duration": 765,
              "state": "passed",
              "speed": "slow",
              "pass": true,
              "fail": false,
              "pending": false,
              "context": null,
              "code": "cy.get('h1#title').should('contain.text', 'Paleta de Cores');",
              "err": {},
              "uuid": "044fb08b-2e4a-46c7-a5e2-b92e8cdc3b6f",
              "parentUUID": "4cd63524-f6a6-42d0-ab23-c6152974b846",
              "isHook": false,
              "skipped": false
            }
          ],
          "suites": [],
          "passes": [
            "044fb08b-2e4a-46c7-a5e2-b92e8cdc3b6f"
          ],
          "failures": [],
          "pending": [],
          "skipped": [],
          "duration": 765,
          "root": false,
          "rootEmpty": false,
          "_timeout": 2000
        },
        {
          "uuid": "3db57f13-ac4f-471d-be6d-5c56df791a50",
          "title": "2 - Adicione à página uma paleta de quatro cores distintas.",
          "fullFile": "",
          "file": "",
          "beforeHooks": [],
          "afterHooks": [],
          "tests": [
            {
              "title": "A paleta de cores deve ser um elemento com `id` denominado `color-palette`",
              "fullTitle": "2 - Adicione à página uma paleta de quatro cores distintas. A paleta de cores deve ser um elemento com `id` denominado `color-palette`",
              "timedOut": null,
              "duration": 574,
              "state": "passed",
              "speed": "slow",
              "pass": true,
              "fail": false,
              "pending": false,
              "context": null,
              "code": "cy.get('#color-palette').should('be.visible');",
              "err": {},
              "uuid": "42ee084a-76f8-46e4-8e56-735496988cb1",
              "parentUUID": "3db57f13-ac4f-471d-be6d-5c56df791a50",
              "isHook": false,
              "skipped": false
            },
            {
              "title": "Verifica se cada cor individual da paleta de cores possui a `classe` chamada `color`.",
              "fullTitle": "2 - Adicione à página uma paleta de quatro cores distintas. Verifica se cada cor individual da paleta de cores possui a `classe` chamada `color`.",
              "timedOut": null,
              "duration": 699,
              "state": "passed",
              "speed": "slow",
              "pass": true,
              "fail": false,
              "pending": false,
              "context": null,
              "code": "cy.get('.color').should('have.length', 4).then(function (colors) {\n  for (var i = 0; i < colors.length; i++) {\n    cy.wrap(colors[i]).should('be.visible');\n  }\n});",
              "err": {},
              "uuid": "4cbdd901-b327-49f6-bd16-a4e001410adf",
              "parentUUID": "3db57f13-ac4f-471d-be6d-5c56df791a50",
              "isHook": false,
              "skipped": false
            },
            {
              "title": "Verifica se a cor de fundo de cada elemento da paleta é a cor que o elemento representa. **A única cor não permitida na paleta é a cor branca.**",
              "fullTitle": "2 - Adicione à página uma paleta de quatro cores distintas. Verifica se a cor de fundo de cada elemento da paleta é a cor que o elemento representa. **A única cor não permitida na paleta é a cor branca.**",
              "timedOut": null,
              "duration": 554,
              "state": "passed",
              "speed": "slow",
              "pass": true,
              "fail": false,
              "pending": false,
              "context": null,
              "code": "cy.get('.color').each(function (color) {\n  cy.wrap(color).should('have.class', 'color').and('not.have.css', 'background-color', WHITE);\n  cy.wrap(color).should('have.css', 'background-color');\n});",
              "err": {},
              "uuid": "3fa873fd-c805-48c7-b8f9-e9111221d696",
              "parentUUID": "3db57f13-ac4f-471d-be6d-5c56df791a50",
              "isHook": false,
              "skipped": false
            },
            {
              "title": "Verifica se cada elemento da paleta de cores tem uma borda preta, sólida e com 1 pixel de largura;",
              "fullTitle": "2 - Adicione à página uma paleta de quatro cores distintas. Verifica se cada elemento da paleta de cores tem uma borda preta, sólida e com 1 pixel de largura;",
              "timedOut": null,
              "duration": 332,
              "state": "passed",
              "speed": "slow",
              "pass": true,
              "fail": false,
              "pending": false,
              "context": null,
              "code": "cy.get('.color').each(function (color) {\n  cy.wrap(color).and('have.css', 'border', \"1px solid \".concat(BLACK)).and('have.class', 'color');\n});",
              "err": {},
              "uuid": "a05494f1-6288-425f-96ec-7a0f41eeae1f",
              "parentUUID": "3db57f13-ac4f-471d-be6d-5c56df791a50",
              "isHook": false,
              "skipped": false
            },
            {
              "title": "Verifica se a paleta lista todas as cores disponíveis para utilização, lado a lado.",
              "fullTitle": "2 - Adicione à página uma paleta de quatro cores distintas. Verifica se a paleta lista todas as cores disponíveis para utilização, lado a lado.",
              "timedOut": null,
              "duration": 310,
              "state": "passed",
              "speed": "slow",
              "pass": true,
              "fail": false,
              "pending": false,
              "context": null,
              "code": "cy.get('.color').then(function (colors) {\n  for (var index = 1; index < colors.length; index += 1) {\n    var currentColor = colors[index];\n    var previousColor = colors[index - 1];\n    cy.wrap(currentColor).should('be.onTheRightOf', previousColor).and('be.horizontallyAlignedWith', previousColor);\n  }\n});",
              "err": {},
              "uuid": "18c9dd94-1c8b-4b90-b7d0-95b2323d9dd1",
              "parentUUID": "3db57f13-ac4f-471d-be6d-5c56df791a50",
              "isHook": false,
              "skipped": false
            },
            {
              "title": "Verifica se a paleta de cores está posicionada abaixo do título 'Paleta de Cores'",
              "fullTitle": "2 - Adicione à página uma paleta de quatro cores distintas. Verifica se a paleta de cores está posicionada abaixo do título 'Paleta de Cores'",
              "timedOut": null,
              "duration": 411,
              "state": "passed",
              "speed": "slow",
              "pass": true,
              "fail": false,
              "pending": false,
              "context": null,
              "code": "cy.get('h1#title').then(function (title) {\n  cy.get('#color-palette').should('be.belowOf', title);\n});",
              "err": {},
              "uuid": "4b42b222-15cc-4039-93e9-de9ae8de6249",
              "parentUUID": "3db57f13-ac4f-471d-be6d-5c56df791a50",
              "isHook": false,
              "skipped": false
            },
            {
              "title": "Verifica se a paleta de cores não contém cores repetidas.",
              "fullTitle": "2 - Adicione à página uma paleta de quatro cores distintas. Verifica se a paleta de cores não contém cores repetidas.",
              "timedOut": null,
              "duration": 403,
              "state": "passed",
              "speed": "slow",
              "pass": true,
              "fail": false,
              "pending": false,
              "context": null,
              "code": "cy.get('.color').then(function (colors) {\n  var allColors = Array.from(colors).map(function (color) {\n    return Cypress.$(color).css('background-color');\n  });\n  cy.log(allColors);\n  var uniqColors = (0, _toConsumableArray2[\"default\"])(new Set(allColors));\n  cy.log(uniqColors);\n  expect(allColors.length).to.eq(uniqColors.length);\n});",
              "err": {},
              "uuid": "a9d0f4f6-265c-4136-85e1-34dd7b45fcf1",
              "parentUUID": "3db57f13-ac4f-471d-be6d-5c56df791a50",
              "isHook": false,
              "skipped": false
            }
          ],
          "suites": [],
          "passes": [
            "42ee084a-76f8-46e4-8e56-735496988cb1",
            "4cbdd901-b327-49f6-bd16-a4e001410adf",
            "3fa873fd-c805-48c7-b8f9-e9111221d696",
            "a05494f1-6288-425f-96ec-7a0f41eeae1f",
            "18c9dd94-1c8b-4b90-b7d0-95b2323d9dd1",
            "4b42b222-15cc-4039-93e9-de9ae8de6249",
            "a9d0f4f6-265c-4136-85e1-34dd7b45fcf1"
          ],
          "failures": [],
          "pending": [],
          "skipped": [],
          "duration": 3283,
          "root": false,
          "rootEmpty": false,
          "_timeout": 2000
        },
        {
          "uuid": "ea5e8a0f-6f61-4c52-969b-963adfd27a61",
          "title": "3 - Adicione a cor **preta** como a primeira cor da paleta de cores.",
          "fullFile": "",
          "file": "",
          "beforeHooks": [],
          "afterHooks": [],
          "tests": [
            {
              "title": "Verifica se a primeira cor da paleta é preta",
              "fullTitle": "3 - Adicione a cor **preta** como a primeira cor da paleta de cores. Verifica se a primeira cor da paleta é preta",
              "timedOut": null,
              "duration": 386,
              "state": "passed",
              "speed": "slow",
              "pass": true,
              "fail": false,
              "pending": false,
              "context": null,
              "code": "cy.get('.color').first().should('have.css', 'background-color', BLACK);",
              "err": {},
              "uuid": "6ca52d76-5a1c-4e7a-8c2a-cb21b93deff1",
              "parentUUID": "ea5e8a0f-6f61-4c52-969b-963adfd27a61",
              "isHook": false,
              "skipped": false
            },
            {
              "title": "Verifica se as demais cores podem ser escolhidas livremente.",
              "fullTitle": "3 - Adicione a cor **preta** como a primeira cor da paleta de cores. Verifica se as demais cores podem ser escolhidas livremente.",
              "timedOut": null,
              "duration": 574,
              "state": "passed",
              "speed": "slow",
              "pass": true,
              "fail": false,
              "pending": false,
              "context": null,
              "code": "cy.get('.color').eq(1).should('not.have.css', 'background-color', BLACK);\ncy.get('.color').eq(1).should('not.have.css', 'background-color', WHITE);\ncy.get('.color').eq(1).should('not.have.css', 'background-color', 'rgba(0, 0, 0, 0)');\ncy.get('.color').eq(1).should('have.css', 'background-color');\ncy.get('.color').eq(2).should('not.have.css', 'background-color', BLACK);\ncy.get('.color').eq(2).should('not.have.css', 'background-color', WHITE);\ncy.get('.color').eq(2).should('not.have.css', 'background-color', 'rgba(0, 0, 0, 0)');\ncy.get('.color').eq(2).should('have.css', 'background-color');\ncy.get('.color').eq(3).should('not.have.css', 'background-color', BLACK);\ncy.get('.color').eq(3).should('not.have.css', 'background-color', WHITE);\ncy.get('.color').eq(3).should('not.have.css', 'background-color', 'rgba(0, 0, 0, 0)');\ncy.get('.color').eq(3).should('have.css', 'background-color');",
              "err": {},
              "uuid": "4d7f1337-1628-4b20-babc-89d2fefbe892",
              "parentUUID": "ea5e8a0f-6f61-4c52-969b-963adfd27a61",
              "isHook": false,
              "skipped": false
            }
          ],
          "suites": [],
          "passes": [
            "6ca52d76-5a1c-4e7a-8c2a-cb21b93deff1",
            "4d7f1337-1628-4b20-babc-89d2fefbe892"
          ],
          "failures": [],
          "pending": [],
          "skipped": [],
          "duration": 960,
          "root": false,
          "rootEmpty": false,
          "_timeout": 2000
        },
        {
          "uuid": "342935ca-8d01-41d5-ba84-5e7cbc9839ff",
          "title": "4 - Adicione à página um quadro de pixels, com 25 pixels.",
          "fullFile": "",
          "file": "",
          "beforeHooks": [],
          "afterHooks": [],
          "tests": [
            {
              "title": "Verifica se o quadro de pixels possui o `id` denominado `pixel-board`",
              "fullTitle": "4 - Adicione à página um quadro de pixels, com 25 pixels. Verifica se o quadro de pixels possui o `id` denominado `pixel-board`",
              "timedOut": null,
              "duration": 392,
              "state": "passed",
              "speed": "slow",
              "pass": true,
              "fail": false,
              "pending": false,
              "context": null,
              "code": "cy.get('#pixel-board').should('be.visible');",
              "err": {},
              "uuid": "576218c7-a7f1-4e39-90eb-c722672b2db5",
              "parentUUID": "342935ca-8d01-41d5-ba84-5e7cbc9839ff",
              "isHook": false,
              "skipped": false
            },
            {
              "title": "Verifica se cada pixel individual dentro do quadro possui a `classe` denominada `pixel`.",
              "fullTitle": "4 - Adicione à página um quadro de pixels, com 25 pixels. Verifica se cada pixel individual dentro do quadro possui a `classe` denominada `pixel`.",
              "timedOut": null,
              "duration": 367,
              "state": "passed",
              "speed": "slow",
              "pass": true,
              "fail": false,
              "pending": false,
              "context": null,
              "code": "cy.get('.pixel').should('have.length', 25);",
              "err": {},
              "uuid": "62b8b7bc-7ee2-44f9-8b05-312ca81ec152",
              "parentUUID": "342935ca-8d01-41d5-ba84-5e7cbc9839ff",
              "isHook": false,
              "skipped": false
            },
            {
              "title": "Verifica se a cor inicial dos pixels dentro do quadro, ao abrir a página, é branca.",
              "fullTitle": "4 - Adicione à página um quadro de pixels, com 25 pixels. Verifica se a cor inicial dos pixels dentro do quadro, ao abrir a página, é branca.",
              "timedOut": null,
              "duration": 651,
              "state": "passed",
              "speed": "slow",
              "pass": true,
              "fail": false,
              "pending": false,
              "context": null,
              "code": "cy.get('.pixel').should('have.length', 25).each(function (pixel) {\n  expect(pixel).to.have.css('background-color', WHITE);\n});",
              "err": {},
              "uuid": "22a73883-725c-47e4-b12f-193c07c43544",
              "parentUUID": "342935ca-8d01-41d5-ba84-5e7cbc9839ff",
              "isHook": false,
              "skipped": false
            },
            {
              "title": "Verifica se o quadro de pixels aparece abaixo da paleta de cores",
              "fullTitle": "4 - Adicione à página um quadro de pixels, com 25 pixels. Verifica se o quadro de pixels aparece abaixo da paleta de cores",
              "timedOut": null,
              "duration": 483,
              "state": "passed",
              "speed": "slow",
              "pass": true,
              "fail": false,
              "pending": false,
              "context": null,
              "code": "cy.get('#color-palette').then(function (palette) {\n  cy.get('#pixel-board').should('be.belowOf', palette);\n});",
              "err": {},
              "uuid": "af1fb566-0420-4c2a-9a35-c18aaa64a8ca",
              "parentUUID": "342935ca-8d01-41d5-ba84-5e7cbc9839ff",
              "isHook": false,
              "skipped": false
            }
          ],
          "suites": [],
          "passes": [
            "576218c7-a7f1-4e39-90eb-c722672b2db5",
            "62b8b7bc-7ee2-44f9-8b05-312ca81ec152",
            "22a73883-725c-47e4-b12f-193c07c43544",
            "af1fb566-0420-4c2a-9a35-c18aaa64a8ca"
          ],
          "failures": [],
          "pending": [],
          "skipped": [],
          "duration": 1893,
          "root": false,
          "rootEmpty": false,
          "_timeout": 2000
        },
        {
          "uuid": "06ce673e-644f-4347-8027-fca54925af38",
          "title": "5 - Faça com que cada elemento do quadro de pixels possua 40 pixels de largura, 40 pixels de altura e seja delimitado por uma borda preta de 1 pixel.",
          "fullFile": "",
          "file": "",
          "beforeHooks": [],
          "afterHooks": [],
          "tests": [
            {
              "title": "Verifica se o quadro de pixels tem altura e comprimento de 5 elementos",
              "fullTitle": "5 - Faça com que cada elemento do quadro de pixels possua 40 pixels de largura, 40 pixels de altura e seja delimitado por uma borda preta de 1 pixel. Verifica se o quadro de pixels tem altura e comprimento de 5 elementos",
              "timedOut": null,
              "duration": 1290,
              "state": "failed",
              "speed": null,
              "pass": false,
              "fail": true,
              "pending": false,
              "context": null,
              "code": "cy.get('.pixel').should('have.length', 25).each(function (pixel) {\n  expect(pixel).to.have.css('background-color', WHITE);\n}).and(function (pixels) {\n  var rows = chunk(pixels, 5);\n  rows.forEach(function (row) {\n    for (var index = 1; index < row.length; index += 1) {\n      var current = pixels[index];\n      var previous = pixels[index - 1];\n      cy.wrap(current).should('be.onTheRightOf', previous).and('be.horizontallyAlignedWith', previous);\n    }\n  });\n  for (var index = 1; index < 5; index += 1) {\n    expect(pixels[index * 5]).to.be.belowOf(pixels[(index - 1) * 5]);\n  }\n});",
              "err": {
                "message": "AssertionError: expected '<div#linha.pixel>' to be below of <div class=\"pixel\" id=\"linha\"></div>",
                "estack": "AssertionError: expected '<div#linha.pixel>' to be below of <div class=\"pixel\" id=\"linha\"></div>\n    at http://localhost:35869/__cypress/runner/cypress_runner.js:136161:17\n    at tryCatcher (http://localhost:35869/__cypress/runner/cypress_runner.js:167415:23)\n    at Function.Promise.attempt.Promise.try (http://localhost:35869/__cypress/runner/cypress_runner.js:164690:29)\n    at Context.shouldFnWithCallback (http://localhost:35869/__cypress/runner/cypress_runner.js:136158:23)\n    at Context.shouldFn (http://localhost:35869/__cypress/runner/cypress_runner.js:136167:35)\n    at Context.and (http://localhost:35869/__cypress/runner/cypress_runner.js:136265:23)\n    at Context.<anonymous> (http://localhost:35869/__cypress/runner/cypress_runner.js:148875:21)\n    at http://localhost:35869/__cypress/runner/cypress_runner.js:148351:33\n    at tryCatcher (http://localhost:35869/__cypress/runner/cypress_runner.js:167415:23)\n    at Promise._settlePromiseFromHandler (http://localhost:35869/__cypress/runner/cypress_runner.js:165351:31)\n    at Promise._settlePromise (http://localhost:35869/__cypress/runner/cypress_runner.js:165408:18)\n    at Promise._settlePromiseCtx (http://localhost:35869/__cypress/runner/cypress_runner.js:165445:10)\n    at Async../node_modules/bluebird/js/release/async.js.Async._drainQueue (http://localhost:35869/__cypress/runner/cypress_runner.js:162145:12)\n    at Async../node_modules/bluebird/js/release/async.js.Async._drainQueues (http://localhost:35869/__cypress/runner/cypress_runner.js:162150:10)\n    at Async.drainQueues (http://localhost:35869/__cypress/runner/cypress_runner.js:162024:14)",
                "diff": ""
              },
              "uuid": "61491178-777e-423a-9d6b-00cb39f09476",
              "parentUUID": "06ce673e-644f-4347-8027-fca54925af38",
              "isHook": false,
              "skipped": false
            },
            {
              "title": "Verifica se 40 pixels é o tamanho total do elemento, incluindo seu conteúdo e excluindo a borda preta, que deve ser criada à parte.",
              "fullTitle": "5 - Faça com que cada elemento do quadro de pixels possua 40 pixels de largura, 40 pixels de altura e seja delimitado por uma borda preta de 1 pixel. Verifica se 40 pixels é o tamanho total do elemento, incluindo seu conteúdo e excluindo a borda preta, que deve ser criada à parte.",
              "timedOut": null,
              "duration": 1260,
              "state": "passed",
              "speed": "slow",
              "pass": true,
              "fail": false,
              "pending": false,
              "context": null,
              "code": "cy.get('.pixel').each(function (pixel) {\n  cy.wrap(pixel).should('have.css', 'height', '40px').and('have.css', 'width', '40px').and('have.css', 'border', \"1px solid \".concat(BLACK));\n});",
              "err": {},
              "uuid": "fdd1272f-9f44-43a5-8bcf-d6c22083688d",
              "parentUUID": "06ce673e-644f-4347-8027-fca54925af38",
              "isHook": false,
              "skipped": false
            }
          ],
          "suites": [],
          "passes": [
            "fdd1272f-9f44-43a5-8bcf-d6c22083688d"
          ],
          "failures": [
            "61491178-777e-423a-9d6b-00cb39f09476"
          ],
          "pending": [],
          "skipped": [],
          "duration": 2550,
          "root": false,
          "rootEmpty": false,
          "_timeout": 2000
        },
        {
          "uuid": "126f9440-2312-4c04-bc77-b811469c4322",
          "title": "6 - Defina a cor preta como cor inicial. Ao carregar a página a cor preta já deve estar selecionada para pintar os pixels",
          "fullFile": "",
          "file": "",
          "beforeHooks": [],
          "afterHooks": [],
          "tests": [
            {
              "title": "Verifica se o elemento da cor preta possui, inicialmente, a `classe` `selected`",
              "fullTitle": "6 - Defina a cor preta como cor inicial. Ao carregar a página a cor preta já deve estar selecionada para pintar os pixels Verifica se o elemento da cor preta possui, inicialmente, a `classe` `selected`",
              "timedOut": null,
              "duration": 261,
              "state": "passed",
              "speed": "slow",
              "pass": true,
              "fail": false,
              "pending": false,
              "context": null,
              "code": "cy.get('.selected').first().should('have.css', 'background-color', BLACK);",
              "err": {},
              "uuid": "5d2058d7-4589-4ace-9e11-9ef6d816a86a",
              "parentUUID": "126f9440-2312-4c04-bc77-b811469c4322",
              "isHook": false,
              "skipped": false
            },
            {
              "title": "Verifica se nenhuma outra cor da paleta tem a `classe` `selected`",
              "fullTitle": "6 - Defina a cor preta como cor inicial. Ao carregar a página a cor preta já deve estar selecionada para pintar os pixels Verifica se nenhuma outra cor da paleta tem a `classe` `selected`",
              "timedOut": null,
              "duration": 527,
              "state": "passed",
              "speed": "slow",
              "pass": true,
              "fail": false,
              "pending": false,
              "context": null,
              "code": "cy.get('.color:not(:first-child)').each(function (color) {\n  cy.wrap(color).should('not.have.class', 'selected');\n});",
              "err": {},
              "uuid": "05072260-e7ce-4305-88ca-8be851da25be",
              "parentUUID": "126f9440-2312-4c04-bc77-b811469c4322",
              "isHook": false,
              "skipped": false
            }
          ],
          "suites": [],
          "passes": [
            "5d2058d7-4589-4ace-9e11-9ef6d816a86a",
            "05072260-e7ce-4305-88ca-8be851da25be"
          ],
          "failures": [],
          "pending": [],
          "skipped": [],
          "duration": 788,
          "root": false,
          "rootEmpty": false,
          "_timeout": 2000
        },
        {
          "uuid": "ae6f7a60-59b2-4bc7-9b26-0e209dadcdd3",
          "title": "7 - Clicar em uma das cores da paleta, faz com que ela seja selecionada e utilizada para preencher os pixels no quadro.",
          "fullFile": "",
          "file": "",
          "beforeHooks": [],
          "afterHooks": [],
          "tests": [
            {
              "title": "Verifica se somente uma cor da paleta de cores tem a classe `selected` de cada vez",
              "fullTitle": "7 - Clicar em uma das cores da paleta, faz com que ela seja selecionada e utilizada para preencher os pixels no quadro. Verifica se somente uma cor da paleta de cores tem a classe `selected` de cada vez",
              "timedOut": null,
              "duration": 884,
              "state": "passed",
              "speed": "slow",
              "pass": true,
              "fail": false,
              "pending": false,
              "context": null,
              "code": "cy.get('.color').each(function (selectedColor, selectedColorIndex) {\n  cy.wrap(selectedColor).click();\n  cy.get('.color').each(function (color, colorIndex) {\n    if (colorIndex === selectedColorIndex) {\n      expect(color).to.have[\"class\"]('selected');\n    } else {\n      expect(color).not.to.have[\"class\"]('selected');\n    }\n  });\n});",
              "err": {},
              "uuid": "6fd2b067-9f4b-4a17-ae8f-1d25c6f92e50",
              "parentUUID": "ae6f7a60-59b2-4bc7-9b26-0e209dadcdd3",
              "isHook": false,
              "skipped": false
            },
            {
              "title": "Verifica se os pixels dentro do quadro não têm a classe `selected` quando são clicados",
              "fullTitle": "7 - Clicar em uma das cores da paleta, faz com que ela seja selecionada e utilizada para preencher os pixels no quadro. Verifica se os pixels dentro do quadro não têm a classe `selected` quando são clicados",
              "timedOut": null,
              "duration": 11118,
              "state": "passed",
              "speed": "slow",
              "pass": true,
              "fail": false,
              "pending": false,
              "context": null,
              "code": "cy.get('.color').each(function (color) {\n  var backgroundColor = color.css('background-color');\n  cy.wrap(color).click();\n  cy.get('.pixel').each(function (pixel) {\n    cy.wrap(pixel).click().should('not.have.class', 'selected');\n  });\n});",
              "err": {},
              "uuid": "b4d5d113-b67a-4157-8907-0f89e45c0914",
              "parentUUID": "ae6f7a60-59b2-4bc7-9b26-0e209dadcdd3",
              "isHook": false,
              "skipped": false
            }
          ],
          "suites": [],
          "passes": [
            "6fd2b067-9f4b-4a17-ae8f-1d25c6f92e50",
            "b4d5d113-b67a-4157-8907-0f89e45c0914"
          ],
          "failures": [],
          "pending": [],
          "skipped": [],
          "duration": 12002,
          "root": false,
          "rootEmpty": false,
          "_timeout": 2000
        },
        {
          "uuid": "f678b481-b2a3-4b74-a90f-58ae99f221b3",
          "title": "8 - Clicar em um pixel dentro do quadro após selecionar uma cor na paleta, faz com que o pixel seja preenchido com a cor selecionada.",
          "fullFile": "",
          "file": "",
          "beforeHooks": [],
          "afterHooks": [],
          "tests": [
            {
              "title": "Verifica se ao carregar a página deve ser possível pintar os pixels de preto",
              "fullTitle": "8 - Clicar em um pixel dentro do quadro após selecionar uma cor na paleta, faz com que o pixel seja preenchido com a cor selecionada. Verifica se ao carregar a página deve ser possível pintar os pixels de preto",
              "timedOut": null,
              "duration": 3042,
              "state": "passed",
              "speed": "slow",
              "pass": true,
              "fail": false,
              "pending": false,
              "context": null,
              "code": "cy.get('.pixel').each(function (pixel) {\n  cy.wrap(pixel).click().should('have.css', 'background-color', BLACK);\n});",
              "err": {},
              "uuid": "9242511e-e4e0-4910-835c-66d3b89ccdfc",
              "parentUUID": "f678b481-b2a3-4b74-a90f-58ae99f221b3",
              "isHook": false,
              "skipped": false
            },
            {
              "title": "Verifica se após selecionar uma outra cor na paleta, é possível pintar os pixels com essa cor",
              "fullTitle": "8 - Clicar em um pixel dentro do quadro após selecionar uma cor na paleta, faz com que o pixel seja preenchido com a cor selecionada. Verifica se após selecionar uma outra cor na paleta, é possível pintar os pixels com essa cor",
              "timedOut": null,
              "duration": 11089,
              "state": "passed",
              "speed": "slow",
              "pass": true,
              "fail": false,
              "pending": false,
              "context": null,
              "code": "cy.get('.color').each(function (color) {\n  var backgroundColor = color.css('background-color');\n  cy.wrap(color).click();\n  cy.get('.pixel').each(function (pixel) {\n    cy.wrap(pixel).click().should('have.css', 'background-color', backgroundColor);\n  });\n});",
              "err": {},
              "uuid": "4db95ff1-20bf-4d1e-ac4f-c70c3dd7e9b5",
              "parentUUID": "f678b481-b2a3-4b74-a90f-58ae99f221b3",
              "isHook": false,
              "skipped": false
            },
            {
              "title": "Verifica se somente o pixel que foi clicado foi preenchido com a cor selecionada, sem influenciar na cor dos demais pixels.",
              "fullTitle": "8 - Clicar em um pixel dentro do quadro após selecionar uma cor na paleta, faz com que o pixel seja preenchido com a cor selecionada. Verifica se somente o pixel que foi clicado foi preenchido com a cor selecionada, sem influenciar na cor dos demais pixels.",
              "timedOut": null,
              "duration": 2911,
              "state": "passed",
              "speed": "slow",
              "pass": true,
              "fail": false,
              "pending": false,
              "context": null,
              "code": "var colorToPixelIndexMap = {\n  0: 6,\n  1: 8,\n  2: 16,\n  3: 18\n};\ncy.get('.color').each(function (color, index) {\n  cy.wrap(color).click();\n  var backgroundColor = color.css('background-color');\n  var clickedPixelIndex = colorToPixelIndexMap[index];\n  cy.get('.pixel').eq(clickedPixelIndex).click();\n  cy.get('.pixel').eq(clickedPixelIndex - 1).should('not.have.css', 'background-color', backgroundColor);\n  cy.get('.pixel').eq(clickedPixelIndex + 1).should('not.have.css', 'background-color', backgroundColor);\n  cy.get('.pixel').eq(clickedPixelIndex - 5).should('not.have.css', 'background-color', backgroundColor);\n  cy.get('.pixel').eq(clickedPixelIndex + 5).should('not.have.css', 'background-color', backgroundColor);\n  cy.get('.pixel').eq(clickedPixelIndex - 6).should('not.have.css', 'background-color', backgroundColor);\n  cy.get('.pixel').eq(clickedPixelIndex - 4).should('not.have.css', 'background-color', backgroundColor);\n  cy.get('.pixel').eq(clickedPixelIndex + 4).should('not.have.css', 'background-color', backgroundColor);\n  cy.get('.pixel').eq(clickedPixelIndex + 6).should('not.have.css', 'background-color', backgroundColor);\n});",
              "err": {},
              "uuid": "c0164b5e-bd5f-4536-a745-7c5122d88bf0",
              "parentUUID": "f678b481-b2a3-4b74-a90f-58ae99f221b3",
              "isHook": false,
              "skipped": false
            }
          ],
          "suites": [],
          "passes": [
            "9242511e-e4e0-4910-835c-66d3b89ccdfc",
            "4db95ff1-20bf-4d1e-ac4f-c70c3dd7e9b5",
            "c0164b5e-bd5f-4536-a745-7c5122d88bf0"
          ],
          "failures": [],
          "pending": [],
          "skipped": [],
          "duration": 17042,
          "root": false,
          "rootEmpty": false,
          "_timeout": 2000
        },
        {
          "uuid": "3401bed9-6e2c-4843-bf62-765f60e5e7b9",
          "title": "9 - Crie um botão que, ao ser clicado, limpa o quadro preenchendo a cor de todos seus pixels com branco.",
          "fullFile": "",
          "file": "",
          "beforeHooks": [],
          "afterHooks": [],
          "tests": [
            {
              "title": "Verifica se o botão tem o `id` denominado `clear-board`",
              "fullTitle": "9 - Crie um botão que, ao ser clicado, limpa o quadro preenchendo a cor de todos seus pixels com branco. Verifica se o botão tem o `id` denominado `clear-board`",
              "timedOut": null,
              "duration": 432,
              "state": "passed",
              "speed": "slow",
              "pass": true,
              "fail": false,
              "pending": false,
              "context": null,
              "code": "cy.get('#clear-board').should('be.visible');",
              "err": {},
              "uuid": "c10153a3-8c37-4cca-8ac7-a8a190dbf56e",
              "parentUUID": "3401bed9-6e2c-4843-bf62-765f60e5e7b9",
              "isHook": false,
              "skipped": false
            },
            {
              "title": "Verifica se o botão está posicionado entre a paleta de cores e o quadro de pixels",
              "fullTitle": "9 - Crie um botão que, ao ser clicado, limpa o quadro preenchendo a cor de todos seus pixels com branco. Verifica se o botão está posicionado entre a paleta de cores e o quadro de pixels",
              "timedOut": null,
              "duration": 300,
              "state": "passed",
              "speed": "slow",
              "pass": true,
              "fail": false,
              "pending": false,
              "context": null,
              "code": "cy.get('#color-palette').then(function (palette) {\n  cy.get('#clear-board').should('be.belowOf', palette);\n});\ncy.get('#clear-board').then(function (clearBtn) {\n  cy.get('#pixel-board').should('be.belowOf', clearBtn);\n});",
              "err": {},
              "uuid": "2d014f78-c0a7-4722-9581-7c96b0ffeb00",
              "parentUUID": "3401bed9-6e2c-4843-bf62-765f60e5e7b9",
              "isHook": false,
              "skipped": false
            },
            {
              "title": "Verifica se o texto do botão é 'Limpar'",
              "fullTitle": "9 - Crie um botão que, ao ser clicado, limpa o quadro preenchendo a cor de todos seus pixels com branco. Verifica se o texto do botão é 'Limpar'",
              "timedOut": null,
              "duration": 386,
              "state": "passed",
              "speed": "slow",
              "pass": true,
              "fail": false,
              "pending": false,
              "context": null,
              "code": "cy.get('#clear-board').should('contain.text', 'Limpar');",
              "err": {},
              "uuid": "7a20b228-1bb4-41aa-97c6-a8b77d42e616",
              "parentUUID": "3401bed9-6e2c-4843-bf62-765f60e5e7b9",
              "isHook": false,
              "skipped": false
            },
            {
              "title": "Verifica se ao clicar no botão, o quadro de pixels é totalmente preenchido de branco",
              "fullTitle": "9 - Crie um botão que, ao ser clicado, limpa o quadro preenchendo a cor de todos seus pixels com branco. Verifica se ao clicar no botão, o quadro de pixels é totalmente preenchido de branco",
              "timedOut": null,
              "duration": 3293,
              "state": "passed",
              "speed": "slow",
              "pass": true,
              "fail": false,
              "pending": false,
              "context": null,
              "code": "cy.get('.color').eq(1).then(function (color) {\n  var backgroundColor = color.css('background-color');\n  cy.wrap(color).click();\n  cy.get('.pixel').each(function (pixel) {\n    cy.wrap(pixel).click().should('have.css', 'background-color', backgroundColor);\n  });\n});\ncy.get('#clear-board').click();\ncy.get('.pixel').each(function (pixel) {\n  cy.wrap(pixel).should('have.css', 'background-color', WHITE);\n});",
              "err": {},
              "uuid": "2c22caf2-e443-48c7-890d-d675d4388498",
              "parentUUID": "3401bed9-6e2c-4843-bf62-765f60e5e7b9",
              "isHook": false,
              "skipped": false
            }
          ],
          "suites": [],
          "passes": [
            "c10153a3-8c37-4cca-8ac7-a8a190dbf56e",
            "2d014f78-c0a7-4722-9581-7c96b0ffeb00",
            "7a20b228-1bb4-41aa-97c6-a8b77d42e616",
            "2c22caf2-e443-48c7-890d-d675d4388498"
          ],
          "failures": [],
          "pending": [],
          "skipped": [],
          "duration": 4411,
          "root": false,
          "rootEmpty": false,
          "_timeout": 2000
        },
        {
          "uuid": "33ee961a-af46-4f82-9e20-eda68339d91a",
          "title": "10 - Faça o quadro de pixels ter seu tamanho definido pelo usuário.",
          "fullFile": "",
          "file": "",
          "beforeHooks": [],
          "afterHooks": [],
          "tests": [
            {
              "title": "Verifica se existe um input com o id `board-size`",
              "fullTitle": "10 - Faça o quadro de pixels ter seu tamanho definido pelo usuário. Verifica se existe um input com o id `board-size`",
              "timedOut": null,
              "duration": 5350,
              "state": "failed",
              "speed": null,
              "pass": false,
              "fail": true,
              "pending": false,
              "context": null,
              "code": "cy.get('#board-size').should('be.visible');",
              "err": {
                "message": "CypressError: Timed out retrying: Expected to find element: '#board-size', but never found it.",
                "estack": "CypressError: Timed out retrying: Expected to find element: '#board-size', but never found it.\n    at cypressErr (http://localhost:35869/__cypress/runner/cypress_runner.js:149934:9)\n    at throwErr (http://localhost:35869/__cypress/runner/cypress_runner.js:149867:11)\n    at Object.throwErrByPath (http://localhost:35869/__cypress/runner/cypress_runner.js:149915:3)\n    at retry (http://localhost:35869/__cypress/runner/cypress_runner.js:144197:19)\n    at onFailFn (http://localhost:35869/__cypress/runner/cypress_runner.js:132448:16)\n    at tryCatcher (http://localhost:35869/__cypress/runner/cypress_runner.js:167415:23)\n    at Promise._settlePromiseFromHandler (http://localhost:35869/__cypress/runner/cypress_runner.js:165351:31)\n    at Promise._settlePromise (http://localhost:35869/__cypress/runner/cypress_runner.js:165408:18)\n    at Promise._settlePromise0 (http://localhost:35869/__cypress/runner/cypress_runner.js:165453:10)\n    at Promise._settlePromises (http://localhost:35869/__cypress/runner/cypress_runner.js:165528:18)\n    at Async../node_modules/bluebird/js/release/async.js.Async._drainQueue (http://localhost:35869/__cypress/runner/cypress_runner.js:162140:16)\n    at Async../node_modules/bluebird/js/release/async.js.Async._drainQueues (http://localhost:35869/__cypress/runner/cypress_runner.js:162150:10)\n    at Async.drainQueues (http://localhost:35869/__cypress/runner/cypress_runner.js:162024:14)",
                "diff": null
              },
              "uuid": "5e4c2fb4-c4aa-404d-8023-12e416e89295",
              "parentUUID": "33ee961a-af46-4f82-9e20-eda68339d91a",
              "isHook": false,
              "skipped": false
            },
            {
              "title": "Verifica se existe um botão com o id `generate-board`",
              "fullTitle": "10 - Faça o quadro de pixels ter seu tamanho definido pelo usuário. Verifica se existe um botão com o id `generate-board`",
              "timedOut": null,
              "duration": 5145,
              "state": "failed",
              "speed": null,
              "pass": false,
              "fail": true,
              "pending": false,
              "context": null,
              "code": "cy.get('#generate-board').should('be.visible');",
              "err": {
                "message": "CypressError: Timed out retrying: Expected to find element: '#generate-board', but never found it.",
                "estack": "CypressError: Timed out retrying: Expected to find element: '#generate-board', but never found it.\n    at cypressErr (http://localhost:35869/__cypress/runner/cypress_runner.js:149934:9)\n    at throwErr (http://localhost:35869/__cypress/runner/cypress_runner.js:149867:11)\n    at Object.throwErrByPath (http://localhost:35869/__cypress/runner/cypress_runner.js:149915:3)\n    at retry (http://localhost:35869/__cypress/runner/cypress_runner.js:144197:19)\n    at onFailFn (http://localhost:35869/__cypress/runner/cypress_runner.js:132448:16)\n    at tryCatcher (http://localhost:35869/__cypress/runner/cypress_runner.js:167415:23)\n    at Promise._settlePromiseFromHandler (http://localhost:35869/__cypress/runner/cypress_runner.js:165351:31)\n    at Promise._settlePromise (http://localhost:35869/__cypress/runner/cypress_runner.js:165408:18)\n    at Promise._settlePromise0 (http://localhost:35869/__cypress/runner/cypress_runner.js:165453:10)\n    at Promise._settlePromises (http://localhost:35869/__cypress/runner/cypress_runner.js:165528:18)\n    at Async../node_modules/bluebird/js/release/async.js.Async._drainQueue (http://localhost:35869/__cypress/runner/cypress_runner.js:162140:16)\n    at Async../node_modules/bluebird/js/release/async.js.Async._drainQueues (http://localhost:35869/__cypress/runner/cypress_runner.js:162150:10)\n    at Async.drainQueues (http://localhost:35869/__cypress/runner/cypress_runner.js:162024:14)",
                "diff": null
              },
              "uuid": "1bc1f5b1-f1a9-47ef-b3e7-985ae6e8c785",
              "parentUUID": "33ee961a-af46-4f82-9e20-eda68339d91a",
              "isHook": false,
              "skipped": false
            },
            {
              "title": "Verifica se o input só aceita número maiores que zero. Essa restrição deve ser feita usando os atributos do elemento `input`",
              "fullTitle": "10 - Faça o quadro de pixels ter seu tamanho definido pelo usuário. Verifica se o input só aceita número maiores que zero. Essa restrição deve ser feita usando os atributos do elemento `input`",
              "timedOut": null,
              "duration": 5220,
              "state": "failed",
              "speed": null,
              "pass": false,
              "fail": true,
              "pending": false,
              "context": null,
              "code": "cy.get('#board-size[type=\\'number\\'][min=\\'1\\']');",
              "err": {
                "message": "CypressError: Timed out retrying: Expected to find element: '#board-size[type='number'][min='1']', but never found it.",
                "estack": "CypressError: Timed out retrying: Expected to find element: '#board-size[type='number'][min='1']', but never found it.\n    at cypressErr (http://localhost:35869/__cypress/runner/cypress_runner.js:149934:9)\n    at throwErr (http://localhost:35869/__cypress/runner/cypress_runner.js:149867:11)\n    at Object.throwErrByPath (http://localhost:35869/__cypress/runner/cypress_runner.js:149915:3)\n    at retry (http://localhost:35869/__cypress/runner/cypress_runner.js:144197:19)\n    at onFailFn (http://localhost:35869/__cypress/runner/cypress_runner.js:132448:16)\n    at tryCatcher (http://localhost:35869/__cypress/runner/cypress_runner.js:167415:23)\n    at Promise._settlePromiseFromHandler (http://localhost:35869/__cypress/runner/cypress_runner.js:165351:31)\n    at Promise._settlePromise (http://localhost:35869/__cypress/runner/cypress_runner.js:165408:18)\n    at Promise._settlePromise0 (http://localhost:35869/__cypress/runner/cypress_runner.js:165453:10)\n    at Promise._settlePromises (http://localhost:35869/__cypress/runner/cypress_runner.js:165528:18)\n    at Async../node_modules/bluebird/js/release/async.js.Async._drainQueue (http://localhost:35869/__cypress/runner/cypress_runner.js:162140:16)\n    at Async../node_modules/bluebird/js/release/async.js.Async._drainQueues (http://localhost:35869/__cypress/runner/cypress_runner.js:162150:10)\n    at Async.drainQueues (http://localhost:35869/__cypress/runner/cypress_runner.js:162024:14)",
                "diff": null
              },
              "uuid": "0eb297d8-5c32-46dd-9a09-ae8f0ea0e18a",
              "parentUUID": "33ee961a-af46-4f82-9e20-eda68339d91a",
              "isHook": false,
              "skipped": false
            },
            {
              "title": "Verifica se o botão contém o texto 'VQV'",
              "fullTitle": "10 - Faça o quadro de pixels ter seu tamanho definido pelo usuário. Verifica se o botão contém o texto 'VQV'",
              "timedOut": null,
              "duration": 6311,
              "state": "failed",
              "speed": null,
              "pass": false,
              "fail": true,
              "pending": false,
              "context": null,
              "code": "cy.get('#generate-board').contains(/vqv/i);",
              "err": {
                "message": "CypressError: Timed out retrying: Expected to find element: '#generate-board', but never found it.",
                "estack": "CypressError: Timed out retrying: Expected to find element: '#generate-board', but never found it.\n    at cypressErr (http://localhost:35869/__cypress/runner/cypress_runner.js:149934:9)\n    at throwErr (http://localhost:35869/__cypress/runner/cypress_runner.js:149867:11)\n    at Object.throwErrByPath (http://localhost:35869/__cypress/runner/cypress_runner.js:149915:3)\n    at retry (http://localhost:35869/__cypress/runner/cypress_runner.js:144197:19)\n    at onFailFn (http://localhost:35869/__cypress/runner/cypress_runner.js:132448:16)\n    at tryCatcher (http://localhost:35869/__cypress/runner/cypress_runner.js:167415:23)\n    at Promise._settlePromiseFromHandler (http://localhost:35869/__cypress/runner/cypress_runner.js:165351:31)\n    at Promise._settlePromise (http://localhost:35869/__cypress/runner/cypress_runner.js:165408:18)\n    at Promise._settlePromise0 (http://localhost:35869/__cypress/runner/cypress_runner.js:165453:10)\n    at Promise._settlePromises (http://localhost:35869/__cypress/runner/cypress_runner.js:165528:18)\n    at Async../node_modules/bluebird/js/release/async.js.Async._drainQueue (http://localhost:35869/__cypress/runner/cypress_runner.js:162140:16)\n    at Async../node_modules/bluebird/js/release/async.js.Async._drainQueues (http://localhost:35869/__cypress/runner/cypress_runner.js:162150:10)\n    at Async.drainQueues (http://localhost:35869/__cypress/runner/cypress_runner.js:162024:14)",
                "diff": null
              },
              "uuid": "ce4d5948-1144-4f99-b9f7-e6c5c3c2145e",
              "parentUUID": "33ee961a-af46-4f82-9e20-eda68339d91a",
              "isHook": false,
              "skipped": false
            },
            {
              "title": "Verifica se o input está posicionado entre a paleta de cores e o quadro de pixels",
              "fullTitle": "10 - Faça o quadro de pixels ter seu tamanho definido pelo usuário. Verifica se o input está posicionado entre a paleta de cores e o quadro de pixels",
              "timedOut": null,
              "duration": 4886,
              "state": "failed",
              "speed": null,
              "pass": false,
              "fail": true,
              "pending": false,
              "context": null,
              "code": "cy.get('#color-palette').then(function (palette) {\n  cy.get('#board-size').should('be.belowOf', palette);\n});\ncy.get('#board-size').then(function (palette) {\n  cy.get('#pixel-board').should('be.belowOf', palette);\n});",
              "err": {
                "message": "CypressError: Timed out retrying: Expected to find element: '#board-size', but never found it.",
                "estack": "CypressError: Timed out retrying: Expected to find element: '#board-size', but never found it.\n    at cypressErr (http://localhost:35869/__cypress/runner/cypress_runner.js:149934:9)\n    at throwErr (http://localhost:35869/__cypress/runner/cypress_runner.js:149867:11)\n    at Object.throwErrByPath (http://localhost:35869/__cypress/runner/cypress_runner.js:149915:3)\n    at retry (http://localhost:35869/__cypress/runner/cypress_runner.js:144197:19)\n    at onFailFn (http://localhost:35869/__cypress/runner/cypress_runner.js:132448:16)\n    at tryCatcher (http://localhost:35869/__cypress/runner/cypress_runner.js:167415:23)\n    at Promise._settlePromiseFromHandler (http://localhost:35869/__cypress/runner/cypress_runner.js:165351:31)\n    at Promise._settlePromise (http://localhost:35869/__cypress/runner/cypress_runner.js:165408:18)\n    at Promise._settlePromise0 (http://localhost:35869/__cypress/runner/cypress_runner.js:165453:10)\n    at Promise._settlePromises (http://localhost:35869/__cypress/runner/cypress_runner.js:165528:18)\n    at Async../node_modules/bluebird/js/release/async.js.Async._drainQueue (http://localhost:35869/__cypress/runner/cypress_runner.js:162140:16)\n    at Async../node_modules/bluebird/js/release/async.js.Async._drainQueues (http://localhost:35869/__cypress/runner/cypress_runner.js:162150:10)\n    at Async.drainQueues (http://localhost:35869/__cypress/runner/cypress_runner.js:162024:14)",
                "diff": null
              },
              "uuid": "104fb02e-9f6f-4db2-897c-e164fa98b461",
              "parentUUID": "33ee961a-af46-4f82-9e20-eda68339d91a",
              "isHook": false,
              "skipped": false
            },
            {
              "title": "Verifica se o botão está posicionado ao lado do input",
              "fullTitle": "10 - Faça o quadro de pixels ter seu tamanho definido pelo usuário. Verifica se o botão está posicionado ao lado do input",
              "timedOut": null,
              "duration": 5141,
              "state": "failed",
              "speed": null,
              "pass": false,
              "fail": true,
              "pending": false,
              "context": null,
              "code": "cy.get('#board-size').then(function (board) {\n  cy.get('#generate-board').should('be.onTheRightOf', board);\n});",
              "err": {
                "message": "CypressError: Timed out retrying: Expected to find element: '#board-size', but never found it.",
                "estack": "CypressError: Timed out retrying: Expected to find element: '#board-size', but never found it.\n    at cypressErr (http://localhost:35869/__cypress/runner/cypress_runner.js:149934:9)\n    at throwErr (http://localhost:35869/__cypress/runner/cypress_runner.js:149867:11)\n    at Object.throwErrByPath (http://localhost:35869/__cypress/runner/cypress_runner.js:149915:3)\n    at retry (http://localhost:35869/__cypress/runner/cypress_runner.js:144197:19)\n    at onFailFn (http://localhost:35869/__cypress/runner/cypress_runner.js:132448:16)\n    at tryCatcher (http://localhost:35869/__cypress/runner/cypress_runner.js:167415:23)\n    at Promise._settlePromiseFromHandler (http://localhost:35869/__cypress/runner/cypress_runner.js:165351:31)\n    at Promise._settlePromise (http://localhost:35869/__cypress/runner/cypress_runner.js:165408:18)\n    at Promise._settlePromise0 (http://localhost:35869/__cypress/runner/cypress_runner.js:165453:10)\n    at Promise._settlePromises (http://localhost:35869/__cypress/runner/cypress_runner.js:165528:18)\n    at Async../node_modules/bluebird/js/release/async.js.Async._drainQueue (http://localhost:35869/__cypress/runner/cypress_runner.js:162140:16)\n    at Async../node_modules/bluebird/js/release/async.js.Async._drainQueues (http://localhost:35869/__cypress/runner/cypress_runner.js:162150:10)\n    at Async.drainQueues (http://localhost:35869/__cypress/runner/cypress_runner.js:162024:14)",
                "diff": null
              },
              "uuid": "da45932c-a13a-4dd1-bbcf-d55eac7f534d",
              "parentUUID": "33ee961a-af46-4f82-9e20-eda68339d91a",
              "isHook": false,
              "skipped": false
            },
            {
              "title": "Verifica se nenhum valor for colocado no input ao clicar no botão, um `alert` é exibido com o texto: 'Board inválido!'",
              "fullTitle": "10 - Faça o quadro de pixels ter seu tamanho definido pelo usuário. Verifica se nenhum valor for colocado no input ao clicar no botão, um `alert` é exibido com o texto: 'Board inválido!'",
              "timedOut": null,
              "duration": 5234,
              "state": "failed",
              "speed": null,
              "pass": false,
              "fail": true,
              "pending": false,
              "context": null,
              "code": "var alerted = false;\ncy.on('window:alert', function (msg) {\n  return alerted = msg;\n});\ncy.get('#generate-board').click().then(function () {\n  return expect(alerted).to.match(/Board inválido!/i);\n});",
              "err": {
                "message": "CypressError: Timed out retrying: Expected to find element: '#generate-board', but never found it.",
                "estack": "CypressError: Timed out retrying: Expected to find element: '#generate-board', but never found it.\n    at cypressErr (http://localhost:35869/__cypress/runner/cypress_runner.js:149934:9)\n    at throwErr (http://localhost:35869/__cypress/runner/cypress_runner.js:149867:11)\n    at Object.throwErrByPath (http://localhost:35869/__cypress/runner/cypress_runner.js:149915:3)\n    at retry (http://localhost:35869/__cypress/runner/cypress_runner.js:144197:19)\n    at onFailFn (http://localhost:35869/__cypress/runner/cypress_runner.js:132448:16)\n    at tryCatcher (http://localhost:35869/__cypress/runner/cypress_runner.js:167415:23)\n    at Promise._settlePromiseFromHandler (http://localhost:35869/__cypress/runner/cypress_runner.js:165351:31)\n    at Promise._settlePromise (http://localhost:35869/__cypress/runner/cypress_runner.js:165408:18)\n    at Promise._settlePromise0 (http://localhost:35869/__cypress/runner/cypress_runner.js:165453:10)\n    at Promise._settlePromises (http://localhost:35869/__cypress/runner/cypress_runner.js:165528:18)\n    at Async../node_modules/bluebird/js/release/async.js.Async._drainQueue (http://localhost:35869/__cypress/runner/cypress_runner.js:162140:16)\n    at Async../node_modules/bluebird/js/release/async.js.Async._drainQueues (http://localhost:35869/__cypress/runner/cypress_runner.js:162150:10)\n    at Async.drainQueues (http://localhost:35869/__cypress/runner/cypress_runner.js:162024:14)",
                "diff": null
              },
              "uuid": "341ec85c-c3be-49ad-8e17-bb0c7001031c",
              "parentUUID": "33ee961a-af46-4f82-9e20-eda68339d91a",
              "isHook": false,
              "skipped": false
            },
            {
              "title": "Verifica se ao clicar no botão com um valor preenchido, o tamanho do board muda.",
              "fullTitle": "10 - Faça o quadro de pixels ter seu tamanho definido pelo usuário. Verifica se ao clicar no botão com um valor preenchido, o tamanho do board muda.",
              "timedOut": null,
              "duration": 4859,
              "state": "failed",
              "speed": null,
              "pass": false,
              "fail": true,
              "pending": false,
              "context": null,
              "code": "cy.get('#board-size').clear().type(10);\ncy.get('#generate-board').click();\ncy.get('.pixel').should('have.length', 100);",
              "err": {
                "message": "CypressError: Timed out retrying: Expected to find element: '#board-size', but never found it.",
                "estack": "CypressError: Timed out retrying: Expected to find element: '#board-size', but never found it.\n    at cypressErr (http://localhost:35869/__cypress/runner/cypress_runner.js:149934:9)\n    at throwErr (http://localhost:35869/__cypress/runner/cypress_runner.js:149867:11)\n    at Object.throwErrByPath (http://localhost:35869/__cypress/runner/cypress_runner.js:149915:3)\n    at retry (http://localhost:35869/__cypress/runner/cypress_runner.js:144197:19)\n    at onFailFn (http://localhost:35869/__cypress/runner/cypress_runner.js:132448:16)\n    at tryCatcher (http://localhost:35869/__cypress/runner/cypress_runner.js:167415:23)\n    at Promise._settlePromiseFromHandler (http://localhost:35869/__cypress/runner/cypress_runner.js:165351:31)\n    at Promise._settlePromise (http://localhost:35869/__cypress/runner/cypress_runner.js:165408:18)\n    at Promise._settlePromise0 (http://localhost:35869/__cypress/runner/cypress_runner.js:165453:10)\n    at Promise._settlePromises (http://localhost:35869/__cypress/runner/cypress_runner.js:165528:18)\n    at Async../node_modules/bluebird/js/release/async.js.Async._drainQueue (http://localhost:35869/__cypress/runner/cypress_runner.js:162140:16)\n    at Async../node_modules/bluebird/js/release/async.js.Async._drainQueues (http://localhost:35869/__cypress/runner/cypress_runner.js:162150:10)\n    at Async.drainQueues (http://localhost:35869/__cypress/runner/cypress_runner.js:162024:14)",
                "diff": null
              },
              "uuid": "1507745a-9ab9-4e8d-8bf2-f47784802709",
              "parentUUID": "33ee961a-af46-4f82-9e20-eda68339d91a",
              "isHook": false,
              "skipped": false
            },
            {
              "title": "Verifica se o novo quadro tem todos os pixels preenchidos com a cor branca",
              "fullTitle": "10 - Faça o quadro de pixels ter seu tamanho definido pelo usuário. Verifica se o novo quadro tem todos os pixels preenchidos com a cor branca",
              "timedOut": null,
              "duration": 4937,
              "state": "failed",
              "speed": null,
              "pass": false,
              "fail": true,
              "pending": false,
              "context": null,
              "code": "cy.get('#board-size').clear().type(6);\ncy.get('#generate-board').click();\ncy.get('.pixel').should('have.length', 36).each(function (pixel) {\n  expect(pixel).to.have.css('background-color', WHITE);\n});",
              "err": {
                "message": "CypressError: Timed out retrying: Expected to find element: '#board-size', but never found it.",
                "estack": "CypressError: Timed out retrying: Expected to find element: '#board-size', but never found it.\n    at cypressErr (http://localhost:35869/__cypress/runner/cypress_runner.js:149934:9)\n    at throwErr (http://localhost:35869/__cypress/runner/cypress_runner.js:149867:11)\n    at Object.throwErrByPath (http://localhost:35869/__cypress/runner/cypress_runner.js:149915:3)\n    at retry (http://localhost:35869/__cypress/runner/cypress_runner.js:144197:19)\n    at onFailFn (http://localhost:35869/__cypress/runner/cypress_runner.js:132448:16)\n    at tryCatcher (http://localhost:35869/__cypress/runner/cypress_runner.js:167415:23)\n    at Promise._settlePromiseFromHandler (http://localhost:35869/__cypress/runner/cypress_runner.js:165351:31)\n    at Promise._settlePromise (http://localhost:35869/__cypress/runner/cypress_runner.js:165408:18)\n    at Promise._settlePromise0 (http://localhost:35869/__cypress/runner/cypress_runner.js:165453:10)\n    at Promise._settlePromises (http://localhost:35869/__cypress/runner/cypress_runner.js:165528:18)\n    at Async../node_modules/bluebird/js/release/async.js.Async._drainQueue (http://localhost:35869/__cypress/runner/cypress_runner.js:162140:16)\n    at Async../node_modules/bluebird/js/release/async.js.Async._drainQueues (http://localhost:35869/__cypress/runner/cypress_runner.js:162150:10)\n    at Async.drainQueues (http://localhost:35869/__cypress/runner/cypress_runner.js:162024:14)",
                "diff": null
              },
              "uuid": "ad4a1e1a-da71-45f0-a16f-78b7d37b94c6",
              "parentUUID": "33ee961a-af46-4f82-9e20-eda68339d91a",
              "isHook": false,
              "skipped": false
            }
          ],
          "suites": [],
          "passes": [],
          "failures": [
            "5e4c2fb4-c4aa-404d-8023-12e416e89295",
            "1bc1f5b1-f1a9-47ef-b3e7-985ae6e8c785",
            "0eb297d8-5c32-46dd-9a09-ae8f0ea0e18a",
            "ce4d5948-1144-4f99-b9f7-e6c5c3c2145e",
            "104fb02e-9f6f-4db2-897c-e164fa98b461",
            "da45932c-a13a-4dd1-bbcf-d55eac7f534d",
            "341ec85c-c3be-49ad-8e17-bb0c7001031c",
            "1507745a-9ab9-4e8d-8bf2-f47784802709",
            "ad4a1e1a-da71-45f0-a16f-78b7d37b94c6"
          ],
          "pending": [],
          "skipped": [],
          "duration": 47083,
          "root": false,
          "rootEmpty": false,
          "_timeout": 2000
        },
        {
          "uuid": "b601066f-c0be-414c-b7bb-7f697ce39d20",
          "title": "11 - Limite o tamanho mínimo e máximo do board.",
          "fullFile": "",
          "file": "",
          "beforeHooks": [],
          "afterHooks": [],
          "tests": [
            {
              "title": "Verifica se a altura máxima do board é 50",
              "fullTitle": "11 - Limite o tamanho mínimo e máximo do board. Verifica se a altura máxima do board é 50",
              "timedOut": null,
              "duration": 5047,
              "state": "failed",
              "speed": null,
              "pass": false,
              "fail": true,
              "pending": false,
              "context": null,
              "code": "cy.get('#board-size').clear().type(50);\ncy.get('#generate-board').click();\ncy.get('.pixel').should('have.length', 2500);",
              "err": {
                "message": "CypressError: Timed out retrying: Expected to find element: '#board-size', but never found it.",
                "estack": "CypressError: Timed out retrying: Expected to find element: '#board-size', but never found it.\n    at cypressErr (http://localhost:35869/__cypress/runner/cypress_runner.js:149934:9)\n    at throwErr (http://localhost:35869/__cypress/runner/cypress_runner.js:149867:11)\n    at Object.throwErrByPath (http://localhost:35869/__cypress/runner/cypress_runner.js:149915:3)\n    at retry (http://localhost:35869/__cypress/runner/cypress_runner.js:144197:19)\n    at onFailFn (http://localhost:35869/__cypress/runner/cypress_runner.js:132448:16)\n    at tryCatcher (http://localhost:35869/__cypress/runner/cypress_runner.js:167415:23)\n    at Promise._settlePromiseFromHandler (http://localhost:35869/__cypress/runner/cypress_runner.js:165351:31)\n    at Promise._settlePromise (http://localhost:35869/__cypress/runner/cypress_runner.js:165408:18)\n    at Promise._settlePromise0 (http://localhost:35869/__cypress/runner/cypress_runner.js:165453:10)\n    at Promise._settlePromises (http://localhost:35869/__cypress/runner/cypress_runner.js:165528:18)\n    at Async../node_modules/bluebird/js/release/async.js.Async._drainQueue (http://localhost:35869/__cypress/runner/cypress_runner.js:162140:16)\n    at Async../node_modules/bluebird/js/release/async.js.Async._drainQueues (http://localhost:35869/__cypress/runner/cypress_runner.js:162150:10)\n    at Async.drainQueues (http://localhost:35869/__cypress/runner/cypress_runner.js:162024:14)",
                "diff": null
              },
              "uuid": "082c370a-7e28-439c-8452-8290de74608f",
              "parentUUID": "b601066f-c0be-414c-b7bb-7f697ce39d20",
              "isHook": false,
              "skipped": false
            },
            {
              "title": "Verifica se a altura do board é 5 quando um valor menor é colocado no input",
              "fullTitle": "11 - Limite o tamanho mínimo e máximo do board. Verifica se a altura do board é 5 quando um valor menor é colocado no input",
              "timedOut": null,
              "duration": 5292,
              "state": "failed",
              "speed": null,
              "pass": false,
              "fail": true,
              "pending": false,
              "context": null,
              "code": "cy.get('#board-size').clear().type(4);\ncy.get('#generate-board').click();\ncy.get('.pixel').should('have.length', 25);",
              "err": {
                "message": "CypressError: Timed out retrying: Expected to find element: '#board-size', but never found it.",
                "estack": "CypressError: Timed out retrying: Expected to find element: '#board-size', but never found it.\n    at cypressErr (http://localhost:35869/__cypress/runner/cypress_runner.js:149934:9)\n    at throwErr (http://localhost:35869/__cypress/runner/cypress_runner.js:149867:11)\n    at Object.throwErrByPath (http://localhost:35869/__cypress/runner/cypress_runner.js:149915:3)\n    at retry (http://localhost:35869/__cypress/runner/cypress_runner.js:144197:19)\n    at onFailFn (http://localhost:35869/__cypress/runner/cypress_runner.js:132448:16)\n    at tryCatcher (http://localhost:35869/__cypress/runner/cypress_runner.js:167415:23)\n    at Promise._settlePromiseFromHandler (http://localhost:35869/__cypress/runner/cypress_runner.js:165351:31)\n    at Promise._settlePromise (http://localhost:35869/__cypress/runner/cypress_runner.js:165408:18)\n    at Promise._settlePromise0 (http://localhost:35869/__cypress/runner/cypress_runner.js:165453:10)\n    at Promise._settlePromises (http://localhost:35869/__cypress/runner/cypress_runner.js:165528:18)\n    at Async../node_modules/bluebird/js/release/async.js.Async._drainQueue (http://localhost:35869/__cypress/runner/cypress_runner.js:162140:16)\n    at Async../node_modules/bluebird/js/release/async.js.Async._drainQueues (http://localhost:35869/__cypress/runner/cypress_runner.js:162150:10)\n    at Async.drainQueues (http://localhost:35869/__cypress/runner/cypress_runner.js:162024:14)",
                "diff": null
              },
              "uuid": "9a279e3f-7e3d-4dce-adad-3ccde1837f60",
              "parentUUID": "b601066f-c0be-414c-b7bb-7f697ce39d20",
              "isHook": false,
              "skipped": false
            },
            {
              "title": "Verifica se a altura do board é 50 quando um valor maior é colocado no input",
              "fullTitle": "11 - Limite o tamanho mínimo e máximo do board. Verifica se a altura do board é 50 quando um valor maior é colocado no input",
              "timedOut": null,
              "duration": 4825,
              "state": "failed",
              "speed": null,
              "pass": false,
              "fail": true,
              "pending": false,
              "context": null,
              "code": "cy.get('#board-size').clear().type(51);\ncy.get('#generate-board').click();\ncy.get('.pixel').should('have.length', 2500);",
              "err": {
                "message": "CypressError: Timed out retrying: Expected to find element: '#board-size', but never found it.",
                "estack": "CypressError: Timed out retrying: Expected to find element: '#board-size', but never found it.\n    at cypressErr (http://localhost:35869/__cypress/runner/cypress_runner.js:149934:9)\n    at throwErr (http://localhost:35869/__cypress/runner/cypress_runner.js:149867:11)\n    at Object.throwErrByPath (http://localhost:35869/__cypress/runner/cypress_runner.js:149915:3)\n    at retry (http://localhost:35869/__cypress/runner/cypress_runner.js:144197:19)\n    at onFailFn (http://localhost:35869/__cypress/runner/cypress_runner.js:132448:16)\n    at tryCatcher (http://localhost:35869/__cypress/runner/cypress_runner.js:167415:23)\n    at Promise._settlePromiseFromHandler (http://localhost:35869/__cypress/runner/cypress_runner.js:165351:31)\n    at Promise._settlePromise (http://localhost:35869/__cypress/runner/cypress_runner.js:165408:18)\n    at Promise._settlePromise0 (http://localhost:35869/__cypress/runner/cypress_runner.js:165453:10)\n    at Promise._settlePromises (http://localhost:35869/__cypress/runner/cypress_runner.js:165528:18)\n    at Async../node_modules/bluebird/js/release/async.js.Async._drainQueue (http://localhost:35869/__cypress/runner/cypress_runner.js:162140:16)\n    at Async../node_modules/bluebird/js/release/async.js.Async._drainQueues (http://localhost:35869/__cypress/runner/cypress_runner.js:162150:10)\n    at Async.drainQueues (http://localhost:35869/__cypress/runner/cypress_runner.js:162024:14)",
                "diff": null
              },
              "uuid": "ec61fba7-af53-4da5-bab1-4dbb5872ae37",
              "parentUUID": "b601066f-c0be-414c-b7bb-7f697ce39d20",
              "isHook": false,
              "skipped": false
            }
          ],
          "suites": [],
          "passes": [],
          "failures": [
            "082c370a-7e28-439c-8452-8290de74608f",
            "9a279e3f-7e3d-4dce-adad-3ccde1837f60",
            "ec61fba7-af53-4da5-bab1-4dbb5872ae37"
          ],
          "pending": [],
          "skipped": [],
          "duration": 15164,
          "root": false,
          "rootEmpty": false,
          "_timeout": 2000
        },
        {
          "uuid": "2cac5cd7-e486-49eb-8c06-307081f87481",
          "title": "12 - Faça com que as cores da paleta sejam geradas aleatoriamente ao carregar a página.",
          "fullFile": "",
          "file": "",
          "beforeHooks": [],
          "afterHooks": [],
          "tests": [
            {
              "title": "Verifica se as cores geradas na paleta são diferentes a cada carregamento da página",
              "fullTitle": "12 - Faça com que as cores da paleta sejam geradas aleatoriamente ao carregar a página. Verifica se as cores geradas na paleta são diferentes a cada carregamento da página",
              "timedOut": null,
              "duration": 1548,
              "state": "failed",
              "speed": null,
              "pass": false,
              "fail": true,
              "pending": false,
              "context": null,
              "code": "cy.get('.color').then(function (colors) {\n  var currentColors;\n  var previousColors;\n  previousColors = Array.from(colors).map(function (color) {\n    return Cypress.$(color).css('background-color');\n  });\n  for (var i = 0; i < 5; i += 1) {\n    cy.reload();\n    cy.get('.color').then(function (colors) {\n      currentColors = Array.from(colors).map(function (color) {\n        return Cypress.$(color).css('background-color');\n      });\n      expect(currentColors).not.to.deep.equal(previousColors);\n      previousColors = currentColors;\n    });\n  }\n});",
              "err": {
                "message": "AssertionError: expected [ Array(4) ] to not deeply equal [ Array(4) ]",
                "estack": "AssertionError: expected [ Array(4) ] to not deeply equal [ Array(4) ]\n    at getRet (http://localhost:35869/__cypress/runner/cypress_runner.js:136585:16)\n    at tryCatcher (http://localhost:35869/__cypress/runner/cypress_runner.js:167415:23)\n    at Function.Promise.attempt.Promise.try (http://localhost:35869/__cypress/runner/cypress_runner.js:164690:29)\n    at Context.thenFn (http://localhost:35869/__cypress/runner/cypress_runner.js:136599:23)\n    at Context.then (http://localhost:35869/__cypress/runner/cypress_runner.js:136971:21)\n    at Context.<anonymous> (http://localhost:35869/__cypress/runner/cypress_runner.js:148875:21)\n    at http://localhost:35869/__cypress/runner/cypress_runner.js:148351:33\n    at tryCatcher (http://localhost:35869/__cypress/runner/cypress_runner.js:167415:23)\n    at Promise._settlePromiseFromHandler (http://localhost:35869/__cypress/runner/cypress_runner.js:165351:31)\n    at Promise._settlePromise (http://localhost:35869/__cypress/runner/cypress_runner.js:165408:18)\n    at Promise._settlePromiseCtx (http://localhost:35869/__cypress/runner/cypress_runner.js:165445:10)\n    at Async../node_modules/bluebird/js/release/async.js.Async._drainQueue (http://localhost:35869/__cypress/runner/cypress_runner.js:162145:12)\n    at Async../node_modules/bluebird/js/release/async.js.Async._drainQueues (http://localhost:35869/__cypress/runner/cypress_runner.js:162150:10)\n    at Async.drainQueues (http://localhost:35869/__cypress/runner/cypress_runner.js:162024:14)",
                "diff": ""
              },
              "uuid": "24a13bef-0674-4c26-a354-b002923b3966",
              "parentUUID": "2cac5cd7-e486-49eb-8c06-307081f87481",
              "isHook": false,
              "skipped": false
            },
            {
              "title": "Verifica se a cor preta ainda está presente e é a primeira na sua paleta de cores",
              "fullTitle": "12 - Faça com que as cores da paleta sejam geradas aleatoriamente ao carregar a página. Verifica se a cor preta ainda está presente e é a primeira na sua paleta de cores",
              "timedOut": null,
              "duration": 1070,
              "state": "failed",
              "speed": null,
              "pass": false,
              "fail": true,
              "pending": false,
              "context": null,
              "code": "cy.get('.color').then(function (colors) {\n  var currentColors;\n  var previousColors;\n  previousColors = Array.from(colors).map(function (color) {\n    return Cypress.$(color).css('background-color');\n  });\n  expect(previousColors[0]).to.eq(BLACK);\n  for (var i = 0; i < 5; i += 1) {\n    cy.reload();\n    cy.get('.color').then(function (colors) {\n      currentColors = Array.from(colors).map(function (color) {\n        return Cypress.$(color).css('background-color');\n      });\n      expect(currentColors[0]).to.eq(BLACK);\n      expect(currentColors).not.to.deep.equal(previousColors);\n      previousColors = currentColors;\n    });\n  }\n});",
              "err": {
                "message": "AssertionError: expected [ Array(4) ] to not deeply equal [ Array(4) ]",
                "estack": "AssertionError: expected [ Array(4) ] to not deeply equal [ Array(4) ]\n    at getRet (http://localhost:35869/__cypress/runner/cypress_runner.js:136585:16)\n    at tryCatcher (http://localhost:35869/__cypress/runner/cypress_runner.js:167415:23)\n    at Function.Promise.attempt.Promise.try (http://localhost:35869/__cypress/runner/cypress_runner.js:164690:29)\n    at Context.thenFn (http://localhost:35869/__cypress/runner/cypress_runner.js:136599:23)\n    at Context.then (http://localhost:35869/__cypress/runner/cypress_runner.js:136971:21)\n    at Context.<anonymous> (http://localhost:35869/__cypress/runner/cypress_runner.js:148875:21)\n    at http://localhost:35869/__cypress/runner/cypress_runner.js:148351:33\n    at tryCatcher (http://localhost:35869/__cypress/runner/cypress_runner.js:167415:23)\n    at Promise._settlePromiseFromHandler (http://localhost:35869/__cypress/runner/cypress_runner.js:165351:31)\n    at Promise._settlePromise (http://localhost:35869/__cypress/runner/cypress_runner.js:165408:18)\n    at Promise._settlePromiseCtx (http://localhost:35869/__cypress/runner/cypress_runner.js:165445:10)\n    at Async../node_modules/bluebird/js/release/async.js.Async._drainQueue (http://localhost:35869/__cypress/runner/cypress_runner.js:162145:12)\n    at Async../node_modules/bluebird/js/release/async.js.Async._drainQueues (http://localhost:35869/__cypress/runner/cypress_runner.js:162150:10)\n    at Async.drainQueues (http://localhost:35869/__cypress/runner/cypress_runner.js:162024:14)",
                "diff": ""
              },
              "uuid": "ec29133a-2f42-4d69-b93b-5ac25748f397",
              "parentUUID": "2cac5cd7-e486-49eb-8c06-307081f87481",
              "isHook": false,
              "skipped": false
            }
          ],
          "suites": [],
          "passes": [],
          "failures": [
            "24a13bef-0674-4c26-a354-b002923b3966",
            "ec29133a-2f42-4d69-b93b-5ac25748f397"
          ],
          "pending": [],
          "skipped": [],
          "duration": 2618,
          "root": false,
          "rootEmpty": false,
          "_timeout": 2000
        }
      ],
      "passes": [],
      "failures": [],
      "pending": [],
      "skipped": [],
      "duration": 0,
      "root": true,
      "rootEmpty": true,
      "_timeout": 2000
    }
  ],
  "meta": {
    "mocha": {
      "version": "7.0.1"
    },
    "mochawesome": {
      "options": {
        "quiet": false,
        "reportFilename": "mochawesome",
        "saveHtml": false,
        "saveJson": true,
        "consoleReporter": "spec",
        "useInlineDiffs": false
      },
      "version": "4.1.0"
    },
    "marge": {
      "options": {
        "id": "default",
        "reportDir": "cypress/reports",
        "overwrite": true,
        "html": false,
        "json": true
      },
      "version": "4.1.0"
    }
  }
}