{
  "stats": {
    "suites": 12,
    "tests": 41,
    "passes": 2,
    "pending": 0,
    "failures": 39,
    "start": "2021-08-13T21:01:49.256Z",
    "end": "2021-08-13T21:05:19.489Z",
    "duration": 210233,
    "testsRegistered": 41,
    "passPercent": 4.878048780487805,
    "pendingPercent": 0,
    "other": 0,
    "hasOther": false,
    "skipped": 0,
    "hasSkipped": false
  },
  "results": [
    {
      "uuid": "1d029a31-f413-4b4c-82f1-ee2cc6cf5bb7",
      "title": "",
      "fullFile": "cypress/integration/project.spec.js",
      "file": "cypress/integration/project.spec.js",
      "beforeHooks": [],
      "afterHooks": [],
      "tests": [],
      "suites": [
        {
          "uuid": "22517e01-18d6-42c0-97a2-ed3c109f0200",
          "title": "1 - Adicione à página o título \"Paleta de Cores\".",
          "fullFile": "",
          "file": "",
          "beforeHooks": [],
          "afterHooks": [],
          "tests": [
            {
              "title": "Verifica se contém um elemento `h1` com o id `title` com o título correto",
              "fullTitle": "1 - Adicione à página o título \"Paleta de Cores\". Verifica se contém um elemento `h1` com o id `title` com o título correto",
              "timedOut": null,
              "duration": 921,
              "state": "passed",
              "speed": "slow",
              "pass": true,
              "fail": false,
              "pending": false,
              "context": null,
              "code": "cy.get('h1#title').should('contain.text', 'Paleta de Cores');",
              "err": {},
              "uuid": "635a451d-8532-4f4c-a70a-3da45971ac84",
              "parentUUID": "22517e01-18d6-42c0-97a2-ed3c109f0200",
              "isHook": false,
              "skipped": false
            }
          ],
          "suites": [],
          "passes": [
            "635a451d-8532-4f4c-a70a-3da45971ac84"
          ],
          "failures": [],
          "pending": [],
          "skipped": [],
          "duration": 921,
          "root": false,
          "rootEmpty": false,
          "_timeout": 2000
        },
        {
          "uuid": "67cf06dd-759c-46ce-9659-b772b852e021",
          "title": "2 - Adicione à página uma paleta de quatro cores distintas.",
          "fullFile": "",
          "file": "",
          "beforeHooks": [],
          "afterHooks": [],
          "tests": [
            {
              "title": "A paleta de cores deve ser um elemento com `id` denominado `color-palette`",
              "fullTitle": "2 - Adicione à página uma paleta de quatro cores distintas. A paleta de cores deve ser um elemento com `id` denominado `color-palette`",
              "timedOut": null,
              "duration": 5205,
              "state": "failed",
              "speed": null,
              "pass": false,
              "fail": true,
              "pending": false,
              "context": null,
              "code": "cy.get('#color-palette').should('be.visible');",
              "err": {
                "message": "CypressError: Timed out retrying: expected '<div#color-palette>' to be 'visible'\n\nThis element '<div#color-palette>' is not visible because it has an effective width and height of: '1350 x 0' pixels.",
                "estack": "CypressError: Timed out retrying: expected '<div#color-palette>' to be 'visible'\n\nThis element '<div#color-palette>' is not visible because it has an effective width and height of: '1350 x 0' pixels.\n    at cypressErr (http://localhost:33615/__cypress/runner/cypress_runner.js:149934:9)\n    at throwErr (http://localhost:33615/__cypress/runner/cypress_runner.js:149867:11)\n    at Object.throwErrByPath (http://localhost:33615/__cypress/runner/cypress_runner.js:149915:3)\n    at retry (http://localhost:33615/__cypress/runner/cypress_runner.js:144197:19)\n    at onFailFn (http://localhost:33615/__cypress/runner/cypress_runner.js:132448:16)\n    at tryCatcher (http://localhost:33615/__cypress/runner/cypress_runner.js:167415:23)\n    at Promise._settlePromiseFromHandler (http://localhost:33615/__cypress/runner/cypress_runner.js:165351:31)\n    at Promise._settlePromise (http://localhost:33615/__cypress/runner/cypress_runner.js:165408:18)\n    at Promise._settlePromise0 (http://localhost:33615/__cypress/runner/cypress_runner.js:165453:10)\n    at Promise._settlePromises (http://localhost:33615/__cypress/runner/cypress_runner.js:165528:18)\n    at Async../node_modules/bluebird/js/release/async.js.Async._drainQueue (http://localhost:33615/__cypress/runner/cypress_runner.js:162140:16)\n    at Async../node_modules/bluebird/js/release/async.js.Async._drainQueues (http://localhost:33615/__cypress/runner/cypress_runner.js:162150:10)\n    at Async.drainQueues (http://localhost:33615/__cypress/runner/cypress_runner.js:162024:14)",
                "diff": null
              },
              "uuid": "756a7de0-ff71-4ef7-85ba-f7f2c2fddef4",
              "parentUUID": "67cf06dd-759c-46ce-9659-b772b852e021",
              "isHook": false,
              "skipped": false
            },
            {
              "title": "Verifica se cada cor individual da paleta de cores possui a `classe` chamada `color`.",
              "fullTitle": "2 - Adicione à página uma paleta de quatro cores distintas. Verifica se cada cor individual da paleta de cores possui a `classe` chamada `color`.",
              "timedOut": null,
              "duration": 5253,
              "state": "failed",
              "speed": null,
              "pass": false,
              "fail": true,
              "pending": false,
              "context": null,
              "code": "cy.get('.color').should('have.length', 4).then(function (colors) {\n  for (var i = 0; i < colors.length; i++) {\n    cy.wrap(colors[i]).should('be.visible');\n  }\n});",
              "err": {
                "message": "CypressError: Timed out retrying: Expected to find element: '.color', but never found it.",
                "estack": "CypressError: Timed out retrying: Expected to find element: '.color', but never found it.\n    at cypressErr (http://localhost:33615/__cypress/runner/cypress_runner.js:149934:9)\n    at throwErr (http://localhost:33615/__cypress/runner/cypress_runner.js:149867:11)\n    at Object.throwErrByPath (http://localhost:33615/__cypress/runner/cypress_runner.js:149915:3)\n    at retry (http://localhost:33615/__cypress/runner/cypress_runner.js:144197:19)\n    at onFailFn (http://localhost:33615/__cypress/runner/cypress_runner.js:132448:16)\n    at tryCatcher (http://localhost:33615/__cypress/runner/cypress_runner.js:167415:23)\n    at Promise._settlePromiseFromHandler (http://localhost:33615/__cypress/runner/cypress_runner.js:165351:31)\n    at Promise._settlePromise (http://localhost:33615/__cypress/runner/cypress_runner.js:165408:18)\n    at Promise._settlePromise0 (http://localhost:33615/__cypress/runner/cypress_runner.js:165453:10)\n    at Promise._settlePromises (http://localhost:33615/__cypress/runner/cypress_runner.js:165528:18)\n    at Async../node_modules/bluebird/js/release/async.js.Async._drainQueue (http://localhost:33615/__cypress/runner/cypress_runner.js:162140:16)\n    at Async../node_modules/bluebird/js/release/async.js.Async._drainQueues (http://localhost:33615/__cypress/runner/cypress_runner.js:162150:10)\n    at Async.drainQueues (http://localhost:33615/__cypress/runner/cypress_runner.js:162024:14)",
                "diff": null
              },
              "uuid": "6a80a017-27fc-4baf-a56e-3b633a3c841a",
              "parentUUID": "67cf06dd-759c-46ce-9659-b772b852e021",
              "isHook": false,
              "skipped": false
            },
            {
              "title": "Verifica se a cor de fundo de cada elemento da paleta é a cor que o elemento representa. **A única cor não permitida na paleta é a cor branca.**",
              "fullTitle": "2 - Adicione à página uma paleta de quatro cores distintas. Verifica se a cor de fundo de cada elemento da paleta é a cor que o elemento representa. **A única cor não permitida na paleta é a cor branca.**",
              "timedOut": null,
              "duration": 5086,
              "state": "failed",
              "speed": null,
              "pass": false,
              "fail": true,
              "pending": false,
              "context": null,
              "code": "cy.get('.color').each(function (color) {\n  cy.wrap(color).should('have.class', 'color').and('not.have.css', 'background-color', WHITE);\n  cy.wrap(color).should('have.css', 'background-color');\n});",
              "err": {
                "message": "CypressError: Timed out retrying: Expected to find element: '.color', but never found it.",
                "estack": "CypressError: Timed out retrying: Expected to find element: '.color', but never found it.\n    at cypressErr (http://localhost:33615/__cypress/runner/cypress_runner.js:149934:9)\n    at throwErr (http://localhost:33615/__cypress/runner/cypress_runner.js:149867:11)\n    at Object.throwErrByPath (http://localhost:33615/__cypress/runner/cypress_runner.js:149915:3)\n    at retry (http://localhost:33615/__cypress/runner/cypress_runner.js:144197:19)\n    at onFailFn (http://localhost:33615/__cypress/runner/cypress_runner.js:132448:16)\n    at tryCatcher (http://localhost:33615/__cypress/runner/cypress_runner.js:167415:23)\n    at Promise._settlePromiseFromHandler (http://localhost:33615/__cypress/runner/cypress_runner.js:165351:31)\n    at Promise._settlePromise (http://localhost:33615/__cypress/runner/cypress_runner.js:165408:18)\n    at Promise._settlePromise0 (http://localhost:33615/__cypress/runner/cypress_runner.js:165453:10)\n    at Promise._settlePromises (http://localhost:33615/__cypress/runner/cypress_runner.js:165528:18)\n    at Async../node_modules/bluebird/js/release/async.js.Async._drainQueue (http://localhost:33615/__cypress/runner/cypress_runner.js:162140:16)\n    at Async../node_modules/bluebird/js/release/async.js.Async._drainQueues (http://localhost:33615/__cypress/runner/cypress_runner.js:162150:10)\n    at Async.drainQueues (http://localhost:33615/__cypress/runner/cypress_runner.js:162024:14)",
                "diff": null
              },
              "uuid": "11e4d653-c924-4ab3-8556-a9505c749ce0",
              "parentUUID": "67cf06dd-759c-46ce-9659-b772b852e021",
              "isHook": false,
              "skipped": false
            },
            {
              "title": "Verifica se cada elemento da paleta de cores tem uma borda preta, sólida e com 1 pixel de largura;",
              "fullTitle": "2 - Adicione à página uma paleta de quatro cores distintas. Verifica se cada elemento da paleta de cores tem uma borda preta, sólida e com 1 pixel de largura;",
              "timedOut": null,
              "duration": 4960,
              "state": "failed",
              "speed": null,
              "pass": false,
              "fail": true,
              "pending": false,
              "context": null,
              "code": "cy.get('.color').each(function (color) {\n  cy.wrap(color).and('have.css', 'border', \"1px solid \".concat(BLACK)).and('have.class', 'color');\n});",
              "err": {
                "message": "CypressError: Timed out retrying: Expected to find element: '.color', but never found it.",
                "estack": "CypressError: Timed out retrying: Expected to find element: '.color', but never found it.\n    at cypressErr (http://localhost:33615/__cypress/runner/cypress_runner.js:149934:9)\n    at throwErr (http://localhost:33615/__cypress/runner/cypress_runner.js:149867:11)\n    at Object.throwErrByPath (http://localhost:33615/__cypress/runner/cypress_runner.js:149915:3)\n    at retry (http://localhost:33615/__cypress/runner/cypress_runner.js:144197:19)\n    at onFailFn (http://localhost:33615/__cypress/runner/cypress_runner.js:132448:16)\n    at tryCatcher (http://localhost:33615/__cypress/runner/cypress_runner.js:167415:23)\n    at Promise._settlePromiseFromHandler (http://localhost:33615/__cypress/runner/cypress_runner.js:165351:31)\n    at Promise._settlePromise (http://localhost:33615/__cypress/runner/cypress_runner.js:165408:18)\n    at Promise._settlePromise0 (http://localhost:33615/__cypress/runner/cypress_runner.js:165453:10)\n    at Promise._settlePromises (http://localhost:33615/__cypress/runner/cypress_runner.js:165528:18)\n    at Async../node_modules/bluebird/js/release/async.js.Async._drainQueue (http://localhost:33615/__cypress/runner/cypress_runner.js:162140:16)\n    at Async../node_modules/bluebird/js/release/async.js.Async._drainQueues (http://localhost:33615/__cypress/runner/cypress_runner.js:162150:10)\n    at Async.drainQueues (http://localhost:33615/__cypress/runner/cypress_runner.js:162024:14)",
                "diff": null
              },
              "uuid": "21d9ceac-6ebc-43a5-98df-21e1c33df15b",
              "parentUUID": "67cf06dd-759c-46ce-9659-b772b852e021",
              "isHook": false,
              "skipped": false
            },
            {
              "title": "Verifica se a paleta lista todas as cores disponíveis para utilização, lado a lado.",
              "fullTitle": "2 - Adicione à página uma paleta de quatro cores distintas. Verifica se a paleta lista todas as cores disponíveis para utilização, lado a lado.",
              "timedOut": null,
              "duration": 5304,
              "state": "failed",
              "speed": null,
              "pass": false,
              "fail": true,
              "pending": false,
              "context": null,
              "code": "cy.get('.color').then(function (colors) {\n  for (var index = 1; index < colors.length; index += 1) {\n    var currentColor = colors[index];\n    var previousColor = colors[index - 1];\n    cy.wrap(currentColor).should('be.onTheRightOf', previousColor).and('be.horizontallyAlignedWith', previousColor);\n  }\n});",
              "err": {
                "message": "CypressError: Timed out retrying: Expected to find element: '.color', but never found it.",
                "estack": "CypressError: Timed out retrying: Expected to find element: '.color', but never found it.\n    at cypressErr (http://localhost:33615/__cypress/runner/cypress_runner.js:149934:9)\n    at throwErr (http://localhost:33615/__cypress/runner/cypress_runner.js:149867:11)\n    at Object.throwErrByPath (http://localhost:33615/__cypress/runner/cypress_runner.js:149915:3)\n    at retry (http://localhost:33615/__cypress/runner/cypress_runner.js:144197:19)\n    at onFailFn (http://localhost:33615/__cypress/runner/cypress_runner.js:132448:16)\n    at tryCatcher (http://localhost:33615/__cypress/runner/cypress_runner.js:167415:23)\n    at Promise._settlePromiseFromHandler (http://localhost:33615/__cypress/runner/cypress_runner.js:165351:31)\n    at Promise._settlePromise (http://localhost:33615/__cypress/runner/cypress_runner.js:165408:18)\n    at Promise._settlePromise0 (http://localhost:33615/__cypress/runner/cypress_runner.js:165453:10)\n    at Promise._settlePromises (http://localhost:33615/__cypress/runner/cypress_runner.js:165528:18)\n    at Async../node_modules/bluebird/js/release/async.js.Async._drainQueue (http://localhost:33615/__cypress/runner/cypress_runner.js:162140:16)\n    at Async../node_modules/bluebird/js/release/async.js.Async._drainQueues (http://localhost:33615/__cypress/runner/cypress_runner.js:162150:10)\n    at Async.drainQueues (http://localhost:33615/__cypress/runner/cypress_runner.js:162024:14)",
                "diff": null
              },
              "uuid": "07905df2-aec1-449e-878b-6e5d79cff9e5",
              "parentUUID": "67cf06dd-759c-46ce-9659-b772b852e021",
              "isHook": false,
              "skipped": false
            },
            {
              "title": "Verifica se a paleta de cores está posicionada abaixo do título 'Paleta de Cores'",
              "fullTitle": "2 - Adicione à página uma paleta de quatro cores distintas. Verifica se a paleta de cores está posicionada abaixo do título 'Paleta de Cores'",
              "timedOut": null,
              "duration": 552,
              "state": "passed",
              "speed": "slow",
              "pass": true,
              "fail": false,
              "pending": false,
              "context": null,
              "code": "cy.get('h1#title').then(function (title) {\n  cy.get('#color-palette').should('be.belowOf', title);\n});",
              "err": {},
              "uuid": "756be5f8-7091-4ec9-82a2-39482e2bdf3e",
              "parentUUID": "67cf06dd-759c-46ce-9659-b772b852e021",
              "isHook": false,
              "skipped": false
            },
            {
              "title": "Verifica se a paleta de cores não contém cores repetidas.",
              "fullTitle": "2 - Adicione à página uma paleta de quatro cores distintas. Verifica se a paleta de cores não contém cores repetidas.",
              "timedOut": null,
              "duration": 5020,
              "state": "failed",
              "speed": null,
              "pass": false,
              "fail": true,
              "pending": false,
              "context": null,
              "code": "cy.get('.color').then(function (colors) {\n  var allColors = Array.from(colors).map(function (color) {\n    return Cypress.$(color).css('background-color');\n  });\n  cy.log(allColors);\n  var uniqColors = (0, _toConsumableArray2[\"default\"])(new Set(allColors));\n  cy.log(uniqColors);\n  expect(allColors.length).to.eq(uniqColors.length);\n});",
              "err": {
                "message": "CypressError: Timed out retrying: Expected to find element: '.color', but never found it.",
                "estack": "CypressError: Timed out retrying: Expected to find element: '.color', but never found it.\n    at cypressErr (http://localhost:33615/__cypress/runner/cypress_runner.js:149934:9)\n    at throwErr (http://localhost:33615/__cypress/runner/cypress_runner.js:149867:11)\n    at Object.throwErrByPath (http://localhost:33615/__cypress/runner/cypress_runner.js:149915:3)\n    at retry (http://localhost:33615/__cypress/runner/cypress_runner.js:144197:19)\n    at onFailFn (http://localhost:33615/__cypress/runner/cypress_runner.js:132448:16)\n    at tryCatcher (http://localhost:33615/__cypress/runner/cypress_runner.js:167415:23)\n    at Promise._settlePromiseFromHandler (http://localhost:33615/__cypress/runner/cypress_runner.js:165351:31)\n    at Promise._settlePromise (http://localhost:33615/__cypress/runner/cypress_runner.js:165408:18)\n    at Promise._settlePromise0 (http://localhost:33615/__cypress/runner/cypress_runner.js:165453:10)\n    at Promise._settlePromises (http://localhost:33615/__cypress/runner/cypress_runner.js:165528:18)\n    at Async../node_modules/bluebird/js/release/async.js.Async._drainQueue (http://localhost:33615/__cypress/runner/cypress_runner.js:162140:16)\n    at Async../node_modules/bluebird/js/release/async.js.Async._drainQueues (http://localhost:33615/__cypress/runner/cypress_runner.js:162150:10)\n    at Async.drainQueues (http://localhost:33615/__cypress/runner/cypress_runner.js:162024:14)",
                "diff": null
              },
              "uuid": "410d39a9-3ddb-4a8a-9aba-f133814f421a",
              "parentUUID": "67cf06dd-759c-46ce-9659-b772b852e021",
              "isHook": false,
              "skipped": false
            }
          ],
          "suites": [],
          "passes": [
            "756be5f8-7091-4ec9-82a2-39482e2bdf3e"
          ],
          "failures": [
            "756a7de0-ff71-4ef7-85ba-f7f2c2fddef4",
            "6a80a017-27fc-4baf-a56e-3b633a3c841a",
            "11e4d653-c924-4ab3-8556-a9505c749ce0",
            "21d9ceac-6ebc-43a5-98df-21e1c33df15b",
            "07905df2-aec1-449e-878b-6e5d79cff9e5",
            "410d39a9-3ddb-4a8a-9aba-f133814f421a"
          ],
          "pending": [],
          "skipped": [],
          "duration": 31380,
          "root": false,
          "rootEmpty": false,
          "_timeout": 2000
        },
        {
          "uuid": "8da2ec14-bc40-4e4f-a5b2-1443ddf7634c",
          "title": "3 - Adicione a cor **preta** como a primeira cor da paleta de cores.",
          "fullFile": "",
          "file": "",
          "beforeHooks": [],
          "afterHooks": [],
          "tests": [
            {
              "title": "Verifica se a primeira cor da paleta é preta",
              "fullTitle": "3 - Adicione a cor **preta** como a primeira cor da paleta de cores. Verifica se a primeira cor da paleta é preta",
              "timedOut": null,
              "duration": 5303,
              "state": "failed",
              "speed": null,
              "pass": false,
              "fail": true,
              "pending": false,
              "context": null,
              "code": "cy.get('.color').first().should('have.css', 'background-color', BLACK);",
              "err": {
                "message": "CypressError: Timed out retrying: Expected to find element: '.color', but never found it.",
                "estack": "CypressError: Timed out retrying: Expected to find element: '.color', but never found it.\n    at cypressErr (http://localhost:33615/__cypress/runner/cypress_runner.js:149934:9)\n    at throwErr (http://localhost:33615/__cypress/runner/cypress_runner.js:149867:11)\n    at Object.throwErrByPath (http://localhost:33615/__cypress/runner/cypress_runner.js:149915:3)\n    at retry (http://localhost:33615/__cypress/runner/cypress_runner.js:144197:19)\n    at onFailFn (http://localhost:33615/__cypress/runner/cypress_runner.js:132448:16)\n    at tryCatcher (http://localhost:33615/__cypress/runner/cypress_runner.js:167415:23)\n    at Promise._settlePromiseFromHandler (http://localhost:33615/__cypress/runner/cypress_runner.js:165351:31)\n    at Promise._settlePromise (http://localhost:33615/__cypress/runner/cypress_runner.js:165408:18)\n    at Promise._settlePromise0 (http://localhost:33615/__cypress/runner/cypress_runner.js:165453:10)\n    at Promise._settlePromises (http://localhost:33615/__cypress/runner/cypress_runner.js:165528:18)\n    at Async../node_modules/bluebird/js/release/async.js.Async._drainQueue (http://localhost:33615/__cypress/runner/cypress_runner.js:162140:16)\n    at Async../node_modules/bluebird/js/release/async.js.Async._drainQueues (http://localhost:33615/__cypress/runner/cypress_runner.js:162150:10)\n    at Async.drainQueues (http://localhost:33615/__cypress/runner/cypress_runner.js:162024:14)",
                "diff": null
              },
              "uuid": "9c3fe9a6-afba-47ef-93e3-47d130de7486",
              "parentUUID": "8da2ec14-bc40-4e4f-a5b2-1443ddf7634c",
              "isHook": false,
              "skipped": false
            },
            {
              "title": "Verifica se as demais cores podem ser escolhidas livremente.",
              "fullTitle": "3 - Adicione a cor **preta** como a primeira cor da paleta de cores. Verifica se as demais cores podem ser escolhidas livremente.",
              "timedOut": null,
              "duration": 5033,
              "state": "failed",
              "speed": null,
              "pass": false,
              "fail": true,
              "pending": false,
              "context": null,
              "code": "cy.get('.color').eq(1).should('not.have.css', 'background-color', BLACK);\ncy.get('.color').eq(1).should('not.have.css', 'background-color', WHITE);\ncy.get('.color').eq(1).should('not.have.css', 'background-color', 'rgba(0, 0, 0, 0)');\ncy.get('.color').eq(1).should('have.css', 'background-color');\ncy.get('.color').eq(2).should('not.have.css', 'background-color', BLACK);\ncy.get('.color').eq(2).should('not.have.css', 'background-color', WHITE);\ncy.get('.color').eq(2).should('not.have.css', 'background-color', 'rgba(0, 0, 0, 0)');\ncy.get('.color').eq(2).should('have.css', 'background-color');\ncy.get('.color').eq(3).should('not.have.css', 'background-color', BLACK);\ncy.get('.color').eq(3).should('not.have.css', 'background-color', WHITE);\ncy.get('.color').eq(3).should('not.have.css', 'background-color', 'rgba(0, 0, 0, 0)');\ncy.get('.color').eq(3).should('have.css', 'background-color');",
              "err": {
                "message": "CypressError: Timed out retrying: Expected to find element: '.color', but never found it.",
                "estack": "CypressError: Timed out retrying: Expected to find element: '.color', but never found it.\n    at cypressErr (http://localhost:33615/__cypress/runner/cypress_runner.js:149934:9)\n    at throwErr (http://localhost:33615/__cypress/runner/cypress_runner.js:149867:11)\n    at Object.throwErrByPath (http://localhost:33615/__cypress/runner/cypress_runner.js:149915:3)\n    at retry (http://localhost:33615/__cypress/runner/cypress_runner.js:144197:19)\n    at onFailFn (http://localhost:33615/__cypress/runner/cypress_runner.js:132448:16)\n    at tryCatcher (http://localhost:33615/__cypress/runner/cypress_runner.js:167415:23)\n    at Promise._settlePromiseFromHandler (http://localhost:33615/__cypress/runner/cypress_runner.js:165351:31)\n    at Promise._settlePromise (http://localhost:33615/__cypress/runner/cypress_runner.js:165408:18)\n    at Promise._settlePromise0 (http://localhost:33615/__cypress/runner/cypress_runner.js:165453:10)\n    at Promise._settlePromises (http://localhost:33615/__cypress/runner/cypress_runner.js:165528:18)\n    at Async../node_modules/bluebird/js/release/async.js.Async._drainQueue (http://localhost:33615/__cypress/runner/cypress_runner.js:162140:16)\n    at Async../node_modules/bluebird/js/release/async.js.Async._drainQueues (http://localhost:33615/__cypress/runner/cypress_runner.js:162150:10)\n    at Async.drainQueues (http://localhost:33615/__cypress/runner/cypress_runner.js:162024:14)",
                "diff": null
              },
              "uuid": "3b9172af-d701-4e1f-8623-f262066d8d74",
              "parentUUID": "8da2ec14-bc40-4e4f-a5b2-1443ddf7634c",
              "isHook": false,
              "skipped": false
            }
          ],
          "suites": [],
          "passes": [],
          "failures": [
            "9c3fe9a6-afba-47ef-93e3-47d130de7486",
            "3b9172af-d701-4e1f-8623-f262066d8d74"
          ],
          "pending": [],
          "skipped": [],
          "duration": 10336,
          "root": false,
          "rootEmpty": false,
          "_timeout": 2000
        },
        {
          "uuid": "b2e76425-a304-42fc-a063-322f6ee9e47a",
          "title": "4 - Adicione à página um quadro de pixels, com 25 pixels.",
          "fullFile": "",
          "file": "",
          "beforeHooks": [],
          "afterHooks": [],
          "tests": [
            {
              "title": "Verifica se o quadro de pixels possui o `id` denominado `pixel-board`",
              "fullTitle": "4 - Adicione à página um quadro de pixels, com 25 pixels. Verifica se o quadro de pixels possui o `id` denominado `pixel-board`",
              "timedOut": null,
              "duration": 5317,
              "state": "failed",
              "speed": null,
              "pass": false,
              "fail": true,
              "pending": false,
              "context": null,
              "code": "cy.get('#pixel-board').should('be.visible');",
              "err": {
                "message": "CypressError: Timed out retrying: Expected to find element: '#pixel-board', but never found it.",
                "estack": "CypressError: Timed out retrying: Expected to find element: '#pixel-board', but never found it.\n    at cypressErr (http://localhost:33615/__cypress/runner/cypress_runner.js:149934:9)\n    at throwErr (http://localhost:33615/__cypress/runner/cypress_runner.js:149867:11)\n    at Object.throwErrByPath (http://localhost:33615/__cypress/runner/cypress_runner.js:149915:3)\n    at retry (http://localhost:33615/__cypress/runner/cypress_runner.js:144197:19)\n    at onFailFn (http://localhost:33615/__cypress/runner/cypress_runner.js:132448:16)\n    at tryCatcher (http://localhost:33615/__cypress/runner/cypress_runner.js:167415:23)\n    at Promise._settlePromiseFromHandler (http://localhost:33615/__cypress/runner/cypress_runner.js:165351:31)\n    at Promise._settlePromise (http://localhost:33615/__cypress/runner/cypress_runner.js:165408:18)\n    at Promise._settlePromise0 (http://localhost:33615/__cypress/runner/cypress_runner.js:165453:10)\n    at Promise._settlePromises (http://localhost:33615/__cypress/runner/cypress_runner.js:165528:18)\n    at Async../node_modules/bluebird/js/release/async.js.Async._drainQueue (http://localhost:33615/__cypress/runner/cypress_runner.js:162140:16)\n    at Async../node_modules/bluebird/js/release/async.js.Async._drainQueues (http://localhost:33615/__cypress/runner/cypress_runner.js:162150:10)\n    at Async.drainQueues (http://localhost:33615/__cypress/runner/cypress_runner.js:162024:14)",
                "diff": null
              },
              "uuid": "dbc1bd89-ce4b-4da4-b373-ac2695ed7472",
              "parentUUID": "b2e76425-a304-42fc-a063-322f6ee9e47a",
              "isHook": false,
              "skipped": false
            },
            {
              "title": "Verifica se cada pixel individual dentro do quadro possui a `classe` denominada `pixel`.",
              "fullTitle": "4 - Adicione à página um quadro de pixels, com 25 pixels. Verifica se cada pixel individual dentro do quadro possui a `classe` denominada `pixel`.",
              "timedOut": null,
              "duration": 5361,
              "state": "failed",
              "speed": null,
              "pass": false,
              "fail": true,
              "pending": false,
              "context": null,
              "code": "cy.get('.pixel').should('have.length', 25);",
              "err": {
                "message": "CypressError: Timed out retrying: Expected to find element: '.pixel', but never found it.",
                "estack": "CypressError: Timed out retrying: Expected to find element: '.pixel', but never found it.\n    at cypressErr (http://localhost:33615/__cypress/runner/cypress_runner.js:149934:9)\n    at throwErr (http://localhost:33615/__cypress/runner/cypress_runner.js:149867:11)\n    at Object.throwErrByPath (http://localhost:33615/__cypress/runner/cypress_runner.js:149915:3)\n    at retry (http://localhost:33615/__cypress/runner/cypress_runner.js:144197:19)\n    at onFailFn (http://localhost:33615/__cypress/runner/cypress_runner.js:132448:16)\n    at tryCatcher (http://localhost:33615/__cypress/runner/cypress_runner.js:167415:23)\n    at Promise._settlePromiseFromHandler (http://localhost:33615/__cypress/runner/cypress_runner.js:165351:31)\n    at Promise._settlePromise (http://localhost:33615/__cypress/runner/cypress_runner.js:165408:18)\n    at Promise._settlePromise0 (http://localhost:33615/__cypress/runner/cypress_runner.js:165453:10)\n    at Promise._settlePromises (http://localhost:33615/__cypress/runner/cypress_runner.js:165528:18)\n    at Async../node_modules/bluebird/js/release/async.js.Async._drainQueue (http://localhost:33615/__cypress/runner/cypress_runner.js:162140:16)\n    at Async../node_modules/bluebird/js/release/async.js.Async._drainQueues (http://localhost:33615/__cypress/runner/cypress_runner.js:162150:10)\n    at Async.drainQueues (http://localhost:33615/__cypress/runner/cypress_runner.js:162024:14)",
                "diff": null
              },
              "uuid": "3d2de355-fb5f-4366-a522-1b82c44dab27",
              "parentUUID": "b2e76425-a304-42fc-a063-322f6ee9e47a",
              "isHook": false,
              "skipped": false
            },
            {
              "title": "Verifica se a cor inicial dos pixels dentro do quadro, ao abrir a página, é branca.",
              "fullTitle": "4 - Adicione à página um quadro de pixels, com 25 pixels. Verifica se a cor inicial dos pixels dentro do quadro, ao abrir a página, é branca.",
              "timedOut": null,
              "duration": 5445,
              "state": "failed",
              "speed": null,
              "pass": false,
              "fail": true,
              "pending": false,
              "context": null,
              "code": "cy.get('.pixel').should('have.length', 25).each(function (pixel) {\n  expect(pixel).to.have.css('background-color', WHITE);\n});",
              "err": {
                "message": "CypressError: Timed out retrying: Expected to find element: '.pixel', but never found it.",
                "estack": "CypressError: Timed out retrying: Expected to find element: '.pixel', but never found it.\n    at cypressErr (http://localhost:33615/__cypress/runner/cypress_runner.js:149934:9)\n    at throwErr (http://localhost:33615/__cypress/runner/cypress_runner.js:149867:11)\n    at Object.throwErrByPath (http://localhost:33615/__cypress/runner/cypress_runner.js:149915:3)\n    at retry (http://localhost:33615/__cypress/runner/cypress_runner.js:144197:19)\n    at onFailFn (http://localhost:33615/__cypress/runner/cypress_runner.js:132448:16)\n    at tryCatcher (http://localhost:33615/__cypress/runner/cypress_runner.js:167415:23)\n    at Promise._settlePromiseFromHandler (http://localhost:33615/__cypress/runner/cypress_runner.js:165351:31)\n    at Promise._settlePromise (http://localhost:33615/__cypress/runner/cypress_runner.js:165408:18)\n    at Promise._settlePromise0 (http://localhost:33615/__cypress/runner/cypress_runner.js:165453:10)\n    at Promise._settlePromises (http://localhost:33615/__cypress/runner/cypress_runner.js:165528:18)\n    at Async../node_modules/bluebird/js/release/async.js.Async._drainQueue (http://localhost:33615/__cypress/runner/cypress_runner.js:162140:16)\n    at Async../node_modules/bluebird/js/release/async.js.Async._drainQueues (http://localhost:33615/__cypress/runner/cypress_runner.js:162150:10)\n    at Async.drainQueues (http://localhost:33615/__cypress/runner/cypress_runner.js:162024:14)",
                "diff": null
              },
              "uuid": "4d5b46d5-b46e-4a94-99cb-94cde6044a0e",
              "parentUUID": "b2e76425-a304-42fc-a063-322f6ee9e47a",
              "isHook": false,
              "skipped": false
            },
            {
              "title": "Verifica se o quadro de pixels aparece abaixo da paleta de cores",
              "fullTitle": "4 - Adicione à página um quadro de pixels, com 25 pixels. Verifica se o quadro de pixels aparece abaixo da paleta de cores",
              "timedOut": null,
              "duration": 5085,
              "state": "failed",
              "speed": null,
              "pass": false,
              "fail": true,
              "pending": false,
              "context": null,
              "code": "cy.get('#color-palette').then(function (palette) {\n  cy.get('#pixel-board').should('be.belowOf', palette);\n});",
              "err": {
                "message": "CypressError: Timed out retrying: Expected to find element: '#pixel-board', but never found it.",
                "estack": "CypressError: Timed out retrying: Expected to find element: '#pixel-board', but never found it.\n    at cypressErr (http://localhost:33615/__cypress/runner/cypress_runner.js:149934:9)\n    at throwErr (http://localhost:33615/__cypress/runner/cypress_runner.js:149867:11)\n    at Object.throwErrByPath (http://localhost:33615/__cypress/runner/cypress_runner.js:149915:3)\n    at retry (http://localhost:33615/__cypress/runner/cypress_runner.js:144197:19)\n    at onFailFn (http://localhost:33615/__cypress/runner/cypress_runner.js:132448:16)\n    at tryCatcher (http://localhost:33615/__cypress/runner/cypress_runner.js:167415:23)\n    at Promise._settlePromiseFromHandler (http://localhost:33615/__cypress/runner/cypress_runner.js:165351:31)\n    at Promise._settlePromise (http://localhost:33615/__cypress/runner/cypress_runner.js:165408:18)\n    at Promise._settlePromise0 (http://localhost:33615/__cypress/runner/cypress_runner.js:165453:10)\n    at Promise._settlePromises (http://localhost:33615/__cypress/runner/cypress_runner.js:165528:18)\n    at Async../node_modules/bluebird/js/release/async.js.Async._drainQueue (http://localhost:33615/__cypress/runner/cypress_runner.js:162140:16)\n    at Async../node_modules/bluebird/js/release/async.js.Async._drainQueues (http://localhost:33615/__cypress/runner/cypress_runner.js:162150:10)\n    at Async.drainQueues (http://localhost:33615/__cypress/runner/cypress_runner.js:162024:14)",
                "diff": null
              },
              "uuid": "b6bf1aa6-3e2d-4f1f-81b2-887edc2907fc",
              "parentUUID": "b2e76425-a304-42fc-a063-322f6ee9e47a",
              "isHook": false,
              "skipped": false
            }
          ],
          "suites": [],
          "passes": [],
          "failures": [
            "dbc1bd89-ce4b-4da4-b373-ac2695ed7472",
            "3d2de355-fb5f-4366-a522-1b82c44dab27",
            "4d5b46d5-b46e-4a94-99cb-94cde6044a0e",
            "b6bf1aa6-3e2d-4f1f-81b2-887edc2907fc"
          ],
          "pending": [],
          "skipped": [],
          "duration": 21208,
          "root": false,
          "rootEmpty": false,
          "_timeout": 2000
        },
        {
          "uuid": "a7451c24-b42c-4559-a02a-6bd882930598",
          "title": "5 - Faça com que cada elemento do quadro de pixels possua 40 pixels de largura, 40 pixels de altura e seja delimitado por uma borda preta de 1 pixel.",
          "fullFile": "",
          "file": "",
          "beforeHooks": [],
          "afterHooks": [],
          "tests": [
            {
              "title": "Verifica se o quadro de pixels tem altura e comprimento de 5 elementos",
              "fullTitle": "5 - Faça com que cada elemento do quadro de pixels possua 40 pixels de largura, 40 pixels de altura e seja delimitado por uma borda preta de 1 pixel. Verifica se o quadro de pixels tem altura e comprimento de 5 elementos",
              "timedOut": null,
              "duration": 5243,
              "state": "failed",
              "speed": null,
              "pass": false,
              "fail": true,
              "pending": false,
              "context": null,
              "code": "cy.get('.pixel').should('have.length', 25).each(function (pixel) {\n  expect(pixel).to.have.css('background-color', WHITE);\n}).and(function (pixels) {\n  var rows = chunk(pixels, 5);\n  rows.forEach(function (row) {\n    for (var index = 1; index < row.length; index += 1) {\n      var current = pixels[index];\n      var previous = pixels[index - 1];\n      cy.wrap(current).should('be.onTheRightOf', previous).and('be.horizontallyAlignedWith', previous);\n    }\n  });\n  for (var index = 1; index < 5; index += 1) {\n    expect(pixels[index * 5]).to.be.belowOf(pixels[(index - 1) * 5]);\n  }\n});",
              "err": {
                "message": "CypressError: Timed out retrying: Expected to find element: '.pixel', but never found it.",
                "estack": "CypressError: Timed out retrying: Expected to find element: '.pixel', but never found it.\n    at cypressErr (http://localhost:33615/__cypress/runner/cypress_runner.js:149934:9)\n    at throwErr (http://localhost:33615/__cypress/runner/cypress_runner.js:149867:11)\n    at Object.throwErrByPath (http://localhost:33615/__cypress/runner/cypress_runner.js:149915:3)\n    at retry (http://localhost:33615/__cypress/runner/cypress_runner.js:144197:19)\n    at onFailFn (http://localhost:33615/__cypress/runner/cypress_runner.js:132448:16)\n    at tryCatcher (http://localhost:33615/__cypress/runner/cypress_runner.js:167415:23)\n    at Promise._settlePromiseFromHandler (http://localhost:33615/__cypress/runner/cypress_runner.js:165351:31)\n    at Promise._settlePromise (http://localhost:33615/__cypress/runner/cypress_runner.js:165408:18)\n    at Promise._settlePromise0 (http://localhost:33615/__cypress/runner/cypress_runner.js:165453:10)\n    at Promise._settlePromises (http://localhost:33615/__cypress/runner/cypress_runner.js:165528:18)\n    at Async../node_modules/bluebird/js/release/async.js.Async._drainQueue (http://localhost:33615/__cypress/runner/cypress_runner.js:162140:16)\n    at Async../node_modules/bluebird/js/release/async.js.Async._drainQueues (http://localhost:33615/__cypress/runner/cypress_runner.js:162150:10)\n    at Async.drainQueues (http://localhost:33615/__cypress/runner/cypress_runner.js:162024:14)",
                "diff": null
              },
              "uuid": "88429b2f-ef2b-40b5-9b68-9dca43e34f9c",
              "parentUUID": "a7451c24-b42c-4559-a02a-6bd882930598",
              "isHook": false,
              "skipped": false
            },
            {
              "title": "Verifica se 40 pixels é o tamanho total do elemento, incluindo seu conteúdo e excluindo a borda preta, que deve ser criada à parte.",
              "fullTitle": "5 - Faça com que cada elemento do quadro de pixels possua 40 pixels de largura, 40 pixels de altura e seja delimitado por uma borda preta de 1 pixel. Verifica se 40 pixels é o tamanho total do elemento, incluindo seu conteúdo e excluindo a borda preta, que deve ser criada à parte.",
              "timedOut": null,
              "duration": 5137,
              "state": "failed",
              "speed": null,
              "pass": false,
              "fail": true,
              "pending": false,
              "context": null,
              "code": "cy.get('.pixel').each(function (pixel) {\n  cy.wrap(pixel).should('have.css', 'height', '40px').and('have.css', 'width', '40px').and('have.css', 'border', \"1px solid \".concat(BLACK));\n});",
              "err": {
                "message": "CypressError: Timed out retrying: Expected to find element: '.pixel', but never found it.",
                "estack": "CypressError: Timed out retrying: Expected to find element: '.pixel', but never found it.\n    at cypressErr (http://localhost:33615/__cypress/runner/cypress_runner.js:149934:9)\n    at throwErr (http://localhost:33615/__cypress/runner/cypress_runner.js:149867:11)\n    at Object.throwErrByPath (http://localhost:33615/__cypress/runner/cypress_runner.js:149915:3)\n    at retry (http://localhost:33615/__cypress/runner/cypress_runner.js:144197:19)\n    at onFailFn (http://localhost:33615/__cypress/runner/cypress_runner.js:132448:16)\n    at tryCatcher (http://localhost:33615/__cypress/runner/cypress_runner.js:167415:23)\n    at Promise._settlePromiseFromHandler (http://localhost:33615/__cypress/runner/cypress_runner.js:165351:31)\n    at Promise._settlePromise (http://localhost:33615/__cypress/runner/cypress_runner.js:165408:18)\n    at Promise._settlePromise0 (http://localhost:33615/__cypress/runner/cypress_runner.js:165453:10)\n    at Promise._settlePromises (http://localhost:33615/__cypress/runner/cypress_runner.js:165528:18)\n    at Async../node_modules/bluebird/js/release/async.js.Async._drainQueue (http://localhost:33615/__cypress/runner/cypress_runner.js:162140:16)\n    at Async../node_modules/bluebird/js/release/async.js.Async._drainQueues (http://localhost:33615/__cypress/runner/cypress_runner.js:162150:10)\n    at Async.drainQueues (http://localhost:33615/__cypress/runner/cypress_runner.js:162024:14)",
                "diff": null
              },
              "uuid": "6221df12-684e-4ccf-a500-3eef92b6d3ae",
              "parentUUID": "a7451c24-b42c-4559-a02a-6bd882930598",
              "isHook": false,
              "skipped": false
            }
          ],
          "suites": [],
          "passes": [],
          "failures": [
            "88429b2f-ef2b-40b5-9b68-9dca43e34f9c",
            "6221df12-684e-4ccf-a500-3eef92b6d3ae"
          ],
          "pending": [],
          "skipped": [],
          "duration": 10380,
          "root": false,
          "rootEmpty": false,
          "_timeout": 2000
        },
        {
          "uuid": "1b734b2a-967a-4137-a804-3548abf81362",
          "title": "6 - Defina a cor preta como cor inicial. Ao carregar a página a cor preta já deve estar selecionada para pintar os pixels",
          "fullFile": "",
          "file": "",
          "beforeHooks": [],
          "afterHooks": [],
          "tests": [
            {
              "title": "Verifica se o elemento da cor preta possui, inicialmente, a `classe` `selected`",
              "fullTitle": "6 - Defina a cor preta como cor inicial. Ao carregar a página a cor preta já deve estar selecionada para pintar os pixels Verifica se o elemento da cor preta possui, inicialmente, a `classe` `selected`",
              "timedOut": null,
              "duration": 5084,
              "state": "failed",
              "speed": null,
              "pass": false,
              "fail": true,
              "pending": false,
              "context": null,
              "code": "cy.get('.selected').first().should('have.css', 'background-color', BLACK);",
              "err": {
                "message": "CypressError: Timed out retrying: Expected to find element: '.selected', but never found it.",
                "estack": "CypressError: Timed out retrying: Expected to find element: '.selected', but never found it.\n    at cypressErr (http://localhost:33615/__cypress/runner/cypress_runner.js:149934:9)\n    at throwErr (http://localhost:33615/__cypress/runner/cypress_runner.js:149867:11)\n    at Object.throwErrByPath (http://localhost:33615/__cypress/runner/cypress_runner.js:149915:3)\n    at retry (http://localhost:33615/__cypress/runner/cypress_runner.js:144197:19)\n    at onFailFn (http://localhost:33615/__cypress/runner/cypress_runner.js:132448:16)\n    at tryCatcher (http://localhost:33615/__cypress/runner/cypress_runner.js:167415:23)\n    at Promise._settlePromiseFromHandler (http://localhost:33615/__cypress/runner/cypress_runner.js:165351:31)\n    at Promise._settlePromise (http://localhost:33615/__cypress/runner/cypress_runner.js:165408:18)\n    at Promise._settlePromise0 (http://localhost:33615/__cypress/runner/cypress_runner.js:165453:10)\n    at Promise._settlePromises (http://localhost:33615/__cypress/runner/cypress_runner.js:165528:18)\n    at Async../node_modules/bluebird/js/release/async.js.Async._drainQueue (http://localhost:33615/__cypress/runner/cypress_runner.js:162140:16)\n    at Async../node_modules/bluebird/js/release/async.js.Async._drainQueues (http://localhost:33615/__cypress/runner/cypress_runner.js:162150:10)\n    at Async.drainQueues (http://localhost:33615/__cypress/runner/cypress_runner.js:162024:14)",
                "diff": null
              },
              "uuid": "79f70bb0-b3f0-459a-974c-72b6c7c8c080",
              "parentUUID": "1b734b2a-967a-4137-a804-3548abf81362",
              "isHook": false,
              "skipped": false
            },
            {
              "title": "Verifica se nenhuma outra cor da paleta tem a `classe` `selected`",
              "fullTitle": "6 - Defina a cor preta como cor inicial. Ao carregar a página a cor preta já deve estar selecionada para pintar os pixels Verifica se nenhuma outra cor da paleta tem a `classe` `selected`",
              "timedOut": null,
              "duration": 4957,
              "state": "failed",
              "speed": null,
              "pass": false,
              "fail": true,
              "pending": false,
              "context": null,
              "code": "cy.get('.color:not(:first-child)').each(function (color) {\n  cy.wrap(color).should('not.have.class', 'selected');\n});",
              "err": {
                "message": "CypressError: Timed out retrying: Expected to find element: '.color:not(:first-child)', but never found it.",
                "estack": "CypressError: Timed out retrying: Expected to find element: '.color:not(:first-child)', but never found it.\n    at cypressErr (http://localhost:33615/__cypress/runner/cypress_runner.js:149934:9)\n    at throwErr (http://localhost:33615/__cypress/runner/cypress_runner.js:149867:11)\n    at Object.throwErrByPath (http://localhost:33615/__cypress/runner/cypress_runner.js:149915:3)\n    at retry (http://localhost:33615/__cypress/runner/cypress_runner.js:144197:19)\n    at onFailFn (http://localhost:33615/__cypress/runner/cypress_runner.js:132448:16)\n    at tryCatcher (http://localhost:33615/__cypress/runner/cypress_runner.js:167415:23)\n    at Promise._settlePromiseFromHandler (http://localhost:33615/__cypress/runner/cypress_runner.js:165351:31)\n    at Promise._settlePromise (http://localhost:33615/__cypress/runner/cypress_runner.js:165408:18)\n    at Promise._settlePromise0 (http://localhost:33615/__cypress/runner/cypress_runner.js:165453:10)\n    at Promise._settlePromises (http://localhost:33615/__cypress/runner/cypress_runner.js:165528:18)\n    at Async../node_modules/bluebird/js/release/async.js.Async._drainQueue (http://localhost:33615/__cypress/runner/cypress_runner.js:162140:16)\n    at Async../node_modules/bluebird/js/release/async.js.Async._drainQueues (http://localhost:33615/__cypress/runner/cypress_runner.js:162150:10)\n    at Async.drainQueues (http://localhost:33615/__cypress/runner/cypress_runner.js:162024:14)",
                "diff": null
              },
              "uuid": "f472a176-453e-4c97-ab3b-ae0428109504",
              "parentUUID": "1b734b2a-967a-4137-a804-3548abf81362",
              "isHook": false,
              "skipped": false
            }
          ],
          "suites": [],
          "passes": [],
          "failures": [
            "79f70bb0-b3f0-459a-974c-72b6c7c8c080",
            "f472a176-453e-4c97-ab3b-ae0428109504"
          ],
          "pending": [],
          "skipped": [],
          "duration": 10041,
          "root": false,
          "rootEmpty": false,
          "_timeout": 2000
        },
        {
          "uuid": "08a9144d-a098-4019-8560-0a862a704b7a",
          "title": "7 - Clicar em uma das cores da paleta, faz com que ela seja selecionada e utilizada para preencher os pixels no quadro.",
          "fullFile": "",
          "file": "",
          "beforeHooks": [],
          "afterHooks": [],
          "tests": [
            {
              "title": "Verifica se somente uma cor da paleta de cores tem a classe `selected` de cada vez",
              "fullTitle": "7 - Clicar em uma das cores da paleta, faz com que ela seja selecionada e utilizada para preencher os pixels no quadro. Verifica se somente uma cor da paleta de cores tem a classe `selected` de cada vez",
              "timedOut": null,
              "duration": 5306,
              "state": "failed",
              "speed": null,
              "pass": false,
              "fail": true,
              "pending": false,
              "context": null,
              "code": "cy.get('.color').each(function (selectedColor, selectedColorIndex) {\n  cy.wrap(selectedColor).click();\n  cy.get('.color').each(function (color, colorIndex) {\n    if (colorIndex === selectedColorIndex) {\n      expect(color).to.have[\"class\"]('selected');\n    } else {\n      expect(color).not.to.have[\"class\"]('selected');\n    }\n  });\n});",
              "err": {
                "message": "CypressError: Timed out retrying: Expected to find element: '.color', but never found it.",
                "estack": "CypressError: Timed out retrying: Expected to find element: '.color', but never found it.\n    at cypressErr (http://localhost:33615/__cypress/runner/cypress_runner.js:149934:9)\n    at throwErr (http://localhost:33615/__cypress/runner/cypress_runner.js:149867:11)\n    at Object.throwErrByPath (http://localhost:33615/__cypress/runner/cypress_runner.js:149915:3)\n    at retry (http://localhost:33615/__cypress/runner/cypress_runner.js:144197:19)\n    at onFailFn (http://localhost:33615/__cypress/runner/cypress_runner.js:132448:16)\n    at tryCatcher (http://localhost:33615/__cypress/runner/cypress_runner.js:167415:23)\n    at Promise._settlePromiseFromHandler (http://localhost:33615/__cypress/runner/cypress_runner.js:165351:31)\n    at Promise._settlePromise (http://localhost:33615/__cypress/runner/cypress_runner.js:165408:18)\n    at Promise._settlePromise0 (http://localhost:33615/__cypress/runner/cypress_runner.js:165453:10)\n    at Promise._settlePromises (http://localhost:33615/__cypress/runner/cypress_runner.js:165528:18)\n    at Async../node_modules/bluebird/js/release/async.js.Async._drainQueue (http://localhost:33615/__cypress/runner/cypress_runner.js:162140:16)\n    at Async../node_modules/bluebird/js/release/async.js.Async._drainQueues (http://localhost:33615/__cypress/runner/cypress_runner.js:162150:10)\n    at Async.drainQueues (http://localhost:33615/__cypress/runner/cypress_runner.js:162024:14)",
                "diff": null
              },
              "uuid": "444ef4c6-6e0f-4949-b15a-ffb7df1b0a05",
              "parentUUID": "08a9144d-a098-4019-8560-0a862a704b7a",
              "isHook": false,
              "skipped": false
            },
            {
              "title": "Verifica se os pixels dentro do quadro não têm a classe `selected` quando são clicados",
              "fullTitle": "7 - Clicar em uma das cores da paleta, faz com que ela seja selecionada e utilizada para preencher os pixels no quadro. Verifica se os pixels dentro do quadro não têm a classe `selected` quando são clicados",
              "timedOut": null,
              "duration": 5104,
              "state": "failed",
              "speed": null,
              "pass": false,
              "fail": true,
              "pending": false,
              "context": null,
              "code": "cy.get('.color').each(function (color) {\n  var backgroundColor = color.css('background-color');\n  cy.wrap(color).click();\n  cy.get('.pixel').each(function (pixel) {\n    cy.wrap(pixel).click().should('not.have.class', 'selected');\n  });\n});",
              "err": {
                "message": "CypressError: Timed out retrying: Expected to find element: '.color', but never found it.",
                "estack": "CypressError: Timed out retrying: Expected to find element: '.color', but never found it.\n    at cypressErr (http://localhost:33615/__cypress/runner/cypress_runner.js:149934:9)\n    at throwErr (http://localhost:33615/__cypress/runner/cypress_runner.js:149867:11)\n    at Object.throwErrByPath (http://localhost:33615/__cypress/runner/cypress_runner.js:149915:3)\n    at retry (http://localhost:33615/__cypress/runner/cypress_runner.js:144197:19)\n    at onFailFn (http://localhost:33615/__cypress/runner/cypress_runner.js:132448:16)\n    at tryCatcher (http://localhost:33615/__cypress/runner/cypress_runner.js:167415:23)\n    at Promise._settlePromiseFromHandler (http://localhost:33615/__cypress/runner/cypress_runner.js:165351:31)\n    at Promise._settlePromise (http://localhost:33615/__cypress/runner/cypress_runner.js:165408:18)\n    at Promise._settlePromise0 (http://localhost:33615/__cypress/runner/cypress_runner.js:165453:10)\n    at Promise._settlePromises (http://localhost:33615/__cypress/runner/cypress_runner.js:165528:18)\n    at Async../node_modules/bluebird/js/release/async.js.Async._drainQueue (http://localhost:33615/__cypress/runner/cypress_runner.js:162140:16)\n    at Async../node_modules/bluebird/js/release/async.js.Async._drainQueues (http://localhost:33615/__cypress/runner/cypress_runner.js:162150:10)\n    at Async.drainQueues (http://localhost:33615/__cypress/runner/cypress_runner.js:162024:14)",
                "diff": null
              },
              "uuid": "fe8a4a57-b90b-46ad-a5ce-e6f33263c47b",
              "parentUUID": "08a9144d-a098-4019-8560-0a862a704b7a",
              "isHook": false,
              "skipped": false
            }
          ],
          "suites": [],
          "passes": [],
          "failures": [
            "444ef4c6-6e0f-4949-b15a-ffb7df1b0a05",
            "fe8a4a57-b90b-46ad-a5ce-e6f33263c47b"
          ],
          "pending": [],
          "skipped": [],
          "duration": 10410,
          "root": false,
          "rootEmpty": false,
          "_timeout": 2000
        },
        {
          "uuid": "9aad22f7-8b31-4cfc-b9d8-3e73d8d9c53d",
          "title": "8 - Clicar em um pixel dentro do quadro após selecionar uma cor na paleta, faz com que o pixel seja preenchido com a cor selecionada.",
          "fullFile": "",
          "file": "",
          "beforeHooks": [],
          "afterHooks": [],
          "tests": [
            {
              "title": "Verifica se ao carregar a página deve ser possível pintar os pixels de preto",
              "fullTitle": "8 - Clicar em um pixel dentro do quadro após selecionar uma cor na paleta, faz com que o pixel seja preenchido com a cor selecionada. Verifica se ao carregar a página deve ser possível pintar os pixels de preto",
              "timedOut": null,
              "duration": 5080,
              "state": "failed",
              "speed": null,
              "pass": false,
              "fail": true,
              "pending": false,
              "context": null,
              "code": "cy.get('.pixel').each(function (pixel) {\n  cy.wrap(pixel).click().should('have.css', 'background-color', BLACK);\n});",
              "err": {
                "message": "CypressError: Timed out retrying: Expected to find element: '.pixel', but never found it.",
                "estack": "CypressError: Timed out retrying: Expected to find element: '.pixel', but never found it.\n    at cypressErr (http://localhost:33615/__cypress/runner/cypress_runner.js:149934:9)\n    at throwErr (http://localhost:33615/__cypress/runner/cypress_runner.js:149867:11)\n    at Object.throwErrByPath (http://localhost:33615/__cypress/runner/cypress_runner.js:149915:3)\n    at retry (http://localhost:33615/__cypress/runner/cypress_runner.js:144197:19)\n    at onFailFn (http://localhost:33615/__cypress/runner/cypress_runner.js:132448:16)\n    at tryCatcher (http://localhost:33615/__cypress/runner/cypress_runner.js:167415:23)\n    at Promise._settlePromiseFromHandler (http://localhost:33615/__cypress/runner/cypress_runner.js:165351:31)\n    at Promise._settlePromise (http://localhost:33615/__cypress/runner/cypress_runner.js:165408:18)\n    at Promise._settlePromise0 (http://localhost:33615/__cypress/runner/cypress_runner.js:165453:10)\n    at Promise._settlePromises (http://localhost:33615/__cypress/runner/cypress_runner.js:165528:18)\n    at Async../node_modules/bluebird/js/release/async.js.Async._drainQueue (http://localhost:33615/__cypress/runner/cypress_runner.js:162140:16)\n    at Async../node_modules/bluebird/js/release/async.js.Async._drainQueues (http://localhost:33615/__cypress/runner/cypress_runner.js:162150:10)\n    at Async.drainQueues (http://localhost:33615/__cypress/runner/cypress_runner.js:162024:14)",
                "diff": null
              },
              "uuid": "c63b7e12-0e42-460c-892e-6bc7a47731a7",
              "parentUUID": "9aad22f7-8b31-4cfc-b9d8-3e73d8d9c53d",
              "isHook": false,
              "skipped": false
            },
            {
              "title": "Verifica se após selecionar uma outra cor na paleta, é possível pintar os pixels com essa cor",
              "fullTitle": "8 - Clicar em um pixel dentro do quadro após selecionar uma cor na paleta, faz com que o pixel seja preenchido com a cor selecionada. Verifica se após selecionar uma outra cor na paleta, é possível pintar os pixels com essa cor",
              "timedOut": null,
              "duration": 5143,
              "state": "failed",
              "speed": null,
              "pass": false,
              "fail": true,
              "pending": false,
              "context": null,
              "code": "cy.get('.color').each(function (color) {\n  var backgroundColor = color.css('background-color');\n  cy.wrap(color).click();\n  cy.get('.pixel').each(function (pixel) {\n    cy.wrap(pixel).click().should('have.css', 'background-color', backgroundColor);\n  });\n});",
              "err": {
                "message": "CypressError: Timed out retrying: Expected to find element: '.color', but never found it.",
                "estack": "CypressError: Timed out retrying: Expected to find element: '.color', but never found it.\n    at cypressErr (http://localhost:33615/__cypress/runner/cypress_runner.js:149934:9)\n    at throwErr (http://localhost:33615/__cypress/runner/cypress_runner.js:149867:11)\n    at Object.throwErrByPath (http://localhost:33615/__cypress/runner/cypress_runner.js:149915:3)\n    at retry (http://localhost:33615/__cypress/runner/cypress_runner.js:144197:19)\n    at onFailFn (http://localhost:33615/__cypress/runner/cypress_runner.js:132448:16)\n    at tryCatcher (http://localhost:33615/__cypress/runner/cypress_runner.js:167415:23)\n    at Promise._settlePromiseFromHandler (http://localhost:33615/__cypress/runner/cypress_runner.js:165351:31)\n    at Promise._settlePromise (http://localhost:33615/__cypress/runner/cypress_runner.js:165408:18)\n    at Promise._settlePromise0 (http://localhost:33615/__cypress/runner/cypress_runner.js:165453:10)\n    at Promise._settlePromises (http://localhost:33615/__cypress/runner/cypress_runner.js:165528:18)\n    at Async../node_modules/bluebird/js/release/async.js.Async._drainQueue (http://localhost:33615/__cypress/runner/cypress_runner.js:162140:16)\n    at Async../node_modules/bluebird/js/release/async.js.Async._drainQueues (http://localhost:33615/__cypress/runner/cypress_runner.js:162150:10)\n    at Async.drainQueues (http://localhost:33615/__cypress/runner/cypress_runner.js:162024:14)",
                "diff": null
              },
              "uuid": "0fe16f4d-b861-4e80-949a-e2ab42eecbe3",
              "parentUUID": "9aad22f7-8b31-4cfc-b9d8-3e73d8d9c53d",
              "isHook": false,
              "skipped": false
            },
            {
              "title": "Verifica se somente o pixel que foi clicado foi preenchido com a cor selecionada, sem influenciar na cor dos demais pixels.",
              "fullTitle": "8 - Clicar em um pixel dentro do quadro após selecionar uma cor na paleta, faz com que o pixel seja preenchido com a cor selecionada. Verifica se somente o pixel que foi clicado foi preenchido com a cor selecionada, sem influenciar na cor dos demais pixels.",
              "timedOut": null,
              "duration": 5093,
              "state": "failed",
              "speed": null,
              "pass": false,
              "fail": true,
              "pending": false,
              "context": null,
              "code": "var colorToPixelIndexMap = {\n  0: 6,\n  1: 8,\n  2: 16,\n  3: 18\n};\ncy.get('.color').each(function (color, index) {\n  cy.wrap(color).click();\n  var backgroundColor = color.css('background-color');\n  var clickedPixelIndex = colorToPixelIndexMap[index];\n  cy.get('.pixel').eq(clickedPixelIndex).click();\n  cy.get('.pixel').eq(clickedPixelIndex - 1).should('not.have.css', 'background-color', backgroundColor);\n  cy.get('.pixel').eq(clickedPixelIndex + 1).should('not.have.css', 'background-color', backgroundColor);\n  cy.get('.pixel').eq(clickedPixelIndex - 5).should('not.have.css', 'background-color', backgroundColor);\n  cy.get('.pixel').eq(clickedPixelIndex + 5).should('not.have.css', 'background-color', backgroundColor);\n  cy.get('.pixel').eq(clickedPixelIndex - 6).should('not.have.css', 'background-color', backgroundColor);\n  cy.get('.pixel').eq(clickedPixelIndex - 4).should('not.have.css', 'background-color', backgroundColor);\n  cy.get('.pixel').eq(clickedPixelIndex + 4).should('not.have.css', 'background-color', backgroundColor);\n  cy.get('.pixel').eq(clickedPixelIndex + 6).should('not.have.css', 'background-color', backgroundColor);\n});",
              "err": {
                "message": "CypressError: Timed out retrying: Expected to find element: '.color', but never found it.",
                "estack": "CypressError: Timed out retrying: Expected to find element: '.color', but never found it.\n    at cypressErr (http://localhost:33615/__cypress/runner/cypress_runner.js:149934:9)\n    at throwErr (http://localhost:33615/__cypress/runner/cypress_runner.js:149867:11)\n    at Object.throwErrByPath (http://localhost:33615/__cypress/runner/cypress_runner.js:149915:3)\n    at retry (http://localhost:33615/__cypress/runner/cypress_runner.js:144197:19)\n    at onFailFn (http://localhost:33615/__cypress/runner/cypress_runner.js:132448:16)\n    at tryCatcher (http://localhost:33615/__cypress/runner/cypress_runner.js:167415:23)\n    at Promise._settlePromiseFromHandler (http://localhost:33615/__cypress/runner/cypress_runner.js:165351:31)\n    at Promise._settlePromise (http://localhost:33615/__cypress/runner/cypress_runner.js:165408:18)\n    at Promise._settlePromise0 (http://localhost:33615/__cypress/runner/cypress_runner.js:165453:10)\n    at Promise._settlePromises (http://localhost:33615/__cypress/runner/cypress_runner.js:165528:18)\n    at Async../node_modules/bluebird/js/release/async.js.Async._drainQueue (http://localhost:33615/__cypress/runner/cypress_runner.js:162140:16)\n    at Async../node_modules/bluebird/js/release/async.js.Async._drainQueues (http://localhost:33615/__cypress/runner/cypress_runner.js:162150:10)\n    at Async.drainQueues (http://localhost:33615/__cypress/runner/cypress_runner.js:162024:14)",
                "diff": null
              },
              "uuid": "e1795966-5ac1-468b-8c4b-45cdb05ea9a1",
              "parentUUID": "9aad22f7-8b31-4cfc-b9d8-3e73d8d9c53d",
              "isHook": false,
              "skipped": false
            }
          ],
          "suites": [],
          "passes": [],
          "failures": [
            "c63b7e12-0e42-460c-892e-6bc7a47731a7",
            "0fe16f4d-b861-4e80-949a-e2ab42eecbe3",
            "e1795966-5ac1-468b-8c4b-45cdb05ea9a1"
          ],
          "pending": [],
          "skipped": [],
          "duration": 15316,
          "root": false,
          "rootEmpty": false,
          "_timeout": 2000
        },
        {
          "uuid": "b4c04534-7adc-4843-96a7-6c90c83aa0d9",
          "title": "9 - Crie um botão que, ao ser clicado, limpa o quadro preenchendo a cor de todos seus pixels com branco.",
          "fullFile": "",
          "file": "",
          "beforeHooks": [],
          "afterHooks": [],
          "tests": [
            {
              "title": "Verifica se o botão tem o `id` denominado `clear-board`",
              "fullTitle": "9 - Crie um botão que, ao ser clicado, limpa o quadro preenchendo a cor de todos seus pixels com branco. Verifica se o botão tem o `id` denominado `clear-board`",
              "timedOut": null,
              "duration": 5474,
              "state": "failed",
              "speed": null,
              "pass": false,
              "fail": true,
              "pending": false,
              "context": null,
              "code": "cy.get('#clear-board').should('be.visible');",
              "err": {
                "message": "CypressError: Timed out retrying: Expected to find element: '#clear-board', but never found it.",
                "estack": "CypressError: Timed out retrying: Expected to find element: '#clear-board', but never found it.\n    at cypressErr (http://localhost:33615/__cypress/runner/cypress_runner.js:149934:9)\n    at throwErr (http://localhost:33615/__cypress/runner/cypress_runner.js:149867:11)\n    at Object.throwErrByPath (http://localhost:33615/__cypress/runner/cypress_runner.js:149915:3)\n    at retry (http://localhost:33615/__cypress/runner/cypress_runner.js:144197:19)\n    at onFailFn (http://localhost:33615/__cypress/runner/cypress_runner.js:132448:16)\n    at tryCatcher (http://localhost:33615/__cypress/runner/cypress_runner.js:167415:23)\n    at Promise._settlePromiseFromHandler (http://localhost:33615/__cypress/runner/cypress_runner.js:165351:31)\n    at Promise._settlePromise (http://localhost:33615/__cypress/runner/cypress_runner.js:165408:18)\n    at Promise._settlePromise0 (http://localhost:33615/__cypress/runner/cypress_runner.js:165453:10)\n    at Promise._settlePromises (http://localhost:33615/__cypress/runner/cypress_runner.js:165528:18)\n    at Async../node_modules/bluebird/js/release/async.js.Async._drainQueue (http://localhost:33615/__cypress/runner/cypress_runner.js:162140:16)\n    at Async../node_modules/bluebird/js/release/async.js.Async._drainQueues (http://localhost:33615/__cypress/runner/cypress_runner.js:162150:10)\n    at Async.drainQueues (http://localhost:33615/__cypress/runner/cypress_runner.js:162024:14)",
                "diff": null
              },
              "uuid": "5462d4aa-5f9f-45bd-a593-3148ca8ed49b",
              "parentUUID": "b4c04534-7adc-4843-96a7-6c90c83aa0d9",
              "isHook": false,
              "skipped": false
            },
            {
              "title": "Verifica se o botão está posicionado entre a paleta de cores e o quadro de pixels",
              "fullTitle": "9 - Crie um botão que, ao ser clicado, limpa o quadro preenchendo a cor de todos seus pixels com branco. Verifica se o botão está posicionado entre a paleta de cores e o quadro de pixels",
              "timedOut": null,
              "duration": 4975,
              "state": "failed",
              "speed": null,
              "pass": false,
              "fail": true,
              "pending": false,
              "context": null,
              "code": "cy.get('#color-palette').then(function (palette) {\n  cy.get('#clear-board').should('be.belowOf', palette);\n});\ncy.get('#clear-board').then(function (clearBtn) {\n  cy.get('#pixel-board').should('be.belowOf', clearBtn);\n});",
              "err": {
                "message": "CypressError: Timed out retrying: Expected to find element: '#clear-board', but never found it.",
                "estack": "CypressError: Timed out retrying: Expected to find element: '#clear-board', but never found it.\n    at cypressErr (http://localhost:33615/__cypress/runner/cypress_runner.js:149934:9)\n    at throwErr (http://localhost:33615/__cypress/runner/cypress_runner.js:149867:11)\n    at Object.throwErrByPath (http://localhost:33615/__cypress/runner/cypress_runner.js:149915:3)\n    at retry (http://localhost:33615/__cypress/runner/cypress_runner.js:144197:19)\n    at onFailFn (http://localhost:33615/__cypress/runner/cypress_runner.js:132448:16)\n    at tryCatcher (http://localhost:33615/__cypress/runner/cypress_runner.js:167415:23)\n    at Promise._settlePromiseFromHandler (http://localhost:33615/__cypress/runner/cypress_runner.js:165351:31)\n    at Promise._settlePromise (http://localhost:33615/__cypress/runner/cypress_runner.js:165408:18)\n    at Promise._settlePromise0 (http://localhost:33615/__cypress/runner/cypress_runner.js:165453:10)\n    at Promise._settlePromises (http://localhost:33615/__cypress/runner/cypress_runner.js:165528:18)\n    at Async../node_modules/bluebird/js/release/async.js.Async._drainQueue (http://localhost:33615/__cypress/runner/cypress_runner.js:162140:16)\n    at Async../node_modules/bluebird/js/release/async.js.Async._drainQueues (http://localhost:33615/__cypress/runner/cypress_runner.js:162150:10)\n    at Async.drainQueues (http://localhost:33615/__cypress/runner/cypress_runner.js:162024:14)",
                "diff": null
              },
              "uuid": "ce71c99a-2f3a-4673-b6d0-a5aa686a3d34",
              "parentUUID": "b4c04534-7adc-4843-96a7-6c90c83aa0d9",
              "isHook": false,
              "skipped": false
            },
            {
              "title": "Verifica se o texto do botão é 'Limpar'",
              "fullTitle": "9 - Crie um botão que, ao ser clicado, limpa o quadro preenchendo a cor de todos seus pixels com branco. Verifica se o texto do botão é 'Limpar'",
              "timedOut": null,
              "duration": 5248,
              "state": "failed",
              "speed": null,
              "pass": false,
              "fail": true,
              "pending": false,
              "context": null,
              "code": "cy.get('#clear-board').should('contain.text', 'Limpar');",
              "err": {
                "message": "CypressError: Timed out retrying: Expected to find element: '#clear-board', but never found it.",
                "estack": "CypressError: Timed out retrying: Expected to find element: '#clear-board', but never found it.\n    at cypressErr (http://localhost:33615/__cypress/runner/cypress_runner.js:149934:9)\n    at throwErr (http://localhost:33615/__cypress/runner/cypress_runner.js:149867:11)\n    at Object.throwErrByPath (http://localhost:33615/__cypress/runner/cypress_runner.js:149915:3)\n    at retry (http://localhost:33615/__cypress/runner/cypress_runner.js:144197:19)\n    at onFailFn (http://localhost:33615/__cypress/runner/cypress_runner.js:132448:16)\n    at tryCatcher (http://localhost:33615/__cypress/runner/cypress_runner.js:167415:23)\n    at Promise._settlePromiseFromHandler (http://localhost:33615/__cypress/runner/cypress_runner.js:165351:31)\n    at Promise._settlePromise (http://localhost:33615/__cypress/runner/cypress_runner.js:165408:18)\n    at Promise._settlePromise0 (http://localhost:33615/__cypress/runner/cypress_runner.js:165453:10)\n    at Promise._settlePromises (http://localhost:33615/__cypress/runner/cypress_runner.js:165528:18)\n    at Async../node_modules/bluebird/js/release/async.js.Async._drainQueue (http://localhost:33615/__cypress/runner/cypress_runner.js:162140:16)\n    at Async../node_modules/bluebird/js/release/async.js.Async._drainQueues (http://localhost:33615/__cypress/runner/cypress_runner.js:162150:10)\n    at Async.drainQueues (http://localhost:33615/__cypress/runner/cypress_runner.js:162024:14)",
                "diff": null
              },
              "uuid": "189e83ab-f407-443b-82c7-31b551a737b5",
              "parentUUID": "b4c04534-7adc-4843-96a7-6c90c83aa0d9",
              "isHook": false,
              "skipped": false
            },
            {
              "title": "Verifica se ao clicar no botão, o quadro de pixels é totalmente preenchido de branco",
              "fullTitle": "9 - Crie um botão que, ao ser clicado, limpa o quadro preenchendo a cor de todos seus pixels com branco. Verifica se ao clicar no botão, o quadro de pixels é totalmente preenchido de branco",
              "timedOut": null,
              "duration": 5134,
              "state": "failed",
              "speed": null,
              "pass": false,
              "fail": true,
              "pending": false,
              "context": null,
              "code": "cy.get('.color').eq(1).then(function (color) {\n  var backgroundColor = color.css('background-color');\n  cy.wrap(color).click();\n  cy.get('.pixel').each(function (pixel) {\n    cy.wrap(pixel).click().should('have.css', 'background-color', backgroundColor);\n  });\n});\ncy.get('#clear-board').click();\ncy.get('.pixel').each(function (pixel) {\n  cy.wrap(pixel).should('have.css', 'background-color', WHITE);\n});",
              "err": {
                "message": "CypressError: Timed out retrying: Expected to find element: '.color', but never found it.",
                "estack": "CypressError: Timed out retrying: Expected to find element: '.color', but never found it.\n    at cypressErr (http://localhost:33615/__cypress/runner/cypress_runner.js:149934:9)\n    at throwErr (http://localhost:33615/__cypress/runner/cypress_runner.js:149867:11)\n    at Object.throwErrByPath (http://localhost:33615/__cypress/runner/cypress_runner.js:149915:3)\n    at retry (http://localhost:33615/__cypress/runner/cypress_runner.js:144197:19)\n    at onFailFn (http://localhost:33615/__cypress/runner/cypress_runner.js:132448:16)\n    at tryCatcher (http://localhost:33615/__cypress/runner/cypress_runner.js:167415:23)\n    at Promise._settlePromiseFromHandler (http://localhost:33615/__cypress/runner/cypress_runner.js:165351:31)\n    at Promise._settlePromise (http://localhost:33615/__cypress/runner/cypress_runner.js:165408:18)\n    at Promise._settlePromise0 (http://localhost:33615/__cypress/runner/cypress_runner.js:165453:10)\n    at Promise._settlePromises (http://localhost:33615/__cypress/runner/cypress_runner.js:165528:18)\n    at Async../node_modules/bluebird/js/release/async.js.Async._drainQueue (http://localhost:33615/__cypress/runner/cypress_runner.js:162140:16)\n    at Async../node_modules/bluebird/js/release/async.js.Async._drainQueues (http://localhost:33615/__cypress/runner/cypress_runner.js:162150:10)\n    at Async.drainQueues (http://localhost:33615/__cypress/runner/cypress_runner.js:162024:14)",
                "diff": null
              },
              "uuid": "31564a64-db6f-4749-8b0b-2eb9593abcde",
              "parentUUID": "b4c04534-7adc-4843-96a7-6c90c83aa0d9",
              "isHook": false,
              "skipped": false
            }
          ],
          "suites": [],
          "passes": [],
          "failures": [
            "5462d4aa-5f9f-45bd-a593-3148ca8ed49b",
            "ce71c99a-2f3a-4673-b6d0-a5aa686a3d34",
            "189e83ab-f407-443b-82c7-31b551a737b5",
            "31564a64-db6f-4749-8b0b-2eb9593abcde"
          ],
          "pending": [],
          "skipped": [],
          "duration": 20831,
          "root": false,
          "rootEmpty": false,
          "_timeout": 2000
        },
        {
          "uuid": "3a7b785b-8820-4f43-8206-3da30e99a8e3",
          "title": "10 - Faça o quadro de pixels ter seu tamanho definido pelo usuário.",
          "fullFile": "",
          "file": "",
          "beforeHooks": [],
          "afterHooks": [],
          "tests": [
            {
              "title": "Verifica se existe um input com o id `board-size`",
              "fullTitle": "10 - Faça o quadro de pixels ter seu tamanho definido pelo usuário. Verifica se existe um input com o id `board-size`",
              "timedOut": null,
              "duration": 5282,
              "state": "failed",
              "speed": null,
              "pass": false,
              "fail": true,
              "pending": false,
              "context": null,
              "code": "cy.get('#board-size').should('be.visible');",
              "err": {
                "message": "CypressError: Timed out retrying: Expected to find element: '#board-size', but never found it.",
                "estack": "CypressError: Timed out retrying: Expected to find element: '#board-size', but never found it.\n    at cypressErr (http://localhost:33615/__cypress/runner/cypress_runner.js:149934:9)\n    at throwErr (http://localhost:33615/__cypress/runner/cypress_runner.js:149867:11)\n    at Object.throwErrByPath (http://localhost:33615/__cypress/runner/cypress_runner.js:149915:3)\n    at retry (http://localhost:33615/__cypress/runner/cypress_runner.js:144197:19)\n    at onFailFn (http://localhost:33615/__cypress/runner/cypress_runner.js:132448:16)\n    at tryCatcher (http://localhost:33615/__cypress/runner/cypress_runner.js:167415:23)\n    at Promise._settlePromiseFromHandler (http://localhost:33615/__cypress/runner/cypress_runner.js:165351:31)\n    at Promise._settlePromise (http://localhost:33615/__cypress/runner/cypress_runner.js:165408:18)\n    at Promise._settlePromise0 (http://localhost:33615/__cypress/runner/cypress_runner.js:165453:10)\n    at Promise._settlePromises (http://localhost:33615/__cypress/runner/cypress_runner.js:165528:18)\n    at Async../node_modules/bluebird/js/release/async.js.Async._drainQueue (http://localhost:33615/__cypress/runner/cypress_runner.js:162140:16)\n    at Async../node_modules/bluebird/js/release/async.js.Async._drainQueues (http://localhost:33615/__cypress/runner/cypress_runner.js:162150:10)\n    at Async.drainQueues (http://localhost:33615/__cypress/runner/cypress_runner.js:162024:14)",
                "diff": null
              },
              "uuid": "4acaf9f0-e03d-42cd-bef4-e4ec3bfb0a11",
              "parentUUID": "3a7b785b-8820-4f43-8206-3da30e99a8e3",
              "isHook": false,
              "skipped": false
            },
            {
              "title": "Verifica se existe um botão com o id `generate-board`",
[...]
                "diff": null
              },
              "uuid": "a6ce7288-1fb3-4832-89a6-0e86fa54fd0d",
              "parentUUID": "3a7b785b-8820-4f43-8206-3da30e99a8e3",
              "isHook": false,
              "skipped": false
            },
            {
              "title": "Verifica se o novo quadro tem todos os pixels preenchidos com a cor branca",
              "fullTitle": "10 - Faça o quadro de pixels ter seu tamanho definido pelo usuário. Verifica se o novo quadro tem todos os pixels preenchidos com a cor branca",
              "timedOut": null,
              "duration": 5057,
              "state": "failed",
              "speed": null,
              "pass": false,
              "fail": true,
              "pending": false,
              "context": null,
              "code": "cy.get('#board-size').clear().type(6);\ncy.get('#generate-board').click();\ncy.get('.pixel').should('have.length', 36).each(function (pixel) {\n  expect(pixel).to.have.css('background-color', WHITE);\n});",
              "err": {
                "message": "CypressError: Timed out retrying: Expected to find element: '#board-size', but never found it.",
                "estack": "CypressError: Timed out retrying: Expected to find element: '#board-size', but never found it.\n    at cypressErr (http://localhost:33615/__cypress/runner/cypress_runner.js:149934:9)\n    at throwErr (http://localhost:33615/__cypress/runner/cypress_runner.js:149867:11)\n    at Object.throwErrByPath (http://localhost:33615/__cypress/runner/cypress_runner.js:149915:3)\n    at retry (http://localhost:33615/__cypress/runner/cypress_runner.js:144197:19)\n    at onFailFn (http://localhost:33615/__cypress/runner/cypress_runner.js:132448:16)\n    at tryCatcher (http://localhost:33615/__cypress/runner/cypress_runner.js:167415:23)\n    at Promise._settlePromiseFromHandler (http://localhost:33615/__cypress/runner/cypress_runner.js:165351:31)\n    at Promise._settlePromise (http://localhost:33615/__cypress/runner/cypress_runner.js:165408:18)\n    at Promise._settlePromise0 (http://localhost:33615/__cypress/runner/cypress_runner.js:165453:10)\n    at Promise._settlePromises (http://localhost:33615/__cypress/runner/cypress_runner.js:165528:18)\n    at Async../node_modules/bluebird/js/release/async.js.Async._drainQueue (http://localhost:33615/__cypress/runner/cypress_runner.js:162140:16)\n    at Async../node_modules/bluebird/js/release/async.js.Async._drainQueues (http://localhost:33615/__cypress/runner/cypress_runner.js:162150:10)\n    at Async.drainQueues (http://localhost:33615/__cypress/runner/cypress_runner.js:162024:14)",
                "diff": null
              },
              "uuid": "37bef324-91e1-43d0-8192-6573026ae7fe",
              "parentUUID": "3a7b785b-8820-4f43-8206-3da30e99a8e3",
              "isHook": false,
              "skipped": false
            }
          ],
          "suites": [],
          "passes": [],
          "failures": [
            "4acaf9f0-e03d-42cd-bef4-e4ec3bfb0a11",
            "6c9dc832-77a7-4dcc-8c95-fe098512c736",
            "42c204e9-460d-4ff2-90c5-c18667b55818",
            "96a6efa7-e690-411b-95e3-844d5d0a5f2c",
            "24c4c35b-0dac-4613-8d82-200fd56c80de",
            "d98d9cab-72e8-45ae-bf7e-45d2efd85045",
            "47c9bf30-e01b-4eda-be0f-7c4f107e76c0",
            "a6ce7288-1fb3-4832-89a6-0e86fa54fd0d",
            "37bef324-91e1-43d0-8192-6573026ae7fe"
          ],
          "pending": [],
          "skipped": [],
          "duration": 46999,
          "root": false,
          "rootEmpty": false,
          "_timeout": 2000
        },
        {
          "uuid": "992e3d6d-6e4f-4736-a0df-4beabbfd0519",
          "title": "11 - Limite o tamanho mínimo e máximo do board.",
          "fullFile": "",
          "file": "",
          "beforeHooks": [],
          "afterHooks": [],
          "tests": [
            {
              "title": "Verifica se a altura máxima do board é 50",
              "fullTitle": "11 - Limite o tamanho mínimo e máximo do board. Verifica se a altura máxima do board é 50",
              "timedOut": null,
              "duration": 5116,
              "state": "failed",
              "speed": null,
              "pass": false,
              "fail": true,
              "pending": false,
              "context": null,
              "code": "cy.get('#board-size').clear().type(50);\ncy.get('#generate-board').click();\ncy.get('.pixel').should('have.length', 2500);",
              "err": {
                "message": "CypressError: Timed out retrying: Expected to find element: '#board-size', but never found it.",
                "estack": "CypressError: Timed out retrying: Expected to find element: '#board-size', but never found it.\n    at cypressErr (http://localhost:33615/__cypress/runner/cypress_runner.js:149934:9)\n    at throwErr (http://localhost:33615/__cypress/runner/cypress_runner.js:149867:11)\n    at Object.throwErrByPath (http://localhost:33615/__cypress/runner/cypress_runner.js:149915:3)\n    at retry (http://localhost:33615/__cypress/runner/cypress_runner.js:144197:19)\n    at onFailFn (http://localhost:33615/__cypress/runner/cypress_runner.js:132448:16)\n    at tryCatcher (http://localhost:33615/__cypress/runner/cypress_runner.js:167415:23)\n    at Promise._settlePromiseFromHandler (http://localhost:33615/__cypress/runner/cypress_runner.js:165351:31)\n    at Promise._settlePromise (http://localhost:33615/__cypress/runner/cypress_runner.js:165408:18)\n    at Promise._settlePromise0 (http://localhost:33615/__cypress/runner/cypress_runner.js:165453:10)\n    at Promise._settlePromises (http://localhost:33615/__cypress/runner/cypress_runner.js:165528:18)\n    at Async../node_modules/bluebird/js/release/async.js.Async._drainQueue (http://localhost:33615/__cypress/runner/cypress_runner.js:162140:16)\n    at Async../node_modules/bluebird/js/release/async.js.Async._drainQueues (http://localhost:33615/__cypress/runner/cypress_runner.js:162150:10)\n    at Async.drainQueues (http://localhost:33615/__cypress/runner/cypress_runner.js:162024:14)",
                "diff": null
              },
              "uuid": "34b01ab9-e884-4a9d-8050-f83cf069269e",
              "parentUUID": "992e3d6d-6e4f-4736-a0df-4beabbfd0519",
              "isHook": false,
              "skipped": false
            },
            {
              "title": "Verifica se a altura do board é 5 quando um valor menor é colocado no input",
              "fullTitle": "11 - Limite o tamanho mínimo e máximo do board. Verifica se a altura do board é 5 quando um valor menor é colocado no input",
              "timedOut": null,
              "duration": 5143,
              "state": "failed",
              "speed": null,
              "pass": false,
              "fail": true,
              "pending": false,
              "context": null,
              "code": "cy.get('#board-size').clear().type(4);\ncy.get('#generate-board').click();\ncy.get('.pixel').should('have.length', 25);",
              "err": {
                "message": "CypressError: Timed out retrying: Expected to find element: '#board-size', but never found it.",
                "estack": "CypressError: Timed out retrying: Expected to find element: '#board-size', but never found it.\n    at cypressErr (http://localhost:33615/__cypress/runner/cypress_runner.js:149934:9)\n    at throwErr (http://localhost:33615/__cypress/runner/cypress_runner.js:149867:11)\n    at Object.throwErrByPath (http://localhost:33615/__cypress/runner/cypress_runner.js:149915:3)\n    at retry (http://localhost:33615/__cypress/runner/cypress_runner.js:144197:19)\n    at onFailFn (http://localhost:33615/__cypress/runner/cypress_runner.js:132448:16)\n    at tryCatcher (http://localhost:33615/__cypress/runner/cypress_runner.js:167415:23)\n    at Promise._settlePromiseFromHandler (http://localhost:33615/__cypress/runner/cypress_runner.js:165351:31)\n    at Promise._settlePromise (http://localhost:33615/__cypress/runner/cypress_runner.js:165408:18)\n    at Promise._settlePromise0 (http://localhost:33615/__cypress/runner/cypress_runner.js:165453:10)\n    at Promise._settlePromises (http://localhost:33615/__cypress/runner/cypress_runner.js:165528:18)\n    at Async../node_modules/bluebird/js/release/async.js.Async._drainQueue (http://localhost:33615/__cypress/runner/cypress_runner.js:162140:16)\n    at Async../node_modules/bluebird/js/release/async.js.Async._drainQueues (http://localhost:33615/__cypress/runner/cypress_runner.js:162150:10)\n    at Async.drainQueues (http://localhost:33615/__cypress/runner/cypress_runner.js:162024:14)",
                "diff": null
              },
              "uuid": "a7f71ca0-95e5-495a-b783-734f11735508",
              "parentUUID": "992e3d6d-6e4f-4736-a0df-4beabbfd0519",
              "isHook": false,
              "skipped": false
            },
            {
              "title": "Verifica se a altura do board é 50 quando um valor maior é colocado no input",
              "fullTitle": "11 - Limite o tamanho mínimo e máximo do board. Verifica se a altura do board é 50 quando um valor maior é colocado no input",
              "timedOut": null,
              "duration": 5154,
              "state": "failed",
              "speed": null,
              "pass": false,
              "fail": true,
              "pending": false,
              "context": null,
              "code": "cy.get('#board-size').clear().type(51);\ncy.get('#generate-board').click();\ncy.get('.pixel').should('have.length', 2500);",
              "err": {
                "message": "CypressError: Timed out retrying: Expected to find element: '#board-size', but never found it.",
                "estack": "CypressError: Timed out retrying: Expected to find element: '#board-size', but never found it.\n    at cypressErr (http://localhost:33615/__cypress/runner/cypress_runner.js:149934:9)\n    at throwErr (http://localhost:33615/__cypress/runner/cypress_runner.js:149867:11)\n    at Object.throwErrByPath (http://localhost:33615/__cypress/runner/cypress_runner.js:149915:3)\n    at retry (http://localhost:33615/__cypress/runner/cypress_runner.js:144197:19)\n    at onFailFn (http://localhost:33615/__cypress/runner/cypress_runner.js:132448:16)\n    at tryCatcher (http://localhost:33615/__cypress/runner/cypress_runner.js:167415:23)\n    at Promise._settlePromiseFromHandler (http://localhost:33615/__cypress/runner/cypress_runner.js:165351:31)\n    at Promise._settlePromise (http://localhost:33615/__cypress/runner/cypress_runner.js:165408:18)\n    at Promise._settlePromise0 (http://localhost:33615/__cypress/runner/cypress_runner.js:165453:10)\n    at Promise._settlePromises (http://localhost:33615/__cypress/runner/cypress_runner.js:165528:18)\n    at Async../node_modules/bluebird/js/release/async.js.Async._drainQueue (http://localhost:33615/__cypress/runner/cypress_runner.js:162140:16)\n    at Async../node_modules/bluebird/js/release/async.js.Async._drainQueues (http://localhost:33615/__cypress/runner/cypress_runner.js:162150:10)\n    at Async.drainQueues (http://localhost:33615/__cypress/runner/cypress_runner.js:162024:14)",
                "diff": null
              },
              "uuid": "ca6d79b4-936e-4126-9d13-7c8b31a4632f",
              "parentUUID": "992e3d6d-6e4f-4736-a0df-4beabbfd0519",
              "isHook": false,
              "skipped": false
            }
          ],
          "suites": [],
          "passes": [],
          "failures": [
            "34b01ab9-e884-4a9d-8050-f83cf069269e",
            "a7f71ca0-95e5-495a-b783-734f11735508",
            "ca6d79b4-936e-4126-9d13-7c8b31a4632f"
          ],
          "pending": [],
          "skipped": [],
          "duration": 15413,
          "root": false,
          "rootEmpty": false,
          "_timeout": 2000
        },
        {
          "uuid": "83a99d2e-3632-4fe8-af8d-661bf721c006",
          "title": "12 - Faça com que as cores da paleta sejam geradas aleatoriamente ao carregar a página.",
          "fullFile": "",
          "file": "",
          "beforeHooks": [],
          "afterHooks": [],
          "tests": [
            {
              "title": "Verifica se as cores geradas na paleta são diferentes a cada carregamento da página",
              "fullTitle": "12 - Faça com que as cores da paleta sejam geradas aleatoriamente ao carregar a página. Verifica se as cores geradas na paleta são diferentes a cada carregamento da página",
              "timedOut": null,
              "duration": 5301,
              "state": "failed",
              "speed": null,
              "pass": false,
              "fail": true,
              "pending": false,
              "context": null,
              "code": "cy.get('.color').then(function (colors) {\n  var currentColors;\n  var previousColors;\n  previousColors = Array.from(colors).map(function (color) {\n    return Cypress.$(color).css('background-color');\n  });\n  for (var i = 0; i < 5; i += 1) {\n    cy.reload();\n    cy.get('.color').then(function (colors) {\n      currentColors = Array.from(colors).map(function (color) {\n        return Cypress.$(color).css('background-color');\n      });\n      expect(currentColors).not.to.deep.equal(previousColors);\n      previousColors = currentColors;\n    });\n  }\n});",
              "err": {
                "message": "CypressError: Timed out retrying: Expected to find element: '.color', but never found it.",
                "estack": "CypressError: Timed out retrying: Expected to find element: '.color', but never found it.\n    at cypressErr (http://localhost:33615/__cypress/runner/cypress_runner.js:149934:9)\n    at throwErr (http://localhost:33615/__cypress/runner/cypress_runner.js:149867:11)\n    at Object.throwErrByPath (http://localhost:33615/__cypress/runner/cypress_runner.js:149915:3)\n    at retry (http://localhost:33615/__cypress/runner/cypress_runner.js:144197:19)\n    at onFailFn (http://localhost:33615/__cypress/runner/cypress_runner.js:132448:16)\n    at tryCatcher (http://localhost:33615/__cypress/runner/cypress_runner.js:167415:23)\n    at Promise._settlePromiseFromHandler (http://localhost:33615/__cypress/runner/cypress_runner.js:165351:31)\n    at Promise._settlePromise (http://localhost:33615/__cypress/runner/cypress_runner.js:165408:18)\n    at Promise._settlePromise0 (http://localhost:33615/__cypress/runner/cypress_runner.js:165453:10)\n    at Promise._settlePromises (http://localhost:33615/__cypress/runner/cypress_runner.js:165528:18)\n    at Async../node_modules/bluebird/js/release/async.js.Async._drainQueue (http://localhost:33615/__cypress/runner/cypress_runner.js:162140:16)\n    at Async../node_modules/bluebird/js/release/async.js.Async._drainQueues (http://localhost:33615/__cypress/runner/cypress_runner.js:162150:10)\n    at Async.drainQueues (http://localhost:33615/__cypress/runner/cypress_runner.js:162024:14)",
                "diff": null
              },
              "uuid": "3bd8ecd0-4c24-446c-a409-ef65eb1a9f6e",
              "parentUUID": "83a99d2e-3632-4fe8-af8d-661bf721c006",
              "isHook": false,
              "skipped": false
            },
            {
              "title": "Verifica se a cor preta ainda está presente e é a primeira na sua paleta de cores",
              "fullTitle": "12 - Faça com que as cores da paleta sejam geradas aleatoriamente ao carregar a página. Verifica se a cor preta ainda está presente e é a primeira na sua paleta de cores",
              "timedOut": null,
              "duration": 5220,
              "state": "failed",
              "speed": null,
              "pass": false,
              "fail": true,
              "pending": false,
              "context": null,
              "code": "cy.get('.color').then(function (colors) {\n  var currentColors;\n  var previousColors;\n  previousColors = Array.from(colors).map(function (color) {\n    return Cypress.$(color).css('background-color');\n  });\n  expect(previousColors[0]).to.eq(BLACK);\n  for (var i = 0; i < 5; i += 1) {\n    cy.reload();\n    cy.get('.color').then(function (colors) {\n      currentColors = Array.from(colors).map(function (color) {\n        return Cypress.$(color).css('background-color');\n      });\n      expect(currentColors[0]).to.eq(BLACK);\n      expect(currentColors).not.to.deep.equal(previousColors);\n      previousColors = currentColors;\n    });\n  }\n});",
              "err": {
                "message": "CypressError: Timed out retrying: Expected to find element: '.color', but never found it.",
                "estack": "CypressError: Timed out retrying: Expected to find element: '.color', but never found it.\n    at cypressErr (http://localhost:33615/__cypress/runner/cypress_runner.js:149934:9)\n    at throwErr (http://localhost:33615/__cypress/runner/cypress_runner.js:149867:11)\n    at Object.throwErrByPath (http://localhost:33615/__cypress/runner/cypress_runner.js:149915:3)\n    at retry (http://localhost:33615/__cypress/runner/cypress_runner.js:144197:19)\n    at onFailFn (http://localhost:33615/__cypress/runner/cypress_runner.js:132448:16)\n    at tryCatcher (http://localhost:33615/__cypress/runner/cypress_runner.js:167415:23)\n    at Promise._settlePromiseFromHandler (http://localhost:33615/__cypress/runner/cypress_runner.js:165351:31)\n    at Promise._settlePromise (http://localhost:33615/__cypress/runner/cypress_runner.js:165408:18)\n    at Promise._settlePromise0 (http://localhost:33615/__cypress/runner/cypress_runner.js:165453:10)\n    at Promise._settlePromises (http://localhost:33615/__cypress/runner/cypress_runner.js:165528:18)\n    at Async../node_modules/bluebird/js/release/async.js.Async._drainQueue (http://localhost:33615/__cypress/runner/cypress_runner.js:162140:16)\n    at Async../node_modules/bluebird/js/release/async.js.Async._drainQueues (http://localhost:33615/__cypress/runner/cypress_runner.js:162150:10)\n    at Async.drainQueues (http://localhost:33615/__cypress/runner/cypress_runner.js:162024:14)",
                "diff": null
              },
              "uuid": "3ba6b20c-72c6-4a7f-b117-96685067eb00",
              "parentUUID": "83a99d2e-3632-4fe8-af8d-661bf721c006",
              "isHook": false,
              "skipped": false
            }
          ],
          "suites": [],
          "passes": [],
          "failures": [
            "3bd8ecd0-4c24-446c-a409-ef65eb1a9f6e",
            "3ba6b20c-72c6-4a7f-b117-96685067eb00"
          ],
          "pending": [],
          "skipped": [],
          "duration": 10521,
          "root": false,
          "rootEmpty": false,
          "_timeout": 2000
        }
      ],
      "passes": [],
      "failures": [],
      "pending": [],
      "skipped": [],
      "duration": 0,
      "root": true,
      "rootEmpty": true,
      "_timeout": 2000
    }
  ],
  "meta": {
    "mocha": {
      "version": "7.0.1"
    },
    "mochawesome": {
      "options": {
        "quiet": false,
        "reportFilename": "mochawesome",
        "saveHtml": false,
        "saveJson": true,
        "consoleReporter": "spec",
        "useInlineDiffs": false
      },
      "version": "4.1.0"
    },
    "marge": {
      "options": {
        "id": "default",
        "reportDir": "cypress/reports",
        "overwrite": true,
        "html": false,
        "json": true
      },
      "version": "4.1.0"
    }
  }
}