{
  "stats": {
    "suites": 12,
    "tests": 41,
    "passes": 21,
    "pending": 0,
    "failures": 20,
    "start": "2021-08-13T14:32:29.377Z",
    "end": "2021-08-13T14:33:59.765Z",
    "duration": 90388,
    "testsRegistered": 41,
    "passPercent": 51.21951219512195,
    "pendingPercent": 0,
    "other": 0,
    "hasOther": false,
    "skipped": 0,
    "hasSkipped": false
  },
  "results": [
    {
      "uuid": "f7f53697-f50c-49e5-91f6-62751a30568f",
      "title": "",
      "fullFile": "cypress/integration/project.spec.js",
      "file": "cypress/integration/project.spec.js",
      "beforeHooks": [],
      "afterHooks": [],
      "tests": [],
      "suites": [
        {
          "uuid": "2bd4cdec-4981-485a-a5f8-85456274e0f2",
          "title": "1 - Adicione à página o título \"Paleta de Cores\".",
          "fullFile": "",
          "file": "",
          "beforeHooks": [],
          "afterHooks": [],
          "tests": [
            {
              "title": "Verifica se contém um elemento `h1` com o id `title` com o título correto",
              "fullTitle": "1 - Adicione à página o título \"Paleta de Cores\". Verifica se contém um elemento `h1` com o id `title` com o título correto",
              "timedOut": null,
              "duration": 141,
              "state": "passed",
              "speed": "slow",
              "pass": true,
              "fail": false,
              "pending": false,
              "context": null,
              "code": "cy.get('h1#title').should('contain.text', 'Paleta de Cores');",
              "err": {},
              "uuid": "7e5a9592-e87c-4756-a710-fafc6e3552b5",
              "parentUUID": "2bd4cdec-4981-485a-a5f8-85456274e0f2",
              "isHook": false,
              "skipped": false
            }
          ],
          "suites": [],
          "passes": [
            "7e5a9592-e87c-4756-a710-fafc6e3552b5"
          ],
          "failures": [],
          "pending": [],
          "skipped": [],
          "duration": 141,
          "root": false,
          "rootEmpty": false,
          "_timeout": 2000
        },
        {
          "uuid": "5053daa3-823b-4011-a1e7-574668bd5270",
          "title": "2 - Adicione à página uma paleta de quatro cores distintas.",
          "fullFile": "",
          "file": "",
          "beforeHooks": [],
          "afterHooks": [],
          "tests": [
            {
              "title": "A paleta de cores deve ser um elemento com `id` denominado `color-palette`",
              "fullTitle": "2 - Adicione à página uma paleta de quatro cores distintas. A paleta de cores deve ser um elemento com `id` denominado `color-palette`",
              "timedOut": null,
              "duration": 73,
              "state": "passed",
              "speed": "medium",
              "pass": true,
              "fail": false,
              "pending": false,
              "context": null,
              "code": "cy.get('#color-palette').should('be.visible');",
              "err": {},
              "uuid": "9ef38317-1da2-4ab3-95af-c85fbeb30322",
              "parentUUID": "5053daa3-823b-4011-a1e7-574668bd5270",
              "isHook": false,
              "skipped": false
            },
            {
              "title": "Verifica se cada cor individual da paleta de cores possui a `classe` chamada `color`.",
              "fullTitle": "2 - Adicione à página uma paleta de quatro cores distintas. Verifica se cada cor individual da paleta de cores possui a `classe` chamada `color`.",
              "timedOut": null,
              "duration": 108,
              "state": "passed",
              "speed": "slow",
              "pass": true,
              "fail": false,
              "pending": false,
              "context": null,
              "code": "cy.get('.color').should('have.length', 4).then(function (colors) {\n  for (var i = 0; i < colors.length; i++) {\n    cy.wrap(colors[i]).should('be.visible');\n  }\n});",
              "err": {},
              "uuid": "5fe794c0-9655-416e-852d-3822722cd5c1",
              "parentUUID": "5053daa3-823b-4011-a1e7-574668bd5270",
              "isHook": false,
              "skipped": false
            },
            {
              "title": "Verifica se a cor de fundo de cada elemento da paleta é a cor que o elemento representa. **A única cor não permitida na paleta é a cor branca.**",
              "fullTitle": "2 - Adicione à página uma paleta de quatro cores distintas. Verifica se a cor de fundo de cada elemento da paleta é a cor que o elemento representa. **A única cor não permitida na paleta é a cor branca.**",
              "timedOut": null,
              "duration": 97,
              "state": "passed",
              "speed": "slow",
              "pass": true,
              "fail": false,
              "pending": false,
              "context": null,
              "code": "cy.get('.color').each(function (color) {\n  cy.wrap(color).should('have.class', 'color').and('not.have.css', 'background-color', WHITE);\n  cy.wrap(color).should('have.css', 'background-color');\n});",
              "err": {},
              "uuid": "734b3777-4e63-44ae-9d15-527c304377ff",
              "parentUUID": "5053daa3-823b-4011-a1e7-574668bd5270",
              "isHook": false,
              "skipped": false
            },
            {
              "title": "Verifica se cada elemento da paleta de cores tem uma borda preta, sólida e com 1 pixel de largura;",
              "fullTitle": "2 - Adicione à página uma paleta de quatro cores distintas. Verifica se cada elemento da paleta de cores tem uma borda preta, sólida e com 1 pixel de largura;",
              "timedOut": null,
              "duration": 86,
              "state": "passed",
              "speed": "slow",
              "pass": true,
              "fail": false,
              "pending": false,
              "context": null,
              "code": "cy.get('.color').each(function (color) {\n  cy.wrap(color).and('have.css', 'border', \"1px solid \".concat(BLACK)).and('have.class', 'color');\n});",
              "err": {},
              "uuid": "4f8d5177-f4b5-47cc-a8b7-da18bb66432e",
              "parentUUID": "5053daa3-823b-4011-a1e7-574668bd5270",
              "isHook": false,
              "skipped": false
            },
            {
              "title": "Verifica se a paleta lista todas as cores disponíveis para utilização, lado a lado.",
              "fullTitle": "2 - Adicione à página uma paleta de quatro cores distintas. Verifica se a paleta lista todas as cores disponíveis para utilização, lado a lado.",
              "timedOut": null,
              "duration": 136,
              "state": "passed",
              "speed": "slow",
              "pass": true,
              "fail": false,
              "pending": false,
              "context": null,
              "code": "cy.get('.color').then(function (colors) {\n  for (var index = 1; index < colors.length; index += 1) {\n    var currentColor = colors[index];\n    var previousColor = colors[index - 1];\n    cy.wrap(currentColor).should('be.onTheRightOf', previousColor).and('be.horizontallyAlignedWith', previousColor);\n  }\n});",
              "err": {},
              "uuid": "1e872278-6e40-40f5-89ba-b4a4e63690bb",
              "parentUUID": "5053daa3-823b-4011-a1e7-574668bd5270",
              "isHook": false,
              "skipped": false
            },
            {
              "title": "Verifica se a paleta de cores está posicionada abaixo do título 'Paleta de Cores'",
              "fullTitle": "2 - Adicione à página uma paleta de quatro cores distintas. Verifica se a paleta de cores está posicionada abaixo do título 'Paleta de Cores'",
              "timedOut": null,
              "duration": 98,
              "state": "passed",
              "speed": "slow",
              "pass": true,
              "fail": false,
              "pending": false,
              "context": null,
              "code": "cy.get('h1#title').then(function (title) {\n  cy.get('#color-palette').should('be.belowOf', title);\n});",
              "err": {},
              "uuid": "ce52cef8-ba70-4f27-a2bc-b88b81c9cd1c",
              "parentUUID": "5053daa3-823b-4011-a1e7-574668bd5270",
              "isHook": false,
              "skipped": false
            },
            {
              "title": "Verifica se a paleta de cores não contém cores repetidas.",
              "fullTitle": "2 - Adicione à página uma paleta de quatro cores distintas. Verifica se a paleta de cores não contém cores repetidas.",
              "timedOut": null,
              "duration": 99,
              "state": "passed",
              "speed": "slow",
              "pass": true,
              "fail": false,
              "pending": false,
              "context": null,
              "code": "cy.get('.color').then(function (colors) {\n  var allColors = Array.from(colors).map(function (color) {\n    return Cypress.$(color).css('background-color');\n  });\n  cy.log(allColors);\n  var uniqColors = (0, _toConsumableArray2[\"default\"])(new Set(allColors));\n  cy.log(uniqColors);\n  expect(allColors.length).to.eq(uniqColors.length);\n});",
              "err": {},
              "uuid": "60ea5287-1f3e-4f2c-a8a4-a1e734967d46",
              "parentUUID": "5053daa3-823b-4011-a1e7-574668bd5270",
              "isHook": false,
              "skipped": false
            }
          ],
          "suites": [],
          "passes": [
            "9ef38317-1da2-4ab3-95af-c85fbeb30322",
            "5fe794c0-9655-416e-852d-3822722cd5c1",
            "734b3777-4e63-44ae-9d15-527c304377ff",
            "4f8d5177-f4b5-47cc-a8b7-da18bb66432e",
            "1e872278-6e40-40f5-89ba-b4a4e63690bb",
            "ce52cef8-ba70-4f27-a2bc-b88b81c9cd1c",
            "60ea5287-1f3e-4f2c-a8a4-a1e734967d46"
          ],
          "failures": [],
          "pending": [],
          "skipped": [],
          "duration": 697,
          "root": false,
          "rootEmpty": false,
          "_timeout": 2000
        },
        {
          "uuid": "0b85f30a-c621-4c01-a59c-2e73cc4cdeef",
          "title": "3 - Adicione a cor **preta** como a primeira cor da paleta de cores.",
          "fullFile": "",
          "file": "",
          "beforeHooks": [],
          "afterHooks": [],
          "tests": [
            {
              "title": "Verifica se a primeira cor da paleta é preta",
              "fullTitle": "3 - Adicione a cor **preta** como a primeira cor da paleta de cores. Verifica se a primeira cor da paleta é preta",
              "timedOut": null,
              "duration": 85,
              "state": "passed",
              "speed": "slow",
              "pass": true,
              "fail": false,
              "pending": false,
              "context": null,
              "code": "cy.get('.color').first().should('have.css', 'background-color', BLACK);",
              "err": {},
              "uuid": "7ef43b24-b897-43be-8963-d3f9514598a5",
              "parentUUID": "0b85f30a-c621-4c01-a59c-2e73cc4cdeef",
              "isHook": false,
              "skipped": false
            },
            {
              "title": "Verifica se as demais cores podem ser escolhidas livremente.",
              "fullTitle": "3 - Adicione a cor **preta** como a primeira cor da paleta de cores. Verifica se as demais cores podem ser escolhidas livremente.",
              "timedOut": null,
              "duration": 127,
              "state": "passed",
              "speed": "slow",
              "pass": true,
              "fail": false,
              "pending": false,
              "context": null,
              "code": "cy.get('.color').eq(1).should('not.have.css', 'background-color', BLACK);\ncy.get('.color').eq(1).should('not.have.css', 'background-color', WHITE);\ncy.get('.color').eq(1).should('not.have.css', 'background-color', 'rgba(0, 0, 0, 0)');\ncy.get('.color').eq(1).should('have.css', 'background-color');\ncy.get('.color').eq(2).should('not.have.css', 'background-color', BLACK);\ncy.get('.color').eq(2).should('not.have.css', 'background-color', WHITE);\ncy.get('.color').eq(2).should('not.have.css', 'background-color', 'rgba(0, 0, 0, 0)');\ncy.get('.color').eq(2).should('have.css', 'background-color');\ncy.get('.color').eq(3).should('not.have.css', 'background-color', BLACK);\ncy.get('.color').eq(3).should('not.have.css', 'background-color', WHITE);\ncy.get('.color').eq(3).should('not.have.css', 'background-color', 'rgba(0, 0, 0, 0)');\ncy.get('.color').eq(3).should('have.css', 'background-color');",
              "err": {},
              "uuid": "2dec82cf-33a5-455d-916c-0f2741e54e45",
              "parentUUID": "0b85f30a-c621-4c01-a59c-2e73cc4cdeef",
              "isHook": false,
              "skipped": false
            }
          ],
          "suites": [],
          "passes": [
            "7ef43b24-b897-43be-8963-d3f9514598a5",
            "2dec82cf-33a5-455d-916c-0f2741e54e45"
          ],
          "failures": [],
          "pending": [],
          "skipped": [],
          "duration": 212,
          "root": false,
          "rootEmpty": false,
          "_timeout": 2000
        },
        {
          "uuid": "6f62e9fe-ec2d-483f-9d29-5461ac914d68",
          "title": "4 - Adicione à página um quadro de pixels, com 25 pixels.",
          "fullFile": "",
          "file": "",
          "beforeHooks": [],
          "afterHooks": [],
          "tests": [
            {
              "title": "Verifica se o quadro de pixels possui o `id` denominado `pixel-board`",
              "fullTitle": "4 - Adicione à página um quadro de pixels, com 25 pixels. Verifica se o quadro de pixels possui o `id` denominado `pixel-board`",
              "timedOut": null,
              "duration": 64,
              "state": "passed",
              "speed": "medium",
              "pass": true,
              "fail": false,
              "pending": false,
              "context": null,
              "code": "cy.get('#pixel-board').should('be.visible');",
              "err": {},
              "uuid": "93c8618e-9e6f-4a69-b50f-125f1f12f2ca",
              "parentUUID": "6f62e9fe-ec2d-483f-9d29-5461ac914d68",
              "isHook": false,
              "skipped": false
            },
            {
              "title": "Verifica se cada pixel individual dentro do quadro possui a `classe` denominada `pixel`.",
              "fullTitle": "4 - Adicione à página um quadro de pixels, com 25 pixels. Verifica se cada pixel individual dentro do quadro possui a `classe` denominada `pixel`.",
              "timedOut": null,
              "duration": 128,
              "state": "passed",
              "speed": "slow",
              "pass": true,
              "fail": false,
              "pending": false,
              "context": null,
              "code": "cy.get('.pixel').should('have.length', 25);",
              "err": {},
              "uuid": "080692a5-a46a-4d57-8148-6316897d8cd9",
              "parentUUID": "6f62e9fe-ec2d-483f-9d29-5461ac914d68",
              "isHook": false,
              "skipped": false
            },
            {
              "title": "Verifica se a cor inicial dos pixels dentro do quadro, ao abrir a página, é branca.",
              "fullTitle": "4 - Adicione à página um quadro de pixels, com 25 pixels. Verifica se a cor inicial dos pixels dentro do quadro, ao abrir a página, é branca.",
              "timedOut": null,
              "duration": 156,
              "state": "passed",
              "speed": "slow",
              "pass": true,
              "fail": false,
              "pending": false,
              "context": null,
              "code": "cy.get('.pixel').should('have.length', 25).each(function (pixel) {\n  expect(pixel).to.have.css('background-color', WHITE);\n});",
              "err": {},
              "uuid": "b5bee3aa-4b65-4f8c-8b04-9da60f806abe",
              "parentUUID": "6f62e9fe-ec2d-483f-9d29-5461ac914d68",
              "isHook": false,
              "skipped": false
            },
            {
              "title": "Verifica se o quadro de pixels aparece abaixo da paleta de cores",
              "fullTitle": "4 - Adicione à página um quadro de pixels, com 25 pixels. Verifica se o quadro de pixels aparece abaixo da paleta de cores",
              "timedOut": null,
              "duration": 70,
              "state": "passed",
              "speed": "medium",
              "pass": true,
              "fail": false,
              "pending": false,
              "context": null,
              "code": "cy.get('#color-palette').then(function (palette) {\n  cy.get('#pixel-board').should('be.belowOf', palette);\n});",
              "err": {},
              "uuid": "6638b9c2-8565-430e-bd96-e7df2290545d",
              "parentUUID": "6f62e9fe-ec2d-483f-9d29-5461ac914d68",
              "isHook": false,
              "skipped": false
            }
          ],
          "suites": [],
          "passes": [
            "93c8618e-9e6f-4a69-b50f-125f1f12f2ca",
            "080692a5-a46a-4d57-8148-6316897d8cd9",
            "b5bee3aa-4b65-4f8c-8b04-9da60f806abe",
            "6638b9c2-8565-430e-bd96-e7df2290545d"
          ],
          "failures": [],
          "pending": [],
          "skipped": [],
          "duration": 418,
          "root": false,
          "rootEmpty": false,
          "_timeout": 2000
        },
        {
          "uuid": "b5878da1-dc22-4b9a-ac1f-17fae818458e",
          "title": "5 - Faça com que cada elemento do quadro de pixels possua 40 pixels de largura, 40 pixels de altura e seja delimitado por uma borda preta de 1 pixel.",
          "fullFile": "",
          "file": "",
          "beforeHooks": [],
          "afterHooks": [],
          "tests": [
            {
              "title": "Verifica se o quadro de pixels tem altura e comprimento de 5 elementos",
              "fullTitle": "5 - Faça com que cada elemento do quadro de pixels possua 40 pixels de largura, 40 pixels de altura e seja delimitado por uma borda preta de 1 pixel. Verifica se o quadro de pixels tem altura e comprimento de 5 elementos",
              "timedOut": null,
              "duration": 237,
              "state": "passed",
              "speed": "slow",
              "pass": true,
              "fail": false,
              "pending": false,
              "context": null,
              "code": "cy.get('.pixel').should('have.length', 25).each(function (pixel) {\n  expect(pixel).to.have.css('background-color', WHITE);\n}).and(function (pixels) {\n  var rows = chunk(pixels, 5);\n  rows.forEach(function (row) {\n    for (var index = 1; index < row.length; index += 1) {\n      var current = pixels[index];\n      var previous = pixels[index - 1];\n      cy.wrap(current).should('be.onTheRightOf', previous).and('be.horizontallyAlignedWith', previous);\n    }\n  });\n  for (var index = 1; index < 5; index += 1) {\n    expect(pixels[index * 5]).to.be.belowOf(pixels[(index - 1) * 5]);\n  }\n});",
              "err": {},
              "uuid": "cefe46dd-1d48-48a9-9f59-ec89923bc0a5",
              "parentUUID": "b5878da1-dc22-4b9a-ac1f-17fae818458e",
              "isHook": false,
              "skipped": false
            },
            {
              "title": "Verifica se 40 pixels é o tamanho total do elemento, incluindo seu conteúdo e excluindo a borda preta, que deve ser criada à parte.",
              "fullTitle": "5 - Faça com que cada elemento do quadro de pixels possua 40 pixels de largura, 40 pixels de altura e seja delimitado por uma borda preta de 1 pixel. Verifica se 40 pixels é o tamanho total do elemento, incluindo seu conteúdo e excluindo a borda preta, que deve ser criada à parte.",
              "timedOut": null,
              "duration": 249,
              "state": "passed",
              "speed": "slow",
              "pass": true,
              "fail": false,
              "pending": false,
              "context": null,
              "code": "cy.get('.pixel').each(function (pixel) {\n  cy.wrap(pixel).should('have.css', 'height', '40px').and('have.css', 'width', '40px').and('have.css', 'border', \"1px solid \".concat(BLACK));\n});",
              "err": {},
              "uuid": "6eb76ddb-60c0-405e-bc0f-5f3e7f6c1794",
              "parentUUID": "b5878da1-dc22-4b9a-ac1f-17fae818458e",
              "isHook": false,
              "skipped": false
            }
          ],
          "suites": [],
          "passes": [
            "cefe46dd-1d48-48a9-9f59-ec89923bc0a5",
            "6eb76ddb-60c0-405e-bc0f-5f3e7f6c1794"
          ],
          "failures": [],
          "pending": [],
          "skipped": [],
          "duration": 486,
          "root": false,
          "rootEmpty": false,
          "_timeout": 2000
        },
        {
          "uuid": "ef2c1cb8-63da-4d6e-97b7-96b20fe4311b",
          "title": "6 - Defina a cor preta como cor inicial. Ao carregar a página a cor preta já deve estar selecionada para pintar os pixels",
          "fullFile": "",
          "file": "",
          "beforeHooks": [],
          "afterHooks": [],
          "tests": [
            {
              "title": "Verifica se o elemento da cor preta possui, inicialmente, a `classe` `selected`",
              "fullTitle": "6 - Defina a cor preta como cor inicial. Ao carregar a página a cor preta já deve estar selecionada para pintar os pixels Verifica se o elemento da cor preta possui, inicialmente, a `classe` `selected`",
              "timedOut": null,
              "duration": 59,
              "state": "passed",
              "speed": "medium",
              "pass": true,
              "fail": false,
              "pending": false,
              "context": null,
              "code": "cy.get('.selected').first().should('have.css', 'background-color', BLACK);",
              "err": {},
              "uuid": "6aa6d769-e3cd-4a9a-8cf9-221dc1900554",
              "parentUUID": "ef2c1cb8-63da-4d6e-97b7-96b20fe4311b",
              "isHook": false,
              "skipped": false
            },
            {
              "title": "Verifica se nenhuma outra cor da paleta tem a `classe` `selected`",
              "fullTitle": "6 - Defina a cor preta como cor inicial. Ao carregar a página a cor preta já deve estar selecionada para pintar os pixels Verifica se nenhuma outra cor da paleta tem a `classe` `selected`",
              "timedOut": null,
              "duration": 69,
              "state": "passed",
              "speed": "medium",
              "pass": true,
              "fail": false,
              "pending": false,
              "context": null,
              "code": "cy.get('.color:not(:first-child)').each(function (color) {\n  cy.wrap(color).should('not.have.class', 'selected');\n});",
              "err": {},
              "uuid": "f12a8e46-2eb0-442f-94f8-39f74c4c6f7e",
              "parentUUID": "ef2c1cb8-63da-4d6e-97b7-96b20fe4311b",
              "isHook": false,
              "skipped": false
            }
          ],
          "suites": [],
          "passes": [
            "6aa6d769-e3cd-4a9a-8cf9-221dc1900554",
            "f12a8e46-2eb0-442f-94f8-39f74c4c6f7e"
          ],
          "failures": [],
          "pending": [],
          "skipped": [],
          "duration": 128,
          "root": false,
          "rootEmpty": false,
          "_timeout": 2000
        },
        {
          "uuid": "a54f0de2-e08a-41d0-966d-45efb81cd999",
          "title": "7 - Clicar em uma das cores da paleta, faz com que ela seja selecionada e utilizada para preencher os pixels no quadro.",
          "fullFile": "",
          "file": "",
          "beforeHooks": [],
          "afterHooks": [],
          "tests": [
            {
              "title": "Verifica se somente uma cor da paleta de cores tem a classe `selected` de cada vez",
              "fullTitle": "7 - Clicar em uma das cores da paleta, faz com que ela seja selecionada e utilizada para preencher os pixels no quadro. Verifica se somente uma cor da paleta de cores tem a classe `selected` de cada vez",
              "timedOut": null,
              "duration": 417,
              "state": "passed",
              "speed": "slow",
              "pass": true,
              "fail": false,
              "pending": false,
              "context": null,
              "code": "cy.get('.color').each(function (selectedColor, selectedColorIndex) {\n  cy.wrap(selectedColor).click();\n  cy.get('.color').each(function (color, colorIndex) {\n    if (colorIndex === selectedColorIndex) {\n      expect(color).to.have[\"class\"]('selected');\n    } else {\n      expect(color).not.to.have[\"class\"]('selected');\n    }\n  });\n});",
              "err": {},
              "uuid": "dd4e295a-a68c-4805-b34c-21ccae94d278",
              "parentUUID": "a54f0de2-e08a-41d0-966d-45efb81cd999",
              "isHook": false,
              "skipped": false
            },
            {
              "title": "Verifica se os pixels dentro do quadro não têm a classe `selected` quando são clicados",
              "fullTitle": "7 - Clicar em uma das cores da paleta, faz com que ela seja selecionada e utilizada para preencher os pixels no quadro. Verifica se os pixels dentro do quadro não têm a classe `selected` quando são clicados",
              "timedOut": null,
              "duration": 8306,
              "state": "passed",
              "speed": "slow",
              "pass": true,
              "fail": false,
              "pending": false,
              "context": null,
              "code": "cy.get('.color').each(function (color) {\n  var backgroundColor = color.css('background-color');\n  cy.wrap(color).click();\n  cy.get('.pixel').each(function (pixel) {\n    cy.wrap(pixel).click().should('not.have.class', 'selected');\n  });\n});",
              "err": {},
              "uuid": "8f77abbb-a2bc-45cb-a078-1641a4126844",
              "parentUUID": "a54f0de2-e08a-41d0-966d-45efb81cd999",
              "isHook": false,
              "skipped": false
            }
          ],
          "suites": [],
          "passes": [
            "dd4e295a-a68c-4805-b34c-21ccae94d278",
            "8f77abbb-a2bc-45cb-a078-1641a4126844"
          ],
          "failures": [],
          "pending": [],
          "skipped": [],
          "duration": 8723,
          "root": false,
          "rootEmpty": false,
          "_timeout": 2000
        },
        {
          "uuid": "8a50370f-c50c-423b-a38f-557113617b96",
          "title": "8 - Clicar em um pixel dentro do quadro após selecionar uma cor na paleta, faz com que o pixel seja preenchido com a cor selecionada.",
          "fullFile": "",
          "file": "",
          "beforeHooks": [],
          "afterHooks": [],
          "tests": [
            {
              "title": "Verifica se ao carregar a página deve ser possível pintar os pixels de preto",
              "fullTitle": "8 - Clicar em um pixel dentro do quadro após selecionar uma cor na paleta, faz com que o pixel seja preenchido com a cor selecionada. Verifica se ao carregar a página deve ser possível pintar os pixels de preto",
              "timedOut": null,
              "duration": 4320,
              "state": "failed",
              "speed": null,
              "pass": false,
              "fail": true,
              "pending": false,
              "context": null,
              "code": "cy.get('.pixel').each(function (pixel) {\n  cy.wrap(pixel).click().should('have.css', 'background-color', BLACK);\n});",
              "err": {
                "message": "CypressError: Timed out retrying: expected '<td.pixel>' to have CSS property 'background-color' with the value 'rgb(0, 0, 0)', but the value was 'rgb(255, 255, 255)'",
                "estack": "CypressError: Timed out retrying: expected '<td.pixel>' to have CSS property 'background-color' with the value 'rgb(0, 0, 0)', but the value was 'rgb(255, 255, 255)'\n    at cypressErr (http://localhost:37611/__cypress/runner/cypress_runner.js:149934:9)\n    at throwErr (http://localhost:37611/__cypress/runner/cypress_runner.js:149867:11)\n    at Object.throwErrByPath (http://localhost:37611/__cypress/runner/cypress_runner.js:149915:3)\n    at retry (http://localhost:37611/__cypress/runner/cypress_runner.js:144197:19)\n    at onFailFn (http://localhost:37611/__cypress/runner/cypress_runner.js:132448:16)\n    at tryCatcher (http://localhost:37611/__cypress/runner/cypress_runner.js:167415:23)\n    at Promise._settlePromiseFromHandler (http://localhost:37611/__cypress/runner/cypress_runner.js:165351:31)\n    at Promise._settlePromise (http://localhost:37611/__cypress/runner/cypress_runner.js:165408:18)\n    at Promise._settlePromise0 (http://localhost:37611/__cypress/runner/cypress_runner.js:165453:10)\n    at Promise._settlePromises (http://localhost:37611/__cypress/runner/cypress_runner.js:165528:18)\n    at Async../node_modules/bluebird/js/release/async.js.Async._drainQueue (http://localhost:37611/__cypress/runner/cypress_runner.js:162140:16)\n    at Async../node_modules/bluebird/js/release/async.js.Async._drainQueues (http://localhost:37611/__cypress/runner/cypress_runner.js:162150:10)\n    at Async.drainQueues (http://localhost:37611/__cypress/runner/cypress_runner.js:162024:14)",
                "diff": null
              },
              "uuid": "e4661da2-19e8-4934-b9f8-3c839efffb18",
              "parentUUID": "8a50370f-c50c-423b-a38f-557113617b96",
              "isHook": false,
              "skipped": false
            },
            {
              "title": "Verifica se após selecionar uma outra cor na paleta, é possível pintar os pixels com essa cor",
              "fullTitle": "8 - Clicar em um pixel dentro do quadro após selecionar uma cor na paleta, faz com que o pixel seja preenchido com a cor selecionada. Verifica se após selecionar uma outra cor na paleta, é possível pintar os pixels com essa cor",
              "timedOut": null,
              "duration": 4383,
              "state": "failed",
              "speed": null,
              "pass": false,
              "fail": true,
              "pending": false,
              "context": null,
              "code": "cy.get('.color').each(function (color) {\n  var backgroundColor = color.css('background-color');\n  cy.wrap(color).click();\n  cy.get('.pixel').each(function (pixel) {\n    cy.wrap(pixel).click().should('have.css', 'background-color', backgroundColor);\n  });\n});",
              "err": {
                "message": "CypressError: Timed out retrying: expected '<td.pixel>' to have CSS property 'background-color' with the value 'rgb(0, 0, 0)', but the value was 'rgb(255, 255, 255)'",
                "estack": "CypressError: Timed out retrying: expected '<td.pixel>' to have CSS property 'background-color' with the value 'rgb(0, 0, 0)', but the value was 'rgb(255, 255, 255)'\n    at cypressErr (http://localhost:37611/__cypress/runner/cypress_runner.js:149934:9)\n    at throwErr (http://localhost:37611/__cypress/runner/cypress_runner.js:149867:11)\n    at Object.throwErrByPath (http://localhost:37611/__cypress/runner/cypress_runner.js:149915:3)\n    at retry (http://localhost:37611/__cypress/runner/cypress_runner.js:144197:19)\n    at onFailFn (http://localhost:37611/__cypress/runner/cypress_runner.js:132448:16)\n    at tryCatcher (http://localhost:37611/__cypress/runner/cypress_runner.js:167415:23)\n    at Promise._settlePromiseFromHandler (http://localhost:37611/__cypress/runner/cypress_runner.js:165351:31)\n    at Promise._settlePromise (http://localhost:37611/__cypress/runner/cypress_runner.js:165408:18)\n    at Promise._settlePromise0 (http://localhost:37611/__cypress/runner/cypress_runner.js:165453:10)\n    at Promise._settlePromises (http://localhost:37611/__cypress/runner/cypress_runner.js:165528:18)\n    at Async../node_modules/bluebird/js/release/async.js.Async._drainQueue (http://localhost:37611/__cypress/runner/cypress_runner.js:162140:16)\n    at Async../node_modules/bluebird/js/release/async.js.Async._drainQueues (http://localhost:37611/__cypress/runner/cypress_runner.js:162150:10)\n    at Async.drainQueues (http://localhost:37611/__cypress/runner/cypress_runner.js:162024:14)",
                "diff": null
              },
              "uuid": "e7430e61-82ed-4122-82ae-e8de5e8b298e",
              "parentUUID": "8a50370f-c50c-423b-a38f-557113617b96",
              "isHook": false,
              "skipped": false
            },
            {
              "title": "Verifica se somente o pixel que foi clicado foi preenchido com a cor selecionada, sem influenciar na cor dos demais pixels.",
              "fullTitle": "8 - Clicar em um pixel dentro do quadro após selecionar uma cor na paleta, faz com que o pixel seja preenchido com a cor selecionada. Verifica se somente o pixel que foi clicado foi preenchido com a cor selecionada, sem influenciar na cor dos demais pixels.",
              "timedOut": null,
              "duration": 1451,
              "state": "passed",
              "speed": "slow",
              "pass": true,
              "fail": false,
              "pending": false,
              "context": null,
              "code": "var colorToPixelIndexMap = {\n  0: 6,\n  1: 8,\n  2: 16,\n  3: 18\n};\ncy.get('.color').each(function (color, index) {\n  cy.wrap(color).click();\n  var backgroundColor = color.css('background-color');\n  var clickedPixelIndex = colorToPixelIndexMap[index];\n  cy.get('.pixel').eq(clickedPixelIndex).click();\n  cy.get('.pixel').eq(clickedPixelIndex - 1).should('not.have.css', 'background-color', backgroundColor);\n  cy.get('.pixel').eq(clickedPixelIndex + 1).should('not.have.css', 'background-color', backgroundColor);\n  cy.get('.pixel').eq(clickedPixelIndex - 5).should('not.have.css', 'background-color', backgroundColor);\n  cy.get('.pixel').eq(clickedPixelIndex + 5).should('not.have.css', 'background-color', backgroundColor);\n  cy.get('.pixel').eq(clickedPixelIndex - 6).should('not.have.css', 'background-color', backgroundColor);\n  cy.get('.pixel').eq(clickedPixelIndex - 4).should('not.have.css', 'background-color', backgroundColor);\n  cy.get('.pixel').eq(clickedPixelIndex + 4).should('not.have.css', 'background-color', backgroundColor);\n  cy.get('.pixel').eq(clickedPixelIndex + 6).should('not.have.css', 'background-color', backgroundColor);\n});",
              "err": {},
              "uuid": "ddca3b3a-2f97-43fe-b6df-b89f1f4baff8",
              "parentUUID": "8a50370f-c50c-423b-a38f-557113617b96",
              "isHook": false,
              "skipped": false
            }
          ],
          "suites": [],
          "passes": [
            "ddca3b3a-2f97-43fe-b6df-b89f1f4baff8"
          ],
          "failures": [
            "e4661da2-19e8-4934-b9f8-3c839efffb18",
            "e7430e61-82ed-4122-82ae-e8de5e8b298e"
          ],
          "pending": [],
          "skipped": [],
          "duration": 10154,
          "root": false,
          "rootEmpty": false,
          "_timeout": 2000
        },
        {
          "uuid": "43469d55-5049-4e78-96c6-dd0932861997",
          "title": "9 - Crie um botão que, ao ser clicado, limpa o quadro preenchendo a cor de todos seus pixels com branco.",
          "fullFile": "",
          "file": "",
          "beforeHooks": [],
          "afterHooks": [],
          "tests": [
            {
              "title": "Verifica se o botão tem o `id` denominado `clear-board`",
              "fullTitle": "9 - Crie um botão que, ao ser clicado, limpa o quadro preenchendo a cor de todos seus pixels com branco. Verifica se o botão tem o `id` denominado `clear-board`",
              "timedOut": null,
              "duration": 4234,
              "state": "failed",
              "speed": null,
              "pass": false,
              "fail": true,
              "pending": false,
              "context": null,
              "code": "cy.get('#clear-board').should('be.visible');",
              "err": {
                "message": "CypressError: Timed out retrying: Expected to find element: '#clear-board', but never found it.",
                "estack": "CypressError: Timed out retrying: Expected to find element: '#clear-board', but never found it.\n    at cypressErr (http://localhost:37611/__cypress/runner/cypress_runner.js:149934:9)\n    at throwErr (http://localhost:37611/__cypress/runner/cypress_runner.js:149867:11)\n    at Object.throwErrByPath (http://localhost:37611/__cypress/runner/cypress_runner.js:149915:3)\n    at retry (http://localhost:37611/__cypress/runner/cypress_runner.js:144197:19)\n    at onFailFn (http://localhost:37611/__cypress/runner/cypress_runner.js:132448:16)\n    at tryCatcher (http://localhost:37611/__cypress/runner/cypress_runner.js:167415:23)\n    at Promise._settlePromiseFromHandler (http://localhost:37611/__cypress/runner/cypress_runner.js:165351:31)\n    at Promise._settlePromise (http://localhost:37611/__cypress/runner/cypress_runner.js:165408:18)\n    at Promise._settlePromise0 (http://localhost:37611/__cypress/runner/cypress_runner.js:165453:10)\n    at Promise._settlePromises (http://localhost:37611/__cypress/runner/cypress_runner.js:165528:18)\n    at Async../node_modules/bluebird/js/release/async.js.Async._drainQueue (http://localhost:37611/__cypress/runner/cypress_runner.js:162140:16)\n    at Async../node_modules/bluebird/js/release/async.js.Async._drainQueues (http://localhost:37611/__cypress/runner/cypress_runner.js:162150:10)\n    at Async.drainQueues (http://localhost:37611/__cypress/runner/cypress_runner.js:162024:14)",
                "diff": null
              },
              "uuid": "605c9e89-7ea4-4f98-8cf7-1a092fa385e7",
              "parentUUID": "43469d55-5049-4e78-96c6-dd0932861997",
              "isHook": false,
              "skipped": false
            },
            {
              "title": "Verifica se o botão está posicionado entre a paleta de cores e o quadro de pixels",
              "fullTitle": "9 - Crie um botão que, ao ser clicado, limpa o quadro preenchendo a cor de todos seus pixels com branco. Verifica se o botão está posicionado entre a paleta de cores e o quadro de pixels",
              "timedOut": null,
              "duration": 4223,
              "state": "failed",
              "speed": null,
              "pass": false,
              "fail": true,
              "pending": false,
              "context": null,
              "code": "cy.get('#color-palette').then(function (palette) {\n  cy.get('#clear-board').should('be.belowOf', palette);\n});\ncy.get('#clear-board').then(function (clearBtn) {\n  cy.get('#pixel-board').should('be.belowOf', clearBtn);\n});",
              "err": {
                "message": "CypressError: Timed out retrying: Expected to find element: '#clear-board', but never found it.",
                "estack": "CypressError: Timed out retrying: Expected to find element: '#clear-board', but never found it.\n    at cypressErr (http://localhost:37611/__cypress/runner/cypress_runner.js:149934:9)\n    at throwErr (http://localhost:37611/__cypress/runner/cypress_runner.js:149867:11)\n    at Object.throwErrByPath (http://localhost:37611/__cypress/runner/cypress_runner.js:149915:3)\n    at retry (http://localhost:37611/__cypress/runner/cypress_runner.js:144197:19)\n    at onFailFn (http://localhost:37611/__cypress/runner/cypress_runner.js:132448:16)\n    at tryCatcher (http://localhost:37611/__cypress/runner/cypress_runner.js:167415:23)\n    at Promise._settlePromiseFromHandler (http://localhost:37611/__cypress/runner/cypress_runner.js:165351:31)\n    at Promise._settlePromise (http://localhost:37611/__cypress/runner/cypress_runner.js:165408:18)\n    at Promise._settlePromise0 (http://localhost:37611/__cypress/runner/cypress_runner.js:165453:10)\n    at Promise._settlePromises (http://localhost:37611/__cypress/runner/cypress_runner.js:165528:18)\n    at Async../node_modules/bluebird/js/release/async.js.Async._drainQueue (http://localhost:37611/__cypress/runner/cypress_runner.js:162140:16)\n    at Async../node_modules/bluebird/js/release/async.js.Async._drainQueues (http://localhost:37611/__cypress/runner/cypress_runner.js:162150:10)\n    at Async.drainQueues (http://localhost:37611/__cypress/runner/cypress_runner.js:162024:14)",
                "diff": null
              },
              "uuid": "ddb77a80-6d43-4c34-9932-61e7f231b6a4",
              "parentUUID": "43469d55-5049-4e78-96c6-dd0932861997",
              "isHook": false,
              "skipped": false
            },
            {
              "title": "Verifica se o texto do botão é 'Limpar'",
              "fullTitle": "9 - Crie um botão que, ao ser clicado, limpa o quadro preenchendo a cor de todos seus pixels com branco. Verifica se o texto do botão é 'Limpar'",
              "timedOut": null,
              "duration": 4235,
              "state": "failed",
              "speed": null,
              "pass": false,
              "fail": true,
              "pending": false,
              "context": null,
              "code": "cy.get('#clear-board').should('contain.text', 'Limpar');",
              "err": {
                "message": "CypressError: Timed out retrying: Expected to find element: '#clear-board', but never found it.",
                "estack": "CypressError: Timed out retrying: Expected to find element: '#clear-board', but never found it.\n    at cypressErr (http://localhost:37611/__cypress/runner/cypress_runner.js:149934:9)\n    at throwErr (http://localhost:37611/__cypress/runner/cypress_runner.js:149867:11)\n    at Object.throwErrByPath (http://localhost:37611/__cypress/runner/cypress_runner.js:149915:3)\n    at retry (http://localhost:37611/__cypress/runner/cypress_runner.js:144197:19)\n    at onFailFn (http://localhost:37611/__cypress/runner/cypress_runner.js:132448:16)\n    at tryCatcher (http://localhost:37611/__cypress/runner/cypress_runner.js:167415:23)\n    at Promise._settlePromiseFromHandler (http://localhost:37611/__cypress/runner/cypress_runner.js:165351:31)\n    at Promise._settlePromise (http://localhost:37611/__cypress/runner/cypress_runner.js:165408:18)\n    at Promise._settlePromise0 (http://localhost:37611/__cypress/runner/cypress_runner.js:165453:10)\n    at Promise._settlePromises (http://localhost:37611/__cypress/runner/cypress_runner.js:165528:18)\n    at Async../node_modules/bluebird/js/release/async.js.Async._drainQueue (http://localhost:37611/__cypress/runner/cypress_runner.js:162140:16)\n    at Async../node_modules/bluebird/js/release/async.js.Async._drainQueues (http://localhost:37611/__cypress/runner/cypress_runner.js:162150:10)\n    at Async.drainQueues (http://localhost:37611/__cypress/runner/cypress_runner.js:162024:14)",
                "diff": null
              },
              "uuid": "97a3b5fd-603b-4715-abd6-67fa0bcfbf57",
              "parentUUID": "43469d55-5049-4e78-96c6-dd0932861997",
              "isHook": false,
              "skipped": false
            },
            {
              "title": "Verifica se ao clicar no botão, o quadro de pixels é totalmente preenchido de branco",
              "fullTitle": "9 - Crie um botão que, ao ser clicado, limpa o quadro preenchendo a cor de todos seus pixels com branco. Verifica se ao clicar no botão, o quadro de pixels é totalmente preenchido de branco",
              "timedOut": null,
              "duration": 4375,
              "state": "failed",
              "speed": null,
              "pass": false,
              "fail": true,
              "pending": false,
              "context": null,
              "code": "cy.get('.color').eq(1).then(function (color) {\n  var backgroundColor = color.css('background-color');\n  cy.wrap(color).click();\n  cy.get('.pixel').each(function (pixel) {\n    cy.wrap(pixel).click().should('have.css', 'background-color', backgroundColor);\n  });\n});\ncy.get('#clear-board').click();\ncy.get('.pixel').each(function (pixel) {\n  cy.wrap(pixel).should('have.css', 'background-color', WHITE);\n});",
              "err": {
                "message": "CypressError: Timed out retrying: expected '<td.pixel>' to have CSS property 'background-color' with the value 'rgb(255, 0, 0)', but the value was 'rgb(255, 255, 255)'",
                "estack": "CypressError: Timed out retrying: expected '<td.pixel>' to have CSS property 'background-color' with the value 'rgb(255, 0, 0)', but the value was 'rgb(255, 255, 255)'\n    at cypressErr (http://localhost:37611/__cypress/runner/cypress_runner.js:149934:9)\n    at throwErr (http://localhost:37611/__cypress/runner/cypress_runner.js:149867:11)\n    at Object.throwErrByPath (http://localhost:37611/__cypress/runner/cypress_runner.js:149915:3)\n    at retry (http://localhost:37611/__cypress/runner/cypress_runner.js:144197:19)\n    at onFailFn (http://localhost:37611/__cypress/runner/cypress_runner.js:132448:16)\n    at tryCatcher (http://localhost:37611/__cypress/runner/cypress_runner.js:167415:23)\n    at Promise._settlePromiseFromHandler (http://localhost:37611/__cypress/runner/cypress_runner.js:165351:31)\n    at Promise._settlePromise (http://localhost:37611/__cypress/runner/cypress_runner.js:165408:18)\n    at Promise._settlePromise0 (http://localhost:37611/__cypress/runner/cypress_runner.js:165453:10)\n    at Promise._settlePromises (http://localhost:37611/__cypress/runner/cypress_runner.js:165528:18)\n    at Async../node_modules/bluebird/js/release/async.js.Async._drainQueue (http://localhost:37611/__cypress/runner/cypress_runner.js:162140:16)\n    at Async../node_modules/bluebird/js/release/async.js.Async._drainQueues (http://localhost:37611/__cypress/runner/cypress_runner.js:162150:10)\n    at Async.drainQueues (http://localhost:37611/__cypress/runner/cypress_runner.js:162024:14)",
                "diff": null
              },
              "uuid": "fb109417-a2b3-4ba0-bf42-7b3999f15b52",
              "parentUUID": "43469d55-5049-4e78-96c6-dd0932861997",
              "isHook": false,
              "skipped": false
            }
          ],
          "suites": [],
          "passes": [],
          "failures": [
            "605c9e89-7ea4-4f98-8cf7-1a092fa385e7",
            "ddb77a80-6d43-4c34-9932-61e7f231b6a4",
            "97a3b5fd-603b-4715-abd6-67fa0bcfbf57",
            "fb109417-a2b3-4ba0-bf42-7b3999f15b52"
          ],
          "pending": [],
          "skipped": [],
          "duration": 17067,
          "root": false,
          "rootEmpty": false,
          "_timeout": 2000
        },
        {
          "uuid": "460fdae0-63f6-4344-af97-d4a419298509",
          "title": "10 - Faça o quadro de pixels ter seu tamanho definido pelo usuário.",
          "fullFile": "",
          "file": "",
          "beforeHooks": [],
          "afterHooks": [],
          "tests": [
            {
              "title": "Verifica se existe um input com o id `board-size`",
              "fullTitle": "10 - Faça o quadro de pixels ter seu tamanho definido pelo usuário. Verifica se existe um input com o id `board-size`",
              "timedOut": null,
              "duration": 4249,
              "state": "failed",
              "speed": null,
              "pass": false,
              "fail": true,
              "pending": false,
              "context": null,
              "code": "cy.get('#board-size').should('be.visible');",
              "err": {
                "message": "CypressError: Timed out retrying: Expected to find element: '#board-size', but never found it.",
                "estack": "CypressError: Timed out retrying: Expected to find element: '#board-size', but never found it.\n    at cypressErr (http://localhost:37611/__cypress/runner/cypress_runner.js:149934:9)\n    at throwErr (http://localhost:37611/__cypress/runner/cypress_runner.js:149867:11)\n    at Object.throwErrByPath (http://localhost:37611/__cypress/runner/cypress_runner.js:149915:3)\n    at retry (http://localhost:37611/__cypress/runner/cypress_runner.js:144197:19)\n    at onFailFn (http://localhost:37611/__cypress/runner/cypress_runner.js:132448:16)\n    at tryCatcher (http://localhost:37611/__cypress/runner/cypress_runner.js:167415:23)\n    at Promise._settlePromiseFromHandler (http://localhost:37611/__cypress/runner/cypress_runner.js:165351:31)\n    at Promise._settlePromise (http://localhost:37611/__cypress/runner/cypress_runner.js:165408:18)\n    at Promise._settlePromise0 (http://localhost:37611/__cypress/runner/cypress_runner.js:165453:10)\n    at Promise._settlePromises (http://localhost:37611/__cypress/runner/cypress_runner.js:165528:18)\n    at Async../node_modules/bluebird/js/release/async.js.Async._drainQueue (http://localhost:37611/__cypress/runner/cypress_runner.js:162140:16)\n    at Async../node_modules/bluebird/js/release/async.js.Async._drainQueues (http://localhost:37611/__cypress/runner/cypress_runner.js:162150:10)\n    at Async.drainQueues (http://localhost:37611/__cypress/runner/cypress_runner.js:162024:14)",
                "diff": null
              },
              "uuid": "07647ebe-c024-4d45-86f4-95607feb949f",
              "parentUUID": "460fdae0-63f6-4344-af97-d4a419298509",
              "isHook": false,
              "skipped": false
            },
            {
              "title": "Verifica se existe um botão com o id `generate-board`",
              "fullTitle": "10 - Faça o quadro de pixels ter seu tamanho definido pelo usuário. Verifica se existe um botão com o id `generate-board`",
              "timedOut": null,
              "duration": 4234,
              "state": "failed",
              "speed": null,
              "pass": false,
              "fail": true,
              "pending": false,
              "context": null,
              "code": "cy.get('#generate-board').should('be.visible');",
              "err": {
                "message": "CypressError: Timed out retrying: Expected to find element: '#generate-board', but never found it.",
                "estack": "CypressError: Timed out retrying: Expected to find element: '#generate-board', but never found it.\n    at cypressErr (http://localhost:37611/__cypress/runner/cypress_runner.js:149934:9)\n    at throwErr (http://localhost:37611/__cypress/runner/cypress_runner.js:149867:11)\n    at Object.throwErrByPath (http://localhost:37611/__cypress/runner/cypress_runner.js:149915:3)\n    at retry (http://localhost:37611/__cypress/runner/cypress_runner.js:144197:19)\n    at onFailFn (http://localhost:37611/__cypress/runner/cypress_runner.js:132448:16)\n    at tryCatcher (http://localhost:37611/__cypress/runner/cypress_runner.js:167415:23)\n    at Promise._settlePromiseFromHandler (http://localhost:37611/__cypress/runner/cypress_runner.js:165351:31)\n    at Promise._settlePromise (http://localhost:37611/__cypress/runner/cypress_runner.js:165408:18)\n    at Promise._settlePromise0 (http://localhost:37611/__cypress/runner/cypress_runner.js:165453:10)\n    at Promise._settlePromises (http://localhost:37611/__cypress/runner/cypress_runner.js:165528:18)\n    at Async../node_modules/bluebird/js/release/async.js.Async._drainQueue (http://localhost:37611/__cypress/runner/cypress_runner.js:162140:16)\n    at Async../node_modules/bluebird/js/release/async.js.Async._drainQueues (http://localhost:37611/__cypress/runner/cypress_runner.js:162150:10)\n    at Async.drainQueues (http://localhost:37611/__cypress/runner/cypress_runner.js:162024:14)",
                "diff": null
              },
              "uuid": "2eb9e211-834f-4892-9535-8254db130474",
              "parentUUID": "460fdae0-63f6-4344-af97-d4a419298509",
              "isHook": false,
              "skipped": false
            },
            {
              "title": "Verifica se o input só aceita número maiores que zero. Essa restrição deve ser feita usando os atributos do elemento `input`",
              "fullTitle": "10 - Faça o quadro de pixels ter seu tamanho definido pelo usuário. Verifica se o input só aceita número maiores que zero. Essa restrição deve ser feita usando os atributos do elemento `input`",
              "timedOut": null,
              "duration": 4230,
              "state": "failed",
              "speed": null,
              "pass": false,
              "fail": true,
              "pending": false,
              "context": null,
              "code": "cy.get('#board-size[type=\\'number\\'][min=\\'1\\']');",
              "err": {
                "message": "CypressError: Timed out retrying: Expected to find element: '#board-size[type='number'][min='1']', but never found it.",
                "estack": "CypressError: Timed out retrying: Expected to find element: '#board-size[type='number'][min='1']', but never found it.\n    at cypressErr (http://localhost:37611/__cypress/runner/cypress_runner.js:149934:9)\n    at throwErr (http://localhost:37611/__cypress/runner/cypress_runner.js:149867:11)\n    at Object.throwErrByPath (http://localhost:37611/__cypress/runner/cypress_runner.js:149915:3)\n    at retry (http://localhost:37611/__cypress/runner/cypress_runner.js:144197:19)\n    at onFailFn (http://localhost:37611/__cypress/runner/cypress_runner.js:132448:16)\n    at tryCatcher (http://localhost:37611/__cypress/runner/cypress_runner.js:167415:23)\n    at Promise._settlePromiseFromHandler (http://localhost:37611/__cypress/runner/cypress_runner.js:165351:31)\n    at Promise._settlePromise (http://localhost:37611/__cypress/runner/cypress_runner.js:165408:18)\n    at Promise._settlePromise0 (http://localhost:37611/__cypress/runner/cypress_runner.js:165453:10)\n    at Promise._settlePromises (http://localhost:37611/__cypress/runner/cypress_runner.js:165528:18)\n    at Async../node_modules/bluebird/js/release/async.js.Async._drainQueue (http://localhost:37611/__cypress/runner/cypress_runner.js:162140:16)\n    at Async../node_modules/bluebird/js/release/async.js.Async._drainQueues (http://localhost:37611/__cypress/runner/cypress_runner.js:162150:10)\n    at Async.drainQueues (http://localhost:37611/__cypress/runner/cypress_runner.js:162024:14)",
                "diff": null
              },
              "uuid": "0784a4ae-93eb-459f-a95e-fbe8066614a6",
              "parentUUID": "460fdae0-63f6-4344-af97-d4a419298509",
              "isHook": false,
              "skipped": false
            },
            {
              "title": "Verifica se o botão contém o texto 'VQV'",
              "fullTitle": "10 - Faça o quadro de pixels ter seu tamanho definido pelo usuário. Verifica se o botão contém o texto 'VQV'",
              "timedOut": null,
              "duration": 4248,
              "state": "failed",
              "speed": null,
              "pass": false,
              "fail": true,
              "pending": false,
              "context": null,
              "code": "cy.get('#generate-board').contains(/vqv/i);",
              "err": {
                "message": "CypressError: Timed out retrying: Expected to find element: '#generate-board', but never found it.",
                "estack": "CypressError: Timed out retrying: Expected to find element: '#generate-board', but never found it.\n    at cypressErr (http://localhost:37611/__cypress/runner/cypress_runner.js:149934:9)\n    at throwErr (http://localhost:37611/__cypress/runner/cypress_runner.js:149867:11)\n    at Object.throwErrByPath (http://localhost:37611/__cypress/runner/cypress_runner.js:149915:3)\n    at retry (http://localhost:37611/__cypress/runner/cypress_runner.js:144197:19)\n    at onFailFn (http://localhost:37611/__cypress/runner/cypress_runner.js:132448:16)\n    at tryCatcher (http://localhost:37611/__cypress/runner/cypress_runner.js:167415:23)\n    at Promise._settlePromiseFromHandler (http://localhost:37611/__cypress/runner/cypress_runner.js:165351:31)\n    at Promise._settlePromise (http://localhost:37611/__cypress/runner/cypress_runner.js:165408:18)\n    at Promise._settlePromise0 (http://localhost:37611/__cypress/runner/cypress_runner.js:165453:10)\n    at Promise._settlePromises (http://localhost:37611/__cypress/runner/cypress_runner.js:165528:18)\n    at Async../node_modules/bluebird/js/release/async.js.Async._drainQueue (http://localhost:37611/__cypress/runner/cypress_runner.js:162140:16)\n    at Async../node_modules/bluebird/js/release/async.js.Async._drainQueues (http://localhost:37611/__cypress/runner/cypress_runner.js:162150:10)\n    at Async.drainQueues (http://localhost:37611/__cypress/runner/cypress_runner.js:162024:14)",
                "diff": null
              },
              "uuid": "c7ce966e-53c8-4cc2-b372-dad5fcfc2588",
              "parentUUID": "460fdae0-63f6-4344-af97-d4a419298509",
              "isHook": false,
              "skipped": false
            },
            {
              "title": "Verifica se o input está posicionado entre a paleta de cores e o quadro de pixels",
              "fullTitle": "10 - Faça o quadro de pixels ter seu tamanho definido pelo usuário. Verifica se o input está posicionado entre a paleta de cores e o quadro de pixels",
              "timedOut": null,
              "duration": 4234,
              "state": "failed",
              "speed": null,
              "pass": false,
              "fail": true,
              "pending": false,
              "context": null,
              "code": "cy.get('#color-palette').then(function (palette) {\n  cy.get('#board-size').should('be.belowOf', palette);\n});\ncy.get('#board-size').then(function (palette) {\n  cy.get('#pixel-board').should('be.belowOf', palette);\n});",
              "err": {
                "message": "CypressError: Timed out retrying: Expected to find element: '#board-size', but never found it.",
                "estack": "CypressError: Timed out retrying: Expected to find element: '#board-size', but never found it.\n    at cypressErr (http://localhost:37611/__cypress/runner/cypress_runner.js:149934:9)\n    at throwErr (http://localhost:37611/__cypress/runner/cypress_runner.js:149867:11)\n    at Object.throwErrByPath (http://localhost:37611/__cypress/runner/cypress_runner.js:149915:3)\n    at retry (http://localhost:37611/__cypress/runner/cypress_runner.js:144197:19)\n    at onFailFn (http://localhost:37611/__cypress/runner/cypress_runner.js:132448:16)\n    at tryCatcher (http://localhost:37611/__cypress/runner/cypress_runner.js:167415:23)\n    at Promise._settlePromiseFromHandler (http://localhost:37611/__cypress/runner/cypress_runner.js:165351:31)\n    at Promise._settlePromise (http://localhost:37611/__cypress/runner/cypress_runner.js:165408:18)\n    at Promise._settlePromise0 (http://localhost:37611/__cypress/runner/cypress_runner.js:165453:10)\n    at Promise._settlePromises (http://localhost:37611/__cypress/runner/cypress_runner.js:165528:18)\n    at Async../node_modules/bluebird/js/release/async.js.Async._drainQueue (http://localhost:37611/__cypress/runner/cypress_runner.js:162140:16)\n    at Async../node_modules/bluebird/js/release/async.js.Async._drainQueues (http://localhost:37611/__cypress/runner/cypress_runner.js:162150:10)\n    at Async.drainQueues (http://localhost:37611/__cypress/runner/cypress_runner.js:162024:14)",
                "diff": null
              },
              "uuid": "f44a3628-be38-4ef8-b386-f5dc498aaa0f",
              "parentUUID": "460fdae0-63f6-4344-af97-d4a419298509",
              "isHook": false,
              "skipped": false
            },
            {
              "title": "Verifica se o botão está posicionado ao lado do input",
              "fullTitle": "10 - Faça o quadro de pixels ter seu tamanho definido pelo usuário. Verifica se o botão está posicionado ao lado do input",
              "timedOut": null,
              "duration": 4213,
              "state": "failed",
              "speed": null,
              "pass": false,
              "fail": true,
              "pending": false,
              "context": null,
              "code": "cy.get('#board-size').then(function (board) {\n  cy.get('#generate-board').should('be.onTheRightOf', board);\n});",
              "err": {
                "message": "CypressError: Timed out retrying: Expected to find element: '#board-size', but never found it.",
                "estack": "CypressError: Timed out retrying: Expected to find element: '#board-size', but never found it.\n    at cypressErr (http://localhost:37611/__cypress/runner/cypress_runner.js:149934:9)\n    at throwErr (http://localhost:37611/__cypress/runner/cypress_runner.js:149867:11)\n    at Object.throwErrByPath (http://localhost:37611/__cypress/runner/cypress_runner.js:149915:3)\n    at retry (http://localhost:37611/__cypress/runner/cypress_runner.js:144197:19)\n    at onFailFn (http://localhost:37611/__cypress/runner/cypress_runner.js:132448:16)\n    at tryCatcher (http://localhost:37611/__cypress/runner/cypress_runner.js:167415:23)\n    at Promise._settlePromiseFromHandler (http://localhost:37611/__cypress/runner/cypress_runner.js:165351:31)\n    at Promise._settlePromise (http://localhost:37611/__cypress/runner/cypress_runner.js:165408:18)\n    at Promise._settlePromise0 (http://localhost:37611/__cypress/runner/cypress_runner.js:165453:10)\n    at Promise._settlePromises (http://localhost:37611/__cypress/runner/cypress_runner.js:165528:18)\n    at Async../node_modules/bluebird/js/release/async.js.Async._drainQueue (http://localhost:37611/__cypress/runner/cypress_runner.js:162140:16)\n    at Async../node_modules/bluebird/js/release/async.js.Async._drainQueues (http://localhost:37611/__cypress/runner/cypress_runner.js:162150:10)\n    at Async.drainQueues (http://localhost:37611/__cypress/runner/cypress_runner.js:162024:14)",
                "diff": null
              },
              "uuid": "05ba75eb-176c-4f46-9eae-4719ecfea302",
              "parentUUID": "460fdae0-63f6-4344-af97-d4a419298509",
              "isHook": false,
              "skipped": false
            },
            {
              "title": "Verifica se nenhum valor for colocado no input ao clicar no botão, um `alert` é exibido com o texto: 'Board inválido!'",
              "fullTitle": "10 - Faça o quadro de pixels ter seu tamanho definido pelo usuário. Verifica se nenhum valor for colocado no input ao clicar no botão, um `alert` é exibido com o texto: 'Board inválido!'",
              "timedOut": null,
              "duration": 4267,
              "state": "failed",
              "speed": null,
              "pass": false,
              "fail": true,
              "pending": false,
              "context": null,
              "code": "var alerted = false;\ncy.on('window:alert', function (msg) {\n  return alerted = msg;\n});\ncy.get('#generate-board').click().then(function () {\n  return expect(alerted).to.match(/Board inválido!/i);\n});",
              "err": {
                "message": "CypressError: Timed out retrying: Expected to find element: '#generate-board', but never found it.",
                "estack": "CypressError: Timed out retrying: Expected to find element: '#generate-board', but never found it.\n    at cypressErr (http://localhost:37611/__cypress/runner/cypress_runner.js:149934:9)\n    at throwErr (http://localhost:37611/__cypress/runner/cypress_runner.js:149867:11)\n    at Object.throwErrByPath (http://localhost:37611/__cypress/runner/cypress_runner.js:149915:3)\n    at retry (http://localhost:37611/__cypress/runner/cypress_runner.js:144197:19)\n    at onFailFn (http://localhost:37611/__cypress/runner/cypress_runner.js:132448:16)\n    at tryCatcher (http://localhost:37611/__cypress/runner/cypress_runner.js:167415:23)\n    at Promise._settlePromiseFromHandler (http://localhost:37611/__cypress/runner/cypress_runner.js:165351:31)\n    at Promise._settlePromise (http://localhost:37611/__cypress/runner/cypress_runner.js:165408:18)\n    at Promise._settlePromise0 (http://localhost:37611/__cypress/runner/cypress_runner.js:165453:10)\n    at Promise._settlePromises (http://localhost:37611/__cypress/runner/cypress_runner.js:165528:18)\n    at Async../node_modules/bluebird/js/release/async.js.Async._drainQueue (http://localhost:37611/__cypress/runner/cypress_runner.js:162140:16)\n    at Async../node_modules/bluebird/js/release/async.js.Async._drainQueues (http://localhost:37611/__cypress/runner/cypress_runner.js:162150:10)\n    at Async.drainQueues (http://localhost:37611/__cypress/runner/cypress_runner.js:162024:14)",
                "diff": null
              },
              "uuid": "c32659e7-5cb2-4ec7-8cdd-2fe8213a30e2",
              "parentUUID": "460fdae0-63f6-4344-af97-d4a419298509",
              "isHook": false,
              "skipped": false
            },
            {
              "title": "Verifica se ao clicar no botão com um valor preenchido, o tamanho do board muda.",
              "fullTitle": "10 - Faça o quadro de pixels ter seu tamanho definido pelo usuário. Verifica se ao clicar no botão com um valor preenchido, o tamanho do board muda.",
              "timedOut": null,
              "duration": 4217,
              "state": "failed",
              "speed": null,
              "pass": false,
              "fail": true,
              "pending": false,
              "context": null,
              "code": "cy.get('#board-size').clear().type(10);\ncy.get('#generate-board').click();\ncy.get('.pixel').should('have.length', 100);",
              "err": {
                "message": "CypressError: Timed out retrying: Expected to find element: '#board-size', but never found it.",
                "estack": "CypressError: Timed out retrying: Expected to find element: '#board-size', but never found it.\n    at cypressErr (http://localhost:37611/__cypress/runner/cypress_runner.js:149934:9)\n    at throwErr (http://localhost:37611/__cypress/runner/cypress_runner.js:149867:11)\n    at Object.throwErrByPath (http://localhost:37611/__cypress/runner/cypress_runner.js:149915:3)\n    at retry (http://localhost:37611/__cypress/runner/cypress_runner.js:144197:19)\n    at onFailFn (http://localhost:37611/__cypress/runner/cypress_runner.js:132448:16)\n    at tryCatcher (http://localhost:37611/__cypress/runner/cypress_runner.js:167415:23)\n    at Promise._settlePromiseFromHandler (http://localhost:37611/__cypress/runner/cypress_runner.js:165351:31)\n    at Promise._settlePromise (http://localhost:37611/__cypress/runner/cypress_runner.js:165408:18)\n    at Promise._settlePromise0 (http://localhost:37611/__cypress/runner/cypress_runner.js:165453:10)\n    at Promise._settlePromises (http://localhost:37611/__cypress/runner/cypress_runner.js:165528:18)\n    at Async../node_modules/bluebird/js/release/async.js.Async._drainQueue (http://localhost:37611/__cypress/runner/cypress_runner.js:162140:16)\n    at Async../node_modules/bluebird/js/release/async.js.Async._drainQueues (http://localhost:37611/__cypress/runner/cypress_runner.js:162150:10)\n    at Async.drainQueues (http://localhost:37611/__cypress/runner/cypress_runner.js:162024:14)",
                "diff": null
              },
              "uuid": "cf2768fb-ca38-489f-b7e7-2b64f267a392",
              "parentUUID": "460fdae0-63f6-4344-af97-d4a419298509",
              "isHook": false,
              "skipped": false
            },
            {
              "title": "Verifica se o novo quadro tem todos os pixels preenchidos com a cor branca",
              "fullTitle": "10 - Faça o quadro de pixels ter seu tamanho definido pelo usuário. Verifica se o novo quadro tem todos os pixels preenchidos com a cor branca",
              "timedOut": null,
              "duration": 4219,
              "state": "failed",
              "speed": null,
              "pass": false,
              "fail": true,
              "pending": false,
              "context": null,
              "code": "cy.get('#board-size').clear().type(6);\ncy.get('#generate-board').click();\ncy.get('.pixel').should('have.length', 36).each(function (pixel) {\n  expect(pixel).to.have.css('background-color', WHITE);\n});",
              "err": {
                "message": "CypressError: Timed out retrying: Expected to find element: '#board-size', but never found it.",
                "estack": "CypressError: Timed out retrying: Expected to find element: '#board-size', but never found it.\n    at cypressErr (http://localhost:37611/__cypress/runner/cypress_runner.js:149934:9)\n    at throwErr (http://localhost:37611/__cypress/runner/cypress_runner.js:149867:11)\n    at Object.throwErrByPath (http://localhost:37611/__cypress/runner/cypress_runner.js:149915:3)\n    at retry (http://localhost:37611/__cypress/runner/cypress_runner.js:144197:19)\n    at onFailFn (http://localhost:37611/__cypress/runner/cypress_runner.js:132448:16)\n    at tryCatcher (http://localhost:37611/__cypress/runner/cypress_runner.js:167415:23)\n    at Promise._settlePromiseFromHandler (http://localhost:37611/__cypress/runner/cypress_runner.js:165351:31)\n    at Promise._settlePromise (http://localhost:37611/__cypress/runner/cypress_runner.js:165408:18)\n    at Promise._settlePromise0 (http://localhost:37611/__cypress/runner/cypress_runner.js:165453:10)\n    at Promise._settlePromises (http://localhost:37611/__cypress/runner/cypress_runner.js:165528:18)\n    at Async../node_modules/bluebird/js/release/async.js.Async._drainQueue (http://localhost:37611/__cypress/runner/cypress_runner.js:162140:16)\n    at Async../node_modules/bluebird/js/release/async.js.Async._drainQueues (http://localhost:37611/__cypress/runner/cypress_runner.js:162150:10)\n    at Async.drainQueues (http://localhost:37611/__cypress/runner/cypress_runner.js:162024:14)",
                "diff": null
              },
              "uuid": "cfddb98e-6b23-4a10-a824-dd161fb07f53",
              "parentUUID": "460fdae0-63f6-4344-af97-d4a419298509",
              "isHook": false,
              "skipped": false
            }
          ],
          "suites": [],
          "passes": [],
          "failures": [
            "07647ebe-c024-4d45-86f4-95607feb949f",
            "2eb9e211-834f-4892-9535-8254db130474",
            "0784a4ae-93eb-459f-a95e-fbe8066614a6",
            "c7ce966e-53c8-4cc2-b372-dad5fcfc2588",
            "f44a3628-be38-4ef8-b386-f5dc498aaa0f",
            "05ba75eb-176c-4f46-9eae-4719ecfea302",
            "c32659e7-5cb2-4ec7-8cdd-2fe8213a30e2",
            "cf2768fb-ca38-489f-b7e7-2b64f267a392",
            "cfddb98e-6b23-4a10-a824-dd161fb07f53"
          ],
          "pending": [],
          "skipped": [],
          "duration": 38111,
          "root": false,
          "rootEmpty": false,
          "_timeout": 2000
        },
        {
          "uuid": "4123e1d7-da7f-4bc7-bcb3-69ed717b624a",
          "title": "11 - Limite o tamanho mínimo e máximo do board.",
          "fullFile": "",
          "file": "",
          "beforeHooks": [],
          "afterHooks": [],
          "tests": [
            {
              "title": "Verifica se a altura máxima do board é 50",
              "fullTitle": "11 - Limite o tamanho mínimo e máximo do board. Verifica se a altura máxima do board é 50",
              "timedOut": null,
              "duration": 4232,
              "state": "failed",
              "speed": null,
              "pass": false,
              "fail": true,
              "pending": false,
              "context": null,
              "code": "cy.get('#board-size').clear().type(50);\ncy.get('#generate-board').click();\ncy.get('.pixel').should('have.length', 2500);",
              "err": {
                "message": "CypressError: Timed out retrying: Expected to find element: '#board-size', but never found it.",
                "estack": "CypressError: Timed out retrying: Expected to find element: '#board-size', but never found it.\n    at cypressErr (http://localhost:37611/__cypress/runner/cypress_runner.js:149934:9)\n    at throwErr (http://localhost:37611/__cypress/runner/cypress_runner.js:149867:11)\n    at Object.throwErrByPath (http://localhost:37611/__cypress/runner/cypress_runner.js:149915:3)\n    at retry (http://localhost:37611/__cypress/runner/cypress_runner.js:144197:19)\n    at onFailFn (http://localhost:37611/__cypress/runner/cypress_runner.js:132448:16)\n    at tryCatcher (http://localhost:37611/__cypress/runner/cypress_runner.js:167415:23)\n    at Promise._settlePromiseFromHandler (http://localhost:37611/__cypress/runner/cypress_runner.js:165351:31)\n    at Promise._settlePromise (http://localhost:37611/__cypress/runner/cypress_runner.js:165408:18)\n    at Promise._settlePromise0 (http://localhost:37611/__cypress/runner/cypress_runner.js:165453:10)\n    at Promise._settlePromises (http://localhost:37611/__cypress/runner/cypress_runner.js:165528:18)\n    at Async../node_modules/bluebird/js/release/async.js.Async._drainQueue (http://localhost:37611/__cypress/runner/cypress_runner.js:162140:16)\n    at Async../node_modules/bluebird/js/release/async.js.Async._drainQueues (http://localhost:37611/__cypress/runner/cypress_runner.js:162150:10)\n    at Async.drainQueues (http://localhost:37611/__cypress/runner/cypress_runner.js:162024:14)",
                "diff": null
              },
              "uuid": "3e7e35d1-a71d-45d6-b38c-592f977f46c1",
              "parentUUID": "4123e1d7-da7f-4bc7-bcb3-69ed717b624a",
              "isHook": false,
              "skipped": false
            },
            {
              "title": "Verifica se a altura do board é 5 quando um valor menor é colocado no input",
              "fullTitle": "11 - Limite o tamanho mínimo e máximo do board. Verifica se a altura do board é 5 quando um valor menor é colocado no input",
              "timedOut": null,
              "duration": 4281,
              "state": "failed",
              "speed": null,
              "pass": false,
              "fail": true,
              "pending": false,
              "context": null,
              "code": "cy.get('#board-size').clear().type(4);\ncy.get('#generate-board').click();\ncy.get('.pixel').should('have.length', 25);",
              "err": {
                "message": "CypressError: Timed out retrying: Expected to find element: '#board-size', but never found it.",
                "estack": "CypressError: Timed out retrying: Expected to find element: '#board-size', but never found it.\n    at cypressErr (http://localhost:37611/__cypress/runner/cypress_runner.js:149934:9)\n    at throwErr (http://localhost:37611/__cypress/runner/cypress_runner.js:149867:11)\n    at Object.throwErrByPath (http://localhost:37611/__cypress/runner/cypress_runner.js:149915:3)\n    at retry (http://localhost:37611/__cypress/runner/cypress_runner.js:144197:19)\n    at onFailFn (http://localhost:37611/__cypress/runner/cypress_runner.js:132448:16)\n    at tryCatcher (http://localhost:37611/__cypress/runner/cypress_runner.js:167415:23)\n    at Promise._settlePromiseFromHandler (http://localhost:37611/__cypress/runner/cypress_runner.js:165351:31)\n    at Promise._settlePromise (http://localhost:37611/__cypress/runner/cypress_runner.js:165408:18)\n    at Promise._settlePromise0 (http://localhost:37611/__cypress/runner/cypress_runner.js:165453:10)\n    at Promise._settlePromises (http://localhost:37611/__cypress/runner/cypress_runner.js:165528:18)\n    at Async../node_modules/bluebird/js/release/async.js.Async._drainQueue (http://localhost:37611/__cypress/runner/cypress_runner.js:162140:16)\n    at Async../node_modules/bluebird/js/release/async.js.Async._drainQueues (http://localhost:37611/__cypress/runner/cypress_runner.js:162150:10)\n    at Async.drainQueues (http://localhost:37611/__cypress/runner/cypress_runner.js:162024:14)",
                "diff": null
              },
              "uuid": "ae028dec-db82-4559-bd87-51edfde07d61",
              "parentUUID": "4123e1d7-da7f-4bc7-bcb3-69ed717b624a",
              "isHook": false,
              "skipped": false
            },
            {
              "title": "Verifica se a altura do board é 50 quando um valor maior é colocado no input",
              "fullTitle": "11 - Limite o tamanho mínimo e máximo do board. Verifica se a altura do board é 50 quando um valor maior é colocado no input",
              "timedOut": null,
              "duration": 4258,
              "state": "failed",
              "speed": null,
              "pass": false,
              "fail": true,
              "pending": false,
              "context": null,
              "code": "cy.get('#board-size').clear().type(51);\ncy.get('#generate-board').click();\ncy.get('.pixel').should('have.length', 2500);",
              "err": {
                "message": "CypressError: Timed out retrying: Expected to find element: '#board-size', but never found it.",
                "estack": "CypressError: Timed out retrying: Expected to find element: '#board-size', but never found it.\n    at cypressErr (http://localhost:37611/__cypress/runner/cypress_runner.js:149934:9)\n    at throwErr (http://localhost:37611/__cypress/runner/cypress_runner.js:149867:11)\n    at Object.throwErrByPath (http://localhost:37611/__cypress/runner/cypress_runner.js:149915:3)\n    at retry (http://localhost:37611/__cypress/runner/cypress_runner.js:144197:19)\n    at onFailFn (http://localhost:37611/__cypress/runner/cypress_runner.js:132448:16)\n    at tryCatcher (http://localhost:37611/__cypress/runner/cypress_runner.js:167415:23)\n    at Promise._settlePromiseFromHandler (http://localhost:37611/__cypress/runner/cypress_runner.js:165351:31)\n    at Promise._settlePromise (http://localhost:37611/__cypress/runner/cypress_runner.js:165408:18)\n    at Promise._settlePromise0 (http://localhost:37611/__cypress/runner/cypress_runner.js:165453:10)\n    at Promise._settlePromises (http://localhost:37611/__cypress/runner/cypress_runner.js:165528:18)\n    at Async../node_modules/bluebird/js/release/async.js.Async._drainQueue (http://localhost:37611/__cypress/runner/cypress_runner.js:162140:16)\n    at Async../node_modules/bluebird/js/release/async.js.Async._drainQueues (http://localhost:37611/__cypress/runner/cypress_runner.js:162150:10)\n    at Async.drainQueues (http://localhost:37611/__cypress/runner/cypress_runner.js:162024:14)",
                "diff": null
              },
              "uuid": "269d4989-4f9a-4f64-be58-951c30861709",
              "parentUUID": "4123e1d7-da7f-4bc7-bcb3-69ed717b624a",
              "isHook": false,
              "skipped": false
            }
          ],
          "suites": [],
          "passes": [],
          "failures": [
            "3e7e35d1-a71d-45d6-b38c-592f977f46c1",
            "ae028dec-db82-4559-bd87-51edfde07d61",
            "269d4989-4f9a-4f64-be58-951c30861709"
          ],
          "pending": [],
          "skipped": [],
          "duration": 12771,
          "root": false,
          "rootEmpty": false,
          "_timeout": 2000
        },
        {
          "uuid": "12df72c5-95af-4885-92a5-5c3228c83fdd",
          "title": "12 - Faça com que as cores da paleta sejam geradas aleatoriamente ao carregar a página.",
          "fullFile": "",
          "file": "",
          "beforeHooks": [],
          "afterHooks": [],
          "tests": [
            {
              "title": "Verifica se as cores geradas na paleta são diferentes a cada carregamento da página",
              "fullTitle": "12 - Faça com que as cores da paleta sejam geradas aleatoriamente ao carregar a página. Verifica se as cores geradas na paleta são diferentes a cada carregamento da página",
              "timedOut": null,
              "duration": 301,
              "state": "failed",
              "speed": null,
              "pass": false,
              "fail": true,
              "pending": false,
              "context": null,
              "code": "cy.get('.color').then(function (colors) {\n  var currentColors;\n  var previousColors;\n  previousColors = Array.from(colors).map(function (color) {\n    return Cypress.$(color).css('background-color');\n  });\n  for (var i = 0; i < 5; i += 1) {\n    cy.reload();\n    cy.get('.color').then(function (colors) {\n      currentColors = Array.from(colors).map(function (color) {\n        return Cypress.$(color).css('background-color');\n      });\n      expect(currentColors).not.to.deep.equal(previousColors);\n      previousColors = currentColors;\n    });\n  }\n});",
              "err": {
                "message": "AssertionError: expected [ Array(4) ] to not deeply equal [ Array(4) ]",
                "estack": "AssertionError: expected [ Array(4) ] to not deeply equal [ Array(4) ]\n    at getRet (http://localhost:37611/__cypress/runner/cypress_runner.js:136585:16)\n    at tryCatcher (http://localhost:37611/__cypress/runner/cypress_runner.js:167415:23)\n    at Function.Promise.attempt.Promise.try (http://localhost:37611/__cypress/runner/cypress_runner.js:164690:29)\n    at Context.thenFn (http://localhost:37611/__cypress/runner/cypress_runner.js:136599:23)\n    at Context.then (http://localhost:37611/__cypress/runner/cypress_runner.js:136971:21)\n    at Context.<anonymous> (http://localhost:37611/__cypress/runner/cypress_runner.js:148875:21)\n    at http://localhost:37611/__cypress/runner/cypress_runner.js:148351:33\n    at tryCatcher (http://localhost:37611/__cypress/runner/cypress_runner.js:167415:23)\n    at Promise._settlePromiseFromHandler (http://localhost:37611/__cypress/runner/cypress_runner.js:165351:31)\n    at Promise._settlePromise (http://localhost:37611/__cypress/runner/cypress_runner.js:165408:18)\n    at Promise._settlePromiseCtx (http://localhost:37611/__cypress/runner/cypress_runner.js:165445:10)\n    at Async../node_modules/bluebird/js/release/async.js.Async._drainQueue (http://localhost:37611/__cypress/runner/cypress_runner.js:162145:12)\n    at Async../node_modules/bluebird/js/release/async.js.Async._drainQueues (http://localhost:37611/__cypress/runner/cypress_runner.js:162150:10)\n    at Async.drainQueues (http://localhost:37611/__cypress/runner/cypress_runner.js:162024:14)",
                "diff": ""
              },
              "uuid": "3eaed5ec-12e4-4624-9d2e-815832e23669",
              "parentUUID": "12df72c5-95af-4885-92a5-5c3228c83fdd",
              "isHook": false,
              "skipped": false
            },
            {
              "title": "Verifica se a cor preta ainda está presente e é a primeira na sua paleta de cores",
              "fullTitle": "12 - Faça com que as cores da paleta sejam geradas aleatoriamente ao carregar a página. Verifica se a cor preta ainda está presente e é a primeira na sua paleta de cores",
              "timedOut": null,
              "duration": 280,
              "state": "failed",
              "speed": null,
              "pass": false,
              "fail": true,
              "pending": false,
              "context": null,
              "code": "cy.get('.color').then(function (colors) {\n  var currentColors;\n  var previousColors;\n  previousColors = Array.from(colors).map(function (color) {\n    return Cypress.$(color).css('background-color');\n  });\n  expect(previousColors[0]).to.eq(BLACK);\n  for (var i = 0; i < 5; i += 1) {\n    cy.reload();\n    cy.get('.color').then(function (colors) {\n      currentColors = Array.from(colors).map(function (color) {\n        return Cypress.$(color).css('background-color');\n      });\n      expect(currentColors[0]).to.eq(BLACK);\n      expect(currentColors).not.to.deep.equal(previousColors);\n      previousColors = currentColors;\n    });\n  }\n});",
              "err": {
                "message": "AssertionError: expected [ Array(4) ] to not deeply equal [ Array(4) ]",
                "estack": "AssertionError: expected [ Array(4) ] to not deeply equal [ Array(4) ]\n    at getRet (http://localhost:37611/__cypress/runner/cypress_runner.js:136585:16)\n    at tryCatcher (http://localhost:37611/__cypress/runner/cypress_runner.js:167415:23)\n    at Function.Promise.attempt.Promise.try (http://localhost:37611/__cypress/runner/cypress_runner.js:164690:29)\n    at Context.thenFn (http://localhost:37611/__cypress/runner/cypress_runner.js:136599:23)\n    at Context.then (http://localhost:37611/__cypress/runner/cypress_runner.js:136971:21)\n    at Context.<anonymous> (http://localhost:37611/__cypress/runner/cypress_runner.js:148875:21)\n    at http://localhost:37611/__cypress/runner/cypress_runner.js:148351:33\n    at tryCatcher (http://localhost:37611/__cypress/runner/cypress_runner.js:167415:23)\n    at Promise._settlePromiseFromHandler (http://localhost:37611/__cypress/runner/cypress_runner.js:165351:31)\n    at Promise._settlePromise (http://localhost:37611/__cypress/runner/cypress_runner.js:165408:18)\n    at Promise._settlePromiseCtx (http://localhost:37611/__cypress/runner/cypress_runner.js:165445:10)\n    at Async../node_modules/bluebird/js/release/async.js.Async._drainQueue (http://localhost:37611/__cypress/runner/cypress_runner.js:162145:12)\n    at Async../node_modules/bluebird/js/release/async.js.Async._drainQueues (http://localhost:37611/__cypress/runner/cypress_runner.js:162150:10)\n    at Async.drainQueues (http://localhost:37611/__cypress/runner/cypress_runner.js:162024:14)",
                "diff": ""
              },
              "uuid": "0ac78cec-1637-4396-a946-c38ab8a66a88",
              "parentUUID": "12df72c5-95af-4885-92a5-5c3228c83fdd",
              "isHook": false,
              "skipped": false
            }
          ],
          "suites": [],
          "passes": [],
          "failures": [
            "3eaed5ec-12e4-4624-9d2e-815832e23669",
            "0ac78cec-1637-4396-a946-c38ab8a66a88"
          ],
          "pending": [],
          "skipped": [],
          "duration": 581,
          "root": false,
          "rootEmpty": false,
          "_timeout": 2000
        }
      ],
      "passes": [],
      "failures": [],
      "pending": [],
      "skipped": [],
      "duration": 0,
      "root": true,
      "rootEmpty": true,
      "_timeout": 2000
    }
  ],
  "meta": {
    "mocha": {
      "version": "7.0.1"
    },
    "mochawesome": {
      "options": {
        "quiet": false,
        "reportFilename": "mochawesome",
        "saveHtml": false,
        "saveJson": true,
        "consoleReporter": "spec",
        "useInlineDiffs": false
      },
      "version": "4.1.0"
    },
    "marge": {
      "options": {
        "id": "default",
        "reportDir": "cypress/reports",
        "overwrite": true,
        "html": false,
        "json": true
      },
      "version": "4.1.0"
    }
  }
}