{
  "stats": {
    "suites": 12,
    "tests": 41,
    "passes": 19,
    "pending": 0,
    "failures": 22,
    "start": "2021-08-14T16:42:01.464Z",
    "end": "2021-08-14T16:43:38.135Z",
    "duration": 96671,
    "testsRegistered": 41,
    "passPercent": 46.34146341463415,
    "pendingPercent": 0,
    "other": 0,
    "hasOther": false,
    "skipped": 0,
    "hasSkipped": false
  },
  "results": [
    {
      "uuid": "2352d804-21ea-42d3-ba9b-31cc301dd6de",
      "title": "",
      "fullFile": "cypress/integration/project.spec.js",
      "file": "cypress/integration/project.spec.js",
      "beforeHooks": [],
      "afterHooks": [],
      "tests": [],
      "suites": [
        {
          "uuid": "41cd2bd1-3ac3-4069-b831-c61bba0b13f9",
          "title": "1 - Adicione à página o título \"Paleta de Cores\".",
          "fullFile": "",
          "file": "",
          "beforeHooks": [],
          "afterHooks": [],
          "tests": [
            {
              "title": "Verifica se contém um elemento `h1` com o id `title` com o título correto",
              "fullTitle": "1 - Adicione à página o título \"Paleta de Cores\". Verifica se contém um elemento `h1` com o id `title` com o título correto",
              "timedOut": null,
              "duration": 183,
              "state": "passed",
              "speed": "slow",
              "pass": true,
              "fail": false,
              "pending": false,
              "context": null,
              "code": "cy.get('h1#title').should('contain.text', 'Paleta de Cores');",
              "err": {},
              "uuid": "8e0a4317-3101-4dd7-a52d-f6ce9b408aab",
              "parentUUID": "41cd2bd1-3ac3-4069-b831-c61bba0b13f9",
              "isHook": false,
              "skipped": false
            }
          ],
          "suites": [],
          "passes": [
            "8e0a4317-3101-4dd7-a52d-f6ce9b408aab"
          ],
          "failures": [],
          "pending": [],
          "skipped": [],
          "duration": 183,
          "root": false,
          "rootEmpty": false,
          "_timeout": 2000
        },
        {
          "uuid": "1164aace-31f9-4f79-a7f4-971ba8fac6da",
          "title": "2 - Adicione à página uma paleta de quatro cores distintas.",
          "fullFile": "",
          "file": "",
          "beforeHooks": [],
          "afterHooks": [],
          "tests": [
            {
              "title": "A paleta de cores deve ser um elemento com `id` denominado `color-palette`",
              "fullTitle": "2 - Adicione à página uma paleta de quatro cores distintas. A paleta de cores deve ser um elemento com `id` denominado `color-palette`",
              "timedOut": null,
              "duration": 148,
              "state": "passed",
              "speed": "slow",
              "pass": true,
              "fail": false,
              "pending": false,
              "context": null,
              "code": "cy.get('#color-palette').should('be.visible');",
              "err": {},
              "uuid": "6cab681d-4745-4074-bfc7-ae7c5eb71cb3",
              "parentUUID": "1164aace-31f9-4f79-a7f4-971ba8fac6da",
              "isHook": false,
              "skipped": false
            },
            {
              "title": "Verifica se cada cor individual da paleta de cores possui a `classe` chamada `color`.",
              "fullTitle": "2 - Adicione à página uma paleta de quatro cores distintas. Verifica se cada cor individual da paleta de cores possui a `classe` chamada `color`.",
              "timedOut": null,
              "duration": 135,
              "state": "passed",
              "speed": "slow",
              "pass": true,
              "fail": false,
              "pending": false,
              "context": null,
              "code": "cy.get('.color').should('have.length', 4).then(function (colors) {\n  for (var i = 0; i < colors.length; i++) {\n    cy.wrap(colors[i]).should('be.visible');\n  }\n});",
              "err": {},
              "uuid": "a67fe79c-5e10-4522-9a47-b09e7bc96884",
              "parentUUID": "1164aace-31f9-4f79-a7f4-971ba8fac6da",
              "isHook": false,
              "skipped": false
            },
            {
              "title": "Verifica se a cor de fundo de cada elemento da paleta é a cor que o elemento representa. **A única cor não permitida na paleta é a cor branca.**",
              "fullTitle": "2 - Adicione à página uma paleta de quatro cores distintas. Verifica se a cor de fundo de cada elemento da paleta é a cor que o elemento representa. **A única cor não permitida na paleta é a cor branca.**",
              "timedOut": null,
              "duration": 199,
              "state": "passed",
              "speed": "slow",
              "pass": true,
              "fail": false,
              "pending": false,
              "context": null,
              "code": "cy.get('.color').each(function (color) {\n  cy.wrap(color).should('have.class', 'color').and('not.have.css', 'background-color', WHITE);\n  cy.wrap(color).should('have.css', 'background-color');\n});",
              "err": {},
              "uuid": "88282279-4008-4069-8a78-f47bea3d35bd",
              "parentUUID": "1164aace-31f9-4f79-a7f4-971ba8fac6da",
              "isHook": false,
              "skipped": false
            },
            {
              "title": "Verifica se cada elemento da paleta de cores tem uma borda preta, sólida e com 1 pixel de largura;",
              "fullTitle": "2 - Adicione à página uma paleta de quatro cores distintas. Verifica se cada elemento da paleta de cores tem uma borda preta, sólida e com 1 pixel de largura;",
              "timedOut": null,
              "duration": 159,
              "state": "passed",
              "speed": "slow",
              "pass": true,
              "fail": false,
              "pending": false,
              "context": null,
              "code": "cy.get('.color').each(function (color) {\n  cy.wrap(color).and('have.css', 'border', \"1px solid \".concat(BLACK)).and('have.class', 'color');\n});",
              "err": {},
              "uuid": "707ff3fc-21ba-4e3e-9870-0d18c3723dd1",
              "parentUUID": "1164aace-31f9-4f79-a7f4-971ba8fac6da",
              "isHook": false,
              "skipped": false
            },
            {
              "title": "Verifica se a paleta lista todas as cores disponíveis para utilização, lado a lado.",
              "fullTitle": "2 - Adicione à página uma paleta de quatro cores distintas. Verifica se a paleta lista todas as cores disponíveis para utilização, lado a lado.",
              "timedOut": null,
              "duration": 113,
              "state": "passed",
              "speed": "slow",
              "pass": true,
              "fail": false,
              "pending": false,
              "context": null,
              "code": "cy.get('.color').then(function (colors) {\n  for (var index = 1; index < colors.length; index += 1) {\n    var currentColor = colors[index];\n    var previousColor = colors[index - 1];\n    cy.wrap(currentColor).should('be.onTheRightOf', previousColor).and('be.horizontallyAlignedWith', previousColor);\n  }\n});",
              "err": {},
              "uuid": "17031e60-395d-47e3-976d-8a3c1e3f37c4",
              "parentUUID": "1164aace-31f9-4f79-a7f4-971ba8fac6da",
              "isHook": false,
              "skipped": false
            },
            {
              "title": "Verifica se a paleta de cores está posicionada abaixo do título 'Paleta de Cores'",
              "fullTitle": "2 - Adicione à página uma paleta de quatro cores distintas. Verifica se a paleta de cores está posicionada abaixo do título 'Paleta de Cores'",
              "timedOut": null,
              "duration": 95,
              "state": "passed",
              "speed": "slow",
              "pass": true,
              "fail": false,
              "pending": false,
              "context": null,
              "code": "cy.get('h1#title').then(function (title) {\n  cy.get('#color-palette').should('be.belowOf', title);\n});",
              "err": {},
              "uuid": "74a87b63-ff08-4eb4-96bf-fea31c788ffb",
              "parentUUID": "1164aace-31f9-4f79-a7f4-971ba8fac6da",
              "isHook": false,
              "skipped": false
            },
            {
              "title": "Verifica se a paleta de cores não contém cores repetidas.",
              "fullTitle": "2 - Adicione à página uma paleta de quatro cores distintas. Verifica se a paleta de cores não contém cores repetidas.",
              "timedOut": null,
              "duration": 102,
              "state": "passed",
              "speed": "slow",
              "pass": true,
              "fail": false,
              "pending": false,
              "context": null,
              "code": "cy.get('.color').then(function (colors) {\n  var allColors = Array.from(colors).map(function (color) {\n    return Cypress.$(color).css('background-color');\n  });\n  cy.log(allColors);\n  var uniqColors = (0, _toConsumableArray2[\"default\"])(new Set(allColors));\n  cy.log(uniqColors);\n  expect(allColors.length).to.eq(uniqColors.length);\n});",
              "err": {},
              "uuid": "a700f7d1-e87f-43b4-bc69-463d3d87e746",
              "parentUUID": "1164aace-31f9-4f79-a7f4-971ba8fac6da",
              "isHook": false,
              "skipped": false
            }
          ],
          "suites": [],
          "passes": [
            "6cab681d-4745-4074-bfc7-ae7c5eb71cb3",
            "a67fe79c-5e10-4522-9a47-b09e7bc96884",
            "88282279-4008-4069-8a78-f47bea3d35bd",
            "707ff3fc-21ba-4e3e-9870-0d18c3723dd1",
            "17031e60-395d-47e3-976d-8a3c1e3f37c4",
            "74a87b63-ff08-4eb4-96bf-fea31c788ffb",
            "a700f7d1-e87f-43b4-bc69-463d3d87e746"
          ],
          "failures": [],
          "pending": [],
          "skipped": [],
          "duration": 951,
          "root": false,
          "rootEmpty": false,
          "_timeout": 2000
        },
        {
          "uuid": "9831b3aa-0bf2-4c78-8edf-48cc2829c0c3",
          "title": "3 - Adicione a cor **preta** como a primeira cor da paleta de cores.",
          "fullFile": "",
          "file": "",
          "beforeHooks": [],
          "afterHooks": [],
          "tests": [
            {
              "title": "Verifica se a primeira cor da paleta é preta",
              "fullTitle": "3 - Adicione a cor **preta** como a primeira cor da paleta de cores. Verifica se a primeira cor da paleta é preta",
              "timedOut": null,
              "duration": 105,
              "state": "passed",
              "speed": "slow",
              "pass": true,
              "fail": false,
              "pending": false,
              "context": null,
              "code": "cy.get('.color').first().should('have.css', 'background-color', BLACK);",
              "err": {},
              "uuid": "5f1338bd-7a58-46d9-86eb-adfa455e2d47",
              "parentUUID": "9831b3aa-0bf2-4c78-8edf-48cc2829c0c3",
              "isHook": false,
              "skipped": false
            },
            {
              "title": "Verifica se as demais cores podem ser escolhidas livremente.",
              "fullTitle": "3 - Adicione a cor **preta** como a primeira cor da paleta de cores. Verifica se as demais cores podem ser escolhidas livremente.",
              "timedOut": null,
              "duration": 198,
              "state": "passed",
              "speed": "slow",
              "pass": true,
              "fail": false,
              "pending": false,
              "context": null,
              "code": "cy.get('.color').eq(1).should('not.have.css', 'background-color', BLACK);\ncy.get('.color').eq(1).should('not.have.css', 'background-color', WHITE);\ncy.get('.color').eq(1).should('not.have.css', 'background-color', 'rgba(0, 0, 0, 0)');\ncy.get('.color').eq(1).should('have.css', 'background-color');\ncy.get('.color').eq(2).should('not.have.css', 'background-color', BLACK);\ncy.get('.color').eq(2).should('not.have.css', 'background-color', WHITE);\ncy.get('.color').eq(2).should('not.have.css', 'background-color', 'rgba(0, 0, 0, 0)');\ncy.get('.color').eq(2).should('have.css', 'background-color');\ncy.get('.color').eq(3).should('not.have.css', 'background-color', BLACK);\ncy.get('.color').eq(3).should('not.have.css', 'background-color', WHITE);\ncy.get('.color').eq(3).should('not.have.css', 'background-color', 'rgba(0, 0, 0, 0)');\ncy.get('.color').eq(3).should('have.css', 'background-color');",
              "err": {},
              "uuid": "1c3514a6-a2c7-4f1a-99fb-e174a1daf3e7",
              "parentUUID": "9831b3aa-0bf2-4c78-8edf-48cc2829c0c3",
              "isHook": false,
              "skipped": false
            }
          ],
          "suites": [],
          "passes": [
            "5f1338bd-7a58-46d9-86eb-adfa455e2d47",
            "1c3514a6-a2c7-4f1a-99fb-e174a1daf3e7"
          ],
          "failures": [],
          "pending": [],
          "skipped": [],
          "duration": 303,
          "root": false,
          "rootEmpty": false,
          "_timeout": 2000
        },
        {
          "uuid": "5aa2c106-2853-4036-87b3-d43c936b51d4",
          "title": "4 - Adicione à página um quadro de pixels, com 25 pixels.",
          "fullFile": "",
          "file": "",
          "beforeHooks": [],
          "afterHooks": [],
          "tests": [
            {
              "title": "Verifica se o quadro de pixels possui o `id` denominado `pixel-board`",
              "fullTitle": "4 - Adicione à página um quadro de pixels, com 25 pixels. Verifica se o quadro de pixels possui o `id` denominado `pixel-board`",
              "timedOut": null,
              "duration": 93,
              "state": "passed",
              "speed": "slow",
              "pass": true,
              "fail": false,
              "pending": false,
              "context": null,
              "code": "cy.get('#pixel-board').should('be.visible');",
              "err": {},
              "uuid": "9b577ec7-c6b9-4ca9-b11f-fad150ba0eab",
              "parentUUID": "5aa2c106-2853-4036-87b3-d43c936b51d4",
              "isHook": false,
              "skipped": false
            },
            {
              "title": "Verifica se cada pixel individual dentro do quadro possui a `classe` denominada `pixel`.",
              "fullTitle": "4 - Adicione à página um quadro de pixels, com 25 pixels. Verifica se cada pixel individual dentro do quadro possui a `classe` denominada `pixel`.",
              "timedOut": null,
              "duration": 132,
              "state": "passed",
              "speed": "slow",
              "pass": true,
              "fail": false,
              "pending": false,
              "context": null,
              "code": "cy.get('.pixel').should('have.length', 25);",
              "err": {},
              "uuid": "45e230ac-f136-4849-bb3c-16f40f045c41",
              "parentUUID": "5aa2c106-2853-4036-87b3-d43c936b51d4",
              "isHook": false,
              "skipped": false
            },
            {
              "title": "Verifica se a cor inicial dos pixels dentro do quadro, ao abrir a página, é branca.",
              "fullTitle": "4 - Adicione à página um quadro de pixels, com 25 pixels. Verifica se a cor inicial dos pixels dentro do quadro, ao abrir a página, é branca.",
              "timedOut": null,
              "duration": 211,
              "state": "passed",
              "speed": "slow",
              "pass": true,
              "fail": false,
              "pending": false,
              "context": null,
              "code": "cy.get('.pixel').should('have.length', 25).each(function (pixel) {\n  expect(pixel).to.have.css('background-color', WHITE);\n});",
              "err": {},
              "uuid": "40f11c4c-0536-4655-8760-a8e962471c80",
              "parentUUID": "5aa2c106-2853-4036-87b3-d43c936b51d4",
              "isHook": false,
              "skipped": false
            },
            {
              "title": "Verifica se o quadro de pixels aparece abaixo da paleta de cores",
              "fullTitle": "4 - Adicione à página um quadro de pixels, com 25 pixels. Verifica se o quadro de pixels aparece abaixo da paleta de cores",
              "timedOut": null,
              "duration": 100,
              "state": "passed",
              "speed": "slow",
              "pass": true,
              "fail": false,
              "pending": false,
              "context": null,
              "code": "cy.get('#color-palette').then(function (palette) {\n  cy.get('#pixel-board').should('be.belowOf', palette);\n});",
              "err": {},
              "uuid": "e7f4e7ec-79cb-4af1-bb87-89038a909488",
              "parentUUID": "5aa2c106-2853-4036-87b3-d43c936b51d4",
              "isHook": false,
              "skipped": false
            }
          ],
          "suites": [],
          "passes": [
            "9b577ec7-c6b9-4ca9-b11f-fad150ba0eab",
            "45e230ac-f136-4849-bb3c-16f40f045c41",
            "40f11c4c-0536-4655-8760-a8e962471c80",
            "e7f4e7ec-79cb-4af1-bb87-89038a909488"
          ],
          "failures": [],
          "pending": [],
          "skipped": [],
          "duration": 536,
          "root": false,
          "rootEmpty": false,
          "_timeout": 2000
        },
        {
          "uuid": "c7e0f20d-1414-48f8-b872-652443205aeb",
          "title": "5 - Faça com que cada elemento do quadro de pixels possua 40 pixels de largura, 40 pixels de altura e seja delimitado por uma borda preta de 1 pixel.",
          "fullFile": "",
          "file": "",
          "beforeHooks": [],
          "afterHooks": [],
          "tests": [
            {
              "title": "Verifica se o quadro de pixels tem altura e comprimento de 5 elementos",
              "fullTitle": "5 - Faça com que cada elemento do quadro de pixels possua 40 pixels de largura, 40 pixels de altura e seja delimitado por uma borda preta de 1 pixel. Verifica se o quadro de pixels tem altura e comprimento de 5 elementos",
              "timedOut": null,
              "duration": 345,
              "state": "passed",
              "speed": "slow",
              "pass": true,
              "fail": false,
              "pending": false,
              "context": null,
              "code": "cy.get('.pixel').should('have.length', 25).each(function (pixel) {\n  expect(pixel).to.have.css('background-color', WHITE);\n}).and(function (pixels) {\n  var rows = chunk(pixels, 5);\n  rows.forEach(function (row) {\n    for (var index = 1; index < row.length; index += 1) {\n      var current = pixels[index];\n      var previous = pixels[index - 1];\n      cy.wrap(current).should('be.onTheRightOf', previous).and('be.horizontallyAlignedWith', previous);\n    }\n  });\n  for (var index = 1; index < 5; index += 1) {\n    expect(pixels[index * 5]).to.be.belowOf(pixels[(index - 1) * 5]);\n  }\n});",
              "err": {},
              "uuid": "0245912d-a93a-49d9-af21-d837e5fa5bb9",
              "parentUUID": "c7e0f20d-1414-48f8-b872-652443205aeb",
              "isHook": false,
              "skipped": false
            },
            {
              "title": "Verifica se 40 pixels é o tamanho total do elemento, incluindo seu conteúdo e excluindo a borda preta, que deve ser criada à parte.",
              "fullTitle": "5 - Faça com que cada elemento do quadro de pixels possua 40 pixels de largura, 40 pixels de altura e seja delimitado por uma borda preta de 1 pixel. Verifica se 40 pixels é o tamanho total do elemento, incluindo seu conteúdo e excluindo a borda preta, que deve ser criada à parte.",
              "timedOut": null,
              "duration": 337,
              "state": "passed",
              "speed": "slow",
              "pass": true,
              "fail": false,
              "pending": false,
              "context": null,
              "code": "cy.get('.pixel').each(function (pixel) {\n  cy.wrap(pixel).should('have.css', 'height', '40px').and('have.css', 'width', '40px').and('have.css', 'border', \"1px solid \".concat(BLACK));\n});",
              "err": {},
              "uuid": "0edeaee4-438c-484b-9dcf-211614e1c23c",
              "parentUUID": "c7e0f20d-1414-48f8-b872-652443205aeb",
              "isHook": false,
              "skipped": false
            }
          ],
          "suites": [],
          "passes": [
            "0245912d-a93a-49d9-af21-d837e5fa5bb9",
            "0edeaee4-438c-484b-9dcf-211614e1c23c"
          ],
          "failures": [],
          "pending": [],
          "skipped": [],
          "duration": 682,
          "root": false,
          "rootEmpty": false,
          "_timeout": 2000
        },
        {
          "uuid": "b34b9824-d03a-4903-9b80-aa98fa7fbe0d",
          "title": "6 - Defina a cor preta como cor inicial. Ao carregar a página a cor preta já deve estar selecionada para pintar os pixels",
          "fullFile": "",
          "file": "",
          "beforeHooks": [],
          "afterHooks": [],
          "tests": [
            {
              "title": "Verifica se o elemento da cor preta possui, inicialmente, a `classe` `selected`",
              "fullTitle": "6 - Defina a cor preta como cor inicial. Ao carregar a página a cor preta já deve estar selecionada para pintar os pixels Verifica se o elemento da cor preta possui, inicialmente, a `classe` `selected`",
              "timedOut": null,
              "duration": 4091,
              "state": "failed",
              "speed": null,
              "pass": false,
              "fail": true,
              "pending": false,
              "context": null,
              "code": "cy.get('.selected').first().should('have.css', 'background-color', BLACK);",
              "err": {
                "message": "AssertionError: Timed out retrying: Expected to find element: `.selected`, but never found it.",
                "estack": "AssertionError: Timed out retrying: Expected to find element: `.selected`, but never found it.\n    at Context.eval (http://localhost:45153/__cypress/tests?p=cypress/integration/project.spec.js:202:8)",
                "diff": null
              },
              "uuid": "cec30ab0-a330-4c42-88f0-2d784e71031a",
              "parentUUID": "b34b9824-d03a-4903-9b80-aa98fa7fbe0d",
              "isHook": false,
              "skipped": false
            },
            {
              "title": "Verifica se nenhuma outra cor da paleta tem a `classe` `selected`",
              "fullTitle": "6 - Defina a cor preta como cor inicial. Ao carregar a página a cor preta já deve estar selecionada para pintar os pixels Verifica se nenhuma outra cor da paleta tem a `classe` `selected`",
              "timedOut": null,
              "duration": 134,
              "state": "passed",
              "speed": "slow",
              "pass": true,
              "fail": false,
              "pending": false,
              "context": null,
              "code": "cy.get('.color:not(:first-child)').each(function (color) {\n  cy.wrap(color).should('not.have.class', 'selected');\n});",
              "err": {},
              "uuid": "ddc85717-a852-429e-bb05-4f82530f94c1",
              "parentUUID": "b34b9824-d03a-4903-9b80-aa98fa7fbe0d",
              "isHook": false,
              "skipped": false
            }
          ],
          "suites": [],
          "passes": [
            "ddc85717-a852-429e-bb05-4f82530f94c1"
          ],
          "failures": [
            "cec30ab0-a330-4c42-88f0-2d784e71031a"
          ],
          "pending": [],
          "skipped": [],
          "duration": 4225,
          "root": false,
          "rootEmpty": false,
          "_timeout": 2000
        },
        {
          "uuid": "f85fe904-a25a-43bb-8615-03e8bfcc5ac8",
          "title": "7 - Clicar em uma das cores da paleta, faz com que ela seja selecionada e utilizada para preencher os pixels no quadro.",
          "fullFile": "",
          "file": "",
          "beforeHooks": [],
          "afterHooks": [],
          "tests": [
            {
              "title": "Verifica se somente uma cor da paleta de cores tem a classe `selected` de cada vez",
              "fullTitle": "7 - Clicar em uma das cores da paleta, faz com que ela seja selecionada e utilizada para preencher os pixels no quadro. Verifica se somente uma cor da paleta de cores tem a classe `selected` de cada vez",
              "timedOut": null,
              "duration": 173,
              "state": "failed",
              "speed": null,
              "pass": false,
              "fail": true,
              "pending": false,
              "context": null,
              "code": "cy.get('.color').each(function (selectedColor, selectedColorIndex) {\n  cy.wrap(selectedColor).click();\n  cy.get('.color').each(function (color, colorIndex) {\n    if (colorIndex === selectedColorIndex) {\n      expect(color).to.have[\"class\"]('selected');\n    } else {\n      expect(color).not.to.have[\"class\"]('selected');\n    }\n  });\n});",
              "err": {
                "message": "AssertionError: expected '<div#black-color.color>' to have class 'selected'",
                "estack": "AssertionError: expected '<div#black-color.color>' to have class 'selected'\n    at Context.eval (http://localhost:45153/__cypress/tests?p=cypress/integration/project.spec.js:219:41)",
                "diff": null
              },
              "uuid": "591d5959-c29c-4e74-8ff9-859ce3e6a7a7",
              "parentUUID": "f85fe904-a25a-43bb-8615-03e8bfcc5ac8",
              "isHook": false,
              "skipped": false
            },
            {
              "title": "Verifica se os pixels dentro do quadro não têm a classe `selected` quando são clicados",
              "fullTitle": "7 - Clicar em uma das cores da paleta, faz com que ela seja selecionada e utilizada para preencher os pixels no quadro. Verifica se os pixels dentro do quadro não têm a classe `selected` quando são clicados",
              "timedOut": null,
              "duration": 9747,
              "state": "passed",
              "speed": "slow",
              "pass": true,
              "fail": false,
              "pending": false,
              "context": null,
              "code": "cy.get('.color').each(function (color) {\n  var backgroundColor = color.css('background-color');\n  cy.wrap(color).click();\n  cy.get('.pixel').each(function (pixel) {\n    cy.wrap(pixel).click().should('not.have.class', 'selected');\n  });\n});",
              "err": {},
              "uuid": "e16c5986-c060-4d0c-b9cf-5bade96bbd0b",
              "parentUUID": "f85fe904-a25a-43bb-8615-03e8bfcc5ac8",
              "isHook": false,
              "skipped": false
            }
          ],
          "suites": [],
          "passes": [
            "e16c5986-c060-4d0c-b9cf-5bade96bbd0b"
          ],
          "failures": [
            "591d5959-c29c-4e74-8ff9-859ce3e6a7a7"
          ],
          "pending": [],
          "skipped": [],
          "duration": 9920,
          "root": false,
          "rootEmpty": false,
          "_timeout": 2000
        },
        {
          "uuid": "7f91343c-1052-444f-87dc-f4b0e1f2b445",
          "title": "8 - Clicar em um pixel dentro do quadro após selecionar uma cor na paleta, faz com que o pixel seja preenchido com a cor selecionada.",
          "fullFile": "",
          "file": "",
          "beforeHooks": [],
          "afterHooks": [],
          "tests": [
            {
              "title": "Verifica se ao carregar a página deve ser possível pintar os pixels de preto",
              "fullTitle": "8 - Clicar em um pixel dentro do quadro após selecionar uma cor na paleta, faz com que o pixel seja preenchido com a cor selecionada. Verifica se ao carregar a página deve ser possível pintar os pixels de preto",
              "timedOut": null,
              "duration": 4295,
              "state": "failed",
              "speed": null,
              "pass": false,
              "fail": true,
              "pending": false,
              "context": null,
              "code": "cy.get('.pixel').each(function (pixel) {\n  cy.wrap(pixel).click().should('have.css', 'background-color', BLACK);\n});",
              "err": {
                "message": "AssertionError: Timed out retrying: expected '<td.pixel>' to have CSS property 'background-color' with the value 'rgb(0, 0, 0)', but the value was 'rgb(255, 255, 255)'",
                "estack": "AssertionError: Timed out retrying: expected '<td.pixel>' to have CSS property 'background-color' with the value 'rgb(0, 0, 0)', but the value was 'rgb(255, 255, 255)'\n    at Context.eval (http://localhost:45153/__cypress/tests?p=cypress/integration/project.spec.js:242:30)",
                "diff": "- 'rgb(255, 255, 255)'\n+ 'rgb(0, 0, 0)'\n"
              },
              "uuid": "444c78b7-0d90-47ae-b914-4031fda513aa",
              "parentUUID": "7f91343c-1052-444f-87dc-f4b0e1f2b445",
              "isHook": false,
              "skipped": false
            },
            {
              "title": "Verifica se após selecionar uma outra cor na paleta, é possível pintar os pixels com essa cor",
              "fullTitle": "8 - Clicar em um pixel dentro do quadro após selecionar uma cor na paleta, faz com que o pixel seja preenchido com a cor selecionada. Verifica se após selecionar uma outra cor na paleta, é possível pintar os pixels com essa cor",
              "timedOut": null,
              "duration": 4320,
              "state": "failed",
              "speed": null,
              "pass": false,
              "fail": true,
              "pending": false,
              "context": null,
              "code": "cy.get('.color').each(function (color) {\n  var backgroundColor = color.css('background-color');\n  cy.wrap(color).click();\n  cy.get('.pixel').each(function (pixel) {\n    cy.wrap(pixel).click().should('have.css', 'background-color', backgroundColor);\n  });\n});",
              "err": {
                "message": "AssertionError: Timed out retrying: expected '<td.pixel>' to have CSS property 'background-color' with the value 'rgb(0, 0, 0)', but the value was 'rgb(255, 255, 255)'",
                "estack": "AssertionError: Timed out retrying: expected '<td.pixel>' to have CSS property 'background-color' with the value 'rgb(0, 0, 0)', but the value was 'rgb(255, 255, 255)'\n    at Context.eval (http://localhost:45153/__cypress/tests?p=cypress/integration/project.spec.js:250:32)",
                "diff": "- 'rgb(255, 255, 255)'\n+ 'rgb(0, 0, 0)'\n"
              },
              "uuid": "38a7fc90-760f-4102-be3b-5f028c15699d",
              "parentUUID": "7f91343c-1052-444f-87dc-f4b0e1f2b445",
              "isHook": false,
              "skipped": false
            },
            {
              "title": "Verifica se somente o pixel que foi clicado foi preenchido com a cor selecionada, sem influenciar na cor dos demais pixels.",
              "fullTitle": "8 - Clicar em um pixel dentro do quadro após selecionar uma cor na paleta, faz com que o pixel seja preenchido com a cor selecionada. Verifica se somente o pixel que foi clicado foi preenchido com a cor selecionada, sem influenciar na cor dos demais pixels.",
              "timedOut": null,
              "duration": 1895,
              "state": "passed",
              "speed": "slow",
              "pass": true,
              "fail": false,
              "pending": false,
              "context": null,
              "code": "var colorToPixelIndexMap = {\n  0: 6,\n  1: 8,\n  2: 16,\n  3: 18\n};\ncy.get('.color').each(function (color, index) {\n  cy.wrap(color).click();\n  var backgroundColor = color.css('background-color');\n  var clickedPixelIndex = colorToPixelIndexMap[index];\n  cy.get('.pixel').eq(clickedPixelIndex).click();\n  cy.get('.pixel').eq(clickedPixelIndex - 1).should('not.have.css', 'background-color', backgroundColor);\n  cy.get('.pixel').eq(clickedPixelIndex + 1).should('not.have.css', 'background-color', backgroundColor);\n  cy.get('.pixel').eq(clickedPixelIndex - 5).should('not.have.css', 'background-color', backgroundColor);\n  cy.get('.pixel').eq(clickedPixelIndex + 5).should('not.have.css', 'background-color', backgroundColor);\n  cy.get('.pixel').eq(clickedPixelIndex - 6).should('not.have.css', 'background-color', backgroundColor);\n  cy.get('.pixel').eq(clickedPixelIndex - 4).should('not.have.css', 'background-color', backgroundColor);\n  cy.get('.pixel').eq(clickedPixelIndex + 4).should('not.have.css', 'background-color', backgroundColor);\n  cy.get('.pixel').eq(clickedPixelIndex + 6).should('not.have.css', 'background-color', backgroundColor);\n});",
              "err": {},
              "uuid": "78ffe627-8759-439b-b752-b7edb7c3b779",
              "parentUUID": "7f91343c-1052-444f-87dc-f4b0e1f2b445",
              "isHook": false,
              "skipped": false
            }
          ],
          "suites": [],
          "passes": [
            "78ffe627-8759-439b-b752-b7edb7c3b779"
          ],
          "failures": [
            "444c78b7-0d90-47ae-b914-4031fda513aa",
            "38a7fc90-760f-4102-be3b-5f028c15699d"
          ],
          "pending": [],
          "skipped": [],
          "duration": 10510,
          "root": false,
          "rootEmpty": false,
          "_timeout": 2000
        },
        {
          "uuid": "ecda0ed5-3cf5-46f4-9e0c-773934600071",
          "title": "9 - Crie um botão que, ao ser clicado, limpa o quadro preenchendo a cor de todos seus pixels com branco.",
          "fullFile": "",
          "file": "",
          "beforeHooks": [],
          "afterHooks": [],
          "tests": [
            {
              "title": "Verifica se o botão tem o `id` denominado `clear-board`",
              "fullTitle": "9 - Crie um botão que, ao ser clicado, limpa o quadro preenchendo a cor de todos seus pixels com branco. Verifica se o botão tem o `id` denominado `clear-board`",
              "timedOut": null,
              "duration": 4217,
              "state": "failed",
              "speed": null,
              "pass": false,
              "fail": true,
              "pending": false,
              "context": null,
              "code": "cy.get('#clear-board').should('be.visible');",
              "err": {
                "message": "AssertionError: Timed out retrying: Expected to find element: `#clear-board`, but never found it.",
                "estack": "AssertionError: Timed out retrying: Expected to find element: `#clear-board`, but never found it.\n    at Context.eval (http://localhost:45153/__cypress/tests?p=cypress/integration/project.spec.js:282:28)",
                "diff": null
              },
              "uuid": "95b615a8-1941-4229-b241-8d7fc54c72ef",
              "parentUUID": "ecda0ed5-3cf5-46f4-9e0c-773934600071",
              "isHook": false,
              "skipped": false
            },
            {
              "title": "Verifica se o botão está posicionado entre a paleta de cores e o quadro de pixels",
              "fullTitle": "9 - Crie um botão que, ao ser clicado, limpa o quadro preenchendo a cor de todos seus pixels com branco. Verifica se o botão está posicionado entre a paleta de cores e o quadro de pixels",
              "timedOut": null,
              "duration": 4137,
              "state": "failed",
              "speed": null,
              "pass": false,
              "fail": true,
              "pending": false,
              "context": null,
              "code": "cy.get('#color-palette').then(function (palette) {\n  cy.get('#clear-board').should('be.belowOf', palette);\n});\ncy.get('#clear-board').then(function (clearBtn) {\n  cy.get('#pixel-board').should('be.belowOf', clearBtn);\n});",
              "err": {
                "message": "AssertionError: Timed out retrying: Expected to find element: `#clear-board`, but never found it.",
                "estack": "AssertionError: Timed out retrying: Expected to find element: `#clear-board`, but never found it.\n    at Context.eval (http://localhost:45153/__cypress/tests?p=cypress/integration/project.spec.js:286:30)",
                "diff": null
              },
              "uuid": "38da1964-16e4-47d6-8d77-00660fb52f83",
              "parentUUID": "ecda0ed5-3cf5-46f4-9e0c-773934600071",
              "isHook": false,
              "skipped": false
            },
            {
              "title": "Verifica se o texto do botão é 'Limpar'",
              "fullTitle": "9 - Crie um botão que, ao ser clicado, limpa o quadro preenchendo a cor de todos seus pixels com branco. Verifica se o texto do botão é 'Limpar'",
              "timedOut": null,
              "duration": 4118,
              "state": "failed",
              "speed": null,
              "pass": false,
              "fail": true,
              "pending": false,
              "context": null,
              "code": "cy.get('#clear-board').should('contain.text', 'Limpar');",
              "err": {
                "message": "AssertionError: Timed out retrying: Expected to find element: `#clear-board`, but never found it.",
                "estack": "AssertionError: Timed out retrying: Expected to find element: `#clear-board`, but never found it.\n    at Context.eval (http://localhost:45153/__cypress/tests?p=cypress/integration/project.spec.js:293:28)",
                "diff": null
              },
              "uuid": "516c103b-7e4f-49c9-85cf-c3caf84083cb",
              "parentUUID": "ecda0ed5-3cf5-46f4-9e0c-773934600071",
              "isHook": false,
              "skipped": false
            },
            {
              "title": "Verifica se ao clicar no botão, o quadro de pixels é totalmente preenchido de branco",
              "fullTitle": "9 - Crie um botão que, ao ser clicado, limpa o quadro preenchendo a cor de todos seus pixels com branco. Verifica se ao clicar no botão, o quadro de pixels é totalmente preenchido de branco",
              "timedOut": null,
              "duration": 4335,
              "state": "failed",
              "speed": null,
              "pass": false,
              "fail": true,
              "pending": false,
              "context": null,
              "code": "cy.get('.color').eq(1).then(function (color) {\n  var backgroundColor = color.css('background-color');\n  cy.wrap(color).click();\n  cy.get('.pixel').each(function (pixel) {\n    cy.wrap(pixel).click().should('have.css', 'background-color', backgroundColor);\n  });\n});\ncy.get('#clear-board').click();\ncy.get('.pixel').each(function (pixel) {\n  cy.wrap(pixel).should('have.css', 'background-color', WHITE);\n});",
              "err": {
                "message": "AssertionError: Timed out retrying: expected '<td.pixel>' to have CSS property 'background-color' with the value 'rgb(255, 0, 0)', but the value was 'rgb(255, 255, 255)'",
                "estack": "AssertionError: Timed out retrying: expected '<td.pixel>' to have CSS property 'background-color' with the value 'rgb(255, 0, 0)', but the value was 'rgb(255, 255, 255)'\n    at Context.eval (http://localhost:45153/__cypress/tests?p=cypress/integration/project.spec.js:300:32)",
                "diff": "- 'rgb(255, 255, 255)'\n+ 'rgb(255, 0, 0)'\n"
              },
              "uuid": "8b168ff1-a169-4fa5-8a92-d78de0a10b95",
              "parentUUID": "ecda0ed5-3cf5-46f4-9e0c-773934600071",
              "isHook": false,
              "skipped": false
            }
          ],
          "suites": [],
          "passes": [],
          "failures": [
            "95b615a8-1941-4229-b241-8d7fc54c72ef",
            "38da1964-16e4-47d6-8d77-00660fb52f83",
            "516c103b-7e4f-49c9-85cf-c3caf84083cb",
            "8b168ff1-a169-4fa5-8a92-d78de0a10b95"
          ],
          "pending": [],
          "skipped": [],
          "duration": 16807,
          "root": false,
          "rootEmpty": false,
          "_timeout": 2000
        },
        {
          "uuid": "34a75ce3-898e-4a8d-ba5f-fa31464f186f",
          "title": "10 - Faça o quadro de pixels ter seu tamanho definido pelo usuário.",
          "fullFile": "",
          "file": "",
          "beforeHooks": [],
          "afterHooks": [],
          "tests": [
            {
              "title": "Verifica se existe um input com o id `board-size`",
              "fullTitle": "10 - Faça o quadro de pixels ter seu tamanho definido pelo usuário. Verifica se existe um input com o id `board-size`",
              "timedOut": null,
              "duration": 4205,
              "state": "failed",
              "speed": null,
              "pass": false,
              "fail": true,
              "pending": false,
              "context": null,
              "code": "cy.get('#board-size').should('be.visible');",
              "err": {
                "message": "AssertionError: Timed out retrying: Expected to find element: `#board-size`, but never found it.",
                "estack": "AssertionError: Timed out retrying: Expected to find element: `#board-size`, but never found it.\n    at Context.eval (http://localhost:45153/__cypress/tests?p=cypress/integration/project.spec.js:314:27)",
                "diff": null
              },
              "uuid": "c6320be8-5029-4fa7-a45b-b6842afebb29",
              "parentUUID": "34a75ce3-898e-4a8d-ba5f-fa31464f186f",
              "isHook": false,
              "skipped": false
            },
            {
              "title": "Verifica se existe um botão com o id `generate-board`",
              "fullTitle": "10 - Faça o quadro de pixels ter seu tamanho definido pelo usuário. Verifica se existe um botão com o id `generate-board`",
              "timedOut": null,
              "duration": 4201,
              "state": "failed",
              "speed": null,
              "pass": false,
              "fail": true,
              "pending": false,
              "context": null,
              "code": "cy.get('#generate-board').should('be.visible');",
              "err": {
                "message": "AssertionError: Timed out retrying: Expected to find element: `#generate-board`, but never found it.",
                "estack": "AssertionError: Timed out retrying: Expected to find element: `#generate-board`, but never found it.\n    at Context.eval (http://localhost:45153/__cypress/tests?p=cypress/integration/project.spec.js:317:31)",
                "diff": null
              },
              "uuid": "34cfe8c0-d136-47c5-b8b5-859774e3af28",
              "parentUUID": "34a75ce3-898e-4a8d-ba5f-fa31464f186f",
              "isHook": false,
              "skipped": false
            },
            {
              "title": "Verifica se o input só aceita número maiores que zero. Essa restrição deve ser feita usando os atributos do elemento `input`",
              "fullTitle": "10 - Faça o quadro de pixels ter seu tamanho definido pelo usuário. Verifica se o input só aceita número maiores que zero. Essa restrição deve ser feita usando os atributos do elemento `input`",
              "timedOut": null,
              "duration": 4233,
              "state": "failed",
              "speed": null,
              "pass": false,
              "fail": true,
              "pending": false,
              "context": null,
              "code": "cy.get('#board-size[type=\\'number\\'][min=\\'1\\']');",
              "err": {
                "message": "AssertionError: Timed out retrying: Expected to find element: `#board-size[type='number'][min='1']`, but never found it.",
                "estack": "AssertionError: Timed out retrying: Expected to find element: `#board-size[type='number'][min='1']`, but never found it.\n    at Context.eval (http://localhost:45153/__cypress/tests?p=cypress/integration/project.spec.js:320:8)",
                "diff": null
              },
              "uuid": "ea46dc76-c472-4c85-a0e7-fd761f11eb17",
              "parentUUID": "34a75ce3-898e-4a8d-ba5f-fa31464f186f",
              "isHook": false,
              "skipped": false
            },
            {
              "title": "Verifica se o botão contém o texto 'VQV'",
              "fullTitle": "10 - Faça o quadro de pixels ter seu tamanho definido pelo usuário. Verifica se o botão contém o texto 'VQV'",
              "timedOut": null,
              "duration": 4137,
              "state": "failed",
              "speed": null,
              "pass": false,
              "fail": true,
              "pending": false,
              "context": null,
              "code": "cy.get('#generate-board').contains(/vqv/i);",
              "err": {
                "message": "AssertionError: Timed out retrying: Expected to find element: `#generate-board`, but never found it.",
                "estack": "AssertionError: Timed out retrying: Expected to find element: `#generate-board`, but never found it.\n    at Context.eval (http://localhost:45153/__cypress/tests?p=cypress/integration/project.spec.js:323:8)",
                "diff": null
              },
              "uuid": "4fa6b010-6eda-48eb-ac1b-750f9a8c8ecf",
              "parentUUID": "34a75ce3-898e-4a8d-ba5f-fa31464f186f",
              "isHook": false,
              "skipped": false
            },
            {
              "title": "Verifica se o input está posicionado entre a paleta de cores e o quadro de pixels",
              "fullTitle": "10 - Faça o quadro de pixels ter seu tamanho definido pelo usuário. Verifica se o input está posicionado entre a paleta de cores e o quadro de pixels",
              "timedOut": null,
              "duration": 4169,
              "state": "failed",
              "speed": null,
              "pass": false,
              "fail": true,
              "pending": false,
              "context": null,
              "code": "cy.get('#color-palette').then(function (palette) {\n  cy.get('#board-size').should('be.belowOf', palette);\n});\ncy.get('#board-size').then(function (palette) {\n  cy.get('#pixel-board').should('be.belowOf', palette);\n});",
              "err": {
                "message": "AssertionError: Timed out retrying: Expected to find element: `#board-size`, but never found it.",
                "estack": "AssertionError: Timed out retrying: Expected to find element: `#board-size`, but never found it.\n    at Context.eval (http://localhost:45153/__cypress/tests?p=cypress/integration/project.spec.js:327:29)",
                "diff": null
              },
              "uuid": "e6acc802-a5f2-476d-9417-83cd4c06c05c",
              "parentUUID": "34a75ce3-898e-4a8d-ba5f-fa31464f186f",
              "isHook": false,
              "skipped": false
            },
            {
              "title": "Verifica se o botão está posicionado ao lado do input",
              "fullTitle": "10 - Faça o quadro de pixels ter seu tamanho definido pelo usuário. Verifica se o botão está posicionado ao lado do input",
              "timedOut": null,
              "duration": 4165,
              "state": "failed",
              "speed": null,
              "pass": false,
              "fail": true,
              "pending": false,
              "context": null,
              "code": "cy.get('#board-size').then(function (board) {\n  cy.get('#generate-board').should('be.onTheRightOf', board);\n});",
              "err": {
                "message": "AssertionError: Timed out retrying: Expected to find element: `#board-size`, but never found it.",
                "estack": "AssertionError: Timed out retrying: Expected to find element: `#board-size`, but never found it.\n    at Context.eval (http://localhost:45153/__cypress/tests?p=cypress/integration/project.spec.js:334:8)",
                "diff": null
              },
              "uuid": "5b62e7f0-47df-496a-ace7-4f0c4965bf12",
              "parentUUID": "34a75ce3-898e-4a8d-ba5f-fa31464f186f",
              "isHook": false,
              "skipped": false
            },
            {
              "title": "Verifica se nenhum valor for colocado no input ao clicar no botão, um `alert` é exibido com o texto: 'Board inválido!'",
              "fullTitle": "10 - Faça o quadro de pixels ter seu tamanho definido pelo usuário. Verifica se nenhum valor for colocado no input ao clicar no botão, um `alert` é exibido com o texto: 'Board inválido!'",
              "timedOut": null,
              "duration": 4188,
              "state": "failed",
              "speed": null,
              "pass": false,
              "fail": true,
              "pending": false,
              "context": null,
              "code": "var alerted = false;\ncy.on('window:alert', function (msg) {\n  return alerted = msg;\n});\ncy.get('#generate-board').click().then(function () {\n  return expect(alerted).to.match(/Board inválido!/i);\n});",
              "err": {
                "message": "AssertionError: Timed out retrying: Expected to find element: `#generate-board`, but never found it.",
                "estack": "AssertionError: Timed out retrying: Expected to find element: `#generate-board`, but never found it.\n    at Context.eval (http://localhost:45153/__cypress/tests?p=cypress/integration/project.spec.js:343:8)",
                "diff": null
              },
              "uuid": "288345b5-287f-4f56-8ebf-700e4c254729",
              "parentUUID": "34a75ce3-898e-4a8d-ba5f-fa31464f186f",
              "isHook": false,
              "skipped": false
            },
            {
              "title": "Verifica se ao clicar no botão com um valor preenchido, o tamanho do board muda.",
              "fullTitle": "10 - Faça o quadro de pixels ter seu tamanho definido pelo usuário. Verifica se ao clicar no botão com um valor preenchido, o tamanho do board muda.",
              "timedOut": null,
              "duration": 4169,
              "state": "failed",
              "speed": null,
              "pass": false,
              "fail": true,
              "pending": false,
              "context": null,
              "code": "cy.get('#board-size').clear().type(10);\ncy.get('#generate-board').click();\ncy.get('.pixel').should('have.length', 100);",
              "err": {
                "message": "AssertionError: Timed out retrying: Expected to find element: `#board-size`, but never found it.",
                "estack": "AssertionError: Timed out retrying: Expected to find element: `#board-size`, but never found it.\n    at Context.eval (http://localhost:45153/__cypress/tests?p=cypress/integration/project.spec.js:348:8)",
                "diff": null
              },
              "uuid": "b23673a2-07db-4bf7-8aac-245c22ad9cd3",
              "parentUUID": "34a75ce3-898e-4a8d-ba5f-fa31464f186f",
              "isHook": false,
              "skipped": false
            },
            {
              "title": "Verifica se o novo quadro tem todos os pixels preenchidos com a cor branca",
              "fullTitle": "10 - Faça o quadro de pixels ter seu tamanho definido pelo usuário. Verifica se o novo quadro tem todos os pixels preenchidos com a cor branca",
              "timedOut": null,
              "duration": 4160,
              "state": "failed",
              "speed": null,
              "pass": false,
              "fail": true,
              "pending": false,
              "context": null,
              "code": "cy.get('#board-size').clear().type(6);\ncy.get('#generate-board').click();\ncy.get('.pixel').should('have.length', 36).each(function (pixel) {\n  expect(pixel).to.have.css('background-color', WHITE);\n});",
              "err": {
                "message": "AssertionError: Timed out retrying: Expected to find element: `#board-size`, but never found it.",
                "estack": "AssertionError: Timed out retrying: Expected to find element: `#board-size`, but never found it.\n    at Context.eval (http://localhost:45153/__cypress/tests?p=cypress/integration/project.spec.js:353:8)",
                "diff": null
              },
              "uuid": "b2b9ad65-5312-4df0-95ec-ece3bd0b59ce",
              "parentUUID": "34a75ce3-898e-4a8d-ba5f-fa31464f186f",
              "isHook": false,
              "skipped": false
            }
          ],
          "suites": [],
          "passes": [],
          "failures": [
            "c6320be8-5029-4fa7-a45b-b6842afebb29",
            "34cfe8c0-d136-47c5-b8b5-859774e3af28",
            "ea46dc76-c472-4c85-a0e7-fd761f11eb17",
            "4fa6b010-6eda-48eb-ac1b-750f9a8c8ecf",
            "e6acc802-a5f2-476d-9417-83cd4c06c05c",
            "5b62e7f0-47df-496a-ace7-4f0c4965bf12",
            "288345b5-287f-4f56-8ebf-700e4c254729",
            "b23673a2-07db-4bf7-8aac-245c22ad9cd3",
            "b2b9ad65-5312-4df0-95ec-ece3bd0b59ce"
          ],
          "pending": [],
          "skipped": [],
          "duration": 37627,
          "root": false,
          "rootEmpty": false,
          "_timeout": 2000
        },
        {
          "uuid": "518c6cc8-3295-436d-82e8-a1381c950694",
          "title": "11 - Limite o tamanho mínimo e máximo do board.",
          "fullFile": "",
          "file": "",
          "beforeHooks": [],
          "afterHooks": [],
          "tests": [
            {
              "title": "Verifica se a altura máxima do board é 50",
              "fullTitle": "11 - Limite o tamanho mínimo e máximo do board. Verifica se a altura máxima do board é 50",
              "timedOut": null,
              "duration": 4159,
              "state": "failed",
              "speed": null,
              "pass": false,
              "fail": true,
              "pending": false,
              "context": null,
              "code": "cy.get('#board-size').clear().type(50);\ncy.get('#generate-board').click();\ncy.get('.pixel').should('have.length', 2500);",
              "err": {
                "message": "AssertionError: Timed out retrying: Expected to find element: `#board-size`, but never found it.",
                "estack": "AssertionError: Timed out retrying: Expected to find element: `#board-size`, but never found it.\n    at Context.eval (http://localhost:45153/__cypress/tests?p=cypress/integration/project.spec.js:365:8)",
                "diff": null
              },
              "uuid": "305f28bd-9148-4a8c-8568-4d10a753ef73",
              "parentUUID": "518c6cc8-3295-436d-82e8-a1381c950694",
              "isHook": false,
              "skipped": false
            },
            {
              "title": "Verifica se a altura do board é 5 quando um valor menor é colocado no input",
              "fullTitle": "11 - Limite o tamanho mínimo e máximo do board. Verifica se a altura do board é 5 quando um valor menor é colocado no input",
              "timedOut": null,
              "duration": 4173,
              "state": "failed",
              "speed": null,
              "pass": false,
              "fail": true,
              "pending": false,
              "context": null,
              "code": "cy.get('#board-size').clear().type(4);\ncy.get('#generate-board').click();\ncy.get('.pixel').should('have.length', 25);",
              "err": {
                "message": "AssertionError: Timed out retrying: Expected to find element: `#board-size`, but never found it.",
                "estack": "AssertionError: Timed out retrying: Expected to find element: `#board-size`, but never found it.\n    at Context.eval (http://localhost:45153/__cypress/tests?p=cypress/integration/project.spec.js:370:8)",
                "diff": null
              },
              "uuid": "5ad897a1-02a9-4bfa-80aa-b0d0bc7a3f4a",
              "parentUUID": "518c6cc8-3295-436d-82e8-a1381c950694",
              "isHook": false,
              "skipped": false
            },
            {
              "title": "Verifica se a altura do board é 50 quando um valor maior é colocado no input",
              "fullTitle": "11 - Limite o tamanho mínimo e máximo do board. Verifica se a altura do board é 50 quando um valor maior é colocado no input",
              "timedOut": null,
              "duration": 4159,
              "state": "failed",
              "speed": null,
              "pass": false,
              "fail": true,
              "pending": false,
              "context": null,
              "code": "cy.get('#board-size').clear().type(51);\ncy.get('#generate-board').click();\ncy.get('.pixel').should('have.length', 2500);",
              "err": {
                "message": "AssertionError: Timed out retrying: Expected to find element: `#board-size`, but never found it.",
                "estack": "AssertionError: Timed out retrying: Expected to find element: `#board-size`, but never found it.\n    at Context.eval (http://localhost:45153/__cypress/tests?p=cypress/integration/project.spec.js:375:8)",
                "diff": null
              },
              "uuid": "b3b29f1e-6e59-49c4-8ec2-9575092a2f89",
              "parentUUID": "518c6cc8-3295-436d-82e8-a1381c950694",
              "isHook": false,
              "skipped": false
            }
          ],
          "suites": [],
          "passes": [],
          "failures": [
            "305f28bd-9148-4a8c-8568-4d10a753ef73",
            "5ad897a1-02a9-4bfa-80aa-b0d0bc7a3f4a",
            "b3b29f1e-6e59-49c4-8ec2-9575092a2f89"
          ],
          "pending": [],
          "skipped": [],
          "duration": 12491,
          "root": false,
          "rootEmpty": false,
          "_timeout": 2000
        },
        {
          "uuid": "d93ef1a0-a125-4c3e-9a72-e980ab6751a6",
          "title": "12 - Faça com que as cores da paleta sejam geradas aleatoriamente ao carregar a página.",
          "fullFile": "",
          "file": "",
          "beforeHooks": [],
          "afterHooks": [],
          "tests": [
            {
              "title": "Verifica se as cores geradas na paleta são diferentes a cada carregamento da página",
              "fullTitle": "12 - Faça com que as cores da paleta sejam geradas aleatoriamente ao carregar a página. Verifica se as cores geradas na paleta são diferentes a cada carregamento da página",
              "timedOut": null,
              "duration": 212,
              "state": "failed",
              "speed": null,
              "pass": false,
              "fail": true,
              "pending": false,
              "context": null,
              "code": "cy.get('.color').then(function (colors) {\n  var currentColors;\n  var previousColors;\n  previousColors = Array.from(colors).map(function (color) {\n    return Cypress.$(color).css('background-color');\n  });\n  for (var i = 0; i < 5; i += 1) {\n    cy.reload();\n    cy.get('.color').then(function (colors) {\n      currentColors = Array.from(colors).map(function (color) {\n        return Cypress.$(color).css('background-color');\n      });\n      expect(currentColors).not.to.deep.equal(previousColors);\n      previousColors = currentColors;\n    });\n  }\n});",
              "err": {
                "message": "AssertionError: expected [ Array(4) ] to not deeply equal [ Array(4) ]",
                "estack": "AssertionError: expected [ Array(4) ] to not deeply equal [ Array(4) ]\n    at Context.eval (http://localhost:45153/__cypress/tests?p=cypress/integration/project.spec.js:398:45)",
                "diff": ""
              },
              "uuid": "b88d9738-c4e0-448c-bed7-807f5a8363e8",
              "parentUUID": "d93ef1a0-a125-4c3e-9a72-e980ab6751a6",
              "isHook": false,
              "skipped": false
            },
            {
              "title": "Verifica se a cor preta ainda está presente e é a primeira na sua paleta de cores",
              "fullTitle": "12 - Faça com que as cores da paleta sejam geradas aleatoriamente ao carregar a página. Verifica se a cor preta ainda está presente e é a primeira na sua paleta de cores",
              "timedOut": null,
              "duration": 154,
              "state": "failed",
              "speed": null,
              "pass": false,
              "fail": true,
              "pending": false,
              "context": null,
              "code": "cy.get('.color').then(function (colors) {\n  var currentColors;\n  var previousColors;\n  previousColors = Array.from(colors).map(function (color) {\n    return Cypress.$(color).css('background-color');\n  });\n  expect(previousColors[0]).to.eq(BLACK);\n  for (var i = 0; i < 5; i += 1) {\n    cy.reload();\n    cy.get('.color').then(function (colors) {\n      currentColors = Array.from(colors).map(function (color) {\n        return Cypress.$(color).css('background-color');\n      });\n      expect(currentColors[0]).to.eq(BLACK);\n      expect(currentColors).not.to.deep.equal(previousColors);\n      previousColors = currentColors;\n    });\n  }\n});",
              "err": {
                "message": "AssertionError: expected [ Array(4) ] to not deeply equal [ Array(4) ]",
                "estack": "AssertionError: expected [ Array(4) ] to not deeply equal [ Array(4) ]\n    at Context.eval (http://localhost:45153/__cypress/tests?p=cypress/integration/project.spec.js:420:45)",
                "diff": ""
              },
              "uuid": "ca89e487-3883-4690-9d60-1dfedb923f3c",
              "parentUUID": "d93ef1a0-a125-4c3e-9a72-e980ab6751a6",
              "isHook": false,
              "skipped": false
            }
          ],
          "suites": [],
          "passes": [],
          "failures": [
            "b88d9738-c4e0-448c-bed7-807f5a8363e8",
            "ca89e487-3883-4690-9d60-1dfedb923f3c"
          ],
          "pending": [],
          "skipped": [],
          "duration": 366,
          "root": false,
          "rootEmpty": false,
          "_timeout": 2000
        }
      ],
      "passes": [],
      "failures": [],
      "pending": [],
      "skipped": [],
      "duration": 0,
      "root": true,
      "rootEmpty": true,
      "_timeout": 2000
    }
  ],
  "meta": {
    "mocha": {
      "version": "7.0.1"
    },
    "mochawesome": {
      "options": {
        "quiet": false,
        "reportFilename": "mochawesome",
        "saveHtml": false,
        "saveJson": true,
        "consoleReporter": "spec",
        "useInlineDiffs": false
      },
      "version": "4.1.0"
    },
    "marge": {
      "options": {
        "id": "default",
        "reportDir": "cypress/reports",
        "overwrite": true,
        "html": false,
        "json": true
      },
      "version": "4.1.0"
    }
  }
}