{
  "stats": {
    "suites": 12,
    "tests": 41,
    "passes": 10,
    "pending": 0,
    "failures": 31,
    "start": "2021-08-13T19:31:32.629Z",
    "end": "2021-08-13T19:34:05.320Z",
    "duration": 152691,
    "testsRegistered": 41,
    "passPercent": 24.390243902439025,
    "pendingPercent": 0,
    "other": 0,
    "hasOther": false,
    "skipped": 0,
    "hasSkipped": false
  },
  "results": [
    {
      "uuid": "7971d0c1-bd86-42a2-8e63-3a912ec9ace9",
      "title": "",
      "fullFile": "cypress/integration/project.spec.js",
      "file": "cypress/integration/project.spec.js",
      "beforeHooks": [],
      "afterHooks": [],
      "tests": [],
      "suites": [
        {
          "uuid": "7d9b9bb1-1eee-4aa1-ae43-73106f909a7f",
          "title": "1 - Adicione à página o título \"Paleta de Cores\".",
          "fullFile": "",
          "file": "",
          "beforeHooks": [],
          "afterHooks": [],
          "tests": [
            {
              "title": "Verifica se contém um elemento `h1` com o id `title` com o título correto",
              "fullTitle": "1 - Adicione à página o título \"Paleta de Cores\". Verifica se contém um elemento `h1` com o id `title` com o título correto",
              "timedOut": null,
              "duration": 979,
              "state": "passed",
              "speed": "slow",
              "pass": true,
              "fail": false,
              "pending": false,
              "context": null,
              "code": "cy.get('h1#title').should('contain.text', 'Paleta de Cores');",
              "err": {},
              "uuid": "bf45bab1-1dd9-4c7c-a8ba-2c075916ba83",
              "parentUUID": "7d9b9bb1-1eee-4aa1-ae43-73106f909a7f",
              "isHook": false,
              "skipped": false
            }
          ],
          "suites": [],
          "passes": [
            "bf45bab1-1dd9-4c7c-a8ba-2c075916ba83"
          ],
          "failures": [],
          "pending": [],
          "skipped": [],
          "duration": 979,
          "root": false,
          "rootEmpty": false,
          "_timeout": 2000
        },
        {
          "uuid": "e89e4b0a-9e8f-4afa-9d5a-d8dac320cf15",
          "title": "2 - Adicione à página uma paleta de quatro cores distintas.",
          "fullFile": "",
          "file": "",
          "beforeHooks": [],
          "afterHooks": [],
          "tests": [
            {
              "title": "A paleta de cores deve ser um elemento com `id` denominado `color-palette`",
              "fullTitle": "2 - Adicione à página uma paleta de quatro cores distintas. A paleta de cores deve ser um elemento com `id` denominado `color-palette`",
              "timedOut": null,
              "duration": 474,
              "state": "passed",
              "speed": "slow",
              "pass": true,
              "fail": false,
              "pending": false,
              "context": null,
              "code": "cy.get('#color-palette').should('be.visible');",
              "err": {},
              "uuid": "88555ef5-b99e-426e-8038-fdc8a3783cc8",
              "parentUUID": "e89e4b0a-9e8f-4afa-9d5a-d8dac320cf15",
              "isHook": false,
              "skipped": false
            },
            {
              "title": "Verifica se cada cor individual da paleta de cores possui a `classe` chamada `color`.",
              "fullTitle": "2 - Adicione à página uma paleta de quatro cores distintas. Verifica se cada cor individual da paleta de cores possui a `classe` chamada `color`.",
              "timedOut": null,
              "duration": 670,
              "state": "passed",
              "speed": "slow",
              "pass": true,
              "fail": false,
              "pending": false,
              "context": null,
              "code": "cy.get('.color').should('have.length', 4).then(function (colors) {\n  for (var i = 0; i < colors.length; i++) {\n    cy.wrap(colors[i]).should('be.visible');\n  }\n});",
              "err": {},
              "uuid": "bb2a0c5b-6b05-485a-a568-a7973449c941",
              "parentUUID": "e89e4b0a-9e8f-4afa-9d5a-d8dac320cf15",
              "isHook": false,
              "skipped": false
            },
            {
              "title": "Verifica se a cor de fundo de cada elemento da paleta é a cor que o elemento representa. **A única cor não permitida na paleta é a cor branca.**",
              "fullTitle": "2 - Adicione à página uma paleta de quatro cores distintas. Verifica se a cor de fundo de cada elemento da paleta é a cor que o elemento representa. **A única cor não permitida na paleta é a cor branca.**",
              "timedOut": null,
              "duration": 549,
              "state": "passed",
              "speed": "slow",
              "pass": true,
              "fail": false,
              "pending": false,
              "context": null,
              "code": "cy.get('.color').each(function (color) {\n  cy.wrap(color).should('have.class', 'color').and('not.have.css', 'background-color', WHITE);\n  cy.wrap(color).should('have.css', 'background-color');\n});",
              "err": {},
              "uuid": "c67c89c3-7aa2-4b99-b104-70aa47debed2",
              "parentUUID": "e89e4b0a-9e8f-4afa-9d5a-d8dac320cf15",
              "isHook": false,
              "skipped": false
            },
            {
              "title": "Verifica se cada elemento da paleta de cores tem uma borda preta, sólida e com 1 pixel de largura;",
              "fullTitle": "2 - Adicione à página uma paleta de quatro cores distintas. Verifica se cada elemento da paleta de cores tem uma borda preta, sólida e com 1 pixel de largura;",
              "timedOut": null,
              "duration": 440,
              "state": "passed",
              "speed": "slow",
              "pass": true,
              "fail": false,
              "pending": false,
              "context": null,
              "code": "cy.get('.color').each(function (color) {\n  cy.wrap(color).and('have.css', 'border', \"1px solid \".concat(BLACK)).and('have.class', 'color');\n});",
              "err": {},
              "uuid": "77e5c721-2913-435e-acca-6fcb79bca3e6",
              "parentUUID": "e89e4b0a-9e8f-4afa-9d5a-d8dac320cf15",
              "isHook": false,
              "skipped": false
            },
            {
              "title": "Verifica se a paleta lista todas as cores disponíveis para utilização, lado a lado.",
              "fullTitle": "2 - Adicione à página uma paleta de quatro cores distintas. Verifica se a paleta lista todas as cores disponíveis para utilização, lado a lado.",
              "timedOut": null,
              "duration": 273,
              "state": "passed",
              "speed": "slow",
              "pass": true,
              "fail": false,
              "pending": false,
              "context": null,
              "code": "cy.get('.color').then(function (colors) {\n  for (var index = 1; index < colors.length; index += 1) {\n    var currentColor = colors[index];\n    var previousColor = colors[index - 1];\n    cy.wrap(currentColor).should('be.onTheRightOf', previousColor).and('be.horizontallyAlignedWith', previousColor);\n  }\n});",
              "err": {},
              "uuid": "924b10aa-f6d8-4662-a1a4-9e9f5b9eece7",
              "parentUUID": "e89e4b0a-9e8f-4afa-9d5a-d8dac320cf15",
              "isHook": false,
              "skipped": false
            },
            {
              "title": "Verifica se a paleta de cores está posicionada abaixo do título 'Paleta de Cores'",
              "fullTitle": "2 - Adicione à página uma paleta de quatro cores distintas. Verifica se a paleta de cores está posicionada abaixo do título 'Paleta de Cores'",
              "timedOut": null,
              "duration": 478,
              "state": "passed",
              "speed": "slow",
              "pass": true,
              "fail": false,
              "pending": false,
              "context": null,
              "code": "cy.get('h1#title').then(function (title) {\n  cy.get('#color-palette').should('be.belowOf', title);\n});",
              "err": {},
              "uuid": "be608932-465c-4a81-bb67-55165bf03b11",
              "parentUUID": "e89e4b0a-9e8f-4afa-9d5a-d8dac320cf15",
              "isHook": false,
              "skipped": false
            },
            {
              "title": "Verifica se a paleta de cores não contém cores repetidas.",
              "fullTitle": "2 - Adicione à página uma paleta de quatro cores distintas. Verifica se a paleta de cores não contém cores repetidas.",
              "timedOut": null,
              "duration": 285,
              "state": "passed",
              "speed": "slow",
              "pass": true,
              "fail": false,
              "pending": false,
              "context": null,
              "code": "cy.get('.color').then(function (colors) {\n  var allColors = Array.from(colors).map(function (color) {\n    return Cypress.$(color).css('background-color');\n  });\n  cy.log(allColors);\n  var uniqColors = (0, _toConsumableArray2[\"default\"])(new Set(allColors));\n  cy.log(uniqColors);\n  expect(allColors.length).to.eq(uniqColors.length);\n});",
              "err": {},
              "uuid": "3ae8d5ac-b365-4804-8793-c416ec7a2b76",
              "parentUUID": "e89e4b0a-9e8f-4afa-9d5a-d8dac320cf15",
              "isHook": false,
              "skipped": false
            }
          ],
          "suites": [],
          "passes": [
            "88555ef5-b99e-426e-8038-fdc8a3783cc8",
            "bb2a0c5b-6b05-485a-a568-a7973449c941",
            "c67c89c3-7aa2-4b99-b104-70aa47debed2",
            "77e5c721-2913-435e-acca-6fcb79bca3e6",
            "924b10aa-f6d8-4662-a1a4-9e9f5b9eece7",
            "be608932-465c-4a81-bb67-55165bf03b11",
            "3ae8d5ac-b365-4804-8793-c416ec7a2b76"
          ],
          "failures": [],
          "pending": [],
          "skipped": [],
          "duration": 3169,
          "root": false,
          "rootEmpty": false,
          "_timeout": 2000
        },
        {
          "uuid": "18feb6a4-62d2-450c-b54a-99a6c8f8ec6a",
          "title": "3 - Adicione a cor **preta** como a primeira cor da paleta de cores.",
          "fullFile": "",
          "file": "",
          "beforeHooks": [],
          "afterHooks": [],
          "tests": [
            {
              "title": "Verifica se a primeira cor da paleta é preta",
              "fullTitle": "3 - Adicione a cor **preta** como a primeira cor da paleta de cores. Verifica se a primeira cor da paleta é preta",
              "timedOut": null,
              "duration": 4655,
              "state": "failed",
              "speed": null,
              "pass": false,
              "fail": true,
              "pending": false,
              "context": null,
              "code": "cy.get('.color').first().should('have.css', 'background-color', BLACK);",
              "err": {
                "message": "CypressError: Timed out retrying: expected '<div.color>' to have CSS property 'background-color' with the value 'rgb(0, 0, 0)', but the value was 'rgb(0, 0, 255)'",
                "estack": "CypressError: Timed out retrying: expected '<div.color>' to have CSS property 'background-color' with the value 'rgb(0, 0, 0)', but the value was 'rgb(0, 0, 255)'\n    at cypressErr (http://localhost:53101/__cypress/runner/cypress_runner.js:149934:9)\n    at throwErr (http://localhost:53101/__cypress/runner/cypress_runner.js:149867:11)\n    at Object.throwErrByPath (http://localhost:53101/__cypress/runner/cypress_runner.js:149915:3)\n    at retry (http://localhost:53101/__cypress/runner/cypress_runner.js:144197:19)\n    at onFailFn (http://localhost:53101/__cypress/runner/cypress_runner.js:132448:16)\n    at tryCatcher (http://localhost:53101/__cypress/runner/cypress_runner.js:167415:23)\n    at Promise._settlePromiseFromHandler (http://localhost:53101/__cypress/runner/cypress_runner.js:165351:31)\n    at Promise._settlePromise (http://localhost:53101/__cypress/runner/cypress_runner.js:165408:18)\n    at Promise._settlePromise0 (http://localhost:53101/__cypress/runner/cypress_runner.js:165453:10)\n    at Promise._settlePromises (http://localhost:53101/__cypress/runner/cypress_runner.js:165528:18)\n    at Async../node_modules/bluebird/js/release/async.js.Async._drainQueue (http://localhost:53101/__cypress/runner/cypress_runner.js:162140:16)\n    at Async../node_modules/bluebird/js/release/async.js.Async._drainQueues (http://localhost:53101/__cypress/runner/cypress_runner.js:162150:10)\n    at Async.drainQueues (http://localhost:53101/__cypress/runner/cypress_runner.js:162024:14)",
                "diff": null
              },
              "uuid": "91f0f36e-9b62-48b8-b30c-9df8c46ef637",
              "parentUUID": "18feb6a4-62d2-450c-b54a-99a6c8f8ec6a",
              "isHook": false,
              "skipped": false
            },
            {
              "title": "Verifica se as demais cores podem ser escolhidas livremente.",
              "fullTitle": "3 - Adicione a cor **preta** como a primeira cor da paleta de cores. Verifica se as demais cores podem ser escolhidas livremente.",
              "timedOut": null,
              "duration": 1072,
              "state": "passed",
              "speed": "slow",
              "pass": true,
              "fail": false,
              "pending": false,
              "context": null,
              "code": "cy.get('.color').eq(1).should('not.have.css', 'background-color', BLACK);\ncy.get('.color').eq(1).should('not.have.css', 'background-color', WHITE);\ncy.get('.color').eq(1).should('not.have.css', 'background-color', 'rgba(0, 0, 0, 0)');\ncy.get('.color').eq(1).should('have.css', 'background-color');\ncy.get('.color').eq(2).should('not.have.css', 'background-color', BLACK);\ncy.get('.color').eq(2).should('not.have.css', 'background-color', WHITE);\ncy.get('.color').eq(2).should('not.have.css', 'background-color', 'rgba(0, 0, 0, 0)');\ncy.get('.color').eq(2).should('have.css', 'background-color');\ncy.get('.color').eq(3).should('not.have.css', 'background-color', BLACK);\ncy.get('.color').eq(3).should('not.have.css', 'background-color', WHITE);\ncy.get('.color').eq(3).should('not.have.css', 'background-color', 'rgba(0, 0, 0, 0)');\ncy.get('.color').eq(3).should('have.css', 'background-color');",
              "err": {},
              "uuid": "5948f6ec-e394-4d55-a03b-5b544ba111ac",
              "parentUUID": "18feb6a4-62d2-450c-b54a-99a6c8f8ec6a",
              "isHook": false,
              "skipped": false
            }
          ],
          "suites": [],
          "passes": [
            "5948f6ec-e394-4d55-a03b-5b544ba111ac"
          ],
          "failures": [
            "91f0f36e-9b62-48b8-b30c-9df8c46ef637"
          ],
          "pending": [],
          "skipped": [],
          "duration": 5727,
          "root": false,
          "rootEmpty": false,
          "_timeout": 2000
        },
        {
          "uuid": "92dd33a8-837a-42a3-b5c3-42e37ac80360",
          "title": "4 - Adicione à página um quadro de pixels, com 25 pixels.",
          "fullFile": "",
          "file": "",
          "beforeHooks": [],
          "afterHooks": [],
          "tests": [
            {
              "title": "Verifica se o quadro de pixels possui o `id` denominado `pixel-board`",
              "fullTitle": "4 - Adicione à página um quadro de pixels, com 25 pixels. Verifica se o quadro de pixels possui o `id` denominado `pixel-board`",
              "timedOut": null,
              "duration": 4810,
              "state": "failed",
              "speed": null,
              "pass": false,
              "fail": true,
              "pending": false,
              "context": null,
              "code": "cy.get('#pixel-board').should('be.visible');",
              "err": {
                "message": "CypressError: Timed out retrying: Expected to find element: '#pixel-board', but never found it.",
                "estack": "CypressError: Timed out retrying: Expected to find element: '#pixel-board', but never found it.\n    at cypressErr (http://localhost:53101/__cypress/runner/cypress_runner.js:149934:9)\n    at throwErr (http://localhost:53101/__cypress/runner/cypress_runner.js:149867:11)\n    at Object.throwErrByPath (http://localhost:53101/__cypress/runner/cypress_runner.js:149915:3)\n    at retry (http://localhost:53101/__cypress/runner/cypress_runner.js:144197:19)\n    at onFailFn (http://localhost:53101/__cypress/runner/cypress_runner.js:132448:16)\n    at tryCatcher (http://localhost:53101/__cypress/runner/cypress_runner.js:167415:23)\n    at Promise._settlePromiseFromHandler (http://localhost:53101/__cypress/runner/cypress_runner.js:165351:31)\n    at Promise._settlePromise (http://localhost:53101/__cypress/runner/cypress_runner.js:165408:18)\n    at Promise._settlePromise0 (http://localhost:53101/__cypress/runner/cypress_runner.js:165453:10)\n    at Promise._settlePromises (http://localhost:53101/__cypress/runner/cypress_runner.js:165528:18)\n    at Async../node_modules/bluebird/js/release/async.js.Async._drainQueue (http://localhost:53101/__cypress/runner/cypress_runner.js:162140:16)\n    at Async../node_modules/bluebird/js/release/async.js.Async._drainQueues (http://localhost:53101/__cypress/runner/cypress_runner.js:162150:10)\n    at Async.drainQueues (http://localhost:53101/__cypress/runner/cypress_runner.js:162024:14)",
                "diff": null
              },
              "uuid": "e0dd221c-e30e-441d-8e03-0b78dcee4d35",
              "parentUUID": "92dd33a8-837a-42a3-b5c3-42e37ac80360",
              "isHook": false,
              "skipped": false
            },
            {
              "title": "Verifica se cada pixel individual dentro do quadro possui a `classe` denominada `pixel`.",
              "fullTitle": "4 - Adicione à página um quadro de pixels, com 25 pixels. Verifica se cada pixel individual dentro do quadro possui a `classe` denominada `pixel`.",
              "timedOut": null,
              "duration": 4941,
              "state": "failed",
              "speed": null,
              "pass": false,
              "fail": true,
              "pending": false,
              "context": null,
              "code": "cy.get('.pixel').should('have.length', 25);",
              "err": {
                "message": "CypressError: Timed out retrying: Expected to find element: '.pixel', but never found it.",
                "estack": "CypressError: Timed out retrying: Expected to find element: '.pixel', but never found it.\n    at cypressErr (http://localhost:53101/__cypress/runner/cypress_runner.js:149934:9)\n    at throwErr (http://localhost:53101/__cypress/runner/cypress_runner.js:149867:11)\n    at Object.throwErrByPath (http://localhost:53101/__cypress/runner/cypress_runner.js:149915:3)\n    at retry (http://localhost:53101/__cypress/runner/cypress_runner.js:144197:19)\n    at onFailFn (http://localhost:53101/__cypress/runner/cypress_runner.js:132448:16)\n    at tryCatcher (http://localhost:53101/__cypress/runner/cypress_runner.js:167415:23)\n    at Promise._settlePromiseFromHandler (http://localhost:53101/__cypress/runner/cypress_runner.js:165351:31)\n    at Promise._settlePromise (http://localhost:53101/__cypress/runner/cypress_runner.js:165408:18)\n    at Promise._settlePromise0 (http://localhost:53101/__cypress/runner/cypress_runner.js:165453:10)\n    at Promise._settlePromises (http://localhost:53101/__cypress/runner/cypress_runner.js:165528:18)\n    at Async../node_modules/bluebird/js/release/async.js.Async._drainQueue (http://localhost:53101/__cypress/runner/cypress_runner.js:162140:16)\n    at Async../node_modules/bluebird/js/release/async.js.Async._drainQueues (http://localhost:53101/__cypress/runner/cypress_runner.js:162150:10)\n    at Async.drainQueues (http://localhost:53101/__cypress/runner/cypress_runner.js:162024:14)",
                "diff": null
              },
              "uuid": "254b5992-dc1b-49be-9c88-67abd74c78c3",
              "parentUUID": "92dd33a8-837a-42a3-b5c3-42e37ac80360",
              "isHook": false,
              "skipped": false
            },
            {
              "title": "Verifica se a cor inicial dos pixels dentro do quadro, ao abrir a página, é branca.",
              "fullTitle": "4 - Adicione à página um quadro de pixels, com 25 pixels. Verifica se a cor inicial dos pixels dentro do quadro, ao abrir a página, é branca.",
              "timedOut": null,
              "duration": 5091,
              "state": "failed",
              "speed": null,
              "pass": false,
              "fail": true,
              "pending": false,
              "context": null,
              "code": "cy.get('.pixel').should('have.length', 25).each(function (pixel) {\n  expect(pixel).to.have.css('background-color', WHITE);\n});",
              "err": {
                "message": "CypressError: Timed out retrying: Expected to find element: '.pixel', but never found it.",
                "estack": "CypressError: Timed out retrying: Expected to find element: '.pixel', but never found it.\n    at cypressErr (http://localhost:53101/__cypress/runner/cypress_runner.js:149934:9)\n    at throwErr (http://localhost:53101/__cypress/runner/cypress_runner.js:149867:11)\n    at Object.throwErrByPath (http://localhost:53101/__cypress/runner/cypress_runner.js:149915:3)\n    at retry (http://localhost:53101/__cypress/runner/cypress_runner.js:144197:19)\n    at onFailFn (http://localhost:53101/__cypress/runner/cypress_runner.js:132448:16)\n    at tryCatcher (http://localhost:53101/__cypress/runner/cypress_runner.js:167415:23)\n    at Promise._settlePromiseFromHandler (http://localhost:53101/__cypress/runner/cypress_runner.js:165351:31)\n    at Promise._settlePromise (http://localhost:53101/__cypress/runner/cypress_runner.js:165408:18)\n    at Promise._settlePromise0 (http://localhost:53101/__cypress/runner/cypress_runner.js:165453:10)\n    at Promise._settlePromises (http://localhost:53101/__cypress/runner/cypress_runner.js:165528:18)\n    at Async../node_modules/bluebird/js/release/async.js.Async._drainQueue (http://localhost:53101/__cypress/runner/cypress_runner.js:162140:16)\n    at Async../node_modules/bluebird/js/release/async.js.Async._drainQueues (http://localhost:53101/__cypress/runner/cypress_runner.js:162150:10)\n    at Async.drainQueues (http://localhost:53101/__cypress/runner/cypress_runner.js:162024:14)",
                "diff": null
              },
              "uuid": "0cfe9abc-5582-40b5-84b1-a4ed00150c01",
              "parentUUID": "92dd33a8-837a-42a3-b5c3-42e37ac80360",
              "isHook": false,
              "skipped": false
            },
            {
              "title": "Verifica se o quadro de pixels aparece abaixo da paleta de cores",
              "fullTitle": "4 - Adicione à página um quadro de pixels, com 25 pixels. Verifica se o quadro de pixels aparece abaixo da paleta de cores",
              "timedOut": null,
              "duration": 4817,
              "state": "failed",
              "speed": null,
              "pass": false,
              "fail": true,
              "pending": false,
              "context": null,
              "code": "cy.get('#color-palette').then(function (palette) {\n  cy.get('#pixel-board').should('be.belowOf', palette);\n});",
              "err": {
                "message": "CypressError: Timed out retrying: Expected to find element: '#pixel-board', but never found it.",
                "estack": "CypressError: Timed out retrying: Expected to find element: '#pixel-board', but never found it.\n    at cypressErr (http://localhost:53101/__cypress/runner/cypress_runner.js:149934:9)\n    at throwErr (http://localhost:53101/__cypress/runner/cypress_runner.js:149867:11)\n    at Object.throwErrByPath (http://localhost:53101/__cypress/runner/cypress_runner.js:149915:3)\n    at retry (http://localhost:53101/__cypress/runner/cypress_runner.js:144197:19)\n    at onFailFn (http://localhost:53101/__cypress/runner/cypress_runner.js:132448:16)\n    at tryCatcher (http://localhost:53101/__cypress/runner/cypress_runner.js:167415:23)\n    at Promise._settlePromiseFromHandler (http://localhost:53101/__cypress/runner/cypress_runner.js:165351:31)\n    at Promise._settlePromise (http://localhost:53101/__cypress/runner/cypress_runner.js:165408:18)\n    at Promise._settlePromise0 (http://localhost:53101/__cypress/runner/cypress_runner.js:165453:10)\n    at Promise._settlePromises (http://localhost:53101/__cypress/runner/cypress_runner.js:165528:18)\n    at Async../node_modules/bluebird/js/release/async.js.Async._drainQueue (http://localhost:53101/__cypress/runner/cypress_runner.js:162140:16)\n    at Async../node_modules/bluebird/js/release/async.js.Async._drainQueues (http://localhost:53101/__cypress/runner/cypress_runner.js:162150:10)\n    at Async.drainQueues (http://localhost:53101/__cypress/runner/cypress_runner.js:162024:14)",
                "diff": null
              },
              "uuid": "bab62d6e-4478-43c9-89eb-542349874eee",
              "parentUUID": "92dd33a8-837a-42a3-b5c3-42e37ac80360",
              "isHook": false,
              "skipped": false
            }
          ],
          "suites": [],
          "passes": [],
          "failures": [
            "e0dd221c-e30e-441d-8e03-0b78dcee4d35",
            "254b5992-dc1b-49be-9c88-67abd74c78c3",
            "0cfe9abc-5582-40b5-84b1-a4ed00150c01",
            "bab62d6e-4478-43c9-89eb-542349874eee"
          ],
          "pending": [],
          "skipped": [],
          "duration": 19659,
          "root": false,
          "rootEmpty": false,
          "_timeout": 2000
        },
        {
          "uuid": "907d4ae4-9037-48c6-8da6-33f1f1aea3bf",
          "title": "5 - Faça com que cada elemento do quadro de pixels possua 40 pixels de largura, 40 pixels de altura e seja delimitado por uma borda preta de 1 pixel.",
          "fullFile": "",
          "file": "",
          "beforeHooks": [],
          "afterHooks": [],
          "tests": [
            {
              "title": "Verifica se o quadro de pixels tem altura e comprimento de 5 elementos",
              "fullTitle": "5 - Faça com que cada elemento do quadro de pixels possua 40 pixels de largura, 40 pixels de altura e seja delimitado por uma borda preta de 1 pixel. Verifica se o quadro de pixels tem altura e comprimento de 5 elementos",
              "timedOut": null,
              "duration": 4945,
              "state": "failed",
              "speed": null,
              "pass": false,
              "fail": true,
              "pending": false,
              "context": null,
              "code": "cy.get('.pixel').should('have.length', 25).each(function (pixel) {\n  expect(pixel).to.have.css('background-color', WHITE);\n}).and(function (pixels) {\n  var rows = chunk(pixels, 5);\n  rows.forEach(function (row) {\n    for (var index = 1; index < row.length; index += 1) {\n      var current = pixels[index];\n      var previous = pixels[index - 1];\n      cy.wrap(current).should('be.onTheRightOf', previous).and('be.horizontallyAlignedWith', previous);\n    }\n  });\n  for (var index = 1; index < 5; index += 1) {\n    expect(pixels[index * 5]).to.be.belowOf(pixels[(index - 1) * 5]);\n  }\n});",
              "err": {
                "message": "CypressError: Timed out retrying: Expected to find element: '.pixel', but never found it.",
                "estack": "CypressError: Timed out retrying: Expected to find element: '.pixel', but never found it.\n    at cypressErr (http://localhost:53101/__cypress/runner/cypress_runner.js:149934:9)\n    at throwErr (http://localhost:53101/__cypress/runner/cypress_runner.js:149867:11)\n    at Object.throwErrByPath (http://localhost:53101/__cypress/runner/cypress_runner.js:149915:3)\n    at retry (http://localhost:53101/__cypress/runner/cypress_runner.js:144197:19)\n    at onFailFn (http://localhost:53101/__cypress/runner/cypress_runner.js:132448:16)\n    at tryCatcher (http://localhost:53101/__cypress/runner/cypress_runner.js:167415:23)\n    at Promise._settlePromiseFromHandler (http://localhost:53101/__cypress/runner/cypress_runner.js:165351:31)\n    at Promise._settlePromise (http://localhost:53101/__cypress/runner/cypress_runner.js:165408:18)\n    at Promise._settlePromise0 (http://localhost:53101/__cypress/runner/cypress_runner.js:165453:10)\n    at Promise._settlePromises (http://localhost:53101/__cypress/runner/cypress_runner.js:165528:18)\n    at Async../node_modules/bluebird/js/release/async.js.Async._drainQueue (http://localhost:53101/__cypress/runner/cypress_runner.js:162140:16)\n    at Async../node_modules/bluebird/js/release/async.js.Async._drainQueues (http://localhost:53101/__cypress/runner/cypress_runner.js:162150:10)\n    at Async.drainQueues (http://localhost:53101/__cypress/runner/cypress_runner.js:162024:14)",
                "diff": null
              },
              "uuid": "02b79d68-b346-4b9f-9b16-57607f1503b8",
              "parentUUID": "907d4ae4-9037-48c6-8da6-33f1f1aea3bf",
              "isHook": false,
              "skipped": false
            },
            {
              "title": "Verifica se 40 pixels é o tamanho total do elemento, incluindo seu conteúdo e excluindo a borda preta, que deve ser criada à parte.",
              "fullTitle": "5 - Faça com que cada elemento do quadro de pixels possua 40 pixels de largura, 40 pixels de altura e seja delimitado por uma borda preta de 1 pixel. Verifica se 40 pixels é o tamanho total do elemento, incluindo seu conteúdo e excluindo a borda preta, que deve ser criada à parte.",
              "timedOut": null,
              "duration": 5313,
              "state": "failed",
              "speed": null,
              "pass": false,
              "fail": true,
              "pending": false,
              "context": null,
              "code": "cy.get('.pixel').each(function (pixel) {\n  cy.wrap(pixel).should('have.css', 'height', '40px').and('have.css', 'width', '40px').and('have.css', 'border', \"1px solid \".concat(BLACK));\n});",
              "err": {
                "message": "CypressError: Timed out retrying: Expected to find element: '.pixel', but never found it.",
                "estack": "CypressError: Timed out retrying: Expected to find element: '.pixel', but never found it.\n    at cypressErr (http://localhost:53101/__cypress/runner/cypress_runner.js:149934:9)\n    at throwErr (http://localhost:53101/__cypress/runner/cypress_runner.js:149867:11)\n    at Object.throwErrByPath (http://localhost:53101/__cypress/runner/cypress_runner.js:149915:3)\n    at retry (http://localhost:53101/__cypress/runner/cypress_runner.js:144197:19)\n    at onFailFn (http://localhost:53101/__cypress/runner/cypress_runner.js:132448:16)\n    at tryCatcher (http://localhost:53101/__cypress/runner/cypress_runner.js:167415:23)\n    at Promise._settlePromiseFromHandler (http://localhost:53101/__cypress/runner/cypress_runner.js:165351:31)\n    at Promise._settlePromise (http://localhost:53101/__cypress/runner/cypress_runner.js:165408:18)\n    at Promise._settlePromise0 (http://localhost:53101/__cypress/runner/cypress_runner.js:165453:10)\n    at Promise._settlePromises (http://localhost:53101/__cypress/runner/cypress_runner.js:165528:18)\n    at Async../node_modules/bluebird/js/release/async.js.Async._drainQueue (http://localhost:53101/__cypress/runner/cypress_runner.js:162140:16)\n    at Async../node_modules/bluebird/js/release/async.js.Async._drainQueues (http://localhost:53101/__cypress/runner/cypress_runner.js:162150:10)\n    at Async.drainQueues (http://localhost:53101/__cypress/runner/cypress_runner.js:162024:14)",
                "diff": null
              },
              "uuid": "a9f9cf0a-693d-45ea-9609-4b3b6f9620de",
              "parentUUID": "907d4ae4-9037-48c6-8da6-33f1f1aea3bf",
              "isHook": false,
              "skipped": false
            }
          ],
          "suites": [],
          "passes": [],
          "failures": [
            "02b79d68-b346-4b9f-9b16-57607f1503b8",
            "a9f9cf0a-693d-45ea-9609-4b3b6f9620de"
          ],
          "pending": [],
          "skipped": [],
          "duration": 10258,
          "root": false,
          "rootEmpty": false,
          "_timeout": 2000
        },
        {
          "uuid": "e9bd4c1b-0303-4878-bb9c-5a02e8cd5093",
          "title": "6 - Defina a cor preta como cor inicial. Ao carregar a página a cor preta já deve estar selecionada para pintar os pixels",
          "fullFile": "",
          "file": "",
          "beforeHooks": [],
          "afterHooks": [],
          "tests": [
            {
              "title": "Verifica se o elemento da cor preta possui, inicialmente, a `classe` `selected`",
              "fullTitle": "6 - Defina a cor preta como cor inicial. Ao carregar a página a cor preta já deve estar selecionada para pintar os pixels Verifica se o elemento da cor preta possui, inicialmente, a `classe` `selected`",
              "timedOut": null,
              "duration": 4815,
              "state": "failed",
              "speed": null,
              "pass": false,
              "fail": true,
              "pending": false,
              "context": null,
              "code": "cy.get('.selected').first().should('have.css', 'background-color', BLACK);",
              "err": {
                "message": "CypressError: Timed out retrying: Expected to find element: '.selected', but never found it.",
                "estack": "CypressError: Timed out retrying: Expected to find element: '.selected', but never found it.\n    at cypressErr (http://localhost:53101/__cypress/runner/cypress_runner.js:149934:9)\n    at throwErr (http://localhost:53101/__cypress/runner/cypress_runner.js:149867:11)\n    at Object.throwErrByPath (http://localhost:53101/__cypress/runner/cypress_runner.js:149915:3)\n    at retry (http://localhost:53101/__cypress/runner/cypress_runner.js:144197:19)\n    at onFailFn (http://localhost:53101/__cypress/runner/cypress_runner.js:132448:16)\n    at tryCatcher (http://localhost:53101/__cypress/runner/cypress_runner.js:167415:23)\n    at Promise._settlePromiseFromHandler (http://localhost:53101/__cypress/runner/cypress_runner.js:165351:31)\n    at Promise._settlePromise (http://localhost:53101/__cypress/runner/cypress_runner.js:165408:18)\n    at Promise._settlePromise0 (http://localhost:53101/__cypress/runner/cypress_runner.js:165453:10)\n    at Promise._settlePromises (http://localhost:53101/__cypress/runner/cypress_runner.js:165528:18)\n    at Async../node_modules/bluebird/js/release/async.js.Async._drainQueue (http://localhost:53101/__cypress/runner/cypress_runner.js:162140:16)\n    at Async../node_modules/bluebird/js/release/async.js.Async._drainQueues (http://localhost:53101/__cypress/runner/cypress_runner.js:162150:10)\n    at Async.drainQueues (http://localhost:53101/__cypress/runner/cypress_runner.js:162024:14)",
                "diff": null
              },
              "uuid": "1e43e603-a6c0-4fbf-932d-59c4642f1398",
              "parentUUID": "e9bd4c1b-0303-4878-bb9c-5a02e8cd5093",
              "isHook": false,
              "skipped": false
            },
            {
              "title": "Verifica se nenhuma outra cor da paleta tem a `classe` `selected`",
              "fullTitle": "6 - Defina a cor preta como cor inicial. Ao carregar a página a cor preta já deve estar selecionada para pintar os pixels Verifica se nenhuma outra cor da paleta tem a `classe` `selected`",
              "timedOut": null,
              "duration": 393,
              "state": "passed",
              "speed": "slow",
              "pass": true,
              "fail": false,
              "pending": false,
              "context": null,
              "code": "cy.get('.color:not(:first-child)').each(function (color) {\n  cy.wrap(color).should('not.have.class', 'selected');\n});",
              "err": {},
              "uuid": "fa405117-be70-42fc-8192-c38652115b82",
              "parentUUID": "e9bd4c1b-0303-4878-bb9c-5a02e8cd5093",
              "isHook": false,
              "skipped": false
            }
          ],
          "suites": [],
          "passes": [
            "fa405117-be70-42fc-8192-c38652115b82"
          ],
          "failures": [
            "1e43e603-a6c0-4fbf-932d-59c4642f1398"
          ],
          "pending": [],
          "skipped": [],
          "duration": 5208,
          "root": false,
          "rootEmpty": false,
          "_timeout": 2000
        },
        {
          "uuid": "3949f93a-1fc8-4066-b383-c06a038fc399",
          "title": "7 - Clicar em uma das cores da paleta, faz com que ela seja selecionada e utilizada para preencher os pixels no quadro.",
          "fullFile": "",
          "file": "",
          "beforeHooks": [],
          "afterHooks": [],
          "tests": [
            {
              "title": "Verifica se somente uma cor da paleta de cores tem a classe `selected` de cada vez",
              "fullTitle": "7 - Clicar em uma das cores da paleta, faz com que ela seja selecionada e utilizada para preencher os pixels no quadro. Verifica se somente uma cor da paleta de cores tem a classe `selected` de cada vez",
              "timedOut": null,
              "duration": 1173,
              "state": "failed",
              "speed": null,
              "pass": false,
              "fail": true,
              "pending": false,
              "context": null,
              "code": "cy.get('.color').each(function (selectedColor, selectedColorIndex) {\n  cy.wrap(selectedColor).click();\n  cy.get('.color').each(function (color, colorIndex) {\n    if (colorIndex === selectedColorIndex) {\n      expect(color).to.have[\"class\"]('selected');\n    } else {\n      expect(color).not.to.have[\"class\"]('selected');\n    }\n  });\n});",
              "err": {
                "message": "AssertionError: expected '<div.color>' to have class 'selected'",
                "estack": "AssertionError: expected '<div.color>' to have class 'selected'\n    at callback (http://localhost:53101/__cypress/runner/cypress_runner.js:136947:20)\n    at getRet (http://localhost:53101/__cypress/runner/cypress_runner.js:136585:16)\n    at tryCatcher (http://localhost:53101/__cypress/runner/cypress_runner.js:167415:23)\n    at Function.Promise.attempt.Promise.try (http://localhost:53101/__cypress/runner/cypress_runner.js:164690:29)\n    at thenFn (http://localhost:53101/__cypress/runner/cypress_runner.js:136599:23)\n    at yieldItem (http://localhost:53101/__cypress/runner/cypress_runner.js:136954:16)\n    at tryCatcher (http://localhost:53101/__cypress/runner/cypress_runner.js:167415:23)\n    at Object.gotValue (http://localhost:53101/__cypress/runner/cypress_runner.js:166557:18)\n    at Object.gotAccum (http://localhost:53101/__cypress/runner/cypress_runner.js:166546:25)\n    at Object.tryCatcher (http://localhost:53101/__cypress/runner/cypress_runner.js:167415:23)\n    at Promise._settlePromiseFromHandler (http://localhost:53101/__cypress/runner/cypress_runner.js:165351:31)\n    at Promise._settlePromise (http://localhost:53101/__cypress/runner/cypress_runner.js:165408:18)\n    at Promise._settlePromiseCtx (http://localhost:53101/__cypress/runner/cypress_runner.js:165445:10)\n    at Async../node_modules/bluebird/js/release/async.js.Async._drainQueue (http://localhost:53101/__cypress/runner/cypress_runner.js:162145:12)\n    at Async../node_modules/bluebird/js/release/async.js.Async._drainQueues (http://localhost:53101/__cypress/runner/cypress_runner.js:162150:10)\n    at Async.drainQueues (http://localhost:53101/__cypress/runner/cypress_runner.js:162024:14)",
                "diff": "- { '0': <div class=\"color\" style=\"background-color: blue;\"></div>,\n-   length: 1,\n-   jquery: '3.1.1',\n-   constructor: \n-    { [Function: jQuery]\n-      fn: \n-       { jquery: '3.1.1',\n-         constructor: [Circular],\n-         length: 0,\n-         toArray: [Function: toArray],\n-         get: [Function: get],\n-         pushStack: [Function: pushStack],\n-         each: [Function: each],\n-         map: [Function: map],\n-         slice: [Function: slice],\n-         first: [Function: first],\n-         last: [Function: last],\n-         eq: [Function: eq],\n-         end: [Function: end],\n-         push: [Function: push],\n-         sort: [Function: sort],\n-         splice: [Function: splice],\n-         extend: [Function],\n-         find: [Function: find],\n-         filter: [Function: filter],\n-         not: [Function: not],\n-         is: [Function: is],\n-         init: [Function],\n-         has: [Function: has],\n-         closest: [Function: closest],\n-         index: [Function: index],\n-         add: [Function: add],\n-         addBack: [Function: addBack],\n-         parent: [Function],\n-         parents: [Function],\n-         parentsUntil: [Function],\n-         next: [Function],\n-         prev: [Function],\n-         nextAll: [Function],\n-         prevAll: [Function],\n-         nextUntil: [Function],\n-         prevUntil: [Function],\n-         siblings: [Function],\n-         children: [Function],\n-         contents: [Function],\n-         ready: [Function],\n-         data: [Function: data],\n-         removeData: [Function: removeData],\n-         queue: [Function: queue],\n-         dequeue: [Function: dequeue],\n-         clearQueue: [Function: clearQueue],\n-         promise: [Function: promise],\n-         show: [Function],\n-         hide: [Function],\n-         toggle: [Function],\n-         on: [Function: on],\n-         one: [Function: one],\n-         off: [Function: off],\n-         detach: [Function: detach],\n-         remove: [Function: remove],\n-         text: [Function: text],\n-         append: [Function: append],\n-         prepend: [Function: prepend],\n-         before: [Function: before],\n-         after: [Function: after],\n-         empty: [Function: empty],\n-         clone: [Function: clone],\n-         html: [Function: html],\n-         replaceWith: [Function: replaceWith],\n-         appendTo: [Function],\n-         prependTo: [Function],\n-         insertBefore: [Function],\n-         insertAfter: [Function],\n-         replaceAll: [Function],\n-         css: [Function: css],\n-         fadeTo: [Function: fadeTo],\n-         animate: [Function: animate],\n-         stop: [Function: stop],\n-         finish: [Function: finish],\n-         slideDown: [Function],\n-         slideUp: [Function],\n-         slideToggle: [Function],\n-         fadeIn: [Function],\n-         fadeOut: [Function],\n-         fadeToggle: [Function],\n-         delay: [Function],\n-         attr: [Function: attr],\n-         removeAttr: [Function: removeAttr],\n-         prop: [Function: prop],\n-         removeProp: [Function: removeProp],\n-         addClass: [Function: addClass],\n-         removeClass: [Function: removeClass],\n-         toggleClass: [Function: toggleClass],\n-         hasClass: [Function: hasClass],\n-         val: [Function: val],\n-         trigger: [Function: trigger],\n-         triggerHandler: [Function: triggerHandler],\n-         blur: [Function],\n-         focus: [Function],\n-         focusin: [Function],\n-         focusout: [Function],\n-         resize: [Function],\n-         scroll: [Function],\n-         click: [Function],\n-         dblclick: [Function],\n-         mousedown: [Function],\n-         mouseup: [Function],\n-         mousemove: [Function],\n-         mouseover: [Function],\n-         mouseout: [Function],\n-         mouseenter: [Function],\n-         mouseleave: [Function],\n-         change: [Function],\n-         select: [Function],\n-         submit: [Function],\n-         keydown: [Function],\n-         keypress: [Function],\n-         keyup: [Function],\n-         contextmenu: [Function],\n-         hover: [Function: hover],\n-         serialize: [Function: serialize],\n-         serializeArray: [Function: serializeArray],\n-         wrapAll: [Function: wrapAll],\n-         wrapInner: [Function: wrapInner],\n-         wrap: [Function: wrap],\n-         unwrap: [Function: unwrap],\n-         load: [Function],\n-         ajaxStart: [Function],\n-         ajaxStop: [Function],\n-         ajaxComplete: [Function],\n-         ajaxError: [Function],\n-         ajaxSuccess: [Function],\n-         ajaxSend: [Function],\n-         offset: [Function: offset],\n-         position: [Function: position],\n-         offsetParent: [Function: offsetParent],\n-         scrollLeft: [Function],\n-         scrollTop: [Function],\n-         innerHeight: [Function],\n-         height: [Function],\n-         outerHeight: [Function],\n-         innerWidth: [Function],\n-         width: [Function],\n-         outerWidth: [Function],\n-         bind: [Function: bind],\n-         unbind: [Function: unbind],\n-         delegate: [Function: delegate],\n-         undelegate: [Function: undelegate],\n-         scrollTo: [Function] },\n-      extend: [Function],\n-      expando: 'jQuery31102935251778132151',\n-      isReady: true,\n-      error: [Function: error],\n-      noop: [Function: noop],\n-      isFunction: [Function: isFunction],\n-      isArray: [Function: isArray],\n-      isWindow: [Function: isWindow],\n-      isNumeric: [Function: isNumeric],\n-      isPlainObject: [Function: isPlainObject],\n-      isEmptyObject: [Function: isEmptyObject],\n-      type: [Function: type],\n-      globalEval: [Function: globalEval],\n-      camelCase: [Function: camelCase],\n-      nodeName: [Function: nodeName],\n-      each: [Function: each],\n-      trim: [Function: trim],\n-      makeArray: [Function: makeArray],\n-      inArray: [Function: inArray],\n-      merge: [Function: merge],\n-      grep: [Function: grep],\n-      map: [Function: map],\n-      guid: 7,\n-      proxy: [Function: proxy],\n-      now: [Function: now],\n-      support: \n-       { checkClone: true,\n-         noCloneChecked: true,\n-         clearCloneStyle: true,\n-         pixelPosition: [Function: pixelPosition],\n-         boxSizingReliable: [Function: boxSizingReliable],\n-         pixelMarginRight: [Function: pixelMarginRight],\n-         reliableMarginLeft: [Function: reliableMarginLeft],\n-         checkOn: true,\n-         optSelected: true,\n-         radioValue: true,\n-         focusin: false,\n-         cors: true,\n-         ajax: true,\n-         createHTMLDocument: true },\n-      find: \n-       { [Function: Sizzle]\n-         support: [Object],\n-         isXML: [Function],\n-         setDocument: [Function],\n-         matches: [Function],\n-         matchesSelector: [Function],\n-         contains: [Function],\n-         attr: [Function],\n-         escape: [Function],\n-         error: [Function],\n-         uniqueSort: [Function],\n-         getText: [Function],\n-         selectors: [Object],\n-         tokenize: [Function],\n-         compile: [Function],\n-         select: [Function] },\n-      expr: \n-       { cacheLength: 1,\n-         createPseudo: [Function: markFunction],\n-         match: [Object],\n-         attrHandle: [Object],\n-         find: [Object],\n-         relative: [Object],\n-         preFilter: [Object],\n-         filter: [Object],\n-         pseudos: [Object],\n-         filters: [Object],\n-         setFilters: [Object],\n-         ':': [Object] },\n-      unique: [Function],\n-      uniqueSort: [Function],\n-      text: [Function],\n-      isXMLDoc: [Function],\n-      contains: [Function],\n-      escapeSelector: [Function],\n-      filter: [Function],\n-      Callbacks: [Function],\n-      Deferred: { [Function: Deferred] exceptionHook: [Function] },\n-      when: [Function: when],\n-      readyException: [Function],\n-      readyWait: 0,\n-      holdReady: [Function: holdReady],\n-      ready: { [Function: ready] then: [Function: then] },\n-      hasData: [Function: hasData],\n-      data: [Function: data],\n-      removeData: [Function: removeData],\n-      _data: [Function: _data],\n-      _removeData: [Function: _removeData],\n-      queue: [Function: queue],\n-      dequeue: [Function: dequeue],\n-      _queueHooks: [Function: _queueHooks],\n-      event: \n-       { global: [Object],\n-         add: [Function: add],\n-         remove: [Function: remove],\n-         dispatch: [Function: dispatch],\n-         handlers: [Function: handlers],\n-         addProp: [Function: addProp],\n-         fix: [Function: fix],\n-         special: [Object],\n-         trigger: [Function: trigger],\n-         simulate: [Function: simulate] },\n-      removeEvent: [Function],\n-      Event: [Function],\n-      htmlPrefilter: [Function: htmlPrefilter],\n-      clone: [Function: clone],\n-      cleanData: [Function: cleanData],\n-      cssHooks: \n-       { opacity: [Object],\n-         height: [Object],\n-         width: [Object],\n-         marginLeft: [Object],\n-         margin: [Object],\n-         padding: [Object],\n-         borderWidth: [Object],\n-         top: [Object],\n-         left: [Object] },\n-      cssNumber: \n-       { animationIterationCount: true,\n-         columnCount: true,\n-         fillOpacity: true,\n-         flexGrow: true,\n-         flexShrink: true,\n-         fontWeight: true,\n-         lineHeight: true,\n-         opacity: true,\n-         order: true,\n-         orphans: true,\n-         widows: true,\n-         zIndex: true,\n-         zoom: true },\n-      cssProps: \n-       { float: 'cssFloat',\n-         width: 'width',\n-         display: 'display',\n-         boxSizing: 'boxSizing',\n-         height: 'height',\n-         overflow: 'overflow',\n-         overflowY: 'overflowY',\n-         overflowX: 'overflowX',\n-         visibility: 'visibility',\n-         position: 'position',\n-         backgroundColor: 'backgroundColor',\n-         border: 'border',\n-         paddingRight: 'paddingRight',\n-         borderRightWidth: 'borderRightWidth',\n-         paddingLeft: 'paddingLeft',\n-         borderLeftWidth: 'borderLeftWidth',\n-         paddingTop: 'paddingTop',\n-         borderTopWidth: 'borderTopWidth',\n-         paddingBottom: 'paddingBottom',\n-         borderBottomWidth: 'borderBottomWidth' },\n-      style: [Function: style],\n-      css: [Function: css],\n-      Tween: { [Function: Tween] propHooks: [Object] },\n-      easing: \n-       { linear: [Function: linear],\n-         swing: [Function: swing],\n-         _default: 'swing' },\n-      fx: \n-       { [Function: init]\n-         step: {},\n-         tick: [Function],\n-         timer: [Function],\n-         interval: 13,\n-         start: [Function],\n-         stop: [Function],\n-         speeds: [Object] },\n-      Animation: \n-       { [Function: Animation]\n-         tweeners: [Object],\n-         tweener: [Function: tweener],\n-         prefilters: [Object],\n-         prefilter: [Function: prefilter] },\n-      speed: [Function],\n-      timers: [],\n-      attr: [Function: attr],\n-      attrHooks: { type: [Object] },\n-      removeAttr: [Function: removeAttr],\n-      prop: [Function: prop],\n-      propHooks: { tabIndex: [Object] },\n-      propFix: \n-       { for: 'htmlFor',\n-         class: 'className',\n-         tabindex: 'tabIndex',\n-         readonly: 'readOnly',\n-         maxlength: 'maxLength',\n-         cellspacing: 'cellSpacing',\n-         cellpadding: 'cellPadding',\n-         rowspan: 'rowSpan',\n-         colspan: 'colSpan',\n-         usemap: 'useMap',\n-         frameborder: 'frameBorder',\n-         contenteditable: 'contentEditable' },\n-      valHooks: \n-       { option: [Object],\n-         select: [Object],\n-         radio: [Object],\n-         checkbox: [Object] },\n-      parseXML: [Function],\n-      param: [Function],\n-      active: 0,\n-      lastModified: {},\n-      etag: {},\n-      ajaxSettings: \n-       { url: 'http://localhost:53101/__/#/tests/integration/project.spec.js',\n-         type: 'GET',\n-         isLocal: false,\n-         global: true,\n-         processData: true,\n-         async: true,\n-         contentType: 'application/x-www-form-urlencoded; charset=UTF-8',\n-         accepts: [Object],\n-         contents: [Object],\n-         responseFields: [Object],\n-         converters: [Object],\n-         flatOptions: [Object],\n-         xhr: [Function],\n-         jsonp: 'callback',\n-         jsonpCallback: [Function: jsonpCallback],\n-         cache: false },\n-      ajaxSetup: [Function: ajaxSetup],\n-      ajaxPrefilter: [Function],\n-      ajaxTransport: [Function],\n-      ajax: [Function: ajax],\n-      getJSON: [Function: getJSON],\n-      getScript: [Function: getScript],\n-      get: [Function],\n-      post: [Function],\n-      _evalUrl: [Function],\n-      parseHTML: [Function],\n-      offset: { setOffset: [Function: setOffset] },\n-      parseJSON: [Function: parse],\n-      noConflict: [Function],\n-      scrollTo: { [Function] defaults: [Object], max: [Function] } },\n-   toArray: [Function: toArray],\n-   get: [Function: get],\n-   pushStack: [Function: pushStack],\n-   each: [Function: each],\n-   map: [Function: map],\n-   slice: [Function: slice],\n-   first: [Function: first],\n-   last: [Function: last],\n-   eq: [Function: eq],\n-   end: [Function: end],\n-   push: [Function: push],\n-   sort: [Function: sort],\n-   splice: [Function: splice],\n-   extend: [Function],\n-   find: [Function: find],\n-   filter: [Function: filter],\n-   not: [Function: not],\n-   is: [Function: is],\n-   init: [Function],\n-   has: [Function: has],\n-   closest: [Function: closest],\n-   index: [Function: index],\n-   add: [Function: add],\n-   addBack: [Function: addBack],\n-   parent: [Function],\n-   parents: [Function],\n-   parentsUntil: [Function],\n-   next: [Function],\n-   prev: [Function],\n-   nextAll: [Function],\n-   prevAll: [Function],\n-   nextUntil: [Function],\n-   prevUntil: [Function],\n-   siblings: [Function],\n-   children: [Function],\n-   contents: [Function],\n-   ready: [Function],\n-   data: [Function: data],\n-   removeData: [Function: removeData],\n-   queue: [Function: queue],\n-   dequeue: [Function: dequeue],\n-   clearQueue: [Function: clearQueue],\n-   promise: [Function: promise],\n-   show: [Function],\n-   hide: [Function],\n-   toggle: [Function],\n-   on: [Function: on],\n-   one: [Function: one],\n-   off: [Function: off],\n-   detach: [Function: detach],\n-   remove: [Function: remove],\n-   text: [Function: text],\n-   append: [Function: append],\n-   prepend: [Function: prepend],\n-   before: [Function: before],\n-   after: [Function: after],\n-   empty: [Function: empty],\n-   clone: [Function: clone],\n-   html: [Function: html],\n-   replaceWith: [Function: replaceWith],\n-   appendTo: [Function],\n-   prependTo: [Function],\n-   insertBefore: [Function],\n-   insertAfter: [Function],\n-   replaceAll: [Function],\n-   css: [Function: css],\n-   fadeTo: [Function: fadeTo],\n-   animate: [Function: animate],\n-   stop: [Function: stop],\n-   finish: [Function: finish],\n-   slideDown: [Function],\n-   slideUp: [Function],\n-   slideToggle: [Function],\n-   fadeIn: [Function],\n-   fadeOut: [Function],\n-   fadeToggle: [Function],\n-   delay: [Function],\n-   attr: [Function: attr],\n-   removeAttr: [Function: removeAttr],\n-   prop: [Function: prop],\n-   removeProp: [Function: removeProp],\n-   addClass: [Function: addClass],\n-   removeClass: [Function: removeClass],\n-   toggleClass: [Function: toggleClass],\n-   hasClass: [Function: hasClass],\n-   val: [Function: val],\n-   trigger: [Function: trigger],\n-   triggerHandler: [Function: triggerHandler],\n-   blur: [Function],\n-   focus: [Function],\n-   focusin: [Function],\n-   focusout: [Function],\n-   resize: [Function],\n-   scroll: [Function],\n-   click: [Function],\n-   dblclick: [Function],\n-   mousedown: [Function],\n-   mouseup: [Function],\n-   mousemove: [Function],\n-   mouseover: [Function],\n-   mouseout: [Function],\n-   mouseenter: [Function],\n-   mouseleave: [Function],\n-   change: [Function],\n-   select: [Function],\n-   submit: [Function],\n-   keydown: [Function],\n-   keypress: [Function],\n-   keyup: [Function],\n-   contextmenu: [Function],\n-   hover: [Function: hover],\n-   serialize: [Function: serialize],\n-   serializeArray: [Function: serializeArray],\n-   wrapAll: [Function: wrapAll],\n-   wrapInner: [Function: wrapInner],\n-   wrap: [Function: wrap],\n-   unwrap: [Function: unwrap],\n-   load: [Function],\n-   ajaxStart: [Function],\n-   ajaxStop: [Function],\n-   ajaxComplete: [Function],\n-   ajaxError: [Function],\n-   ajaxSuccess: [Function],\n-   ajaxSend: [Function],\n-   offset: [Function: offset],\n-   position: [Function: position],\n-   offsetParent: [Function: offsetParent],\n-   scrollLeft: [Function],\n-   scrollTop: [Function],\n-   innerHeight: [Function],\n-   height: [Function],\n-   outerHeight: [Function],\n-   innerWidth: [Function],\n-   width: [Function],\n-   outerWidth: [Function],\n-   bind: [Function: bind],\n-   unbind: [Function: unbind],\n-   delegate: [Function: delegate],\n-   undelegate: [Function: undelegate],\n-   scrollTo: [Function] }\n+ 'selected'\n"
              },
              "uuid": "cbf5dc21-9822-4793-b030-3689902111bd",
              "parentUUID": "3949f93a-1fc8-4066-b383-c06a038fc399",
              "isHook": false,
              "skipped": false
            },
            {
              "title": "Verifica se os pixels dentro do quadro não têm a classe `selected` quando são clicados",
              "fullTitle": "7 - Clicar em uma das cores da paleta, faz com que ela seja selecionada e utilizada para preencher os pixels no quadro. Verifica se os pixels dentro do quadro não têm a classe `selected` quando são clicados",
              "timedOut": null,
              "duration": 4925,
              "state": "failed",
              "speed": null,
              "pass": false,
              "fail": true,
              "pending": false,
              "context": null,
              "code": "cy.get('.color').each(function (color) {\n  var backgroundColor = color.css('background-color');\n  cy.wrap(color).click();\n  cy.get('.pixel').each(function (pixel) {\n    cy.wrap(pixel).click().should('not.have.class', 'selected');\n  });\n});",
              "err": {
                "message": "CypressError: Timed out retrying: Expected to find element: '.pixel', but never found it.",
                "estack": "CypressError: Timed out retrying: Expected to find element: '.pixel', but never found it.\n    at cypressErr (http://localhost:53101/__cypress/runner/cypress_runner.js:149934:9)\n    at throwErr (http://localhost:53101/__cypress/runner/cypress_runner.js:149867:11)\n    at Object.throwErrByPath (http://localhost:53101/__cypress/runner/cypress_runner.js:149915:3)\n    at retry (http://localhost:53101/__cypress/runner/cypress_runner.js:144197:19)\n    at onFailFn (http://localhost:53101/__cypress/runner/cypress_runner.js:132448:16)\n    at tryCatcher (http://localhost:53101/__cypress/runner/cypress_runner.js:167415:23)\n    at Promise._settlePromiseFromHandler (http://localhost:53101/__cypress/runner/cypress_runner.js:165351:31)\n    at Promise._settlePromise (http://localhost:53101/__cypress/runner/cypress_runner.js:165408:18)\n    at Promise._settlePromise0 (http://localhost:53101/__cypress/runner/cypress_runner.js:165453:10)\n    at Promise._settlePromises (http://localhost:53101/__cypress/runner/cypress_runner.js:165528:18)\n    at Async../node_modules/bluebird/js/release/async.js.Async._drainQueue (http://localhost:53101/__cypress/runner/cypress_runner.js:162140:16)\n    at Async../node_modules/bluebird/js/release/async.js.Async._drainQueues (http://localhost:53101/__cypress/runner/cypress_runner.js:162150:10)\n    at Async.drainQueues (http://localhost:53101/__cypress/runner/cypress_runner.js:162024:14)",
                "diff": null
              },
              "uuid": "a4cd08dc-e12b-4ef7-9f0a-165c5f1cdafc",
              "parentUUID": "3949f93a-1fc8-4066-b383-c06a038fc399",
              "isHook": false,
              "skipped": false
            }
          ],
          "suites": [],
          "passes": [],
          "failures": [
            "cbf5dc21-9822-4793-b030-3689902111bd",
            "a4cd08dc-e12b-4ef7-9f0a-165c5f1cdafc"
          ],
          "pending": [],
          "skipped": [],
          "duration": 6098,
          "root": false,
          "rootEmpty": false,
          "_timeout": 2000
        },
        {
          "uuid": "93fc514b-13b0-42ba-9b94-cac908d0b16a",
          "title": "8 - Clicar em um pixel dentro do quadro após selecionar uma cor na paleta, faz com que o pixel seja preenchido com a cor selecionada.",
          "fullFile": "",
          "file": "",
          "beforeHooks": [],
          "afterHooks": [],
          "tests": [
            {
              "title": "Verifica se ao carregar a página deve ser possível pintar os pixels de preto",
              "fullTitle": "8 - Clicar em um pixel dentro do quadro após selecionar uma cor na paleta, faz com que o pixel seja preenchido com a cor selecionada. Verifica se ao carregar a página deve ser possível pintar os pixels de preto",
              "timedOut": null,
              "duration": 4990,
              "state": "failed",
              "speed": null,
              "pass": false,
              "fail": true,
              "pending": false,
              "context": null,
              "code": "cy.get('.pixel').each(function (pixel) {\n  cy.wrap(pixel).click().should('have.css', 'background-color', BLACK);\n});",
              "err": {
                "message": "CypressError: Timed out retrying: Expected to find element: '.pixel', but never found it.",
                "estack": "CypressError: Timed out retrying: Expected to find element: '.pixel', but never found it.\n    at cypressErr (http://localhost:53101/__cypress/runner/cypress_runner.js:149934:9)\n    at throwErr (http://localhost:53101/__cypress/runner/cypress_runner.js:149867:11)\n    at Object.throwErrByPath (http://localhost:53101/__cypress/runner/cypress_runner.js:149915:3)\n    at retry (http://localhost:53101/__cypress/runner/cypress_runner.js:144197:19)\n    at onFailFn (http://localhost:53101/__cypress/runner/cypress_runner.js:132448:16)\n    at tryCatcher (http://localhost:53101/__cypress/runner/cypress_runner.js:167415:23)\n    at Promise._settlePromiseFromHandler (http://localhost:53101/__cypress/runner/cypress_runner.js:165351:31)\n    at Promise._settlePromise (http://localhost:53101/__cypress/runner/cypress_runner.js:165408:18)\n    at Promise._settlePromise0 (http://localhost:53101/__cypress/runner/cypress_runner.js:165453:10)\n    at Promise._settlePromises (http://localhost:53101/__cypress/runner/cypress_runner.js:165528:18)\n    at Async../node_modules/bluebird/js/release/async.js.Async._drainQueue (http://localhost:53101/__cypress/runner/cypress_runner.js:162140:16)\n    at Async../node_modules/bluebird/js/release/async.js.Async._drainQueues (http://localhost:53101/__cypress/runner/cypress_runner.js:162150:10)\n    at Async.drainQueues (http://localhost:53101/__cypress/runner/cypress_runner.js:162024:14)",
                "diff": null
              },
              "uuid": "d6281091-9562-471b-a4d4-7d6fc380288a",
              "parentUUID": "93fc514b-13b0-42ba-9b94-cac908d0b16a",
              "isHook": false,
              "skipped": false
            },
            {
              "title": "Verifica se após selecionar uma outra cor na paleta, é possível pintar os pixels com essa cor",
              "fullTitle": "8 - Clicar em um pixel dentro do quadro após selecionar uma cor na paleta, faz com que o pixel seja preenchido com a cor selecionada. Verifica se após selecionar uma outra cor na paleta, é possível pintar os pixels com essa cor",
              "timedOut": null,
              "duration": 5140,
              "state": "failed",
              "speed": null,
              "pass": false,
              "fail": true,
              "pending": false,
              "context": null,
              "code": "cy.get('.color').each(function (color) {\n  var backgroundColor = color.css('background-color');\n  cy.wrap(color).click();\n  cy.get('.pixel').each(function (pixel) {\n    cy.wrap(pixel).click().should('have.css', 'background-color', backgroundColor);\n  });\n});",
              "err": {
                "message": "CypressError: Timed out retrying: Expected to find element: '.pixel', but never found it.",
                "estack": "CypressError: Timed out retrying: Expected to find element: '.pixel', but never found it.\n    at cypressErr (http://localhost:53101/__cypress/runner/cypress_runner.js:149934:9)\n    at throwErr (http://localhost:53101/__cypress/runner/cypress_runner.js:149867:11)\n    at Object.throwErrByPath (http://localhost:53101/__cypress/runner/cypress_runner.js:149915:3)\n    at retry (http://localhost:53101/__cypress/runner/cypress_runner.js:144197:19)\n    at onFailFn (http://localhost:53101/__cypress/runner/cypress_runner.js:132448:16)\n    at tryCatcher (http://localhost:53101/__cypress/runner/cypress_runner.js:167415:23)\n    at Promise._settlePromiseFromHandler (http://localhost:53101/__cypress/runner/cypress_runner.js:165351:31)\n    at Promise._settlePromise (http://localhost:53101/__cypress/runner/cypress_runner.js:165408:18)\n    at Promise._settlePromise0 (http://localhost:53101/__cypress/runner/cypress_runner.js:165453:10)\n    at Promise._settlePromises (http://localhost:53101/__cypress/runner/cypress_runner.js:165528:18)\n    at Async../node_modules/bluebird/js/release/async.js.Async._drainQueue (http://localhost:53101/__cypress/runner/cypress_runner.js:162140:16)\n    at Async../node_modules/bluebird/js/release/async.js.Async._drainQueues (http://localhost:53101/__cypress/runner/cypress_runner.js:162150:10)\n    at Async.drainQueues (http://localhost:53101/__cypress/runner/cypress_runner.js:162024:14)",
                "diff": null
              },
              "uuid": "7e960bd0-4413-4247-91b7-810f68b9688e",
              "parentUUID": "93fc514b-13b0-42ba-9b94-cac908d0b16a",
              "isHook": false,
              "skipped": false
            },
            {
              "title": "Verifica se somente o pixel que foi clicado foi preenchido com a cor selecionada, sem influenciar na cor dos demais pixels.",
              "fullTitle": "8 - Clicar em um pixel dentro do quadro após selecionar uma cor na paleta, faz com que o pixel seja preenchido com a cor selecionada. Verifica se somente o pixel que foi clicado foi preenchido com a cor selecionada, sem influenciar na cor dos demais pixels.",
              "timedOut": null,
              "duration": 5078,
              "state": "failed",
              "speed": null,
              "pass": false,
              "fail": true,
              "pending": false,
              "context": null,
              "code": "var colorToPixelIndexMap = {\n  0: 6,\n  1: 8,\n  2: 16,\n  3: 18\n};\ncy.get('.color').each(function (color, index) {\n  cy.wrap(color).click();\n  var backgroundColor = color.css('background-color');\n  var clickedPixelIndex = colorToPixelIndexMap[index];\n  cy.get('.pixel').eq(clickedPixelIndex).click();\n  cy.get('.pixel').eq(clickedPixelIndex - 1).should('not.have.css', 'background-color', backgroundColor);\n  cy.get('.pixel').eq(clickedPixelIndex + 1).should('not.have.css', 'background-color', backgroundColor);\n  cy.get('.pixel').eq(clickedPixelIndex - 5).should('not.have.css', 'background-color', backgroundColor);\n  cy.get('.pixel').eq(clickedPixelIndex + 5).should('not.have.css', 'background-color', backgroundColor);\n  cy.get('.pixel').eq(clickedPixelIndex - 6).should('not.have.css', 'background-color', backgroundColor);\n  cy.get('.pixel').eq(clickedPixelIndex - 4).should('not.have.css', 'background-color', backgroundColor);\n  cy.get('.pixel').eq(clickedPixelIndex + 4).should('not.have.css', 'background-color', backgroundColor);\n  cy.get('.pixel').eq(clickedPixelIndex + 6).should('not.have.css', 'background-color', backgroundColor);\n});",
              "err": {
                "message": "CypressError: Timed out retrying: Expected to find element: '.pixel', but never found it.",
                "estack": "CypressError: Timed out retrying: Expected to find element: '.pixel', but never found it.\n    at cypressErr (http://localhost:53101/__cypress/runner/cypress_runner.js:149934:9)\n    at throwErr (http://localhost:53101/__cypress/runner/cypress_runner.js:149867:11)\n    at Object.throwErrByPath (http://localhost:53101/__cypress/runner/cypress_runner.js:149915:3)\n    at retry (http://localhost:53101/__cypress/runner/cypress_runner.js:144197:19)\n    at onFailFn (http://localhost:53101/__cypress/runner/cypress_runner.js:132448:16)\n    at tryCatcher (http://localhost:53101/__cypress/runner/cypress_runner.js:167415:23)\n    at Promise._settlePromiseFromHandler (http://localhost:53101/__cypress/runner/cypress_runner.js:165351:31)\n    at Promise._settlePromise (http://localhost:53101/__cypress/runner/cypress_runner.js:165408:18)\n    at Promise._settlePromise0 (http://localhost:53101/__cypress/runner/cypress_runner.js:165453:10)\n    at Promise._settlePromises (http://localhost:53101/__cypress/runner/cypress_runner.js:165528:18)\n    at Async../node_modules/bluebird/js/release/async.js.Async._drainQueue (http://localhost:53101/__cypress/runner/cypress_runner.js:162140:16)\n    at Async../node_modules/bluebird/js/release/async.js.Async._drainQueues (http://localhost:53101/__cypress/runner/cypress_runner.js:162150:10)\n    at Async.drainQueues (http://localhost:53101/__cypress/runner/cypress_runner.js:162024:14)",
                "diff": null
              },
              "uuid": "5d1ce361-f624-4b3a-9ca1-0917d6692414",
              "parentUUID": "93fc514b-13b0-42ba-9b94-cac908d0b16a",
              "isHook": false,
              "skipped": false
            }
          ],
          "suites": [],
          "passes": [],
          "failures": [
            "d6281091-9562-471b-a4d4-7d6fc380288a",
            "7e960bd0-4413-4247-91b7-810f68b9688e",
            "5d1ce361-f624-4b3a-9ca1-0917d6692414"
          ],
          "pending": [],
          "skipped": [],
          "duration": 15208,
          "root": false,
          "rootEmpty": false,
          "_timeout": 2000
        },
        {
          "uuid": "f6810dc3-e288-4e19-8208-2ad7a826115a",
          "title": "9 - Crie um botão que, ao ser clicado, limpa o quadro preenchendo a cor de todos seus pixels com branco.",
          "fullFile": "",
          "file": "",
          "beforeHooks": [],
          "afterHooks": [],
          "tests": [
            {
              "title": "Verifica se o botão tem o `id` denominado `clear-board`",
              "fullTitle": "9 - Crie um botão que, ao ser clicado, limpa o quadro preenchendo a cor de todos seus pixels com branco. Verifica se o botão tem o `id` denominado `clear-board`",
              "timedOut": null,
              "duration": 5588,
              "state": "failed",
              "speed": null,
              "pass": false,
              "fail": true,
              "pending": false,
              "context": null,
              "code": "cy.get('#clear-board').should('be.visible');",
              "err": {
                "message": "CypressError: Timed out retrying: Expected to find element: '#clear-board', but never found it.",
                "estack": "CypressError: Timed out retrying: Expected to find element: '#clear-board', but never found it.\n    at cypressErr (http://localhost:53101/__cypress/runner/cypress_runner.js:149934:9)\n    at throwErr (http://localhost:53101/__cypress/runner/cypress_runner.js:149867:11)\n    at Object.throwErrByPath (http://localhost:53101/__cypress/runner/cypress_runner.js:149915:3)\n    at retry (http://localhost:53101/__cypress/runner/cypress_runner.js:144197:19)\n    at onFailFn (http://localhost:53101/__cypress/runner/cypress_runner.js:132448:16)\n    at tryCatcher (http://localhost:53101/__cypress/runner/cypress_runner.js:167415:23)\n    at Promise._settlePromiseFromHandler (http://localhost:53101/__cypress/runner/cypress_runner.js:165351:31)\n    at Promise._settlePromise (http://localhost:53101/__cypress/runner/cypress_runner.js:165408:18)\n    at Promise._settlePromise0 (http://localhost:53101/__cypress/runner/cypress_runner.js:165453:10)\n    at Promise._settlePromises (http://localhost:53101/__cypress/runner/cypress_runner.js:165528:18)\n    at Async../node_modules/bluebird/js/release/async.js.Async._drainQueue (http://localhost:53101/__cypress/runner/cypress_runner.js:162140:16)\n    at Async../node_modules/bluebird/js/release/async.js.Async._drainQueues (http://localhost:53101/__cypress/runner/cypress_runner.js:162150:10)\n    at Async.drainQueues (http://localhost:53101/__cypress/runner/cypress_runner.js:162024:14)",
                "diff": null
              },
              "uuid": "4fb9772e-cad8-4e53-aa66-f82036003cc4",
              "parentUUID": "f6810dc3-e288-4e19-8208-2ad7a826115a",
              "isHook": false,
              "skipped": false
            },
            {
              "title": "Verifica se o botão está posicionado entre a paleta de cores e o quadro de pixels",
              "fullTitle": "9 - Crie um botão que, ao ser clicado, limpa o quadro preenchendo a cor de todos seus pixels com branco. Verifica se o botão está posicionado entre a paleta de cores e o quadro de pixels",
              "timedOut": null,
              "duration": 5052,
              "state": "failed",
              "speed": null,
              "pass": false,
              "fail": true,
              "pending": false,
              "context": null,
              "code": "cy.get('#color-palette').then(function (palette) {\n  cy.get('#clear-board').should('be.belowOf', palette);\n});\ncy.get('#clear-board').then(function (clearBtn) {\n  cy.get('#pixel-board').should('be.belowOf', clearBtn);\n});",
              "err": {
                "message": "CypressError: Timed out retrying: Expected to find element: '#clear-board', but never found it.",
                "estack": "CypressError: Timed out retrying: Expected to find element: '#clear-board', but never found it.\n    at cypressErr (http://localhost:53101/__cypress/runner/cypress_runner.js:149934:9)\n    at throwErr (http://localhost:53101/__cypress/runner/cypress_runner.js:149867:11)\n    at Object.throwErrByPath (http://localhost:53101/__cypress/runner/cypress_runner.js:149915:3)\n    at retry (http://localhost:53101/__cypress/runner/cypress_runner.js:144197:19)\n    at onFailFn (http://localhost:53101/__cypress/runner/cypress_runner.js:132448:16)\n    at tryCatcher (http://localhost:53101/__cypress/runner/cypress_runner.js:167415:23)\n    at Promise._settlePromiseFromHandler (http://localhost:53101/__cypress/runner/cypress_runner.js:165351:31)\n    at Promise._settlePromise (http://localhost:53101/__cypress/runner/cypress_runner.js:165408:18)\n    at Promise._settlePromise0 (http://localhost:53101/__cypress/runner/cypress_runner.js:165453:10)\n    at Promise._settlePromises (http://localhost:53101/__cypress/runner/cypress_runner.js:165528:18)\n    at Async../node_modules/bluebird/js/release/async.js.Async._drainQueue (http://localhost:53101/__cypress/runner/cypress_runner.js:162140:16)\n    at Async../node_modules/bluebird/js/release/async.js.Async._drainQueues (http://localhost:53101/__cypress/runner/cypress_runner.js:162150:10)\n    at Async.drainQueues (http://localhost:53101/__cypress/runner/cypress_runner.js:162024:14)",
                "diff": null
              },
              "uuid": "95203998-964b-4a89-90c7-b4abdc79d5f7",
              "parentUUID": "f6810dc3-e288-4e19-8208-2ad7a826115a",
              "isHook": false,
              "skipped": false
            },
            {
              "title": "Verifica se o texto do botão é 'Limpar'",
              "fullTitle": "9 - Crie um botão que, ao ser clicado, limpa o quadro preenchendo a cor de todos seus pixels com branco. Verifica se o texto do botão é 'Limpar'",
              "timedOut": null,
              "duration": 4968,
              "state": "failed",
              "speed": null,
              "pass": false,
              "fail": true,
              "pending": false,
              "context": null,
              "code": "cy.get('#clear-board').should('contain.text', 'Limpar');",
              "err": {
                "message": "CypressError: Timed out retrying: Expected to find element: '#clear-board', but never found it.",
                "estack": "CypressError: Timed out retrying: Expected to find element: '#clear-board', but never found it.\n    at cypressErr (http://localhost:53101/__cypress/runner/cypress_runner.js:149934:9)\n    at throwErr (http://localhost:53101/__cypress/runner/cypress_runner.js:149867:11)\n    at Object.throwErrByPath (http://localhost:53101/__cypress/runner/cypress_runner.js:149915:3)\n    at retry (http://localhost:53101/__cypress/runner/cypress_runner.js:144197:19)\n    at onFailFn (http://localhost:53101/__cypress/runner/cypress_runner.js:132448:16)\n    at tryCatcher (http://localhost:53101/__cypress/runner/cypress_runner.js:167415:23)\n    at Promise._settlePromiseFromHandler (http://localhost:53101/__cypress/runner/cypress_runner.js:165351:31)\n    at Promise._settlePromise (http://localhost:53101/__cypress/runner/cypress_runner.js:165408:18)\n    at Promise._settlePromise0 (http://localhost:53101/__cypress/runner/cypress_runner.js:165453:10)\n    at Promise._settlePromises (http://localhost:53101/__cypress/runner/cypress_runner.js:165528:18)\n    at Async../node_modules/bluebird/js/release/async.js.Async._drainQueue (http://localhost:53101/__cypress/runner/cypress_runner.js:162140:16)\n    at Async../node_modules/bluebird/js/release/async.js.Async._drainQueues (http://localhost:53101/__cypress/runner/cypress_runner.js:162150:10)\n    at Async.drainQueues (http://localhost:53101/__cypress/runner/cypress_runner.js:162024:14)",
                "diff": null
              },
              "uuid": "55e7b213-26b2-4eef-80b0-3d8d671d2031",
              "parentUUID": "f6810dc3-e288-4e19-8208-2ad7a826115a",
              "isHook": false,
              "skipped": false
            },
            {
              "title": "Verifica se ao clicar no botão, o quadro de pixels é totalmente preenchido de branco",
              "fullTitle": "9 - Crie um botão que, ao ser clicado, limpa o quadro preenchendo a cor de todos seus pixels com branco. Verifica se ao clicar no botão, o quadro de pixels é totalmente preenchido de branco",
              "timedOut": null,
              "duration": 5003,
              "state": "failed",
              "speed": null,
              "pass": false,
              "fail": true,
              "pending": false,
              "context": null,
              "code": "cy.get('.color').eq(1).then(function (color) {\n  var backgroundColor = color.css('background-color');\n  cy.wrap(color).click();\n  cy.get('.pixel').each(function (pixel) {\n    cy.wrap(pixel).click().should('have.css', 'background-color', backgroundColor);\n  });\n});\ncy.get('#clear-board').click();\ncy.get('.pixel').each(function (pixel) {\n  cy.wrap(pixel).should('have.css', 'background-color', WHITE);\n});",
              "err": {
                "message": "CypressError: Timed out retrying: Expected to find element: '.pixel', but never found it.",
[...]
                "diff": null
              },
              "uuid": "92725f71-29b2-4ee0-b93a-447393bcd81d",
              "parentUUID": "2523a127-3816-4bdb-80bd-bcb7bded2075",
              "isHook": false,
              "skipped": false
            },
            {
              "title": "Verifica se o novo quadro tem todos os pixels preenchidos com a cor branca",
              "fullTitle": "10 - Faça o quadro de pixels ter seu tamanho definido pelo usuário. Verifica se o novo quadro tem todos os pixels preenchidos com a cor branca",
              "timedOut": null,
              "duration": 4897,
              "state": "failed",
              "speed": null,
              "pass": false,
              "fail": true,
              "pending": false,
              "context": null,
              "code": "cy.get('#board-size').clear().type(6);\ncy.get('#generate-board').click();\ncy.get('.pixel').should('have.length', 36).each(function (pixel) {\n  expect(pixel).to.have.css('background-color', WHITE);\n});",
              "err": {
                "message": "CypressError: Timed out retrying: Expected to find element: '#board-size', but never found it.",
                "estack": "CypressError: Timed out retrying: Expected to find element: '#board-size', but never found it.\n    at cypressErr (http://localhost:53101/__cypress/runner/cypress_runner.js:149934:9)\n    at throwErr (http://localhost:53101/__cypress/runner/cypress_runner.js:149867:11)\n    at Object.throwErrByPath (http://localhost:53101/__cypress/runner/cypress_runner.js:149915:3)\n    at retry (http://localhost:53101/__cypress/runner/cypress_runner.js:144197:19)\n    at onFailFn (http://localhost:53101/__cypress/runner/cypress_runner.js:132448:16)\n    at tryCatcher (http://localhost:53101/__cypress/runner/cypress_runner.js:167415:23)\n    at Promise._settlePromiseFromHandler (http://localhost:53101/__cypress/runner/cypress_runner.js:165351:31)\n    at Promise._settlePromise (http://localhost:53101/__cypress/runner/cypress_runner.js:165408:18)\n    at Promise._settlePromise0 (http://localhost:53101/__cypress/runner/cypress_runner.js:165453:10)\n    at Promise._settlePromises (http://localhost:53101/__cypress/runner/cypress_runner.js:165528:18)\n    at Async../node_modules/bluebird/js/release/async.js.Async._drainQueue (http://localhost:53101/__cypress/runner/cypress_runner.js:162140:16)\n    at Async../node_modules/bluebird/js/release/async.js.Async._drainQueues (http://localhost:53101/__cypress/runner/cypress_runner.js:162150:10)\n    at Async.drainQueues (http://localhost:53101/__cypress/runner/cypress_runner.js:162024:14)",
                "diff": null
              },
              "uuid": "9a7b5b5f-90b4-49e0-994f-aec223a84734",
              "parentUUID": "2523a127-3816-4bdb-80bd-bcb7bded2075",
              "isHook": false,
              "skipped": false
            }
          ],
          "suites": [],
          "passes": [],
          "failures": [
            "949f59d6-06f2-43c1-bfb1-3e04371adf8d",
            "5e4bba50-932d-4541-8bdf-d324eff943b4",
            "2cc1e8dd-3162-4704-ab53-773d3d786759",
            "4a82ecb2-b3fe-47f7-a364-704cf5ff5085",
            "3622e27f-d4d6-420e-a844-f2271bc177e4",
            "cc4c5870-6c10-4cc2-8f5e-2bac1fd56ba1",
            "c368f159-8c01-44d2-9ba4-f5276d783c11",
            "92725f71-29b2-4ee0-b93a-447393bcd81d",
            "9a7b5b5f-90b4-49e0-994f-aec223a84734"
          ],
          "pending": [],
          "skipped": [],
          "duration": 45957,
          "root": false,
          "rootEmpty": false,
          "_timeout": 2000
        },
        {
          "uuid": "a9732f6c-22cf-4175-87ce-bcc021bc58d2",
          "title": "11 - Limite o tamanho mínimo e máximo do board.",
          "fullFile": "",
          "file": "",
          "beforeHooks": [],
          "afterHooks": [],
          "tests": [
            {
              "title": "Verifica se a altura máxima do board é 50",
              "fullTitle": "11 - Limite o tamanho mínimo e máximo do board. Verifica se a altura máxima do board é 50",
              "timedOut": null,
              "duration": 4795,
              "state": "failed",
              "speed": null,
              "pass": false,
              "fail": true,
              "pending": false,
              "context": null,
              "code": "cy.get('#board-size').clear().type(50);\ncy.get('#generate-board').click();\ncy.get('.pixel').should('have.length', 2500);",
              "err": {
                "message": "CypressError: Timed out retrying: Expected to find element: '#board-size', but never found it.",
                "estack": "CypressError: Timed out retrying: Expected to find element: '#board-size', but never found it.\n    at cypressErr (http://localhost:53101/__cypress/runner/cypress_runner.js:149934:9)\n    at throwErr (http://localhost:53101/__cypress/runner/cypress_runner.js:149867:11)\n    at Object.throwErrByPath (http://localhost:53101/__cypress/runner/cypress_runner.js:149915:3)\n    at retry (http://localhost:53101/__cypress/runner/cypress_runner.js:144197:19)\n    at onFailFn (http://localhost:53101/__cypress/runner/cypress_runner.js:132448:16)\n    at tryCatcher (http://localhost:53101/__cypress/runner/cypress_runner.js:167415:23)\n    at Promise._settlePromiseFromHandler (http://localhost:53101/__cypress/runner/cypress_runner.js:165351:31)\n    at Promise._settlePromise (http://localhost:53101/__cypress/runner/cypress_runner.js:165408:18)\n    at Promise._settlePromise0 (http://localhost:53101/__cypress/runner/cypress_runner.js:165453:10)\n    at Promise._settlePromises (http://localhost:53101/__cypress/runner/cypress_runner.js:165528:18)\n    at Async../node_modules/bluebird/js/release/async.js.Async._drainQueue (http://localhost:53101/__cypress/runner/cypress_runner.js:162140:16)\n    at Async../node_modules/bluebird/js/release/async.js.Async._drainQueues (http://localhost:53101/__cypress/runner/cypress_runner.js:162150:10)\n    at Async.drainQueues (http://localhost:53101/__cypress/runner/cypress_runner.js:162024:14)",
                "diff": null
              },
              "uuid": "f5e2509e-0e3f-406c-a99b-19cd607783cd",
              "parentUUID": "a9732f6c-22cf-4175-87ce-bcc021bc58d2",
              "isHook": false,
              "skipped": false
            },
            {
              "title": "Verifica se a altura do board é 5 quando um valor menor é colocado no input",
              "fullTitle": "11 - Limite o tamanho mínimo e máximo do board. Verifica se a altura do board é 5 quando um valor menor é colocado no input",
              "timedOut": null,
              "duration": 4862,
              "state": "failed",
              "speed": null,
              "pass": false,
              "fail": true,
              "pending": false,
              "context": null,
              "code": "cy.get('#board-size').clear().type(4);\ncy.get('#generate-board').click();\ncy.get('.pixel').should('have.length', 25);",
              "err": {
                "message": "CypressError: Timed out retrying: Expected to find element: '#board-size', but never found it.",
                "estack": "CypressError: Timed out retrying: Expected to find element: '#board-size', but never found it.\n    at cypressErr (http://localhost:53101/__cypress/runner/cypress_runner.js:149934:9)\n    at throwErr (http://localhost:53101/__cypress/runner/cypress_runner.js:149867:11)\n    at Object.throwErrByPath (http://localhost:53101/__cypress/runner/cypress_runner.js:149915:3)\n    at retry (http://localhost:53101/__cypress/runner/cypress_runner.js:144197:19)\n    at onFailFn (http://localhost:53101/__cypress/runner/cypress_runner.js:132448:16)\n    at tryCatcher (http://localhost:53101/__cypress/runner/cypress_runner.js:167415:23)\n    at Promise._settlePromiseFromHandler (http://localhost:53101/__cypress/runner/cypress_runner.js:165351:31)\n    at Promise._settlePromise (http://localhost:53101/__cypress/runner/cypress_runner.js:165408:18)\n    at Promise._settlePromise0 (http://localhost:53101/__cypress/runner/cypress_runner.js:165453:10)\n    at Promise._settlePromises (http://localhost:53101/__cypress/runner/cypress_runner.js:165528:18)\n    at Async../node_modules/bluebird/js/release/async.js.Async._drainQueue (http://localhost:53101/__cypress/runner/cypress_runner.js:162140:16)\n    at Async../node_modules/bluebird/js/release/async.js.Async._drainQueues (http://localhost:53101/__cypress/runner/cypress_runner.js:162150:10)\n    at Async.drainQueues (http://localhost:53101/__cypress/runner/cypress_runner.js:162024:14)",
                "diff": null
              },
              "uuid": "c4a906b2-9f86-4d21-8f4c-503241e2a5d2",
              "parentUUID": "a9732f6c-22cf-4175-87ce-bcc021bc58d2",
              "isHook": false,
              "skipped": false
            },
            {
              "title": "Verifica se a altura do board é 50 quando um valor maior é colocado no input",
              "fullTitle": "11 - Limite o tamanho mínimo e máximo do board. Verifica se a altura do board é 50 quando um valor maior é colocado no input",
              "timedOut": null,
              "duration": 4827,
              "state": "failed",
              "speed": null,
              "pass": false,
              "fail": true,
              "pending": false,
              "context": null,
              "code": "cy.get('#board-size').clear().type(51);\ncy.get('#generate-board').click();\ncy.get('.pixel').should('have.length', 2500);",
              "err": {
                "message": "CypressError: Timed out retrying: Expected to find element: '#board-size', but never found it.",
                "estack": "CypressError: Timed out retrying: Expected to find element: '#board-size', but never found it.\n    at cypressErr (http://localhost:53101/__cypress/runner/cypress_runner.js:149934:9)\n    at throwErr (http://localhost:53101/__cypress/runner/cypress_runner.js:149867:11)\n    at Object.throwErrByPath (http://localhost:53101/__cypress/runner/cypress_runner.js:149915:3)\n    at retry (http://localhost:53101/__cypress/runner/cypress_runner.js:144197:19)\n    at onFailFn (http://localhost:53101/__cypress/runner/cypress_runner.js:132448:16)\n    at tryCatcher (http://localhost:53101/__cypress/runner/cypress_runner.js:167415:23)\n    at Promise._settlePromiseFromHandler (http://localhost:53101/__cypress/runner/cypress_runner.js:165351:31)\n    at Promise._settlePromise (http://localhost:53101/__cypress/runner/cypress_runner.js:165408:18)\n    at Promise._settlePromise0 (http://localhost:53101/__cypress/runner/cypress_runner.js:165453:10)\n    at Promise._settlePromises (http://localhost:53101/__cypress/runner/cypress_runner.js:165528:18)\n    at Async../node_modules/bluebird/js/release/async.js.Async._drainQueue (http://localhost:53101/__cypress/runner/cypress_runner.js:162140:16)\n    at Async../node_modules/bluebird/js/release/async.js.Async._drainQueues (http://localhost:53101/__cypress/runner/cypress_runner.js:162150:10)\n    at Async.drainQueues (http://localhost:53101/__cypress/runner/cypress_runner.js:162024:14)",
                "diff": null
              },
              "uuid": "77b0211f-fd40-4737-a5b0-2ff9eaf068fb",
              "parentUUID": "a9732f6c-22cf-4175-87ce-bcc021bc58d2",
              "isHook": false,
              "skipped": false
            }
          ],
          "suites": [],
          "passes": [],
          "failures": [
            "f5e2509e-0e3f-406c-a99b-19cd607783cd",
            "c4a906b2-9f86-4d21-8f4c-503241e2a5d2",
            "77b0211f-fd40-4737-a5b0-2ff9eaf068fb"
          ],
          "pending": [],
          "skipped": [],
          "duration": 14484,
          "root": false,
          "rootEmpty": false,
          "_timeout": 2000
        },
        {
          "uuid": "1c1b9af8-a232-439b-bd87-6b797b3f2617",
          "title": "12 - Faça com que as cores da paleta sejam geradas aleatoriamente ao carregar a página.",
          "fullFile": "",
          "file": "",
          "beforeHooks": [],
          "afterHooks": [],
          "tests": [
            {
              "title": "Verifica se as cores geradas na paleta são diferentes a cada carregamento da página",
              "fullTitle": "12 - Faça com que as cores da paleta sejam geradas aleatoriamente ao carregar a página. Verifica se as cores geradas na paleta são diferentes a cada carregamento da página",
              "timedOut": null,
              "duration": 1398,
              "state": "failed",
              "speed": null,
              "pass": false,
              "fail": true,
              "pending": false,
              "context": null,
              "code": "cy.get('.color').then(function (colors) {\n  var currentColors;\n  var previousColors;\n  previousColors = Array.from(colors).map(function (color) {\n    return Cypress.$(color).css('background-color');\n  });\n  for (var i = 0; i < 5; i += 1) {\n    cy.reload();\n    cy.get('.color').then(function (colors) {\n      currentColors = Array.from(colors).map(function (color) {\n        return Cypress.$(color).css('background-color');\n      });\n      expect(currentColors).not.to.deep.equal(previousColors);\n      previousColors = currentColors;\n    });\n  }\n});",
              "err": {
                "message": "AssertionError: expected [ Array(4) ] to not deeply equal [ Array(4) ]",
                "estack": "AssertionError: expected [ Array(4) ] to not deeply equal [ Array(4) ]\n    at getRet (http://localhost:53101/__cypress/runner/cypress_runner.js:136585:16)\n    at tryCatcher (http://localhost:53101/__cypress/runner/cypress_runner.js:167415:23)\n    at Function.Promise.attempt.Promise.try (http://localhost:53101/__cypress/runner/cypress_runner.js:164690:29)\n    at Context.thenFn (http://localhost:53101/__cypress/runner/cypress_runner.js:136599:23)\n    at Context.then (http://localhost:53101/__cypress/runner/cypress_runner.js:136971:21)\n    at Context.<anonymous> (http://localhost:53101/__cypress/runner/cypress_runner.js:148875:21)\n    at http://localhost:53101/__cypress/runner/cypress_runner.js:148351:33\n    at tryCatcher (http://localhost:53101/__cypress/runner/cypress_runner.js:167415:23)\n    at Promise._settlePromiseFromHandler (http://localhost:53101/__cypress/runner/cypress_runner.js:165351:31)\n    at Promise._settlePromise (http://localhost:53101/__cypress/runner/cypress_runner.js:165408:18)\n    at Promise._settlePromiseCtx (http://localhost:53101/__cypress/runner/cypress_runner.js:165445:10)\n    at Async../node_modules/bluebird/js/release/async.js.Async._drainQueue (http://localhost:53101/__cypress/runner/cypress_runner.js:162145:12)\n    at Async../node_modules/bluebird/js/release/async.js.Async._drainQueues (http://localhost:53101/__cypress/runner/cypress_runner.js:162150:10)\n    at Async.drainQueues (http://localhost:53101/__cypress/runner/cypress_runner.js:162024:14)",
                "diff": ""
              },
              "uuid": "338a428e-66b9-4f02-8edb-1a29de37ba25",
              "parentUUID": "1c1b9af8-a232-439b-bd87-6b797b3f2617",
              "isHook": false,
              "skipped": false
            },
            {
              "title": "Verifica se a cor preta ainda está presente e é a primeira na sua paleta de cores",
              "fullTitle": "12 - Faça com que as cores da paleta sejam geradas aleatoriamente ao carregar a página. Verifica se a cor preta ainda está presente e é a primeira na sua paleta de cores",
              "timedOut": null,
              "duration": 896,
              "state": "failed",
              "speed": null,
              "pass": false,
              "fail": true,
              "pending": false,
              "context": null,
              "code": "cy.get('.color').then(function (colors) {\n  var currentColors;\n  var previousColors;\n  previousColors = Array.from(colors).map(function (color) {\n    return Cypress.$(color).css('background-color');\n  });\n  expect(previousColors[0]).to.eq(BLACK);\n  for (var i = 0; i < 5; i += 1) {\n    cy.reload();\n    cy.get('.color').then(function (colors) {\n      currentColors = Array.from(colors).map(function (color) {\n        return Cypress.$(color).css('background-color');\n      });\n      expect(currentColors[0]).to.eq(BLACK);\n      expect(currentColors).not.to.deep.equal(previousColors);\n      previousColors = currentColors;\n    });\n  }\n});",
              "err": {
                "message": "AssertionError: expected [ Array(4) ] to not deeply equal [ Array(4) ]",
                "estack": "AssertionError: expected [ Array(4) ] to not deeply equal [ Array(4) ]\n    at getRet (http://localhost:53101/__cypress/runner/cypress_runner.js:136585:16)\n    at tryCatcher (http://localhost:53101/__cypress/runner/cypress_runner.js:167415:23)\n    at Function.Promise.attempt.Promise.try (http://localhost:53101/__cypress/runner/cypress_runner.js:164690:29)\n    at Context.thenFn (http://localhost:53101/__cypress/runner/cypress_runner.js:136599:23)\n    at Context.then (http://localhost:53101/__cypress/runner/cypress_runner.js:136971:21)\n    at Context.<anonymous> (http://localhost:53101/__cypress/runner/cypress_runner.js:148875:21)\n    at http://localhost:53101/__cypress/runner/cypress_runner.js:148351:33\n    at tryCatcher (http://localhost:53101/__cypress/runner/cypress_runner.js:167415:23)\n    at Promise._settlePromiseFromHandler (http://localhost:53101/__cypress/runner/cypress_runner.js:165351:31)\n    at Promise._settlePromise (http://localhost:53101/__cypress/runner/cypress_runner.js:165408:18)\n    at Promise._settlePromiseCtx (http://localhost:53101/__cypress/runner/cypress_runner.js:165445:10)\n    at Async../node_modules/bluebird/js/release/async.js.Async._drainQueue (http://localhost:53101/__cypress/runner/cypress_runner.js:162145:12)\n    at Async../node_modules/bluebird/js/release/async.js.Async._drainQueues (http://localhost:53101/__cypress/runner/cypress_runner.js:162150:10)\n    at Async.drainQueues (http://localhost:53101/__cypress/runner/cypress_runner.js:162024:14)",
                "diff": ""
              },
              "uuid": "238b920d-1f73-409e-b32e-d30f30551680",
              "parentUUID": "1c1b9af8-a232-439b-bd87-6b797b3f2617",
              "isHook": false,
              "skipped": false
            }
          ],
          "suites": [],
          "passes": [],
          "failures": [
            "338a428e-66b9-4f02-8edb-1a29de37ba25",
            "238b920d-1f73-409e-b32e-d30f30551680"
          ],
          "pending": [],
          "skipped": [],
          "duration": 2294,
          "root": false,
          "rootEmpty": false,
          "_timeout": 2000
        }
      ],
      "passes": [],
      "failures": [],
      "pending": [],
      "skipped": [],
      "duration": 0,
      "root": true,
      "rootEmpty": true,
      "_timeout": 2000
    }
  ],
  "meta": {
    "mocha": {
      "version": "7.0.1"
    },
    "mochawesome": {
      "options": {
        "quiet": false,
        "reportFilename": "mochawesome",
        "saveHtml": false,
        "saveJson": true,
        "consoleReporter": "spec",
        "useInlineDiffs": false
      },
      "version": "4.1.0"
    },
    "marge": {
      "options": {
        "id": "default",
        "reportDir": "cypress/reports",
        "overwrite": true,
        "html": false,
        "json": true
      },
      "version": "4.1.0"
    }
  }
}