{
  "stats": {
    "suites": 12,
    "tests": 41,
    "passes": 1,
    "pending": 0,
    "failures": 40,
    "start": "2021-08-14T15:26:17.341Z",
    "end": "2021-08-14T15:29:10.423Z",
    "duration": 173082,
    "testsRegistered": 41,
    "passPercent": 2.4390243902439024,
    "pendingPercent": 0,
    "other": 0,
    "hasOther": false,
    "skipped": 0,
    "hasSkipped": false
  },
  "results": [
    {
      "uuid": "9abc9780-78a6-4531-ab57-528ceb443113",
      "title": "",
      "fullFile": "cypress/integration/project.spec.js",
      "file": "cypress/integration/project.spec.js",
      "beforeHooks": [],
      "afterHooks": [],
      "tests": [],
      "suites": [
        {
          "uuid": "19c9396f-923e-481d-8f45-32d2ab6643a8",
          "title": "1 - Adicione à página o título \"Paleta de Cores\".",
          "fullFile": "",
          "file": "",
          "beforeHooks": [],
          "afterHooks": [],
          "tests": [
            {
              "title": "Verifica se contém um elemento `h1` com o id `title` com o título correto",
              "fullTitle": "1 - Adicione à página o título \"Paleta de Cores\". Verifica se contém um elemento `h1` com o id `title` com o título correto",
              "timedOut": null,
              "duration": 249,
              "state": "passed",
              "speed": "slow",
              "pass": true,
              "fail": false,
              "pending": false,
              "context": null,
              "code": "cy.get('h1#title').should('contain.text', 'Paleta de Cores');",
              "err": {},
              "uuid": "ed7bef41-6d74-431b-8d8a-ee49b9facaec",
              "parentUUID": "19c9396f-923e-481d-8f45-32d2ab6643a8",
              "isHook": false,
              "skipped": false
            }
          ],
          "suites": [],
          "passes": [
            "ed7bef41-6d74-431b-8d8a-ee49b9facaec"
          ],
          "failures": [],
          "pending": [],
          "skipped": [],
          "duration": 249,
          "root": false,
          "rootEmpty": false,
          "_timeout": 2000
        },
        {
          "uuid": "6103542b-31e3-4ce7-bee5-01c655bc82da",
          "title": "2 - Adicione à página uma paleta de quatro cores distintas.",
          "fullFile": "",
          "file": "",
          "beforeHooks": [],
          "afterHooks": [],
          "tests": [
            {
              "title": "A paleta de cores deve ser um elemento com `id` denominado `color-palette`",
              "fullTitle": "2 - Adicione à página uma paleta de quatro cores distintas. A paleta de cores deve ser um elemento com `id` denominado `color-palette`",
              "timedOut": null,
              "duration": 4376,
              "state": "failed",
              "speed": null,
              "pass": false,
              "fail": true,
              "pending": false,
              "context": null,
              "code": "cy.get('#color-palette').should('be.visible');",
              "err": {
                "message": "CypressError: Timed out retrying: Expected to find element: '#color-palette', but never found it.",
                "estack": "CypressError: Timed out retrying: Expected to find element: '#color-palette', but never found it.\n    at cypressErr (http://localhost:36451/__cypress/runner/cypress_runner.js:149934:9)\n    at throwErr (http://localhost:36451/__cypress/runner/cypress_runner.js:149867:11)\n    at Object.throwErrByPath (http://localhost:36451/__cypress/runner/cypress_runner.js:149915:3)\n    at retry (http://localhost:36451/__cypress/runner/cypress_runner.js:144197:19)\n    at onFailFn (http://localhost:36451/__cypress/runner/cypress_runner.js:132448:16)\n    at tryCatcher (http://localhost:36451/__cypress/runner/cypress_runner.js:167415:23)\n    at Promise._settlePromiseFromHandler (http://localhost:36451/__cypress/runner/cypress_runner.js:165351:31)\n    at Promise._settlePromise (http://localhost:36451/__cypress/runner/cypress_runner.js:165408:18)\n    at Promise._settlePromise0 (http://localhost:36451/__cypress/runner/cypress_runner.js:165453:10)\n    at Promise._settlePromises (http://localhost:36451/__cypress/runner/cypress_runner.js:165528:18)\n    at Async../node_modules/bluebird/js/release/async.js.Async._drainQueue (http://localhost:36451/__cypress/runner/cypress_runner.js:162140:16)\n    at Async../node_modules/bluebird/js/release/async.js.Async._drainQueues (http://localhost:36451/__cypress/runner/cypress_runner.js:162150:10)\n    at Async.drainQueues (http://localhost:36451/__cypress/runner/cypress_runner.js:162024:14)",
                "diff": null
              },
              "uuid": "062c4e44-2d8b-4a62-9d2d-6c8b375644c5",
              "parentUUID": "6103542b-31e3-4ce7-bee5-01c655bc82da",
              "isHook": false,
              "skipped": false
            },
            {
              "title": "Verifica se cada cor individual da paleta de cores possui a `classe` chamada `color`.",
              "fullTitle": "2 - Adicione à página uma paleta de quatro cores distintas. Verifica se cada cor individual da paleta de cores possui a `classe` chamada `color`.",
              "timedOut": null,
              "duration": 4322,
              "state": "failed",
              "speed": null,
              "pass": false,
              "fail": true,
              "pending": false,
              "context": null,
              "code": "cy.get('.color').should('have.length', 4).then(function (colors) {\n  for (var i = 0; i < colors.length; i++) {\n    cy.wrap(colors[i]).should('be.visible');\n  }\n});",
              "err": {
                "message": "CypressError: Timed out retrying: Expected to find element: '.color', but never found it.",
                "estack": "CypressError: Timed out retrying: Expected to find element: '.color', but never found it.\n    at cypressErr (http://localhost:36451/__cypress/runner/cypress_runner.js:149934:9)\n    at throwErr (http://localhost:36451/__cypress/runner/cypress_runner.js:149867:11)\n    at Object.throwErrByPath (http://localhost:36451/__cypress/runner/cypress_runner.js:149915:3)\n    at retry (http://localhost:36451/__cypress/runner/cypress_runner.js:144197:19)\n    at onFailFn (http://localhost:36451/__cypress/runner/cypress_runner.js:132448:16)\n    at tryCatcher (http://localhost:36451/__cypress/runner/cypress_runner.js:167415:23)\n    at Promise._settlePromiseFromHandler (http://localhost:36451/__cypress/runner/cypress_runner.js:165351:31)\n    at Promise._settlePromise (http://localhost:36451/__cypress/runner/cypress_runner.js:165408:18)\n    at Promise._settlePromise0 (http://localhost:36451/__cypress/runner/cypress_runner.js:165453:10)\n    at Promise._settlePromises (http://localhost:36451/__cypress/runner/cypress_runner.js:165528:18)\n    at Async../node_modules/bluebird/js/release/async.js.Async._drainQueue (http://localhost:36451/__cypress/runner/cypress_runner.js:162140:16)\n    at Async../node_modules/bluebird/js/release/async.js.Async._drainQueues (http://localhost:36451/__cypress/runner/cypress_runner.js:162150:10)\n    at Async.drainQueues (http://localhost:36451/__cypress/runner/cypress_runner.js:162024:14)",
                "diff": null
              },
              "uuid": "9033e7f1-0bc4-4c69-a79d-9ba6e8f2e610",
              "parentUUID": "6103542b-31e3-4ce7-bee5-01c655bc82da",
              "isHook": false,
              "skipped": false
            },
            {
              "title": "Verifica se a cor de fundo de cada elemento da paleta é a cor que o elemento representa. **A única cor não permitida na paleta é a cor branca.**",
              "fullTitle": "2 - Adicione à página uma paleta de quatro cores distintas. Verifica se a cor de fundo de cada elemento da paleta é a cor que o elemento representa. **A única cor não permitida na paleta é a cor branca.**",
              "timedOut": null,
              "duration": 4317,
              "state": "failed",
              "speed": null,
              "pass": false,
              "fail": true,
              "pending": false,
              "context": null,
              "code": "cy.get('.color').each(function (color) {\n  cy.wrap(color).should('have.class', 'color').and('not.have.css', 'background-color', WHITE);\n  cy.wrap(color).should('have.css', 'background-color');\n});",
              "err": {
                "message": "CypressError: Timed out retrying: Expected to find element: '.color', but never found it.",
                "estack": "CypressError: Timed out retrying: Expected to find element: '.color', but never found it.\n    at cypressErr (http://localhost:36451/__cypress/runner/cypress_runner.js:149934:9)\n    at throwErr (http://localhost:36451/__cypress/runner/cypress_runner.js:149867:11)\n    at Object.throwErrByPath (http://localhost:36451/__cypress/runner/cypress_runner.js:149915:3)\n    at retry (http://localhost:36451/__cypress/runner/cypress_runner.js:144197:19)\n    at onFailFn (http://localhost:36451/__cypress/runner/cypress_runner.js:132448:16)\n    at tryCatcher (http://localhost:36451/__cypress/runner/cypress_runner.js:167415:23)\n    at Promise._settlePromiseFromHandler (http://localhost:36451/__cypress/runner/cypress_runner.js:165351:31)\n    at Promise._settlePromise (http://localhost:36451/__cypress/runner/cypress_runner.js:165408:18)\n    at Promise._settlePromise0 (http://localhost:36451/__cypress/runner/cypress_runner.js:165453:10)\n    at Promise._settlePromises (http://localhost:36451/__cypress/runner/cypress_runner.js:165528:18)\n    at Async../node_modules/bluebird/js/release/async.js.Async._drainQueue (http://localhost:36451/__cypress/runner/cypress_runner.js:162140:16)\n    at Async../node_modules/bluebird/js/release/async.js.Async._drainQueues (http://localhost:36451/__cypress/runner/cypress_runner.js:162150:10)\n    at Async.drainQueues (http://localhost:36451/__cypress/runner/cypress_runner.js:162024:14)",
                "diff": null
              },
              "uuid": "3562670a-344a-42d3-96ad-0121bf7fb868",
              "parentUUID": "6103542b-31e3-4ce7-bee5-01c655bc82da",
              "isHook": false,
              "skipped": false
            },
            {
              "title": "Verifica se cada elemento da paleta de cores tem uma borda preta, sólida e com 1 pixel de largura;",
              "fullTitle": "2 - Adicione à página uma paleta de quatro cores distintas. Verifica se cada elemento da paleta de cores tem uma borda preta, sólida e com 1 pixel de largura;",
              "timedOut": null,
              "duration": 4346,
              "state": "failed",
              "speed": null,
              "pass": false,
              "fail": true,
              "pending": false,
              "context": null,
              "code": "cy.get('.color').each(function (color) {\n  cy.wrap(color).and('have.css', 'border', \"1px solid \".concat(BLACK)).and('have.class', 'color');\n});",
              "err": {
                "message": "CypressError: Timed out retrying: Expected to find element: '.color', but never found it.",
                "estack": "CypressError: Timed out retrying: Expected to find element: '.color', but never found it.\n    at cypressErr (http://localhost:36451/__cypress/runner/cypress_runner.js:149934:9)\n    at throwErr (http://localhost:36451/__cypress/runner/cypress_runner.js:149867:11)\n    at Object.throwErrByPath (http://localhost:36451/__cypress/runner/cypress_runner.js:149915:3)\n    at retry (http://localhost:36451/__cypress/runner/cypress_runner.js:144197:19)\n    at onFailFn (http://localhost:36451/__cypress/runner/cypress_runner.js:132448:16)\n    at tryCatcher (http://localhost:36451/__cypress/runner/cypress_runner.js:167415:23)\n    at Promise._settlePromiseFromHandler (http://localhost:36451/__cypress/runner/cypress_runner.js:165351:31)\n    at Promise._settlePromise (http://localhost:36451/__cypress/runner/cypress_runner.js:165408:18)\n    at Promise._settlePromise0 (http://localhost:36451/__cypress/runner/cypress_runner.js:165453:10)\n    at Promise._settlePromises (http://localhost:36451/__cypress/runner/cypress_runner.js:165528:18)\n    at Async../node_modules/bluebird/js/release/async.js.Async._drainQueue (http://localhost:36451/__cypress/runner/cypress_runner.js:162140:16)\n    at Async../node_modules/bluebird/js/release/async.js.Async._drainQueues (http://localhost:36451/__cypress/runner/cypress_runner.js:162150:10)\n    at Async.drainQueues (http://localhost:36451/__cypress/runner/cypress_runner.js:162024:14)",
                "diff": null
              },
              "uuid": "d3256272-0511-4e3f-8d21-d48ebac848f7",
              "parentUUID": "6103542b-31e3-4ce7-bee5-01c655bc82da",
              "isHook": false,
              "skipped": false
            },
            {
              "title": "Verifica se a paleta lista todas as cores disponíveis para utilização, lado a lado.",
              "fullTitle": "2 - Adicione à página uma paleta de quatro cores distintas. Verifica se a paleta lista todas as cores disponíveis para utilização, lado a lado.",
              "timedOut": null,
              "duration": 4283,
              "state": "failed",
              "speed": null,
              "pass": false,
              "fail": true,
              "pending": false,
              "context": null,
              "code": "cy.get('.color').then(function (colors) {\n  for (var index = 1; index < colors.length; index += 1) {\n    var currentColor = colors[index];\n    var previousColor = colors[index - 1];\n    cy.wrap(currentColor).should('be.onTheRightOf', previousColor).and('be.horizontallyAlignedWith', previousColor);\n  }\n});",
              "err": {
                "message": "CypressError: Timed out retrying: Expected to find element: '.color', but never found it.",
                "estack": "CypressError: Timed out retrying: Expected to find element: '.color', but never found it.\n    at cypressErr (http://localhost:36451/__cypress/runner/cypress_runner.js:149934:9)\n    at throwErr (http://localhost:36451/__cypress/runner/cypress_runner.js:149867:11)\n    at Object.throwErrByPath (http://localhost:36451/__cypress/runner/cypress_runner.js:149915:3)\n    at retry (http://localhost:36451/__cypress/runner/cypress_runner.js:144197:19)\n    at onFailFn (http://localhost:36451/__cypress/runner/cypress_runner.js:132448:16)\n    at tryCatcher (http://localhost:36451/__cypress/runner/cypress_runner.js:167415:23)\n    at Promise._settlePromiseFromHandler (http://localhost:36451/__cypress/runner/cypress_runner.js:165351:31)\n    at Promise._settlePromise (http://localhost:36451/__cypress/runner/cypress_runner.js:165408:18)\n    at Promise._settlePromise0 (http://localhost:36451/__cypress/runner/cypress_runner.js:165453:10)\n    at Promise._settlePromises (http://localhost:36451/__cypress/runner/cypress_runner.js:165528:18)\n    at Async../node_modules/bluebird/js/release/async.js.Async._drainQueue (http://localhost:36451/__cypress/runner/cypress_runner.js:162140:16)\n    at Async../node_modules/bluebird/js/release/async.js.Async._drainQueues (http://localhost:36451/__cypress/runner/cypress_runner.js:162150:10)\n    at Async.drainQueues (http://localhost:36451/__cypress/runner/cypress_runner.js:162024:14)",
                "diff": null
              },
              "uuid": "ccdbe031-d042-4fd4-ae44-6ac80c39dfba",
              "parentUUID": "6103542b-31e3-4ce7-bee5-01c655bc82da",
              "isHook": false,
              "skipped": false
            },
            {
              "title": "Verifica se a paleta de cores está posicionada abaixo do título 'Paleta de Cores'",
              "fullTitle": "2 - Adicione à página uma paleta de quatro cores distintas. Verifica se a paleta de cores está posicionada abaixo do título 'Paleta de Cores'",
              "timedOut": null,
              "duration": 4375,
              "state": "failed",
              "speed": null,
              "pass": false,
              "fail": true,
              "pending": false,
              "context": null,
              "code": "cy.get('h1#title').then(function (title) {\n  cy.get('#color-palette').should('be.belowOf', title);\n});",
              "err": {
                "message": "CypressError: Timed out retrying: Expected to find element: '#color-palette', but never found it.",
                "estack": "CypressError: Timed out retrying: Expected to find element: '#color-palette', but never found it.\n    at cypressErr (http://localhost:36451/__cypress/runner/cypress_runner.js:149934:9)\n    at throwErr (http://localhost:36451/__cypress/runner/cypress_runner.js:149867:11)\n    at Object.throwErrByPath (http://localhost:36451/__cypress/runner/cypress_runner.js:149915:3)\n    at retry (http://localhost:36451/__cypress/runner/cypress_runner.js:144197:19)\n    at onFailFn (http://localhost:36451/__cypress/runner/cypress_runner.js:132448:16)\n    at tryCatcher (http://localhost:36451/__cypress/runner/cypress_runner.js:167415:23)\n    at Promise._settlePromiseFromHandler (http://localhost:36451/__cypress/runner/cypress_runner.js:165351:31)\n    at Promise._settlePromise (http://localhost:36451/__cypress/runner/cypress_runner.js:165408:18)\n    at Promise._settlePromise0 (http://localhost:36451/__cypress/runner/cypress_runner.js:165453:10)\n    at Promise._settlePromises (http://localhost:36451/__cypress/runner/cypress_runner.js:165528:18)\n    at Async../node_modules/bluebird/js/release/async.js.Async._drainQueue (http://localhost:36451/__cypress/runner/cypress_runner.js:162140:16)\n    at Async../node_modules/bluebird/js/release/async.js.Async._drainQueues (http://localhost:36451/__cypress/runner/cypress_runner.js:162150:10)\n    at Async.drainQueues (http://localhost:36451/__cypress/runner/cypress_runner.js:162024:14)",
                "diff": null
              },
              "uuid": "ee370151-f040-43d3-b432-ce566228510b",
              "parentUUID": "6103542b-31e3-4ce7-bee5-01c655bc82da",
              "isHook": false,
              "skipped": false
            },
            {
              "title": "Verifica se a paleta de cores não contém cores repetidas.",
              "fullTitle": "2 - Adicione à página uma paleta de quatro cores distintas. Verifica se a paleta de cores não contém cores repetidas.",
              "timedOut": null,
              "duration": 4256,
              "state": "failed",
              "speed": null,
              "pass": false,
              "fail": true,
              "pending": false,
              "context": null,
              "code": "cy.get('.color').then(function (colors) {\n  var allColors = Array.from(colors).map(function (color) {\n    return Cypress.$(color).css('background-color');\n  });\n  cy.log(allColors);\n  var uniqColors = (0, _toConsumableArray2[\"default\"])(new Set(allColors));\n  cy.log(uniqColors);\n  expect(allColors.length).to.eq(uniqColors.length);\n});",
              "err": {
                "message": "CypressError: Timed out retrying: Expected to find element: '.color', but never found it.",
                "estack": "CypressError: Timed out retrying: Expected to find element: '.color', but never found it.\n    at cypressErr (http://localhost:36451/__cypress/runner/cypress_runner.js:149934:9)\n    at throwErr (http://localhost:36451/__cypress/runner/cypress_runner.js:149867:11)\n    at Object.throwErrByPath (http://localhost:36451/__cypress/runner/cypress_runner.js:149915:3)\n    at retry (http://localhost:36451/__cypress/runner/cypress_runner.js:144197:19)\n    at onFailFn (http://localhost:36451/__cypress/runner/cypress_runner.js:132448:16)\n    at tryCatcher (http://localhost:36451/__cypress/runner/cypress_runner.js:167415:23)\n    at Promise._settlePromiseFromHandler (http://localhost:36451/__cypress/runner/cypress_runner.js:165351:31)\n    at Promise._settlePromise (http://localhost:36451/__cypress/runner/cypress_runner.js:165408:18)\n    at Promise._settlePromise0 (http://localhost:36451/__cypress/runner/cypress_runner.js:165453:10)\n    at Promise._settlePromises (http://localhost:36451/__cypress/runner/cypress_runner.js:165528:18)\n    at Async../node_modules/bluebird/js/release/async.js.Async._drainQueue (http://localhost:36451/__cypress/runner/cypress_runner.js:162140:16)\n    at Async../node_modules/bluebird/js/release/async.js.Async._drainQueues (http://localhost:36451/__cypress/runner/cypress_runner.js:162150:10)\n    at Async.drainQueues (http://localhost:36451/__cypress/runner/cypress_runner.js:162024:14)",
                "diff": null
              },
              "uuid": "bc0ed187-cd79-43e2-8d34-cbc55cb6271b",
              "parentUUID": "6103542b-31e3-4ce7-bee5-01c655bc82da",
              "isHook": false,
              "skipped": false
            }
          ],
          "suites": [],
          "passes": [],
          "failures": [
            "062c4e44-2d8b-4a62-9d2d-6c8b375644c5",
            "9033e7f1-0bc4-4c69-a79d-9ba6e8f2e610",
            "3562670a-344a-42d3-96ad-0121bf7fb868",
            "d3256272-0511-4e3f-8d21-d48ebac848f7",
            "ccdbe031-d042-4fd4-ae44-6ac80c39dfba",
            "ee370151-f040-43d3-b432-ce566228510b",
            "bc0ed187-cd79-43e2-8d34-cbc55cb6271b"
          ],
          "pending": [],
          "skipped": [],
          "duration": 30275,
          "root": false,
          "rootEmpty": false,
          "_timeout": 2000
        },
        {
          "uuid": "a0263fb2-e84c-433c-81f0-0b8192e362ee",
          "title": "3 - Adicione a cor **preta** como a primeira cor da paleta de cores.",
          "fullFile": "",
          "file": "",
          "beforeHooks": [],
          "afterHooks": [],
          "tests": [
            {
              "title": "Verifica se a primeira cor da paleta é preta",
              "fullTitle": "3 - Adicione a cor **preta** como a primeira cor da paleta de cores. Verifica se a primeira cor da paleta é preta",
              "timedOut": null,
              "duration": 4272,
              "state": "failed",
              "speed": null,
              "pass": false,
              "fail": true,
              "pending": false,
              "context": null,
              "code": "cy.get('.color').first().should('have.css', 'background-color', BLACK);",
              "err": {
                "message": "CypressError: Timed out retrying: Expected to find element: '.color', but never found it.",
                "estack": "CypressError: Timed out retrying: Expected to find element: '.color', but never found it.\n    at cypressErr (http://localhost:36451/__cypress/runner/cypress_runner.js:149934:9)\n    at throwErr (http://localhost:36451/__cypress/runner/cypress_runner.js:149867:11)\n    at Object.throwErrByPath (http://localhost:36451/__cypress/runner/cypress_runner.js:149915:3)\n    at retry (http://localhost:36451/__cypress/runner/cypress_runner.js:144197:19)\n    at onFailFn (http://localhost:36451/__cypress/runner/cypress_runner.js:132448:16)\n    at tryCatcher (http://localhost:36451/__cypress/runner/cypress_runner.js:167415:23)\n    at Promise._settlePromiseFromHandler (http://localhost:36451/__cypress/runner/cypress_runner.js:165351:31)\n    at Promise._settlePromise (http://localhost:36451/__cypress/runner/cypress_runner.js:165408:18)\n    at Promise._settlePromise0 (http://localhost:36451/__cypress/runner/cypress_runner.js:165453:10)\n    at Promise._settlePromises (http://localhost:36451/__cypress/runner/cypress_runner.js:165528:18)\n    at Async../node_modules/bluebird/js/release/async.js.Async._drainQueue (http://localhost:36451/__cypress/runner/cypress_runner.js:162140:16)\n    at Async../node_modules/bluebird/js/release/async.js.Async._drainQueues (http://localhost:36451/__cypress/runner/cypress_runner.js:162150:10)\n    at Async.drainQueues (http://localhost:36451/__cypress/runner/cypress_runner.js:162024:14)",
                "diff": null
              },
              "uuid": "ce1bcb2a-f2d4-449b-85f3-66dbe91b4085",
              "parentUUID": "a0263fb2-e84c-433c-81f0-0b8192e362ee",
              "isHook": false,
              "skipped": false
            },
            {
              "title": "Verifica se as demais cores podem ser escolhidas livremente.",
              "fullTitle": "3 - Adicione a cor **preta** como a primeira cor da paleta de cores. Verifica se as demais cores podem ser escolhidas livremente.",
              "timedOut": null,
              "duration": 4260,
              "state": "failed",
              "speed": null,
              "pass": false,
              "fail": true,
              "pending": false,
              "context": null,
              "code": "cy.get('.color').eq(1).should('not.have.css', 'background-color', BLACK);\ncy.get('.color').eq(1).should('not.have.css', 'background-color', WHITE);\ncy.get('.color').eq(1).should('not.have.css', 'background-color', 'rgba(0, 0, 0, 0)');\ncy.get('.color').eq(1).should('have.css', 'background-color');\ncy.get('.color').eq(2).should('not.have.css', 'background-color', BLACK);\ncy.get('.color').eq(2).should('not.have.css', 'background-color', WHITE);\ncy.get('.color').eq(2).should('not.have.css', 'background-color', 'rgba(0, 0, 0, 0)');\ncy.get('.color').eq(2).should('have.css', 'background-color');\ncy.get('.color').eq(3).should('not.have.css', 'background-color', BLACK);\ncy.get('.color').eq(3).should('not.have.css', 'background-color', WHITE);\ncy.get('.color').eq(3).should('not.have.css', 'background-color', 'rgba(0, 0, 0, 0)');\ncy.get('.color').eq(3).should('have.css', 'background-color');",
              "err": {
                "message": "CypressError: Timed out retrying: Expected to find element: '.color', but never found it.",
                "estack": "CypressError: Timed out retrying: Expected to find element: '.color', but never found it.\n    at cypressErr (http://localhost:36451/__cypress/runner/cypress_runner.js:149934:9)\n    at throwErr (http://localhost:36451/__cypress/runner/cypress_runner.js:149867:11)\n    at Object.throwErrByPath (http://localhost:36451/__cypress/runner/cypress_runner.js:149915:3)\n    at retry (http://localhost:36451/__cypress/runner/cypress_runner.js:144197:19)\n    at onFailFn (http://localhost:36451/__cypress/runner/cypress_runner.js:132448:16)\n    at tryCatcher (http://localhost:36451/__cypress/runner/cypress_runner.js:167415:23)\n    at Promise._settlePromiseFromHandler (http://localhost:36451/__cypress/runner/cypress_runner.js:165351:31)\n    at Promise._settlePromise (http://localhost:36451/__cypress/runner/cypress_runner.js:165408:18)\n    at Promise._settlePromise0 (http://localhost:36451/__cypress/runner/cypress_runner.js:165453:10)\n    at Promise._settlePromises (http://localhost:36451/__cypress/runner/cypress_runner.js:165528:18)\n    at Async../node_modules/bluebird/js/release/async.js.Async._drainQueue (http://localhost:36451/__cypress/runner/cypress_runner.js:162140:16)\n    at Async../node_modules/bluebird/js/release/async.js.Async._drainQueues (http://localhost:36451/__cypress/runner/cypress_runner.js:162150:10)\n    at Async.drainQueues (http://localhost:36451/__cypress/runner/cypress_runner.js:162024:14)",
                "diff": null
              },
              "uuid": "6b75352b-6653-4717-b018-3d242e71da03",
              "parentUUID": "a0263fb2-e84c-433c-81f0-0b8192e362ee",
              "isHook": false,
              "skipped": false
            }
          ],
          "suites": [],
          "passes": [],
          "failures": [
            "ce1bcb2a-f2d4-449b-85f3-66dbe91b4085",
            "6b75352b-6653-4717-b018-3d242e71da03"
          ],
          "pending": [],
          "skipped": [],
          "duration": 8532,
          "root": false,
          "rootEmpty": false,
          "_timeout": 2000
        },
        {
          "uuid": "d4ecc241-5411-47de-b404-56b370ed12d3",
          "title": "4 - Adicione à página um quadro de pixels, com 25 pixels.",
          "fullFile": "",
          "file": "",
          "beforeHooks": [],
          "afterHooks": [],
          "tests": [
            {
              "title": "Verifica se o quadro de pixels possui o `id` denominado `pixel-board`",
              "fullTitle": "4 - Adicione à página um quadro de pixels, com 25 pixels. Verifica se o quadro de pixels possui o `id` denominado `pixel-board`",
              "timedOut": null,
              "duration": 4222,
              "state": "failed",
              "speed": null,
              "pass": false,
              "fail": true,
              "pending": false,
              "context": null,
              "code": "cy.get('#pixel-board').should('be.visible');",
              "err": {
                "message": "CypressError: Timed out retrying: Expected to find element: '#pixel-board', but never found it.",
                "estack": "CypressError: Timed out retrying: Expected to find element: '#pixel-board', but never found it.\n    at cypressErr (http://localhost:36451/__cypress/runner/cypress_runner.js:149934:9)\n    at throwErr (http://localhost:36451/__cypress/runner/cypress_runner.js:149867:11)\n    at Object.throwErrByPath (http://localhost:36451/__cypress/runner/cypress_runner.js:149915:3)\n    at retry (http://localhost:36451/__cypress/runner/cypress_runner.js:144197:19)\n    at onFailFn (http://localhost:36451/__cypress/runner/cypress_runner.js:132448:16)\n    at tryCatcher (http://localhost:36451/__cypress/runner/cypress_runner.js:167415:23)\n    at Promise._settlePromiseFromHandler (http://localhost:36451/__cypress/runner/cypress_runner.js:165351:31)\n    at Promise._settlePromise (http://localhost:36451/__cypress/runner/cypress_runner.js:165408:18)\n    at Promise._settlePromise0 (http://localhost:36451/__cypress/runner/cypress_runner.js:165453:10)\n    at Promise._settlePromises (http://localhost:36451/__cypress/runner/cypress_runner.js:165528:18)\n    at Async../node_modules/bluebird/js/release/async.js.Async._drainQueue (http://localhost:36451/__cypress/runner/cypress_runner.js:162140:16)\n    at Async../node_modules/bluebird/js/release/async.js.Async._drainQueues (http://localhost:36451/__cypress/runner/cypress_runner.js:162150:10)\n    at Async.drainQueues (http://localhost:36451/__cypress/runner/cypress_runner.js:162024:14)",
                "diff": null
              },
              "uuid": "b1f2e17a-b91c-479d-a290-5c54fe05ab83",
              "parentUUID": "d4ecc241-5411-47de-b404-56b370ed12d3",
              "isHook": false,
              "skipped": false
            },
            {
              "title": "Verifica se cada pixel individual dentro do quadro possui a `classe` denominada `pixel`.",
              "fullTitle": "4 - Adicione à página um quadro de pixels, com 25 pixels. Verifica se cada pixel individual dentro do quadro possui a `classe` denominada `pixel`.",
              "timedOut": null,
              "duration": 4218,
              "state": "failed",
              "speed": null,
              "pass": false,
              "fail": true,
              "pending": false,
              "context": null,
              "code": "cy.get('.pixel').should('have.length', 25);",
              "err": {
                "message": "CypressError: Timed out retrying: Expected to find element: '.pixel', but never found it.",
                "estack": "CypressError: Timed out retrying: Expected to find element: '.pixel', but never found it.\n    at cypressErr (http://localhost:36451/__cypress/runner/cypress_runner.js:149934:9)\n    at throwErr (http://localhost:36451/__cypress/runner/cypress_runner.js:149867:11)\n    at Object.throwErrByPath (http://localhost:36451/__cypress/runner/cypress_runner.js:149915:3)\n    at retry (http://localhost:36451/__cypress/runner/cypress_runner.js:144197:19)\n    at onFailFn (http://localhost:36451/__cypress/runner/cypress_runner.js:132448:16)\n    at tryCatcher (http://localhost:36451/__cypress/runner/cypress_runner.js:167415:23)\n    at Promise._settlePromiseFromHandler (http://localhost:36451/__cypress/runner/cypress_runner.js:165351:31)\n    at Promise._settlePromise (http://localhost:36451/__cypress/runner/cypress_runner.js:165408:18)\n    at Promise._settlePromise0 (http://localhost:36451/__cypress/runner/cypress_runner.js:165453:10)\n    at Promise._settlePromises (http://localhost:36451/__cypress/runner/cypress_runner.js:165528:18)\n    at Async../node_modules/bluebird/js/release/async.js.Async._drainQueue (http://localhost:36451/__cypress/runner/cypress_runner.js:162140:16)\n    at Async../node_modules/bluebird/js/release/async.js.Async._drainQueues (http://localhost:36451/__cypress/runner/cypress_runner.js:162150:10)\n    at Async.drainQueues (http://localhost:36451/__cypress/runner/cypress_runner.js:162024:14)",
                "diff": null
              },
              "uuid": "17622967-da43-4400-abe7-ac36867d83ab",
              "parentUUID": "d4ecc241-5411-47de-b404-56b370ed12d3",
              "isHook": false,
              "skipped": false
            },
            {
              "title": "Verifica se a cor inicial dos pixels dentro do quadro, ao abrir a página, é branca.",
              "fullTitle": "4 - Adicione à página um quadro de pixels, com 25 pixels. Verifica se a cor inicial dos pixels dentro do quadro, ao abrir a página, é branca.",
              "timedOut": null,
              "duration": 4223,
              "state": "failed",
              "speed": null,
              "pass": false,
              "fail": true,
              "pending": false,
              "context": null,
              "code": "cy.get('.pixel').should('have.length', 25).each(function (pixel) {\n  expect(pixel).to.have.css('background-color', WHITE);\n});",
              "err": {
                "message": "CypressError: Timed out retrying: Expected to find element: '.pixel', but never found it.",
                "estack": "CypressError: Timed out retrying: Expected to find element: '.pixel', but never found it.\n    at cypressErr (http://localhost:36451/__cypress/runner/cypress_runner.js:149934:9)\n    at throwErr (http://localhost:36451/__cypress/runner/cypress_runner.js:149867:11)\n    at Object.throwErrByPath (http://localhost:36451/__cypress/runner/cypress_runner.js:149915:3)\n    at retry (http://localhost:36451/__cypress/runner/cypress_runner.js:144197:19)\n    at onFailFn (http://localhost:36451/__cypress/runner/cypress_runner.js:132448:16)\n    at tryCatcher (http://localhost:36451/__cypress/runner/cypress_runner.js:167415:23)\n    at Promise._settlePromiseFromHandler (http://localhost:36451/__cypress/runner/cypress_runner.js:165351:31)\n    at Promise._settlePromise (http://localhost:36451/__cypress/runner/cypress_runner.js:165408:18)\n    at Promise._settlePromise0 (http://localhost:36451/__cypress/runner/cypress_runner.js:165453:10)\n    at Promise._settlePromises (http://localhost:36451/__cypress/runner/cypress_runner.js:165528:18)\n    at Async../node_modules/bluebird/js/release/async.js.Async._drainQueue (http://localhost:36451/__cypress/runner/cypress_runner.js:162140:16)\n    at Async../node_modules/bluebird/js/release/async.js.Async._drainQueues (http://localhost:36451/__cypress/runner/cypress_runner.js:162150:10)\n    at Async.drainQueues (http://localhost:36451/__cypress/runner/cypress_runner.js:162024:14)",
                "diff": null
              },
              "uuid": "1377b46a-426c-4dc9-a530-134a2607da40",
              "parentUUID": "d4ecc241-5411-47de-b404-56b370ed12d3",
              "isHook": false,
              "skipped": false
            },
            {
              "title": "Verifica se o quadro de pixels aparece abaixo da paleta de cores",
              "fullTitle": "4 - Adicione à página um quadro de pixels, com 25 pixels. Verifica se o quadro de pixels aparece abaixo da paleta de cores",
              "timedOut": null,
              "duration": 4334,
              "state": "failed",
              "speed": null,
              "pass": false,
              "fail": true,
              "pending": false,
              "context": null,
              "code": "cy.get('#color-palette').then(function (palette) {\n  cy.get('#pixel-board').should('be.belowOf', palette);\n});",
              "err": {
                "message": "CypressError: Timed out retrying: Expected to find element: '#color-palette', but never found it.",
                "estack": "CypressError: Timed out retrying: Expected to find element: '#color-palette', but never found it.\n    at cypressErr (http://localhost:36451/__cypress/runner/cypress_runner.js:149934:9)\n    at throwErr (http://localhost:36451/__cypress/runner/cypress_runner.js:149867:11)\n    at Object.throwErrByPath (http://localhost:36451/__cypress/runner/cypress_runner.js:149915:3)\n    at retry (http://localhost:36451/__cypress/runner/cypress_runner.js:144197:19)\n    at onFailFn (http://localhost:36451/__cypress/runner/cypress_runner.js:132448:16)\n    at tryCatcher (http://localhost:36451/__cypress/runner/cypress_runner.js:167415:23)\n    at Promise._settlePromiseFromHandler (http://localhost:36451/__cypress/runner/cypress_runner.js:165351:31)\n    at Promise._settlePromise (http://localhost:36451/__cypress/runner/cypress_runner.js:165408:18)\n    at Promise._settlePromise0 (http://localhost:36451/__cypress/runner/cypress_runner.js:165453:10)\n    at Promise._settlePromises (http://localhost:36451/__cypress/runner/cypress_runner.js:165528:18)\n    at Async../node_modules/bluebird/js/release/async.js.Async._drainQueue (http://localhost:36451/__cypress/runner/cypress_runner.js:162140:16)\n    at Async../node_modules/bluebird/js/release/async.js.Async._drainQueues (http://localhost:36451/__cypress/runner/cypress_runner.js:162150:10)\n    at Async.drainQueues (http://localhost:36451/__cypress/runner/cypress_runner.js:162024:14)",
                "diff": null
              },
              "uuid": "b0512ee7-7e8e-4621-8365-e69caeb09ff7",
              "parentUUID": "d4ecc241-5411-47de-b404-56b370ed12d3",
              "isHook": false,
              "skipped": false
            }
          ],
          "suites": [],
          "passes": [],
          "failures": [
            "b1f2e17a-b91c-479d-a290-5c54fe05ab83",
            "17622967-da43-4400-abe7-ac36867d83ab",
            "1377b46a-426c-4dc9-a530-134a2607da40",
            "b0512ee7-7e8e-4621-8365-e69caeb09ff7"
          ],
          "pending": [],
          "skipped": [],
          "duration": 16997,
          "root": false,
          "rootEmpty": false,
          "_timeout": 2000
        },
        {
          "uuid": "7918586d-b079-467e-befc-76db9df67ae3",
          "title": "5 - Faça com que cada elemento do quadro de pixels possua 40 pixels de largura, 40 pixels de altura e seja delimitado por uma borda preta de 1 pixel.",
          "fullFile": "",
          "file": "",
          "beforeHooks": [],
          "afterHooks": [],
          "tests": [
            {
              "title": "Verifica se o quadro de pixels tem altura e comprimento de 5 elementos",
              "fullTitle": "5 - Faça com que cada elemento do quadro de pixels possua 40 pixels de largura, 40 pixels de altura e seja delimitado por uma borda preta de 1 pixel. Verifica se o quadro de pixels tem altura e comprimento de 5 elementos",
              "timedOut": null,
              "duration": 4314,
              "state": "failed",
              "speed": null,
              "pass": false,
              "fail": true,
              "pending": false,
              "context": null,
              "code": "cy.get('.pixel').should('have.length', 25).each(function (pixel) {\n  expect(pixel).to.have.css('background-color', WHITE);\n}).and(function (pixels) {\n  var rows = chunk(pixels, 5);\n  rows.forEach(function (row) {\n    for (var index = 1; index < row.length; index += 1) {\n      var current = pixels[index];\n      var previous = pixels[index - 1];\n      cy.wrap(current).should('be.onTheRightOf', previous).and('be.horizontallyAlignedWith', previous);\n    }\n  });\n  for (var index = 1; index < 5; index += 1) {\n    expect(pixels[index * 5]).to.be.belowOf(pixels[(index - 1) * 5]);\n  }\n});",
              "err": {
                "message": "CypressError: Timed out retrying: Expected to find element: '.pixel', but never found it.",
                "estack": "CypressError: Timed out retrying: Expected to find element: '.pixel', but never found it.\n    at cypressErr (http://localhost:36451/__cypress/runner/cypress_runner.js:149934:9)\n    at throwErr (http://localhost:36451/__cypress/runner/cypress_runner.js:149867:11)\n    at Object.throwErrByPath (http://localhost:36451/__cypress/runner/cypress_runner.js:149915:3)\n    at retry (http://localhost:36451/__cypress/runner/cypress_runner.js:144197:19)\n    at onFailFn (http://localhost:36451/__cypress/runner/cypress_runner.js:132448:16)\n    at tryCatcher (http://localhost:36451/__cypress/runner/cypress_runner.js:167415:23)\n    at Promise._settlePromiseFromHandler (http://localhost:36451/__cypress/runner/cypress_runner.js:165351:31)\n    at Promise._settlePromise (http://localhost:36451/__cypress/runner/cypress_runner.js:165408:18)\n    at Promise._settlePromise0 (http://localhost:36451/__cypress/runner/cypress_runner.js:165453:10)\n    at Promise._settlePromises (http://localhost:36451/__cypress/runner/cypress_runner.js:165528:18)\n    at Async../node_modules/bluebird/js/release/async.js.Async._drainQueue (http://localhost:36451/__cypress/runner/cypress_runner.js:162140:16)\n    at Async../node_modules/bluebird/js/release/async.js.Async._drainQueues (http://localhost:36451/__cypress/runner/cypress_runner.js:162150:10)\n    at Async.drainQueues (http://localhost:36451/__cypress/runner/cypress_runner.js:162024:14)",
                "diff": null
              },
              "uuid": "7832a035-0243-44d2-acf7-bd533a28bd78",
              "parentUUID": "7918586d-b079-467e-befc-76db9df67ae3",
              "isHook": false,
              "skipped": false
            },
            {
              "title": "Verifica se 40 pixels é o tamanho total do elemento, incluindo seu conteúdo e excluindo a borda preta, que deve ser criada à parte.",
              "fullTitle": "5 - Faça com que cada elemento do quadro de pixels possua 40 pixels de largura, 40 pixels de altura e seja delimitado por uma borda preta de 1 pixel. Verifica se 40 pixels é o tamanho total do elemento, incluindo seu conteúdo e excluindo a borda preta, que deve ser criada à parte.",
              "timedOut": null,
              "duration": 4321,
              "state": "failed",
              "speed": null,
              "pass": false,
              "fail": true,
              "pending": false,
              "context": null,
              "code": "cy.get('.pixel').each(function (pixel) {\n  cy.wrap(pixel).should('have.css', 'height', '40px').and('have.css', 'width', '40px').and('have.css', 'border', \"1px solid \".concat(BLACK));\n});",
              "err": {
                "message": "CypressError: Timed out retrying: Expected to find element: '.pixel', but never found it.",
                "estack": "CypressError: Timed out retrying: Expected to find element: '.pixel', but never found it.\n    at cypressErr (http://localhost:36451/__cypress/runner/cypress_runner.js:149934:9)\n    at throwErr (http://localhost:36451/__cypress/runner/cypress_runner.js:149867:11)\n    at Object.throwErrByPath (http://localhost:36451/__cypress/runner/cypress_runner.js:149915:3)\n    at retry (http://localhost:36451/__cypress/runner/cypress_runner.js:144197:19)\n    at onFailFn (http://localhost:36451/__cypress/runner/cypress_runner.js:132448:16)\n    at tryCatcher (http://localhost:36451/__cypress/runner/cypress_runner.js:167415:23)\n    at Promise._settlePromiseFromHandler (http://localhost:36451/__cypress/runner/cypress_runner.js:165351:31)\n    at Promise._settlePromise (http://localhost:36451/__cypress/runner/cypress_runner.js:165408:18)\n    at Promise._settlePromise0 (http://localhost:36451/__cypress/runner/cypress_runner.js:165453:10)\n    at Promise._settlePromises (http://localhost:36451/__cypress/runner/cypress_runner.js:165528:18)\n    at Async../node_modules/bluebird/js/release/async.js.Async._drainQueue (http://localhost:36451/__cypress/runner/cypress_runner.js:162140:16)\n    at Async../node_modules/bluebird/js/release/async.js.Async._drainQueues (http://localhost:36451/__cypress/runner/cypress_runner.js:162150:10)\n    at Async.drainQueues (http://localhost:36451/__cypress/runner/cypress_runner.js:162024:14)",
                "diff": null
              },
              "uuid": "610f0fbe-14f0-4669-a53a-4e551dfced47",
              "parentUUID": "7918586d-b079-467e-befc-76db9df67ae3",
              "isHook": false,
              "skipped": false
            }
          ],
          "suites": [],
          "passes": [],
          "failures": [
            "7832a035-0243-44d2-acf7-bd533a28bd78",
            "610f0fbe-14f0-4669-a53a-4e551dfced47"
          ],
          "pending": [],
          "skipped": [],
          "duration": 8635,
          "root": false,
          "rootEmpty": false,
          "_timeout": 2000
        },
        {
          "uuid": "cbbce36c-bf53-4f42-a3c3-061cc726ded4",
          "title": "6 - Defina a cor preta como cor inicial. Ao carregar a página a cor preta já deve estar selecionada para pintar os pixels",
          "fullFile": "",
          "file": "",
          "beforeHooks": [],
          "afterHooks": [],
          "tests": [
            {
              "title": "Verifica se o elemento da cor preta possui, inicialmente, a `classe` `selected`",
              "fullTitle": "6 - Defina a cor preta como cor inicial. Ao carregar a página a cor preta já deve estar selecionada para pintar os pixels Verifica se o elemento da cor preta possui, inicialmente, a `classe` `selected`",
              "timedOut": null,
              "duration": 4256,
              "state": "failed",
              "speed": null,
              "pass": false,
              "fail": true,
              "pending": false,
              "context": null,
              "code": "cy.get('.selected').first().should('have.css', 'background-color', BLACK);",
              "err": {
                "message": "CypressError: Timed out retrying: Expected to find element: '.selected', but never found it.",
                "estack": "CypressError: Timed out retrying: Expected to find element: '.selected', but never found it.\n    at cypressErr (http://localhost:36451/__cypress/runner/cypress_runner.js:149934:9)\n    at throwErr (http://localhost:36451/__cypress/runner/cypress_runner.js:149867:11)\n    at Object.throwErrByPath (http://localhost:36451/__cypress/runner/cypress_runner.js:149915:3)\n    at retry (http://localhost:36451/__cypress/runner/cypress_runner.js:144197:19)\n    at onFailFn (http://localhost:36451/__cypress/runner/cypress_runner.js:132448:16)\n    at tryCatcher (http://localhost:36451/__cypress/runner/cypress_runner.js:167415:23)\n    at Promise._settlePromiseFromHandler (http://localhost:36451/__cypress/runner/cypress_runner.js:165351:31)\n    at Promise._settlePromise (http://localhost:36451/__cypress/runner/cypress_runner.js:165408:18)\n    at Promise._settlePromise0 (http://localhost:36451/__cypress/runner/cypress_runner.js:165453:10)\n    at Promise._settlePromises (http://localhost:36451/__cypress/runner/cypress_runner.js:165528:18)\n    at Async../node_modules/bluebird/js/release/async.js.Async._drainQueue (http://localhost:36451/__cypress/runner/cypress_runner.js:162140:16)\n    at Async../node_modules/bluebird/js/release/async.js.Async._drainQueues (http://localhost:36451/__cypress/runner/cypress_runner.js:162150:10)\n    at Async.drainQueues (http://localhost:36451/__cypress/runner/cypress_runner.js:162024:14)",
                "diff": null
              },
              "uuid": "9f7facbb-7766-47de-ad2d-19eb6e0964fa",
              "parentUUID": "cbbce36c-bf53-4f42-a3c3-061cc726ded4",
              "isHook": false,
              "skipped": false
            },
            {
              "title": "Verifica se nenhuma outra cor da paleta tem a `classe` `selected`",
              "fullTitle": "6 - Defina a cor preta como cor inicial. Ao carregar a página a cor preta já deve estar selecionada para pintar os pixels Verifica se nenhuma outra cor da paleta tem a `classe` `selected`",
              "timedOut": null,
              "duration": 4272,
              "state": "failed",
              "speed": null,
              "pass": false,
              "fail": true,
              "pending": false,
              "context": null,
              "code": "cy.get('.color:not(:first-child)').each(function (color) {\n  cy.wrap(color).should('not.have.class', 'selected');\n});",
              "err": {
                "message": "CypressError: Timed out retrying: Expected to find element: '.color:not(:first-child)', but never found it.",
                "estack": "CypressError: Timed out retrying: Expected to find element: '.color:not(:first-child)', but never found it.\n    at cypressErr (http://localhost:36451/__cypress/runner/cypress_runner.js:149934:9)\n    at throwErr (http://localhost:36451/__cypress/runner/cypress_runner.js:149867:11)\n    at Object.throwErrByPath (http://localhost:36451/__cypress/runner/cypress_runner.js:149915:3)\n    at retry (http://localhost:36451/__cypress/runner/cypress_runner.js:144197:19)\n    at onFailFn (http://localhost:36451/__cypress/runner/cypress_runner.js:132448:16)\n    at tryCatcher (http://localhost:36451/__cypress/runner/cypress_runner.js:167415:23)\n    at Promise._settlePromiseFromHandler (http://localhost:36451/__cypress/runner/cypress_runner.js:165351:31)\n    at Promise._settlePromise (http://localhost:36451/__cypress/runner/cypress_runner.js:165408:18)\n    at Promise._settlePromise0 (http://localhost:36451/__cypress/runner/cypress_runner.js:165453:10)\n    at Promise._settlePromises (http://localhost:36451/__cypress/runner/cypress_runner.js:165528:18)\n    at Async../node_modules/bluebird/js/release/async.js.Async._drainQueue (http://localhost:36451/__cypress/runner/cypress_runner.js:162140:16)\n    at Async../node_modules/bluebird/js/release/async.js.Async._drainQueues (http://localhost:36451/__cypress/runner/cypress_runner.js:162150:10)\n    at Async.drainQueues (http://localhost:36451/__cypress/runner/cypress_runner.js:162024:14)",
                "diff": null
              },
              "uuid": "3c472a17-18a0-4d13-9a27-5ad63ccb7751",
              "parentUUID": "cbbce36c-bf53-4f42-a3c3-061cc726ded4",
              "isHook": false,
              "skipped": false
            }
          ],
          "suites": [],
          "passes": [],
          "failures": [
            "9f7facbb-7766-47de-ad2d-19eb6e0964fa",
            "3c472a17-18a0-4d13-9a27-5ad63ccb7751"
          ],
          "pending": [],
          "skipped": [],
          "duration": 8528,
          "root": false,
          "rootEmpty": false,
          "_timeout": 2000
        },
        {
          "uuid": "a1577577-d2b7-46b1-96bb-00a2ef99b573",
          "title": "7 - Clicar em uma das cores da paleta, faz com que ela seja selecionada e utilizada para preencher os pixels no quadro.",
          "fullFile": "",
          "file": "",
          "beforeHooks": [],
          "afterHooks": [],
          "tests": [
            {
              "title": "Verifica se somente uma cor da paleta de cores tem a classe `selected` de cada vez",
              "fullTitle": "7 - Clicar em uma das cores da paleta, faz com que ela seja selecionada e utilizada para preencher os pixels no quadro. Verifica se somente uma cor da paleta de cores tem a classe `selected` de cada vez",
              "timedOut": null,
              "duration": 4237,
              "state": "failed",
              "speed": null,
              "pass": false,
              "fail": true,
              "pending": false,
              "context": null,
              "code": "cy.get('.color').each(function (selectedColor, selectedColorIndex) {\n  cy.wrap(selectedColor).click();\n  cy.get('.color').each(function (color, colorIndex) {\n    if (colorIndex === selectedColorIndex) {\n      expect(color).to.have[\"class\"]('selected');\n    } else {\n      expect(color).not.to.have[\"class\"]('selected');\n    }\n  });\n});",
              "err": {
                "message": "CypressError: Timed out retrying: Expected to find element: '.color', but never found it.",
                "estack": "CypressError: Timed out retrying: Expected to find element: '.color', but never found it.\n    at cypressErr (http://localhost:36451/__cypress/runner/cypress_runner.js:149934:9)\n    at throwErr (http://localhost:36451/__cypress/runner/cypress_runner.js:149867:11)\n    at Object.throwErrByPath (http://localhost:36451/__cypress/runner/cypress_runner.js:149915:3)\n    at retry (http://localhost:36451/__cypress/runner/cypress_runner.js:144197:19)\n    at onFailFn (http://localhost:36451/__cypress/runner/cypress_runner.js:132448:16)\n    at tryCatcher (http://localhost:36451/__cypress/runner/cypress_runner.js:167415:23)\n    at Promise._settlePromiseFromHandler (http://localhost:36451/__cypress/runner/cypress_runner.js:165351:31)\n    at Promise._settlePromise (http://localhost:36451/__cypress/runner/cypress_runner.js:165408:18)\n    at Promise._settlePromise0 (http://localhost:36451/__cypress/runner/cypress_runner.js:165453:10)\n    at Promise._settlePromises (http://localhost:36451/__cypress/runner/cypress_runner.js:165528:18)\n    at Async../node_modules/bluebird/js/release/async.js.Async._drainQueue (http://localhost:36451/__cypress/runner/cypress_runner.js:162140:16)\n    at Async../node_modules/bluebird/js/release/async.js.Async._drainQueues (http://localhost:36451/__cypress/runner/cypress_runner.js:162150:10)\n    at Async.drainQueues (http://localhost:36451/__cypress/runner/cypress_runner.js:162024:14)",
                "diff": null
              },
              "uuid": "1de50024-dd22-48d8-9523-3c59658fb3f8",
              "parentUUID": "a1577577-d2b7-46b1-96bb-00a2ef99b573",
              "isHook": false,
              "skipped": false
            },
            {
              "title": "Verifica se os pixels dentro do quadro não têm a classe `selected` quando são clicados",
              "fullTitle": "7 - Clicar em uma das cores da paleta, faz com que ela seja selecionada e utilizada para preencher os pixels no quadro. Verifica se os pixels dentro do quadro não têm a classe `selected` quando são clicados",
              "timedOut": null,
              "duration": 4260,
              "state": "failed",
              "speed": null,
              "pass": false,
              "fail": true,
              "pending": false,
              "context": null,
              "code": "cy.get('.color').each(function (color) {\n  var backgroundColor = color.css('background-color');\n  cy.wrap(color).click();\n  cy.get('.pixel').each(function (pixel) {\n    cy.wrap(pixel).click().should('not.have.class', 'selected');\n  });\n});",
              "err": {
                "message": "CypressError: Timed out retrying: Expected to find element: '.color', but never found it.",
                "estack": "CypressError: Timed out retrying: Expected to find element: '.color', but never found it.\n    at cypressErr (http://localhost:36451/__cypress/runner/cypress_runner.js:149934:9)\n    at throwErr (http://localhost:36451/__cypress/runner/cypress_runner.js:149867:11)\n    at Object.throwErrByPath (http://localhost:36451/__cypress/runner/cypress_runner.js:149915:3)\n    at retry (http://localhost:36451/__cypress/runner/cypress_runner.js:144197:19)\n    at onFailFn (http://localhost:36451/__cypress/runner/cypress_runner.js:132448:16)\n    at tryCatcher (http://localhost:36451/__cypress/runner/cypress_runner.js:167415:23)\n    at Promise._settlePromiseFromHandler (http://localhost:36451/__cypress/runner/cypress_runner.js:165351:31)\n    at Promise._settlePromise (http://localhost:36451/__cypress/runner/cypress_runner.js:165408:18)\n    at Promise._settlePromise0 (http://localhost:36451/__cypress/runner/cypress_runner.js:165453:10)\n    at Promise._settlePromises (http://localhost:36451/__cypress/runner/cypress_runner.js:165528:18)\n    at Async../node_modules/bluebird/js/release/async.js.Async._drainQueue (http://localhost:36451/__cypress/runner/cypress_runner.js:162140:16)\n    at Async../node_modules/bluebird/js/release/async.js.Async._drainQueues (http://localhost:36451/__cypress/runner/cypress_runner.js:162150:10)\n    at Async.drainQueues (http://localhost:36451/__cypress/runner/cypress_runner.js:162024:14)",
                "diff": null
              },
              "uuid": "e3bde7ec-2d51-4955-a96b-a028d9765382",
              "parentUUID": "a1577577-d2b7-46b1-96bb-00a2ef99b573",
              "isHook": false,
              "skipped": false
            }
          ],
          "suites": [],
          "passes": [],
          "failures": [
            "1de50024-dd22-48d8-9523-3c59658fb3f8",
            "e3bde7ec-2d51-4955-a96b-a028d9765382"
          ],
          "pending": [],
          "skipped": [],
          "duration": 8497,
          "root": false,
          "rootEmpty": false,
          "_timeout": 2000
        },
        {
          "uuid": "d6fd26df-edd1-4cf2-91ce-ca88402d001c",
          "title": "8 - Clicar em um pixel dentro do quadro após selecionar uma cor na paleta, faz com que o pixel seja preenchido com a cor selecionada.",
          "fullFile": "",
          "file": "",
          "beforeHooks": [],
          "afterHooks": [],
          "tests": [
            {
              "title": "Verifica se ao carregar a página deve ser possível pintar os pixels de preto",
              "fullTitle": "8 - Clicar em um pixel dentro do quadro após selecionar uma cor na paleta, faz com que o pixel seja preenchido com a cor selecionada. Verifica se ao carregar a página deve ser possível pintar os pixels de preto",
              "timedOut": null,
              "duration": 4234,
              "state": "failed",
              "speed": null,
              "pass": false,
              "fail": true,
              "pending": false,
              "context": null,
              "code": "cy.get('.pixel').each(function (pixel) {\n  cy.wrap(pixel).click().should('have.css', 'background-color', BLACK);\n});",
              "err": {
                "message": "CypressError: Timed out retrying: Expected to find element: '.pixel', but never found it.",
                "estack": "CypressError: Timed out retrying: Expected to find element: '.pixel', but never found it.\n    at cypressErr (http://localhost:36451/__cypress/runner/cypress_runner.js:149934:9)\n    at throwErr (http://localhost:36451/__cypress/runner/cypress_runner.js:149867:11)\n    at Object.throwErrByPath (http://localhost:36451/__cypress/runner/cypress_runner.js:149915:3)\n    at retry (http://localhost:36451/__cypress/runner/cypress_runner.js:144197:19)\n    at onFailFn (http://localhost:36451/__cypress/runner/cypress_runner.js:132448:16)\n    at tryCatcher (http://localhost:36451/__cypress/runner/cypress_runner.js:167415:23)\n    at Promise._settlePromiseFromHandler (http://localhost:36451/__cypress/runner/cypress_runner.js:165351:31)\n    at Promise._settlePromise (http://localhost:36451/__cypress/runner/cypress_runner.js:165408:18)\n    at Promise._settlePromise0 (http://localhost:36451/__cypress/runner/cypress_runner.js:165453:10)\n    at Promise._settlePromises (http://localhost:36451/__cypress/runner/cypress_runner.js:165528:18)\n    at Async../node_modules/bluebird/js/release/async.js.Async._drainQueue (http://localhost:36451/__cypress/runner/cypress_runner.js:162140:16)\n    at Async../node_modules/bluebird/js/release/async.js.Async._drainQueues (http://localhost:36451/__cypress/runner/cypress_runner.js:162150:10)\n    at Async.drainQueues (http://localhost:36451/__cypress/runner/cypress_runner.js:162024:14)",
                "diff": null
              },
              "uuid": "7fc0a579-9eed-495a-93d0-1b9c611816b7",
              "parentUUID": "d6fd26df-edd1-4cf2-91ce-ca88402d001c",
              "isHook": false,
              "skipped": false
            },
            {
              "title": "Verifica se após selecionar uma outra cor na paleta, é possível pintar os pixels com essa cor",
              "fullTitle": "8 - Clicar em um pixel dentro do quadro após selecionar uma cor na paleta, faz com que o pixel seja preenchido com a cor selecionada. Verifica se após selecionar uma outra cor na paleta, é possível pintar os pixels com essa cor",
              "timedOut": null,
              "duration": 4266,
              "state": "failed",
              "speed": null,
              "pass": false,
              "fail": true,
              "pending": false,
              "context": null,
              "code": "cy.get('.color').each(function (color) {\n  var backgroundColor = color.css('background-color');\n  cy.wrap(color).click();\n  cy.get('.pixel').each(function (pixel) {\n    cy.wrap(pixel).click().should('have.css', 'background-color', backgroundColor);\n  });\n});",
              "err": {
                "message": "CypressError: Timed out retrying: Expected to find element: '.color', but never found it.",
                "estack": "CypressError: Timed out retrying: Expected to find element: '.color', but never found it.\n    at cypressErr (http://localhost:36451/__cypress/runner/cypress_runner.js:149934:9)\n    at throwErr (http://localhost:36451/__cypress/runner/cypress_runner.js:149867:11)\n    at Object.throwErrByPath (http://localhost:36451/__cypress/runner/cypress_runner.js:149915:3)\n    at retry (http://localhost:36451/__cypress/runner/cypress_runner.js:144197:19)\n    at onFailFn (http://localhost:36451/__cypress/runner/cypress_runner.js:132448:16)\n    at tryCatcher (http://localhost:36451/__cypress/runner/cypress_runner.js:167415:23)\n    at Promise._settlePromiseFromHandler (http://localhost:36451/__cypress/runner/cypress_runner.js:165351:31)\n    at Promise._settlePromise (http://localhost:36451/__cypress/runner/cypress_runner.js:165408:18)\n    at Promise._settlePromise0 (http://localhost:36451/__cypress/runner/cypress_runner.js:165453:10)\n    at Promise._settlePromises (http://localhost:36451/__cypress/runner/cypress_runner.js:165528:18)\n    at Async../node_modules/bluebird/js/release/async.js.Async._drainQueue (http://localhost:36451/__cypress/runner/cypress_runner.js:162140:16)\n    at Async../node_modules/bluebird/js/release/async.js.Async._drainQueues (http://localhost:36451/__cypress/runner/cypress_runner.js:162150:10)\n    at Async.drainQueues (http://localhost:36451/__cypress/runner/cypress_runner.js:162024:14)",
                "diff": null
              },
              "uuid": "7900dd9c-6a2c-44b2-ae6b-ed629b31c0c4",
              "parentUUID": "d6fd26df-edd1-4cf2-91ce-ca88402d001c",
              "isHook": false,
              "skipped": false
            },
            {
              "title": "Verifica se somente o pixel que foi clicado foi preenchido com a cor selecionada, sem influenciar na cor dos demais pixels.",
              "fullTitle": "8 - Clicar em um pixel dentro do quadro após selecionar uma cor na paleta, faz com que o pixel seja preenchido com a cor selecionada. Verifica se somente o pixel que foi clicado foi preenchido com a cor selecionada, sem influenciar na cor dos demais pixels.",
              "timedOut": null,
              "duration": 4320,
              "state": "failed",
              "speed": null,
              "pass": false,
              "fail": true,
              "pending": false,
              "context": null,
              "code": "var colorToPixelIndexMap = {\n  0: 6,\n  1: 8,\n  2: 16,\n  3: 18\n};\ncy.get('.color').each(function (color, index) {\n  cy.wrap(color).click();\n  var backgroundColor = color.css('background-color');\n  var clickedPixelIndex = colorToPixelIndexMap[index];\n  cy.get('.pixel').eq(clickedPixelIndex).click();\n  cy.get('.pixel').eq(clickedPixelIndex - 1).should('not.have.css', 'background-color', backgroundColor);\n  cy.get('.pixel').eq(clickedPixelIndex + 1).should('not.have.css', 'background-color', backgroundColor);\n  cy.get('.pixel').eq(clickedPixelIndex - 5).should('not.have.css', 'background-color', backgroundColor);\n  cy.get('.pixel').eq(clickedPixelIndex + 5).should('not.have.css', 'background-color', backgroundColor);\n  cy.get('.pixel').eq(clickedPixelIndex - 6).should('not.have.css', 'background-color', backgroundColor);\n  cy.get('.pixel').eq(clickedPixelIndex - 4).should('not.have.css', 'background-color', backgroundColor);\n  cy.get('.pixel').eq(clickedPixelIndex + 4).should('not.have.css', 'background-color', backgroundColor);\n  cy.get('.pixel').eq(clickedPixelIndex + 6).should('not.have.css', 'background-color', backgroundColor);\n});",
              "err": {
                "message": "CypressError: Timed out retrying: Expected to find element: '.color', but never found it.",
                "estack": "CypressError: Timed out retrying: Expected to find element: '.color', but never found it.\n    at cypressErr (http://localhost:36451/__cypress/runner/cypress_runner.js:149934:9)\n    at throwErr (http://localhost:36451/__cypress/runner/cypress_runner.js:149867:11)\n    at Object.throwErrByPath (http://localhost:36451/__cypress/runner/cypress_runner.js:149915:3)\n    at retry (http://localhost:36451/__cypress/runner/cypress_runner.js:144197:19)\n    at onFailFn (http://localhost:36451/__cypress/runner/cypress_runner.js:132448:16)\n    at tryCatcher (http://localhost:36451/__cypress/runner/cypress_runner.js:167415:23)\n    at Promise._settlePromiseFromHandler (http://localhost:36451/__cypress/runner/cypress_runner.js:165351:31)\n    at Promise._settlePromise (http://localhost:36451/__cypress/runner/cypress_runner.js:165408:18)\n    at Promise._settlePromise0 (http://localhost:36451/__cypress/runner/cypress_runner.js:165453:10)\n    at Promise._settlePromises (http://localhost:36451/__cypress/runner/cypress_runner.js:165528:18)\n    at Async../node_modules/bluebird/js/release/async.js.Async._drainQueue (http://localhost:36451/__cypress/runner/cypress_runner.js:162140:16)\n    at Async../node_modules/bluebird/js/release/async.js.Async._drainQueues (http://localhost:36451/__cypress/runner/cypress_runner.js:162150:10)\n    at Async.drainQueues (http://localhost:36451/__cypress/runner/cypress_runner.js:162024:14)",
                "diff": null
              },
              "uuid": "a91c74c9-844e-48af-b5c1-a7aaf0047594",
              "parentUUID": "d6fd26df-edd1-4cf2-91ce-ca88402d001c",
              "isHook": false,
              "skipped": false
            }
          ],
          "suites": [],
          "passes": [],
          "failures": [
            "7fc0a579-9eed-495a-93d0-1b9c611816b7",
            "7900dd9c-6a2c-44b2-ae6b-ed629b31c0c4",
            "a91c74c9-844e-48af-b5c1-a7aaf0047594"
          ],
          "pending": [],
          "skipped": [],
          "duration": 12820,
          "root": false,
          "rootEmpty": false,
          "_timeout": 2000
        },
        {
          "uuid": "dbd2523d-d7e0-4460-98ac-ad0764ab3d59",
          "title": "9 - Crie um botão que, ao ser clicado, limpa o quadro preenchendo a cor de todos seus pixels com branco.",
          "fullFile": "",
          "file": "",
          "beforeHooks": [],
          "afterHooks": [],
          "tests": [
            {
              "title": "Verifica se o botão tem o `id` denominado `clear-board`",
              "fullTitle": "9 - Crie um botão que, ao ser clicado, limpa o quadro preenchendo a cor de todos seus pixels com branco. Verifica se o botão tem o `id` denominado `clear-board`",
              "timedOut": null,
              "duration": 4389,
              "state": "failed",
              "speed": null,
              "pass": false,
              "fail": true,
              "pending": false,
              "context": null,
              "code": "cy.get('#clear-board').should('be.visible');",
              "err": {
                "message": "CypressError: Timed out retrying: Expected to find element: '#clear-board', but never found it.",
                "estack": "CypressError: Timed out retrying: Expected to find element: '#clear-board', but never found it.\n    at cypressErr (http://localhost:36451/__cypress/runner/cypress_runner.js:149934:9)\n    at throwErr (http://localhost:36451/__cypress/runner/cypress_runner.js:149867:11)\n    at Object.throwErrByPath (http://localhost:36451/__cypress/runner/cypress_runner.js:149915:3)\n    at retry (http://localhost:36451/__cypress/runner/cypress_runner.js:144197:19)\n    at onFailFn (http://localhost:36451/__cypress/runner/cypress_runner.js:132448:16)\n    at tryCatcher (http://localhost:36451/__cypress/runner/cypress_runner.js:167415:23)\n    at Promise._settlePromiseFromHandler (http://localhost:36451/__cypress/runner/cypress_runner.js:165351:31)\n    at Promise._settlePromise (http://localhost:36451/__cypress/runner/cypress_runner.js:165408:18)\n    at Promise._settlePromise0 (http://localhost:36451/__cypress/runner/cypress_runner.js:165453:10)\n    at Promise._settlePromises (http://localhost:36451/__cypress/runner/cypress_runner.js:165528:18)\n    at Async../node_modules/bluebird/js/release/async.js.Async._drainQueue (http://localhost:36451/__cypress/runner/cypress_runner.js:162140:16)\n    at Async../node_modules/bluebird/js/release/async.js.Async._drainQueues (http://localhost:36451/__cypress/runner/cypress_runner.js:162150:10)\n    at Async.drainQueues (http://localhost:36451/__cypress/runner/cypress_runner.js:162024:14)",
                "diff": null
              },
              "uuid": "b99e2441-8fe8-4e42-8a6e-3e082cda44c3",
              "parentUUID": "dbd2523d-d7e0-4460-98ac-ad0764ab3d59",
              "isHook": false,
              "skipped": false
            },
            {
              "title": "Verifica se o botão está posicionado entre a paleta de cores e o quadro de pixels",
              "fullTitle": "9 - Crie um botão que, ao ser clicado, limpa o quadro preenchendo a cor de todos seus pixels com branco. Verifica se o botão está posicionado entre a paleta de cores e o quadro de pixels",
              "timedOut": null,
              "duration": 4419,
              "state": "failed",
              "speed": null,
              "pass": false,
              "fail": true,
              "pending": false,
              "context": null,
              "code": "cy.get('#color-palette').then(function (palette) {\n  cy.get('#clear-board').should('be.belowOf', palette);\n});\ncy.get('#clear-board').then(function (clearBtn) {\n  cy.get('#pixel-board').should('be.belowOf', clearBtn);\n});",
              "err": {
                "message": "CypressError: Timed out retrying: Expected to find element: '#color-palette', but never found it.",
                "estack": "CypressError: Timed out retrying: Expected to find element: '#color-palette', but never found it.\n    at cypressErr (http://localhost:36451/__cypress/runner/cypress_runner.js:149934:9)\n    at throwErr (http://localhost:36451/__cypress/runner/cypress_runner.js:149867:11)\n    at Object.throwErrByPath (http://localhost:36451/__cypress/runner/cypress_runner.js:149915:3)\n    at retry (http://localhost:36451/__cypress/runner/cypress_runner.js:144197:19)\n    at onFailFn (http://localhost:36451/__cypress/runner/cypress_runner.js:132448:16)\n    at tryCatcher (http://localhost:36451/__cypress/runner/cypress_runner.js:167415:23)\n    at Promise._settlePromiseFromHandler (http://localhost:36451/__cypress/runner/cypress_runner.js:165351:31)\n    at Promise._settlePromise (http://localhost:36451/__cypress/runner/cypress_runner.js:165408:18)\n    at Promise._settlePromise0 (http://localhost:36451/__cypress/runner/cypress_runner.js:165453:10)\n    at Promise._settlePromises (http://localhost:36451/__cypress/runner/cypress_runner.js:165528:18)\n    at Async../node_modules/bluebird/js/release/async.js.Async._drainQueue (http://localhost:36451/__cypress/runner/cypress_runner.js:162140:16)\n    at Async../node_modules/bluebird/js/release/async.js.Async._drainQueues (http://localhost:36451/__cypress/runner/cypress_runner.js:162150:10)\n    at Async.drainQueues (http://localhost:36451/__cypress/runner/cypress_runner.js:162024:14)",
                "diff": null
              },
              "uuid": "2898d1e1-d177-46fd-ab1d-ccaa0e46b4ae",
              "parentUUID": "dbd2523d-d7e0-4460-98ac-ad0764ab3d59",
              "isHook": false,
              "skipped": false
            },
            {
              "title": "Verifica se o texto do botão é 'Limpar'",
              "fullTitle": "9 - Crie um botão que, ao ser clicado, limpa o quadro preenchendo a cor de todos seus pixels com branco. Verifica se o texto do botão é 'Limpar'",
              "timedOut": null,
              "duration": 4317,
              "state": "failed",
              "speed": null,
              "pass": false,
              "fail": true,
              "pending": false,
              "context": null,
              "code": "cy.get('#clear-board').should('contain.text', 'Limpar');",
              "err": {
                "message": "CypressError: Timed out retrying: Expected to find element: '#clear-board', but never found it.",
                "estack": "CypressError: Timed out retrying: Expected to find element: '#clear-board', but never found it.\n    at cypressErr (http://localhost:36451/__cypress/runner/cypress_runner.js:149934:9)\n    at throwErr (http://localhost:36451/__cypress/runner/cypress_runner.js:149867:11)\n    at Object.throwErrByPath (http://localhost:36451/__cypress/runner/cypress_runner.js:149915:3)\n    at retry (http://localhost:36451/__cypress/runner/cypress_runner.js:144197:19)\n    at onFailFn (http://localhost:36451/__cypress/runner/cypress_runner.js:132448:16)\n    at tryCatcher (http://localhost:36451/__cypress/runner/cypress_runner.js:167415:23)\n    at Promise._settlePromiseFromHandler (http://localhost:36451/__cypress/runner/cypress_runner.js:165351:31)\n    at Promise._settlePromise (http://localhost:36451/__cypress/runner/cypress_runner.js:165408:18)\n    at Promise._settlePromise0 (http://localhost:36451/__cypress/runner/cypress_runner.js:165453:10)\n    at Promise._settlePromises (http://localhost:36451/__cypress/runner/cypress_runner.js:165528:18)\n    at Async../node_modules/bluebird/js/release/async.js.Async._drainQueue (http://localhost:36451/__cypress/runner/cypress_runner.js:162140:16)\n    at Async../node_modules/bluebird/js/release/async.js.Async._drainQueues (http://localhost:36451/__cypress/runner/cypress_runner.js:162150:10)\n    at Async.drainQueues (http://localhost:36451/__cypress/runner/cypress_runner.js:162024:14)",
                "diff": null
              },
              "uuid": "21959fd4-93d3-4329-a5a2-221c69065c8e",
              "parentUUID": "dbd2523d-d7e0-4460-98ac-ad0764ab3d59",
              "isHook": false,
              "skipped": false
            },
            {
              "title": "Verifica se ao clicar no botão, o quadro de pixels é totalmente preenchido de branco",
              "fullTitle": "9 - Crie um botão que, ao ser clicado, limpa o quadro preenchendo a cor de todos seus pixels com branco. Verifica se ao clicar no botão, o quadro de pixels é totalmente preenchido de branco",
              "timedOut": null,
              "duration": 4313,
              "state": "failed",
              "speed": null,
              "pass": false,
              "fail": true,
              "pending": false,
              "context": null,
              "code": "cy.get('.color').eq(1).then(function (color) {\n  var backgroundColor = color.css('background-color');\n  cy.wrap(color).click();\n  cy.get('.pixel').each(function (pixel) {\n    cy.wrap(pixel).click().should('have.css', 'background-color', backgroundColor);\n  });\n});\ncy.get('#clear-board').click();\ncy.get('.pixel').each(function (pixel) {\n  cy.wrap(pixel).should('have.css', 'background-color', WHITE);\n});",
              "err": {
                "message": "CypressError: Timed out retrying: Expected to find element: '.color', but never found it.",
                "estack": "CypressError: Timed out retrying: Expected to find element: '.color', but never found it.\n    at cypressErr (http://localhost:36451/__cypress/runner/cypress_runner.js:149934:9)\n    at throwErr (http://localhost:36451/__cypress/runner/cypress_runner.js:149867:11)\n    at Object.throwErrByPath (http://localhost:36451/__cypress/runner/cypress_runner.js:149915:3)\n    at retry (http://localhost:36451/__cypress/runner/cypress_runner.js:144197:19)\n    at onFailFn (http://localhost:36451/__cypress/runner/cypress_runner.js:132448:16)\n    at tryCatcher (http://localhost:36451/__cypress/runner/cypress_runner.js:167415:23)\n    at Promise._settlePromiseFromHandler (http://localhost:36451/__cypress/runner/cypress_runner.js:165351:31)\n    at Promise._settlePromise (http://localhost:36451/__cypress/runner/cypress_runner.js:165408:18)\n    at Promise._settlePromise0 (http://localhost:36451/__cypress/runner/cypress_runner.js:165453:10)\n    at Promise._settlePromises (http://localhost:36451/__cypress/runner/cypress_runner.js:165528:18)\n    at Async../node_modules/bluebird/js/release/async.js.Async._drainQueue (http://localhost:36451/__cypress/runner/cypress_runner.js:162140:16)\n    at Async../node_modules/bluebird/js/release/async.js.Async._drainQueues (http://localhost:36451/__cypress/runner/cypress_runner.js:162150:10)\n    at Async.drainQueues (http://localhost:36451/__cypress/runner/cypress_runner.js:162024:14)",
                "diff": null
              },
              "uuid": "03e2fa42-e8f0-40f2-8f58-772224a2a7c5",
              "parentUUID": "dbd2523d-d7e0-4460-98ac-ad0764ab3d59",
              "isHook": false,
              "skipped": false
            }
          ],
          "suites": [],
          "passes": [],
          "failures": [
            "b99e2441-8fe8-4e42-8a6e-3e082cda44c3",
            "2898d1e1-d177-46fd-ab1d-ccaa0e46b4ae",
            "21959fd4-93d3-4329-a5a2-221c69065c8e",
            "03e2fa42-e8f0-40f2-8f58-772224a2a7c5"
          ],
          "pending": [],
          "skipped": [],
          "duration": 17438,
          "root": false,
          "rootEmpty": false,
          "_timeout": 2000
        },
        {
          "uuid": "041dafe6-12b0-4dcb-94ec-410b118aa4c9",
          "title": "10 - Faça o quadro de pixels ter seu tamanho definido pelo usuário.",
          "fullFile": "",
          "file": "",
          "beforeHooks": [],
          "afterHooks": [],
          "tests": [
            {
              "title": "Verifica se existe um input com o id `board-size`",
              "fullTitle": "10 - Faça o quadro de pixels ter seu tamanho definido pelo usuário. Verifica se existe um input com o id `board-size`",
              "timedOut": null,
              "duration": 4257,
              "state": "failed",
              "speed": null,
              "pass": false,
              "fail": true,
              "pending": false,
              "context": null,
              "code": "cy.get('#board-size').should('be.visible');",
              "err": {
                "message": "CypressError: Timed out retrying: Expected to find element: '#board-size', but never found it.",
[...]
                "diff": null
              },
              "uuid": "d7dce241-6901-4920-a01a-f1b44ce421ca",
              "parentUUID": "041dafe6-12b0-4dcb-94ec-410b118aa4c9",
              "isHook": false,
              "skipped": false
            },
            {
              "title": "Verifica se o novo quadro tem todos os pixels preenchidos com a cor branca",
              "fullTitle": "10 - Faça o quadro de pixels ter seu tamanho definido pelo usuário. Verifica se o novo quadro tem todos os pixels preenchidos com a cor branca",
              "timedOut": null,
              "duration": 4277,
              "state": "failed",
              "speed": null,
              "pass": false,
              "fail": true,
              "pending": false,
              "context": null,
              "code": "cy.get('#board-size').clear().type(6);\ncy.get('#generate-board').click();\ncy.get('.pixel').should('have.length', 36).each(function (pixel) {\n  expect(pixel).to.have.css('background-color', WHITE);\n});",
              "err": {
                "message": "CypressError: Timed out retrying: Expected to find element: '#board-size', but never found it.",
                "estack": "CypressError: Timed out retrying: Expected to find element: '#board-size', but never found it.\n    at cypressErr (http://localhost:36451/__cypress/runner/cypress_runner.js:149934:9)\n    at throwErr (http://localhost:36451/__cypress/runner/cypress_runner.js:149867:11)\n    at Object.throwErrByPath (http://localhost:36451/__cypress/runner/cypress_runner.js:149915:3)\n    at retry (http://localhost:36451/__cypress/runner/cypress_runner.js:144197:19)\n    at onFailFn (http://localhost:36451/__cypress/runner/cypress_runner.js:132448:16)\n    at tryCatcher (http://localhost:36451/__cypress/runner/cypress_runner.js:167415:23)\n    at Promise._settlePromiseFromHandler (http://localhost:36451/__cypress/runner/cypress_runner.js:165351:31)\n    at Promise._settlePromise (http://localhost:36451/__cypress/runner/cypress_runner.js:165408:18)\n    at Promise._settlePromise0 (http://localhost:36451/__cypress/runner/cypress_runner.js:165453:10)\n    at Promise._settlePromises (http://localhost:36451/__cypress/runner/cypress_runner.js:165528:18)\n    at Async../node_modules/bluebird/js/release/async.js.Async._drainQueue (http://localhost:36451/__cypress/runner/cypress_runner.js:162140:16)\n    at Async../node_modules/bluebird/js/release/async.js.Async._drainQueues (http://localhost:36451/__cypress/runner/cypress_runner.js:162150:10)\n    at Async.drainQueues (http://localhost:36451/__cypress/runner/cypress_runner.js:162024:14)",
                "diff": null
              },
              "uuid": "3486c5a7-2f40-48c0-baaa-17de7b36a7b2",
              "parentUUID": "041dafe6-12b0-4dcb-94ec-410b118aa4c9",
              "isHook": false,
              "skipped": false
            }
          ],
          "suites": [],
          "passes": [],
          "failures": [
            "56399dd5-e6ea-43fa-876b-b5e9ce4cb93c",
            "6870466b-2a4d-4e92-a6b2-6eacca3c7f64",
            "f10a29bb-488e-4adf-b763-f9ecbccf59c1",
            "94247efb-659b-4c2b-8e1b-a5667faeafd7",
            "16cca228-ec47-4a74-b69a-686b0624e497",
            "d8f200a4-5b2c-49ba-8655-8fd35b36e991",
            "ff287ec3-b850-43ca-9c20-e865d142e663",
            "d7dce241-6901-4920-a01a-f1b44ce421ca",
            "3486c5a7-2f40-48c0-baaa-17de7b36a7b2"
          ],
          "pending": [],
          "skipped": [],
          "duration": 38744,
          "root": false,
          "rootEmpty": false,
          "_timeout": 2000
        },
        {
          "uuid": "724fef6a-d940-4539-b214-5819c7b42dc6",
          "title": "11 - Limite o tamanho mínimo e máximo do board.",
          "fullFile": "",
          "file": "",
          "beforeHooks": [],
          "afterHooks": [],
          "tests": [
            {
              "title": "Verifica se a altura máxima do board é 50",
              "fullTitle": "11 - Limite o tamanho mínimo e máximo do board. Verifica se a altura máxima do board é 50",
              "timedOut": null,
              "duration": 4261,
              "state": "failed",
              "speed": null,
              "pass": false,
              "fail": true,
              "pending": false,
              "context": null,
              "code": "cy.get('#board-size').clear().type(50);\ncy.get('#generate-board').click();\ncy.get('.pixel').should('have.length', 2500);",
              "err": {
                "message": "CypressError: Timed out retrying: Expected to find element: '#board-size', but never found it.",
                "estack": "CypressError: Timed out retrying: Expected to find element: '#board-size', but never found it.\n    at cypressErr (http://localhost:36451/__cypress/runner/cypress_runner.js:149934:9)\n    at throwErr (http://localhost:36451/__cypress/runner/cypress_runner.js:149867:11)\n    at Object.throwErrByPath (http://localhost:36451/__cypress/runner/cypress_runner.js:149915:3)\n    at retry (http://localhost:36451/__cypress/runner/cypress_runner.js:144197:19)\n    at onFailFn (http://localhost:36451/__cypress/runner/cypress_runner.js:132448:16)\n    at tryCatcher (http://localhost:36451/__cypress/runner/cypress_runner.js:167415:23)\n    at Promise._settlePromiseFromHandler (http://localhost:36451/__cypress/runner/cypress_runner.js:165351:31)\n    at Promise._settlePromise (http://localhost:36451/__cypress/runner/cypress_runner.js:165408:18)\n    at Promise._settlePromise0 (http://localhost:36451/__cypress/runner/cypress_runner.js:165453:10)\n    at Promise._settlePromises (http://localhost:36451/__cypress/runner/cypress_runner.js:165528:18)\n    at Async../node_modules/bluebird/js/release/async.js.Async._drainQueue (http://localhost:36451/__cypress/runner/cypress_runner.js:162140:16)\n    at Async../node_modules/bluebird/js/release/async.js.Async._drainQueues (http://localhost:36451/__cypress/runner/cypress_runner.js:162150:10)\n    at Async.drainQueues (http://localhost:36451/__cypress/runner/cypress_runner.js:162024:14)",
                "diff": null
              },
              "uuid": "7be0fed6-1eb1-428d-80a2-291530100052",
              "parentUUID": "724fef6a-d940-4539-b214-5819c7b42dc6",
              "isHook": false,
              "skipped": false
            },
            {
              "title": "Verifica se a altura do board é 5 quando um valor menor é colocado no input",
              "fullTitle": "11 - Limite o tamanho mínimo e máximo do board. Verifica se a altura do board é 5 quando um valor menor é colocado no input",
              "timedOut": null,
              "duration": 4288,
              "state": "failed",
              "speed": null,
              "pass": false,
              "fail": true,
              "pending": false,
              "context": null,
              "code": "cy.get('#board-size').clear().type(4);\ncy.get('#generate-board').click();\ncy.get('.pixel').should('have.length', 25);",
              "err": {
                "message": "CypressError: Timed out retrying: Expected to find element: '#board-size', but never found it.",
                "estack": "CypressError: Timed out retrying: Expected to find element: '#board-size', but never found it.\n    at cypressErr (http://localhost:36451/__cypress/runner/cypress_runner.js:149934:9)\n    at throwErr (http://localhost:36451/__cypress/runner/cypress_runner.js:149867:11)\n    at Object.throwErrByPath (http://localhost:36451/__cypress/runner/cypress_runner.js:149915:3)\n    at retry (http://localhost:36451/__cypress/runner/cypress_runner.js:144197:19)\n    at onFailFn (http://localhost:36451/__cypress/runner/cypress_runner.js:132448:16)\n    at tryCatcher (http://localhost:36451/__cypress/runner/cypress_runner.js:167415:23)\n    at Promise._settlePromiseFromHandler (http://localhost:36451/__cypress/runner/cypress_runner.js:165351:31)\n    at Promise._settlePromise (http://localhost:36451/__cypress/runner/cypress_runner.js:165408:18)\n    at Promise._settlePromise0 (http://localhost:36451/__cypress/runner/cypress_runner.js:165453:10)\n    at Promise._settlePromises (http://localhost:36451/__cypress/runner/cypress_runner.js:165528:18)\n    at Async../node_modules/bluebird/js/release/async.js.Async._drainQueue (http://localhost:36451/__cypress/runner/cypress_runner.js:162140:16)\n    at Async../node_modules/bluebird/js/release/async.js.Async._drainQueues (http://localhost:36451/__cypress/runner/cypress_runner.js:162150:10)\n    at Async.drainQueues (http://localhost:36451/__cypress/runner/cypress_runner.js:162024:14)",
                "diff": null
              },
              "uuid": "8a00e5a7-643d-4151-831a-f23abda23867",
              "parentUUID": "724fef6a-d940-4539-b214-5819c7b42dc6",
              "isHook": false,
              "skipped": false
            },
            {
              "title": "Verifica se a altura do board é 50 quando um valor maior é colocado no input",
              "fullTitle": "11 - Limite o tamanho mínimo e máximo do board. Verifica se a altura do board é 50 quando um valor maior é colocado no input",
              "timedOut": null,
              "duration": 4282,
              "state": "failed",
              "speed": null,
              "pass": false,
              "fail": true,
              "pending": false,
              "context": null,
              "code": "cy.get('#board-size').clear().type(51);\ncy.get('#generate-board').click();\ncy.get('.pixel').should('have.length', 2500);",
              "err": {
                "message": "CypressError: Timed out retrying: Expected to find element: '#board-size', but never found it.",
                "estack": "CypressError: Timed out retrying: Expected to find element: '#board-size', but never found it.\n    at cypressErr (http://localhost:36451/__cypress/runner/cypress_runner.js:149934:9)\n    at throwErr (http://localhost:36451/__cypress/runner/cypress_runner.js:149867:11)\n    at Object.throwErrByPath (http://localhost:36451/__cypress/runner/cypress_runner.js:149915:3)\n    at retry (http://localhost:36451/__cypress/runner/cypress_runner.js:144197:19)\n    at onFailFn (http://localhost:36451/__cypress/runner/cypress_runner.js:132448:16)\n    at tryCatcher (http://localhost:36451/__cypress/runner/cypress_runner.js:167415:23)\n    at Promise._settlePromiseFromHandler (http://localhost:36451/__cypress/runner/cypress_runner.js:165351:31)\n    at Promise._settlePromise (http://localhost:36451/__cypress/runner/cypress_runner.js:165408:18)\n    at Promise._settlePromise0 (http://localhost:36451/__cypress/runner/cypress_runner.js:165453:10)\n    at Promise._settlePromises (http://localhost:36451/__cypress/runner/cypress_runner.js:165528:18)\n    at Async../node_modules/bluebird/js/release/async.js.Async._drainQueue (http://localhost:36451/__cypress/runner/cypress_runner.js:162140:16)\n    at Async../node_modules/bluebird/js/release/async.js.Async._drainQueues (http://localhost:36451/__cypress/runner/cypress_runner.js:162150:10)\n    at Async.drainQueues (http://localhost:36451/__cypress/runner/cypress_runner.js:162024:14)",
                "diff": null
              },
              "uuid": "fa6f8497-8d55-4b82-be97-a6e7ec79e3ef",
              "parentUUID": "724fef6a-d940-4539-b214-5819c7b42dc6",
              "isHook": false,
              "skipped": false
            }
          ],
          "suites": [],
          "passes": [],
          "failures": [
            "7be0fed6-1eb1-428d-80a2-291530100052",
            "8a00e5a7-643d-4151-831a-f23abda23867",
            "fa6f8497-8d55-4b82-be97-a6e7ec79e3ef"
          ],
          "pending": [],
          "skipped": [],
          "duration": 12831,
          "root": false,
          "rootEmpty": false,
          "_timeout": 2000
        },
        {
          "uuid": "fc2c882c-182c-4b43-b85d-9875fdd22922",
          "title": "12 - Faça com que as cores da paleta sejam geradas aleatoriamente ao carregar a página.",
          "fullFile": "",
          "file": "",
          "beforeHooks": [],
          "afterHooks": [],
          "tests": [
            {
              "title": "Verifica se as cores geradas na paleta são diferentes a cada carregamento da página",
              "fullTitle": "12 - Faça com que as cores da paleta sejam geradas aleatoriamente ao carregar a página. Verifica se as cores geradas na paleta são diferentes a cada carregamento da página",
              "timedOut": null,
              "duration": 4323,
              "state": "failed",
              "speed": null,
              "pass": false,
              "fail": true,
              "pending": false,
              "context": null,
              "code": "cy.get('.color').then(function (colors) {\n  var currentColors;\n  var previousColors;\n  previousColors = Array.from(colors).map(function (color) {\n    return Cypress.$(color).css('background-color');\n  });\n  for (var i = 0; i < 5; i += 1) {\n    cy.reload();\n    cy.get('.color').then(function (colors) {\n      currentColors = Array.from(colors).map(function (color) {\n        return Cypress.$(color).css('background-color');\n      });\n      expect(currentColors).not.to.deep.equal(previousColors);\n      previousColors = currentColors;\n    });\n  }\n});",
              "err": {
                "message": "CypressError: Timed out retrying: Expected to find element: '.color', but never found it.",
                "estack": "CypressError: Timed out retrying: Expected to find element: '.color', but never found it.\n    at cypressErr (http://localhost:36451/__cypress/runner/cypress_runner.js:149934:9)\n    at throwErr (http://localhost:36451/__cypress/runner/cypress_runner.js:149867:11)\n    at Object.throwErrByPath (http://localhost:36451/__cypress/runner/cypress_runner.js:149915:3)\n    at retry (http://localhost:36451/__cypress/runner/cypress_runner.js:144197:19)\n    at onFailFn (http://localhost:36451/__cypress/runner/cypress_runner.js:132448:16)\n    at tryCatcher (http://localhost:36451/__cypress/runner/cypress_runner.js:167415:23)\n    at Promise._settlePromiseFromHandler (http://localhost:36451/__cypress/runner/cypress_runner.js:165351:31)\n    at Promise._settlePromise (http://localhost:36451/__cypress/runner/cypress_runner.js:165408:18)\n    at Promise._settlePromise0 (http://localhost:36451/__cypress/runner/cypress_runner.js:165453:10)\n    at Promise._settlePromises (http://localhost:36451/__cypress/runner/cypress_runner.js:165528:18)\n    at Async../node_modules/bluebird/js/release/async.js.Async._drainQueue (http://localhost:36451/__cypress/runner/cypress_runner.js:162140:16)\n    at Async../node_modules/bluebird/js/release/async.js.Async._drainQueues (http://localhost:36451/__cypress/runner/cypress_runner.js:162150:10)\n    at Async.drainQueues (http://localhost:36451/__cypress/runner/cypress_runner.js:162024:14)",
                "diff": null
              },
              "uuid": "77da2a5f-765e-4504-a83e-61336afe1c33",
              "parentUUID": "fc2c882c-182c-4b43-b85d-9875fdd22922",
              "isHook": false,
              "skipped": false
            },
            {
              "title": "Verifica se a cor preta ainda está presente e é a primeira na sua paleta de cores",
              "fullTitle": "12 - Faça com que as cores da paleta sejam geradas aleatoriamente ao carregar a página. Verifica se a cor preta ainda está presente e é a primeira na sua paleta de cores",
              "timedOut": null,
              "duration": 4333,
              "state": "failed",
              "speed": null,
              "pass": false,
              "fail": true,
              "pending": false,
              "context": null,
              "code": "cy.get('.color').then(function (colors) {\n  var currentColors;\n  var previousColors;\n  previousColors = Array.from(colors).map(function (color) {\n    return Cypress.$(color).css('background-color');\n  });\n  expect(previousColors[0]).to.eq(BLACK);\n  for (var i = 0; i < 5; i += 1) {\n    cy.reload();\n    cy.get('.color').then(function (colors) {\n      currentColors = Array.from(colors).map(function (color) {\n        return Cypress.$(color).css('background-color');\n      });\n      expect(currentColors[0]).to.eq(BLACK);\n      expect(currentColors).not.to.deep.equal(previousColors);\n      previousColors = currentColors;\n    });\n  }\n});",
              "err": {
                "message": "CypressError: Timed out retrying: Expected to find element: '.color', but never found it.",
                "estack": "CypressError: Timed out retrying: Expected to find element: '.color', but never found it.\n    at cypressErr (http://localhost:36451/__cypress/runner/cypress_runner.js:149934:9)\n    at throwErr (http://localhost:36451/__cypress/runner/cypress_runner.js:149867:11)\n    at Object.throwErrByPath (http://localhost:36451/__cypress/runner/cypress_runner.js:149915:3)\n    at retry (http://localhost:36451/__cypress/runner/cypress_runner.js:144197:19)\n    at onFailFn (http://localhost:36451/__cypress/runner/cypress_runner.js:132448:16)\n    at tryCatcher (http://localhost:36451/__cypress/runner/cypress_runner.js:167415:23)\n    at Promise._settlePromiseFromHandler (http://localhost:36451/__cypress/runner/cypress_runner.js:165351:31)\n    at Promise._settlePromise (http://localhost:36451/__cypress/runner/cypress_runner.js:165408:18)\n    at Promise._settlePromise0 (http://localhost:36451/__cypress/runner/cypress_runner.js:165453:10)\n    at Promise._settlePromises (http://localhost:36451/__cypress/runner/cypress_runner.js:165528:18)\n    at Async../node_modules/bluebird/js/release/async.js.Async._drainQueue (http://localhost:36451/__cypress/runner/cypress_runner.js:162140:16)\n    at Async../node_modules/bluebird/js/release/async.js.Async._drainQueues (http://localhost:36451/__cypress/runner/cypress_runner.js:162150:10)\n    at Async.drainQueues (http://localhost:36451/__cypress/runner/cypress_runner.js:162024:14)",
                "diff": null
              },
              "uuid": "f1075de3-2aa4-48f0-b1f3-0e68b642bd14",
              "parentUUID": "fc2c882c-182c-4b43-b85d-9875fdd22922",
              "isHook": false,
              "skipped": false
            }
          ],
          "suites": [],
          "passes": [],
          "failures": [
            "77da2a5f-765e-4504-a83e-61336afe1c33",
            "f1075de3-2aa4-48f0-b1f3-0e68b642bd14"
          ],
          "pending": [],
          "skipped": [],
          "duration": 8656,
          "root": false,
          "rootEmpty": false,
          "_timeout": 2000
        }
      ],
      "passes": [],
      "failures": [],
      "pending": [],
      "skipped": [],
      "duration": 0,
      "root": true,
      "rootEmpty": true,
      "_timeout": 2000
    }
  ],
  "meta": {
    "mocha": {
      "version": "7.0.1"
    },
    "mochawesome": {
      "options": {
        "quiet": false,
        "reportFilename": "mochawesome",
        "saveHtml": false,
        "saveJson": true,
        "consoleReporter": "spec",
        "useInlineDiffs": false
      },
      "version": "4.1.0"
    },
    "marge": {
      "options": {
        "id": "default",
        "reportDir": "cypress/reports",
        "overwrite": true,
        "html": false,
        "json": true
      },
      "version": "4.1.0"
    }
  }
}