{
  "stats": {
    "suites": 12,
    "tests": 41,
    "passes": 22,
    "pending": 0,
    "failures": 19,
    "start": "2021-08-21T10:17:46.276Z",
    "end": "2021-08-21T10:19:37.567Z",
    "duration": 111291,
    "testsRegistered": 41,
    "passPercent": 53.65853658536586,
    "pendingPercent": 0,
    "other": 0,
    "hasOther": false,
    "skipped": 0,
    "hasSkipped": false
  },
  "results": [
    {
      "uuid": "206348ff-791c-4e6c-a48c-84d1de49acbf",
      "title": "",
      "fullFile": "cypress/integration/project.spec.js",
      "file": "cypress/integration/project.spec.js",
      "beforeHooks": [],
      "afterHooks": [],
      "tests": [],
      "suites": [
        {
          "uuid": "2ad48a18-c2b7-48b7-9386-52c57434a945",
          "title": "1 - Adicione à página o título \"Paleta de Cores\".",
          "fullFile": "",
          "file": "",
          "beforeHooks": [],
          "afterHooks": [],
          "tests": [
            {
              "title": "Verifica se contém um elemento `h1` com o id `title` com o título correto",
              "fullTitle": "1 - Adicione à página o título \"Paleta de Cores\". Verifica se contém um elemento `h1` com o id `title` com o título correto",
              "timedOut": null,
              "duration": 1658,
              "state": "passed",
              "speed": "slow",
              "pass": true,
              "fail": false,
              "pending": false,
              "context": null,
              "code": "cy.get('h1#title').should('contain.text', 'Paleta de Cores');",
              "err": {},
              "uuid": "4b366a80-5ec2-4f5d-adda-aed3d4eeb52f",
              "parentUUID": "2ad48a18-c2b7-48b7-9386-52c57434a945",
              "isHook": false,
              "skipped": false
            }
          ],
          "suites": [],
          "passes": [
            "4b366a80-5ec2-4f5d-adda-aed3d4eeb52f"
          ],
          "failures": [],
          "pending": [],
          "skipped": [],
          "duration": 1658,
          "root": false,
          "rootEmpty": false,
          "_timeout": 2000
        },
        {
          "uuid": "6b280756-8d6d-4387-b668-028d48b6ab0c",
          "title": "2 - Adicione à página uma paleta de quatro cores distintas.",
          "fullFile": "",
          "file": "",
          "beforeHooks": [],
          "afterHooks": [],
          "tests": [
            {
              "title": "A paleta de cores deve ser um elemento com `id` denominado `color-palette`",
              "fullTitle": "2 - Adicione à página uma paleta de quatro cores distintas. A paleta de cores deve ser um elemento com `id` denominado `color-palette`",
              "timedOut": null,
              "duration": 641,
              "state": "passed",
              "speed": "slow",
              "pass": true,
              "fail": false,
              "pending": false,
              "context": null,
              "code": "cy.get('#color-palette').should('be.visible');",
              "err": {},
              "uuid": "6dca9325-b675-400b-b2f8-d08a62b9eb6c",
              "parentUUID": "6b280756-8d6d-4387-b668-028d48b6ab0c",
              "isHook": false,
              "skipped": false
            },
            {
              "title": "Verifica se cada cor individual da paleta de cores possui a `classe` chamada `color`.",
              "fullTitle": "2 - Adicione à página uma paleta de quatro cores distintas. Verifica se cada cor individual da paleta de cores possui a `classe` chamada `color`.",
              "timedOut": null,
              "duration": 596,
              "state": "passed",
              "speed": "slow",
              "pass": true,
              "fail": false,
              "pending": false,
              "context": null,
              "code": "cy.get('.color').should('have.length', 4).then(function (colors) {\n  for (var i = 0; i < colors.length; i++) {\n    cy.wrap(colors[i]).should('be.visible');\n  }\n});",
              "err": {},
              "uuid": "c5db3045-988c-472f-ae74-780f990e3b43",
              "parentUUID": "6b280756-8d6d-4387-b668-028d48b6ab0c",
              "isHook": false,
              "skipped": false
            },
            {
              "title": "Verifica se a cor de fundo de cada elemento da paleta é a cor que o elemento representa. **A única cor não permitida na paleta é a cor branca.**",
              "fullTitle": "2 - Adicione à página uma paleta de quatro cores distintas. Verifica se a cor de fundo de cada elemento da paleta é a cor que o elemento representa. **A única cor não permitida na paleta é a cor branca.**",
              "timedOut": null,
              "duration": 709,
              "state": "passed",
              "speed": "slow",
              "pass": true,
              "fail": false,
              "pending": false,
              "context": null,
              "code": "cy.get('.color').each(function (color) {\n  cy.wrap(color).should('have.class', 'color').and('not.have.css', 'background-color', WHITE);\n  cy.wrap(color).should('have.css', 'background-color');\n});",
              "err": {},
              "uuid": "7e9f2845-1dfb-4169-b560-fd93f6282f91",
              "parentUUID": "6b280756-8d6d-4387-b668-028d48b6ab0c",
              "isHook": false,
              "skipped": false
            },
            {
              "title": "Verifica se cada elemento da paleta de cores tem uma borda preta, sólida e com 1 pixel de largura;",
              "fullTitle": "2 - Adicione à página uma paleta de quatro cores distintas. Verifica se cada elemento da paleta de cores tem uma borda preta, sólida e com 1 pixel de largura;",
              "timedOut": null,
              "duration": 510,
              "state": "passed",
              "speed": "slow",
              "pass": true,
              "fail": false,
              "pending": false,
              "context": null,
              "code": "cy.get('.color').each(function (color) {\n  cy.wrap(color).and('have.css', 'border', \"1px solid \".concat(BLACK)).and('have.class', 'color');\n});",
              "err": {},
              "uuid": "6133da36-8f43-4bc5-b484-26fcfbd08906",
              "parentUUID": "6b280756-8d6d-4387-b668-028d48b6ab0c",
              "isHook": false,
              "skipped": false
            },
            {
              "title": "Verifica se a paleta lista todas as cores disponíveis para utilização, lado a lado.",
              "fullTitle": "2 - Adicione à página uma paleta de quatro cores distintas. Verifica se a paleta lista todas as cores disponíveis para utilização, lado a lado.",
              "timedOut": null,
              "duration": 337,
              "state": "passed",
              "speed": "slow",
              "pass": true,
              "fail": false,
              "pending": false,
              "context": null,
              "code": "cy.get('.color').then(function (colors) {\n  for (var index = 1; index < colors.length; index += 1) {\n    var currentColor = colors[index];\n    var previousColor = colors[index - 1];\n    cy.wrap(currentColor).should('be.onTheRightOf', previousColor).and('be.horizontallyAlignedWith', previousColor);\n  }\n});",
              "err": {},
              "uuid": "57efe218-2863-4e99-8f76-349a0aaeb08e",
              "parentUUID": "6b280756-8d6d-4387-b668-028d48b6ab0c",
              "isHook": false,
              "skipped": false
            },
            {
              "title": "Verifica se a paleta de cores está posicionada abaixo do título 'Paleta de Cores'",
              "fullTitle": "2 - Adicione à página uma paleta de quatro cores distintas. Verifica se a paleta de cores está posicionada abaixo do título 'Paleta de Cores'",
              "timedOut": null,
              "duration": 214,
              "state": "passed",
              "speed": "slow",
              "pass": true,
              "fail": false,
              "pending": false,
              "context": null,
              "code": "cy.get('h1#title').then(function (title) {\n  cy.get('#color-palette').should('be.belowOf', title);\n});",
              "err": {},
              "uuid": "3aa48716-708f-4356-abb7-30efd5b9df4c",
              "parentUUID": "6b280756-8d6d-4387-b668-028d48b6ab0c",
              "isHook": false,
              "skipped": false
            },
            {
              "title": "Verifica se a paleta de cores não contém cores repetidas.",
              "fullTitle": "2 - Adicione à página uma paleta de quatro cores distintas. Verifica se a paleta de cores não contém cores repetidas.",
              "timedOut": null,
              "duration": 227,
              "state": "passed",
              "speed": "slow",
              "pass": true,
              "fail": false,
              "pending": false,
              "context": null,
              "code": "cy.get('.color').then(function (colors) {\n  var allColors = Array.from(colors).map(function (color) {\n    return Cypress.$(color).css('background-color');\n  });\n  cy.log(allColors);\n  var uniqColors = (0, _toConsumableArray2[\"default\"])(new Set(allColors));\n  cy.log(uniqColors);\n  expect(allColors.length).to.eq(uniqColors.length);\n});",
              "err": {},
              "uuid": "a4eab8d9-c23b-4bd4-8181-26ca0e833a64",
              "parentUUID": "6b280756-8d6d-4387-b668-028d48b6ab0c",
              "isHook": false,
              "skipped": false
            }
          ],
          "suites": [],
          "passes": [
            "6dca9325-b675-400b-b2f8-d08a62b9eb6c",
            "c5db3045-988c-472f-ae74-780f990e3b43",
            "7e9f2845-1dfb-4169-b560-fd93f6282f91",
            "6133da36-8f43-4bc5-b484-26fcfbd08906",
            "57efe218-2863-4e99-8f76-349a0aaeb08e",
            "3aa48716-708f-4356-abb7-30efd5b9df4c",
            "a4eab8d9-c23b-4bd4-8181-26ca0e833a64"
          ],
          "failures": [],
          "pending": [],
          "skipped": [],
          "duration": 3234,
          "root": false,
          "rootEmpty": false,
          "_timeout": 2000
        },
        {
          "uuid": "1c29a52c-57d9-46b2-b84b-fb2cf4cdc384",
          "title": "3 - Adicione a cor **preta** como a primeira cor da paleta de cores.",
          "fullFile": "",
          "file": "",
          "beforeHooks": [],
          "afterHooks": [],
          "tests": [
            {
              "title": "Verifica se a primeira cor da paleta é preta",
              "fullTitle": "3 - Adicione a cor **preta** como a primeira cor da paleta de cores. Verifica se a primeira cor da paleta é preta",
              "timedOut": null,
              "duration": 189,
              "state": "passed",
              "speed": "slow",
              "pass": true,
              "fail": false,
              "pending": false,
              "context": null,
              "code": "cy.get('.color').first().should('have.css', 'background-color', BLACK);",
              "err": {},
              "uuid": "90446471-561d-4c26-b257-976ef8ec5a4e",
              "parentUUID": "1c29a52c-57d9-46b2-b84b-fb2cf4cdc384",
              "isHook": false,
              "skipped": false
            },
            {
              "title": "Verifica se as demais cores podem ser escolhidas livremente.",
              "fullTitle": "3 - Adicione a cor **preta** como a primeira cor da paleta de cores. Verifica se as demais cores podem ser escolhidas livremente.",
              "timedOut": null,
              "duration": 532,
              "state": "passed",
              "speed": "slow",
              "pass": true,
              "fail": false,
              "pending": false,
              "context": null,
              "code": "cy.get('.color').eq(1).should('not.have.css', 'background-color', BLACK);\ncy.get('.color').eq(1).should('not.have.css', 'background-color', WHITE);\ncy.get('.color').eq(1).should('not.have.css', 'background-color', 'rgba(0, 0, 0, 0)');\ncy.get('.color').eq(1).should('have.css', 'background-color');\ncy.get('.color').eq(2).should('not.have.css', 'background-color', BLACK);\ncy.get('.color').eq(2).should('not.have.css', 'background-color', WHITE);\ncy.get('.color').eq(2).should('not.have.css', 'background-color', 'rgba(0, 0, 0, 0)');\ncy.get('.color').eq(2).should('have.css', 'background-color');\ncy.get('.color').eq(3).should('not.have.css', 'background-color', BLACK);\ncy.get('.color').eq(3).should('not.have.css', 'background-color', WHITE);\ncy.get('.color').eq(3).should('not.have.css', 'background-color', 'rgba(0, 0, 0, 0)');\ncy.get('.color').eq(3).should('have.css', 'background-color');",
              "err": {},
              "uuid": "e532099f-c8dd-4fa4-8391-10d5956bc352",
              "parentUUID": "1c29a52c-57d9-46b2-b84b-fb2cf4cdc384",
              "isHook": false,
              "skipped": false
            }
          ],
          "suites": [],
          "passes": [
            "90446471-561d-4c26-b257-976ef8ec5a4e",
            "e532099f-c8dd-4fa4-8391-10d5956bc352"
          ],
          "failures": [],
          "pending": [],
          "skipped": [],
          "duration": 721,
          "root": false,
          "rootEmpty": false,
          "_timeout": 2000
        },
        {
          "uuid": "0ce522e6-88d5-4277-ad65-f06f9498ebf7",
          "title": "4 - Adicione à página um quadro de pixels, com 25 pixels.",
          "fullFile": "",
          "file": "",
          "beforeHooks": [],
          "afterHooks": [],
          "tests": [
            {
              "title": "Verifica se o quadro de pixels possui o `id` denominado `pixel-board`",
              "fullTitle": "4 - Adicione à página um quadro de pixels, com 25 pixels. Verifica se o quadro de pixels possui o `id` denominado `pixel-board`",
              "timedOut": null,
              "duration": 277,
              "state": "passed",
              "speed": "slow",
              "pass": true,
              "fail": false,
              "pending": false,
              "context": null,
              "code": "cy.get('#pixel-board').should('be.visible');",
              "err": {},
              "uuid": "55fc43f6-2d50-4a4a-8cb7-b88925902788",
              "parentUUID": "0ce522e6-88d5-4277-ad65-f06f9498ebf7",
              "isHook": false,
              "skipped": false
            },
            {
              "title": "Verifica se cada pixel individual dentro do quadro possui a `classe` denominada `pixel`.",
              "fullTitle": "4 - Adicione à página um quadro de pixels, com 25 pixels. Verifica se cada pixel individual dentro do quadro possui a `classe` denominada `pixel`.",
              "timedOut": null,
              "duration": 300,
              "state": "passed",
              "speed": "slow",
              "pass": true,
              "fail": false,
              "pending": false,
              "context": null,
              "code": "cy.get('.pixel').should('have.length', 25);",
              "err": {},
              "uuid": "8cf5371f-8456-4433-9b4d-be9549c3d655",
              "parentUUID": "0ce522e6-88d5-4277-ad65-f06f9498ebf7",
              "isHook": false,
              "skipped": false
            },
            {
              "title": "Verifica se a cor inicial dos pixels dentro do quadro, ao abrir a página, é branca.",
              "fullTitle": "4 - Adicione à página um quadro de pixels, com 25 pixels. Verifica se a cor inicial dos pixels dentro do quadro, ao abrir a página, é branca.",
              "timedOut": null,
              "duration": 423,
              "state": "passed",
              "speed": "slow",
              "pass": true,
              "fail": false,
              "pending": false,
              "context": null,
              "code": "cy.get('.pixel').should('have.length', 25).each(function (pixel) {\n  expect(pixel).to.have.css('background-color', WHITE);\n});",
              "err": {},
              "uuid": "619c6808-6586-4572-a30c-ebaf8011f94f",
              "parentUUID": "0ce522e6-88d5-4277-ad65-f06f9498ebf7",
              "isHook": false,
              "skipped": false
            },
            {
              "title": "Verifica se o quadro de pixels aparece abaixo da paleta de cores",
              "fullTitle": "4 - Adicione à página um quadro de pixels, com 25 pixels. Verifica se o quadro de pixels aparece abaixo da paleta de cores",
              "timedOut": null,
              "duration": 191,
              "state": "passed",
              "speed": "slow",
              "pass": true,
              "fail": false,
              "pending": false,
              "context": null,
              "code": "cy.get('#color-palette').then(function (palette) {\n  cy.get('#pixel-board').should('be.belowOf', palette);\n});",
              "err": {},
              "uuid": "8ea83b02-84aa-4276-92b4-b9c159094745",
              "parentUUID": "0ce522e6-88d5-4277-ad65-f06f9498ebf7",
              "isHook": false,
              "skipped": false
            }
          ],
          "suites": [],
          "passes": [
            "55fc43f6-2d50-4a4a-8cb7-b88925902788",
            "8cf5371f-8456-4433-9b4d-be9549c3d655",
            "619c6808-6586-4572-a30c-ebaf8011f94f",
            "8ea83b02-84aa-4276-92b4-b9c159094745"
          ],
          "failures": [],
          "pending": [],
          "skipped": [],
          "duration": 1191,
          "root": false,
          "rootEmpty": false,
          "_timeout": 2000
        },
        {
          "uuid": "20fee51f-eb35-4536-8cff-1df230b91561",
          "title": "5 - Faça com que cada elemento do quadro de pixels possua 40 pixels de largura, 40 pixels de altura e seja delimitado por uma borda preta de 1 pixel.",
          "fullFile": "",
          "file": "",
          "beforeHooks": [],
          "afterHooks": [],
          "tests": [
            {
              "title": "Verifica se o quadro de pixels tem altura e comprimento de 5 elementos",
              "fullTitle": "5 - Faça com que cada elemento do quadro de pixels possua 40 pixels de largura, 40 pixels de altura e seja delimitado por uma borda preta de 1 pixel. Verifica se o quadro de pixels tem altura e comprimento de 5 elementos",
              "timedOut": null,
              "duration": 703,
              "state": "passed",
              "speed": "slow",
              "pass": true,
              "fail": false,
              "pending": false,
              "context": null,
              "code": "cy.get('.pixel').should('have.length', 25).each(function (pixel) {\n  expect(pixel).to.have.css('background-color', WHITE);\n}).and(function (pixels) {\n  var rows = chunk(pixels, 5);\n  rows.forEach(function (row) {\n    for (var index = 1; index < row.length; index += 1) {\n      var current = pixels[index];\n      var previous = pixels[index - 1];\n      cy.wrap(current).should('be.onTheRightOf', previous).and('be.horizontallyAlignedWith', previous);\n    }\n  });\n  for (var index = 1; index < 5; index += 1) {\n    expect(pixels[index * 5]).to.be.belowOf(pixels[(index - 1) * 5]);\n  }\n});",
              "err": {},
              "uuid": "0f44aded-cb3c-40c0-9293-40e8e9538045",
              "parentUUID": "20fee51f-eb35-4536-8cff-1df230b91561",
              "isHook": false,
              "skipped": false
            },
            {
              "title": "Verifica se 40 pixels é o tamanho total do elemento, incluindo seu conteúdo e excluindo a borda preta, que deve ser criada à parte.",
              "fullTitle": "5 - Faça com que cada elemento do quadro de pixels possua 40 pixels de largura, 40 pixels de altura e seja delimitado por uma borda preta de 1 pixel. Verifica se 40 pixels é o tamanho total do elemento, incluindo seu conteúdo e excluindo a borda preta, que deve ser criada à parte.",
              "timedOut": null,
              "duration": 820,
              "state": "passed",
              "speed": "slow",
              "pass": true,
              "fail": false,
              "pending": false,
              "context": null,
              "code": "cy.get('.pixel').each(function (pixel) {\n  cy.wrap(pixel).should('have.css', 'height', '40px').and('have.css', 'width', '40px').and('have.css', 'border', \"1px solid \".concat(BLACK));\n});",
              "err": {},
              "uuid": "778881b8-a5ec-4ba5-a1aa-98b0ff2daaf1",
              "parentUUID": "20fee51f-eb35-4536-8cff-1df230b91561",
              "isHook": false,
              "skipped": false
            }
          ],
          "suites": [],
          "passes": [
            "0f44aded-cb3c-40c0-9293-40e8e9538045",
            "778881b8-a5ec-4ba5-a1aa-98b0ff2daaf1"
          ],
          "failures": [],
          "pending": [],
          "skipped": [],
          "duration": 1523,
          "root": false,
          "rootEmpty": false,
          "_timeout": 2000
        },
        {
          "uuid": "c052ab7e-0a0a-4a59-9be7-e20b5bff0b2d",
          "title": "6 - Defina a cor preta como cor inicial. Ao carregar a página a cor preta já deve estar selecionada para pintar os pixels",
          "fullFile": "",
          "file": "",
          "beforeHooks": [],
          "afterHooks": [],
          "tests": [
            {
              "title": "Verifica se o elemento da cor preta possui, inicialmente, a `classe` `selected`",
              "fullTitle": "6 - Defina a cor preta como cor inicial. Ao carregar a página a cor preta já deve estar selecionada para pintar os pixels Verifica se o elemento da cor preta possui, inicialmente, a `classe` `selected`",
              "timedOut": null,
              "duration": 236,
              "state": "passed",
              "speed": "slow",
              "pass": true,
              "fail": false,
              "pending": false,
              "context": null,
              "code": "cy.get('.selected').first().should('have.css', 'background-color', BLACK);",
              "err": {},
              "uuid": "9d4ed061-bec7-4c38-85b0-fa073f52ec15",
              "parentUUID": "c052ab7e-0a0a-4a59-9be7-e20b5bff0b2d",
              "isHook": false,
              "skipped": false
            },
            {
              "title": "Verifica se nenhuma outra cor da paleta tem a `classe` `selected`",
              "fullTitle": "6 - Defina a cor preta como cor inicial. Ao carregar a página a cor preta já deve estar selecionada para pintar os pixels Verifica se nenhuma outra cor da paleta tem a `classe` `selected`",
              "timedOut": null,
              "duration": 251,
              "state": "passed",
              "speed": "slow",
              "pass": true,
              "fail": false,
              "pending": false,
              "context": null,
              "code": "cy.get('.color:not(:first-child)').each(function (color) {\n  cy.wrap(color).should('not.have.class', 'selected');\n});",
              "err": {},
              "uuid": "9ddc47d5-7cfb-4290-9faf-87e5e49fba3c",
              "parentUUID": "c052ab7e-0a0a-4a59-9be7-e20b5bff0b2d",
              "isHook": false,
              "skipped": false
            }
          ],
          "suites": [],
          "passes": [
            "9d4ed061-bec7-4c38-85b0-fa073f52ec15",
            "9ddc47d5-7cfb-4290-9faf-87e5e49fba3c"
          ],
          "failures": [],
          "pending": [],
          "skipped": [],
          "duration": 487,
          "root": false,
          "rootEmpty": false,
          "_timeout": 2000
        },
        {
          "uuid": "580e173e-f31e-45b9-8d40-b324e8300771",
          "title": "7 - Clicar em uma das cores da paleta, faz com que ela seja selecionada e utilizada para preencher os pixels no quadro.",
          "fullFile": "",
          "file": "",
          "beforeHooks": [],
          "afterHooks": [],
          "tests": [
            {
              "title": "Verifica se somente uma cor da paleta de cores tem a classe `selected` de cada vez",
              "fullTitle": "7 - Clicar em uma das cores da paleta, faz com que ela seja selecionada e utilizada para preencher os pixels no quadro. Verifica se somente uma cor da paleta de cores tem a classe `selected` de cada vez",
              "timedOut": null,
              "duration": 749,
              "state": "passed",
              "speed": "slow",
              "pass": true,
              "fail": false,
              "pending": false,
              "context": null,
              "code": "cy.get('.color').each(function (selectedColor, selectedColorIndex) {\n  cy.wrap(selectedColor).click();\n  cy.get('.color').each(function (color, colorIndex) {\n    if (colorIndex === selectedColorIndex) {\n      expect(color).to.have[\"class\"]('selected');\n    } else {\n      expect(color).not.to.have[\"class\"]('selected');\n    }\n  });\n});",
              "err": {},
              "uuid": "7e017f49-dc91-4d4a-ba7f-6cbbbe59c21f",
              "parentUUID": "580e173e-f31e-45b9-8d40-b324e8300771",
              "isHook": false,
              "skipped": false
            },
            {
              "title": "Verifica se os pixels dentro do quadro não têm a classe `selected` quando são clicados",
              "fullTitle": "7 - Clicar em uma das cores da paleta, faz com que ela seja selecionada e utilizada para preencher os pixels no quadro. Verifica se os pixels dentro do quadro não têm a classe `selected` quando são clicados",
              "timedOut": null,
              "duration": 10133,
              "state": "passed",
              "speed": "slow",
              "pass": true,
              "fail": false,
              "pending": false,
              "context": null,
              "code": "cy.get('.color').each(function (color) {\n  var backgroundColor = color.css('background-color');\n  cy.wrap(color).click();\n  cy.get('.pixel').each(function (pixel) {\n    cy.wrap(pixel).click().should('not.have.class', 'selected');\n  });\n});",
              "err": {},
              "uuid": "7ccb2de1-2617-4f06-93ab-fe887a186a1f",
              "parentUUID": "580e173e-f31e-45b9-8d40-b324e8300771",
              "isHook": false,
              "skipped": false
            }
          ],
          "suites": [],
          "passes": [
            "7e017f49-dc91-4d4a-ba7f-6cbbbe59c21f",
            "7ccb2de1-2617-4f06-93ab-fe887a186a1f"
          ],
          "failures": [],
          "pending": [],
          "skipped": [],
          "duration": 10882,
          "root": false,
          "rootEmpty": false,
          "_timeout": 2000
        },
        {
          "uuid": "24b3743e-0459-4688-ac90-1200a8300a00",
          "title": "8 - Clicar em um pixel dentro do quadro após selecionar uma cor na paleta, faz com que o pixel seja preenchido com a cor selecionada.",
          "fullFile": "",
          "file": "",
          "beforeHooks": [],
          "afterHooks": [],
          "tests": [
            {
              "title": "Verifica se ao carregar a página deve ser possível pintar os pixels de preto",
              "fullTitle": "8 - Clicar em um pixel dentro do quadro após selecionar uma cor na paleta, faz com que o pixel seja preenchido com a cor selecionada. Verifica se ao carregar a página deve ser possível pintar os pixels de preto",
              "timedOut": null,
              "duration": 4849,
              "state": "failed",
              "speed": null,
              "pass": false,
              "fail": true,
              "pending": false,
              "context": null,
              "code": "cy.get('.pixel').each(function (pixel) {\n  cy.wrap(pixel).click().should('have.css', 'background-color', BLACK);\n});",
              "err": {
                "message": "CypressError: Timed out retrying: expected '<cor.pixel>' to have CSS property 'background-color' with the value 'rgb(0, 0, 0)', but the value was 'rgb(255, 255, 255)'",
                "estack": "CypressError: Timed out retrying: expected '<cor.pixel>' to have CSS property 'background-color' with the value 'rgb(0, 0, 0)', but the value was 'rgb(255, 255, 255)'\n    at cypressErr (http://localhost:43419/__cypress/runner/cypress_runner.js:149934:9)\n    at throwErr (http://localhost:43419/__cypress/runner/cypress_runner.js:149867:11)\n    at Object.throwErrByPath (http://localhost:43419/__cypress/runner/cypress_runner.js:149915:3)\n    at retry (http://localhost:43419/__cypress/runner/cypress_runner.js:144197:19)\n    at onFailFn (http://localhost:43419/__cypress/runner/cypress_runner.js:132448:16)\n    at tryCatcher (http://localhost:43419/__cypress/runner/cypress_runner.js:167415:23)\n    at Promise._settlePromiseFromHandler (http://localhost:43419/__cypress/runner/cypress_runner.js:165351:31)\n    at Promise._settlePromise (http://localhost:43419/__cypress/runner/cypress_runner.js:165408:18)\n    at Promise._settlePromise0 (http://localhost:43419/__cypress/runner/cypress_runner.js:165453:10)\n    at Promise._settlePromises (http://localhost:43419/__cypress/runner/cypress_runner.js:165528:18)\n    at Async../node_modules/bluebird/js/release/async.js.Async._drainQueue (http://localhost:43419/__cypress/runner/cypress_runner.js:162140:16)\n    at Async../node_modules/bluebird/js/release/async.js.Async._drainQueues (http://localhost:43419/__cypress/runner/cypress_runner.js:162150:10)\n    at Async.drainQueues (http://localhost:43419/__cypress/runner/cypress_runner.js:162024:14)",
                "diff": null
              },
              "uuid": "2780769f-8496-4527-bfe1-0d9072edf4a4",
              "parentUUID": "24b3743e-0459-4688-ac90-1200a8300a00",
              "isHook": false,
              "skipped": false
            },
            {
              "title": "Verifica se após selecionar uma outra cor na paleta, é possível pintar os pixels com essa cor",
              "fullTitle": "8 - Clicar em um pixel dentro do quadro após selecionar uma cor na paleta, faz com que o pixel seja preenchido com a cor selecionada. Verifica se após selecionar uma outra cor na paleta, é possível pintar os pixels com essa cor",
              "timedOut": null,
              "duration": 4883,
              "state": "failed",
              "speed": null,
              "pass": false,
              "fail": true,
              "pending": false,
              "context": null,
              "code": "cy.get('.color').each(function (color) {\n  var backgroundColor = color.css('background-color');\n  cy.wrap(color).click();\n  cy.get('.pixel').each(function (pixel) {\n    cy.wrap(pixel).click().should('have.css', 'background-color', backgroundColor);\n  });\n});",
              "err": {
                "message": "CypressError: Timed out retrying: expected '<cor.pixel>' to have CSS property 'background-color' with the value 'rgb(0, 0, 0)', but the value was 'rgb(255, 255, 255)'",
                "estack": "CypressError: Timed out retrying: expected '<cor.pixel>' to have CSS property 'background-color' with the value 'rgb(0, 0, 0)', but the value was 'rgb(255, 255, 255)'\n    at cypressErr (http://localhost:43419/__cypress/runner/cypress_runner.js:149934:9)\n    at throwErr (http://localhost:43419/__cypress/runner/cypress_runner.js:149867:11)\n    at Object.throwErrByPath (http://localhost:43419/__cypress/runner/cypress_runner.js:149915:3)\n    at retry (http://localhost:43419/__cypress/runner/cypress_runner.js:144197:19)\n    at onFailFn (http://localhost:43419/__cypress/runner/cypress_runner.js:132448:16)\n    at tryCatcher (http://localhost:43419/__cypress/runner/cypress_runner.js:167415:23)\n    at Promise._settlePromiseFromHandler (http://localhost:43419/__cypress/runner/cypress_runner.js:165351:31)\n    at Promise._settlePromise (http://localhost:43419/__cypress/runner/cypress_runner.js:165408:18)\n    at Promise._settlePromise0 (http://localhost:43419/__cypress/runner/cypress_runner.js:165453:10)\n    at Promise._settlePromises (http://localhost:43419/__cypress/runner/cypress_runner.js:165528:18)\n    at Async../node_modules/bluebird/js/release/async.js.Async._drainQueue (http://localhost:43419/__cypress/runner/cypress_runner.js:162140:16)\n    at Async../node_modules/bluebird/js/release/async.js.Async._drainQueues (http://localhost:43419/__cypress/runner/cypress_runner.js:162150:10)\n    at Async.drainQueues (http://localhost:43419/__cypress/runner/cypress_runner.js:162024:14)",
                "diff": null
              },
              "uuid": "a5d2e967-3b00-4b55-a092-e744bcf9e805",
              "parentUUID": "24b3743e-0459-4688-ac90-1200a8300a00",
              "isHook": false,
              "skipped": false
            },
            {
              "title": "Verifica se somente o pixel que foi clicado foi preenchido com a cor selecionada, sem influenciar na cor dos demais pixels.",
              "fullTitle": "8 - Clicar em um pixel dentro do quadro após selecionar uma cor na paleta, faz com que o pixel seja preenchido com a cor selecionada. Verifica se somente o pixel que foi clicado foi preenchido com a cor selecionada, sem influenciar na cor dos demais pixels.",
              "timedOut": null,
              "duration": 3666,
              "state": "passed",
              "speed": "slow",
              "pass": true,
              "fail": false,
              "pending": false,
              "context": null,
              "code": "var colorToPixelIndexMap = {\n  0: 6,\n  1: 8,\n  2: 16,\n  3: 18\n};\ncy.get('.color').each(function (color, index) {\n  cy.wrap(color).click();\n  var backgroundColor = color.css('background-color');\n  var clickedPixelIndex = colorToPixelIndexMap[index];\n  cy.get('.pixel').eq(clickedPixelIndex).click();\n  cy.get('.pixel').eq(clickedPixelIndex - 1).should('not.have.css', 'background-color', backgroundColor);\n  cy.get('.pixel').eq(clickedPixelIndex + 1).should('not.have.css', 'background-color', backgroundColor);\n  cy.get('.pixel').eq(clickedPixelIndex - 5).should('not.have.css', 'background-color', backgroundColor);\n  cy.get('.pixel').eq(clickedPixelIndex + 5).should('not.have.css', 'background-color', backgroundColor);\n  cy.get('.pixel').eq(clickedPixelIndex - 6).should('not.have.css', 'background-color', backgroundColor);\n  cy.get('.pixel').eq(clickedPixelIndex - 4).should('not.have.css', 'background-color', backgroundColor);\n  cy.get('.pixel').eq(clickedPixelIndex + 4).should('not.have.css', 'background-color', backgroundColor);\n  cy.get('.pixel').eq(clickedPixelIndex + 6).should('not.have.css', 'background-color', backgroundColor);\n});",
              "err": {},
              "uuid": "e3141eeb-1d7c-406b-958f-01d10efe040d",
              "parentUUID": "24b3743e-0459-4688-ac90-1200a8300a00",
              "isHook": false,
              "skipped": false
            }
          ],
          "suites": [],
          "passes": [
            "e3141eeb-1d7c-406b-958f-01d10efe040d"
          ],
          "failures": [
            "2780769f-8496-4527-bfe1-0d9072edf4a4",
            "a5d2e967-3b00-4b55-a092-e744bcf9e805"
          ],
          "pending": [],
          "skipped": [],
          "duration": 13398,
          "root": false,
          "rootEmpty": false,
          "_timeout": 2000
        },
        {
          "uuid": "c78ef932-e4a5-4ea8-9541-8b5eb8ec0b9f",
          "title": "9 - Crie um botão que, ao ser clicado, limpa o quadro preenchendo a cor de todos seus pixels com branco.",
          "fullFile": "",
          "file": "",
          "beforeHooks": [],
          "afterHooks": [],
          "tests": [
            {
              "title": "Verifica se o botão tem o `id` denominado `clear-board`",
              "fullTitle": "9 - Crie um botão que, ao ser clicado, limpa o quadro preenchendo a cor de todos seus pixels com branco. Verifica se o botão tem o `id` denominado `clear-board`",
              "timedOut": null,
              "duration": 371,
              "state": "passed",
              "speed": "slow",
              "pass": true,
              "fail": false,
              "pending": false,
              "context": null,
              "code": "cy.get('#clear-board').should('be.visible');",
              "err": {},
              "uuid": "3c4e94af-90dc-448a-8a33-58352472623a",
              "parentUUID": "c78ef932-e4a5-4ea8-9541-8b5eb8ec0b9f",
              "isHook": false,
              "skipped": false
            },
            {
              "title": "Verifica se o botão está posicionado entre a paleta de cores e o quadro de pixels",
              "fullTitle": "9 - Crie um botão que, ao ser clicado, limpa o quadro preenchendo a cor de todos seus pixels com branco. Verifica se o botão está posicionado entre a paleta de cores e o quadro de pixels",
              "timedOut": null,
              "duration": 4526,
              "state": "failed",
              "speed": null,
              "pass": false,
              "fail": true,
              "pending": false,
              "context": null,
              "code": "cy.get('#color-palette').then(function (palette) {\n  cy.get('#clear-board').should('be.belowOf', palette);\n});\ncy.get('#clear-board').then(function (clearBtn) {\n  cy.get('#pixel-board').should('be.belowOf', clearBtn);\n});",
              "err": {
                "message": "CypressError: Timed out retrying: expected '<div#pixel-board>' to be below of { Object (0, length, ...) }",
                "estack": "CypressError: Timed out retrying: expected '<div#pixel-board>' to be below of { Object (0, length, ...) }\n    at cypressErr (http://localhost:43419/__cypress/runner/cypress_runner.js:149934:9)\n    at throwErr (http://localhost:43419/__cypress/runner/cypress_runner.js:149867:11)\n    at Object.throwErrByPath (http://localhost:43419/__cypress/runner/cypress_runner.js:149915:3)\n    at retry (http://localhost:43419/__cypress/runner/cypress_runner.js:144197:19)\n    at onFailFn (http://localhost:43419/__cypress/runner/cypress_runner.js:132448:16)\n    at tryCatcher (http://localhost:43419/__cypress/runner/cypress_runner.js:167415:23)\n    at Promise._settlePromiseFromHandler (http://localhost:43419/__cypress/runner/cypress_runner.js:165351:31)\n    at Promise._settlePromise (http://localhost:43419/__cypress/runner/cypress_runner.js:165408:18)\n    at Promise._settlePromise0 (http://localhost:43419/__cypress/runner/cypress_runner.js:165453:10)\n    at Promise._settlePromises (http://localhost:43419/__cypress/runner/cypress_runner.js:165528:18)\n    at Async../node_modules/bluebird/js/release/async.js.Async._drainQueue (http://localhost:43419/__cypress/runner/cypress_runner.js:162140:16)\n    at Async../node_modules/bluebird/js/release/async.js.Async._drainQueues (http://localhost:43419/__cypress/runner/cypress_runner.js:162150:10)\n    at Async.drainQueues (http://localhost:43419/__cypress/runner/cypress_runner.js:162024:14)",
                "diff": null
              },
              "uuid": "56ab8d6f-5832-4309-8b2e-d0d0f457e1e6",
              "parentUUID": "c78ef932-e4a5-4ea8-9541-8b5eb8ec0b9f",
              "isHook": false,
              "skipped": false
            },
            {
              "title": "Verifica se o texto do botão é 'Limpar'",
              "fullTitle": "9 - Crie um botão que, ao ser clicado, limpa o quadro preenchendo a cor de todos seus pixels com branco. Verifica se o texto do botão é 'Limpar'",
              "timedOut": null,
              "duration": 4666,
              "state": "failed",
              "speed": null,
              "pass": false,
              "fail": true,
              "pending": false,
              "context": null,
              "code": "cy.get('#clear-board').should('contain.text', 'Limpar');",
              "err": {
                "message": "CypressError: Timed out retrying: expected '<button#clear-board>' to contain text 'Limpar', but the text was 'limpar'",
                "estack": "CypressError: Timed out retrying: expected '<button#clear-board>' to contain text 'Limpar', but the text was 'limpar'\n    at cypressErr (http://localhost:43419/__cypress/runner/cypress_runner.js:149934:9)\n    at throwErr (http://localhost:43419/__cypress/runner/cypress_runner.js:149867:11)\n    at Object.throwErrByPath (http://localhost:43419/__cypress/runner/cypress_runner.js:149915:3)\n    at retry (http://localhost:43419/__cypress/runner/cypress_runner.js:144197:19)\n    at onFailFn (http://localhost:43419/__cypress/runner/cypress_runner.js:132448:16)\n    at tryCatcher (http://localhost:43419/__cypress/runner/cypress_runner.js:167415:23)\n    at Promise._settlePromiseFromHandler (http://localhost:43419/__cypress/runner/cypress_runner.js:165351:31)\n    at Promise._settlePromise (http://localhost:43419/__cypress/runner/cypress_runner.js:165408:18)\n    at Promise._settlePromise0 (http://localhost:43419/__cypress/runner/cypress_runner.js:165453:10)\n    at Promise._settlePromises (http://localhost:43419/__cypress/runner/cypress_runner.js:165528:18)\n    at Async../node_modules/bluebird/js/release/async.js.Async._drainQueue (http://localhost:43419/__cypress/runner/cypress_runner.js:162140:16)\n    at Async../node_modules/bluebird/js/release/async.js.Async._drainQueues (http://localhost:43419/__cypress/runner/cypress_runner.js:162150:10)\n    at Async.drainQueues (http://localhost:43419/__cypress/runner/cypress_runner.js:162024:14)",
                "diff": null
              },
              "uuid": "c3f55e74-9ed2-4a08-b3b7-09b6c2cee35b",
              "parentUUID": "c78ef932-e4a5-4ea8-9541-8b5eb8ec0b9f",
              "isHook": false,
              "skipped": false
            },
            {
              "title": "Verifica se ao clicar no botão, o quadro de pixels é totalmente preenchido de branco",
              "fullTitle": "9 - Crie um botão que, ao ser clicado, limpa o quadro preenchendo a cor de todos seus pixels com branco. Verifica se ao clicar no botão, o quadro de pixels é totalmente preenchido de branco",
              "timedOut": null,
              "duration": 4926,
              "state": "failed",
              "speed": null,
              "pass": false,
              "fail": true,
              "pending": false,
              "context": null,
              "code": "cy.get('.color').eq(1).then(function (color) {\n  var backgroundColor = color.css('background-color');\n  cy.wrap(color).click();\n  cy.get('.pixel').each(function (pixel) {\n    cy.wrap(pixel).click().should('have.css', 'background-color', backgroundColor);\n  });\n});\ncy.get('#clear-board').click();\ncy.get('.pixel').each(function (pixel) {\n  cy.wrap(pixel).should('have.css', 'background-color', WHITE);\n});",
              "err": {
                "message": "CypressError: Timed out retrying: expected '<cor.pixel>' to have CSS property 'background-color' with the value 'rgb(255, 0, 0)', but the value was 'rgb(255, 255, 255)'",
                "estack": "CypressError: Timed out retrying: expected '<cor.pixel>' to have CSS property 'background-color' with the value 'rgb(255, 0, 0)', but the value was 'rgb(255, 255, 255)'\n    at cypressErr (http://localhost:43419/__cypress/runner/cypress_runner.js:149934:9)\n    at throwErr (http://localhost:43419/__cypress/runner/cypress_runner.js:149867:11)\n    at Object.throwErrByPath (http://localhost:43419/__cypress/runner/cypress_runner.js:149915:3)\n    at retry (http://localhost:43419/__cypress/runner/cypress_runner.js:144197:19)\n    at onFailFn (http://localhost:43419/__cypress/runner/cypress_runner.js:132448:16)\n    at tryCatcher (http://localhost:43419/__cypress/runner/cypress_runner.js:167415:23)\n    at Promise._settlePromiseFromHandler (http://localhost:43419/__cypress/runner/cypress_runner.js:165351:31)\n    at Promise._settlePromise (http://localhost:43419/__cypress/runner/cypress_runner.js:165408:18)\n    at Promise._settlePromise0 (http://localhost:43419/__cypress/runner/cypress_runner.js:165453:10)\n    at Promise._settlePromises (http://localhost:43419/__cypress/runner/cypress_runner.js:165528:18)\n    at Async../node_modules/bluebird/js/release/async.js.Async._drainQueue (http://localhost:43419/__cypress/runner/cypress_runner.js:162140:16)\n    at Async../node_modules/bluebird/js/release/async.js.Async._drainQueues (http://localhost:43419/__cypress/runner/cypress_runner.js:162150:10)\n    at Async.drainQueues (http://localhost:43419/__cypress/runner/cypress_runner.js:162024:14)",
                "diff": null
              },
              "uuid": "dfb71d00-9331-46b9-a518-2a5c488c9d8a",
              "parentUUID": "c78ef932-e4a5-4ea8-9541-8b5eb8ec0b9f",
              "isHook": false,
              "skipped": false
            }
          ],
          "suites": [],
          "passes": [
            "3c4e94af-90dc-448a-8a33-58352472623a"
          ],
          "failures": [
            "56ab8d6f-5832-4309-8b2e-d0d0f457e1e6",
            "c3f55e74-9ed2-4a08-b3b7-09b6c2cee35b",
            "dfb71d00-9331-46b9-a518-2a5c488c9d8a"
          ],
          "pending": [],
          "skipped": [],
          "duration": 14489,
          "root": false,
          "rootEmpty": false,
          "_timeout": 2000
        },
        {
          "uuid": "ecf0e224-d7d2-4803-b0c3-d7d4c52acb4e",
          "title": "10 - Faça o quadro de pixels ter seu tamanho definido pelo usuário.",
          "fullFile": "",
          "file": "",
          "beforeHooks": [],
          "afterHooks": [],
          "tests": [
            {
              "title": "Verifica se existe um input com o id `board-size`",
              "fullTitle": "10 - Faça o quadro de pixels ter seu tamanho definido pelo usuário. Verifica se existe um input com o id `board-size`",
              "timedOut": null,
              "duration": 5101,
              "state": "failed",
              "speed": null,
              "pass": false,
              "fail": true,
              "pending": false,
              "context": null,
              "code": "cy.get('#board-size').should('be.visible');",
              "err": {
                "message": "CypressError: Timed out retrying: Expected to find element: '#board-size', but never found it.",
                "estack": "CypressError: Timed out retrying: Expected to find element: '#board-size', but never found it.\n    at cypressErr (http://localhost:43419/__cypress/runner/cypress_runner.js:149934:9)\n    at throwErr (http://localhost:43419/__cypress/runner/cypress_runner.js:149867:11)\n    at Object.throwErrByPath (http://localhost:43419/__cypress/runner/cypress_runner.js:149915:3)\n    at retry (http://localhost:43419/__cypress/runner/cypress_runner.js:144197:19)\n    at onFailFn (http://localhost:43419/__cypress/runner/cypress_runner.js:132448:16)\n    at tryCatcher (http://localhost:43419/__cypress/runner/cypress_runner.js:167415:23)\n    at Promise._settlePromiseFromHandler (http://localhost:43419/__cypress/runner/cypress_runner.js:165351:31)\n    at Promise._settlePromise (http://localhost:43419/__cypress/runner/cypress_runner.js:165408:18)\n    at Promise._settlePromise0 (http://localhost:43419/__cypress/runner/cypress_runner.js:165453:10)\n    at Promise._settlePromises (http://localhost:43419/__cypress/runner/cypress_runner.js:165528:18)\n    at Async../node_modules/bluebird/js/release/async.js.Async._drainQueue (http://localhost:43419/__cypress/runner/cypress_runner.js:162140:16)\n    at Async../node_modules/bluebird/js/release/async.js.Async._drainQueues (http://localhost:43419/__cypress/runner/cypress_runner.js:162150:10)\n    at Async.drainQueues (http://localhost:43419/__cypress/runner/cypress_runner.js:162024:14)",
                "diff": null
              },
              "uuid": "d3a68638-a617-4190-a803-df2620d13023",
              "parentUUID": "ecf0e224-d7d2-4803-b0c3-d7d4c52acb4e",
              "isHook": false,
              "skipped": false
            },
            {
              "title": "Verifica se existe um botão com o id `generate-board`",
              "fullTitle": "10 - Faça o quadro de pixels ter seu tamanho definido pelo usuário. Verifica se existe um botão com o id `generate-board`",
              "timedOut": null,
              "duration": 4756,
              "state": "failed",
              "speed": null,
              "pass": false,
              "fail": true,
              "pending": false,
              "context": null,
              "code": "cy.get('#generate-board').should('be.visible');",
              "err": {
                "message": "CypressError: Timed out retrying: Expected to find element: '#generate-board', but never found it.",
                "estack": "CypressError: Timed out retrying: Expected to find element: '#generate-board', but never found it.\n    at cypressErr (http://localhost:43419/__cypress/runner/cypress_runner.js:149934:9)\n    at throwErr (http://localhost:43419/__cypress/runner/cypress_runner.js:149867:11)\n    at Object.throwErrByPath (http://localhost:43419/__cypress/runner/cypress_runner.js:149915:3)\n    at retry (http://localhost:43419/__cypress/runner/cypress_runner.js:144197:19)\n    at onFailFn (http://localhost:43419/__cypress/runner/cypress_runner.js:132448:16)\n    at tryCatcher (http://localhost:43419/__cypress/runner/cypress_runner.js:167415:23)\n    at Promise._settlePromiseFromHandler (http://localhost:43419/__cypress/runner/cypress_runner.js:165351:31)\n    at Promise._settlePromise (http://localhost:43419/__cypress/runner/cypress_runner.js:165408:18)\n    at Promise._settlePromise0 (http://localhost:43419/__cypress/runner/cypress_runner.js:165453:10)\n    at Promise._settlePromises (http://localhost:43419/__cypress/runner/cypress_runner.js:165528:18)\n    at Async../node_modules/bluebird/js/release/async.js.Async._drainQueue (http://localhost:43419/__cypress/runner/cypress_runner.js:162140:16)\n    at Async../node_modules/bluebird/js/release/async.js.Async._drainQueues (http://localhost:43419/__cypress/runner/cypress_runner.js:162150:10)\n    at Async.drainQueues (http://localhost:43419/__cypress/runner/cypress_runner.js:162024:14)",
                "diff": null
              },
              "uuid": "d4fe9884-68c1-4854-8114-33d084540045",
              "parentUUID": "ecf0e224-d7d2-4803-b0c3-d7d4c52acb4e",
              "isHook": false,
              "skipped": false
            },
            {
              "title": "Verifica se o input só aceita número maiores que zero. Essa restrição deve ser feita usando os atributos do elemento `input`",
              "fullTitle": "10 - Faça o quadro de pixels ter seu tamanho definido pelo usuário. Verifica se o input só aceita número maiores que zero. Essa restrição deve ser feita usando os atributos do elemento `input`",
              "timedOut": null,
              "duration": 4698,
              "state": "failed",
              "speed": null,
              "pass": false,
              "fail": true,
              "pending": false,
              "context": null,
              "code": "cy.get('#board-size[type=\\'number\\'][min=\\'1\\']');",
              "err": {
                "message": "CypressError: Timed out retrying: Expected to find element: '#board-size[type='number'][min='1']', but never found it.",
                "estack": "CypressError: Timed out retrying: Expected to find element: '#board-size[type='number'][min='1']', but never found it.\n    at cypressErr (http://localhost:43419/__cypress/runner/cypress_runner.js:149934:9)\n    at throwErr (http://localhost:43419/__cypress/runner/cypress_runner.js:149867:11)\n    at Object.throwErrByPath (http://localhost:43419/__cypress/runner/cypress_runner.js:149915:3)\n    at retry (http://localhost:43419/__cypress/runner/cypress_runner.js:144197:19)\n    at onFailFn (http://localhost:43419/__cypress/runner/cypress_runner.js:132448:16)\n    at tryCatcher (http://localhost:43419/__cypress/runner/cypress_runner.js:167415:23)\n    at Promise._settlePromiseFromHandler (http://localhost:43419/__cypress/runner/cypress_runner.js:165351:31)\n    at Promise._settlePromise (http://localhost:43419/__cypress/runner/cypress_runner.js:165408:18)\n    at Promise._settlePromise0 (http://localhost:43419/__cypress/runner/cypress_runner.js:165453:10)\n    at Promise._settlePromises (http://localhost:43419/__cypress/runner/cypress_runner.js:165528:18)\n    at Async../node_modules/bluebird/js/release/async.js.Async._drainQueue (http://localhost:43419/__cypress/runner/cypress_runner.js:162140:16)\n    at Async../node_modules/bluebird/js/release/async.js.Async._drainQueues (http://localhost:43419/__cypress/runner/cypress_runner.js:162150:10)\n    at Async.drainQueues (http://localhost:43419/__cypress/runner/cypress_runner.js:162024:14)",
                "diff": null
              },
              "uuid": "e0a7a7fb-973a-41e0-936b-c820c5d615f9",
              "parentUUID": "ecf0e224-d7d2-4803-b0c3-d7d4c52acb4e",
              "isHook": false,
              "skipped": false
            },
            {
              "title": "Verifica se o botão contém o texto 'VQV'",
              "fullTitle": "10 - Faça o quadro de pixels ter seu tamanho definido pelo usuário. Verifica se o botão contém o texto 'VQV'",
              "timedOut": null,
              "duration": 4745,
              "state": "failed",
              "speed": null,
              "pass": false,
              "fail": true,
              "pending": false,
              "context": null,
              "code": "cy.get('#generate-board').contains(/vqv/i);",
              "err": {
                "message": "CypressError: Timed out retrying: Expected to find element: '#generate-board', but never found it.",
                "estack": "CypressError: Timed out retrying: Expected to find element: '#generate-board', but never found it.\n    at cypressErr (http://localhost:43419/__cypress/runner/cypress_runner.js:149934:9)\n    at throwErr (http://localhost:43419/__cypress/runner/cypress_runner.js:149867:11)\n    at Object.throwErrByPath (http://localhost:43419/__cypress/runner/cypress_runner.js:149915:3)\n    at retry (http://localhost:43419/__cypress/runner/cypress_runner.js:144197:19)\n    at onFailFn (http://localhost:43419/__cypress/runner/cypress_runner.js:132448:16)\n    at tryCatcher (http://localhost:43419/__cypress/runner/cypress_runner.js:167415:23)\n    at Promise._settlePromiseFromHandler (http://localhost:43419/__cypress/runner/cypress_runner.js:165351:31)\n    at Promise._settlePromise (http://localhost:43419/__cypress/runner/cypress_runner.js:165408:18)\n    at Promise._settlePromise0 (http://localhost:43419/__cypress/runner/cypress_runner.js:165453:10)\n    at Promise._settlePromises (http://localhost:43419/__cypress/runner/cypress_runner.js:165528:18)\n    at Async../node_modules/bluebird/js/release/async.js.Async._drainQueue (http://localhost:43419/__cypress/runner/cypress_runner.js:162140:16)\n    at Async../node_modules/bluebird/js/release/async.js.Async._drainQueues (http://localhost:43419/__cypress/runner/cypress_runner.js:162150:10)\n    at Async.drainQueues (http://localhost:43419/__cypress/runner/cypress_runner.js:162024:14)",
                "diff": null
              },
              "uuid": "db6b341a-2094-4806-98b2-9d7952a7818e",
              "parentUUID": "ecf0e224-d7d2-4803-b0c3-d7d4c52acb4e",
              "isHook": false,
              "skipped": false
            },
            {
              "title": "Verifica se o input está posicionado entre a paleta de cores e o quadro de pixels",
              "fullTitle": "10 - Faça o quadro de pixels ter seu tamanho definido pelo usuário. Verifica se o input está posicionado entre a paleta de cores e o quadro de pixels",
              "timedOut": null,
              "duration": 5010,
              "state": "failed",
              "speed": null,
              "pass": false,
              "fail": true,
              "pending": false,
              "context": null,
              "code": "cy.get('#color-palette').then(function (palette) {\n  cy.get('#board-size').should('be.belowOf', palette);\n});\ncy.get('#board-size').then(function (palette) {\n  cy.get('#pixel-board').should('be.belowOf', palette);\n});",
              "err": {
                "message": "CypressError: Timed out retrying: Expected to find element: '#board-size', but never found it.",
                "estack": "CypressError: Timed out retrying: Expected to find element: '#board-size', but never found it.\n    at cypressErr (http://localhost:43419/__cypress/runner/cypress_runner.js:149934:9)\n    at throwErr (http://localhost:43419/__cypress/runner/cypress_runner.js:149867:11)\n    at Object.throwErrByPath (http://localhost:43419/__cypress/runner/cypress_runner.js:149915:3)\n    at retry (http://localhost:43419/__cypress/runner/cypress_runner.js:144197:19)\n    at onFailFn (http://localhost:43419/__cypress/runner/cypress_runner.js:132448:16)\n    at tryCatcher (http://localhost:43419/__cypress/runner/cypress_runner.js:167415:23)\n    at Promise._settlePromiseFromHandler (http://localhost:43419/__cypress/runner/cypress_runner.js:165351:31)\n    at Promise._settlePromise (http://localhost:43419/__cypress/runner/cypress_runner.js:165408:18)\n    at Promise._settlePromise0 (http://localhost:43419/__cypress/runner/cypress_runner.js:165453:10)\n    at Promise._settlePromises (http://localhost:43419/__cypress/runner/cypress_runner.js:165528:18)\n    at Async../node_modules/bluebird/js/release/async.js.Async._drainQueue (http://localhost:43419/__cypress/runner/cypress_runner.js:162140:16)\n    at Async../node_modules/bluebird/js/release/async.js.Async._drainQueues (http://localhost:43419/__cypress/runner/cypress_runner.js:162150:10)\n    at Async.drainQueues (http://localhost:43419/__cypress/runner/cypress_runner.js:162024:14)",
                "diff": null
              },
              "uuid": "e427ad44-9fb5-4073-bc12-2fc570948b50",
              "parentUUID": "ecf0e224-d7d2-4803-b0c3-d7d4c52acb4e",
              "isHook": false,
              "skipped": false
            },
            {
              "title": "Verifica se o botão está posicionado ao lado do input",
              "fullTitle": "10 - Faça o quadro de pixels ter seu tamanho definido pelo usuário. Verifica se o botão está posicionado ao lado do input",
              "timedOut": null,
              "duration": 5091,
              "state": "failed",
              "speed": null,
              "pass": false,
              "fail": true,
              "pending": false,
              "context": null,
              "code": "cy.get('#board-size').then(function (board) {\n  cy.get('#generate-board').should('be.onTheRightOf', board);\n});",
              "err": {
                "message": "CypressError: Timed out retrying: Expected to find element: '#board-size', but never found it.",
                "estack": "CypressError: Timed out retrying: Expected to find element: '#board-size', but never found it.\n    at cypressErr (http://localhost:43419/__cypress/runner/cypress_runner.js:149934:9)\n    at throwErr (http://localhost:43419/__cypress/runner/cypress_runner.js:149867:11)\n    at Object.throwErrByPath (http://localhost:43419/__cypress/runner/cypress_runner.js:149915:3)\n    at retry (http://localhost:43419/__cypress/runner/cypress_runner.js:144197:19)\n    at onFailFn (http://localhost:43419/__cypress/runner/cypress_runner.js:132448:16)\n    at tryCatcher (http://localhost:43419/__cypress/runner/cypress_runner.js:167415:23)\n    at Promise._settlePromiseFromHandler (http://localhost:43419/__cypress/runner/cypress_runner.js:165351:31)\n    at Promise._settlePromise (http://localhost:43419/__cypress/runner/cypress_runner.js:165408:18)\n    at Promise._settlePromise0 (http://localhost:43419/__cypress/runner/cypress_runner.js:165453:10)\n    at Promise._settlePromises (http://localhost:43419/__cypress/runner/cypress_runner.js:165528:18)\n    at Async../node_modules/bluebird/js/release/async.js.Async._drainQueue (http://localhost:43419/__cypress/runner/cypress_runner.js:162140:16)\n    at Async../node_modules/bluebird/js/release/async.js.Async._drainQueues (http://localhost:43419/__cypress/runner/cypress_runner.js:162150:10)\n    at Async.drainQueues (http://localhost:43419/__cypress/runner/cypress_runner.js:162024:14)",
                "diff": null
              },
              "uuid": "e81fc4c1-ad1c-466e-a1c9-354814fabc48",
              "parentUUID": "ecf0e224-d7d2-4803-b0c3-d7d4c52acb4e",
              "isHook": false,
              "skipped": false
            },
            {
              "title": "Verifica se nenhum valor for colocado no input ao clicar no botão, um `alert` é exibido com o texto: 'Board inválido!'",
              "fullTitle": "10 - Faça o quadro de pixels ter seu tamanho definido pelo usuário. Verifica se nenhum valor for colocado no input ao clicar no botão, um `alert` é exibido com o texto: 'Board inválido!'",
              "timedOut": null,
              "duration": 4734,
              "state": "failed",
              "speed": null,
              "pass": false,
              "fail": true,
              "pending": false,
              "context": null,
              "code": "var alerted = false;\ncy.on('window:alert', function (msg) {\n  return alerted = msg;\n});\ncy.get('#generate-board').click().then(function () {\n  return expect(alerted).to.match(/Board inválido!/i);\n});",
              "err": {
                "message": "CypressError: Timed out retrying: Expected to find element: '#generate-board', but never found it.",
                "estack": "CypressError: Timed out retrying: Expected to find element: '#generate-board', but never found it.\n    at cypressErr (http://localhost:43419/__cypress/runner/cypress_runner.js:149934:9)\n    at throwErr (http://localhost:43419/__cypress/runner/cypress_runner.js:149867:11)\n    at Object.throwErrByPath (http://localhost:43419/__cypress/runner/cypress_runner.js:149915:3)\n    at retry (http://localhost:43419/__cypress/runner/cypress_runner.js:144197:19)\n    at onFailFn (http://localhost:43419/__cypress/runner/cypress_runner.js:132448:16)\n    at tryCatcher (http://localhost:43419/__cypress/runner/cypress_runner.js:167415:23)\n    at Promise._settlePromiseFromHandler (http://localhost:43419/__cypress/runner/cypress_runner.js:165351:31)\n    at Promise._settlePromise (http://localhost:43419/__cypress/runner/cypress_runner.js:165408:18)\n    at Promise._settlePromise0 (http://localhost:43419/__cypress/runner/cypress_runner.js:165453:10)\n    at Promise._settlePromises (http://localhost:43419/__cypress/runner/cypress_runner.js:165528:18)\n    at Async../node_modules/bluebird/js/release/async.js.Async._drainQueue (http://localhost:43419/__cypress/runner/cypress_runner.js:162140:16)\n    at Async../node_modules/bluebird/js/release/async.js.Async._drainQueues (http://localhost:43419/__cypress/runner/cypress_runner.js:162150:10)\n    at Async.drainQueues (http://localhost:43419/__cypress/runner/cypress_runner.js:162024:14)",
                "diff": null
              },
              "uuid": "b6c29688-a80d-4b7d-b560-391a76d068f3",
              "parentUUID": "ecf0e224-d7d2-4803-b0c3-d7d4c52acb4e",
              "isHook": false,
              "skipped": false
            },
            {
              "title": "Verifica se ao clicar no botão com um valor preenchido, o tamanho do board muda.",
              "fullTitle": "10 - Faça o quadro de pixels ter seu tamanho definido pelo usuário. Verifica se ao clicar no botão com um valor preenchido, o tamanho do board muda.",
              "timedOut": null,
              "duration": 4987,
              "state": "failed",
              "speed": null,
              "pass": false,
              "fail": true,
              "pending": false,
              "context": null,
              "code": "cy.get('#board-size').clear().type(10);\ncy.get('#generate-board').click();\ncy.get('.pixel').should('have.length', 100);",
              "err": {
                "message": "CypressError: Timed out retrying: Expected to find element: '#board-size', but never found it.",
                "estack": "CypressError: Timed out retrying: Expected to find element: '#board-size', but never found it.\n    at cypressErr (http://localhost:43419/__cypress/runner/cypress_runner.js:149934:9)\n    at throwErr (http://localhost:43419/__cypress/runner/cypress_runner.js:149867:11)\n    at Object.throwErrByPath (http://localhost:43419/__cypress/runner/cypress_runner.js:149915:3)\n    at retry (http://localhost:43419/__cypress/runner/cypress_runner.js:144197:19)\n    at onFailFn (http://localhost:43419/__cypress/runner/cypress_runner.js:132448:16)\n    at tryCatcher (http://localhost:43419/__cypress/runner/cypress_runner.js:167415:23)\n    at Promise._settlePromiseFromHandler (http://localhost:43419/__cypress/runner/cypress_runner.js:165351:31)\n    at Promise._settlePromise (http://localhost:43419/__cypress/runner/cypress_runner.js:165408:18)\n    at Promise._settlePromise0 (http://localhost:43419/__cypress/runner/cypress_runner.js:165453:10)\n    at Promise._settlePromises (http://localhost:43419/__cypress/runner/cypress_runner.js:165528:18)\n    at Async../node_modules/bluebird/js/release/async.js.Async._drainQueue (http://localhost:43419/__cypress/runner/cypress_runner.js:162140:16)\n    at Async../node_modules/bluebird/js/release/async.js.Async._drainQueues (http://localhost:43419/__cypress/runner/cypress_runner.js:162150:10)\n    at Async.drainQueues (http://localhost:43419/__cypress/runner/cypress_runner.js:162024:14)",
                "diff": null
              },
              "uuid": "50afdceb-6087-454a-9b35-dd0f3898bf34",
              "parentUUID": "ecf0e224-d7d2-4803-b0c3-d7d4c52acb4e",
              "isHook": false,
              "skipped": false
            },
            {
              "title": "Verifica se o novo quadro tem todos os pixels preenchidos com a cor branca",
              "fullTitle": "10 - Faça o quadro de pixels ter seu tamanho definido pelo usuário. Verifica se o novo quadro tem todos os pixels preenchidos com a cor branca",
              "timedOut": null,
              "duration": 4943,
              "state": "failed",
              "speed": null,
              "pass": false,
              "fail": true,
              "pending": false,
              "context": null,
              "code": "cy.get('#board-size').clear().type(6);\ncy.get('#generate-board').click();\ncy.get('.pixel').should('have.length', 36).each(function (pixel) {\n  expect(pixel).to.have.css('background-color', WHITE);\n});",
              "err": {
                "message": "CypressError: Timed out retrying: Expected to find element: '#board-size', but never found it.",
                "estack": "CypressError: Timed out retrying: Expected to find element: '#board-size', but never found it.\n    at cypressErr (http://localhost:43419/__cypress/runner/cypress_runner.js:149934:9)\n    at throwErr (http://localhost:43419/__cypress/runner/cypress_runner.js:149867:11)\n    at Object.throwErrByPath (http://localhost:43419/__cypress/runner/cypress_runner.js:149915:3)\n    at retry (http://localhost:43419/__cypress/runner/cypress_runner.js:144197:19)\n    at onFailFn (http://localhost:43419/__cypress/runner/cypress_runner.js:132448:16)\n    at tryCatcher (http://localhost:43419/__cypress/runner/cypress_runner.js:167415:23)\n    at Promise._settlePromiseFromHandler (http://localhost:43419/__cypress/runner/cypress_runner.js:165351:31)\n    at Promise._settlePromise (http://localhost:43419/__cypress/runner/cypress_runner.js:165408:18)\n    at Promise._settlePromise0 (http://localhost:43419/__cypress/runner/cypress_runner.js:165453:10)\n    at Promise._settlePromises (http://localhost:43419/__cypress/runner/cypress_runner.js:165528:18)\n    at Async../node_modules/bluebird/js/release/async.js.Async._drainQueue (http://localhost:43419/__cypress/runner/cypress_runner.js:162140:16)\n    at Async../node_modules/bluebird/js/release/async.js.Async._drainQueues (http://localhost:43419/__cypress/runner/cypress_runner.js:162150:10)\n    at Async.drainQueues (http://localhost:43419/__cypress/runner/cypress_runner.js:162024:14)",
                "diff": null
              },
              "uuid": "17e7691a-1a1c-441a-b603-596a8f4045c2",
              "parentUUID": "ecf0e224-d7d2-4803-b0c3-d7d4c52acb4e",
              "isHook": false,
              "skipped": false
            }
          ],
          "suites": [],
          "passes": [],
          "failures": [
            "d3a68638-a617-4190-a803-df2620d13023",
            "d4fe9884-68c1-4854-8114-33d084540045",
            "e0a7a7fb-973a-41e0-936b-c820c5d615f9",
            "db6b341a-2094-4806-98b2-9d7952a7818e",
            "e427ad44-9fb5-4073-bc12-2fc570948b50",
            "e81fc4c1-ad1c-466e-a1c9-354814fabc48",
            "b6c29688-a80d-4b7d-b560-391a76d068f3",
            "50afdceb-6087-454a-9b35-dd0f3898bf34",
            "17e7691a-1a1c-441a-b603-596a8f4045c2"
          ],
          "pending": [],
          "skipped": [],
          "duration": 44065,
          "root": false,
          "rootEmpty": false,
          "_timeout": 2000
        },
        {
          "uuid": "7b70c6c1-762e-423b-a92c-296de06e3fcb",
          "title": "11 - Limite o tamanho mínimo e máximo do board.",
          "fullFile": "",
          "file": "",
          "beforeHooks": [],
          "afterHooks": [],
          "tests": [
            {
              "title": "Verifica se a altura máxima do board é 50",
              "fullTitle": "11 - Limite o tamanho mínimo e máximo do board. Verifica se a altura máxima do board é 50",
              "timedOut": null,
              "duration": 4956,
              "state": "failed",
              "speed": null,
              "pass": false,
              "fail": true,
              "pending": false,
              "context": null,
              "code": "cy.get('#board-size').clear().type(50);\ncy.get('#generate-board').click();\ncy.get('.pixel').should('have.length', 2500);",
              "err": {
                "message": "CypressError: Timed out retrying: Expected to find element: '#board-size', but never found it.",
                "estack": "CypressError: Timed out retrying: Expected to find element: '#board-size', but never found it.\n    at cypressErr (http://localhost:43419/__cypress/runner/cypress_runner.js:149934:9)\n    at throwErr (http://localhost:43419/__cypress/runner/cypress_runner.js:149867:11)\n    at Object.throwErrByPath (http://localhost:43419/__cypress/runner/cypress_runner.js:149915:3)\n    at retry (http://localhost:43419/__cypress/runner/cypress_runner.js:144197:19)\n    at onFailFn (http://localhost:43419/__cypress/runner/cypress_runner.js:132448:16)\n    at tryCatcher (http://localhost:43419/__cypress/runner/cypress_runner.js:167415:23)\n    at Promise._settlePromiseFromHandler (http://localhost:43419/__cypress/runner/cypress_runner.js:165351:31)\n    at Promise._settlePromise (http://localhost:43419/__cypress/runner/cypress_runner.js:165408:18)\n    at Promise._settlePromise0 (http://localhost:43419/__cypress/runner/cypress_runner.js:165453:10)\n    at Promise._settlePromises (http://localhost:43419/__cypress/runner/cypress_runner.js:165528:18)\n    at Async../node_modules/bluebird/js/release/async.js.Async._drainQueue (http://localhost:43419/__cypress/runner/cypress_runner.js:162140:16)\n    at Async../node_modules/bluebird/js/release/async.js.Async._drainQueues (http://localhost:43419/__cypress/runner/cypress_runner.js:162150:10)\n    at Async.drainQueues (http://localhost:43419/__cypress/runner/cypress_runner.js:162024:14)",
                "diff": null
              },
              "uuid": "c31bb096-6973-4291-ac3d-fd97e59e5081",
              "parentUUID": "7b70c6c1-762e-423b-a92c-296de06e3fcb",
              "isHook": false,
              "skipped": false
            },
            {
              "title": "Verifica se a altura do board é 5 quando um valor menor é colocado no input",
              "fullTitle": "11 - Limite o tamanho mínimo e máximo do board. Verifica se a altura do board é 5 quando um valor menor é colocado no input",
              "timedOut": null,
              "duration": 4869,
              "state": "failed",
              "speed": null,
              "pass": false,
              "fail": true,
              "pending": false,
              "context": null,
              "code": "cy.get('#board-size').clear().type(4);\ncy.get('#generate-board').click();\ncy.get('.pixel').should('have.length', 25);",
              "err": {
                "message": "CypressError: Timed out retrying: Expected to find element: '#board-size', but never found it.",
                "estack": "CypressError: Timed out retrying: Expected to find element: '#board-size', but never found it.\n    at cypressErr (http://localhost:43419/__cypress/runner/cypress_runner.js:149934:9)\n    at throwErr (http://localhost:43419/__cypress/runner/cypress_runner.js:149867:11)\n    at Object.throwErrByPath (http://localhost:43419/__cypress/runner/cypress_runner.js:149915:3)\n    at retry (http://localhost:43419/__cypress/runner/cypress_runner.js:144197:19)\n    at onFailFn (http://localhost:43419/__cypress/runner/cypress_runner.js:132448:16)\n    at tryCatcher (http://localhost:43419/__cypress/runner/cypress_runner.js:167415:23)\n    at Promise._settlePromiseFromHandler (http://localhost:43419/__cypress/runner/cypress_runner.js:165351:31)\n    at Promise._settlePromise (http://localhost:43419/__cypress/runner/cypress_runner.js:165408:18)\n    at Promise._settlePromise0 (http://localhost:43419/__cypress/runner/cypress_runner.js:165453:10)\n    at Promise._settlePromises (http://localhost:43419/__cypress/runner/cypress_runner.js:165528:18)\n    at Async../node_modules/bluebird/js/release/async.js.Async._drainQueue (http://localhost:43419/__cypress/runner/cypress_runner.js:162140:16)\n    at Async../node_modules/bluebird/js/release/async.js.Async._drainQueues (http://localhost:43419/__cypress/runner/cypress_runner.js:162150:10)\n    at Async.drainQueues (http://localhost:43419/__cypress/runner/cypress_runner.js:162024:14)",
                "diff": null
              },
              "uuid": "14057eec-9205-44b8-bf23-641307f81add",
              "parentUUID": "7b70c6c1-762e-423b-a92c-296de06e3fcb",
              "isHook": false,
              "skipped": false
            },
            {
              "title": "Verifica se a altura do board é 50 quando um valor maior é colocado no input",
              "fullTitle": "11 - Limite o tamanho mínimo e máximo do board. Verifica se a altura do board é 50 quando um valor maior é colocado no input",
              "timedOut": null,
              "duration": 4900,
              "state": "failed",
              "speed": null,
              "pass": false,
              "fail": true,
              "pending": false,
              "context": null,
              "code": "cy.get('#board-size').clear().type(51);\ncy.get('#generate-board').click();\ncy.get('.pixel').should('have.length', 2500);",
              "err": {
                "message": "CypressError: Timed out retrying: Expected to find element: '#board-size', but never found it.",
                "estack": "CypressError: Timed out retrying: Expected to find element: '#board-size', but never found it.\n    at cypressErr (http://localhost:43419/__cypress/runner/cypress_runner.js:149934:9)\n    at throwErr (http://localhost:43419/__cypress/runner/cypress_runner.js:149867:11)\n    at Object.throwErrByPath (http://localhost:43419/__cypress/runner/cypress_runner.js:149915:3)\n    at retry (http://localhost:43419/__cypress/runner/cypress_runner.js:144197:19)\n    at onFailFn (http://localhost:43419/__cypress/runner/cypress_runner.js:132448:16)\n    at tryCatcher (http://localhost:43419/__cypress/runner/cypress_runner.js:167415:23)\n    at Promise._settlePromiseFromHandler (http://localhost:43419/__cypress/runner/cypress_runner.js:165351:31)\n    at Promise._settlePromise (http://localhost:43419/__cypress/runner/cypress_runner.js:165408:18)\n    at Promise._settlePromise0 (http://localhost:43419/__cypress/runner/cypress_runner.js:165453:10)\n    at Promise._settlePromises (http://localhost:43419/__cypress/runner/cypress_runner.js:165528:18)\n    at Async../node_modules/bluebird/js/release/async.js.Async._drainQueue (http://localhost:43419/__cypress/runner/cypress_runner.js:162140:16)\n    at Async../node_modules/bluebird/js/release/async.js.Async._drainQueues (http://localhost:43419/__cypress/runner/cypress_runner.js:162150:10)\n    at Async.drainQueues (http://localhost:43419/__cypress/runner/cypress_runner.js:162024:14)",
                "diff": null
              },
              "uuid": "337f775d-e1f4-419a-af75-269f05f85121",
              "parentUUID": "7b70c6c1-762e-423b-a92c-296de06e3fcb",
              "isHook": false,
              "skipped": false
            }
          ],
          "suites": [],
          "passes": [],
          "failures": [
            "c31bb096-6973-4291-ac3d-fd97e59e5081",
            "14057eec-9205-44b8-bf23-641307f81add",
            "337f775d-e1f4-419a-af75-269f05f85121"
          ],
          "pending": [],
          "skipped": [],
          "duration": 14725,
          "root": false,
          "rootEmpty": false,
          "_timeout": 2000
        },
        {
          "uuid": "e4392346-48a6-4c30-9b5c-93cf9d3328b4",
          "title": "12 - Faça com que as cores da paleta sejam geradas aleatoriamente ao carregar a página.",
          "fullFile": "",
          "file": "",
          "beforeHooks": [],
          "afterHooks": [],
          "tests": [
            {
              "title": "Verifica se as cores geradas na paleta são diferentes a cada carregamento da página",
              "fullTitle": "12 - Faça com que as cores da paleta sejam geradas aleatoriamente ao carregar a página. Verifica se as cores geradas na paleta são diferentes a cada carregamento da página",
              "timedOut": null,
              "duration": 1061,
              "state": "failed",
              "speed": null,
              "pass": false,
              "fail": true,
              "pending": false,
              "context": null,
              "code": "cy.get('.color').then(function (colors) {\n  var currentColors;\n  var previousColors;\n  previousColors = Array.from(colors).map(function (color) {\n    return Cypress.$(color).css('background-color');\n  });\n  for (var i = 0; i < 5; i += 1) {\n    cy.reload();\n    cy.get('.color').then(function (colors) {\n      currentColors = Array.from(colors).map(function (color) {\n        return Cypress.$(color).css('background-color');\n      });\n      expect(currentColors).not.to.deep.equal(previousColors);\n      previousColors = currentColors;\n    });\n  }\n});",
              "err": {
                "message": "AssertionError: expected [ Array(4) ] to not deeply equal [ Array(4) ]",
                "estack": "AssertionError: expected [ Array(4) ] to not deeply equal [ Array(4) ]\n    at getRet (http://localhost:43419/__cypress/runner/cypress_runner.js:136585:16)\n    at tryCatcher (http://localhost:43419/__cypress/runner/cypress_runner.js:167415:23)\n    at Function.Promise.attempt.Promise.try (http://localhost:43419/__cypress/runner/cypress_runner.js:164690:29)\n    at Context.thenFn (http://localhost:43419/__cypress/runner/cypress_runner.js:136599:23)\n    at Context.then (http://localhost:43419/__cypress/runner/cypress_runner.js:136971:21)\n    at Context.<anonymous> (http://localhost:43419/__cypress/runner/cypress_runner.js:148875:21)\n    at http://localhost:43419/__cypress/runner/cypress_runner.js:148351:33\n    at tryCatcher (http://localhost:43419/__cypress/runner/cypress_runner.js:167415:23)\n    at Promise._settlePromiseFromHandler (http://localhost:43419/__cypress/runner/cypress_runner.js:165351:31)\n    at Promise._settlePromise (http://localhost:43419/__cypress/runner/cypress_runner.js:165408:18)\n    at Promise._settlePromiseCtx (http://localhost:43419/__cypress/runner/cypress_runner.js:165445:10)\n    at Async../node_modules/bluebird/js/release/async.js.Async._drainQueue (http://localhost:43419/__cypress/runner/cypress_runner.js:162145:12)\n    at Async../node_modules/bluebird/js/release/async.js.Async._drainQueues (http://localhost:43419/__cypress/runner/cypress_runner.js:162150:10)\n    at Async.drainQueues (http://localhost:43419/__cypress/runner/cypress_runner.js:162024:14)",
                "diff": ""
              },
              "uuid": "b431490b-a187-41ba-92a3-fb0c2e5c449b",
              "parentUUID": "e4392346-48a6-4c30-9b5c-93cf9d3328b4",
              "isHook": false,
              "skipped": false
            },
            {
              "title": "Verifica se a cor preta ainda está presente e é a primeira na sua paleta de cores",
              "fullTitle": "12 - Faça com que as cores da paleta sejam geradas aleatoriamente ao carregar a página. Verifica se a cor preta ainda está presente e é a primeira na sua paleta de cores",
              "timedOut": null,
              "duration": 996,
              "state": "failed",
              "speed": null,
              "pass": false,
              "fail": true,
              "pending": false,
              "context": null,
              "code": "cy.get('.color').then(function (colors) {\n  var currentColors;\n  var previousColors;\n  previousColors = Array.from(colors).map(function (color) {\n    return Cypress.$(color).css('background-color');\n  });\n  expect(previousColors[0]).to.eq(BLACK);\n  for (var i = 0; i < 5; i += 1) {\n    cy.reload();\n    cy.get('.color').then(function (colors) {\n      currentColors = Array.from(colors).map(function (color) {\n        return Cypress.$(color).css('background-color');\n      });\n      expect(currentColors[0]).to.eq(BLACK);\n      expect(currentColors).not.to.deep.equal(previousColors);\n      previousColors = currentColors;\n    });\n  }\n});",
              "err": {
                "message": "AssertionError: expected [ Array(4) ] to not deeply equal [ Array(4) ]",
                "estack": "AssertionError: expected [ Array(4) ] to not deeply equal [ Array(4) ]\n    at getRet (http://localhost:43419/__cypress/runner/cypress_runner.js:136585:16)\n    at tryCatcher (http://localhost:43419/__cypress/runner/cypress_runner.js:167415:23)\n    at Function.Promise.attempt.Promise.try (http://localhost:43419/__cypress/runner/cypress_runner.js:164690:29)\n    at Context.thenFn (http://localhost:43419/__cypress/runner/cypress_runner.js:136599:23)\n    at Context.then (http://localhost:43419/__cypress/runner/cypress_runner.js:136971:21)\n    at Context.<anonymous> (http://localhost:43419/__cypress/runner/cypress_runner.js:148875:21)\n    at http://localhost:43419/__cypress/runner/cypress_runner.js:148351:33\n    at tryCatcher (http://localhost:43419/__cypress/runner/cypress_runner.js:167415:23)\n    at Promise._settlePromiseFromHandler (http://localhost:43419/__cypress/runner/cypress_runner.js:165351:31)\n    at Promise._settlePromise (http://localhost:43419/__cypress/runner/cypress_runner.js:165408:18)\n    at Promise._settlePromiseCtx (http://localhost:43419/__cypress/runner/cypress_runner.js:165445:10)\n    at Async../node_modules/bluebird/js/release/async.js.Async._drainQueue (http://localhost:43419/__cypress/runner/cypress_runner.js:162145:12)\n    at Async../node_modules/bluebird/js/release/async.js.Async._drainQueues (http://localhost:43419/__cypress/runner/cypress_runner.js:162150:10)\n    at Async.drainQueues (http://localhost:43419/__cypress/runner/cypress_runner.js:162024:14)",
                "diff": ""
              },
              "uuid": "2e70b9c9-9e76-4ea6-b73d-87f00d85b2ee",
              "parentUUID": "e4392346-48a6-4c30-9b5c-93cf9d3328b4",
              "isHook": false,
              "skipped": false
            }
          ],
          "suites": [],
          "passes": [],
          "failures": [
            "b431490b-a187-41ba-92a3-fb0c2e5c449b",
            "2e70b9c9-9e76-4ea6-b73d-87f00d85b2ee"
          ],
          "pending": [],
          "skipped": [],
          "duration": 2057,
          "root": false,
          "rootEmpty": false,
          "_timeout": 2000
        }
      ],
      "passes": [],
      "failures": [],
      "pending": [],
      "skipped": [],
      "duration": 0,
      "root": true,
      "rootEmpty": true,
      "_timeout": 2000
    }
  ],
  "meta": {
    "mocha": {
      "version": "7.0.1"
    },
    "mochawesome": {
      "options": {
        "quiet": false,
        "reportFilename": "mochawesome",
        "saveHtml": false,
        "saveJson": true,
        "consoleReporter": "spec",
        "useInlineDiffs": false
      },
      "version": "4.1.0"
    },
    "marge": {
      "options": {
        "id": "default",
        "reportDir": "cypress/reports",
        "overwrite": true,
        "html": false,
        "json": true
      },
      "version": "4.1.0"
    }
  }
}