{
  "stats": {
    "suites": 12,
    "tests": 41,
    "passes": 1,
    "pending": 0,
    "failures": 40,
    "start": "2021-08-13T22:14:21.208Z",
    "end": "2021-08-13T22:17:16.934Z",
    "duration": 175726,
    "testsRegistered": 41,
    "passPercent": 2.4390243902439024,
    "pendingPercent": 0,
    "other": 0,
    "hasOther": false,
    "skipped": 0,
    "hasSkipped": false
  },
  "results": [
    {
      "uuid": "1d1f92ce-830a-49e4-b27d-3110ab38c71c",
      "title": "",
      "fullFile": "cypress/integration/project.spec.js",
      "file": "cypress/integration/project.spec.js",
      "beforeHooks": [],
      "afterHooks": [],
      "tests": [],
      "suites": [
        {
          "uuid": "3c694b50-3f15-4655-9f37-71ef99ef5464",
          "title": "1 - Adicione à página o título \"Paleta de Cores\".",
          "fullFile": "",
          "file": "",
          "beforeHooks": [],
          "afterHooks": [],
          "tests": [
            {
              "title": "Verifica se contém um elemento `h1` com o id `title` com o título correto",
              "fullTitle": "1 - Adicione à página o título \"Paleta de Cores\". Verifica se contém um elemento `h1` com o id `title` com o título correto",
              "timedOut": null,
              "duration": 188,
              "state": "passed",
              "speed": "slow",
              "pass": true,
              "fail": false,
              "pending": false,
              "context": null,
              "code": "cy.get('h1#title').should('contain.text', 'Paleta de Cores');",
              "err": {},
              "uuid": "f1893b84-311c-4ede-bc42-c1b936909728",
              "parentUUID": "3c694b50-3f15-4655-9f37-71ef99ef5464",
              "isHook": false,
              "skipped": false
            }
          ],
          "suites": [],
          "passes": [
            "f1893b84-311c-4ede-bc42-c1b936909728"
          ],
          "failures": [],
          "pending": [],
          "skipped": [],
          "duration": 188,
          "root": false,
          "rootEmpty": false,
          "_timeout": 2000
        },
        {
          "uuid": "23851f4b-2904-4d09-a2b1-caf4b7da7600",
          "title": "2 - Adicione à página uma paleta de quatro cores distintas.",
          "fullFile": "",
          "file": "",
          "beforeHooks": [],
          "afterHooks": [],
          "tests": [
            {
              "title": "A paleta de cores deve ser um elemento com `id` denominado `color-palette`",
              "fullTitle": "2 - Adicione à página uma paleta de quatro cores distintas. A paleta de cores deve ser um elemento com `id` denominado `color-palette`",
              "timedOut": null,
              "duration": 4375,
              "state": "failed",
              "speed": null,
              "pass": false,
              "fail": true,
              "pending": false,
              "context": null,
              "code": "cy.get('#color-palette').should('be.visible');",
              "err": {
                "message": "CypressError: Timed out retrying: Expected to find element: '#color-palette', but never found it.",
                "estack": "CypressError: Timed out retrying: Expected to find element: '#color-palette', but never found it.\n    at cypressErr (http://localhost:42097/__cypress/runner/cypress_runner.js:149934:9)\n    at throwErr (http://localhost:42097/__cypress/runner/cypress_runner.js:149867:11)\n    at Object.throwErrByPath (http://localhost:42097/__cypress/runner/cypress_runner.js:149915:3)\n    at retry (http://localhost:42097/__cypress/runner/cypress_runner.js:144197:19)\n    at onFailFn (http://localhost:42097/__cypress/runner/cypress_runner.js:132448:16)\n    at tryCatcher (http://localhost:42097/__cypress/runner/cypress_runner.js:167415:23)\n    at Promise._settlePromiseFromHandler (http://localhost:42097/__cypress/runner/cypress_runner.js:165351:31)\n    at Promise._settlePromise (http://localhost:42097/__cypress/runner/cypress_runner.js:165408:18)\n    at Promise._settlePromise0 (http://localhost:42097/__cypress/runner/cypress_runner.js:165453:10)\n    at Promise._settlePromises (http://localhost:42097/__cypress/runner/cypress_runner.js:165528:18)\n    at Async../node_modules/bluebird/js/release/async.js.Async._drainQueue (http://localhost:42097/__cypress/runner/cypress_runner.js:162140:16)\n    at Async../node_modules/bluebird/js/release/async.js.Async._drainQueues (http://localhost:42097/__cypress/runner/cypress_runner.js:162150:10)\n    at Async.drainQueues (http://localhost:42097/__cypress/runner/cypress_runner.js:162024:14)",
                "diff": null
              },
              "uuid": "5680f4cd-268b-43a8-bac2-55e171b104a6",
              "parentUUID": "23851f4b-2904-4d09-a2b1-caf4b7da7600",
              "isHook": false,
              "skipped": false
            },
            {
              "title": "Verifica se cada cor individual da paleta de cores possui a `classe` chamada `color`.",
              "fullTitle": "2 - Adicione à página uma paleta de quatro cores distintas. Verifica se cada cor individual da paleta de cores possui a `classe` chamada `color`.",
              "timedOut": null,
              "duration": 4269,
              "state": "failed",
              "speed": null,
              "pass": false,
              "fail": true,
              "pending": false,
              "context": null,
              "code": "cy.get('.color').should('have.length', 4).then(function (colors) {\n  for (var i = 0; i < colors.length; i++) {\n    cy.wrap(colors[i]).should('be.visible');\n  }\n});",
              "err": {
                "message": "CypressError: Timed out retrying: Expected to find element: '.color', but never found it.",
                "estack": "CypressError: Timed out retrying: Expected to find element: '.color', but never found it.\n    at cypressErr (http://localhost:42097/__cypress/runner/cypress_runner.js:149934:9)\n    at throwErr (http://localhost:42097/__cypress/runner/cypress_runner.js:149867:11)\n    at Object.throwErrByPath (http://localhost:42097/__cypress/runner/cypress_runner.js:149915:3)\n    at retry (http://localhost:42097/__cypress/runner/cypress_runner.js:144197:19)\n    at onFailFn (http://localhost:42097/__cypress/runner/cypress_runner.js:132448:16)\n    at tryCatcher (http://localhost:42097/__cypress/runner/cypress_runner.js:167415:23)\n    at Promise._settlePromiseFromHandler (http://localhost:42097/__cypress/runner/cypress_runner.js:165351:31)\n    at Promise._settlePromise (http://localhost:42097/__cypress/runner/cypress_runner.js:165408:18)\n    at Promise._settlePromise0 (http://localhost:42097/__cypress/runner/cypress_runner.js:165453:10)\n    at Promise._settlePromises (http://localhost:42097/__cypress/runner/cypress_runner.js:165528:18)\n    at Async../node_modules/bluebird/js/release/async.js.Async._drainQueue (http://localhost:42097/__cypress/runner/cypress_runner.js:162140:16)\n    at Async../node_modules/bluebird/js/release/async.js.Async._drainQueues (http://localhost:42097/__cypress/runner/cypress_runner.js:162150:10)\n    at Async.drainQueues (http://localhost:42097/__cypress/runner/cypress_runner.js:162024:14)",
                "diff": null
              },
              "uuid": "013fbcfa-7437-4d54-a158-0d0c39929731",
              "parentUUID": "23851f4b-2904-4d09-a2b1-caf4b7da7600",
              "isHook": false,
              "skipped": false
            },
            {
              "title": "Verifica se a cor de fundo de cada elemento da paleta é a cor que o elemento representa. **A única cor não permitida na paleta é a cor branca.**",
              "fullTitle": "2 - Adicione à página uma paleta de quatro cores distintas. Verifica se a cor de fundo de cada elemento da paleta é a cor que o elemento representa. **A única cor não permitida na paleta é a cor branca.**",
              "timedOut": null,
              "duration": 4297,
              "state": "failed",
              "speed": null,
              "pass": false,
              "fail": true,
              "pending": false,
              "context": null,
              "code": "cy.get('.color').each(function (color) {\n  cy.wrap(color).should('have.class', 'color').and('not.have.css', 'background-color', WHITE);\n  cy.wrap(color).should('have.css', 'background-color');\n});",
              "err": {
                "message": "CypressError: Timed out retrying: Expected to find element: '.color', but never found it.",
                "estack": "CypressError: Timed out retrying: Expected to find element: '.color', but never found it.\n    at cypressErr (http://localhost:42097/__cypress/runner/cypress_runner.js:149934:9)\n    at throwErr (http://localhost:42097/__cypress/runner/cypress_runner.js:149867:11)\n    at Object.throwErrByPath (http://localhost:42097/__cypress/runner/cypress_runner.js:149915:3)\n    at retry (http://localhost:42097/__cypress/runner/cypress_runner.js:144197:19)\n    at onFailFn (http://localhost:42097/__cypress/runner/cypress_runner.js:132448:16)\n    at tryCatcher (http://localhost:42097/__cypress/runner/cypress_runner.js:167415:23)\n    at Promise._settlePromiseFromHandler (http://localhost:42097/__cypress/runner/cypress_runner.js:165351:31)\n    at Promise._settlePromise (http://localhost:42097/__cypress/runner/cypress_runner.js:165408:18)\n    at Promise._settlePromise0 (http://localhost:42097/__cypress/runner/cypress_runner.js:165453:10)\n    at Promise._settlePromises (http://localhost:42097/__cypress/runner/cypress_runner.js:165528:18)\n    at Async../node_modules/bluebird/js/release/async.js.Async._drainQueue (http://localhost:42097/__cypress/runner/cypress_runner.js:162140:16)\n    at Async../node_modules/bluebird/js/release/async.js.Async._drainQueues (http://localhost:42097/__cypress/runner/cypress_runner.js:162150:10)\n    at Async.drainQueues (http://localhost:42097/__cypress/runner/cypress_runner.js:162024:14)",
                "diff": null
              },
              "uuid": "59d6c4a1-0dfb-4afc-96ac-383785b58f10",
              "parentUUID": "23851f4b-2904-4d09-a2b1-caf4b7da7600",
              "isHook": false,
              "skipped": false
            },
            {
              "title": "Verifica se cada elemento da paleta de cores tem uma borda preta, sólida e com 1 pixel de largura;",
              "fullTitle": "2 - Adicione à página uma paleta de quatro cores distintas. Verifica se cada elemento da paleta de cores tem uma borda preta, sólida e com 1 pixel de largura;",
              "timedOut": null,
              "duration": 4256,
              "state": "failed",
              "speed": null,
              "pass": false,
              "fail": true,
              "pending": false,
              "context": null,
              "code": "cy.get('.color').each(function (color) {\n  cy.wrap(color).and('have.css', 'border', \"1px solid \".concat(BLACK)).and('have.class', 'color');\n});",
              "err": {
                "message": "CypressError: Timed out retrying: Expected to find element: '.color', but never found it.",
                "estack": "CypressError: Timed out retrying: Expected to find element: '.color', but never found it.\n    at cypressErr (http://localhost:42097/__cypress/runner/cypress_runner.js:149934:9)\n    at throwErr (http://localhost:42097/__cypress/runner/cypress_runner.js:149867:11)\n    at Object.throwErrByPath (http://localhost:42097/__cypress/runner/cypress_runner.js:149915:3)\n    at retry (http://localhost:42097/__cypress/runner/cypress_runner.js:144197:19)\n    at onFailFn (http://localhost:42097/__cypress/runner/cypress_runner.js:132448:16)\n    at tryCatcher (http://localhost:42097/__cypress/runner/cypress_runner.js:167415:23)\n    at Promise._settlePromiseFromHandler (http://localhost:42097/__cypress/runner/cypress_runner.js:165351:31)\n    at Promise._settlePromise (http://localhost:42097/__cypress/runner/cypress_runner.js:165408:18)\n    at Promise._settlePromise0 (http://localhost:42097/__cypress/runner/cypress_runner.js:165453:10)\n    at Promise._settlePromises (http://localhost:42097/__cypress/runner/cypress_runner.js:165528:18)\n    at Async../node_modules/bluebird/js/release/async.js.Async._drainQueue (http://localhost:42097/__cypress/runner/cypress_runner.js:162140:16)\n    at Async../node_modules/bluebird/js/release/async.js.Async._drainQueues (http://localhost:42097/__cypress/runner/cypress_runner.js:162150:10)\n    at Async.drainQueues (http://localhost:42097/__cypress/runner/cypress_runner.js:162024:14)",
                "diff": null
              },
              "uuid": "032c279f-25f8-49d2-9bfb-bb73eb944489",
              "parentUUID": "23851f4b-2904-4d09-a2b1-caf4b7da7600",
              "isHook": false,
              "skipped": false
            },
            {
              "title": "Verifica se a paleta lista todas as cores disponíveis para utilização, lado a lado.",
              "fullTitle": "2 - Adicione à página uma paleta de quatro cores distintas. Verifica se a paleta lista todas as cores disponíveis para utilização, lado a lado.",
              "timedOut": null,
              "duration": 4253,
              "state": "failed",
              "speed": null,
              "pass": false,
              "fail": true,
              "pending": false,
              "context": null,
              "code": "cy.get('.color').then(function (colors) {\n  for (var index = 1; index < colors.length; index += 1) {\n    var currentColor = colors[index];\n    var previousColor = colors[index - 1];\n    cy.wrap(currentColor).should('be.onTheRightOf', previousColor).and('be.horizontallyAlignedWith', previousColor);\n  }\n});",
              "err": {
                "message": "CypressError: Timed out retrying: Expected to find element: '.color', but never found it.",
                "estack": "CypressError: Timed out retrying: Expected to find element: '.color', but never found it.\n    at cypressErr (http://localhost:42097/__cypress/runner/cypress_runner.js:149934:9)\n    at throwErr (http://localhost:42097/__cypress/runner/cypress_runner.js:149867:11)\n    at Object.throwErrByPath (http://localhost:42097/__cypress/runner/cypress_runner.js:149915:3)\n    at retry (http://localhost:42097/__cypress/runner/cypress_runner.js:144197:19)\n    at onFailFn (http://localhost:42097/__cypress/runner/cypress_runner.js:132448:16)\n    at tryCatcher (http://localhost:42097/__cypress/runner/cypress_runner.js:167415:23)\n    at Promise._settlePromiseFromHandler (http://localhost:42097/__cypress/runner/cypress_runner.js:165351:31)\n    at Promise._settlePromise (http://localhost:42097/__cypress/runner/cypress_runner.js:165408:18)\n    at Promise._settlePromise0 (http://localhost:42097/__cypress/runner/cypress_runner.js:165453:10)\n    at Promise._settlePromises (http://localhost:42097/__cypress/runner/cypress_runner.js:165528:18)\n    at Async../node_modules/bluebird/js/release/async.js.Async._drainQueue (http://localhost:42097/__cypress/runner/cypress_runner.js:162140:16)\n    at Async../node_modules/bluebird/js/release/async.js.Async._drainQueues (http://localhost:42097/__cypress/runner/cypress_runner.js:162150:10)\n    at Async.drainQueues (http://localhost:42097/__cypress/runner/cypress_runner.js:162024:14)",
                "diff": null
              },
              "uuid": "a157449c-a8ba-469c-b7d8-5a73cdded196",
              "parentUUID": "23851f4b-2904-4d09-a2b1-caf4b7da7600",
              "isHook": false,
              "skipped": false
            },
            {
              "title": "Verifica se a paleta de cores está posicionada abaixo do título 'Paleta de Cores'",
              "fullTitle": "2 - Adicione à página uma paleta de quatro cores distintas. Verifica se a paleta de cores está posicionada abaixo do título 'Paleta de Cores'",
              "timedOut": null,
              "duration": 4284,
              "state": "failed",
              "speed": null,
              "pass": false,
              "fail": true,
              "pending": false,
              "context": null,
              "code": "cy.get('h1#title').then(function (title) {\n  cy.get('#color-palette').should('be.belowOf', title);\n});",
              "err": {
                "message": "CypressError: Timed out retrying: Expected to find element: '#color-palette', but never found it.",
                "estack": "CypressError: Timed out retrying: Expected to find element: '#color-palette', but never found it.\n    at cypressErr (http://localhost:42097/__cypress/runner/cypress_runner.js:149934:9)\n    at throwErr (http://localhost:42097/__cypress/runner/cypress_runner.js:149867:11)\n    at Object.throwErrByPath (http://localhost:42097/__cypress/runner/cypress_runner.js:149915:3)\n    at retry (http://localhost:42097/__cypress/runner/cypress_runner.js:144197:19)\n    at onFailFn (http://localhost:42097/__cypress/runner/cypress_runner.js:132448:16)\n    at tryCatcher (http://localhost:42097/__cypress/runner/cypress_runner.js:167415:23)\n    at Promise._settlePromiseFromHandler (http://localhost:42097/__cypress/runner/cypress_runner.js:165351:31)\n    at Promise._settlePromise (http://localhost:42097/__cypress/runner/cypress_runner.js:165408:18)\n    at Promise._settlePromise0 (http://localhost:42097/__cypress/runner/cypress_runner.js:165453:10)\n    at Promise._settlePromises (http://localhost:42097/__cypress/runner/cypress_runner.js:165528:18)\n    at Async../node_modules/bluebird/js/release/async.js.Async._drainQueue (http://localhost:42097/__cypress/runner/cypress_runner.js:162140:16)\n    at Async../node_modules/bluebird/js/release/async.js.Async._drainQueues (http://localhost:42097/__cypress/runner/cypress_runner.js:162150:10)\n    at Async.drainQueues (http://localhost:42097/__cypress/runner/cypress_runner.js:162024:14)",
                "diff": null
              },
              "uuid": "ed33c902-3643-4a46-9d12-59adfcad5527",
              "parentUUID": "23851f4b-2904-4d09-a2b1-caf4b7da7600",
              "isHook": false,
              "skipped": false
            },
            {
              "title": "Verifica se a paleta de cores não contém cores repetidas.",
              "fullTitle": "2 - Adicione à página uma paleta de quatro cores distintas. Verifica se a paleta de cores não contém cores repetidas.",
              "timedOut": null,
              "duration": 4245,
              "state": "failed",
              "speed": null,
              "pass": false,
              "fail": true,
              "pending": false,
              "context": null,
              "code": "cy.get('.color').then(function (colors) {\n  var allColors = Array.from(colors).map(function (color) {\n    return Cypress.$(color).css('background-color');\n  });\n  cy.log(allColors);\n  var uniqColors = (0, _toConsumableArray2[\"default\"])(new Set(allColors));\n  cy.log(uniqColors);\n  expect(allColors.length).to.eq(uniqColors.length);\n});",
              "err": {
                "message": "CypressError: Timed out retrying: Expected to find element: '.color', but never found it.",
                "estack": "CypressError: Timed out retrying: Expected to find element: '.color', but never found it.\n    at cypressErr (http://localhost:42097/__cypress/runner/cypress_runner.js:149934:9)\n    at throwErr (http://localhost:42097/__cypress/runner/cypress_runner.js:149867:11)\n    at Object.throwErrByPath (http://localhost:42097/__cypress/runner/cypress_runner.js:149915:3)\n    at retry (http://localhost:42097/__cypress/runner/cypress_runner.js:144197:19)\n    at onFailFn (http://localhost:42097/__cypress/runner/cypress_runner.js:132448:16)\n    at tryCatcher (http://localhost:42097/__cypress/runner/cypress_runner.js:167415:23)\n    at Promise._settlePromiseFromHandler (http://localhost:42097/__cypress/runner/cypress_runner.js:165351:31)\n    at Promise._settlePromise (http://localhost:42097/__cypress/runner/cypress_runner.js:165408:18)\n    at Promise._settlePromise0 (http://localhost:42097/__cypress/runner/cypress_runner.js:165453:10)\n    at Promise._settlePromises (http://localhost:42097/__cypress/runner/cypress_runner.js:165528:18)\n    at Async../node_modules/bluebird/js/release/async.js.Async._drainQueue (http://localhost:42097/__cypress/runner/cypress_runner.js:162140:16)\n    at Async../node_modules/bluebird/js/release/async.js.Async._drainQueues (http://localhost:42097/__cypress/runner/cypress_runner.js:162150:10)\n    at Async.drainQueues (http://localhost:42097/__cypress/runner/cypress_runner.js:162024:14)",
                "diff": null
              },
              "uuid": "1003ff81-5182-4eed-bb2c-ed44bf5130cc",
              "parentUUID": "23851f4b-2904-4d09-a2b1-caf4b7da7600",
              "isHook": false,
              "skipped": false
            }
          ],
          "suites": [],
          "passes": [],
          "failures": [
            "5680f4cd-268b-43a8-bac2-55e171b104a6",
            "013fbcfa-7437-4d54-a158-0d0c39929731",
            "59d6c4a1-0dfb-4afc-96ac-383785b58f10",
            "032c279f-25f8-49d2-9bfb-bb73eb944489",
            "a157449c-a8ba-469c-b7d8-5a73cdded196",
            "ed33c902-3643-4a46-9d12-59adfcad5527",
            "1003ff81-5182-4eed-bb2c-ed44bf5130cc"
          ],
          "pending": [],
          "skipped": [],
          "duration": 29979,
          "root": false,
          "rootEmpty": false,
          "_timeout": 2000
        },
        {
          "uuid": "3352ebb0-f4cb-4fc4-afcb-d86061a8bb3a",
          "title": "3 - Adicione a cor **preta** como a primeira cor da paleta de cores.",
          "fullFile": "",
          "file": "",
          "beforeHooks": [],
          "afterHooks": [],
          "tests": [
            {
              "title": "Verifica se a primeira cor da paleta é preta",
              "fullTitle": "3 - Adicione a cor **preta** como a primeira cor da paleta de cores. Verifica se a primeira cor da paleta é preta",
              "timedOut": null,
              "duration": 4352,
              "state": "failed",
              "speed": null,
              "pass": false,
              "fail": true,
              "pending": false,
              "context": null,
              "code": "cy.get('.color').first().should('have.css', 'background-color', BLACK);",
              "err": {
                "message": "CypressError: Timed out retrying: Expected to find element: '.color', but never found it.",
                "estack": "CypressError: Timed out retrying: Expected to find element: '.color', but never found it.\n    at cypressErr (http://localhost:42097/__cypress/runner/cypress_runner.js:149934:9)\n    at throwErr (http://localhost:42097/__cypress/runner/cypress_runner.js:149867:11)\n    at Object.throwErrByPath (http://localhost:42097/__cypress/runner/cypress_runner.js:149915:3)\n    at retry (http://localhost:42097/__cypress/runner/cypress_runner.js:144197:19)\n    at onFailFn (http://localhost:42097/__cypress/runner/cypress_runner.js:132448:16)\n    at tryCatcher (http://localhost:42097/__cypress/runner/cypress_runner.js:167415:23)\n    at Promise._settlePromiseFromHandler (http://localhost:42097/__cypress/runner/cypress_runner.js:165351:31)\n    at Promise._settlePromise (http://localhost:42097/__cypress/runner/cypress_runner.js:165408:18)\n    at Promise._settlePromise0 (http://localhost:42097/__cypress/runner/cypress_runner.js:165453:10)\n    at Promise._settlePromises (http://localhost:42097/__cypress/runner/cypress_runner.js:165528:18)\n    at Async../node_modules/bluebird/js/release/async.js.Async._drainQueue (http://localhost:42097/__cypress/runner/cypress_runner.js:162140:16)\n    at Async../node_modules/bluebird/js/release/async.js.Async._drainQueues (http://localhost:42097/__cypress/runner/cypress_runner.js:162150:10)\n    at Async.drainQueues (http://localhost:42097/__cypress/runner/cypress_runner.js:162024:14)",
                "diff": null
              },
              "uuid": "cf670b09-10a5-40a2-a241-4107780b7224",
              "parentUUID": "3352ebb0-f4cb-4fc4-afcb-d86061a8bb3a",
              "isHook": false,
              "skipped": false
            },
            {
              "title": "Verifica se as demais cores podem ser escolhidas livremente.",
              "fullTitle": "3 - Adicione a cor **preta** como a primeira cor da paleta de cores. Verifica se as demais cores podem ser escolhidas livremente.",
              "timedOut": null,
              "duration": 4414,
              "state": "failed",
              "speed": null,
              "pass": false,
              "fail": true,
              "pending": false,
              "context": null,
              "code": "cy.get('.color').eq(1).should('not.have.css', 'background-color', BLACK);\ncy.get('.color').eq(1).should('not.have.css', 'background-color', WHITE);\ncy.get('.color').eq(1).should('not.have.css', 'background-color', 'rgba(0, 0, 0, 0)');\ncy.get('.color').eq(1).should('have.css', 'background-color');\ncy.get('.color').eq(2).should('not.have.css', 'background-color', BLACK);\ncy.get('.color').eq(2).should('not.have.css', 'background-color', WHITE);\ncy.get('.color').eq(2).should('not.have.css', 'background-color', 'rgba(0, 0, 0, 0)');\ncy.get('.color').eq(2).should('have.css', 'background-color');\ncy.get('.color').eq(3).should('not.have.css', 'background-color', BLACK);\ncy.get('.color').eq(3).should('not.have.css', 'background-color', WHITE);\ncy.get('.color').eq(3).should('not.have.css', 'background-color', 'rgba(0, 0, 0, 0)');\ncy.get('.color').eq(3).should('have.css', 'background-color');",
              "err": {
                "message": "CypressError: Timed out retrying: Expected to find element: '.color', but never found it.",
                "estack": "CypressError: Timed out retrying: Expected to find element: '.color', but never found it.\n    at cypressErr (http://localhost:42097/__cypress/runner/cypress_runner.js:149934:9)\n    at throwErr (http://localhost:42097/__cypress/runner/cypress_runner.js:149867:11)\n    at Object.throwErrByPath (http://localhost:42097/__cypress/runner/cypress_runner.js:149915:3)\n    at retry (http://localhost:42097/__cypress/runner/cypress_runner.js:144197:19)\n    at onFailFn (http://localhost:42097/__cypress/runner/cypress_runner.js:132448:16)\n    at tryCatcher (http://localhost:42097/__cypress/runner/cypress_runner.js:167415:23)\n    at Promise._settlePromiseFromHandler (http://localhost:42097/__cypress/runner/cypress_runner.js:165351:31)\n    at Promise._settlePromise (http://localhost:42097/__cypress/runner/cypress_runner.js:165408:18)\n    at Promise._settlePromise0 (http://localhost:42097/__cypress/runner/cypress_runner.js:165453:10)\n    at Promise._settlePromises (http://localhost:42097/__cypress/runner/cypress_runner.js:165528:18)\n    at Async../node_modules/bluebird/js/release/async.js.Async._drainQueue (http://localhost:42097/__cypress/runner/cypress_runner.js:162140:16)\n    at Async../node_modules/bluebird/js/release/async.js.Async._drainQueues (http://localhost:42097/__cypress/runner/cypress_runner.js:162150:10)\n    at Async.drainQueues (http://localhost:42097/__cypress/runner/cypress_runner.js:162024:14)",
                "diff": null
              },
              "uuid": "29d2bb86-1a19-44c8-b3cb-bdf9567abcb8",
              "parentUUID": "3352ebb0-f4cb-4fc4-afcb-d86061a8bb3a",
              "isHook": false,
              "skipped": false
            }
          ],
          "suites": [],
          "passes": [],
          "failures": [
            "cf670b09-10a5-40a2-a241-4107780b7224",
            "29d2bb86-1a19-44c8-b3cb-bdf9567abcb8"
          ],
          "pending": [],
          "skipped": [],
          "duration": 8766,
          "root": false,
          "rootEmpty": false,
          "_timeout": 2000
        },
        {
          "uuid": "cf78aca7-9d46-47b1-b85e-d17266dfa9b9",
          "title": "4 - Adicione à página um quadro de pixels, com 25 pixels.",
          "fullFile": "",
          "file": "",
          "beforeHooks": [],
          "afterHooks": [],
          "tests": [
            {
              "title": "Verifica se o quadro de pixels possui o `id` denominado `pixel-board`",
              "fullTitle": "4 - Adicione à página um quadro de pixels, com 25 pixels. Verifica se o quadro de pixels possui o `id` denominado `pixel-board`",
              "timedOut": null,
              "duration": 4326,
              "state": "failed",
              "speed": null,
              "pass": false,
              "fail": true,
              "pending": false,
              "context": null,
              "code": "cy.get('#pixel-board').should('be.visible');",
              "err": {
                "message": "CypressError: Timed out retrying: Expected to find element: '#pixel-board', but never found it.",
                "estack": "CypressError: Timed out retrying: Expected to find element: '#pixel-board', but never found it.\n    at cypressErr (http://localhost:42097/__cypress/runner/cypress_runner.js:149934:9)\n    at throwErr (http://localhost:42097/__cypress/runner/cypress_runner.js:149867:11)\n    at Object.throwErrByPath (http://localhost:42097/__cypress/runner/cypress_runner.js:149915:3)\n    at retry (http://localhost:42097/__cypress/runner/cypress_runner.js:144197:19)\n    at onFailFn (http://localhost:42097/__cypress/runner/cypress_runner.js:132448:16)\n    at tryCatcher (http://localhost:42097/__cypress/runner/cypress_runner.js:167415:23)\n    at Promise._settlePromiseFromHandler (http://localhost:42097/__cypress/runner/cypress_runner.js:165351:31)\n    at Promise._settlePromise (http://localhost:42097/__cypress/runner/cypress_runner.js:165408:18)\n    at Promise._settlePromise0 (http://localhost:42097/__cypress/runner/cypress_runner.js:165453:10)\n    at Promise._settlePromises (http://localhost:42097/__cypress/runner/cypress_runner.js:165528:18)\n    at Async../node_modules/bluebird/js/release/async.js.Async._drainQueue (http://localhost:42097/__cypress/runner/cypress_runner.js:162140:16)\n    at Async../node_modules/bluebird/js/release/async.js.Async._drainQueues (http://localhost:42097/__cypress/runner/cypress_runner.js:162150:10)\n    at Async.drainQueues (http://localhost:42097/__cypress/runner/cypress_runner.js:162024:14)",
                "diff": null
              },
              "uuid": "cfdd040e-2b45-41e4-9338-d82fd0484fd5",
              "parentUUID": "cf78aca7-9d46-47b1-b85e-d17266dfa9b9",
              "isHook": false,
              "skipped": false
            },
            {
              "title": "Verifica se cada pixel individual dentro do quadro possui a `classe` denominada `pixel`.",
              "fullTitle": "4 - Adicione à página um quadro de pixels, com 25 pixels. Verifica se cada pixel individual dentro do quadro possui a `classe` denominada `pixel`.",
              "timedOut": null,
              "duration": 4440,
              "state": "failed",
              "speed": null,
              "pass": false,
              "fail": true,
              "pending": false,
              "context": null,
              "code": "cy.get('.pixel').should('have.length', 25);",
              "err": {
                "message": "CypressError: Timed out retrying: Expected to find element: '.pixel', but never found it.",
                "estack": "CypressError: Timed out retrying: Expected to find element: '.pixel', but never found it.\n    at cypressErr (http://localhost:42097/__cypress/runner/cypress_runner.js:149934:9)\n    at throwErr (http://localhost:42097/__cypress/runner/cypress_runner.js:149867:11)\n    at Object.throwErrByPath (http://localhost:42097/__cypress/runner/cypress_runner.js:149915:3)\n    at retry (http://localhost:42097/__cypress/runner/cypress_runner.js:144197:19)\n    at onFailFn (http://localhost:42097/__cypress/runner/cypress_runner.js:132448:16)\n    at tryCatcher (http://localhost:42097/__cypress/runner/cypress_runner.js:167415:23)\n    at Promise._settlePromiseFromHandler (http://localhost:42097/__cypress/runner/cypress_runner.js:165351:31)\n    at Promise._settlePromise (http://localhost:42097/__cypress/runner/cypress_runner.js:165408:18)\n    at Promise._settlePromise0 (http://localhost:42097/__cypress/runner/cypress_runner.js:165453:10)\n    at Promise._settlePromises (http://localhost:42097/__cypress/runner/cypress_runner.js:165528:18)\n    at Async../node_modules/bluebird/js/release/async.js.Async._drainQueue (http://localhost:42097/__cypress/runner/cypress_runner.js:162140:16)\n    at Async../node_modules/bluebird/js/release/async.js.Async._drainQueues (http://localhost:42097/__cypress/runner/cypress_runner.js:162150:10)\n    at Async.drainQueues (http://localhost:42097/__cypress/runner/cypress_runner.js:162024:14)",
                "diff": null
              },
              "uuid": "54716093-4100-49b9-8745-285ce621338a",
              "parentUUID": "cf78aca7-9d46-47b1-b85e-d17266dfa9b9",
              "isHook": false,
              "skipped": false
            },
            {
              "title": "Verifica se a cor inicial dos pixels dentro do quadro, ao abrir a página, é branca.",
              "fullTitle": "4 - Adicione à página um quadro de pixels, com 25 pixels. Verifica se a cor inicial dos pixels dentro do quadro, ao abrir a página, é branca.",
              "timedOut": null,
              "duration": 4394,
              "state": "failed",
              "speed": null,
              "pass": false,
              "fail": true,
              "pending": false,
              "context": null,
              "code": "cy.get('.pixel').should('have.length', 25).each(function (pixel) {\n  expect(pixel).to.have.css('background-color', WHITE);\n});",
              "err": {
                "message": "CypressError: Timed out retrying: Expected to find element: '.pixel', but never found it.",
                "estack": "CypressError: Timed out retrying: Expected to find element: '.pixel', but never found it.\n    at cypressErr (http://localhost:42097/__cypress/runner/cypress_runner.js:149934:9)\n    at throwErr (http://localhost:42097/__cypress/runner/cypress_runner.js:149867:11)\n    at Object.throwErrByPath (http://localhost:42097/__cypress/runner/cypress_runner.js:149915:3)\n    at retry (http://localhost:42097/__cypress/runner/cypress_runner.js:144197:19)\n    at onFailFn (http://localhost:42097/__cypress/runner/cypress_runner.js:132448:16)\n    at tryCatcher (http://localhost:42097/__cypress/runner/cypress_runner.js:167415:23)\n    at Promise._settlePromiseFromHandler (http://localhost:42097/__cypress/runner/cypress_runner.js:165351:31)\n    at Promise._settlePromise (http://localhost:42097/__cypress/runner/cypress_runner.js:165408:18)\n    at Promise._settlePromise0 (http://localhost:42097/__cypress/runner/cypress_runner.js:165453:10)\n    at Promise._settlePromises (http://localhost:42097/__cypress/runner/cypress_runner.js:165528:18)\n    at Async../node_modules/bluebird/js/release/async.js.Async._drainQueue (http://localhost:42097/__cypress/runner/cypress_runner.js:162140:16)\n    at Async../node_modules/bluebird/js/release/async.js.Async._drainQueues (http://localhost:42097/__cypress/runner/cypress_runner.js:162150:10)\n    at Async.drainQueues (http://localhost:42097/__cypress/runner/cypress_runner.js:162024:14)",
                "diff": null
              },
              "uuid": "1a1dc2a7-a988-4592-b69f-31321850278f",
              "parentUUID": "cf78aca7-9d46-47b1-b85e-d17266dfa9b9",
              "isHook": false,
              "skipped": false
            },
            {
              "title": "Verifica se o quadro de pixels aparece abaixo da paleta de cores",
              "fullTitle": "4 - Adicione à página um quadro de pixels, com 25 pixels. Verifica se o quadro de pixels aparece abaixo da paleta de cores",
              "timedOut": null,
              "duration": 4346,
              "state": "failed",
              "speed": null,
              "pass": false,
              "fail": true,
              "pending": false,
              "context": null,
              "code": "cy.get('#color-palette').then(function (palette) {\n  cy.get('#pixel-board').should('be.belowOf', palette);\n});",
              "err": {
                "message": "CypressError: Timed out retrying: Expected to find element: '#color-palette', but never found it.",
                "estack": "CypressError: Timed out retrying: Expected to find element: '#color-palette', but never found it.\n    at cypressErr (http://localhost:42097/__cypress/runner/cypress_runner.js:149934:9)\n    at throwErr (http://localhost:42097/__cypress/runner/cypress_runner.js:149867:11)\n    at Object.throwErrByPath (http://localhost:42097/__cypress/runner/cypress_runner.js:149915:3)\n    at retry (http://localhost:42097/__cypress/runner/cypress_runner.js:144197:19)\n    at onFailFn (http://localhost:42097/__cypress/runner/cypress_runner.js:132448:16)\n    at tryCatcher (http://localhost:42097/__cypress/runner/cypress_runner.js:167415:23)\n    at Promise._settlePromiseFromHandler (http://localhost:42097/__cypress/runner/cypress_runner.js:165351:31)\n    at Promise._settlePromise (http://localhost:42097/__cypress/runner/cypress_runner.js:165408:18)\n    at Promise._settlePromise0 (http://localhost:42097/__cypress/runner/cypress_runner.js:165453:10)\n    at Promise._settlePromises (http://localhost:42097/__cypress/runner/cypress_runner.js:165528:18)\n    at Async../node_modules/bluebird/js/release/async.js.Async._drainQueue (http://localhost:42097/__cypress/runner/cypress_runner.js:162140:16)\n    at Async../node_modules/bluebird/js/release/async.js.Async._drainQueues (http://localhost:42097/__cypress/runner/cypress_runner.js:162150:10)\n    at Async.drainQueues (http://localhost:42097/__cypress/runner/cypress_runner.js:162024:14)",
                "diff": null
              },
              "uuid": "48d1eaac-df2e-4a2f-98be-97b60d3f2b67",
              "parentUUID": "cf78aca7-9d46-47b1-b85e-d17266dfa9b9",
              "isHook": false,
              "skipped": false
            }
          ],
          "suites": [],
          "passes": [],
          "failures": [
            "cfdd040e-2b45-41e4-9338-d82fd0484fd5",
            "54716093-4100-49b9-8745-285ce621338a",
            "1a1dc2a7-a988-4592-b69f-31321850278f",
            "48d1eaac-df2e-4a2f-98be-97b60d3f2b67"
          ],
          "pending": [],
          "skipped": [],
          "duration": 17506,
          "root": false,
          "rootEmpty": false,
          "_timeout": 2000
        },
        {
          "uuid": "c4590a9f-fdcd-4ce9-b2a0-9d8a5effcdab",
          "title": "5 - Faça com que cada elemento do quadro de pixels possua 40 pixels de largura, 40 pixels de altura e seja delimitado por uma borda preta de 1 pixel.",
          "fullFile": "",
          "file": "",
          "beforeHooks": [],
          "afterHooks": [],
          "tests": [
            {
              "title": "Verifica se o quadro de pixels tem altura e comprimento de 5 elementos",
              "fullTitle": "5 - Faça com que cada elemento do quadro de pixels possua 40 pixels de largura, 40 pixels de altura e seja delimitado por uma borda preta de 1 pixel. Verifica se o quadro de pixels tem altura e comprimento de 5 elementos",
              "timedOut": null,
              "duration": 4370,
              "state": "failed",
              "speed": null,
              "pass": false,
              "fail": true,
              "pending": false,
              "context": null,
              "code": "cy.get('.pixel').should('have.length', 25).each(function (pixel) {\n  expect(pixel).to.have.css('background-color', WHITE);\n}).and(function (pixels) {\n  var rows = chunk(pixels, 5);\n  rows.forEach(function (row) {\n    for (var index = 1; index < row.length; index += 1) {\n      var current = pixels[index];\n      var previous = pixels[index - 1];\n      cy.wrap(current).should('be.onTheRightOf', previous).and('be.horizontallyAlignedWith', previous);\n    }\n  });\n  for (var index = 1; index < 5; index += 1) {\n    expect(pixels[index * 5]).to.be.belowOf(pixels[(index - 1) * 5]);\n  }\n});",
              "err": {
                "message": "CypressError: Timed out retrying: Expected to find element: '.pixel', but never found it.",
                "estack": "CypressError: Timed out retrying: Expected to find element: '.pixel', but never found it.\n    at cypressErr (http://localhost:42097/__cypress/runner/cypress_runner.js:149934:9)\n    at throwErr (http://localhost:42097/__cypress/runner/cypress_runner.js:149867:11)\n    at Object.throwErrByPath (http://localhost:42097/__cypress/runner/cypress_runner.js:149915:3)\n    at retry (http://localhost:42097/__cypress/runner/cypress_runner.js:144197:19)\n    at onFailFn (http://localhost:42097/__cypress/runner/cypress_runner.js:132448:16)\n    at tryCatcher (http://localhost:42097/__cypress/runner/cypress_runner.js:167415:23)\n    at Promise._settlePromiseFromHandler (http://localhost:42097/__cypress/runner/cypress_runner.js:165351:31)\n    at Promise._settlePromise (http://localhost:42097/__cypress/runner/cypress_runner.js:165408:18)\n    at Promise._settlePromise0 (http://localhost:42097/__cypress/runner/cypress_runner.js:165453:10)\n    at Promise._settlePromises (http://localhost:42097/__cypress/runner/cypress_runner.js:165528:18)\n    at Async../node_modules/bluebird/js/release/async.js.Async._drainQueue (http://localhost:42097/__cypress/runner/cypress_runner.js:162140:16)\n    at Async../node_modules/bluebird/js/release/async.js.Async._drainQueues (http://localhost:42097/__cypress/runner/cypress_runner.js:162150:10)\n    at Async.drainQueues (http://localhost:42097/__cypress/runner/cypress_runner.js:162024:14)",
                "diff": null
              },
              "uuid": "c8bcab5f-d3bc-4390-a19c-bfa44f8e0d78",
              "parentUUID": "c4590a9f-fdcd-4ce9-b2a0-9d8a5effcdab",
              "isHook": false,
              "skipped": false
            },
            {
              "title": "Verifica se 40 pixels é o tamanho total do elemento, incluindo seu conteúdo e excluindo a borda preta, que deve ser criada à parte.",
              "fullTitle": "5 - Faça com que cada elemento do quadro de pixels possua 40 pixels de largura, 40 pixels de altura e seja delimitado por uma borda preta de 1 pixel. Verifica se 40 pixels é o tamanho total do elemento, incluindo seu conteúdo e excluindo a borda preta, que deve ser criada à parte.",
              "timedOut": null,
              "duration": 4316,
              "state": "failed",
              "speed": null,
              "pass": false,
              "fail": true,
              "pending": false,
              "context": null,
              "code": "cy.get('.pixel').each(function (pixel) {\n  cy.wrap(pixel).should('have.css', 'height', '40px').and('have.css', 'width', '40px').and('have.css', 'border', \"1px solid \".concat(BLACK));\n});",
              "err": {
                "message": "CypressError: Timed out retrying: Expected to find element: '.pixel', but never found it.",
                "estack": "CypressError: Timed out retrying: Expected to find element: '.pixel', but never found it.\n    at cypressErr (http://localhost:42097/__cypress/runner/cypress_runner.js:149934:9)\n    at throwErr (http://localhost:42097/__cypress/runner/cypress_runner.js:149867:11)\n    at Object.throwErrByPath (http://localhost:42097/__cypress/runner/cypress_runner.js:149915:3)\n    at retry (http://localhost:42097/__cypress/runner/cypress_runner.js:144197:19)\n    at onFailFn (http://localhost:42097/__cypress/runner/cypress_runner.js:132448:16)\n    at tryCatcher (http://localhost:42097/__cypress/runner/cypress_runner.js:167415:23)\n    at Promise._settlePromiseFromHandler (http://localhost:42097/__cypress/runner/cypress_runner.js:165351:31)\n    at Promise._settlePromise (http://localhost:42097/__cypress/runner/cypress_runner.js:165408:18)\n    at Promise._settlePromise0 (http://localhost:42097/__cypress/runner/cypress_runner.js:165453:10)\n    at Promise._settlePromises (http://localhost:42097/__cypress/runner/cypress_runner.js:165528:18)\n    at Async../node_modules/bluebird/js/release/async.js.Async._drainQueue (http://localhost:42097/__cypress/runner/cypress_runner.js:162140:16)\n    at Async../node_modules/bluebird/js/release/async.js.Async._drainQueues (http://localhost:42097/__cypress/runner/cypress_runner.js:162150:10)\n    at Async.drainQueues (http://localhost:42097/__cypress/runner/cypress_runner.js:162024:14)",
                "diff": null
              },
              "uuid": "c333e2cf-bb23-426f-9031-e7df5000f191",
              "parentUUID": "c4590a9f-fdcd-4ce9-b2a0-9d8a5effcdab",
              "isHook": false,
              "skipped": false
            }
          ],
          "suites": [],
          "passes": [],
          "failures": [
            "c8bcab5f-d3bc-4390-a19c-bfa44f8e0d78",
            "c333e2cf-bb23-426f-9031-e7df5000f191"
          ],
          "pending": [],
          "skipped": [],
          "duration": 8686,
          "root": false,
          "rootEmpty": false,
          "_timeout": 2000
        },
        {
          "uuid": "a0648d88-581e-43ae-b4ee-bb5a91251198",
          "title": "6 - Defina a cor preta como cor inicial. Ao carregar a página a cor preta já deve estar selecionada para pintar os pixels",
          "fullFile": "",
          "file": "",
          "beforeHooks": [],
          "afterHooks": [],
          "tests": [
            {
              "title": "Verifica se o elemento da cor preta possui, inicialmente, a `classe` `selected`",
              "fullTitle": "6 - Defina a cor preta como cor inicial. Ao carregar a página a cor preta já deve estar selecionada para pintar os pixels Verifica se o elemento da cor preta possui, inicialmente, a `classe` `selected`",
              "timedOut": null,
              "duration": 4345,
              "state": "failed",
              "speed": null,
              "pass": false,
              "fail": true,
              "pending": false,
              "context": null,
              "code": "cy.get('.selected').first().should('have.css', 'background-color', BLACK);",
              "err": {
                "message": "CypressError: Timed out retrying: Expected to find element: '.selected', but never found it.",
                "estack": "CypressError: Timed out retrying: Expected to find element: '.selected', but never found it.\n    at cypressErr (http://localhost:42097/__cypress/runner/cypress_runner.js:149934:9)\n    at throwErr (http://localhost:42097/__cypress/runner/cypress_runner.js:149867:11)\n    at Object.throwErrByPath (http://localhost:42097/__cypress/runner/cypress_runner.js:149915:3)\n    at retry (http://localhost:42097/__cypress/runner/cypress_runner.js:144197:19)\n    at onFailFn (http://localhost:42097/__cypress/runner/cypress_runner.js:132448:16)\n    at tryCatcher (http://localhost:42097/__cypress/runner/cypress_runner.js:167415:23)\n    at Promise._settlePromiseFromHandler (http://localhost:42097/__cypress/runner/cypress_runner.js:165351:31)\n    at Promise._settlePromise (http://localhost:42097/__cypress/runner/cypress_runner.js:165408:18)\n    at Promise._settlePromise0 (http://localhost:42097/__cypress/runner/cypress_runner.js:165453:10)\n    at Promise._settlePromises (http://localhost:42097/__cypress/runner/cypress_runner.js:165528:18)\n    at Async../node_modules/bluebird/js/release/async.js.Async._drainQueue (http://localhost:42097/__cypress/runner/cypress_runner.js:162140:16)\n    at Async../node_modules/bluebird/js/release/async.js.Async._drainQueues (http://localhost:42097/__cypress/runner/cypress_runner.js:162150:10)\n    at Async.drainQueues (http://localhost:42097/__cypress/runner/cypress_runner.js:162024:14)",
                "diff": null
              },
              "uuid": "cbd20b2d-293c-458f-8144-beec6eda8d50",
              "parentUUID": "a0648d88-581e-43ae-b4ee-bb5a91251198",
              "isHook": false,
              "skipped": false
            },
            {
              "title": "Verifica se nenhuma outra cor da paleta tem a `classe` `selected`",
              "fullTitle": "6 - Defina a cor preta como cor inicial. Ao carregar a página a cor preta já deve estar selecionada para pintar os pixels Verifica se nenhuma outra cor da paleta tem a `classe` `selected`",
              "timedOut": null,
              "duration": 4388,
              "state": "failed",
              "speed": null,
              "pass": false,
              "fail": true,
              "pending": false,
              "context": null,
              "code": "cy.get('.color:not(:first-child)').each(function (color) {\n  cy.wrap(color).should('not.have.class', 'selected');\n});",
              "err": {
                "message": "CypressError: Timed out retrying: Expected to find element: '.color:not(:first-child)', but never found it.",
                "estack": "CypressError: Timed out retrying: Expected to find element: '.color:not(:first-child)', but never found it.\n    at cypressErr (http://localhost:42097/__cypress/runner/cypress_runner.js:149934:9)\n    at throwErr (http://localhost:42097/__cypress/runner/cypress_runner.js:149867:11)\n    at Object.throwErrByPath (http://localhost:42097/__cypress/runner/cypress_runner.js:149915:3)\n    at retry (http://localhost:42097/__cypress/runner/cypress_runner.js:144197:19)\n    at onFailFn (http://localhost:42097/__cypress/runner/cypress_runner.js:132448:16)\n    at tryCatcher (http://localhost:42097/__cypress/runner/cypress_runner.js:167415:23)\n    at Promise._settlePromiseFromHandler (http://localhost:42097/__cypress/runner/cypress_runner.js:165351:31)\n    at Promise._settlePromise (http://localhost:42097/__cypress/runner/cypress_runner.js:165408:18)\n    at Promise._settlePromise0 (http://localhost:42097/__cypress/runner/cypress_runner.js:165453:10)\n    at Promise._settlePromises (http://localhost:42097/__cypress/runner/cypress_runner.js:165528:18)\n    at Async../node_modules/bluebird/js/release/async.js.Async._drainQueue (http://localhost:42097/__cypress/runner/cypress_runner.js:162140:16)\n    at Async../node_modules/bluebird/js/release/async.js.Async._drainQueues (http://localhost:42097/__cypress/runner/cypress_runner.js:162150:10)\n    at Async.drainQueues (http://localhost:42097/__cypress/runner/cypress_runner.js:162024:14)",
                "diff": null
              },
              "uuid": "22ae8600-b1dc-4450-8fc3-c31b45128deb",
              "parentUUID": "a0648d88-581e-43ae-b4ee-bb5a91251198",
              "isHook": false,
              "skipped": false
            }
          ],
          "suites": [],
          "passes": [],
          "failures": [
            "cbd20b2d-293c-458f-8144-beec6eda8d50",
            "22ae8600-b1dc-4450-8fc3-c31b45128deb"
          ],
          "pending": [],
          "skipped": [],
          "duration": 8733,
          "root": false,
          "rootEmpty": false,
          "_timeout": 2000
        },
        {
          "uuid": "1e70d63b-af17-45ad-b742-efa897ed57dc",
          "title": "7 - Clicar em uma das cores da paleta, faz com que ela seja selecionada e utilizada para preencher os pixels no quadro.",
          "fullFile": "",
          "file": "",
          "beforeHooks": [],
          "afterHooks": [],
          "tests": [
            {
              "title": "Verifica se somente uma cor da paleta de cores tem a classe `selected` de cada vez",
              "fullTitle": "7 - Clicar em uma das cores da paleta, faz com que ela seja selecionada e utilizada para preencher os pixels no quadro. Verifica se somente uma cor da paleta de cores tem a classe `selected` de cada vez",
              "timedOut": null,
              "duration": 4292,
              "state": "failed",
              "speed": null,
              "pass": false,
              "fail": true,
              "pending": false,
              "context": null,
              "code": "cy.get('.color').each(function (selectedColor, selectedColorIndex) {\n  cy.wrap(selectedColor).click();\n  cy.get('.color').each(function (color, colorIndex) {\n    if (colorIndex === selectedColorIndex) {\n      expect(color).to.have[\"class\"]('selected');\n    } else {\n      expect(color).not.to.have[\"class\"]('selected');\n    }\n  });\n});",
              "err": {
                "message": "CypressError: Timed out retrying: Expected to find element: '.color', but never found it.",
                "estack": "CypressError: Timed out retrying: Expected to find element: '.color', but never found it.\n    at cypressErr (http://localhost:42097/__cypress/runner/cypress_runner.js:149934:9)\n    at throwErr (http://localhost:42097/__cypress/runner/cypress_runner.js:149867:11)\n    at Object.throwErrByPath (http://localhost:42097/__cypress/runner/cypress_runner.js:149915:3)\n    at retry (http://localhost:42097/__cypress/runner/cypress_runner.js:144197:19)\n    at onFailFn (http://localhost:42097/__cypress/runner/cypress_runner.js:132448:16)\n    at tryCatcher (http://localhost:42097/__cypress/runner/cypress_runner.js:167415:23)\n    at Promise._settlePromiseFromHandler (http://localhost:42097/__cypress/runner/cypress_runner.js:165351:31)\n    at Promise._settlePromise (http://localhost:42097/__cypress/runner/cypress_runner.js:165408:18)\n    at Promise._settlePromise0 (http://localhost:42097/__cypress/runner/cypress_runner.js:165453:10)\n    at Promise._settlePromises (http://localhost:42097/__cypress/runner/cypress_runner.js:165528:18)\n    at Async../node_modules/bluebird/js/release/async.js.Async._drainQueue (http://localhost:42097/__cypress/runner/cypress_runner.js:162140:16)\n    at Async../node_modules/bluebird/js/release/async.js.Async._drainQueues (http://localhost:42097/__cypress/runner/cypress_runner.js:162150:10)\n    at Async.drainQueues (http://localhost:42097/__cypress/runner/cypress_runner.js:162024:14)",
                "diff": null
              },
              "uuid": "46da9e64-e5e1-4964-9f61-1cb427bda5e0",
              "parentUUID": "1e70d63b-af17-45ad-b742-efa897ed57dc",
              "isHook": false,
              "skipped": false
            },
            {
              "title": "Verifica se os pixels dentro do quadro não têm a classe `selected` quando são clicados",
              "fullTitle": "7 - Clicar em uma das cores da paleta, faz com que ela seja selecionada e utilizada para preencher os pixels no quadro. Verifica se os pixels dentro do quadro não têm a classe `selected` quando são clicados",
              "timedOut": null,
              "duration": 4342,
              "state": "failed",
              "speed": null,
              "pass": false,
              "fail": true,
              "pending": false,
              "context": null,
              "code": "cy.get('.color').each(function (color) {\n  var backgroundColor = color.css('background-color');\n  cy.wrap(color).click();\n  cy.get('.pixel').each(function (pixel) {\n    cy.wrap(pixel).click().should('not.have.class', 'selected');\n  });\n});",
              "err": {
                "message": "CypressError: Timed out retrying: Expected to find element: '.color', but never found it.",
                "estack": "CypressError: Timed out retrying: Expected to find element: '.color', but never found it.\n    at cypressErr (http://localhost:42097/__cypress/runner/cypress_runner.js:149934:9)\n    at throwErr (http://localhost:42097/__cypress/runner/cypress_runner.js:149867:11)\n    at Object.throwErrByPath (http://localhost:42097/__cypress/runner/cypress_runner.js:149915:3)\n    at retry (http://localhost:42097/__cypress/runner/cypress_runner.js:144197:19)\n    at onFailFn (http://localhost:42097/__cypress/runner/cypress_runner.js:132448:16)\n    at tryCatcher (http://localhost:42097/__cypress/runner/cypress_runner.js:167415:23)\n    at Promise._settlePromiseFromHandler (http://localhost:42097/__cypress/runner/cypress_runner.js:165351:31)\n    at Promise._settlePromise (http://localhost:42097/__cypress/runner/cypress_runner.js:165408:18)\n    at Promise._settlePromise0 (http://localhost:42097/__cypress/runner/cypress_runner.js:165453:10)\n    at Promise._settlePromises (http://localhost:42097/__cypress/runner/cypress_runner.js:165528:18)\n    at Async../node_modules/bluebird/js/release/async.js.Async._drainQueue (http://localhost:42097/__cypress/runner/cypress_runner.js:162140:16)\n    at Async../node_modules/bluebird/js/release/async.js.Async._drainQueues (http://localhost:42097/__cypress/runner/cypress_runner.js:162150:10)\n    at Async.drainQueues (http://localhost:42097/__cypress/runner/cypress_runner.js:162024:14)",
                "diff": null
              },
              "uuid": "3c593fb9-af9a-422f-988a-98464dbf308a",
              "parentUUID": "1e70d63b-af17-45ad-b742-efa897ed57dc",
              "isHook": false,
              "skipped": false
            }
          ],
          "suites": [],
          "passes": [],
          "failures": [
            "46da9e64-e5e1-4964-9f61-1cb427bda5e0",
            "3c593fb9-af9a-422f-988a-98464dbf308a"
          ],
          "pending": [],
          "skipped": [],
          "duration": 8634,
          "root": false,
          "rootEmpty": false,
          "_timeout": 2000
        },
        {
          "uuid": "022f9d8b-a25c-4f70-8508-b742b70b05c1",
          "title": "8 - Clicar em um pixel dentro do quadro após selecionar uma cor na paleta, faz com que o pixel seja preenchido com a cor selecionada.",
          "fullFile": "",
          "file": "",
          "beforeHooks": [],
          "afterHooks": [],
          "tests": [
            {
              "title": "Verifica se ao carregar a página deve ser possível pintar os pixels de preto",
              "fullTitle": "8 - Clicar em um pixel dentro do quadro após selecionar uma cor na paleta, faz com que o pixel seja preenchido com a cor selecionada. Verifica se ao carregar a página deve ser possível pintar os pixels de preto",
              "timedOut": null,
              "duration": 4385,
              "state": "failed",
              "speed": null,
              "pass": false,
              "fail": true,
              "pending": false,
              "context": null,
              "code": "cy.get('.pixel').each(function (pixel) {\n  cy.wrap(pixel).click().should('have.css', 'background-color', BLACK);\n});",
              "err": {
                "message": "CypressError: Timed out retrying: Expected to find element: '.pixel', but never found it.",
                "estack": "CypressError: Timed out retrying: Expected to find element: '.pixel', but never found it.\n    at cypressErr (http://localhost:42097/__cypress/runner/cypress_runner.js:149934:9)\n    at throwErr (http://localhost:42097/__cypress/runner/cypress_runner.js:149867:11)\n    at Object.throwErrByPath (http://localhost:42097/__cypress/runner/cypress_runner.js:149915:3)\n    at retry (http://localhost:42097/__cypress/runner/cypress_runner.js:144197:19)\n    at onFailFn (http://localhost:42097/__cypress/runner/cypress_runner.js:132448:16)\n    at tryCatcher (http://localhost:42097/__cypress/runner/cypress_runner.js:167415:23)\n    at Promise._settlePromiseFromHandler (http://localhost:42097/__cypress/runner/cypress_runner.js:165351:31)\n    at Promise._settlePromise (http://localhost:42097/__cypress/runner/cypress_runner.js:165408:18)\n    at Promise._settlePromise0 (http://localhost:42097/__cypress/runner/cypress_runner.js:165453:10)\n    at Promise._settlePromises (http://localhost:42097/__cypress/runner/cypress_runner.js:165528:18)\n    at Async../node_modules/bluebird/js/release/async.js.Async._drainQueue (http://localhost:42097/__cypress/runner/cypress_runner.js:162140:16)\n    at Async../node_modules/bluebird/js/release/async.js.Async._drainQueues (http://localhost:42097/__cypress/runner/cypress_runner.js:162150:10)\n    at Async.drainQueues (http://localhost:42097/__cypress/runner/cypress_runner.js:162024:14)",
                "diff": null
              },
              "uuid": "d00364b4-400e-4e74-80a7-8906e058e996",
              "parentUUID": "022f9d8b-a25c-4f70-8508-b742b70b05c1",
              "isHook": false,
              "skipped": false
            },
            {
              "title": "Verifica se após selecionar uma outra cor na paleta, é possível pintar os pixels com essa cor",
              "fullTitle": "8 - Clicar em um pixel dentro do quadro após selecionar uma cor na paleta, faz com que o pixel seja preenchido com a cor selecionada. Verifica se após selecionar uma outra cor na paleta, é possível pintar os pixels com essa cor",
              "timedOut": null,
              "duration": 4300,
              "state": "failed",
              "speed": null,
              "pass": false,
              "fail": true,
              "pending": false,
              "context": null,
              "code": "cy.get('.color').each(function (color) {\n  var backgroundColor = color.css('background-color');\n  cy.wrap(color).click();\n  cy.get('.pixel').each(function (pixel) {\n    cy.wrap(pixel).click().should('have.css', 'background-color', backgroundColor);\n  });\n});",
              "err": {
                "message": "CypressError: Timed out retrying: Expected to find element: '.color', but never found it.",
                "estack": "CypressError: Timed out retrying: Expected to find element: '.color', but never found it.\n    at cypressErr (http://localhost:42097/__cypress/runner/cypress_runner.js:149934:9)\n    at throwErr (http://localhost:42097/__cypress/runner/cypress_runner.js:149867:11)\n    at Object.throwErrByPath (http://localhost:42097/__cypress/runner/cypress_runner.js:149915:3)\n    at retry (http://localhost:42097/__cypress/runner/cypress_runner.js:144197:19)\n    at onFailFn (http://localhost:42097/__cypress/runner/cypress_runner.js:132448:16)\n    at tryCatcher (http://localhost:42097/__cypress/runner/cypress_runner.js:167415:23)\n    at Promise._settlePromiseFromHandler (http://localhost:42097/__cypress/runner/cypress_runner.js:165351:31)\n    at Promise._settlePromise (http://localhost:42097/__cypress/runner/cypress_runner.js:165408:18)\n    at Promise._settlePromise0 (http://localhost:42097/__cypress/runner/cypress_runner.js:165453:10)\n    at Promise._settlePromises (http://localhost:42097/__cypress/runner/cypress_runner.js:165528:18)\n    at Async../node_modules/bluebird/js/release/async.js.Async._drainQueue (http://localhost:42097/__cypress/runner/cypress_runner.js:162140:16)\n    at Async../node_modules/bluebird/js/release/async.js.Async._drainQueues (http://localhost:42097/__cypress/runner/cypress_runner.js:162150:10)\n    at Async.drainQueues (http://localhost:42097/__cypress/runner/cypress_runner.js:162024:14)",
                "diff": null
              },
              "uuid": "53755512-08c5-463a-9531-47f4a77c3252",
              "parentUUID": "022f9d8b-a25c-4f70-8508-b742b70b05c1",
              "isHook": false,
              "skipped": false
            },
            {
              "title": "Verifica se somente o pixel que foi clicado foi preenchido com a cor selecionada, sem influenciar na cor dos demais pixels.",
              "fullTitle": "8 - Clicar em um pixel dentro do quadro após selecionar uma cor na paleta, faz com que o pixel seja preenchido com a cor selecionada. Verifica se somente o pixel que foi clicado foi preenchido com a cor selecionada, sem influenciar na cor dos demais pixels.",
              "timedOut": null,
              "duration": 4467,
              "state": "failed",
              "speed": null,
              "pass": false,
              "fail": true,
              "pending": false,
              "context": null,
              "code": "var colorToPixelIndexMap = {\n  0: 6,\n  1: 8,\n  2: 16,\n  3: 18\n};\ncy.get('.color').each(function (color, index) {\n  cy.wrap(color).click();\n  var backgroundColor = color.css('background-color');\n  var clickedPixelIndex = colorToPixelIndexMap[index];\n  cy.get('.pixel').eq(clickedPixelIndex).click();\n  cy.get('.pixel').eq(clickedPixelIndex - 1).should('not.have.css', 'background-color', backgroundColor);\n  cy.get('.pixel').eq(clickedPixelIndex + 1).should('not.have.css', 'background-color', backgroundColor);\n  cy.get('.pixel').eq(clickedPixelIndex - 5).should('not.have.css', 'background-color', backgroundColor);\n  cy.get('.pixel').eq(clickedPixelIndex + 5).should('not.have.css', 'background-color', backgroundColor);\n  cy.get('.pixel').eq(clickedPixelIndex - 6).should('not.have.css', 'background-color', backgroundColor);\n  cy.get('.pixel').eq(clickedPixelIndex - 4).should('not.have.css', 'background-color', backgroundColor);\n  cy.get('.pixel').eq(clickedPixelIndex + 4).should('not.have.css', 'background-color', backgroundColor);\n  cy.get('.pixel').eq(clickedPixelIndex + 6).should('not.have.css', 'background-color', backgroundColor);\n});",
              "err": {
                "message": "CypressError: Timed out retrying: Expected to find element: '.color', but never found it.",
                "estack": "CypressError: Timed out retrying: Expected to find element: '.color', but never found it.\n    at cypressErr (http://localhost:42097/__cypress/runner/cypress_runner.js:149934:9)\n    at throwErr (http://localhost:42097/__cypress/runner/cypress_runner.js:149867:11)\n    at Object.throwErrByPath (http://localhost:42097/__cypress/runner/cypress_runner.js:149915:3)\n    at retry (http://localhost:42097/__cypress/runner/cypress_runner.js:144197:19)\n    at onFailFn (http://localhost:42097/__cypress/runner/cypress_runner.js:132448:16)\n    at tryCatcher (http://localhost:42097/__cypress/runner/cypress_runner.js:167415:23)\n    at Promise._settlePromiseFromHandler (http://localhost:42097/__cypress/runner/cypress_runner.js:165351:31)\n    at Promise._settlePromise (http://localhost:42097/__cypress/runner/cypress_runner.js:165408:18)\n    at Promise._settlePromise0 (http://localhost:42097/__cypress/runner/cypress_runner.js:165453:10)\n    at Promise._settlePromises (http://localhost:42097/__cypress/runner/cypress_runner.js:165528:18)\n    at Async../node_modules/bluebird/js/release/async.js.Async._drainQueue (http://localhost:42097/__cypress/runner/cypress_runner.js:162140:16)\n    at Async../node_modules/bluebird/js/release/async.js.Async._drainQueues (http://localhost:42097/__cypress/runner/cypress_runner.js:162150:10)\n    at Async.drainQueues (http://localhost:42097/__cypress/runner/cypress_runner.js:162024:14)",
                "diff": null
              },
              "uuid": "96b3f117-4a0d-45c4-b3dc-cc8a980d5811",
              "parentUUID": "022f9d8b-a25c-4f70-8508-b742b70b05c1",
              "isHook": false,
              "skipped": false
            }
          ],
          "suites": [],
          "passes": [],
          "failures": [
            "d00364b4-400e-4e74-80a7-8906e058e996",
            "53755512-08c5-463a-9531-47f4a77c3252",
            "96b3f117-4a0d-45c4-b3dc-cc8a980d5811"
          ],
          "pending": [],
          "skipped": [],
          "duration": 13152,
          "root": false,
          "rootEmpty": false,
          "_timeout": 2000
        },
        {
          "uuid": "ea7728c3-2c6b-434b-b124-8256866cd09b",
          "title": "9 - Crie um botão que, ao ser clicado, limpa o quadro preenchendo a cor de todos seus pixels com branco.",
          "fullFile": "",
          "file": "",
          "beforeHooks": [],
          "afterHooks": [],
          "tests": [
            {
              "title": "Verifica se o botão tem o `id` denominado `clear-board`",
              "fullTitle": "9 - Crie um botão que, ao ser clicado, limpa o quadro preenchendo a cor de todos seus pixels com branco. Verifica se o botão tem o `id` denominado `clear-board`",
              "timedOut": null,
              "duration": 4383,
              "state": "failed",
              "speed": null,
              "pass": false,
              "fail": true,
              "pending": false,
              "context": null,
              "code": "cy.get('#clear-board').should('be.visible');",
              "err": {
                "message": "CypressError: Timed out retrying: Expected to find element: '#clear-board', but never found it.",
                "estack": "CypressError: Timed out retrying: Expected to find element: '#clear-board', but never found it.\n    at cypressErr (http://localhost:42097/__cypress/runner/cypress_runner.js:149934:9)\n    at throwErr (http://localhost:42097/__cypress/runner/cypress_runner.js:149867:11)\n    at Object.throwErrByPath (http://localhost:42097/__cypress/runner/cypress_runner.js:149915:3)\n    at retry (http://localhost:42097/__cypress/runner/cypress_runner.js:144197:19)\n    at onFailFn (http://localhost:42097/__cypress/runner/cypress_runner.js:132448:16)\n    at tryCatcher (http://localhost:42097/__cypress/runner/cypress_runner.js:167415:23)\n    at Promise._settlePromiseFromHandler (http://localhost:42097/__cypress/runner/cypress_runner.js:165351:31)\n    at Promise._settlePromise (http://localhost:42097/__cypress/runner/cypress_runner.js:165408:18)\n    at Promise._settlePromise0 (http://localhost:42097/__cypress/runner/cypress_runner.js:165453:10)\n    at Promise._settlePromises (http://localhost:42097/__cypress/runner/cypress_runner.js:165528:18)\n    at Async../node_modules/bluebird/js/release/async.js.Async._drainQueue (http://localhost:42097/__cypress/runner/cypress_runner.js:162140:16)\n    at Async../node_modules/bluebird/js/release/async.js.Async._drainQueues (http://localhost:42097/__cypress/runner/cypress_runner.js:162150:10)\n    at Async.drainQueues (http://localhost:42097/__cypress/runner/cypress_runner.js:162024:14)",
                "diff": null
              },
              "uuid": "4cf64ab5-a54c-4b56-945f-6fdd8f4fd08c",
              "parentUUID": "ea7728c3-2c6b-434b-b124-8256866cd09b",
              "isHook": false,
              "skipped": false
            },
            {
              "title": "Verifica se o botão está posicionado entre a paleta de cores e o quadro de pixels",
              "fullTitle": "9 - Crie um botão que, ao ser clicado, limpa o quadro preenchendo a cor de todos seus pixels com branco. Verifica se o botão está posicionado entre a paleta de cores e o quadro de pixels",
              "timedOut": null,
              "duration": 4274,
              "state": "failed",
              "speed": null,
              "pass": false,
              "fail": true,
              "pending": false,
              "context": null,
              "code": "cy.get('#color-palette').then(function (palette) {\n  cy.get('#clear-board').should('be.belowOf', palette);\n});\ncy.get('#clear-board').then(function (clearBtn) {\n  cy.get('#pixel-board').should('be.belowOf', clearBtn);\n});",
              "err": {
                "message": "CypressError: Timed out retrying: Expected to find element: '#color-palette', but never found it.",
                "estack": "CypressError: Timed out retrying: Expected to find element: '#color-palette', but never found it.\n    at cypressErr (http://localhost:42097/__cypress/runner/cypress_runner.js:149934:9)\n    at throwErr (http://localhost:42097/__cypress/runner/cypress_runner.js:149867:11)\n    at Object.throwErrByPath (http://localhost:42097/__cypress/runner/cypress_runner.js:149915:3)\n    at retry (http://localhost:42097/__cypress/runner/cypress_runner.js:144197:19)\n    at onFailFn (http://localhost:42097/__cypress/runner/cypress_runner.js:132448:16)\n    at tryCatcher (http://localhost:42097/__cypress/runner/cypress_runner.js:167415:23)\n    at Promise._settlePromiseFromHandler (http://localhost:42097/__cypress/runner/cypress_runner.js:165351:31)\n    at Promise._settlePromise (http://localhost:42097/__cypress/runner/cypress_runner.js:165408:18)\n    at Promise._settlePromise0 (http://localhost:42097/__cypress/runner/cypress_runner.js:165453:10)\n    at Promise._settlePromises (http://localhost:42097/__cypress/runner/cypress_runner.js:165528:18)\n    at Async../node_modules/bluebird/js/release/async.js.Async._drainQueue (http://localhost:42097/__cypress/runner/cypress_runner.js:162140:16)\n    at Async../node_modules/bluebird/js/release/async.js.Async._drainQueues (http://localhost:42097/__cypress/runner/cypress_runner.js:162150:10)\n    at Async.drainQueues (http://localhost:42097/__cypress/runner/cypress_runner.js:162024:14)",
                "diff": null
              },
              "uuid": "a69b9649-35f8-41c8-b396-2aa481b639e3",
              "parentUUID": "ea7728c3-2c6b-434b-b124-8256866cd09b",
              "isHook": false,
              "skipped": false
            },
            {
              "title": "Verifica se o texto do botão é 'Limpar'",
              "fullTitle": "9 - Crie um botão que, ao ser clicado, limpa o quadro preenchendo a cor de todos seus pixels com branco. Verifica se o texto do botão é 'Limpar'",
              "timedOut": null,
              "duration": 4277,
              "state": "failed",
              "speed": null,
              "pass": false,
              "fail": true,
              "pending": false,
              "context": null,
              "code": "cy.get('#clear-board').should('contain.text', 'Limpar');",
              "err": {
                "message": "CypressError: Timed out retrying: Expected to find element: '#clear-board', but never found it.",
                "estack": "CypressError: Timed out retrying: Expected to find element: '#clear-board', but never found it.\n    at cypressErr (http://localhost:42097/__cypress/runner/cypress_runner.js:149934:9)\n    at throwErr (http://localhost:42097/__cypress/runner/cypress_runner.js:149867:11)\n    at Object.throwErrByPath (http://localhost:42097/__cypress/runner/cypress_runner.js:149915:3)\n    at retry (http://localhost:42097/__cypress/runner/cypress_runner.js:144197:19)\n    at onFailFn (http://localhost:42097/__cypress/runner/cypress_runner.js:132448:16)\n    at tryCatcher (http://localhost:42097/__cypress/runner/cypress_runner.js:167415:23)\n    at Promise._settlePromiseFromHandler (http://localhost:42097/__cypress/runner/cypress_runner.js:165351:31)\n    at Promise._settlePromise (http://localhost:42097/__cypress/runner/cypress_runner.js:165408:18)\n    at Promise._settlePromise0 (http://localhost:42097/__cypress/runner/cypress_runner.js:165453:10)\n    at Promise._settlePromises (http://localhost:42097/__cypress/runner/cypress_runner.js:165528:18)\n    at Async../node_modules/bluebird/js/release/async.js.Async._drainQueue (http://localhost:42097/__cypress/runner/cypress_runner.js:162140:16)\n    at Async../node_modules/bluebird/js/release/async.js.Async._drainQueues (http://localhost:42097/__cypress/runner/cypress_runner.js:162150:10)\n    at Async.drainQueues (http://localhost:42097/__cypress/runner/cypress_runner.js:162024:14)",
                "diff": null
              },
              "uuid": "676ea4a8-fdfa-42d8-9856-7569c89a286a",
              "parentUUID": "ea7728c3-2c6b-434b-b124-8256866cd09b",
              "isHook": false,
              "skipped": false
            },
            {
              "title": "Verifica se ao clicar no botão, o quadro de pixels é totalmente preenchido de branco",
              "fullTitle": "9 - Crie um botão que, ao ser clicado, limpa o quadro preenchendo a cor de todos seus pixels com branco. Verifica se ao clicar no botão, o quadro de pixels é totalmente preenchido de branco",
              "timedOut": null,
              "duration": 4333,
              "state": "failed",
              "speed": null,
              "pass": false,
              "fail": true,
              "pending": false,
              "context": null,
              "code": "cy.get('.color').eq(1).then(function (color) {\n  var backgroundColor = color.css('background-color');\n  cy.wrap(color).click();\n  cy.get('.pixel').each(function (pixel) {\n    cy.wrap(pixel).click().should('have.css', 'background-color', backgroundColor);\n  });\n});\ncy.get('#clear-board').click();\ncy.get('.pixel').each(function (pixel) {\n  cy.wrap(pixel).should('have.css', 'background-color', WHITE);\n});",
              "err": {
                "message": "CypressError: Timed out retrying: Expected to find element: '.color', but never found it.",
                "estack": "CypressError: Timed out retrying: Expected to find element: '.color', but never found it.\n    at cypressErr (http://localhost:42097/__cypress/runner/cypress_runner.js:149934:9)\n    at throwErr (http://localhost:42097/__cypress/runner/cypress_runner.js:149867:11)\n    at Object.throwErrByPath (http://localhost:42097/__cypress/runner/cypress_runner.js:149915:3)\n    at retry (http://localhost:42097/__cypress/runner/cypress_runner.js:144197:19)\n    at onFailFn (http://localhost:42097/__cypress/runner/cypress_runner.js:132448:16)\n    at tryCatcher (http://localhost:42097/__cypress/runner/cypress_runner.js:167415:23)\n    at Promise._settlePromiseFromHandler (http://localhost:42097/__cypress/runner/cypress_runner.js:165351:31)\n    at Promise._settlePromise (http://localhost:42097/__cypress/runner/cypress_runner.js:165408:18)\n    at Promise._settlePromise0 (http://localhost:42097/__cypress/runner/cypress_runner.js:165453:10)\n    at Promise._settlePromises (http://localhost:42097/__cypress/runner/cypress_runner.js:165528:18)\n    at Async../node_modules/bluebird/js/release/async.js.Async._drainQueue (http://localhost:42097/__cypress/runner/cypress_runner.js:162140:16)\n    at Async../node_modules/bluebird/js/release/async.js.Async._drainQueues (http://localhost:42097/__cypress/runner/cypress_runner.js:162150:10)\n    at Async.drainQueues (http://localhost:42097/__cypress/runner/cypress_runner.js:162024:14)",
                "diff": null
              },
              "uuid": "e7d19295-00da-485d-a35b-7fac8e8e3216",
              "parentUUID": "ea7728c3-2c6b-434b-b124-8256866cd09b",
              "isHook": false,
              "skipped": false
            }
          ],
          "suites": [],
          "passes": [],
          "failures": [
            "4cf64ab5-a54c-4b56-945f-6fdd8f4fd08c",
            "a69b9649-35f8-41c8-b396-2aa481b639e3",
            "676ea4a8-fdfa-42d8-9856-7569c89a286a",
            "e7d19295-00da-485d-a35b-7fac8e8e3216"
          ],
          "pending": [],
          "skipped": [],
          "duration": 17267,
          "root": false,
          "rootEmpty": false,
          "_timeout": 2000
        },
        {
          "uuid": "20065ca8-4eba-49c1-a94f-d3644e4539d9",
          "title": "10 - Faça o quadro de pixels ter seu tamanho definido pelo usuário.",
          "fullFile": "",
          "file": "",
          "beforeHooks": [],
          "afterHooks": [],
          "tests": [
            {
              "title": "Verifica se existe um input com o id `board-size`",
              "fullTitle": "10 - Faça o quadro de pixels ter seu tamanho definido pelo usuário. Verifica se existe um input com o id `board-size`",
              "timedOut": null,
              "duration": 4407,
              "state": "failed",
              "speed": null,
              "pass": false,
              "fail": true,
              "pending": false,
              "context": null,
              "code": "cy.get('#board-size').should('be.visible');",
              "err": {
                "message": "CypressError: Timed out retrying: Expected to find element: '#board-size', but never found it.",
[...]
                "diff": null
              },
              "uuid": "176300f1-4b82-4154-ae7c-ab98a464081b",
              "parentUUID": "20065ca8-4eba-49c1-a94f-d3644e4539d9",
              "isHook": false,
              "skipped": false
            },
            {
              "title": "Verifica se o novo quadro tem todos os pixels preenchidos com a cor branca",
              "fullTitle": "10 - Faça o quadro de pixels ter seu tamanho definido pelo usuário. Verifica se o novo quadro tem todos os pixels preenchidos com a cor branca",
              "timedOut": null,
              "duration": 4349,
              "state": "failed",
              "speed": null,
              "pass": false,
              "fail": true,
              "pending": false,
              "context": null,
              "code": "cy.get('#board-size').clear().type(6);\ncy.get('#generate-board').click();\ncy.get('.pixel').should('have.length', 36).each(function (pixel) {\n  expect(pixel).to.have.css('background-color', WHITE);\n});",
              "err": {
                "message": "CypressError: Timed out retrying: Expected to find element: '#board-size', but never found it.",
                "estack": "CypressError: Timed out retrying: Expected to find element: '#board-size', but never found it.\n    at cypressErr (http://localhost:42097/__cypress/runner/cypress_runner.js:149934:9)\n    at throwErr (http://localhost:42097/__cypress/runner/cypress_runner.js:149867:11)\n    at Object.throwErrByPath (http://localhost:42097/__cypress/runner/cypress_runner.js:149915:3)\n    at retry (http://localhost:42097/__cypress/runner/cypress_runner.js:144197:19)\n    at onFailFn (http://localhost:42097/__cypress/runner/cypress_runner.js:132448:16)\n    at tryCatcher (http://localhost:42097/__cypress/runner/cypress_runner.js:167415:23)\n    at Promise._settlePromiseFromHandler (http://localhost:42097/__cypress/runner/cypress_runner.js:165351:31)\n    at Promise._settlePromise (http://localhost:42097/__cypress/runner/cypress_runner.js:165408:18)\n    at Promise._settlePromise0 (http://localhost:42097/__cypress/runner/cypress_runner.js:165453:10)\n    at Promise._settlePromises (http://localhost:42097/__cypress/runner/cypress_runner.js:165528:18)\n    at Async../node_modules/bluebird/js/release/async.js.Async._drainQueue (http://localhost:42097/__cypress/runner/cypress_runner.js:162140:16)\n    at Async../node_modules/bluebird/js/release/async.js.Async._drainQueues (http://localhost:42097/__cypress/runner/cypress_runner.js:162150:10)\n    at Async.drainQueues (http://localhost:42097/__cypress/runner/cypress_runner.js:162024:14)",
                "diff": null
              },
              "uuid": "ee12e50b-82be-4cbb-abd4-b54a2f8f43ba",
              "parentUUID": "20065ca8-4eba-49c1-a94f-d3644e4539d9",
              "isHook": false,
              "skipped": false
            }
          ],
          "suites": [],
          "passes": [],
          "failures": [
            "9d5db2f3-ab1c-49e0-bbca-2165143c1aa3",
            "5b0f0dd2-6bb3-475d-bb2f-c2ce70f15a8f",
            "246da6cd-d590-47e9-9640-4049af396f56",
            "93e1d591-6664-4e70-ba8c-af3325e7e717",
            "ce27e2e3-bc17-40a7-83ae-15ef086bae72",
            "ffeff49e-106b-4d3a-95b5-8b6219f99014",
            "96dafeb9-77c8-4bc9-ab42-6a26c51f738e",
            "176300f1-4b82-4154-ae7c-ab98a464081b",
            "ee12e50b-82be-4cbb-abd4-b54a2f8f43ba"
          ],
          "pending": [],
          "skipped": [],
          "duration": 39216,
          "root": false,
          "rootEmpty": false,
          "_timeout": 2000
        },
        {
          "uuid": "14f143d0-fe1e-48e7-8ea2-3c5165d7eb32",
          "title": "11 - Limite o tamanho mínimo e máximo do board.",
          "fullFile": "",
          "file": "",
          "beforeHooks": [],
          "afterHooks": [],
          "tests": [
            {
              "title": "Verifica se a altura máxima do board é 50",
              "fullTitle": "11 - Limite o tamanho mínimo e máximo do board. Verifica se a altura máxima do board é 50",
              "timedOut": null,
              "duration": 4354,
              "state": "failed",
              "speed": null,
              "pass": false,
              "fail": true,
              "pending": false,
              "context": null,
              "code": "cy.get('#board-size').clear().type(50);\ncy.get('#generate-board').click();\ncy.get('.pixel').should('have.length', 2500);",
              "err": {
                "message": "CypressError: Timed out retrying: Expected to find element: '#board-size', but never found it.",
                "estack": "CypressError: Timed out retrying: Expected to find element: '#board-size', but never found it.\n    at cypressErr (http://localhost:42097/__cypress/runner/cypress_runner.js:149934:9)\n    at throwErr (http://localhost:42097/__cypress/runner/cypress_runner.js:149867:11)\n    at Object.throwErrByPath (http://localhost:42097/__cypress/runner/cypress_runner.js:149915:3)\n    at retry (http://localhost:42097/__cypress/runner/cypress_runner.js:144197:19)\n    at onFailFn (http://localhost:42097/__cypress/runner/cypress_runner.js:132448:16)\n    at tryCatcher (http://localhost:42097/__cypress/runner/cypress_runner.js:167415:23)\n    at Promise._settlePromiseFromHandler (http://localhost:42097/__cypress/runner/cypress_runner.js:165351:31)\n    at Promise._settlePromise (http://localhost:42097/__cypress/runner/cypress_runner.js:165408:18)\n    at Promise._settlePromise0 (http://localhost:42097/__cypress/runner/cypress_runner.js:165453:10)\n    at Promise._settlePromises (http://localhost:42097/__cypress/runner/cypress_runner.js:165528:18)\n    at Async../node_modules/bluebird/js/release/async.js.Async._drainQueue (http://localhost:42097/__cypress/runner/cypress_runner.js:162140:16)\n    at Async../node_modules/bluebird/js/release/async.js.Async._drainQueues (http://localhost:42097/__cypress/runner/cypress_runner.js:162150:10)\n    at Async.drainQueues (http://localhost:42097/__cypress/runner/cypress_runner.js:162024:14)",
                "diff": null
              },
              "uuid": "a0be42a6-23ad-407d-abf2-44dfad6929b8",
              "parentUUID": "14f143d0-fe1e-48e7-8ea2-3c5165d7eb32",
              "isHook": false,
              "skipped": false
            },
            {
              "title": "Verifica se a altura do board é 5 quando um valor menor é colocado no input",
              "fullTitle": "11 - Limite o tamanho mínimo e máximo do board. Verifica se a altura do board é 5 quando um valor menor é colocado no input",
              "timedOut": null,
              "duration": 4383,
              "state": "failed",
              "speed": null,
              "pass": false,
              "fail": true,
              "pending": false,
              "context": null,
              "code": "cy.get('#board-size').clear().type(4);\ncy.get('#generate-board').click();\ncy.get('.pixel').should('have.length', 25);",
              "err": {
                "message": "CypressError: Timed out retrying: Expected to find element: '#board-size', but never found it.",
                "estack": "CypressError: Timed out retrying: Expected to find element: '#board-size', but never found it.\n    at cypressErr (http://localhost:42097/__cypress/runner/cypress_runner.js:149934:9)\n    at throwErr (http://localhost:42097/__cypress/runner/cypress_runner.js:149867:11)\n    at Object.throwErrByPath (http://localhost:42097/__cypress/runner/cypress_runner.js:149915:3)\n    at retry (http://localhost:42097/__cypress/runner/cypress_runner.js:144197:19)\n    at onFailFn (http://localhost:42097/__cypress/runner/cypress_runner.js:132448:16)\n    at tryCatcher (http://localhost:42097/__cypress/runner/cypress_runner.js:167415:23)\n    at Promise._settlePromiseFromHandler (http://localhost:42097/__cypress/runner/cypress_runner.js:165351:31)\n    at Promise._settlePromise (http://localhost:42097/__cypress/runner/cypress_runner.js:165408:18)\n    at Promise._settlePromise0 (http://localhost:42097/__cypress/runner/cypress_runner.js:165453:10)\n    at Promise._settlePromises (http://localhost:42097/__cypress/runner/cypress_runner.js:165528:18)\n    at Async../node_modules/bluebird/js/release/async.js.Async._drainQueue (http://localhost:42097/__cypress/runner/cypress_runner.js:162140:16)\n    at Async../node_modules/bluebird/js/release/async.js.Async._drainQueues (http://localhost:42097/__cypress/runner/cypress_runner.js:162150:10)\n    at Async.drainQueues (http://localhost:42097/__cypress/runner/cypress_runner.js:162024:14)",
                "diff": null
              },
              "uuid": "116f8ae5-2b6a-4e36-8fd8-0213a8fac45f",
              "parentUUID": "14f143d0-fe1e-48e7-8ea2-3c5165d7eb32",
              "isHook": false,
              "skipped": false
            },
            {
              "title": "Verifica se a altura do board é 50 quando um valor maior é colocado no input",
              "fullTitle": "11 - Limite o tamanho mínimo e máximo do board. Verifica se a altura do board é 50 quando um valor maior é colocado no input",
              "timedOut": null,
              "duration": 4437,
              "state": "failed",
              "speed": null,
              "pass": false,
              "fail": true,
              "pending": false,
              "context": null,
              "code": "cy.get('#board-size').clear().type(51);\ncy.get('#generate-board').click();\ncy.get('.pixel').should('have.length', 2500);",
              "err": {
                "message": "CypressError: Timed out retrying: Expected to find element: '#board-size', but never found it.",
                "estack": "CypressError: Timed out retrying: Expected to find element: '#board-size', but never found it.\n    at cypressErr (http://localhost:42097/__cypress/runner/cypress_runner.js:149934:9)\n    at throwErr (http://localhost:42097/__cypress/runner/cypress_runner.js:149867:11)\n    at Object.throwErrByPath (http://localhost:42097/__cypress/runner/cypress_runner.js:149915:3)\n    at retry (http://localhost:42097/__cypress/runner/cypress_runner.js:144197:19)\n    at onFailFn (http://localhost:42097/__cypress/runner/cypress_runner.js:132448:16)\n    at tryCatcher (http://localhost:42097/__cypress/runner/cypress_runner.js:167415:23)\n    at Promise._settlePromiseFromHandler (http://localhost:42097/__cypress/runner/cypress_runner.js:165351:31)\n    at Promise._settlePromise (http://localhost:42097/__cypress/runner/cypress_runner.js:165408:18)\n    at Promise._settlePromise0 (http://localhost:42097/__cypress/runner/cypress_runner.js:165453:10)\n    at Promise._settlePromises (http://localhost:42097/__cypress/runner/cypress_runner.js:165528:18)\n    at Async../node_modules/bluebird/js/release/async.js.Async._drainQueue (http://localhost:42097/__cypress/runner/cypress_runner.js:162140:16)\n    at Async../node_modules/bluebird/js/release/async.js.Async._drainQueues (http://localhost:42097/__cypress/runner/cypress_runner.js:162150:10)\n    at Async.drainQueues (http://localhost:42097/__cypress/runner/cypress_runner.js:162024:14)",
                "diff": null
              },
              "uuid": "5a7cf049-c37a-471e-b074-32e6749e79bc",
              "parentUUID": "14f143d0-fe1e-48e7-8ea2-3c5165d7eb32",
              "isHook": false,
              "skipped": false
            }
          ],
          "suites": [],
          "passes": [],
          "failures": [
            "a0be42a6-23ad-407d-abf2-44dfad6929b8",
            "116f8ae5-2b6a-4e36-8fd8-0213a8fac45f",
            "5a7cf049-c37a-471e-b074-32e6749e79bc"
          ],
          "pending": [],
          "skipped": [],
          "duration": 13174,
          "root": false,
          "rootEmpty": false,
          "_timeout": 2000
        },
        {
          "uuid": "339060df-caa3-418b-9748-75ee6e97d6be",
          "title": "12 - Faça com que as cores da paleta sejam geradas aleatoriamente ao carregar a página.",
          "fullFile": "",
          "file": "",
          "beforeHooks": [],
          "afterHooks": [],
          "tests": [
            {
              "title": "Verifica se as cores geradas na paleta são diferentes a cada carregamento da página",
              "fullTitle": "12 - Faça com que as cores da paleta sejam geradas aleatoriamente ao carregar a página. Verifica se as cores geradas na paleta são diferentes a cada carregamento da página",
              "timedOut": null,
              "duration": 4499,
              "state": "failed",
              "speed": null,
              "pass": false,
              "fail": true,
              "pending": false,
              "context": null,
              "code": "cy.get('.color').then(function (colors) {\n  var currentColors;\n  var previousColors;\n  previousColors = Array.from(colors).map(function (color) {\n    return Cypress.$(color).css('background-color');\n  });\n  for (var i = 0; i < 5; i += 1) {\n    cy.reload();\n    cy.get('.color').then(function (colors) {\n      currentColors = Array.from(colors).map(function (color) {\n        return Cypress.$(color).css('background-color');\n      });\n      expect(currentColors).not.to.deep.equal(previousColors);\n      previousColors = currentColors;\n    });\n  }\n});",
              "err": {
                "message": "CypressError: Timed out retrying: Expected to find element: '.color', but never found it.",
                "estack": "CypressError: Timed out retrying: Expected to find element: '.color', but never found it.\n    at cypressErr (http://localhost:42097/__cypress/runner/cypress_runner.js:149934:9)\n    at throwErr (http://localhost:42097/__cypress/runner/cypress_runner.js:149867:11)\n    at Object.throwErrByPath (http://localhost:42097/__cypress/runner/cypress_runner.js:149915:3)\n    at retry (http://localhost:42097/__cypress/runner/cypress_runner.js:144197:19)\n    at onFailFn (http://localhost:42097/__cypress/runner/cypress_runner.js:132448:16)\n    at tryCatcher (http://localhost:42097/__cypress/runner/cypress_runner.js:167415:23)\n    at Promise._settlePromiseFromHandler (http://localhost:42097/__cypress/runner/cypress_runner.js:165351:31)\n    at Promise._settlePromise (http://localhost:42097/__cypress/runner/cypress_runner.js:165408:18)\n    at Promise._settlePromise0 (http://localhost:42097/__cypress/runner/cypress_runner.js:165453:10)\n    at Promise._settlePromises (http://localhost:42097/__cypress/runner/cypress_runner.js:165528:18)\n    at Async../node_modules/bluebird/js/release/async.js.Async._drainQueue (http://localhost:42097/__cypress/runner/cypress_runner.js:162140:16)\n    at Async../node_modules/bluebird/js/release/async.js.Async._drainQueues (http://localhost:42097/__cypress/runner/cypress_runner.js:162150:10)\n    at Async.drainQueues (http://localhost:42097/__cypress/runner/cypress_runner.js:162024:14)",
                "diff": null
              },
              "uuid": "cde1a981-9941-41c1-b209-84e486414471",
              "parentUUID": "339060df-caa3-418b-9748-75ee6e97d6be",
              "isHook": false,
              "skipped": false
            },
            {
              "title": "Verifica se a cor preta ainda está presente e é a primeira na sua paleta de cores",
              "fullTitle": "12 - Faça com que as cores da paleta sejam geradas aleatoriamente ao carregar a página. Verifica se a cor preta ainda está presente e é a primeira na sua paleta de cores",
              "timedOut": null,
              "duration": 4378,
              "state": "failed",
              "speed": null,
              "pass": false,
              "fail": true,
              "pending": false,
              "context": null,
              "code": "cy.get('.color').then(function (colors) {\n  var currentColors;\n  var previousColors;\n  previousColors = Array.from(colors).map(function (color) {\n    return Cypress.$(color).css('background-color');\n  });\n  expect(previousColors[0]).to.eq(BLACK);\n  for (var i = 0; i < 5; i += 1) {\n    cy.reload();\n    cy.get('.color').then(function (colors) {\n      currentColors = Array.from(colors).map(function (color) {\n        return Cypress.$(color).css('background-color');\n      });\n      expect(currentColors[0]).to.eq(BLACK);\n      expect(currentColors).not.to.deep.equal(previousColors);\n      previousColors = currentColors;\n    });\n  }\n});",
              "err": {
                "message": "CypressError: Timed out retrying: Expected to find element: '.color', but never found it.",
                "estack": "CypressError: Timed out retrying: Expected to find element: '.color', but never found it.\n    at cypressErr (http://localhost:42097/__cypress/runner/cypress_runner.js:149934:9)\n    at throwErr (http://localhost:42097/__cypress/runner/cypress_runner.js:149867:11)\n    at Object.throwErrByPath (http://localhost:42097/__cypress/runner/cypress_runner.js:149915:3)\n    at retry (http://localhost:42097/__cypress/runner/cypress_runner.js:144197:19)\n    at onFailFn (http://localhost:42097/__cypress/runner/cypress_runner.js:132448:16)\n    at tryCatcher (http://localhost:42097/__cypress/runner/cypress_runner.js:167415:23)\n    at Promise._settlePromiseFromHandler (http://localhost:42097/__cypress/runner/cypress_runner.js:165351:31)\n    at Promise._settlePromise (http://localhost:42097/__cypress/runner/cypress_runner.js:165408:18)\n    at Promise._settlePromise0 (http://localhost:42097/__cypress/runner/cypress_runner.js:165453:10)\n    at Promise._settlePromises (http://localhost:42097/__cypress/runner/cypress_runner.js:165528:18)\n    at Async../node_modules/bluebird/js/release/async.js.Async._drainQueue (http://localhost:42097/__cypress/runner/cypress_runner.js:162140:16)\n    at Async../node_modules/bluebird/js/release/async.js.Async._drainQueues (http://localhost:42097/__cypress/runner/cypress_runner.js:162150:10)\n    at Async.drainQueues (http://localhost:42097/__cypress/runner/cypress_runner.js:162024:14)",
                "diff": null
              },
              "uuid": "4684750a-1e37-4240-9d31-58bab3e8d766",
              "parentUUID": "339060df-caa3-418b-9748-75ee6e97d6be",
              "isHook": false,
              "skipped": false
            }
          ],
          "suites": [],
          "passes": [],
          "failures": [
            "cde1a981-9941-41c1-b209-84e486414471",
            "4684750a-1e37-4240-9d31-58bab3e8d766"
          ],
          "pending": [],
          "skipped": [],
          "duration": 8877,
          "root": false,
          "rootEmpty": false,
          "_timeout": 2000
        }
      ],
      "passes": [],
      "failures": [],
      "pending": [],
      "skipped": [],
      "duration": 0,
      "root": true,
      "rootEmpty": true,
      "_timeout": 2000
    }
  ],
  "meta": {
    "mocha": {
      "version": "7.0.1"
    },
    "mochawesome": {
      "options": {
        "quiet": false,
        "reportFilename": "mochawesome",
        "saveHtml": false,
        "saveJson": true,
        "consoleReporter": "spec",
        "useInlineDiffs": false
      },
      "version": "4.1.0"
    },
    "marge": {
      "options": {
        "id": "default",
        "reportDir": "cypress/reports",
        "overwrite": true,
        "html": false,
        "json": true
      },
      "version": "4.1.0"
    }
  }
}