{
  "stats": {
    "suites": 12,
    "tests": 41,
    "passes": 21,
    "pending": 0,
    "failures": 20,
    "start": "2021-08-17T15:34:37.813Z",
    "end": "2021-08-17T15:36:16.643Z",
    "duration": 98830,
    "testsRegistered": 41,
    "passPercent": 51.21951219512195,
    "pendingPercent": 0,
    "other": 0,
    "hasOther": false,
    "skipped": 0,
    "hasSkipped": false
  },
  "results": [
    {
      "uuid": "d0112766-c143-45a6-8bc6-ab1fe752d160",
      "title": "",
      "fullFile": "cypress/integration/project.spec.js",
      "file": "cypress/integration/project.spec.js",
      "beforeHooks": [],
      "afterHooks": [],
      "tests": [],
      "suites": [
        {
          "uuid": "09e4ecf6-1950-4cd3-9362-7926775e553b",
          "title": "1 - Adicione à página o título \"Paleta de Cores\".",
          "fullFile": "",
          "file": "",
          "beforeHooks": [],
          "afterHooks": [],
          "tests": [
            {
              "title": "Verifica se contém um elemento `h1` com o id `title` com o título correto",
              "fullTitle": "1 - Adicione à página o título \"Paleta de Cores\". Verifica se contém um elemento `h1` com o id `title` com o título correto",
              "timedOut": null,
              "duration": 497,
              "state": "passed",
              "speed": "slow",
              "pass": true,
              "fail": false,
              "pending": false,
              "context": null,
              "code": "cy.get('h1#title').should('contain.text', 'Paleta de Cores');",
              "err": {},
              "uuid": "c1e1e76d-812f-4660-99f5-c6bc2309688c",
              "parentUUID": "09e4ecf6-1950-4cd3-9362-7926775e553b",
              "isHook": false,
              "skipped": false
            }
          ],
          "suites": [],
          "passes": [
            "c1e1e76d-812f-4660-99f5-c6bc2309688c"
          ],
          "failures": [],
          "pending": [],
          "skipped": [],
          "duration": 497,
          "root": false,
          "rootEmpty": false,
          "_timeout": 2000
        },
        {
          "uuid": "ff643809-d0a6-4c29-813d-86d4a8c8705f",
          "title": "2 - Adicione à página uma paleta de quatro cores distintas.",
          "fullFile": "",
          "file": "",
          "beforeHooks": [],
          "afterHooks": [],
          "tests": [
            {
              "title": "A paleta de cores deve ser um elemento com `id` denominado `color-palette`",
              "fullTitle": "2 - Adicione à página uma paleta de quatro cores distintas. A paleta de cores deve ser um elemento com `id` denominado `color-palette`",
              "timedOut": null,
              "duration": 195,
              "state": "passed",
              "speed": "slow",
              "pass": true,
              "fail": false,
              "pending": false,
              "context": null,
              "code": "cy.get('#color-palette').should('be.visible');",
              "err": {},
              "uuid": "771f2dfc-1fa0-4055-ab84-671fe52fb682",
              "parentUUID": "ff643809-d0a6-4c29-813d-86d4a8c8705f",
              "isHook": false,
              "skipped": false
            },
            {
              "title": "Verifica se cada cor individual da paleta de cores possui a `classe` chamada `color`.",
              "fullTitle": "2 - Adicione à página uma paleta de quatro cores distintas. Verifica se cada cor individual da paleta de cores possui a `classe` chamada `color`.",
              "timedOut": null,
              "duration": 235,
              "state": "passed",
              "speed": "slow",
              "pass": true,
              "fail": false,
              "pending": false,
              "context": null,
              "code": "cy.get('.color').should('have.length', 4).then(function (colors) {\n  for (var i = 0; i < colors.length; i++) {\n    cy.wrap(colors[i]).should('be.visible');\n  }\n});",
              "err": {},
              "uuid": "fbe30111-75cd-49d7-94d8-41da8ef036df",
              "parentUUID": "ff643809-d0a6-4c29-813d-86d4a8c8705f",
              "isHook": false,
              "skipped": false
            },
            {
              "title": "Verifica se a cor de fundo de cada elemento da paleta é a cor que o elemento representa. **A única cor não permitida na paleta é a cor branca.**",
              "fullTitle": "2 - Adicione à página uma paleta de quatro cores distintas. Verifica se a cor de fundo de cada elemento da paleta é a cor que o elemento representa. **A única cor não permitida na paleta é a cor branca.**",
              "timedOut": null,
              "duration": 222,
              "state": "passed",
              "speed": "slow",
              "pass": true,
              "fail": false,
              "pending": false,
              "context": null,
              "code": "cy.get('.color').each(function (color) {\n  cy.wrap(color).should('have.class', 'color').and('not.have.css', 'background-color', WHITE);\n  cy.wrap(color).should('have.css', 'background-color');\n});",
              "err": {},
              "uuid": "844a5de7-cbbd-4b99-85ec-0ac814d23073",
              "parentUUID": "ff643809-d0a6-4c29-813d-86d4a8c8705f",
              "isHook": false,
              "skipped": false
            },
            {
              "title": "Verifica se cada elemento da paleta de cores tem uma borda preta, sólida e com 1 pixel de largura;",
              "fullTitle": "2 - Adicione à página uma paleta de quatro cores distintas. Verifica se cada elemento da paleta de cores tem uma borda preta, sólida e com 1 pixel de largura;",
              "timedOut": null,
              "duration": 225,
              "state": "passed",
              "speed": "slow",
              "pass": true,
              "fail": false,
              "pending": false,
              "context": null,
              "code": "cy.get('.color').each(function (color) {\n  cy.wrap(color).and('have.css', 'border', \"1px solid \".concat(BLACK)).and('have.class', 'color');\n});",
              "err": {},
              "uuid": "4d76102c-4943-4994-9535-8505fa32c76b",
              "parentUUID": "ff643809-d0a6-4c29-813d-86d4a8c8705f",
              "isHook": false,
              "skipped": false
            },
            {
              "title": "Verifica se a paleta lista todas as cores disponíveis para utilização, lado a lado.",
              "fullTitle": "2 - Adicione à página uma paleta de quatro cores distintas. Verifica se a paleta lista todas as cores disponíveis para utilização, lado a lado.",
              "timedOut": null,
              "duration": 150,
              "state": "passed",
              "speed": "slow",
              "pass": true,
              "fail": false,
              "pending": false,
              "context": null,
              "code": "cy.get('.color').then(function (colors) {\n  for (var index = 1; index < colors.length; index += 1) {\n    var currentColor = colors[index];\n    var previousColor = colors[index - 1];\n    cy.wrap(currentColor).should('be.onTheRightOf', previousColor).and('be.horizontallyAlignedWith', previousColor);\n  }\n});",
              "err": {},
              "uuid": "201b3543-cfb2-4b7b-9079-b14927e84aec",
              "parentUUID": "ff643809-d0a6-4c29-813d-86d4a8c8705f",
              "isHook": false,
              "skipped": false
            },
            {
              "title": "Verifica se a paleta de cores está posicionada abaixo do título 'Paleta de Cores'",
              "fullTitle": "2 - Adicione à página uma paleta de quatro cores distintas. Verifica se a paleta de cores está posicionada abaixo do título 'Paleta de Cores'",
              "timedOut": null,
              "duration": 160,
              "state": "passed",
              "speed": "slow",
              "pass": true,
              "fail": false,
              "pending": false,
              "context": null,
              "code": "cy.get('h1#title').then(function (title) {\n  cy.get('#color-palette').should('be.belowOf', title);\n});",
              "err": {},
              "uuid": "434ca454-fc6f-420f-bfeb-315718981e3b",
              "parentUUID": "ff643809-d0a6-4c29-813d-86d4a8c8705f",
              "isHook": false,
              "skipped": false
            },
            {
              "title": "Verifica se a paleta de cores não contém cores repetidas.",
              "fullTitle": "2 - Adicione à página uma paleta de quatro cores distintas. Verifica se a paleta de cores não contém cores repetidas.",
              "timedOut": null,
              "duration": 130,
              "state": "passed",
              "speed": "slow",
              "pass": true,
              "fail": false,
              "pending": false,
              "context": null,
              "code": "cy.get('.color').then(function (colors) {\n  var allColors = Array.from(colors).map(function (color) {\n    return Cypress.$(color).css('background-color');\n  });\n  cy.log(allColors);\n  var uniqColors = (0, _toConsumableArray2[\"default\"])(new Set(allColors));\n  cy.log(uniqColors);\n  expect(allColors.length).to.eq(uniqColors.length);\n});",
              "err": {},
              "uuid": "cac0b29c-7451-40b5-94e5-14f8a7fafee1",
              "parentUUID": "ff643809-d0a6-4c29-813d-86d4a8c8705f",
              "isHook": false,
              "skipped": false
            }
          ],
          "suites": [],
          "passes": [
            "771f2dfc-1fa0-4055-ab84-671fe52fb682",
            "fbe30111-75cd-49d7-94d8-41da8ef036df",
            "844a5de7-cbbd-4b99-85ec-0ac814d23073",
            "4d76102c-4943-4994-9535-8505fa32c76b",
            "201b3543-cfb2-4b7b-9079-b14927e84aec",
            "434ca454-fc6f-420f-bfeb-315718981e3b",
            "cac0b29c-7451-40b5-94e5-14f8a7fafee1"
          ],
          "failures": [],
          "pending": [],
          "skipped": [],
          "duration": 1317,
          "root": false,
          "rootEmpty": false,
          "_timeout": 2000
        },
        {
          "uuid": "f34bb375-d311-428a-8292-c5b0a7afba03",
          "title": "3 - Adicione a cor **preta** como a primeira cor da paleta de cores.",
          "fullFile": "",
          "file": "",
          "beforeHooks": [],
          "afterHooks": [],
          "tests": [
            {
              "title": "Verifica se a primeira cor da paleta é preta",
              "fullTitle": "3 - Adicione a cor **preta** como a primeira cor da paleta de cores. Verifica se a primeira cor da paleta é preta",
              "timedOut": null,
              "duration": 141,
              "state": "passed",
              "speed": "slow",
              "pass": true,
              "fail": false,
              "pending": false,
              "context": null,
              "code": "cy.get('.color').first().should('have.css', 'background-color', BLACK);",
              "err": {},
              "uuid": "61c3ff32-0b66-4d51-a703-7076a815a1cf",
              "parentUUID": "f34bb375-d311-428a-8292-c5b0a7afba03",
              "isHook": false,
              "skipped": false
            },
            {
              "title": "Verifica se as demais cores podem ser escolhidas livremente.",
              "fullTitle": "3 - Adicione a cor **preta** como a primeira cor da paleta de cores. Verifica se as demais cores podem ser escolhidas livremente.",
              "timedOut": null,
              "duration": 272,
              "state": "passed",
              "speed": "slow",
              "pass": true,
              "fail": false,
              "pending": false,
              "context": null,
              "code": "cy.get('.color').eq(1).should('not.have.css', 'background-color', BLACK);\ncy.get('.color').eq(1).should('not.have.css', 'background-color', WHITE);\ncy.get('.color').eq(1).should('not.have.css', 'background-color', 'rgba(0, 0, 0, 0)');\ncy.get('.color').eq(1).should('have.css', 'background-color');\ncy.get('.color').eq(2).should('not.have.css', 'background-color', BLACK);\ncy.get('.color').eq(2).should('not.have.css', 'background-color', WHITE);\ncy.get('.color').eq(2).should('not.have.css', 'background-color', 'rgba(0, 0, 0, 0)');\ncy.get('.color').eq(2).should('have.css', 'background-color');\ncy.get('.color').eq(3).should('not.have.css', 'background-color', BLACK);\ncy.get('.color').eq(3).should('not.have.css', 'background-color', WHITE);\ncy.get('.color').eq(3).should('not.have.css', 'background-color', 'rgba(0, 0, 0, 0)');\ncy.get('.color').eq(3).should('have.css', 'background-color');",
              "err": {},
              "uuid": "b5f9df94-1711-422e-b87a-4467a2d4bad2",
              "parentUUID": "f34bb375-d311-428a-8292-c5b0a7afba03",
              "isHook": false,
              "skipped": false
            }
          ],
          "suites": [],
          "passes": [
            "61c3ff32-0b66-4d51-a703-7076a815a1cf",
            "b5f9df94-1711-422e-b87a-4467a2d4bad2"
          ],
          "failures": [],
          "pending": [],
          "skipped": [],
          "duration": 413,
          "root": false,
          "rootEmpty": false,
          "_timeout": 2000
        },
        {
          "uuid": "e679f876-a8a0-49d3-ba3e-e4ee6f6990c8",
          "title": "4 - Adicione à página um quadro de pixels, com 25 pixels.",
          "fullFile": "",
          "file": "",
          "beforeHooks": [],
          "afterHooks": [],
          "tests": [
            {
              "title": "Verifica se o quadro de pixels possui o `id` denominado `pixel-board`",
              "fullTitle": "4 - Adicione à página um quadro de pixels, com 25 pixels. Verifica se o quadro de pixels possui o `id` denominado `pixel-board`",
              "timedOut": null,
              "duration": 120,
              "state": "passed",
              "speed": "slow",
              "pass": true,
              "fail": false,
              "pending": false,
              "context": null,
              "code": "cy.get('#pixel-board').should('be.visible');",
              "err": {},
              "uuid": "e3e04ceb-65c4-4933-b5d3-c25b8c9ce95f",
              "parentUUID": "e679f876-a8a0-49d3-ba3e-e4ee6f6990c8",
              "isHook": false,
              "skipped": false
            },
            {
              "title": "Verifica se cada pixel individual dentro do quadro possui a `classe` denominada `pixel`.",
              "fullTitle": "4 - Adicione à página um quadro de pixels, com 25 pixels. Verifica se cada pixel individual dentro do quadro possui a `classe` denominada `pixel`.",
              "timedOut": null,
              "duration": 212,
              "state": "passed",
              "speed": "slow",
              "pass": true,
              "fail": false,
              "pending": false,
              "context": null,
              "code": "cy.get('.pixel').should('have.length', 25);",
              "err": {},
              "uuid": "9ee51de6-1a3e-4bd2-96c8-71dab753f8a5",
              "parentUUID": "e679f876-a8a0-49d3-ba3e-e4ee6f6990c8",
              "isHook": false,
              "skipped": false
            },
            {
              "title": "Verifica se a cor inicial dos pixels dentro do quadro, ao abrir a página, é branca.",
              "fullTitle": "4 - Adicione à página um quadro de pixels, com 25 pixels. Verifica se a cor inicial dos pixels dentro do quadro, ao abrir a página, é branca.",
              "timedOut": null,
              "duration": 290,
              "state": "passed",
              "speed": "slow",
              "pass": true,
              "fail": false,
              "pending": false,
              "context": null,
              "code": "cy.get('.pixel').should('have.length', 25).each(function (pixel) {\n  expect(pixel).to.have.css('background-color', WHITE);\n});",
              "err": {},
              "uuid": "753fdfad-7165-42be-8584-a0d1ab01d016",
              "parentUUID": "e679f876-a8a0-49d3-ba3e-e4ee6f6990c8",
              "isHook": false,
              "skipped": false
            },
            {
              "title": "Verifica se o quadro de pixels aparece abaixo da paleta de cores",
              "fullTitle": "4 - Adicione à página um quadro de pixels, com 25 pixels. Verifica se o quadro de pixels aparece abaixo da paleta de cores",
              "timedOut": null,
              "duration": 123,
              "state": "passed",
              "speed": "slow",
              "pass": true,
              "fail": false,
              "pending": false,
              "context": null,
              "code": "cy.get('#color-palette').then(function (palette) {\n  cy.get('#pixel-board').should('be.belowOf', palette);\n});",
              "err": {},
              "uuid": "17d053f4-0023-451f-9cbc-864a2a6e6296",
              "parentUUID": "e679f876-a8a0-49d3-ba3e-e4ee6f6990c8",
              "isHook": false,
              "skipped": false
            }
          ],
          "suites": [],
          "passes": [
            "e3e04ceb-65c4-4933-b5d3-c25b8c9ce95f",
            "9ee51de6-1a3e-4bd2-96c8-71dab753f8a5",
            "753fdfad-7165-42be-8584-a0d1ab01d016",
            "17d053f4-0023-451f-9cbc-864a2a6e6296"
          ],
          "failures": [],
          "pending": [],
          "skipped": [],
          "duration": 745,
          "root": false,
          "rootEmpty": false,
          "_timeout": 2000
        },
        {
          "uuid": "ea4d4220-32a1-41f7-b81c-dc8e8b54ead3",
          "title": "5 - Faça com que cada elemento do quadro de pixels possua 40 pixels de largura, 40 pixels de altura e seja delimitado por uma borda preta de 1 pixel.",
          "fullFile": "",
          "file": "",
          "beforeHooks": [],
          "afterHooks": [],
          "tests": [
            {
              "title": "Verifica se o quadro de pixels tem altura e comprimento de 5 elementos",
              "fullTitle": "5 - Faça com que cada elemento do quadro de pixels possua 40 pixels de largura, 40 pixels de altura e seja delimitado por uma borda preta de 1 pixel. Verifica se o quadro de pixels tem altura e comprimento de 5 elementos",
              "timedOut": null,
              "duration": 473,
              "state": "passed",
              "speed": "slow",
              "pass": true,
              "fail": false,
              "pending": false,
              "context": null,
              "code": "cy.get('.pixel').should('have.length', 25).each(function (pixel) {\n  expect(pixel).to.have.css('background-color', WHITE);\n}).and(function (pixels) {\n  var rows = chunk(pixels, 5);\n  rows.forEach(function (row) {\n    for (var index = 1; index < row.length; index += 1) {\n      var current = pixels[index];\n      var previous = pixels[index - 1];\n      cy.wrap(current).should('be.onTheRightOf', previous).and('be.horizontallyAlignedWith', previous);\n    }\n  });\n  for (var index = 1; index < 5; index += 1) {\n    expect(pixels[index * 5]).to.be.belowOf(pixels[(index - 1) * 5]);\n  }\n});",
              "err": {},
              "uuid": "e6cfde43-a87d-437c-866f-3b2671c46758",
              "parentUUID": "ea4d4220-32a1-41f7-b81c-dc8e8b54ead3",
              "isHook": false,
              "skipped": false
            },
            {
              "title": "Verifica se 40 pixels é o tamanho total do elemento, incluindo seu conteúdo e excluindo a borda preta, que deve ser criada à parte.",
              "fullTitle": "5 - Faça com que cada elemento do quadro de pixels possua 40 pixels de largura, 40 pixels de altura e seja delimitado por uma borda preta de 1 pixel. Verifica se 40 pixels é o tamanho total do elemento, incluindo seu conteúdo e excluindo a borda preta, que deve ser criada à parte.",
              "timedOut": null,
              "duration": 398,
              "state": "passed",
              "speed": "slow",
              "pass": true,
              "fail": false,
              "pending": false,
              "context": null,
              "code": "cy.get('.pixel').each(function (pixel) {\n  cy.wrap(pixel).should('have.css', 'height', '40px').and('have.css', 'width', '40px').and('have.css', 'border', \"1px solid \".concat(BLACK));\n});",
              "err": {},
              "uuid": "f3491d9a-0c94-4efc-8881-380c0abd853a",
              "parentUUID": "ea4d4220-32a1-41f7-b81c-dc8e8b54ead3",
              "isHook": false,
              "skipped": false
            }
          ],
          "suites": [],
          "passes": [
            "e6cfde43-a87d-437c-866f-3b2671c46758",
            "f3491d9a-0c94-4efc-8881-380c0abd853a"
          ],
          "failures": [],
          "pending": [],
          "skipped": [],
          "duration": 871,
          "root": false,
          "rootEmpty": false,
          "_timeout": 2000
        },
        {
          "uuid": "874ff693-f2ed-4d74-be0a-f8c425a4f7c0",
          "title": "6 - Defina a cor preta como cor inicial. Ao carregar a página a cor preta já deve estar selecionada para pintar os pixels",
          "fullFile": "",
          "file": "",
          "beforeHooks": [],
          "afterHooks": [],
          "tests": [
            {
              "title": "Verifica se o elemento da cor preta possui, inicialmente, a `classe` `selected`",
              "fullTitle": "6 - Defina a cor preta como cor inicial. Ao carregar a página a cor preta já deve estar selecionada para pintar os pixels Verifica se o elemento da cor preta possui, inicialmente, a `classe` `selected`",
              "timedOut": null,
              "duration": 122,
              "state": "passed",
              "speed": "slow",
              "pass": true,
              "fail": false,
              "pending": false,
              "context": null,
              "code": "cy.get('.selected').first().should('have.css', 'background-color', BLACK);",
              "err": {},
              "uuid": "039c2699-ac79-4e12-8881-a7469d16add5",
              "parentUUID": "874ff693-f2ed-4d74-be0a-f8c425a4f7c0",
              "isHook": false,
              "skipped": false
            },
            {
              "title": "Verifica se nenhuma outra cor da paleta tem a `classe` `selected`",
              "fullTitle": "6 - Defina a cor preta como cor inicial. Ao carregar a página a cor preta já deve estar selecionada para pintar os pixels Verifica se nenhuma outra cor da paleta tem a `classe` `selected`",
              "timedOut": null,
              "duration": 141,
              "state": "passed",
              "speed": "slow",
              "pass": true,
              "fail": false,
              "pending": false,
              "context": null,
              "code": "cy.get('.color:not(:first-child)').each(function (color) {\n  cy.wrap(color).should('not.have.class', 'selected');\n});",
              "err": {},
              "uuid": "6ee8ad78-a5c4-430b-b82b-53a8d3d22a1f",
              "parentUUID": "874ff693-f2ed-4d74-be0a-f8c425a4f7c0",
              "isHook": false,
              "skipped": false
            }
          ],
          "suites": [],
          "passes": [
            "039c2699-ac79-4e12-8881-a7469d16add5",
            "6ee8ad78-a5c4-430b-b82b-53a8d3d22a1f"
          ],
          "failures": [],
          "pending": [],
          "skipped": [],
          "duration": 263,
          "root": false,
          "rootEmpty": false,
          "_timeout": 2000
        },
        {
          "uuid": "a70ee812-8083-462e-950d-f8aa44f8369d",
          "title": "7 - Clicar em uma das cores da paleta, faz com que ela seja selecionada e utilizada para preencher os pixels no quadro.",
          "fullFile": "",
          "file": "",
          "beforeHooks": [],
          "afterHooks": [],
          "tests": [
            {
              "title": "Verifica se somente uma cor da paleta de cores tem a classe `selected` de cada vez",
              "fullTitle": "7 - Clicar em uma das cores da paleta, faz com que ela seja selecionada e utilizada para preencher os pixels no quadro. Verifica se somente uma cor da paleta de cores tem a classe `selected` de cada vez",
              "timedOut": null,
              "duration": 499,
              "state": "passed",
              "speed": "slow",
              "pass": true,
              "fail": false,
              "pending": false,
              "context": null,
              "code": "cy.get('.color').each(function (selectedColor, selectedColorIndex) {\n  cy.wrap(selectedColor).click();\n  cy.get('.color').each(function (color, colorIndex) {\n    if (colorIndex === selectedColorIndex) {\n      expect(color).to.have[\"class\"]('selected');\n    } else {\n      expect(color).not.to.have[\"class\"]('selected');\n    }\n  });\n});",
              "err": {},
              "uuid": "71e029de-ef2e-4041-9fea-0f394cff54be",
              "parentUUID": "a70ee812-8083-462e-950d-f8aa44f8369d",
              "isHook": false,
              "skipped": false
            },
            {
              "title": "Verifica se os pixels dentro do quadro não têm a classe `selected` quando são clicados",
              "fullTitle": "7 - Clicar em uma das cores da paleta, faz com que ela seja selecionada e utilizada para preencher os pixels no quadro. Verifica se os pixels dentro do quadro não têm a classe `selected` quando são clicados",
              "timedOut": null,
              "duration": 9292,
              "state": "passed",
              "speed": "slow",
              "pass": true,
              "fail": false,
              "pending": false,
              "context": null,
              "code": "cy.get('.color').each(function (color) {\n  var backgroundColor = color.css('background-color');\n  cy.wrap(color).click();\n  cy.get('.pixel').each(function (pixel) {\n    cy.wrap(pixel).click().should('not.have.class', 'selected');\n  });\n});",
              "err": {},
              "uuid": "84f9f779-b0db-4da4-8215-83924fa520ee",
              "parentUUID": "a70ee812-8083-462e-950d-f8aa44f8369d",
              "isHook": false,
              "skipped": false
            }
          ],
          "suites": [],
          "passes": [
            "71e029de-ef2e-4041-9fea-0f394cff54be",
            "84f9f779-b0db-4da4-8215-83924fa520ee"
          ],
          "failures": [],
          "pending": [],
          "skipped": [],
          "duration": 9791,
          "root": false,
          "rootEmpty": false,
          "_timeout": 2000
        },
        {
          "uuid": "3adc44a1-0e60-4e7b-a16c-18a0a8db77b7",
          "title": "8 - Clicar em um pixel dentro do quadro após selecionar uma cor na paleta, faz com que o pixel seja preenchido com a cor selecionada.",
          "fullFile": "",
          "file": "",
          "beforeHooks": [],
          "afterHooks": [],
          "tests": [
            {
              "title": "Verifica se ao carregar a página deve ser possível pintar os pixels de preto",
              "fullTitle": "8 - Clicar em um pixel dentro do quadro após selecionar uma cor na paleta, faz com que o pixel seja preenchido com a cor selecionada. Verifica se ao carregar a página deve ser possível pintar os pixels de preto",
              "timedOut": null,
              "duration": 4503,
              "state": "failed",
              "speed": null,
              "pass": false,
              "fail": true,
              "pending": false,
              "context": null,
              "code": "cy.get('.pixel').each(function (pixel) {\n  cy.wrap(pixel).click().should('have.css', 'background-color', BLACK);\n});",
              "err": {
                "message": "CypressError: Timed out retrying: expected '<div.pixel>' to have CSS property 'background-color' with the value 'rgb(0, 0, 0)', but the value was 'rgb(255, 255, 255)'",
                "estack": "CypressError: Timed out retrying: expected '<div.pixel>' to have CSS property 'background-color' with the value 'rgb(0, 0, 0)', but the value was 'rgb(255, 255, 255)'\n    at cypressErr (http://localhost:39899/__cypress/runner/cypress_runner.js:149934:9)\n    at throwErr (http://localhost:39899/__cypress/runner/cypress_runner.js:149867:11)\n    at Object.throwErrByPath (http://localhost:39899/__cypress/runner/cypress_runner.js:149915:3)\n    at retry (http://localhost:39899/__cypress/runner/cypress_runner.js:144197:19)\n    at onFailFn (http://localhost:39899/__cypress/runner/cypress_runner.js:132448:16)\n    at tryCatcher (http://localhost:39899/__cypress/runner/cypress_runner.js:167415:23)\n    at Promise._settlePromiseFromHandler (http://localhost:39899/__cypress/runner/cypress_runner.js:165351:31)\n    at Promise._settlePromise (http://localhost:39899/__cypress/runner/cypress_runner.js:165408:18)\n    at Promise._settlePromise0 (http://localhost:39899/__cypress/runner/cypress_runner.js:165453:10)\n    at Promise._settlePromises (http://localhost:39899/__cypress/runner/cypress_runner.js:165528:18)\n    at Async../node_modules/bluebird/js/release/async.js.Async._drainQueue (http://localhost:39899/__cypress/runner/cypress_runner.js:162140:16)\n    at Async../node_modules/bluebird/js/release/async.js.Async._drainQueues (http://localhost:39899/__cypress/runner/cypress_runner.js:162150:10)\n    at Async.drainQueues (http://localhost:39899/__cypress/runner/cypress_runner.js:162024:14)",
                "diff": null
              },
              "uuid": "946aad43-23f5-4509-999b-12cb939b09b7",
              "parentUUID": "3adc44a1-0e60-4e7b-a16c-18a0a8db77b7",
              "isHook": false,
              "skipped": false
            },
            {
              "title": "Verifica se após selecionar uma outra cor na paleta, é possível pintar os pixels com essa cor",
              "fullTitle": "8 - Clicar em um pixel dentro do quadro após selecionar uma cor na paleta, faz com que o pixel seja preenchido com a cor selecionada. Verifica se após selecionar uma outra cor na paleta, é possível pintar os pixels com essa cor",
              "timedOut": null,
              "duration": 4611,
              "state": "failed",
              "speed": null,
              "pass": false,
              "fail": true,
              "pending": false,
              "context": null,
              "code": "cy.get('.color').each(function (color) {\n  var backgroundColor = color.css('background-color');\n  cy.wrap(color).click();\n  cy.get('.pixel').each(function (pixel) {\n    cy.wrap(pixel).click().should('have.css', 'background-color', backgroundColor);\n  });\n});",
              "err": {
                "message": "CypressError: Timed out retrying: expected '<div.pixel>' to have CSS property 'background-color' with the value 'rgb(0, 0, 0)', but the value was 'rgb(255, 255, 255)'",
                "estack": "CypressError: Timed out retrying: expected '<div.pixel>' to have CSS property 'background-color' with the value 'rgb(0, 0, 0)', but the value was 'rgb(255, 255, 255)'\n    at cypressErr (http://localhost:39899/__cypress/runner/cypress_runner.js:149934:9)\n    at throwErr (http://localhost:39899/__cypress/runner/cypress_runner.js:149867:11)\n    at Object.throwErrByPath (http://localhost:39899/__cypress/runner/cypress_runner.js:149915:3)\n    at retry (http://localhost:39899/__cypress/runner/cypress_runner.js:144197:19)\n    at onFailFn (http://localhost:39899/__cypress/runner/cypress_runner.js:132448:16)\n    at tryCatcher (http://localhost:39899/__cypress/runner/cypress_runner.js:167415:23)\n    at Promise._settlePromiseFromHandler (http://localhost:39899/__cypress/runner/cypress_runner.js:165351:31)\n    at Promise._settlePromise (http://localhost:39899/__cypress/runner/cypress_runner.js:165408:18)\n    at Promise._settlePromise0 (http://localhost:39899/__cypress/runner/cypress_runner.js:165453:10)\n    at Promise._settlePromises (http://localhost:39899/__cypress/runner/cypress_runner.js:165528:18)\n    at Async../node_modules/bluebird/js/release/async.js.Async._drainQueue (http://localhost:39899/__cypress/runner/cypress_runner.js:162140:16)\n    at Async../node_modules/bluebird/js/release/async.js.Async._drainQueues (http://localhost:39899/__cypress/runner/cypress_runner.js:162150:10)\n    at Async.drainQueues (http://localhost:39899/__cypress/runner/cypress_runner.js:162024:14)",
                "diff": null
              },
              "uuid": "76728333-7604-47d3-8bf3-6ee086528115",
              "parentUUID": "3adc44a1-0e60-4e7b-a16c-18a0a8db77b7",
              "isHook": false,
              "skipped": false
            },
            {
              "title": "Verifica se somente o pixel que foi clicado foi preenchido com a cor selecionada, sem influenciar na cor dos demais pixels.",
              "fullTitle": "8 - Clicar em um pixel dentro do quadro após selecionar uma cor na paleta, faz com que o pixel seja preenchido com a cor selecionada. Verifica se somente o pixel que foi clicado foi preenchido com a cor selecionada, sem influenciar na cor dos demais pixels.",
              "timedOut": null,
              "duration": 2075,
              "state": "passed",
              "speed": "slow",
              "pass": true,
              "fail": false,
              "pending": false,
              "context": null,
              "code": "var colorToPixelIndexMap = {\n  0: 6,\n  1: 8,\n  2: 16,\n  3: 18\n};\ncy.get('.color').each(function (color, index) {\n  cy.wrap(color).click();\n  var backgroundColor = color.css('background-color');\n  var clickedPixelIndex = colorToPixelIndexMap[index];\n  cy.get('.pixel').eq(clickedPixelIndex).click();\n  cy.get('.pixel').eq(clickedPixelIndex - 1).should('not.have.css', 'background-color', backgroundColor);\n  cy.get('.pixel').eq(clickedPixelIndex + 1).should('not.have.css', 'background-color', backgroundColor);\n  cy.get('.pixel').eq(clickedPixelIndex - 5).should('not.have.css', 'background-color', backgroundColor);\n  cy.get('.pixel').eq(clickedPixelIndex + 5).should('not.have.css', 'background-color', backgroundColor);\n  cy.get('.pixel').eq(clickedPixelIndex - 6).should('not.have.css', 'background-color', backgroundColor);\n  cy.get('.pixel').eq(clickedPixelIndex - 4).should('not.have.css', 'background-color', backgroundColor);\n  cy.get('.pixel').eq(clickedPixelIndex + 4).should('not.have.css', 'background-color', backgroundColor);\n  cy.get('.pixel').eq(clickedPixelIndex + 6).should('not.have.css', 'background-color', backgroundColor);\n});",
              "err": {},
              "uuid": "555e7a1a-0f36-4d45-b27d-4d03b0c4c278",
              "parentUUID": "3adc44a1-0e60-4e7b-a16c-18a0a8db77b7",
              "isHook": false,
              "skipped": false
            }
          ],
          "suites": [],
          "passes": [
            "555e7a1a-0f36-4d45-b27d-4d03b0c4c278"
          ],
          "failures": [
            "946aad43-23f5-4509-999b-12cb939b09b7",
            "76728333-7604-47d3-8bf3-6ee086528115"
          ],
          "pending": [],
          "skipped": [],
          "duration": 11189,
          "root": false,
          "rootEmpty": false,
          "_timeout": 2000
        },
        {
          "uuid": "ed601bd2-f3f5-4d49-a725-ecdea3cdbe5b",
          "title": "9 - Crie um botão que, ao ser clicado, limpa o quadro preenchendo a cor de todos seus pixels com branco.",
          "fullFile": "",
          "file": "",
          "beforeHooks": [],
          "afterHooks": [],
          "tests": [
            {
              "title": "Verifica se o botão tem o `id` denominado `clear-board`",
              "fullTitle": "9 - Crie um botão que, ao ser clicado, limpa o quadro preenchendo a cor de todos seus pixels com branco. Verifica se o botão tem o `id` denominado `clear-board`",
              "timedOut": null,
              "duration": 4435,
              "state": "failed",
              "speed": null,
              "pass": false,
              "fail": true,
              "pending": false,
              "context": null,
              "code": "cy.get('#clear-board').should('be.visible');",
              "err": {
                "message": "CypressError: Timed out retrying: Expected to find element: '#clear-board', but never found it.",
                "estack": "CypressError: Timed out retrying: Expected to find element: '#clear-board', but never found it.\n    at cypressErr (http://localhost:39899/__cypress/runner/cypress_runner.js:149934:9)\n    at throwErr (http://localhost:39899/__cypress/runner/cypress_runner.js:149867:11)\n    at Object.throwErrByPath (http://localhost:39899/__cypress/runner/cypress_runner.js:149915:3)\n    at retry (http://localhost:39899/__cypress/runner/cypress_runner.js:144197:19)\n    at onFailFn (http://localhost:39899/__cypress/runner/cypress_runner.js:132448:16)\n    at tryCatcher (http://localhost:39899/__cypress/runner/cypress_runner.js:167415:23)\n    at Promise._settlePromiseFromHandler (http://localhost:39899/__cypress/runner/cypress_runner.js:165351:31)\n    at Promise._settlePromise (http://localhost:39899/__cypress/runner/cypress_runner.js:165408:18)\n    at Promise._settlePromise0 (http://localhost:39899/__cypress/runner/cypress_runner.js:165453:10)\n    at Promise._settlePromises (http://localhost:39899/__cypress/runner/cypress_runner.js:165528:18)\n    at Async../node_modules/bluebird/js/release/async.js.Async._drainQueue (http://localhost:39899/__cypress/runner/cypress_runner.js:162140:16)\n    at Async../node_modules/bluebird/js/release/async.js.Async._drainQueues (http://localhost:39899/__cypress/runner/cypress_runner.js:162150:10)\n    at Async.drainQueues (http://localhost:39899/__cypress/runner/cypress_runner.js:162024:14)",
                "diff": null
              },
              "uuid": "628f2449-65bf-4af3-a721-5bbfaeff2a75",
              "parentUUID": "ed601bd2-f3f5-4d49-a725-ecdea3cdbe5b",
              "isHook": false,
              "skipped": false
            },
            {
              "title": "Verifica se o botão está posicionado entre a paleta de cores e o quadro de pixels",
              "fullTitle": "9 - Crie um botão que, ao ser clicado, limpa o quadro preenchendo a cor de todos seus pixels com branco. Verifica se o botão está posicionado entre a paleta de cores e o quadro de pixels",
              "timedOut": null,
              "duration": 4444,
              "state": "failed",
              "speed": null,
              "pass": false,
              "fail": true,
              "pending": false,
              "context": null,
              "code": "cy.get('#color-palette').then(function (palette) {\n  cy.get('#clear-board').should('be.belowOf', palette);\n});\ncy.get('#clear-board').then(function (clearBtn) {\n  cy.get('#pixel-board').should('be.belowOf', clearBtn);\n});",
              "err": {
                "message": "CypressError: Timed out retrying: Expected to find element: '#clear-board', but never found it.",
                "estack": "CypressError: Timed out retrying: Expected to find element: '#clear-board', but never found it.\n    at cypressErr (http://localhost:39899/__cypress/runner/cypress_runner.js:149934:9)\n    at throwErr (http://localhost:39899/__cypress/runner/cypress_runner.js:149867:11)\n    at Object.throwErrByPath (http://localhost:39899/__cypress/runner/cypress_runner.js:149915:3)\n    at retry (http://localhost:39899/__cypress/runner/cypress_runner.js:144197:19)\n    at onFailFn (http://localhost:39899/__cypress/runner/cypress_runner.js:132448:16)\n    at tryCatcher (http://localhost:39899/__cypress/runner/cypress_runner.js:167415:23)\n    at Promise._settlePromiseFromHandler (http://localhost:39899/__cypress/runner/cypress_runner.js:165351:31)\n    at Promise._settlePromise (http://localhost:39899/__cypress/runner/cypress_runner.js:165408:18)\n    at Promise._settlePromise0 (http://localhost:39899/__cypress/runner/cypress_runner.js:165453:10)\n    at Promise._settlePromises (http://localhost:39899/__cypress/runner/cypress_runner.js:165528:18)\n    at Async../node_modules/bluebird/js/release/async.js.Async._drainQueue (http://localhost:39899/__cypress/runner/cypress_runner.js:162140:16)\n    at Async../node_modules/bluebird/js/release/async.js.Async._drainQueues (http://localhost:39899/__cypress/runner/cypress_runner.js:162150:10)\n    at Async.drainQueues (http://localhost:39899/__cypress/runner/cypress_runner.js:162024:14)",
                "diff": null
              },
              "uuid": "eaf4c4b1-b1da-4db9-9a5f-ec276773bb65",
              "parentUUID": "ed601bd2-f3f5-4d49-a725-ecdea3cdbe5b",
              "isHook": false,
              "skipped": false
            },
            {
              "title": "Verifica se o texto do botão é 'Limpar'",
              "fullTitle": "9 - Crie um botão que, ao ser clicado, limpa o quadro preenchendo a cor de todos seus pixels com branco. Verifica se o texto do botão é 'Limpar'",
              "timedOut": null,
              "duration": 4435,
              "state": "failed",
              "speed": null,
              "pass": false,
              "fail": true,
              "pending": false,
              "context": null,
              "code": "cy.get('#clear-board').should('contain.text', 'Limpar');",
              "err": {
                "message": "CypressError: Timed out retrying: Expected to find element: '#clear-board', but never found it.",
                "estack": "CypressError: Timed out retrying: Expected to find element: '#clear-board', but never found it.\n    at cypressErr (http://localhost:39899/__cypress/runner/cypress_runner.js:149934:9)\n    at throwErr (http://localhost:39899/__cypress/runner/cypress_runner.js:149867:11)\n    at Object.throwErrByPath (http://localhost:39899/__cypress/runner/cypress_runner.js:149915:3)\n    at retry (http://localhost:39899/__cypress/runner/cypress_runner.js:144197:19)\n    at onFailFn (http://localhost:39899/__cypress/runner/cypress_runner.js:132448:16)\n    at tryCatcher (http://localhost:39899/__cypress/runner/cypress_runner.js:167415:23)\n    at Promise._settlePromiseFromHandler (http://localhost:39899/__cypress/runner/cypress_runner.js:165351:31)\n    at Promise._settlePromise (http://localhost:39899/__cypress/runner/cypress_runner.js:165408:18)\n    at Promise._settlePromise0 (http://localhost:39899/__cypress/runner/cypress_runner.js:165453:10)\n    at Promise._settlePromises (http://localhost:39899/__cypress/runner/cypress_runner.js:165528:18)\n    at Async../node_modules/bluebird/js/release/async.js.Async._drainQueue (http://localhost:39899/__cypress/runner/cypress_runner.js:162140:16)\n    at Async../node_modules/bluebird/js/release/async.js.Async._drainQueues (http://localhost:39899/__cypress/runner/cypress_runner.js:162150:10)\n    at Async.drainQueues (http://localhost:39899/__cypress/runner/cypress_runner.js:162024:14)",
                "diff": null
              },
              "uuid": "103bc435-a8e8-48d9-b89c-63c8a0645910",
              "parentUUID": "ed601bd2-f3f5-4d49-a725-ecdea3cdbe5b",
              "isHook": false,
              "skipped": false
            },
            {
              "title": "Verifica se ao clicar no botão, o quadro de pixels é totalmente preenchido de branco",
              "fullTitle": "9 - Crie um botão que, ao ser clicado, limpa o quadro preenchendo a cor de todos seus pixels com branco. Verifica se ao clicar no botão, o quadro de pixels é totalmente preenchido de branco",
              "timedOut": null,
              "duration": 4629,
              "state": "failed",
              "speed": null,
              "pass": false,
              "fail": true,
              "pending": false,
              "context": null,
              "code": "cy.get('.color').eq(1).then(function (color) {\n  var backgroundColor = color.css('background-color');\n  cy.wrap(color).click();\n  cy.get('.pixel').each(function (pixel) {\n    cy.wrap(pixel).click().should('have.css', 'background-color', backgroundColor);\n  });\n});\ncy.get('#clear-board').click();\ncy.get('.pixel').each(function (pixel) {\n  cy.wrap(pixel).should('have.css', 'background-color', WHITE);\n});",
              "err": {
                "message": "CypressError: Timed out retrying: expected '<div.pixel>' to have CSS property 'background-color' with the value 'rgb(0, 0, 255)', but the value was 'rgb(255, 255, 255)'",
                "estack": "CypressError: Timed out retrying: expected '<div.pixel>' to have CSS property 'background-color' with the value 'rgb(0, 0, 255)', but the value was 'rgb(255, 255, 255)'\n    at cypressErr (http://localhost:39899/__cypress/runner/cypress_runner.js:149934:9)\n    at throwErr (http://localhost:39899/__cypress/runner/cypress_runner.js:149867:11)\n    at Object.throwErrByPath (http://localhost:39899/__cypress/runner/cypress_runner.js:149915:3)\n    at retry (http://localhost:39899/__cypress/runner/cypress_runner.js:144197:19)\n    at onFailFn (http://localhost:39899/__cypress/runner/cypress_runner.js:132448:16)\n    at tryCatcher (http://localhost:39899/__cypress/runner/cypress_runner.js:167415:23)\n    at Promise._settlePromiseFromHandler (http://localhost:39899/__cypress/runner/cypress_runner.js:165351:31)\n    at Promise._settlePromise (http://localhost:39899/__cypress/runner/cypress_runner.js:165408:18)\n    at Promise._settlePromise0 (http://localhost:39899/__cypress/runner/cypress_runner.js:165453:10)\n    at Promise._settlePromises (http://localhost:39899/__cypress/runner/cypress_runner.js:165528:18)\n    at Async../node_modules/bluebird/js/release/async.js.Async._drainQueue (http://localhost:39899/__cypress/runner/cypress_runner.js:162140:16)\n    at Async../node_modules/bluebird/js/release/async.js.Async._drainQueues (http://localhost:39899/__cypress/runner/cypress_runner.js:162150:10)\n    at Async.drainQueues (http://localhost:39899/__cypress/runner/cypress_runner.js:162024:14)",
                "diff": null
              },
              "uuid": "318cea96-d354-4849-bb22-2443672c0202",
              "parentUUID": "ed601bd2-f3f5-4d49-a725-ecdea3cdbe5b",
              "isHook": false,
              "skipped": false
            }
          ],
          "suites": [],
          "passes": [],
          "failures": [
            "628f2449-65bf-4af3-a721-5bbfaeff2a75",
            "eaf4c4b1-b1da-4db9-9a5f-ec276773bb65",
            "103bc435-a8e8-48d9-b89c-63c8a0645910",
            "318cea96-d354-4849-bb22-2443672c0202"
          ],
          "pending": [],
          "skipped": [],
          "duration": 17943,
          "root": false,
          "rootEmpty": false,
          "_timeout": 2000
        },
        {
          "uuid": "ef741a9b-7e31-4f10-8d3e-166a5b7b1ae0",
          "title": "10 - Faça o quadro de pixels ter seu tamanho definido pelo usuário.",
          "fullFile": "",
          "file": "",
          "beforeHooks": [],
          "afterHooks": [],
          "tests": [
            {
              "title": "Verifica se existe um input com o id `board-size`",
              "fullTitle": "10 - Faça o quadro de pixels ter seu tamanho definido pelo usuário. Verifica se existe um input com o id `board-size`",
              "timedOut": null,
              "duration": 4470,
              "state": "failed",
              "speed": null,
              "pass": false,
              "fail": true,
              "pending": false,
              "context": null,
              "code": "cy.get('#board-size').should('be.visible');",
              "err": {
                "message": "CypressError: Timed out retrying: Expected to find element: '#board-size', but never found it.",
                "estack": "CypressError: Timed out retrying: Expected to find element: '#board-size', but never found it.\n    at cypressErr (http://localhost:39899/__cypress/runner/cypress_runner.js:149934:9)\n    at throwErr (http://localhost:39899/__cypress/runner/cypress_runner.js:149867:11)\n    at Object.throwErrByPath (http://localhost:39899/__cypress/runner/cypress_runner.js:149915:3)\n    at retry (http://localhost:39899/__cypress/runner/cypress_runner.js:144197:19)\n    at onFailFn (http://localhost:39899/__cypress/runner/cypress_runner.js:132448:16)\n    at tryCatcher (http://localhost:39899/__cypress/runner/cypress_runner.js:167415:23)\n    at Promise._settlePromiseFromHandler (http://localhost:39899/__cypress/runner/cypress_runner.js:165351:31)\n    at Promise._settlePromise (http://localhost:39899/__cypress/runner/cypress_runner.js:165408:18)\n    at Promise._settlePromise0 (http://localhost:39899/__cypress/runner/cypress_runner.js:165453:10)\n    at Promise._settlePromises (http://localhost:39899/__cypress/runner/cypress_runner.js:165528:18)\n    at Async../node_modules/bluebird/js/release/async.js.Async._drainQueue (http://localhost:39899/__cypress/runner/cypress_runner.js:162140:16)\n    at Async../node_modules/bluebird/js/release/async.js.Async._drainQueues (http://localhost:39899/__cypress/runner/cypress_runner.js:162150:10)\n    at Async.drainQueues (http://localhost:39899/__cypress/runner/cypress_runner.js:162024:14)",
                "diff": null
              },
              "uuid": "ddda22d5-0fcd-4411-b703-c6ff371cebf0",
              "parentUUID": "ef741a9b-7e31-4f10-8d3e-166a5b7b1ae0",
              "isHook": false,
              "skipped": false
            },
            {
              "title": "Verifica se existe um botão com o id `generate-board`",
              "fullTitle": "10 - Faça o quadro de pixels ter seu tamanho definido pelo usuário. Verifica se existe um botão com o id `generate-board`",
              "timedOut": null,
              "duration": 4439,
              "state": "failed",
              "speed": null,
              "pass": false,
              "fail": true,
              "pending": false,
              "context": null,
              "code": "cy.get('#generate-board').should('be.visible');",
              "err": {
                "message": "CypressError: Timed out retrying: Expected to find element: '#generate-board', but never found it.",
                "estack": "CypressError: Timed out retrying: Expected to find element: '#generate-board', but never found it.\n    at cypressErr (http://localhost:39899/__cypress/runner/cypress_runner.js:149934:9)\n    at throwErr (http://localhost:39899/__cypress/runner/cypress_runner.js:149867:11)\n    at Object.throwErrByPath (http://localhost:39899/__cypress/runner/cypress_runner.js:149915:3)\n    at retry (http://localhost:39899/__cypress/runner/cypress_runner.js:144197:19)\n    at onFailFn (http://localhost:39899/__cypress/runner/cypress_runner.js:132448:16)\n    at tryCatcher (http://localhost:39899/__cypress/runner/cypress_runner.js:167415:23)\n    at Promise._settlePromiseFromHandler (http://localhost:39899/__cypress/runner/cypress_runner.js:165351:31)\n    at Promise._settlePromise (http://localhost:39899/__cypress/runner/cypress_runner.js:165408:18)\n    at Promise._settlePromise0 (http://localhost:39899/__cypress/runner/cypress_runner.js:165453:10)\n    at Promise._settlePromises (http://localhost:39899/__cypress/runner/cypress_runner.js:165528:18)\n    at Async../node_modules/bluebird/js/release/async.js.Async._drainQueue (http://localhost:39899/__cypress/runner/cypress_runner.js:162140:16)\n    at Async../node_modules/bluebird/js/release/async.js.Async._drainQueues (http://localhost:39899/__cypress/runner/cypress_runner.js:162150:10)\n    at Async.drainQueues (http://localhost:39899/__cypress/runner/cypress_runner.js:162024:14)",
                "diff": null
              },
              "uuid": "0ed247d8-9e6b-4576-b4c5-97d13d569009",
              "parentUUID": "ef741a9b-7e31-4f10-8d3e-166a5b7b1ae0",
              "isHook": false,
              "skipped": false
            },
            {
              "title": "Verifica se o input só aceita número maiores que zero. Essa restrição deve ser feita usando os atributos do elemento `input`",
              "fullTitle": "10 - Faça o quadro de pixels ter seu tamanho definido pelo usuário. Verifica se o input só aceita número maiores que zero. Essa restrição deve ser feita usando os atributos do elemento `input`",
              "timedOut": null,
              "duration": 4419,
              "state": "failed",
              "speed": null,
              "pass": false,
              "fail": true,
              "pending": false,
              "context": null,
              "code": "cy.get('#board-size[type=\\'number\\'][min=\\'1\\']');",
              "err": {
                "message": "CypressError: Timed out retrying: Expected to find element: '#board-size[type='number'][min='1']', but never found it.",
                "estack": "CypressError: Timed out retrying: Expected to find element: '#board-size[type='number'][min='1']', but never found it.\n    at cypressErr (http://localhost:39899/__cypress/runner/cypress_runner.js:149934:9)\n    at throwErr (http://localhost:39899/__cypress/runner/cypress_runner.js:149867:11)\n    at Object.throwErrByPath (http://localhost:39899/__cypress/runner/cypress_runner.js:149915:3)\n    at retry (http://localhost:39899/__cypress/runner/cypress_runner.js:144197:19)\n    at onFailFn (http://localhost:39899/__cypress/runner/cypress_runner.js:132448:16)\n    at tryCatcher (http://localhost:39899/__cypress/runner/cypress_runner.js:167415:23)\n    at Promise._settlePromiseFromHandler (http://localhost:39899/__cypress/runner/cypress_runner.js:165351:31)\n    at Promise._settlePromise (http://localhost:39899/__cypress/runner/cypress_runner.js:165408:18)\n    at Promise._settlePromise0 (http://localhost:39899/__cypress/runner/cypress_runner.js:165453:10)\n    at Promise._settlePromises (http://localhost:39899/__cypress/runner/cypress_runner.js:165528:18)\n    at Async../node_modules/bluebird/js/release/async.js.Async._drainQueue (http://localhost:39899/__cypress/runner/cypress_runner.js:162140:16)\n    at Async../node_modules/bluebird/js/release/async.js.Async._drainQueues (http://localhost:39899/__cypress/runner/cypress_runner.js:162150:10)\n    at Async.drainQueues (http://localhost:39899/__cypress/runner/cypress_runner.js:162024:14)",
                "diff": null
              },
              "uuid": "06a18b43-d205-4b44-9189-33744865241a",
              "parentUUID": "ef741a9b-7e31-4f10-8d3e-166a5b7b1ae0",
              "isHook": false,
              "skipped": false
            },
            {
              "title": "Verifica se o botão contém o texto 'VQV'",
              "fullTitle": "10 - Faça o quadro de pixels ter seu tamanho definido pelo usuário. Verifica se o botão contém o texto 'VQV'",
              "timedOut": null,
              "duration": 4414,
              "state": "failed",
              "speed": null,
              "pass": false,
              "fail": true,
              "pending": false,
              "context": null,
              "code": "cy.get('#generate-board').contains(/vqv/i);",
              "err": {
                "message": "CypressError: Timed out retrying: Expected to find element: '#generate-board', but never found it.",
                "estack": "CypressError: Timed out retrying: Expected to find element: '#generate-board', but never found it.\n    at cypressErr (http://localhost:39899/__cypress/runner/cypress_runner.js:149934:9)\n    at throwErr (http://localhost:39899/__cypress/runner/cypress_runner.js:149867:11)\n    at Object.throwErrByPath (http://localhost:39899/__cypress/runner/cypress_runner.js:149915:3)\n    at retry (http://localhost:39899/__cypress/runner/cypress_runner.js:144197:19)\n    at onFailFn (http://localhost:39899/__cypress/runner/cypress_runner.js:132448:16)\n    at tryCatcher (http://localhost:39899/__cypress/runner/cypress_runner.js:167415:23)\n    at Promise._settlePromiseFromHandler (http://localhost:39899/__cypress/runner/cypress_runner.js:165351:31)\n    at Promise._settlePromise (http://localhost:39899/__cypress/runner/cypress_runner.js:165408:18)\n    at Promise._settlePromise0 (http://localhost:39899/__cypress/runner/cypress_runner.js:165453:10)\n    at Promise._settlePromises (http://localhost:39899/__cypress/runner/cypress_runner.js:165528:18)\n    at Async../node_modules/bluebird/js/release/async.js.Async._drainQueue (http://localhost:39899/__cypress/runner/cypress_runner.js:162140:16)\n    at Async../node_modules/bluebird/js/release/async.js.Async._drainQueues (http://localhost:39899/__cypress/runner/cypress_runner.js:162150:10)\n    at Async.drainQueues (http://localhost:39899/__cypress/runner/cypress_runner.js:162024:14)",
                "diff": null
              },
              "uuid": "b34f8829-1156-4adb-a467-fcfd85767aba",
              "parentUUID": "ef741a9b-7e31-4f10-8d3e-166a5b7b1ae0",
              "isHook": false,
              "skipped": false
            },
            {
              "title": "Verifica se o input está posicionado entre a paleta de cores e o quadro de pixels",
              "fullTitle": "10 - Faça o quadro de pixels ter seu tamanho definido pelo usuário. Verifica se o input está posicionado entre a paleta de cores e o quadro de pixels",
              "timedOut": null,
              "duration": 4504,
              "state": "failed",
              "speed": null,
              "pass": false,
              "fail": true,
              "pending": false,
              "context": null,
              "code": "cy.get('#color-palette').then(function (palette) {\n  cy.get('#board-size').should('be.belowOf', palette);\n});\ncy.get('#board-size').then(function (palette) {\n  cy.get('#pixel-board').should('be.belowOf', palette);\n});",
              "err": {
                "message": "CypressError: Timed out retrying: Expected to find element: '#board-size', but never found it.",
                "estack": "CypressError: Timed out retrying: Expected to find element: '#board-size', but never found it.\n    at cypressErr (http://localhost:39899/__cypress/runner/cypress_runner.js:149934:9)\n    at throwErr (http://localhost:39899/__cypress/runner/cypress_runner.js:149867:11)\n    at Object.throwErrByPath (http://localhost:39899/__cypress/runner/cypress_runner.js:149915:3)\n    at retry (http://localhost:39899/__cypress/runner/cypress_runner.js:144197:19)\n    at onFailFn (http://localhost:39899/__cypress/runner/cypress_runner.js:132448:16)\n    at tryCatcher (http://localhost:39899/__cypress/runner/cypress_runner.js:167415:23)\n    at Promise._settlePromiseFromHandler (http://localhost:39899/__cypress/runner/cypress_runner.js:165351:31)\n    at Promise._settlePromise (http://localhost:39899/__cypress/runner/cypress_runner.js:165408:18)\n    at Promise._settlePromise0 (http://localhost:39899/__cypress/runner/cypress_runner.js:165453:10)\n    at Promise._settlePromises (http://localhost:39899/__cypress/runner/cypress_runner.js:165528:18)\n    at Async../node_modules/bluebird/js/release/async.js.Async._drainQueue (http://localhost:39899/__cypress/runner/cypress_runner.js:162140:16)\n    at Async../node_modules/bluebird/js/release/async.js.Async._drainQueues (http://localhost:39899/__cypress/runner/cypress_runner.js:162150:10)\n    at Async.drainQueues (http://localhost:39899/__cypress/runner/cypress_runner.js:162024:14)",
                "diff": null
              },
              "uuid": "4a909a58-3c18-4286-b5ee-7d45f00978ed",
              "parentUUID": "ef741a9b-7e31-4f10-8d3e-166a5b7b1ae0",
              "isHook": false,
              "skipped": false
            },
            {
              "title": "Verifica se o botão está posicionado ao lado do input",
              "fullTitle": "10 - Faça o quadro de pixels ter seu tamanho definido pelo usuário. Verifica se o botão está posicionado ao lado do input",
              "timedOut": null,
              "duration": 4406,
              "state": "failed",
              "speed": null,
              "pass": false,
              "fail": true,
              "pending": false,
              "context": null,
              "code": "cy.get('#board-size').then(function (board) {\n  cy.get('#generate-board').should('be.onTheRightOf', board);\n});",
              "err": {
                "message": "CypressError: Timed out retrying: Expected to find element: '#board-size', but never found it.",
                "estack": "CypressError: Timed out retrying: Expected to find element: '#board-size', but never found it.\n    at cypressErr (http://localhost:39899/__cypress/runner/cypress_runner.js:149934:9)\n    at throwErr (http://localhost:39899/__cypress/runner/cypress_runner.js:149867:11)\n    at Object.throwErrByPath (http://localhost:39899/__cypress/runner/cypress_runner.js:149915:3)\n    at retry (http://localhost:39899/__cypress/runner/cypress_runner.js:144197:19)\n    at onFailFn (http://localhost:39899/__cypress/runner/cypress_runner.js:132448:16)\n    at tryCatcher (http://localhost:39899/__cypress/runner/cypress_runner.js:167415:23)\n    at Promise._settlePromiseFromHandler (http://localhost:39899/__cypress/runner/cypress_runner.js:165351:31)\n    at Promise._settlePromise (http://localhost:39899/__cypress/runner/cypress_runner.js:165408:18)\n    at Promise._settlePromise0 (http://localhost:39899/__cypress/runner/cypress_runner.js:165453:10)\n    at Promise._settlePromises (http://localhost:39899/__cypress/runner/cypress_runner.js:165528:18)\n    at Async../node_modules/bluebird/js/release/async.js.Async._drainQueue (http://localhost:39899/__cypress/runner/cypress_runner.js:162140:16)\n    at Async../node_modules/bluebird/js/release/async.js.Async._drainQueues (http://localhost:39899/__cypress/runner/cypress_runner.js:162150:10)\n    at Async.drainQueues (http://localhost:39899/__cypress/runner/cypress_runner.js:162024:14)",
                "diff": null
              },
              "uuid": "121d5144-1b30-4e05-b2fb-9101dcf83acf",
              "parentUUID": "ef741a9b-7e31-4f10-8d3e-166a5b7b1ae0",
              "isHook": false,
              "skipped": false
            },
            {
              "title": "Verifica se nenhum valor for colocado no input ao clicar no botão, um `alert` é exibido com o texto: 'Board inválido!'",
              "fullTitle": "10 - Faça o quadro de pixels ter seu tamanho definido pelo usuário. Verifica se nenhum valor for colocado no input ao clicar no botão, um `alert` é exibido com o texto: 'Board inválido!'",
              "timedOut": null,
              "duration": 4436,
              "state": "failed",
              "speed": null,
              "pass": false,
              "fail": true,
              "pending": false,
              "context": null,
              "code": "var alerted = false;\ncy.on('window:alert', function (msg) {\n  return alerted = msg;\n});\ncy.get('#generate-board').click().then(function () {\n  return expect(alerted).to.match(/Board inválido!/i);\n});",
              "err": {
                "message": "CypressError: Timed out retrying: Expected to find element: '#generate-board', but never found it.",
                "estack": "CypressError: Timed out retrying: Expected to find element: '#generate-board', but never found it.\n    at cypressErr (http://localhost:39899/__cypress/runner/cypress_runner.js:149934:9)\n    at throwErr (http://localhost:39899/__cypress/runner/cypress_runner.js:149867:11)\n    at Object.throwErrByPath (http://localhost:39899/__cypress/runner/cypress_runner.js:149915:3)\n    at retry (http://localhost:39899/__cypress/runner/cypress_runner.js:144197:19)\n    at onFailFn (http://localhost:39899/__cypress/runner/cypress_runner.js:132448:16)\n    at tryCatcher (http://localhost:39899/__cypress/runner/cypress_runner.js:167415:23)\n    at Promise._settlePromiseFromHandler (http://localhost:39899/__cypress/runner/cypress_runner.js:165351:31)\n    at Promise._settlePromise (http://localhost:39899/__cypress/runner/cypress_runner.js:165408:18)\n    at Promise._settlePromise0 (http://localhost:39899/__cypress/runner/cypress_runner.js:165453:10)\n    at Promise._settlePromises (http://localhost:39899/__cypress/runner/cypress_runner.js:165528:18)\n    at Async../node_modules/bluebird/js/release/async.js.Async._drainQueue (http://localhost:39899/__cypress/runner/cypress_runner.js:162140:16)\n    at Async../node_modules/bluebird/js/release/async.js.Async._drainQueues (http://localhost:39899/__cypress/runner/cypress_runner.js:162150:10)\n    at Async.drainQueues (http://localhost:39899/__cypress/runner/cypress_runner.js:162024:14)",
                "diff": null
              },
              "uuid": "75ee767d-6a62-4b56-9f54-08e69752ebfb",
              "parentUUID": "ef741a9b-7e31-4f10-8d3e-166a5b7b1ae0",
              "isHook": false,
              "skipped": false
            },
            {
              "title": "Verifica se ao clicar no botão com um valor preenchido, o tamanho do board muda.",
              "fullTitle": "10 - Faça o quadro de pixels ter seu tamanho definido pelo usuário. Verifica se ao clicar no botão com um valor preenchido, o tamanho do board muda.",
              "timedOut": null,
              "duration": 4415,
              "state": "failed",
              "speed": null,
              "pass": false,
              "fail": true,
              "pending": false,
              "context": null,
              "code": "cy.get('#board-size').clear().type(10);\ncy.get('#generate-board').click();\ncy.get('.pixel').should('have.length', 100);",
              "err": {
                "message": "CypressError: Timed out retrying: Expected to find element: '#board-size', but never found it.",
                "estack": "CypressError: Timed out retrying: Expected to find element: '#board-size', but never found it.\n    at cypressErr (http://localhost:39899/__cypress/runner/cypress_runner.js:149934:9)\n    at throwErr (http://localhost:39899/__cypress/runner/cypress_runner.js:149867:11)\n    at Object.throwErrByPath (http://localhost:39899/__cypress/runner/cypress_runner.js:149915:3)\n    at retry (http://localhost:39899/__cypress/runner/cypress_runner.js:144197:19)\n    at onFailFn (http://localhost:39899/__cypress/runner/cypress_runner.js:132448:16)\n    at tryCatcher (http://localhost:39899/__cypress/runner/cypress_runner.js:167415:23)\n    at Promise._settlePromiseFromHandler (http://localhost:39899/__cypress/runner/cypress_runner.js:165351:31)\n    at Promise._settlePromise (http://localhost:39899/__cypress/runner/cypress_runner.js:165408:18)\n    at Promise._settlePromise0 (http://localhost:39899/__cypress/runner/cypress_runner.js:165453:10)\n    at Promise._settlePromises (http://localhost:39899/__cypress/runner/cypress_runner.js:165528:18)\n    at Async../node_modules/bluebird/js/release/async.js.Async._drainQueue (http://localhost:39899/__cypress/runner/cypress_runner.js:162140:16)\n    at Async../node_modules/bluebird/js/release/async.js.Async._drainQueues (http://localhost:39899/__cypress/runner/cypress_runner.js:162150:10)\n    at Async.drainQueues (http://localhost:39899/__cypress/runner/cypress_runner.js:162024:14)",
                "diff": null
              },
              "uuid": "5e8ff68f-1571-4d77-8a47-ab93b35c439d",
              "parentUUID": "ef741a9b-7e31-4f10-8d3e-166a5b7b1ae0",
              "isHook": false,
              "skipped": false
            },
            {
              "title": "Verifica se o novo quadro tem todos os pixels preenchidos com a cor branca",
              "fullTitle": "10 - Faça o quadro de pixels ter seu tamanho definido pelo usuário. Verifica se o novo quadro tem todos os pixels preenchidos com a cor branca",
              "timedOut": null,
              "duration": 4419,
              "state": "failed",
              "speed": null,
              "pass": false,
              "fail": true,
              "pending": false,
              "context": null,
              "code": "cy.get('#board-size').clear().type(6);\ncy.get('#generate-board').click();\ncy.get('.pixel').should('have.length', 36).each(function (pixel) {\n  expect(pixel).to.have.css('background-color', WHITE);\n});",
              "err": {
                "message": "CypressError: Timed out retrying: Expected to find element: '#board-size', but never found it.",
                "estack": "CypressError: Timed out retrying: Expected to find element: '#board-size', but never found it.\n    at cypressErr (http://localhost:39899/__cypress/runner/cypress_runner.js:149934:9)\n    at throwErr (http://localhost:39899/__cypress/runner/cypress_runner.js:149867:11)\n    at Object.throwErrByPath (http://localhost:39899/__cypress/runner/cypress_runner.js:149915:3)\n    at retry (http://localhost:39899/__cypress/runner/cypress_runner.js:144197:19)\n    at onFailFn (http://localhost:39899/__cypress/runner/cypress_runner.js:132448:16)\n    at tryCatcher (http://localhost:39899/__cypress/runner/cypress_runner.js:167415:23)\n    at Promise._settlePromiseFromHandler (http://localhost:39899/__cypress/runner/cypress_runner.js:165351:31)\n    at Promise._settlePromise (http://localhost:39899/__cypress/runner/cypress_runner.js:165408:18)\n    at Promise._settlePromise0 (http://localhost:39899/__cypress/runner/cypress_runner.js:165453:10)\n    at Promise._settlePromises (http://localhost:39899/__cypress/runner/cypress_runner.js:165528:18)\n    at Async../node_modules/bluebird/js/release/async.js.Async._drainQueue (http://localhost:39899/__cypress/runner/cypress_runner.js:162140:16)\n    at Async../node_modules/bluebird/js/release/async.js.Async._drainQueues (http://localhost:39899/__cypress/runner/cypress_runner.js:162150:10)\n    at Async.drainQueues (http://localhost:39899/__cypress/runner/cypress_runner.js:162024:14)",
                "diff": null
              },
              "uuid": "a1be3161-85e6-453f-b0ce-4790bd3688d2",
              "parentUUID": "ef741a9b-7e31-4f10-8d3e-166a5b7b1ae0",
              "isHook": false,
              "skipped": false
            }
          ],
          "suites": [],
          "passes": [],
          "failures": [
            "ddda22d5-0fcd-4411-b703-c6ff371cebf0",
            "0ed247d8-9e6b-4576-b4c5-97d13d569009",
            "06a18b43-d205-4b44-9189-33744865241a",
            "b34f8829-1156-4adb-a467-fcfd85767aba",
            "4a909a58-3c18-4286-b5ee-7d45f00978ed",
            "121d5144-1b30-4e05-b2fb-9101dcf83acf",
            "75ee767d-6a62-4b56-9f54-08e69752ebfb",
            "5e8ff68f-1571-4d77-8a47-ab93b35c439d",
            "a1be3161-85e6-453f-b0ce-4790bd3688d2"
          ],
          "pending": [],
          "skipped": [],
          "duration": 39922,
          "root": false,
          "rootEmpty": false,
          "_timeout": 2000
        },
        {
          "uuid": "948c60a3-2545-4879-b6f6-a0fc62a6415e",
          "title": "11 - Limite o tamanho mínimo e máximo do board.",
          "fullFile": "",
          "file": "",
          "beforeHooks": [],
          "afterHooks": [],
          "tests": [
            {
              "title": "Verifica se a altura máxima do board é 50",
              "fullTitle": "11 - Limite o tamanho mínimo e máximo do board. Verifica se a altura máxima do board é 50",
              "timedOut": null,
              "duration": 4450,
              "state": "failed",
              "speed": null,
              "pass": false,
              "fail": true,
              "pending": false,
              "context": null,
              "code": "cy.get('#board-size').clear().type(50);\ncy.get('#generate-board').click();\ncy.get('.pixel').should('have.length', 2500);",
              "err": {
                "message": "CypressError: Timed out retrying: Expected to find element: '#board-size', but never found it.",
                "estack": "CypressError: Timed out retrying: Expected to find element: '#board-size', but never found it.\n    at cypressErr (http://localhost:39899/__cypress/runner/cypress_runner.js:149934:9)\n    at throwErr (http://localhost:39899/__cypress/runner/cypress_runner.js:149867:11)\n    at Object.throwErrByPath (http://localhost:39899/__cypress/runner/cypress_runner.js:149915:3)\n    at retry (http://localhost:39899/__cypress/runner/cypress_runner.js:144197:19)\n    at onFailFn (http://localhost:39899/__cypress/runner/cypress_runner.js:132448:16)\n    at tryCatcher (http://localhost:39899/__cypress/runner/cypress_runner.js:167415:23)\n    at Promise._settlePromiseFromHandler (http://localhost:39899/__cypress/runner/cypress_runner.js:165351:31)\n    at Promise._settlePromise (http://localhost:39899/__cypress/runner/cypress_runner.js:165408:18)\n    at Promise._settlePromise0 (http://localhost:39899/__cypress/runner/cypress_runner.js:165453:10)\n    at Promise._settlePromises (http://localhost:39899/__cypress/runner/cypress_runner.js:165528:18)\n    at Async../node_modules/bluebird/js/release/async.js.Async._drainQueue (http://localhost:39899/__cypress/runner/cypress_runner.js:162140:16)\n    at Async../node_modules/bluebird/js/release/async.js.Async._drainQueues (http://localhost:39899/__cypress/runner/cypress_runner.js:162150:10)\n    at Async.drainQueues (http://localhost:39899/__cypress/runner/cypress_runner.js:162024:14)",
                "diff": null
              },
              "uuid": "f160f800-bee5-4516-8e1f-43008c55d03e",
              "parentUUID": "948c60a3-2545-4879-b6f6-a0fc62a6415e",
              "isHook": false,
              "skipped": false
            },
            {
              "title": "Verifica se a altura do board é 5 quando um valor menor é colocado no input",
              "fullTitle": "11 - Limite o tamanho mínimo e máximo do board. Verifica se a altura do board é 5 quando um valor menor é colocado no input",
              "timedOut": null,
              "duration": 4447,
              "state": "failed",
              "speed": null,
              "pass": false,
              "fail": true,
              "pending": false,
              "context": null,
              "code": "cy.get('#board-size').clear().type(4);\ncy.get('#generate-board').click();\ncy.get('.pixel').should('have.length', 25);",
              "err": {
                "message": "CypressError: Timed out retrying: Expected to find element: '#board-size', but never found it.",
                "estack": "CypressError: Timed out retrying: Expected to find element: '#board-size', but never found it.\n    at cypressErr (http://localhost:39899/__cypress/runner/cypress_runner.js:149934:9)\n    at throwErr (http://localhost:39899/__cypress/runner/cypress_runner.js:149867:11)\n    at Object.throwErrByPath (http://localhost:39899/__cypress/runner/cypress_runner.js:149915:3)\n    at retry (http://localhost:39899/__cypress/runner/cypress_runner.js:144197:19)\n    at onFailFn (http://localhost:39899/__cypress/runner/cypress_runner.js:132448:16)\n    at tryCatcher (http://localhost:39899/__cypress/runner/cypress_runner.js:167415:23)\n    at Promise._settlePromiseFromHandler (http://localhost:39899/__cypress/runner/cypress_runner.js:165351:31)\n    at Promise._settlePromise (http://localhost:39899/__cypress/runner/cypress_runner.js:165408:18)\n    at Promise._settlePromise0 (http://localhost:39899/__cypress/runner/cypress_runner.js:165453:10)\n    at Promise._settlePromises (http://localhost:39899/__cypress/runner/cypress_runner.js:165528:18)\n    at Async../node_modules/bluebird/js/release/async.js.Async._drainQueue (http://localhost:39899/__cypress/runner/cypress_runner.js:162140:16)\n    at Async../node_modules/bluebird/js/release/async.js.Async._drainQueues (http://localhost:39899/__cypress/runner/cypress_runner.js:162150:10)\n    at Async.drainQueues (http://localhost:39899/__cypress/runner/cypress_runner.js:162024:14)",
                "diff": null
              },
              "uuid": "d577f5bd-d072-40c8-9dbe-e4f2bef9d079",
              "parentUUID": "948c60a3-2545-4879-b6f6-a0fc62a6415e",
              "isHook": false,
              "skipped": false
            },
            {
              "title": "Verifica se a altura do board é 50 quando um valor maior é colocado no input",
              "fullTitle": "11 - Limite o tamanho mínimo e máximo do board. Verifica se a altura do board é 50 quando um valor maior é colocado no input",
              "timedOut": null,
              "duration": 4443,
              "state": "failed",
              "speed": null,
              "pass": false,
              "fail": true,
              "pending": false,
              "context": null,
              "code": "cy.get('#board-size').clear().type(51);\ncy.get('#generate-board').click();\ncy.get('.pixel').should('have.length', 2500);",
              "err": {
                "message": "CypressError: Timed out retrying: Expected to find element: '#board-size', but never found it.",
                "estack": "CypressError: Timed out retrying: Expected to find element: '#board-size', but never found it.\n    at cypressErr (http://localhost:39899/__cypress/runner/cypress_runner.js:149934:9)\n    at throwErr (http://localhost:39899/__cypress/runner/cypress_runner.js:149867:11)\n    at Object.throwErrByPath (http://localhost:39899/__cypress/runner/cypress_runner.js:149915:3)\n    at retry (http://localhost:39899/__cypress/runner/cypress_runner.js:144197:19)\n    at onFailFn (http://localhost:39899/__cypress/runner/cypress_runner.js:132448:16)\n    at tryCatcher (http://localhost:39899/__cypress/runner/cypress_runner.js:167415:23)\n    at Promise._settlePromiseFromHandler (http://localhost:39899/__cypress/runner/cypress_runner.js:165351:31)\n    at Promise._settlePromise (http://localhost:39899/__cypress/runner/cypress_runner.js:165408:18)\n    at Promise._settlePromise0 (http://localhost:39899/__cypress/runner/cypress_runner.js:165453:10)\n    at Promise._settlePromises (http://localhost:39899/__cypress/runner/cypress_runner.js:165528:18)\n    at Async../node_modules/bluebird/js/release/async.js.Async._drainQueue (http://localhost:39899/__cypress/runner/cypress_runner.js:162140:16)\n    at Async../node_modules/bluebird/js/release/async.js.Async._drainQueues (http://localhost:39899/__cypress/runner/cypress_runner.js:162150:10)\n    at Async.drainQueues (http://localhost:39899/__cypress/runner/cypress_runner.js:162024:14)",
                "diff": null
              },
              "uuid": "04f6e60e-d725-4195-9a99-970e5c82d0ea",
              "parentUUID": "948c60a3-2545-4879-b6f6-a0fc62a6415e",
              "isHook": false,
              "skipped": false
            }
          ],
          "suites": [],
          "passes": [],
          "failures": [
            "f160f800-bee5-4516-8e1f-43008c55d03e",
            "d577f5bd-d072-40c8-9dbe-e4f2bef9d079",
            "04f6e60e-d725-4195-9a99-970e5c82d0ea"
          ],
          "pending": [],
          "skipped": [],
          "duration": 13340,
          "root": false,
          "rootEmpty": false,
          "_timeout": 2000
        },
        {
          "uuid": "f079f249-d074-4fa4-b6d2-c833c00b6d14",
          "title": "12 - Faça com que as cores da paleta sejam geradas aleatoriamente ao carregar a página.",
          "fullFile": "",
          "file": "",
          "beforeHooks": [],
          "afterHooks": [],
          "tests": [
            {
              "title": "Verifica se as cores geradas na paleta são diferentes a cada carregamento da página",
              "fullTitle": "12 - Faça com que as cores da paleta sejam geradas aleatoriamente ao carregar a página. Verifica se as cores geradas na paleta são diferentes a cada carregamento da página",
              "timedOut": null,
              "duration": 550,
              "state": "failed",
              "speed": null,
              "pass": false,
              "fail": true,
              "pending": false,
              "context": null,
              "code": "cy.get('.color').then(function (colors) {\n  var currentColors;\n  var previousColors;\n  previousColors = Array.from(colors).map(function (color) {\n    return Cypress.$(color).css('background-color');\n  });\n  for (var i = 0; i < 5; i += 1) {\n    cy.reload();\n    cy.get('.color').then(function (colors) {\n      currentColors = Array.from(colors).map(function (color) {\n        return Cypress.$(color).css('background-color');\n      });\n      expect(currentColors).not.to.deep.equal(previousColors);\n      previousColors = currentColors;\n    });\n  }\n});",
              "err": {
                "message": "AssertionError: expected [ Array(4) ] to not deeply equal [ Array(4) ]",
                "estack": "AssertionError: expected [ Array(4) ] to not deeply equal [ Array(4) ]\n    at getRet (http://localhost:39899/__cypress/runner/cypress_runner.js:136585:16)\n    at tryCatcher (http://localhost:39899/__cypress/runner/cypress_runner.js:167415:23)\n    at Function.Promise.attempt.Promise.try (http://localhost:39899/__cypress/runner/cypress_runner.js:164690:29)\n    at Context.thenFn (http://localhost:39899/__cypress/runner/cypress_runner.js:136599:23)\n    at Context.then (http://localhost:39899/__cypress/runner/cypress_runner.js:136971:21)\n    at Context.<anonymous> (http://localhost:39899/__cypress/runner/cypress_runner.js:148875:21)\n    at http://localhost:39899/__cypress/runner/cypress_runner.js:148351:33\n    at tryCatcher (http://localhost:39899/__cypress/runner/cypress_runner.js:167415:23)\n    at Promise._settlePromiseFromHandler (http://localhost:39899/__cypress/runner/cypress_runner.js:165351:31)\n    at Promise._settlePromise (http://localhost:39899/__cypress/runner/cypress_runner.js:165408:18)\n    at Promise._settlePromiseCtx (http://localhost:39899/__cypress/runner/cypress_runner.js:165445:10)\n    at Async../node_modules/bluebird/js/release/async.js.Async._drainQueue (http://localhost:39899/__cypress/runner/cypress_runner.js:162145:12)\n    at Async../node_modules/bluebird/js/release/async.js.Async._drainQueues (http://localhost:39899/__cypress/runner/cypress_runner.js:162150:10)\n    at Async.drainQueues (http://localhost:39899/__cypress/runner/cypress_runner.js:162024:14)",
                "diff": ""
              },
              "uuid": "3f915caf-4335-4117-b90c-9a29361f21a0",
              "parentUUID": "f079f249-d074-4fa4-b6d2-c833c00b6d14",
              "isHook": false,
              "skipped": false
            },
            {
              "title": "Verifica se a cor preta ainda está presente e é a primeira na sua paleta de cores",
              "fullTitle": "12 - Faça com que as cores da paleta sejam geradas aleatoriamente ao carregar a página. Verifica se a cor preta ainda está presente e é a primeira na sua paleta de cores",
              "timedOut": null,
              "duration": 519,
              "state": "failed",
              "speed": null,
              "pass": false,
              "fail": true,
              "pending": false,
              "context": null,
              "code": "cy.get('.color').then(function (colors) {\n  var currentColors;\n  var previousColors;\n  previousColors = Array.from(colors).map(function (color) {\n    return Cypress.$(color).css('background-color');\n  });\n  expect(previousColors[0]).to.eq(BLACK);\n  for (var i = 0; i < 5; i += 1) {\n    cy.reload();\n    cy.get('.color').then(function (colors) {\n      currentColors = Array.from(colors).map(function (color) {\n        return Cypress.$(color).css('background-color');\n      });\n      expect(currentColors[0]).to.eq(BLACK);\n      expect(currentColors).not.to.deep.equal(previousColors);\n      previousColors = currentColors;\n    });\n  }\n});",
              "err": {
                "message": "AssertionError: expected [ Array(4) ] to not deeply equal [ Array(4) ]",
                "estack": "AssertionError: expected [ Array(4) ] to not deeply equal [ Array(4) ]\n    at getRet (http://localhost:39899/__cypress/runner/cypress_runner.js:136585:16)\n    at tryCatcher (http://localhost:39899/__cypress/runner/cypress_runner.js:167415:23)\n    at Function.Promise.attempt.Promise.try (http://localhost:39899/__cypress/runner/cypress_runner.js:164690:29)\n    at Context.thenFn (http://localhost:39899/__cypress/runner/cypress_runner.js:136599:23)\n    at Context.then (http://localhost:39899/__cypress/runner/cypress_runner.js:136971:21)\n    at Context.<anonymous> (http://localhost:39899/__cypress/runner/cypress_runner.js:148875:21)\n    at http://localhost:39899/__cypress/runner/cypress_runner.js:148351:33\n    at tryCatcher (http://localhost:39899/__cypress/runner/cypress_runner.js:167415:23)\n    at Promise._settlePromiseFromHandler (http://localhost:39899/__cypress/runner/cypress_runner.js:165351:31)\n    at Promise._settlePromise (http://localhost:39899/__cypress/runner/cypress_runner.js:165408:18)\n    at Promise._settlePromiseCtx (http://localhost:39899/__cypress/runner/cypress_runner.js:165445:10)\n    at Async../node_modules/bluebird/js/release/async.js.Async._drainQueue (http://localhost:39899/__cypress/runner/cypress_runner.js:162145:12)\n    at Async../node_modules/bluebird/js/release/async.js.Async._drainQueues (http://localhost:39899/__cypress/runner/cypress_runner.js:162150:10)\n    at Async.drainQueues (http://localhost:39899/__cypress/runner/cypress_runner.js:162024:14)",
                "diff": ""
              },
              "uuid": "d171f63b-d138-4e51-804a-bc46fed9964f",
              "parentUUID": "f079f249-d074-4fa4-b6d2-c833c00b6d14",
              "isHook": false,
              "skipped": false
            }
          ],
          "suites": [],
          "passes": [],
          "failures": [
            "3f915caf-4335-4117-b90c-9a29361f21a0",
            "d171f63b-d138-4e51-804a-bc46fed9964f"
          ],
          "pending": [],
          "skipped": [],
          "duration": 1069,
          "root": false,
          "rootEmpty": false,
          "_timeout": 2000
        }
      ],
      "passes": [],
      "failures": [],
      "pending": [],
      "skipped": [],
      "duration": 0,
      "root": true,
      "rootEmpty": true,
      "_timeout": 2000
    }
  ],
  "meta": {
    "mocha": {
      "version": "7.0.1"
    },
    "mochawesome": {
      "options": {
        "quiet": false,
        "reportFilename": "mochawesome",
        "saveHtml": false,
        "saveJson": true,
        "consoleReporter": "spec",
        "useInlineDiffs": false
      },
      "version": "4.1.0"
    },
    "marge": {
      "options": {
        "id": "default",
        "reportDir": "cypress/reports",
        "overwrite": true,
        "html": false,
        "json": true
      },
      "version": "4.1.0"
    }
  }
}