{
  "stats": {
    "suites": 12,
    "tests": 41,
    "passes": 11,
    "pending": 0,
    "failures": 30,
    "start": "2021-08-15T02:16:00.642Z",
    "end": "2021-08-15T02:18:13.983Z",
    "duration": 133341,
    "testsRegistered": 41,
    "passPercent": 26.82926829268293,
    "pendingPercent": 0,
    "other": 0,
    "hasOther": false,
    "skipped": 0,
    "hasSkipped": false
  },
  "results": [
    {
      "uuid": "9a6e40a9-54be-4970-a47c-993c6db36199",
      "title": "",
      "fullFile": "cypress/integration/project.spec.js",
      "file": "cypress/integration/project.spec.js",
      "beforeHooks": [],
      "afterHooks": [],
      "tests": [],
      "suites": [
        {
          "uuid": "791d57b2-61ed-4049-8312-fbd421bfa156",
          "title": "1 - Adicione à página o título \"Paleta de Cores\".",
          "fullFile": "",
          "file": "",
          "beforeHooks": [],
          "afterHooks": [],
          "tests": [
            {
              "title": "Verifica se contém um elemento `h1` com o id `title` com o título correto",
              "fullTitle": "1 - Adicione à página o título \"Paleta de Cores\". Verifica se contém um elemento `h1` com o id `title` com o título correto",
              "timedOut": null,
              "duration": 374,
              "state": "passed",
              "speed": "slow",
              "pass": true,
              "fail": false,
              "pending": false,
              "context": null,
              "code": "cy.get('h1#title').should('contain.text', 'Paleta de Cores');",
              "err": {},
              "uuid": "3543ce68-8c18-4ec3-8b73-57539c688ed4",
              "parentUUID": "791d57b2-61ed-4049-8312-fbd421bfa156",
              "isHook": false,
              "skipped": false
            }
          ],
          "suites": [],
          "passes": [
            "3543ce68-8c18-4ec3-8b73-57539c688ed4"
          ],
          "failures": [],
          "pending": [],
          "skipped": [],
          "duration": 374,
          "root": false,
          "rootEmpty": false,
          "_timeout": 2000
        },
        {
          "uuid": "ca474292-74ef-42a9-a081-d51a10971134",
          "title": "2 - Adicione à página uma paleta de quatro cores distintas.",
          "fullFile": "",
          "file": "",
          "beforeHooks": [],
          "afterHooks": [],
          "tests": [
            {
              "title": "A paleta de cores deve ser um elemento com `id` denominado `color-palette`",
              "fullTitle": "2 - Adicione à página uma paleta de quatro cores distintas. A paleta de cores deve ser um elemento com `id` denominado `color-palette`",
              "timedOut": null,
              "duration": 327,
              "state": "passed",
              "speed": "slow",
              "pass": true,
              "fail": false,
              "pending": false,
              "context": null,
              "code": "cy.get('#color-palette').should('be.visible');",
              "err": {},
              "uuid": "e267766b-feb4-4fe3-87b3-7312fb22f8b9",
              "parentUUID": "ca474292-74ef-42a9-a081-d51a10971134",
              "isHook": false,
              "skipped": false
            },
            {
              "title": "Verifica se cada cor individual da paleta de cores possui a `classe` chamada `color`.",
              "fullTitle": "2 - Adicione à página uma paleta de quatro cores distintas. Verifica se cada cor individual da paleta de cores possui a `classe` chamada `color`.",
              "timedOut": null,
              "duration": 4570,
              "state": "failed",
              "speed": null,
              "pass": false,
              "fail": true,
              "pending": false,
              "context": null,
              "code": "cy.get('.color').should('have.length', 4).then(function (colors) {\n  for (var i = 0; i < colors.length; i++) {\n    cy.wrap(colors[i]).should('be.visible');\n  }\n});",
              "err": {
                "message": "CypressError: Timed out retrying: Too many elements found. Found '5', expected '4'.",
                "estack": "CypressError: Timed out retrying: Too many elements found. Found '5', expected '4'.\n    at cypressErr (http://localhost:44445/__cypress/runner/cypress_runner.js:149934:9)\n    at throwErr (http://localhost:44445/__cypress/runner/cypress_runner.js:149867:11)\n    at Object.throwErrByPath (http://localhost:44445/__cypress/runner/cypress_runner.js:149915:3)\n    at retry (http://localhost:44445/__cypress/runner/cypress_runner.js:144197:19)\n    at onFailFn (http://localhost:44445/__cypress/runner/cypress_runner.js:132448:16)\n    at tryCatcher (http://localhost:44445/__cypress/runner/cypress_runner.js:167415:23)\n    at Promise._settlePromiseFromHandler (http://localhost:44445/__cypress/runner/cypress_runner.js:165351:31)\n    at Promise._settlePromise (http://localhost:44445/__cypress/runner/cypress_runner.js:165408:18)\n    at Promise._settlePromise0 (http://localhost:44445/__cypress/runner/cypress_runner.js:165453:10)\n    at Promise._settlePromises (http://localhost:44445/__cypress/runner/cypress_runner.js:165528:18)\n    at Async../node_modules/bluebird/js/release/async.js.Async._drainQueue (http://localhost:44445/__cypress/runner/cypress_runner.js:162140:16)\n    at Async../node_modules/bluebird/js/release/async.js.Async._drainQueues (http://localhost:44445/__cypress/runner/cypress_runner.js:162150:10)\n    at Async.drainQueues (http://localhost:44445/__cypress/runner/cypress_runner.js:162024:14)",
                "diff": null
              },
              "uuid": "2f747c56-bfa6-40d6-b009-dd0e06650409",
              "parentUUID": "ca474292-74ef-42a9-a081-d51a10971134",
              "isHook": false,
              "skipped": false
            },
            {
              "title": "Verifica se a cor de fundo de cada elemento da paleta é a cor que o elemento representa. **A única cor não permitida na paleta é a cor branca.**",
              "fullTitle": "2 - Adicione à página uma paleta de quatro cores distintas. Verifica se a cor de fundo de cada elemento da paleta é a cor que o elemento representa. **A única cor não permitida na paleta é a cor branca.**",
              "timedOut": null,
              "duration": 365,
              "state": "passed",
              "speed": "slow",
              "pass": true,
              "fail": false,
              "pending": false,
              "context": null,
              "code": "cy.get('.color').each(function (color) {\n  cy.wrap(color).should('have.class', 'color').and('not.have.css', 'background-color', WHITE);\n  cy.wrap(color).should('have.css', 'background-color');\n});",
              "err": {},
              "uuid": "df1df6d6-3fe8-4052-851c-053b16a514ff",
              "parentUUID": "ca474292-74ef-42a9-a081-d51a10971134",
              "isHook": false,
              "skipped": false
            },
            {
              "title": "Verifica se cada elemento da paleta de cores tem uma borda preta, sólida e com 1 pixel de largura;",
              "fullTitle": "2 - Adicione à página uma paleta de quatro cores distintas. Verifica se cada elemento da paleta de cores tem uma borda preta, sólida e com 1 pixel de largura;",
              "timedOut": null,
              "duration": 191,
              "state": "passed",
              "speed": "slow",
              "pass": true,
              "fail": false,
              "pending": false,
              "context": null,
              "code": "cy.get('.color').each(function (color) {\n  cy.wrap(color).and('have.css', 'border', \"1px solid \".concat(BLACK)).and('have.class', 'color');\n});",
              "err": {},
              "uuid": "bf2eec3d-c723-45a1-bfe6-a80d8ca6e1cc",
              "parentUUID": "ca474292-74ef-42a9-a081-d51a10971134",
              "isHook": false,
              "skipped": false
            },
            {
              "title": "Verifica se a paleta lista todas as cores disponíveis para utilização, lado a lado.",
              "fullTitle": "2 - Adicione à página uma paleta de quatro cores distintas. Verifica se a paleta lista todas as cores disponíveis para utilização, lado a lado.",
              "timedOut": null,
              "duration": 4470,
              "state": "failed",
              "speed": null,
              "pass": false,
              "fail": true,
              "pending": false,
              "context": null,
              "code": "cy.get('.color').then(function (colors) {\n  for (var index = 1; index < colors.length; index += 1) {\n    var currentColor = colors[index];\n    var previousColor = colors[index - 1];\n    cy.wrap(currentColor).should('be.onTheRightOf', previousColor).and('be.horizontallyAlignedWith', previousColor);\n  }\n});",
              "err": {
                "message": "CypressError: Timed out retrying: expected '<div#color04.color>' to be horizontally aligned with <div class=\"color\" id=\"color03\"> \n        </div>",
                "estack": "CypressError: Timed out retrying: expected '<div#color04.color>' to be horizontally aligned with <div class=\"color\" id=\"color03\"> \n        </div>\n    at cypressErr (http://localhost:44445/__cypress/runner/cypress_runner.js:149934:9)\n    at throwErr (http://localhost:44445/__cypress/runner/cypress_runner.js:149867:11)\n    at Object.throwErrByPath (http://localhost:44445/__cypress/runner/cypress_runner.js:149915:3)\n    at retry (http://localhost:44445/__cypress/runner/cypress_runner.js:144197:19)\n    at onFailFn (http://localhost:44445/__cypress/runner/cypress_runner.js:132448:16)\n    at tryCatcher (http://localhost:44445/__cypress/runner/cypress_runner.js:167415:23)\n    at Promise._settlePromiseFromHandler (http://localhost:44445/__cypress/runner/cypress_runner.js:165351:31)\n    at Promise._settlePromise (http://localhost:44445/__cypress/runner/cypress_runner.js:165408:18)\n    at Promise._settlePromise0 (http://localhost:44445/__cypress/runner/cypress_runner.js:165453:10)\n    at Promise._settlePromises (http://localhost:44445/__cypress/runner/cypress_runner.js:165528:18)\n    at Async../node_modules/bluebird/js/release/async.js.Async._drainQueue (http://localhost:44445/__cypress/runner/cypress_runner.js:162140:16)\n    at Async../node_modules/bluebird/js/release/async.js.Async._drainQueues (http://localhost:44445/__cypress/runner/cypress_runner.js:162150:10)\n    at Async.drainQueues (http://localhost:44445/__cypress/runner/cypress_runner.js:162024:14)",
                "diff": null
              },
              "uuid": "52c4602a-501c-493b-a0ee-fcf8f9f363f9",
              "parentUUID": "ca474292-74ef-42a9-a081-d51a10971134",
              "isHook": false,
              "skipped": false
            },
            {
              "title": "Verifica se a paleta de cores está posicionada abaixo do título 'Paleta de Cores'",
              "fullTitle": "2 - Adicione à página uma paleta de quatro cores distintas. Verifica se a paleta de cores está posicionada abaixo do título 'Paleta de Cores'",
              "timedOut": null,
              "duration": 303,
              "state": "passed",
              "speed": "slow",
              "pass": true,
              "fail": false,
              "pending": false,
              "context": null,
              "code": "cy.get('h1#title').then(function (title) {\n  cy.get('#color-palette').should('be.belowOf', title);\n});",
              "err": {},
              "uuid": "122e7352-0785-4fb2-a34e-328dbdcfbe9d",
              "parentUUID": "ca474292-74ef-42a9-a081-d51a10971134",
              "isHook": false,
              "skipped": false
            },
            {
              "title": "Verifica se a paleta de cores não contém cores repetidas.",
              "fullTitle": "2 - Adicione à página uma paleta de quatro cores distintas. Verifica se a paleta de cores não contém cores repetidas.",
              "timedOut": null,
              "duration": 208,
              "state": "passed",
              "speed": "slow",
              "pass": true,
              "fail": false,
              "pending": false,
              "context": null,
              "code": "cy.get('.color').then(function (colors) {\n  var allColors = Array.from(colors).map(function (color) {\n    return Cypress.$(color).css('background-color');\n  });\n  cy.log(allColors);\n  var uniqColors = (0, _toConsumableArray2[\"default\"])(new Set(allColors));\n  cy.log(uniqColors);\n  expect(allColors.length).to.eq(uniqColors.length);\n});",
              "err": {},
              "uuid": "74d43436-cc52-41a8-bb3c-0da5d14675e3",
              "parentUUID": "ca474292-74ef-42a9-a081-d51a10971134",
              "isHook": false,
              "skipped": false
            }
          ],
          "suites": [],
          "passes": [
            "e267766b-feb4-4fe3-87b3-7312fb22f8b9",
            "df1df6d6-3fe8-4052-851c-053b16a514ff",
            "bf2eec3d-c723-45a1-bfe6-a80d8ca6e1cc",
            "122e7352-0785-4fb2-a34e-328dbdcfbe9d",
            "74d43436-cc52-41a8-bb3c-0da5d14675e3"
          ],
          "failures": [
            "2f747c56-bfa6-40d6-b009-dd0e06650409",
            "52c4602a-501c-493b-a0ee-fcf8f9f363f9"
          ],
          "pending": [],
          "skipped": [],
          "duration": 10434,
          "root": false,
          "rootEmpty": false,
          "_timeout": 2000
        },
        {
          "uuid": "7f40b403-b71b-4816-a9c1-1882612576ff",
          "title": "3 - Adicione a cor **preta** como a primeira cor da paleta de cores.",
          "fullFile": "",
          "file": "",
          "beforeHooks": [],
          "afterHooks": [],
          "tests": [
            {
              "title": "Verifica se a primeira cor da paleta é preta",
              "fullTitle": "3 - Adicione a cor **preta** como a primeira cor da paleta de cores. Verifica se a primeira cor da paleta é preta",
              "timedOut": null,
              "duration": 226,
              "state": "passed",
              "speed": "slow",
              "pass": true,
              "fail": false,
              "pending": false,
              "context": null,
              "code": "cy.get('.color').first().should('have.css', 'background-color', BLACK);",
              "err": {},
              "uuid": "f8758399-5eb1-4e6a-9604-1b40cb2dac4a",
              "parentUUID": "7f40b403-b71b-4816-a9c1-1882612576ff",
              "isHook": false,
              "skipped": false
            },
            {
              "title": "Verifica se as demais cores podem ser escolhidas livremente.",
              "fullTitle": "3 - Adicione a cor **preta** como a primeira cor da paleta de cores. Verifica se as demais cores podem ser escolhidas livremente.",
              "timedOut": null,
              "duration": 390,
              "state": "passed",
              "speed": "slow",
              "pass": true,
              "fail": false,
              "pending": false,
              "context": null,
              "code": "cy.get('.color').eq(1).should('not.have.css', 'background-color', BLACK);\ncy.get('.color').eq(1).should('not.have.css', 'background-color', WHITE);\ncy.get('.color').eq(1).should('not.have.css', 'background-color', 'rgba(0, 0, 0, 0)');\ncy.get('.color').eq(1).should('have.css', 'background-color');\ncy.get('.color').eq(2).should('not.have.css', 'background-color', BLACK);\ncy.get('.color').eq(2).should('not.have.css', 'background-color', WHITE);\ncy.get('.color').eq(2).should('not.have.css', 'background-color', 'rgba(0, 0, 0, 0)');\ncy.get('.color').eq(2).should('have.css', 'background-color');\ncy.get('.color').eq(3).should('not.have.css', 'background-color', BLACK);\ncy.get('.color').eq(3).should('not.have.css', 'background-color', WHITE);\ncy.get('.color').eq(3).should('not.have.css', 'background-color', 'rgba(0, 0, 0, 0)');\ncy.get('.color').eq(3).should('have.css', 'background-color');",
              "err": {},
              "uuid": "aefb8acc-a0a4-46fb-8f42-f65f6fcd80e9",
              "parentUUID": "7f40b403-b71b-4816-a9c1-1882612576ff",
              "isHook": false,
              "skipped": false
            }
          ],
          "suites": [],
          "passes": [
            "f8758399-5eb1-4e6a-9604-1b40cb2dac4a",
            "aefb8acc-a0a4-46fb-8f42-f65f6fcd80e9"
          ],
          "failures": [],
          "pending": [],
          "skipped": [],
          "duration": 616,
          "root": false,
          "rootEmpty": false,
          "_timeout": 2000
        },
        {
          "uuid": "13999530-a7b9-4373-b36a-07c6f5bc2e3a",
          "title": "4 - Adicione à página um quadro de pixels, com 25 pixels.",
          "fullFile": "",
          "file": "",
          "beforeHooks": [],
          "afterHooks": [],
          "tests": [
            {
              "title": "Verifica se o quadro de pixels possui o `id` denominado `pixel-board`",
              "fullTitle": "4 - Adicione à página um quadro de pixels, com 25 pixels. Verifica se o quadro de pixels possui o `id` denominado `pixel-board`",
              "timedOut": null,
              "duration": 206,
              "state": "passed",
              "speed": "slow",
              "pass": true,
              "fail": false,
              "pending": false,
              "context": null,
              "code": "cy.get('#pixel-board').should('be.visible');",
              "err": {},
              "uuid": "9786c946-1d4f-4109-b523-3dcef473c569",
              "parentUUID": "13999530-a7b9-4373-b36a-07c6f5bc2e3a",
              "isHook": false,
              "skipped": false
            },
            {
              "title": "Verifica se cada pixel individual dentro do quadro possui a `classe` denominada `pixel`.",
              "fullTitle": "4 - Adicione à página um quadro de pixels, com 25 pixels. Verifica se cada pixel individual dentro do quadro possui a `classe` denominada `pixel`.",
              "timedOut": null,
              "duration": 4455,
              "state": "failed",
              "speed": null,
              "pass": false,
              "fail": true,
              "pending": false,
              "context": null,
              "code": "cy.get('.pixel').should('have.length', 25);",
              "err": {
                "message": "CypressError: Timed out retrying: Expected to find element: '.pixel', but never found it.",
                "estack": "CypressError: Timed out retrying: Expected to find element: '.pixel', but never found it.\n    at cypressErr (http://localhost:44445/__cypress/runner/cypress_runner.js:149934:9)\n    at throwErr (http://localhost:44445/__cypress/runner/cypress_runner.js:149867:11)\n    at Object.throwErrByPath (http://localhost:44445/__cypress/runner/cypress_runner.js:149915:3)\n    at retry (http://localhost:44445/__cypress/runner/cypress_runner.js:144197:19)\n    at onFailFn (http://localhost:44445/__cypress/runner/cypress_runner.js:132448:16)\n    at tryCatcher (http://localhost:44445/__cypress/runner/cypress_runner.js:167415:23)\n    at Promise._settlePromiseFromHandler (http://localhost:44445/__cypress/runner/cypress_runner.js:165351:31)\n    at Promise._settlePromise (http://localhost:44445/__cypress/runner/cypress_runner.js:165408:18)\n    at Promise._settlePromise0 (http://localhost:44445/__cypress/runner/cypress_runner.js:165453:10)\n    at Promise._settlePromises (http://localhost:44445/__cypress/runner/cypress_runner.js:165528:18)\n    at Async../node_modules/bluebird/js/release/async.js.Async._drainQueue (http://localhost:44445/__cypress/runner/cypress_runner.js:162140:16)\n    at Async../node_modules/bluebird/js/release/async.js.Async._drainQueues (http://localhost:44445/__cypress/runner/cypress_runner.js:162150:10)\n    at Async.drainQueues (http://localhost:44445/__cypress/runner/cypress_runner.js:162024:14)",
                "diff": null
              },
              "uuid": "bc91c3d3-ee1e-44b9-bf47-83c35f721e8a",
              "parentUUID": "13999530-a7b9-4373-b36a-07c6f5bc2e3a",
              "isHook": false,
              "skipped": false
            },
            {
              "title": "Verifica se a cor inicial dos pixels dentro do quadro, ao abrir a página, é branca.",
              "fullTitle": "4 - Adicione à página um quadro de pixels, com 25 pixels. Verifica se a cor inicial dos pixels dentro do quadro, ao abrir a página, é branca.",
              "timedOut": null,
              "duration": 4518,
              "state": "failed",
              "speed": null,
              "pass": false,
              "fail": true,
              "pending": false,
              "context": null,
              "code": "cy.get('.pixel').should('have.length', 25).each(function (pixel) {\n  expect(pixel).to.have.css('background-color', WHITE);\n});",
              "err": {
                "message": "CypressError: Timed out retrying: Expected to find element: '.pixel', but never found it.",
                "estack": "CypressError: Timed out retrying: Expected to find element: '.pixel', but never found it.\n    at cypressErr (http://localhost:44445/__cypress/runner/cypress_runner.js:149934:9)\n    at throwErr (http://localhost:44445/__cypress/runner/cypress_runner.js:149867:11)\n    at Object.throwErrByPath (http://localhost:44445/__cypress/runner/cypress_runner.js:149915:3)\n    at retry (http://localhost:44445/__cypress/runner/cypress_runner.js:144197:19)\n    at onFailFn (http://localhost:44445/__cypress/runner/cypress_runner.js:132448:16)\n    at tryCatcher (http://localhost:44445/__cypress/runner/cypress_runner.js:167415:23)\n    at Promise._settlePromiseFromHandler (http://localhost:44445/__cypress/runner/cypress_runner.js:165351:31)\n    at Promise._settlePromise (http://localhost:44445/__cypress/runner/cypress_runner.js:165408:18)\n    at Promise._settlePromise0 (http://localhost:44445/__cypress/runner/cypress_runner.js:165453:10)\n    at Promise._settlePromises (http://localhost:44445/__cypress/runner/cypress_runner.js:165528:18)\n    at Async../node_modules/bluebird/js/release/async.js.Async._drainQueue (http://localhost:44445/__cypress/runner/cypress_runner.js:162140:16)\n    at Async../node_modules/bluebird/js/release/async.js.Async._drainQueues (http://localhost:44445/__cypress/runner/cypress_runner.js:162150:10)\n    at Async.drainQueues (http://localhost:44445/__cypress/runner/cypress_runner.js:162024:14)",
                "diff": null
              },
              "uuid": "994a05d3-8cd1-4e76-9cf4-c85aefebb96e",
              "parentUUID": "13999530-a7b9-4373-b36a-07c6f5bc2e3a",
              "isHook": false,
              "skipped": false
            },
            {
              "title": "Verifica se o quadro de pixels aparece abaixo da paleta de cores",
              "fullTitle": "4 - Adicione à página um quadro de pixels, com 25 pixels. Verifica se o quadro de pixels aparece abaixo da paleta de cores",
              "timedOut": null,
              "duration": 264,
              "state": "passed",
              "speed": "slow",
              "pass": true,
              "fail": false,
              "pending": false,
              "context": null,
              "code": "cy.get('#color-palette').then(function (palette) {\n  cy.get('#pixel-board').should('be.belowOf', palette);\n});",
              "err": {},
              "uuid": "e291ba89-fb40-4f99-a05d-04d709c439e3",
              "parentUUID": "13999530-a7b9-4373-b36a-07c6f5bc2e3a",
              "isHook": false,
              "skipped": false
            }
          ],
          "suites": [],
          "passes": [
            "9786c946-1d4f-4109-b523-3dcef473c569",
            "e291ba89-fb40-4f99-a05d-04d709c439e3"
          ],
          "failures": [
            "bc91c3d3-ee1e-44b9-bf47-83c35f721e8a",
            "994a05d3-8cd1-4e76-9cf4-c85aefebb96e"
          ],
          "pending": [],
          "skipped": [],
          "duration": 9443,
          "root": false,
          "rootEmpty": false,
          "_timeout": 2000
        },
        {
          "uuid": "0c8985bb-e812-46a7-825b-a04252fcedae",
          "title": "5 - Faça com que cada elemento do quadro de pixels possua 40 pixels de largura, 40 pixels de altura e seja delimitado por uma borda preta de 1 pixel.",
          "fullFile": "",
          "file": "",
          "beforeHooks": [],
          "afterHooks": [],
          "tests": [
            {
              "title": "Verifica se o quadro de pixels tem altura e comprimento de 5 elementos",
              "fullTitle": "5 - Faça com que cada elemento do quadro de pixels possua 40 pixels de largura, 40 pixels de altura e seja delimitado por uma borda preta de 1 pixel. Verifica se o quadro de pixels tem altura e comprimento de 5 elementos",
              "timedOut": null,
              "duration": 4451,
              "state": "failed",
              "speed": null,
              "pass": false,
              "fail": true,
              "pending": false,
              "context": null,
              "code": "cy.get('.pixel').should('have.length', 25).each(function (pixel) {\n  expect(pixel).to.have.css('background-color', WHITE);\n}).and(function (pixels) {\n  var rows = chunk(pixels, 5);\n  rows.forEach(function (row) {\n    for (var index = 1; index < row.length; index += 1) {\n      var current = pixels[index];\n      var previous = pixels[index - 1];\n      cy.wrap(current).should('be.onTheRightOf', previous).and('be.horizontallyAlignedWith', previous);\n    }\n  });\n  for (var index = 1; index < 5; index += 1) {\n    expect(pixels[index * 5]).to.be.belowOf(pixels[(index - 1) * 5]);\n  }\n});",
              "err": {
                "message": "CypressError: Timed out retrying: Expected to find element: '.pixel', but never found it.",
                "estack": "CypressError: Timed out retrying: Expected to find element: '.pixel', but never found it.\n    at cypressErr (http://localhost:44445/__cypress/runner/cypress_runner.js:149934:9)\n    at throwErr (http://localhost:44445/__cypress/runner/cypress_runner.js:149867:11)\n    at Object.throwErrByPath (http://localhost:44445/__cypress/runner/cypress_runner.js:149915:3)\n    at retry (http://localhost:44445/__cypress/runner/cypress_runner.js:144197:19)\n    at onFailFn (http://localhost:44445/__cypress/runner/cypress_runner.js:132448:16)\n    at tryCatcher (http://localhost:44445/__cypress/runner/cypress_runner.js:167415:23)\n    at Promise._settlePromiseFromHandler (http://localhost:44445/__cypress/runner/cypress_runner.js:165351:31)\n    at Promise._settlePromise (http://localhost:44445/__cypress/runner/cypress_runner.js:165408:18)\n    at Promise._settlePromise0 (http://localhost:44445/__cypress/runner/cypress_runner.js:165453:10)\n    at Promise._settlePromises (http://localhost:44445/__cypress/runner/cypress_runner.js:165528:18)\n    at Async../node_modules/bluebird/js/release/async.js.Async._drainQueue (http://localhost:44445/__cypress/runner/cypress_runner.js:162140:16)\n    at Async../node_modules/bluebird/js/release/async.js.Async._drainQueues (http://localhost:44445/__cypress/runner/cypress_runner.js:162150:10)\n    at Async.drainQueues (http://localhost:44445/__cypress/runner/cypress_runner.js:162024:14)",
                "diff": null
              },
              "uuid": "648fa2e1-5163-43ba-9f79-d1757786ab1d",
              "parentUUID": "0c8985bb-e812-46a7-825b-a04252fcedae",
              "isHook": false,
              "skipped": false
            },
            {
              "title": "Verifica se 40 pixels é o tamanho total do elemento, incluindo seu conteúdo e excluindo a borda preta, que deve ser criada à parte.",
              "fullTitle": "5 - Faça com que cada elemento do quadro de pixels possua 40 pixels de largura, 40 pixels de altura e seja delimitado por uma borda preta de 1 pixel. Verifica se 40 pixels é o tamanho total do elemento, incluindo seu conteúdo e excluindo a borda preta, que deve ser criada à parte.",
              "timedOut": null,
              "duration": 4612,
              "state": "failed",
              "speed": null,
              "pass": false,
              "fail": true,
              "pending": false,
              "context": null,
              "code": "cy.get('.pixel').each(function (pixel) {\n  cy.wrap(pixel).should('have.css', 'height', '40px').and('have.css', 'width', '40px').and('have.css', 'border', \"1px solid \".concat(BLACK));\n});",
              "err": {
                "message": "CypressError: Timed out retrying: Expected to find element: '.pixel', but never found it.",
                "estack": "CypressError: Timed out retrying: Expected to find element: '.pixel', but never found it.\n    at cypressErr (http://localhost:44445/__cypress/runner/cypress_runner.js:149934:9)\n    at throwErr (http://localhost:44445/__cypress/runner/cypress_runner.js:149867:11)\n    at Object.throwErrByPath (http://localhost:44445/__cypress/runner/cypress_runner.js:149915:3)\n    at retry (http://localhost:44445/__cypress/runner/cypress_runner.js:144197:19)\n    at onFailFn (http://localhost:44445/__cypress/runner/cypress_runner.js:132448:16)\n    at tryCatcher (http://localhost:44445/__cypress/runner/cypress_runner.js:167415:23)\n    at Promise._settlePromiseFromHandler (http://localhost:44445/__cypress/runner/cypress_runner.js:165351:31)\n    at Promise._settlePromise (http://localhost:44445/__cypress/runner/cypress_runner.js:165408:18)\n    at Promise._settlePromise0 (http://localhost:44445/__cypress/runner/cypress_runner.js:165453:10)\n    at Promise._settlePromises (http://localhost:44445/__cypress/runner/cypress_runner.js:165528:18)\n    at Async../node_modules/bluebird/js/release/async.js.Async._drainQueue (http://localhost:44445/__cypress/runner/cypress_runner.js:162140:16)\n    at Async../node_modules/bluebird/js/release/async.js.Async._drainQueues (http://localhost:44445/__cypress/runner/cypress_runner.js:162150:10)\n    at Async.drainQueues (http://localhost:44445/__cypress/runner/cypress_runner.js:162024:14)",
                "diff": null
              },
              "uuid": "43c37772-8bf1-49ae-babe-4d609674947b",
              "parentUUID": "0c8985bb-e812-46a7-825b-a04252fcedae",
              "isHook": false,
              "skipped": false
            }
          ],
          "suites": [],
          "passes": [],
          "failures": [
            "648fa2e1-5163-43ba-9f79-d1757786ab1d",
            "43c37772-8bf1-49ae-babe-4d609674947b"
          ],
          "pending": [],
          "skipped": [],
          "duration": 9063,
          "root": false,
          "rootEmpty": false,
          "_timeout": 2000
        },
        {
          "uuid": "f96fdb8a-cc6c-45cc-95d5-67f77294b901",
          "title": "6 - Defina a cor preta como cor inicial. Ao carregar a página a cor preta já deve estar selecionada para pintar os pixels",
          "fullFile": "",
          "file": "",
          "beforeHooks": [],
          "afterHooks": [],
          "tests": [
            {
              "title": "Verifica se o elemento da cor preta possui, inicialmente, a `classe` `selected`",
              "fullTitle": "6 - Defina a cor preta como cor inicial. Ao carregar a página a cor preta já deve estar selecionada para pintar os pixels Verifica se o elemento da cor preta possui, inicialmente, a `classe` `selected`",
              "timedOut": null,
              "duration": 4594,
              "state": "failed",
              "speed": null,
              "pass": false,
              "fail": true,
              "pending": false,
              "context": null,
              "code": "cy.get('.selected').first().should('have.css', 'background-color', BLACK);",
              "err": {
                "message": "CypressError: Timed out retrying: Expected to find element: '.selected', but never found it.",
                "estack": "CypressError: Timed out retrying: Expected to find element: '.selected', but never found it.\n    at cypressErr (http://localhost:44445/__cypress/runner/cypress_runner.js:149934:9)\n    at throwErr (http://localhost:44445/__cypress/runner/cypress_runner.js:149867:11)\n    at Object.throwErrByPath (http://localhost:44445/__cypress/runner/cypress_runner.js:149915:3)\n    at retry (http://localhost:44445/__cypress/runner/cypress_runner.js:144197:19)\n    at onFailFn (http://localhost:44445/__cypress/runner/cypress_runner.js:132448:16)\n    at tryCatcher (http://localhost:44445/__cypress/runner/cypress_runner.js:167415:23)\n    at Promise._settlePromiseFromHandler (http://localhost:44445/__cypress/runner/cypress_runner.js:165351:31)\n    at Promise._settlePromise (http://localhost:44445/__cypress/runner/cypress_runner.js:165408:18)\n    at Promise._settlePromise0 (http://localhost:44445/__cypress/runner/cypress_runner.js:165453:10)\n    at Promise._settlePromises (http://localhost:44445/__cypress/runner/cypress_runner.js:165528:18)\n    at Async../node_modules/bluebird/js/release/async.js.Async._drainQueue (http://localhost:44445/__cypress/runner/cypress_runner.js:162140:16)\n    at Async../node_modules/bluebird/js/release/async.js.Async._drainQueues (http://localhost:44445/__cypress/runner/cypress_runner.js:162150:10)\n    at Async.drainQueues (http://localhost:44445/__cypress/runner/cypress_runner.js:162024:14)",
                "diff": null
              },
              "uuid": "09b173bc-f55c-4edd-b57e-3f3817841505",
              "parentUUID": "f96fdb8a-cc6c-45cc-95d5-67f77294b901",
              "isHook": false,
              "skipped": false
            },
            {
              "title": "Verifica se nenhuma outra cor da paleta tem a `classe` `selected`",
              "fullTitle": "6 - Defina a cor preta como cor inicial. Ao carregar a página a cor preta já deve estar selecionada para pintar os pixels Verifica se nenhuma outra cor da paleta tem a `classe` `selected`",
              "timedOut": null,
              "duration": 310,
              "state": "passed",
              "speed": "slow",
              "pass": true,
              "fail": false,
              "pending": false,
              "context": null,
              "code": "cy.get('.color:not(:first-child)').each(function (color) {\n  cy.wrap(color).should('not.have.class', 'selected');\n});",
              "err": {},
              "uuid": "ef3932bd-1c62-43ae-8936-9673ae16b3a4",
              "parentUUID": "f96fdb8a-cc6c-45cc-95d5-67f77294b901",
              "isHook": false,
              "skipped": false
            }
          ],
          "suites": [],
          "passes": [
            "ef3932bd-1c62-43ae-8936-9673ae16b3a4"
          ],
          "failures": [
            "09b173bc-f55c-4edd-b57e-3f3817841505"
          ],
          "pending": [],
          "skipped": [],
          "duration": 4904,
          "root": false,
          "rootEmpty": false,
          "_timeout": 2000
        },
        {
          "uuid": "083d2165-8df9-45de-b479-c6a60fb4b9ae",
          "title": "7 - Clicar em uma das cores da paleta, faz com que ela seja selecionada e utilizada para preencher os pixels no quadro.",
          "fullFile": "",
          "file": "",
          "beforeHooks": [],
          "afterHooks": [],
          "tests": [
            {
              "title": "Verifica se somente uma cor da paleta de cores tem a classe `selected` de cada vez",
              "fullTitle": "7 - Clicar em uma das cores da paleta, faz com que ela seja selecionada e utilizada para preencher os pixels no quadro. Verifica se somente uma cor da paleta de cores tem a classe `selected` de cada vez",
              "timedOut": null,
              "duration": 625,
              "state": "failed",
              "speed": null,
              "pass": false,
              "fail": true,
              "pending": false,
              "context": null,
              "code": "cy.get('.color').each(function (selectedColor, selectedColorIndex) {\n  cy.wrap(selectedColor).click();\n  cy.get('.color').each(function (color, colorIndex) {\n    if (colorIndex === selectedColorIndex) {\n      expect(color).to.have[\"class\"]('selected');\n    } else {\n      expect(color).not.to.have[\"class\"]('selected');\n    }\n  });\n});",
              "err": {
                "message": "AssertionError: expected '<div#color01.color>' to have class 'selected'",
                "estack": "AssertionError: expected '<div#color01.color>' to have class 'selected'\n    at callback (http://localhost:44445/__cypress/runner/cypress_runner.js:136947:20)\n    at getRet (http://localhost:44445/__cypress/runner/cypress_runner.js:136585:16)\n    at tryCatcher (http://localhost:44445/__cypress/runner/cypress_runner.js:167415:23)\n    at Function.Promise.attempt.Promise.try (http://localhost:44445/__cypress/runner/cypress_runner.js:164690:29)\n    at thenFn (http://localhost:44445/__cypress/runner/cypress_runner.js:136599:23)\n    at yieldItem (http://localhost:44445/__cypress/runner/cypress_runner.js:136954:16)\n    at tryCatcher (http://localhost:44445/__cypress/runner/cypress_runner.js:167415:23)\n    at Object.gotValue (http://localhost:44445/__cypress/runner/cypress_runner.js:166557:18)\n    at Object.gotAccum (http://localhost:44445/__cypress/runner/cypress_runner.js:166546:25)\n    at Object.tryCatcher (http://localhost:44445/__cypress/runner/cypress_runner.js:167415:23)\n    at Promise._settlePromiseFromHandler (http://localhost:44445/__cypress/runner/cypress_runner.js:165351:31)\n    at Promise._settlePromise (http://localhost:44445/__cypress/runner/cypress_runner.js:165408:18)\n    at Promise._settlePromiseCtx (http://localhost:44445/__cypress/runner/cypress_runner.js:165445:10)\n    at Async../node_modules/bluebird/js/release/async.js.Async._drainQueue (http://localhost:44445/__cypress/runner/cypress_runner.js:162145:12)\n    at Async../node_modules/bluebird/js/release/async.js.Async._drainQueues (http://localhost:44445/__cypress/runner/cypress_runner.js:162150:10)\n    at Async.drainQueues (http://localhost:44445/__cypress/runner/cypress_runner.js:162024:14)",
                "diff": "- { '0': \n-    <div class=\"color\" id=\"color01\"> \n-            </div>,\n-   length: 1,\n-   jquery: '3.1.1',\n-   constructor: \n-    { [Function: jQuery]\n-      fn: \n-       { jquery: '3.1.1',\n-         constructor: [Circular],\n-         length: 0,\n-         toArray: [Function: toArray],\n-         get: [Function: get],\n-         pushStack: [Function: pushStack],\n-         each: [Function: each],\n-         map: [Function: map],\n-         slice: [Function: slice],\n-         first: [Function: first],\n-         last: [Function: last],\n-         eq: [Function: eq],\n-         end: [Function: end],\n-         push: [Function: push],\n-         sort: [Function: sort],\n-         splice: [Function: splice],\n-         extend: [Function],\n-         find: [Function: find],\n-         filter: [Function: filter],\n-         not: [Function: not],\n-         is: [Function: is],\n-         init: [Function],\n-         has: [Function: has],\n-         closest: [Function: closest],\n-         index: [Function: index],\n-         add: [Function: add],\n-         addBack: [Function: addBack],\n-         parent: [Function],\n-         parents: [Function],\n-         parentsUntil: [Function],\n-         next: [Function],\n-         prev: [Function],\n-         nextAll: [Function],\n-         prevAll: [Function],\n-         nextUntil: [Function],\n-         prevUntil: [Function],\n-         siblings: [Function],\n-         children: [Function],\n-         contents: [Function],\n-         ready: [Function],\n-         data: [Function: data],\n-         removeData: [Function: removeData],\n-         queue: [Function: queue],\n-         dequeue: [Function: dequeue],\n-         clearQueue: [Function: clearQueue],\n-         promise: [Function: promise],\n-         show: [Function],\n-         hide: [Function],\n-         toggle: [Function],\n-         on: [Function: on],\n-         one: [Function: one],\n-         off: [Function: off],\n-         detach: [Function: detach],\n-         remove: [Function: remove],\n-         text: [Function: text],\n-         append: [Function: append],\n-         prepend: [Function: prepend],\n-         before: [Function: before],\n-         after: [Function: after],\n-         empty: [Function: empty],\n-         clone: [Function: clone],\n-         html: [Function: html],\n-         replaceWith: [Function: replaceWith],\n-         appendTo: [Function],\n-         prependTo: [Function],\n-         insertBefore: [Function],\n-         insertAfter: [Function],\n-         replaceAll: [Function],\n-         css: [Function: css],\n-         fadeTo: [Function: fadeTo],\n-         animate: [Function: animate],\n-         stop: [Function: stop],\n-         finish: [Function: finish],\n-         slideDown: [Function],\n-         slideUp: [Function],\n-         slideToggle: [Function],\n-         fadeIn: [Function],\n-         fadeOut: [Function],\n-         fadeToggle: [Function],\n-         delay: [Function],\n-         attr: [Function: attr],\n-         removeAttr: [Function: removeAttr],\n-         prop: [Function: prop],\n-         removeProp: [Function: removeProp],\n-         addClass: [Function: addClass],\n-         removeClass: [Function: removeClass],\n-         toggleClass: [Function: toggleClass],\n-         hasClass: [Function: hasClass],\n-         val: [Function: val],\n-         trigger: [Function: trigger],\n-         triggerHandler: [Function: triggerHandler],\n-         blur: [Function],\n-         focus: [Function],\n-         focusin: [Function],\n-         focusout: [Function],\n-         resize: [Function],\n-         scroll: [Function],\n-         click: [Function],\n-         dblclick: [Function],\n-         mousedown: [Function],\n-         mouseup: [Function],\n-         mousemove: [Function],\n-         mouseover: [Function],\n-         mouseout: [Function],\n-         mouseenter: [Function],\n-         mouseleave: [Function],\n-         change: [Function],\n-         select: [Function],\n-         submit: [Function],\n-         keydown: [Function],\n-         keypress: [Function],\n-         keyup: [Function],\n-         contextmenu: [Function],\n-         hover: [Function: hover],\n-         serialize: [Function: serialize],\n-         serializeArray: [Function: serializeArray],\n-         wrapAll: [Function: wrapAll],\n-         wrapInner: [Function: wrapInner],\n-         wrap: [Function: wrap],\n-         unwrap: [Function: unwrap],\n-         load: [Function],\n-         ajaxStart: [Function],\n-         ajaxStop: [Function],\n-         ajaxComplete: [Function],\n-         ajaxError: [Function],\n-         ajaxSuccess: [Function],\n-         ajaxSend: [Function],\n-         offset: [Function: offset],\n-         position: [Function: position],\n-         offsetParent: [Function: offsetParent],\n-         scrollLeft: [Function],\n-         scrollTop: [Function],\n-         innerHeight: [Function],\n-         height: [Function],\n-         outerHeight: [Function],\n-         innerWidth: [Function],\n-         width: [Function],\n-         outerWidth: [Function],\n-         bind: [Function: bind],\n-         unbind: [Function: unbind],\n-         delegate: [Function: delegate],\n-         undelegate: [Function: undelegate],\n-         scrollTo: [Function] },\n-      extend: [Function],\n-      expando: 'jQuery31107518115231000944',\n-      isReady: true,\n-      error: [Function: error],\n-      noop: [Function: noop],\n-      isFunction: [Function: isFunction],\n-      isArray: [Function: isArray],\n-      isWindow: [Function: isWindow],\n-      isNumeric: [Function: isNumeric],\n-      isPlainObject: [Function: isPlainObject],\n-      isEmptyObject: [Function: isEmptyObject],\n-      type: [Function: type],\n-      globalEval: [Function: globalEval],\n-      camelCase: [Function: camelCase],\n-      nodeName: [Function: nodeName],\n-      each: [Function: each],\n-      trim: [Function: trim],\n-      makeArray: [Function: makeArray],\n-      inArray: [Function: inArray],\n-      merge: [Function: merge],\n-      grep: [Function: grep],\n-      map: [Function: map],\n-      guid: 7,\n-      proxy: [Function: proxy],\n-      now: [Function: now],\n-      support: \n-       { checkClone: true,\n-         noCloneChecked: true,\n-         clearCloneStyle: true,\n-         pixelPosition: [Function: pixelPosition],\n-         boxSizingReliable: [Function: boxSizingReliable],\n-         pixelMarginRight: [Function: pixelMarginRight],\n-         reliableMarginLeft: [Function: reliableMarginLeft],\n-         checkOn: true,\n-         optSelected: true,\n-         radioValue: true,\n-         focusin: false,\n-         cors: true,\n-         ajax: true,\n-         createHTMLDocument: true },\n-      find: \n-       { [Function: Sizzle]\n-         support: [Object],\n-         isXML: [Function],\n-         setDocument: [Function],\n-         matches: [Function],\n-         matchesSelector: [Function],\n-         contains: [Function],\n-         attr: [Function],\n-         escape: [Function],\n-         error: [Function],\n-         uniqueSort: [Function],\n-         getText: [Function],\n-         selectors: [Object],\n-         tokenize: [Function],\n-         compile: [Function],\n-         select: [Function] },\n-      expr: \n-       { cacheLength: 1,\n-         createPseudo: [Function: markFunction],\n-         match: [Object],\n-         attrHandle: [Object],\n-         find: [Object],\n-         relative: [Object],\n-         preFilter: [Object],\n-         filter: [Object],\n-         pseudos: [Object],\n-         filters: [Object],\n-         setFilters: [Object],\n-         ':': [Object] },\n-      unique: [Function],\n-      uniqueSort: [Function],\n-      text: [Function],\n-      isXMLDoc: [Function],\n-      contains: [Function],\n-      escapeSelector: [Function],\n-      filter: [Function],\n-      Callbacks: [Function],\n-      Deferred: { [Function: Deferred] exceptionHook: [Function] },\n-      when: [Function: when],\n-      readyException: [Function],\n-      readyWait: 0,\n-      holdReady: [Function: holdReady],\n-      ready: { [Function: ready] then: [Function: then] },\n-      hasData: [Function: hasData],\n-      data: [Function: data],\n-      removeData: [Function: removeData],\n-      _data: [Function: _data],\n-      _removeData: [Function: _removeData],\n-      queue: [Function: queue],\n-      dequeue: [Function: dequeue],\n-      _queueHooks: [Function: _queueHooks],\n-      event: \n-       { global: [Object],\n-         add: [Function: add],\n-         remove: [Function: remove],\n-         dispatch: [Function: dispatch],\n-         handlers: [Function: handlers],\n-         addProp: [Function: addProp],\n-         fix: [Function: fix],\n-         special: [Object],\n-         trigger: [Function: trigger],\n-         simulate: [Function: simulate] },\n-      removeEvent: [Function],\n-      Event: [Function],\n-      htmlPrefilter: [Function: htmlPrefilter],\n-      clone: [Function: clone],\n-      cleanData: [Function: cleanData],\n-      cssHooks: \n-       { opacity: [Object],\n-         height: [Object],\n-         width: [Object],\n-         marginLeft: [Object],\n-         margin: [Object],\n-         padding: [Object],\n-         borderWidth: [Object],\n-         top: [Object],\n-         left: [Object] },\n-      cssNumber: \n-       { animationIterationCount: true,\n-         columnCount: true,\n-         fillOpacity: true,\n-         flexGrow: true,\n-         flexShrink: true,\n-         fontWeight: true,\n-         lineHeight: true,\n-         opacity: true,\n-         order: true,\n-         orphans: true,\n-         widows: true,\n-         zIndex: true,\n-         zoom: true },\n-      cssProps: \n-       { float: 'cssFloat',\n-         width: 'width',\n-         display: 'display',\n-         boxSizing: 'boxSizing',\n-         height: 'height',\n-         overflow: 'overflow',\n-         overflowY: 'overflowY',\n-         overflowX: 'overflowX',\n-         visibility: 'visibility',\n-         position: 'position',\n-         backgroundColor: 'backgroundColor',\n-         border: 'border',\n-         paddingRight: 'paddingRight',\n-         borderRightWidth: 'borderRightWidth',\n-         paddingLeft: 'paddingLeft',\n-         borderLeftWidth: 'borderLeftWidth',\n-         paddingTop: 'paddingTop',\n-         borderTopWidth: 'borderTopWidth',\n-         paddingBottom: 'paddingBottom',\n-         borderBottomWidth: 'borderBottomWidth' },\n-      style: [Function: style],\n-      css: [Function: css],\n-      Tween: { [Function: Tween] propHooks: [Object] },\n-      easing: \n-       { linear: [Function: linear],\n-         swing: [Function: swing],\n-         _default: 'swing' },\n-      fx: \n-       { [Function: init]\n-         step: {},\n-         tick: [Function],\n-         timer: [Function],\n-         interval: 13,\n-         start: [Function],\n-         stop: [Function],\n-         speeds: [Object] },\n-      Animation: \n-       { [Function: Animation]\n-         tweeners: [Object],\n-         tweener: [Function: tweener],\n-         prefilters: [Object],\n-         prefilter: [Function: prefilter] },\n-      speed: [Function],\n-      timers: [],\n-      attr: [Function: attr],\n-      attrHooks: { type: [Object] },\n-      removeAttr: [Function: removeAttr],\n-      prop: [Function: prop],\n-      propHooks: { tabIndex: [Object] },\n-      propFix: \n-       { for: 'htmlFor',\n-         class: 'className',\n-         tabindex: 'tabIndex',\n-         readonly: 'readOnly',\n-         maxlength: 'maxLength',\n-         cellspacing: 'cellSpacing',\n-         cellpadding: 'cellPadding',\n-         rowspan: 'rowSpan',\n-         colspan: 'colSpan',\n-         usemap: 'useMap',\n-         frameborder: 'frameBorder',\n-         contenteditable: 'contentEditable' },\n-      valHooks: \n-       { option: [Object],\n-         select: [Object],\n-         radio: [Object],\n-         checkbox: [Object] },\n-      parseXML: [Function],\n-      param: [Function],\n-      active: 0,\n-      lastModified: {},\n-      etag: {},\n-      ajaxSettings: \n-       { url: 'http://localhost:44445/__/#/tests/integration/project.spec.js',\n-         type: 'GET',\n-         isLocal: false,\n-         global: true,\n-         processData: true,\n-         async: true,\n-         contentType: 'application/x-www-form-urlencoded; charset=UTF-8',\n-         accepts: [Object],\n-         contents: [Object],\n-         responseFields: [Object],\n-         converters: [Object],\n-         flatOptions: [Object],\n-         xhr: [Function],\n-         jsonp: 'callback',\n-         jsonpCallback: [Function: jsonpCallback],\n-         cache: false },\n-      ajaxSetup: [Function: ajaxSetup],\n-      ajaxPrefilter: [Function],\n-      ajaxTransport: [Function],\n-      ajax: [Function: ajax],\n-      getJSON: [Function: getJSON],\n-      getScript: [Function: getScript],\n-      get: [Function],\n-      post: [Function],\n-      _evalUrl: [Function],\n-      parseHTML: [Function],\n-      offset: { setOffset: [Function: setOffset] },\n-      parseJSON: [Function: parse],\n-      noConflict: [Function],\n-      scrollTo: { [Function] defaults: [Object], max: [Function] } },\n-   toArray: [Function: toArray],\n-   get: [Function: get],\n-   pushStack: [Function: pushStack],\n-   each: [Function: each],\n-   map: [Function: map],\n-   slice: [Function: slice],\n-   first: [Function: first],\n-   last: [Function: last],\n-   eq: [Function: eq],\n-   end: [Function: end],\n-   push: [Function: push],\n-   sort: [Function: sort],\n-   splice: [Function: splice],\n-   extend: [Function],\n-   find: [Function: find],\n-   filter: [Function: filter],\n-   not: [Function: not],\n-   is: [Function: is],\n-   init: [Function],\n-   has: [Function: has],\n-   closest: [Function: closest],\n-   index: [Function: index],\n-   add: [Function: add],\n-   addBack: [Function: addBack],\n-   parent: [Function],\n-   parents: [Function],\n-   parentsUntil: [Function],\n-   next: [Function],\n-   prev: [Function],\n-   nextAll: [Function],\n-   prevAll: [Function],\n-   nextUntil: [Function],\n-   prevUntil: [Function],\n-   siblings: [Function],\n-   children: [Function],\n-   contents: [Function],\n-   ready: [Function],\n-   data: [Function: data],\n-   removeData: [Function: removeData],\n-   queue: [Function: queue],\n-   dequeue: [Function: dequeue],\n-   clearQueue: [Function: clearQueue],\n-   promise: [Function: promise],\n-   show: [Function],\n-   hide: [Function],\n-   toggle: [Function],\n-   on: [Function: on],\n-   one: [Function: one],\n-   off: [Function: off],\n-   detach: [Function: detach],\n-   remove: [Function: remove],\n-   text: [Function: text],\n-   append: [Function: append],\n-   prepend: [Function: prepend],\n-   before: [Function: before],\n-   after: [Function: after],\n-   empty: [Function: empty],\n-   clone: [Function: clone],\n-   html: [Function: html],\n-   replaceWith: [Function: replaceWith],\n-   appendTo: [Function],\n-   prependTo: [Function],\n-   insertBefore: [Function],\n-   insertAfter: [Function],\n-   replaceAll: [Function],\n-   css: [Function: css],\n-   fadeTo: [Function: fadeTo],\n-   animate: [Function: animate],\n-   stop: [Function: stop],\n-   finish: [Function: finish],\n-   slideDown: [Function],\n-   slideUp: [Function],\n-   slideToggle: [Function],\n-   fadeIn: [Function],\n-   fadeOut: [Function],\n-   fadeToggle: [Function],\n-   delay: [Function],\n-   attr: [Function: attr],\n-   removeAttr: [Function: removeAttr],\n-   prop: [Function: prop],\n-   removeProp: [Function: removeProp],\n-   addClass: [Function: addClass],\n-   removeClass: [Function: removeClass],\n-   toggleClass: [Function: toggleClass],\n-   hasClass: [Function: hasClass],\n-   val: [Function: val],\n-   trigger: [Function: trigger],\n-   triggerHandler: [Function: triggerHandler],\n-   blur: [Function],\n-   focus: [Function],\n-   focusin: [Function],\n-   focusout: [Function],\n-   resize: [Function],\n-   scroll: [Function],\n-   click: [Function],\n-   dblclick: [Function],\n-   mousedown: [Function],\n-   mouseup: [Function],\n-   mousemove: [Function],\n-   mouseover: [Function],\n-   mouseout: [Function],\n-   mouseenter: [Function],\n-   mouseleave: [Function],\n-   change: [Function],\n-   select: [Function],\n-   submit: [Function],\n-   keydown: [Function],\n-   keypress: [Function],\n-   keyup: [Function],\n-   contextmenu: [Function],\n-   hover: [Function: hover],\n-   serialize: [Function: serialize],\n-   serializeArray: [Function: serializeArray],\n-   wrapAll: [Function: wrapAll],\n-   wrapInner: [Function: wrapInner],\n-   wrap: [Function: wrap],\n-   unwrap: [Function: unwrap],\n-   load: [Function],\n-   ajaxStart: [Function],\n-   ajaxStop: [Function],\n-   ajaxComplete: [Function],\n-   ajaxError: [Function],\n-   ajaxSuccess: [Function],\n-   ajaxSend: [Function],\n-   offset: [Function: offset],\n-   position: [Function: position],\n-   offsetParent: [Function: offsetParent],\n-   scrollLeft: [Function],\n-   scrollTop: [Function],\n-   innerHeight: [Function],\n-   height: [Function],\n-   outerHeight: [Function],\n-   innerWidth: [Function],\n-   width: [Function],\n-   outerWidth: [Function],\n-   bind: [Function: bind],\n-   unbind: [Function: unbind],\n-   delegate: [Function: delegate],\n-   undelegate: [Function: undelegate],\n-   scrollTo: [Function] }\n+ 'selected'\n"
              },
              "uuid": "09c21959-6d11-4748-a469-5d1d8cdcdea0",
              "parentUUID": "083d2165-8df9-45de-b479-c6a60fb4b9ae",
              "isHook": false,
              "skipped": false
            },
            {
              "title": "Verifica se os pixels dentro do quadro não têm a classe `selected` quando são clicados",
              "fullTitle": "7 - Clicar em uma das cores da paleta, faz com que ela seja selecionada e utilizada para preencher os pixels no quadro. Verifica se os pixels dentro do quadro não têm a classe `selected` quando são clicados",
              "timedOut": null,
              "duration": 4642,
              "state": "failed",
              "speed": null,
              "pass": false,
              "fail": true,
              "pending": false,
              "context": null,
              "code": "cy.get('.color').each(function (color) {\n  var backgroundColor = color.css('background-color');\n  cy.wrap(color).click();\n  cy.get('.pixel').each(function (pixel) {\n    cy.wrap(pixel).click().should('not.have.class', 'selected');\n  });\n});",
              "err": {
                "message": "CypressError: Timed out retrying: Expected to find element: '.pixel', but never found it.",
                "estack": "CypressError: Timed out retrying: Expected to find element: '.pixel', but never found it.\n    at cypressErr (http://localhost:44445/__cypress/runner/cypress_runner.js:149934:9)\n    at throwErr (http://localhost:44445/__cypress/runner/cypress_runner.js:149867:11)\n    at Object.throwErrByPath (http://localhost:44445/__cypress/runner/cypress_runner.js:149915:3)\n    at retry (http://localhost:44445/__cypress/runner/cypress_runner.js:144197:19)\n    at onFailFn (http://localhost:44445/__cypress/runner/cypress_runner.js:132448:16)\n    at tryCatcher (http://localhost:44445/__cypress/runner/cypress_runner.js:167415:23)\n    at Promise._settlePromiseFromHandler (http://localhost:44445/__cypress/runner/cypress_runner.js:165351:31)\n    at Promise._settlePromise (http://localhost:44445/__cypress/runner/cypress_runner.js:165408:18)\n    at Promise._settlePromise0 (http://localhost:44445/__cypress/runner/cypress_runner.js:165453:10)\n    at Promise._settlePromises (http://localhost:44445/__cypress/runner/cypress_runner.js:165528:18)\n    at Async../node_modules/bluebird/js/release/async.js.Async._drainQueue (http://localhost:44445/__cypress/runner/cypress_runner.js:162140:16)\n    at Async../node_modules/bluebird/js/release/async.js.Async._drainQueues (http://localhost:44445/__cypress/runner/cypress_runner.js:162150:10)\n    at Async.drainQueues (http://localhost:44445/__cypress/runner/cypress_runner.js:162024:14)",
                "diff": null
              },
              "uuid": "33a9e502-2578-4425-875c-441bf46ef936",
              "parentUUID": "083d2165-8df9-45de-b479-c6a60fb4b9ae",
              "isHook": false,
              "skipped": false
            }
          ],
          "suites": [],
          "passes": [],
          "failures": [
            "09c21959-6d11-4748-a469-5d1d8cdcdea0",
            "33a9e502-2578-4425-875c-441bf46ef936"
          ],
          "pending": [],
          "skipped": [],
          "duration": 5267,
          "root": false,
          "rootEmpty": false,
          "_timeout": 2000
        },
        {
          "uuid": "9debd83c-1f6d-4110-b54e-7c2bc3962f73",
          "title": "8 - Clicar em um pixel dentro do quadro após selecionar uma cor na paleta, faz com que o pixel seja preenchido com a cor selecionada.",
          "fullFile": "",
          "file": "",
          "beforeHooks": [],
          "afterHooks": [],
          "tests": [
            {
              "title": "Verifica se ao carregar a página deve ser possível pintar os pixels de preto",
              "fullTitle": "8 - Clicar em um pixel dentro do quadro após selecionar uma cor na paleta, faz com que o pixel seja preenchido com a cor selecionada. Verifica se ao carregar a página deve ser possível pintar os pixels de preto",
              "timedOut": null,
              "duration": 4650,
              "state": "failed",
              "speed": null,
              "pass": false,
              "fail": true,
              "pending": false,
              "context": null,
              "code": "cy.get('.pixel').each(function (pixel) {\n  cy.wrap(pixel).click().should('have.css', 'background-color', BLACK);\n});",
              "err": {
                "message": "CypressError: Timed out retrying: Expected to find element: '.pixel', but never found it.",
                "estack": "CypressError: Timed out retrying: Expected to find element: '.pixel', but never found it.\n    at cypressErr (http://localhost:44445/__cypress/runner/cypress_runner.js:149934:9)\n    at throwErr (http://localhost:44445/__cypress/runner/cypress_runner.js:149867:11)\n    at Object.throwErrByPath (http://localhost:44445/__cypress/runner/cypress_runner.js:149915:3)\n    at retry (http://localhost:44445/__cypress/runner/cypress_runner.js:144197:19)\n    at onFailFn (http://localhost:44445/__cypress/runner/cypress_runner.js:132448:16)\n    at tryCatcher (http://localhost:44445/__cypress/runner/cypress_runner.js:167415:23)\n    at Promise._settlePromiseFromHandler (http://localhost:44445/__cypress/runner/cypress_runner.js:165351:31)\n    at Promise._settlePromise (http://localhost:44445/__cypress/runner/cypress_runner.js:165408:18)\n    at Promise._settlePromise0 (http://localhost:44445/__cypress/runner/cypress_runner.js:165453:10)\n    at Promise._settlePromises (http://localhost:44445/__cypress/runner/cypress_runner.js:165528:18)\n    at Async../node_modules/bluebird/js/release/async.js.Async._drainQueue (http://localhost:44445/__cypress/runner/cypress_runner.js:162140:16)\n    at Async../node_modules/bluebird/js/release/async.js.Async._drainQueues (http://localhost:44445/__cypress/runner/cypress_runner.js:162150:10)\n    at Async.drainQueues (http://localhost:44445/__cypress/runner/cypress_runner.js:162024:14)",
                "diff": null
              },
              "uuid": "8891c905-a84f-48e3-96ec-e0bd63c5db94",
              "parentUUID": "9debd83c-1f6d-4110-b54e-7c2bc3962f73",
              "isHook": false,
              "skipped": false
            },
            {
              "title": "Verifica se após selecionar uma outra cor na paleta, é possível pintar os pixels com essa cor",
              "fullTitle": "8 - Clicar em um pixel dentro do quadro após selecionar uma cor na paleta, faz com que o pixel seja preenchido com a cor selecionada. Verifica se após selecionar uma outra cor na paleta, é possível pintar os pixels com essa cor",
              "timedOut": null,
              "duration": 4682,
              "state": "failed",
              "speed": null,
              "pass": false,
              "fail": true,
              "pending": false,
              "context": null,
              "code": "cy.get('.color').each(function (color) {\n  var backgroundColor = color.css('background-color');\n  cy.wrap(color).click();\n  cy.get('.pixel').each(function (pixel) {\n    cy.wrap(pixel).click().should('have.css', 'background-color', backgroundColor);\n  });\n});",
              "err": {
                "message": "CypressError: Timed out retrying: Expected to find element: '.pixel', but never found it.",
                "estack": "CypressError: Timed out retrying: Expected to find element: '.pixel', but never found it.\n    at cypressErr (http://localhost:44445/__cypress/runner/cypress_runner.js:149934:9)\n    at throwErr (http://localhost:44445/__cypress/runner/cypress_runner.js:149867:11)\n    at Object.throwErrByPath (http://localhost:44445/__cypress/runner/cypress_runner.js:149915:3)\n    at retry (http://localhost:44445/__cypress/runner/cypress_runner.js:144197:19)\n    at onFailFn (http://localhost:44445/__cypress/runner/cypress_runner.js:132448:16)\n    at tryCatcher (http://localhost:44445/__cypress/runner/cypress_runner.js:167415:23)\n    at Promise._settlePromiseFromHandler (http://localhost:44445/__cypress/runner/cypress_runner.js:165351:31)\n    at Promise._settlePromise (http://localhost:44445/__cypress/runner/cypress_runner.js:165408:18)\n    at Promise._settlePromise0 (http://localhost:44445/__cypress/runner/cypress_runner.js:165453:10)\n    at Promise._settlePromises (http://localhost:44445/__cypress/runner/cypress_runner.js:165528:18)\n    at Async../node_modules/bluebird/js/release/async.js.Async._drainQueue (http://localhost:44445/__cypress/runner/cypress_runner.js:162140:16)\n    at Async../node_modules/bluebird/js/release/async.js.Async._drainQueues (http://localhost:44445/__cypress/runner/cypress_runner.js:162150:10)\n    at Async.drainQueues (http://localhost:44445/__cypress/runner/cypress_runner.js:162024:14)",
                "diff": null
              },
              "uuid": "41aeff92-c4ba-462c-84ff-5926f2ce331b",
              "parentUUID": "9debd83c-1f6d-4110-b54e-7c2bc3962f73",
              "isHook": false,
              "skipped": false
            },
            {
              "title": "Verifica se somente o pixel que foi clicado foi preenchido com a cor selecionada, sem influenciar na cor dos demais pixels.",
              "fullTitle": "8 - Clicar em um pixel dentro do quadro após selecionar uma cor na paleta, faz com que o pixel seja preenchido com a cor selecionada. Verifica se somente o pixel que foi clicado foi preenchido com a cor selecionada, sem influenciar na cor dos demais pixels.",
              "timedOut": null,
              "duration": 4680,
              "state": "failed",
              "speed": null,
              "pass": false,
              "fail": true,
              "pending": false,
              "context": null,
              "code": "var colorToPixelIndexMap = {\n  0: 6,\n  1: 8,\n  2: 16,\n  3: 18\n};\ncy.get('.color').each(function (color, index) {\n  cy.wrap(color).click();\n  var backgroundColor = color.css('background-color');\n  var clickedPixelIndex = colorToPixelIndexMap[index];\n  cy.get('.pixel').eq(clickedPixelIndex).click();\n  cy.get('.pixel').eq(clickedPixelIndex - 1).should('not.have.css', 'background-color', backgroundColor);\n  cy.get('.pixel').eq(clickedPixelIndex + 1).should('not.have.css', 'background-color', backgroundColor);\n  cy.get('.pixel').eq(clickedPixelIndex - 5).should('not.have.css', 'background-color', backgroundColor);\n  cy.get('.pixel').eq(clickedPixelIndex + 5).should('not.have.css', 'background-color', backgroundColor);\n  cy.get('.pixel').eq(clickedPixelIndex - 6).should('not.have.css', 'background-color', backgroundColor);\n  cy.get('.pixel').eq(clickedPixelIndex - 4).should('not.have.css', 'background-color', backgroundColor);\n  cy.get('.pixel').eq(clickedPixelIndex + 4).should('not.have.css', 'background-color', backgroundColor);\n  cy.get('.pixel').eq(clickedPixelIndex + 6).should('not.have.css', 'background-color', backgroundColor);\n});",
              "err": {
                "message": "CypressError: Timed out retrying: Expected to find element: '.pixel', but never found it.",
                "estack": "CypressError: Timed out retrying: Expected to find element: '.pixel', but never found it.\n    at cypressErr (http://localhost:44445/__cypress/runner/cypress_runner.js:149934:9)\n    at throwErr (http://localhost:44445/__cypress/runner/cypress_runner.js:149867:11)\n    at Object.throwErrByPath (http://localhost:44445/__cypress/runner/cypress_runner.js:149915:3)\n    at retry (http://localhost:44445/__cypress/runner/cypress_runner.js:144197:19)\n    at onFailFn (http://localhost:44445/__cypress/runner/cypress_runner.js:132448:16)\n    at tryCatcher (http://localhost:44445/__cypress/runner/cypress_runner.js:167415:23)\n    at Promise._settlePromiseFromHandler (http://localhost:44445/__cypress/runner/cypress_runner.js:165351:31)\n    at Promise._settlePromise (http://localhost:44445/__cypress/runner/cypress_runner.js:165408:18)\n    at Promise._settlePromise0 (http://localhost:44445/__cypress/runner/cypress_runner.js:165453:10)\n    at Promise._settlePromises (http://localhost:44445/__cypress/runner/cypress_runner.js:165528:18)\n    at Async../node_modules/bluebird/js/release/async.js.Async._drainQueue (http://localhost:44445/__cypress/runner/cypress_runner.js:162140:16)\n    at Async../node_modules/bluebird/js/release/async.js.Async._drainQueues (http://localhost:44445/__cypress/runner/cypress_runner.js:162150:10)\n    at Async.drainQueues (http://localhost:44445/__cypress/runner/cypress_runner.js:162024:14)",
                "diff": null
              },
              "uuid": "cc9e894e-72d0-4028-ac49-4089922750ee",
              "parentUUID": "9debd83c-1f6d-4110-b54e-7c2bc3962f73",
              "isHook": false,
              "skipped": false
            }
          ],
          "suites": [],
          "passes": [],
          "failures": [
            "8891c905-a84f-48e3-96ec-e0bd63c5db94",
            "41aeff92-c4ba-462c-84ff-5926f2ce331b",
            "cc9e894e-72d0-4028-ac49-4089922750ee"
          ],
          "pending": [],
          "skipped": [],
          "duration": 14012,
          "root": false,
          "rootEmpty": false,
          "_timeout": 2000
        },
        {
          "uuid": "1b32d1e8-17d9-4d6e-b9bf-b3b6981292b3",
          "title": "9 - Crie um botão que, ao ser clicado, limpa o quadro preenchendo a cor de todos seus pixels com branco.",
          "fullFile": "",
          "file": "",
          "beforeHooks": [],
          "afterHooks": [],
          "tests": [
            {
              "title": "Verifica se o botão tem o `id` denominado `clear-board`",
              "fullTitle": "9 - Crie um botão que, ao ser clicado, limpa o quadro preenchendo a cor de todos seus pixels com branco. Verifica se o botão tem o `id` denominado `clear-board`",
              "timedOut": null,
              "duration": 4691,
              "state": "failed",
              "speed": null,
              "pass": false,
              "fail": true,
              "pending": false,
              "context": null,
              "code": "cy.get('#clear-board').should('be.visible');",
              "err": {
                "message": "CypressError: Timed out retrying: Expected to find element: '#clear-board', but never found it.",
                "estack": "CypressError: Timed out retrying: Expected to find element: '#clear-board', but never found it.\n    at cypressErr (http://localhost:44445/__cypress/runner/cypress_runner.js:149934:9)\n    at throwErr (http://localhost:44445/__cypress/runner/cypress_runner.js:149867:11)\n    at Object.throwErrByPath (http://localhost:44445/__cypress/runner/cypress_runner.js:149915:3)\n    at retry (http://localhost:44445/__cypress/runner/cypress_runner.js:144197:19)\n    at onFailFn (http://localhost:44445/__cypress/runner/cypress_runner.js:132448:16)\n    at tryCatcher (http://localhost:44445/__cypress/runner/cypress_runner.js:167415:23)\n    at Promise._settlePromiseFromHandler (http://localhost:44445/__cypress/runner/cypress_runner.js:165351:31)\n    at Promise._settlePromise (http://localhost:44445/__cypress/runner/cypress_runner.js:165408:18)\n    at Promise._settlePromise0 (http://localhost:44445/__cypress/runner/cypress_runner.js:165453:10)\n    at Promise._settlePromises (http://localhost:44445/__cypress/runner/cypress_runner.js:165528:18)\n    at Async../node_modules/bluebird/js/release/async.js.Async._drainQueue (http://localhost:44445/__cypress/runner/cypress_runner.js:162140:16)\n    at Async../node_modules/bluebird/js/release/async.js.Async._drainQueues (http://localhost:44445/__cypress/runner/cypress_runner.js:162150:10)\n    at Async.drainQueues (http://localhost:44445/__cypress/runner/cypress_runner.js:162024:14)",
                "diff": null
              },
              "uuid": "56dd102f-0716-48f9-9274-e3df7a1cee42",
              "parentUUID": "1b32d1e8-17d9-4d6e-b9bf-b3b6981292b3",
              "isHook": false,
              "skipped": false
            },
            {
              "title": "Verifica se o botão está posicionado entre a paleta de cores e o quadro de pixels",
              "fullTitle": "9 - Crie um botão que, ao ser clicado, limpa o quadro preenchendo a cor de todos seus pixels com branco. Verifica se o botão está posicionado entre a paleta de cores e o quadro de pixels",
              "timedOut": null,
              "duration": 4551,
              "state": "failed",
              "speed": null,
              "pass": false,
              "fail": true,
              "pending": false,
              "context": null,
              "code": "cy.get('#color-palette').then(function (palette) {\n  cy.get('#clear-board').should('be.belowOf', palette);\n});\ncy.get('#clear-board').then(function (clearBtn) {\n  cy.get('#pixel-board').should('be.belowOf', clearBtn);\n});",
              "err": {
                "message": "CypressError: Timed out retrying: Expected to find element: '#clear-board', but never found it.",
                "estack": "CypressError: Timed out retrying: Expected to find element: '#clear-board', but never found it.\n    at cypressErr (http://localhost:44445/__cypress/runner/cypress_runner.js:149934:9)\n    at throwErr (http://localhost:44445/__cypress/runner/cypress_runner.js:149867:11)\n    at Object.throwErrByPath (http://localhost:44445/__cypress/runner/cypress_runner.js:149915:3)\n    at retry (http://localhost:44445/__cypress/runner/cypress_runner.js:144197:19)\n    at onFailFn (http://localhost:44445/__cypress/runner/cypress_runner.js:132448:16)\n    at tryCatcher (http://localhost:44445/__cypress/runner/cypress_runner.js:167415:23)\n    at Promise._settlePromiseFromHandler (http://localhost:44445/__cypress/runner/cypress_runner.js:165351:31)\n    at Promise._settlePromise (http://localhost:44445/__cypress/runner/cypress_runner.js:165408:18)\n    at Promise._settlePromise0 (http://localhost:44445/__cypress/runner/cypress_runner.js:165453:10)\n    at Promise._settlePromises (http://localhost:44445/__cypress/runner/cypress_runner.js:165528:18)\n    at Async../node_modules/bluebird/js/release/async.js.Async._drainQueue (http://localhost:44445/__cypress/runner/cypress_runner.js:162140:16)\n    at Async../node_modules/bluebird/js/release/async.js.Async._drainQueues (http://localhost:44445/__cypress/runner/cypress_runner.js:162150:10)\n    at Async.drainQueues (http://localhost:44445/__cypress/runner/cypress_runner.js:162024:14)",
                "diff": null
              },
              "uuid": "87ea0950-12c0-47f3-b179-fbaa25aa4957",
              "parentUUID": "1b32d1e8-17d9-4d6e-b9bf-b3b6981292b3",
              "isHook": false,
              "skipped": false
            },
            {
              "title": "Verifica se o texto do botão é 'Limpar'",
              "fullTitle": "9 - Crie um botão que, ao ser clicado, limpa o quadro preenchendo a cor de todos seus pixels com branco. Verifica se o texto do botão é 'Limpar'",
              "timedOut": null,
              "duration": 4679,
              "state": "failed",
              "speed": null,
              "pass": false,
              "fail": true,
              "pending": false,
              "context": null,
              "code": "cy.get('#clear-board').should('contain.text', 'Limpar');",
              "err": {
                "message": "CypressError: Timed out retrying: Expected to find element: '#clear-board', but never found it.",
                "estack": "CypressError: Timed out retrying: Expected to find element: '#clear-board', but never found it.\n    at cypressErr (http://localhost:44445/__cypress/runner/cypress_runner.js:149934:9)\n    at throwErr (http://localhost:44445/__cypress/runner/cypress_runner.js:149867:11)\n    at Object.throwErrByPath (http://localhost:44445/__cypress/runner/cypress_runner.js:149915:3)\n    at retry (http://localhost:44445/__cypress/runner/cypress_runner.js:144197:19)\n    at onFailFn (http://localhost:44445/__cypress/runner/cypress_runner.js:132448:16)\n    at tryCatcher (http://localhost:44445/__cypress/runner/cypress_runner.js:167415:23)\n    at Promise._settlePromiseFromHandler (http://localhost:44445/__cypress/runner/cypress_runner.js:165351:31)\n    at Promise._settlePromise (http://localhost:44445/__cypress/runner/cypress_runner.js:165408:18)\n    at Promise._settlePromise0 (http://localhost:44445/__cypress/runner/cypress_runner.js:165453:10)\n    at Promise._settlePromises (http://localhost:44445/__cypress/runner/cypress_runner.js:165528:18)\n    at Async../node_modules/bluebird/js/release/async.js.Async._drainQueue (http://localhost:44445/__cypress/runner/cypress_runner.js:162140:16)\n    at Async../node_modules/bluebird/js/release/async.js.Async._drainQueues (http://localhost:44445/__cypress/runner/cypress_runner.js:162150:10)\n    at Async.drainQueues (http://localhost:44445/__cypress/runner/cypress_runner.js:162024:14)",
                "diff": null
              },
              "uuid": "6314456f-972a-48f8-a4b4-7a7e75c30bc0",
              "parentUUID": "1b32d1e8-17d9-4d6e-b9bf-b3b6981292b3",
              "isHook": false,
              "skipped": false
            },
            {
              "title": "Verifica se ao clicar no botão, o quadro de pixels é totalmente preenchido de branco",
              "fullTitle": "9 - Crie um botão que, ao ser clicado, limpa o quadro preenchendo a cor de todos seus pixels com branco. Verifica se ao clicar no botão, o quadro de pixels é totalmente preenchido de branco",
              "timedOut": null,
              "duration": 4639,
              "state": "failed",
              "speed": null,
              "pass": false,
              "fail": true,
              "pending": false,
              "context": null,
              "code": "cy.get('.color').eq(1).then(function (color) {\n  var backgroundColor = color.css('background-color');\n  cy.wrap(color).click();\n  cy.get('.pixel').each(function (pixel) {\n    cy.wrap(pixel).click().should('have.css', 'background-color', backgroundColor);\n  });\n});\ncy.get('#clear-board').click();\ncy.get('.pixel').each(function (pixel) {\n  cy.wrap(pixel).should('have.css', 'background-color', WHITE);\n});",
              "err": {
                "message": "CypressError: Timed out retrying: Expected to find element: '.pixel', but never found it.",
                "estack": "CypressError: Timed out retrying: Expected to find element: '.pixel', but never found it.\n    at cypressErr (http://localhost:44445/__cypress/runner/cypress_runner.js:149934:9)\n    at throwErr (http://localhost:44445/__cypress/runner/cypress_runner.js:149867:11)\n    at Object.throwErrByPath (http://localhost:44445/__cypress/runner/cypress_runner.js:149915:3)\n    at retry (http://localhost:44445/__cypress/runner/cypress_runner.js:144197:19)\n    at onFailFn (http://localhost:44445/__cypress/runner/cypress_runner.js:132448:16)\n    at tryCatcher (http://localhost:44445/__cypress/runner/cypress_runner.js:167415:23)\n    at Promise._settlePromiseFromHandler (http://localhost:44445/__cypress/runner/cypress_runner.js:165351:31)\n    at Promise._settlePromise (http://localhost:44445/__cypress/runner/cypress_runner.js:165408:18)\n    at Promise._settlePromise0 (http://localhost:44445/__cypress/runner/cypress_runner.js:165453:10)\n    at Promise._settlePromises (http://localhost:44445/__cypress/runner/cypress_runner.js:165528:18)\n    at Async../node_modules/bluebird/js/release/async.js.Async._drainQueue (http://localhost:44445/__cypress/runner/cypress_runner.js:162140:16)\n    at Async../node_modules/bluebird/js/release/async.js.Async._drainQueues (http://localhost:44445/__cypress/runner/cypress_runner.js:162150:10)\n    at Async.drainQueues (http://localhost:44445/__cypress/runner/cypress_runner.js:162024:14)",
                "diff": null
              },
              "uuid": "ac076b32-1396-463f-aa6b-c0a1235d7c43",
              "parentUUID": "1b32d1e8-17d9-4d6e-b9bf-b3b6981292b3",
              "isHook": false,
              "skipped": false
            }
          ],
          "suites": [],
          "passes": [],
          "failures": [
            "56dd102f-0716-48f9-9274-e3df7a1cee42",
            "87ea0950-12c0-47f3-b179-fbaa25aa4957",
            "6314456f-972a-48f8-a4b4-7a7e75c30bc0",
            "ac076b32-1396-463f-aa6b-c0a1235d7c43"
          ],
          "pending": [],
          "skipped": [],
[...]
                "diff": null
              },
              "uuid": "6edeef8c-3e54-4f72-bb26-2c0bf4fc30a3",
              "parentUUID": "bba58758-4d9c-4715-82d9-ccb1941e71d6",
              "isHook": false,
              "skipped": false
            },
            {
              "title": "Verifica se o novo quadro tem todos os pixels preenchidos com a cor branca",
              "fullTitle": "10 - Faça o quadro de pixels ter seu tamanho definido pelo usuário. Verifica se o novo quadro tem todos os pixels preenchidos com a cor branca",
              "timedOut": null,
              "duration": 4689,
              "state": "failed",
              "speed": null,
              "pass": false,
              "fail": true,
              "pending": false,
              "context": null,
              "code": "cy.get('#board-size').clear().type(6);\ncy.get('#generate-board').click();\ncy.get('.pixel').should('have.length', 36).each(function (pixel) {\n  expect(pixel).to.have.css('background-color', WHITE);\n});",
              "err": {
                "message": "CypressError: Timed out retrying: Expected to find element: '#board-size', but never found it.",
                "estack": "CypressError: Timed out retrying: Expected to find element: '#board-size', but never found it.\n    at cypressErr (http://localhost:44445/__cypress/runner/cypress_runner.js:149934:9)\n    at throwErr (http://localhost:44445/__cypress/runner/cypress_runner.js:149867:11)\n    at Object.throwErrByPath (http://localhost:44445/__cypress/runner/cypress_runner.js:149915:3)\n    at retry (http://localhost:44445/__cypress/runner/cypress_runner.js:144197:19)\n    at onFailFn (http://localhost:44445/__cypress/runner/cypress_runner.js:132448:16)\n    at tryCatcher (http://localhost:44445/__cypress/runner/cypress_runner.js:167415:23)\n    at Promise._settlePromiseFromHandler (http://localhost:44445/__cypress/runner/cypress_runner.js:165351:31)\n    at Promise._settlePromise (http://localhost:44445/__cypress/runner/cypress_runner.js:165408:18)\n    at Promise._settlePromise0 (http://localhost:44445/__cypress/runner/cypress_runner.js:165453:10)\n    at Promise._settlePromises (http://localhost:44445/__cypress/runner/cypress_runner.js:165528:18)\n    at Async../node_modules/bluebird/js/release/async.js.Async._drainQueue (http://localhost:44445/__cypress/runner/cypress_runner.js:162140:16)\n    at Async../node_modules/bluebird/js/release/async.js.Async._drainQueues (http://localhost:44445/__cypress/runner/cypress_runner.js:162150:10)\n    at Async.drainQueues (http://localhost:44445/__cypress/runner/cypress_runner.js:162024:14)",
                "diff": null
              },
              "uuid": "38bda53d-62a0-449e-83b6-71ff10e72060",
              "parentUUID": "bba58758-4d9c-4715-82d9-ccb1941e71d6",
              "isHook": false,
              "skipped": false
            }
          ],
          "suites": [],
          "passes": [],
          "failures": [
            "8a1dbd96-a05e-4fff-aa3e-2c11f6cf6b25",
            "1c207c0c-ed77-4b23-a9c1-584c76735d72",
            "f119cb4b-f745-4fe3-8291-e834e49ab714",
            "70708bb7-884f-465d-aba7-f774edc4c469",
            "f9853138-99ae-4fb2-8032-a789081ac63e",
            "9c149e84-b243-4b45-be1e-21097145d120",
            "1fe48407-4b96-4d98-a577-e06299f9f377",
            "6edeef8c-3e54-4f72-bb26-2c0bf4fc30a3",
            "38bda53d-62a0-449e-83b6-71ff10e72060"
          ],
          "pending": [],
          "skipped": [],
          "duration": 42206,
          "root": false,
          "rootEmpty": false,
          "_timeout": 2000
        },
        {
          "uuid": "0bf4fe11-b72e-44e9-a21b-4f4823306b2e",
          "title": "11 - Limite o tamanho mínimo e máximo do board.",
          "fullFile": "",
          "file": "",
          "beforeHooks": [],
          "afterHooks": [],
          "tests": [
            {
              "title": "Verifica se a altura máxima do board é 50",
              "fullTitle": "11 - Limite o tamanho mínimo e máximo do board. Verifica se a altura máxima do board é 50",
              "timedOut": null,
              "duration": 4759,
              "state": "failed",
              "speed": null,
              "pass": false,
              "fail": true,
              "pending": false,
              "context": null,
              "code": "cy.get('#board-size').clear().type(50);\ncy.get('#generate-board').click();\ncy.get('.pixel').should('have.length', 2500);",
              "err": {
                "message": "CypressError: Timed out retrying: Expected to find element: '#board-size', but never found it.",
                "estack": "CypressError: Timed out retrying: Expected to find element: '#board-size', but never found it.\n    at cypressErr (http://localhost:44445/__cypress/runner/cypress_runner.js:149934:9)\n    at throwErr (http://localhost:44445/__cypress/runner/cypress_runner.js:149867:11)\n    at Object.throwErrByPath (http://localhost:44445/__cypress/runner/cypress_runner.js:149915:3)\n    at retry (http://localhost:44445/__cypress/runner/cypress_runner.js:144197:19)\n    at onFailFn (http://localhost:44445/__cypress/runner/cypress_runner.js:132448:16)\n    at tryCatcher (http://localhost:44445/__cypress/runner/cypress_runner.js:167415:23)\n    at Promise._settlePromiseFromHandler (http://localhost:44445/__cypress/runner/cypress_runner.js:165351:31)\n    at Promise._settlePromise (http://localhost:44445/__cypress/runner/cypress_runner.js:165408:18)\n    at Promise._settlePromise0 (http://localhost:44445/__cypress/runner/cypress_runner.js:165453:10)\n    at Promise._settlePromises (http://localhost:44445/__cypress/runner/cypress_runner.js:165528:18)\n    at Async../node_modules/bluebird/js/release/async.js.Async._drainQueue (http://localhost:44445/__cypress/runner/cypress_runner.js:162140:16)\n    at Async../node_modules/bluebird/js/release/async.js.Async._drainQueues (http://localhost:44445/__cypress/runner/cypress_runner.js:162150:10)\n    at Async.drainQueues (http://localhost:44445/__cypress/runner/cypress_runner.js:162024:14)",
                "diff": null
              },
              "uuid": "db602853-8f35-43b5-a550-e70f3a920726",
              "parentUUID": "0bf4fe11-b72e-44e9-a21b-4f4823306b2e",
              "isHook": false,
              "skipped": false
            },
            {
              "title": "Verifica se a altura do board é 5 quando um valor menor é colocado no input",
              "fullTitle": "11 - Limite o tamanho mínimo e máximo do board. Verifica se a altura do board é 5 quando um valor menor é colocado no input",
              "timedOut": null,
              "duration": 4731,
              "state": "failed",
              "speed": null,
              "pass": false,
              "fail": true,
              "pending": false,
              "context": null,
              "code": "cy.get('#board-size').clear().type(4);\ncy.get('#generate-board').click();\ncy.get('.pixel').should('have.length', 25);",
              "err": {
                "message": "CypressError: Timed out retrying: Expected to find element: '#board-size', but never found it.",
                "estack": "CypressError: Timed out retrying: Expected to find element: '#board-size', but never found it.\n    at cypressErr (http://localhost:44445/__cypress/runner/cypress_runner.js:149934:9)\n    at throwErr (http://localhost:44445/__cypress/runner/cypress_runner.js:149867:11)\n    at Object.throwErrByPath (http://localhost:44445/__cypress/runner/cypress_runner.js:149915:3)\n    at retry (http://localhost:44445/__cypress/runner/cypress_runner.js:144197:19)\n    at onFailFn (http://localhost:44445/__cypress/runner/cypress_runner.js:132448:16)\n    at tryCatcher (http://localhost:44445/__cypress/runner/cypress_runner.js:167415:23)\n    at Promise._settlePromiseFromHandler (http://localhost:44445/__cypress/runner/cypress_runner.js:165351:31)\n    at Promise._settlePromise (http://localhost:44445/__cypress/runner/cypress_runner.js:165408:18)\n    at Promise._settlePromise0 (http://localhost:44445/__cypress/runner/cypress_runner.js:165453:10)\n    at Promise._settlePromises (http://localhost:44445/__cypress/runner/cypress_runner.js:165528:18)\n    at Async../node_modules/bluebird/js/release/async.js.Async._drainQueue (http://localhost:44445/__cypress/runner/cypress_runner.js:162140:16)\n    at Async../node_modules/bluebird/js/release/async.js.Async._drainQueues (http://localhost:44445/__cypress/runner/cypress_runner.js:162150:10)\n    at Async.drainQueues (http://localhost:44445/__cypress/runner/cypress_runner.js:162024:14)",
                "diff": null
              },
              "uuid": "908b608a-4158-486e-9c43-f2348a2c4de5",
              "parentUUID": "0bf4fe11-b72e-44e9-a21b-4f4823306b2e",
              "isHook": false,
              "skipped": false
            },
            {
              "title": "Verifica se a altura do board é 50 quando um valor maior é colocado no input",
              "fullTitle": "11 - Limite o tamanho mínimo e máximo do board. Verifica se a altura do board é 50 quando um valor maior é colocado no input",
              "timedOut": null,
              "duration": 4685,
              "state": "failed",
              "speed": null,
              "pass": false,
              "fail": true,
              "pending": false,
              "context": null,
              "code": "cy.get('#board-size').clear().type(51);\ncy.get('#generate-board').click();\ncy.get('.pixel').should('have.length', 2500);",
              "err": {
                "message": "CypressError: Timed out retrying: Expected to find element: '#board-size', but never found it.",
                "estack": "CypressError: Timed out retrying: Expected to find element: '#board-size', but never found it.\n    at cypressErr (http://localhost:44445/__cypress/runner/cypress_runner.js:149934:9)\n    at throwErr (http://localhost:44445/__cypress/runner/cypress_runner.js:149867:11)\n    at Object.throwErrByPath (http://localhost:44445/__cypress/runner/cypress_runner.js:149915:3)\n    at retry (http://localhost:44445/__cypress/runner/cypress_runner.js:144197:19)\n    at onFailFn (http://localhost:44445/__cypress/runner/cypress_runner.js:132448:16)\n    at tryCatcher (http://localhost:44445/__cypress/runner/cypress_runner.js:167415:23)\n    at Promise._settlePromiseFromHandler (http://localhost:44445/__cypress/runner/cypress_runner.js:165351:31)\n    at Promise._settlePromise (http://localhost:44445/__cypress/runner/cypress_runner.js:165408:18)\n    at Promise._settlePromise0 (http://localhost:44445/__cypress/runner/cypress_runner.js:165453:10)\n    at Promise._settlePromises (http://localhost:44445/__cypress/runner/cypress_runner.js:165528:18)\n    at Async../node_modules/bluebird/js/release/async.js.Async._drainQueue (http://localhost:44445/__cypress/runner/cypress_runner.js:162140:16)\n    at Async../node_modules/bluebird/js/release/async.js.Async._drainQueues (http://localhost:44445/__cypress/runner/cypress_runner.js:162150:10)\n    at Async.drainQueues (http://localhost:44445/__cypress/runner/cypress_runner.js:162024:14)",
                "diff": null
              },
              "uuid": "fcb32cd0-7860-4924-a1ee-d8f0935a357d",
              "parentUUID": "0bf4fe11-b72e-44e9-a21b-4f4823306b2e",
              "isHook": false,
              "skipped": false
            }
          ],
          "suites": [],
          "passes": [],
          "failures": [
            "db602853-8f35-43b5-a550-e70f3a920726",
            "908b608a-4158-486e-9c43-f2348a2c4de5",
            "fcb32cd0-7860-4924-a1ee-d8f0935a357d"
          ],
          "pending": [],
          "skipped": [],
          "duration": 14175,
          "root": false,
          "rootEmpty": false,
          "_timeout": 2000
        },
        {
          "uuid": "b1fbda62-ca8b-4801-9f7d-745581ee9d55",
          "title": "12 - Faça com que as cores da paleta sejam geradas aleatoriamente ao carregar a página.",
          "fullFile": "",
          "file": "",
          "beforeHooks": [],
          "afterHooks": [],
          "tests": [
            {
              "title": "Verifica se as cores geradas na paleta são diferentes a cada carregamento da página",
              "fullTitle": "12 - Faça com que as cores da paleta sejam geradas aleatoriamente ao carregar a página. Verifica se as cores geradas na paleta são diferentes a cada carregamento da página",
              "timedOut": null,
              "duration": 811,
              "state": "failed",
              "speed": null,
              "pass": false,
              "fail": true,
              "pending": false,
              "context": null,
              "code": "cy.get('.color').then(function (colors) {\n  var currentColors;\n  var previousColors;\n  previousColors = Array.from(colors).map(function (color) {\n    return Cypress.$(color).css('background-color');\n  });\n  for (var i = 0; i < 5; i += 1) {\n    cy.reload();\n    cy.get('.color').then(function (colors) {\n      currentColors = Array.from(colors).map(function (color) {\n        return Cypress.$(color).css('background-color');\n      });\n      expect(currentColors).not.to.deep.equal(previousColors);\n      previousColors = currentColors;\n    });\n  }\n});",
              "err": {
                "message": "AssertionError: expected [ Array(5) ] to not deeply equal [ Array(5) ]",
                "estack": "AssertionError: expected [ Array(5) ] to not deeply equal [ Array(5) ]\n    at getRet (http://localhost:44445/__cypress/runner/cypress_runner.js:136585:16)\n    at tryCatcher (http://localhost:44445/__cypress/runner/cypress_runner.js:167415:23)\n    at Function.Promise.attempt.Promise.try (http://localhost:44445/__cypress/runner/cypress_runner.js:164690:29)\n    at Context.thenFn (http://localhost:44445/__cypress/runner/cypress_runner.js:136599:23)\n    at Context.then (http://localhost:44445/__cypress/runner/cypress_runner.js:136971:21)\n    at Context.<anonymous> (http://localhost:44445/__cypress/runner/cypress_runner.js:148875:21)\n    at http://localhost:44445/__cypress/runner/cypress_runner.js:148351:33\n    at tryCatcher (http://localhost:44445/__cypress/runner/cypress_runner.js:167415:23)\n    at Promise._settlePromiseFromHandler (http://localhost:44445/__cypress/runner/cypress_runner.js:165351:31)\n    at Promise._settlePromise (http://localhost:44445/__cypress/runner/cypress_runner.js:165408:18)\n    at Promise._settlePromiseCtx (http://localhost:44445/__cypress/runner/cypress_runner.js:165445:10)\n    at Async../node_modules/bluebird/js/release/async.js.Async._drainQueue (http://localhost:44445/__cypress/runner/cypress_runner.js:162145:12)\n    at Async../node_modules/bluebird/js/release/async.js.Async._drainQueues (http://localhost:44445/__cypress/runner/cypress_runner.js:162150:10)\n    at Async.drainQueues (http://localhost:44445/__cypress/runner/cypress_runner.js:162024:14)",
                "diff": ""
              },
              "uuid": "5068762d-1986-4da0-ac81-939a77ccd441",
              "parentUUID": "b1fbda62-ca8b-4801-9f7d-745581ee9d55",
              "isHook": false,
              "skipped": false
            },
            {
              "title": "Verifica se a cor preta ainda está presente e é a primeira na sua paleta de cores",
              "fullTitle": "12 - Faça com que as cores da paleta sejam geradas aleatoriamente ao carregar a página. Verifica se a cor preta ainda está presente e é a primeira na sua paleta de cores",
              "timedOut": null,
              "duration": 757,
              "state": "failed",
              "speed": null,
              "pass": false,
              "fail": true,
              "pending": false,
              "context": null,
              "code": "cy.get('.color').then(function (colors) {\n  var currentColors;\n  var previousColors;\n  previousColors = Array.from(colors).map(function (color) {\n    return Cypress.$(color).css('background-color');\n  });\n  expect(previousColors[0]).to.eq(BLACK);\n  for (var i = 0; i < 5; i += 1) {\n    cy.reload();\n    cy.get('.color').then(function (colors) {\n      currentColors = Array.from(colors).map(function (color) {\n        return Cypress.$(color).css('background-color');\n      });\n      expect(currentColors[0]).to.eq(BLACK);\n      expect(currentColors).not.to.deep.equal(previousColors);\n      previousColors = currentColors;\n    });\n  }\n});",
              "err": {
                "message": "AssertionError: expected [ Array(5) ] to not deeply equal [ Array(5) ]",
                "estack": "AssertionError: expected [ Array(5) ] to not deeply equal [ Array(5) ]\n    at getRet (http://localhost:44445/__cypress/runner/cypress_runner.js:136585:16)\n    at tryCatcher (http://localhost:44445/__cypress/runner/cypress_runner.js:167415:23)\n    at Function.Promise.attempt.Promise.try (http://localhost:44445/__cypress/runner/cypress_runner.js:164690:29)\n    at Context.thenFn (http://localhost:44445/__cypress/runner/cypress_runner.js:136599:23)\n    at Context.then (http://localhost:44445/__cypress/runner/cypress_runner.js:136971:21)\n    at Context.<anonymous> (http://localhost:44445/__cypress/runner/cypress_runner.js:148875:21)\n    at http://localhost:44445/__cypress/runner/cypress_runner.js:148351:33\n    at tryCatcher (http://localhost:44445/__cypress/runner/cypress_runner.js:167415:23)\n    at Promise._settlePromiseFromHandler (http://localhost:44445/__cypress/runner/cypress_runner.js:165351:31)\n    at Promise._settlePromise (http://localhost:44445/__cypress/runner/cypress_runner.js:165408:18)\n    at Promise._settlePromiseCtx (http://localhost:44445/__cypress/runner/cypress_runner.js:165445:10)\n    at Async../node_modules/bluebird/js/release/async.js.Async._drainQueue (http://localhost:44445/__cypress/runner/cypress_runner.js:162145:12)\n    at Async../node_modules/bluebird/js/release/async.js.Async._drainQueues (http://localhost:44445/__cypress/runner/cypress_runner.js:162150:10)\n    at Async.drainQueues (http://localhost:44445/__cypress/runner/cypress_runner.js:162024:14)",
                "diff": ""
              },
              "uuid": "440b53e0-c285-4157-9de6-72e9aac60758",
              "parentUUID": "b1fbda62-ca8b-4801-9f7d-745581ee9d55",
              "isHook": false,
              "skipped": false
            }
          ],
          "suites": [],
          "passes": [],
          "failures": [
            "5068762d-1986-4da0-ac81-939a77ccd441",
            "440b53e0-c285-4157-9de6-72e9aac60758"
          ],
          "pending": [],
          "skipped": [],
          "duration": 1568,
          "root": false,
          "rootEmpty": false,
          "_timeout": 2000
        }
      ],
      "passes": [],
      "failures": [],
      "pending": [],
      "skipped": [],
      "duration": 0,
      "root": true,
      "rootEmpty": true,
      "_timeout": 2000
    }
  ],
  "meta": {
    "mocha": {
      "version": "7.0.1"
    },
    "mochawesome": {
      "options": {
        "quiet": false,
        "reportFilename": "mochawesome",
        "saveHtml": false,
        "saveJson": true,
        "consoleReporter": "spec",
        "useInlineDiffs": false
      },
      "version": "4.1.0"
    },
    "marge": {
      "options": {
        "id": "default",
        "reportDir": "cypress/reports",
        "overwrite": true,
        "html": false,
        "json": true
      },
      "version": "4.1.0"
    }
  }
}