{
  "stats": {
    "suites": 12,
    "tests": 41,
    "passes": 1,
    "pending": 0,
    "failures": 40,
    "start": "2021-08-13T18:28:25.336Z",
    "end": "2021-08-13T18:31:27.175Z",
    "duration": 181839,
    "testsRegistered": 41,
    "passPercent": 2.4390243902439024,
    "pendingPercent": 0,
    "other": 0,
    "hasOther": false,
    "skipped": 0,
    "hasSkipped": false
  },
  "results": [
    {
      "uuid": "e9b353c6-5f9a-4ede-9556-e006fd9a33c5",
      "title": "",
      "fullFile": "cypress/integration/project.spec.js",
      "file": "cypress/integration/project.spec.js",
      "beforeHooks": [],
      "afterHooks": [],
      "tests": [],
      "suites": [
        {
          "uuid": "71f9b5fb-d7e9-49c4-87a4-c7240ffef50b",
          "title": "1 - Adicione à página o título \"Paleta de Cores\".",
          "fullFile": "",
          "file": "",
          "beforeHooks": [],
          "afterHooks": [],
          "tests": [
            {
              "title": "Verifica se contém um elemento `h1` com o id `title` com o título correto",
              "fullTitle": "1 - Adicione à página o título \"Paleta de Cores\". Verifica se contém um elemento `h1` com o id `title` com o título correto",
              "timedOut": null,
              "duration": 289,
              "state": "passed",
              "speed": "slow",
              "pass": true,
              "fail": false,
              "pending": false,
              "context": null,
              "code": "cy.get('h1#title').should('contain.text', 'Paleta de Cores');",
              "err": {},
              "uuid": "d6657697-8ccb-49c0-a53a-47b311f5a7b6",
              "parentUUID": "71f9b5fb-d7e9-49c4-87a4-c7240ffef50b",
              "isHook": false,
              "skipped": false
            }
          ],
          "suites": [],
          "passes": [
            "d6657697-8ccb-49c0-a53a-47b311f5a7b6"
          ],
          "failures": [],
          "pending": [],
          "skipped": [],
          "duration": 289,
          "root": false,
          "rootEmpty": false,
          "_timeout": 2000
        },
        {
          "uuid": "53c71b6c-82c0-43a3-9997-664d5499f657",
          "title": "2 - Adicione à página uma paleta de quatro cores distintas.",
          "fullFile": "",
          "file": "",
          "beforeHooks": [],
          "afterHooks": [],
          "tests": [
            {
              "title": "A paleta de cores deve ser um elemento com `id` denominado `color-palette`",
              "fullTitle": "2 - Adicione à página uma paleta de quatro cores distintas. A paleta de cores deve ser um elemento com `id` denominado `color-palette`",
              "timedOut": null,
              "duration": 4330,
              "state": "failed",
              "speed": null,
              "pass": false,
              "fail": true,
              "pending": false,
              "context": null,
              "code": "cy.get('#color-palette').should('be.visible');",
              "err": {
                "message": "CypressError: Timed out retrying: Expected to find element: '#color-palette', but never found it.",
                "estack": "CypressError: Timed out retrying: Expected to find element: '#color-palette', but never found it.\n    at cypressErr (http://localhost:39527/__cypress/runner/cypress_runner.js:149934:9)\n    at throwErr (http://localhost:39527/__cypress/runner/cypress_runner.js:149867:11)\n    at Object.throwErrByPath (http://localhost:39527/__cypress/runner/cypress_runner.js:149915:3)\n    at retry (http://localhost:39527/__cypress/runner/cypress_runner.js:144197:19)\n    at onFailFn (http://localhost:39527/__cypress/runner/cypress_runner.js:132448:16)\n    at tryCatcher (http://localhost:39527/__cypress/runner/cypress_runner.js:167415:23)\n    at Promise._settlePromiseFromHandler (http://localhost:39527/__cypress/runner/cypress_runner.js:165351:31)\n    at Promise._settlePromise (http://localhost:39527/__cypress/runner/cypress_runner.js:165408:18)\n    at Promise._settlePromise0 (http://localhost:39527/__cypress/runner/cypress_runner.js:165453:10)\n    at Promise._settlePromises (http://localhost:39527/__cypress/runner/cypress_runner.js:165528:18)\n    at Async../node_modules/bluebird/js/release/async.js.Async._drainQueue (http://localhost:39527/__cypress/runner/cypress_runner.js:162140:16)\n    at Async../node_modules/bluebird/js/release/async.js.Async._drainQueues (http://localhost:39527/__cypress/runner/cypress_runner.js:162150:10)\n    at Async.drainQueues (http://localhost:39527/__cypress/runner/cypress_runner.js:162024:14)",
                "diff": null
              },
              "uuid": "127086e7-02c8-4340-82a2-2ca122f04342",
              "parentUUID": "53c71b6c-82c0-43a3-9997-664d5499f657",
              "isHook": false,
              "skipped": false
            },
            {
              "title": "Verifica se cada cor individual da paleta de cores possui a `classe` chamada `color`.",
              "fullTitle": "2 - Adicione à página uma paleta de quatro cores distintas. Verifica se cada cor individual da paleta de cores possui a `classe` chamada `color`.",
              "timedOut": null,
              "duration": 4388,
              "state": "failed",
              "speed": null,
              "pass": false,
              "fail": true,
              "pending": false,
              "context": null,
              "code": "cy.get('.color').should('have.length', 4).then(function (colors) {\n  for (var i = 0; i < colors.length; i++) {\n    cy.wrap(colors[i]).should('be.visible');\n  }\n});",
              "err": {
                "message": "CypressError: Timed out retrying: Expected to find element: '.color', but never found it.",
                "estack": "CypressError: Timed out retrying: Expected to find element: '.color', but never found it.\n    at cypressErr (http://localhost:39527/__cypress/runner/cypress_runner.js:149934:9)\n    at throwErr (http://localhost:39527/__cypress/runner/cypress_runner.js:149867:11)\n    at Object.throwErrByPath (http://localhost:39527/__cypress/runner/cypress_runner.js:149915:3)\n    at retry (http://localhost:39527/__cypress/runner/cypress_runner.js:144197:19)\n    at onFailFn (http://localhost:39527/__cypress/runner/cypress_runner.js:132448:16)\n    at tryCatcher (http://localhost:39527/__cypress/runner/cypress_runner.js:167415:23)\n    at Promise._settlePromiseFromHandler (http://localhost:39527/__cypress/runner/cypress_runner.js:165351:31)\n    at Promise._settlePromise (http://localhost:39527/__cypress/runner/cypress_runner.js:165408:18)\n    at Promise._settlePromise0 (http://localhost:39527/__cypress/runner/cypress_runner.js:165453:10)\n    at Promise._settlePromises (http://localhost:39527/__cypress/runner/cypress_runner.js:165528:18)\n    at Async../node_modules/bluebird/js/release/async.js.Async._drainQueue (http://localhost:39527/__cypress/runner/cypress_runner.js:162140:16)\n    at Async../node_modules/bluebird/js/release/async.js.Async._drainQueues (http://localhost:39527/__cypress/runner/cypress_runner.js:162150:10)\n    at Async.drainQueues (http://localhost:39527/__cypress/runner/cypress_runner.js:162024:14)",
                "diff": null
              },
              "uuid": "58bd0ee9-709e-4885-b874-df3d212d0dde",
              "parentUUID": "53c71b6c-82c0-43a3-9997-664d5499f657",
              "isHook": false,
              "skipped": false
            },
            {
              "title": "Verifica se a cor de fundo de cada elemento da paleta é a cor que o elemento representa. **A única cor não permitida na paleta é a cor branca.**",
              "fullTitle": "2 - Adicione à página uma paleta de quatro cores distintas. Verifica se a cor de fundo de cada elemento da paleta é a cor que o elemento representa. **A única cor não permitida na paleta é a cor branca.**",
              "timedOut": null,
              "duration": 4376,
              "state": "failed",
              "speed": null,
              "pass": false,
              "fail": true,
              "pending": false,
              "context": null,
              "code": "cy.get('.color').each(function (color) {\n  cy.wrap(color).should('have.class', 'color').and('not.have.css', 'background-color', WHITE);\n  cy.wrap(color).should('have.css', 'background-color');\n});",
              "err": {
                "message": "CypressError: Timed out retrying: Expected to find element: '.color', but never found it.",
                "estack": "CypressError: Timed out retrying: Expected to find element: '.color', but never found it.\n    at cypressErr (http://localhost:39527/__cypress/runner/cypress_runner.js:149934:9)\n    at throwErr (http://localhost:39527/__cypress/runner/cypress_runner.js:149867:11)\n    at Object.throwErrByPath (http://localhost:39527/__cypress/runner/cypress_runner.js:149915:3)\n    at retry (http://localhost:39527/__cypress/runner/cypress_runner.js:144197:19)\n    at onFailFn (http://localhost:39527/__cypress/runner/cypress_runner.js:132448:16)\n    at tryCatcher (http://localhost:39527/__cypress/runner/cypress_runner.js:167415:23)\n    at Promise._settlePromiseFromHandler (http://localhost:39527/__cypress/runner/cypress_runner.js:165351:31)\n    at Promise._settlePromise (http://localhost:39527/__cypress/runner/cypress_runner.js:165408:18)\n    at Promise._settlePromise0 (http://localhost:39527/__cypress/runner/cypress_runner.js:165453:10)\n    at Promise._settlePromises (http://localhost:39527/__cypress/runner/cypress_runner.js:165528:18)\n    at Async../node_modules/bluebird/js/release/async.js.Async._drainQueue (http://localhost:39527/__cypress/runner/cypress_runner.js:162140:16)\n    at Async../node_modules/bluebird/js/release/async.js.Async._drainQueues (http://localhost:39527/__cypress/runner/cypress_runner.js:162150:10)\n    at Async.drainQueues (http://localhost:39527/__cypress/runner/cypress_runner.js:162024:14)",
                "diff": null
              },
              "uuid": "6e8f42a3-6f23-4ac6-bf69-0966d3abdb59",
              "parentUUID": "53c71b6c-82c0-43a3-9997-664d5499f657",
              "isHook": false,
              "skipped": false
            },
            {
              "title": "Verifica se cada elemento da paleta de cores tem uma borda preta, sólida e com 1 pixel de largura;",
              "fullTitle": "2 - Adicione à página uma paleta de quatro cores distintas. Verifica se cada elemento da paleta de cores tem uma borda preta, sólida e com 1 pixel de largura;",
              "timedOut": null,
              "duration": 4362,
              "state": "failed",
              "speed": null,
              "pass": false,
              "fail": true,
              "pending": false,
              "context": null,
              "code": "cy.get('.color').each(function (color) {\n  cy.wrap(color).and('have.css', 'border', \"1px solid \".concat(BLACK)).and('have.class', 'color');\n});",
              "err": {
                "message": "CypressError: Timed out retrying: Expected to find element: '.color', but never found it.",
                "estack": "CypressError: Timed out retrying: Expected to find element: '.color', but never found it.\n    at cypressErr (http://localhost:39527/__cypress/runner/cypress_runner.js:149934:9)\n    at throwErr (http://localhost:39527/__cypress/runner/cypress_runner.js:149867:11)\n    at Object.throwErrByPath (http://localhost:39527/__cypress/runner/cypress_runner.js:149915:3)\n    at retry (http://localhost:39527/__cypress/runner/cypress_runner.js:144197:19)\n    at onFailFn (http://localhost:39527/__cypress/runner/cypress_runner.js:132448:16)\n    at tryCatcher (http://localhost:39527/__cypress/runner/cypress_runner.js:167415:23)\n    at Promise._settlePromiseFromHandler (http://localhost:39527/__cypress/runner/cypress_runner.js:165351:31)\n    at Promise._settlePromise (http://localhost:39527/__cypress/runner/cypress_runner.js:165408:18)\n    at Promise._settlePromise0 (http://localhost:39527/__cypress/runner/cypress_runner.js:165453:10)\n    at Promise._settlePromises (http://localhost:39527/__cypress/runner/cypress_runner.js:165528:18)\n    at Async../node_modules/bluebird/js/release/async.js.Async._drainQueue (http://localhost:39527/__cypress/runner/cypress_runner.js:162140:16)\n    at Async../node_modules/bluebird/js/release/async.js.Async._drainQueues (http://localhost:39527/__cypress/runner/cypress_runner.js:162150:10)\n    at Async.drainQueues (http://localhost:39527/__cypress/runner/cypress_runner.js:162024:14)",
                "diff": null
              },
              "uuid": "335c319a-5cba-4b51-a7f9-4c4f5cd26796",
              "parentUUID": "53c71b6c-82c0-43a3-9997-664d5499f657",
              "isHook": false,
              "skipped": false
            },
            {
              "title": "Verifica se a paleta lista todas as cores disponíveis para utilização, lado a lado.",
              "fullTitle": "2 - Adicione à página uma paleta de quatro cores distintas. Verifica se a paleta lista todas as cores disponíveis para utilização, lado a lado.",
              "timedOut": null,
              "duration": 4367,
              "state": "failed",
              "speed": null,
              "pass": false,
              "fail": true,
              "pending": false,
              "context": null,
              "code": "cy.get('.color').then(function (colors) {\n  for (var index = 1; index < colors.length; index += 1) {\n    var currentColor = colors[index];\n    var previousColor = colors[index - 1];\n    cy.wrap(currentColor).should('be.onTheRightOf', previousColor).and('be.horizontallyAlignedWith', previousColor);\n  }\n});",
              "err": {
                "message": "CypressError: Timed out retrying: Expected to find element: '.color', but never found it.",
                "estack": "CypressError: Timed out retrying: Expected to find element: '.color', but never found it.\n    at cypressErr (http://localhost:39527/__cypress/runner/cypress_runner.js:149934:9)\n    at throwErr (http://localhost:39527/__cypress/runner/cypress_runner.js:149867:11)\n    at Object.throwErrByPath (http://localhost:39527/__cypress/runner/cypress_runner.js:149915:3)\n    at retry (http://localhost:39527/__cypress/runner/cypress_runner.js:144197:19)\n    at onFailFn (http://localhost:39527/__cypress/runner/cypress_runner.js:132448:16)\n    at tryCatcher (http://localhost:39527/__cypress/runner/cypress_runner.js:167415:23)\n    at Promise._settlePromiseFromHandler (http://localhost:39527/__cypress/runner/cypress_runner.js:165351:31)\n    at Promise._settlePromise (http://localhost:39527/__cypress/runner/cypress_runner.js:165408:18)\n    at Promise._settlePromise0 (http://localhost:39527/__cypress/runner/cypress_runner.js:165453:10)\n    at Promise._settlePromises (http://localhost:39527/__cypress/runner/cypress_runner.js:165528:18)\n    at Async../node_modules/bluebird/js/release/async.js.Async._drainQueue (http://localhost:39527/__cypress/runner/cypress_runner.js:162140:16)\n    at Async../node_modules/bluebird/js/release/async.js.Async._drainQueues (http://localhost:39527/__cypress/runner/cypress_runner.js:162150:10)\n    at Async.drainQueues (http://localhost:39527/__cypress/runner/cypress_runner.js:162024:14)",
                "diff": null
              },
              "uuid": "33affa0b-b445-4439-80f0-fdfb3af469e7",
              "parentUUID": "53c71b6c-82c0-43a3-9997-664d5499f657",
              "isHook": false,
              "skipped": false
            },
            {
              "title": "Verifica se a paleta de cores está posicionada abaixo do título 'Paleta de Cores'",
              "fullTitle": "2 - Adicione à página uma paleta de quatro cores distintas. Verifica se a paleta de cores está posicionada abaixo do título 'Paleta de Cores'",
              "timedOut": null,
              "duration": 4344,
              "state": "failed",
              "speed": null,
              "pass": false,
              "fail": true,
              "pending": false,
              "context": null,
              "code": "cy.get('h1#title').then(function (title) {\n  cy.get('#color-palette').should('be.belowOf', title);\n});",
              "err": {
                "message": "CypressError: Timed out retrying: Expected to find element: '#color-palette', but never found it.",
                "estack": "CypressError: Timed out retrying: Expected to find element: '#color-palette', but never found it.\n    at cypressErr (http://localhost:39527/__cypress/runner/cypress_runner.js:149934:9)\n    at throwErr (http://localhost:39527/__cypress/runner/cypress_runner.js:149867:11)\n    at Object.throwErrByPath (http://localhost:39527/__cypress/runner/cypress_runner.js:149915:3)\n    at retry (http://localhost:39527/__cypress/runner/cypress_runner.js:144197:19)\n    at onFailFn (http://localhost:39527/__cypress/runner/cypress_runner.js:132448:16)\n    at tryCatcher (http://localhost:39527/__cypress/runner/cypress_runner.js:167415:23)\n    at Promise._settlePromiseFromHandler (http://localhost:39527/__cypress/runner/cypress_runner.js:165351:31)\n    at Promise._settlePromise (http://localhost:39527/__cypress/runner/cypress_runner.js:165408:18)\n    at Promise._settlePromise0 (http://localhost:39527/__cypress/runner/cypress_runner.js:165453:10)\n    at Promise._settlePromises (http://localhost:39527/__cypress/runner/cypress_runner.js:165528:18)\n    at Async../node_modules/bluebird/js/release/async.js.Async._drainQueue (http://localhost:39527/__cypress/runner/cypress_runner.js:162140:16)\n    at Async../node_modules/bluebird/js/release/async.js.Async._drainQueues (http://localhost:39527/__cypress/runner/cypress_runner.js:162150:10)\n    at Async.drainQueues (http://localhost:39527/__cypress/runner/cypress_runner.js:162024:14)",
                "diff": null
              },
              "uuid": "fd2f4fca-ecd2-4ef6-8a4c-ab36de3b0e4e",
              "parentUUID": "53c71b6c-82c0-43a3-9997-664d5499f657",
              "isHook": false,
              "skipped": false
            },
            {
              "title": "Verifica se a paleta de cores não contém cores repetidas.",
              "fullTitle": "2 - Adicione à página uma paleta de quatro cores distintas. Verifica se a paleta de cores não contém cores repetidas.",
              "timedOut": null,
              "duration": 4359,
              "state": "failed",
              "speed": null,
              "pass": false,
              "fail": true,
              "pending": false,
              "context": null,
              "code": "cy.get('.color').then(function (colors) {\n  var allColors = Array.from(colors).map(function (color) {\n    return Cypress.$(color).css('background-color');\n  });\n  cy.log(allColors);\n  var uniqColors = (0, _toConsumableArray2[\"default\"])(new Set(allColors));\n  cy.log(uniqColors);\n  expect(allColors.length).to.eq(uniqColors.length);\n});",
              "err": {
                "message": "CypressError: Timed out retrying: Expected to find element: '.color', but never found it.",
                "estack": "CypressError: Timed out retrying: Expected to find element: '.color', but never found it.\n    at cypressErr (http://localhost:39527/__cypress/runner/cypress_runner.js:149934:9)\n    at throwErr (http://localhost:39527/__cypress/runner/cypress_runner.js:149867:11)\n    at Object.throwErrByPath (http://localhost:39527/__cypress/runner/cypress_runner.js:149915:3)\n    at retry (http://localhost:39527/__cypress/runner/cypress_runner.js:144197:19)\n    at onFailFn (http://localhost:39527/__cypress/runner/cypress_runner.js:132448:16)\n    at tryCatcher (http://localhost:39527/__cypress/runner/cypress_runner.js:167415:23)\n    at Promise._settlePromiseFromHandler (http://localhost:39527/__cypress/runner/cypress_runner.js:165351:31)\n    at Promise._settlePromise (http://localhost:39527/__cypress/runner/cypress_runner.js:165408:18)\n    at Promise._settlePromise0 (http://localhost:39527/__cypress/runner/cypress_runner.js:165453:10)\n    at Promise._settlePromises (http://localhost:39527/__cypress/runner/cypress_runner.js:165528:18)\n    at Async../node_modules/bluebird/js/release/async.js.Async._drainQueue (http://localhost:39527/__cypress/runner/cypress_runner.js:162140:16)\n    at Async../node_modules/bluebird/js/release/async.js.Async._drainQueues (http://localhost:39527/__cypress/runner/cypress_runner.js:162150:10)\n    at Async.drainQueues (http://localhost:39527/__cypress/runner/cypress_runner.js:162024:14)",
                "diff": null
              },
              "uuid": "31e3c8cf-fc77-4c0a-ac11-c949a5d7f1a5",
              "parentUUID": "53c71b6c-82c0-43a3-9997-664d5499f657",
              "isHook": false,
              "skipped": false
            }
          ],
          "suites": [],
          "passes": [],
          "failures": [
            "127086e7-02c8-4340-82a2-2ca122f04342",
            "58bd0ee9-709e-4885-b874-df3d212d0dde",
            "6e8f42a3-6f23-4ac6-bf69-0966d3abdb59",
            "335c319a-5cba-4b51-a7f9-4c4f5cd26796",
            "33affa0b-b445-4439-80f0-fdfb3af469e7",
            "fd2f4fca-ecd2-4ef6-8a4c-ab36de3b0e4e",
            "31e3c8cf-fc77-4c0a-ac11-c949a5d7f1a5"
          ],
          "pending": [],
          "skipped": [],
          "duration": 30526,
          "root": false,
          "rootEmpty": false,
          "_timeout": 2000
        },
        {
          "uuid": "3d23eb34-00d6-46d7-be63-3205c8b9a69f",
          "title": "3 - Adicione a cor **preta** como a primeira cor da paleta de cores.",
          "fullFile": "",
          "file": "",
          "beforeHooks": [],
          "afterHooks": [],
          "tests": [
            {
              "title": "Verifica se a primeira cor da paleta é preta",
              "fullTitle": "3 - Adicione a cor **preta** como a primeira cor da paleta de cores. Verifica se a primeira cor da paleta é preta",
              "timedOut": null,
              "duration": 4395,
              "state": "failed",
              "speed": null,
              "pass": false,
              "fail": true,
              "pending": false,
              "context": null,
              "code": "cy.get('.color').first().should('have.css', 'background-color', BLACK);",
              "err": {
                "message": "CypressError: Timed out retrying: Expected to find element: '.color', but never found it.",
                "estack": "CypressError: Timed out retrying: Expected to find element: '.color', but never found it.\n    at cypressErr (http://localhost:39527/__cypress/runner/cypress_runner.js:149934:9)\n    at throwErr (http://localhost:39527/__cypress/runner/cypress_runner.js:149867:11)\n    at Object.throwErrByPath (http://localhost:39527/__cypress/runner/cypress_runner.js:149915:3)\n    at retry (http://localhost:39527/__cypress/runner/cypress_runner.js:144197:19)\n    at onFailFn (http://localhost:39527/__cypress/runner/cypress_runner.js:132448:16)\n    at tryCatcher (http://localhost:39527/__cypress/runner/cypress_runner.js:167415:23)\n    at Promise._settlePromiseFromHandler (http://localhost:39527/__cypress/runner/cypress_runner.js:165351:31)\n    at Promise._settlePromise (http://localhost:39527/__cypress/runner/cypress_runner.js:165408:18)\n    at Promise._settlePromise0 (http://localhost:39527/__cypress/runner/cypress_runner.js:165453:10)\n    at Promise._settlePromises (http://localhost:39527/__cypress/runner/cypress_runner.js:165528:18)\n    at Async../node_modules/bluebird/js/release/async.js.Async._drainQueue (http://localhost:39527/__cypress/runner/cypress_runner.js:162140:16)\n    at Async../node_modules/bluebird/js/release/async.js.Async._drainQueues (http://localhost:39527/__cypress/runner/cypress_runner.js:162150:10)\n    at Async.drainQueues (http://localhost:39527/__cypress/runner/cypress_runner.js:162024:14)",
                "diff": null
              },
              "uuid": "bf7f6971-06de-4447-bbd9-939956b301d7",
              "parentUUID": "3d23eb34-00d6-46d7-be63-3205c8b9a69f",
              "isHook": false,
              "skipped": false
            },
            {
              "title": "Verifica se as demais cores podem ser escolhidas livremente.",
              "fullTitle": "3 - Adicione a cor **preta** como a primeira cor da paleta de cores. Verifica se as demais cores podem ser escolhidas livremente.",
              "timedOut": null,
              "duration": 4350,
              "state": "failed",
              "speed": null,
              "pass": false,
              "fail": true,
              "pending": false,
              "context": null,
              "code": "cy.get('.color').eq(1).should('not.have.css', 'background-color', BLACK);\ncy.get('.color').eq(1).should('not.have.css', 'background-color', WHITE);\ncy.get('.color').eq(1).should('not.have.css', 'background-color', 'rgba(0, 0, 0, 0)');\ncy.get('.color').eq(1).should('have.css', 'background-color');\ncy.get('.color').eq(2).should('not.have.css', 'background-color', BLACK);\ncy.get('.color').eq(2).should('not.have.css', 'background-color', WHITE);\ncy.get('.color').eq(2).should('not.have.css', 'background-color', 'rgba(0, 0, 0, 0)');\ncy.get('.color').eq(2).should('have.css', 'background-color');\ncy.get('.color').eq(3).should('not.have.css', 'background-color', BLACK);\ncy.get('.color').eq(3).should('not.have.css', 'background-color', WHITE);\ncy.get('.color').eq(3).should('not.have.css', 'background-color', 'rgba(0, 0, 0, 0)');\ncy.get('.color').eq(3).should('have.css', 'background-color');",
              "err": {
                "message": "CypressError: Timed out retrying: Expected to find element: '.color', but never found it.",
                "estack": "CypressError: Timed out retrying: Expected to find element: '.color', but never found it.\n    at cypressErr (http://localhost:39527/__cypress/runner/cypress_runner.js:149934:9)\n    at throwErr (http://localhost:39527/__cypress/runner/cypress_runner.js:149867:11)\n    at Object.throwErrByPath (http://localhost:39527/__cypress/runner/cypress_runner.js:149915:3)\n    at retry (http://localhost:39527/__cypress/runner/cypress_runner.js:144197:19)\n    at onFailFn (http://localhost:39527/__cypress/runner/cypress_runner.js:132448:16)\n    at tryCatcher (http://localhost:39527/__cypress/runner/cypress_runner.js:167415:23)\n    at Promise._settlePromiseFromHandler (http://localhost:39527/__cypress/runner/cypress_runner.js:165351:31)\n    at Promise._settlePromise (http://localhost:39527/__cypress/runner/cypress_runner.js:165408:18)\n    at Promise._settlePromise0 (http://localhost:39527/__cypress/runner/cypress_runner.js:165453:10)\n    at Promise._settlePromises (http://localhost:39527/__cypress/runner/cypress_runner.js:165528:18)\n    at Async../node_modules/bluebird/js/release/async.js.Async._drainQueue (http://localhost:39527/__cypress/runner/cypress_runner.js:162140:16)\n    at Async../node_modules/bluebird/js/release/async.js.Async._drainQueues (http://localhost:39527/__cypress/runner/cypress_runner.js:162150:10)\n    at Async.drainQueues (http://localhost:39527/__cypress/runner/cypress_runner.js:162024:14)",
                "diff": null
              },
              "uuid": "0e9727e3-4e79-4127-9f26-792920a1a535",
              "parentUUID": "3d23eb34-00d6-46d7-be63-3205c8b9a69f",
              "isHook": false,
              "skipped": false
            }
          ],
          "suites": [],
          "passes": [],
          "failures": [
            "bf7f6971-06de-4447-bbd9-939956b301d7",
            "0e9727e3-4e79-4127-9f26-792920a1a535"
          ],
          "pending": [],
          "skipped": [],
          "duration": 8745,
          "root": false,
          "rootEmpty": false,
          "_timeout": 2000
        },
        {
          "uuid": "499e6af9-c387-49ff-a2e9-d9f285893d7a",
          "title": "4 - Adicione à página um quadro de pixels, com 25 pixels.",
          "fullFile": "",
          "file": "",
          "beforeHooks": [],
          "afterHooks": [],
          "tests": [
            {
              "title": "Verifica se o quadro de pixels possui o `id` denominado `pixel-board`",
              "fullTitle": "4 - Adicione à página um quadro de pixels, com 25 pixels. Verifica se o quadro de pixels possui o `id` denominado `pixel-board`",
              "timedOut": null,
              "duration": 4432,
              "state": "failed",
              "speed": null,
              "pass": false,
              "fail": true,
              "pending": false,
              "context": null,
              "code": "cy.get('#pixel-board').should('be.visible');",
              "err": {
                "message": "CypressError: Timed out retrying: Expected to find element: '#pixel-board', but never found it.",
                "estack": "CypressError: Timed out retrying: Expected to find element: '#pixel-board', but never found it.\n    at cypressErr (http://localhost:39527/__cypress/runner/cypress_runner.js:149934:9)\n    at throwErr (http://localhost:39527/__cypress/runner/cypress_runner.js:149867:11)\n    at Object.throwErrByPath (http://localhost:39527/__cypress/runner/cypress_runner.js:149915:3)\n    at retry (http://localhost:39527/__cypress/runner/cypress_runner.js:144197:19)\n    at onFailFn (http://localhost:39527/__cypress/runner/cypress_runner.js:132448:16)\n    at tryCatcher (http://localhost:39527/__cypress/runner/cypress_runner.js:167415:23)\n    at Promise._settlePromiseFromHandler (http://localhost:39527/__cypress/runner/cypress_runner.js:165351:31)\n    at Promise._settlePromise (http://localhost:39527/__cypress/runner/cypress_runner.js:165408:18)\n    at Promise._settlePromise0 (http://localhost:39527/__cypress/runner/cypress_runner.js:165453:10)\n    at Promise._settlePromises (http://localhost:39527/__cypress/runner/cypress_runner.js:165528:18)\n    at Async../node_modules/bluebird/js/release/async.js.Async._drainQueue (http://localhost:39527/__cypress/runner/cypress_runner.js:162140:16)\n    at Async../node_modules/bluebird/js/release/async.js.Async._drainQueues (http://localhost:39527/__cypress/runner/cypress_runner.js:162150:10)\n    at Async.drainQueues (http://localhost:39527/__cypress/runner/cypress_runner.js:162024:14)",
                "diff": null
              },
              "uuid": "6ef0d548-3526-4d3f-973e-d7e8966e89ce",
              "parentUUID": "499e6af9-c387-49ff-a2e9-d9f285893d7a",
              "isHook": false,
              "skipped": false
            },
            {
              "title": "Verifica se cada pixel individual dentro do quadro possui a `classe` denominada `pixel`.",
              "fullTitle": "4 - Adicione à página um quadro de pixels, com 25 pixels. Verifica se cada pixel individual dentro do quadro possui a `classe` denominada `pixel`.",
              "timedOut": null,
              "duration": 4443,
              "state": "failed",
              "speed": null,
              "pass": false,
              "fail": true,
              "pending": false,
              "context": null,
              "code": "cy.get('.pixel').should('have.length', 25);",
              "err": {
                "message": "CypressError: Timed out retrying: Expected to find element: '.pixel', but never found it.",
                "estack": "CypressError: Timed out retrying: Expected to find element: '.pixel', but never found it.\n    at cypressErr (http://localhost:39527/__cypress/runner/cypress_runner.js:149934:9)\n    at throwErr (http://localhost:39527/__cypress/runner/cypress_runner.js:149867:11)\n    at Object.throwErrByPath (http://localhost:39527/__cypress/runner/cypress_runner.js:149915:3)\n    at retry (http://localhost:39527/__cypress/runner/cypress_runner.js:144197:19)\n    at onFailFn (http://localhost:39527/__cypress/runner/cypress_runner.js:132448:16)\n    at tryCatcher (http://localhost:39527/__cypress/runner/cypress_runner.js:167415:23)\n    at Promise._settlePromiseFromHandler (http://localhost:39527/__cypress/runner/cypress_runner.js:165351:31)\n    at Promise._settlePromise (http://localhost:39527/__cypress/runner/cypress_runner.js:165408:18)\n    at Promise._settlePromise0 (http://localhost:39527/__cypress/runner/cypress_runner.js:165453:10)\n    at Promise._settlePromises (http://localhost:39527/__cypress/runner/cypress_runner.js:165528:18)\n    at Async../node_modules/bluebird/js/release/async.js.Async._drainQueue (http://localhost:39527/__cypress/runner/cypress_runner.js:162140:16)\n    at Async../node_modules/bluebird/js/release/async.js.Async._drainQueues (http://localhost:39527/__cypress/runner/cypress_runner.js:162150:10)\n    at Async.drainQueues (http://localhost:39527/__cypress/runner/cypress_runner.js:162024:14)",
                "diff": null
              },
              "uuid": "d1419e1e-18fc-406f-aee9-6d8388657a11",
              "parentUUID": "499e6af9-c387-49ff-a2e9-d9f285893d7a",
              "isHook": false,
              "skipped": false
            },
            {
              "title": "Verifica se a cor inicial dos pixels dentro do quadro, ao abrir a página, é branca.",
              "fullTitle": "4 - Adicione à página um quadro de pixels, com 25 pixels. Verifica se a cor inicial dos pixels dentro do quadro, ao abrir a página, é branca.",
              "timedOut": null,
              "duration": 4574,
              "state": "failed",
              "speed": null,
              "pass": false,
              "fail": true,
              "pending": false,
              "context": null,
              "code": "cy.get('.pixel').should('have.length', 25).each(function (pixel) {\n  expect(pixel).to.have.css('background-color', WHITE);\n});",
              "err": {
                "message": "CypressError: Timed out retrying: Expected to find element: '.pixel', but never found it.",
                "estack": "CypressError: Timed out retrying: Expected to find element: '.pixel', but never found it.\n    at cypressErr (http://localhost:39527/__cypress/runner/cypress_runner.js:149934:9)\n    at throwErr (http://localhost:39527/__cypress/runner/cypress_runner.js:149867:11)\n    at Object.throwErrByPath (http://localhost:39527/__cypress/runner/cypress_runner.js:149915:3)\n    at retry (http://localhost:39527/__cypress/runner/cypress_runner.js:144197:19)\n    at onFailFn (http://localhost:39527/__cypress/runner/cypress_runner.js:132448:16)\n    at tryCatcher (http://localhost:39527/__cypress/runner/cypress_runner.js:167415:23)\n    at Promise._settlePromiseFromHandler (http://localhost:39527/__cypress/runner/cypress_runner.js:165351:31)\n    at Promise._settlePromise (http://localhost:39527/__cypress/runner/cypress_runner.js:165408:18)\n    at Promise._settlePromise0 (http://localhost:39527/__cypress/runner/cypress_runner.js:165453:10)\n    at Promise._settlePromises (http://localhost:39527/__cypress/runner/cypress_runner.js:165528:18)\n    at Async../node_modules/bluebird/js/release/async.js.Async._drainQueue (http://localhost:39527/__cypress/runner/cypress_runner.js:162140:16)\n    at Async../node_modules/bluebird/js/release/async.js.Async._drainQueues (http://localhost:39527/__cypress/runner/cypress_runner.js:162150:10)\n    at Async.drainQueues (http://localhost:39527/__cypress/runner/cypress_runner.js:162024:14)",
                "diff": null
              },
              "uuid": "6d34bfc0-c0fd-42fc-a9a8-f6c6452c1cde",
              "parentUUID": "499e6af9-c387-49ff-a2e9-d9f285893d7a",
              "isHook": false,
              "skipped": false
            },
            {
              "title": "Verifica se o quadro de pixels aparece abaixo da paleta de cores",
              "fullTitle": "4 - Adicione à página um quadro de pixels, com 25 pixels. Verifica se o quadro de pixels aparece abaixo da paleta de cores",
              "timedOut": null,
              "duration": 4564,
              "state": "failed",
              "speed": null,
              "pass": false,
              "fail": true,
              "pending": false,
              "context": null,
              "code": "cy.get('#color-palette').then(function (palette) {\n  cy.get('#pixel-board').should('be.belowOf', palette);\n});",
              "err": {
                "message": "CypressError: Timed out retrying: Expected to find element: '#color-palette', but never found it.",
                "estack": "CypressError: Timed out retrying: Expected to find element: '#color-palette', but never found it.\n    at cypressErr (http://localhost:39527/__cypress/runner/cypress_runner.js:149934:9)\n    at throwErr (http://localhost:39527/__cypress/runner/cypress_runner.js:149867:11)\n    at Object.throwErrByPath (http://localhost:39527/__cypress/runner/cypress_runner.js:149915:3)\n    at retry (http://localhost:39527/__cypress/runner/cypress_runner.js:144197:19)\n    at onFailFn (http://localhost:39527/__cypress/runner/cypress_runner.js:132448:16)\n    at tryCatcher (http://localhost:39527/__cypress/runner/cypress_runner.js:167415:23)\n    at Promise._settlePromiseFromHandler (http://localhost:39527/__cypress/runner/cypress_runner.js:165351:31)\n    at Promise._settlePromise (http://localhost:39527/__cypress/runner/cypress_runner.js:165408:18)\n    at Promise._settlePromise0 (http://localhost:39527/__cypress/runner/cypress_runner.js:165453:10)\n    at Promise._settlePromises (http://localhost:39527/__cypress/runner/cypress_runner.js:165528:18)\n    at Async../node_modules/bluebird/js/release/async.js.Async._drainQueue (http://localhost:39527/__cypress/runner/cypress_runner.js:162140:16)\n    at Async../node_modules/bluebird/js/release/async.js.Async._drainQueues (http://localhost:39527/__cypress/runner/cypress_runner.js:162150:10)\n    at Async.drainQueues (http://localhost:39527/__cypress/runner/cypress_runner.js:162024:14)",
                "diff": null
              },
              "uuid": "36f870fd-1f52-46d3-8f1b-0d1fa7977dec",
              "parentUUID": "499e6af9-c387-49ff-a2e9-d9f285893d7a",
              "isHook": false,
              "skipped": false
            }
          ],
          "suites": [],
          "passes": [],
          "failures": [
            "6ef0d548-3526-4d3f-973e-d7e8966e89ce",
            "d1419e1e-18fc-406f-aee9-6d8388657a11",
            "6d34bfc0-c0fd-42fc-a9a8-f6c6452c1cde",
            "36f870fd-1f52-46d3-8f1b-0d1fa7977dec"
          ],
          "pending": [],
          "skipped": [],
          "duration": 18013,
          "root": false,
          "rootEmpty": false,
          "_timeout": 2000
        },
        {
          "uuid": "8701c1e5-e493-4b47-9f8d-41897ccbc713",
          "title": "5 - Faça com que cada elemento do quadro de pixels possua 40 pixels de largura, 40 pixels de altura e seja delimitado por uma borda preta de 1 pixel.",
          "fullFile": "",
          "file": "",
          "beforeHooks": [],
          "afterHooks": [],
          "tests": [
            {
              "title": "Verifica se o quadro de pixels tem altura e comprimento de 5 elementos",
              "fullTitle": "5 - Faça com que cada elemento do quadro de pixels possua 40 pixels de largura, 40 pixels de altura e seja delimitado por uma borda preta de 1 pixel. Verifica se o quadro de pixels tem altura e comprimento de 5 elementos",
              "timedOut": null,
              "duration": 5048,
              "state": "failed",
              "speed": null,
              "pass": false,
              "fail": true,
              "pending": false,
              "context": null,
              "code": "cy.get('.pixel').should('have.length', 25).each(function (pixel) {\n  expect(pixel).to.have.css('background-color', WHITE);\n}).and(function (pixels) {\n  var rows = chunk(pixels, 5);\n  rows.forEach(function (row) {\n    for (var index = 1; index < row.length; index += 1) {\n      var current = pixels[index];\n      var previous = pixels[index - 1];\n      cy.wrap(current).should('be.onTheRightOf', previous).and('be.horizontallyAlignedWith', previous);\n    }\n  });\n  for (var index = 1; index < 5; index += 1) {\n    expect(pixels[index * 5]).to.be.belowOf(pixels[(index - 1) * 5]);\n  }\n});",
              "err": {
                "message": "CypressError: Timed out retrying: Expected to find element: '.pixel', but never found it.",
                "estack": "CypressError: Timed out retrying: Expected to find element: '.pixel', but never found it.\n    at cypressErr (http://localhost:39527/__cypress/runner/cypress_runner.js:149934:9)\n    at throwErr (http://localhost:39527/__cypress/runner/cypress_runner.js:149867:11)\n    at Object.throwErrByPath (http://localhost:39527/__cypress/runner/cypress_runner.js:149915:3)\n    at retry (http://localhost:39527/__cypress/runner/cypress_runner.js:144197:19)\n    at onFailFn (http://localhost:39527/__cypress/runner/cypress_runner.js:132448:16)\n    at tryCatcher (http://localhost:39527/__cypress/runner/cypress_runner.js:167415:23)\n    at Promise._settlePromiseFromHandler (http://localhost:39527/__cypress/runner/cypress_runner.js:165351:31)\n    at Promise._settlePromise (http://localhost:39527/__cypress/runner/cypress_runner.js:165408:18)\n    at Promise._settlePromise0 (http://localhost:39527/__cypress/runner/cypress_runner.js:165453:10)\n    at Promise._settlePromises (http://localhost:39527/__cypress/runner/cypress_runner.js:165528:18)\n    at Async../node_modules/bluebird/js/release/async.js.Async._drainQueue (http://localhost:39527/__cypress/runner/cypress_runner.js:162140:16)\n    at Async../node_modules/bluebird/js/release/async.js.Async._drainQueues (http://localhost:39527/__cypress/runner/cypress_runner.js:162150:10)\n    at Async.drainQueues (http://localhost:39527/__cypress/runner/cypress_runner.js:162024:14)",
                "diff": null
              },
              "uuid": "8b989747-215e-44d4-aad5-95ad07c02c78",
              "parentUUID": "8701c1e5-e493-4b47-9f8d-41897ccbc713",
              "isHook": false,
              "skipped": false
            },
            {
              "title": "Verifica se 40 pixels é o tamanho total do elemento, incluindo seu conteúdo e excluindo a borda preta, que deve ser criada à parte.",
              "fullTitle": "5 - Faça com que cada elemento do quadro de pixels possua 40 pixels de largura, 40 pixels de altura e seja delimitado por uma borda preta de 1 pixel. Verifica se 40 pixels é o tamanho total do elemento, incluindo seu conteúdo e excluindo a borda preta, que deve ser criada à parte.",
              "timedOut": null,
              "duration": 4632,
              "state": "failed",
              "speed": null,
              "pass": false,
              "fail": true,
              "pending": false,
              "context": null,
              "code": "cy.get('.pixel').each(function (pixel) {\n  cy.wrap(pixel).should('have.css', 'height', '40px').and('have.css', 'width', '40px').and('have.css', 'border', \"1px solid \".concat(BLACK));\n});",
              "err": {
                "message": "CypressError: Timed out retrying: Expected to find element: '.pixel', but never found it.",
                "estack": "CypressError: Timed out retrying: Expected to find element: '.pixel', but never found it.\n    at cypressErr (http://localhost:39527/__cypress/runner/cypress_runner.js:149934:9)\n    at throwErr (http://localhost:39527/__cypress/runner/cypress_runner.js:149867:11)\n    at Object.throwErrByPath (http://localhost:39527/__cypress/runner/cypress_runner.js:149915:3)\n    at retry (http://localhost:39527/__cypress/runner/cypress_runner.js:144197:19)\n    at onFailFn (http://localhost:39527/__cypress/runner/cypress_runner.js:132448:16)\n    at tryCatcher (http://localhost:39527/__cypress/runner/cypress_runner.js:167415:23)\n    at Promise._settlePromiseFromHandler (http://localhost:39527/__cypress/runner/cypress_runner.js:165351:31)\n    at Promise._settlePromise (http://localhost:39527/__cypress/runner/cypress_runner.js:165408:18)\n    at Promise._settlePromise0 (http://localhost:39527/__cypress/runner/cypress_runner.js:165453:10)\n    at Promise._settlePromises (http://localhost:39527/__cypress/runner/cypress_runner.js:165528:18)\n    at Async../node_modules/bluebird/js/release/async.js.Async._drainQueue (http://localhost:39527/__cypress/runner/cypress_runner.js:162140:16)\n    at Async../node_modules/bluebird/js/release/async.js.Async._drainQueues (http://localhost:39527/__cypress/runner/cypress_runner.js:162150:10)\n    at Async.drainQueues (http://localhost:39527/__cypress/runner/cypress_runner.js:162024:14)",
                "diff": null
              },
              "uuid": "2100a563-a14b-441e-adb9-12a6fc4128cb",
              "parentUUID": "8701c1e5-e493-4b47-9f8d-41897ccbc713",
              "isHook": false,
              "skipped": false
            }
          ],
          "suites": [],
          "passes": [],
          "failures": [
            "8b989747-215e-44d4-aad5-95ad07c02c78",
            "2100a563-a14b-441e-adb9-12a6fc4128cb"
          ],
          "pending": [],
          "skipped": [],
          "duration": 9680,
          "root": false,
          "rootEmpty": false,
          "_timeout": 2000
        },
        {
          "uuid": "f54d2564-67b2-4048-b72d-cae601187b46",
          "title": "6 - Defina a cor preta como cor inicial. Ao carregar a página a cor preta já deve estar selecionada para pintar os pixels",
          "fullFile": "",
          "file": "",
          "beforeHooks": [],
          "afterHooks": [],
          "tests": [
            {
              "title": "Verifica se o elemento da cor preta possui, inicialmente, a `classe` `selected`",
              "fullTitle": "6 - Defina a cor preta como cor inicial. Ao carregar a página a cor preta já deve estar selecionada para pintar os pixels Verifica se o elemento da cor preta possui, inicialmente, a `classe` `selected`",
              "timedOut": null,
              "duration": 4634,
              "state": "failed",
              "speed": null,
              "pass": false,
              "fail": true,
              "pending": false,
              "context": null,
              "code": "cy.get('.selected').first().should('have.css', 'background-color', BLACK);",
              "err": {
                "message": "CypressError: Timed out retrying: Expected to find element: '.selected', but never found it.",
                "estack": "CypressError: Timed out retrying: Expected to find element: '.selected', but never found it.\n    at cypressErr (http://localhost:39527/__cypress/runner/cypress_runner.js:149934:9)\n    at throwErr (http://localhost:39527/__cypress/runner/cypress_runner.js:149867:11)\n    at Object.throwErrByPath (http://localhost:39527/__cypress/runner/cypress_runner.js:149915:3)\n    at retry (http://localhost:39527/__cypress/runner/cypress_runner.js:144197:19)\n    at onFailFn (http://localhost:39527/__cypress/runner/cypress_runner.js:132448:16)\n    at tryCatcher (http://localhost:39527/__cypress/runner/cypress_runner.js:167415:23)\n    at Promise._settlePromiseFromHandler (http://localhost:39527/__cypress/runner/cypress_runner.js:165351:31)\n    at Promise._settlePromise (http://localhost:39527/__cypress/runner/cypress_runner.js:165408:18)\n    at Promise._settlePromise0 (http://localhost:39527/__cypress/runner/cypress_runner.js:165453:10)\n    at Promise._settlePromises (http://localhost:39527/__cypress/runner/cypress_runner.js:165528:18)\n    at Async../node_modules/bluebird/js/release/async.js.Async._drainQueue (http://localhost:39527/__cypress/runner/cypress_runner.js:162140:16)\n    at Async../node_modules/bluebird/js/release/async.js.Async._drainQueues (http://localhost:39527/__cypress/runner/cypress_runner.js:162150:10)\n    at Async.drainQueues (http://localhost:39527/__cypress/runner/cypress_runner.js:162024:14)",
                "diff": null
              },
              "uuid": "4a3455df-7841-4c06-856c-0638db5a1a59",
              "parentUUID": "f54d2564-67b2-4048-b72d-cae601187b46",
              "isHook": false,
              "skipped": false
            },
            {
              "title": "Verifica se nenhuma outra cor da paleta tem a `classe` `selected`",
              "fullTitle": "6 - Defina a cor preta como cor inicial. Ao carregar a página a cor preta já deve estar selecionada para pintar os pixels Verifica se nenhuma outra cor da paleta tem a `classe` `selected`",
              "timedOut": null,
              "duration": 4448,
              "state": "failed",
              "speed": null,
              "pass": false,
              "fail": true,
              "pending": false,
              "context": null,
              "code": "cy.get('.color:not(:first-child)').each(function (color) {\n  cy.wrap(color).should('not.have.class', 'selected');\n});",
              "err": {
                "message": "CypressError: Timed out retrying: Expected to find element: '.color:not(:first-child)', but never found it.",
                "estack": "CypressError: Timed out retrying: Expected to find element: '.color:not(:first-child)', but never found it.\n    at cypressErr (http://localhost:39527/__cypress/runner/cypress_runner.js:149934:9)\n    at throwErr (http://localhost:39527/__cypress/runner/cypress_runner.js:149867:11)\n    at Object.throwErrByPath (http://localhost:39527/__cypress/runner/cypress_runner.js:149915:3)\n    at retry (http://localhost:39527/__cypress/runner/cypress_runner.js:144197:19)\n    at onFailFn (http://localhost:39527/__cypress/runner/cypress_runner.js:132448:16)\n    at tryCatcher (http://localhost:39527/__cypress/runner/cypress_runner.js:167415:23)\n    at Promise._settlePromiseFromHandler (http://localhost:39527/__cypress/runner/cypress_runner.js:165351:31)\n    at Promise._settlePromise (http://localhost:39527/__cypress/runner/cypress_runner.js:165408:18)\n    at Promise._settlePromise0 (http://localhost:39527/__cypress/runner/cypress_runner.js:165453:10)\n    at Promise._settlePromises (http://localhost:39527/__cypress/runner/cypress_runner.js:165528:18)\n    at Async../node_modules/bluebird/js/release/async.js.Async._drainQueue (http://localhost:39527/__cypress/runner/cypress_runner.js:162140:16)\n    at Async../node_modules/bluebird/js/release/async.js.Async._drainQueues (http://localhost:39527/__cypress/runner/cypress_runner.js:162150:10)\n    at Async.drainQueues (http://localhost:39527/__cypress/runner/cypress_runner.js:162024:14)",
                "diff": null
              },
              "uuid": "6fa25a71-a9e4-45c8-a7c1-431467da67b1",
              "parentUUID": "f54d2564-67b2-4048-b72d-cae601187b46",
              "isHook": false,
              "skipped": false
            }
          ],
          "suites": [],
          "passes": [],
          "failures": [
            "4a3455df-7841-4c06-856c-0638db5a1a59",
            "6fa25a71-a9e4-45c8-a7c1-431467da67b1"
          ],
          "pending": [],
          "skipped": [],
          "duration": 9082,
          "root": false,
          "rootEmpty": false,
          "_timeout": 2000
        },
        {
          "uuid": "622dc386-19fa-4baf-836d-0aee5e6f5a46",
          "title": "7 - Clicar em uma das cores da paleta, faz com que ela seja selecionada e utilizada para preencher os pixels no quadro.",
          "fullFile": "",
          "file": "",
          "beforeHooks": [],
          "afterHooks": [],
          "tests": [
            {
              "title": "Verifica se somente uma cor da paleta de cores tem a classe `selected` de cada vez",
              "fullTitle": "7 - Clicar em uma das cores da paleta, faz com que ela seja selecionada e utilizada para preencher os pixels no quadro. Verifica se somente uma cor da paleta de cores tem a classe `selected` de cada vez",
              "timedOut": null,
              "duration": 4535,
              "state": "failed",
              "speed": null,
              "pass": false,
              "fail": true,
              "pending": false,
              "context": null,
              "code": "cy.get('.color').each(function (selectedColor, selectedColorIndex) {\n  cy.wrap(selectedColor).click();\n  cy.get('.color').each(function (color, colorIndex) {\n    if (colorIndex === selectedColorIndex) {\n      expect(color).to.have[\"class\"]('selected');\n    } else {\n      expect(color).not.to.have[\"class\"]('selected');\n    }\n  });\n});",
              "err": {
                "message": "CypressError: Timed out retrying: Expected to find element: '.color', but never found it.",
                "estack": "CypressError: Timed out retrying: Expected to find element: '.color', but never found it.\n    at cypressErr (http://localhost:39527/__cypress/runner/cypress_runner.js:149934:9)\n    at throwErr (http://localhost:39527/__cypress/runner/cypress_runner.js:149867:11)\n    at Object.throwErrByPath (http://localhost:39527/__cypress/runner/cypress_runner.js:149915:3)\n    at retry (http://localhost:39527/__cypress/runner/cypress_runner.js:144197:19)\n    at onFailFn (http://localhost:39527/__cypress/runner/cypress_runner.js:132448:16)\n    at tryCatcher (http://localhost:39527/__cypress/runner/cypress_runner.js:167415:23)\n    at Promise._settlePromiseFromHandler (http://localhost:39527/__cypress/runner/cypress_runner.js:165351:31)\n    at Promise._settlePromise (http://localhost:39527/__cypress/runner/cypress_runner.js:165408:18)\n    at Promise._settlePromise0 (http://localhost:39527/__cypress/runner/cypress_runner.js:165453:10)\n    at Promise._settlePromises (http://localhost:39527/__cypress/runner/cypress_runner.js:165528:18)\n    at Async../node_modules/bluebird/js/release/async.js.Async._drainQueue (http://localhost:39527/__cypress/runner/cypress_runner.js:162140:16)\n    at Async../node_modules/bluebird/js/release/async.js.Async._drainQueues (http://localhost:39527/__cypress/runner/cypress_runner.js:162150:10)\n    at Async.drainQueues (http://localhost:39527/__cypress/runner/cypress_runner.js:162024:14)",
                "diff": null
              },
              "uuid": "a8bf946a-76f7-4842-8b33-0c4f9207eef9",
              "parentUUID": "622dc386-19fa-4baf-836d-0aee5e6f5a46",
              "isHook": false,
              "skipped": false
            },
            {
              "title": "Verifica se os pixels dentro do quadro não têm a classe `selected` quando são clicados",
              "fullTitle": "7 - Clicar em uma das cores da paleta, faz com que ela seja selecionada e utilizada para preencher os pixels no quadro. Verifica se os pixels dentro do quadro não têm a classe `selected` quando são clicados",
              "timedOut": null,
              "duration": 4412,
              "state": "failed",
              "speed": null,
              "pass": false,
              "fail": true,
              "pending": false,
              "context": null,
              "code": "cy.get('.color').each(function (color) {\n  var backgroundColor = color.css('background-color');\n  cy.wrap(color).click();\n  cy.get('.pixel').each(function (pixel) {\n    cy.wrap(pixel).click().should('not.have.class', 'selected');\n  });\n});",
              "err": {
                "message": "CypressError: Timed out retrying: Expected to find element: '.color', but never found it.",
                "estack": "CypressError: Timed out retrying: Expected to find element: '.color', but never found it.\n    at cypressErr (http://localhost:39527/__cypress/runner/cypress_runner.js:149934:9)\n    at throwErr (http://localhost:39527/__cypress/runner/cypress_runner.js:149867:11)\n    at Object.throwErrByPath (http://localhost:39527/__cypress/runner/cypress_runner.js:149915:3)\n    at retry (http://localhost:39527/__cypress/runner/cypress_runner.js:144197:19)\n    at onFailFn (http://localhost:39527/__cypress/runner/cypress_runner.js:132448:16)\n    at tryCatcher (http://localhost:39527/__cypress/runner/cypress_runner.js:167415:23)\n    at Promise._settlePromiseFromHandler (http://localhost:39527/__cypress/runner/cypress_runner.js:165351:31)\n    at Promise._settlePromise (http://localhost:39527/__cypress/runner/cypress_runner.js:165408:18)\n    at Promise._settlePromise0 (http://localhost:39527/__cypress/runner/cypress_runner.js:165453:10)\n    at Promise._settlePromises (http://localhost:39527/__cypress/runner/cypress_runner.js:165528:18)\n    at Async../node_modules/bluebird/js/release/async.js.Async._drainQueue (http://localhost:39527/__cypress/runner/cypress_runner.js:162140:16)\n    at Async../node_modules/bluebird/js/release/async.js.Async._drainQueues (http://localhost:39527/__cypress/runner/cypress_runner.js:162150:10)\n    at Async.drainQueues (http://localhost:39527/__cypress/runner/cypress_runner.js:162024:14)",
                "diff": null
              },
              "uuid": "bf0d017b-546c-4038-b659-4b5b66c944ac",
              "parentUUID": "622dc386-19fa-4baf-836d-0aee5e6f5a46",
              "isHook": false,
              "skipped": false
            }
          ],
          "suites": [],
          "passes": [],
          "failures": [
            "a8bf946a-76f7-4842-8b33-0c4f9207eef9",
            "bf0d017b-546c-4038-b659-4b5b66c944ac"
          ],
          "pending": [],
          "skipped": [],
          "duration": 8947,
          "root": false,
          "rootEmpty": false,
          "_timeout": 2000
        },
        {
          "uuid": "c3f38135-6896-45db-bc3d-e4c059adc062",
          "title": "8 - Clicar em um pixel dentro do quadro após selecionar uma cor na paleta, faz com que o pixel seja preenchido com a cor selecionada.",
          "fullFile": "",
          "file": "",
          "beforeHooks": [],
          "afterHooks": [],
          "tests": [
            {
              "title": "Verifica se ao carregar a página deve ser possível pintar os pixels de preto",
              "fullTitle": "8 - Clicar em um pixel dentro do quadro após selecionar uma cor na paleta, faz com que o pixel seja preenchido com a cor selecionada. Verifica se ao carregar a página deve ser possível pintar os pixels de preto",
              "timedOut": null,
              "duration": 4394,
              "state": "failed",
              "speed": null,
              "pass": false,
              "fail": true,
              "pending": false,
              "context": null,
              "code": "cy.get('.pixel').each(function (pixel) {\n  cy.wrap(pixel).click().should('have.css', 'background-color', BLACK);\n});",
              "err": {
                "message": "CypressError: Timed out retrying: Expected to find element: '.pixel', but never found it.",
                "estack": "CypressError: Timed out retrying: Expected to find element: '.pixel', but never found it.\n    at cypressErr (http://localhost:39527/__cypress/runner/cypress_runner.js:149934:9)\n    at throwErr (http://localhost:39527/__cypress/runner/cypress_runner.js:149867:11)\n    at Object.throwErrByPath (http://localhost:39527/__cypress/runner/cypress_runner.js:149915:3)\n    at retry (http://localhost:39527/__cypress/runner/cypress_runner.js:144197:19)\n    at onFailFn (http://localhost:39527/__cypress/runner/cypress_runner.js:132448:16)\n    at tryCatcher (http://localhost:39527/__cypress/runner/cypress_runner.js:167415:23)\n    at Promise._settlePromiseFromHandler (http://localhost:39527/__cypress/runner/cypress_runner.js:165351:31)\n    at Promise._settlePromise (http://localhost:39527/__cypress/runner/cypress_runner.js:165408:18)\n    at Promise._settlePromise0 (http://localhost:39527/__cypress/runner/cypress_runner.js:165453:10)\n    at Promise._settlePromises (http://localhost:39527/__cypress/runner/cypress_runner.js:165528:18)\n    at Async../node_modules/bluebird/js/release/async.js.Async._drainQueue (http://localhost:39527/__cypress/runner/cypress_runner.js:162140:16)\n    at Async../node_modules/bluebird/js/release/async.js.Async._drainQueues (http://localhost:39527/__cypress/runner/cypress_runner.js:162150:10)\n    at Async.drainQueues (http://localhost:39527/__cypress/runner/cypress_runner.js:162024:14)",
                "diff": null
              },
              "uuid": "0d0088ba-21e7-4893-b9f6-e83647e22371",
              "parentUUID": "c3f38135-6896-45db-bc3d-e4c059adc062",
              "isHook": false,
              "skipped": false
            },
            {
              "title": "Verifica se após selecionar uma outra cor na paleta, é possível pintar os pixels com essa cor",
              "fullTitle": "8 - Clicar em um pixel dentro do quadro após selecionar uma cor na paleta, faz com que o pixel seja preenchido com a cor selecionada. Verifica se após selecionar uma outra cor na paleta, é possível pintar os pixels com essa cor",
              "timedOut": null,
              "duration": 4339,
              "state": "failed",
              "speed": null,
              "pass": false,
              "fail": true,
              "pending": false,
              "context": null,
              "code": "cy.get('.color').each(function (color) {\n  var backgroundColor = color.css('background-color');\n  cy.wrap(color).click();\n  cy.get('.pixel').each(function (pixel) {\n    cy.wrap(pixel).click().should('have.css', 'background-color', backgroundColor);\n  });\n});",
              "err": {
                "message": "CypressError: Timed out retrying: Expected to find element: '.color', but never found it.",
                "estack": "CypressError: Timed out retrying: Expected to find element: '.color', but never found it.\n    at cypressErr (http://localhost:39527/__cypress/runner/cypress_runner.js:149934:9)\n    at throwErr (http://localhost:39527/__cypress/runner/cypress_runner.js:149867:11)\n    at Object.throwErrByPath (http://localhost:39527/__cypress/runner/cypress_runner.js:149915:3)\n    at retry (http://localhost:39527/__cypress/runner/cypress_runner.js:144197:19)\n    at onFailFn (http://localhost:39527/__cypress/runner/cypress_runner.js:132448:16)\n    at tryCatcher (http://localhost:39527/__cypress/runner/cypress_runner.js:167415:23)\n    at Promise._settlePromiseFromHandler (http://localhost:39527/__cypress/runner/cypress_runner.js:165351:31)\n    at Promise._settlePromise (http://localhost:39527/__cypress/runner/cypress_runner.js:165408:18)\n    at Promise._settlePromise0 (http://localhost:39527/__cypress/runner/cypress_runner.js:165453:10)\n    at Promise._settlePromises (http://localhost:39527/__cypress/runner/cypress_runner.js:165528:18)\n    at Async../node_modules/bluebird/js/release/async.js.Async._drainQueue (http://localhost:39527/__cypress/runner/cypress_runner.js:162140:16)\n    at Async../node_modules/bluebird/js/release/async.js.Async._drainQueues (http://localhost:39527/__cypress/runner/cypress_runner.js:162150:10)\n    at Async.drainQueues (http://localhost:39527/__cypress/runner/cypress_runner.js:162024:14)",
                "diff": null
              },
              "uuid": "3c247633-ee2c-4c5b-b2b6-2fe1ea88fd7f",
              "parentUUID": "c3f38135-6896-45db-bc3d-e4c059adc062",
              "isHook": false,
              "skipped": false
            },
            {
              "title": "Verifica se somente o pixel que foi clicado foi preenchido com a cor selecionada, sem influenciar na cor dos demais pixels.",
              "fullTitle": "8 - Clicar em um pixel dentro do quadro após selecionar uma cor na paleta, faz com que o pixel seja preenchido com a cor selecionada. Verifica se somente o pixel que foi clicado foi preenchido com a cor selecionada, sem influenciar na cor dos demais pixels.",
              "timedOut": null,
              "duration": 4341,
              "state": "failed",
              "speed": null,
              "pass": false,
              "fail": true,
              "pending": false,
              "context": null,
              "code": "var colorToPixelIndexMap = {\n  0: 6,\n  1: 8,\n  2: 16,\n  3: 18\n};\ncy.get('.color').each(function (color, index) {\n  cy.wrap(color).click();\n  var backgroundColor = color.css('background-color');\n  var clickedPixelIndex = colorToPixelIndexMap[index];\n  cy.get('.pixel').eq(clickedPixelIndex).click();\n  cy.get('.pixel').eq(clickedPixelIndex - 1).should('not.have.css', 'background-color', backgroundColor);\n  cy.get('.pixel').eq(clickedPixelIndex + 1).should('not.have.css', 'background-color', backgroundColor);\n  cy.get('.pixel').eq(clickedPixelIndex - 5).should('not.have.css', 'background-color', backgroundColor);\n  cy.get('.pixel').eq(clickedPixelIndex + 5).should('not.have.css', 'background-color', backgroundColor);\n  cy.get('.pixel').eq(clickedPixelIndex - 6).should('not.have.css', 'background-color', backgroundColor);\n  cy.get('.pixel').eq(clickedPixelIndex - 4).should('not.have.css', 'background-color', backgroundColor);\n  cy.get('.pixel').eq(clickedPixelIndex + 4).should('not.have.css', 'background-color', backgroundColor);\n  cy.get('.pixel').eq(clickedPixelIndex + 6).should('not.have.css', 'background-color', backgroundColor);\n});",
              "err": {
                "message": "CypressError: Timed out retrying: Expected to find element: '.color', but never found it.",
                "estack": "CypressError: Timed out retrying: Expected to find element: '.color', but never found it.\n    at cypressErr (http://localhost:39527/__cypress/runner/cypress_runner.js:149934:9)\n    at throwErr (http://localhost:39527/__cypress/runner/cypress_runner.js:149867:11)\n    at Object.throwErrByPath (http://localhost:39527/__cypress/runner/cypress_runner.js:149915:3)\n    at retry (http://localhost:39527/__cypress/runner/cypress_runner.js:144197:19)\n    at onFailFn (http://localhost:39527/__cypress/runner/cypress_runner.js:132448:16)\n    at tryCatcher (http://localhost:39527/__cypress/runner/cypress_runner.js:167415:23)\n    at Promise._settlePromiseFromHandler (http://localhost:39527/__cypress/runner/cypress_runner.js:165351:31)\n    at Promise._settlePromise (http://localhost:39527/__cypress/runner/cypress_runner.js:165408:18)\n    at Promise._settlePromise0 (http://localhost:39527/__cypress/runner/cypress_runner.js:165453:10)\n    at Promise._settlePromises (http://localhost:39527/__cypress/runner/cypress_runner.js:165528:18)\n    at Async../node_modules/bluebird/js/release/async.js.Async._drainQueue (http://localhost:39527/__cypress/runner/cypress_runner.js:162140:16)\n    at Async../node_modules/bluebird/js/release/async.js.Async._drainQueues (http://localhost:39527/__cypress/runner/cypress_runner.js:162150:10)\n    at Async.drainQueues (http://localhost:39527/__cypress/runner/cypress_runner.js:162024:14)",
                "diff": null
              },
              "uuid": "7d135486-d417-44fb-993e-fc0af5270f92",
              "parentUUID": "c3f38135-6896-45db-bc3d-e4c059adc062",
              "isHook": false,
              "skipped": false
            }
          ],
          "suites": [],
          "passes": [],
          "failures": [
            "0d0088ba-21e7-4893-b9f6-e83647e22371",
            "3c247633-ee2c-4c5b-b2b6-2fe1ea88fd7f",
            "7d135486-d417-44fb-993e-fc0af5270f92"
          ],
          "pending": [],
          "skipped": [],
          "duration": 13074,
          "root": false,
          "rootEmpty": false,
          "_timeout": 2000
        },
        {
          "uuid": "3e9fbee5-3654-42ab-b3ed-f01317e4f1bf",
          "title": "9 - Crie um botão que, ao ser clicado, limpa o quadro preenchendo a cor de todos seus pixels com branco.",
          "fullFile": "",
          "file": "",
          "beforeHooks": [],
          "afterHooks": [],
          "tests": [
            {
              "title": "Verifica se o botão tem o `id` denominado `clear-board`",
              "fullTitle": "9 - Crie um botão que, ao ser clicado, limpa o quadro preenchendo a cor de todos seus pixels com branco. Verifica se o botão tem o `id` denominado `clear-board`",
              "timedOut": null,
              "duration": 4497,
              "state": "failed",
              "speed": null,
              "pass": false,
              "fail": true,
              "pending": false,
              "context": null,
              "code": "cy.get('#clear-board').should('be.visible');",
              "err": {
                "message": "CypressError: Timed out retrying: Expected to find element: '#clear-board', but never found it.",
                "estack": "CypressError: Timed out retrying: Expected to find element: '#clear-board', but never found it.\n    at cypressErr (http://localhost:39527/__cypress/runner/cypress_runner.js:149934:9)\n    at throwErr (http://localhost:39527/__cypress/runner/cypress_runner.js:149867:11)\n    at Object.throwErrByPath (http://localhost:39527/__cypress/runner/cypress_runner.js:149915:3)\n    at retry (http://localhost:39527/__cypress/runner/cypress_runner.js:144197:19)\n    at onFailFn (http://localhost:39527/__cypress/runner/cypress_runner.js:132448:16)\n    at tryCatcher (http://localhost:39527/__cypress/runner/cypress_runner.js:167415:23)\n    at Promise._settlePromiseFromHandler (http://localhost:39527/__cypress/runner/cypress_runner.js:165351:31)\n    at Promise._settlePromise (http://localhost:39527/__cypress/runner/cypress_runner.js:165408:18)\n    at Promise._settlePromise0 (http://localhost:39527/__cypress/runner/cypress_runner.js:165453:10)\n    at Promise._settlePromises (http://localhost:39527/__cypress/runner/cypress_runner.js:165528:18)\n    at Async../node_modules/bluebird/js/release/async.js.Async._drainQueue (http://localhost:39527/__cypress/runner/cypress_runner.js:162140:16)\n    at Async../node_modules/bluebird/js/release/async.js.Async._drainQueues (http://localhost:39527/__cypress/runner/cypress_runner.js:162150:10)\n    at Async.drainQueues (http://localhost:39527/__cypress/runner/cypress_runner.js:162024:14)",
                "diff": null
              },
              "uuid": "5a4b63e6-01ef-4db2-87ee-d2342e0c3795",
              "parentUUID": "3e9fbee5-3654-42ab-b3ed-f01317e4f1bf",
              "isHook": false,
              "skipped": false
            },
            {
              "title": "Verifica se o botão está posicionado entre a paleta de cores e o quadro de pixels",
              "fullTitle": "9 - Crie um botão que, ao ser clicado, limpa o quadro preenchendo a cor de todos seus pixels com branco. Verifica se o botão está posicionado entre a paleta de cores e o quadro de pixels",
              "timedOut": null,
              "duration": 4404,
              "state": "failed",
              "speed": null,
              "pass": false,
              "fail": true,
              "pending": false,
              "context": null,
              "code": "cy.get('#color-palette').then(function (palette) {\n  cy.get('#clear-board').should('be.belowOf', palette);\n});\ncy.get('#clear-board').then(function (clearBtn) {\n  cy.get('#pixel-board').should('be.belowOf', clearBtn);\n});",
              "err": {
                "message": "CypressError: Timed out retrying: Expected to find element: '#color-palette', but never found it.",
                "estack": "CypressError: Timed out retrying: Expected to find element: '#color-palette', but never found it.\n    at cypressErr (http://localhost:39527/__cypress/runner/cypress_runner.js:149934:9)\n    at throwErr (http://localhost:39527/__cypress/runner/cypress_runner.js:149867:11)\n    at Object.throwErrByPath (http://localhost:39527/__cypress/runner/cypress_runner.js:149915:3)\n    at retry (http://localhost:39527/__cypress/runner/cypress_runner.js:144197:19)\n    at onFailFn (http://localhost:39527/__cypress/runner/cypress_runner.js:132448:16)\n    at tryCatcher (http://localhost:39527/__cypress/runner/cypress_runner.js:167415:23)\n    at Promise._settlePromiseFromHandler (http://localhost:39527/__cypress/runner/cypress_runner.js:165351:31)\n    at Promise._settlePromise (http://localhost:39527/__cypress/runner/cypress_runner.js:165408:18)\n    at Promise._settlePromise0 (http://localhost:39527/__cypress/runner/cypress_runner.js:165453:10)\n    at Promise._settlePromises (http://localhost:39527/__cypress/runner/cypress_runner.js:165528:18)\n    at Async../node_modules/bluebird/js/release/async.js.Async._drainQueue (http://localhost:39527/__cypress/runner/cypress_runner.js:162140:16)\n    at Async../node_modules/bluebird/js/release/async.js.Async._drainQueues (http://localhost:39527/__cypress/runner/cypress_runner.js:162150:10)\n    at Async.drainQueues (http://localhost:39527/__cypress/runner/cypress_runner.js:162024:14)",
                "diff": null
              },
              "uuid": "018fd000-8299-42e4-b1d9-b4a717eb2121",
              "parentUUID": "3e9fbee5-3654-42ab-b3ed-f01317e4f1bf",
              "isHook": false,
              "skipped": false
            },
            {
              "title": "Verifica se o texto do botão é 'Limpar'",
              "fullTitle": "9 - Crie um botão que, ao ser clicado, limpa o quadro preenchendo a cor de todos seus pixels com branco. Verifica se o texto do botão é 'Limpar'",
              "timedOut": null,
              "duration": 4392,
              "state": "failed",
              "speed": null,
              "pass": false,
              "fail": true,
              "pending": false,
              "context": null,
              "code": "cy.get('#clear-board').should('contain.text', 'Limpar');",
              "err": {
                "message": "CypressError: Timed out retrying: Expected to find element: '#clear-board', but never found it.",
                "estack": "CypressError: Timed out retrying: Expected to find element: '#clear-board', but never found it.\n    at cypressErr (http://localhost:39527/__cypress/runner/cypress_runner.js:149934:9)\n    at throwErr (http://localhost:39527/__cypress/runner/cypress_runner.js:149867:11)\n    at Object.throwErrByPath (http://localhost:39527/__cypress/runner/cypress_runner.js:149915:3)\n    at retry (http://localhost:39527/__cypress/runner/cypress_runner.js:144197:19)\n    at onFailFn (http://localhost:39527/__cypress/runner/cypress_runner.js:132448:16)\n    at tryCatcher (http://localhost:39527/__cypress/runner/cypress_runner.js:167415:23)\n    at Promise._settlePromiseFromHandler (http://localhost:39527/__cypress/runner/cypress_runner.js:165351:31)\n    at Promise._settlePromise (http://localhost:39527/__cypress/runner/cypress_runner.js:165408:18)\n    at Promise._settlePromise0 (http://localhost:39527/__cypress/runner/cypress_runner.js:165453:10)\n    at Promise._settlePromises (http://localhost:39527/__cypress/runner/cypress_runner.js:165528:18)\n    at Async../node_modules/bluebird/js/release/async.js.Async._drainQueue (http://localhost:39527/__cypress/runner/cypress_runner.js:162140:16)\n    at Async../node_modules/bluebird/js/release/async.js.Async._drainQueues (http://localhost:39527/__cypress/runner/cypress_runner.js:162150:10)\n    at Async.drainQueues (http://localhost:39527/__cypress/runner/cypress_runner.js:162024:14)",
                "diff": null
              },
              "uuid": "b1718b01-c888-4a5b-802e-dce6e36b70f6",
              "parentUUID": "3e9fbee5-3654-42ab-b3ed-f01317e4f1bf",
              "isHook": false,
              "skipped": false
            },
            {
              "title": "Verifica se ao clicar no botão, o quadro de pixels é totalmente preenchido de branco",
              "fullTitle": "9 - Crie um botão que, ao ser clicado, limpa o quadro preenchendo a cor de todos seus pixels com branco. Verifica se ao clicar no botão, o quadro de pixels é totalmente preenchido de branco",
              "timedOut": null,
              "duration": 4422,
              "state": "failed",
              "speed": null,
              "pass": false,
              "fail": true,
              "pending": false,
              "context": null,
              "code": "cy.get('.color').eq(1).then(function (color) {\n  var backgroundColor = color.css('background-color');\n  cy.wrap(color).click();\n  cy.get('.pixel').each(function (pixel) {\n    cy.wrap(pixel).click().should('have.css', 'background-color', backgroundColor);\n  });\n});\ncy.get('#clear-board').click();\ncy.get('.pixel').each(function (pixel) {\n  cy.wrap(pixel).should('have.css', 'background-color', WHITE);\n});",
              "err": {
                "message": "CypressError: Timed out retrying: Expected to find element: '.color', but never found it.",
                "estack": "CypressError: Timed out retrying: Expected to find element: '.color', but never found it.\n    at cypressErr (http://localhost:39527/__cypress/runner/cypress_runner.js:149934:9)\n    at throwErr (http://localhost:39527/__cypress/runner/cypress_runner.js:149867:11)\n    at Object.throwErrByPath (http://localhost:39527/__cypress/runner/cypress_runner.js:149915:3)\n    at retry (http://localhost:39527/__cypress/runner/cypress_runner.js:144197:19)\n    at onFailFn (http://localhost:39527/__cypress/runner/cypress_runner.js:132448:16)\n    at tryCatcher (http://localhost:39527/__cypress/runner/cypress_runner.js:167415:23)\n    at Promise._settlePromiseFromHandler (http://localhost:39527/__cypress/runner/cypress_runner.js:165351:31)\n    at Promise._settlePromise (http://localhost:39527/__cypress/runner/cypress_runner.js:165408:18)\n    at Promise._settlePromise0 (http://localhost:39527/__cypress/runner/cypress_runner.js:165453:10)\n    at Promise._settlePromises (http://localhost:39527/__cypress/runner/cypress_runner.js:165528:18)\n    at Async../node_modules/bluebird/js/release/async.js.Async._drainQueue (http://localhost:39527/__cypress/runner/cypress_runner.js:162140:16)\n    at Async../node_modules/bluebird/js/release/async.js.Async._drainQueues (http://localhost:39527/__cypress/runner/cypress_runner.js:162150:10)\n    at Async.drainQueues (http://localhost:39527/__cypress/runner/cypress_runner.js:162024:14)",
                "diff": null
              },
              "uuid": "81f159be-f96c-4349-8128-9bbcecf20edd",
              "parentUUID": "3e9fbee5-3654-42ab-b3ed-f01317e4f1bf",
              "isHook": false,
              "skipped": false
            }
          ],
          "suites": [],
          "passes": [],
          "failures": [
            "5a4b63e6-01ef-4db2-87ee-d2342e0c3795",
            "018fd000-8299-42e4-b1d9-b4a717eb2121",
            "b1718b01-c888-4a5b-802e-dce6e36b70f6",
            "81f159be-f96c-4349-8128-9bbcecf20edd"
          ],
          "pending": [],
          "skipped": [],
          "duration": 17715,
          "root": false,
          "rootEmpty": false,
          "_timeout": 2000
        },
        {
          "uuid": "03266612-6af8-4f1a-8dd2-5ee222cfd16a",
          "title": "10 - Faça o quadro de pixels ter seu tamanho definido pelo usuário.",
          "fullFile": "",
          "file": "",
          "beforeHooks": [],
          "afterHooks": [],
          "tests": [
            {
              "title": "Verifica se existe um input com o id `board-size`",
              "fullTitle": "10 - Faça o quadro de pixels ter seu tamanho definido pelo usuário. Verifica se existe um input com o id `board-size`",
              "timedOut": null,
              "duration": 4746,
              "state": "failed",
              "speed": null,
              "pass": false,
              "fail": true,
              "pending": false,
              "context": null,
              "code": "cy.get('#board-size').should('be.visible');",
              "err": {
                "message": "CypressError: Timed out retrying: Expected to find element: '#board-size', but never found it.",
[...]
                "diff": null
              },
              "uuid": "5c61392d-a92a-40c3-b9d1-a48a06d6a950",
              "parentUUID": "03266612-6af8-4f1a-8dd2-5ee222cfd16a",
              "isHook": false,
              "skipped": false
            },
            {
              "title": "Verifica se o novo quadro tem todos os pixels preenchidos com a cor branca",
              "fullTitle": "10 - Faça o quadro de pixels ter seu tamanho definido pelo usuário. Verifica se o novo quadro tem todos os pixels preenchidos com a cor branca",
              "timedOut": null,
              "duration": 4509,
              "state": "failed",
              "speed": null,
              "pass": false,
              "fail": true,
              "pending": false,
              "context": null,
              "code": "cy.get('#board-size').clear().type(6);\ncy.get('#generate-board').click();\ncy.get('.pixel').should('have.length', 36).each(function (pixel) {\n  expect(pixel).to.have.css('background-color', WHITE);\n});",
              "err": {
                "message": "CypressError: Timed out retrying: Expected to find element: '#board-size', but never found it.",
                "estack": "CypressError: Timed out retrying: Expected to find element: '#board-size', but never found it.\n    at cypressErr (http://localhost:39527/__cypress/runner/cypress_runner.js:149934:9)\n    at throwErr (http://localhost:39527/__cypress/runner/cypress_runner.js:149867:11)\n    at Object.throwErrByPath (http://localhost:39527/__cypress/runner/cypress_runner.js:149915:3)\n    at retry (http://localhost:39527/__cypress/runner/cypress_runner.js:144197:19)\n    at onFailFn (http://localhost:39527/__cypress/runner/cypress_runner.js:132448:16)\n    at tryCatcher (http://localhost:39527/__cypress/runner/cypress_runner.js:167415:23)\n    at Promise._settlePromiseFromHandler (http://localhost:39527/__cypress/runner/cypress_runner.js:165351:31)\n    at Promise._settlePromise (http://localhost:39527/__cypress/runner/cypress_runner.js:165408:18)\n    at Promise._settlePromise0 (http://localhost:39527/__cypress/runner/cypress_runner.js:165453:10)\n    at Promise._settlePromises (http://localhost:39527/__cypress/runner/cypress_runner.js:165528:18)\n    at Async../node_modules/bluebird/js/release/async.js.Async._drainQueue (http://localhost:39527/__cypress/runner/cypress_runner.js:162140:16)\n    at Async../node_modules/bluebird/js/release/async.js.Async._drainQueues (http://localhost:39527/__cypress/runner/cypress_runner.js:162150:10)\n    at Async.drainQueues (http://localhost:39527/__cypress/runner/cypress_runner.js:162024:14)",
                "diff": null
              },
              "uuid": "72c7741e-2818-42ee-b464-2d2ef6deea95",
              "parentUUID": "03266612-6af8-4f1a-8dd2-5ee222cfd16a",
              "isHook": false,
              "skipped": false
            }
          ],
          "suites": [],
          "passes": [],
          "failures": [
            "cc5c1422-1d12-48d0-9c9f-6853187178bc",
            "d056acc8-a675-4762-baa5-2b30c35bba4f",
            "12d49f8d-bf31-46f2-8204-9179dcde6f62",
            "2b5ce718-2060-4e11-bd00-93ed11fc9eb8",
            "9b6c846a-7f9b-41d6-b259-d30f690d9348",
            "d9f049a2-1628-4a40-8af6-1713f157b83e",
            "caec23f9-8f18-419e-8282-90e497367f5f",
            "5c61392d-a92a-40c3-b9d1-a48a06d6a950",
            "72c7741e-2818-42ee-b464-2d2ef6deea95"
          ],
          "pending": [],
          "skipped": [],
          "duration": 41554,
          "root": false,
          "rootEmpty": false,
          "_timeout": 2000
        },
        {
          "uuid": "406d77c6-3149-46cb-a908-8676def0c68f",
          "title": "11 - Limite o tamanho mínimo e máximo do board.",
          "fullFile": "",
          "file": "",
          "beforeHooks": [],
          "afterHooks": [],
          "tests": [
            {
              "title": "Verifica se a altura máxima do board é 50",
              "fullTitle": "11 - Limite o tamanho mínimo e máximo do board. Verifica se a altura máxima do board é 50",
              "timedOut": null,
              "duration": 4409,
              "state": "failed",
              "speed": null,
              "pass": false,
              "fail": true,
              "pending": false,
              "context": null,
              "code": "cy.get('#board-size').clear().type(50);\ncy.get('#generate-board').click();\ncy.get('.pixel').should('have.length', 2500);",
              "err": {
                "message": "CypressError: Timed out retrying: Expected to find element: '#board-size', but never found it.",
                "estack": "CypressError: Timed out retrying: Expected to find element: '#board-size', but never found it.\n    at cypressErr (http://localhost:39527/__cypress/runner/cypress_runner.js:149934:9)\n    at throwErr (http://localhost:39527/__cypress/runner/cypress_runner.js:149867:11)\n    at Object.throwErrByPath (http://localhost:39527/__cypress/runner/cypress_runner.js:149915:3)\n    at retry (http://localhost:39527/__cypress/runner/cypress_runner.js:144197:19)\n    at onFailFn (http://localhost:39527/__cypress/runner/cypress_runner.js:132448:16)\n    at tryCatcher (http://localhost:39527/__cypress/runner/cypress_runner.js:167415:23)\n    at Promise._settlePromiseFromHandler (http://localhost:39527/__cypress/runner/cypress_runner.js:165351:31)\n    at Promise._settlePromise (http://localhost:39527/__cypress/runner/cypress_runner.js:165408:18)\n    at Promise._settlePromise0 (http://localhost:39527/__cypress/runner/cypress_runner.js:165453:10)\n    at Promise._settlePromises (http://localhost:39527/__cypress/runner/cypress_runner.js:165528:18)\n    at Async../node_modules/bluebird/js/release/async.js.Async._drainQueue (http://localhost:39527/__cypress/runner/cypress_runner.js:162140:16)\n    at Async../node_modules/bluebird/js/release/async.js.Async._drainQueues (http://localhost:39527/__cypress/runner/cypress_runner.js:162150:10)\n    at Async.drainQueues (http://localhost:39527/__cypress/runner/cypress_runner.js:162024:14)",
                "diff": null
              },
              "uuid": "cf550bbd-fb98-416c-9b88-07d85de1ad45",
              "parentUUID": "406d77c6-3149-46cb-a908-8676def0c68f",
              "isHook": false,
              "skipped": false
            },
            {
              "title": "Verifica se a altura do board é 5 quando um valor menor é colocado no input",
              "fullTitle": "11 - Limite o tamanho mínimo e máximo do board. Verifica se a altura do board é 5 quando um valor menor é colocado no input",
              "timedOut": null,
              "duration": 4432,
              "state": "failed",
              "speed": null,
              "pass": false,
              "fail": true,
              "pending": false,
              "context": null,
              "code": "cy.get('#board-size').clear().type(4);\ncy.get('#generate-board').click();\ncy.get('.pixel').should('have.length', 25);",
              "err": {
                "message": "CypressError: Timed out retrying: Expected to find element: '#board-size', but never found it.",
                "estack": "CypressError: Timed out retrying: Expected to find element: '#board-size', but never found it.\n    at cypressErr (http://localhost:39527/__cypress/runner/cypress_runner.js:149934:9)\n    at throwErr (http://localhost:39527/__cypress/runner/cypress_runner.js:149867:11)\n    at Object.throwErrByPath (http://localhost:39527/__cypress/runner/cypress_runner.js:149915:3)\n    at retry (http://localhost:39527/__cypress/runner/cypress_runner.js:144197:19)\n    at onFailFn (http://localhost:39527/__cypress/runner/cypress_runner.js:132448:16)\n    at tryCatcher (http://localhost:39527/__cypress/runner/cypress_runner.js:167415:23)\n    at Promise._settlePromiseFromHandler (http://localhost:39527/__cypress/runner/cypress_runner.js:165351:31)\n    at Promise._settlePromise (http://localhost:39527/__cypress/runner/cypress_runner.js:165408:18)\n    at Promise._settlePromise0 (http://localhost:39527/__cypress/runner/cypress_runner.js:165453:10)\n    at Promise._settlePromises (http://localhost:39527/__cypress/runner/cypress_runner.js:165528:18)\n    at Async../node_modules/bluebird/js/release/async.js.Async._drainQueue (http://localhost:39527/__cypress/runner/cypress_runner.js:162140:16)\n    at Async../node_modules/bluebird/js/release/async.js.Async._drainQueues (http://localhost:39527/__cypress/runner/cypress_runner.js:162150:10)\n    at Async.drainQueues (http://localhost:39527/__cypress/runner/cypress_runner.js:162024:14)",
                "diff": null
              },
              "uuid": "5d78952a-4ccd-4e15-bd8e-3add3355bf10",
              "parentUUID": "406d77c6-3149-46cb-a908-8676def0c68f",
              "isHook": false,
              "skipped": false
            },
            {
              "title": "Verifica se a altura do board é 50 quando um valor maior é colocado no input",
              "fullTitle": "11 - Limite o tamanho mínimo e máximo do board. Verifica se a altura do board é 50 quando um valor maior é colocado no input",
              "timedOut": null,
              "duration": 4469,
              "state": "failed",
              "speed": null,
              "pass": false,
              "fail": true,
              "pending": false,
              "context": null,
              "code": "cy.get('#board-size').clear().type(51);\ncy.get('#generate-board').click();\ncy.get('.pixel').should('have.length', 2500);",
              "err": {
                "message": "CypressError: Timed out retrying: Expected to find element: '#board-size', but never found it.",
                "estack": "CypressError: Timed out retrying: Expected to find element: '#board-size', but never found it.\n    at cypressErr (http://localhost:39527/__cypress/runner/cypress_runner.js:149934:9)\n    at throwErr (http://localhost:39527/__cypress/runner/cypress_runner.js:149867:11)\n    at Object.throwErrByPath (http://localhost:39527/__cypress/runner/cypress_runner.js:149915:3)\n    at retry (http://localhost:39527/__cypress/runner/cypress_runner.js:144197:19)\n    at onFailFn (http://localhost:39527/__cypress/runner/cypress_runner.js:132448:16)\n    at tryCatcher (http://localhost:39527/__cypress/runner/cypress_runner.js:167415:23)\n    at Promise._settlePromiseFromHandler (http://localhost:39527/__cypress/runner/cypress_runner.js:165351:31)\n    at Promise._settlePromise (http://localhost:39527/__cypress/runner/cypress_runner.js:165408:18)\n    at Promise._settlePromise0 (http://localhost:39527/__cypress/runner/cypress_runner.js:165453:10)\n    at Promise._settlePromises (http://localhost:39527/__cypress/runner/cypress_runner.js:165528:18)\n    at Async../node_modules/bluebird/js/release/async.js.Async._drainQueue (http://localhost:39527/__cypress/runner/cypress_runner.js:162140:16)\n    at Async../node_modules/bluebird/js/release/async.js.Async._drainQueues (http://localhost:39527/__cypress/runner/cypress_runner.js:162150:10)\n    at Async.drainQueues (http://localhost:39527/__cypress/runner/cypress_runner.js:162024:14)",
                "diff": null
              },
              "uuid": "f56a135b-e91d-4f8c-8917-e5c35f7ed8db",
              "parentUUID": "406d77c6-3149-46cb-a908-8676def0c68f",
              "isHook": false,
              "skipped": false
            }
          ],
          "suites": [],
          "passes": [],
          "failures": [
            "cf550bbd-fb98-416c-9b88-07d85de1ad45",
            "5d78952a-4ccd-4e15-bd8e-3add3355bf10",
            "f56a135b-e91d-4f8c-8917-e5c35f7ed8db"
          ],
          "pending": [],
          "skipped": [],
          "duration": 13310,
          "root": false,
          "rootEmpty": false,
          "_timeout": 2000
        },
        {
          "uuid": "93643df8-fde9-4cea-ab4c-be18c2cf9463",
          "title": "12 - Faça com que as cores da paleta sejam geradas aleatoriamente ao carregar a página.",
          "fullFile": "",
          "file": "",
          "beforeHooks": [],
          "afterHooks": [],
          "tests": [
            {
              "title": "Verifica se as cores geradas na paleta são diferentes a cada carregamento da página",
              "fullTitle": "12 - Faça com que as cores da paleta sejam geradas aleatoriamente ao carregar a página. Verifica se as cores geradas na paleta são diferentes a cada carregamento da página",
              "timedOut": null,
              "duration": 4379,
              "state": "failed",
              "speed": null,
              "pass": false,
              "fail": true,
              "pending": false,
              "context": null,
              "code": "cy.get('.color').then(function (colors) {\n  var currentColors;\n  var previousColors;\n  previousColors = Array.from(colors).map(function (color) {\n    return Cypress.$(color).css('background-color');\n  });\n  for (var i = 0; i < 5; i += 1) {\n    cy.reload();\n    cy.get('.color').then(function (colors) {\n      currentColors = Array.from(colors).map(function (color) {\n        return Cypress.$(color).css('background-color');\n      });\n      expect(currentColors).not.to.deep.equal(previousColors);\n      previousColors = currentColors;\n    });\n  }\n});",
              "err": {
                "message": "CypressError: Timed out retrying: Expected to find element: '.color', but never found it.",
                "estack": "CypressError: Timed out retrying: Expected to find element: '.color', but never found it.\n    at cypressErr (http://localhost:39527/__cypress/runner/cypress_runner.js:149934:9)\n    at throwErr (http://localhost:39527/__cypress/runner/cypress_runner.js:149867:11)\n    at Object.throwErrByPath (http://localhost:39527/__cypress/runner/cypress_runner.js:149915:3)\n    at retry (http://localhost:39527/__cypress/runner/cypress_runner.js:144197:19)\n    at onFailFn (http://localhost:39527/__cypress/runner/cypress_runner.js:132448:16)\n    at tryCatcher (http://localhost:39527/__cypress/runner/cypress_runner.js:167415:23)\n    at Promise._settlePromiseFromHandler (http://localhost:39527/__cypress/runner/cypress_runner.js:165351:31)\n    at Promise._settlePromise (http://localhost:39527/__cypress/runner/cypress_runner.js:165408:18)\n    at Promise._settlePromise0 (http://localhost:39527/__cypress/runner/cypress_runner.js:165453:10)\n    at Promise._settlePromises (http://localhost:39527/__cypress/runner/cypress_runner.js:165528:18)\n    at Async../node_modules/bluebird/js/release/async.js.Async._drainQueue (http://localhost:39527/__cypress/runner/cypress_runner.js:162140:16)\n    at Async../node_modules/bluebird/js/release/async.js.Async._drainQueues (http://localhost:39527/__cypress/runner/cypress_runner.js:162150:10)\n    at Async.drainQueues (http://localhost:39527/__cypress/runner/cypress_runner.js:162024:14)",
                "diff": null
              },
              "uuid": "b3875289-3efc-402c-8f33-75c2f900ec02",
              "parentUUID": "93643df8-fde9-4cea-ab4c-be18c2cf9463",
              "isHook": false,
              "skipped": false
            },
            {
              "title": "Verifica se a cor preta ainda está presente e é a primeira na sua paleta de cores",
              "fullTitle": "12 - Faça com que as cores da paleta sejam geradas aleatoriamente ao carregar a página. Verifica se a cor preta ainda está presente e é a primeira na sua paleta de cores",
              "timedOut": null,
              "duration": 4461,
              "state": "failed",
              "speed": null,
              "pass": false,
              "fail": true,
              "pending": false,
              "context": null,
              "code": "cy.get('.color').then(function (colors) {\n  var currentColors;\n  var previousColors;\n  previousColors = Array.from(colors).map(function (color) {\n    return Cypress.$(color).css('background-color');\n  });\n  expect(previousColors[0]).to.eq(BLACK);\n  for (var i = 0; i < 5; i += 1) {\n    cy.reload();\n    cy.get('.color').then(function (colors) {\n      currentColors = Array.from(colors).map(function (color) {\n        return Cypress.$(color).css('background-color');\n      });\n      expect(currentColors[0]).to.eq(BLACK);\n      expect(currentColors).not.to.deep.equal(previousColors);\n      previousColors = currentColors;\n    });\n  }\n});",
              "err": {
                "message": "CypressError: Timed out retrying: Expected to find element: '.color', but never found it.",
                "estack": "CypressError: Timed out retrying: Expected to find element: '.color', but never found it.\n    at cypressErr (http://localhost:39527/__cypress/runner/cypress_runner.js:149934:9)\n    at throwErr (http://localhost:39527/__cypress/runner/cypress_runner.js:149867:11)\n    at Object.throwErrByPath (http://localhost:39527/__cypress/runner/cypress_runner.js:149915:3)\n    at retry (http://localhost:39527/__cypress/runner/cypress_runner.js:144197:19)\n    at onFailFn (http://localhost:39527/__cypress/runner/cypress_runner.js:132448:16)\n    at tryCatcher (http://localhost:39527/__cypress/runner/cypress_runner.js:167415:23)\n    at Promise._settlePromiseFromHandler (http://localhost:39527/__cypress/runner/cypress_runner.js:165351:31)\n    at Promise._settlePromise (http://localhost:39527/__cypress/runner/cypress_runner.js:165408:18)\n    at Promise._settlePromise0 (http://localhost:39527/__cypress/runner/cypress_runner.js:165453:10)\n    at Promise._settlePromises (http://localhost:39527/__cypress/runner/cypress_runner.js:165528:18)\n    at Async../node_modules/bluebird/js/release/async.js.Async._drainQueue (http://localhost:39527/__cypress/runner/cypress_runner.js:162140:16)\n    at Async../node_modules/bluebird/js/release/async.js.Async._drainQueues (http://localhost:39527/__cypress/runner/cypress_runner.js:162150:10)\n    at Async.drainQueues (http://localhost:39527/__cypress/runner/cypress_runner.js:162024:14)",
                "diff": null
              },
              "uuid": "a67fc20f-fbb1-4257-b6e7-58d07b7b3825",
              "parentUUID": "93643df8-fde9-4cea-ab4c-be18c2cf9463",
              "isHook": false,
              "skipped": false
            }
          ],
          "suites": [],
          "passes": [],
          "failures": [
            "b3875289-3efc-402c-8f33-75c2f900ec02",
            "a67fc20f-fbb1-4257-b6e7-58d07b7b3825"
          ],
          "pending": [],
          "skipped": [],
          "duration": 8840,
          "root": false,
          "rootEmpty": false,
          "_timeout": 2000
        }
      ],
      "passes": [],
      "failures": [],
      "pending": [],
      "skipped": [],
      "duration": 0,
      "root": true,
      "rootEmpty": true,
      "_timeout": 2000
    }
  ],
  "meta": {
    "mocha": {
      "version": "7.0.1"
    },
    "mochawesome": {
      "options": {
        "quiet": false,
        "reportFilename": "mochawesome",
        "saveHtml": false,
        "saveJson": true,
        "consoleReporter": "spec",
        "useInlineDiffs": false
      },
      "version": "4.1.0"
    },
    "marge": {
      "options": {
        "id": "default",
        "reportDir": "cypress/reports",
        "overwrite": true,
        "html": false,
        "json": true
      },
      "version": "4.1.0"
    }
  }
}