{
  "stats": {
    "suites": 12,
    "tests": 41,
    "passes": 1,
    "pending": 0,
    "failures": 40,
    "start": "2021-08-13T23:17:06.813Z",
    "end": "2021-08-13T23:20:10.951Z",
    "duration": 184138,
    "testsRegistered": 41,
    "passPercent": 2.4390243902439024,
    "pendingPercent": 0,
    "other": 0,
    "hasOther": false,
    "skipped": 0,
    "hasSkipped": false
  },
  "results": [
    {
      "uuid": "b9aef026-095e-4c36-a112-f63f82e53380",
      "title": "",
      "fullFile": "cypress/integration/project.spec.js",
      "file": "cypress/integration/project.spec.js",
      "beforeHooks": [],
      "afterHooks": [],
      "tests": [],
      "suites": [
        {
          "uuid": "d0ca8cf8-ea5c-4ae3-bb2f-044ebec0338a",
          "title": "1 - Adicione à página o título \"Paleta de Cores\".",
          "fullFile": "",
          "file": "",
          "beforeHooks": [],
          "afterHooks": [],
          "tests": [
            {
              "title": "Verifica se contém um elemento `h1` com o id `title` com o título correto",
              "fullTitle": "1 - Adicione à página o título \"Paleta de Cores\". Verifica se contém um elemento `h1` com o id `title` com o título correto",
              "timedOut": null,
              "duration": 369,
              "state": "passed",
              "speed": "slow",
              "pass": true,
              "fail": false,
              "pending": false,
              "context": null,
              "code": "cy.get('h1#title').should('contain.text', 'Paleta de Cores');",
              "err": {},
              "uuid": "af40a43c-9f91-4d04-adfa-3f2d4cc3c8ad",
              "parentUUID": "d0ca8cf8-ea5c-4ae3-bb2f-044ebec0338a",
              "isHook": false,
              "skipped": false
            }
          ],
          "suites": [],
          "passes": [
            "af40a43c-9f91-4d04-adfa-3f2d4cc3c8ad"
          ],
          "failures": [],
          "pending": [],
          "skipped": [],
          "duration": 369,
          "root": false,
          "rootEmpty": false,
          "_timeout": 2000
        },
        {
          "uuid": "42171b87-34b1-41a5-a56e-78c4a7adffe7",
          "title": "2 - Adicione à página uma paleta de quatro cores distintas.",
          "fullFile": "",
          "file": "",
          "beforeHooks": [],
          "afterHooks": [],
          "tests": [
            {
              "title": "A paleta de cores deve ser um elemento com `id` denominado `color-palette`",
              "fullTitle": "2 - Adicione à página uma paleta de quatro cores distintas. A paleta de cores deve ser um elemento com `id` denominado `color-palette`",
              "timedOut": null,
              "duration": 4640,
              "state": "failed",
              "speed": null,
              "pass": false,
              "fail": true,
              "pending": false,
              "context": null,
              "code": "cy.get('#color-palette').should('be.visible');",
              "err": {
                "message": "CypressError: Timed out retrying: Expected to find element: '#color-palette', but never found it.",
                "estack": "CypressError: Timed out retrying: Expected to find element: '#color-palette', but never found it.\n    at cypressErr (http://localhost:41749/__cypress/runner/cypress_runner.js:149934:9)\n    at throwErr (http://localhost:41749/__cypress/runner/cypress_runner.js:149867:11)\n    at Object.throwErrByPath (http://localhost:41749/__cypress/runner/cypress_runner.js:149915:3)\n    at retry (http://localhost:41749/__cypress/runner/cypress_runner.js:144197:19)\n    at onFailFn (http://localhost:41749/__cypress/runner/cypress_runner.js:132448:16)\n    at tryCatcher (http://localhost:41749/__cypress/runner/cypress_runner.js:167415:23)\n    at Promise._settlePromiseFromHandler (http://localhost:41749/__cypress/runner/cypress_runner.js:165351:31)\n    at Promise._settlePromise (http://localhost:41749/__cypress/runner/cypress_runner.js:165408:18)\n    at Promise._settlePromise0 (http://localhost:41749/__cypress/runner/cypress_runner.js:165453:10)\n    at Promise._settlePromises (http://localhost:41749/__cypress/runner/cypress_runner.js:165528:18)\n    at Async../node_modules/bluebird/js/release/async.js.Async._drainQueue (http://localhost:41749/__cypress/runner/cypress_runner.js:162140:16)\n    at Async../node_modules/bluebird/js/release/async.js.Async._drainQueues (http://localhost:41749/__cypress/runner/cypress_runner.js:162150:10)\n    at Async.drainQueues (http://localhost:41749/__cypress/runner/cypress_runner.js:162024:14)",
                "diff": null
              },
              "uuid": "66e2ee73-ffcd-4619-8a0a-625651d56f92",
              "parentUUID": "42171b87-34b1-41a5-a56e-78c4a7adffe7",
              "isHook": false,
              "skipped": false
            },
            {
              "title": "Verifica se cada cor individual da paleta de cores possui a `classe` chamada `color`.",
              "fullTitle": "2 - Adicione à página uma paleta de quatro cores distintas. Verifica se cada cor individual da paleta de cores possui a `classe` chamada `color`.",
              "timedOut": null,
              "duration": 4466,
              "state": "failed",
              "speed": null,
              "pass": false,
              "fail": true,
              "pending": false,
              "context": null,
              "code": "cy.get('.color').should('have.length', 4).then(function (colors) {\n  for (var i = 0; i < colors.length; i++) {\n    cy.wrap(colors[i]).should('be.visible');\n  }\n});",
              "err": {
                "message": "CypressError: Timed out retrying: Expected to find element: '.color', but never found it.",
                "estack": "CypressError: Timed out retrying: Expected to find element: '.color', but never found it.\n    at cypressErr (http://localhost:41749/__cypress/runner/cypress_runner.js:149934:9)\n    at throwErr (http://localhost:41749/__cypress/runner/cypress_runner.js:149867:11)\n    at Object.throwErrByPath (http://localhost:41749/__cypress/runner/cypress_runner.js:149915:3)\n    at retry (http://localhost:41749/__cypress/runner/cypress_runner.js:144197:19)\n    at onFailFn (http://localhost:41749/__cypress/runner/cypress_runner.js:132448:16)\n    at tryCatcher (http://localhost:41749/__cypress/runner/cypress_runner.js:167415:23)\n    at Promise._settlePromiseFromHandler (http://localhost:41749/__cypress/runner/cypress_runner.js:165351:31)\n    at Promise._settlePromise (http://localhost:41749/__cypress/runner/cypress_runner.js:165408:18)\n    at Promise._settlePromise0 (http://localhost:41749/__cypress/runner/cypress_runner.js:165453:10)\n    at Promise._settlePromises (http://localhost:41749/__cypress/runner/cypress_runner.js:165528:18)\n    at Async../node_modules/bluebird/js/release/async.js.Async._drainQueue (http://localhost:41749/__cypress/runner/cypress_runner.js:162140:16)\n    at Async../node_modules/bluebird/js/release/async.js.Async._drainQueues (http://localhost:41749/__cypress/runner/cypress_runner.js:162150:10)\n    at Async.drainQueues (http://localhost:41749/__cypress/runner/cypress_runner.js:162024:14)",
                "diff": null
              },
              "uuid": "cac16202-5b1c-4fb0-9d54-fc1a6a060dd7",
              "parentUUID": "42171b87-34b1-41a5-a56e-78c4a7adffe7",
              "isHook": false,
              "skipped": false
            },
            {
              "title": "Verifica se a cor de fundo de cada elemento da paleta é a cor que o elemento representa. **A única cor não permitida na paleta é a cor branca.**",
              "fullTitle": "2 - Adicione à página uma paleta de quatro cores distintas. Verifica se a cor de fundo de cada elemento da paleta é a cor que o elemento representa. **A única cor não permitida na paleta é a cor branca.**",
              "timedOut": null,
              "duration": 4482,
              "state": "failed",
              "speed": null,
              "pass": false,
              "fail": true,
              "pending": false,
              "context": null,
              "code": "cy.get('.color').each(function (color) {\n  cy.wrap(color).should('have.class', 'color').and('not.have.css', 'background-color', WHITE);\n  cy.wrap(color).should('have.css', 'background-color');\n});",
              "err": {
                "message": "CypressError: Timed out retrying: Expected to find element: '.color', but never found it.",
                "estack": "CypressError: Timed out retrying: Expected to find element: '.color', but never found it.\n    at cypressErr (http://localhost:41749/__cypress/runner/cypress_runner.js:149934:9)\n    at throwErr (http://localhost:41749/__cypress/runner/cypress_runner.js:149867:11)\n    at Object.throwErrByPath (http://localhost:41749/__cypress/runner/cypress_runner.js:149915:3)\n    at retry (http://localhost:41749/__cypress/runner/cypress_runner.js:144197:19)\n    at onFailFn (http://localhost:41749/__cypress/runner/cypress_runner.js:132448:16)\n    at tryCatcher (http://localhost:41749/__cypress/runner/cypress_runner.js:167415:23)\n    at Promise._settlePromiseFromHandler (http://localhost:41749/__cypress/runner/cypress_runner.js:165351:31)\n    at Promise._settlePromise (http://localhost:41749/__cypress/runner/cypress_runner.js:165408:18)\n    at Promise._settlePromise0 (http://localhost:41749/__cypress/runner/cypress_runner.js:165453:10)\n    at Promise._settlePromises (http://localhost:41749/__cypress/runner/cypress_runner.js:165528:18)\n    at Async../node_modules/bluebird/js/release/async.js.Async._drainQueue (http://localhost:41749/__cypress/runner/cypress_runner.js:162140:16)\n    at Async../node_modules/bluebird/js/release/async.js.Async._drainQueues (http://localhost:41749/__cypress/runner/cypress_runner.js:162150:10)\n    at Async.drainQueues (http://localhost:41749/__cypress/runner/cypress_runner.js:162024:14)",
                "diff": null
              },
              "uuid": "681ad05b-e7cd-4a60-a499-1db943d910d4",
              "parentUUID": "42171b87-34b1-41a5-a56e-78c4a7adffe7",
              "isHook": false,
              "skipped": false
            },
            {
              "title": "Verifica se cada elemento da paleta de cores tem uma borda preta, sólida e com 1 pixel de largura;",
              "fullTitle": "2 - Adicione à página uma paleta de quatro cores distintas. Verifica se cada elemento da paleta de cores tem uma borda preta, sólida e com 1 pixel de largura;",
              "timedOut": null,
              "duration": 4460,
              "state": "failed",
              "speed": null,
              "pass": false,
              "fail": true,
              "pending": false,
              "context": null,
              "code": "cy.get('.color').each(function (color) {\n  cy.wrap(color).and('have.css', 'border', \"1px solid \".concat(BLACK)).and('have.class', 'color');\n});",
              "err": {
                "message": "CypressError: Timed out retrying: Expected to find element: '.color', but never found it.",
                "estack": "CypressError: Timed out retrying: Expected to find element: '.color', but never found it.\n    at cypressErr (http://localhost:41749/__cypress/runner/cypress_runner.js:149934:9)\n    at throwErr (http://localhost:41749/__cypress/runner/cypress_runner.js:149867:11)\n    at Object.throwErrByPath (http://localhost:41749/__cypress/runner/cypress_runner.js:149915:3)\n    at retry (http://localhost:41749/__cypress/runner/cypress_runner.js:144197:19)\n    at onFailFn (http://localhost:41749/__cypress/runner/cypress_runner.js:132448:16)\n    at tryCatcher (http://localhost:41749/__cypress/runner/cypress_runner.js:167415:23)\n    at Promise._settlePromiseFromHandler (http://localhost:41749/__cypress/runner/cypress_runner.js:165351:31)\n    at Promise._settlePromise (http://localhost:41749/__cypress/runner/cypress_runner.js:165408:18)\n    at Promise._settlePromise0 (http://localhost:41749/__cypress/runner/cypress_runner.js:165453:10)\n    at Promise._settlePromises (http://localhost:41749/__cypress/runner/cypress_runner.js:165528:18)\n    at Async../node_modules/bluebird/js/release/async.js.Async._drainQueue (http://localhost:41749/__cypress/runner/cypress_runner.js:162140:16)\n    at Async../node_modules/bluebird/js/release/async.js.Async._drainQueues (http://localhost:41749/__cypress/runner/cypress_runner.js:162150:10)\n    at Async.drainQueues (http://localhost:41749/__cypress/runner/cypress_runner.js:162024:14)",
                "diff": null
              },
              "uuid": "9c75c69f-32b0-4dff-9cd4-a53ecc4194b0",
              "parentUUID": "42171b87-34b1-41a5-a56e-78c4a7adffe7",
              "isHook": false,
              "skipped": false
            },
            {
              "title": "Verifica se a paleta lista todas as cores disponíveis para utilização, lado a lado.",
              "fullTitle": "2 - Adicione à página uma paleta de quatro cores distintas. Verifica se a paleta lista todas as cores disponíveis para utilização, lado a lado.",
              "timedOut": null,
              "duration": 4527,
              "state": "failed",
              "speed": null,
              "pass": false,
              "fail": true,
              "pending": false,
              "context": null,
              "code": "cy.get('.color').then(function (colors) {\n  for (var index = 1; index < colors.length; index += 1) {\n    var currentColor = colors[index];\n    var previousColor = colors[index - 1];\n    cy.wrap(currentColor).should('be.onTheRightOf', previousColor).and('be.horizontallyAlignedWith', previousColor);\n  }\n});",
              "err": {
                "message": "CypressError: Timed out retrying: Expected to find element: '.color', but never found it.",
                "estack": "CypressError: Timed out retrying: Expected to find element: '.color', but never found it.\n    at cypressErr (http://localhost:41749/__cypress/runner/cypress_runner.js:149934:9)\n    at throwErr (http://localhost:41749/__cypress/runner/cypress_runner.js:149867:11)\n    at Object.throwErrByPath (http://localhost:41749/__cypress/runner/cypress_runner.js:149915:3)\n    at retry (http://localhost:41749/__cypress/runner/cypress_runner.js:144197:19)\n    at onFailFn (http://localhost:41749/__cypress/runner/cypress_runner.js:132448:16)\n    at tryCatcher (http://localhost:41749/__cypress/runner/cypress_runner.js:167415:23)\n    at Promise._settlePromiseFromHandler (http://localhost:41749/__cypress/runner/cypress_runner.js:165351:31)\n    at Promise._settlePromise (http://localhost:41749/__cypress/runner/cypress_runner.js:165408:18)\n    at Promise._settlePromise0 (http://localhost:41749/__cypress/runner/cypress_runner.js:165453:10)\n    at Promise._settlePromises (http://localhost:41749/__cypress/runner/cypress_runner.js:165528:18)\n    at Async../node_modules/bluebird/js/release/async.js.Async._drainQueue (http://localhost:41749/__cypress/runner/cypress_runner.js:162140:16)\n    at Async../node_modules/bluebird/js/release/async.js.Async._drainQueues (http://localhost:41749/__cypress/runner/cypress_runner.js:162150:10)\n    at Async.drainQueues (http://localhost:41749/__cypress/runner/cypress_runner.js:162024:14)",
                "diff": null
              },
              "uuid": "0a1591f3-21cd-46d8-aba3-64542409b8dd",
              "parentUUID": "42171b87-34b1-41a5-a56e-78c4a7adffe7",
              "isHook": false,
              "skipped": false
            },
            {
              "title": "Verifica se a paleta de cores está posicionada abaixo do título 'Paleta de Cores'",
              "fullTitle": "2 - Adicione à página uma paleta de quatro cores distintas. Verifica se a paleta de cores está posicionada abaixo do título 'Paleta de Cores'",
              "timedOut": null,
              "duration": 4589,
              "state": "failed",
              "speed": null,
              "pass": false,
              "fail": true,
              "pending": false,
              "context": null,
              "code": "cy.get('h1#title').then(function (title) {\n  cy.get('#color-palette').should('be.belowOf', title);\n});",
              "err": {
                "message": "CypressError: Timed out retrying: Expected to find element: '#color-palette', but never found it.",
                "estack": "CypressError: Timed out retrying: Expected to find element: '#color-palette', but never found it.\n    at cypressErr (http://localhost:41749/__cypress/runner/cypress_runner.js:149934:9)\n    at throwErr (http://localhost:41749/__cypress/runner/cypress_runner.js:149867:11)\n    at Object.throwErrByPath (http://localhost:41749/__cypress/runner/cypress_runner.js:149915:3)\n    at retry (http://localhost:41749/__cypress/runner/cypress_runner.js:144197:19)\n    at onFailFn (http://localhost:41749/__cypress/runner/cypress_runner.js:132448:16)\n    at tryCatcher (http://localhost:41749/__cypress/runner/cypress_runner.js:167415:23)\n    at Promise._settlePromiseFromHandler (http://localhost:41749/__cypress/runner/cypress_runner.js:165351:31)\n    at Promise._settlePromise (http://localhost:41749/__cypress/runner/cypress_runner.js:165408:18)\n    at Promise._settlePromise0 (http://localhost:41749/__cypress/runner/cypress_runner.js:165453:10)\n    at Promise._settlePromises (http://localhost:41749/__cypress/runner/cypress_runner.js:165528:18)\n    at Async../node_modules/bluebird/js/release/async.js.Async._drainQueue (http://localhost:41749/__cypress/runner/cypress_runner.js:162140:16)\n    at Async../node_modules/bluebird/js/release/async.js.Async._drainQueues (http://localhost:41749/__cypress/runner/cypress_runner.js:162150:10)\n    at Async.drainQueues (http://localhost:41749/__cypress/runner/cypress_runner.js:162024:14)",
                "diff": null
              },
              "uuid": "a1c8fcab-4e2e-4bdd-a0a4-cb746afa28d2",
              "parentUUID": "42171b87-34b1-41a5-a56e-78c4a7adffe7",
              "isHook": false,
              "skipped": false
            },
            {
              "title": "Verifica se a paleta de cores não contém cores repetidas.",
              "fullTitle": "2 - Adicione à página uma paleta de quatro cores distintas. Verifica se a paleta de cores não contém cores repetidas.",
              "timedOut": null,
              "duration": 4544,
              "state": "failed",
              "speed": null,
              "pass": false,
              "fail": true,
              "pending": false,
              "context": null,
              "code": "cy.get('.color').then(function (colors) {\n  var allColors = Array.from(colors).map(function (color) {\n    return Cypress.$(color).css('background-color');\n  });\n  cy.log(allColors);\n  var uniqColors = (0, _toConsumableArray2[\"default\"])(new Set(allColors));\n  cy.log(uniqColors);\n  expect(allColors.length).to.eq(uniqColors.length);\n});",
              "err": {
                "message": "CypressError: Timed out retrying: Expected to find element: '.color', but never found it.",
                "estack": "CypressError: Timed out retrying: Expected to find element: '.color', but never found it.\n    at cypressErr (http://localhost:41749/__cypress/runner/cypress_runner.js:149934:9)\n    at throwErr (http://localhost:41749/__cypress/runner/cypress_runner.js:149867:11)\n    at Object.throwErrByPath (http://localhost:41749/__cypress/runner/cypress_runner.js:149915:3)\n    at retry (http://localhost:41749/__cypress/runner/cypress_runner.js:144197:19)\n    at onFailFn (http://localhost:41749/__cypress/runner/cypress_runner.js:132448:16)\n    at tryCatcher (http://localhost:41749/__cypress/runner/cypress_runner.js:167415:23)\n    at Promise._settlePromiseFromHandler (http://localhost:41749/__cypress/runner/cypress_runner.js:165351:31)\n    at Promise._settlePromise (http://localhost:41749/__cypress/runner/cypress_runner.js:165408:18)\n    at Promise._settlePromise0 (http://localhost:41749/__cypress/runner/cypress_runner.js:165453:10)\n    at Promise._settlePromises (http://localhost:41749/__cypress/runner/cypress_runner.js:165528:18)\n    at Async../node_modules/bluebird/js/release/async.js.Async._drainQueue (http://localhost:41749/__cypress/runner/cypress_runner.js:162140:16)\n    at Async../node_modules/bluebird/js/release/async.js.Async._drainQueues (http://localhost:41749/__cypress/runner/cypress_runner.js:162150:10)\n    at Async.drainQueues (http://localhost:41749/__cypress/runner/cypress_runner.js:162024:14)",
                "diff": null
              },
              "uuid": "603eb4ab-3aed-4ee0-ba73-ab6f4e24a262",
              "parentUUID": "42171b87-34b1-41a5-a56e-78c4a7adffe7",
              "isHook": false,
              "skipped": false
            }
          ],
          "suites": [],
          "passes": [],
          "failures": [
            "66e2ee73-ffcd-4619-8a0a-625651d56f92",
            "cac16202-5b1c-4fb0-9d54-fc1a6a060dd7",
            "681ad05b-e7cd-4a60-a499-1db943d910d4",
            "9c75c69f-32b0-4dff-9cd4-a53ecc4194b0",
            "0a1591f3-21cd-46d8-aba3-64542409b8dd",
            "a1c8fcab-4e2e-4bdd-a0a4-cb746afa28d2",
            "603eb4ab-3aed-4ee0-ba73-ab6f4e24a262"
          ],
          "pending": [],
          "skipped": [],
          "duration": 31708,
          "root": false,
          "rootEmpty": false,
          "_timeout": 2000
        },
        {
          "uuid": "0815aa32-d49b-472c-ad42-35f8c14995ad",
          "title": "3 - Adicione a cor **preta** como a primeira cor da paleta de cores.",
          "fullFile": "",
          "file": "",
          "beforeHooks": [],
          "afterHooks": [],
          "tests": [
            {
              "title": "Verifica se a primeira cor da paleta é preta",
              "fullTitle": "3 - Adicione a cor **preta** como a primeira cor da paleta de cores. Verifica se a primeira cor da paleta é preta",
              "timedOut": null,
              "duration": 4624,
              "state": "failed",
              "speed": null,
              "pass": false,
              "fail": true,
              "pending": false,
              "context": null,
              "code": "cy.get('.color').first().should('have.css', 'background-color', BLACK);",
              "err": {
                "message": "CypressError: Timed out retrying: Expected to find element: '.color', but never found it.",
                "estack": "CypressError: Timed out retrying: Expected to find element: '.color', but never found it.\n    at cypressErr (http://localhost:41749/__cypress/runner/cypress_runner.js:149934:9)\n    at throwErr (http://localhost:41749/__cypress/runner/cypress_runner.js:149867:11)\n    at Object.throwErrByPath (http://localhost:41749/__cypress/runner/cypress_runner.js:149915:3)\n    at retry (http://localhost:41749/__cypress/runner/cypress_runner.js:144197:19)\n    at onFailFn (http://localhost:41749/__cypress/runner/cypress_runner.js:132448:16)\n    at tryCatcher (http://localhost:41749/__cypress/runner/cypress_runner.js:167415:23)\n    at Promise._settlePromiseFromHandler (http://localhost:41749/__cypress/runner/cypress_runner.js:165351:31)\n    at Promise._settlePromise (http://localhost:41749/__cypress/runner/cypress_runner.js:165408:18)\n    at Promise._settlePromise0 (http://localhost:41749/__cypress/runner/cypress_runner.js:165453:10)\n    at Promise._settlePromises (http://localhost:41749/__cypress/runner/cypress_runner.js:165528:18)\n    at Async../node_modules/bluebird/js/release/async.js.Async._drainQueue (http://localhost:41749/__cypress/runner/cypress_runner.js:162140:16)\n    at Async../node_modules/bluebird/js/release/async.js.Async._drainQueues (http://localhost:41749/__cypress/runner/cypress_runner.js:162150:10)\n    at Async.drainQueues (http://localhost:41749/__cypress/runner/cypress_runner.js:162024:14)",
                "diff": null
              },
              "uuid": "2c3fd706-58ec-435f-9772-fe037f874482",
              "parentUUID": "0815aa32-d49b-472c-ad42-35f8c14995ad",
              "isHook": false,
              "skipped": false
            },
            {
              "title": "Verifica se as demais cores podem ser escolhidas livremente.",
              "fullTitle": "3 - Adicione a cor **preta** como a primeira cor da paleta de cores. Verifica se as demais cores podem ser escolhidas livremente.",
              "timedOut": null,
              "duration": 4436,
              "state": "failed",
              "speed": null,
              "pass": false,
              "fail": true,
              "pending": false,
              "context": null,
              "code": "cy.get('.color').eq(1).should('not.have.css', 'background-color', BLACK);\ncy.get('.color').eq(1).should('not.have.css', 'background-color', WHITE);\ncy.get('.color').eq(1).should('not.have.css', 'background-color', 'rgba(0, 0, 0, 0)');\ncy.get('.color').eq(1).should('have.css', 'background-color');\ncy.get('.color').eq(2).should('not.have.css', 'background-color', BLACK);\ncy.get('.color').eq(2).should('not.have.css', 'background-color', WHITE);\ncy.get('.color').eq(2).should('not.have.css', 'background-color', 'rgba(0, 0, 0, 0)');\ncy.get('.color').eq(2).should('have.css', 'background-color');\ncy.get('.color').eq(3).should('not.have.css', 'background-color', BLACK);\ncy.get('.color').eq(3).should('not.have.css', 'background-color', WHITE);\ncy.get('.color').eq(3).should('not.have.css', 'background-color', 'rgba(0, 0, 0, 0)');\ncy.get('.color').eq(3).should('have.css', 'background-color');",
              "err": {
                "message": "CypressError: Timed out retrying: Expected to find element: '.color', but never found it.",
                "estack": "CypressError: Timed out retrying: Expected to find element: '.color', but never found it.\n    at cypressErr (http://localhost:41749/__cypress/runner/cypress_runner.js:149934:9)\n    at throwErr (http://localhost:41749/__cypress/runner/cypress_runner.js:149867:11)\n    at Object.throwErrByPath (http://localhost:41749/__cypress/runner/cypress_runner.js:149915:3)\n    at retry (http://localhost:41749/__cypress/runner/cypress_runner.js:144197:19)\n    at onFailFn (http://localhost:41749/__cypress/runner/cypress_runner.js:132448:16)\n    at tryCatcher (http://localhost:41749/__cypress/runner/cypress_runner.js:167415:23)\n    at Promise._settlePromiseFromHandler (http://localhost:41749/__cypress/runner/cypress_runner.js:165351:31)\n    at Promise._settlePromise (http://localhost:41749/__cypress/runner/cypress_runner.js:165408:18)\n    at Promise._settlePromise0 (http://localhost:41749/__cypress/runner/cypress_runner.js:165453:10)\n    at Promise._settlePromises (http://localhost:41749/__cypress/runner/cypress_runner.js:165528:18)\n    at Async../node_modules/bluebird/js/release/async.js.Async._drainQueue (http://localhost:41749/__cypress/runner/cypress_runner.js:162140:16)\n    at Async../node_modules/bluebird/js/release/async.js.Async._drainQueues (http://localhost:41749/__cypress/runner/cypress_runner.js:162150:10)\n    at Async.drainQueues (http://localhost:41749/__cypress/runner/cypress_runner.js:162024:14)",
                "diff": null
              },
              "uuid": "691511ff-7ed0-4e4d-8649-5bdb8a17c460",
              "parentUUID": "0815aa32-d49b-472c-ad42-35f8c14995ad",
              "isHook": false,
              "skipped": false
            }
          ],
          "suites": [],
          "passes": [],
          "failures": [
            "2c3fd706-58ec-435f-9772-fe037f874482",
            "691511ff-7ed0-4e4d-8649-5bdb8a17c460"
          ],
          "pending": [],
          "skipped": [],
          "duration": 9060,
          "root": false,
          "rootEmpty": false,
          "_timeout": 2000
        },
        {
          "uuid": "2563e854-bfd4-4ac6-8355-cc730ba3fa4d",
          "title": "4 - Adicione à página um quadro de pixels, com 25 pixels.",
          "fullFile": "",
          "file": "",
          "beforeHooks": [],
          "afterHooks": [],
          "tests": [
            {
              "title": "Verifica se o quadro de pixels possui o `id` denominado `pixel-board`",
              "fullTitle": "4 - Adicione à página um quadro de pixels, com 25 pixels. Verifica se o quadro de pixels possui o `id` denominado `pixel-board`",
              "timedOut": null,
              "duration": 4468,
              "state": "failed",
              "speed": null,
              "pass": false,
              "fail": true,
              "pending": false,
              "context": null,
              "code": "cy.get('#pixel-board').should('be.visible');",
              "err": {
                "message": "CypressError: Timed out retrying: Expected to find element: '#pixel-board', but never found it.",
                "estack": "CypressError: Timed out retrying: Expected to find element: '#pixel-board', but never found it.\n    at cypressErr (http://localhost:41749/__cypress/runner/cypress_runner.js:149934:9)\n    at throwErr (http://localhost:41749/__cypress/runner/cypress_runner.js:149867:11)\n    at Object.throwErrByPath (http://localhost:41749/__cypress/runner/cypress_runner.js:149915:3)\n    at retry (http://localhost:41749/__cypress/runner/cypress_runner.js:144197:19)\n    at onFailFn (http://localhost:41749/__cypress/runner/cypress_runner.js:132448:16)\n    at tryCatcher (http://localhost:41749/__cypress/runner/cypress_runner.js:167415:23)\n    at Promise._settlePromiseFromHandler (http://localhost:41749/__cypress/runner/cypress_runner.js:165351:31)\n    at Promise._settlePromise (http://localhost:41749/__cypress/runner/cypress_runner.js:165408:18)\n    at Promise._settlePromise0 (http://localhost:41749/__cypress/runner/cypress_runner.js:165453:10)\n    at Promise._settlePromises (http://localhost:41749/__cypress/runner/cypress_runner.js:165528:18)\n    at Async../node_modules/bluebird/js/release/async.js.Async._drainQueue (http://localhost:41749/__cypress/runner/cypress_runner.js:162140:16)\n    at Async../node_modules/bluebird/js/release/async.js.Async._drainQueues (http://localhost:41749/__cypress/runner/cypress_runner.js:162150:10)\n    at Async.drainQueues (http://localhost:41749/__cypress/runner/cypress_runner.js:162024:14)",
                "diff": null
              },
              "uuid": "97113e97-fe01-4080-b33b-9ca6940dd942",
              "parentUUID": "2563e854-bfd4-4ac6-8355-cc730ba3fa4d",
              "isHook": false,
              "skipped": false
            },
            {
              "title": "Verifica se cada pixel individual dentro do quadro possui a `classe` denominada `pixel`.",
              "fullTitle": "4 - Adicione à página um quadro de pixels, com 25 pixels. Verifica se cada pixel individual dentro do quadro possui a `classe` denominada `pixel`.",
              "timedOut": null,
              "duration": 4455,
              "state": "failed",
              "speed": null,
              "pass": false,
              "fail": true,
              "pending": false,
              "context": null,
              "code": "cy.get('.pixel').should('have.length', 25);",
              "err": {
                "message": "CypressError: Timed out retrying: Expected to find element: '.pixel', but never found it.",
                "estack": "CypressError: Timed out retrying: Expected to find element: '.pixel', but never found it.\n    at cypressErr (http://localhost:41749/__cypress/runner/cypress_runner.js:149934:9)\n    at throwErr (http://localhost:41749/__cypress/runner/cypress_runner.js:149867:11)\n    at Object.throwErrByPath (http://localhost:41749/__cypress/runner/cypress_runner.js:149915:3)\n    at retry (http://localhost:41749/__cypress/runner/cypress_runner.js:144197:19)\n    at onFailFn (http://localhost:41749/__cypress/runner/cypress_runner.js:132448:16)\n    at tryCatcher (http://localhost:41749/__cypress/runner/cypress_runner.js:167415:23)\n    at Promise._settlePromiseFromHandler (http://localhost:41749/__cypress/runner/cypress_runner.js:165351:31)\n    at Promise._settlePromise (http://localhost:41749/__cypress/runner/cypress_runner.js:165408:18)\n    at Promise._settlePromise0 (http://localhost:41749/__cypress/runner/cypress_runner.js:165453:10)\n    at Promise._settlePromises (http://localhost:41749/__cypress/runner/cypress_runner.js:165528:18)\n    at Async../node_modules/bluebird/js/release/async.js.Async._drainQueue (http://localhost:41749/__cypress/runner/cypress_runner.js:162140:16)\n    at Async../node_modules/bluebird/js/release/async.js.Async._drainQueues (http://localhost:41749/__cypress/runner/cypress_runner.js:162150:10)\n    at Async.drainQueues (http://localhost:41749/__cypress/runner/cypress_runner.js:162024:14)",
                "diff": null
              },
              "uuid": "56eb4cda-bf95-46e0-b48a-d62e6881986c",
              "parentUUID": "2563e854-bfd4-4ac6-8355-cc730ba3fa4d",
              "isHook": false,
              "skipped": false
            },
            {
              "title": "Verifica se a cor inicial dos pixels dentro do quadro, ao abrir a página, é branca.",
              "fullTitle": "4 - Adicione à página um quadro de pixels, com 25 pixels. Verifica se a cor inicial dos pixels dentro do quadro, ao abrir a página, é branca.",
              "timedOut": null,
              "duration": 4453,
              "state": "failed",
              "speed": null,
              "pass": false,
              "fail": true,
              "pending": false,
              "context": null,
              "code": "cy.get('.pixel').should('have.length', 25).each(function (pixel) {\n  expect(pixel).to.have.css('background-color', WHITE);\n});",
              "err": {
                "message": "CypressError: Timed out retrying: Expected to find element: '.pixel', but never found it.",
                "estack": "CypressError: Timed out retrying: Expected to find element: '.pixel', but never found it.\n    at cypressErr (http://localhost:41749/__cypress/runner/cypress_runner.js:149934:9)\n    at throwErr (http://localhost:41749/__cypress/runner/cypress_runner.js:149867:11)\n    at Object.throwErrByPath (http://localhost:41749/__cypress/runner/cypress_runner.js:149915:3)\n    at retry (http://localhost:41749/__cypress/runner/cypress_runner.js:144197:19)\n    at onFailFn (http://localhost:41749/__cypress/runner/cypress_runner.js:132448:16)\n    at tryCatcher (http://localhost:41749/__cypress/runner/cypress_runner.js:167415:23)\n    at Promise._settlePromiseFromHandler (http://localhost:41749/__cypress/runner/cypress_runner.js:165351:31)\n    at Promise._settlePromise (http://localhost:41749/__cypress/runner/cypress_runner.js:165408:18)\n    at Promise._settlePromise0 (http://localhost:41749/__cypress/runner/cypress_runner.js:165453:10)\n    at Promise._settlePromises (http://localhost:41749/__cypress/runner/cypress_runner.js:165528:18)\n    at Async../node_modules/bluebird/js/release/async.js.Async._drainQueue (http://localhost:41749/__cypress/runner/cypress_runner.js:162140:16)\n    at Async../node_modules/bluebird/js/release/async.js.Async._drainQueues (http://localhost:41749/__cypress/runner/cypress_runner.js:162150:10)\n    at Async.drainQueues (http://localhost:41749/__cypress/runner/cypress_runner.js:162024:14)",
                "diff": null
              },
              "uuid": "09f5e1e1-8c71-4ee7-9de7-5997b7ad2d05",
              "parentUUID": "2563e854-bfd4-4ac6-8355-cc730ba3fa4d",
              "isHook": false,
              "skipped": false
            },
            {
              "title": "Verifica se o quadro de pixels aparece abaixo da paleta de cores",
              "fullTitle": "4 - Adicione à página um quadro de pixels, com 25 pixels. Verifica se o quadro de pixels aparece abaixo da paleta de cores",
              "timedOut": null,
              "duration": 4487,
              "state": "failed",
              "speed": null,
              "pass": false,
              "fail": true,
              "pending": false,
              "context": null,
              "code": "cy.get('#color-palette').then(function (palette) {\n  cy.get('#pixel-board').should('be.belowOf', palette);\n});",
              "err": {
                "message": "CypressError: Timed out retrying: Expected to find element: '#color-palette', but never found it.",
                "estack": "CypressError: Timed out retrying: Expected to find element: '#color-palette', but never found it.\n    at cypressErr (http://localhost:41749/__cypress/runner/cypress_runner.js:149934:9)\n    at throwErr (http://localhost:41749/__cypress/runner/cypress_runner.js:149867:11)\n    at Object.throwErrByPath (http://localhost:41749/__cypress/runner/cypress_runner.js:149915:3)\n    at retry (http://localhost:41749/__cypress/runner/cypress_runner.js:144197:19)\n    at onFailFn (http://localhost:41749/__cypress/runner/cypress_runner.js:132448:16)\n    at tryCatcher (http://localhost:41749/__cypress/runner/cypress_runner.js:167415:23)\n    at Promise._settlePromiseFromHandler (http://localhost:41749/__cypress/runner/cypress_runner.js:165351:31)\n    at Promise._settlePromise (http://localhost:41749/__cypress/runner/cypress_runner.js:165408:18)\n    at Promise._settlePromise0 (http://localhost:41749/__cypress/runner/cypress_runner.js:165453:10)\n    at Promise._settlePromises (http://localhost:41749/__cypress/runner/cypress_runner.js:165528:18)\n    at Async../node_modules/bluebird/js/release/async.js.Async._drainQueue (http://localhost:41749/__cypress/runner/cypress_runner.js:162140:16)\n    at Async../node_modules/bluebird/js/release/async.js.Async._drainQueues (http://localhost:41749/__cypress/runner/cypress_runner.js:162150:10)\n    at Async.drainQueues (http://localhost:41749/__cypress/runner/cypress_runner.js:162024:14)",
                "diff": null
              },
              "uuid": "b4f538ba-4aae-4774-ae14-091e1e9951ee",
              "parentUUID": "2563e854-bfd4-4ac6-8355-cc730ba3fa4d",
              "isHook": false,
              "skipped": false
            }
          ],
          "suites": [],
          "passes": [],
          "failures": [
            "97113e97-fe01-4080-b33b-9ca6940dd942",
            "56eb4cda-bf95-46e0-b48a-d62e6881986c",
            "09f5e1e1-8c71-4ee7-9de7-5997b7ad2d05",
            "b4f538ba-4aae-4774-ae14-091e1e9951ee"
          ],
          "pending": [],
          "skipped": [],
          "duration": 17863,
          "root": false,
          "rootEmpty": false,
          "_timeout": 2000
        },
        {
          "uuid": "b0013c9d-951b-4448-8caa-f6a8e8d21b0b",
          "title": "5 - Faça com que cada elemento do quadro de pixels possua 40 pixels de largura, 40 pixels de altura e seja delimitado por uma borda preta de 1 pixel.",
          "fullFile": "",
          "file": "",
          "beforeHooks": [],
          "afterHooks": [],
          "tests": [
            {
              "title": "Verifica se o quadro de pixels tem altura e comprimento de 5 elementos",
              "fullTitle": "5 - Faça com que cada elemento do quadro de pixels possua 40 pixels de largura, 40 pixels de altura e seja delimitado por uma borda preta de 1 pixel. Verifica se o quadro de pixels tem altura e comprimento de 5 elementos",
              "timedOut": null,
              "duration": 4425,
              "state": "failed",
              "speed": null,
              "pass": false,
              "fail": true,
              "pending": false,
              "context": null,
              "code": "cy.get('.pixel').should('have.length', 25).each(function (pixel) {\n  expect(pixel).to.have.css('background-color', WHITE);\n}).and(function (pixels) {\n  var rows = chunk(pixels, 5);\n  rows.forEach(function (row) {\n    for (var index = 1; index < row.length; index += 1) {\n      var current = pixels[index];\n      var previous = pixels[index - 1];\n      cy.wrap(current).should('be.onTheRightOf', previous).and('be.horizontallyAlignedWith', previous);\n    }\n  });\n  for (var index = 1; index < 5; index += 1) {\n    expect(pixels[index * 5]).to.be.belowOf(pixels[(index - 1) * 5]);\n  }\n});",
              "err": {
                "message": "CypressError: Timed out retrying: Expected to find element: '.pixel', but never found it.",
                "estack": "CypressError: Timed out retrying: Expected to find element: '.pixel', but never found it.\n    at cypressErr (http://localhost:41749/__cypress/runner/cypress_runner.js:149934:9)\n    at throwErr (http://localhost:41749/__cypress/runner/cypress_runner.js:149867:11)\n    at Object.throwErrByPath (http://localhost:41749/__cypress/runner/cypress_runner.js:149915:3)\n    at retry (http://localhost:41749/__cypress/runner/cypress_runner.js:144197:19)\n    at onFailFn (http://localhost:41749/__cypress/runner/cypress_runner.js:132448:16)\n    at tryCatcher (http://localhost:41749/__cypress/runner/cypress_runner.js:167415:23)\n    at Promise._settlePromiseFromHandler (http://localhost:41749/__cypress/runner/cypress_runner.js:165351:31)\n    at Promise._settlePromise (http://localhost:41749/__cypress/runner/cypress_runner.js:165408:18)\n    at Promise._settlePromise0 (http://localhost:41749/__cypress/runner/cypress_runner.js:165453:10)\n    at Promise._settlePromises (http://localhost:41749/__cypress/runner/cypress_runner.js:165528:18)\n    at Async../node_modules/bluebird/js/release/async.js.Async._drainQueue (http://localhost:41749/__cypress/runner/cypress_runner.js:162140:16)\n    at Async../node_modules/bluebird/js/release/async.js.Async._drainQueues (http://localhost:41749/__cypress/runner/cypress_runner.js:162150:10)\n    at Async.drainQueues (http://localhost:41749/__cypress/runner/cypress_runner.js:162024:14)",
                "diff": null
              },
              "uuid": "8163f650-5eb1-44ff-9a6a-3f2b2b5343a3",
              "parentUUID": "b0013c9d-951b-4448-8caa-f6a8e8d21b0b",
              "isHook": false,
              "skipped": false
            },
            {
              "title": "Verifica se 40 pixels é o tamanho total do elemento, incluindo seu conteúdo e excluindo a borda preta, que deve ser criada à parte.",
              "fullTitle": "5 - Faça com que cada elemento do quadro de pixels possua 40 pixels de largura, 40 pixels de altura e seja delimitado por uma borda preta de 1 pixel. Verifica se 40 pixels é o tamanho total do elemento, incluindo seu conteúdo e excluindo a borda preta, que deve ser criada à parte.",
              "timedOut": null,
              "duration": 4386,
              "state": "failed",
              "speed": null,
              "pass": false,
              "fail": true,
              "pending": false,
              "context": null,
              "code": "cy.get('.pixel').each(function (pixel) {\n  cy.wrap(pixel).should('have.css', 'height', '40px').and('have.css', 'width', '40px').and('have.css', 'border', \"1px solid \".concat(BLACK));\n});",
              "err": {
                "message": "CypressError: Timed out retrying: Expected to find element: '.pixel', but never found it.",
                "estack": "CypressError: Timed out retrying: Expected to find element: '.pixel', but never found it.\n    at cypressErr (http://localhost:41749/__cypress/runner/cypress_runner.js:149934:9)\n    at throwErr (http://localhost:41749/__cypress/runner/cypress_runner.js:149867:11)\n    at Object.throwErrByPath (http://localhost:41749/__cypress/runner/cypress_runner.js:149915:3)\n    at retry (http://localhost:41749/__cypress/runner/cypress_runner.js:144197:19)\n    at onFailFn (http://localhost:41749/__cypress/runner/cypress_runner.js:132448:16)\n    at tryCatcher (http://localhost:41749/__cypress/runner/cypress_runner.js:167415:23)\n    at Promise._settlePromiseFromHandler (http://localhost:41749/__cypress/runner/cypress_runner.js:165351:31)\n    at Promise._settlePromise (http://localhost:41749/__cypress/runner/cypress_runner.js:165408:18)\n    at Promise._settlePromise0 (http://localhost:41749/__cypress/runner/cypress_runner.js:165453:10)\n    at Promise._settlePromises (http://localhost:41749/__cypress/runner/cypress_runner.js:165528:18)\n    at Async../node_modules/bluebird/js/release/async.js.Async._drainQueue (http://localhost:41749/__cypress/runner/cypress_runner.js:162140:16)\n    at Async../node_modules/bluebird/js/release/async.js.Async._drainQueues (http://localhost:41749/__cypress/runner/cypress_runner.js:162150:10)\n    at Async.drainQueues (http://localhost:41749/__cypress/runner/cypress_runner.js:162024:14)",
                "diff": null
              },
              "uuid": "3c94a200-8747-45f4-8383-c120fe917678",
              "parentUUID": "b0013c9d-951b-4448-8caa-f6a8e8d21b0b",
              "isHook": false,
              "skipped": false
            }
          ],
          "suites": [],
          "passes": [],
          "failures": [
            "8163f650-5eb1-44ff-9a6a-3f2b2b5343a3",
            "3c94a200-8747-45f4-8383-c120fe917678"
          ],
          "pending": [],
          "skipped": [],
          "duration": 8811,
          "root": false,
          "rootEmpty": false,
          "_timeout": 2000
        },
        {
          "uuid": "81d7b49f-35cd-47cd-91a4-0e3404bcf2ec",
          "title": "6 - Defina a cor preta como cor inicial. Ao carregar a página a cor preta já deve estar selecionada para pintar os pixels",
          "fullFile": "",
          "file": "",
          "beforeHooks": [],
          "afterHooks": [],
          "tests": [
            {
              "title": "Verifica se o elemento da cor preta possui, inicialmente, a `classe` `selected`",
              "fullTitle": "6 - Defina a cor preta como cor inicial. Ao carregar a página a cor preta já deve estar selecionada para pintar os pixels Verifica se o elemento da cor preta possui, inicialmente, a `classe` `selected`",
              "timedOut": null,
              "duration": 4411,
              "state": "failed",
              "speed": null,
              "pass": false,
              "fail": true,
              "pending": false,
              "context": null,
              "code": "cy.get('.selected').first().should('have.css', 'background-color', BLACK);",
              "err": {
                "message": "CypressError: Timed out retrying: Expected to find element: '.selected', but never found it.",
                "estack": "CypressError: Timed out retrying: Expected to find element: '.selected', but never found it.\n    at cypressErr (http://localhost:41749/__cypress/runner/cypress_runner.js:149934:9)\n    at throwErr (http://localhost:41749/__cypress/runner/cypress_runner.js:149867:11)\n    at Object.throwErrByPath (http://localhost:41749/__cypress/runner/cypress_runner.js:149915:3)\n    at retry (http://localhost:41749/__cypress/runner/cypress_runner.js:144197:19)\n    at onFailFn (http://localhost:41749/__cypress/runner/cypress_runner.js:132448:16)\n    at tryCatcher (http://localhost:41749/__cypress/runner/cypress_runner.js:167415:23)\n    at Promise._settlePromiseFromHandler (http://localhost:41749/__cypress/runner/cypress_runner.js:165351:31)\n    at Promise._settlePromise (http://localhost:41749/__cypress/runner/cypress_runner.js:165408:18)\n    at Promise._settlePromise0 (http://localhost:41749/__cypress/runner/cypress_runner.js:165453:10)\n    at Promise._settlePromises (http://localhost:41749/__cypress/runner/cypress_runner.js:165528:18)\n    at Async../node_modules/bluebird/js/release/async.js.Async._drainQueue (http://localhost:41749/__cypress/runner/cypress_runner.js:162140:16)\n    at Async../node_modules/bluebird/js/release/async.js.Async._drainQueues (http://localhost:41749/__cypress/runner/cypress_runner.js:162150:10)\n    at Async.drainQueues (http://localhost:41749/__cypress/runner/cypress_runner.js:162024:14)",
                "diff": null
              },
              "uuid": "305464ad-5b36-410e-9d88-d66771e4e065",
              "parentUUID": "81d7b49f-35cd-47cd-91a4-0e3404bcf2ec",
              "isHook": false,
              "skipped": false
            },
            {
              "title": "Verifica se nenhuma outra cor da paleta tem a `classe` `selected`",
              "fullTitle": "6 - Defina a cor preta como cor inicial. Ao carregar a página a cor preta já deve estar selecionada para pintar os pixels Verifica se nenhuma outra cor da paleta tem a `classe` `selected`",
              "timedOut": null,
              "duration": 4509,
              "state": "failed",
              "speed": null,
              "pass": false,
              "fail": true,
              "pending": false,
              "context": null,
              "code": "cy.get('.color:not(:first-child)').each(function (color) {\n  cy.wrap(color).should('not.have.class', 'selected');\n});",
              "err": {
                "message": "CypressError: Timed out retrying: Expected to find element: '.color:not(:first-child)', but never found it.",
                "estack": "CypressError: Timed out retrying: Expected to find element: '.color:not(:first-child)', but never found it.\n    at cypressErr (http://localhost:41749/__cypress/runner/cypress_runner.js:149934:9)\n    at throwErr (http://localhost:41749/__cypress/runner/cypress_runner.js:149867:11)\n    at Object.throwErrByPath (http://localhost:41749/__cypress/runner/cypress_runner.js:149915:3)\n    at retry (http://localhost:41749/__cypress/runner/cypress_runner.js:144197:19)\n    at onFailFn (http://localhost:41749/__cypress/runner/cypress_runner.js:132448:16)\n    at tryCatcher (http://localhost:41749/__cypress/runner/cypress_runner.js:167415:23)\n    at Promise._settlePromiseFromHandler (http://localhost:41749/__cypress/runner/cypress_runner.js:165351:31)\n    at Promise._settlePromise (http://localhost:41749/__cypress/runner/cypress_runner.js:165408:18)\n    at Promise._settlePromise0 (http://localhost:41749/__cypress/runner/cypress_runner.js:165453:10)\n    at Promise._settlePromises (http://localhost:41749/__cypress/runner/cypress_runner.js:165528:18)\n    at Async../node_modules/bluebird/js/release/async.js.Async._drainQueue (http://localhost:41749/__cypress/runner/cypress_runner.js:162140:16)\n    at Async../node_modules/bluebird/js/release/async.js.Async._drainQueues (http://localhost:41749/__cypress/runner/cypress_runner.js:162150:10)\n    at Async.drainQueues (http://localhost:41749/__cypress/runner/cypress_runner.js:162024:14)",
                "diff": null
              },
              "uuid": "cf752d2b-dc6e-48fe-ac74-cf6675a187b8",
              "parentUUID": "81d7b49f-35cd-47cd-91a4-0e3404bcf2ec",
              "isHook": false,
              "skipped": false
            }
          ],
          "suites": [],
          "passes": [],
          "failures": [
            "305464ad-5b36-410e-9d88-d66771e4e065",
            "cf752d2b-dc6e-48fe-ac74-cf6675a187b8"
          ],
          "pending": [],
          "skipped": [],
          "duration": 8920,
          "root": false,
          "rootEmpty": false,
          "_timeout": 2000
        },
        {
          "uuid": "1236b075-8f9d-4e55-8774-cacdedb42713",
          "title": "7 - Clicar em uma das cores da paleta, faz com que ela seja selecionada e utilizada para preencher os pixels no quadro.",
          "fullFile": "",
          "file": "",
          "beforeHooks": [],
          "afterHooks": [],
          "tests": [
            {
              "title": "Verifica se somente uma cor da paleta de cores tem a classe `selected` de cada vez",
              "fullTitle": "7 - Clicar em uma das cores da paleta, faz com que ela seja selecionada e utilizada para preencher os pixels no quadro. Verifica se somente uma cor da paleta de cores tem a classe `selected` de cada vez",
              "timedOut": null,
              "duration": 4573,
              "state": "failed",
              "speed": null,
              "pass": false,
              "fail": true,
              "pending": false,
              "context": null,
              "code": "cy.get('.color').each(function (selectedColor, selectedColorIndex) {\n  cy.wrap(selectedColor).click();\n  cy.get('.color').each(function (color, colorIndex) {\n    if (colorIndex === selectedColorIndex) {\n      expect(color).to.have[\"class\"]('selected');\n    } else {\n      expect(color).not.to.have[\"class\"]('selected');\n    }\n  });\n});",
              "err": {
                "message": "CypressError: Timed out retrying: Expected to find element: '.color', but never found it.",
                "estack": "CypressError: Timed out retrying: Expected to find element: '.color', but never found it.\n    at cypressErr (http://localhost:41749/__cypress/runner/cypress_runner.js:149934:9)\n    at throwErr (http://localhost:41749/__cypress/runner/cypress_runner.js:149867:11)\n    at Object.throwErrByPath (http://localhost:41749/__cypress/runner/cypress_runner.js:149915:3)\n    at retry (http://localhost:41749/__cypress/runner/cypress_runner.js:144197:19)\n    at onFailFn (http://localhost:41749/__cypress/runner/cypress_runner.js:132448:16)\n    at tryCatcher (http://localhost:41749/__cypress/runner/cypress_runner.js:167415:23)\n    at Promise._settlePromiseFromHandler (http://localhost:41749/__cypress/runner/cypress_runner.js:165351:31)\n    at Promise._settlePromise (http://localhost:41749/__cypress/runner/cypress_runner.js:165408:18)\n    at Promise._settlePromise0 (http://localhost:41749/__cypress/runner/cypress_runner.js:165453:10)\n    at Promise._settlePromises (http://localhost:41749/__cypress/runner/cypress_runner.js:165528:18)\n    at Async../node_modules/bluebird/js/release/async.js.Async._drainQueue (http://localhost:41749/__cypress/runner/cypress_runner.js:162140:16)\n    at Async../node_modules/bluebird/js/release/async.js.Async._drainQueues (http://localhost:41749/__cypress/runner/cypress_runner.js:162150:10)\n    at Async.drainQueues (http://localhost:41749/__cypress/runner/cypress_runner.js:162024:14)",
                "diff": null
              },
              "uuid": "9e0deec3-fd49-4daf-aa82-7bd69c2ee6e7",
              "parentUUID": "1236b075-8f9d-4e55-8774-cacdedb42713",
              "isHook": false,
              "skipped": false
            },
            {
              "title": "Verifica se os pixels dentro do quadro não têm a classe `selected` quando são clicados",
              "fullTitle": "7 - Clicar em uma das cores da paleta, faz com que ela seja selecionada e utilizada para preencher os pixels no quadro. Verifica se os pixels dentro do quadro não têm a classe `selected` quando são clicados",
              "timedOut": null,
              "duration": 4514,
              "state": "failed",
              "speed": null,
              "pass": false,
              "fail": true,
              "pending": false,
              "context": null,
              "code": "cy.get('.color').each(function (color) {\n  var backgroundColor = color.css('background-color');\n  cy.wrap(color).click();\n  cy.get('.pixel').each(function (pixel) {\n    cy.wrap(pixel).click().should('not.have.class', 'selected');\n  });\n});",
              "err": {
                "message": "CypressError: Timed out retrying: Expected to find element: '.color', but never found it.",
                "estack": "CypressError: Timed out retrying: Expected to find element: '.color', but never found it.\n    at cypressErr (http://localhost:41749/__cypress/runner/cypress_runner.js:149934:9)\n    at throwErr (http://localhost:41749/__cypress/runner/cypress_runner.js:149867:11)\n    at Object.throwErrByPath (http://localhost:41749/__cypress/runner/cypress_runner.js:149915:3)\n    at retry (http://localhost:41749/__cypress/runner/cypress_runner.js:144197:19)\n    at onFailFn (http://localhost:41749/__cypress/runner/cypress_runner.js:132448:16)\n    at tryCatcher (http://localhost:41749/__cypress/runner/cypress_runner.js:167415:23)\n    at Promise._settlePromiseFromHandler (http://localhost:41749/__cypress/runner/cypress_runner.js:165351:31)\n    at Promise._settlePromise (http://localhost:41749/__cypress/runner/cypress_runner.js:165408:18)\n    at Promise._settlePromise0 (http://localhost:41749/__cypress/runner/cypress_runner.js:165453:10)\n    at Promise._settlePromises (http://localhost:41749/__cypress/runner/cypress_runner.js:165528:18)\n    at Async../node_modules/bluebird/js/release/async.js.Async._drainQueue (http://localhost:41749/__cypress/runner/cypress_runner.js:162140:16)\n    at Async../node_modules/bluebird/js/release/async.js.Async._drainQueues (http://localhost:41749/__cypress/runner/cypress_runner.js:162150:10)\n    at Async.drainQueues (http://localhost:41749/__cypress/runner/cypress_runner.js:162024:14)",
                "diff": null
              },
              "uuid": "d325c8b3-f837-4f89-aa85-8407f8241b96",
              "parentUUID": "1236b075-8f9d-4e55-8774-cacdedb42713",
              "isHook": false,
              "skipped": false
            }
          ],
          "suites": [],
          "passes": [],
          "failures": [
            "9e0deec3-fd49-4daf-aa82-7bd69c2ee6e7",
            "d325c8b3-f837-4f89-aa85-8407f8241b96"
          ],
          "pending": [],
          "skipped": [],
          "duration": 9087,
          "root": false,
          "rootEmpty": false,
          "_timeout": 2000
        },
        {
          "uuid": "a4d6cc46-036c-4c40-88f9-7bc1aee69b51",
          "title": "8 - Clicar em um pixel dentro do quadro após selecionar uma cor na paleta, faz com que o pixel seja preenchido com a cor selecionada.",
          "fullFile": "",
          "file": "",
          "beforeHooks": [],
          "afterHooks": [],
          "tests": [
            {
              "title": "Verifica se ao carregar a página deve ser possível pintar os pixels de preto",
              "fullTitle": "8 - Clicar em um pixel dentro do quadro após selecionar uma cor na paleta, faz com que o pixel seja preenchido com a cor selecionada. Verifica se ao carregar a página deve ser possível pintar os pixels de preto",
              "timedOut": null,
              "duration": 4443,
              "state": "failed",
              "speed": null,
              "pass": false,
              "fail": true,
              "pending": false,
              "context": null,
              "code": "cy.get('.pixel').each(function (pixel) {\n  cy.wrap(pixel).click().should('have.css', 'background-color', BLACK);\n});",
              "err": {
                "message": "CypressError: Timed out retrying: Expected to find element: '.pixel', but never found it.",
                "estack": "CypressError: Timed out retrying: Expected to find element: '.pixel', but never found it.\n    at cypressErr (http://localhost:41749/__cypress/runner/cypress_runner.js:149934:9)\n    at throwErr (http://localhost:41749/__cypress/runner/cypress_runner.js:149867:11)\n    at Object.throwErrByPath (http://localhost:41749/__cypress/runner/cypress_runner.js:149915:3)\n    at retry (http://localhost:41749/__cypress/runner/cypress_runner.js:144197:19)\n    at onFailFn (http://localhost:41749/__cypress/runner/cypress_runner.js:132448:16)\n    at tryCatcher (http://localhost:41749/__cypress/runner/cypress_runner.js:167415:23)\n    at Promise._settlePromiseFromHandler (http://localhost:41749/__cypress/runner/cypress_runner.js:165351:31)\n    at Promise._settlePromise (http://localhost:41749/__cypress/runner/cypress_runner.js:165408:18)\n    at Promise._settlePromise0 (http://localhost:41749/__cypress/runner/cypress_runner.js:165453:10)\n    at Promise._settlePromises (http://localhost:41749/__cypress/runner/cypress_runner.js:165528:18)\n    at Async../node_modules/bluebird/js/release/async.js.Async._drainQueue (http://localhost:41749/__cypress/runner/cypress_runner.js:162140:16)\n    at Async../node_modules/bluebird/js/release/async.js.Async._drainQueues (http://localhost:41749/__cypress/runner/cypress_runner.js:162150:10)\n    at Async.drainQueues (http://localhost:41749/__cypress/runner/cypress_runner.js:162024:14)",
                "diff": null
              },
              "uuid": "6923867f-e5ac-4023-a0f8-1d4c1a5e23d1",
              "parentUUID": "a4d6cc46-036c-4c40-88f9-7bc1aee69b51",
              "isHook": false,
              "skipped": false
            },
            {
              "title": "Verifica se após selecionar uma outra cor na paleta, é possível pintar os pixels com essa cor",
              "fullTitle": "8 - Clicar em um pixel dentro do quadro após selecionar uma cor na paleta, faz com que o pixel seja preenchido com a cor selecionada. Verifica se após selecionar uma outra cor na paleta, é possível pintar os pixels com essa cor",
              "timedOut": null,
              "duration": 4451,
              "state": "failed",
              "speed": null,
              "pass": false,
              "fail": true,
              "pending": false,
              "context": null,
              "code": "cy.get('.color').each(function (color) {\n  var backgroundColor = color.css('background-color');\n  cy.wrap(color).click();\n  cy.get('.pixel').each(function (pixel) {\n    cy.wrap(pixel).click().should('have.css', 'background-color', backgroundColor);\n  });\n});",
              "err": {
                "message": "CypressError: Timed out retrying: Expected to find element: '.color', but never found it.",
                "estack": "CypressError: Timed out retrying: Expected to find element: '.color', but never found it.\n    at cypressErr (http://localhost:41749/__cypress/runner/cypress_runner.js:149934:9)\n    at throwErr (http://localhost:41749/__cypress/runner/cypress_runner.js:149867:11)\n    at Object.throwErrByPath (http://localhost:41749/__cypress/runner/cypress_runner.js:149915:3)\n    at retry (http://localhost:41749/__cypress/runner/cypress_runner.js:144197:19)\n    at onFailFn (http://localhost:41749/__cypress/runner/cypress_runner.js:132448:16)\n    at tryCatcher (http://localhost:41749/__cypress/runner/cypress_runner.js:167415:23)\n    at Promise._settlePromiseFromHandler (http://localhost:41749/__cypress/runner/cypress_runner.js:165351:31)\n    at Promise._settlePromise (http://localhost:41749/__cypress/runner/cypress_runner.js:165408:18)\n    at Promise._settlePromise0 (http://localhost:41749/__cypress/runner/cypress_runner.js:165453:10)\n    at Promise._settlePromises (http://localhost:41749/__cypress/runner/cypress_runner.js:165528:18)\n    at Async../node_modules/bluebird/js/release/async.js.Async._drainQueue (http://localhost:41749/__cypress/runner/cypress_runner.js:162140:16)\n    at Async../node_modules/bluebird/js/release/async.js.Async._drainQueues (http://localhost:41749/__cypress/runner/cypress_runner.js:162150:10)\n    at Async.drainQueues (http://localhost:41749/__cypress/runner/cypress_runner.js:162024:14)",
                "diff": null
              },
              "uuid": "8bb5ed3d-2c94-46ae-a64d-8b302b7c70a8",
              "parentUUID": "a4d6cc46-036c-4c40-88f9-7bc1aee69b51",
              "isHook": false,
              "skipped": false
            },
            {
              "title": "Verifica se somente o pixel que foi clicado foi preenchido com a cor selecionada, sem influenciar na cor dos demais pixels.",
              "fullTitle": "8 - Clicar em um pixel dentro do quadro após selecionar uma cor na paleta, faz com que o pixel seja preenchido com a cor selecionada. Verifica se somente o pixel que foi clicado foi preenchido com a cor selecionada, sem influenciar na cor dos demais pixels.",
              "timedOut": null,
              "duration": 4772,
              "state": "failed",
              "speed": null,
              "pass": false,
              "fail": true,
              "pending": false,
              "context": null,
              "code": "var colorToPixelIndexMap = {\n  0: 6,\n  1: 8,\n  2: 16,\n  3: 18\n};\ncy.get('.color').each(function (color, index) {\n  cy.wrap(color).click();\n  var backgroundColor = color.css('background-color');\n  var clickedPixelIndex = colorToPixelIndexMap[index];\n  cy.get('.pixel').eq(clickedPixelIndex).click();\n  cy.get('.pixel').eq(clickedPixelIndex - 1).should('not.have.css', 'background-color', backgroundColor);\n  cy.get('.pixel').eq(clickedPixelIndex + 1).should('not.have.css', 'background-color', backgroundColor);\n  cy.get('.pixel').eq(clickedPixelIndex - 5).should('not.have.css', 'background-color', backgroundColor);\n  cy.get('.pixel').eq(clickedPixelIndex + 5).should('not.have.css', 'background-color', backgroundColor);\n  cy.get('.pixel').eq(clickedPixelIndex - 6).should('not.have.css', 'background-color', backgroundColor);\n  cy.get('.pixel').eq(clickedPixelIndex - 4).should('not.have.css', 'background-color', backgroundColor);\n  cy.get('.pixel').eq(clickedPixelIndex + 4).should('not.have.css', 'background-color', backgroundColor);\n  cy.get('.pixel').eq(clickedPixelIndex + 6).should('not.have.css', 'background-color', backgroundColor);\n});",
              "err": {
                "message": "CypressError: Timed out retrying: Expected to find element: '.color', but never found it.",
                "estack": "CypressError: Timed out retrying: Expected to find element: '.color', but never found it.\n    at cypressErr (http://localhost:41749/__cypress/runner/cypress_runner.js:149934:9)\n    at throwErr (http://localhost:41749/__cypress/runner/cypress_runner.js:149867:11)\n    at Object.throwErrByPath (http://localhost:41749/__cypress/runner/cypress_runner.js:149915:3)\n    at retry (http://localhost:41749/__cypress/runner/cypress_runner.js:144197:19)\n    at onFailFn (http://localhost:41749/__cypress/runner/cypress_runner.js:132448:16)\n    at tryCatcher (http://localhost:41749/__cypress/runner/cypress_runner.js:167415:23)\n    at Promise._settlePromiseFromHandler (http://localhost:41749/__cypress/runner/cypress_runner.js:165351:31)\n    at Promise._settlePromise (http://localhost:41749/__cypress/runner/cypress_runner.js:165408:18)\n    at Promise._settlePromise0 (http://localhost:41749/__cypress/runner/cypress_runner.js:165453:10)\n    at Promise._settlePromises (http://localhost:41749/__cypress/runner/cypress_runner.js:165528:18)\n    at Async../node_modules/bluebird/js/release/async.js.Async._drainQueue (http://localhost:41749/__cypress/runner/cypress_runner.js:162140:16)\n    at Async../node_modules/bluebird/js/release/async.js.Async._drainQueues (http://localhost:41749/__cypress/runner/cypress_runner.js:162150:10)\n    at Async.drainQueues (http://localhost:41749/__cypress/runner/cypress_runner.js:162024:14)",
                "diff": null
              },
              "uuid": "bd3f1de2-8ee6-46c7-aad9-196954c3575c",
              "parentUUID": "a4d6cc46-036c-4c40-88f9-7bc1aee69b51",
              "isHook": false,
              "skipped": false
            }
          ],
          "suites": [],
          "passes": [],
          "failures": [
            "6923867f-e5ac-4023-a0f8-1d4c1a5e23d1",
            "8bb5ed3d-2c94-46ae-a64d-8b302b7c70a8",
            "bd3f1de2-8ee6-46c7-aad9-196954c3575c"
          ],
          "pending": [],
          "skipped": [],
          "duration": 13666,
          "root": false,
          "rootEmpty": false,
          "_timeout": 2000
        },
        {
          "uuid": "8a480ab0-4a6a-4fd7-8fa8-521af9885dcc",
          "title": "9 - Crie um botão que, ao ser clicado, limpa o quadro preenchendo a cor de todos seus pixels com branco.",
          "fullFile": "",
          "file": "",
          "beforeHooks": [],
          "afterHooks": [],
          "tests": [
            {
              "title": "Verifica se o botão tem o `id` denominado `clear-board`",
              "fullTitle": "9 - Crie um botão que, ao ser clicado, limpa o quadro preenchendo a cor de todos seus pixels com branco. Verifica se o botão tem o `id` denominado `clear-board`",
              "timedOut": null,
              "duration": 4548,
              "state": "failed",
              "speed": null,
              "pass": false,
              "fail": true,
              "pending": false,
              "context": null,
              "code": "cy.get('#clear-board').should('be.visible');",
              "err": {
                "message": "CypressError: Timed out retrying: Expected to find element: '#clear-board', but never found it.",
                "estack": "CypressError: Timed out retrying: Expected to find element: '#clear-board', but never found it.\n    at cypressErr (http://localhost:41749/__cypress/runner/cypress_runner.js:149934:9)\n    at throwErr (http://localhost:41749/__cypress/runner/cypress_runner.js:149867:11)\n    at Object.throwErrByPath (http://localhost:41749/__cypress/runner/cypress_runner.js:149915:3)\n    at retry (http://localhost:41749/__cypress/runner/cypress_runner.js:144197:19)\n    at onFailFn (http://localhost:41749/__cypress/runner/cypress_runner.js:132448:16)\n    at tryCatcher (http://localhost:41749/__cypress/runner/cypress_runner.js:167415:23)\n    at Promise._settlePromiseFromHandler (http://localhost:41749/__cypress/runner/cypress_runner.js:165351:31)\n    at Promise._settlePromise (http://localhost:41749/__cypress/runner/cypress_runner.js:165408:18)\n    at Promise._settlePromise0 (http://localhost:41749/__cypress/runner/cypress_runner.js:165453:10)\n    at Promise._settlePromises (http://localhost:41749/__cypress/runner/cypress_runner.js:165528:18)\n    at Async../node_modules/bluebird/js/release/async.js.Async._drainQueue (http://localhost:41749/__cypress/runner/cypress_runner.js:162140:16)\n    at Async../node_modules/bluebird/js/release/async.js.Async._drainQueues (http://localhost:41749/__cypress/runner/cypress_runner.js:162150:10)\n    at Async.drainQueues (http://localhost:41749/__cypress/runner/cypress_runner.js:162024:14)",
                "diff": null
              },
              "uuid": "c807bea7-ab7e-404c-a938-39993725ee07",
              "parentUUID": "8a480ab0-4a6a-4fd7-8fa8-521af9885dcc",
              "isHook": false,
              "skipped": false
            },
            {
              "title": "Verifica se o botão está posicionado entre a paleta de cores e o quadro de pixels",
              "fullTitle": "9 - Crie um botão que, ao ser clicado, limpa o quadro preenchendo a cor de todos seus pixels com branco. Verifica se o botão está posicionado entre a paleta de cores e o quadro de pixels",
              "timedOut": null,
              "duration": 4483,
              "state": "failed",
              "speed": null,
              "pass": false,
              "fail": true,
              "pending": false,
              "context": null,
              "code": "cy.get('#color-palette').then(function (palette) {\n  cy.get('#clear-board').should('be.belowOf', palette);\n});\ncy.get('#clear-board').then(function (clearBtn) {\n  cy.get('#pixel-board').should('be.belowOf', clearBtn);\n});",
              "err": {
                "message": "CypressError: Timed out retrying: Expected to find element: '#color-palette', but never found it.",
                "estack": "CypressError: Timed out retrying: Expected to find element: '#color-palette', but never found it.\n    at cypressErr (http://localhost:41749/__cypress/runner/cypress_runner.js:149934:9)\n    at throwErr (http://localhost:41749/__cypress/runner/cypress_runner.js:149867:11)\n    at Object.throwErrByPath (http://localhost:41749/__cypress/runner/cypress_runner.js:149915:3)\n    at retry (http://localhost:41749/__cypress/runner/cypress_runner.js:144197:19)\n    at onFailFn (http://localhost:41749/__cypress/runner/cypress_runner.js:132448:16)\n    at tryCatcher (http://localhost:41749/__cypress/runner/cypress_runner.js:167415:23)\n    at Promise._settlePromiseFromHandler (http://localhost:41749/__cypress/runner/cypress_runner.js:165351:31)\n    at Promise._settlePromise (http://localhost:41749/__cypress/runner/cypress_runner.js:165408:18)\n    at Promise._settlePromise0 (http://localhost:41749/__cypress/runner/cypress_runner.js:165453:10)\n    at Promise._settlePromises (http://localhost:41749/__cypress/runner/cypress_runner.js:165528:18)\n    at Async../node_modules/bluebird/js/release/async.js.Async._drainQueue (http://localhost:41749/__cypress/runner/cypress_runner.js:162140:16)\n    at Async../node_modules/bluebird/js/release/async.js.Async._drainQueues (http://localhost:41749/__cypress/runner/cypress_runner.js:162150:10)\n    at Async.drainQueues (http://localhost:41749/__cypress/runner/cypress_runner.js:162024:14)",
                "diff": null
              },
              "uuid": "b41da8ed-ce8e-4711-8b6c-ef121bd103bb",
              "parentUUID": "8a480ab0-4a6a-4fd7-8fa8-521af9885dcc",
              "isHook": false,
              "skipped": false
            },
            {
              "title": "Verifica se o texto do botão é 'Limpar'",
              "fullTitle": "9 - Crie um botão que, ao ser clicado, limpa o quadro preenchendo a cor de todos seus pixels com branco. Verifica se o texto do botão é 'Limpar'",
              "timedOut": null,
              "duration": 4557,
              "state": "failed",
              "speed": null,
              "pass": false,
              "fail": true,
              "pending": false,
              "context": null,
              "code": "cy.get('#clear-board').should('contain.text', 'Limpar');",
              "err": {
                "message": "CypressError: Timed out retrying: Expected to find element: '#clear-board', but never found it.",
                "estack": "CypressError: Timed out retrying: Expected to find element: '#clear-board', but never found it.\n    at cypressErr (http://localhost:41749/__cypress/runner/cypress_runner.js:149934:9)\n    at throwErr (http://localhost:41749/__cypress/runner/cypress_runner.js:149867:11)\n    at Object.throwErrByPath (http://localhost:41749/__cypress/runner/cypress_runner.js:149915:3)\n    at retry (http://localhost:41749/__cypress/runner/cypress_runner.js:144197:19)\n    at onFailFn (http://localhost:41749/__cypress/runner/cypress_runner.js:132448:16)\n    at tryCatcher (http://localhost:41749/__cypress/runner/cypress_runner.js:167415:23)\n    at Promise._settlePromiseFromHandler (http://localhost:41749/__cypress/runner/cypress_runner.js:165351:31)\n    at Promise._settlePromise (http://localhost:41749/__cypress/runner/cypress_runner.js:165408:18)\n    at Promise._settlePromise0 (http://localhost:41749/__cypress/runner/cypress_runner.js:165453:10)\n    at Promise._settlePromises (http://localhost:41749/__cypress/runner/cypress_runner.js:165528:18)\n    at Async../node_modules/bluebird/js/release/async.js.Async._drainQueue (http://localhost:41749/__cypress/runner/cypress_runner.js:162140:16)\n    at Async../node_modules/bluebird/js/release/async.js.Async._drainQueues (http://localhost:41749/__cypress/runner/cypress_runner.js:162150:10)\n    at Async.drainQueues (http://localhost:41749/__cypress/runner/cypress_runner.js:162024:14)",
                "diff": null
              },
              "uuid": "7e64169b-af37-4bb0-accf-c75b798ab40a",
              "parentUUID": "8a480ab0-4a6a-4fd7-8fa8-521af9885dcc",
              "isHook": false,
              "skipped": false
            },
            {
              "title": "Verifica se ao clicar no botão, o quadro de pixels é totalmente preenchido de branco",
              "fullTitle": "9 - Crie um botão que, ao ser clicado, limpa o quadro preenchendo a cor de todos seus pixels com branco. Verifica se ao clicar no botão, o quadro de pixels é totalmente preenchido de branco",
              "timedOut": null,
              "duration": 4450,
              "state": "failed",
              "speed": null,
              "pass": false,
              "fail": true,
              "pending": false,
              "context": null,
              "code": "cy.get('.color').eq(1).then(function (color) {\n  var backgroundColor = color.css('background-color');\n  cy.wrap(color).click();\n  cy.get('.pixel').each(function (pixel) {\n    cy.wrap(pixel).click().should('have.css', 'background-color', backgroundColor);\n  });\n});\ncy.get('#clear-board').click();\ncy.get('.pixel').each(function (pixel) {\n  cy.wrap(pixel).should('have.css', 'background-color', WHITE);\n});",
              "err": {
                "message": "CypressError: Timed out retrying: Expected to find element: '.color', but never found it.",
                "estack": "CypressError: Timed out retrying: Expected to find element: '.color', but never found it.\n    at cypressErr (http://localhost:41749/__cypress/runner/cypress_runner.js:149934:9)\n    at throwErr (http://localhost:41749/__cypress/runner/cypress_runner.js:149867:11)\n    at Object.throwErrByPath (http://localhost:41749/__cypress/runner/cypress_runner.js:149915:3)\n    at retry (http://localhost:41749/__cypress/runner/cypress_runner.js:144197:19)\n    at onFailFn (http://localhost:41749/__cypress/runner/cypress_runner.js:132448:16)\n    at tryCatcher (http://localhost:41749/__cypress/runner/cypress_runner.js:167415:23)\n    at Promise._settlePromiseFromHandler (http://localhost:41749/__cypress/runner/cypress_runner.js:165351:31)\n    at Promise._settlePromise (http://localhost:41749/__cypress/runner/cypress_runner.js:165408:18)\n    at Promise._settlePromise0 (http://localhost:41749/__cypress/runner/cypress_runner.js:165453:10)\n    at Promise._settlePromises (http://localhost:41749/__cypress/runner/cypress_runner.js:165528:18)\n    at Async../node_modules/bluebird/js/release/async.js.Async._drainQueue (http://localhost:41749/__cypress/runner/cypress_runner.js:162140:16)\n    at Async../node_modules/bluebird/js/release/async.js.Async._drainQueues (http://localhost:41749/__cypress/runner/cypress_runner.js:162150:10)\n    at Async.drainQueues (http://localhost:41749/__cypress/runner/cypress_runner.js:162024:14)",
                "diff": null
              },
              "uuid": "4b9aba0b-813b-4bb8-b07e-5bcfeac494c0",
              "parentUUID": "8a480ab0-4a6a-4fd7-8fa8-521af9885dcc",
              "isHook": false,
              "skipped": false
            }
          ],
          "suites": [],
          "passes": [],
          "failures": [
            "c807bea7-ab7e-404c-a938-39993725ee07",
            "b41da8ed-ce8e-4711-8b6c-ef121bd103bb",
            "7e64169b-af37-4bb0-accf-c75b798ab40a",
            "4b9aba0b-813b-4bb8-b07e-5bcfeac494c0"
          ],
          "pending": [],
          "skipped": [],
          "duration": 18038,
          "root": false,
          "rootEmpty": false,
          "_timeout": 2000
        },
        {
          "uuid": "a95b7519-3b69-4c23-af4e-1270f9ff0737",
          "title": "10 - Faça o quadro de pixels ter seu tamanho definido pelo usuário.",
          "fullFile": "",
          "file": "",
          "beforeHooks": [],
          "afterHooks": [],
          "tests": [
            {
              "title": "Verifica se existe um input com o id `board-size`",
              "fullTitle": "10 - Faça o quadro de pixels ter seu tamanho definido pelo usuário. Verifica se existe um input com o id `board-size`",
              "timedOut": null,
              "duration": 4572,
              "state": "failed",
              "speed": null,
              "pass": false,
              "fail": true,
              "pending": false,
              "context": null,
              "code": "cy.get('#board-size').should('be.visible');",
              "err": {
                "message": "CypressError: Timed out retrying: Expected to find element: '#board-size', but never found it.",
[...]
                "diff": null
              },
              "uuid": "e10da3f4-2ef1-4e38-b442-334067d3f368",
              "parentUUID": "a95b7519-3b69-4c23-af4e-1270f9ff0737",
              "isHook": false,
              "skipped": false
            },
            {
              "title": "Verifica se o novo quadro tem todos os pixels preenchidos com a cor branca",
              "fullTitle": "10 - Faça o quadro de pixels ter seu tamanho definido pelo usuário. Verifica se o novo quadro tem todos os pixels preenchidos com a cor branca",
              "timedOut": null,
              "duration": 4704,
              "state": "failed",
              "speed": null,
              "pass": false,
              "fail": true,
              "pending": false,
              "context": null,
              "code": "cy.get('#board-size').clear().type(6);\ncy.get('#generate-board').click();\ncy.get('.pixel').should('have.length', 36).each(function (pixel) {\n  expect(pixel).to.have.css('background-color', WHITE);\n});",
              "err": {
                "message": "CypressError: Timed out retrying: Expected to find element: '#board-size', but never found it.",
                "estack": "CypressError: Timed out retrying: Expected to find element: '#board-size', but never found it.\n    at cypressErr (http://localhost:41749/__cypress/runner/cypress_runner.js:149934:9)\n    at throwErr (http://localhost:41749/__cypress/runner/cypress_runner.js:149867:11)\n    at Object.throwErrByPath (http://localhost:41749/__cypress/runner/cypress_runner.js:149915:3)\n    at retry (http://localhost:41749/__cypress/runner/cypress_runner.js:144197:19)\n    at onFailFn (http://localhost:41749/__cypress/runner/cypress_runner.js:132448:16)\n    at tryCatcher (http://localhost:41749/__cypress/runner/cypress_runner.js:167415:23)\n    at Promise._settlePromiseFromHandler (http://localhost:41749/__cypress/runner/cypress_runner.js:165351:31)\n    at Promise._settlePromise (http://localhost:41749/__cypress/runner/cypress_runner.js:165408:18)\n    at Promise._settlePromise0 (http://localhost:41749/__cypress/runner/cypress_runner.js:165453:10)\n    at Promise._settlePromises (http://localhost:41749/__cypress/runner/cypress_runner.js:165528:18)\n    at Async../node_modules/bluebird/js/release/async.js.Async._drainQueue (http://localhost:41749/__cypress/runner/cypress_runner.js:162140:16)\n    at Async../node_modules/bluebird/js/release/async.js.Async._drainQueues (http://localhost:41749/__cypress/runner/cypress_runner.js:162150:10)\n    at Async.drainQueues (http://localhost:41749/__cypress/runner/cypress_runner.js:162024:14)",
                "diff": null
              },
              "uuid": "e410e5cf-e81f-4d48-8eb3-1d1d4ca298f9",
              "parentUUID": "a95b7519-3b69-4c23-af4e-1270f9ff0737",
              "isHook": false,
              "skipped": false
            }
          ],
          "suites": [],
          "passes": [],
          "failures": [
            "ae50d295-fe22-418f-a8ff-af19127e6243",
            "f5f1f133-9c53-4c69-ad4b-e4ab37fdde6b",
            "31feda0c-adaf-4979-970f-623c9807359a",
            "e0768e79-8feb-4e0c-9317-554a18638834",
            "adb3df47-9b85-4084-8439-3eea73e59e0f",
            "db931241-62fe-4837-bbc8-a8c2c93233bb",
            "1cf546d3-4491-4a13-a7c4-386cd6862d71",
            "e10da3f4-2ef1-4e38-b442-334067d3f368",
            "e410e5cf-e81f-4d48-8eb3-1d1d4ca298f9"
          ],
          "pending": [],
          "skipped": [],
          "duration": 41136,
          "root": false,
          "rootEmpty": false,
          "_timeout": 2000
        },
        {
          "uuid": "b40c402d-2ef4-42ec-90a8-d6cb9cbfa3cb",
          "title": "11 - Limite o tamanho mínimo e máximo do board.",
          "fullFile": "",
          "file": "",
          "beforeHooks": [],
          "afterHooks": [],
          "tests": [
            {
              "title": "Verifica se a altura máxima do board é 50",
              "fullTitle": "11 - Limite o tamanho mínimo e máximo do board. Verifica se a altura máxima do board é 50",
              "timedOut": null,
              "duration": 4609,
              "state": "failed",
              "speed": null,
              "pass": false,
              "fail": true,
              "pending": false,
              "context": null,
              "code": "cy.get('#board-size').clear().type(50);\ncy.get('#generate-board').click();\ncy.get('.pixel').should('have.length', 2500);",
              "err": {
                "message": "CypressError: Timed out retrying: Expected to find element: '#board-size', but never found it.",
                "estack": "CypressError: Timed out retrying: Expected to find element: '#board-size', but never found it.\n    at cypressErr (http://localhost:41749/__cypress/runner/cypress_runner.js:149934:9)\n    at throwErr (http://localhost:41749/__cypress/runner/cypress_runner.js:149867:11)\n    at Object.throwErrByPath (http://localhost:41749/__cypress/runner/cypress_runner.js:149915:3)\n    at retry (http://localhost:41749/__cypress/runner/cypress_runner.js:144197:19)\n    at onFailFn (http://localhost:41749/__cypress/runner/cypress_runner.js:132448:16)\n    at tryCatcher (http://localhost:41749/__cypress/runner/cypress_runner.js:167415:23)\n    at Promise._settlePromiseFromHandler (http://localhost:41749/__cypress/runner/cypress_runner.js:165351:31)\n    at Promise._settlePromise (http://localhost:41749/__cypress/runner/cypress_runner.js:165408:18)\n    at Promise._settlePromise0 (http://localhost:41749/__cypress/runner/cypress_runner.js:165453:10)\n    at Promise._settlePromises (http://localhost:41749/__cypress/runner/cypress_runner.js:165528:18)\n    at Async../node_modules/bluebird/js/release/async.js.Async._drainQueue (http://localhost:41749/__cypress/runner/cypress_runner.js:162140:16)\n    at Async../node_modules/bluebird/js/release/async.js.Async._drainQueues (http://localhost:41749/__cypress/runner/cypress_runner.js:162150:10)\n    at Async.drainQueues (http://localhost:41749/__cypress/runner/cypress_runner.js:162024:14)",
                "diff": null
              },
              "uuid": "edb52e5d-aedd-44e1-bd4e-64c5d214cd7c",
              "parentUUID": "b40c402d-2ef4-42ec-90a8-d6cb9cbfa3cb",
              "isHook": false,
              "skipped": false
            },
            {
              "title": "Verifica se a altura do board é 5 quando um valor menor é colocado no input",
              "fullTitle": "11 - Limite o tamanho mínimo e máximo do board. Verifica se a altura do board é 5 quando um valor menor é colocado no input",
              "timedOut": null,
              "duration": 4613,
              "state": "failed",
              "speed": null,
              "pass": false,
              "fail": true,
              "pending": false,
              "context": null,
              "code": "cy.get('#board-size').clear().type(4);\ncy.get('#generate-board').click();\ncy.get('.pixel').should('have.length', 25);",
              "err": {
                "message": "CypressError: Timed out retrying: Expected to find element: '#board-size', but never found it.",
                "estack": "CypressError: Timed out retrying: Expected to find element: '#board-size', but never found it.\n    at cypressErr (http://localhost:41749/__cypress/runner/cypress_runner.js:149934:9)\n    at throwErr (http://localhost:41749/__cypress/runner/cypress_runner.js:149867:11)\n    at Object.throwErrByPath (http://localhost:41749/__cypress/runner/cypress_runner.js:149915:3)\n    at retry (http://localhost:41749/__cypress/runner/cypress_runner.js:144197:19)\n    at onFailFn (http://localhost:41749/__cypress/runner/cypress_runner.js:132448:16)\n    at tryCatcher (http://localhost:41749/__cypress/runner/cypress_runner.js:167415:23)\n    at Promise._settlePromiseFromHandler (http://localhost:41749/__cypress/runner/cypress_runner.js:165351:31)\n    at Promise._settlePromise (http://localhost:41749/__cypress/runner/cypress_runner.js:165408:18)\n    at Promise._settlePromise0 (http://localhost:41749/__cypress/runner/cypress_runner.js:165453:10)\n    at Promise._settlePromises (http://localhost:41749/__cypress/runner/cypress_runner.js:165528:18)\n    at Async../node_modules/bluebird/js/release/async.js.Async._drainQueue (http://localhost:41749/__cypress/runner/cypress_runner.js:162140:16)\n    at Async../node_modules/bluebird/js/release/async.js.Async._drainQueues (http://localhost:41749/__cypress/runner/cypress_runner.js:162150:10)\n    at Async.drainQueues (http://localhost:41749/__cypress/runner/cypress_runner.js:162024:14)",
                "diff": null
              },
              "uuid": "c9f2c70b-1de8-4b9f-9539-88952c7c523c",
              "parentUUID": "b40c402d-2ef4-42ec-90a8-d6cb9cbfa3cb",
              "isHook": false,
              "skipped": false
            },
            {
              "title": "Verifica se a altura do board é 50 quando um valor maior é colocado no input",
              "fullTitle": "11 - Limite o tamanho mínimo e máximo do board. Verifica se a altura do board é 50 quando um valor maior é colocado no input",
              "timedOut": null,
              "duration": 4722,
              "state": "failed",
              "speed": null,
              "pass": false,
              "fail": true,
              "pending": false,
              "context": null,
              "code": "cy.get('#board-size').clear().type(51);\ncy.get('#generate-board').click();\ncy.get('.pixel').should('have.length', 2500);",
              "err": {
                "message": "CypressError: Timed out retrying: Expected to find element: '#board-size', but never found it.",
                "estack": "CypressError: Timed out retrying: Expected to find element: '#board-size', but never found it.\n    at cypressErr (http://localhost:41749/__cypress/runner/cypress_runner.js:149934:9)\n    at throwErr (http://localhost:41749/__cypress/runner/cypress_runner.js:149867:11)\n    at Object.throwErrByPath (http://localhost:41749/__cypress/runner/cypress_runner.js:149915:3)\n    at retry (http://localhost:41749/__cypress/runner/cypress_runner.js:144197:19)\n    at onFailFn (http://localhost:41749/__cypress/runner/cypress_runner.js:132448:16)\n    at tryCatcher (http://localhost:41749/__cypress/runner/cypress_runner.js:167415:23)\n    at Promise._settlePromiseFromHandler (http://localhost:41749/__cypress/runner/cypress_runner.js:165351:31)\n    at Promise._settlePromise (http://localhost:41749/__cypress/runner/cypress_runner.js:165408:18)\n    at Promise._settlePromise0 (http://localhost:41749/__cypress/runner/cypress_runner.js:165453:10)\n    at Promise._settlePromises (http://localhost:41749/__cypress/runner/cypress_runner.js:165528:18)\n    at Async../node_modules/bluebird/js/release/async.js.Async._drainQueue (http://localhost:41749/__cypress/runner/cypress_runner.js:162140:16)\n    at Async../node_modules/bluebird/js/release/async.js.Async._drainQueues (http://localhost:41749/__cypress/runner/cypress_runner.js:162150:10)\n    at Async.drainQueues (http://localhost:41749/__cypress/runner/cypress_runner.js:162024:14)",
                "diff": null
              },
              "uuid": "fa75cf8d-4d2b-43d0-8550-32f8bc2dd09e",
              "parentUUID": "b40c402d-2ef4-42ec-90a8-d6cb9cbfa3cb",
              "isHook": false,
              "skipped": false
            }
          ],
          "suites": [],
          "passes": [],
          "failures": [
            "edb52e5d-aedd-44e1-bd4e-64c5d214cd7c",
            "c9f2c70b-1de8-4b9f-9539-88952c7c523c",
            "fa75cf8d-4d2b-43d0-8550-32f8bc2dd09e"
          ],
          "pending": [],
          "skipped": [],
          "duration": 13944,
          "root": false,
          "rootEmpty": false,
          "_timeout": 2000
        },
        {
          "uuid": "0b146c53-ef31-4cd3-bdbb-7aa12c74e8c4",
          "title": "12 - Faça com que as cores da paleta sejam geradas aleatoriamente ao carregar a página.",
          "fullFile": "",
          "file": "",
          "beforeHooks": [],
          "afterHooks": [],
          "tests": [
            {
              "title": "Verifica se as cores geradas na paleta são diferentes a cada carregamento da página",
              "fullTitle": "12 - Faça com que as cores da paleta sejam geradas aleatoriamente ao carregar a página. Verifica se as cores geradas na paleta são diferentes a cada carregamento da página",
              "timedOut": null,
              "duration": 4567,
              "state": "failed",
              "speed": null,
              "pass": false,
              "fail": true,
              "pending": false,
              "context": null,
              "code": "cy.get('.color').then(function (colors) {\n  var currentColors;\n  var previousColors;\n  previousColors = Array.from(colors).map(function (color) {\n    return Cypress.$(color).css('background-color');\n  });\n  for (var i = 0; i < 5; i += 1) {\n    cy.reload();\n    cy.get('.color').then(function (colors) {\n      currentColors = Array.from(colors).map(function (color) {\n        return Cypress.$(color).css('background-color');\n      });\n      expect(currentColors).not.to.deep.equal(previousColors);\n      previousColors = currentColors;\n    });\n  }\n});",
              "err": {
                "message": "CypressError: Timed out retrying: Expected to find element: '.color', but never found it.",
                "estack": "CypressError: Timed out retrying: Expected to find element: '.color', but never found it.\n    at cypressErr (http://localhost:41749/__cypress/runner/cypress_runner.js:149934:9)\n    at throwErr (http://localhost:41749/__cypress/runner/cypress_runner.js:149867:11)\n    at Object.throwErrByPath (http://localhost:41749/__cypress/runner/cypress_runner.js:149915:3)\n    at retry (http://localhost:41749/__cypress/runner/cypress_runner.js:144197:19)\n    at onFailFn (http://localhost:41749/__cypress/runner/cypress_runner.js:132448:16)\n    at tryCatcher (http://localhost:41749/__cypress/runner/cypress_runner.js:167415:23)\n    at Promise._settlePromiseFromHandler (http://localhost:41749/__cypress/runner/cypress_runner.js:165351:31)\n    at Promise._settlePromise (http://localhost:41749/__cypress/runner/cypress_runner.js:165408:18)\n    at Promise._settlePromise0 (http://localhost:41749/__cypress/runner/cypress_runner.js:165453:10)\n    at Promise._settlePromises (http://localhost:41749/__cypress/runner/cypress_runner.js:165528:18)\n    at Async../node_modules/bluebird/js/release/async.js.Async._drainQueue (http://localhost:41749/__cypress/runner/cypress_runner.js:162140:16)\n    at Async../node_modules/bluebird/js/release/async.js.Async._drainQueues (http://localhost:41749/__cypress/runner/cypress_runner.js:162150:10)\n    at Async.drainQueues (http://localhost:41749/__cypress/runner/cypress_runner.js:162024:14)",
                "diff": null
              },
              "uuid": "0cd6d62e-9bf2-4fbf-927e-387b5c101254",
              "parentUUID": "0b146c53-ef31-4cd3-bdbb-7aa12c74e8c4",
              "isHook": false,
              "skipped": false
            },
            {
              "title": "Verifica se a cor preta ainda está presente e é a primeira na sua paleta de cores",
              "fullTitle": "12 - Faça com que as cores da paleta sejam geradas aleatoriamente ao carregar a página. Verifica se a cor preta ainda está presente e é a primeira na sua paleta de cores",
              "timedOut": null,
              "duration": 4566,
              "state": "failed",
              "speed": null,
              "pass": false,
              "fail": true,
              "pending": false,
              "context": null,
              "code": "cy.get('.color').then(function (colors) {\n  var currentColors;\n  var previousColors;\n  previousColors = Array.from(colors).map(function (color) {\n    return Cypress.$(color).css('background-color');\n  });\n  expect(previousColors[0]).to.eq(BLACK);\n  for (var i = 0; i < 5; i += 1) {\n    cy.reload();\n    cy.get('.color').then(function (colors) {\n      currentColors = Array.from(colors).map(function (color) {\n        return Cypress.$(color).css('background-color');\n      });\n      expect(currentColors[0]).to.eq(BLACK);\n      expect(currentColors).not.to.deep.equal(previousColors);\n      previousColors = currentColors;\n    });\n  }\n});",
              "err": {
                "message": "CypressError: Timed out retrying: Expected to find element: '.color', but never found it.",
                "estack": "CypressError: Timed out retrying: Expected to find element: '.color', but never found it.\n    at cypressErr (http://localhost:41749/__cypress/runner/cypress_runner.js:149934:9)\n    at throwErr (http://localhost:41749/__cypress/runner/cypress_runner.js:149867:11)\n    at Object.throwErrByPath (http://localhost:41749/__cypress/runner/cypress_runner.js:149915:3)\n    at retry (http://localhost:41749/__cypress/runner/cypress_runner.js:144197:19)\n    at onFailFn (http://localhost:41749/__cypress/runner/cypress_runner.js:132448:16)\n    at tryCatcher (http://localhost:41749/__cypress/runner/cypress_runner.js:167415:23)\n    at Promise._settlePromiseFromHandler (http://localhost:41749/__cypress/runner/cypress_runner.js:165351:31)\n    at Promise._settlePromise (http://localhost:41749/__cypress/runner/cypress_runner.js:165408:18)\n    at Promise._settlePromise0 (http://localhost:41749/__cypress/runner/cypress_runner.js:165453:10)\n    at Promise._settlePromises (http://localhost:41749/__cypress/runner/cypress_runner.js:165528:18)\n    at Async../node_modules/bluebird/js/release/async.js.Async._drainQueue (http://localhost:41749/__cypress/runner/cypress_runner.js:162140:16)\n    at Async../node_modules/bluebird/js/release/async.js.Async._drainQueues (http://localhost:41749/__cypress/runner/cypress_runner.js:162150:10)\n    at Async.drainQueues (http://localhost:41749/__cypress/runner/cypress_runner.js:162024:14)",
                "diff": null
              },
              "uuid": "78be2cdc-b0dd-4879-a878-5549514235e7",
              "parentUUID": "0b146c53-ef31-4cd3-bdbb-7aa12c74e8c4",
              "isHook": false,
              "skipped": false
            }
          ],
          "suites": [],
          "passes": [],
          "failures": [
            "0cd6d62e-9bf2-4fbf-927e-387b5c101254",
            "78be2cdc-b0dd-4879-a878-5549514235e7"
          ],
          "pending": [],
          "skipped": [],
          "duration": 9133,
          "root": false,
          "rootEmpty": false,
          "_timeout": 2000
        }
      ],
      "passes": [],
      "failures": [],
      "pending": [],
      "skipped": [],
      "duration": 0,
      "root": true,
      "rootEmpty": true,
      "_timeout": 2000
    }
  ],
  "meta": {
    "mocha": {
      "version": "7.0.1"
    },
    "mochawesome": {
      "options": {
        "quiet": false,
        "reportFilename": "mochawesome",
        "saveHtml": false,
        "saveJson": true,
        "consoleReporter": "spec",
        "useInlineDiffs": false
      },
      "version": "4.1.0"
    },
    "marge": {
      "options": {
        "id": "default",
        "reportDir": "cypress/reports",
        "overwrite": true,
        "html": false,
        "json": true
      },
      "version": "4.1.0"
    }
  }
}