{
  "stats": {
    "suites": 12,
    "tests": 41,
    "passes": 25,
    "pending": 0,
    "failures": 16,
    "start": "2021-08-18T14:24:40.104Z",
    "end": "2021-08-18T14:26:57.925Z",
    "duration": 137821,
    "testsRegistered": 41,
    "passPercent": 60.97560975609756,
    "pendingPercent": 0,
    "other": 0,
    "hasOther": false,
    "skipped": 0,
    "hasSkipped": false
  },
  "results": [
    {
      "uuid": "25e45a2a-a638-49f1-b66b-ca19e85cedc4",
      "title": "",
      "fullFile": "cypress/integration/project.spec.js",
      "file": "cypress/integration/project.spec.js",
      "beforeHooks": [],
      "afterHooks": [],
      "tests": [],
      "suites": [
        {
          "uuid": "b42057de-335d-4b96-8b6e-063b4d14dc31",
          "title": "1 - Adicione à página o título \"Paleta de Cores\".",
          "fullFile": "",
          "file": "",
          "beforeHooks": [],
          "afterHooks": [],
          "tests": [
            {
              "title": "Verifica se contém um elemento `h1` com o id `title` com o título correto",
              "fullTitle": "1 - Adicione à página o título \"Paleta de Cores\". Verifica se contém um elemento `h1` com o id `title` com o título correto",
              "timedOut": null,
              "duration": 1035,
              "state": "passed",
              "speed": "slow",
              "pass": true,
              "fail": false,
              "pending": false,
              "context": null,
              "code": "cy.get('h1#title').should('contain.text', 'Paleta de Cores');",
              "err": {},
              "uuid": "923320c9-46b3-4108-bf07-57b214305c8d",
              "parentUUID": "b42057de-335d-4b96-8b6e-063b4d14dc31",
              "isHook": false,
              "skipped": false
            }
          ],
          "suites": [],
          "passes": [
            "923320c9-46b3-4108-bf07-57b214305c8d"
          ],
          "failures": [],
          "pending": [],
          "skipped": [],
          "duration": 1035,
          "root": false,
          "rootEmpty": false,
          "_timeout": 2000
        },
        {
          "uuid": "c89ca520-d383-43ec-957c-4358b93c1e38",
          "title": "2 - Adicione à página uma paleta de quatro cores distintas.",
          "fullFile": "",
          "file": "",
          "beforeHooks": [],
          "afterHooks": [],
          "tests": [
            {
              "title": "A paleta de cores deve ser um elemento com `id` denominado `color-palette`",
              "fullTitle": "2 - Adicione à página uma paleta de quatro cores distintas. A paleta de cores deve ser um elemento com `id` denominado `color-palette`",
              "timedOut": null,
              "duration": 1054,
              "state": "passed",
              "speed": "slow",
              "pass": true,
              "fail": false,
              "pending": false,
              "context": null,
              "code": "cy.get('#color-palette').should('be.visible');",
              "err": {},
              "uuid": "38213d11-82c6-4f02-94cd-6beb68fd042f",
              "parentUUID": "c89ca520-d383-43ec-957c-4358b93c1e38",
              "isHook": false,
              "skipped": false
            },
            {
              "title": "Verifica se cada cor individual da paleta de cores possui a `classe` chamada `color`.",
              "fullTitle": "2 - Adicione à página uma paleta de quatro cores distintas. Verifica se cada cor individual da paleta de cores possui a `classe` chamada `color`.",
              "timedOut": null,
              "duration": 854,
              "state": "passed",
              "speed": "slow",
              "pass": true,
              "fail": false,
              "pending": false,
              "context": null,
              "code": "cy.get('.color').should('have.length', 4).then(function (colors) {\n  for (var i = 0; i < colors.length; i++) {\n    cy.wrap(colors[i]).should('be.visible');\n  }\n});",
              "err": {},
              "uuid": "f36271f4-63a8-47ec-9260-488c0b86ec93",
              "parentUUID": "c89ca520-d383-43ec-957c-4358b93c1e38",
              "isHook": false,
              "skipped": false
            },
            {
              "title": "Verifica se a cor de fundo de cada elemento da paleta é a cor que o elemento representa. **A única cor não permitida na paleta é a cor branca.**",
              "fullTitle": "2 - Adicione à página uma paleta de quatro cores distintas. Verifica se a cor de fundo de cada elemento da paleta é a cor que o elemento representa. **A única cor não permitida na paleta é a cor branca.**",
              "timedOut": null,
              "duration": 759,
              "state": "passed",
              "speed": "slow",
              "pass": true,
              "fail": false,
              "pending": false,
              "context": null,
              "code": "cy.get('.color').each(function (color) {\n  cy.wrap(color).should('have.class', 'color').and('not.have.css', 'background-color', WHITE);\n  cy.wrap(color).should('have.css', 'background-color');\n});",
              "err": {},
              "uuid": "ede06ea6-ecaf-494a-ac59-72b29345c4aa",
              "parentUUID": "c89ca520-d383-43ec-957c-4358b93c1e38",
              "isHook": false,
              "skipped": false
            },
            {
              "title": "Verifica se cada elemento da paleta de cores tem uma borda preta, sólida e com 1 pixel de largura;",
              "fullTitle": "2 - Adicione à página uma paleta de quatro cores distintas. Verifica se cada elemento da paleta de cores tem uma borda preta, sólida e com 1 pixel de largura;",
              "timedOut": null,
              "duration": 546,
              "state": "passed",
              "speed": "slow",
              "pass": true,
              "fail": false,
              "pending": false,
              "context": null,
              "code": "cy.get('.color').each(function (color) {\n  cy.wrap(color).and('have.css', 'border', \"1px solid \".concat(BLACK)).and('have.class', 'color');\n});",
              "err": {},
              "uuid": "e8ee32ae-26bb-426c-b133-aad59741eb59",
              "parentUUID": "c89ca520-d383-43ec-957c-4358b93c1e38",
              "isHook": false,
              "skipped": false
            },
            {
              "title": "Verifica se a paleta lista todas as cores disponíveis para utilização, lado a lado.",
              "fullTitle": "2 - Adicione à página uma paleta de quatro cores distintas. Verifica se a paleta lista todas as cores disponíveis para utilização, lado a lado.",
              "timedOut": null,
              "duration": 599,
              "state": "passed",
              "speed": "slow",
              "pass": true,
              "fail": false,
              "pending": false,
              "context": null,
              "code": "cy.get('.color').then(function (colors) {\n  for (var index = 1; index < colors.length; index += 1) {\n    var currentColor = colors[index];\n    var previousColor = colors[index - 1];\n    cy.wrap(currentColor).should('be.onTheRightOf', previousColor).and('be.horizontallyAlignedWith', previousColor);\n  }\n});",
              "err": {},
              "uuid": "7a52affc-8737-4475-9b13-87a4821c1ec7",
              "parentUUID": "c89ca520-d383-43ec-957c-4358b93c1e38",
              "isHook": false,
              "skipped": false
            },
            {
              "title": "Verifica se a paleta de cores está posicionada abaixo do título 'Paleta de Cores'",
              "fullTitle": "2 - Adicione à página uma paleta de quatro cores distintas. Verifica se a paleta de cores está posicionada abaixo do título 'Paleta de Cores'",
              "timedOut": null,
              "duration": 539,
              "state": "passed",
              "speed": "slow",
              "pass": true,
              "fail": false,
              "pending": false,
              "context": null,
              "code": "cy.get('h1#title').then(function (title) {\n  cy.get('#color-palette').should('be.belowOf', title);\n});",
              "err": {},
              "uuid": "d2d91506-08e6-4013-8e87-c56042398d63",
              "parentUUID": "c89ca520-d383-43ec-957c-4358b93c1e38",
              "isHook": false,
              "skipped": false
            },
            {
              "title": "Verifica se a paleta de cores não contém cores repetidas.",
              "fullTitle": "2 - Adicione à página uma paleta de quatro cores distintas. Verifica se a paleta de cores não contém cores repetidas.",
              "timedOut": null,
              "duration": 679,
              "state": "passed",
              "speed": "slow",
              "pass": true,
              "fail": false,
              "pending": false,
              "context": null,
              "code": "cy.get('.color').then(function (colors) {\n  var allColors = Array.from(colors).map(function (color) {\n    return Cypress.$(color).css('background-color');\n  });\n  cy.log(allColors);\n  var uniqColors = (0, _toConsumableArray2[\"default\"])(new Set(allColors));\n  cy.log(uniqColors);\n  expect(allColors.length).to.eq(uniqColors.length);\n});",
              "err": {},
              "uuid": "535faf0e-d235-4641-b634-0fd5fa89ba6d",
              "parentUUID": "c89ca520-d383-43ec-957c-4358b93c1e38",
              "isHook": false,
              "skipped": false
            }
          ],
          "suites": [],
          "passes": [
            "38213d11-82c6-4f02-94cd-6beb68fd042f",
            "f36271f4-63a8-47ec-9260-488c0b86ec93",
            "ede06ea6-ecaf-494a-ac59-72b29345c4aa",
            "e8ee32ae-26bb-426c-b133-aad59741eb59",
            "7a52affc-8737-4475-9b13-87a4821c1ec7",
            "d2d91506-08e6-4013-8e87-c56042398d63",
            "535faf0e-d235-4641-b634-0fd5fa89ba6d"
          ],
          "failures": [],
          "pending": [],
          "skipped": [],
          "duration": 5030,
          "root": false,
          "rootEmpty": false,
          "_timeout": 2000
        },
        {
          "uuid": "3766f7fe-d600-4d85-af37-fcf30e9f9dcb",
          "title": "3 - Adicione a cor **preta** como a primeira cor da paleta de cores.",
          "fullFile": "",
          "file": "",
          "beforeHooks": [],
          "afterHooks": [],
          "tests": [
            {
              "title": "Verifica se a primeira cor da paleta é preta",
              "fullTitle": "3 - Adicione a cor **preta** como a primeira cor da paleta de cores. Verifica se a primeira cor da paleta é preta",
              "timedOut": null,
              "duration": 705,
              "state": "passed",
              "speed": "slow",
              "pass": true,
              "fail": false,
              "pending": false,
              "context": null,
              "code": "cy.get('.color').first().should('have.css', 'background-color', BLACK);",
              "err": {},
              "uuid": "f7af57d0-a77b-49cc-ad60-ea963c7c64b1",
              "parentUUID": "3766f7fe-d600-4d85-af37-fcf30e9f9dcb",
              "isHook": false,
              "skipped": false
            },
            {
              "title": "Verifica se as demais cores podem ser escolhidas livremente.",
              "fullTitle": "3 - Adicione a cor **preta** como a primeira cor da paleta de cores. Verifica se as demais cores podem ser escolhidas livremente.",
              "timedOut": null,
              "duration": 849,
              "state": "passed",
              "speed": "slow",
              "pass": true,
              "fail": false,
              "pending": false,
              "context": null,
              "code": "cy.get('.color').eq(1).should('not.have.css', 'background-color', BLACK);\ncy.get('.color').eq(1).should('not.have.css', 'background-color', WHITE);\ncy.get('.color').eq(1).should('not.have.css', 'background-color', 'rgba(0, 0, 0, 0)');\ncy.get('.color').eq(1).should('have.css', 'background-color');\ncy.get('.color').eq(2).should('not.have.css', 'background-color', BLACK);\ncy.get('.color').eq(2).should('not.have.css', 'background-color', WHITE);\ncy.get('.color').eq(2).should('not.have.css', 'background-color', 'rgba(0, 0, 0, 0)');\ncy.get('.color').eq(2).should('have.css', 'background-color');\ncy.get('.color').eq(3).should('not.have.css', 'background-color', BLACK);\ncy.get('.color').eq(3).should('not.have.css', 'background-color', WHITE);\ncy.get('.color').eq(3).should('not.have.css', 'background-color', 'rgba(0, 0, 0, 0)');\ncy.get('.color').eq(3).should('have.css', 'background-color');",
              "err": {},
              "uuid": "0b7e25da-6af5-40ab-8db0-7b67c6006748",
              "parentUUID": "3766f7fe-d600-4d85-af37-fcf30e9f9dcb",
              "isHook": false,
              "skipped": false
            }
          ],
          "suites": [],
          "passes": [
            "f7af57d0-a77b-49cc-ad60-ea963c7c64b1",
            "0b7e25da-6af5-40ab-8db0-7b67c6006748"
          ],
          "failures": [],
          "pending": [],
          "skipped": [],
          "duration": 1554,
          "root": false,
          "rootEmpty": false,
          "_timeout": 2000
        },
        {
          "uuid": "8a51627e-3bb9-459a-a6be-45a32f66f0e8",
          "title": "4 - Adicione à página um quadro de pixels, com 25 pixels.",
          "fullFile": "",
          "file": "",
          "beforeHooks": [],
          "afterHooks": [],
          "tests": [
            {
              "title": "Verifica se o quadro de pixels possui o `id` denominado `pixel-board`",
              "fullTitle": "4 - Adicione à página um quadro de pixels, com 25 pixels. Verifica se o quadro de pixels possui o `id` denominado `pixel-board`",
              "timedOut": null,
              "duration": 533,
              "state": "passed",
              "speed": "slow",
              "pass": true,
              "fail": false,
              "pending": false,
              "context": null,
              "code": "cy.get('#pixel-board').should('be.visible');",
              "err": {},
              "uuid": "7ac12190-ae0b-4b89-a367-8d6aafb070fd",
              "parentUUID": "8a51627e-3bb9-459a-a6be-45a32f66f0e8",
              "isHook": false,
              "skipped": false
            },
            {
              "title": "Verifica se cada pixel individual dentro do quadro possui a `classe` denominada `pixel`.",
              "fullTitle": "4 - Adicione à página um quadro de pixels, com 25 pixels. Verifica se cada pixel individual dentro do quadro possui a `classe` denominada `pixel`.",
              "timedOut": null,
              "duration": 803,
              "state": "passed",
              "speed": "slow",
              "pass": true,
              "fail": false,
              "pending": false,
              "context": null,
              "code": "cy.get('.pixel').should('have.length', 25);",
              "err": {},
              "uuid": "8a1de7c0-3571-4962-b87f-6cbd7dbe978c",
              "parentUUID": "8a51627e-3bb9-459a-a6be-45a32f66f0e8",
              "isHook": false,
              "skipped": false
            },
            {
              "title": "Verifica se a cor inicial dos pixels dentro do quadro, ao abrir a página, é branca.",
              "fullTitle": "4 - Adicione à página um quadro de pixels, com 25 pixels. Verifica se a cor inicial dos pixels dentro do quadro, ao abrir a página, é branca.",
              "timedOut": null,
              "duration": 852,
              "state": "passed",
              "speed": "slow",
              "pass": true,
              "fail": false,
              "pending": false,
              "context": null,
              "code": "cy.get('.pixel').should('have.length', 25).each(function (pixel) {\n  expect(pixel).to.have.css('background-color', WHITE);\n});",
              "err": {},
              "uuid": "142d16bb-4267-40a8-bd54-3ac969b565c5",
              "parentUUID": "8a51627e-3bb9-459a-a6be-45a32f66f0e8",
              "isHook": false,
              "skipped": false
            },
            {
              "title": "Verifica se o quadro de pixels aparece abaixo da paleta de cores",
              "fullTitle": "4 - Adicione à página um quadro de pixels, com 25 pixels. Verifica se o quadro de pixels aparece abaixo da paleta de cores",
              "timedOut": null,
              "duration": 570,
              "state": "passed",
              "speed": "slow",
              "pass": true,
              "fail": false,
              "pending": false,
              "context": null,
              "code": "cy.get('#color-palette').then(function (palette) {\n  cy.get('#pixel-board').should('be.belowOf', palette);\n});",
              "err": {},
              "uuid": "87f972e5-e55e-426b-b334-5625cf499208",
              "parentUUID": "8a51627e-3bb9-459a-a6be-45a32f66f0e8",
              "isHook": false,
              "skipped": false
            }
          ],
          "suites": [],
          "passes": [
            "7ac12190-ae0b-4b89-a367-8d6aafb070fd",
            "8a1de7c0-3571-4962-b87f-6cbd7dbe978c",
            "142d16bb-4267-40a8-bd54-3ac969b565c5",
            "87f972e5-e55e-426b-b334-5625cf499208"
          ],
          "failures": [],
          "pending": [],
          "skipped": [],
          "duration": 2758,
          "root": false,
          "rootEmpty": false,
          "_timeout": 2000
        },
        {
          "uuid": "7f8feb71-247f-415f-bda9-196372dd40d4",
          "title": "5 - Faça com que cada elemento do quadro de pixels possua 40 pixels de largura, 40 pixels de altura e seja delimitado por uma borda preta de 1 pixel.",
          "fullFile": "",
          "file": "",
          "beforeHooks": [],
          "afterHooks": [],
          "tests": [
            {
              "title": "Verifica se o quadro de pixels tem altura e comprimento de 5 elementos",
              "fullTitle": "5 - Faça com que cada elemento do quadro de pixels possua 40 pixels de largura, 40 pixels de altura e seja delimitado por uma borda preta de 1 pixel. Verifica se o quadro de pixels tem altura e comprimento de 5 elementos",
              "timedOut": null,
              "duration": 1532,
              "state": "passed",
              "speed": "slow",
              "pass": true,
              "fail": false,
              "pending": false,
              "context": null,
              "code": "cy.get('.pixel').should('have.length', 25).each(function (pixel) {\n  expect(pixel).to.have.css('background-color', WHITE);\n}).and(function (pixels) {\n  var rows = chunk(pixels, 5);\n  rows.forEach(function (row) {\n    for (var index = 1; index < row.length; index += 1) {\n      var current = pixels[index];\n      var previous = pixels[index - 1];\n      cy.wrap(current).should('be.onTheRightOf', previous).and('be.horizontallyAlignedWith', previous);\n    }\n  });\n  for (var index = 1; index < 5; index += 1) {\n    expect(pixels[index * 5]).to.be.belowOf(pixels[(index - 1) * 5]);\n  }\n});",
              "err": {},
              "uuid": "b12c3c99-6a86-4097-a173-b4f3a4a43979",
              "parentUUID": "7f8feb71-247f-415f-bda9-196372dd40d4",
              "isHook": false,
              "skipped": false
            },
            {
              "title": "Verifica se 40 pixels é o tamanho total do elemento, incluindo seu conteúdo e excluindo a borda preta, que deve ser criada à parte.",
              "fullTitle": "5 - Faça com que cada elemento do quadro de pixels possua 40 pixels de largura, 40 pixels de altura e seja delimitado por uma borda preta de 1 pixel. Verifica se 40 pixels é o tamanho total do elemento, incluindo seu conteúdo e excluindo a borda preta, que deve ser criada à parte.",
              "timedOut": null,
              "duration": 1240,
              "state": "passed",
              "speed": "slow",
              "pass": true,
              "fail": false,
              "pending": false,
              "context": null,
              "code": "cy.get('.pixel').each(function (pixel) {\n  cy.wrap(pixel).should('have.css', 'height', '40px').and('have.css', 'width', '40px').and('have.css', 'border', \"1px solid \".concat(BLACK));\n});",
              "err": {},
              "uuid": "8675d0c4-e142-4a14-88a7-aaf5f93ef585",
              "parentUUID": "7f8feb71-247f-415f-bda9-196372dd40d4",
              "isHook": false,
              "skipped": false
            }
          ],
          "suites": [],
          "passes": [
            "b12c3c99-6a86-4097-a173-b4f3a4a43979",
            "8675d0c4-e142-4a14-88a7-aaf5f93ef585"
          ],
          "failures": [],
          "pending": [],
          "skipped": [],
          "duration": 2772,
          "root": false,
          "rootEmpty": false,
          "_timeout": 2000
        },
        {
          "uuid": "e6eaa587-b272-4cdb-9b71-69c8dbb95ca7",
          "title": "6 - Defina a cor preta como cor inicial. Ao carregar a página a cor preta já deve estar selecionada para pintar os pixels",
          "fullFile": "",
          "file": "",
          "beforeHooks": [],
          "afterHooks": [],
          "tests": [
            {
              "title": "Verifica se o elemento da cor preta possui, inicialmente, a `classe` `selected`",
              "fullTitle": "6 - Defina a cor preta como cor inicial. Ao carregar a página a cor preta já deve estar selecionada para pintar os pixels Verifica se o elemento da cor preta possui, inicialmente, a `classe` `selected`",
              "timedOut": null,
              "duration": 597,
              "state": "passed",
              "speed": "slow",
              "pass": true,
              "fail": false,
              "pending": false,
              "context": null,
              "code": "cy.get('.selected').first().should('have.css', 'background-color', BLACK);",
              "err": {},
              "uuid": "f7eaf9bd-4440-44dd-b2e7-c6da13d99abf",
              "parentUUID": "e6eaa587-b272-4cdb-9b71-69c8dbb95ca7",
              "isHook": false,
              "skipped": false
            },
            {
              "title": "Verifica se nenhuma outra cor da paleta tem a `classe` `selected`",
              "fullTitle": "6 - Defina a cor preta como cor inicial. Ao carregar a página a cor preta já deve estar selecionada para pintar os pixels Verifica se nenhuma outra cor da paleta tem a `classe` `selected`",
              "timedOut": null,
              "duration": 696,
              "state": "passed",
              "speed": "slow",
              "pass": true,
              "fail": false,
              "pending": false,
              "context": null,
              "code": "cy.get('.color:not(:first-child)').each(function (color) {\n  cy.wrap(color).should('not.have.class', 'selected');\n});",
              "err": {},
              "uuid": "f8fd39fb-c8af-4f28-8338-b0a1e611713c",
              "parentUUID": "e6eaa587-b272-4cdb-9b71-69c8dbb95ca7",
              "isHook": false,
              "skipped": false
            }
          ],
          "suites": [],
          "passes": [
            "f7eaf9bd-4440-44dd-b2e7-c6da13d99abf",
            "f8fd39fb-c8af-4f28-8338-b0a1e611713c"
          ],
          "failures": [],
          "pending": [],
          "skipped": [],
          "duration": 1293,
          "root": false,
          "rootEmpty": false,
          "_timeout": 2000
        },
        {
          "uuid": "360020e2-aed0-414c-8065-02c13d4d4a3c",
          "title": "7 - Clicar em uma das cores da paleta, faz com que ela seja selecionada e utilizada para preencher os pixels no quadro.",
          "fullFile": "",
          "file": "",
          "beforeHooks": [],
          "afterHooks": [],
          "tests": [
            {
              "title": "Verifica se somente uma cor da paleta de cores tem a classe `selected` de cada vez",
              "fullTitle": "7 - Clicar em uma das cores da paleta, faz com que ela seja selecionada e utilizada para preencher os pixels no quadro. Verifica se somente uma cor da paleta de cores tem a classe `selected` de cada vez",
              "timedOut": null,
              "duration": 1361,
              "state": "passed",
              "speed": "slow",
              "pass": true,
              "fail": false,
              "pending": false,
              "context": null,
              "code": "cy.get('.color').each(function (selectedColor, selectedColorIndex) {\n  cy.wrap(selectedColor).click();\n  cy.get('.color').each(function (color, colorIndex) {\n    if (colorIndex === selectedColorIndex) {\n      expect(color).to.have[\"class\"]('selected');\n    } else {\n      expect(color).not.to.have[\"class\"]('selected');\n    }\n  });\n});",
              "err": {},
              "uuid": "8f5808d8-2bc1-41f8-8466-e59395033e95",
              "parentUUID": "360020e2-aed0-414c-8065-02c13d4d4a3c",
              "isHook": false,
              "skipped": false
            },
            {
              "title": "Verifica se os pixels dentro do quadro não têm a classe `selected` quando são clicados",
              "fullTitle": "7 - Clicar em uma das cores da paleta, faz com que ela seja selecionada e utilizada para preencher os pixels no quadro. Verifica se os pixels dentro do quadro não têm a classe `selected` quando são clicados",
              "timedOut": null,
              "duration": 12408,
              "state": "passed",
              "speed": "slow",
              "pass": true,
              "fail": false,
              "pending": false,
              "context": null,
              "code": "cy.get('.color').each(function (color) {\n  var backgroundColor = color.css('background-color');\n  cy.wrap(color).click();\n  cy.get('.pixel').each(function (pixel) {\n    cy.wrap(pixel).click().should('not.have.class', 'selected');\n  });\n});",
              "err": {},
              "uuid": "b8f0a433-c48e-4e62-be15-53c887d6cd06",
              "parentUUID": "360020e2-aed0-414c-8065-02c13d4d4a3c",
              "isHook": false,
              "skipped": false
            }
          ],
          "suites": [],
          "passes": [
            "8f5808d8-2bc1-41f8-8466-e59395033e95",
            "b8f0a433-c48e-4e62-be15-53c887d6cd06"
          ],
          "failures": [],
          "pending": [],
          "skipped": [],
          "duration": 13769,
          "root": false,
          "rootEmpty": false,
          "_timeout": 2000
        },
        {
          "uuid": "a4aff4f8-816a-4b83-b3d1-e382625df09c",
          "title": "8 - Clicar em um pixel dentro do quadro após selecionar uma cor na paleta, faz com que o pixel seja preenchido com a cor selecionada.",
          "fullFile": "",
          "file": "",
          "beforeHooks": [],
          "afterHooks": [],
          "tests": [
            {
              "title": "Verifica se ao carregar a página deve ser possível pintar os pixels de preto",
              "fullTitle": "8 - Clicar em um pixel dentro do quadro após selecionar uma cor na paleta, faz com que o pixel seja preenchido com a cor selecionada. Verifica se ao carregar a página deve ser possível pintar os pixels de preto",
              "timedOut": null,
              "duration": 3741,
              "state": "passed",
              "speed": "slow",
              "pass": true,
              "fail": false,
              "pending": false,
              "context": null,
              "code": "cy.get('.pixel').each(function (pixel) {\n  cy.wrap(pixel).click().should('have.css', 'background-color', BLACK);\n});",
              "err": {},
              "uuid": "d360c880-b5b4-4158-8c73-5e4010477e97",
              "parentUUID": "a4aff4f8-816a-4b83-b3d1-e382625df09c",
              "isHook": false,
              "skipped": false
            },
            {
              "title": "Verifica se após selecionar uma outra cor na paleta, é possível pintar os pixels com essa cor",
              "fullTitle": "8 - Clicar em um pixel dentro do quadro após selecionar uma cor na paleta, faz com que o pixel seja preenchido com a cor selecionada. Verifica se após selecionar uma outra cor na paleta, é possível pintar os pixels com essa cor",
              "timedOut": null,
              "duration": 12216,
              "state": "passed",
              "speed": "slow",
              "pass": true,
              "fail": false,
              "pending": false,
              "context": null,
              "code": "cy.get('.color').each(function (color) {\n  var backgroundColor = color.css('background-color');\n  cy.wrap(color).click();\n  cy.get('.pixel').each(function (pixel) {\n    cy.wrap(pixel).click().should('have.css', 'background-color', backgroundColor);\n  });\n});",
              "err": {},
              "uuid": "204e9dff-a788-4044-8b98-f94c75cd98ec",
              "parentUUID": "a4aff4f8-816a-4b83-b3d1-e382625df09c",
              "isHook": false,
              "skipped": false
            },
            {
              "title": "Verifica se somente o pixel que foi clicado foi preenchido com a cor selecionada, sem influenciar na cor dos demais pixels.",
              "fullTitle": "8 - Clicar em um pixel dentro do quadro após selecionar uma cor na paleta, faz com que o pixel seja preenchido com a cor selecionada. Verifica se somente o pixel que foi clicado foi preenchido com a cor selecionada, sem influenciar na cor dos demais pixels.",
              "timedOut": null,
              "duration": 4678,
              "state": "passed",
              "speed": "slow",
              "pass": true,
              "fail": false,
              "pending": false,
              "context": null,
              "code": "var colorToPixelIndexMap = {\n  0: 6,\n  1: 8,\n  2: 16,\n  3: 18\n};\ncy.get('.color').each(function (color, index) {\n  cy.wrap(color).click();\n  var backgroundColor = color.css('background-color');\n  var clickedPixelIndex = colorToPixelIndexMap[index];\n  cy.get('.pixel').eq(clickedPixelIndex).click();\n  cy.get('.pixel').eq(clickedPixelIndex - 1).should('not.have.css', 'background-color', backgroundColor);\n  cy.get('.pixel').eq(clickedPixelIndex + 1).should('not.have.css', 'background-color', backgroundColor);\n  cy.get('.pixel').eq(clickedPixelIndex - 5).should('not.have.css', 'background-color', backgroundColor);\n  cy.get('.pixel').eq(clickedPixelIndex + 5).should('not.have.css', 'background-color', backgroundColor);\n  cy.get('.pixel').eq(clickedPixelIndex - 6).should('not.have.css', 'background-color', backgroundColor);\n  cy.get('.pixel').eq(clickedPixelIndex - 4).should('not.have.css', 'background-color', backgroundColor);\n  cy.get('.pixel').eq(clickedPixelIndex + 4).should('not.have.css', 'background-color', backgroundColor);\n  cy.get('.pixel').eq(clickedPixelIndex + 6).should('not.have.css', 'background-color', backgroundColor);\n});",
              "err": {},
              "uuid": "0ce76a99-c9e1-4316-a7c8-2b235616e50b",
              "parentUUID": "a4aff4f8-816a-4b83-b3d1-e382625df09c",
              "isHook": false,
              "skipped": false
            }
          ],
          "suites": [],
          "passes": [
            "d360c880-b5b4-4158-8c73-5e4010477e97",
            "204e9dff-a788-4044-8b98-f94c75cd98ec",
            "0ce76a99-c9e1-4316-a7c8-2b235616e50b"
          ],
          "failures": [],
          "pending": [],
          "skipped": [],
          "duration": 20635,
          "root": false,
          "rootEmpty": false,
          "_timeout": 2000
        },
        {
          "uuid": "4c5c56e7-4f71-425d-9003-67ee6216dd48",
          "title": "9 - Crie um botão que, ao ser clicado, limpa o quadro preenchendo a cor de todos seus pixels com branco.",
          "fullFile": "",
          "file": "",
          "beforeHooks": [],
          "afterHooks": [],
          "tests": [
            {
              "title": "Verifica se o botão tem o `id` denominado `clear-board`",
              "fullTitle": "9 - Crie um botão que, ao ser clicado, limpa o quadro preenchendo a cor de todos seus pixels com branco. Verifica se o botão tem o `id` denominado `clear-board`",
              "timedOut": null,
              "duration": 763,
              "state": "passed",
              "speed": "slow",
              "pass": true,
              "fail": false,
              "pending": false,
              "context": null,
              "code": "cy.get('#clear-board').should('be.visible');",
              "err": {},
              "uuid": "4da8db4c-bfe3-47c6-ad87-1e5c88d85da7",
              "parentUUID": "4c5c56e7-4f71-425d-9003-67ee6216dd48",
              "isHook": false,
              "skipped": false
            },
            {
              "title": "Verifica se o botão está posicionado entre a paleta de cores e o quadro de pixels",
              "fullTitle": "9 - Crie um botão que, ao ser clicado, limpa o quadro preenchendo a cor de todos seus pixels com branco. Verifica se o botão está posicionado entre a paleta de cores e o quadro de pixels",
              "timedOut": null,
              "duration": 4997,
              "state": "failed",
              "speed": null,
              "pass": false,
              "fail": true,
              "pending": false,
              "context": null,
              "code": "cy.get('#color-palette').then(function (palette) {\n  cy.get('#clear-board').should('be.belowOf', palette);\n});\ncy.get('#clear-board').then(function (clearBtn) {\n  cy.get('#pixel-board').should('be.belowOf', clearBtn);\n});",
              "err": {
                "message": "CypressError: Timed out retrying: expected '<section#pixel-board>' to be below of { Object (0, length, ...) }",
                "estack": "CypressError: Timed out retrying: expected '<section#pixel-board>' to be below of { Object (0, length, ...) }\n    at cypressErr (http://localhost:41705/__cypress/runner/cypress_runner.js:149934:9)\n    at throwErr (http://localhost:41705/__cypress/runner/cypress_runner.js:149867:11)\n    at Object.throwErrByPath (http://localhost:41705/__cypress/runner/cypress_runner.js:149915:3)\n    at retry (http://localhost:41705/__cypress/runner/cypress_runner.js:144197:19)\n    at onFailFn (http://localhost:41705/__cypress/runner/cypress_runner.js:132448:16)\n    at tryCatcher (http://localhost:41705/__cypress/runner/cypress_runner.js:167415:23)\n    at Promise._settlePromiseFromHandler (http://localhost:41705/__cypress/runner/cypress_runner.js:165351:31)\n    at Promise._settlePromise (http://localhost:41705/__cypress/runner/cypress_runner.js:165408:18)\n    at Promise._settlePromise0 (http://localhost:41705/__cypress/runner/cypress_runner.js:165453:10)\n    at Promise._settlePromises (http://localhost:41705/__cypress/runner/cypress_runner.js:165528:18)\n    at Async../node_modules/bluebird/js/release/async.js.Async._drainQueue (http://localhost:41705/__cypress/runner/cypress_runner.js:162140:16)\n    at Async../node_modules/bluebird/js/release/async.js.Async._drainQueues (http://localhost:41705/__cypress/runner/cypress_runner.js:162150:10)\n    at Async.drainQueues (http://localhost:41705/__cypress/runner/cypress_runner.js:162024:14)",
                "diff": null
              },
              "uuid": "a9c6ed33-93b1-4d72-9bd9-d7a0ad821164",
              "parentUUID": "4c5c56e7-4f71-425d-9003-67ee6216dd48",
              "isHook": false,
              "skipped": false
            },
            {
              "title": "Verifica se o texto do botão é 'Limpar'",
              "fullTitle": "9 - Crie um botão que, ao ser clicado, limpa o quadro preenchendo a cor de todos seus pixels com branco. Verifica se o texto do botão é 'Limpar'",
              "timedOut": null,
              "duration": 5154,
              "state": "failed",
              "speed": null,
              "pass": false,
              "fail": true,
              "pending": false,
              "context": null,
              "code": "cy.get('#clear-board').should('contain.text', 'Limpar');",
              "err": {
                "message": "CypressError: Timed out retrying: expected '<button#clear-board>' to contain text 'Limpar', but the text was 'Apagar tudo'",
                "estack": "CypressError: Timed out retrying: expected '<button#clear-board>' to contain text 'Limpar', but the text was 'Apagar tudo'\n    at cypressErr (http://localhost:41705/__cypress/runner/cypress_runner.js:149934:9)\n    at throwErr (http://localhost:41705/__cypress/runner/cypress_runner.js:149867:11)\n    at Object.throwErrByPath (http://localhost:41705/__cypress/runner/cypress_runner.js:149915:3)\n    at retry (http://localhost:41705/__cypress/runner/cypress_runner.js:144197:19)\n    at onFailFn (http://localhost:41705/__cypress/runner/cypress_runner.js:132448:16)\n    at tryCatcher (http://localhost:41705/__cypress/runner/cypress_runner.js:167415:23)\n    at Promise._settlePromiseFromHandler (http://localhost:41705/__cypress/runner/cypress_runner.js:165351:31)\n    at Promise._settlePromise (http://localhost:41705/__cypress/runner/cypress_runner.js:165408:18)\n    at Promise._settlePromise0 (http://localhost:41705/__cypress/runner/cypress_runner.js:165453:10)\n    at Promise._settlePromises (http://localhost:41705/__cypress/runner/cypress_runner.js:165528:18)\n    at Async../node_modules/bluebird/js/release/async.js.Async._drainQueue (http://localhost:41705/__cypress/runner/cypress_runner.js:162140:16)\n    at Async../node_modules/bluebird/js/release/async.js.Async._drainQueues (http://localhost:41705/__cypress/runner/cypress_runner.js:162150:10)\n    at Async.drainQueues (http://localhost:41705/__cypress/runner/cypress_runner.js:162024:14)",
                "diff": null
              },
              "uuid": "49963a46-3841-45ca-bcf6-a1f8595007e1",
              "parentUUID": "4c5c56e7-4f71-425d-9003-67ee6216dd48",
              "isHook": false,
              "skipped": false
            },
            {
              "title": "Verifica se ao clicar no botão, o quadro de pixels é totalmente preenchido de branco",
              "fullTitle": "9 - Crie um botão que, ao ser clicado, limpa o quadro preenchendo a cor de todos seus pixels com branco. Verifica se ao clicar no botão, o quadro de pixels é totalmente preenchido de branco",
              "timedOut": null,
              "duration": 4512,
              "state": "passed",
              "speed": "slow",
              "pass": true,
              "fail": false,
              "pending": false,
              "context": null,
              "code": "cy.get('.color').eq(1).then(function (color) {\n  var backgroundColor = color.css('background-color');\n  cy.wrap(color).click();\n  cy.get('.pixel').each(function (pixel) {\n    cy.wrap(pixel).click().should('have.css', 'background-color', backgroundColor);\n  });\n});\ncy.get('#clear-board').click();\ncy.get('.pixel').each(function (pixel) {\n  cy.wrap(pixel).should('have.css', 'background-color', WHITE);\n});",
              "err": {},
              "uuid": "a39d892a-4bf3-44c4-aaeb-134dd251cd62",
              "parentUUID": "4c5c56e7-4f71-425d-9003-67ee6216dd48",
              "isHook": false,
              "skipped": false
            }
          ],
          "suites": [],
          "passes": [
            "4da8db4c-bfe3-47c6-ad87-1e5c88d85da7",
            "a39d892a-4bf3-44c4-aaeb-134dd251cd62"
          ],
          "failures": [
            "a9c6ed33-93b1-4d72-9bd9-d7a0ad821164",
            "49963a46-3841-45ca-bcf6-a1f8595007e1"
          ],
          "pending": [],
          "skipped": [],
          "duration": 15426,
          "root": false,
          "rootEmpty": false,
          "_timeout": 2000
        },
        {
          "uuid": "45e81c39-90a4-4b1b-bb98-affd6dae28e9",
          "title": "10 - Faça o quadro de pixels ter seu tamanho definido pelo usuário.",
          "fullFile": "",
          "file": "",
          "beforeHooks": [],
          "afterHooks": [],
          "tests": [
            {
              "title": "Verifica se existe um input com o id `board-size`",
              "fullTitle": "10 - Faça o quadro de pixels ter seu tamanho definido pelo usuário. Verifica se existe um input com o id `board-size`",
              "timedOut": null,
              "duration": 5301,
              "state": "failed",
              "speed": null,
              "pass": false,
              "fail": true,
              "pending": false,
              "context": null,
              "code": "cy.get('#board-size').should('be.visible');",
              "err": {
                "message": "CypressError: Timed out retrying: Expected to find element: '#board-size', but never found it.",
                "estack": "CypressError: Timed out retrying: Expected to find element: '#board-size', but never found it.\n    at cypressErr (http://localhost:41705/__cypress/runner/cypress_runner.js:149934:9)\n    at throwErr (http://localhost:41705/__cypress/runner/cypress_runner.js:149867:11)\n    at Object.throwErrByPath (http://localhost:41705/__cypress/runner/cypress_runner.js:149915:3)\n    at retry (http://localhost:41705/__cypress/runner/cypress_runner.js:144197:19)\n    at onFailFn (http://localhost:41705/__cypress/runner/cypress_runner.js:132448:16)\n    at tryCatcher (http://localhost:41705/__cypress/runner/cypress_runner.js:167415:23)\n    at Promise._settlePromiseFromHandler (http://localhost:41705/__cypress/runner/cypress_runner.js:165351:31)\n    at Promise._settlePromise (http://localhost:41705/__cypress/runner/cypress_runner.js:165408:18)\n    at Promise._settlePromise0 (http://localhost:41705/__cypress/runner/cypress_runner.js:165453:10)\n    at Promise._settlePromises (http://localhost:41705/__cypress/runner/cypress_runner.js:165528:18)\n    at Async../node_modules/bluebird/js/release/async.js.Async._drainQueue (http://localhost:41705/__cypress/runner/cypress_runner.js:162140:16)\n    at Async../node_modules/bluebird/js/release/async.js.Async._drainQueues (http://localhost:41705/__cypress/runner/cypress_runner.js:162150:10)\n    at Async.drainQueues (http://localhost:41705/__cypress/runner/cypress_runner.js:162024:14)",
                "diff": null
              },
              "uuid": "903ee333-f16e-49f0-addc-68d31bd83d22",
              "parentUUID": "45e81c39-90a4-4b1b-bb98-affd6dae28e9",
              "isHook": false,
              "skipped": false
            },
            {
              "title": "Verifica se existe um botão com o id `generate-board`",
              "fullTitle": "10 - Faça o quadro de pixels ter seu tamanho definido pelo usuário. Verifica se existe um botão com o id `generate-board`",
              "timedOut": null,
              "duration": 5463,
              "state": "failed",
              "speed": null,
              "pass": false,
              "fail": true,
              "pending": false,
              "context": null,
              "code": "cy.get('#generate-board').should('be.visible');",
              "err": {
                "message": "CypressError: Timed out retrying: Expected to find element: '#generate-board', but never found it.",
                "estack": "CypressError: Timed out retrying: Expected to find element: '#generate-board', but never found it.\n    at cypressErr (http://localhost:41705/__cypress/runner/cypress_runner.js:149934:9)\n    at throwErr (http://localhost:41705/__cypress/runner/cypress_runner.js:149867:11)\n    at Object.throwErrByPath (http://localhost:41705/__cypress/runner/cypress_runner.js:149915:3)\n    at retry (http://localhost:41705/__cypress/runner/cypress_runner.js:144197:19)\n    at onFailFn (http://localhost:41705/__cypress/runner/cypress_runner.js:132448:16)\n    at tryCatcher (http://localhost:41705/__cypress/runner/cypress_runner.js:167415:23)\n    at Promise._settlePromiseFromHandler (http://localhost:41705/__cypress/runner/cypress_runner.js:165351:31)\n    at Promise._settlePromise (http://localhost:41705/__cypress/runner/cypress_runner.js:165408:18)\n    at Promise._settlePromise0 (http://localhost:41705/__cypress/runner/cypress_runner.js:165453:10)\n    at Promise._settlePromises (http://localhost:41705/__cypress/runner/cypress_runner.js:165528:18)\n    at Async../node_modules/bluebird/js/release/async.js.Async._drainQueue (http://localhost:41705/__cypress/runner/cypress_runner.js:162140:16)\n    at Async../node_modules/bluebird/js/release/async.js.Async._drainQueues (http://localhost:41705/__cypress/runner/cypress_runner.js:162150:10)\n    at Async.drainQueues (http://localhost:41705/__cypress/runner/cypress_runner.js:162024:14)",
                "diff": null
              },
              "uuid": "819616b8-982d-4d04-b26d-6c57c060c195",
              "parentUUID": "45e81c39-90a4-4b1b-bb98-affd6dae28e9",
              "isHook": false,
              "skipped": false
            },
            {
              "title": "Verifica se o input só aceita número maiores que zero. Essa restrição deve ser feita usando os atributos do elemento `input`",
              "fullTitle": "10 - Faça o quadro de pixels ter seu tamanho definido pelo usuário. Verifica se o input só aceita número maiores que zero. Essa restrição deve ser feita usando os atributos do elemento `input`",
              "timedOut": null,
              "duration": 5274,
              "state": "failed",
              "speed": null,
              "pass": false,
              "fail": true,
              "pending": false,
              "context": null,
              "code": "cy.get('#board-size[type=\\'number\\'][min=\\'1\\']');",
              "err": {
                "message": "CypressError: Timed out retrying: Expected to find element: '#board-size[type='number'][min='1']', but never found it.",
                "estack": "CypressError: Timed out retrying: Expected to find element: '#board-size[type='number'][min='1']', but never found it.\n    at cypressErr (http://localhost:41705/__cypress/runner/cypress_runner.js:149934:9)\n    at throwErr (http://localhost:41705/__cypress/runner/cypress_runner.js:149867:11)\n    at Object.throwErrByPath (http://localhost:41705/__cypress/runner/cypress_runner.js:149915:3)\n    at retry (http://localhost:41705/__cypress/runner/cypress_runner.js:144197:19)\n    at onFailFn (http://localhost:41705/__cypress/runner/cypress_runner.js:132448:16)\n    at tryCatcher (http://localhost:41705/__cypress/runner/cypress_runner.js:167415:23)\n    at Promise._settlePromiseFromHandler (http://localhost:41705/__cypress/runner/cypress_runner.js:165351:31)\n    at Promise._settlePromise (http://localhost:41705/__cypress/runner/cypress_runner.js:165408:18)\n    at Promise._settlePromise0 (http://localhost:41705/__cypress/runner/cypress_runner.js:165453:10)\n    at Promise._settlePromises (http://localhost:41705/__cypress/runner/cypress_runner.js:165528:18)\n    at Async../node_modules/bluebird/js/release/async.js.Async._drainQueue (http://localhost:41705/__cypress/runner/cypress_runner.js:162140:16)\n    at Async../node_modules/bluebird/js/release/async.js.Async._drainQueues (http://localhost:41705/__cypress/runner/cypress_runner.js:162150:10)\n    at Async.drainQueues (http://localhost:41705/__cypress/runner/cypress_runner.js:162024:14)",
                "diff": null
              },
              "uuid": "cc6ed195-7ac6-4522-b21e-2f791f516124",
              "parentUUID": "45e81c39-90a4-4b1b-bb98-affd6dae28e9",
              "isHook": false,
              "skipped": false
            },
            {
              "title": "Verifica se o botão contém o texto 'VQV'",
              "fullTitle": "10 - Faça o quadro de pixels ter seu tamanho definido pelo usuário. Verifica se o botão contém o texto 'VQV'",
              "timedOut": null,
              "duration": 5236,
              "state": "failed",
              "speed": null,
              "pass": false,
              "fail": true,
              "pending": false,
              "context": null,
              "code": "cy.get('#generate-board').contains(/vqv/i);",
              "err": {
                "message": "CypressError: Timed out retrying: Expected to find element: '#generate-board', but never found it.",
                "estack": "CypressError: Timed out retrying: Expected to find element: '#generate-board', but never found it.\n    at cypressErr (http://localhost:41705/__cypress/runner/cypress_runner.js:149934:9)\n    at throwErr (http://localhost:41705/__cypress/runner/cypress_runner.js:149867:11)\n    at Object.throwErrByPath (http://localhost:41705/__cypress/runner/cypress_runner.js:149915:3)\n    at retry (http://localhost:41705/__cypress/runner/cypress_runner.js:144197:19)\n    at onFailFn (http://localhost:41705/__cypress/runner/cypress_runner.js:132448:16)\n    at tryCatcher (http://localhost:41705/__cypress/runner/cypress_runner.js:167415:23)\n    at Promise._settlePromiseFromHandler (http://localhost:41705/__cypress/runner/cypress_runner.js:165351:31)\n    at Promise._settlePromise (http://localhost:41705/__cypress/runner/cypress_runner.js:165408:18)\n    at Promise._settlePromise0 (http://localhost:41705/__cypress/runner/cypress_runner.js:165453:10)\n    at Promise._settlePromises (http://localhost:41705/__cypress/runner/cypress_runner.js:165528:18)\n    at Async../node_modules/bluebird/js/release/async.js.Async._drainQueue (http://localhost:41705/__cypress/runner/cypress_runner.js:162140:16)\n    at Async../node_modules/bluebird/js/release/async.js.Async._drainQueues (http://localhost:41705/__cypress/runner/cypress_runner.js:162150:10)\n    at Async.drainQueues (http://localhost:41705/__cypress/runner/cypress_runner.js:162024:14)",
                "diff": null
              },
              "uuid": "2fa99a01-9a28-49ce-ae5e-3d8a2e9a9890",
              "parentUUID": "45e81c39-90a4-4b1b-bb98-affd6dae28e9",
              "isHook": false,
              "skipped": false
            },
            {
              "title": "Verifica se o input está posicionado entre a paleta de cores e o quadro de pixels",
              "fullTitle": "10 - Faça o quadro de pixels ter seu tamanho definido pelo usuário. Verifica se o input está posicionado entre a paleta de cores e o quadro de pixels",
              "timedOut": null,
              "duration": 5066,
              "state": "failed",
              "speed": null,
              "pass": false,
              "fail": true,
              "pending": false,
              "context": null,
              "code": "cy.get('#color-palette').then(function (palette) {\n  cy.get('#board-size').should('be.belowOf', palette);\n});\ncy.get('#board-size').then(function (palette) {\n  cy.get('#pixel-board').should('be.belowOf', palette);\n});",
              "err": {
                "message": "CypressError: Timed out retrying: Expected to find element: '#board-size', but never found it.",
                "estack": "CypressError: Timed out retrying: Expected to find element: '#board-size', but never found it.\n    at cypressErr (http://localhost:41705/__cypress/runner/cypress_runner.js:149934:9)\n    at throwErr (http://localhost:41705/__cypress/runner/cypress_runner.js:149867:11)\n    at Object.throwErrByPath (http://localhost:41705/__cypress/runner/cypress_runner.js:149915:3)\n    at retry (http://localhost:41705/__cypress/runner/cypress_runner.js:144197:19)\n    at onFailFn (http://localhost:41705/__cypress/runner/cypress_runner.js:132448:16)\n    at tryCatcher (http://localhost:41705/__cypress/runner/cypress_runner.js:167415:23)\n    at Promise._settlePromiseFromHandler (http://localhost:41705/__cypress/runner/cypress_runner.js:165351:31)\n    at Promise._settlePromise (http://localhost:41705/__cypress/runner/cypress_runner.js:165408:18)\n    at Promise._settlePromise0 (http://localhost:41705/__cypress/runner/cypress_runner.js:165453:10)\n    at Promise._settlePromises (http://localhost:41705/__cypress/runner/cypress_runner.js:165528:18)\n    at Async../node_modules/bluebird/js/release/async.js.Async._drainQueue (http://localhost:41705/__cypress/runner/cypress_runner.js:162140:16)\n    at Async../node_modules/bluebird/js/release/async.js.Async._drainQueues (http://localhost:41705/__cypress/runner/cypress_runner.js:162150:10)\n    at Async.drainQueues (http://localhost:41705/__cypress/runner/cypress_runner.js:162024:14)",
                "diff": null
              },
              "uuid": "b7947a88-d74a-4c9e-90a9-6ce9ed532d28",
              "parentUUID": "45e81c39-90a4-4b1b-bb98-affd6dae28e9",
              "isHook": false,
              "skipped": false
            },
            {
              "title": "Verifica se o botão está posicionado ao lado do input",
              "fullTitle": "10 - Faça o quadro de pixels ter seu tamanho definido pelo usuário. Verifica se o botão está posicionado ao lado do input",
              "timedOut": null,
              "duration": 5200,
              "state": "failed",
              "speed": null,
              "pass": false,
              "fail": true,
              "pending": false,
              "context": null,
              "code": "cy.get('#board-size').then(function (board) {\n  cy.get('#generate-board').should('be.onTheRightOf', board);\n});",
              "err": {
                "message": "CypressError: Timed out retrying: Expected to find element: '#board-size', but never found it.",
                "estack": "CypressError: Timed out retrying: Expected to find element: '#board-size', but never found it.\n    at cypressErr (http://localhost:41705/__cypress/runner/cypress_runner.js:149934:9)\n    at throwErr (http://localhost:41705/__cypress/runner/cypress_runner.js:149867:11)\n    at Object.throwErrByPath (http://localhost:41705/__cypress/runner/cypress_runner.js:149915:3)\n    at retry (http://localhost:41705/__cypress/runner/cypress_runner.js:144197:19)\n    at onFailFn (http://localhost:41705/__cypress/runner/cypress_runner.js:132448:16)\n    at tryCatcher (http://localhost:41705/__cypress/runner/cypress_runner.js:167415:23)\n    at Promise._settlePromiseFromHandler (http://localhost:41705/__cypress/runner/cypress_runner.js:165351:31)\n    at Promise._settlePromise (http://localhost:41705/__cypress/runner/cypress_runner.js:165408:18)\n    at Promise._settlePromise0 (http://localhost:41705/__cypress/runner/cypress_runner.js:165453:10)\n    at Promise._settlePromises (http://localhost:41705/__cypress/runner/cypress_runner.js:165528:18)\n    at Async../node_modules/bluebird/js/release/async.js.Async._drainQueue (http://localhost:41705/__cypress/runner/cypress_runner.js:162140:16)\n    at Async../node_modules/bluebird/js/release/async.js.Async._drainQueues (http://localhost:41705/__cypress/runner/cypress_runner.js:162150:10)\n    at Async.drainQueues (http://localhost:41705/__cypress/runner/cypress_runner.js:162024:14)",
                "diff": null
              },
              "uuid": "30959a60-8cb5-4104-b886-06155d0b9d88",
              "parentUUID": "45e81c39-90a4-4b1b-bb98-affd6dae28e9",
              "isHook": false,
              "skipped": false
            },
            {
              "title": "Verifica se nenhum valor for colocado no input ao clicar no botão, um `alert` é exibido com o texto: 'Board inválido!'",
              "fullTitle": "10 - Faça o quadro de pixels ter seu tamanho definido pelo usuário. Verifica se nenhum valor for colocado no input ao clicar no botão, um `alert` é exibido com o texto: 'Board inválido!'",
              "timedOut": null,
              "duration": 5060,
              "state": "failed",
              "speed": null,
              "pass": false,
              "fail": true,
              "pending": false,
              "context": null,
              "code": "var alerted = false;\ncy.on('window:alert', function (msg) {\n  return alerted = msg;\n});\ncy.get('#generate-board').click().then(function () {\n  return expect(alerted).to.match(/Board inválido!/i);\n});",
              "err": {
                "message": "CypressError: Timed out retrying: Expected to find element: '#generate-board', but never found it.",
                "estack": "CypressError: Timed out retrying: Expected to find element: '#generate-board', but never found it.\n    at cypressErr (http://localhost:41705/__cypress/runner/cypress_runner.js:149934:9)\n    at throwErr (http://localhost:41705/__cypress/runner/cypress_runner.js:149867:11)\n    at Object.throwErrByPath (http://localhost:41705/__cypress/runner/cypress_runner.js:149915:3)\n    at retry (http://localhost:41705/__cypress/runner/cypress_runner.js:144197:19)\n    at onFailFn (http://localhost:41705/__cypress/runner/cypress_runner.js:132448:16)\n    at tryCatcher (http://localhost:41705/__cypress/runner/cypress_runner.js:167415:23)\n    at Promise._settlePromiseFromHandler (http://localhost:41705/__cypress/runner/cypress_runner.js:165351:31)\n    at Promise._settlePromise (http://localhost:41705/__cypress/runner/cypress_runner.js:165408:18)\n    at Promise._settlePromise0 (http://localhost:41705/__cypress/runner/cypress_runner.js:165453:10)\n    at Promise._settlePromises (http://localhost:41705/__cypress/runner/cypress_runner.js:165528:18)\n    at Async../node_modules/bluebird/js/release/async.js.Async._drainQueue (http://localhost:41705/__cypress/runner/cypress_runner.js:162140:16)\n    at Async../node_modules/bluebird/js/release/async.js.Async._drainQueues (http://localhost:41705/__cypress/runner/cypress_runner.js:162150:10)\n    at Async.drainQueues (http://localhost:41705/__cypress/runner/cypress_runner.js:162024:14)",
                "diff": null
              },
              "uuid": "b4f4d84a-3b00-4d3e-b67f-61ee61cc2d0e",
              "parentUUID": "45e81c39-90a4-4b1b-bb98-affd6dae28e9",
              "isHook": false,
              "skipped": false
            },
            {
              "title": "Verifica se ao clicar no botão com um valor preenchido, o tamanho do board muda.",
              "fullTitle": "10 - Faça o quadro de pixels ter seu tamanho definido pelo usuário. Verifica se ao clicar no botão com um valor preenchido, o tamanho do board muda.",
              "timedOut": null,
              "duration": 5106,
              "state": "failed",
              "speed": null,
              "pass": false,
              "fail": true,
              "pending": false,
              "context": null,
              "code": "cy.get('#board-size').clear().type(10);\ncy.get('#generate-board').click();\ncy.get('.pixel').should('have.length', 100);",
              "err": {
                "message": "CypressError: Timed out retrying: Expected to find element: '#board-size', but never found it.",
                "estack": "CypressError: Timed out retrying: Expected to find element: '#board-size', but never found it.\n    at cypressErr (http://localhost:41705/__cypress/runner/cypress_runner.js:149934:9)\n    at throwErr (http://localhost:41705/__cypress/runner/cypress_runner.js:149867:11)\n    at Object.throwErrByPath (http://localhost:41705/__cypress/runner/cypress_runner.js:149915:3)\n    at retry (http://localhost:41705/__cypress/runner/cypress_runner.js:144197:19)\n    at onFailFn (http://localhost:41705/__cypress/runner/cypress_runner.js:132448:16)\n    at tryCatcher (http://localhost:41705/__cypress/runner/cypress_runner.js:167415:23)\n    at Promise._settlePromiseFromHandler (http://localhost:41705/__cypress/runner/cypress_runner.js:165351:31)\n    at Promise._settlePromise (http://localhost:41705/__cypress/runner/cypress_runner.js:165408:18)\n    at Promise._settlePromise0 (http://localhost:41705/__cypress/runner/cypress_runner.js:165453:10)\n    at Promise._settlePromises (http://localhost:41705/__cypress/runner/cypress_runner.js:165528:18)\n    at Async../node_modules/bluebird/js/release/async.js.Async._drainQueue (http://localhost:41705/__cypress/runner/cypress_runner.js:162140:16)\n    at Async../node_modules/bluebird/js/release/async.js.Async._drainQueues (http://localhost:41705/__cypress/runner/cypress_runner.js:162150:10)\n    at Async.drainQueues (http://localhost:41705/__cypress/runner/cypress_runner.js:162024:14)",
                "diff": null
              },
              "uuid": "f78cb313-e0bd-4674-824d-211810466f9b",
              "parentUUID": "45e81c39-90a4-4b1b-bb98-affd6dae28e9",
              "isHook": false,
              "skipped": false
            },
            {
              "title": "Verifica se o novo quadro tem todos os pixels preenchidos com a cor branca",
              "fullTitle": "10 - Faça o quadro de pixels ter seu tamanho definido pelo usuário. Verifica se o novo quadro tem todos os pixels preenchidos com a cor branca",
              "timedOut": null,
              "duration": 5132,
              "state": "failed",
              "speed": null,
              "pass": false,
              "fail": true,
              "pending": false,
              "context": null,
              "code": "cy.get('#board-size').clear().type(6);\ncy.get('#generate-board').click();\ncy.get('.pixel').should('have.length', 36).each(function (pixel) {\n  expect(pixel).to.have.css('background-color', WHITE);\n});",
              "err": {
                "message": "CypressError: Timed out retrying: Expected to find element: '#board-size', but never found it.",
                "estack": "CypressError: Timed out retrying: Expected to find element: '#board-size', but never found it.\n    at cypressErr (http://localhost:41705/__cypress/runner/cypress_runner.js:149934:9)\n    at throwErr (http://localhost:41705/__cypress/runner/cypress_runner.js:149867:11)\n    at Object.throwErrByPath (http://localhost:41705/__cypress/runner/cypress_runner.js:149915:3)\n    at retry (http://localhost:41705/__cypress/runner/cypress_runner.js:144197:19)\n    at onFailFn (http://localhost:41705/__cypress/runner/cypress_runner.js:132448:16)\n    at tryCatcher (http://localhost:41705/__cypress/runner/cypress_runner.js:167415:23)\n    at Promise._settlePromiseFromHandler (http://localhost:41705/__cypress/runner/cypress_runner.js:165351:31)\n    at Promise._settlePromise (http://localhost:41705/__cypress/runner/cypress_runner.js:165408:18)\n    at Promise._settlePromise0 (http://localhost:41705/__cypress/runner/cypress_runner.js:165453:10)\n    at Promise._settlePromises (http://localhost:41705/__cypress/runner/cypress_runner.js:165528:18)\n    at Async../node_modules/bluebird/js/release/async.js.Async._drainQueue (http://localhost:41705/__cypress/runner/cypress_runner.js:162140:16)\n    at Async../node_modules/bluebird/js/release/async.js.Async._drainQueues (http://localhost:41705/__cypress/runner/cypress_runner.js:162150:10)\n    at Async.drainQueues (http://localhost:41705/__cypress/runner/cypress_runner.js:162024:14)",
                "diff": null
              },
              "uuid": "7e0dbd4f-17be-4d9d-9aef-cd2a37e3ec39",
              "parentUUID": "45e81c39-90a4-4b1b-bb98-affd6dae28e9",
              "isHook": false,
              "skipped": false
            }
          ],
          "suites": [],
          "passes": [],
          "failures": [
            "903ee333-f16e-49f0-addc-68d31bd83d22",
            "819616b8-982d-4d04-b26d-6c57c060c195",
            "cc6ed195-7ac6-4522-b21e-2f791f516124",
            "2fa99a01-9a28-49ce-ae5e-3d8a2e9a9890",
            "b7947a88-d74a-4c9e-90a9-6ce9ed532d28",
            "30959a60-8cb5-4104-b886-06155d0b9d88",
            "b4f4d84a-3b00-4d3e-b67f-61ee61cc2d0e",
            "f78cb313-e0bd-4674-824d-211810466f9b",
            "7e0dbd4f-17be-4d9d-9aef-cd2a37e3ec39"
          ],
          "pending": [],
          "skipped": [],
          "duration": 46838,
          "root": false,
          "rootEmpty": false,
          "_timeout": 2000
        },
        {
          "uuid": "a91ff07c-0da2-42ea-b3ad-f62c9a9cf232",
          "title": "11 - Limite o tamanho mínimo e máximo do board.",
          "fullFile": "",
          "file": "",
          "beforeHooks": [],
          "afterHooks": [],
          "tests": [
            {
              "title": "Verifica se a altura máxima do board é 50",
              "fullTitle": "11 - Limite o tamanho mínimo e máximo do board. Verifica se a altura máxima do board é 50",
              "timedOut": null,
              "duration": 5324,
              "state": "failed",
              "speed": null,
              "pass": false,
              "fail": true,
              "pending": false,
              "context": null,
              "code": "cy.get('#board-size').clear().type(50);\ncy.get('#generate-board').click();\ncy.get('.pixel').should('have.length', 2500);",
              "err": {
                "message": "CypressError: Timed out retrying: Expected to find element: '#board-size', but never found it.",
                "estack": "CypressError: Timed out retrying: Expected to find element: '#board-size', but never found it.\n    at cypressErr (http://localhost:41705/__cypress/runner/cypress_runner.js:149934:9)\n    at throwErr (http://localhost:41705/__cypress/runner/cypress_runner.js:149867:11)\n    at Object.throwErrByPath (http://localhost:41705/__cypress/runner/cypress_runner.js:149915:3)\n    at retry (http://localhost:41705/__cypress/runner/cypress_runner.js:144197:19)\n    at onFailFn (http://localhost:41705/__cypress/runner/cypress_runner.js:132448:16)\n    at tryCatcher (http://localhost:41705/__cypress/runner/cypress_runner.js:167415:23)\n    at Promise._settlePromiseFromHandler (http://localhost:41705/__cypress/runner/cypress_runner.js:165351:31)\n    at Promise._settlePromise (http://localhost:41705/__cypress/runner/cypress_runner.js:165408:18)\n    at Promise._settlePromise0 (http://localhost:41705/__cypress/runner/cypress_runner.js:165453:10)\n    at Promise._settlePromises (http://localhost:41705/__cypress/runner/cypress_runner.js:165528:18)\n    at Async../node_modules/bluebird/js/release/async.js.Async._drainQueue (http://localhost:41705/__cypress/runner/cypress_runner.js:162140:16)\n    at Async../node_modules/bluebird/js/release/async.js.Async._drainQueues (http://localhost:41705/__cypress/runner/cypress_runner.js:162150:10)\n    at Async.drainQueues (http://localhost:41705/__cypress/runner/cypress_runner.js:162024:14)",
                "diff": null
              },
              "uuid": "71c79178-e51b-4a78-aeb3-38cec8abab5a",
              "parentUUID": "a91ff07c-0da2-42ea-b3ad-f62c9a9cf232",
              "isHook": false,
              "skipped": false
            },
            {
              "title": "Verifica se a altura do board é 5 quando um valor menor é colocado no input",
              "fullTitle": "11 - Limite o tamanho mínimo e máximo do board. Verifica se a altura do board é 5 quando um valor menor é colocado no input",
              "timedOut": null,
              "duration": 5112,
              "state": "failed",
              "speed": null,
              "pass": false,
              "fail": true,
              "pending": false,
              "context": null,
              "code": "cy.get('#board-size').clear().type(4);\ncy.get('#generate-board').click();\ncy.get('.pixel').should('have.length', 25);",
              "err": {
                "message": "CypressError: Timed out retrying: Expected to find element: '#board-size', but never found it.",
                "estack": "CypressError: Timed out retrying: Expected to find element: '#board-size', but never found it.\n    at cypressErr (http://localhost:41705/__cypress/runner/cypress_runner.js:149934:9)\n    at throwErr (http://localhost:41705/__cypress/runner/cypress_runner.js:149867:11)\n    at Object.throwErrByPath (http://localhost:41705/__cypress/runner/cypress_runner.js:149915:3)\n    at retry (http://localhost:41705/__cypress/runner/cypress_runner.js:144197:19)\n    at onFailFn (http://localhost:41705/__cypress/runner/cypress_runner.js:132448:16)\n    at tryCatcher (http://localhost:41705/__cypress/runner/cypress_runner.js:167415:23)\n    at Promise._settlePromiseFromHandler (http://localhost:41705/__cypress/runner/cypress_runner.js:165351:31)\n    at Promise._settlePromise (http://localhost:41705/__cypress/runner/cypress_runner.js:165408:18)\n    at Promise._settlePromise0 (http://localhost:41705/__cypress/runner/cypress_runner.js:165453:10)\n    at Promise._settlePromises (http://localhost:41705/__cypress/runner/cypress_runner.js:165528:18)\n    at Async../node_modules/bluebird/js/release/async.js.Async._drainQueue (http://localhost:41705/__cypress/runner/cypress_runner.js:162140:16)\n    at Async../node_modules/bluebird/js/release/async.js.Async._drainQueues (http://localhost:41705/__cypress/runner/cypress_runner.js:162150:10)\n    at Async.drainQueues (http://localhost:41705/__cypress/runner/cypress_runner.js:162024:14)",
                "diff": null
              },
              "uuid": "ce591fe3-05c9-45fe-8809-7d9f144c5363",
              "parentUUID": "a91ff07c-0da2-42ea-b3ad-f62c9a9cf232",
              "isHook": false,
              "skipped": false
            },
            {
              "title": "Verifica se a altura do board é 50 quando um valor maior é colocado no input",
              "fullTitle": "11 - Limite o tamanho mínimo e máximo do board. Verifica se a altura do board é 50 quando um valor maior é colocado no input",
              "timedOut": null,
              "duration": 5163,
              "state": "failed",
              "speed": null,
              "pass": false,
              "fail": true,
              "pending": false,
              "context": null,
              "code": "cy.get('#board-size').clear().type(51);\ncy.get('#generate-board').click();\ncy.get('.pixel').should('have.length', 2500);",
              "err": {
                "message": "CypressError: Timed out retrying: Expected to find element: '#board-size', but never found it.",
                "estack": "CypressError: Timed out retrying: Expected to find element: '#board-size', but never found it.\n    at cypressErr (http://localhost:41705/__cypress/runner/cypress_runner.js:149934:9)\n    at throwErr (http://localhost:41705/__cypress/runner/cypress_runner.js:149867:11)\n    at Object.throwErrByPath (http://localhost:41705/__cypress/runner/cypress_runner.js:149915:3)\n    at retry (http://localhost:41705/__cypress/runner/cypress_runner.js:144197:19)\n    at onFailFn (http://localhost:41705/__cypress/runner/cypress_runner.js:132448:16)\n    at tryCatcher (http://localhost:41705/__cypress/runner/cypress_runner.js:167415:23)\n    at Promise._settlePromiseFromHandler (http://localhost:41705/__cypress/runner/cypress_runner.js:165351:31)\n    at Promise._settlePromise (http://localhost:41705/__cypress/runner/cypress_runner.js:165408:18)\n    at Promise._settlePromise0 (http://localhost:41705/__cypress/runner/cypress_runner.js:165453:10)\n    at Promise._settlePromises (http://localhost:41705/__cypress/runner/cypress_runner.js:165528:18)\n    at Async../node_modules/bluebird/js/release/async.js.Async._drainQueue (http://localhost:41705/__cypress/runner/cypress_runner.js:162140:16)\n    at Async../node_modules/bluebird/js/release/async.js.Async._drainQueues (http://localhost:41705/__cypress/runner/cypress_runner.js:162150:10)\n    at Async.drainQueues (http://localhost:41705/__cypress/runner/cypress_runner.js:162024:14)",
                "diff": null
              },
              "uuid": "d10d54ab-fcd9-46c1-a598-5ea2fdd6333a",
              "parentUUID": "a91ff07c-0da2-42ea-b3ad-f62c9a9cf232",
              "isHook": false,
              "skipped": false
            }
          ],
          "suites": [],
          "passes": [],
          "failures": [
            "71c79178-e51b-4a78-aeb3-38cec8abab5a",
            "ce591fe3-05c9-45fe-8809-7d9f144c5363",
            "d10d54ab-fcd9-46c1-a598-5ea2fdd6333a"
          ],
          "pending": [],
          "skipped": [],
          "duration": 15599,
          "root": false,
          "rootEmpty": false,
          "_timeout": 2000
        },
        {
          "uuid": "e4626024-21ff-4d6d-8b1a-1712999bb2fd",
          "title": "12 - Faça com que as cores da paleta sejam geradas aleatoriamente ao carregar a página.",
          "fullFile": "",
          "file": "",
          "beforeHooks": [],
          "afterHooks": [],
          "tests": [
            {
              "title": "Verifica se as cores geradas na paleta são diferentes a cada carregamento da página",
              "fullTitle": "12 - Faça com que as cores da paleta sejam geradas aleatoriamente ao carregar a página. Verifica se as cores geradas na paleta são diferentes a cada carregamento da página",
              "timedOut": null,
              "duration": 1619,
              "state": "failed",
              "speed": null,
              "pass": false,
              "fail": true,
              "pending": false,
              "context": null,
              "code": "cy.get('.color').then(function (colors) {\n  var currentColors;\n  var previousColors;\n  previousColors = Array.from(colors).map(function (color) {\n    return Cypress.$(color).css('background-color');\n  });\n  for (var i = 0; i < 5; i += 1) {\n    cy.reload();\n    cy.get('.color').then(function (colors) {\n      currentColors = Array.from(colors).map(function (color) {\n        return Cypress.$(color).css('background-color');\n      });\n      expect(currentColors).not.to.deep.equal(previousColors);\n      previousColors = currentColors;\n    });\n  }\n});",
              "err": {
                "message": "AssertionError: expected [ Array(4) ] to not deeply equal [ Array(4) ]",
                "estack": "AssertionError: expected [ Array(4) ] to not deeply equal [ Array(4) ]\n    at getRet (http://localhost:41705/__cypress/runner/cypress_runner.js:136585:16)\n    at tryCatcher (http://localhost:41705/__cypress/runner/cypress_runner.js:167415:23)\n    at Function.Promise.attempt.Promise.try (http://localhost:41705/__cypress/runner/cypress_runner.js:164690:29)\n    at Context.thenFn (http://localhost:41705/__cypress/runner/cypress_runner.js:136599:23)\n    at Context.then (http://localhost:41705/__cypress/runner/cypress_runner.js:136971:21)\n    at Context.<anonymous> (http://localhost:41705/__cypress/runner/cypress_runner.js:148875:21)\n    at http://localhost:41705/__cypress/runner/cypress_runner.js:148351:33\n    at tryCatcher (http://localhost:41705/__cypress/runner/cypress_runner.js:167415:23)\n    at Promise._settlePromiseFromHandler (http://localhost:41705/__cypress/runner/cypress_runner.js:165351:31)\n    at Promise._settlePromise (http://localhost:41705/__cypress/runner/cypress_runner.js:165408:18)\n    at Promise._settlePromiseCtx (http://localhost:41705/__cypress/runner/cypress_runner.js:165445:10)\n    at Async../node_modules/bluebird/js/release/async.js.Async._drainQueue (http://localhost:41705/__cypress/runner/cypress_runner.js:162145:12)\n    at Async../node_modules/bluebird/js/release/async.js.Async._drainQueues (http://localhost:41705/__cypress/runner/cypress_runner.js:162150:10)\n    at Async.drainQueues (http://localhost:41705/__cypress/runner/cypress_runner.js:162024:14)",
                "diff": ""
              },
              "uuid": "063dc193-7a85-47e1-acdd-04c24bda3a7d",
              "parentUUID": "e4626024-21ff-4d6d-8b1a-1712999bb2fd",
              "isHook": false,
              "skipped": false
            },
            {
              "title": "Verifica se a cor preta ainda está presente e é a primeira na sua paleta de cores",
              "fullTitle": "12 - Faça com que as cores da paleta sejam geradas aleatoriamente ao carregar a página. Verifica se a cor preta ainda está presente e é a primeira na sua paleta de cores",
              "timedOut": null,
              "duration": 1139,
              "state": "failed",
              "speed": null,
              "pass": false,
              "fail": true,
              "pending": false,
              "context": null,
              "code": "cy.get('.color').then(function (colors) {\n  var currentColors;\n  var previousColors;\n  previousColors = Array.from(colors).map(function (color) {\n    return Cypress.$(color).css('background-color');\n  });\n  expect(previousColors[0]).to.eq(BLACK);\n  for (var i = 0; i < 5; i += 1) {\n    cy.reload();\n    cy.get('.color').then(function (colors) {\n      currentColors = Array.from(colors).map(function (color) {\n        return Cypress.$(color).css('background-color');\n      });\n      expect(currentColors[0]).to.eq(BLACK);\n      expect(currentColors).not.to.deep.equal(previousColors);\n      previousColors = currentColors;\n    });\n  }\n});",
              "err": {
                "message": "AssertionError: expected [ Array(4) ] to not deeply equal [ Array(4) ]",
                "estack": "AssertionError: expected [ Array(4) ] to not deeply equal [ Array(4) ]\n    at getRet (http://localhost:41705/__cypress/runner/cypress_runner.js:136585:16)\n    at tryCatcher (http://localhost:41705/__cypress/runner/cypress_runner.js:167415:23)\n    at Function.Promise.attempt.Promise.try (http://localhost:41705/__cypress/runner/cypress_runner.js:164690:29)\n    at Context.thenFn (http://localhost:41705/__cypress/runner/cypress_runner.js:136599:23)\n    at Context.then (http://localhost:41705/__cypress/runner/cypress_runner.js:136971:21)\n    at Context.<anonymous> (http://localhost:41705/__cypress/runner/cypress_runner.js:148875:21)\n    at http://localhost:41705/__cypress/runner/cypress_runner.js:148351:33\n    at tryCatcher (http://localhost:41705/__cypress/runner/cypress_runner.js:167415:23)\n    at Promise._settlePromiseFromHandler (http://localhost:41705/__cypress/runner/cypress_runner.js:165351:31)\n    at Promise._settlePromise (http://localhost:41705/__cypress/runner/cypress_runner.js:165408:18)\n    at Promise._settlePromiseCtx (http://localhost:41705/__cypress/runner/cypress_runner.js:165445:10)\n    at Async../node_modules/bluebird/js/release/async.js.Async._drainQueue (http://localhost:41705/__cypress/runner/cypress_runner.js:162145:12)\n    at Async../node_modules/bluebird/js/release/async.js.Async._drainQueues (http://localhost:41705/__cypress/runner/cypress_runner.js:162150:10)\n    at Async.drainQueues (http://localhost:41705/__cypress/runner/cypress_runner.js:162024:14)",
                "diff": ""
              },
              "uuid": "26e56e87-f644-4bd9-b40b-9c333f24e684",
              "parentUUID": "e4626024-21ff-4d6d-8b1a-1712999bb2fd",
              "isHook": false,
              "skipped": false
            }
          ],
          "suites": [],
          "passes": [],
          "failures": [
            "063dc193-7a85-47e1-acdd-04c24bda3a7d",
            "26e56e87-f644-4bd9-b40b-9c333f24e684"
          ],
          "pending": [],
          "skipped": [],
          "duration": 2758,
          "root": false,
          "rootEmpty": false,
          "_timeout": 2000
        }
      ],
      "passes": [],
      "failures": [],
      "pending": [],
      "skipped": [],
      "duration": 0,
      "root": true,
      "rootEmpty": true,
      "_timeout": 2000
    }
  ],
  "meta": {
    "mocha": {
      "version": "7.0.1"
    },
    "mochawesome": {
      "options": {
        "quiet": false,
        "reportFilename": "mochawesome",
        "saveHtml": false,
        "saveJson": true,
        "consoleReporter": "spec",
        "useInlineDiffs": false
      },
      "version": "4.1.0"
    },
    "marge": {
      "options": {
        "id": "default",
        "reportDir": "cypress/reports",
        "overwrite": true,
        "html": false,
        "json": true
      },
      "version": "4.1.0"
    }
  }
}