{
  "stats": {
    "suites": 12,
    "tests": 41,
    "passes": 23,
    "pending": 0,
    "failures": 18,
    "start": "2021-08-15T07:16:06.568Z",
    "end": "2021-08-15T07:17:45.616Z",
    "duration": 99048,
    "testsRegistered": 41,
    "passPercent": 56.09756097560976,
    "pendingPercent": 0,
    "other": 0,
    "hasOther": false,
    "skipped": 0,
    "hasSkipped": false
  },
  "results": [
    {
      "uuid": "6ee43b32-69de-47b6-8271-f9c6ca6890fe",
      "title": "",
      "fullFile": "cypress/integration/project.spec.js",
      "file": "cypress/integration/project.spec.js",
      "beforeHooks": [],
      "afterHooks": [],
      "tests": [],
      "suites": [
        {
          "uuid": "ee8f1f38-c491-4d92-a543-d19822a3d20c",
          "title": "1 - Adicione à página o título \"Paleta de Cores\".",
          "fullFile": "",
          "file": "",
          "beforeHooks": [],
          "afterHooks": [],
          "tests": [
            {
              "title": "Verifica se contém um elemento `h1` com o id `title` com o título correto",
              "fullTitle": "1 - Adicione à página o título \"Paleta de Cores\". Verifica se contém um elemento `h1` com o id `title` com o título correto",
              "timedOut": null,
              "duration": 199,
              "state": "passed",
              "speed": "slow",
              "pass": true,
              "fail": false,
              "pending": false,
              "context": null,
              "code": "cy.get('h1#title').should('contain.text', 'Paleta de Cores');",
              "err": {},
              "uuid": "f2e9d2bb-b582-4dee-b714-7cfd0a464d56",
              "parentUUID": "ee8f1f38-c491-4d92-a543-d19822a3d20c",
              "isHook": false,
              "skipped": false
            }
          ],
          "suites": [],
          "passes": [
            "f2e9d2bb-b582-4dee-b714-7cfd0a464d56"
          ],
          "failures": [],
          "pending": [],
          "skipped": [],
          "duration": 199,
          "root": false,
          "rootEmpty": false,
          "_timeout": 2000
        },
        {
          "uuid": "a0ed0edd-c139-4b11-b7f8-828935d46d90",
          "title": "2 - Adicione à página uma paleta de quatro cores distintas.",
          "fullFile": "",
          "file": "",
          "beforeHooks": [],
          "afterHooks": [],
          "tests": [
            {
              "title": "A paleta de cores deve ser um elemento com `id` denominado `color-palette`",
              "fullTitle": "2 - Adicione à página uma paleta de quatro cores distintas. A paleta de cores deve ser um elemento com `id` denominado `color-palette`",
              "timedOut": null,
              "duration": 149,
              "state": "passed",
              "speed": "slow",
              "pass": true,
              "fail": false,
              "pending": false,
              "context": null,
              "code": "cy.get('#color-palette').should('be.visible');",
              "err": {},
              "uuid": "6b0a35af-9a4c-49f1-95c0-834f01e054bf",
              "parentUUID": "a0ed0edd-c139-4b11-b7f8-828935d46d90",
              "isHook": false,
              "skipped": false
            },
            {
              "title": "Verifica se cada cor individual da paleta de cores possui a `classe` chamada `color`.",
              "fullTitle": "2 - Adicione à página uma paleta de quatro cores distintas. Verifica se cada cor individual da paleta de cores possui a `classe` chamada `color`.",
              "timedOut": null,
              "duration": 147,
              "state": "passed",
              "speed": "slow",
              "pass": true,
              "fail": false,
              "pending": false,
              "context": null,
              "code": "cy.get('.color').should('have.length', 4).then(function (colors) {\n  for (var i = 0; i < colors.length; i++) {\n    cy.wrap(colors[i]).should('be.visible');\n  }\n});",
              "err": {},
              "uuid": "baafda82-9e50-40db-baf2-44d5246a17c3",
              "parentUUID": "a0ed0edd-c139-4b11-b7f8-828935d46d90",
              "isHook": false,
              "skipped": false
            },
            {
              "title": "Verifica se a cor de fundo de cada elemento da paleta é a cor que o elemento representa. **A única cor não permitida na paleta é a cor branca.**",
              "fullTitle": "2 - Adicione à página uma paleta de quatro cores distintas. Verifica se a cor de fundo de cada elemento da paleta é a cor que o elemento representa. **A única cor não permitida na paleta é a cor branca.**",
              "timedOut": null,
              "duration": 218,
              "state": "passed",
              "speed": "slow",
              "pass": true,
              "fail": false,
              "pending": false,
              "context": null,
              "code": "cy.get('.color').each(function (color) {\n  cy.wrap(color).should('have.class', 'color').and('not.have.css', 'background-color', WHITE);\n  cy.wrap(color).should('have.css', 'background-color');\n});",
              "err": {},
              "uuid": "dfb7febb-6352-4ea0-96aa-5273e6add92d",
              "parentUUID": "a0ed0edd-c139-4b11-b7f8-828935d46d90",
              "isHook": false,
              "skipped": false
            },
            {
              "title": "Verifica se cada elemento da paleta de cores tem uma borda preta, sólida e com 1 pixel de largura;",
              "fullTitle": "2 - Adicione à página uma paleta de quatro cores distintas. Verifica se cada elemento da paleta de cores tem uma borda preta, sólida e com 1 pixel de largura;",
              "timedOut": null,
              "duration": 168,
              "state": "passed",
              "speed": "slow",
              "pass": true,
              "fail": false,
              "pending": false,
              "context": null,
              "code": "cy.get('.color').each(function (color) {\n  cy.wrap(color).and('have.css', 'border', \"1px solid \".concat(BLACK)).and('have.class', 'color');\n});",
              "err": {},
              "uuid": "84bc767b-72da-4079-95ed-01ed84243526",
              "parentUUID": "a0ed0edd-c139-4b11-b7f8-828935d46d90",
              "isHook": false,
              "skipped": false
            },
            {
              "title": "Verifica se a paleta lista todas as cores disponíveis para utilização, lado a lado.",
              "fullTitle": "2 - Adicione à página uma paleta de quatro cores distintas. Verifica se a paleta lista todas as cores disponíveis para utilização, lado a lado.",
              "timedOut": null,
              "duration": 121,
              "state": "passed",
              "speed": "slow",
              "pass": true,
              "fail": false,
              "pending": false,
              "context": null,
              "code": "cy.get('.color').then(function (colors) {\n  for (var index = 1; index < colors.length; index += 1) {\n    var currentColor = colors[index];\n    var previousColor = colors[index - 1];\n    cy.wrap(currentColor).should('be.onTheRightOf', previousColor).and('be.horizontallyAlignedWith', previousColor);\n  }\n});",
              "err": {},
              "uuid": "baa1576e-56e9-474b-b6fa-9c6ba9baab00",
              "parentUUID": "a0ed0edd-c139-4b11-b7f8-828935d46d90",
              "isHook": false,
              "skipped": false
            },
            {
              "title": "Verifica se a paleta de cores está posicionada abaixo do título 'Paleta de Cores'",
              "fullTitle": "2 - Adicione à página uma paleta de quatro cores distintas. Verifica se a paleta de cores está posicionada abaixo do título 'Paleta de Cores'",
              "timedOut": null,
              "duration": 102,
              "state": "passed",
              "speed": "slow",
              "pass": true,
              "fail": false,
              "pending": false,
              "context": null,
              "code": "cy.get('h1#title').then(function (title) {\n  cy.get('#color-palette').should('be.belowOf', title);\n});",
              "err": {},
              "uuid": "544b6ac8-32a0-444a-9a20-2518a9e80988",
              "parentUUID": "a0ed0edd-c139-4b11-b7f8-828935d46d90",
              "isHook": false,
              "skipped": false
            },
            {
              "title": "Verifica se a paleta de cores não contém cores repetidas.",
              "fullTitle": "2 - Adicione à página uma paleta de quatro cores distintas. Verifica se a paleta de cores não contém cores repetidas.",
              "timedOut": null,
              "duration": 144,
              "state": "passed",
              "speed": "slow",
              "pass": true,
              "fail": false,
              "pending": false,
              "context": null,
              "code": "cy.get('.color').then(function (colors) {\n  var allColors = Array.from(colors).map(function (color) {\n    return Cypress.$(color).css('background-color');\n  });\n  cy.log(allColors);\n  var uniqColors = (0, _toConsumableArray2[\"default\"])(new Set(allColors));\n  cy.log(uniqColors);\n  expect(allColors.length).to.eq(uniqColors.length);\n});",
              "err": {},
              "uuid": "fc323833-5ffc-47e0-9795-1f1726741ff9",
              "parentUUID": "a0ed0edd-c139-4b11-b7f8-828935d46d90",
              "isHook": false,
              "skipped": false
            }
          ],
          "suites": [],
          "passes": [
            "6b0a35af-9a4c-49f1-95c0-834f01e054bf",
            "baafda82-9e50-40db-baf2-44d5246a17c3",
            "dfb7febb-6352-4ea0-96aa-5273e6add92d",
            "84bc767b-72da-4079-95ed-01ed84243526",
            "baa1576e-56e9-474b-b6fa-9c6ba9baab00",
            "544b6ac8-32a0-444a-9a20-2518a9e80988",
            "fc323833-5ffc-47e0-9795-1f1726741ff9"
          ],
          "failures": [],
          "pending": [],
          "skipped": [],
          "duration": 1049,
          "root": false,
          "rootEmpty": false,
          "_timeout": 2000
        },
        {
          "uuid": "b9641162-473f-4f83-86ae-8fe38047a719",
          "title": "3 - Adicione a cor **preta** como a primeira cor da paleta de cores.",
          "fullFile": "",
          "file": "",
          "beforeHooks": [],
          "afterHooks": [],
          "tests": [
            {
              "title": "Verifica se a primeira cor da paleta é preta",
              "fullTitle": "3 - Adicione a cor **preta** como a primeira cor da paleta de cores. Verifica se a primeira cor da paleta é preta",
              "timedOut": null,
              "duration": 102,
              "state": "passed",
              "speed": "slow",
              "pass": true,
              "fail": false,
              "pending": false,
              "context": null,
              "code": "cy.get('.color').first().should('have.css', 'background-color', BLACK);",
              "err": {},
              "uuid": "a120d415-d35f-40b6-bbe9-dac272c2406c",
              "parentUUID": "b9641162-473f-4f83-86ae-8fe38047a719",
              "isHook": false,
              "skipped": false
            },
            {
              "title": "Verifica se as demais cores podem ser escolhidas livremente.",
              "fullTitle": "3 - Adicione a cor **preta** como a primeira cor da paleta de cores. Verifica se as demais cores podem ser escolhidas livremente.",
              "timedOut": null,
              "duration": 216,
              "state": "passed",
              "speed": "slow",
              "pass": true,
              "fail": false,
              "pending": false,
              "context": null,
              "code": "cy.get('.color').eq(1).should('not.have.css', 'background-color', BLACK);\ncy.get('.color').eq(1).should('not.have.css', 'background-color', WHITE);\ncy.get('.color').eq(1).should('not.have.css', 'background-color', 'rgba(0, 0, 0, 0)');\ncy.get('.color').eq(1).should('have.css', 'background-color');\ncy.get('.color').eq(2).should('not.have.css', 'background-color', BLACK);\ncy.get('.color').eq(2).should('not.have.css', 'background-color', WHITE);\ncy.get('.color').eq(2).should('not.have.css', 'background-color', 'rgba(0, 0, 0, 0)');\ncy.get('.color').eq(2).should('have.css', 'background-color');\ncy.get('.color').eq(3).should('not.have.css', 'background-color', BLACK);\ncy.get('.color').eq(3).should('not.have.css', 'background-color', WHITE);\ncy.get('.color').eq(3).should('not.have.css', 'background-color', 'rgba(0, 0, 0, 0)');\ncy.get('.color').eq(3).should('have.css', 'background-color');",
              "err": {},
              "uuid": "133a4d7e-5b84-4e94-a073-7d3cd6178c9b",
              "parentUUID": "b9641162-473f-4f83-86ae-8fe38047a719",
              "isHook": false,
              "skipped": false
            }
          ],
          "suites": [],
          "passes": [
            "a120d415-d35f-40b6-bbe9-dac272c2406c",
            "133a4d7e-5b84-4e94-a073-7d3cd6178c9b"
          ],
          "failures": [],
          "pending": [],
          "skipped": [],
          "duration": 318,
          "root": false,
          "rootEmpty": false,
          "_timeout": 2000
        },
        {
          "uuid": "616ab89f-747c-4f57-8d09-1882ba401901",
          "title": "4 - Adicione à página um quadro de pixels, com 25 pixels.",
          "fullFile": "",
          "file": "",
          "beforeHooks": [],
          "afterHooks": [],
          "tests": [
            {
              "title": "Verifica se o quadro de pixels possui o `id` denominado `pixel-board`",
              "fullTitle": "4 - Adicione à página um quadro de pixels, com 25 pixels. Verifica se o quadro de pixels possui o `id` denominado `pixel-board`",
              "timedOut": null,
              "duration": 93,
              "state": "passed",
              "speed": "slow",
              "pass": true,
              "fail": false,
              "pending": false,
              "context": null,
              "code": "cy.get('#pixel-board').should('be.visible');",
              "err": {},
              "uuid": "0d11a5f4-6234-4c57-9cbe-9e59b94b284e",
              "parentUUID": "616ab89f-747c-4f57-8d09-1882ba401901",
              "isHook": false,
              "skipped": false
            },
            {
              "title": "Verifica se cada pixel individual dentro do quadro possui a `classe` denominada `pixel`.",
              "fullTitle": "4 - Adicione à página um quadro de pixels, com 25 pixels. Verifica se cada pixel individual dentro do quadro possui a `classe` denominada `pixel`.",
              "timedOut": null,
              "duration": 163,
              "state": "passed",
              "speed": "slow",
              "pass": true,
              "fail": false,
              "pending": false,
              "context": null,
              "code": "cy.get('.pixel').should('have.length', 25);",
              "err": {},
              "uuid": "41ae9ac0-5bf6-4169-9891-97191b28f6d5",
              "parentUUID": "616ab89f-747c-4f57-8d09-1882ba401901",
              "isHook": false,
              "skipped": false
            },
            {
              "title": "Verifica se a cor inicial dos pixels dentro do quadro, ao abrir a página, é branca.",
              "fullTitle": "4 - Adicione à página um quadro de pixels, com 25 pixels. Verifica se a cor inicial dos pixels dentro do quadro, ao abrir a página, é branca.",
              "timedOut": null,
              "duration": 171,
              "state": "passed",
              "speed": "slow",
              "pass": true,
              "fail": false,
              "pending": false,
              "context": null,
              "code": "cy.get('.pixel').should('have.length', 25).each(function (pixel) {\n  expect(pixel).to.have.css('background-color', WHITE);\n});",
              "err": {},
              "uuid": "6fa9bddc-3bc7-409a-9aa1-4452d26505f3",
              "parentUUID": "616ab89f-747c-4f57-8d09-1882ba401901",
              "isHook": false,
              "skipped": false
            },
            {
              "title": "Verifica se o quadro de pixels aparece abaixo da paleta de cores",
              "fullTitle": "4 - Adicione à página um quadro de pixels, com 25 pixels. Verifica se o quadro de pixels aparece abaixo da paleta de cores",
              "timedOut": null,
              "duration": 131,
              "state": "passed",
              "speed": "slow",
              "pass": true,
              "fail": false,
              "pending": false,
              "context": null,
              "code": "cy.get('#color-palette').then(function (palette) {\n  cy.get('#pixel-board').should('be.belowOf', palette);\n});",
              "err": {},
              "uuid": "68d4195b-01f5-490d-9184-cce62e5f9563",
              "parentUUID": "616ab89f-747c-4f57-8d09-1882ba401901",
              "isHook": false,
              "skipped": false
            }
          ],
          "suites": [],
          "passes": [
            "0d11a5f4-6234-4c57-9cbe-9e59b94b284e",
            "41ae9ac0-5bf6-4169-9891-97191b28f6d5",
            "6fa9bddc-3bc7-409a-9aa1-4452d26505f3",
            "68d4195b-01f5-490d-9184-cce62e5f9563"
          ],
          "failures": [],
          "pending": [],
          "skipped": [],
          "duration": 558,
          "root": false,
          "rootEmpty": false,
          "_timeout": 2000
        },
        {
          "uuid": "5dc30900-3b7e-4d89-95de-76f6858cb111",
          "title": "5 - Faça com que cada elemento do quadro de pixels possua 40 pixels de largura, 40 pixels de altura e seja delimitado por uma borda preta de 1 pixel.",
          "fullFile": "",
          "file": "",
          "beforeHooks": [],
          "afterHooks": [],
          "tests": [
            {
              "title": "Verifica se o quadro de pixels tem altura e comprimento de 5 elementos",
              "fullTitle": "5 - Faça com que cada elemento do quadro de pixels possua 40 pixels de largura, 40 pixels de altura e seja delimitado por uma borda preta de 1 pixel. Verifica se o quadro de pixels tem altura e comprimento de 5 elementos",
              "timedOut": null,
              "duration": 316,
              "state": "passed",
              "speed": "slow",
              "pass": true,
              "fail": false,
              "pending": false,
              "context": null,
              "code": "cy.get('.pixel').should('have.length', 25).each(function (pixel) {\n  expect(pixel).to.have.css('background-color', WHITE);\n}).and(function (pixels) {\n  var rows = chunk(pixels, 5);\n  rows.forEach(function (row) {\n    for (var index = 1; index < row.length; index += 1) {\n      var current = pixels[index];\n      var previous = pixels[index - 1];\n      cy.wrap(current).should('be.onTheRightOf', previous).and('be.horizontallyAlignedWith', previous);\n    }\n  });\n  for (var index = 1; index < 5; index += 1) {\n    expect(pixels[index * 5]).to.be.belowOf(pixels[(index - 1) * 5]);\n  }\n});",
              "err": {},
              "uuid": "c94c6e5b-c35f-40d7-9346-4f46b944a8f5",
              "parentUUID": "5dc30900-3b7e-4d89-95de-76f6858cb111",
              "isHook": false,
              "skipped": false
            },
            {
              "title": "Verifica se 40 pixels é o tamanho total do elemento, incluindo seu conteúdo e excluindo a borda preta, que deve ser criada à parte.",
              "fullTitle": "5 - Faça com que cada elemento do quadro de pixels possua 40 pixels de largura, 40 pixels de altura e seja delimitado por uma borda preta de 1 pixel. Verifica se 40 pixels é o tamanho total do elemento, incluindo seu conteúdo e excluindo a borda preta, que deve ser criada à parte.",
              "timedOut": null,
              "duration": 296,
              "state": "passed",
              "speed": "slow",
              "pass": true,
              "fail": false,
              "pending": false,
              "context": null,
              "code": "cy.get('.pixel').each(function (pixel) {\n  cy.wrap(pixel).should('have.css', 'height', '40px').and('have.css', 'width', '40px').and('have.css', 'border', \"1px solid \".concat(BLACK));\n});",
              "err": {},
              "uuid": "10f3da76-f1cc-4b3d-9017-ca76c86272a4",
              "parentUUID": "5dc30900-3b7e-4d89-95de-76f6858cb111",
              "isHook": false,
              "skipped": false
            }
          ],
          "suites": [],
          "passes": [
            "c94c6e5b-c35f-40d7-9346-4f46b944a8f5",
            "10f3da76-f1cc-4b3d-9017-ca76c86272a4"
          ],
          "failures": [],
          "pending": [],
          "skipped": [],
          "duration": 612,
          "root": false,
          "rootEmpty": false,
          "_timeout": 2000
        },
        {
          "uuid": "1d279751-1b42-40bb-97c3-1c662648a7a6",
          "title": "6 - Defina a cor preta como cor inicial. Ao carregar a página a cor preta já deve estar selecionada para pintar os pixels",
          "fullFile": "",
          "file": "",
          "beforeHooks": [],
          "afterHooks": [],
          "tests": [
            {
              "title": "Verifica se o elemento da cor preta possui, inicialmente, a `classe` `selected`",
              "fullTitle": "6 - Defina a cor preta como cor inicial. Ao carregar a página a cor preta já deve estar selecionada para pintar os pixels Verifica se o elemento da cor preta possui, inicialmente, a `classe` `selected`",
              "timedOut": null,
              "duration": 71,
              "state": "passed",
              "speed": "medium",
              "pass": true,
              "fail": false,
              "pending": false,
              "context": null,
              "code": "cy.get('.selected').first().should('have.css', 'background-color', BLACK);",
              "err": {},
              "uuid": "acb52fe1-2d33-4288-970f-eef33da37435",
              "parentUUID": "1d279751-1b42-40bb-97c3-1c662648a7a6",
              "isHook": false,
              "skipped": false
            },
            {
              "title": "Verifica se nenhuma outra cor da paleta tem a `classe` `selected`",
              "fullTitle": "6 - Defina a cor preta como cor inicial. Ao carregar a página a cor preta já deve estar selecionada para pintar os pixels Verifica se nenhuma outra cor da paleta tem a `classe` `selected`",
              "timedOut": null,
              "duration": 122,
              "state": "passed",
              "speed": "slow",
              "pass": true,
              "fail": false,
              "pending": false,
              "context": null,
              "code": "cy.get('.color:not(:first-child)').each(function (color) {\n  cy.wrap(color).should('not.have.class', 'selected');\n});",
              "err": {},
              "uuid": "a3bcb394-d9e0-4412-8638-ab675b331fc8",
              "parentUUID": "1d279751-1b42-40bb-97c3-1c662648a7a6",
              "isHook": false,
              "skipped": false
            }
          ],
          "suites": [],
          "passes": [
            "acb52fe1-2d33-4288-970f-eef33da37435",
            "a3bcb394-d9e0-4412-8638-ab675b331fc8"
          ],
          "failures": [],
          "pending": [],
          "skipped": [],
          "duration": 193,
          "root": false,
          "rootEmpty": false,
          "_timeout": 2000
        },
        {
          "uuid": "0fc3eea0-9f30-4935-be30-469d0d11f9c5",
          "title": "7 - Clicar em uma das cores da paleta, faz com que ela seja selecionada e utilizada para preencher os pixels no quadro.",
          "fullFile": "",
          "file": "",
          "beforeHooks": [],
          "afterHooks": [],
          "tests": [
            {
              "title": "Verifica se somente uma cor da paleta de cores tem a classe `selected` de cada vez",
              "fullTitle": "7 - Clicar em uma das cores da paleta, faz com que ela seja selecionada e utilizada para preencher os pixels no quadro. Verifica se somente uma cor da paleta de cores tem a classe `selected` de cada vez",
              "timedOut": null,
              "duration": 476,
              "state": "passed",
              "speed": "slow",
              "pass": true,
              "fail": false,
              "pending": false,
              "context": null,
              "code": "cy.get('.color').each(function (selectedColor, selectedColorIndex) {\n  cy.wrap(selectedColor).click();\n  cy.get('.color').each(function (color, colorIndex) {\n    if (colorIndex === selectedColorIndex) {\n      expect(color).to.have[\"class\"]('selected');\n    } else {\n      expect(color).not.to.have[\"class\"]('selected');\n    }\n  });\n});",
              "err": {},
              "uuid": "69db3ae9-ae1f-471b-884c-a3739a6c0609",
              "parentUUID": "0fc3eea0-9f30-4935-be30-469d0d11f9c5",
              "isHook": false,
              "skipped": false
            },
            {
              "title": "Verifica se os pixels dentro do quadro não têm a classe `selected` quando são clicados",
              "fullTitle": "7 - Clicar em uma das cores da paleta, faz com que ela seja selecionada e utilizada para preencher os pixels no quadro. Verifica se os pixels dentro do quadro não têm a classe `selected` quando são clicados",
              "timedOut": null,
              "duration": 8820,
              "state": "passed",
              "speed": "slow",
              "pass": true,
              "fail": false,
              "pending": false,
              "context": null,
              "code": "cy.get('.color').each(function (color) {\n  var backgroundColor = color.css('background-color');\n  cy.wrap(color).click();\n  cy.get('.pixel').each(function (pixel) {\n    cy.wrap(pixel).click().should('not.have.class', 'selected');\n  });\n});",
              "err": {},
              "uuid": "b6bde593-2698-4165-8c6c-6b1e5511a6ab",
              "parentUUID": "0fc3eea0-9f30-4935-be30-469d0d11f9c5",
              "isHook": false,
              "skipped": false
            }
          ],
          "suites": [],
          "passes": [
            "69db3ae9-ae1f-471b-884c-a3739a6c0609",
            "b6bde593-2698-4165-8c6c-6b1e5511a6ab"
          ],
          "failures": [],
          "pending": [],
          "skipped": [],
          "duration": 9296,
          "root": false,
          "rootEmpty": false,
          "_timeout": 2000
        },
        {
          "uuid": "a856f3df-2a05-4b5a-883f-9655f47231cf",
          "title": "8 - Clicar em um pixel dentro do quadro após selecionar uma cor na paleta, faz com que o pixel seja preenchido com a cor selecionada.",
          "fullFile": "",
          "file": "",
          "beforeHooks": [],
          "afterHooks": [],
          "tests": [
            {
              "title": "Verifica se ao carregar a página deve ser possível pintar os pixels de preto",
              "fullTitle": "8 - Clicar em um pixel dentro do quadro após selecionar uma cor na paleta, faz com que o pixel seja preenchido com a cor selecionada. Verifica se ao carregar a página deve ser possível pintar os pixels de preto",
              "timedOut": null,
              "duration": 2238,
              "state": "passed",
              "speed": "slow",
              "pass": true,
              "fail": false,
              "pending": false,
              "context": null,
              "code": "cy.get('.pixel').each(function (pixel) {\n  cy.wrap(pixel).click().should('have.css', 'background-color', BLACK);\n});",
              "err": {},
              "uuid": "4c32bef0-7886-4d0c-ad5f-4fc0b4d1ba71",
              "parentUUID": "a856f3df-2a05-4b5a-883f-9655f47231cf",
              "isHook": false,
              "skipped": false
            },
            {
              "title": "Verifica se após selecionar uma outra cor na paleta, é possível pintar os pixels com essa cor",
              "fullTitle": "8 - Clicar em um pixel dentro do quadro após selecionar uma cor na paleta, faz com que o pixel seja preenchido com a cor selecionada. Verifica se após selecionar uma outra cor na paleta, é possível pintar os pixels com essa cor",
              "timedOut": null,
              "duration": 8692,
              "state": "passed",
              "speed": "slow",
              "pass": true,
              "fail": false,
              "pending": false,
              "context": null,
              "code": "cy.get('.color').each(function (color) {\n  var backgroundColor = color.css('background-color');\n  cy.wrap(color).click();\n  cy.get('.pixel').each(function (pixel) {\n    cy.wrap(pixel).click().should('have.css', 'background-color', backgroundColor);\n  });\n});",
              "err": {},
              "uuid": "85f7f518-b8e2-42cb-98f9-c112413029d6",
              "parentUUID": "a856f3df-2a05-4b5a-883f-9655f47231cf",
              "isHook": false,
              "skipped": false
            },
            {
              "title": "Verifica se somente o pixel que foi clicado foi preenchido com a cor selecionada, sem influenciar na cor dos demais pixels.",
              "fullTitle": "8 - Clicar em um pixel dentro do quadro após selecionar uma cor na paleta, faz com que o pixel seja preenchido com a cor selecionada. Verifica se somente o pixel que foi clicado foi preenchido com a cor selecionada, sem influenciar na cor dos demais pixels.",
              "timedOut": null,
              "duration": 1482,
              "state": "passed",
              "speed": "slow",
              "pass": true,
              "fail": false,
              "pending": false,
              "context": null,
              "code": "var colorToPixelIndexMap = {\n  0: 6,\n  1: 8,\n  2: 16,\n  3: 18\n};\ncy.get('.color').each(function (color, index) {\n  cy.wrap(color).click();\n  var backgroundColor = color.css('background-color');\n  var clickedPixelIndex = colorToPixelIndexMap[index];\n  cy.get('.pixel').eq(clickedPixelIndex).click();\n  cy.get('.pixel').eq(clickedPixelIndex - 1).should('not.have.css', 'background-color', backgroundColor);\n  cy.get('.pixel').eq(clickedPixelIndex + 1).should('not.have.css', 'background-color', backgroundColor);\n  cy.get('.pixel').eq(clickedPixelIndex - 5).should('not.have.css', 'background-color', backgroundColor);\n  cy.get('.pixel').eq(clickedPixelIndex + 5).should('not.have.css', 'background-color', backgroundColor);\n  cy.get('.pixel').eq(clickedPixelIndex - 6).should('not.have.css', 'background-color', backgroundColor);\n  cy.get('.pixel').eq(clickedPixelIndex - 4).should('not.have.css', 'background-color', backgroundColor);\n  cy.get('.pixel').eq(clickedPixelIndex + 4).should('not.have.css', 'background-color', backgroundColor);\n  cy.get('.pixel').eq(clickedPixelIndex + 6).should('not.have.css', 'background-color', backgroundColor);\n});",
              "err": {},
              "uuid": "fec1c301-21f5-44b3-9f18-31905d9a0715",
              "parentUUID": "a856f3df-2a05-4b5a-883f-9655f47231cf",
              "isHook": false,
              "skipped": false
            }
          ],
          "suites": [],
          "passes": [
            "4c32bef0-7886-4d0c-ad5f-4fc0b4d1ba71",
            "85f7f518-b8e2-42cb-98f9-c112413029d6",
            "fec1c301-21f5-44b3-9f18-31905d9a0715"
          ],
          "failures": [],
          "pending": [],
          "skipped": [],
          "duration": 12412,
          "root": false,
          "rootEmpty": false,
          "_timeout": 2000
        },
        {
          "uuid": "45dd6d5a-5578-467f-b5cb-a56114c881f9",
          "title": "9 - Crie um botão que, ao ser clicado, limpa o quadro preenchendo a cor de todos seus pixels com branco.",
          "fullFile": "",
          "file": "",
          "beforeHooks": [],
          "afterHooks": [],
          "tests": [
            {
              "title": "Verifica se o botão tem o `id` denominado `clear-board`",
              "fullTitle": "9 - Crie um botão que, ao ser clicado, limpa o quadro preenchendo a cor de todos seus pixels com branco. Verifica se o botão tem o `id` denominado `clear-board`",
              "timedOut": null,
              "duration": 4315,
              "state": "failed",
              "speed": null,
              "pass": false,
              "fail": true,
              "pending": false,
              "context": null,
              "code": "cy.get('#clear-board').should('be.visible');",
              "err": {
                "message": "CypressError: Timed out retrying: Expected to find element: '#clear-board', but never found it.",
                "estack": "CypressError: Timed out retrying: Expected to find element: '#clear-board', but never found it.\n    at cypressErr (http://localhost:42553/__cypress/runner/cypress_runner.js:149934:9)\n    at throwErr (http://localhost:42553/__cypress/runner/cypress_runner.js:149867:11)\n    at Object.throwErrByPath (http://localhost:42553/__cypress/runner/cypress_runner.js:149915:3)\n    at retry (http://localhost:42553/__cypress/runner/cypress_runner.js:144197:19)\n    at onFailFn (http://localhost:42553/__cypress/runner/cypress_runner.js:132448:16)\n    at tryCatcher (http://localhost:42553/__cypress/runner/cypress_runner.js:167415:23)\n    at Promise._settlePromiseFromHandler (http://localhost:42553/__cypress/runner/cypress_runner.js:165351:31)\n    at Promise._settlePromise (http://localhost:42553/__cypress/runner/cypress_runner.js:165408:18)\n    at Promise._settlePromise0 (http://localhost:42553/__cypress/runner/cypress_runner.js:165453:10)\n    at Promise._settlePromises (http://localhost:42553/__cypress/runner/cypress_runner.js:165528:18)\n    at Async../node_modules/bluebird/js/release/async.js.Async._drainQueue (http://localhost:42553/__cypress/runner/cypress_runner.js:162140:16)\n    at Async../node_modules/bluebird/js/release/async.js.Async._drainQueues (http://localhost:42553/__cypress/runner/cypress_runner.js:162150:10)\n    at Async.drainQueues (http://localhost:42553/__cypress/runner/cypress_runner.js:162024:14)",
                "diff": null
              },
              "uuid": "0a7d8347-ae67-4ea6-9c4d-3ffb1aa4b53c",
              "parentUUID": "45dd6d5a-5578-467f-b5cb-a56114c881f9",
              "isHook": false,
              "skipped": false
            },
            {
              "title": "Verifica se o botão está posicionado entre a paleta de cores e o quadro de pixels",
              "fullTitle": "9 - Crie um botão que, ao ser clicado, limpa o quadro preenchendo a cor de todos seus pixels com branco. Verifica se o botão está posicionado entre a paleta de cores e o quadro de pixels",
              "timedOut": null,
              "duration": 4376,
              "state": "failed",
              "speed": null,
              "pass": false,
              "fail": true,
              "pending": false,
              "context": null,
              "code": "cy.get('#color-palette').then(function (palette) {\n  cy.get('#clear-board').should('be.belowOf', palette);\n});\ncy.get('#clear-board').then(function (clearBtn) {\n  cy.get('#pixel-board').should('be.belowOf', clearBtn);\n});",
              "err": {
                "message": "CypressError: Timed out retrying: Expected to find element: '#clear-board', but never found it.",
                "estack": "CypressError: Timed out retrying: Expected to find element: '#clear-board', but never found it.\n    at cypressErr (http://localhost:42553/__cypress/runner/cypress_runner.js:149934:9)\n    at throwErr (http://localhost:42553/__cypress/runner/cypress_runner.js:149867:11)\n    at Object.throwErrByPath (http://localhost:42553/__cypress/runner/cypress_runner.js:149915:3)\n    at retry (http://localhost:42553/__cypress/runner/cypress_runner.js:144197:19)\n    at onFailFn (http://localhost:42553/__cypress/runner/cypress_runner.js:132448:16)\n    at tryCatcher (http://localhost:42553/__cypress/runner/cypress_runner.js:167415:23)\n    at Promise._settlePromiseFromHandler (http://localhost:42553/__cypress/runner/cypress_runner.js:165351:31)\n    at Promise._settlePromise (http://localhost:42553/__cypress/runner/cypress_runner.js:165408:18)\n    at Promise._settlePromise0 (http://localhost:42553/__cypress/runner/cypress_runner.js:165453:10)\n    at Promise._settlePromises (http://localhost:42553/__cypress/runner/cypress_runner.js:165528:18)\n    at Async../node_modules/bluebird/js/release/async.js.Async._drainQueue (http://localhost:42553/__cypress/runner/cypress_runner.js:162140:16)\n    at Async../node_modules/bluebird/js/release/async.js.Async._drainQueues (http://localhost:42553/__cypress/runner/cypress_runner.js:162150:10)\n    at Async.drainQueues (http://localhost:42553/__cypress/runner/cypress_runner.js:162024:14)",
                "diff": null
              },
              "uuid": "4d9687db-b3e8-4234-91b1-cdf4d64a3b76",
              "parentUUID": "45dd6d5a-5578-467f-b5cb-a56114c881f9",
              "isHook": false,
              "skipped": false
            },
            {
              "title": "Verifica se o texto do botão é 'Limpar'",
              "fullTitle": "9 - Crie um botão que, ao ser clicado, limpa o quadro preenchendo a cor de todos seus pixels com branco. Verifica se o texto do botão é 'Limpar'",
              "timedOut": null,
              "duration": 4347,
              "state": "failed",
              "speed": null,
              "pass": false,
              "fail": true,
              "pending": false,
              "context": null,
              "code": "cy.get('#clear-board').should('contain.text', 'Limpar');",
              "err": {
                "message": "CypressError: Timed out retrying: Expected to find element: '#clear-board', but never found it.",
                "estack": "CypressError: Timed out retrying: Expected to find element: '#clear-board', but never found it.\n    at cypressErr (http://localhost:42553/__cypress/runner/cypress_runner.js:149934:9)\n    at throwErr (http://localhost:42553/__cypress/runner/cypress_runner.js:149867:11)\n    at Object.throwErrByPath (http://localhost:42553/__cypress/runner/cypress_runner.js:149915:3)\n    at retry (http://localhost:42553/__cypress/runner/cypress_runner.js:144197:19)\n    at onFailFn (http://localhost:42553/__cypress/runner/cypress_runner.js:132448:16)\n    at tryCatcher (http://localhost:42553/__cypress/runner/cypress_runner.js:167415:23)\n    at Promise._settlePromiseFromHandler (http://localhost:42553/__cypress/runner/cypress_runner.js:165351:31)\n    at Promise._settlePromise (http://localhost:42553/__cypress/runner/cypress_runner.js:165408:18)\n    at Promise._settlePromise0 (http://localhost:42553/__cypress/runner/cypress_runner.js:165453:10)\n    at Promise._settlePromises (http://localhost:42553/__cypress/runner/cypress_runner.js:165528:18)\n    at Async../node_modules/bluebird/js/release/async.js.Async._drainQueue (http://localhost:42553/__cypress/runner/cypress_runner.js:162140:16)\n    at Async../node_modules/bluebird/js/release/async.js.Async._drainQueues (http://localhost:42553/__cypress/runner/cypress_runner.js:162150:10)\n    at Async.drainQueues (http://localhost:42553/__cypress/runner/cypress_runner.js:162024:14)",
                "diff": null
              },
              "uuid": "eb400845-d690-4912-b8ab-e4c46f19869c",
              "parentUUID": "45dd6d5a-5578-467f-b5cb-a56114c881f9",
              "isHook": false,
              "skipped": false
            },
            {
              "title": "Verifica se ao clicar no botão, o quadro de pixels é totalmente preenchido de branco",
              "fullTitle": "9 - Crie um botão que, ao ser clicado, limpa o quadro preenchendo a cor de todos seus pixels com branco. Verifica se ao clicar no botão, o quadro de pixels é totalmente preenchido de branco",
              "timedOut": null,
              "duration": 6505,
              "state": "failed",
              "speed": null,
              "pass": false,
              "fail": true,
              "pending": false,
              "context": null,
              "code": "cy.get('.color').eq(1).then(function (color) {\n  var backgroundColor = color.css('background-color');\n  cy.wrap(color).click();\n  cy.get('.pixel').each(function (pixel) {\n    cy.wrap(pixel).click().should('have.css', 'background-color', backgroundColor);\n  });\n});\ncy.get('#clear-board').click();\ncy.get('.pixel').each(function (pixel) {\n  cy.wrap(pixel).should('have.css', 'background-color', WHITE);\n});",
              "err": {
                "message": "CypressError: Timed out retrying: Expected to find element: '#clear-board', but never found it.",
                "estack": "CypressError: Timed out retrying: Expected to find element: '#clear-board', but never found it.\n    at cypressErr (http://localhost:42553/__cypress/runner/cypress_runner.js:149934:9)\n    at throwErr (http://localhost:42553/__cypress/runner/cypress_runner.js:149867:11)\n    at Object.throwErrByPath (http://localhost:42553/__cypress/runner/cypress_runner.js:149915:3)\n    at retry (http://localhost:42553/__cypress/runner/cypress_runner.js:144197:19)\n    at onFailFn (http://localhost:42553/__cypress/runner/cypress_runner.js:132448:16)\n    at tryCatcher (http://localhost:42553/__cypress/runner/cypress_runner.js:167415:23)\n    at Promise._settlePromiseFromHandler (http://localhost:42553/__cypress/runner/cypress_runner.js:165351:31)\n    at Promise._settlePromise (http://localhost:42553/__cypress/runner/cypress_runner.js:165408:18)\n    at Promise._settlePromise0 (http://localhost:42553/__cypress/runner/cypress_runner.js:165453:10)\n    at Promise._settlePromises (http://localhost:42553/__cypress/runner/cypress_runner.js:165528:18)\n    at Async../node_modules/bluebird/js/release/async.js.Async._drainQueue (http://localhost:42553/__cypress/runner/cypress_runner.js:162140:16)\n    at Async../node_modules/bluebird/js/release/async.js.Async._drainQueues (http://localhost:42553/__cypress/runner/cypress_runner.js:162150:10)\n    at Async.drainQueues (http://localhost:42553/__cypress/runner/cypress_runner.js:162024:14)",
                "diff": null
              },
              "uuid": "7f8dc5c4-10c2-4e9e-99b2-f7d4de8df60f",
              "parentUUID": "45dd6d5a-5578-467f-b5cb-a56114c881f9",
              "isHook": false,
              "skipped": false
            }
          ],
          "suites": [],
          "passes": [],
          "failures": [
            "0a7d8347-ae67-4ea6-9c4d-3ffb1aa4b53c",
            "4d9687db-b3e8-4234-91b1-cdf4d64a3b76",
            "eb400845-d690-4912-b8ab-e4c46f19869c",
            "7f8dc5c4-10c2-4e9e-99b2-f7d4de8df60f"
          ],
          "pending": [],
          "skipped": [],
          "duration": 19543,
          "root": false,
          "rootEmpty": false,
          "_timeout": 2000
        },
        {
          "uuid": "68e3840f-d0e2-4572-8a5f-904e218a9743",
          "title": "10 - Faça o quadro de pixels ter seu tamanho definido pelo usuário.",
          "fullFile": "",
          "file": "",
          "beforeHooks": [],
          "afterHooks": [],
          "tests": [
            {
              "title": "Verifica se existe um input com o id `board-size`",
              "fullTitle": "10 - Faça o quadro de pixels ter seu tamanho definido pelo usuário. Verifica se existe um input com o id `board-size`",
              "timedOut": null,
              "duration": 4365,
              "state": "failed",
              "speed": null,
              "pass": false,
              "fail": true,
              "pending": false,
              "context": null,
              "code": "cy.get('#board-size').should('be.visible');",
              "err": {
                "message": "CypressError: Timed out retrying: Expected to find element: '#board-size', but never found it.",
                "estack": "CypressError: Timed out retrying: Expected to find element: '#board-size', but never found it.\n    at cypressErr (http://localhost:42553/__cypress/runner/cypress_runner.js:149934:9)\n    at throwErr (http://localhost:42553/__cypress/runner/cypress_runner.js:149867:11)\n    at Object.throwErrByPath (http://localhost:42553/__cypress/runner/cypress_runner.js:149915:3)\n    at retry (http://localhost:42553/__cypress/runner/cypress_runner.js:144197:19)\n    at onFailFn (http://localhost:42553/__cypress/runner/cypress_runner.js:132448:16)\n    at tryCatcher (http://localhost:42553/__cypress/runner/cypress_runner.js:167415:23)\n    at Promise._settlePromiseFromHandler (http://localhost:42553/__cypress/runner/cypress_runner.js:165351:31)\n    at Promise._settlePromise (http://localhost:42553/__cypress/runner/cypress_runner.js:165408:18)\n    at Promise._settlePromise0 (http://localhost:42553/__cypress/runner/cypress_runner.js:165453:10)\n    at Promise._settlePromises (http://localhost:42553/__cypress/runner/cypress_runner.js:165528:18)\n    at Async../node_modules/bluebird/js/release/async.js.Async._drainQueue (http://localhost:42553/__cypress/runner/cypress_runner.js:162140:16)\n    at Async../node_modules/bluebird/js/release/async.js.Async._drainQueues (http://localhost:42553/__cypress/runner/cypress_runner.js:162150:10)\n    at Async.drainQueues (http://localhost:42553/__cypress/runner/cypress_runner.js:162024:14)",
                "diff": null
              },
              "uuid": "ef5fe026-5165-4135-aa0b-232c772a5722",
              "parentUUID": "68e3840f-d0e2-4572-8a5f-904e218a9743",
              "isHook": false,
              "skipped": false
            },
            {
              "title": "Verifica se existe um botão com o id `generate-board`",
              "fullTitle": "10 - Faça o quadro de pixels ter seu tamanho definido pelo usuário. Verifica se existe um botão com o id `generate-board`",
              "timedOut": null,
              "duration": 4385,
              "state": "failed",
              "speed": null,
              "pass": false,
              "fail": true,
              "pending": false,
              "context": null,
              "code": "cy.get('#generate-board').should('be.visible');",
              "err": {
                "message": "CypressError: Timed out retrying: Expected to find element: '#generate-board', but never found it.",
                "estack": "CypressError: Timed out retrying: Expected to find element: '#generate-board', but never found it.\n    at cypressErr (http://localhost:42553/__cypress/runner/cypress_runner.js:149934:9)\n    at throwErr (http://localhost:42553/__cypress/runner/cypress_runner.js:149867:11)\n    at Object.throwErrByPath (http://localhost:42553/__cypress/runner/cypress_runner.js:149915:3)\n    at retry (http://localhost:42553/__cypress/runner/cypress_runner.js:144197:19)\n    at onFailFn (http://localhost:42553/__cypress/runner/cypress_runner.js:132448:16)\n    at tryCatcher (http://localhost:42553/__cypress/runner/cypress_runner.js:167415:23)\n    at Promise._settlePromiseFromHandler (http://localhost:42553/__cypress/runner/cypress_runner.js:165351:31)\n    at Promise._settlePromise (http://localhost:42553/__cypress/runner/cypress_runner.js:165408:18)\n    at Promise._settlePromise0 (http://localhost:42553/__cypress/runner/cypress_runner.js:165453:10)\n    at Promise._settlePromises (http://localhost:42553/__cypress/runner/cypress_runner.js:165528:18)\n    at Async../node_modules/bluebird/js/release/async.js.Async._drainQueue (http://localhost:42553/__cypress/runner/cypress_runner.js:162140:16)\n    at Async../node_modules/bluebird/js/release/async.js.Async._drainQueues (http://localhost:42553/__cypress/runner/cypress_runner.js:162150:10)\n    at Async.drainQueues (http://localhost:42553/__cypress/runner/cypress_runner.js:162024:14)",
                "diff": null
              },
              "uuid": "8ab777b1-532a-41ce-97b6-c42ec5c1b649",
              "parentUUID": "68e3840f-d0e2-4572-8a5f-904e218a9743",
              "isHook": false,
              "skipped": false
            },
            {
              "title": "Verifica se o input só aceita número maiores que zero. Essa restrição deve ser feita usando os atributos do elemento `input`",
              "fullTitle": "10 - Faça o quadro de pixels ter seu tamanho definido pelo usuário. Verifica se o input só aceita número maiores que zero. Essa restrição deve ser feita usando os atributos do elemento `input`",
              "timedOut": null,
              "duration": 4411,
              "state": "failed",
              "speed": null,
              "pass": false,
              "fail": true,
              "pending": false,
              "context": null,
              "code": "cy.get('#board-size[type=\\'number\\'][min=\\'1\\']');",
              "err": {
                "message": "CypressError: Timed out retrying: Expected to find element: '#board-size[type='number'][min='1']', but never found it.",
                "estack": "CypressError: Timed out retrying: Expected to find element: '#board-size[type='number'][min='1']', but never found it.\n    at cypressErr (http://localhost:42553/__cypress/runner/cypress_runner.js:149934:9)\n    at throwErr (http://localhost:42553/__cypress/runner/cypress_runner.js:149867:11)\n    at Object.throwErrByPath (http://localhost:42553/__cypress/runner/cypress_runner.js:149915:3)\n    at retry (http://localhost:42553/__cypress/runner/cypress_runner.js:144197:19)\n    at onFailFn (http://localhost:42553/__cypress/runner/cypress_runner.js:132448:16)\n    at tryCatcher (http://localhost:42553/__cypress/runner/cypress_runner.js:167415:23)\n    at Promise._settlePromiseFromHandler (http://localhost:42553/__cypress/runner/cypress_runner.js:165351:31)\n    at Promise._settlePromise (http://localhost:42553/__cypress/runner/cypress_runner.js:165408:18)\n    at Promise._settlePromise0 (http://localhost:42553/__cypress/runner/cypress_runner.js:165453:10)\n    at Promise._settlePromises (http://localhost:42553/__cypress/runner/cypress_runner.js:165528:18)\n    at Async../node_modules/bluebird/js/release/async.js.Async._drainQueue (http://localhost:42553/__cypress/runner/cypress_runner.js:162140:16)\n    at Async../node_modules/bluebird/js/release/async.js.Async._drainQueues (http://localhost:42553/__cypress/runner/cypress_runner.js:162150:10)\n    at Async.drainQueues (http://localhost:42553/__cypress/runner/cypress_runner.js:162024:14)",
                "diff": null
              },
              "uuid": "2caab761-80cb-45e1-ac6b-a5ef8bae1896",
              "parentUUID": "68e3840f-d0e2-4572-8a5f-904e218a9743",
              "isHook": false,
              "skipped": false
            },
            {
              "title": "Verifica se o botão contém o texto 'VQV'",
              "fullTitle": "10 - Faça o quadro de pixels ter seu tamanho definido pelo usuário. Verifica se o botão contém o texto 'VQV'",
              "timedOut": null,
              "duration": 4423,
              "state": "failed",
              "speed": null,
              "pass": false,
              "fail": true,
              "pending": false,
              "context": null,
              "code": "cy.get('#generate-board').contains(/vqv/i);",
              "err": {
                "message": "CypressError: Timed out retrying: Expected to find element: '#generate-board', but never found it.",
                "estack": "CypressError: Timed out retrying: Expected to find element: '#generate-board', but never found it.\n    at cypressErr (http://localhost:42553/__cypress/runner/cypress_runner.js:149934:9)\n    at throwErr (http://localhost:42553/__cypress/runner/cypress_runner.js:149867:11)\n    at Object.throwErrByPath (http://localhost:42553/__cypress/runner/cypress_runner.js:149915:3)\n    at retry (http://localhost:42553/__cypress/runner/cypress_runner.js:144197:19)\n    at onFailFn (http://localhost:42553/__cypress/runner/cypress_runner.js:132448:16)\n    at tryCatcher (http://localhost:42553/__cypress/runner/cypress_runner.js:167415:23)\n    at Promise._settlePromiseFromHandler (http://localhost:42553/__cypress/runner/cypress_runner.js:165351:31)\n    at Promise._settlePromise (http://localhost:42553/__cypress/runner/cypress_runner.js:165408:18)\n    at Promise._settlePromise0 (http://localhost:42553/__cypress/runner/cypress_runner.js:165453:10)\n    at Promise._settlePromises (http://localhost:42553/__cypress/runner/cypress_runner.js:165528:18)\n    at Async../node_modules/bluebird/js/release/async.js.Async._drainQueue (http://localhost:42553/__cypress/runner/cypress_runner.js:162140:16)\n    at Async../node_modules/bluebird/js/release/async.js.Async._drainQueues (http://localhost:42553/__cypress/runner/cypress_runner.js:162150:10)\n    at Async.drainQueues (http://localhost:42553/__cypress/runner/cypress_runner.js:162024:14)",
                "diff": null
              },
              "uuid": "0b732938-9c6e-44e4-9588-211142c6936b",
              "parentUUID": "68e3840f-d0e2-4572-8a5f-904e218a9743",
              "isHook": false,
              "skipped": false
            },
            {
              "title": "Verifica se o input está posicionado entre a paleta de cores e o quadro de pixels",
              "fullTitle": "10 - Faça o quadro de pixels ter seu tamanho definido pelo usuário. Verifica se o input está posicionado entre a paleta de cores e o quadro de pixels",
              "timedOut": null,
              "duration": 4336,
              "state": "failed",
              "speed": null,
              "pass": false,
              "fail": true,
              "pending": false,
              "context": null,
              "code": "cy.get('#color-palette').then(function (palette) {\n  cy.get('#board-size').should('be.belowOf', palette);\n});\ncy.get('#board-size').then(function (palette) {\n  cy.get('#pixel-board').should('be.belowOf', palette);\n});",
              "err": {
                "message": "CypressError: Timed out retrying: Expected to find element: '#board-size', but never found it.",
                "estack": "CypressError: Timed out retrying: Expected to find element: '#board-size', but never found it.\n    at cypressErr (http://localhost:42553/__cypress/runner/cypress_runner.js:149934:9)\n    at throwErr (http://localhost:42553/__cypress/runner/cypress_runner.js:149867:11)\n    at Object.throwErrByPath (http://localhost:42553/__cypress/runner/cypress_runner.js:149915:3)\n    at retry (http://localhost:42553/__cypress/runner/cypress_runner.js:144197:19)\n    at onFailFn (http://localhost:42553/__cypress/runner/cypress_runner.js:132448:16)\n    at tryCatcher (http://localhost:42553/__cypress/runner/cypress_runner.js:167415:23)\n    at Promise._settlePromiseFromHandler (http://localhost:42553/__cypress/runner/cypress_runner.js:165351:31)\n    at Promise._settlePromise (http://localhost:42553/__cypress/runner/cypress_runner.js:165408:18)\n    at Promise._settlePromise0 (http://localhost:42553/__cypress/runner/cypress_runner.js:165453:10)\n    at Promise._settlePromises (http://localhost:42553/__cypress/runner/cypress_runner.js:165528:18)\n    at Async../node_modules/bluebird/js/release/async.js.Async._drainQueue (http://localhost:42553/__cypress/runner/cypress_runner.js:162140:16)\n    at Async../node_modules/bluebird/js/release/async.js.Async._drainQueues (http://localhost:42553/__cypress/runner/cypress_runner.js:162150:10)\n    at Async.drainQueues (http://localhost:42553/__cypress/runner/cypress_runner.js:162024:14)",
                "diff": null
              },
              "uuid": "b0b8a380-6c4f-4a33-8c10-00c3869fe225",
              "parentUUID": "68e3840f-d0e2-4572-8a5f-904e218a9743",
              "isHook": false,
              "skipped": false
            },
            {
              "title": "Verifica se o botão está posicionado ao lado do input",
              "fullTitle": "10 - Faça o quadro de pixels ter seu tamanho definido pelo usuário. Verifica se o botão está posicionado ao lado do input",
              "timedOut": null,
              "duration": 4403,
              "state": "failed",
              "speed": null,
              "pass": false,
              "fail": true,
              "pending": false,
              "context": null,
              "code": "cy.get('#board-size').then(function (board) {\n  cy.get('#generate-board').should('be.onTheRightOf', board);\n});",
              "err": {
                "message": "CypressError: Timed out retrying: Expected to find element: '#board-size', but never found it.",
                "estack": "CypressError: Timed out retrying: Expected to find element: '#board-size', but never found it.\n    at cypressErr (http://localhost:42553/__cypress/runner/cypress_runner.js:149934:9)\n    at throwErr (http://localhost:42553/__cypress/runner/cypress_runner.js:149867:11)\n    at Object.throwErrByPath (http://localhost:42553/__cypress/runner/cypress_runner.js:149915:3)\n    at retry (http://localhost:42553/__cypress/runner/cypress_runner.js:144197:19)\n    at onFailFn (http://localhost:42553/__cypress/runner/cypress_runner.js:132448:16)\n    at tryCatcher (http://localhost:42553/__cypress/runner/cypress_runner.js:167415:23)\n    at Promise._settlePromiseFromHandler (http://localhost:42553/__cypress/runner/cypress_runner.js:165351:31)\n    at Promise._settlePromise (http://localhost:42553/__cypress/runner/cypress_runner.js:165408:18)\n    at Promise._settlePromise0 (http://localhost:42553/__cypress/runner/cypress_runner.js:165453:10)\n    at Promise._settlePromises (http://localhost:42553/__cypress/runner/cypress_runner.js:165528:18)\n    at Async../node_modules/bluebird/js/release/async.js.Async._drainQueue (http://localhost:42553/__cypress/runner/cypress_runner.js:162140:16)\n    at Async../node_modules/bluebird/js/release/async.js.Async._drainQueues (http://localhost:42553/__cypress/runner/cypress_runner.js:162150:10)\n    at Async.drainQueues (http://localhost:42553/__cypress/runner/cypress_runner.js:162024:14)",
                "diff": null
              },
              "uuid": "43ab52bb-7ad1-4bdc-baed-1ab13e5e4d45",
              "parentUUID": "68e3840f-d0e2-4572-8a5f-904e218a9743",
              "isHook": false,
              "skipped": false
            },
            {
              "title": "Verifica se nenhum valor for colocado no input ao clicar no botão, um `alert` é exibido com o texto: 'Board inválido!'",
              "fullTitle": "10 - Faça o quadro de pixels ter seu tamanho definido pelo usuário. Verifica se nenhum valor for colocado no input ao clicar no botão, um `alert` é exibido com o texto: 'Board inválido!'",
              "timedOut": null,
              "duration": 4470,
              "state": "failed",
              "speed": null,
              "pass": false,
              "fail": true,
              "pending": false,
              "context": null,
              "code": "var alerted = false;\ncy.on('window:alert', function (msg) {\n  return alerted = msg;\n});\ncy.get('#generate-board').click().then(function () {\n  return expect(alerted).to.match(/Board inválido!/i);\n});",
              "err": {
                "message": "CypressError: Timed out retrying: Expected to find element: '#generate-board', but never found it.",
                "estack": "CypressError: Timed out retrying: Expected to find element: '#generate-board', but never found it.\n    at cypressErr (http://localhost:42553/__cypress/runner/cypress_runner.js:149934:9)\n    at throwErr (http://localhost:42553/__cypress/runner/cypress_runner.js:149867:11)\n    at Object.throwErrByPath (http://localhost:42553/__cypress/runner/cypress_runner.js:149915:3)\n    at retry (http://localhost:42553/__cypress/runner/cypress_runner.js:144197:19)\n    at onFailFn (http://localhost:42553/__cypress/runner/cypress_runner.js:132448:16)\n    at tryCatcher (http://localhost:42553/__cypress/runner/cypress_runner.js:167415:23)\n    at Promise._settlePromiseFromHandler (http://localhost:42553/__cypress/runner/cypress_runner.js:165351:31)\n    at Promise._settlePromise (http://localhost:42553/__cypress/runner/cypress_runner.js:165408:18)\n    at Promise._settlePromise0 (http://localhost:42553/__cypress/runner/cypress_runner.js:165453:10)\n    at Promise._settlePromises (http://localhost:42553/__cypress/runner/cypress_runner.js:165528:18)\n    at Async../node_modules/bluebird/js/release/async.js.Async._drainQueue (http://localhost:42553/__cypress/runner/cypress_runner.js:162140:16)\n    at Async../node_modules/bluebird/js/release/async.js.Async._drainQueues (http://localhost:42553/__cypress/runner/cypress_runner.js:162150:10)\n    at Async.drainQueues (http://localhost:42553/__cypress/runner/cypress_runner.js:162024:14)",
                "diff": null
              },
              "uuid": "04b634ee-cee6-4499-a19f-2367aacab116",
              "parentUUID": "68e3840f-d0e2-4572-8a5f-904e218a9743",
              "isHook": false,
              "skipped": false
            },
            {
              "title": "Verifica se ao clicar no botão com um valor preenchido, o tamanho do board muda.",
              "fullTitle": "10 - Faça o quadro de pixels ter seu tamanho definido pelo usuário. Verifica se ao clicar no botão com um valor preenchido, o tamanho do board muda.",
              "timedOut": null,
              "duration": 4419,
              "state": "failed",
              "speed": null,
              "pass": false,
              "fail": true,
              "pending": false,
              "context": null,
              "code": "cy.get('#board-size').clear().type(10);\ncy.get('#generate-board').click();\ncy.get('.pixel').should('have.length', 100);",
              "err": {
                "message": "CypressError: Timed out retrying: Expected to find element: '#board-size', but never found it.",
                "estack": "CypressError: Timed out retrying: Expected to find element: '#board-size', but never found it.\n    at cypressErr (http://localhost:42553/__cypress/runner/cypress_runner.js:149934:9)\n    at throwErr (http://localhost:42553/__cypress/runner/cypress_runner.js:149867:11)\n    at Object.throwErrByPath (http://localhost:42553/__cypress/runner/cypress_runner.js:149915:3)\n    at retry (http://localhost:42553/__cypress/runner/cypress_runner.js:144197:19)\n    at onFailFn (http://localhost:42553/__cypress/runner/cypress_runner.js:132448:16)\n    at tryCatcher (http://localhost:42553/__cypress/runner/cypress_runner.js:167415:23)\n    at Promise._settlePromiseFromHandler (http://localhost:42553/__cypress/runner/cypress_runner.js:165351:31)\n    at Promise._settlePromise (http://localhost:42553/__cypress/runner/cypress_runner.js:165408:18)\n    at Promise._settlePromise0 (http://localhost:42553/__cypress/runner/cypress_runner.js:165453:10)\n    at Promise._settlePromises (http://localhost:42553/__cypress/runner/cypress_runner.js:165528:18)\n    at Async../node_modules/bluebird/js/release/async.js.Async._drainQueue (http://localhost:42553/__cypress/runner/cypress_runner.js:162140:16)\n    at Async../node_modules/bluebird/js/release/async.js.Async._drainQueues (http://localhost:42553/__cypress/runner/cypress_runner.js:162150:10)\n    at Async.drainQueues (http://localhost:42553/__cypress/runner/cypress_runner.js:162024:14)",
                "diff": null
              },
              "uuid": "a11ad6d1-3e29-408f-a38b-00f4cd7bbc5d",
              "parentUUID": "68e3840f-d0e2-4572-8a5f-904e218a9743",
              "isHook": false,
              "skipped": false
            },
            {
              "title": "Verifica se o novo quadro tem todos os pixels preenchidos com a cor branca",
              "fullTitle": "10 - Faça o quadro de pixels ter seu tamanho definido pelo usuário. Verifica se o novo quadro tem todos os pixels preenchidos com a cor branca",
              "timedOut": null,
              "duration": 4490,
              "state": "failed",
              "speed": null,
              "pass": false,
              "fail": true,
              "pending": false,
              "context": null,
              "code": "cy.get('#board-size').clear().type(6);\ncy.get('#generate-board').click();\ncy.get('.pixel').should('have.length', 36).each(function (pixel) {\n  expect(pixel).to.have.css('background-color', WHITE);\n});",
              "err": {
                "message": "CypressError: Timed out retrying: Expected to find element: '#board-size', but never found it.",
                "estack": "CypressError: Timed out retrying: Expected to find element: '#board-size', but never found it.\n    at cypressErr (http://localhost:42553/__cypress/runner/cypress_runner.js:149934:9)\n    at throwErr (http://localhost:42553/__cypress/runner/cypress_runner.js:149867:11)\n    at Object.throwErrByPath (http://localhost:42553/__cypress/runner/cypress_runner.js:149915:3)\n    at retry (http://localhost:42553/__cypress/runner/cypress_runner.js:144197:19)\n    at onFailFn (http://localhost:42553/__cypress/runner/cypress_runner.js:132448:16)\n    at tryCatcher (http://localhost:42553/__cypress/runner/cypress_runner.js:167415:23)\n    at Promise._settlePromiseFromHandler (http://localhost:42553/__cypress/runner/cypress_runner.js:165351:31)\n    at Promise._settlePromise (http://localhost:42553/__cypress/runner/cypress_runner.js:165408:18)\n    at Promise._settlePromise0 (http://localhost:42553/__cypress/runner/cypress_runner.js:165453:10)\n    at Promise._settlePromises (http://localhost:42553/__cypress/runner/cypress_runner.js:165528:18)\n    at Async../node_modules/bluebird/js/release/async.js.Async._drainQueue (http://localhost:42553/__cypress/runner/cypress_runner.js:162140:16)\n    at Async../node_modules/bluebird/js/release/async.js.Async._drainQueues (http://localhost:42553/__cypress/runner/cypress_runner.js:162150:10)\n    at Async.drainQueues (http://localhost:42553/__cypress/runner/cypress_runner.js:162024:14)",
                "diff": null
              },
              "uuid": "d039632d-93fd-4f37-89e5-74c04973943a",
              "parentUUID": "68e3840f-d0e2-4572-8a5f-904e218a9743",
              "isHook": false,
              "skipped": false
            }
          ],
          "suites": [],
          "passes": [],
          "failures": [
            "ef5fe026-5165-4135-aa0b-232c772a5722",
            "8ab777b1-532a-41ce-97b6-c42ec5c1b649",
            "2caab761-80cb-45e1-ac6b-a5ef8bae1896",
            "0b732938-9c6e-44e4-9588-211142c6936b",
            "b0b8a380-6c4f-4a33-8c10-00c3869fe225",
            "43ab52bb-7ad1-4bdc-baed-1ab13e5e4d45",
            "04b634ee-cee6-4499-a19f-2367aacab116",
            "a11ad6d1-3e29-408f-a38b-00f4cd7bbc5d",
            "d039632d-93fd-4f37-89e5-74c04973943a"
          ],
          "pending": [],
          "skipped": [],
          "duration": 39702,
          "root": false,
          "rootEmpty": false,
          "_timeout": 2000
        },
        {
          "uuid": "fc687ff1-66be-412f-b6da-b0ea7bbe1545",
          "title": "11 - Limite o tamanho mínimo e máximo do board.",
          "fullFile": "",
          "file": "",
          "beforeHooks": [],
          "afterHooks": [],
          "tests": [
            {
              "title": "Verifica se a altura máxima do board é 50",
              "fullTitle": "11 - Limite o tamanho mínimo e máximo do board. Verifica se a altura máxima do board é 50",
              "timedOut": null,
              "duration": 4368,
              "state": "failed",
              "speed": null,
              "pass": false,
              "fail": true,
              "pending": false,
              "context": null,
              "code": "cy.get('#board-size').clear().type(50);\ncy.get('#generate-board').click();\ncy.get('.pixel').should('have.length', 2500);",
              "err": {
                "message": "CypressError: Timed out retrying: Expected to find element: '#board-size', but never found it.",
                "estack": "CypressError: Timed out retrying: Expected to find element: '#board-size', but never found it.\n    at cypressErr (http://localhost:42553/__cypress/runner/cypress_runner.js:149934:9)\n    at throwErr (http://localhost:42553/__cypress/runner/cypress_runner.js:149867:11)\n    at Object.throwErrByPath (http://localhost:42553/__cypress/runner/cypress_runner.js:149915:3)\n    at retry (http://localhost:42553/__cypress/runner/cypress_runner.js:144197:19)\n    at onFailFn (http://localhost:42553/__cypress/runner/cypress_runner.js:132448:16)\n    at tryCatcher (http://localhost:42553/__cypress/runner/cypress_runner.js:167415:23)\n    at Promise._settlePromiseFromHandler (http://localhost:42553/__cypress/runner/cypress_runner.js:165351:31)\n    at Promise._settlePromise (http://localhost:42553/__cypress/runner/cypress_runner.js:165408:18)\n    at Promise._settlePromise0 (http://localhost:42553/__cypress/runner/cypress_runner.js:165453:10)\n    at Promise._settlePromises (http://localhost:42553/__cypress/runner/cypress_runner.js:165528:18)\n    at Async../node_modules/bluebird/js/release/async.js.Async._drainQueue (http://localhost:42553/__cypress/runner/cypress_runner.js:162140:16)\n    at Async../node_modules/bluebird/js/release/async.js.Async._drainQueues (http://localhost:42553/__cypress/runner/cypress_runner.js:162150:10)\n    at Async.drainQueues (http://localhost:42553/__cypress/runner/cypress_runner.js:162024:14)",
                "diff": null
              },
              "uuid": "a335a241-5764-47b1-a414-c5c8f4001fa5",
              "parentUUID": "fc687ff1-66be-412f-b6da-b0ea7bbe1545",
              "isHook": false,
              "skipped": false
            },
            {
              "title": "Verifica se a altura do board é 5 quando um valor menor é colocado no input",
              "fullTitle": "11 - Limite o tamanho mínimo e máximo do board. Verifica se a altura do board é 5 quando um valor menor é colocado no input",
              "timedOut": null,
              "duration": 4335,
              "state": "failed",
              "speed": null,
              "pass": false,
              "fail": true,
              "pending": false,
              "context": null,
              "code": "cy.get('#board-size').clear().type(4);\ncy.get('#generate-board').click();\ncy.get('.pixel').should('have.length', 25);",
              "err": {
                "message": "CypressError: Timed out retrying: Expected to find element: '#board-size', but never found it.",
                "estack": "CypressError: Timed out retrying: Expected to find element: '#board-size', but never found it.\n    at cypressErr (http://localhost:42553/__cypress/runner/cypress_runner.js:149934:9)\n    at throwErr (http://localhost:42553/__cypress/runner/cypress_runner.js:149867:11)\n    at Object.throwErrByPath (http://localhost:42553/__cypress/runner/cypress_runner.js:149915:3)\n    at retry (http://localhost:42553/__cypress/runner/cypress_runner.js:144197:19)\n    at onFailFn (http://localhost:42553/__cypress/runner/cypress_runner.js:132448:16)\n    at tryCatcher (http://localhost:42553/__cypress/runner/cypress_runner.js:167415:23)\n    at Promise._settlePromiseFromHandler (http://localhost:42553/__cypress/runner/cypress_runner.js:165351:31)\n    at Promise._settlePromise (http://localhost:42553/__cypress/runner/cypress_runner.js:165408:18)\n    at Promise._settlePromise0 (http://localhost:42553/__cypress/runner/cypress_runner.js:165453:10)\n    at Promise._settlePromises (http://localhost:42553/__cypress/runner/cypress_runner.js:165528:18)\n    at Async../node_modules/bluebird/js/release/async.js.Async._drainQueue (http://localhost:42553/__cypress/runner/cypress_runner.js:162140:16)\n    at Async../node_modules/bluebird/js/release/async.js.Async._drainQueues (http://localhost:42553/__cypress/runner/cypress_runner.js:162150:10)\n    at Async.drainQueues (http://localhost:42553/__cypress/runner/cypress_runner.js:162024:14)",
                "diff": null
              },
              "uuid": "6246aa72-bf0c-4f27-9ca5-23798b3467da",
              "parentUUID": "fc687ff1-66be-412f-b6da-b0ea7bbe1545",
              "isHook": false,
              "skipped": false
            },
            {
              "title": "Verifica se a altura do board é 50 quando um valor maior é colocado no input",
              "fullTitle": "11 - Limite o tamanho mínimo e máximo do board. Verifica se a altura do board é 50 quando um valor maior é colocado no input",
              "timedOut": null,
              "duration": 4367,
              "state": "failed",
              "speed": null,
              "pass": false,
              "fail": true,
              "pending": false,
              "context": null,
              "code": "cy.get('#board-size').clear().type(51);\ncy.get('#generate-board').click();\ncy.get('.pixel').should('have.length', 2500);",
              "err": {
                "message": "CypressError: Timed out retrying: Expected to find element: '#board-size', but never found it.",
                "estack": "CypressError: Timed out retrying: Expected to find element: '#board-size', but never found it.\n    at cypressErr (http://localhost:42553/__cypress/runner/cypress_runner.js:149934:9)\n    at throwErr (http://localhost:42553/__cypress/runner/cypress_runner.js:149867:11)\n    at Object.throwErrByPath (http://localhost:42553/__cypress/runner/cypress_runner.js:149915:3)\n    at retry (http://localhost:42553/__cypress/runner/cypress_runner.js:144197:19)\n    at onFailFn (http://localhost:42553/__cypress/runner/cypress_runner.js:132448:16)\n    at tryCatcher (http://localhost:42553/__cypress/runner/cypress_runner.js:167415:23)\n    at Promise._settlePromiseFromHandler (http://localhost:42553/__cypress/runner/cypress_runner.js:165351:31)\n    at Promise._settlePromise (http://localhost:42553/__cypress/runner/cypress_runner.js:165408:18)\n    at Promise._settlePromise0 (http://localhost:42553/__cypress/runner/cypress_runner.js:165453:10)\n    at Promise._settlePromises (http://localhost:42553/__cypress/runner/cypress_runner.js:165528:18)\n    at Async../node_modules/bluebird/js/release/async.js.Async._drainQueue (http://localhost:42553/__cypress/runner/cypress_runner.js:162140:16)\n    at Async../node_modules/bluebird/js/release/async.js.Async._drainQueues (http://localhost:42553/__cypress/runner/cypress_runner.js:162150:10)\n    at Async.drainQueues (http://localhost:42553/__cypress/runner/cypress_runner.js:162024:14)",
                "diff": null
              },
              "uuid": "38cb2c81-186f-45c1-9bbf-1b91959bc462",
              "parentUUID": "fc687ff1-66be-412f-b6da-b0ea7bbe1545",
              "isHook": false,
              "skipped": false
            }
          ],
          "suites": [],
          "passes": [],
          "failures": [
            "a335a241-5764-47b1-a414-c5c8f4001fa5",
            "6246aa72-bf0c-4f27-9ca5-23798b3467da",
            "38cb2c81-186f-45c1-9bbf-1b91959bc462"
          ],
          "pending": [],
          "skipped": [],
          "duration": 13070,
          "root": false,
          "rootEmpty": false,
          "_timeout": 2000
        },
        {
          "uuid": "ba77e04e-99dd-4d72-88ad-b69512e66c48",
          "title": "12 - Faça com que as cores da paleta sejam geradas aleatoriamente ao carregar a página.",
          "fullFile": "",
          "file": "",
          "beforeHooks": [],
          "afterHooks": [],
          "tests": [
            {
              "title": "Verifica se as cores geradas na paleta são diferentes a cada carregamento da página",
              "fullTitle": "12 - Faça com que as cores da paleta sejam geradas aleatoriamente ao carregar a página. Verifica se as cores geradas na paleta são diferentes a cada carregamento da página",
              "timedOut": null,
              "duration": 478,
              "state": "failed",
              "speed": null,
              "pass": false,
              "fail": true,
              "pending": false,
              "context": null,
              "code": "cy.get('.color').then(function (colors) {\n  var currentColors;\n  var previousColors;\n  previousColors = Array.from(colors).map(function (color) {\n    return Cypress.$(color).css('background-color');\n  });\n  for (var i = 0; i < 5; i += 1) {\n    cy.reload();\n    cy.get('.color').then(function (colors) {\n      currentColors = Array.from(colors).map(function (color) {\n        return Cypress.$(color).css('background-color');\n      });\n      expect(currentColors).not.to.deep.equal(previousColors);\n      previousColors = currentColors;\n    });\n  }\n});",
              "err": {
                "message": "AssertionError: expected [ Array(4) ] to not deeply equal [ Array(4) ]",
                "estack": "AssertionError: expected [ Array(4) ] to not deeply equal [ Array(4) ]\n    at getRet (http://localhost:42553/__cypress/runner/cypress_runner.js:136585:16)\n    at tryCatcher (http://localhost:42553/__cypress/runner/cypress_runner.js:167415:23)\n    at Function.Promise.attempt.Promise.try (http://localhost:42553/__cypress/runner/cypress_runner.js:164690:29)\n    at Context.thenFn (http://localhost:42553/__cypress/runner/cypress_runner.js:136599:23)\n    at Context.then (http://localhost:42553/__cypress/runner/cypress_runner.js:136971:21)\n    at Context.<anonymous> (http://localhost:42553/__cypress/runner/cypress_runner.js:148875:21)\n    at http://localhost:42553/__cypress/runner/cypress_runner.js:148351:33\n    at tryCatcher (http://localhost:42553/__cypress/runner/cypress_runner.js:167415:23)\n    at Promise._settlePromiseFromHandler (http://localhost:42553/__cypress/runner/cypress_runner.js:165351:31)\n    at Promise._settlePromise (http://localhost:42553/__cypress/runner/cypress_runner.js:165408:18)\n    at Promise._settlePromiseCtx (http://localhost:42553/__cypress/runner/cypress_runner.js:165445:10)\n    at Async../node_modules/bluebird/js/release/async.js.Async._drainQueue (http://localhost:42553/__cypress/runner/cypress_runner.js:162145:12)\n    at Async../node_modules/bluebird/js/release/async.js.Async._drainQueues (http://localhost:42553/__cypress/runner/cypress_runner.js:162150:10)\n    at Async.drainQueues (http://localhost:42553/__cypress/runner/cypress_runner.js:162024:14)",
                "diff": ""
              },
              "uuid": "46fc9b08-0ac9-44c4-914a-82f63944421a",
              "parentUUID": "ba77e04e-99dd-4d72-88ad-b69512e66c48",
              "isHook": false,
              "skipped": false
            },
            {
              "title": "Verifica se a cor preta ainda está presente e é a primeira na sua paleta de cores",
              "fullTitle": "12 - Faça com que as cores da paleta sejam geradas aleatoriamente ao carregar a página. Verifica se a cor preta ainda está presente e é a primeira na sua paleta de cores",
              "timedOut": null,
              "duration": 420,
              "state": "failed",
              "speed": null,
              "pass": false,
              "fail": true,
              "pending": false,
              "context": null,
              "code": "cy.get('.color').then(function (colors) {\n  var currentColors;\n  var previousColors;\n  previousColors = Array.from(colors).map(function (color) {\n    return Cypress.$(color).css('background-color');\n  });\n  expect(previousColors[0]).to.eq(BLACK);\n  for (var i = 0; i < 5; i += 1) {\n    cy.reload();\n    cy.get('.color').then(function (colors) {\n      currentColors = Array.from(colors).map(function (color) {\n        return Cypress.$(color).css('background-color');\n      });\n      expect(currentColors[0]).to.eq(BLACK);\n      expect(currentColors).not.to.deep.equal(previousColors);\n      previousColors = currentColors;\n    });\n  }\n});",
              "err": {
                "message": "AssertionError: expected [ Array(4) ] to not deeply equal [ Array(4) ]",
                "estack": "AssertionError: expected [ Array(4) ] to not deeply equal [ Array(4) ]\n    at getRet (http://localhost:42553/__cypress/runner/cypress_runner.js:136585:16)\n    at tryCatcher (http://localhost:42553/__cypress/runner/cypress_runner.js:167415:23)\n    at Function.Promise.attempt.Promise.try (http://localhost:42553/__cypress/runner/cypress_runner.js:164690:29)\n    at Context.thenFn (http://localhost:42553/__cypress/runner/cypress_runner.js:136599:23)\n    at Context.then (http://localhost:42553/__cypress/runner/cypress_runner.js:136971:21)\n    at Context.<anonymous> (http://localhost:42553/__cypress/runner/cypress_runner.js:148875:21)\n    at http://localhost:42553/__cypress/runner/cypress_runner.js:148351:33\n    at tryCatcher (http://localhost:42553/__cypress/runner/cypress_runner.js:167415:23)\n    at Promise._settlePromiseFromHandler (http://localhost:42553/__cypress/runner/cypress_runner.js:165351:31)\n    at Promise._settlePromise (http://localhost:42553/__cypress/runner/cypress_runner.js:165408:18)\n    at Promise._settlePromiseCtx (http://localhost:42553/__cypress/runner/cypress_runner.js:165445:10)\n    at Async../node_modules/bluebird/js/release/async.js.Async._drainQueue (http://localhost:42553/__cypress/runner/cypress_runner.js:162145:12)\n    at Async../node_modules/bluebird/js/release/async.js.Async._drainQueues (http://localhost:42553/__cypress/runner/cypress_runner.js:162150:10)\n    at Async.drainQueues (http://localhost:42553/__cypress/runner/cypress_runner.js:162024:14)",
                "diff": ""
              },
              "uuid": "4a8f9f79-66fd-40bc-9b18-9507cafadadc",
              "parentUUID": "ba77e04e-99dd-4d72-88ad-b69512e66c48",
              "isHook": false,
              "skipped": false
            }
          ],
          "suites": [],
          "passes": [],
          "failures": [
            "46fc9b08-0ac9-44c4-914a-82f63944421a",
            "4a8f9f79-66fd-40bc-9b18-9507cafadadc"
          ],
          "pending": [],
          "skipped": [],
          "duration": 898,
          "root": false,
          "rootEmpty": false,
          "_timeout": 2000
        }
      ],
      "passes": [],
      "failures": [],
      "pending": [],
      "skipped": [],
      "duration": 0,
      "root": true,
      "rootEmpty": true,
      "_timeout": 2000
    }
  ],
  "meta": {
    "mocha": {
      "version": "7.0.1"
    },
    "mochawesome": {
      "options": {
        "quiet": false,
        "reportFilename": "mochawesome",
        "saveHtml": false,
        "saveJson": true,
        "consoleReporter": "spec",
        "useInlineDiffs": false
      },
      "version": "4.1.0"
    },
    "marge": {
      "options": {
        "id": "default",
        "reportDir": "cypress/reports",
        "overwrite": true,
        "html": false,
        "json": true
      },
      "version": "4.1.0"
    }
  }
}