{
  "stats": {
    "suites": 12,
    "tests": 41,
    "passes": 1,
    "pending": 0,
    "failures": 40,
    "start": "2021-08-13T18:47:59.894Z",
    "end": "2021-08-13T18:51:09.740Z",
    "duration": 189846,
    "testsRegistered": 41,
    "passPercent": 2.4390243902439024,
    "pendingPercent": 0,
    "other": 0,
    "hasOther": false,
    "skipped": 0,
    "hasSkipped": false
  },
  "results": [
    {
      "uuid": "b891c442-6119-44aa-a05b-f83c8f819cfb",
      "title": "",
      "fullFile": "cypress/integration/project.spec.js",
      "file": "cypress/integration/project.spec.js",
      "beforeHooks": [],
      "afterHooks": [],
      "tests": [],
      "suites": [
        {
          "uuid": "7d47f115-6e7b-4724-9730-fe46a0c5248e",
          "title": "1 - Adicione à página o título \"Paleta de Cores\".",
          "fullFile": "",
          "file": "",
          "beforeHooks": [],
          "afterHooks": [],
          "tests": [
            {
              "title": "Verifica se contém um elemento `h1` com o id `title` com o título correto",
              "fullTitle": "1 - Adicione à página o título \"Paleta de Cores\". Verifica se contém um elemento `h1` com o id `title` com o título correto",
              "timedOut": null,
              "duration": 462,
              "state": "passed",
              "speed": "slow",
              "pass": true,
              "fail": false,
              "pending": false,
              "context": null,
              "code": "cy.get('h1#title').should('contain.text', 'Paleta de Cores');",
              "err": {},
              "uuid": "09c325ef-311f-4140-974d-723ed11dac1c",
              "parentUUID": "7d47f115-6e7b-4724-9730-fe46a0c5248e",
              "isHook": false,
              "skipped": false
            }
          ],
          "suites": [],
          "passes": [
            "09c325ef-311f-4140-974d-723ed11dac1c"
          ],
          "failures": [],
          "pending": [],
          "skipped": [],
          "duration": 462,
          "root": false,
          "rootEmpty": false,
          "_timeout": 2000
        },
        {
          "uuid": "14313b26-4f1f-4e9f-93e9-62664204cf62",
          "title": "2 - Adicione à página uma paleta de quatro cores distintas.",
          "fullFile": "",
          "file": "",
          "beforeHooks": [],
          "afterHooks": [],
          "tests": [
            {
              "title": "A paleta de cores deve ser um elemento com `id` denominado `color-palette`",
              "fullTitle": "2 - Adicione à página uma paleta de quatro cores distintas. A paleta de cores deve ser um elemento com `id` denominado `color-palette`",
              "timedOut": null,
              "duration": 4795,
              "state": "failed",
              "speed": null,
              "pass": false,
              "fail": true,
              "pending": false,
              "context": null,
              "code": "cy.get('#color-palette').should('be.visible');",
              "err": {
                "message": "CypressError: Timed out retrying: Expected to find element: '#color-palette', but never found it.",
                "estack": "CypressError: Timed out retrying: Expected to find element: '#color-palette', but never found it.\n    at cypressErr (http://localhost:33295/__cypress/runner/cypress_runner.js:149934:9)\n    at throwErr (http://localhost:33295/__cypress/runner/cypress_runner.js:149867:11)\n    at Object.throwErrByPath (http://localhost:33295/__cypress/runner/cypress_runner.js:149915:3)\n    at retry (http://localhost:33295/__cypress/runner/cypress_runner.js:144197:19)\n    at onFailFn (http://localhost:33295/__cypress/runner/cypress_runner.js:132448:16)\n    at tryCatcher (http://localhost:33295/__cypress/runner/cypress_runner.js:167415:23)\n    at Promise._settlePromiseFromHandler (http://localhost:33295/__cypress/runner/cypress_runner.js:165351:31)\n    at Promise._settlePromise (http://localhost:33295/__cypress/runner/cypress_runner.js:165408:18)\n    at Promise._settlePromise0 (http://localhost:33295/__cypress/runner/cypress_runner.js:165453:10)\n    at Promise._settlePromises (http://localhost:33295/__cypress/runner/cypress_runner.js:165528:18)\n    at Async../node_modules/bluebird/js/release/async.js.Async._drainQueue (http://localhost:33295/__cypress/runner/cypress_runner.js:162140:16)\n    at Async../node_modules/bluebird/js/release/async.js.Async._drainQueues (http://localhost:33295/__cypress/runner/cypress_runner.js:162150:10)\n    at Async.drainQueues (http://localhost:33295/__cypress/runner/cypress_runner.js:162024:14)",
                "diff": null
              },
              "uuid": "bee81fd5-a78b-495b-9532-9f03dc452953",
              "parentUUID": "14313b26-4f1f-4e9f-93e9-62664204cf62",
              "isHook": false,
              "skipped": false
            },
            {
              "title": "Verifica se cada cor individual da paleta de cores possui a `classe` chamada `color`.",
              "fullTitle": "2 - Adicione à página uma paleta de quatro cores distintas. Verifica se cada cor individual da paleta de cores possui a `classe` chamada `color`.",
              "timedOut": null,
              "duration": 4555,
              "state": "failed",
              "speed": null,
              "pass": false,
              "fail": true,
              "pending": false,
              "context": null,
              "code": "cy.get('.color').should('have.length', 4).then(function (colors) {\n  for (var i = 0; i < colors.length; i++) {\n    cy.wrap(colors[i]).should('be.visible');\n  }\n});",
              "err": {
                "message": "CypressError: Timed out retrying: Expected to find element: '.color', but never found it.",
                "estack": "CypressError: Timed out retrying: Expected to find element: '.color', but never found it.\n    at cypressErr (http://localhost:33295/__cypress/runner/cypress_runner.js:149934:9)\n    at throwErr (http://localhost:33295/__cypress/runner/cypress_runner.js:149867:11)\n    at Object.throwErrByPath (http://localhost:33295/__cypress/runner/cypress_runner.js:149915:3)\n    at retry (http://localhost:33295/__cypress/runner/cypress_runner.js:144197:19)\n    at onFailFn (http://localhost:33295/__cypress/runner/cypress_runner.js:132448:16)\n    at tryCatcher (http://localhost:33295/__cypress/runner/cypress_runner.js:167415:23)\n    at Promise._settlePromiseFromHandler (http://localhost:33295/__cypress/runner/cypress_runner.js:165351:31)\n    at Promise._settlePromise (http://localhost:33295/__cypress/runner/cypress_runner.js:165408:18)\n    at Promise._settlePromise0 (http://localhost:33295/__cypress/runner/cypress_runner.js:165453:10)\n    at Promise._settlePromises (http://localhost:33295/__cypress/runner/cypress_runner.js:165528:18)\n    at Async../node_modules/bluebird/js/release/async.js.Async._drainQueue (http://localhost:33295/__cypress/runner/cypress_runner.js:162140:16)\n    at Async../node_modules/bluebird/js/release/async.js.Async._drainQueues (http://localhost:33295/__cypress/runner/cypress_runner.js:162150:10)\n    at Async.drainQueues (http://localhost:33295/__cypress/runner/cypress_runner.js:162024:14)",
                "diff": null
              },
              "uuid": "e5c4be2e-1302-481b-b190-f7f3595ccb4e",
              "parentUUID": "14313b26-4f1f-4e9f-93e9-62664204cf62",
              "isHook": false,
              "skipped": false
            },
            {
              "title": "Verifica se a cor de fundo de cada elemento da paleta é a cor que o elemento representa. **A única cor não permitida na paleta é a cor branca.**",
              "fullTitle": "2 - Adicione à página uma paleta de quatro cores distintas. Verifica se a cor de fundo de cada elemento da paleta é a cor que o elemento representa. **A única cor não permitida na paleta é a cor branca.**",
              "timedOut": null,
              "duration": 4728,
              "state": "failed",
              "speed": null,
              "pass": false,
              "fail": true,
              "pending": false,
              "context": null,
              "code": "cy.get('.color').each(function (color) {\n  cy.wrap(color).should('have.class', 'color').and('not.have.css', 'background-color', WHITE);\n  cy.wrap(color).should('have.css', 'background-color');\n});",
              "err": {
                "message": "CypressError: Timed out retrying: Expected to find element: '.color', but never found it.",
                "estack": "CypressError: Timed out retrying: Expected to find element: '.color', but never found it.\n    at cypressErr (http://localhost:33295/__cypress/runner/cypress_runner.js:149934:9)\n    at throwErr (http://localhost:33295/__cypress/runner/cypress_runner.js:149867:11)\n    at Object.throwErrByPath (http://localhost:33295/__cypress/runner/cypress_runner.js:149915:3)\n    at retry (http://localhost:33295/__cypress/runner/cypress_runner.js:144197:19)\n    at onFailFn (http://localhost:33295/__cypress/runner/cypress_runner.js:132448:16)\n    at tryCatcher (http://localhost:33295/__cypress/runner/cypress_runner.js:167415:23)\n    at Promise._settlePromiseFromHandler (http://localhost:33295/__cypress/runner/cypress_runner.js:165351:31)\n    at Promise._settlePromise (http://localhost:33295/__cypress/runner/cypress_runner.js:165408:18)\n    at Promise._settlePromise0 (http://localhost:33295/__cypress/runner/cypress_runner.js:165453:10)\n    at Promise._settlePromises (http://localhost:33295/__cypress/runner/cypress_runner.js:165528:18)\n    at Async../node_modules/bluebird/js/release/async.js.Async._drainQueue (http://localhost:33295/__cypress/runner/cypress_runner.js:162140:16)\n    at Async../node_modules/bluebird/js/release/async.js.Async._drainQueues (http://localhost:33295/__cypress/runner/cypress_runner.js:162150:10)\n    at Async.drainQueues (http://localhost:33295/__cypress/runner/cypress_runner.js:162024:14)",
                "diff": null
              },
              "uuid": "af0cb4c6-d6ab-4873-84a5-2b39c6d13ed8",
              "parentUUID": "14313b26-4f1f-4e9f-93e9-62664204cf62",
              "isHook": false,
              "skipped": false
            },
            {
              "title": "Verifica se cada elemento da paleta de cores tem uma borda preta, sólida e com 1 pixel de largura;",
              "fullTitle": "2 - Adicione à página uma paleta de quatro cores distintas. Verifica se cada elemento da paleta de cores tem uma borda preta, sólida e com 1 pixel de largura;",
              "timedOut": null,
              "duration": 4897,
              "state": "failed",
              "speed": null,
              "pass": false,
              "fail": true,
              "pending": false,
              "context": null,
              "code": "cy.get('.color').each(function (color) {\n  cy.wrap(color).and('have.css', 'border', \"1px solid \".concat(BLACK)).and('have.class', 'color');\n});",
              "err": {
                "message": "CypressError: Timed out retrying: Expected to find element: '.color', but never found it.",
                "estack": "CypressError: Timed out retrying: Expected to find element: '.color', but never found it.\n    at cypressErr (http://localhost:33295/__cypress/runner/cypress_runner.js:149934:9)\n    at throwErr (http://localhost:33295/__cypress/runner/cypress_runner.js:149867:11)\n    at Object.throwErrByPath (http://localhost:33295/__cypress/runner/cypress_runner.js:149915:3)\n    at retry (http://localhost:33295/__cypress/runner/cypress_runner.js:144197:19)\n    at onFailFn (http://localhost:33295/__cypress/runner/cypress_runner.js:132448:16)\n    at tryCatcher (http://localhost:33295/__cypress/runner/cypress_runner.js:167415:23)\n    at Promise._settlePromiseFromHandler (http://localhost:33295/__cypress/runner/cypress_runner.js:165351:31)\n    at Promise._settlePromise (http://localhost:33295/__cypress/runner/cypress_runner.js:165408:18)\n    at Promise._settlePromise0 (http://localhost:33295/__cypress/runner/cypress_runner.js:165453:10)\n    at Promise._settlePromises (http://localhost:33295/__cypress/runner/cypress_runner.js:165528:18)\n    at Async../node_modules/bluebird/js/release/async.js.Async._drainQueue (http://localhost:33295/__cypress/runner/cypress_runner.js:162140:16)\n    at Async../node_modules/bluebird/js/release/async.js.Async._drainQueues (http://localhost:33295/__cypress/runner/cypress_runner.js:162150:10)\n    at Async.drainQueues (http://localhost:33295/__cypress/runner/cypress_runner.js:162024:14)",
                "diff": null
              },
              "uuid": "cccd0bdf-d59a-4baf-9c8f-55a16267a254",
              "parentUUID": "14313b26-4f1f-4e9f-93e9-62664204cf62",
              "isHook": false,
              "skipped": false
            },
            {
              "title": "Verifica se a paleta lista todas as cores disponíveis para utilização, lado a lado.",
              "fullTitle": "2 - Adicione à página uma paleta de quatro cores distintas. Verifica se a paleta lista todas as cores disponíveis para utilização, lado a lado.",
              "timedOut": null,
              "duration": 4949,
              "state": "failed",
              "speed": null,
              "pass": false,
              "fail": true,
              "pending": false,
              "context": null,
              "code": "cy.get('.color').then(function (colors) {\n  for (var index = 1; index < colors.length; index += 1) {\n    var currentColor = colors[index];\n    var previousColor = colors[index - 1];\n    cy.wrap(currentColor).should('be.onTheRightOf', previousColor).and('be.horizontallyAlignedWith', previousColor);\n  }\n});",
              "err": {
                "message": "CypressError: Timed out retrying: Expected to find element: '.color', but never found it.",
                "estack": "CypressError: Timed out retrying: Expected to find element: '.color', but never found it.\n    at cypressErr (http://localhost:33295/__cypress/runner/cypress_runner.js:149934:9)\n    at throwErr (http://localhost:33295/__cypress/runner/cypress_runner.js:149867:11)\n    at Object.throwErrByPath (http://localhost:33295/__cypress/runner/cypress_runner.js:149915:3)\n    at retry (http://localhost:33295/__cypress/runner/cypress_runner.js:144197:19)\n    at onFailFn (http://localhost:33295/__cypress/runner/cypress_runner.js:132448:16)\n    at tryCatcher (http://localhost:33295/__cypress/runner/cypress_runner.js:167415:23)\n    at Promise._settlePromiseFromHandler (http://localhost:33295/__cypress/runner/cypress_runner.js:165351:31)\n    at Promise._settlePromise (http://localhost:33295/__cypress/runner/cypress_runner.js:165408:18)\n    at Promise._settlePromise0 (http://localhost:33295/__cypress/runner/cypress_runner.js:165453:10)\n    at Promise._settlePromises (http://localhost:33295/__cypress/runner/cypress_runner.js:165528:18)\n    at Async../node_modules/bluebird/js/release/async.js.Async._drainQueue (http://localhost:33295/__cypress/runner/cypress_runner.js:162140:16)\n    at Async../node_modules/bluebird/js/release/async.js.Async._drainQueues (http://localhost:33295/__cypress/runner/cypress_runner.js:162150:10)\n    at Async.drainQueues (http://localhost:33295/__cypress/runner/cypress_runner.js:162024:14)",
                "diff": null
              },
              "uuid": "b66e4419-cca6-4b24-85f6-1176281e26ac",
              "parentUUID": "14313b26-4f1f-4e9f-93e9-62664204cf62",
              "isHook": false,
              "skipped": false
            },
            {
              "title": "Verifica se a paleta de cores está posicionada abaixo do título 'Paleta de Cores'",
              "fullTitle": "2 - Adicione à página uma paleta de quatro cores distintas. Verifica se a paleta de cores está posicionada abaixo do título 'Paleta de Cores'",
              "timedOut": null,
              "duration": 4720,
              "state": "failed",
              "speed": null,
              "pass": false,
              "fail": true,
              "pending": false,
              "context": null,
              "code": "cy.get('h1#title').then(function (title) {\n  cy.get('#color-palette').should('be.belowOf', title);\n});",
              "err": {
                "message": "CypressError: Timed out retrying: Expected to find element: '#color-palette', but never found it.",
                "estack": "CypressError: Timed out retrying: Expected to find element: '#color-palette', but never found it.\n    at cypressErr (http://localhost:33295/__cypress/runner/cypress_runner.js:149934:9)\n    at throwErr (http://localhost:33295/__cypress/runner/cypress_runner.js:149867:11)\n    at Object.throwErrByPath (http://localhost:33295/__cypress/runner/cypress_runner.js:149915:3)\n    at retry (http://localhost:33295/__cypress/runner/cypress_runner.js:144197:19)\n    at onFailFn (http://localhost:33295/__cypress/runner/cypress_runner.js:132448:16)\n    at tryCatcher (http://localhost:33295/__cypress/runner/cypress_runner.js:167415:23)\n    at Promise._settlePromiseFromHandler (http://localhost:33295/__cypress/runner/cypress_runner.js:165351:31)\n    at Promise._settlePromise (http://localhost:33295/__cypress/runner/cypress_runner.js:165408:18)\n    at Promise._settlePromise0 (http://localhost:33295/__cypress/runner/cypress_runner.js:165453:10)\n    at Promise._settlePromises (http://localhost:33295/__cypress/runner/cypress_runner.js:165528:18)\n    at Async../node_modules/bluebird/js/release/async.js.Async._drainQueue (http://localhost:33295/__cypress/runner/cypress_runner.js:162140:16)\n    at Async../node_modules/bluebird/js/release/async.js.Async._drainQueues (http://localhost:33295/__cypress/runner/cypress_runner.js:162150:10)\n    at Async.drainQueues (http://localhost:33295/__cypress/runner/cypress_runner.js:162024:14)",
                "diff": null
              },
              "uuid": "31cc63e3-bc40-407f-ba60-32a590294a1a",
              "parentUUID": "14313b26-4f1f-4e9f-93e9-62664204cf62",
              "isHook": false,
              "skipped": false
            },
            {
              "title": "Verifica se a paleta de cores não contém cores repetidas.",
              "fullTitle": "2 - Adicione à página uma paleta de quatro cores distintas. Verifica se a paleta de cores não contém cores repetidas.",
              "timedOut": null,
              "duration": 4540,
              "state": "failed",
              "speed": null,
              "pass": false,
              "fail": true,
              "pending": false,
              "context": null,
              "code": "cy.get('.color').then(function (colors) {\n  var allColors = Array.from(colors).map(function (color) {\n    return Cypress.$(color).css('background-color');\n  });\n  cy.log(allColors);\n  var uniqColors = (0, _toConsumableArray2[\"default\"])(new Set(allColors));\n  cy.log(uniqColors);\n  expect(allColors.length).to.eq(uniqColors.length);\n});",
              "err": {
                "message": "CypressError: Timed out retrying: Expected to find element: '.color', but never found it.",
                "estack": "CypressError: Timed out retrying: Expected to find element: '.color', but never found it.\n    at cypressErr (http://localhost:33295/__cypress/runner/cypress_runner.js:149934:9)\n    at throwErr (http://localhost:33295/__cypress/runner/cypress_runner.js:149867:11)\n    at Object.throwErrByPath (http://localhost:33295/__cypress/runner/cypress_runner.js:149915:3)\n    at retry (http://localhost:33295/__cypress/runner/cypress_runner.js:144197:19)\n    at onFailFn (http://localhost:33295/__cypress/runner/cypress_runner.js:132448:16)\n    at tryCatcher (http://localhost:33295/__cypress/runner/cypress_runner.js:167415:23)\n    at Promise._settlePromiseFromHandler (http://localhost:33295/__cypress/runner/cypress_runner.js:165351:31)\n    at Promise._settlePromise (http://localhost:33295/__cypress/runner/cypress_runner.js:165408:18)\n    at Promise._settlePromise0 (http://localhost:33295/__cypress/runner/cypress_runner.js:165453:10)\n    at Promise._settlePromises (http://localhost:33295/__cypress/runner/cypress_runner.js:165528:18)\n    at Async../node_modules/bluebird/js/release/async.js.Async._drainQueue (http://localhost:33295/__cypress/runner/cypress_runner.js:162140:16)\n    at Async../node_modules/bluebird/js/release/async.js.Async._drainQueues (http://localhost:33295/__cypress/runner/cypress_runner.js:162150:10)\n    at Async.drainQueues (http://localhost:33295/__cypress/runner/cypress_runner.js:162024:14)",
                "diff": null
              },
              "uuid": "3ca831f1-19d0-4ae0-9ac0-ee41e671934f",
              "parentUUID": "14313b26-4f1f-4e9f-93e9-62664204cf62",
              "isHook": false,
              "skipped": false
            }
          ],
          "suites": [],
          "passes": [],
          "failures": [
            "bee81fd5-a78b-495b-9532-9f03dc452953",
            "e5c4be2e-1302-481b-b190-f7f3595ccb4e",
            "af0cb4c6-d6ab-4873-84a5-2b39c6d13ed8",
            "cccd0bdf-d59a-4baf-9c8f-55a16267a254",
            "b66e4419-cca6-4b24-85f6-1176281e26ac",
            "31cc63e3-bc40-407f-ba60-32a590294a1a",
            "3ca831f1-19d0-4ae0-9ac0-ee41e671934f"
          ],
          "pending": [],
          "skipped": [],
          "duration": 33184,
          "root": false,
          "rootEmpty": false,
          "_timeout": 2000
        },
        {
          "uuid": "c889fe8b-f321-4b1a-b56b-445e16adf2af",
          "title": "3 - Adicione a cor **preta** como a primeira cor da paleta de cores.",
          "fullFile": "",
          "file": "",
          "beforeHooks": [],
          "afterHooks": [],
          "tests": [
            {
              "title": "Verifica se a primeira cor da paleta é preta",
              "fullTitle": "3 - Adicione a cor **preta** como a primeira cor da paleta de cores. Verifica se a primeira cor da paleta é preta",
              "timedOut": null,
              "duration": 4513,
              "state": "failed",
              "speed": null,
              "pass": false,
              "fail": true,
              "pending": false,
              "context": null,
              "code": "cy.get('.color').first().should('have.css', 'background-color', BLACK);",
              "err": {
                "message": "CypressError: Timed out retrying: Expected to find element: '.color', but never found it.",
                "estack": "CypressError: Timed out retrying: Expected to find element: '.color', but never found it.\n    at cypressErr (http://localhost:33295/__cypress/runner/cypress_runner.js:149934:9)\n    at throwErr (http://localhost:33295/__cypress/runner/cypress_runner.js:149867:11)\n    at Object.throwErrByPath (http://localhost:33295/__cypress/runner/cypress_runner.js:149915:3)\n    at retry (http://localhost:33295/__cypress/runner/cypress_runner.js:144197:19)\n    at onFailFn (http://localhost:33295/__cypress/runner/cypress_runner.js:132448:16)\n    at tryCatcher (http://localhost:33295/__cypress/runner/cypress_runner.js:167415:23)\n    at Promise._settlePromiseFromHandler (http://localhost:33295/__cypress/runner/cypress_runner.js:165351:31)\n    at Promise._settlePromise (http://localhost:33295/__cypress/runner/cypress_runner.js:165408:18)\n    at Promise._settlePromise0 (http://localhost:33295/__cypress/runner/cypress_runner.js:165453:10)\n    at Promise._settlePromises (http://localhost:33295/__cypress/runner/cypress_runner.js:165528:18)\n    at Async../node_modules/bluebird/js/release/async.js.Async._drainQueue (http://localhost:33295/__cypress/runner/cypress_runner.js:162140:16)\n    at Async../node_modules/bluebird/js/release/async.js.Async._drainQueues (http://localhost:33295/__cypress/runner/cypress_runner.js:162150:10)\n    at Async.drainQueues (http://localhost:33295/__cypress/runner/cypress_runner.js:162024:14)",
                "diff": null
              },
              "uuid": "46170cf0-7d0e-4a4b-9e68-15ddd68afe90",
              "parentUUID": "c889fe8b-f321-4b1a-b56b-445e16adf2af",
              "isHook": false,
              "skipped": false
            },
            {
              "title": "Verifica se as demais cores podem ser escolhidas livremente.",
              "fullTitle": "3 - Adicione a cor **preta** como a primeira cor da paleta de cores. Verifica se as demais cores podem ser escolhidas livremente.",
              "timedOut": null,
              "duration": 4580,
              "state": "failed",
              "speed": null,
              "pass": false,
              "fail": true,
              "pending": false,
              "context": null,
              "code": "cy.get('.color').eq(1).should('not.have.css', 'background-color', BLACK);\ncy.get('.color').eq(1).should('not.have.css', 'background-color', WHITE);\ncy.get('.color').eq(1).should('not.have.css', 'background-color', 'rgba(0, 0, 0, 0)');\ncy.get('.color').eq(1).should('have.css', 'background-color');\ncy.get('.color').eq(2).should('not.have.css', 'background-color', BLACK);\ncy.get('.color').eq(2).should('not.have.css', 'background-color', WHITE);\ncy.get('.color').eq(2).should('not.have.css', 'background-color', 'rgba(0, 0, 0, 0)');\ncy.get('.color').eq(2).should('have.css', 'background-color');\ncy.get('.color').eq(3).should('not.have.css', 'background-color', BLACK);\ncy.get('.color').eq(3).should('not.have.css', 'background-color', WHITE);\ncy.get('.color').eq(3).should('not.have.css', 'background-color', 'rgba(0, 0, 0, 0)');\ncy.get('.color').eq(3).should('have.css', 'background-color');",
              "err": {
                "message": "CypressError: Timed out retrying: Expected to find element: '.color', but never found it.",
                "estack": "CypressError: Timed out retrying: Expected to find element: '.color', but never found it.\n    at cypressErr (http://localhost:33295/__cypress/runner/cypress_runner.js:149934:9)\n    at throwErr (http://localhost:33295/__cypress/runner/cypress_runner.js:149867:11)\n    at Object.throwErrByPath (http://localhost:33295/__cypress/runner/cypress_runner.js:149915:3)\n    at retry (http://localhost:33295/__cypress/runner/cypress_runner.js:144197:19)\n    at onFailFn (http://localhost:33295/__cypress/runner/cypress_runner.js:132448:16)\n    at tryCatcher (http://localhost:33295/__cypress/runner/cypress_runner.js:167415:23)\n    at Promise._settlePromiseFromHandler (http://localhost:33295/__cypress/runner/cypress_runner.js:165351:31)\n    at Promise._settlePromise (http://localhost:33295/__cypress/runner/cypress_runner.js:165408:18)\n    at Promise._settlePromise0 (http://localhost:33295/__cypress/runner/cypress_runner.js:165453:10)\n    at Promise._settlePromises (http://localhost:33295/__cypress/runner/cypress_runner.js:165528:18)\n    at Async../node_modules/bluebird/js/release/async.js.Async._drainQueue (http://localhost:33295/__cypress/runner/cypress_runner.js:162140:16)\n    at Async../node_modules/bluebird/js/release/async.js.Async._drainQueues (http://localhost:33295/__cypress/runner/cypress_runner.js:162150:10)\n    at Async.drainQueues (http://localhost:33295/__cypress/runner/cypress_runner.js:162024:14)",
                "diff": null
              },
              "uuid": "6731bfdf-2344-4325-bf99-38f803a1112c",
              "parentUUID": "c889fe8b-f321-4b1a-b56b-445e16adf2af",
              "isHook": false,
              "skipped": false
            }
          ],
          "suites": [],
          "passes": [],
          "failures": [
            "46170cf0-7d0e-4a4b-9e68-15ddd68afe90",
            "6731bfdf-2344-4325-bf99-38f803a1112c"
          ],
          "pending": [],
          "skipped": [],
          "duration": 9093,
          "root": false,
          "rootEmpty": false,
          "_timeout": 2000
        },
        {
          "uuid": "608bad1b-aad8-4eea-ab09-0aa0963aba2a",
          "title": "4 - Adicione à página um quadro de pixels, com 25 pixels.",
          "fullFile": "",
          "file": "",
          "beforeHooks": [],
          "afterHooks": [],
          "tests": [
            {
              "title": "Verifica se o quadro de pixels possui o `id` denominado `pixel-board`",
              "fullTitle": "4 - Adicione à página um quadro de pixels, com 25 pixels. Verifica se o quadro de pixels possui o `id` denominado `pixel-board`",
              "timedOut": null,
              "duration": 4552,
              "state": "failed",
              "speed": null,
              "pass": false,
              "fail": true,
              "pending": false,
              "context": null,
              "code": "cy.get('#pixel-board').should('be.visible');",
              "err": {
                "message": "CypressError: Timed out retrying: Expected to find element: '#pixel-board', but never found it.",
                "estack": "CypressError: Timed out retrying: Expected to find element: '#pixel-board', but never found it.\n    at cypressErr (http://localhost:33295/__cypress/runner/cypress_runner.js:149934:9)\n    at throwErr (http://localhost:33295/__cypress/runner/cypress_runner.js:149867:11)\n    at Object.throwErrByPath (http://localhost:33295/__cypress/runner/cypress_runner.js:149915:3)\n    at retry (http://localhost:33295/__cypress/runner/cypress_runner.js:144197:19)\n    at onFailFn (http://localhost:33295/__cypress/runner/cypress_runner.js:132448:16)\n    at tryCatcher (http://localhost:33295/__cypress/runner/cypress_runner.js:167415:23)\n    at Promise._settlePromiseFromHandler (http://localhost:33295/__cypress/runner/cypress_runner.js:165351:31)\n    at Promise._settlePromise (http://localhost:33295/__cypress/runner/cypress_runner.js:165408:18)\n    at Promise._settlePromise0 (http://localhost:33295/__cypress/runner/cypress_runner.js:165453:10)\n    at Promise._settlePromises (http://localhost:33295/__cypress/runner/cypress_runner.js:165528:18)\n    at Async../node_modules/bluebird/js/release/async.js.Async._drainQueue (http://localhost:33295/__cypress/runner/cypress_runner.js:162140:16)\n    at Async../node_modules/bluebird/js/release/async.js.Async._drainQueues (http://localhost:33295/__cypress/runner/cypress_runner.js:162150:10)\n    at Async.drainQueues (http://localhost:33295/__cypress/runner/cypress_runner.js:162024:14)",
                "diff": null
              },
              "uuid": "4e6e42d8-cc3b-499b-936d-a5169e906261",
              "parentUUID": "608bad1b-aad8-4eea-ab09-0aa0963aba2a",
              "isHook": false,
              "skipped": false
            },
            {
              "title": "Verifica se cada pixel individual dentro do quadro possui a `classe` denominada `pixel`.",
              "fullTitle": "4 - Adicione à página um quadro de pixels, com 25 pixels. Verifica se cada pixel individual dentro do quadro possui a `classe` denominada `pixel`.",
              "timedOut": null,
              "duration": 4540,
              "state": "failed",
              "speed": null,
              "pass": false,
              "fail": true,
              "pending": false,
              "context": null,
              "code": "cy.get('.pixel').should('have.length', 25);",
              "err": {
                "message": "CypressError: Timed out retrying: Expected to find element: '.pixel', but never found it.",
                "estack": "CypressError: Timed out retrying: Expected to find element: '.pixel', but never found it.\n    at cypressErr (http://localhost:33295/__cypress/runner/cypress_runner.js:149934:9)\n    at throwErr (http://localhost:33295/__cypress/runner/cypress_runner.js:149867:11)\n    at Object.throwErrByPath (http://localhost:33295/__cypress/runner/cypress_runner.js:149915:3)\n    at retry (http://localhost:33295/__cypress/runner/cypress_runner.js:144197:19)\n    at onFailFn (http://localhost:33295/__cypress/runner/cypress_runner.js:132448:16)\n    at tryCatcher (http://localhost:33295/__cypress/runner/cypress_runner.js:167415:23)\n    at Promise._settlePromiseFromHandler (http://localhost:33295/__cypress/runner/cypress_runner.js:165351:31)\n    at Promise._settlePromise (http://localhost:33295/__cypress/runner/cypress_runner.js:165408:18)\n    at Promise._settlePromise0 (http://localhost:33295/__cypress/runner/cypress_runner.js:165453:10)\n    at Promise._settlePromises (http://localhost:33295/__cypress/runner/cypress_runner.js:165528:18)\n    at Async../node_modules/bluebird/js/release/async.js.Async._drainQueue (http://localhost:33295/__cypress/runner/cypress_runner.js:162140:16)\n    at Async../node_modules/bluebird/js/release/async.js.Async._drainQueues (http://localhost:33295/__cypress/runner/cypress_runner.js:162150:10)\n    at Async.drainQueues (http://localhost:33295/__cypress/runner/cypress_runner.js:162024:14)",
                "diff": null
              },
              "uuid": "9a0b02d6-dcb2-4a11-a2fb-48ed04ced12a",
              "parentUUID": "608bad1b-aad8-4eea-ab09-0aa0963aba2a",
              "isHook": false,
              "skipped": false
            },
            {
              "title": "Verifica se a cor inicial dos pixels dentro do quadro, ao abrir a página, é branca.",
              "fullTitle": "4 - Adicione à página um quadro de pixels, com 25 pixels. Verifica se a cor inicial dos pixels dentro do quadro, ao abrir a página, é branca.",
              "timedOut": null,
              "duration": 4661,
              "state": "failed",
              "speed": null,
              "pass": false,
              "fail": true,
              "pending": false,
              "context": null,
              "code": "cy.get('.pixel').should('have.length', 25).each(function (pixel) {\n  expect(pixel).to.have.css('background-color', WHITE);\n});",
              "err": {
                "message": "CypressError: Timed out retrying: Expected to find element: '.pixel', but never found it.",
                "estack": "CypressError: Timed out retrying: Expected to find element: '.pixel', but never found it.\n    at cypressErr (http://localhost:33295/__cypress/runner/cypress_runner.js:149934:9)\n    at throwErr (http://localhost:33295/__cypress/runner/cypress_runner.js:149867:11)\n    at Object.throwErrByPath (http://localhost:33295/__cypress/runner/cypress_runner.js:149915:3)\n    at retry (http://localhost:33295/__cypress/runner/cypress_runner.js:144197:19)\n    at onFailFn (http://localhost:33295/__cypress/runner/cypress_runner.js:132448:16)\n    at tryCatcher (http://localhost:33295/__cypress/runner/cypress_runner.js:167415:23)\n    at Promise._settlePromiseFromHandler (http://localhost:33295/__cypress/runner/cypress_runner.js:165351:31)\n    at Promise._settlePromise (http://localhost:33295/__cypress/runner/cypress_runner.js:165408:18)\n    at Promise._settlePromise0 (http://localhost:33295/__cypress/runner/cypress_runner.js:165453:10)\n    at Promise._settlePromises (http://localhost:33295/__cypress/runner/cypress_runner.js:165528:18)\n    at Async../node_modules/bluebird/js/release/async.js.Async._drainQueue (http://localhost:33295/__cypress/runner/cypress_runner.js:162140:16)\n    at Async../node_modules/bluebird/js/release/async.js.Async._drainQueues (http://localhost:33295/__cypress/runner/cypress_runner.js:162150:10)\n    at Async.drainQueues (http://localhost:33295/__cypress/runner/cypress_runner.js:162024:14)",
                "diff": null
              },
              "uuid": "d9cec812-07a0-4475-b34a-f077ae287f9f",
              "parentUUID": "608bad1b-aad8-4eea-ab09-0aa0963aba2a",
              "isHook": false,
              "skipped": false
            },
            {
              "title": "Verifica se o quadro de pixels aparece abaixo da paleta de cores",
              "fullTitle": "4 - Adicione à página um quadro de pixels, com 25 pixels. Verifica se o quadro de pixels aparece abaixo da paleta de cores",
              "timedOut": null,
              "duration": 4598,
              "state": "failed",
              "speed": null,
              "pass": false,
              "fail": true,
              "pending": false,
              "context": null,
              "code": "cy.get('#color-palette').then(function (palette) {\n  cy.get('#pixel-board').should('be.belowOf', palette);\n});",
              "err": {
                "message": "CypressError: Timed out retrying: Expected to find element: '#color-palette', but never found it.",
                "estack": "CypressError: Timed out retrying: Expected to find element: '#color-palette', but never found it.\n    at cypressErr (http://localhost:33295/__cypress/runner/cypress_runner.js:149934:9)\n    at throwErr (http://localhost:33295/__cypress/runner/cypress_runner.js:149867:11)\n    at Object.throwErrByPath (http://localhost:33295/__cypress/runner/cypress_runner.js:149915:3)\n    at retry (http://localhost:33295/__cypress/runner/cypress_runner.js:144197:19)\n    at onFailFn (http://localhost:33295/__cypress/runner/cypress_runner.js:132448:16)\n    at tryCatcher (http://localhost:33295/__cypress/runner/cypress_runner.js:167415:23)\n    at Promise._settlePromiseFromHandler (http://localhost:33295/__cypress/runner/cypress_runner.js:165351:31)\n    at Promise._settlePromise (http://localhost:33295/__cypress/runner/cypress_runner.js:165408:18)\n    at Promise._settlePromise0 (http://localhost:33295/__cypress/runner/cypress_runner.js:165453:10)\n    at Promise._settlePromises (http://localhost:33295/__cypress/runner/cypress_runner.js:165528:18)\n    at Async../node_modules/bluebird/js/release/async.js.Async._drainQueue (http://localhost:33295/__cypress/runner/cypress_runner.js:162140:16)\n    at Async../node_modules/bluebird/js/release/async.js.Async._drainQueues (http://localhost:33295/__cypress/runner/cypress_runner.js:162150:10)\n    at Async.drainQueues (http://localhost:33295/__cypress/runner/cypress_runner.js:162024:14)",
                "diff": null
              },
              "uuid": "32412839-2f22-46dd-8d54-dc03ac103a0a",
              "parentUUID": "608bad1b-aad8-4eea-ab09-0aa0963aba2a",
              "isHook": false,
              "skipped": false
            }
          ],
          "suites": [],
          "passes": [],
          "failures": [
            "4e6e42d8-cc3b-499b-936d-a5169e906261",
            "9a0b02d6-dcb2-4a11-a2fb-48ed04ced12a",
            "d9cec812-07a0-4475-b34a-f077ae287f9f",
            "32412839-2f22-46dd-8d54-dc03ac103a0a"
          ],
          "pending": [],
          "skipped": [],
          "duration": 18351,
          "root": false,
          "rootEmpty": false,
          "_timeout": 2000
        },
        {
          "uuid": "e4124b92-7a1b-4837-b38c-6898114c9b21",
          "title": "5 - Faça com que cada elemento do quadro de pixels possua 40 pixels de largura, 40 pixels de altura e seja delimitado por uma borda preta de 1 pixel.",
          "fullFile": "",
          "file": "",
          "beforeHooks": [],
          "afterHooks": [],
          "tests": [
            {
              "title": "Verifica se o quadro de pixels tem altura e comprimento de 5 elementos",
              "fullTitle": "5 - Faça com que cada elemento do quadro de pixels possua 40 pixels de largura, 40 pixels de altura e seja delimitado por uma borda preta de 1 pixel. Verifica se o quadro de pixels tem altura e comprimento de 5 elementos",
              "timedOut": null,
              "duration": 4760,
              "state": "failed",
              "speed": null,
              "pass": false,
              "fail": true,
              "pending": false,
              "context": null,
              "code": "cy.get('.pixel').should('have.length', 25).each(function (pixel) {\n  expect(pixel).to.have.css('background-color', WHITE);\n}).and(function (pixels) {\n  var rows = chunk(pixels, 5);\n  rows.forEach(function (row) {\n    for (var index = 1; index < row.length; index += 1) {\n      var current = pixels[index];\n      var previous = pixels[index - 1];\n      cy.wrap(current).should('be.onTheRightOf', previous).and('be.horizontallyAlignedWith', previous);\n    }\n  });\n  for (var index = 1; index < 5; index += 1) {\n    expect(pixels[index * 5]).to.be.belowOf(pixels[(index - 1) * 5]);\n  }\n});",
              "err": {
                "message": "CypressError: Timed out retrying: Expected to find element: '.pixel', but never found it.",
                "estack": "CypressError: Timed out retrying: Expected to find element: '.pixel', but never found it.\n    at cypressErr (http://localhost:33295/__cypress/runner/cypress_runner.js:149934:9)\n    at throwErr (http://localhost:33295/__cypress/runner/cypress_runner.js:149867:11)\n    at Object.throwErrByPath (http://localhost:33295/__cypress/runner/cypress_runner.js:149915:3)\n    at retry (http://localhost:33295/__cypress/runner/cypress_runner.js:144197:19)\n    at onFailFn (http://localhost:33295/__cypress/runner/cypress_runner.js:132448:16)\n    at tryCatcher (http://localhost:33295/__cypress/runner/cypress_runner.js:167415:23)\n    at Promise._settlePromiseFromHandler (http://localhost:33295/__cypress/runner/cypress_runner.js:165351:31)\n    at Promise._settlePromise (http://localhost:33295/__cypress/runner/cypress_runner.js:165408:18)\n    at Promise._settlePromise0 (http://localhost:33295/__cypress/runner/cypress_runner.js:165453:10)\n    at Promise._settlePromises (http://localhost:33295/__cypress/runner/cypress_runner.js:165528:18)\n    at Async../node_modules/bluebird/js/release/async.js.Async._drainQueue (http://localhost:33295/__cypress/runner/cypress_runner.js:162140:16)\n    at Async../node_modules/bluebird/js/release/async.js.Async._drainQueues (http://localhost:33295/__cypress/runner/cypress_runner.js:162150:10)\n    at Async.drainQueues (http://localhost:33295/__cypress/runner/cypress_runner.js:162024:14)",
                "diff": null
              },
              "uuid": "4eb0c536-1bec-4051-ae4b-56e62922f97d",
              "parentUUID": "e4124b92-7a1b-4837-b38c-6898114c9b21",
              "isHook": false,
              "skipped": false
            },
            {
              "title": "Verifica se 40 pixels é o tamanho total do elemento, incluindo seu conteúdo e excluindo a borda preta, que deve ser criada à parte.",
              "fullTitle": "5 - Faça com que cada elemento do quadro de pixels possua 40 pixels de largura, 40 pixels de altura e seja delimitado por uma borda preta de 1 pixel. Verifica se 40 pixels é o tamanho total do elemento, incluindo seu conteúdo e excluindo a borda preta, que deve ser criada à parte.",
              "timedOut": null,
              "duration": 4580,
              "state": "failed",
              "speed": null,
              "pass": false,
              "fail": true,
              "pending": false,
              "context": null,
              "code": "cy.get('.pixel').each(function (pixel) {\n  cy.wrap(pixel).should('have.css', 'height', '40px').and('have.css', 'width', '40px').and('have.css', 'border', \"1px solid \".concat(BLACK));\n});",
              "err": {
                "message": "CypressError: Timed out retrying: Expected to find element: '.pixel', but never found it.",
                "estack": "CypressError: Timed out retrying: Expected to find element: '.pixel', but never found it.\n    at cypressErr (http://localhost:33295/__cypress/runner/cypress_runner.js:149934:9)\n    at throwErr (http://localhost:33295/__cypress/runner/cypress_runner.js:149867:11)\n    at Object.throwErrByPath (http://localhost:33295/__cypress/runner/cypress_runner.js:149915:3)\n    at retry (http://localhost:33295/__cypress/runner/cypress_runner.js:144197:19)\n    at onFailFn (http://localhost:33295/__cypress/runner/cypress_runner.js:132448:16)\n    at tryCatcher (http://localhost:33295/__cypress/runner/cypress_runner.js:167415:23)\n    at Promise._settlePromiseFromHandler (http://localhost:33295/__cypress/runner/cypress_runner.js:165351:31)\n    at Promise._settlePromise (http://localhost:33295/__cypress/runner/cypress_runner.js:165408:18)\n    at Promise._settlePromise0 (http://localhost:33295/__cypress/runner/cypress_runner.js:165453:10)\n    at Promise._settlePromises (http://localhost:33295/__cypress/runner/cypress_runner.js:165528:18)\n    at Async../node_modules/bluebird/js/release/async.js.Async._drainQueue (http://localhost:33295/__cypress/runner/cypress_runner.js:162140:16)\n    at Async../node_modules/bluebird/js/release/async.js.Async._drainQueues (http://localhost:33295/__cypress/runner/cypress_runner.js:162150:10)\n    at Async.drainQueues (http://localhost:33295/__cypress/runner/cypress_runner.js:162024:14)",
                "diff": null
              },
              "uuid": "b1be4724-309c-4405-a19e-4e6516b8468c",
              "parentUUID": "e4124b92-7a1b-4837-b38c-6898114c9b21",
              "isHook": false,
              "skipped": false
            }
          ],
          "suites": [],
          "passes": [],
          "failures": [
            "4eb0c536-1bec-4051-ae4b-56e62922f97d",
            "b1be4724-309c-4405-a19e-4e6516b8468c"
          ],
          "pending": [],
          "skipped": [],
          "duration": 9340,
          "root": false,
          "rootEmpty": false,
          "_timeout": 2000
        },
        {
          "uuid": "60579287-ad72-4b7b-9a5d-e1e3d5476d4e",
          "title": "6 - Defina a cor preta como cor inicial. Ao carregar a página a cor preta já deve estar selecionada para pintar os pixels",
          "fullFile": "",
          "file": "",
          "beforeHooks": [],
          "afterHooks": [],
          "tests": [
            {
              "title": "Verifica se o elemento da cor preta possui, inicialmente, a `classe` `selected`",
              "fullTitle": "6 - Defina a cor preta como cor inicial. Ao carregar a página a cor preta já deve estar selecionada para pintar os pixels Verifica se o elemento da cor preta possui, inicialmente, a `classe` `selected`",
              "timedOut": null,
              "duration": 4547,
              "state": "failed",
              "speed": null,
              "pass": false,
              "fail": true,
              "pending": false,
              "context": null,
              "code": "cy.get('.selected').first().should('have.css', 'background-color', BLACK);",
              "err": {
                "message": "CypressError: Timed out retrying: Expected to find element: '.selected', but never found it.",
                "estack": "CypressError: Timed out retrying: Expected to find element: '.selected', but never found it.\n    at cypressErr (http://localhost:33295/__cypress/runner/cypress_runner.js:149934:9)\n    at throwErr (http://localhost:33295/__cypress/runner/cypress_runner.js:149867:11)\n    at Object.throwErrByPath (http://localhost:33295/__cypress/runner/cypress_runner.js:149915:3)\n    at retry (http://localhost:33295/__cypress/runner/cypress_runner.js:144197:19)\n    at onFailFn (http://localhost:33295/__cypress/runner/cypress_runner.js:132448:16)\n    at tryCatcher (http://localhost:33295/__cypress/runner/cypress_runner.js:167415:23)\n    at Promise._settlePromiseFromHandler (http://localhost:33295/__cypress/runner/cypress_runner.js:165351:31)\n    at Promise._settlePromise (http://localhost:33295/__cypress/runner/cypress_runner.js:165408:18)\n    at Promise._settlePromise0 (http://localhost:33295/__cypress/runner/cypress_runner.js:165453:10)\n    at Promise._settlePromises (http://localhost:33295/__cypress/runner/cypress_runner.js:165528:18)\n    at Async../node_modules/bluebird/js/release/async.js.Async._drainQueue (http://localhost:33295/__cypress/runner/cypress_runner.js:162140:16)\n    at Async../node_modules/bluebird/js/release/async.js.Async._drainQueues (http://localhost:33295/__cypress/runner/cypress_runner.js:162150:10)\n    at Async.drainQueues (http://localhost:33295/__cypress/runner/cypress_runner.js:162024:14)",
                "diff": null
              },
              "uuid": "4a6c1508-f72f-439f-a49d-d62b58276eff",
              "parentUUID": "60579287-ad72-4b7b-9a5d-e1e3d5476d4e",
              "isHook": false,
              "skipped": false
            },
            {
              "title": "Verifica se nenhuma outra cor da paleta tem a `classe` `selected`",
              "fullTitle": "6 - Defina a cor preta como cor inicial. Ao carregar a página a cor preta já deve estar selecionada para pintar os pixels Verifica se nenhuma outra cor da paleta tem a `classe` `selected`",
              "timedOut": null,
              "duration": 4552,
              "state": "failed",
              "speed": null,
              "pass": false,
              "fail": true,
              "pending": false,
              "context": null,
              "code": "cy.get('.color:not(:first-child)').each(function (color) {\n  cy.wrap(color).should('not.have.class', 'selected');\n});",
              "err": {
                "message": "CypressError: Timed out retrying: Expected to find element: '.color:not(:first-child)', but never found it.",
                "estack": "CypressError: Timed out retrying: Expected to find element: '.color:not(:first-child)', but never found it.\n    at cypressErr (http://localhost:33295/__cypress/runner/cypress_runner.js:149934:9)\n    at throwErr (http://localhost:33295/__cypress/runner/cypress_runner.js:149867:11)\n    at Object.throwErrByPath (http://localhost:33295/__cypress/runner/cypress_runner.js:149915:3)\n    at retry (http://localhost:33295/__cypress/runner/cypress_runner.js:144197:19)\n    at onFailFn (http://localhost:33295/__cypress/runner/cypress_runner.js:132448:16)\n    at tryCatcher (http://localhost:33295/__cypress/runner/cypress_runner.js:167415:23)\n    at Promise._settlePromiseFromHandler (http://localhost:33295/__cypress/runner/cypress_runner.js:165351:31)\n    at Promise._settlePromise (http://localhost:33295/__cypress/runner/cypress_runner.js:165408:18)\n    at Promise._settlePromise0 (http://localhost:33295/__cypress/runner/cypress_runner.js:165453:10)\n    at Promise._settlePromises (http://localhost:33295/__cypress/runner/cypress_runner.js:165528:18)\n    at Async../node_modules/bluebird/js/release/async.js.Async._drainQueue (http://localhost:33295/__cypress/runner/cypress_runner.js:162140:16)\n    at Async../node_modules/bluebird/js/release/async.js.Async._drainQueues (http://localhost:33295/__cypress/runner/cypress_runner.js:162150:10)\n    at Async.drainQueues (http://localhost:33295/__cypress/runner/cypress_runner.js:162024:14)",
                "diff": null
              },
              "uuid": "8a2557ad-c607-4350-a691-1a5742914b24",
              "parentUUID": "60579287-ad72-4b7b-9a5d-e1e3d5476d4e",
              "isHook": false,
              "skipped": false
            }
          ],
          "suites": [],
          "passes": [],
          "failures": [
            "4a6c1508-f72f-439f-a49d-d62b58276eff",
            "8a2557ad-c607-4350-a691-1a5742914b24"
          ],
          "pending": [],
          "skipped": [],
          "duration": 9099,
          "root": false,
          "rootEmpty": false,
          "_timeout": 2000
        },
        {
          "uuid": "1b6f4a29-17c1-47ee-b063-1b0be486ec0f",
          "title": "7 - Clicar em uma das cores da paleta, faz com que ela seja selecionada e utilizada para preencher os pixels no quadro.",
          "fullFile": "",
          "file": "",
          "beforeHooks": [],
          "afterHooks": [],
          "tests": [
            {
              "title": "Verifica se somente uma cor da paleta de cores tem a classe `selected` de cada vez",
              "fullTitle": "7 - Clicar em uma das cores da paleta, faz com que ela seja selecionada e utilizada para preencher os pixels no quadro. Verifica se somente uma cor da paleta de cores tem a classe `selected` de cada vez",
              "timedOut": null,
              "duration": 4521,
              "state": "failed",
              "speed": null,
              "pass": false,
              "fail": true,
              "pending": false,
              "context": null,
              "code": "cy.get('.color').each(function (selectedColor, selectedColorIndex) {\n  cy.wrap(selectedColor).click();\n  cy.get('.color').each(function (color, colorIndex) {\n    if (colorIndex === selectedColorIndex) {\n      expect(color).to.have[\"class\"]('selected');\n    } else {\n      expect(color).not.to.have[\"class\"]('selected');\n    }\n  });\n});",
              "err": {
                "message": "CypressError: Timed out retrying: Expected to find element: '.color', but never found it.",
                "estack": "CypressError: Timed out retrying: Expected to find element: '.color', but never found it.\n    at cypressErr (http://localhost:33295/__cypress/runner/cypress_runner.js:149934:9)\n    at throwErr (http://localhost:33295/__cypress/runner/cypress_runner.js:149867:11)\n    at Object.throwErrByPath (http://localhost:33295/__cypress/runner/cypress_runner.js:149915:3)\n    at retry (http://localhost:33295/__cypress/runner/cypress_runner.js:144197:19)\n    at onFailFn (http://localhost:33295/__cypress/runner/cypress_runner.js:132448:16)\n    at tryCatcher (http://localhost:33295/__cypress/runner/cypress_runner.js:167415:23)\n    at Promise._settlePromiseFromHandler (http://localhost:33295/__cypress/runner/cypress_runner.js:165351:31)\n    at Promise._settlePromise (http://localhost:33295/__cypress/runner/cypress_runner.js:165408:18)\n    at Promise._settlePromise0 (http://localhost:33295/__cypress/runner/cypress_runner.js:165453:10)\n    at Promise._settlePromises (http://localhost:33295/__cypress/runner/cypress_runner.js:165528:18)\n    at Async../node_modules/bluebird/js/release/async.js.Async._drainQueue (http://localhost:33295/__cypress/runner/cypress_runner.js:162140:16)\n    at Async../node_modules/bluebird/js/release/async.js.Async._drainQueues (http://localhost:33295/__cypress/runner/cypress_runner.js:162150:10)\n    at Async.drainQueues (http://localhost:33295/__cypress/runner/cypress_runner.js:162024:14)",
                "diff": null
              },
              "uuid": "f642d299-975b-423c-8314-f74165eb4f70",
              "parentUUID": "1b6f4a29-17c1-47ee-b063-1b0be486ec0f",
              "isHook": false,
              "skipped": false
            },
            {
              "title": "Verifica se os pixels dentro do quadro não têm a classe `selected` quando são clicados",
              "fullTitle": "7 - Clicar em uma das cores da paleta, faz com que ela seja selecionada e utilizada para preencher os pixels no quadro. Verifica se os pixels dentro do quadro não têm a classe `selected` quando são clicados",
              "timedOut": null,
              "duration": 4532,
              "state": "failed",
              "speed": null,
              "pass": false,
              "fail": true,
              "pending": false,
              "context": null,
              "code": "cy.get('.color').each(function (color) {\n  var backgroundColor = color.css('background-color');\n  cy.wrap(color).click();\n  cy.get('.pixel').each(function (pixel) {\n    cy.wrap(pixel).click().should('not.have.class', 'selected');\n  });\n});",
              "err": {
                "message": "CypressError: Timed out retrying: Expected to find element: '.color', but never found it.",
                "estack": "CypressError: Timed out retrying: Expected to find element: '.color', but never found it.\n    at cypressErr (http://localhost:33295/__cypress/runner/cypress_runner.js:149934:9)\n    at throwErr (http://localhost:33295/__cypress/runner/cypress_runner.js:149867:11)\n    at Object.throwErrByPath (http://localhost:33295/__cypress/runner/cypress_runner.js:149915:3)\n    at retry (http://localhost:33295/__cypress/runner/cypress_runner.js:144197:19)\n    at onFailFn (http://localhost:33295/__cypress/runner/cypress_runner.js:132448:16)\n    at tryCatcher (http://localhost:33295/__cypress/runner/cypress_runner.js:167415:23)\n    at Promise._settlePromiseFromHandler (http://localhost:33295/__cypress/runner/cypress_runner.js:165351:31)\n    at Promise._settlePromise (http://localhost:33295/__cypress/runner/cypress_runner.js:165408:18)\n    at Promise._settlePromise0 (http://localhost:33295/__cypress/runner/cypress_runner.js:165453:10)\n    at Promise._settlePromises (http://localhost:33295/__cypress/runner/cypress_runner.js:165528:18)\n    at Async../node_modules/bluebird/js/release/async.js.Async._drainQueue (http://localhost:33295/__cypress/runner/cypress_runner.js:162140:16)\n    at Async../node_modules/bluebird/js/release/async.js.Async._drainQueues (http://localhost:33295/__cypress/runner/cypress_runner.js:162150:10)\n    at Async.drainQueues (http://localhost:33295/__cypress/runner/cypress_runner.js:162024:14)",
                "diff": null
              },
              "uuid": "cdb15ed4-f13a-441c-96e3-0321a41d700a",
              "parentUUID": "1b6f4a29-17c1-47ee-b063-1b0be486ec0f",
              "isHook": false,
              "skipped": false
            }
          ],
          "suites": [],
          "passes": [],
          "failures": [
            "f642d299-975b-423c-8314-f74165eb4f70",
            "cdb15ed4-f13a-441c-96e3-0321a41d700a"
          ],
          "pending": [],
          "skipped": [],
          "duration": 9053,
          "root": false,
          "rootEmpty": false,
          "_timeout": 2000
        },
        {
          "uuid": "c8ec81af-e7e4-4bf5-9314-9b1508fa2319",
          "title": "8 - Clicar em um pixel dentro do quadro após selecionar uma cor na paleta, faz com que o pixel seja preenchido com a cor selecionada.",
          "fullFile": "",
          "file": "",
          "beforeHooks": [],
          "afterHooks": [],
          "tests": [
            {
              "title": "Verifica se ao carregar a página deve ser possível pintar os pixels de preto",
              "fullTitle": "8 - Clicar em um pixel dentro do quadro após selecionar uma cor na paleta, faz com que o pixel seja preenchido com a cor selecionada. Verifica se ao carregar a página deve ser possível pintar os pixels de preto",
              "timedOut": null,
              "duration": 4627,
              "state": "failed",
              "speed": null,
              "pass": false,
              "fail": true,
              "pending": false,
              "context": null,
              "code": "cy.get('.pixel').each(function (pixel) {\n  cy.wrap(pixel).click().should('have.css', 'background-color', BLACK);\n});",
              "err": {
                "message": "CypressError: Timed out retrying: Expected to find element: '.pixel', but never found it.",
                "estack": "CypressError: Timed out retrying: Expected to find element: '.pixel', but never found it.\n    at cypressErr (http://localhost:33295/__cypress/runner/cypress_runner.js:149934:9)\n    at throwErr (http://localhost:33295/__cypress/runner/cypress_runner.js:149867:11)\n    at Object.throwErrByPath (http://localhost:33295/__cypress/runner/cypress_runner.js:149915:3)\n    at retry (http://localhost:33295/__cypress/runner/cypress_runner.js:144197:19)\n    at onFailFn (http://localhost:33295/__cypress/runner/cypress_runner.js:132448:16)\n    at tryCatcher (http://localhost:33295/__cypress/runner/cypress_runner.js:167415:23)\n    at Promise._settlePromiseFromHandler (http://localhost:33295/__cypress/runner/cypress_runner.js:165351:31)\n    at Promise._settlePromise (http://localhost:33295/__cypress/runner/cypress_runner.js:165408:18)\n    at Promise._settlePromise0 (http://localhost:33295/__cypress/runner/cypress_runner.js:165453:10)\n    at Promise._settlePromises (http://localhost:33295/__cypress/runner/cypress_runner.js:165528:18)\n    at Async../node_modules/bluebird/js/release/async.js.Async._drainQueue (http://localhost:33295/__cypress/runner/cypress_runner.js:162140:16)\n    at Async../node_modules/bluebird/js/release/async.js.Async._drainQueues (http://localhost:33295/__cypress/runner/cypress_runner.js:162150:10)\n    at Async.drainQueues (http://localhost:33295/__cypress/runner/cypress_runner.js:162024:14)",
                "diff": null
              },
              "uuid": "3368d303-c973-495b-a3f3-7d7ed97844ed",
              "parentUUID": "c8ec81af-e7e4-4bf5-9314-9b1508fa2319",
              "isHook": false,
              "skipped": false
            },
            {
              "title": "Verifica se após selecionar uma outra cor na paleta, é possível pintar os pixels com essa cor",
              "fullTitle": "8 - Clicar em um pixel dentro do quadro após selecionar uma cor na paleta, faz com que o pixel seja preenchido com a cor selecionada. Verifica se após selecionar uma outra cor na paleta, é possível pintar os pixels com essa cor",
              "timedOut": null,
              "duration": 4613,
              "state": "failed",
              "speed": null,
              "pass": false,
              "fail": true,
              "pending": false,
              "context": null,
              "code": "cy.get('.color').each(function (color) {\n  var backgroundColor = color.css('background-color');\n  cy.wrap(color).click();\n  cy.get('.pixel').each(function (pixel) {\n    cy.wrap(pixel).click().should('have.css', 'background-color', backgroundColor);\n  });\n});",
              "err": {
                "message": "CypressError: Timed out retrying: Expected to find element: '.color', but never found it.",
                "estack": "CypressError: Timed out retrying: Expected to find element: '.color', but never found it.\n    at cypressErr (http://localhost:33295/__cypress/runner/cypress_runner.js:149934:9)\n    at throwErr (http://localhost:33295/__cypress/runner/cypress_runner.js:149867:11)\n    at Object.throwErrByPath (http://localhost:33295/__cypress/runner/cypress_runner.js:149915:3)\n    at retry (http://localhost:33295/__cypress/runner/cypress_runner.js:144197:19)\n    at onFailFn (http://localhost:33295/__cypress/runner/cypress_runner.js:132448:16)\n    at tryCatcher (http://localhost:33295/__cypress/runner/cypress_runner.js:167415:23)\n    at Promise._settlePromiseFromHandler (http://localhost:33295/__cypress/runner/cypress_runner.js:165351:31)\n    at Promise._settlePromise (http://localhost:33295/__cypress/runner/cypress_runner.js:165408:18)\n    at Promise._settlePromise0 (http://localhost:33295/__cypress/runner/cypress_runner.js:165453:10)\n    at Promise._settlePromises (http://localhost:33295/__cypress/runner/cypress_runner.js:165528:18)\n    at Async../node_modules/bluebird/js/release/async.js.Async._drainQueue (http://localhost:33295/__cypress/runner/cypress_runner.js:162140:16)\n    at Async../node_modules/bluebird/js/release/async.js.Async._drainQueues (http://localhost:33295/__cypress/runner/cypress_runner.js:162150:10)\n    at Async.drainQueues (http://localhost:33295/__cypress/runner/cypress_runner.js:162024:14)",
                "diff": null
              },
              "uuid": "50699a2f-b65b-4581-9255-d518277647c9",
              "parentUUID": "c8ec81af-e7e4-4bf5-9314-9b1508fa2319",
              "isHook": false,
              "skipped": false
            },
            {
              "title": "Verifica se somente o pixel que foi clicado foi preenchido com a cor selecionada, sem influenciar na cor dos demais pixels.",
              "fullTitle": "8 - Clicar em um pixel dentro do quadro após selecionar uma cor na paleta, faz com que o pixel seja preenchido com a cor selecionada. Verifica se somente o pixel que foi clicado foi preenchido com a cor selecionada, sem influenciar na cor dos demais pixels.",
              "timedOut": null,
              "duration": 4683,
              "state": "failed",
              "speed": null,
              "pass": false,
              "fail": true,
              "pending": false,
              "context": null,
              "code": "var colorToPixelIndexMap = {\n  0: 6,\n  1: 8,\n  2: 16,\n  3: 18\n};\ncy.get('.color').each(function (color, index) {\n  cy.wrap(color).click();\n  var backgroundColor = color.css('background-color');\n  var clickedPixelIndex = colorToPixelIndexMap[index];\n  cy.get('.pixel').eq(clickedPixelIndex).click();\n  cy.get('.pixel').eq(clickedPixelIndex - 1).should('not.have.css', 'background-color', backgroundColor);\n  cy.get('.pixel').eq(clickedPixelIndex + 1).should('not.have.css', 'background-color', backgroundColor);\n  cy.get('.pixel').eq(clickedPixelIndex - 5).should('not.have.css', 'background-color', backgroundColor);\n  cy.get('.pixel').eq(clickedPixelIndex + 5).should('not.have.css', 'background-color', backgroundColor);\n  cy.get('.pixel').eq(clickedPixelIndex - 6).should('not.have.css', 'background-color', backgroundColor);\n  cy.get('.pixel').eq(clickedPixelIndex - 4).should('not.have.css', 'background-color', backgroundColor);\n  cy.get('.pixel').eq(clickedPixelIndex + 4).should('not.have.css', 'background-color', backgroundColor);\n  cy.get('.pixel').eq(clickedPixelIndex + 6).should('not.have.css', 'background-color', backgroundColor);\n});",
              "err": {
                "message": "CypressError: Timed out retrying: Expected to find element: '.color', but never found it.",
                "estack": "CypressError: Timed out retrying: Expected to find element: '.color', but never found it.\n    at cypressErr (http://localhost:33295/__cypress/runner/cypress_runner.js:149934:9)\n    at throwErr (http://localhost:33295/__cypress/runner/cypress_runner.js:149867:11)\n    at Object.throwErrByPath (http://localhost:33295/__cypress/runner/cypress_runner.js:149915:3)\n    at retry (http://localhost:33295/__cypress/runner/cypress_runner.js:144197:19)\n    at onFailFn (http://localhost:33295/__cypress/runner/cypress_runner.js:132448:16)\n    at tryCatcher (http://localhost:33295/__cypress/runner/cypress_runner.js:167415:23)\n    at Promise._settlePromiseFromHandler (http://localhost:33295/__cypress/runner/cypress_runner.js:165351:31)\n    at Promise._settlePromise (http://localhost:33295/__cypress/runner/cypress_runner.js:165408:18)\n    at Promise._settlePromise0 (http://localhost:33295/__cypress/runner/cypress_runner.js:165453:10)\n    at Promise._settlePromises (http://localhost:33295/__cypress/runner/cypress_runner.js:165528:18)\n    at Async../node_modules/bluebird/js/release/async.js.Async._drainQueue (http://localhost:33295/__cypress/runner/cypress_runner.js:162140:16)\n    at Async../node_modules/bluebird/js/release/async.js.Async._drainQueues (http://localhost:33295/__cypress/runner/cypress_runner.js:162150:10)\n    at Async.drainQueues (http://localhost:33295/__cypress/runner/cypress_runner.js:162024:14)",
                "diff": null
              },
              "uuid": "2747213d-13ca-4d9c-b057-e3b842e37e19",
              "parentUUID": "c8ec81af-e7e4-4bf5-9314-9b1508fa2319",
              "isHook": false,
              "skipped": false
            }
          ],
          "suites": [],
          "passes": [],
          "failures": [
            "3368d303-c973-495b-a3f3-7d7ed97844ed",
            "50699a2f-b65b-4581-9255-d518277647c9",
            "2747213d-13ca-4d9c-b057-e3b842e37e19"
          ],
          "pending": [],
          "skipped": [],
          "duration": 13923,
          "root": false,
          "rootEmpty": false,
          "_timeout": 2000
        },
        {
          "uuid": "6aafa5e5-cd3b-4ddc-8f93-acd02c0f5825",
          "title": "9 - Crie um botão que, ao ser clicado, limpa o quadro preenchendo a cor de todos seus pixels com branco.",
          "fullFile": "",
          "file": "",
          "beforeHooks": [],
          "afterHooks": [],
          "tests": [
            {
              "title": "Verifica se o botão tem o `id` denominado `clear-board`",
              "fullTitle": "9 - Crie um botão que, ao ser clicado, limpa o quadro preenchendo a cor de todos seus pixels com branco. Verifica se o botão tem o `id` denominado `clear-board`",
              "timedOut": null,
              "duration": 4570,
              "state": "failed",
              "speed": null,
              "pass": false,
              "fail": true,
              "pending": false,
              "context": null,
              "code": "cy.get('#clear-board').should('be.visible');",
              "err": {
                "message": "CypressError: Timed out retrying: Expected to find element: '#clear-board', but never found it.",
                "estack": "CypressError: Timed out retrying: Expected to find element: '#clear-board', but never found it.\n    at cypressErr (http://localhost:33295/__cypress/runner/cypress_runner.js:149934:9)\n    at throwErr (http://localhost:33295/__cypress/runner/cypress_runner.js:149867:11)\n    at Object.throwErrByPath (http://localhost:33295/__cypress/runner/cypress_runner.js:149915:3)\n    at retry (http://localhost:33295/__cypress/runner/cypress_runner.js:144197:19)\n    at onFailFn (http://localhost:33295/__cypress/runner/cypress_runner.js:132448:16)\n    at tryCatcher (http://localhost:33295/__cypress/runner/cypress_runner.js:167415:23)\n    at Promise._settlePromiseFromHandler (http://localhost:33295/__cypress/runner/cypress_runner.js:165351:31)\n    at Promise._settlePromise (http://localhost:33295/__cypress/runner/cypress_runner.js:165408:18)\n    at Promise._settlePromise0 (http://localhost:33295/__cypress/runner/cypress_runner.js:165453:10)\n    at Promise._settlePromises (http://localhost:33295/__cypress/runner/cypress_runner.js:165528:18)\n    at Async../node_modules/bluebird/js/release/async.js.Async._drainQueue (http://localhost:33295/__cypress/runner/cypress_runner.js:162140:16)\n    at Async../node_modules/bluebird/js/release/async.js.Async._drainQueues (http://localhost:33295/__cypress/runner/cypress_runner.js:162150:10)\n    at Async.drainQueues (http://localhost:33295/__cypress/runner/cypress_runner.js:162024:14)",
                "diff": null
              },
              "uuid": "da1dbb64-8b9a-4f9e-b82b-a61b87e53503",
              "parentUUID": "6aafa5e5-cd3b-4ddc-8f93-acd02c0f5825",
              "isHook": false,
              "skipped": false
            },
            {
              "title": "Verifica se o botão está posicionado entre a paleta de cores e o quadro de pixels",
              "fullTitle": "9 - Crie um botão que, ao ser clicado, limpa o quadro preenchendo a cor de todos seus pixels com branco. Verifica se o botão está posicionado entre a paleta de cores e o quadro de pixels",
              "timedOut": null,
              "duration": 4650,
              "state": "failed",
              "speed": null,
              "pass": false,
              "fail": true,
              "pending": false,
              "context": null,
              "code": "cy.get('#color-palette').then(function (palette) {\n  cy.get('#clear-board').should('be.belowOf', palette);\n});\ncy.get('#clear-board').then(function (clearBtn) {\n  cy.get('#pixel-board').should('be.belowOf', clearBtn);\n});",
              "err": {
                "message": "CypressError: Timed out retrying: Expected to find element: '#clear-board', but never found it.",
                "estack": "CypressError: Timed out retrying: Expected to find element: '#clear-board', but never found it.\n    at cypressErr (http://localhost:33295/__cypress/runner/cypress_runner.js:149934:9)\n    at throwErr (http://localhost:33295/__cypress/runner/cypress_runner.js:149867:11)\n    at Object.throwErrByPath (http://localhost:33295/__cypress/runner/cypress_runner.js:149915:3)\n    at retry (http://localhost:33295/__cypress/runner/cypress_runner.js:144197:19)\n    at onFailFn (http://localhost:33295/__cypress/runner/cypress_runner.js:132448:16)\n    at tryCatcher (http://localhost:33295/__cypress/runner/cypress_runner.js:167415:23)\n    at Promise._settlePromiseFromHandler (http://localhost:33295/__cypress/runner/cypress_runner.js:165351:31)\n    at Promise._settlePromise (http://localhost:33295/__cypress/runner/cypress_runner.js:165408:18)\n    at Promise._settlePromise0 (http://localhost:33295/__cypress/runner/cypress_runner.js:165453:10)\n    at Promise._settlePromises (http://localhost:33295/__cypress/runner/cypress_runner.js:165528:18)\n    at Async../node_modules/bluebird/js/release/async.js.Async._drainQueue (http://localhost:33295/__cypress/runner/cypress_runner.js:162140:16)\n    at Async../node_modules/bluebird/js/release/async.js.Async._drainQueues (http://localhost:33295/__cypress/runner/cypress_runner.js:162150:10)\n    at Async.drainQueues (http://localhost:33295/__cypress/runner/cypress_runner.js:162024:14)",
                "diff": null
              },
              "uuid": "a986d39d-9d8a-47f7-be17-0f4d08fc730f",
              "parentUUID": "6aafa5e5-cd3b-4ddc-8f93-acd02c0f5825",
              "isHook": false,
              "skipped": false
            },
            {
              "title": "Verifica se o texto do botão é 'Limpar'",
              "fullTitle": "9 - Crie um botão que, ao ser clicado, limpa o quadro preenchendo a cor de todos seus pixels com branco. Verifica se o texto do botão é 'Limpar'",
              "timedOut": null,
              "duration": 4782,
              "state": "failed",
              "speed": null,
              "pass": false,
              "fail": true,
              "pending": false,
              "context": null,
              "code": "cy.get('#clear-board').should('contain.text', 'Limpar');",
              "err": {
                "message": "CypressError: Timed out retrying: Expected to find element: '#clear-board', but never found it.",
                "estack": "CypressError: Timed out retrying: Expected to find element: '#clear-board', but never found it.\n    at cypressErr (http://localhost:33295/__cypress/runner/cypress_runner.js:149934:9)\n    at throwErr (http://localhost:33295/__cypress/runner/cypress_runner.js:149867:11)\n    at Object.throwErrByPath (http://localhost:33295/__cypress/runner/cypress_runner.js:149915:3)\n    at retry (http://localhost:33295/__cypress/runner/cypress_runner.js:144197:19)\n    at onFailFn (http://localhost:33295/__cypress/runner/cypress_runner.js:132448:16)\n    at tryCatcher (http://localhost:33295/__cypress/runner/cypress_runner.js:167415:23)\n    at Promise._settlePromiseFromHandler (http://localhost:33295/__cypress/runner/cypress_runner.js:165351:31)\n    at Promise._settlePromise (http://localhost:33295/__cypress/runner/cypress_runner.js:165408:18)\n    at Promise._settlePromise0 (http://localhost:33295/__cypress/runner/cypress_runner.js:165453:10)\n    at Promise._settlePromises (http://localhost:33295/__cypress/runner/cypress_runner.js:165528:18)\n    at Async../node_modules/bluebird/js/release/async.js.Async._drainQueue (http://localhost:33295/__cypress/runner/cypress_runner.js:162140:16)\n    at Async../node_modules/bluebird/js/release/async.js.Async._drainQueues (http://localhost:33295/__cypress/runner/cypress_runner.js:162150:10)\n    at Async.drainQueues (http://localhost:33295/__cypress/runner/cypress_runner.js:162024:14)",
                "diff": null
              },
              "uuid": "9b373e6d-0f67-4b31-b74e-f6bb2df728c0",
              "parentUUID": "6aafa5e5-cd3b-4ddc-8f93-acd02c0f5825",
              "isHook": false,
              "skipped": false
            },
            {
              "title": "Verifica se ao clicar no botão, o quadro de pixels é totalmente preenchido de branco",
              "fullTitle": "9 - Crie um botão que, ao ser clicado, limpa o quadro preenchendo a cor de todos seus pixels com branco. Verifica se ao clicar no botão, o quadro de pixels é totalmente preenchido de branco",
              "timedOut": null,
              "duration": 4612,
              "state": "failed",
              "speed": null,
              "pass": false,
              "fail": true,
              "pending": false,
              "context": null,
              "code": "cy.get('.color').eq(1).then(function (color) {\n  var backgroundColor = color.css('background-color');\n  cy.wrap(color).click();\n  cy.get('.pixel').each(function (pixel) {\n    cy.wrap(pixel).click().should('have.css', 'background-color', backgroundColor);\n  });\n});\ncy.get('#clear-board').click();\ncy.get('.pixel').each(function (pixel) {\n  cy.wrap(pixel).should('have.css', 'background-color', WHITE);\n});",
              "err": {
                "message": "CypressError: Timed out retrying: Expected to find element: '.color', but never found it.",
                "estack": "CypressError: Timed out retrying: Expected to find element: '.color', but never found it.\n    at cypressErr (http://localhost:33295/__cypress/runner/cypress_runner.js:149934:9)\n    at throwErr (http://localhost:33295/__cypress/runner/cypress_runner.js:149867:11)\n    at Object.throwErrByPath (http://localhost:33295/__cypress/runner/cypress_runner.js:149915:3)\n    at retry (http://localhost:33295/__cypress/runner/cypress_runner.js:144197:19)\n    at onFailFn (http://localhost:33295/__cypress/runner/cypress_runner.js:132448:16)\n    at tryCatcher (http://localhost:33295/__cypress/runner/cypress_runner.js:167415:23)\n    at Promise._settlePromiseFromHandler (http://localhost:33295/__cypress/runner/cypress_runner.js:165351:31)\n    at Promise._settlePromise (http://localhost:33295/__cypress/runner/cypress_runner.js:165408:18)\n    at Promise._settlePromise0 (http://localhost:33295/__cypress/runner/cypress_runner.js:165453:10)\n    at Promise._settlePromises (http://localhost:33295/__cypress/runner/cypress_runner.js:165528:18)\n    at Async../node_modules/bluebird/js/release/async.js.Async._drainQueue (http://localhost:33295/__cypress/runner/cypress_runner.js:162140:16)\n    at Async../node_modules/bluebird/js/release/async.js.Async._drainQueues (http://localhost:33295/__cypress/runner/cypress_runner.js:162150:10)\n    at Async.drainQueues (http://localhost:33295/__cypress/runner/cypress_runner.js:162024:14)",
                "diff": null
              },
              "uuid": "2d602c5f-e9db-4489-bc58-9e5b881923a6",
              "parentUUID": "6aafa5e5-cd3b-4ddc-8f93-acd02c0f5825",
              "isHook": false,
              "skipped": false
            }
          ],
          "suites": [],
          "passes": [],
          "failures": [
            "da1dbb64-8b9a-4f9e-b82b-a61b87e53503",
            "a986d39d-9d8a-47f7-be17-0f4d08fc730f",
            "9b373e6d-0f67-4b31-b74e-f6bb2df728c0",
            "2d602c5f-e9db-4489-bc58-9e5b881923a6"
          ],
          "pending": [],
          "skipped": [],
          "duration": 18614,
          "root": false,
          "rootEmpty": false,
          "_timeout": 2000
        },
        {
          "uuid": "af6c9ea7-6e71-4125-9bb3-ce1288beb8ec",
          "title": "10 - Faça o quadro de pixels ter seu tamanho definido pelo usuário.",
          "fullFile": "",
          "file": "",
          "beforeHooks": [],
          "afterHooks": [],
          "tests": [
            {
              "title": "Verifica se existe um input com o id `board-size`",
              "fullTitle": "10 - Faça o quadro de pixels ter seu tamanho definido pelo usuário. Verifica se existe um input com o id `board-size`",
              "timedOut": null,
              "duration": 4759,
              "state": "failed",
              "speed": null,
              "pass": false,
              "fail": true,
              "pending": false,
              "context": null,
              "code": "cy.get('#board-size').should('be.visible');",
              "err": {
                "message": "CypressError: Timed out retrying: Expected to find element: '#board-size', but never found it.",
[...]
                "diff": null
              },
              "uuid": "6c54fd55-b36b-4176-a190-56cbdb44b4b4",
              "parentUUID": "af6c9ea7-6e71-4125-9bb3-ce1288beb8ec",
              "isHook": false,
              "skipped": false
            },
            {
              "title": "Verifica se o novo quadro tem todos os pixels preenchidos com a cor branca",
              "fullTitle": "10 - Faça o quadro de pixels ter seu tamanho definido pelo usuário. Verifica se o novo quadro tem todos os pixels preenchidos com a cor branca",
              "timedOut": null,
              "duration": 4605,
              "state": "failed",
              "speed": null,
              "pass": false,
              "fail": true,
              "pending": false,
              "context": null,
              "code": "cy.get('#board-size').clear().type(6);\ncy.get('#generate-board').click();\ncy.get('.pixel').should('have.length', 36).each(function (pixel) {\n  expect(pixel).to.have.css('background-color', WHITE);\n});",
              "err": {
                "message": "CypressError: Timed out retrying: Expected to find element: '#board-size', but never found it.",
                "estack": "CypressError: Timed out retrying: Expected to find element: '#board-size', but never found it.\n    at cypressErr (http://localhost:33295/__cypress/runner/cypress_runner.js:149934:9)\n    at throwErr (http://localhost:33295/__cypress/runner/cypress_runner.js:149867:11)\n    at Object.throwErrByPath (http://localhost:33295/__cypress/runner/cypress_runner.js:149915:3)\n    at retry (http://localhost:33295/__cypress/runner/cypress_runner.js:144197:19)\n    at onFailFn (http://localhost:33295/__cypress/runner/cypress_runner.js:132448:16)\n    at tryCatcher (http://localhost:33295/__cypress/runner/cypress_runner.js:167415:23)\n    at Promise._settlePromiseFromHandler (http://localhost:33295/__cypress/runner/cypress_runner.js:165351:31)\n    at Promise._settlePromise (http://localhost:33295/__cypress/runner/cypress_runner.js:165408:18)\n    at Promise._settlePromise0 (http://localhost:33295/__cypress/runner/cypress_runner.js:165453:10)\n    at Promise._settlePromises (http://localhost:33295/__cypress/runner/cypress_runner.js:165528:18)\n    at Async../node_modules/bluebird/js/release/async.js.Async._drainQueue (http://localhost:33295/__cypress/runner/cypress_runner.js:162140:16)\n    at Async../node_modules/bluebird/js/release/async.js.Async._drainQueues (http://localhost:33295/__cypress/runner/cypress_runner.js:162150:10)\n    at Async.drainQueues (http://localhost:33295/__cypress/runner/cypress_runner.js:162024:14)",
                "diff": null
              },
              "uuid": "f5e92c8b-9ed4-4424-8026-1dd1e01e7182",
              "parentUUID": "af6c9ea7-6e71-4125-9bb3-ce1288beb8ec",
              "isHook": false,
              "skipped": false
            }
          ],
          "suites": [],
          "passes": [],
          "failures": [
            "84b5dd10-4ef1-40c1-aaa6-38afc2e987c2",
            "577183d9-b2c8-4212-b08a-dd44a640d6ca",
            "e4ac94e8-010e-4fab-a24a-91849f5e3cab",
            "dab31e47-7bda-495d-8d48-80b1f9e40632",
            "677c211e-cb8e-4617-bc2a-0fdcd9dca853",
            "e617a3de-d759-4970-963c-3658457392da",
            "390853f9-ac5d-4b2a-a621-aeb0b7fbbc10",
            "6c54fd55-b36b-4176-a190-56cbdb44b4b4",
            "f5e92c8b-9ed4-4424-8026-1dd1e01e7182"
          ],
          "pending": [],
          "skipped": [],
          "duration": 42610,
          "root": false,
          "rootEmpty": false,
          "_timeout": 2000
        },
        {
          "uuid": "fb4c0724-f9bc-43dd-9e46-105fb29ff886",
          "title": "11 - Limite o tamanho mínimo e máximo do board.",
          "fullFile": "",
          "file": "",
          "beforeHooks": [],
          "afterHooks": [],
          "tests": [
            {
              "title": "Verifica se a altura máxima do board é 50",
              "fullTitle": "11 - Limite o tamanho mínimo e máximo do board. Verifica se a altura máxima do board é 50",
              "timedOut": null,
              "duration": 4644,
              "state": "failed",
              "speed": null,
              "pass": false,
              "fail": true,
              "pending": false,
              "context": null,
              "code": "cy.get('#board-size').clear().type(50);\ncy.get('#generate-board').click();\ncy.get('.pixel').should('have.length', 2500);",
              "err": {
                "message": "CypressError: Timed out retrying: Expected to find element: '#board-size', but never found it.",
                "estack": "CypressError: Timed out retrying: Expected to find element: '#board-size', but never found it.\n    at cypressErr (http://localhost:33295/__cypress/runner/cypress_runner.js:149934:9)\n    at throwErr (http://localhost:33295/__cypress/runner/cypress_runner.js:149867:11)\n    at Object.throwErrByPath (http://localhost:33295/__cypress/runner/cypress_runner.js:149915:3)\n    at retry (http://localhost:33295/__cypress/runner/cypress_runner.js:144197:19)\n    at onFailFn (http://localhost:33295/__cypress/runner/cypress_runner.js:132448:16)\n    at tryCatcher (http://localhost:33295/__cypress/runner/cypress_runner.js:167415:23)\n    at Promise._settlePromiseFromHandler (http://localhost:33295/__cypress/runner/cypress_runner.js:165351:31)\n    at Promise._settlePromise (http://localhost:33295/__cypress/runner/cypress_runner.js:165408:18)\n    at Promise._settlePromise0 (http://localhost:33295/__cypress/runner/cypress_runner.js:165453:10)\n    at Promise._settlePromises (http://localhost:33295/__cypress/runner/cypress_runner.js:165528:18)\n    at Async../node_modules/bluebird/js/release/async.js.Async._drainQueue (http://localhost:33295/__cypress/runner/cypress_runner.js:162140:16)\n    at Async../node_modules/bluebird/js/release/async.js.Async._drainQueues (http://localhost:33295/__cypress/runner/cypress_runner.js:162150:10)\n    at Async.drainQueues (http://localhost:33295/__cypress/runner/cypress_runner.js:162024:14)",
                "diff": null
              },
              "uuid": "b6696b93-3905-40d8-a4d7-5d896660598a",
              "parentUUID": "fb4c0724-f9bc-43dd-9e46-105fb29ff886",
              "isHook": false,
              "skipped": false
            },
            {
              "title": "Verifica se a altura do board é 5 quando um valor menor é colocado no input",
              "fullTitle": "11 - Limite o tamanho mínimo e máximo do board. Verifica se a altura do board é 5 quando um valor menor é colocado no input",
              "timedOut": null,
              "duration": 4646,
              "state": "failed",
              "speed": null,
              "pass": false,
              "fail": true,
              "pending": false,
              "context": null,
              "code": "cy.get('#board-size').clear().type(4);\ncy.get('#generate-board').click();\ncy.get('.pixel').should('have.length', 25);",
              "err": {
                "message": "CypressError: Timed out retrying: Expected to find element: '#board-size', but never found it.",
                "estack": "CypressError: Timed out retrying: Expected to find element: '#board-size', but never found it.\n    at cypressErr (http://localhost:33295/__cypress/runner/cypress_runner.js:149934:9)\n    at throwErr (http://localhost:33295/__cypress/runner/cypress_runner.js:149867:11)\n    at Object.throwErrByPath (http://localhost:33295/__cypress/runner/cypress_runner.js:149915:3)\n    at retry (http://localhost:33295/__cypress/runner/cypress_runner.js:144197:19)\n    at onFailFn (http://localhost:33295/__cypress/runner/cypress_runner.js:132448:16)\n    at tryCatcher (http://localhost:33295/__cypress/runner/cypress_runner.js:167415:23)\n    at Promise._settlePromiseFromHandler (http://localhost:33295/__cypress/runner/cypress_runner.js:165351:31)\n    at Promise._settlePromise (http://localhost:33295/__cypress/runner/cypress_runner.js:165408:18)\n    at Promise._settlePromise0 (http://localhost:33295/__cypress/runner/cypress_runner.js:165453:10)\n    at Promise._settlePromises (http://localhost:33295/__cypress/runner/cypress_runner.js:165528:18)\n    at Async../node_modules/bluebird/js/release/async.js.Async._drainQueue (http://localhost:33295/__cypress/runner/cypress_runner.js:162140:16)\n    at Async../node_modules/bluebird/js/release/async.js.Async._drainQueues (http://localhost:33295/__cypress/runner/cypress_runner.js:162150:10)\n    at Async.drainQueues (http://localhost:33295/__cypress/runner/cypress_runner.js:162024:14)",
                "diff": null
              },
              "uuid": "70dc0779-d7be-4bc0-8de2-2da697c0026b",
              "parentUUID": "fb4c0724-f9bc-43dd-9e46-105fb29ff886",
              "isHook": false,
              "skipped": false
            },
            {
              "title": "Verifica se a altura do board é 50 quando um valor maior é colocado no input",
              "fullTitle": "11 - Limite o tamanho mínimo e máximo do board. Verifica se a altura do board é 50 quando um valor maior é colocado no input",
              "timedOut": null,
              "duration": 4734,
              "state": "failed",
              "speed": null,
              "pass": false,
              "fail": true,
              "pending": false,
              "context": null,
              "code": "cy.get('#board-size').clear().type(51);\ncy.get('#generate-board').click();\ncy.get('.pixel').should('have.length', 2500);",
              "err": {
                "message": "CypressError: Timed out retrying: Expected to find element: '#board-size', but never found it.",
                "estack": "CypressError: Timed out retrying: Expected to find element: '#board-size', but never found it.\n    at cypressErr (http://localhost:33295/__cypress/runner/cypress_runner.js:149934:9)\n    at throwErr (http://localhost:33295/__cypress/runner/cypress_runner.js:149867:11)\n    at Object.throwErrByPath (http://localhost:33295/__cypress/runner/cypress_runner.js:149915:3)\n    at retry (http://localhost:33295/__cypress/runner/cypress_runner.js:144197:19)\n    at onFailFn (http://localhost:33295/__cypress/runner/cypress_runner.js:132448:16)\n    at tryCatcher (http://localhost:33295/__cypress/runner/cypress_runner.js:167415:23)\n    at Promise._settlePromiseFromHandler (http://localhost:33295/__cypress/runner/cypress_runner.js:165351:31)\n    at Promise._settlePromise (http://localhost:33295/__cypress/runner/cypress_runner.js:165408:18)\n    at Promise._settlePromise0 (http://localhost:33295/__cypress/runner/cypress_runner.js:165453:10)\n    at Promise._settlePromises (http://localhost:33295/__cypress/runner/cypress_runner.js:165528:18)\n    at Async../node_modules/bluebird/js/release/async.js.Async._drainQueue (http://localhost:33295/__cypress/runner/cypress_runner.js:162140:16)\n    at Async../node_modules/bluebird/js/release/async.js.Async._drainQueues (http://localhost:33295/__cypress/runner/cypress_runner.js:162150:10)\n    at Async.drainQueues (http://localhost:33295/__cypress/runner/cypress_runner.js:162024:14)",
                "diff": null
              },
              "uuid": "abf96a77-523d-4f37-8237-1d4e8c55a7da",
              "parentUUID": "fb4c0724-f9bc-43dd-9e46-105fb29ff886",
              "isHook": false,
              "skipped": false
            }
          ],
          "suites": [],
          "passes": [],
          "failures": [
            "b6696b93-3905-40d8-a4d7-5d896660598a",
            "70dc0779-d7be-4bc0-8de2-2da697c0026b",
            "abf96a77-523d-4f37-8237-1d4e8c55a7da"
          ],
          "pending": [],
          "skipped": [],
          "duration": 14024,
          "root": false,
          "rootEmpty": false,
          "_timeout": 2000
        },
        {
          "uuid": "ca67faf5-ecf6-4ee7-8e83-6978354438d9",
          "title": "12 - Faça com que as cores da paleta sejam geradas aleatoriamente ao carregar a página.",
          "fullFile": "",
          "file": "",
          "beforeHooks": [],
          "afterHooks": [],
          "tests": [
            {
              "title": "Verifica se as cores geradas na paleta são diferentes a cada carregamento da página",
              "fullTitle": "12 - Faça com que as cores da paleta sejam geradas aleatoriamente ao carregar a página. Verifica se as cores geradas na paleta são diferentes a cada carregamento da página",
              "timedOut": null,
              "duration": 4696,
              "state": "failed",
              "speed": null,
              "pass": false,
              "fail": true,
              "pending": false,
              "context": null,
              "code": "cy.get('.color').then(function (colors) {\n  var currentColors;\n  var previousColors;\n  previousColors = Array.from(colors).map(function (color) {\n    return Cypress.$(color).css('background-color');\n  });\n  for (var i = 0; i < 5; i += 1) {\n    cy.reload();\n    cy.get('.color').then(function (colors) {\n      currentColors = Array.from(colors).map(function (color) {\n        return Cypress.$(color).css('background-color');\n      });\n      expect(currentColors).not.to.deep.equal(previousColors);\n      previousColors = currentColors;\n    });\n  }\n});",
              "err": {
                "message": "CypressError: Timed out retrying: Expected to find element: '.color', but never found it.",
                "estack": "CypressError: Timed out retrying: Expected to find element: '.color', but never found it.\n    at cypressErr (http://localhost:33295/__cypress/runner/cypress_runner.js:149934:9)\n    at throwErr (http://localhost:33295/__cypress/runner/cypress_runner.js:149867:11)\n    at Object.throwErrByPath (http://localhost:33295/__cypress/runner/cypress_runner.js:149915:3)\n    at retry (http://localhost:33295/__cypress/runner/cypress_runner.js:144197:19)\n    at onFailFn (http://localhost:33295/__cypress/runner/cypress_runner.js:132448:16)\n    at tryCatcher (http://localhost:33295/__cypress/runner/cypress_runner.js:167415:23)\n    at Promise._settlePromiseFromHandler (http://localhost:33295/__cypress/runner/cypress_runner.js:165351:31)\n    at Promise._settlePromise (http://localhost:33295/__cypress/runner/cypress_runner.js:165408:18)\n    at Promise._settlePromise0 (http://localhost:33295/__cypress/runner/cypress_runner.js:165453:10)\n    at Promise._settlePromises (http://localhost:33295/__cypress/runner/cypress_runner.js:165528:18)\n    at Async../node_modules/bluebird/js/release/async.js.Async._drainQueue (http://localhost:33295/__cypress/runner/cypress_runner.js:162140:16)\n    at Async../node_modules/bluebird/js/release/async.js.Async._drainQueues (http://localhost:33295/__cypress/runner/cypress_runner.js:162150:10)\n    at Async.drainQueues (http://localhost:33295/__cypress/runner/cypress_runner.js:162024:14)",
                "diff": null
              },
              "uuid": "77d20f59-511a-4a11-872c-5be9f6c6f91d",
              "parentUUID": "ca67faf5-ecf6-4ee7-8e83-6978354438d9",
              "isHook": false,
              "skipped": false
            },
            {
              "title": "Verifica se a cor preta ainda está presente e é a primeira na sua paleta de cores",
              "fullTitle": "12 - Faça com que as cores da paleta sejam geradas aleatoriamente ao carregar a página. Verifica se a cor preta ainda está presente e é a primeira na sua paleta de cores",
              "timedOut": null,
              "duration": 4682,
              "state": "failed",
              "speed": null,
              "pass": false,
              "fail": true,
              "pending": false,
              "context": null,
              "code": "cy.get('.color').then(function (colors) {\n  var currentColors;\n  var previousColors;\n  previousColors = Array.from(colors).map(function (color) {\n    return Cypress.$(color).css('background-color');\n  });\n  expect(previousColors[0]).to.eq(BLACK);\n  for (var i = 0; i < 5; i += 1) {\n    cy.reload();\n    cy.get('.color').then(function (colors) {\n      currentColors = Array.from(colors).map(function (color) {\n        return Cypress.$(color).css('background-color');\n      });\n      expect(currentColors[0]).to.eq(BLACK);\n      expect(currentColors).not.to.deep.equal(previousColors);\n      previousColors = currentColors;\n    });\n  }\n});",
              "err": {
                "message": "CypressError: Timed out retrying: Expected to find element: '.color', but never found it.",
                "estack": "CypressError: Timed out retrying: Expected to find element: '.color', but never found it.\n    at cypressErr (http://localhost:33295/__cypress/runner/cypress_runner.js:149934:9)\n    at throwErr (http://localhost:33295/__cypress/runner/cypress_runner.js:149867:11)\n    at Object.throwErrByPath (http://localhost:33295/__cypress/runner/cypress_runner.js:149915:3)\n    at retry (http://localhost:33295/__cypress/runner/cypress_runner.js:144197:19)\n    at onFailFn (http://localhost:33295/__cypress/runner/cypress_runner.js:132448:16)\n    at tryCatcher (http://localhost:33295/__cypress/runner/cypress_runner.js:167415:23)\n    at Promise._settlePromiseFromHandler (http://localhost:33295/__cypress/runner/cypress_runner.js:165351:31)\n    at Promise._settlePromise (http://localhost:33295/__cypress/runner/cypress_runner.js:165408:18)\n    at Promise._settlePromise0 (http://localhost:33295/__cypress/runner/cypress_runner.js:165453:10)\n    at Promise._settlePromises (http://localhost:33295/__cypress/runner/cypress_runner.js:165528:18)\n    at Async../node_modules/bluebird/js/release/async.js.Async._drainQueue (http://localhost:33295/__cypress/runner/cypress_runner.js:162140:16)\n    at Async../node_modules/bluebird/js/release/async.js.Async._drainQueues (http://localhost:33295/__cypress/runner/cypress_runner.js:162150:10)\n    at Async.drainQueues (http://localhost:33295/__cypress/runner/cypress_runner.js:162024:14)",
                "diff": null
              },
              "uuid": "3b3726f6-a919-42ec-92c7-a737b0691a38",
              "parentUUID": "ca67faf5-ecf6-4ee7-8e83-6978354438d9",
              "isHook": false,
              "skipped": false
            }
          ],
          "suites": [],
          "passes": [],
          "failures": [
            "77d20f59-511a-4a11-872c-5be9f6c6f91d",
            "3b3726f6-a919-42ec-92c7-a737b0691a38"
          ],
          "pending": [],
          "skipped": [],
          "duration": 9378,
          "root": false,
          "rootEmpty": false,
          "_timeout": 2000
        }
      ],
      "passes": [],
      "failures": [],
      "pending": [],
      "skipped": [],
      "duration": 0,
      "root": true,
      "rootEmpty": true,
      "_timeout": 2000
    }
  ],
  "meta": {
    "mocha": {
      "version": "7.0.1"
    },
    "mochawesome": {
      "options": {
        "quiet": false,
        "reportFilename": "mochawesome",
        "saveHtml": false,
        "saveJson": true,
        "consoleReporter": "spec",
        "useInlineDiffs": false
      },
      "version": "4.1.0"
    },
    "marge": {
      "options": {
        "id": "default",
        "reportDir": "cypress/reports",
        "overwrite": true,
        "html": false,
        "json": true
      },
      "version": "4.1.0"
    }
  }
}