{
  "stats": {
    "suites": 12,
    "tests": 41,
    "passes": 21,
    "pending": 0,
    "failures": 20,
    "start": "2021-08-15T04:21:08.845Z",
    "end": "2021-08-15T04:22:42.083Z",
    "duration": 93238,
    "testsRegistered": 41,
    "passPercent": 51.21951219512195,
    "pendingPercent": 0,
    "other": 0,
    "hasOther": false,
    "skipped": 0,
    "hasSkipped": false
  },
  "results": [
    {
      "uuid": "c9e41f18-cc78-409e-907d-cc645295f6e1",
      "title": "",
      "fullFile": "cypress/integration/project.spec.js",
      "file": "cypress/integration/project.spec.js",
      "beforeHooks": [],
      "afterHooks": [],
      "tests": [],
      "suites": [
        {
          "uuid": "3ca674ff-5537-4215-b7a1-fb678d7499fd",
          "title": "1 - Adicione à página o título \"Paleta de Cores\".",
          "fullFile": "",
          "file": "",
          "beforeHooks": [],
          "afterHooks": [],
          "tests": [
            {
              "title": "Verifica se contém um elemento `h1` com o id `title` com o título correto",
              "fullTitle": "1 - Adicione à página o título \"Paleta de Cores\". Verifica se contém um elemento `h1` com o id `title` com o título correto",
              "timedOut": null,
              "duration": 165,
              "state": "passed",
              "speed": "slow",
              "pass": true,
              "fail": false,
              "pending": false,
              "context": null,
              "code": "cy.get('h1#title').should('contain.text', 'Paleta de Cores');",
              "err": {},
              "uuid": "b502f308-7353-465b-9de0-63456eb811a5",
              "parentUUID": "3ca674ff-5537-4215-b7a1-fb678d7499fd",
              "isHook": false,
              "skipped": false
            }
          ],
          "suites": [],
          "passes": [
            "b502f308-7353-465b-9de0-63456eb811a5"
          ],
          "failures": [],
          "pending": [],
          "skipped": [],
          "duration": 165,
          "root": false,
          "rootEmpty": false,
          "_timeout": 2000
        },
        {
          "uuid": "384a4a9a-14e0-4452-b5e7-6da69f0f94ee",
          "title": "2 - Adicione à página uma paleta de quatro cores distintas.",
          "fullFile": "",
          "file": "",
          "beforeHooks": [],
          "afterHooks": [],
          "tests": [
            {
              "title": "A paleta de cores deve ser um elemento com `id` denominado `color-palette`",
              "fullTitle": "2 - Adicione à página uma paleta de quatro cores distintas. A paleta de cores deve ser um elemento com `id` denominado `color-palette`",
              "timedOut": null,
              "duration": 79,
              "state": "passed",
              "speed": "slow",
              "pass": true,
              "fail": false,
              "pending": false,
              "context": null,
              "code": "cy.get('#color-palette').should('be.visible');",
              "err": {},
              "uuid": "178b195a-a8fb-4ff2-80c5-2ec493099c82",
              "parentUUID": "384a4a9a-14e0-4452-b5e7-6da69f0f94ee",
              "isHook": false,
              "skipped": false
            },
            {
              "title": "Verifica se cada cor individual da paleta de cores possui a `classe` chamada `color`.",
              "fullTitle": "2 - Adicione à página uma paleta de quatro cores distintas. Verifica se cada cor individual da paleta de cores possui a `classe` chamada `color`.",
              "timedOut": null,
              "duration": 143,
              "state": "passed",
              "speed": "slow",
              "pass": true,
              "fail": false,
              "pending": false,
              "context": null,
              "code": "cy.get('.color').should('have.length', 4).then(function (colors) {\n  for (var i = 0; i < colors.length; i++) {\n    cy.wrap(colors[i]).should('be.visible');\n  }\n});",
              "err": {},
              "uuid": "fff7faaf-9668-4668-ba37-b6125fa41392",
              "parentUUID": "384a4a9a-14e0-4452-b5e7-6da69f0f94ee",
              "isHook": false,
              "skipped": false
            },
            {
              "title": "Verifica se a cor de fundo de cada elemento da paleta é a cor que o elemento representa. **A única cor não permitida na paleta é a cor branca.**",
              "fullTitle": "2 - Adicione à página uma paleta de quatro cores distintas. Verifica se a cor de fundo de cada elemento da paleta é a cor que o elemento representa. **A única cor não permitida na paleta é a cor branca.**",
              "timedOut": null,
              "duration": 184,
              "state": "passed",
              "speed": "slow",
              "pass": true,
              "fail": false,
              "pending": false,
              "context": null,
              "code": "cy.get('.color').each(function (color) {\n  cy.wrap(color).should('have.class', 'color').and('not.have.css', 'background-color', WHITE);\n  cy.wrap(color).should('have.css', 'background-color');\n});",
              "err": {},
              "uuid": "3eb686c8-f633-4fa3-a0e4-714350420543",
              "parentUUID": "384a4a9a-14e0-4452-b5e7-6da69f0f94ee",
              "isHook": false,
              "skipped": false
            },
            {
              "title": "Verifica se cada elemento da paleta de cores tem uma borda preta, sólida e com 1 pixel de largura;",
              "fullTitle": "2 - Adicione à página uma paleta de quatro cores distintas. Verifica se cada elemento da paleta de cores tem uma borda preta, sólida e com 1 pixel de largura;",
              "timedOut": null,
              "duration": 137,
              "state": "passed",
              "speed": "slow",
              "pass": true,
              "fail": false,
              "pending": false,
              "context": null,
              "code": "cy.get('.color').each(function (color) {\n  cy.wrap(color).and('have.css', 'border', \"1px solid \".concat(BLACK)).and('have.class', 'color');\n});",
              "err": {},
              "uuid": "e722f001-6460-48a5-a050-1f8f160c232e",
              "parentUUID": "384a4a9a-14e0-4452-b5e7-6da69f0f94ee",
              "isHook": false,
              "skipped": false
            },
            {
              "title": "Verifica se a paleta lista todas as cores disponíveis para utilização, lado a lado.",
              "fullTitle": "2 - Adicione à página uma paleta de quatro cores distintas. Verifica se a paleta lista todas as cores disponíveis para utilização, lado a lado.",
              "timedOut": null,
              "duration": 175,
              "state": "passed",
              "speed": "slow",
              "pass": true,
              "fail": false,
              "pending": false,
              "context": null,
              "code": "cy.get('.color').then(function (colors) {\n  for (var index = 1; index < colors.length; index += 1) {\n    var currentColor = colors[index];\n    var previousColor = colors[index - 1];\n    cy.wrap(currentColor).should('be.onTheRightOf', previousColor).and('be.horizontallyAlignedWith', previousColor);\n  }\n});",
              "err": {},
              "uuid": "0218ff67-5587-4e34-82fc-726d8e36fcff",
              "parentUUID": "384a4a9a-14e0-4452-b5e7-6da69f0f94ee",
              "isHook": false,
              "skipped": false
            },
            {
              "title": "Verifica se a paleta de cores está posicionada abaixo do título 'Paleta de Cores'",
              "fullTitle": "2 - Adicione à página uma paleta de quatro cores distintas. Verifica se a paleta de cores está posicionada abaixo do título 'Paleta de Cores'",
              "timedOut": null,
              "duration": 97,
              "state": "passed",
              "speed": "slow",
              "pass": true,
              "fail": false,
              "pending": false,
              "context": null,
              "code": "cy.get('h1#title').then(function (title) {\n  cy.get('#color-palette').should('be.belowOf', title);\n});",
              "err": {},
              "uuid": "627753e3-7f5f-4139-9a13-bdaf611d09c1",
              "parentUUID": "384a4a9a-14e0-4452-b5e7-6da69f0f94ee",
              "isHook": false,
              "skipped": false
            },
            {
              "title": "Verifica se a paleta de cores não contém cores repetidas.",
              "fullTitle": "2 - Adicione à página uma paleta de quatro cores distintas. Verifica se a paleta de cores não contém cores repetidas.",
              "timedOut": null,
              "duration": 135,
              "state": "passed",
              "speed": "slow",
              "pass": true,
              "fail": false,
              "pending": false,
              "context": null,
              "code": "cy.get('.color').then(function (colors) {\n  var allColors = Array.from(colors).map(function (color) {\n    return Cypress.$(color).css('background-color');\n  });\n  cy.log(allColors);\n  var uniqColors = (0, _toConsumableArray2[\"default\"])(new Set(allColors));\n  cy.log(uniqColors);\n  expect(allColors.length).to.eq(uniqColors.length);\n});",
              "err": {},
              "uuid": "630e7ed6-6240-427f-8be5-97c128281d82",
              "parentUUID": "384a4a9a-14e0-4452-b5e7-6da69f0f94ee",
              "isHook": false,
              "skipped": false
            }
          ],
          "suites": [],
          "passes": [
            "178b195a-a8fb-4ff2-80c5-2ec493099c82",
            "fff7faaf-9668-4668-ba37-b6125fa41392",
            "3eb686c8-f633-4fa3-a0e4-714350420543",
            "e722f001-6460-48a5-a050-1f8f160c232e",
            "0218ff67-5587-4e34-82fc-726d8e36fcff",
            "627753e3-7f5f-4139-9a13-bdaf611d09c1",
            "630e7ed6-6240-427f-8be5-97c128281d82"
          ],
          "failures": [],
          "pending": [],
          "skipped": [],
          "duration": 950,
          "root": false,
          "rootEmpty": false,
          "_timeout": 2000
        },
        {
          "uuid": "436927a2-4899-4c27-a954-f8745abcf414",
          "title": "3 - Adicione a cor **preta** como a primeira cor da paleta de cores.",
          "fullFile": "",
          "file": "",
          "beforeHooks": [],
          "afterHooks": [],
          "tests": [
            {
              "title": "Verifica se a primeira cor da paleta é preta",
              "fullTitle": "3 - Adicione a cor **preta** como a primeira cor da paleta de cores. Verifica se a primeira cor da paleta é preta",
              "timedOut": null,
              "duration": 101,
              "state": "passed",
              "speed": "slow",
              "pass": true,
              "fail": false,
              "pending": false,
              "context": null,
              "code": "cy.get('.color').first().should('have.css', 'background-color', BLACK);",
              "err": {},
              "uuid": "0fe8ab15-3c74-48b5-897e-c1f75f9c2afc",
              "parentUUID": "436927a2-4899-4c27-a954-f8745abcf414",
              "isHook": false,
              "skipped": false
            },
            {
              "title": "Verifica se as demais cores podem ser escolhidas livremente.",
              "fullTitle": "3 - Adicione a cor **preta** como a primeira cor da paleta de cores. Verifica se as demais cores podem ser escolhidas livremente.",
              "timedOut": null,
              "duration": 211,
              "state": "passed",
              "speed": "slow",
              "pass": true,
              "fail": false,
              "pending": false,
              "context": null,
              "code": "cy.get('.color').eq(1).should('not.have.css', 'background-color', BLACK);\ncy.get('.color').eq(1).should('not.have.css', 'background-color', WHITE);\ncy.get('.color').eq(1).should('not.have.css', 'background-color', 'rgba(0, 0, 0, 0)');\ncy.get('.color').eq(1).should('have.css', 'background-color');\ncy.get('.color').eq(2).should('not.have.css', 'background-color', BLACK);\ncy.get('.color').eq(2).should('not.have.css', 'background-color', WHITE);\ncy.get('.color').eq(2).should('not.have.css', 'background-color', 'rgba(0, 0, 0, 0)');\ncy.get('.color').eq(2).should('have.css', 'background-color');\ncy.get('.color').eq(3).should('not.have.css', 'background-color', BLACK);\ncy.get('.color').eq(3).should('not.have.css', 'background-color', WHITE);\ncy.get('.color').eq(3).should('not.have.css', 'background-color', 'rgba(0, 0, 0, 0)');\ncy.get('.color').eq(3).should('have.css', 'background-color');",
              "err": {},
              "uuid": "5a7b1b67-e3b9-45e9-a971-f5bb0dd452ef",
              "parentUUID": "436927a2-4899-4c27-a954-f8745abcf414",
              "isHook": false,
              "skipped": false
            }
          ],
          "suites": [],
          "passes": [
            "0fe8ab15-3c74-48b5-897e-c1f75f9c2afc",
            "5a7b1b67-e3b9-45e9-a971-f5bb0dd452ef"
          ],
          "failures": [],
          "pending": [],
          "skipped": [],
          "duration": 312,
          "root": false,
          "rootEmpty": false,
          "_timeout": 2000
        },
        {
          "uuid": "c06d4ce8-0efc-4c5b-9a76-f755c0568fa8",
          "title": "4 - Adicione à página um quadro de pixels, com 25 pixels.",
          "fullFile": "",
          "file": "",
          "beforeHooks": [],
          "afterHooks": [],
          "tests": [
            {
              "title": "Verifica se o quadro de pixels possui o `id` denominado `pixel-board`",
              "fullTitle": "4 - Adicione à página um quadro de pixels, com 25 pixels. Verifica se o quadro de pixels possui o `id` denominado `pixel-board`",
              "timedOut": null,
              "duration": 95,
              "state": "passed",
              "speed": "slow",
              "pass": true,
              "fail": false,
              "pending": false,
              "context": null,
              "code": "cy.get('#pixel-board').should('be.visible');",
              "err": {},
              "uuid": "7d8b4d3f-7d91-4f84-b3bb-791e908981eb",
              "parentUUID": "c06d4ce8-0efc-4c5b-9a76-f755c0568fa8",
              "isHook": false,
              "skipped": false
            },
            {
              "title": "Verifica se cada pixel individual dentro do quadro possui a `classe` denominada `pixel`.",
              "fullTitle": "4 - Adicione à página um quadro de pixels, com 25 pixels. Verifica se cada pixel individual dentro do quadro possui a `classe` denominada `pixel`.",
              "timedOut": null,
              "duration": 169,
              "state": "passed",
              "speed": "slow",
              "pass": true,
              "fail": false,
              "pending": false,
              "context": null,
              "code": "cy.get('.pixel').should('have.length', 25);",
              "err": {},
              "uuid": "d0f9e384-0859-4600-91c4-a38fe6b34b3c",
              "parentUUID": "c06d4ce8-0efc-4c5b-9a76-f755c0568fa8",
              "isHook": false,
              "skipped": false
            },
            {
              "title": "Verifica se a cor inicial dos pixels dentro do quadro, ao abrir a página, é branca.",
              "fullTitle": "4 - Adicione à página um quadro de pixels, com 25 pixels. Verifica se a cor inicial dos pixels dentro do quadro, ao abrir a página, é branca.",
              "timedOut": null,
              "duration": 167,
              "state": "passed",
              "speed": "slow",
              "pass": true,
              "fail": false,
              "pending": false,
              "context": null,
              "code": "cy.get('.pixel').should('have.length', 25).each(function (pixel) {\n  expect(pixel).to.have.css('background-color', WHITE);\n});",
              "err": {},
              "uuid": "afc92ec3-a4c2-432f-bd18-41b6807bc539",
              "parentUUID": "c06d4ce8-0efc-4c5b-9a76-f755c0568fa8",
              "isHook": false,
              "skipped": false
            },
            {
              "title": "Verifica se o quadro de pixels aparece abaixo da paleta de cores",
              "fullTitle": "4 - Adicione à página um quadro de pixels, com 25 pixels. Verifica se o quadro de pixels aparece abaixo da paleta de cores",
              "timedOut": null,
              "duration": 127,
              "state": "passed",
              "speed": "slow",
              "pass": true,
              "fail": false,
              "pending": false,
              "context": null,
              "code": "cy.get('#color-palette').then(function (palette) {\n  cy.get('#pixel-board').should('be.belowOf', palette);\n});",
              "err": {},
              "uuid": "a8065973-5cf0-4d17-87ca-81e783a18a41",
              "parentUUID": "c06d4ce8-0efc-4c5b-9a76-f755c0568fa8",
              "isHook": false,
              "skipped": false
            }
          ],
          "suites": [],
          "passes": [
            "7d8b4d3f-7d91-4f84-b3bb-791e908981eb",
            "d0f9e384-0859-4600-91c4-a38fe6b34b3c",
            "afc92ec3-a4c2-432f-bd18-41b6807bc539",
            "a8065973-5cf0-4d17-87ca-81e783a18a41"
          ],
          "failures": [],
          "pending": [],
          "skipped": [],
          "duration": 558,
          "root": false,
          "rootEmpty": false,
          "_timeout": 2000
        },
        {
          "uuid": "050b662e-67dd-46e8-9fcc-450058a6fd30",
          "title": "5 - Faça com que cada elemento do quadro de pixels possua 40 pixels de largura, 40 pixels de altura e seja delimitado por uma borda preta de 1 pixel.",
          "fullFile": "",
          "file": "",
          "beforeHooks": [],
          "afterHooks": [],
          "tests": [
            {
              "title": "Verifica se o quadro de pixels tem altura e comprimento de 5 elementos",
              "fullTitle": "5 - Faça com que cada elemento do quadro de pixels possua 40 pixels de largura, 40 pixels de altura e seja delimitado por uma borda preta de 1 pixel. Verifica se o quadro de pixels tem altura e comprimento de 5 elementos",
              "timedOut": null,
              "duration": 290,
              "state": "passed",
              "speed": "slow",
              "pass": true,
              "fail": false,
              "pending": false,
              "context": null,
              "code": "cy.get('.pixel').should('have.length', 25).each(function (pixel) {\n  expect(pixel).to.have.css('background-color', WHITE);\n}).and(function (pixels) {\n  var rows = chunk(pixels, 5);\n  rows.forEach(function (row) {\n    for (var index = 1; index < row.length; index += 1) {\n      var current = pixels[index];\n      var previous = pixels[index - 1];\n      cy.wrap(current).should('be.onTheRightOf', previous).and('be.horizontallyAlignedWith', previous);\n    }\n  });\n  for (var index = 1; index < 5; index += 1) {\n    expect(pixels[index * 5]).to.be.belowOf(pixels[(index - 1) * 5]);\n  }\n});",
              "err": {},
              "uuid": "dfeaef15-c230-440b-99b8-c93cddd4b4f8",
              "parentUUID": "050b662e-67dd-46e8-9fcc-450058a6fd30",
              "isHook": false,
              "skipped": false
            },
            {
              "title": "Verifica se 40 pixels é o tamanho total do elemento, incluindo seu conteúdo e excluindo a borda preta, que deve ser criada à parte.",
              "fullTitle": "5 - Faça com que cada elemento do quadro de pixels possua 40 pixels de largura, 40 pixels de altura e seja delimitado por uma borda preta de 1 pixel. Verifica se 40 pixels é o tamanho total do elemento, incluindo seu conteúdo e excluindo a borda preta, que deve ser criada à parte.",
              "timedOut": null,
              "duration": 298,
              "state": "passed",
              "speed": "slow",
              "pass": true,
              "fail": false,
              "pending": false,
              "context": null,
              "code": "cy.get('.pixel').each(function (pixel) {\n  cy.wrap(pixel).should('have.css', 'height', '40px').and('have.css', 'width', '40px').and('have.css', 'border', \"1px solid \".concat(BLACK));\n});",
              "err": {},
              "uuid": "cf23fbbd-4f9c-429f-95d5-0f52c4901908",
              "parentUUID": "050b662e-67dd-46e8-9fcc-450058a6fd30",
              "isHook": false,
              "skipped": false
            }
          ],
          "suites": [],
          "passes": [
            "dfeaef15-c230-440b-99b8-c93cddd4b4f8",
            "cf23fbbd-4f9c-429f-95d5-0f52c4901908"
          ],
          "failures": [],
          "pending": [],
          "skipped": [],
          "duration": 588,
          "root": false,
          "rootEmpty": false,
          "_timeout": 2000
        },
        {
          "uuid": "c0d3e3bc-307c-46a2-ae38-8b724501b986",
          "title": "6 - Defina a cor preta como cor inicial. Ao carregar a página a cor preta já deve estar selecionada para pintar os pixels",
          "fullFile": "",
          "file": "",
          "beforeHooks": [],
          "afterHooks": [],
          "tests": [
            {
              "title": "Verifica se o elemento da cor preta possui, inicialmente, a `classe` `selected`",
              "fullTitle": "6 - Defina a cor preta como cor inicial. Ao carregar a página a cor preta já deve estar selecionada para pintar os pixels Verifica se o elemento da cor preta possui, inicialmente, a `classe` `selected`",
              "timedOut": null,
              "duration": 82,
              "state": "passed",
              "speed": "slow",
              "pass": true,
              "fail": false,
              "pending": false,
              "context": null,
              "code": "cy.get('.selected').first().should('have.css', 'background-color', BLACK);",
              "err": {},
              "uuid": "df58be24-3816-48e2-bdf6-9e9bf50bbf10",
              "parentUUID": "c0d3e3bc-307c-46a2-ae38-8b724501b986",
              "isHook": false,
              "skipped": false
            },
            {
              "title": "Verifica se nenhuma outra cor da paleta tem a `classe` `selected`",
              "fullTitle": "6 - Defina a cor preta como cor inicial. Ao carregar a página a cor preta já deve estar selecionada para pintar os pixels Verifica se nenhuma outra cor da paleta tem a `classe` `selected`",
              "timedOut": null,
              "duration": 88,
              "state": "passed",
              "speed": "slow",
              "pass": true,
              "fail": false,
              "pending": false,
              "context": null,
              "code": "cy.get('.color:not(:first-child)').each(function (color) {\n  cy.wrap(color).should('not.have.class', 'selected');\n});",
              "err": {},
              "uuid": "c0193087-8568-4bec-abe5-c23033da2343",
              "parentUUID": "c0d3e3bc-307c-46a2-ae38-8b724501b986",
              "isHook": false,
              "skipped": false
            }
          ],
          "suites": [],
          "passes": [
            "df58be24-3816-48e2-bdf6-9e9bf50bbf10",
            "c0193087-8568-4bec-abe5-c23033da2343"
          ],
          "failures": [],
          "pending": [],
          "skipped": [],
          "duration": 170,
          "root": false,
          "rootEmpty": false,
          "_timeout": 2000
        },
        {
          "uuid": "80b37820-e783-4b78-97d5-9574c851c34e",
          "title": "7 - Clicar em uma das cores da paleta, faz com que ela seja selecionada e utilizada para preencher os pixels no quadro.",
          "fullFile": "",
          "file": "",
          "beforeHooks": [],
          "afterHooks": [],
          "tests": [
            {
              "title": "Verifica se somente uma cor da paleta de cores tem a classe `selected` de cada vez",
              "fullTitle": "7 - Clicar em uma das cores da paleta, faz com que ela seja selecionada e utilizada para preencher os pixels no quadro. Verifica se somente uma cor da paleta de cores tem a classe `selected` de cada vez",
              "timedOut": null,
              "duration": 478,
              "state": "passed",
              "speed": "slow",
              "pass": true,
              "fail": false,
              "pending": false,
              "context": null,
              "code": "cy.get('.color').each(function (selectedColor, selectedColorIndex) {\n  cy.wrap(selectedColor).click();\n  cy.get('.color').each(function (color, colorIndex) {\n    if (colorIndex === selectedColorIndex) {\n      expect(color).to.have[\"class\"]('selected');\n    } else {\n      expect(color).not.to.have[\"class\"]('selected');\n    }\n  });\n});",
              "err": {},
              "uuid": "7a2a1b59-4ede-487a-841d-c787ed9acc2b",
              "parentUUID": "80b37820-e783-4b78-97d5-9574c851c34e",
              "isHook": false,
              "skipped": false
            },
            {
              "title": "Verifica se os pixels dentro do quadro não têm a classe `selected` quando são clicados",
              "fullTitle": "7 - Clicar em uma das cores da paleta, faz com que ela seja selecionada e utilizada para preencher os pixels no quadro. Verifica se os pixels dentro do quadro não têm a classe `selected` quando são clicados",
              "timedOut": null,
              "duration": 8726,
              "state": "passed",
              "speed": "slow",
              "pass": true,
              "fail": false,
              "pending": false,
              "context": null,
              "code": "cy.get('.color').each(function (color) {\n  var backgroundColor = color.css('background-color');\n  cy.wrap(color).click();\n  cy.get('.pixel').each(function (pixel) {\n    cy.wrap(pixel).click().should('not.have.class', 'selected');\n  });\n});",
              "err": {},
              "uuid": "dd8247db-36fc-4476-b25c-f57203878b1b",
              "parentUUID": "80b37820-e783-4b78-97d5-9574c851c34e",
              "isHook": false,
              "skipped": false
            }
          ],
          "suites": [],
          "passes": [
            "7a2a1b59-4ede-487a-841d-c787ed9acc2b",
            "dd8247db-36fc-4476-b25c-f57203878b1b"
          ],
          "failures": [],
          "pending": [],
          "skipped": [],
          "duration": 9204,
          "root": false,
          "rootEmpty": false,
          "_timeout": 2000
        },
        {
          "uuid": "528f8413-200c-4b40-912c-bea6b006f5d2",
          "title": "8 - Clicar em um pixel dentro do quadro após selecionar uma cor na paleta, faz com que o pixel seja preenchido com a cor selecionada.",
          "fullFile": "",
          "file": "",
          "beforeHooks": [],
          "afterHooks": [],
          "tests": [
            {
              "title": "Verifica se ao carregar a página deve ser possível pintar os pixels de preto",
              "fullTitle": "8 - Clicar em um pixel dentro do quadro após selecionar uma cor na paleta, faz com que o pixel seja preenchido com a cor selecionada. Verifica se ao carregar a página deve ser possível pintar os pixels de preto",
              "timedOut": null,
              "duration": 4517,
              "state": "failed",
              "speed": null,
              "pass": false,
              "fail": true,
              "pending": false,
              "context": null,
              "code": "cy.get('.pixel').each(function (pixel) {\n  cy.wrap(pixel).click().should('have.css', 'background-color', BLACK);\n});",
              "err": {
                "message": "CypressError: Timed out retrying: expected '<li.pixel>' to have CSS property 'background-color' with the value 'rgb(0, 0, 0)', but the value was 'rgb(255, 255, 255)'",
                "estack": "CypressError: Timed out retrying: expected '<li.pixel>' to have CSS property 'background-color' with the value 'rgb(0, 0, 0)', but the value was 'rgb(255, 255, 255)'\n    at cypressErr (http://localhost:37071/__cypress/runner/cypress_runner.js:149934:9)\n    at throwErr (http://localhost:37071/__cypress/runner/cypress_runner.js:149867:11)\n    at Object.throwErrByPath (http://localhost:37071/__cypress/runner/cypress_runner.js:149915:3)\n    at retry (http://localhost:37071/__cypress/runner/cypress_runner.js:144197:19)\n    at onFailFn (http://localhost:37071/__cypress/runner/cypress_runner.js:132448:16)\n    at tryCatcher (http://localhost:37071/__cypress/runner/cypress_runner.js:167415:23)\n    at Promise._settlePromiseFromHandler (http://localhost:37071/__cypress/runner/cypress_runner.js:165351:31)\n    at Promise._settlePromise (http://localhost:37071/__cypress/runner/cypress_runner.js:165408:18)\n    at Promise._settlePromise0 (http://localhost:37071/__cypress/runner/cypress_runner.js:165453:10)\n    at Promise._settlePromises (http://localhost:37071/__cypress/runner/cypress_runner.js:165528:18)\n    at Async../node_modules/bluebird/js/release/async.js.Async._drainQueue (http://localhost:37071/__cypress/runner/cypress_runner.js:162140:16)\n    at Async../node_modules/bluebird/js/release/async.js.Async._drainQueues (http://localhost:37071/__cypress/runner/cypress_runner.js:162150:10)\n    at Async.drainQueues (http://localhost:37071/__cypress/runner/cypress_runner.js:162024:14)",
                "diff": null
              },
              "uuid": "8e44f8bc-4667-4b11-84ac-5ad0e96025ff",
              "parentUUID": "528f8413-200c-4b40-912c-bea6b006f5d2",
              "isHook": false,
              "skipped": false
            },
            {
              "title": "Verifica se após selecionar uma outra cor na paleta, é possível pintar os pixels com essa cor",
              "fullTitle": "8 - Clicar em um pixel dentro do quadro após selecionar uma cor na paleta, faz com que o pixel seja preenchido com a cor selecionada. Verifica se após selecionar uma outra cor na paleta, é possível pintar os pixels com essa cor",
              "timedOut": null,
              "duration": 4427,
              "state": "failed",
              "speed": null,
              "pass": false,
              "fail": true,
              "pending": false,
              "context": null,
              "code": "cy.get('.color').each(function (color) {\n  var backgroundColor = color.css('background-color');\n  cy.wrap(color).click();\n  cy.get('.pixel').each(function (pixel) {\n    cy.wrap(pixel).click().should('have.css', 'background-color', backgroundColor);\n  });\n});",
              "err": {
                "message": "CypressError: Timed out retrying: expected '<li.pixel>' to have CSS property 'background-color' with the value 'rgb(0, 0, 0)', but the value was 'rgb(255, 255, 255)'",
                "estack": "CypressError: Timed out retrying: expected '<li.pixel>' to have CSS property 'background-color' with the value 'rgb(0, 0, 0)', but the value was 'rgb(255, 255, 255)'\n    at cypressErr (http://localhost:37071/__cypress/runner/cypress_runner.js:149934:9)\n    at throwErr (http://localhost:37071/__cypress/runner/cypress_runner.js:149867:11)\n    at Object.throwErrByPath (http://localhost:37071/__cypress/runner/cypress_runner.js:149915:3)\n    at retry (http://localhost:37071/__cypress/runner/cypress_runner.js:144197:19)\n    at onFailFn (http://localhost:37071/__cypress/runner/cypress_runner.js:132448:16)\n    at tryCatcher (http://localhost:37071/__cypress/runner/cypress_runner.js:167415:23)\n    at Promise._settlePromiseFromHandler (http://localhost:37071/__cypress/runner/cypress_runner.js:165351:31)\n    at Promise._settlePromise (http://localhost:37071/__cypress/runner/cypress_runner.js:165408:18)\n    at Promise._settlePromise0 (http://localhost:37071/__cypress/runner/cypress_runner.js:165453:10)\n    at Promise._settlePromises (http://localhost:37071/__cypress/runner/cypress_runner.js:165528:18)\n    at Async../node_modules/bluebird/js/release/async.js.Async._drainQueue (http://localhost:37071/__cypress/runner/cypress_runner.js:162140:16)\n    at Async../node_modules/bluebird/js/release/async.js.Async._drainQueues (http://localhost:37071/__cypress/runner/cypress_runner.js:162150:10)\n    at Async.drainQueues (http://localhost:37071/__cypress/runner/cypress_runner.js:162024:14)",
                "diff": null
              },
              "uuid": "f4b8b774-4bee-4c50-bc25-1be46a32e4d1",
              "parentUUID": "528f8413-200c-4b40-912c-bea6b006f5d2",
              "isHook": false,
              "skipped": false
            },
            {
              "title": "Verifica se somente o pixel que foi clicado foi preenchido com a cor selecionada, sem influenciar na cor dos demais pixels.",
              "fullTitle": "8 - Clicar em um pixel dentro do quadro após selecionar uma cor na paleta, faz com que o pixel seja preenchido com a cor selecionada. Verifica se somente o pixel que foi clicado foi preenchido com a cor selecionada, sem influenciar na cor dos demais pixels.",
              "timedOut": null,
              "duration": 1441,
              "state": "passed",
              "speed": "slow",
              "pass": true,
              "fail": false,
              "pending": false,
              "context": null,
              "code": "var colorToPixelIndexMap = {\n  0: 6,\n  1: 8,\n  2: 16,\n  3: 18\n};\ncy.get('.color').each(function (color, index) {\n  cy.wrap(color).click();\n  var backgroundColor = color.css('background-color');\n  var clickedPixelIndex = colorToPixelIndexMap[index];\n  cy.get('.pixel').eq(clickedPixelIndex).click();\n  cy.get('.pixel').eq(clickedPixelIndex - 1).should('not.have.css', 'background-color', backgroundColor);\n  cy.get('.pixel').eq(clickedPixelIndex + 1).should('not.have.css', 'background-color', backgroundColor);\n  cy.get('.pixel').eq(clickedPixelIndex - 5).should('not.have.css', 'background-color', backgroundColor);\n  cy.get('.pixel').eq(clickedPixelIndex + 5).should('not.have.css', 'background-color', backgroundColor);\n  cy.get('.pixel').eq(clickedPixelIndex - 6).should('not.have.css', 'background-color', backgroundColor);\n  cy.get('.pixel').eq(clickedPixelIndex - 4).should('not.have.css', 'background-color', backgroundColor);\n  cy.get('.pixel').eq(clickedPixelIndex + 4).should('not.have.css', 'background-color', backgroundColor);\n  cy.get('.pixel').eq(clickedPixelIndex + 6).should('not.have.css', 'background-color', backgroundColor);\n});",
              "err": {},
              "uuid": "71961953-18aa-41a7-8eb2-1d4eda5026a5",
              "parentUUID": "528f8413-200c-4b40-912c-bea6b006f5d2",
              "isHook": false,
              "skipped": false
            }
          ],
          "suites": [],
          "passes": [
            "71961953-18aa-41a7-8eb2-1d4eda5026a5"
          ],
          "failures": [
            "8e44f8bc-4667-4b11-84ac-5ad0e96025ff",
            "f4b8b774-4bee-4c50-bc25-1be46a32e4d1"
          ],
          "pending": [],
          "skipped": [],
          "duration": 10385,
          "root": false,
          "rootEmpty": false,
          "_timeout": 2000
        },
        {
          "uuid": "d444e81a-c86f-403b-bb1b-aaa8f1679948",
          "title": "9 - Crie um botão que, ao ser clicado, limpa o quadro preenchendo a cor de todos seus pixels com branco.",
          "fullFile": "",
          "file": "",
          "beforeHooks": [],
          "afterHooks": [],
          "tests": [
            {
              "title": "Verifica se o botão tem o `id` denominado `clear-board`",
              "fullTitle": "9 - Crie um botão que, ao ser clicado, limpa o quadro preenchendo a cor de todos seus pixels com branco. Verifica se o botão tem o `id` denominado `clear-board`",
              "timedOut": null,
              "duration": 4360,
              "state": "failed",
              "speed": null,
              "pass": false,
              "fail": true,
              "pending": false,
              "context": null,
              "code": "cy.get('#clear-board').should('be.visible');",
              "err": {
                "message": "CypressError: Timed out retrying: Expected to find element: '#clear-board', but never found it.",
                "estack": "CypressError: Timed out retrying: Expected to find element: '#clear-board', but never found it.\n    at cypressErr (http://localhost:37071/__cypress/runner/cypress_runner.js:149934:9)\n    at throwErr (http://localhost:37071/__cypress/runner/cypress_runner.js:149867:11)\n    at Object.throwErrByPath (http://localhost:37071/__cypress/runner/cypress_runner.js:149915:3)\n    at retry (http://localhost:37071/__cypress/runner/cypress_runner.js:144197:19)\n    at onFailFn (http://localhost:37071/__cypress/runner/cypress_runner.js:132448:16)\n    at tryCatcher (http://localhost:37071/__cypress/runner/cypress_runner.js:167415:23)\n    at Promise._settlePromiseFromHandler (http://localhost:37071/__cypress/runner/cypress_runner.js:165351:31)\n    at Promise._settlePromise (http://localhost:37071/__cypress/runner/cypress_runner.js:165408:18)\n    at Promise._settlePromise0 (http://localhost:37071/__cypress/runner/cypress_runner.js:165453:10)\n    at Promise._settlePromises (http://localhost:37071/__cypress/runner/cypress_runner.js:165528:18)\n    at Async../node_modules/bluebird/js/release/async.js.Async._drainQueue (http://localhost:37071/__cypress/runner/cypress_runner.js:162140:16)\n    at Async../node_modules/bluebird/js/release/async.js.Async._drainQueues (http://localhost:37071/__cypress/runner/cypress_runner.js:162150:10)\n    at Async.drainQueues (http://localhost:37071/__cypress/runner/cypress_runner.js:162024:14)",
                "diff": null
              },
              "uuid": "15702c76-f7ad-4576-bf8b-66071b8166c6",
              "parentUUID": "d444e81a-c86f-403b-bb1b-aaa8f1679948",
              "isHook": false,
              "skipped": false
            },
            {
              "title": "Verifica se o botão está posicionado entre a paleta de cores e o quadro de pixels",
              "fullTitle": "9 - Crie um botão que, ao ser clicado, limpa o quadro preenchendo a cor de todos seus pixels com branco. Verifica se o botão está posicionado entre a paleta de cores e o quadro de pixels",
              "timedOut": null,
              "duration": 4251,
              "state": "failed",
              "speed": null,
              "pass": false,
              "fail": true,
              "pending": false,
              "context": null,
              "code": "cy.get('#color-palette').then(function (palette) {\n  cy.get('#clear-board').should('be.belowOf', palette);\n});\ncy.get('#clear-board').then(function (clearBtn) {\n  cy.get('#pixel-board').should('be.belowOf', clearBtn);\n});",
              "err": {
                "message": "CypressError: Timed out retrying: Expected to find element: '#clear-board', but never found it.",
                "estack": "CypressError: Timed out retrying: Expected to find element: '#clear-board', but never found it.\n    at cypressErr (http://localhost:37071/__cypress/runner/cypress_runner.js:149934:9)\n    at throwErr (http://localhost:37071/__cypress/runner/cypress_runner.js:149867:11)\n    at Object.throwErrByPath (http://localhost:37071/__cypress/runner/cypress_runner.js:149915:3)\n    at retry (http://localhost:37071/__cypress/runner/cypress_runner.js:144197:19)\n    at onFailFn (http://localhost:37071/__cypress/runner/cypress_runner.js:132448:16)\n    at tryCatcher (http://localhost:37071/__cypress/runner/cypress_runner.js:167415:23)\n    at Promise._settlePromiseFromHandler (http://localhost:37071/__cypress/runner/cypress_runner.js:165351:31)\n    at Promise._settlePromise (http://localhost:37071/__cypress/runner/cypress_runner.js:165408:18)\n    at Promise._settlePromise0 (http://localhost:37071/__cypress/runner/cypress_runner.js:165453:10)\n    at Promise._settlePromises (http://localhost:37071/__cypress/runner/cypress_runner.js:165528:18)\n    at Async../node_modules/bluebird/js/release/async.js.Async._drainQueue (http://localhost:37071/__cypress/runner/cypress_runner.js:162140:16)\n    at Async../node_modules/bluebird/js/release/async.js.Async._drainQueues (http://localhost:37071/__cypress/runner/cypress_runner.js:162150:10)\n    at Async.drainQueues (http://localhost:37071/__cypress/runner/cypress_runner.js:162024:14)",
                "diff": null
              },
              "uuid": "2d9366b5-5a72-45f0-8b80-eb2474d447f3",
              "parentUUID": "d444e81a-c86f-403b-bb1b-aaa8f1679948",
              "isHook": false,
              "skipped": false
            },
            {
              "title": "Verifica se o texto do botão é 'Limpar'",
              "fullTitle": "9 - Crie um botão que, ao ser clicado, limpa o quadro preenchendo a cor de todos seus pixels com branco. Verifica se o texto do botão é 'Limpar'",
              "timedOut": null,
              "duration": 4319,
              "state": "failed",
              "speed": null,
              "pass": false,
              "fail": true,
              "pending": false,
              "context": null,
              "code": "cy.get('#clear-board').should('contain.text', 'Limpar');",
              "err": {
                "message": "CypressError: Timed out retrying: Expected to find element: '#clear-board', but never found it.",
                "estack": "CypressError: Timed out retrying: Expected to find element: '#clear-board', but never found it.\n    at cypressErr (http://localhost:37071/__cypress/runner/cypress_runner.js:149934:9)\n    at throwErr (http://localhost:37071/__cypress/runner/cypress_runner.js:149867:11)\n    at Object.throwErrByPath (http://localhost:37071/__cypress/runner/cypress_runner.js:149915:3)\n    at retry (http://localhost:37071/__cypress/runner/cypress_runner.js:144197:19)\n    at onFailFn (http://localhost:37071/__cypress/runner/cypress_runner.js:132448:16)\n    at tryCatcher (http://localhost:37071/__cypress/runner/cypress_runner.js:167415:23)\n    at Promise._settlePromiseFromHandler (http://localhost:37071/__cypress/runner/cypress_runner.js:165351:31)\n    at Promise._settlePromise (http://localhost:37071/__cypress/runner/cypress_runner.js:165408:18)\n    at Promise._settlePromise0 (http://localhost:37071/__cypress/runner/cypress_runner.js:165453:10)\n    at Promise._settlePromises (http://localhost:37071/__cypress/runner/cypress_runner.js:165528:18)\n    at Async../node_modules/bluebird/js/release/async.js.Async._drainQueue (http://localhost:37071/__cypress/runner/cypress_runner.js:162140:16)\n    at Async../node_modules/bluebird/js/release/async.js.Async._drainQueues (http://localhost:37071/__cypress/runner/cypress_runner.js:162150:10)\n    at Async.drainQueues (http://localhost:37071/__cypress/runner/cypress_runner.js:162024:14)",
                "diff": null
              },
              "uuid": "6397d540-4613-4cec-b2d9-7895610ede8a",
              "parentUUID": "d444e81a-c86f-403b-bb1b-aaa8f1679948",
              "isHook": false,
              "skipped": false
            },
            {
              "title": "Verifica se ao clicar no botão, o quadro de pixels é totalmente preenchido de branco",
              "fullTitle": "9 - Crie um botão que, ao ser clicado, limpa o quadro preenchendo a cor de todos seus pixels com branco. Verifica se ao clicar no botão, o quadro de pixels é totalmente preenchido de branco",
              "timedOut": null,
              "duration": 4418,
              "state": "failed",
              "speed": null,
              "pass": false,
              "fail": true,
              "pending": false,
              "context": null,
              "code": "cy.get('.color').eq(1).then(function (color) {\n  var backgroundColor = color.css('background-color');\n  cy.wrap(color).click();\n  cy.get('.pixel').each(function (pixel) {\n    cy.wrap(pixel).click().should('have.css', 'background-color', backgroundColor);\n  });\n});\ncy.get('#clear-board').click();\ncy.get('.pixel').each(function (pixel) {\n  cy.wrap(pixel).should('have.css', 'background-color', WHITE);\n});",
              "err": {
                "message": "CypressError: Timed out retrying: expected '<li.pixel>' to have CSS property 'background-color' with the value 'rgb(0, 0, 255)', but the value was 'rgb(255, 255, 255)'",
                "estack": "CypressError: Timed out retrying: expected '<li.pixel>' to have CSS property 'background-color' with the value 'rgb(0, 0, 255)', but the value was 'rgb(255, 255, 255)'\n    at cypressErr (http://localhost:37071/__cypress/runner/cypress_runner.js:149934:9)\n    at throwErr (http://localhost:37071/__cypress/runner/cypress_runner.js:149867:11)\n    at Object.throwErrByPath (http://localhost:37071/__cypress/runner/cypress_runner.js:149915:3)\n    at retry (http://localhost:37071/__cypress/runner/cypress_runner.js:144197:19)\n    at onFailFn (http://localhost:37071/__cypress/runner/cypress_runner.js:132448:16)\n    at tryCatcher (http://localhost:37071/__cypress/runner/cypress_runner.js:167415:23)\n    at Promise._settlePromiseFromHandler (http://localhost:37071/__cypress/runner/cypress_runner.js:165351:31)\n    at Promise._settlePromise (http://localhost:37071/__cypress/runner/cypress_runner.js:165408:18)\n    at Promise._settlePromise0 (http://localhost:37071/__cypress/runner/cypress_runner.js:165453:10)\n    at Promise._settlePromises (http://localhost:37071/__cypress/runner/cypress_runner.js:165528:18)\n    at Async../node_modules/bluebird/js/release/async.js.Async._drainQueue (http://localhost:37071/__cypress/runner/cypress_runner.js:162140:16)\n    at Async../node_modules/bluebird/js/release/async.js.Async._drainQueues (http://localhost:37071/__cypress/runner/cypress_runner.js:162150:10)\n    at Async.drainQueues (http://localhost:37071/__cypress/runner/cypress_runner.js:162024:14)",
                "diff": null
              },
              "uuid": "a96f4d18-82d3-4b6a-9082-e403f3fc8a18",
              "parentUUID": "d444e81a-c86f-403b-bb1b-aaa8f1679948",
              "isHook": false,
              "skipped": false
            }
          ],
          "suites": [],
          "passes": [],
          "failures": [
            "15702c76-f7ad-4576-bf8b-66071b8166c6",
            "2d9366b5-5a72-45f0-8b80-eb2474d447f3",
            "6397d540-4613-4cec-b2d9-7895610ede8a",
            "a96f4d18-82d3-4b6a-9082-e403f3fc8a18"
          ],
          "pending": [],
          "skipped": [],
          "duration": 17348,
          "root": false,
          "rootEmpty": false,
          "_timeout": 2000
        },
        {
          "uuid": "05e65549-4373-423b-a872-c9754906a7a5",
          "title": "10 - Faça o quadro de pixels ter seu tamanho definido pelo usuário.",
          "fullFile": "",
          "file": "",
          "beforeHooks": [],
          "afterHooks": [],
          "tests": [
            {
              "title": "Verifica se existe um input com o id `board-size`",
              "fullTitle": "10 - Faça o quadro de pixels ter seu tamanho definido pelo usuário. Verifica se existe um input com o id `board-size`",
              "timedOut": null,
              "duration": 4315,
              "state": "failed",
              "speed": null,
              "pass": false,
              "fail": true,
              "pending": false,
              "context": null,
              "code": "cy.get('#board-size').should('be.visible');",
              "err": {
                "message": "CypressError: Timed out retrying: Expected to find element: '#board-size', but never found it.",
                "estack": "CypressError: Timed out retrying: Expected to find element: '#board-size', but never found it.\n    at cypressErr (http://localhost:37071/__cypress/runner/cypress_runner.js:149934:9)\n    at throwErr (http://localhost:37071/__cypress/runner/cypress_runner.js:149867:11)\n    at Object.throwErrByPath (http://localhost:37071/__cypress/runner/cypress_runner.js:149915:3)\n    at retry (http://localhost:37071/__cypress/runner/cypress_runner.js:144197:19)\n    at onFailFn (http://localhost:37071/__cypress/runner/cypress_runner.js:132448:16)\n    at tryCatcher (http://localhost:37071/__cypress/runner/cypress_runner.js:167415:23)\n    at Promise._settlePromiseFromHandler (http://localhost:37071/__cypress/runner/cypress_runner.js:165351:31)\n    at Promise._settlePromise (http://localhost:37071/__cypress/runner/cypress_runner.js:165408:18)\n    at Promise._settlePromise0 (http://localhost:37071/__cypress/runner/cypress_runner.js:165453:10)\n    at Promise._settlePromises (http://localhost:37071/__cypress/runner/cypress_runner.js:165528:18)\n    at Async../node_modules/bluebird/js/release/async.js.Async._drainQueue (http://localhost:37071/__cypress/runner/cypress_runner.js:162140:16)\n    at Async../node_modules/bluebird/js/release/async.js.Async._drainQueues (http://localhost:37071/__cypress/runner/cypress_runner.js:162150:10)\n    at Async.drainQueues (http://localhost:37071/__cypress/runner/cypress_runner.js:162024:14)",
                "diff": null
              },
              "uuid": "a471a586-35c5-4eaa-9bd0-ce4adc90a0fc",
              "parentUUID": "05e65549-4373-423b-a872-c9754906a7a5",
              "isHook": false,
              "skipped": false
            },
            {
              "title": "Verifica se existe um botão com o id `generate-board`",
              "fullTitle": "10 - Faça o quadro de pixels ter seu tamanho definido pelo usuário. Verifica se existe um botão com o id `generate-board`",
              "timedOut": null,
              "duration": 4270,
              "state": "failed",
              "speed": null,
              "pass": false,
              "fail": true,
              "pending": false,
              "context": null,
              "code": "cy.get('#generate-board').should('be.visible');",
              "err": {
                "message": "CypressError: Timed out retrying: Expected to find element: '#generate-board', but never found it.",
                "estack": "CypressError: Timed out retrying: Expected to find element: '#generate-board', but never found it.\n    at cypressErr (http://localhost:37071/__cypress/runner/cypress_runner.js:149934:9)\n    at throwErr (http://localhost:37071/__cypress/runner/cypress_runner.js:149867:11)\n    at Object.throwErrByPath (http://localhost:37071/__cypress/runner/cypress_runner.js:149915:3)\n    at retry (http://localhost:37071/__cypress/runner/cypress_runner.js:144197:19)\n    at onFailFn (http://localhost:37071/__cypress/runner/cypress_runner.js:132448:16)\n    at tryCatcher (http://localhost:37071/__cypress/runner/cypress_runner.js:167415:23)\n    at Promise._settlePromiseFromHandler (http://localhost:37071/__cypress/runner/cypress_runner.js:165351:31)\n    at Promise._settlePromise (http://localhost:37071/__cypress/runner/cypress_runner.js:165408:18)\n    at Promise._settlePromise0 (http://localhost:37071/__cypress/runner/cypress_runner.js:165453:10)\n    at Promise._settlePromises (http://localhost:37071/__cypress/runner/cypress_runner.js:165528:18)\n    at Async../node_modules/bluebird/js/release/async.js.Async._drainQueue (http://localhost:37071/__cypress/runner/cypress_runner.js:162140:16)\n    at Async../node_modules/bluebird/js/release/async.js.Async._drainQueues (http://localhost:37071/__cypress/runner/cypress_runner.js:162150:10)\n    at Async.drainQueues (http://localhost:37071/__cypress/runner/cypress_runner.js:162024:14)",
                "diff": null
              },
              "uuid": "3f53ecb8-c934-4292-9f84-5b4a75b1df4c",
              "parentUUID": "05e65549-4373-423b-a872-c9754906a7a5",
              "isHook": false,
              "skipped": false
            },
            {
              "title": "Verifica se o input só aceita número maiores que zero. Essa restrição deve ser feita usando os atributos do elemento `input`",
              "fullTitle": "10 - Faça o quadro de pixels ter seu tamanho definido pelo usuário. Verifica se o input só aceita número maiores que zero. Essa restrição deve ser feita usando os atributos do elemento `input`",
              "timedOut": null,
              "duration": 4385,
              "state": "failed",
              "speed": null,
              "pass": false,
              "fail": true,
              "pending": false,
              "context": null,
              "code": "cy.get('#board-size[type=\\'number\\'][min=\\'1\\']');",
              "err": {
                "message": "CypressError: Timed out retrying: Expected to find element: '#board-size[type='number'][min='1']', but never found it.",
                "estack": "CypressError: Timed out retrying: Expected to find element: '#board-size[type='number'][min='1']', but never found it.\n    at cypressErr (http://localhost:37071/__cypress/runner/cypress_runner.js:149934:9)\n    at throwErr (http://localhost:37071/__cypress/runner/cypress_runner.js:149867:11)\n    at Object.throwErrByPath (http://localhost:37071/__cypress/runner/cypress_runner.js:149915:3)\n    at retry (http://localhost:37071/__cypress/runner/cypress_runner.js:144197:19)\n    at onFailFn (http://localhost:37071/__cypress/runner/cypress_runner.js:132448:16)\n    at tryCatcher (http://localhost:37071/__cypress/runner/cypress_runner.js:167415:23)\n    at Promise._settlePromiseFromHandler (http://localhost:37071/__cypress/runner/cypress_runner.js:165351:31)\n    at Promise._settlePromise (http://localhost:37071/__cypress/runner/cypress_runner.js:165408:18)\n    at Promise._settlePromise0 (http://localhost:37071/__cypress/runner/cypress_runner.js:165453:10)\n    at Promise._settlePromises (http://localhost:37071/__cypress/runner/cypress_runner.js:165528:18)\n    at Async../node_modules/bluebird/js/release/async.js.Async._drainQueue (http://localhost:37071/__cypress/runner/cypress_runner.js:162140:16)\n    at Async../node_modules/bluebird/js/release/async.js.Async._drainQueues (http://localhost:37071/__cypress/runner/cypress_runner.js:162150:10)\n    at Async.drainQueues (http://localhost:37071/__cypress/runner/cypress_runner.js:162024:14)",
                "diff": null
              },
              "uuid": "1cacdf08-6818-486a-9f58-8d6b76598a86",
              "parentUUID": "05e65549-4373-423b-a872-c9754906a7a5",
              "isHook": false,
              "skipped": false
            },
            {
              "title": "Verifica se o botão contém o texto 'VQV'",
              "fullTitle": "10 - Faça o quadro de pixels ter seu tamanho definido pelo usuário. Verifica se o botão contém o texto 'VQV'",
              "timedOut": null,
              "duration": 4312,
              "state": "failed",
              "speed": null,
              "pass": false,
              "fail": true,
              "pending": false,
              "context": null,
              "code": "cy.get('#generate-board').contains(/vqv/i);",
              "err": {
                "message": "CypressError: Timed out retrying: Expected to find element: '#generate-board', but never found it.",
                "estack": "CypressError: Timed out retrying: Expected to find element: '#generate-board', but never found it.\n    at cypressErr (http://localhost:37071/__cypress/runner/cypress_runner.js:149934:9)\n    at throwErr (http://localhost:37071/__cypress/runner/cypress_runner.js:149867:11)\n    at Object.throwErrByPath (http://localhost:37071/__cypress/runner/cypress_runner.js:149915:3)\n    at retry (http://localhost:37071/__cypress/runner/cypress_runner.js:144197:19)\n    at onFailFn (http://localhost:37071/__cypress/runner/cypress_runner.js:132448:16)\n    at tryCatcher (http://localhost:37071/__cypress/runner/cypress_runner.js:167415:23)\n    at Promise._settlePromiseFromHandler (http://localhost:37071/__cypress/runner/cypress_runner.js:165351:31)\n    at Promise._settlePromise (http://localhost:37071/__cypress/runner/cypress_runner.js:165408:18)\n    at Promise._settlePromise0 (http://localhost:37071/__cypress/runner/cypress_runner.js:165453:10)\n    at Promise._settlePromises (http://localhost:37071/__cypress/runner/cypress_runner.js:165528:18)\n    at Async../node_modules/bluebird/js/release/async.js.Async._drainQueue (http://localhost:37071/__cypress/runner/cypress_runner.js:162140:16)\n    at Async../node_modules/bluebird/js/release/async.js.Async._drainQueues (http://localhost:37071/__cypress/runner/cypress_runner.js:162150:10)\n    at Async.drainQueues (http://localhost:37071/__cypress/runner/cypress_runner.js:162024:14)",
                "diff": null
              },
              "uuid": "7dd120a6-7241-4d53-8d3e-3bd10e88ecd4",
              "parentUUID": "05e65549-4373-423b-a872-c9754906a7a5",
              "isHook": false,
              "skipped": false
            },
            {
              "title": "Verifica se o input está posicionado entre a paleta de cores e o quadro de pixels",
              "fullTitle": "10 - Faça o quadro de pixels ter seu tamanho definido pelo usuário. Verifica se o input está posicionado entre a paleta de cores e o quadro de pixels",
              "timedOut": null,
              "duration": 4270,
              "state": "failed",
              "speed": null,
              "pass": false,
              "fail": true,
              "pending": false,
              "context": null,
              "code": "cy.get('#color-palette').then(function (palette) {\n  cy.get('#board-size').should('be.belowOf', palette);\n});\ncy.get('#board-size').then(function (palette) {\n  cy.get('#pixel-board').should('be.belowOf', palette);\n});",
              "err": {
                "message": "CypressError: Timed out retrying: Expected to find element: '#board-size', but never found it.",
                "estack": "CypressError: Timed out retrying: Expected to find element: '#board-size', but never found it.\n    at cypressErr (http://localhost:37071/__cypress/runner/cypress_runner.js:149934:9)\n    at throwErr (http://localhost:37071/__cypress/runner/cypress_runner.js:149867:11)\n    at Object.throwErrByPath (http://localhost:37071/__cypress/runner/cypress_runner.js:149915:3)\n    at retry (http://localhost:37071/__cypress/runner/cypress_runner.js:144197:19)\n    at onFailFn (http://localhost:37071/__cypress/runner/cypress_runner.js:132448:16)\n    at tryCatcher (http://localhost:37071/__cypress/runner/cypress_runner.js:167415:23)\n    at Promise._settlePromiseFromHandler (http://localhost:37071/__cypress/runner/cypress_runner.js:165351:31)\n    at Promise._settlePromise (http://localhost:37071/__cypress/runner/cypress_runner.js:165408:18)\n    at Promise._settlePromise0 (http://localhost:37071/__cypress/runner/cypress_runner.js:165453:10)\n    at Promise._settlePromises (http://localhost:37071/__cypress/runner/cypress_runner.js:165528:18)\n    at Async../node_modules/bluebird/js/release/async.js.Async._drainQueue (http://localhost:37071/__cypress/runner/cypress_runner.js:162140:16)\n    at Async../node_modules/bluebird/js/release/async.js.Async._drainQueues (http://localhost:37071/__cypress/runner/cypress_runner.js:162150:10)\n    at Async.drainQueues (http://localhost:37071/__cypress/runner/cypress_runner.js:162024:14)",
                "diff": null
              },
              "uuid": "2117ea28-87ce-4cbe-90ed-9085ed88ff65",
              "parentUUID": "05e65549-4373-423b-a872-c9754906a7a5",
              "isHook": false,
              "skipped": false
            },
            {
              "title": "Verifica se o botão está posicionado ao lado do input",
              "fullTitle": "10 - Faça o quadro de pixels ter seu tamanho definido pelo usuário. Verifica se o botão está posicionado ao lado do input",
              "timedOut": null,
              "duration": 4256,
              "state": "failed",
              "speed": null,
              "pass": false,
              "fail": true,
              "pending": false,
              "context": null,
              "code": "cy.get('#board-size').then(function (board) {\n  cy.get('#generate-board').should('be.onTheRightOf', board);\n});",
              "err": {
                "message": "CypressError: Timed out retrying: Expected to find element: '#board-size', but never found it.",
                "estack": "CypressError: Timed out retrying: Expected to find element: '#board-size', but never found it.\n    at cypressErr (http://localhost:37071/__cypress/runner/cypress_runner.js:149934:9)\n    at throwErr (http://localhost:37071/__cypress/runner/cypress_runner.js:149867:11)\n    at Object.throwErrByPath (http://localhost:37071/__cypress/runner/cypress_runner.js:149915:3)\n    at retry (http://localhost:37071/__cypress/runner/cypress_runner.js:144197:19)\n    at onFailFn (http://localhost:37071/__cypress/runner/cypress_runner.js:132448:16)\n    at tryCatcher (http://localhost:37071/__cypress/runner/cypress_runner.js:167415:23)\n    at Promise._settlePromiseFromHandler (http://localhost:37071/__cypress/runner/cypress_runner.js:165351:31)\n    at Promise._settlePromise (http://localhost:37071/__cypress/runner/cypress_runner.js:165408:18)\n    at Promise._settlePromise0 (http://localhost:37071/__cypress/runner/cypress_runner.js:165453:10)\n    at Promise._settlePromises (http://localhost:37071/__cypress/runner/cypress_runner.js:165528:18)\n    at Async../node_modules/bluebird/js/release/async.js.Async._drainQueue (http://localhost:37071/__cypress/runner/cypress_runner.js:162140:16)\n    at Async../node_modules/bluebird/js/release/async.js.Async._drainQueues (http://localhost:37071/__cypress/runner/cypress_runner.js:162150:10)\n    at Async.drainQueues (http://localhost:37071/__cypress/runner/cypress_runner.js:162024:14)",
                "diff": null
              },
              "uuid": "246305a5-0bed-4ddb-a878-6b01a9da7191",
              "parentUUID": "05e65549-4373-423b-a872-c9754906a7a5",
              "isHook": false,
              "skipped": false
            },
            {
              "title": "Verifica se nenhum valor for colocado no input ao clicar no botão, um `alert` é exibido com o texto: 'Board inválido!'",
              "fullTitle": "10 - Faça o quadro de pixels ter seu tamanho definido pelo usuário. Verifica se nenhum valor for colocado no input ao clicar no botão, um `alert` é exibido com o texto: 'Board inválido!'",
              "timedOut": null,
              "duration": 4341,
              "state": "failed",
              "speed": null,
              "pass": false,
              "fail": true,
              "pending": false,
              "context": null,
              "code": "var alerted = false;\ncy.on('window:alert', function (msg) {\n  return alerted = msg;\n});\ncy.get('#generate-board').click().then(function () {\n  return expect(alerted).to.match(/Board inválido!/i);\n});",
              "err": {
                "message": "CypressError: Timed out retrying: Expected to find element: '#generate-board', but never found it.",
                "estack": "CypressError: Timed out retrying: Expected to find element: '#generate-board', but never found it.\n    at cypressErr (http://localhost:37071/__cypress/runner/cypress_runner.js:149934:9)\n    at throwErr (http://localhost:37071/__cypress/runner/cypress_runner.js:149867:11)\n    at Object.throwErrByPath (http://localhost:37071/__cypress/runner/cypress_runner.js:149915:3)\n    at retry (http://localhost:37071/__cypress/runner/cypress_runner.js:144197:19)\n    at onFailFn (http://localhost:37071/__cypress/runner/cypress_runner.js:132448:16)\n    at tryCatcher (http://localhost:37071/__cypress/runner/cypress_runner.js:167415:23)\n    at Promise._settlePromiseFromHandler (http://localhost:37071/__cypress/runner/cypress_runner.js:165351:31)\n    at Promise._settlePromise (http://localhost:37071/__cypress/runner/cypress_runner.js:165408:18)\n    at Promise._settlePromise0 (http://localhost:37071/__cypress/runner/cypress_runner.js:165453:10)\n    at Promise._settlePromises (http://localhost:37071/__cypress/runner/cypress_runner.js:165528:18)\n    at Async../node_modules/bluebird/js/release/async.js.Async._drainQueue (http://localhost:37071/__cypress/runner/cypress_runner.js:162140:16)\n    at Async../node_modules/bluebird/js/release/async.js.Async._drainQueues (http://localhost:37071/__cypress/runner/cypress_runner.js:162150:10)\n    at Async.drainQueues (http://localhost:37071/__cypress/runner/cypress_runner.js:162024:14)",
                "diff": null
              },
              "uuid": "346b861b-f650-4184-a88c-d0ced4a28387",
              "parentUUID": "05e65549-4373-423b-a872-c9754906a7a5",
              "isHook": false,
              "skipped": false
            },
            {
              "title": "Verifica se ao clicar no botão com um valor preenchido, o tamanho do board muda.",
              "fullTitle": "10 - Faça o quadro de pixels ter seu tamanho definido pelo usuário. Verifica se ao clicar no botão com um valor preenchido, o tamanho do board muda.",
              "timedOut": null,
              "duration": 4346,
              "state": "failed",
              "speed": null,
              "pass": false,
              "fail": true,
              "pending": false,
              "context": null,
              "code": "cy.get('#board-size').clear().type(10);\ncy.get('#generate-board').click();\ncy.get('.pixel').should('have.length', 100);",
              "err": {
                "message": "CypressError: Timed out retrying: Expected to find element: '#board-size', but never found it.",
                "estack": "CypressError: Timed out retrying: Expected to find element: '#board-size', but never found it.\n    at cypressErr (http://localhost:37071/__cypress/runner/cypress_runner.js:149934:9)\n    at throwErr (http://localhost:37071/__cypress/runner/cypress_runner.js:149867:11)\n    at Object.throwErrByPath (http://localhost:37071/__cypress/runner/cypress_runner.js:149915:3)\n    at retry (http://localhost:37071/__cypress/runner/cypress_runner.js:144197:19)\n    at onFailFn (http://localhost:37071/__cypress/runner/cypress_runner.js:132448:16)\n    at tryCatcher (http://localhost:37071/__cypress/runner/cypress_runner.js:167415:23)\n    at Promise._settlePromiseFromHandler (http://localhost:37071/__cypress/runner/cypress_runner.js:165351:31)\n    at Promise._settlePromise (http://localhost:37071/__cypress/runner/cypress_runner.js:165408:18)\n    at Promise._settlePromise0 (http://localhost:37071/__cypress/runner/cypress_runner.js:165453:10)\n    at Promise._settlePromises (http://localhost:37071/__cypress/runner/cypress_runner.js:165528:18)\n    at Async../node_modules/bluebird/js/release/async.js.Async._drainQueue (http://localhost:37071/__cypress/runner/cypress_runner.js:162140:16)\n    at Async../node_modules/bluebird/js/release/async.js.Async._drainQueues (http://localhost:37071/__cypress/runner/cypress_runner.js:162150:10)\n    at Async.drainQueues (http://localhost:37071/__cypress/runner/cypress_runner.js:162024:14)",
                "diff": null
              },
              "uuid": "9e3926dc-5512-4d95-aead-70dd22fd59d2",
              "parentUUID": "05e65549-4373-423b-a872-c9754906a7a5",
              "isHook": false,
              "skipped": false
            },
            {
              "title": "Verifica se o novo quadro tem todos os pixels preenchidos com a cor branca",
              "fullTitle": "10 - Faça o quadro de pixels ter seu tamanho definido pelo usuário. Verifica se o novo quadro tem todos os pixels preenchidos com a cor branca",
              "timedOut": null,
              "duration": 4331,
              "state": "failed",
              "speed": null,
              "pass": false,
              "fail": true,
              "pending": false,
              "context": null,
              "code": "cy.get('#board-size').clear().type(6);\ncy.get('#generate-board').click();\ncy.get('.pixel').should('have.length', 36).each(function (pixel) {\n  expect(pixel).to.have.css('background-color', WHITE);\n});",
              "err": {
                "message": "CypressError: Timed out retrying: Expected to find element: '#board-size', but never found it.",
                "estack": "CypressError: Timed out retrying: Expected to find element: '#board-size', but never found it.\n    at cypressErr (http://localhost:37071/__cypress/runner/cypress_runner.js:149934:9)\n    at throwErr (http://localhost:37071/__cypress/runner/cypress_runner.js:149867:11)\n    at Object.throwErrByPath (http://localhost:37071/__cypress/runner/cypress_runner.js:149915:3)\n    at retry (http://localhost:37071/__cypress/runner/cypress_runner.js:144197:19)\n    at onFailFn (http://localhost:37071/__cypress/runner/cypress_runner.js:132448:16)\n    at tryCatcher (http://localhost:37071/__cypress/runner/cypress_runner.js:167415:23)\n    at Promise._settlePromiseFromHandler (http://localhost:37071/__cypress/runner/cypress_runner.js:165351:31)\n    at Promise._settlePromise (http://localhost:37071/__cypress/runner/cypress_runner.js:165408:18)\n    at Promise._settlePromise0 (http://localhost:37071/__cypress/runner/cypress_runner.js:165453:10)\n    at Promise._settlePromises (http://localhost:37071/__cypress/runner/cypress_runner.js:165528:18)\n    at Async../node_modules/bluebird/js/release/async.js.Async._drainQueue (http://localhost:37071/__cypress/runner/cypress_runner.js:162140:16)\n    at Async../node_modules/bluebird/js/release/async.js.Async._drainQueues (http://localhost:37071/__cypress/runner/cypress_runner.js:162150:10)\n    at Async.drainQueues (http://localhost:37071/__cypress/runner/cypress_runner.js:162024:14)",
                "diff": null
              },
              "uuid": "ba6998f8-d9bb-453c-bfe2-92fb319fae8f",
              "parentUUID": "05e65549-4373-423b-a872-c9754906a7a5",
              "isHook": false,
              "skipped": false
            }
          ],
          "suites": [],
          "passes": [],
          "failures": [
            "a471a586-35c5-4eaa-9bd0-ce4adc90a0fc",
            "3f53ecb8-c934-4292-9f84-5b4a75b1df4c",
            "1cacdf08-6818-486a-9f58-8d6b76598a86",
            "7dd120a6-7241-4d53-8d3e-3bd10e88ecd4",
            "2117ea28-87ce-4cbe-90ed-9085ed88ff65",
            "246305a5-0bed-4ddb-a878-6b01a9da7191",
            "346b861b-f650-4184-a88c-d0ced4a28387",
            "9e3926dc-5512-4d95-aead-70dd22fd59d2",
            "ba6998f8-d9bb-453c-bfe2-92fb319fae8f"
          ],
          "pending": [],
          "skipped": [],
          "duration": 38826,
          "root": false,
          "rootEmpty": false,
          "_timeout": 2000
        },
        {
          "uuid": "48026345-a49f-4741-b365-117373f43030",
          "title": "11 - Limite o tamanho mínimo e máximo do board.",
          "fullFile": "",
          "file": "",
          "beforeHooks": [],
          "afterHooks": [],
          "tests": [
            {
              "title": "Verifica se a altura máxima do board é 50",
              "fullTitle": "11 - Limite o tamanho mínimo e máximo do board. Verifica se a altura máxima do board é 50",
              "timedOut": null,
              "duration": 4298,
              "state": "failed",
              "speed": null,
              "pass": false,
              "fail": true,
              "pending": false,
              "context": null,
              "code": "cy.get('#board-size').clear().type(50);\ncy.get('#generate-board').click();\ncy.get('.pixel').should('have.length', 2500);",
              "err": {
                "message": "CypressError: Timed out retrying: Expected to find element: '#board-size', but never found it.",
                "estack": "CypressError: Timed out retrying: Expected to find element: '#board-size', but never found it.\n    at cypressErr (http://localhost:37071/__cypress/runner/cypress_runner.js:149934:9)\n    at throwErr (http://localhost:37071/__cypress/runner/cypress_runner.js:149867:11)\n    at Object.throwErrByPath (http://localhost:37071/__cypress/runner/cypress_runner.js:149915:3)\n    at retry (http://localhost:37071/__cypress/runner/cypress_runner.js:144197:19)\n    at onFailFn (http://localhost:37071/__cypress/runner/cypress_runner.js:132448:16)\n    at tryCatcher (http://localhost:37071/__cypress/runner/cypress_runner.js:167415:23)\n    at Promise._settlePromiseFromHandler (http://localhost:37071/__cypress/runner/cypress_runner.js:165351:31)\n    at Promise._settlePromise (http://localhost:37071/__cypress/runner/cypress_runner.js:165408:18)\n    at Promise._settlePromise0 (http://localhost:37071/__cypress/runner/cypress_runner.js:165453:10)\n    at Promise._settlePromises (http://localhost:37071/__cypress/runner/cypress_runner.js:165528:18)\n    at Async../node_modules/bluebird/js/release/async.js.Async._drainQueue (http://localhost:37071/__cypress/runner/cypress_runner.js:162140:16)\n    at Async../node_modules/bluebird/js/release/async.js.Async._drainQueues (http://localhost:37071/__cypress/runner/cypress_runner.js:162150:10)\n    at Async.drainQueues (http://localhost:37071/__cypress/runner/cypress_runner.js:162024:14)",
                "diff": null
              },
              "uuid": "0922401c-6794-4754-ba02-7d04c24772a7",
              "parentUUID": "48026345-a49f-4741-b365-117373f43030",
              "isHook": false,
              "skipped": false
            },
            {
              "title": "Verifica se a altura do board é 5 quando um valor menor é colocado no input",
              "fullTitle": "11 - Limite o tamanho mínimo e máximo do board. Verifica se a altura do board é 5 quando um valor menor é colocado no input",
              "timedOut": null,
              "duration": 4332,
              "state": "failed",
              "speed": null,
              "pass": false,
              "fail": true,
              "pending": false,
              "context": null,
              "code": "cy.get('#board-size').clear().type(4);\ncy.get('#generate-board').click();\ncy.get('.pixel').should('have.length', 25);",
              "err": {
                "message": "CypressError: Timed out retrying: Expected to find element: '#board-size', but never found it.",
                "estack": "CypressError: Timed out retrying: Expected to find element: '#board-size', but never found it.\n    at cypressErr (http://localhost:37071/__cypress/runner/cypress_runner.js:149934:9)\n    at throwErr (http://localhost:37071/__cypress/runner/cypress_runner.js:149867:11)\n    at Object.throwErrByPath (http://localhost:37071/__cypress/runner/cypress_runner.js:149915:3)\n    at retry (http://localhost:37071/__cypress/runner/cypress_runner.js:144197:19)\n    at onFailFn (http://localhost:37071/__cypress/runner/cypress_runner.js:132448:16)\n    at tryCatcher (http://localhost:37071/__cypress/runner/cypress_runner.js:167415:23)\n    at Promise._settlePromiseFromHandler (http://localhost:37071/__cypress/runner/cypress_runner.js:165351:31)\n    at Promise._settlePromise (http://localhost:37071/__cypress/runner/cypress_runner.js:165408:18)\n    at Promise._settlePromise0 (http://localhost:37071/__cypress/runner/cypress_runner.js:165453:10)\n    at Promise._settlePromises (http://localhost:37071/__cypress/runner/cypress_runner.js:165528:18)\n    at Async../node_modules/bluebird/js/release/async.js.Async._drainQueue (http://localhost:37071/__cypress/runner/cypress_runner.js:162140:16)\n    at Async../node_modules/bluebird/js/release/async.js.Async._drainQueues (http://localhost:37071/__cypress/runner/cypress_runner.js:162150:10)\n    at Async.drainQueues (http://localhost:37071/__cypress/runner/cypress_runner.js:162024:14)",
                "diff": null
              },
              "uuid": "af377a3f-1504-4bc8-aa5d-7de13bb353a3",
              "parentUUID": "48026345-a49f-4741-b365-117373f43030",
              "isHook": false,
              "skipped": false
            },
            {
              "title": "Verifica se a altura do board é 50 quando um valor maior é colocado no input",
              "fullTitle": "11 - Limite o tamanho mínimo e máximo do board. Verifica se a altura do board é 50 quando um valor maior é colocado no input",
              "timedOut": null,
              "duration": 4341,
              "state": "failed",
              "speed": null,
              "pass": false,
              "fail": true,
              "pending": false,
              "context": null,
              "code": "cy.get('#board-size').clear().type(51);\ncy.get('#generate-board').click();\ncy.get('.pixel').should('have.length', 2500);",
              "err": {
                "message": "CypressError: Timed out retrying: Expected to find element: '#board-size', but never found it.",
                "estack": "CypressError: Timed out retrying: Expected to find element: '#board-size', but never found it.\n    at cypressErr (http://localhost:37071/__cypress/runner/cypress_runner.js:149934:9)\n    at throwErr (http://localhost:37071/__cypress/runner/cypress_runner.js:149867:11)\n    at Object.throwErrByPath (http://localhost:37071/__cypress/runner/cypress_runner.js:149915:3)\n    at retry (http://localhost:37071/__cypress/runner/cypress_runner.js:144197:19)\n    at onFailFn (http://localhost:37071/__cypress/runner/cypress_runner.js:132448:16)\n    at tryCatcher (http://localhost:37071/__cypress/runner/cypress_runner.js:167415:23)\n    at Promise._settlePromiseFromHandler (http://localhost:37071/__cypress/runner/cypress_runner.js:165351:31)\n    at Promise._settlePromise (http://localhost:37071/__cypress/runner/cypress_runner.js:165408:18)\n    at Promise._settlePromise0 (http://localhost:37071/__cypress/runner/cypress_runner.js:165453:10)\n    at Promise._settlePromises (http://localhost:37071/__cypress/runner/cypress_runner.js:165528:18)\n    at Async../node_modules/bluebird/js/release/async.js.Async._drainQueue (http://localhost:37071/__cypress/runner/cypress_runner.js:162140:16)\n    at Async../node_modules/bluebird/js/release/async.js.Async._drainQueues (http://localhost:37071/__cypress/runner/cypress_runner.js:162150:10)\n    at Async.drainQueues (http://localhost:37071/__cypress/runner/cypress_runner.js:162024:14)",
                "diff": null
              },
              "uuid": "40b5ec97-0c98-4f21-a7dd-8d66092df169",
              "parentUUID": "48026345-a49f-4741-b365-117373f43030",
              "isHook": false,
              "skipped": false
            }
          ],
          "suites": [],
          "passes": [],
          "failures": [
            "0922401c-6794-4754-ba02-7d04c24772a7",
            "af377a3f-1504-4bc8-aa5d-7de13bb353a3",
            "40b5ec97-0c98-4f21-a7dd-8d66092df169"
          ],
          "pending": [],
          "skipped": [],
          "duration": 12971,
          "root": false,
          "rootEmpty": false,
          "_timeout": 2000
        },
        {
          "uuid": "b4b3af2f-9700-4431-ab28-379582db202e",
          "title": "12 - Faça com que as cores da paleta sejam geradas aleatoriamente ao carregar a página.",
          "fullFile": "",
          "file": "",
          "beforeHooks": [],
          "afterHooks": [],
          "tests": [
            {
              "title": "Verifica se as cores geradas na paleta são diferentes a cada carregamento da página",
              "fullTitle": "12 - Faça com que as cores da paleta sejam geradas aleatoriamente ao carregar a página. Verifica se as cores geradas na paleta são diferentes a cada carregamento da página",
              "timedOut": null,
              "duration": 428,
              "state": "failed",
              "speed": null,
              "pass": false,
              "fail": true,
              "pending": false,
              "context": null,
              "code": "cy.get('.color').then(function (colors) {\n  var currentColors;\n  var previousColors;\n  previousColors = Array.from(colors).map(function (color) {\n    return Cypress.$(color).css('background-color');\n  });\n  for (var i = 0; i < 5; i += 1) {\n    cy.reload();\n    cy.get('.color').then(function (colors) {\n      currentColors = Array.from(colors).map(function (color) {\n        return Cypress.$(color).css('background-color');\n      });\n      expect(currentColors).not.to.deep.equal(previousColors);\n      previousColors = currentColors;\n    });\n  }\n});",
              "err": {
                "message": "AssertionError: expected [ Array(4) ] to not deeply equal [ Array(4) ]",
                "estack": "AssertionError: expected [ Array(4) ] to not deeply equal [ Array(4) ]\n    at getRet (http://localhost:37071/__cypress/runner/cypress_runner.js:136585:16)\n    at tryCatcher (http://localhost:37071/__cypress/runner/cypress_runner.js:167415:23)\n    at Function.Promise.attempt.Promise.try (http://localhost:37071/__cypress/runner/cypress_runner.js:164690:29)\n    at Context.thenFn (http://localhost:37071/__cypress/runner/cypress_runner.js:136599:23)\n    at Context.then (http://localhost:37071/__cypress/runner/cypress_runner.js:136971:21)\n    at Context.<anonymous> (http://localhost:37071/__cypress/runner/cypress_runner.js:148875:21)\n    at http://localhost:37071/__cypress/runner/cypress_runner.js:148351:33\n    at tryCatcher (http://localhost:37071/__cypress/runner/cypress_runner.js:167415:23)\n    at Promise._settlePromiseFromHandler (http://localhost:37071/__cypress/runner/cypress_runner.js:165351:31)\n    at Promise._settlePromise (http://localhost:37071/__cypress/runner/cypress_runner.js:165408:18)\n    at Promise._settlePromiseCtx (http://localhost:37071/__cypress/runner/cypress_runner.js:165445:10)\n    at Async../node_modules/bluebird/js/release/async.js.Async._drainQueue (http://localhost:37071/__cypress/runner/cypress_runner.js:162145:12)\n    at Async../node_modules/bluebird/js/release/async.js.Async._drainQueues (http://localhost:37071/__cypress/runner/cypress_runner.js:162150:10)\n    at Async.drainQueues (http://localhost:37071/__cypress/runner/cypress_runner.js:162024:14)",
                "diff": ""
              },
              "uuid": "f2154777-e451-48db-baa0-c007fe535244",
              "parentUUID": "b4b3af2f-9700-4431-ab28-379582db202e",
              "isHook": false,
              "skipped": false
            },
            {
              "title": "Verifica se a cor preta ainda está presente e é a primeira na sua paleta de cores",
              "fullTitle": "12 - Faça com que as cores da paleta sejam geradas aleatoriamente ao carregar a página. Verifica se a cor preta ainda está presente e é a primeira na sua paleta de cores",
              "timedOut": null,
              "duration": 307,
              "state": "failed",
              "speed": null,
              "pass": false,
              "fail": true,
              "pending": false,
              "context": null,
              "code": "cy.get('.color').then(function (colors) {\n  var currentColors;\n  var previousColors;\n  previousColors = Array.from(colors).map(function (color) {\n    return Cypress.$(color).css('background-color');\n  });\n  expect(previousColors[0]).to.eq(BLACK);\n  for (var i = 0; i < 5; i += 1) {\n    cy.reload();\n    cy.get('.color').then(function (colors) {\n      currentColors = Array.from(colors).map(function (color) {\n        return Cypress.$(color).css('background-color');\n      });\n      expect(currentColors[0]).to.eq(BLACK);\n      expect(currentColors).not.to.deep.equal(previousColors);\n      previousColors = currentColors;\n    });\n  }\n});",
              "err": {
                "message": "AssertionError: expected [ Array(4) ] to not deeply equal [ Array(4) ]",
                "estack": "AssertionError: expected [ Array(4) ] to not deeply equal [ Array(4) ]\n    at getRet (http://localhost:37071/__cypress/runner/cypress_runner.js:136585:16)\n    at tryCatcher (http://localhost:37071/__cypress/runner/cypress_runner.js:167415:23)\n    at Function.Promise.attempt.Promise.try (http://localhost:37071/__cypress/runner/cypress_runner.js:164690:29)\n    at Context.thenFn (http://localhost:37071/__cypress/runner/cypress_runner.js:136599:23)\n    at Context.then (http://localhost:37071/__cypress/runner/cypress_runner.js:136971:21)\n    at Context.<anonymous> (http://localhost:37071/__cypress/runner/cypress_runner.js:148875:21)\n    at http://localhost:37071/__cypress/runner/cypress_runner.js:148351:33\n    at tryCatcher (http://localhost:37071/__cypress/runner/cypress_runner.js:167415:23)\n    at Promise._settlePromiseFromHandler (http://localhost:37071/__cypress/runner/cypress_runner.js:165351:31)\n    at Promise._settlePromise (http://localhost:37071/__cypress/runner/cypress_runner.js:165408:18)\n    at Promise._settlePromiseCtx (http://localhost:37071/__cypress/runner/cypress_runner.js:165445:10)\n    at Async../node_modules/bluebird/js/release/async.js.Async._drainQueue (http://localhost:37071/__cypress/runner/cypress_runner.js:162145:12)\n    at Async../node_modules/bluebird/js/release/async.js.Async._drainQueues (http://localhost:37071/__cypress/runner/cypress_runner.js:162150:10)\n    at Async.drainQueues (http://localhost:37071/__cypress/runner/cypress_runner.js:162024:14)",
                "diff": ""
              },
              "uuid": "77c6bff5-884a-4e9f-8368-dea3bdf8bae5",
              "parentUUID": "b4b3af2f-9700-4431-ab28-379582db202e",
              "isHook": false,
              "skipped": false
            }
          ],
          "suites": [],
          "passes": [],
          "failures": [
            "f2154777-e451-48db-baa0-c007fe535244",
            "77c6bff5-884a-4e9f-8368-dea3bdf8bae5"
          ],
          "pending": [],
          "skipped": [],
          "duration": 735,
          "root": false,
          "rootEmpty": false,
          "_timeout": 2000
        }
      ],
      "passes": [],
      "failures": [],
      "pending": [],
      "skipped": [],
      "duration": 0,
      "root": true,
      "rootEmpty": true,
      "_timeout": 2000
    }
  ],
  "meta": {
    "mocha": {
      "version": "7.0.1"
    },
    "mochawesome": {
      "options": {
        "quiet": false,
        "reportFilename": "mochawesome",
        "saveHtml": false,
        "saveJson": true,
        "consoleReporter": "spec",
        "useInlineDiffs": false
      },
      "version": "4.1.0"
    },
    "marge": {
      "options": {
        "id": "default",
        "reportDir": "cypress/reports",
        "overwrite": true,
        "html": false,
        "json": true
      },
      "version": "4.1.0"
    }
  }
}