{
  "stats": {
    "suites": 12,
    "tests": 41,
    "passes": 24,
    "pending": 0,
    "failures": 17,
    "start": "2021-08-22T00:35:23.471Z",
    "end": "2021-08-22T00:36:43.961Z",
    "duration": 80490,
    "testsRegistered": 41,
    "passPercent": 58.536585365853654,
    "pendingPercent": 0,
    "other": 0,
    "hasOther": false,
    "skipped": 0,
    "hasSkipped": false
  },
  "results": [
    {
      "uuid": "0bf3a050-c47c-42ed-a031-83cc22c0ba1c",
      "title": "",
      "fullFile": "cypress/integration/project.spec.js",
      "file": "cypress/integration/project.spec.js",
      "beforeHooks": [],
      "afterHooks": [],
      "tests": [],
      "suites": [
        {
          "uuid": "6e42aac8-d008-4c5d-a337-a078d74ce090",
          "title": "1 - Adicione à página o título \"Paleta de Cores\".",
          "fullFile": "",
          "file": "",
          "beforeHooks": [],
          "afterHooks": [],
          "tests": [
            {
              "title": "Verifica se contém um elemento `h1` com o id `title` com o título correto",
              "fullTitle": "1 - Adicione à página o título \"Paleta de Cores\". Verifica se contém um elemento `h1` com o id `title` com o título correto",
              "timedOut": null,
              "duration": 161,
              "state": "passed",
              "speed": "slow",
              "pass": true,
              "fail": false,
              "pending": false,
              "context": null,
              "code": "cy.get('h1#title').should('contain.text', 'Paleta de Cores');",
              "err": {},
              "uuid": "151f4b45-b058-41d4-a550-25bc73777de8",
              "parentUUID": "6e42aac8-d008-4c5d-a337-a078d74ce090",
              "isHook": false,
              "skipped": false
            }
          ],
          "suites": [],
          "passes": [
            "151f4b45-b058-41d4-a550-25bc73777de8"
          ],
          "failures": [],
          "pending": [],
          "skipped": [],
          "duration": 161,
          "root": false,
          "rootEmpty": false,
          "_timeout": 2000
        },
        {
          "uuid": "6c73f9e1-c651-445b-98b4-654da7ed40ea",
          "title": "2 - Adicione à página uma paleta de quatro cores distintas.",
          "fullFile": "",
          "file": "",
          "beforeHooks": [],
          "afterHooks": [],
          "tests": [
            {
              "title": "A paleta de cores deve ser um elemento com `id` denominado `color-palette`",
              "fullTitle": "2 - Adicione à página uma paleta de quatro cores distintas. A paleta de cores deve ser um elemento com `id` denominado `color-palette`",
              "timedOut": null,
              "duration": 101,
              "state": "passed",
              "speed": "slow",
              "pass": true,
              "fail": false,
              "pending": false,
              "context": null,
              "code": "cy.get('#color-palette').should('be.visible');",
              "err": {},
              "uuid": "6a980dae-80e5-4fe8-ae7b-413e529849db",
              "parentUUID": "6c73f9e1-c651-445b-98b4-654da7ed40ea",
              "isHook": false,
              "skipped": false
            },
            {
              "title": "Verifica se cada cor individual da paleta de cores possui a `classe` chamada `color`.",
              "fullTitle": "2 - Adicione à página uma paleta de quatro cores distintas. Verifica se cada cor individual da paleta de cores possui a `classe` chamada `color`.",
              "timedOut": null,
              "duration": 147,
              "state": "passed",
              "speed": "slow",
              "pass": true,
              "fail": false,
              "pending": false,
              "context": null,
              "code": "cy.get('.color').should('have.length', 4).then(function (colors) {\n  for (var i = 0; i < colors.length; i++) {\n    cy.wrap(colors[i]).should('be.visible');\n  }\n});",
              "err": {},
              "uuid": "82fda2fb-3a80-4c60-9019-0b5e4c7e33dc",
              "parentUUID": "6c73f9e1-c651-445b-98b4-654da7ed40ea",
              "isHook": false,
              "skipped": false
            },
            {
              "title": "Verifica se a cor de fundo de cada elemento da paleta é a cor que o elemento representa. **A única cor não permitida na paleta é a cor branca.**",
              "fullTitle": "2 - Adicione à página uma paleta de quatro cores distintas. Verifica se a cor de fundo de cada elemento da paleta é a cor que o elemento representa. **A única cor não permitida na paleta é a cor branca.**",
              "timedOut": null,
              "duration": 125,
              "state": "passed",
              "speed": "slow",
              "pass": true,
              "fail": false,
              "pending": false,
              "context": null,
              "code": "cy.get('.color').each(function (color) {\n  cy.wrap(color).should('have.class', 'color').and('not.have.css', 'background-color', WHITE);\n  cy.wrap(color).should('have.css', 'background-color');\n});",
              "err": {},
              "uuid": "193dafc8-a95c-4ba9-8c20-27d41bc890e8",
              "parentUUID": "6c73f9e1-c651-445b-98b4-654da7ed40ea",
              "isHook": false,
              "skipped": false
            },
            {
              "title": "Verifica se cada elemento da paleta de cores tem uma borda preta, sólida e com 1 pixel de largura;",
              "fullTitle": "2 - Adicione à página uma paleta de quatro cores distintas. Verifica se cada elemento da paleta de cores tem uma borda preta, sólida e com 1 pixel de largura;",
              "timedOut": null,
              "duration": 152,
              "state": "passed",
              "speed": "slow",
              "pass": true,
              "fail": false,
              "pending": false,
              "context": null,
              "code": "cy.get('.color').each(function (color) {\n  cy.wrap(color).and('have.css', 'border', \"1px solid \".concat(BLACK)).and('have.class', 'color');\n});",
              "err": {},
              "uuid": "6e8bc83f-26eb-4d25-8b46-a1e7f0788d73",
              "parentUUID": "6c73f9e1-c651-445b-98b4-654da7ed40ea",
              "isHook": false,
              "skipped": false
            },
            {
              "title": "Verifica se a paleta lista todas as cores disponíveis para utilização, lado a lado.",
              "fullTitle": "2 - Adicione à página uma paleta de quatro cores distintas. Verifica se a paleta lista todas as cores disponíveis para utilização, lado a lado.",
              "timedOut": null,
              "duration": 124,
              "state": "passed",
              "speed": "slow",
              "pass": true,
              "fail": false,
              "pending": false,
              "context": null,
              "code": "cy.get('.color').then(function (colors) {\n  for (var index = 1; index < colors.length; index += 1) {\n    var currentColor = colors[index];\n    var previousColor = colors[index - 1];\n    cy.wrap(currentColor).should('be.onTheRightOf', previousColor).and('be.horizontallyAlignedWith', previousColor);\n  }\n});",
              "err": {},
              "uuid": "bd7102a4-f69c-46ba-9368-d675c5838f06",
              "parentUUID": "6c73f9e1-c651-445b-98b4-654da7ed40ea",
              "isHook": false,
              "skipped": false
            },
            {
              "title": "Verifica se a paleta de cores está posicionada abaixo do título 'Paleta de Cores'",
              "fullTitle": "2 - Adicione à página uma paleta de quatro cores distintas. Verifica se a paleta de cores está posicionada abaixo do título 'Paleta de Cores'",
              "timedOut": null,
              "duration": 125,
              "state": "passed",
              "speed": "slow",
              "pass": true,
              "fail": false,
              "pending": false,
              "context": null,
              "code": "cy.get('h1#title').then(function (title) {\n  cy.get('#color-palette').should('be.belowOf', title);\n});",
              "err": {},
              "uuid": "62f52e35-8b6c-4653-90d8-51d71d9f2878",
              "parentUUID": "6c73f9e1-c651-445b-98b4-654da7ed40ea",
              "isHook": false,
              "skipped": false
            },
            {
              "title": "Verifica se a paleta de cores não contém cores repetidas.",
              "fullTitle": "2 - Adicione à página uma paleta de quatro cores distintas. Verifica se a paleta de cores não contém cores repetidas.",
              "timedOut": null,
              "duration": 82,
              "state": "passed",
              "speed": "slow",
              "pass": true,
              "fail": false,
              "pending": false,
              "context": null,
              "code": "cy.get('.color').then(function (colors) {\n  var allColors = Array.from(colors).map(function (color) {\n    return Cypress.$(color).css('background-color');\n  });\n  cy.log(allColors);\n  var uniqColors = (0, _toConsumableArray2[\"default\"])(new Set(allColors));\n  cy.log(uniqColors);\n  expect(allColors.length).to.eq(uniqColors.length);\n});",
              "err": {},
              "uuid": "9331f2df-4273-4337-a17e-1290b8671b55",
              "parentUUID": "6c73f9e1-c651-445b-98b4-654da7ed40ea",
              "isHook": false,
              "skipped": false
            }
          ],
          "suites": [],
          "passes": [
            "6a980dae-80e5-4fe8-ae7b-413e529849db",
            "82fda2fb-3a80-4c60-9019-0b5e4c7e33dc",
            "193dafc8-a95c-4ba9-8c20-27d41bc890e8",
            "6e8bc83f-26eb-4d25-8b46-a1e7f0788d73",
            "bd7102a4-f69c-46ba-9368-d675c5838f06",
            "62f52e35-8b6c-4653-90d8-51d71d9f2878",
            "9331f2df-4273-4337-a17e-1290b8671b55"
          ],
          "failures": [],
          "pending": [],
          "skipped": [],
          "duration": 856,
          "root": false,
          "rootEmpty": false,
          "_timeout": 2000
        },
        {
          "uuid": "dbe03262-fa14-4584-80bc-5b9dec9f7770",
          "title": "3 - Adicione a cor **preta** como a primeira cor da paleta de cores.",
          "fullFile": "",
          "file": "",
          "beforeHooks": [],
          "afterHooks": [],
          "tests": [
            {
              "title": "Verifica se a primeira cor da paleta é preta",
              "fullTitle": "3 - Adicione a cor **preta** como a primeira cor da paleta de cores. Verifica se a primeira cor da paleta é preta",
              "timedOut": null,
              "duration": 106,
              "state": "passed",
              "speed": "slow",
              "pass": true,
              "fail": false,
              "pending": false,
              "context": null,
              "code": "cy.get('.color').first().should('have.css', 'background-color', BLACK);",
              "err": {},
              "uuid": "9c8cd0a9-1885-4f30-9d1b-be9c2ce726da",
              "parentUUID": "dbe03262-fa14-4584-80bc-5b9dec9f7770",
              "isHook": false,
              "skipped": false
            },
            {
              "title": "Verifica se as demais cores podem ser escolhidas livremente.",
              "fullTitle": "3 - Adicione a cor **preta** como a primeira cor da paleta de cores. Verifica se as demais cores podem ser escolhidas livremente.",
              "timedOut": null,
              "duration": 181,
              "state": "passed",
              "speed": "slow",
              "pass": true,
              "fail": false,
              "pending": false,
              "context": null,
              "code": "cy.get('.color').eq(1).should('not.have.css', 'background-color', BLACK);\ncy.get('.color').eq(1).should('not.have.css', 'background-color', WHITE);\ncy.get('.color').eq(1).should('not.have.css', 'background-color', 'rgba(0, 0, 0, 0)');\ncy.get('.color').eq(1).should('have.css', 'background-color');\ncy.get('.color').eq(2).should('not.have.css', 'background-color', BLACK);\ncy.get('.color').eq(2).should('not.have.css', 'background-color', WHITE);\ncy.get('.color').eq(2).should('not.have.css', 'background-color', 'rgba(0, 0, 0, 0)');\ncy.get('.color').eq(2).should('have.css', 'background-color');\ncy.get('.color').eq(3).should('not.have.css', 'background-color', BLACK);\ncy.get('.color').eq(3).should('not.have.css', 'background-color', WHITE);\ncy.get('.color').eq(3).should('not.have.css', 'background-color', 'rgba(0, 0, 0, 0)');\ncy.get('.color').eq(3).should('have.css', 'background-color');",
              "err": {},
              "uuid": "bb43bccc-c15b-4f08-a8ea-62b1a431e0b7",
              "parentUUID": "dbe03262-fa14-4584-80bc-5b9dec9f7770",
              "isHook": false,
              "skipped": false
            }
          ],
          "suites": [],
          "passes": [
            "9c8cd0a9-1885-4f30-9d1b-be9c2ce726da",
            "bb43bccc-c15b-4f08-a8ea-62b1a431e0b7"
          ],
          "failures": [],
          "pending": [],
          "skipped": [],
          "duration": 287,
          "root": false,
          "rootEmpty": false,
          "_timeout": 2000
        },
        {
          "uuid": "28c4f06f-33d4-4a07-b972-d7edfbea250b",
          "title": "4 - Adicione à página um quadro de pixels, com 25 pixels.",
          "fullFile": "",
          "file": "",
          "beforeHooks": [],
          "afterHooks": [],
          "tests": [
            {
              "title": "Verifica se o quadro de pixels possui o `id` denominado `pixel-board`",
              "fullTitle": "4 - Adicione à página um quadro de pixels, com 25 pixels. Verifica se o quadro de pixels possui o `id` denominado `pixel-board`",
              "timedOut": null,
              "duration": 74,
              "state": "passed",
              "speed": "medium",
              "pass": true,
              "fail": false,
              "pending": false,
              "context": null,
              "code": "cy.get('#pixel-board').should('be.visible');",
              "err": {},
              "uuid": "1a164235-354f-4ddf-b43d-d3709234a5a2",
              "parentUUID": "28c4f06f-33d4-4a07-b972-d7edfbea250b",
              "isHook": false,
              "skipped": false
            },
            {
              "title": "Verifica se cada pixel individual dentro do quadro possui a `classe` denominada `pixel`.",
              "fullTitle": "4 - Adicione à página um quadro de pixels, com 25 pixels. Verifica se cada pixel individual dentro do quadro possui a `classe` denominada `pixel`.",
              "timedOut": null,
              "duration": 121,
              "state": "passed",
              "speed": "slow",
              "pass": true,
              "fail": false,
              "pending": false,
              "context": null,
              "code": "cy.get('.pixel').should('have.length', 25);",
              "err": {},
              "uuid": "06be8b89-f3fc-4cc2-a07e-08d149de81c0",
              "parentUUID": "28c4f06f-33d4-4a07-b972-d7edfbea250b",
              "isHook": false,
              "skipped": false
            },
            {
              "title": "Verifica se a cor inicial dos pixels dentro do quadro, ao abrir a página, é branca.",
              "fullTitle": "4 - Adicione à página um quadro de pixels, com 25 pixels. Verifica se a cor inicial dos pixels dentro do quadro, ao abrir a página, é branca.",
              "timedOut": null,
              "duration": 129,
              "state": "passed",
              "speed": "slow",
              "pass": true,
              "fail": false,
              "pending": false,
              "context": null,
              "code": "cy.get('.pixel').should('have.length', 25).each(function (pixel) {\n  expect(pixel).to.have.css('background-color', WHITE);\n});",
              "err": {},
              "uuid": "dd758d6b-6bc8-413a-b017-d88f41af76d1",
              "parentUUID": "28c4f06f-33d4-4a07-b972-d7edfbea250b",
              "isHook": false,
              "skipped": false
            },
            {
              "title": "Verifica se o quadro de pixels aparece abaixo da paleta de cores",
              "fullTitle": "4 - Adicione à página um quadro de pixels, com 25 pixels. Verifica se o quadro de pixels aparece abaixo da paleta de cores",
              "timedOut": null,
              "duration": 86,
              "state": "passed",
              "speed": "slow",
              "pass": true,
              "fail": false,
              "pending": false,
              "context": null,
              "code": "cy.get('#color-palette').then(function (palette) {\n  cy.get('#pixel-board').should('be.belowOf', palette);\n});",
              "err": {},
              "uuid": "590f353f-e02a-48f2-8ed5-ea2cd525f8fb",
              "parentUUID": "28c4f06f-33d4-4a07-b972-d7edfbea250b",
              "isHook": false,
              "skipped": false
            }
          ],
          "suites": [],
          "passes": [
            "1a164235-354f-4ddf-b43d-d3709234a5a2",
            "06be8b89-f3fc-4cc2-a07e-08d149de81c0",
            "dd758d6b-6bc8-413a-b017-d88f41af76d1",
            "590f353f-e02a-48f2-8ed5-ea2cd525f8fb"
          ],
          "failures": [],
          "pending": [],
          "skipped": [],
          "duration": 410,
          "root": false,
          "rootEmpty": false,
          "_timeout": 2000
        },
        {
          "uuid": "2fe00320-0085-4fbd-849a-f15fb49e328f",
          "title": "5 - Faça com que cada elemento do quadro de pixels possua 40 pixels de largura, 40 pixels de altura e seja delimitado por uma borda preta de 1 pixel.",
          "fullFile": "",
          "file": "",
          "beforeHooks": [],
          "afterHooks": [],
          "tests": [
            {
              "title": "Verifica se o quadro de pixels tem altura e comprimento de 5 elementos",
              "fullTitle": "5 - Faça com que cada elemento do quadro de pixels possua 40 pixels de largura, 40 pixels de altura e seja delimitado por uma borda preta de 1 pixel. Verifica se o quadro de pixels tem altura e comprimento de 5 elementos",
              "timedOut": null,
              "duration": 244,
              "state": "passed",
              "speed": "slow",
              "pass": true,
              "fail": false,
              "pending": false,
              "context": null,
              "code": "cy.get('.pixel').should('have.length', 25).each(function (pixel) {\n  expect(pixel).to.have.css('background-color', WHITE);\n}).and(function (pixels) {\n  var rows = chunk(pixels, 5);\n  rows.forEach(function (row) {\n    for (var index = 1; index < row.length; index += 1) {\n      var current = pixels[index];\n      var previous = pixels[index - 1];\n      cy.wrap(current).should('be.onTheRightOf', previous).and('be.horizontallyAlignedWith', previous);\n    }\n  });\n  for (var index = 1; index < 5; index += 1) {\n    expect(pixels[index * 5]).to.be.belowOf(pixels[(index - 1) * 5]);\n  }\n});",
              "err": {},
              "uuid": "140fbc2a-60bd-4aca-90a6-09469f6019a2",
              "parentUUID": "2fe00320-0085-4fbd-849a-f15fb49e328f",
              "isHook": false,
              "skipped": false
            },
            {
              "title": "Verifica se 40 pixels é o tamanho total do elemento, incluindo seu conteúdo e excluindo a borda preta, que deve ser criada à parte.",
              "fullTitle": "5 - Faça com que cada elemento do quadro de pixels possua 40 pixels de largura, 40 pixels de altura e seja delimitado por uma borda preta de 1 pixel. Verifica se 40 pixels é o tamanho total do elemento, incluindo seu conteúdo e excluindo a borda preta, que deve ser criada à parte.",
              "timedOut": null,
              "duration": 256,
              "state": "passed",
              "speed": "slow",
              "pass": true,
              "fail": false,
              "pending": false,
              "context": null,
              "code": "cy.get('.pixel').each(function (pixel) {\n  cy.wrap(pixel).should('have.css', 'height', '40px').and('have.css', 'width', '40px').and('have.css', 'border', \"1px solid \".concat(BLACK));\n});",
              "err": {},
              "uuid": "7aca299b-4f32-43ce-bede-6582bcd41cc8",
              "parentUUID": "2fe00320-0085-4fbd-849a-f15fb49e328f",
              "isHook": false,
              "skipped": false
            }
          ],
          "suites": [],
          "passes": [
            "140fbc2a-60bd-4aca-90a6-09469f6019a2",
            "7aca299b-4f32-43ce-bede-6582bcd41cc8"
          ],
          "failures": [],
          "pending": [],
          "skipped": [],
          "duration": 500,
          "root": false,
          "rootEmpty": false,
          "_timeout": 2000
        },
        {
          "uuid": "f207d90c-af95-4a34-84f7-c9ef82c002f9",
          "title": "6 - Defina a cor preta como cor inicial. Ao carregar a página a cor preta já deve estar selecionada para pintar os pixels",
          "fullFile": "",
          "file": "",
          "beforeHooks": [],
          "afterHooks": [],
          "tests": [
            {
              "title": "Verifica se o elemento da cor preta possui, inicialmente, a `classe` `selected`",
              "fullTitle": "6 - Defina a cor preta como cor inicial. Ao carregar a página a cor preta já deve estar selecionada para pintar os pixels Verifica se o elemento da cor preta possui, inicialmente, a `classe` `selected`",
              "timedOut": null,
              "duration": 135,
              "state": "passed",
              "speed": "slow",
              "pass": true,
              "fail": false,
              "pending": false,
              "context": null,
              "code": "cy.get('.selected').first().should('have.css', 'background-color', BLACK);",
              "err": {},
              "uuid": "a7ba0f90-7eea-40b1-9c69-0ba6021724c6",
              "parentUUID": "f207d90c-af95-4a34-84f7-c9ef82c002f9",
              "isHook": false,
              "skipped": false
            },
            {
              "title": "Verifica se nenhuma outra cor da paleta tem a `classe` `selected`",
              "fullTitle": "6 - Defina a cor preta como cor inicial. Ao carregar a página a cor preta já deve estar selecionada para pintar os pixels Verifica se nenhuma outra cor da paleta tem a `classe` `selected`",
              "timedOut": null,
              "duration": 72,
              "state": "passed",
              "speed": "medium",
              "pass": true,
              "fail": false,
              "pending": false,
              "context": null,
              "code": "cy.get('.color:not(:first-child)').each(function (color) {\n  cy.wrap(color).should('not.have.class', 'selected');\n});",
              "err": {},
              "uuid": "392792ce-13b2-40d0-86c4-25114237f5c8",
              "parentUUID": "f207d90c-af95-4a34-84f7-c9ef82c002f9",
              "isHook": false,
              "skipped": false
            }
          ],
          "suites": [],
          "passes": [
            "a7ba0f90-7eea-40b1-9c69-0ba6021724c6",
            "392792ce-13b2-40d0-86c4-25114237f5c8"
          ],
          "failures": [],
          "pending": [],
          "skipped": [],
          "duration": 207,
          "root": false,
          "rootEmpty": false,
          "_timeout": 2000
        },
        {
          "uuid": "4c805828-6489-498b-984a-b64d7baad683",
          "title": "7 - Clicar em uma das cores da paleta, faz com que ela seja selecionada e utilizada para preencher os pixels no quadro.",
          "fullFile": "",
          "file": "",
          "beforeHooks": [],
          "afterHooks": [],
          "tests": [
            {
              "title": "Verifica se somente uma cor da paleta de cores tem a classe `selected` de cada vez",
              "fullTitle": "7 - Clicar em uma das cores da paleta, faz com que ela seja selecionada e utilizada para preencher os pixels no quadro. Verifica se somente uma cor da paleta de cores tem a classe `selected` de cada vez",
              "timedOut": null,
              "duration": 522,
              "state": "passed",
              "speed": "slow",
              "pass": true,
              "fail": false,
              "pending": false,
              "context": null,
              "code": "cy.get('.color').each(function (selectedColor, selectedColorIndex) {\n  cy.wrap(selectedColor).click();\n  cy.get('.color').each(function (color, colorIndex) {\n    if (colorIndex === selectedColorIndex) {\n      expect(color).to.have[\"class\"]('selected');\n    } else {\n      expect(color).not.to.have[\"class\"]('selected');\n    }\n  });\n});",
              "err": {},
              "uuid": "707899c3-ef9f-4849-9441-9c20c87f5976",
              "parentUUID": "4c805828-6489-498b-984a-b64d7baad683",
              "isHook": false,
              "skipped": false
            },
            {
              "title": "Verifica se os pixels dentro do quadro não têm a classe `selected` quando são clicados",
              "fullTitle": "7 - Clicar em uma das cores da paleta, faz com que ela seja selecionada e utilizada para preencher os pixels no quadro. Verifica se os pixels dentro do quadro não têm a classe `selected` quando são clicados",
              "timedOut": null,
              "duration": 9262,
              "state": "passed",
              "speed": "slow",
              "pass": true,
              "fail": false,
              "pending": false,
              "context": null,
              "code": "cy.get('.color').each(function (color) {\n  var backgroundColor = color.css('background-color');\n  cy.wrap(color).click();\n  cy.get('.pixel').each(function (pixel) {\n    cy.wrap(pixel).click().should('not.have.class', 'selected');\n  });\n});",
              "err": {},
              "uuid": "63b7e733-703d-46f3-b888-15d39fda14fd",
              "parentUUID": "4c805828-6489-498b-984a-b64d7baad683",
              "isHook": false,
              "skipped": false
            }
          ],
          "suites": [],
          "passes": [
            "707899c3-ef9f-4849-9441-9c20c87f5976",
            "63b7e733-703d-46f3-b888-15d39fda14fd"
          ],
          "failures": [],
          "pending": [],
          "skipped": [],
          "duration": 9784,
          "root": false,
          "rootEmpty": false,
          "_timeout": 2000
        },
        {
          "uuid": "28ff179c-26b9-4830-b402-42ca5e71d3ae",
          "title": "8 - Clicar em um pixel dentro do quadro após selecionar uma cor na paleta, faz com que o pixel seja preenchido com a cor selecionada.",
          "fullFile": "",
          "file": "",
          "beforeHooks": [],
          "afterHooks": [],
          "tests": [
            {
              "title": "Verifica se ao carregar a página deve ser possível pintar os pixels de preto",
              "fullTitle": "8 - Clicar em um pixel dentro do quadro após selecionar uma cor na paleta, faz com que o pixel seja preenchido com a cor selecionada. Verifica se ao carregar a página deve ser possível pintar os pixels de preto",
              "timedOut": null,
              "duration": 4365,
              "state": "failed",
              "speed": null,
              "pass": false,
              "fail": true,
              "pending": false,
              "context": null,
              "code": "cy.get('.pixel').each(function (pixel) {\n  cy.wrap(pixel).click().should('have.css', 'background-color', BLACK);\n});",
              "err": {
                "message": "CypressError: Timed out retrying: expected '<div.pixel>' to have CSS property 'background-color' with the value 'rgb(0, 0, 0)', but the value was 'rgb(255, 255, 255)'",
                "estack": "CypressError: Timed out retrying: expected '<div.pixel>' to have CSS property 'background-color' with the value 'rgb(0, 0, 0)', but the value was 'rgb(255, 255, 255)'\n    at cypressErr (http://localhost:39097/__cypress/runner/cypress_runner.js:149934:9)\n    at throwErr (http://localhost:39097/__cypress/runner/cypress_runner.js:149867:11)\n    at Object.throwErrByPath (http://localhost:39097/__cypress/runner/cypress_runner.js:149915:3)\n    at retry (http://localhost:39097/__cypress/runner/cypress_runner.js:144197:19)\n    at onFailFn (http://localhost:39097/__cypress/runner/cypress_runner.js:132448:16)\n    at tryCatcher (http://localhost:39097/__cypress/runner/cypress_runner.js:167415:23)\n    at Promise._settlePromiseFromHandler (http://localhost:39097/__cypress/runner/cypress_runner.js:165351:31)\n    at Promise._settlePromise (http://localhost:39097/__cypress/runner/cypress_runner.js:165408:18)\n    at Promise._settlePromise0 (http://localhost:39097/__cypress/runner/cypress_runner.js:165453:10)\n    at Promise._settlePromises (http://localhost:39097/__cypress/runner/cypress_runner.js:165528:18)\n    at Async../node_modules/bluebird/js/release/async.js.Async._drainQueue (http://localhost:39097/__cypress/runner/cypress_runner.js:162140:16)\n    at Async../node_modules/bluebird/js/release/async.js.Async._drainQueues (http://localhost:39097/__cypress/runner/cypress_runner.js:162150:10)\n    at Async.drainQueues (http://localhost:39097/__cypress/runner/cypress_runner.js:162024:14)",
                "diff": null
              },
              "uuid": "15fae3a7-24e1-4fe4-8458-71b6ec849d3c",
              "parentUUID": "28ff179c-26b9-4830-b402-42ca5e71d3ae",
              "isHook": false,
              "skipped": false
            },
            {
              "title": "Verifica se após selecionar uma outra cor na paleta, é possível pintar os pixels com essa cor",
              "fullTitle": "8 - Clicar em um pixel dentro do quadro após selecionar uma cor na paleta, faz com que o pixel seja preenchido com a cor selecionada. Verifica se após selecionar uma outra cor na paleta, é possível pintar os pixels com essa cor",
              "timedOut": null,
              "duration": 4431,
              "state": "failed",
              "speed": null,
              "pass": false,
              "fail": true,
              "pending": false,
              "context": null,
              "code": "cy.get('.color').each(function (color) {\n  var backgroundColor = color.css('background-color');\n  cy.wrap(color).click();\n  cy.get('.pixel').each(function (pixel) {\n    cy.wrap(pixel).click().should('have.css', 'background-color', backgroundColor);\n  });\n});",
              "err": {
                "message": "CypressError: Timed out retrying: expected '<div.pixel>' to have CSS property 'background-color' with the value 'rgb(0, 0, 0)', but the value was 'rgb(255, 255, 255)'",
                "estack": "CypressError: Timed out retrying: expected '<div.pixel>' to have CSS property 'background-color' with the value 'rgb(0, 0, 0)', but the value was 'rgb(255, 255, 255)'\n    at cypressErr (http://localhost:39097/__cypress/runner/cypress_runner.js:149934:9)\n    at throwErr (http://localhost:39097/__cypress/runner/cypress_runner.js:149867:11)\n    at Object.throwErrByPath (http://localhost:39097/__cypress/runner/cypress_runner.js:149915:3)\n    at retry (http://localhost:39097/__cypress/runner/cypress_runner.js:144197:19)\n    at onFailFn (http://localhost:39097/__cypress/runner/cypress_runner.js:132448:16)\n    at tryCatcher (http://localhost:39097/__cypress/runner/cypress_runner.js:167415:23)\n    at Promise._settlePromiseFromHandler (http://localhost:39097/__cypress/runner/cypress_runner.js:165351:31)\n    at Promise._settlePromise (http://localhost:39097/__cypress/runner/cypress_runner.js:165408:18)\n    at Promise._settlePromise0 (http://localhost:39097/__cypress/runner/cypress_runner.js:165453:10)\n    at Promise._settlePromises (http://localhost:39097/__cypress/runner/cypress_runner.js:165528:18)\n    at Async../node_modules/bluebird/js/release/async.js.Async._drainQueue (http://localhost:39097/__cypress/runner/cypress_runner.js:162140:16)\n    at Async../node_modules/bluebird/js/release/async.js.Async._drainQueues (http://localhost:39097/__cypress/runner/cypress_runner.js:162150:10)\n    at Async.drainQueues (http://localhost:39097/__cypress/runner/cypress_runner.js:162024:14)",
                "diff": null
              },
              "uuid": "a78b9b25-1319-4578-9866-1bead9c01f85",
              "parentUUID": "28ff179c-26b9-4830-b402-42ca5e71d3ae",
              "isHook": false,
              "skipped": false
            },
            {
              "title": "Verifica se somente o pixel que foi clicado foi preenchido com a cor selecionada, sem influenciar na cor dos demais pixels.",
              "fullTitle": "8 - Clicar em um pixel dentro do quadro após selecionar uma cor na paleta, faz com que o pixel seja preenchido com a cor selecionada. Verifica se somente o pixel que foi clicado foi preenchido com a cor selecionada, sem influenciar na cor dos demais pixels.",
              "timedOut": null,
              "duration": 1245,
              "state": "passed",
              "speed": "slow",
              "pass": true,
              "fail": false,
              "pending": false,
              "context": null,
              "code": "var colorToPixelIndexMap = {\n  0: 6,\n  1: 8,\n  2: 16,\n  3: 18\n};\ncy.get('.color').each(function (color, index) {\n  cy.wrap(color).click();\n  var backgroundColor = color.css('background-color');\n  var clickedPixelIndex = colorToPixelIndexMap[index];\n  cy.get('.pixel').eq(clickedPixelIndex).click();\n  cy.get('.pixel').eq(clickedPixelIndex - 1).should('not.have.css', 'background-color', backgroundColor);\n  cy.get('.pixel').eq(clickedPixelIndex + 1).should('not.have.css', 'background-color', backgroundColor);\n  cy.get('.pixel').eq(clickedPixelIndex - 5).should('not.have.css', 'background-color', backgroundColor);\n  cy.get('.pixel').eq(clickedPixelIndex + 5).should('not.have.css', 'background-color', backgroundColor);\n  cy.get('.pixel').eq(clickedPixelIndex - 6).should('not.have.css', 'background-color', backgroundColor);\n  cy.get('.pixel').eq(clickedPixelIndex - 4).should('not.have.css', 'background-color', backgroundColor);\n  cy.get('.pixel').eq(clickedPixelIndex + 4).should('not.have.css', 'background-color', backgroundColor);\n  cy.get('.pixel').eq(clickedPixelIndex + 6).should('not.have.css', 'background-color', backgroundColor);\n});",
              "err": {},
              "uuid": "b4ffe99f-dbd7-4800-a212-14467ab6071c",
              "parentUUID": "28ff179c-26b9-4830-b402-42ca5e71d3ae",
              "isHook": false,
              "skipped": false
            }
          ],
          "suites": [],
          "passes": [
            "b4ffe99f-dbd7-4800-a212-14467ab6071c"
          ],
          "failures": [
            "15fae3a7-24e1-4fe4-8458-71b6ec849d3c",
            "a78b9b25-1319-4578-9866-1bead9c01f85"
          ],
          "pending": [],
          "skipped": [],
          "duration": 10041,
          "root": false,
          "rootEmpty": false,
          "_timeout": 2000
        },
        {
          "uuid": "f49b2069-3648-4b65-8ed4-f3ce88dc8f7b",
          "title": "9 - Crie um botão que, ao ser clicado, limpa o quadro preenchendo a cor de todos seus pixels com branco.",
          "fullFile": "",
          "file": "",
          "beforeHooks": [],
          "afterHooks": [],
          "tests": [
            {
              "title": "Verifica se o botão tem o `id` denominado `clear-board`",
              "fullTitle": "9 - Crie um botão que, ao ser clicado, limpa o quadro preenchendo a cor de todos seus pixels com branco. Verifica se o botão tem o `id` denominado `clear-board`",
              "timedOut": null,
              "duration": 157,
              "state": "passed",
              "speed": "slow",
              "pass": true,
              "fail": false,
              "pending": false,
              "context": null,
              "code": "cy.get('#clear-board').should('be.visible');",
              "err": {},
              "uuid": "1182a99b-53ce-4112-a8cb-88bdbe06e188",
              "parentUUID": "f49b2069-3648-4b65-8ed4-f3ce88dc8f7b",
              "isHook": false,
              "skipped": false
            },
            {
              "title": "Verifica se o botão está posicionado entre a paleta de cores e o quadro de pixels",
              "fullTitle": "9 - Crie um botão que, ao ser clicado, limpa o quadro preenchendo a cor de todos seus pixels com branco. Verifica se o botão está posicionado entre a paleta de cores e o quadro de pixels",
              "timedOut": null,
              "duration": 104,
              "state": "passed",
              "speed": "slow",
              "pass": true,
              "fail": false,
              "pending": false,
              "context": null,
              "code": "cy.get('#color-palette').then(function (palette) {\n  cy.get('#clear-board').should('be.belowOf', palette);\n});\ncy.get('#clear-board').then(function (clearBtn) {\n  cy.get('#pixel-board').should('be.belowOf', clearBtn);\n});",
              "err": {},
              "uuid": "db6a675f-0577-4bb9-95e2-cb8bfb42e0e4",
              "parentUUID": "f49b2069-3648-4b65-8ed4-f3ce88dc8f7b",
              "isHook": false,
              "skipped": false
            },
            {
              "title": "Verifica se o texto do botão é 'Limpar'",
              "fullTitle": "9 - Crie um botão que, ao ser clicado, limpa o quadro preenchendo a cor de todos seus pixels com branco. Verifica se o texto do botão é 'Limpar'",
              "timedOut": null,
              "duration": 79,
              "state": "passed",
              "speed": "slow",
              "pass": true,
              "fail": false,
              "pending": false,
              "context": null,
              "code": "cy.get('#clear-board').should('contain.text', 'Limpar');",
              "err": {},
              "uuid": "4ca5f09d-c9c0-4749-a027-f2374c1f971d",
              "parentUUID": "f49b2069-3648-4b65-8ed4-f3ce88dc8f7b",
              "isHook": false,
              "skipped": false
            },
            {
              "title": "Verifica se ao clicar no botão, o quadro de pixels é totalmente preenchido de branco",
              "fullTitle": "9 - Crie um botão que, ao ser clicado, limpa o quadro preenchendo a cor de todos seus pixels com branco. Verifica se ao clicar no botão, o quadro de pixels é totalmente preenchido de branco",
              "timedOut": null,
              "duration": 4436,
              "state": "failed",
              "speed": null,
              "pass": false,
              "fail": true,
              "pending": false,
              "context": null,
              "code": "cy.get('.color').eq(1).then(function (color) {\n  var backgroundColor = color.css('background-color');\n  cy.wrap(color).click();\n  cy.get('.pixel').each(function (pixel) {\n    cy.wrap(pixel).click().should('have.css', 'background-color', backgroundColor);\n  });\n});\ncy.get('#clear-board').click();\ncy.get('.pixel').each(function (pixel) {\n  cy.wrap(pixel).should('have.css', 'background-color', WHITE);\n});",
              "err": {
                "message": "CypressError: Timed out retrying: expected '<div.pixel>' to have CSS property 'background-color' with the value 'rgb(210, 105, 30)', but the value was 'rgb(255, 255, 255)'",
                "estack": "CypressError: Timed out retrying: expected '<div.pixel>' to have CSS property 'background-color' with the value 'rgb(210, 105, 30)', but the value was 'rgb(255, 255, 255)'\n    at cypressErr (http://localhost:39097/__cypress/runner/cypress_runner.js:149934:9)\n    at throwErr (http://localhost:39097/__cypress/runner/cypress_runner.js:149867:11)\n    at Object.throwErrByPath (http://localhost:39097/__cypress/runner/cypress_runner.js:149915:3)\n    at retry (http://localhost:39097/__cypress/runner/cypress_runner.js:144197:19)\n    at onFailFn (http://localhost:39097/__cypress/runner/cypress_runner.js:132448:16)\n    at tryCatcher (http://localhost:39097/__cypress/runner/cypress_runner.js:167415:23)\n    at Promise._settlePromiseFromHandler (http://localhost:39097/__cypress/runner/cypress_runner.js:165351:31)\n    at Promise._settlePromise (http://localhost:39097/__cypress/runner/cypress_runner.js:165408:18)\n    at Promise._settlePromise0 (http://localhost:39097/__cypress/runner/cypress_runner.js:165453:10)\n    at Promise._settlePromises (http://localhost:39097/__cypress/runner/cypress_runner.js:165528:18)\n    at Async../node_modules/bluebird/js/release/async.js.Async._drainQueue (http://localhost:39097/__cypress/runner/cypress_runner.js:162140:16)\n    at Async../node_modules/bluebird/js/release/async.js.Async._drainQueues (http://localhost:39097/__cypress/runner/cypress_runner.js:162150:10)\n    at Async.drainQueues (http://localhost:39097/__cypress/runner/cypress_runner.js:162024:14)",
                "diff": null
              },
              "uuid": "496006a4-4a48-4b9c-9a04-a73758933a94",
              "parentUUID": "f49b2069-3648-4b65-8ed4-f3ce88dc8f7b",
              "isHook": false,
              "skipped": false
            }
          ],
          "suites": [],
          "passes": [
            "1182a99b-53ce-4112-a8cb-88bdbe06e188",
            "db6a675f-0577-4bb9-95e2-cb8bfb42e0e4",
            "4ca5f09d-c9c0-4749-a027-f2374c1f971d"
          ],
          "failures": [
            "496006a4-4a48-4b9c-9a04-a73758933a94"
          ],
          "pending": [],
          "skipped": [],
          "duration": 4776,
          "root": false,
          "rootEmpty": false,
          "_timeout": 2000
        },
        {
          "uuid": "76a71b6d-5be7-4b49-a1cb-c606fbf42e5b",
          "title": "10 - Faça o quadro de pixels ter seu tamanho definido pelo usuário.",
          "fullFile": "",
          "file": "",
          "beforeHooks": [],
          "afterHooks": [],
          "tests": [
            {
              "title": "Verifica se existe um input com o id `board-size`",
              "fullTitle": "10 - Faça o quadro de pixels ter seu tamanho definido pelo usuário. Verifica se existe um input com o id `board-size`",
              "timedOut": null,
              "duration": 4353,
              "state": "failed",
              "speed": null,
              "pass": false,
              "fail": true,
              "pending": false,
              "context": null,
              "code": "cy.get('#board-size').should('be.visible');",
              "err": {
                "message": "CypressError: Timed out retrying: Expected to find element: '#board-size', but never found it.",
                "estack": "CypressError: Timed out retrying: Expected to find element: '#board-size', but never found it.\n    at cypressErr (http://localhost:39097/__cypress/runner/cypress_runner.js:149934:9)\n    at throwErr (http://localhost:39097/__cypress/runner/cypress_runner.js:149867:11)\n    at Object.throwErrByPath (http://localhost:39097/__cypress/runner/cypress_runner.js:149915:3)\n    at retry (http://localhost:39097/__cypress/runner/cypress_runner.js:144197:19)\n    at onFailFn (http://localhost:39097/__cypress/runner/cypress_runner.js:132448:16)\n    at tryCatcher (http://localhost:39097/__cypress/runner/cypress_runner.js:167415:23)\n    at Promise._settlePromiseFromHandler (http://localhost:39097/__cypress/runner/cypress_runner.js:165351:31)\n    at Promise._settlePromise (http://localhost:39097/__cypress/runner/cypress_runner.js:165408:18)\n    at Promise._settlePromise0 (http://localhost:39097/__cypress/runner/cypress_runner.js:165453:10)\n    at Promise._settlePromises (http://localhost:39097/__cypress/runner/cypress_runner.js:165528:18)\n    at Async../node_modules/bluebird/js/release/async.js.Async._drainQueue (http://localhost:39097/__cypress/runner/cypress_runner.js:162140:16)\n    at Async../node_modules/bluebird/js/release/async.js.Async._drainQueues (http://localhost:39097/__cypress/runner/cypress_runner.js:162150:10)\n    at Async.drainQueues (http://localhost:39097/__cypress/runner/cypress_runner.js:162024:14)",
                "diff": null
              },
              "uuid": "420c39e5-109c-4dc0-908a-b5ccb8141fb1",
              "parentUUID": "76a71b6d-5be7-4b49-a1cb-c606fbf42e5b",
              "isHook": false,
              "skipped": false
            },
            {
              "title": "Verifica se existe um botão com o id `generate-board`",
              "fullTitle": "10 - Faça o quadro de pixels ter seu tamanho definido pelo usuário. Verifica se existe um botão com o id `generate-board`",
              "timedOut": null,
              "duration": 4310,
              "state": "failed",
              "speed": null,
              "pass": false,
              "fail": true,
              "pending": false,
              "context": null,
              "code": "cy.get('#generate-board').should('be.visible');",
              "err": {
                "message": "CypressError: Timed out retrying: Expected to find element: '#generate-board', but never found it.",
                "estack": "CypressError: Timed out retrying: Expected to find element: '#generate-board', but never found it.\n    at cypressErr (http://localhost:39097/__cypress/runner/cypress_runner.js:149934:9)\n    at throwErr (http://localhost:39097/__cypress/runner/cypress_runner.js:149867:11)\n    at Object.throwErrByPath (http://localhost:39097/__cypress/runner/cypress_runner.js:149915:3)\n    at retry (http://localhost:39097/__cypress/runner/cypress_runner.js:144197:19)\n    at onFailFn (http://localhost:39097/__cypress/runner/cypress_runner.js:132448:16)\n    at tryCatcher (http://localhost:39097/__cypress/runner/cypress_runner.js:167415:23)\n    at Promise._settlePromiseFromHandler (http://localhost:39097/__cypress/runner/cypress_runner.js:165351:31)\n    at Promise._settlePromise (http://localhost:39097/__cypress/runner/cypress_runner.js:165408:18)\n    at Promise._settlePromise0 (http://localhost:39097/__cypress/runner/cypress_runner.js:165453:10)\n    at Promise._settlePromises (http://localhost:39097/__cypress/runner/cypress_runner.js:165528:18)\n    at Async../node_modules/bluebird/js/release/async.js.Async._drainQueue (http://localhost:39097/__cypress/runner/cypress_runner.js:162140:16)\n    at Async../node_modules/bluebird/js/release/async.js.Async._drainQueues (http://localhost:39097/__cypress/runner/cypress_runner.js:162150:10)\n    at Async.drainQueues (http://localhost:39097/__cypress/runner/cypress_runner.js:162024:14)",
                "diff": null
              },
              "uuid": "33976857-083f-4798-8368-744015356637",
              "parentUUID": "76a71b6d-5be7-4b49-a1cb-c606fbf42e5b",
              "isHook": false,
              "skipped": false
            },
            {
              "title": "Verifica se o input só aceita número maiores que zero. Essa restrição deve ser feita usando os atributos do elemento `input`",
              "fullTitle": "10 - Faça o quadro de pixels ter seu tamanho definido pelo usuário. Verifica se o input só aceita número maiores que zero. Essa restrição deve ser feita usando os atributos do elemento `input`",
              "timedOut": null,
              "duration": 4230,
              "state": "failed",
              "speed": null,
              "pass": false,
              "fail": true,
              "pending": false,
              "context": null,
              "code": "cy.get('#board-size[type=\\'number\\'][min=\\'1\\']');",
              "err": {
                "message": "CypressError: Timed out retrying: Expected to find element: '#board-size[type='number'][min='1']', but never found it.",
                "estack": "CypressError: Timed out retrying: Expected to find element: '#board-size[type='number'][min='1']', but never found it.\n    at cypressErr (http://localhost:39097/__cypress/runner/cypress_runner.js:149934:9)\n    at throwErr (http://localhost:39097/__cypress/runner/cypress_runner.js:149867:11)\n    at Object.throwErrByPath (http://localhost:39097/__cypress/runner/cypress_runner.js:149915:3)\n    at retry (http://localhost:39097/__cypress/runner/cypress_runner.js:144197:19)\n    at onFailFn (http://localhost:39097/__cypress/runner/cypress_runner.js:132448:16)\n    at tryCatcher (http://localhost:39097/__cypress/runner/cypress_runner.js:167415:23)\n    at Promise._settlePromiseFromHandler (http://localhost:39097/__cypress/runner/cypress_runner.js:165351:31)\n    at Promise._settlePromise (http://localhost:39097/__cypress/runner/cypress_runner.js:165408:18)\n    at Promise._settlePromise0 (http://localhost:39097/__cypress/runner/cypress_runner.js:165453:10)\n    at Promise._settlePromises (http://localhost:39097/__cypress/runner/cypress_runner.js:165528:18)\n    at Async../node_modules/bluebird/js/release/async.js.Async._drainQueue (http://localhost:39097/__cypress/runner/cypress_runner.js:162140:16)\n    at Async../node_modules/bluebird/js/release/async.js.Async._drainQueues (http://localhost:39097/__cypress/runner/cypress_runner.js:162150:10)\n    at Async.drainQueues (http://localhost:39097/__cypress/runner/cypress_runner.js:162024:14)",
                "diff": null
              },
              "uuid": "c3ab5b4f-b519-4ef9-a16f-bba07f104b95",
              "parentUUID": "76a71b6d-5be7-4b49-a1cb-c606fbf42e5b",
              "isHook": false,
              "skipped": false
            },
            {
              "title": "Verifica se o botão contém o texto 'VQV'",
              "fullTitle": "10 - Faça o quadro de pixels ter seu tamanho definido pelo usuário. Verifica se o botão contém o texto 'VQV'",
              "timedOut": null,
              "duration": 4422,
              "state": "failed",
              "speed": null,
              "pass": false,
              "fail": true,
              "pending": false,
              "context": null,
              "code": "cy.get('#generate-board').contains(/vqv/i);",
              "err": {
                "message": "CypressError: Timed out retrying: Expected to find element: '#generate-board', but never found it.",
                "estack": "CypressError: Timed out retrying: Expected to find element: '#generate-board', but never found it.\n    at cypressErr (http://localhost:39097/__cypress/runner/cypress_runner.js:149934:9)\n    at throwErr (http://localhost:39097/__cypress/runner/cypress_runner.js:149867:11)\n    at Object.throwErrByPath (http://localhost:39097/__cypress/runner/cypress_runner.js:149915:3)\n    at retry (http://localhost:39097/__cypress/runner/cypress_runner.js:144197:19)\n    at onFailFn (http://localhost:39097/__cypress/runner/cypress_runner.js:132448:16)\n    at tryCatcher (http://localhost:39097/__cypress/runner/cypress_runner.js:167415:23)\n    at Promise._settlePromiseFromHandler (http://localhost:39097/__cypress/runner/cypress_runner.js:165351:31)\n    at Promise._settlePromise (http://localhost:39097/__cypress/runner/cypress_runner.js:165408:18)\n    at Promise._settlePromise0 (http://localhost:39097/__cypress/runner/cypress_runner.js:165453:10)\n    at Promise._settlePromises (http://localhost:39097/__cypress/runner/cypress_runner.js:165528:18)\n    at Async../node_modules/bluebird/js/release/async.js.Async._drainQueue (http://localhost:39097/__cypress/runner/cypress_runner.js:162140:16)\n    at Async../node_modules/bluebird/js/release/async.js.Async._drainQueues (http://localhost:39097/__cypress/runner/cypress_runner.js:162150:10)\n    at Async.drainQueues (http://localhost:39097/__cypress/runner/cypress_runner.js:162024:14)",
                "diff": null
              },
              "uuid": "3a264970-0ff0-4c6e-be26-cea44cbb1410",
              "parentUUID": "76a71b6d-5be7-4b49-a1cb-c606fbf42e5b",
              "isHook": false,
              "skipped": false
            },
            {
              "title": "Verifica se o input está posicionado entre a paleta de cores e o quadro de pixels",
              "fullTitle": "10 - Faça o quadro de pixels ter seu tamanho definido pelo usuário. Verifica se o input está posicionado entre a paleta de cores e o quadro de pixels",
              "timedOut": null,
              "duration": 4401,
              "state": "failed",
              "speed": null,
              "pass": false,
              "fail": true,
              "pending": false,
              "context": null,
              "code": "cy.get('#color-palette').then(function (palette) {\n  cy.get('#board-size').should('be.belowOf', palette);\n});\ncy.get('#board-size').then(function (palette) {\n  cy.get('#pixel-board').should('be.belowOf', palette);\n});",
              "err": {
                "message": "CypressError: Timed out retrying: Expected to find element: '#board-size', but never found it.",
                "estack": "CypressError: Timed out retrying: Expected to find element: '#board-size', but never found it.\n    at cypressErr (http://localhost:39097/__cypress/runner/cypress_runner.js:149934:9)\n    at throwErr (http://localhost:39097/__cypress/runner/cypress_runner.js:149867:11)\n    at Object.throwErrByPath (http://localhost:39097/__cypress/runner/cypress_runner.js:149915:3)\n    at retry (http://localhost:39097/__cypress/runner/cypress_runner.js:144197:19)\n    at onFailFn (http://localhost:39097/__cypress/runner/cypress_runner.js:132448:16)\n    at tryCatcher (http://localhost:39097/__cypress/runner/cypress_runner.js:167415:23)\n    at Promise._settlePromiseFromHandler (http://localhost:39097/__cypress/runner/cypress_runner.js:165351:31)\n    at Promise._settlePromise (http://localhost:39097/__cypress/runner/cypress_runner.js:165408:18)\n    at Promise._settlePromise0 (http://localhost:39097/__cypress/runner/cypress_runner.js:165453:10)\n    at Promise._settlePromises (http://localhost:39097/__cypress/runner/cypress_runner.js:165528:18)\n    at Async../node_modules/bluebird/js/release/async.js.Async._drainQueue (http://localhost:39097/__cypress/runner/cypress_runner.js:162140:16)\n    at Async../node_modules/bluebird/js/release/async.js.Async._drainQueues (http://localhost:39097/__cypress/runner/cypress_runner.js:162150:10)\n    at Async.drainQueues (http://localhost:39097/__cypress/runner/cypress_runner.js:162024:14)",
                "diff": null
              },
              "uuid": "521e6f33-1118-4fe1-8403-2104aef3f820",
              "parentUUID": "76a71b6d-5be7-4b49-a1cb-c606fbf42e5b",
              "isHook": false,
              "skipped": false
            },
            {
              "title": "Verifica se o botão está posicionado ao lado do input",
              "fullTitle": "10 - Faça o quadro de pixels ter seu tamanho definido pelo usuário. Verifica se o botão está posicionado ao lado do input",
              "timedOut": null,
              "duration": 4269,
              "state": "failed",
              "speed": null,
              "pass": false,
              "fail": true,
              "pending": false,
              "context": null,
              "code": "cy.get('#board-size').then(function (board) {\n  cy.get('#generate-board').should('be.onTheRightOf', board);\n});",
              "err": {
                "message": "CypressError: Timed out retrying: Expected to find element: '#board-size', but never found it.",
                "estack": "CypressError: Timed out retrying: Expected to find element: '#board-size', but never found it.\n    at cypressErr (http://localhost:39097/__cypress/runner/cypress_runner.js:149934:9)\n    at throwErr (http://localhost:39097/__cypress/runner/cypress_runner.js:149867:11)\n    at Object.throwErrByPath (http://localhost:39097/__cypress/runner/cypress_runner.js:149915:3)\n    at retry (http://localhost:39097/__cypress/runner/cypress_runner.js:144197:19)\n    at onFailFn (http://localhost:39097/__cypress/runner/cypress_runner.js:132448:16)\n    at tryCatcher (http://localhost:39097/__cypress/runner/cypress_runner.js:167415:23)\n    at Promise._settlePromiseFromHandler (http://localhost:39097/__cypress/runner/cypress_runner.js:165351:31)\n    at Promise._settlePromise (http://localhost:39097/__cypress/runner/cypress_runner.js:165408:18)\n    at Promise._settlePromise0 (http://localhost:39097/__cypress/runner/cypress_runner.js:165453:10)\n    at Promise._settlePromises (http://localhost:39097/__cypress/runner/cypress_runner.js:165528:18)\n    at Async../node_modules/bluebird/js/release/async.js.Async._drainQueue (http://localhost:39097/__cypress/runner/cypress_runner.js:162140:16)\n    at Async../node_modules/bluebird/js/release/async.js.Async._drainQueues (http://localhost:39097/__cypress/runner/cypress_runner.js:162150:10)\n    at Async.drainQueues (http://localhost:39097/__cypress/runner/cypress_runner.js:162024:14)",
                "diff": null
              },
              "uuid": "e5b3fc9a-c240-4228-81ff-a0907270ecb8",
              "parentUUID": "76a71b6d-5be7-4b49-a1cb-c606fbf42e5b",
              "isHook": false,
              "skipped": false
            },
            {
              "title": "Verifica se nenhum valor for colocado no input ao clicar no botão, um `alert` é exibido com o texto: 'Board inválido!'",
              "fullTitle": "10 - Faça o quadro de pixels ter seu tamanho definido pelo usuário. Verifica se nenhum valor for colocado no input ao clicar no botão, um `alert` é exibido com o texto: 'Board inválido!'",
              "timedOut": null,
              "duration": 4315,
              "state": "failed",
              "speed": null,
              "pass": false,
              "fail": true,
              "pending": false,
              "context": null,
              "code": "var alerted = false;\ncy.on('window:alert', function (msg) {\n  return alerted = msg;\n});\ncy.get('#generate-board').click().then(function () {\n  return expect(alerted).to.match(/Board inválido!/i);\n});",
              "err": {
                "message": "CypressError: Timed out retrying: Expected to find element: '#generate-board', but never found it.",
                "estack": "CypressError: Timed out retrying: Expected to find element: '#generate-board', but never found it.\n    at cypressErr (http://localhost:39097/__cypress/runner/cypress_runner.js:149934:9)\n    at throwErr (http://localhost:39097/__cypress/runner/cypress_runner.js:149867:11)\n    at Object.throwErrByPath (http://localhost:39097/__cypress/runner/cypress_runner.js:149915:3)\n    at retry (http://localhost:39097/__cypress/runner/cypress_runner.js:144197:19)\n    at onFailFn (http://localhost:39097/__cypress/runner/cypress_runner.js:132448:16)\n    at tryCatcher (http://localhost:39097/__cypress/runner/cypress_runner.js:167415:23)\n    at Promise._settlePromiseFromHandler (http://localhost:39097/__cypress/runner/cypress_runner.js:165351:31)\n    at Promise._settlePromise (http://localhost:39097/__cypress/runner/cypress_runner.js:165408:18)\n    at Promise._settlePromise0 (http://localhost:39097/__cypress/runner/cypress_runner.js:165453:10)\n    at Promise._settlePromises (http://localhost:39097/__cypress/runner/cypress_runner.js:165528:18)\n    at Async../node_modules/bluebird/js/release/async.js.Async._drainQueue (http://localhost:39097/__cypress/runner/cypress_runner.js:162140:16)\n    at Async../node_modules/bluebird/js/release/async.js.Async._drainQueues (http://localhost:39097/__cypress/runner/cypress_runner.js:162150:10)\n    at Async.drainQueues (http://localhost:39097/__cypress/runner/cypress_runner.js:162024:14)",
                "diff": null
              },
              "uuid": "b67aa5cd-5be2-4053-abf9-00d8908796e3",
              "parentUUID": "76a71b6d-5be7-4b49-a1cb-c606fbf42e5b",
              "isHook": false,
              "skipped": false
            },
            {
              "title": "Verifica se ao clicar no botão com um valor preenchido, o tamanho do board muda.",
              "fullTitle": "10 - Faça o quadro de pixels ter seu tamanho definido pelo usuário. Verifica se ao clicar no botão com um valor preenchido, o tamanho do board muda.",
              "timedOut": null,
              "duration": 4290,
              "state": "failed",
              "speed": null,
              "pass": false,
              "fail": true,
              "pending": false,
              "context": null,
              "code": "cy.get('#board-size').clear().type(10);\ncy.get('#generate-board').click();\ncy.get('.pixel').should('have.length', 100);",
              "err": {
                "message": "CypressError: Timed out retrying: Expected to find element: '#board-size', but never found it.",
                "estack": "CypressError: Timed out retrying: Expected to find element: '#board-size', but never found it.\n    at cypressErr (http://localhost:39097/__cypress/runner/cypress_runner.js:149934:9)\n    at throwErr (http://localhost:39097/__cypress/runner/cypress_runner.js:149867:11)\n    at Object.throwErrByPath (http://localhost:39097/__cypress/runner/cypress_runner.js:149915:3)\n    at retry (http://localhost:39097/__cypress/runner/cypress_runner.js:144197:19)\n    at onFailFn (http://localhost:39097/__cypress/runner/cypress_runner.js:132448:16)\n    at tryCatcher (http://localhost:39097/__cypress/runner/cypress_runner.js:167415:23)\n    at Promise._settlePromiseFromHandler (http://localhost:39097/__cypress/runner/cypress_runner.js:165351:31)\n    at Promise._settlePromise (http://localhost:39097/__cypress/runner/cypress_runner.js:165408:18)\n    at Promise._settlePromise0 (http://localhost:39097/__cypress/runner/cypress_runner.js:165453:10)\n    at Promise._settlePromises (http://localhost:39097/__cypress/runner/cypress_runner.js:165528:18)\n    at Async../node_modules/bluebird/js/release/async.js.Async._drainQueue (http://localhost:39097/__cypress/runner/cypress_runner.js:162140:16)\n    at Async../node_modules/bluebird/js/release/async.js.Async._drainQueues (http://localhost:39097/__cypress/runner/cypress_runner.js:162150:10)\n    at Async.drainQueues (http://localhost:39097/__cypress/runner/cypress_runner.js:162024:14)",
                "diff": null
              },
              "uuid": "deaa923f-02dc-47af-9fcc-cdc294097fa7",
              "parentUUID": "76a71b6d-5be7-4b49-a1cb-c606fbf42e5b",
              "isHook": false,
              "skipped": false
            },
            {
              "title": "Verifica se o novo quadro tem todos os pixels preenchidos com a cor branca",
              "fullTitle": "10 - Faça o quadro de pixels ter seu tamanho definido pelo usuário. Verifica se o novo quadro tem todos os pixels preenchidos com a cor branca",
              "timedOut": null,
              "duration": 4232,
              "state": "failed",
              "speed": null,
              "pass": false,
              "fail": true,
              "pending": false,
              "context": null,
              "code": "cy.get('#board-size').clear().type(6);\ncy.get('#generate-board').click();\ncy.get('.pixel').should('have.length', 36).each(function (pixel) {\n  expect(pixel).to.have.css('background-color', WHITE);\n});",
              "err": {
                "message": "CypressError: Timed out retrying: Expected to find element: '#board-size', but never found it.",
                "estack": "CypressError: Timed out retrying: Expected to find element: '#board-size', but never found it.\n    at cypressErr (http://localhost:39097/__cypress/runner/cypress_runner.js:149934:9)\n    at throwErr (http://localhost:39097/__cypress/runner/cypress_runner.js:149867:11)\n    at Object.throwErrByPath (http://localhost:39097/__cypress/runner/cypress_runner.js:149915:3)\n    at retry (http://localhost:39097/__cypress/runner/cypress_runner.js:144197:19)\n    at onFailFn (http://localhost:39097/__cypress/runner/cypress_runner.js:132448:16)\n    at tryCatcher (http://localhost:39097/__cypress/runner/cypress_runner.js:167415:23)\n    at Promise._settlePromiseFromHandler (http://localhost:39097/__cypress/runner/cypress_runner.js:165351:31)\n    at Promise._settlePromise (http://localhost:39097/__cypress/runner/cypress_runner.js:165408:18)\n    at Promise._settlePromise0 (http://localhost:39097/__cypress/runner/cypress_runner.js:165453:10)\n    at Promise._settlePromises (http://localhost:39097/__cypress/runner/cypress_runner.js:165528:18)\n    at Async../node_modules/bluebird/js/release/async.js.Async._drainQueue (http://localhost:39097/__cypress/runner/cypress_runner.js:162140:16)\n    at Async../node_modules/bluebird/js/release/async.js.Async._drainQueues (http://localhost:39097/__cypress/runner/cypress_runner.js:162150:10)\n    at Async.drainQueues (http://localhost:39097/__cypress/runner/cypress_runner.js:162024:14)",
                "diff": null
              },
              "uuid": "56eae728-0a40-442c-9afc-e3b895c9a065",
              "parentUUID": "76a71b6d-5be7-4b49-a1cb-c606fbf42e5b",
              "isHook": false,
              "skipped": false
            }
          ],
          "suites": [],
          "passes": [],
          "failures": [
            "420c39e5-109c-4dc0-908a-b5ccb8141fb1",
            "33976857-083f-4798-8368-744015356637",
            "c3ab5b4f-b519-4ef9-a16f-bba07f104b95",
            "3a264970-0ff0-4c6e-be26-cea44cbb1410",
            "521e6f33-1118-4fe1-8403-2104aef3f820",
            "e5b3fc9a-c240-4228-81ff-a0907270ecb8",
            "b67aa5cd-5be2-4053-abf9-00d8908796e3",
            "deaa923f-02dc-47af-9fcc-cdc294097fa7",
            "56eae728-0a40-442c-9afc-e3b895c9a065"
          ],
          "pending": [],
          "skipped": [],
          "duration": 38822,
          "root": false,
          "rootEmpty": false,
          "_timeout": 2000
        },
        {
          "uuid": "cbef2725-1bdb-4864-b51d-2c1e04c53f24",
          "title": "11 - Limite o tamanho mínimo e máximo do board.",
          "fullFile": "",
          "file": "",
          "beforeHooks": [],
          "afterHooks": [],
          "tests": [
            {
              "title": "Verifica se a altura máxima do board é 50",
              "fullTitle": "11 - Limite o tamanho mínimo e máximo do board. Verifica se a altura máxima do board é 50",
              "timedOut": null,
              "duration": 4299,
              "state": "failed",
              "speed": null,
              "pass": false,
              "fail": true,
              "pending": false,
              "context": null,
              "code": "cy.get('#board-size').clear().type(50);\ncy.get('#generate-board').click();\ncy.get('.pixel').should('have.length', 2500);",
              "err": {
                "message": "CypressError: Timed out retrying: Expected to find element: '#board-size', but never found it.",
                "estack": "CypressError: Timed out retrying: Expected to find element: '#board-size', but never found it.\n    at cypressErr (http://localhost:39097/__cypress/runner/cypress_runner.js:149934:9)\n    at throwErr (http://localhost:39097/__cypress/runner/cypress_runner.js:149867:11)\n    at Object.throwErrByPath (http://localhost:39097/__cypress/runner/cypress_runner.js:149915:3)\n    at retry (http://localhost:39097/__cypress/runner/cypress_runner.js:144197:19)\n    at onFailFn (http://localhost:39097/__cypress/runner/cypress_runner.js:132448:16)\n    at tryCatcher (http://localhost:39097/__cypress/runner/cypress_runner.js:167415:23)\n    at Promise._settlePromiseFromHandler (http://localhost:39097/__cypress/runner/cypress_runner.js:165351:31)\n    at Promise._settlePromise (http://localhost:39097/__cypress/runner/cypress_runner.js:165408:18)\n    at Promise._settlePromise0 (http://localhost:39097/__cypress/runner/cypress_runner.js:165453:10)\n    at Promise._settlePromises (http://localhost:39097/__cypress/runner/cypress_runner.js:165528:18)\n    at Async../node_modules/bluebird/js/release/async.js.Async._drainQueue (http://localhost:39097/__cypress/runner/cypress_runner.js:162140:16)\n    at Async../node_modules/bluebird/js/release/async.js.Async._drainQueues (http://localhost:39097/__cypress/runner/cypress_runner.js:162150:10)\n    at Async.drainQueues (http://localhost:39097/__cypress/runner/cypress_runner.js:162024:14)",
                "diff": null
              },
              "uuid": "ad032481-1d27-4abd-999c-2f64441406fb",
              "parentUUID": "cbef2725-1bdb-4864-b51d-2c1e04c53f24",
              "isHook": false,
              "skipped": false
            },
            {
              "title": "Verifica se a altura do board é 5 quando um valor menor é colocado no input",
              "fullTitle": "11 - Limite o tamanho mínimo e máximo do board. Verifica se a altura do board é 5 quando um valor menor é colocado no input",
              "timedOut": null,
              "duration": 4289,
              "state": "failed",
              "speed": null,
              "pass": false,
              "fail": true,
              "pending": false,
              "context": null,
              "code": "cy.get('#board-size').clear().type(4);\ncy.get('#generate-board').click();\ncy.get('.pixel').should('have.length', 25);",
              "err": {
                "message": "CypressError: Timed out retrying: Expected to find element: '#board-size', but never found it.",
                "estack": "CypressError: Timed out retrying: Expected to find element: '#board-size', but never found it.\n    at cypressErr (http://localhost:39097/__cypress/runner/cypress_runner.js:149934:9)\n    at throwErr (http://localhost:39097/__cypress/runner/cypress_runner.js:149867:11)\n    at Object.throwErrByPath (http://localhost:39097/__cypress/runner/cypress_runner.js:149915:3)\n    at retry (http://localhost:39097/__cypress/runner/cypress_runner.js:144197:19)\n    at onFailFn (http://localhost:39097/__cypress/runner/cypress_runner.js:132448:16)\n    at tryCatcher (http://localhost:39097/__cypress/runner/cypress_runner.js:167415:23)\n    at Promise._settlePromiseFromHandler (http://localhost:39097/__cypress/runner/cypress_runner.js:165351:31)\n    at Promise._settlePromise (http://localhost:39097/__cypress/runner/cypress_runner.js:165408:18)\n    at Promise._settlePromise0 (http://localhost:39097/__cypress/runner/cypress_runner.js:165453:10)\n    at Promise._settlePromises (http://localhost:39097/__cypress/runner/cypress_runner.js:165528:18)\n    at Async../node_modules/bluebird/js/release/async.js.Async._drainQueue (http://localhost:39097/__cypress/runner/cypress_runner.js:162140:16)\n    at Async../node_modules/bluebird/js/release/async.js.Async._drainQueues (http://localhost:39097/__cypress/runner/cypress_runner.js:162150:10)\n    at Async.drainQueues (http://localhost:39097/__cypress/runner/cypress_runner.js:162024:14)",
                "diff": null
              },
              "uuid": "b7952fbe-fd62-400d-8fd2-64f33c5bf085",
              "parentUUID": "cbef2725-1bdb-4864-b51d-2c1e04c53f24",
              "isHook": false,
              "skipped": false
            },
            {
              "title": "Verifica se a altura do board é 50 quando um valor maior é colocado no input",
              "fullTitle": "11 - Limite o tamanho mínimo e máximo do board. Verifica se a altura do board é 50 quando um valor maior é colocado no input",
              "timedOut": null,
              "duration": 4298,
              "state": "failed",
              "speed": null,
              "pass": false,
              "fail": true,
              "pending": false,
              "context": null,
              "code": "cy.get('#board-size').clear().type(51);\ncy.get('#generate-board').click();\ncy.get('.pixel').should('have.length', 2500);",
              "err": {
                "message": "CypressError: Timed out retrying: Expected to find element: '#board-size', but never found it.",
                "estack": "CypressError: Timed out retrying: Expected to find element: '#board-size', but never found it.\n    at cypressErr (http://localhost:39097/__cypress/runner/cypress_runner.js:149934:9)\n    at throwErr (http://localhost:39097/__cypress/runner/cypress_runner.js:149867:11)\n    at Object.throwErrByPath (http://localhost:39097/__cypress/runner/cypress_runner.js:149915:3)\n    at retry (http://localhost:39097/__cypress/runner/cypress_runner.js:144197:19)\n    at onFailFn (http://localhost:39097/__cypress/runner/cypress_runner.js:132448:16)\n    at tryCatcher (http://localhost:39097/__cypress/runner/cypress_runner.js:167415:23)\n    at Promise._settlePromiseFromHandler (http://localhost:39097/__cypress/runner/cypress_runner.js:165351:31)\n    at Promise._settlePromise (http://localhost:39097/__cypress/runner/cypress_runner.js:165408:18)\n    at Promise._settlePromise0 (http://localhost:39097/__cypress/runner/cypress_runner.js:165453:10)\n    at Promise._settlePromises (http://localhost:39097/__cypress/runner/cypress_runner.js:165528:18)\n    at Async../node_modules/bluebird/js/release/async.js.Async._drainQueue (http://localhost:39097/__cypress/runner/cypress_runner.js:162140:16)\n    at Async../node_modules/bluebird/js/release/async.js.Async._drainQueues (http://localhost:39097/__cypress/runner/cypress_runner.js:162150:10)\n    at Async.drainQueues (http://localhost:39097/__cypress/runner/cypress_runner.js:162024:14)",
                "diff": null
              },
              "uuid": "92c58ba1-c174-4de1-b7a0-d4c65b58746c",
              "parentUUID": "cbef2725-1bdb-4864-b51d-2c1e04c53f24",
              "isHook": false,
              "skipped": false
            }
          ],
          "suites": [],
          "passes": [],
          "failures": [
            "ad032481-1d27-4abd-999c-2f64441406fb",
            "b7952fbe-fd62-400d-8fd2-64f33c5bf085",
            "92c58ba1-c174-4de1-b7a0-d4c65b58746c"
          ],
          "pending": [],
          "skipped": [],
          "duration": 12886,
          "root": false,
          "rootEmpty": false,
          "_timeout": 2000
        },
        {
          "uuid": "ac638030-1f60-412a-8f84-0fd82afff6fb",
          "title": "12 - Faça com que as cores da paleta sejam geradas aleatoriamente ao carregar a página.",
          "fullFile": "",
          "file": "",
          "beforeHooks": [],
          "afterHooks": [],
          "tests": [
            {
              "title": "Verifica se as cores geradas na paleta são diferentes a cada carregamento da página",
              "fullTitle": "12 - Faça com que as cores da paleta sejam geradas aleatoriamente ao carregar a página. Verifica se as cores geradas na paleta são diferentes a cada carregamento da página",
              "timedOut": null,
              "duration": 422,
              "state": "failed",
              "speed": null,
              "pass": false,
              "fail": true,
              "pending": false,
              "context": null,
              "code": "cy.get('.color').then(function (colors) {\n  var currentColors;\n  var previousColors;\n  previousColors = Array.from(colors).map(function (color) {\n    return Cypress.$(color).css('background-color');\n  });\n  for (var i = 0; i < 5; i += 1) {\n    cy.reload();\n    cy.get('.color').then(function (colors) {\n      currentColors = Array.from(colors).map(function (color) {\n        return Cypress.$(color).css('background-color');\n      });\n      expect(currentColors).not.to.deep.equal(previousColors);\n      previousColors = currentColors;\n    });\n  }\n});",
              "err": {
                "message": "AssertionError: expected [ Array(4) ] to not deeply equal [ Array(4) ]",
                "estack": "AssertionError: expected [ Array(4) ] to not deeply equal [ Array(4) ]\n    at getRet (http://localhost:39097/__cypress/runner/cypress_runner.js:136585:16)\n    at tryCatcher (http://localhost:39097/__cypress/runner/cypress_runner.js:167415:23)\n    at Function.Promise.attempt.Promise.try (http://localhost:39097/__cypress/runner/cypress_runner.js:164690:29)\n    at Context.thenFn (http://localhost:39097/__cypress/runner/cypress_runner.js:136599:23)\n    at Context.then (http://localhost:39097/__cypress/runner/cypress_runner.js:136971:21)\n    at Context.<anonymous> (http://localhost:39097/__cypress/runner/cypress_runner.js:148875:21)\n    at http://localhost:39097/__cypress/runner/cypress_runner.js:148351:33\n    at tryCatcher (http://localhost:39097/__cypress/runner/cypress_runner.js:167415:23)\n    at Promise._settlePromiseFromHandler (http://localhost:39097/__cypress/runner/cypress_runner.js:165351:31)\n    at Promise._settlePromise (http://localhost:39097/__cypress/runner/cypress_runner.js:165408:18)\n    at Promise._settlePromiseCtx (http://localhost:39097/__cypress/runner/cypress_runner.js:165445:10)\n    at Async../node_modules/bluebird/js/release/async.js.Async._drainQueue (http://localhost:39097/__cypress/runner/cypress_runner.js:162145:12)\n    at Async../node_modules/bluebird/js/release/async.js.Async._drainQueues (http://localhost:39097/__cypress/runner/cypress_runner.js:162150:10)\n    at Async.drainQueues (http://localhost:39097/__cypress/runner/cypress_runner.js:162024:14)",
                "diff": ""
              },
              "uuid": "87793878-525a-4e63-97c1-65632ed01a1c",
              "parentUUID": "ac638030-1f60-412a-8f84-0fd82afff6fb",
              "isHook": false,
              "skipped": false
            },
            {
              "title": "Verifica se a cor preta ainda está presente e é a primeira na sua paleta de cores",
              "fullTitle": "12 - Faça com que as cores da paleta sejam geradas aleatoriamente ao carregar a página. Verifica se a cor preta ainda está presente e é a primeira na sua paleta de cores",
              "timedOut": null,
              "duration": 349,
              "state": "failed",
              "speed": null,
              "pass": false,
              "fail": true,
              "pending": false,
              "context": null,
              "code": "cy.get('.color').then(function (colors) {\n  var currentColors;\n  var previousColors;\n  previousColors = Array.from(colors).map(function (color) {\n    return Cypress.$(color).css('background-color');\n  });\n  expect(previousColors[0]).to.eq(BLACK);\n  for (var i = 0; i < 5; i += 1) {\n    cy.reload();\n    cy.get('.color').then(function (colors) {\n      currentColors = Array.from(colors).map(function (color) {\n        return Cypress.$(color).css('background-color');\n      });\n      expect(currentColors[0]).to.eq(BLACK);\n      expect(currentColors).not.to.deep.equal(previousColors);\n      previousColors = currentColors;\n    });\n  }\n});",
              "err": {
                "message": "AssertionError: expected [ Array(4) ] to not deeply equal [ Array(4) ]",
                "estack": "AssertionError: expected [ Array(4) ] to not deeply equal [ Array(4) ]\n    at getRet (http://localhost:39097/__cypress/runner/cypress_runner.js:136585:16)\n    at tryCatcher (http://localhost:39097/__cypress/runner/cypress_runner.js:167415:23)\n    at Function.Promise.attempt.Promise.try (http://localhost:39097/__cypress/runner/cypress_runner.js:164690:29)\n    at Context.thenFn (http://localhost:39097/__cypress/runner/cypress_runner.js:136599:23)\n    at Context.then (http://localhost:39097/__cypress/runner/cypress_runner.js:136971:21)\n    at Context.<anonymous> (http://localhost:39097/__cypress/runner/cypress_runner.js:148875:21)\n    at http://localhost:39097/__cypress/runner/cypress_runner.js:148351:33\n    at tryCatcher (http://localhost:39097/__cypress/runner/cypress_runner.js:167415:23)\n    at Promise._settlePromiseFromHandler (http://localhost:39097/__cypress/runner/cypress_runner.js:165351:31)\n    at Promise._settlePromise (http://localhost:39097/__cypress/runner/cypress_runner.js:165408:18)\n    at Promise._settlePromiseCtx (http://localhost:39097/__cypress/runner/cypress_runner.js:165445:10)\n    at Async../node_modules/bluebird/js/release/async.js.Async._drainQueue (http://localhost:39097/__cypress/runner/cypress_runner.js:162145:12)\n    at Async../node_modules/bluebird/js/release/async.js.Async._drainQueues (http://localhost:39097/__cypress/runner/cypress_runner.js:162150:10)\n    at Async.drainQueues (http://localhost:39097/__cypress/runner/cypress_runner.js:162024:14)",
                "diff": ""
              },
              "uuid": "d4df543d-3bfb-4a13-b9eb-6823f5c05840",
              "parentUUID": "ac638030-1f60-412a-8f84-0fd82afff6fb",
              "isHook": false,
              "skipped": false
            }
          ],
          "suites": [],
          "passes": [],
          "failures": [
            "87793878-525a-4e63-97c1-65632ed01a1c",
            "d4df543d-3bfb-4a13-b9eb-6823f5c05840"
          ],
          "pending": [],
          "skipped": [],
          "duration": 771,
          "root": false,
          "rootEmpty": false,
          "_timeout": 2000
        }
      ],
      "passes": [],
      "failures": [],
      "pending": [],
      "skipped": [],
      "duration": 0,
      "root": true,
      "rootEmpty": true,
      "_timeout": 2000
    }
  ],
  "meta": {
    "mocha": {
      "version": "7.0.1"
    },
    "mochawesome": {
      "options": {
        "quiet": false,
        "reportFilename": "mochawesome",
        "saveHtml": false,
        "saveJson": true,
        "consoleReporter": "spec",
        "useInlineDiffs": false
      },
      "version": "4.1.0"
    },
    "marge": {
      "options": {
        "id": "default",
        "reportDir": "cypress/reports",
        "overwrite": true,
        "html": false,
        "json": true
      },
      "version": "4.1.0"
    }
  }
}