{
  "stats": {
    "suites": 12,
    "tests": 41,
    "passes": 1,
    "pending": 0,
    "failures": 40,
    "start": "2021-08-13T18:08:59.855Z",
    "end": "2021-08-13T18:12:56.991Z",
    "duration": 237136,
    "testsRegistered": 41,
    "passPercent": 2.4390243902439024,
    "pendingPercent": 0,
    "other": 0,
    "hasOther": false,
    "skipped": 0,
    "hasSkipped": false
  },
  "results": [
    {
      "uuid": "ebfd80c7-8acd-4bbe-a841-7dd528748b9d",
      "title": "",
      "fullFile": "cypress/integration/project.spec.js",
      "file": "cypress/integration/project.spec.js",
      "beforeHooks": [],
      "afterHooks": [],
      "tests": [],
      "suites": [
        {
          "uuid": "5a86f36f-e559-4b6e-ac6f-d688390ca95c",
          "title": "1 - Adicione à página o título \"Paleta de Cores\".",
          "fullFile": "",
          "file": "",
          "beforeHooks": [],
          "afterHooks": [],
          "tests": [
            {
              "title": "Verifica se contém um elemento `h1` com o id `title` com o título correto",
              "fullTitle": "1 - Adicione à página o título \"Paleta de Cores\". Verifica se contém um elemento `h1` com o id `title` com o título correto",
              "timedOut": null,
              "duration": 845,
              "state": "passed",
              "speed": "slow",
              "pass": true,
              "fail": false,
              "pending": false,
              "context": null,
              "code": "cy.get('h1#title').should('contain.text', 'Paleta de Cores');",
              "err": {},
              "uuid": "92cbedd1-9b9e-473c-a227-73dc90182e3a",
              "parentUUID": "5a86f36f-e559-4b6e-ac6f-d688390ca95c",
              "isHook": false,
              "skipped": false
            }
          ],
          "suites": [],
          "passes": [
            "92cbedd1-9b9e-473c-a227-73dc90182e3a"
          ],
          "failures": [],
          "pending": [],
          "skipped": [],
          "duration": 845,
          "root": false,
          "rootEmpty": false,
          "_timeout": 2000
        },
        {
          "uuid": "775bf4a1-b7ab-49dd-964c-a06c271a60cd",
          "title": "2 - Adicione à página uma paleta de quatro cores distintas.",
          "fullFile": "",
          "file": "",
          "beforeHooks": [],
          "afterHooks": [],
          "tests": [
            {
              "title": "A paleta de cores deve ser um elemento com `id` denominado `color-palette`",
              "fullTitle": "2 - Adicione à página uma paleta de quatro cores distintas. A paleta de cores deve ser um elemento com `id` denominado `color-palette`",
              "timedOut": null,
              "duration": 5469,
              "state": "failed",
              "speed": null,
              "pass": false,
              "fail": true,
              "pending": false,
              "context": null,
              "code": "cy.get('#color-palette').should('be.visible');",
              "err": {
                "message": "CypressError: Timed out retrying: Expected to find element: '#color-palette', but never found it.",
                "estack": "CypressError: Timed out retrying: Expected to find element: '#color-palette', but never found it.\n    at cypressErr (http://localhost:37919/__cypress/runner/cypress_runner.js:149934:9)\n    at throwErr (http://localhost:37919/__cypress/runner/cypress_runner.js:149867:11)\n    at Object.throwErrByPath (http://localhost:37919/__cypress/runner/cypress_runner.js:149915:3)\n    at retry (http://localhost:37919/__cypress/runner/cypress_runner.js:144197:19)\n    at onFailFn (http://localhost:37919/__cypress/runner/cypress_runner.js:132448:16)\n    at tryCatcher (http://localhost:37919/__cypress/runner/cypress_runner.js:167415:23)\n    at Promise._settlePromiseFromHandler (http://localhost:37919/__cypress/runner/cypress_runner.js:165351:31)\n    at Promise._settlePromise (http://localhost:37919/__cypress/runner/cypress_runner.js:165408:18)\n    at Promise._settlePromise0 (http://localhost:37919/__cypress/runner/cypress_runner.js:165453:10)\n    at Promise._settlePromises (http://localhost:37919/__cypress/runner/cypress_runner.js:165528:18)\n    at Async../node_modules/bluebird/js/release/async.js.Async._drainQueue (http://localhost:37919/__cypress/runner/cypress_runner.js:162140:16)\n    at Async../node_modules/bluebird/js/release/async.js.Async._drainQueues (http://localhost:37919/__cypress/runner/cypress_runner.js:162150:10)\n    at Async.drainQueues (http://localhost:37919/__cypress/runner/cypress_runner.js:162024:14)",
                "diff": null
              },
              "uuid": "dfde5392-38bd-4d1f-aa6d-a85fb429c495",
              "parentUUID": "775bf4a1-b7ab-49dd-964c-a06c271a60cd",
              "isHook": false,
              "skipped": false
            },
            {
              "title": "Verifica se cada cor individual da paleta de cores possui a `classe` chamada `color`.",
              "fullTitle": "2 - Adicione à página uma paleta de quatro cores distintas. Verifica se cada cor individual da paleta de cores possui a `classe` chamada `color`.",
              "timedOut": null,
              "duration": 4999,
              "state": "failed",
              "speed": null,
              "pass": false,
              "fail": true,
              "pending": false,
              "context": null,
              "code": "cy.get('.color').should('have.length', 4).then(function (colors) {\n  for (var i = 0; i < colors.length; i++) {\n    cy.wrap(colors[i]).should('be.visible');\n  }\n});",
              "err": {
                "message": "CypressError: Timed out retrying: Expected to find element: '.color', but never found it.",
                "estack": "CypressError: Timed out retrying: Expected to find element: '.color', but never found it.\n    at cypressErr (http://localhost:37919/__cypress/runner/cypress_runner.js:149934:9)\n    at throwErr (http://localhost:37919/__cypress/runner/cypress_runner.js:149867:11)\n    at Object.throwErrByPath (http://localhost:37919/__cypress/runner/cypress_runner.js:149915:3)\n    at retry (http://localhost:37919/__cypress/runner/cypress_runner.js:144197:19)\n    at onFailFn (http://localhost:37919/__cypress/runner/cypress_runner.js:132448:16)\n    at tryCatcher (http://localhost:37919/__cypress/runner/cypress_runner.js:167415:23)\n    at Promise._settlePromiseFromHandler (http://localhost:37919/__cypress/runner/cypress_runner.js:165351:31)\n    at Promise._settlePromise (http://localhost:37919/__cypress/runner/cypress_runner.js:165408:18)\n    at Promise._settlePromise0 (http://localhost:37919/__cypress/runner/cypress_runner.js:165453:10)\n    at Promise._settlePromises (http://localhost:37919/__cypress/runner/cypress_runner.js:165528:18)\n    at Async../node_modules/bluebird/js/release/async.js.Async._drainQueue (http://localhost:37919/__cypress/runner/cypress_runner.js:162140:16)\n    at Async../node_modules/bluebird/js/release/async.js.Async._drainQueues (http://localhost:37919/__cypress/runner/cypress_runner.js:162150:10)\n    at Async.drainQueues (http://localhost:37919/__cypress/runner/cypress_runner.js:162024:14)",
                "diff": null
              },
              "uuid": "f505c7a2-8b78-4e92-8a41-acb4d8a723ae",
              "parentUUID": "775bf4a1-b7ab-49dd-964c-a06c271a60cd",
              "isHook": false,
              "skipped": false
            },
            {
              "title": "Verifica se a cor de fundo de cada elemento da paleta é a cor que o elemento representa. **A única cor não permitida na paleta é a cor branca.**",
              "fullTitle": "2 - Adicione à página uma paleta de quatro cores distintas. Verifica se a cor de fundo de cada elemento da paleta é a cor que o elemento representa. **A única cor não permitida na paleta é a cor branca.**",
              "timedOut": null,
              "duration": 4944,
              "state": "failed",
              "speed": null,
              "pass": false,
              "fail": true,
              "pending": false,
              "context": null,
              "code": "cy.get('.color').each(function (color) {\n  cy.wrap(color).should('have.class', 'color').and('not.have.css', 'background-color', WHITE);\n  cy.wrap(color).should('have.css', 'background-color');\n});",
              "err": {
                "message": "CypressError: Timed out retrying: Expected to find element: '.color', but never found it.",
                "estack": "CypressError: Timed out retrying: Expected to find element: '.color', but never found it.\n    at cypressErr (http://localhost:37919/__cypress/runner/cypress_runner.js:149934:9)\n    at throwErr (http://localhost:37919/__cypress/runner/cypress_runner.js:149867:11)\n    at Object.throwErrByPath (http://localhost:37919/__cypress/runner/cypress_runner.js:149915:3)\n    at retry (http://localhost:37919/__cypress/runner/cypress_runner.js:144197:19)\n    at onFailFn (http://localhost:37919/__cypress/runner/cypress_runner.js:132448:16)\n    at tryCatcher (http://localhost:37919/__cypress/runner/cypress_runner.js:167415:23)\n    at Promise._settlePromiseFromHandler (http://localhost:37919/__cypress/runner/cypress_runner.js:165351:31)\n    at Promise._settlePromise (http://localhost:37919/__cypress/runner/cypress_runner.js:165408:18)\n    at Promise._settlePromise0 (http://localhost:37919/__cypress/runner/cypress_runner.js:165453:10)\n    at Promise._settlePromises (http://localhost:37919/__cypress/runner/cypress_runner.js:165528:18)\n    at Async../node_modules/bluebird/js/release/async.js.Async._drainQueue (http://localhost:37919/__cypress/runner/cypress_runner.js:162140:16)\n    at Async../node_modules/bluebird/js/release/async.js.Async._drainQueues (http://localhost:37919/__cypress/runner/cypress_runner.js:162150:10)\n    at Async.drainQueues (http://localhost:37919/__cypress/runner/cypress_runner.js:162024:14)",
                "diff": null
              },
              "uuid": "9bcf0fa6-08a5-4e23-a85a-aeb323878fc8",
              "parentUUID": "775bf4a1-b7ab-49dd-964c-a06c271a60cd",
              "isHook": false,
              "skipped": false
            },
            {
              "title": "Verifica se cada elemento da paleta de cores tem uma borda preta, sólida e com 1 pixel de largura;",
              "fullTitle": "2 - Adicione à página uma paleta de quatro cores distintas. Verifica se cada elemento da paleta de cores tem uma borda preta, sólida e com 1 pixel de largura;",
              "timedOut": null,
              "duration": 5050,
              "state": "failed",
              "speed": null,
              "pass": false,
              "fail": true,
              "pending": false,
              "context": null,
              "code": "cy.get('.color').each(function (color) {\n  cy.wrap(color).and('have.css', 'border', \"1px solid \".concat(BLACK)).and('have.class', 'color');\n});",
              "err": {
                "message": "CypressError: Timed out retrying: Expected to find element: '.color', but never found it.",
                "estack": "CypressError: Timed out retrying: Expected to find element: '.color', but never found it.\n    at cypressErr (http://localhost:37919/__cypress/runner/cypress_runner.js:149934:9)\n    at throwErr (http://localhost:37919/__cypress/runner/cypress_runner.js:149867:11)\n    at Object.throwErrByPath (http://localhost:37919/__cypress/runner/cypress_runner.js:149915:3)\n    at retry (http://localhost:37919/__cypress/runner/cypress_runner.js:144197:19)\n    at onFailFn (http://localhost:37919/__cypress/runner/cypress_runner.js:132448:16)\n    at tryCatcher (http://localhost:37919/__cypress/runner/cypress_runner.js:167415:23)\n    at Promise._settlePromiseFromHandler (http://localhost:37919/__cypress/runner/cypress_runner.js:165351:31)\n    at Promise._settlePromise (http://localhost:37919/__cypress/runner/cypress_runner.js:165408:18)\n    at Promise._settlePromise0 (http://localhost:37919/__cypress/runner/cypress_runner.js:165453:10)\n    at Promise._settlePromises (http://localhost:37919/__cypress/runner/cypress_runner.js:165528:18)\n    at Async../node_modules/bluebird/js/release/async.js.Async._drainQueue (http://localhost:37919/__cypress/runner/cypress_runner.js:162140:16)\n    at Async../node_modules/bluebird/js/release/async.js.Async._drainQueues (http://localhost:37919/__cypress/runner/cypress_runner.js:162150:10)\n    at Async.drainQueues (http://localhost:37919/__cypress/runner/cypress_runner.js:162024:14)",
                "diff": null
              },
              "uuid": "f0deba43-0db5-4a21-b6de-b5abb09cf787",
              "parentUUID": "775bf4a1-b7ab-49dd-964c-a06c271a60cd",
              "isHook": false,
              "skipped": false
            },
            {
              "title": "Verifica se a paleta lista todas as cores disponíveis para utilização, lado a lado.",
              "fullTitle": "2 - Adicione à página uma paleta de quatro cores distintas. Verifica se a paleta lista todas as cores disponíveis para utilização, lado a lado.",
              "timedOut": null,
              "duration": 5257,
              "state": "failed",
              "speed": null,
              "pass": false,
              "fail": true,
              "pending": false,
              "context": null,
              "code": "cy.get('.color').then(function (colors) {\n  for (var index = 1; index < colors.length; index += 1) {\n    var currentColor = colors[index];\n    var previousColor = colors[index - 1];\n    cy.wrap(currentColor).should('be.onTheRightOf', previousColor).and('be.horizontallyAlignedWith', previousColor);\n  }\n});",
              "err": {
                "message": "CypressError: Timed out retrying: Expected to find element: '.color', but never found it.",
                "estack": "CypressError: Timed out retrying: Expected to find element: '.color', but never found it.\n    at cypressErr (http://localhost:37919/__cypress/runner/cypress_runner.js:149934:9)\n    at throwErr (http://localhost:37919/__cypress/runner/cypress_runner.js:149867:11)\n    at Object.throwErrByPath (http://localhost:37919/__cypress/runner/cypress_runner.js:149915:3)\n    at retry (http://localhost:37919/__cypress/runner/cypress_runner.js:144197:19)\n    at onFailFn (http://localhost:37919/__cypress/runner/cypress_runner.js:132448:16)\n    at tryCatcher (http://localhost:37919/__cypress/runner/cypress_runner.js:167415:23)\n    at Promise._settlePromiseFromHandler (http://localhost:37919/__cypress/runner/cypress_runner.js:165351:31)\n    at Promise._settlePromise (http://localhost:37919/__cypress/runner/cypress_runner.js:165408:18)\n    at Promise._settlePromise0 (http://localhost:37919/__cypress/runner/cypress_runner.js:165453:10)\n    at Promise._settlePromises (http://localhost:37919/__cypress/runner/cypress_runner.js:165528:18)\n    at Async../node_modules/bluebird/js/release/async.js.Async._drainQueue (http://localhost:37919/__cypress/runner/cypress_runner.js:162140:16)\n    at Async../node_modules/bluebird/js/release/async.js.Async._drainQueues (http://localhost:37919/__cypress/runner/cypress_runner.js:162150:10)\n    at Async.drainQueues (http://localhost:37919/__cypress/runner/cypress_runner.js:162024:14)",
                "diff": null
              },
              "uuid": "3239267a-1cec-4086-815d-90b96f0742a9",
              "parentUUID": "775bf4a1-b7ab-49dd-964c-a06c271a60cd",
              "isHook": false,
              "skipped": false
            },
            {
              "title": "Verifica se a paleta de cores está posicionada abaixo do título 'Paleta de Cores'",
              "fullTitle": "2 - Adicione à página uma paleta de quatro cores distintas. Verifica se a paleta de cores está posicionada abaixo do título 'Paleta de Cores'",
              "timedOut": null,
              "duration": 5180,
              "state": "failed",
              "speed": null,
              "pass": false,
              "fail": true,
              "pending": false,
              "context": null,
              "code": "cy.get('h1#title').then(function (title) {\n  cy.get('#color-palette').should('be.belowOf', title);\n});",
              "err": {
                "message": "CypressError: Timed out retrying: Expected to find element: '#color-palette', but never found it.",
                "estack": "CypressError: Timed out retrying: Expected to find element: '#color-palette', but never found it.\n    at cypressErr (http://localhost:37919/__cypress/runner/cypress_runner.js:149934:9)\n    at throwErr (http://localhost:37919/__cypress/runner/cypress_runner.js:149867:11)\n    at Object.throwErrByPath (http://localhost:37919/__cypress/runner/cypress_runner.js:149915:3)\n    at retry (http://localhost:37919/__cypress/runner/cypress_runner.js:144197:19)\n    at onFailFn (http://localhost:37919/__cypress/runner/cypress_runner.js:132448:16)\n    at tryCatcher (http://localhost:37919/__cypress/runner/cypress_runner.js:167415:23)\n    at Promise._settlePromiseFromHandler (http://localhost:37919/__cypress/runner/cypress_runner.js:165351:31)\n    at Promise._settlePromise (http://localhost:37919/__cypress/runner/cypress_runner.js:165408:18)\n    at Promise._settlePromise0 (http://localhost:37919/__cypress/runner/cypress_runner.js:165453:10)\n    at Promise._settlePromises (http://localhost:37919/__cypress/runner/cypress_runner.js:165528:18)\n    at Async../node_modules/bluebird/js/release/async.js.Async._drainQueue (http://localhost:37919/__cypress/runner/cypress_runner.js:162140:16)\n    at Async../node_modules/bluebird/js/release/async.js.Async._drainQueues (http://localhost:37919/__cypress/runner/cypress_runner.js:162150:10)\n    at Async.drainQueues (http://localhost:37919/__cypress/runner/cypress_runner.js:162024:14)",
                "diff": null
              },
              "uuid": "1f2ab34c-bac9-4840-9555-00301145c783",
              "parentUUID": "775bf4a1-b7ab-49dd-964c-a06c271a60cd",
              "isHook": false,
              "skipped": false
            },
            {
              "title": "Verifica se a paleta de cores não contém cores repetidas.",
              "fullTitle": "2 - Adicione à página uma paleta de quatro cores distintas. Verifica se a paleta de cores não contém cores repetidas.",
              "timedOut": null,
              "duration": 5222,
              "state": "failed",
              "speed": null,
              "pass": false,
              "fail": true,
              "pending": false,
              "context": null,
              "code": "cy.get('.color').then(function (colors) {\n  var allColors = Array.from(colors).map(function (color) {\n    return Cypress.$(color).css('background-color');\n  });\n  cy.log(allColors);\n  var uniqColors = (0, _toConsumableArray2[\"default\"])(new Set(allColors));\n  cy.log(uniqColors);\n  expect(allColors.length).to.eq(uniqColors.length);\n});",
              "err": {
                "message": "CypressError: Timed out retrying: Expected to find element: '.color', but never found it.",
                "estack": "CypressError: Timed out retrying: Expected to find element: '.color', but never found it.\n    at cypressErr (http://localhost:37919/__cypress/runner/cypress_runner.js:149934:9)\n    at throwErr (http://localhost:37919/__cypress/runner/cypress_runner.js:149867:11)\n    at Object.throwErrByPath (http://localhost:37919/__cypress/runner/cypress_runner.js:149915:3)\n    at retry (http://localhost:37919/__cypress/runner/cypress_runner.js:144197:19)\n    at onFailFn (http://localhost:37919/__cypress/runner/cypress_runner.js:132448:16)\n    at tryCatcher (http://localhost:37919/__cypress/runner/cypress_runner.js:167415:23)\n    at Promise._settlePromiseFromHandler (http://localhost:37919/__cypress/runner/cypress_runner.js:165351:31)\n    at Promise._settlePromise (http://localhost:37919/__cypress/runner/cypress_runner.js:165408:18)\n    at Promise._settlePromise0 (http://localhost:37919/__cypress/runner/cypress_runner.js:165453:10)\n    at Promise._settlePromises (http://localhost:37919/__cypress/runner/cypress_runner.js:165528:18)\n    at Async../node_modules/bluebird/js/release/async.js.Async._drainQueue (http://localhost:37919/__cypress/runner/cypress_runner.js:162140:16)\n    at Async../node_modules/bluebird/js/release/async.js.Async._drainQueues (http://localhost:37919/__cypress/runner/cypress_runner.js:162150:10)\n    at Async.drainQueues (http://localhost:37919/__cypress/runner/cypress_runner.js:162024:14)",
                "diff": null
              },
              "uuid": "cd7ccbf9-53ff-45f7-bd12-04ef22d2170b",
              "parentUUID": "775bf4a1-b7ab-49dd-964c-a06c271a60cd",
              "isHook": false,
              "skipped": false
            }
          ],
          "suites": [],
          "passes": [],
          "failures": [
            "dfde5392-38bd-4d1f-aa6d-a85fb429c495",
            "f505c7a2-8b78-4e92-8a41-acb4d8a723ae",
            "9bcf0fa6-08a5-4e23-a85a-aeb323878fc8",
            "f0deba43-0db5-4a21-b6de-b5abb09cf787",
            "3239267a-1cec-4086-815d-90b96f0742a9",
            "1f2ab34c-bac9-4840-9555-00301145c783",
            "cd7ccbf9-53ff-45f7-bd12-04ef22d2170b"
          ],
          "pending": [],
          "skipped": [],
          "duration": 36121,
          "root": false,
          "rootEmpty": false,
          "_timeout": 2000
        },
        {
          "uuid": "8c7e27e0-3b01-4677-9c06-cef0a40e6193",
          "title": "3 - Adicione a cor **preta** como a primeira cor da paleta de cores.",
          "fullFile": "",
          "file": "",
          "beforeHooks": [],
          "afterHooks": [],
          "tests": [
            {
              "title": "Verifica se a primeira cor da paleta é preta",
              "fullTitle": "3 - Adicione a cor **preta** como a primeira cor da paleta de cores. Verifica se a primeira cor da paleta é preta",
              "timedOut": null,
              "duration": 5532,
              "state": "failed",
              "speed": null,
              "pass": false,
              "fail": true,
              "pending": false,
              "context": null,
              "code": "cy.get('.color').first().should('have.css', 'background-color', BLACK);",
              "err": {
                "message": "CypressError: Timed out retrying: Expected to find element: '.color', but never found it.",
                "estack": "CypressError: Timed out retrying: Expected to find element: '.color', but never found it.\n    at cypressErr (http://localhost:37919/__cypress/runner/cypress_runner.js:149934:9)\n    at throwErr (http://localhost:37919/__cypress/runner/cypress_runner.js:149867:11)\n    at Object.throwErrByPath (http://localhost:37919/__cypress/runner/cypress_runner.js:149915:3)\n    at retry (http://localhost:37919/__cypress/runner/cypress_runner.js:144197:19)\n    at onFailFn (http://localhost:37919/__cypress/runner/cypress_runner.js:132448:16)\n    at tryCatcher (http://localhost:37919/__cypress/runner/cypress_runner.js:167415:23)\n    at Promise._settlePromiseFromHandler (http://localhost:37919/__cypress/runner/cypress_runner.js:165351:31)\n    at Promise._settlePromise (http://localhost:37919/__cypress/runner/cypress_runner.js:165408:18)\n    at Promise._settlePromise0 (http://localhost:37919/__cypress/runner/cypress_runner.js:165453:10)\n    at Promise._settlePromises (http://localhost:37919/__cypress/runner/cypress_runner.js:165528:18)\n    at Async../node_modules/bluebird/js/release/async.js.Async._drainQueue (http://localhost:37919/__cypress/runner/cypress_runner.js:162140:16)\n    at Async../node_modules/bluebird/js/release/async.js.Async._drainQueues (http://localhost:37919/__cypress/runner/cypress_runner.js:162150:10)\n    at Async.drainQueues (http://localhost:37919/__cypress/runner/cypress_runner.js:162024:14)",
                "diff": null
              },
              "uuid": "5024219a-22c9-45a6-84d0-ed70fff97960",
              "parentUUID": "8c7e27e0-3b01-4677-9c06-cef0a40e6193",
              "isHook": false,
              "skipped": false
            },
            {
              "title": "Verifica se as demais cores podem ser escolhidas livremente.",
              "fullTitle": "3 - Adicione a cor **preta** como a primeira cor da paleta de cores. Verifica se as demais cores podem ser escolhidas livremente.",
              "timedOut": null,
              "duration": 5022,
              "state": "failed",
              "speed": null,
              "pass": false,
              "fail": true,
              "pending": false,
              "context": null,
              "code": "cy.get('.color').eq(1).should('not.have.css', 'background-color', BLACK);\ncy.get('.color').eq(1).should('not.have.css', 'background-color', WHITE);\ncy.get('.color').eq(1).should('not.have.css', 'background-color', 'rgba(0, 0, 0, 0)');\ncy.get('.color').eq(1).should('have.css', 'background-color');\ncy.get('.color').eq(2).should('not.have.css', 'background-color', BLACK);\ncy.get('.color').eq(2).should('not.have.css', 'background-color', WHITE);\ncy.get('.color').eq(2).should('not.have.css', 'background-color', 'rgba(0, 0, 0, 0)');\ncy.get('.color').eq(2).should('have.css', 'background-color');\ncy.get('.color').eq(3).should('not.have.css', 'background-color', BLACK);\ncy.get('.color').eq(3).should('not.have.css', 'background-color', WHITE);\ncy.get('.color').eq(3).should('not.have.css', 'background-color', 'rgba(0, 0, 0, 0)');\ncy.get('.color').eq(3).should('have.css', 'background-color');",
              "err": {
                "message": "CypressError: Timed out retrying: Expected to find element: '.color', but never found it.",
                "estack": "CypressError: Timed out retrying: Expected to find element: '.color', but never found it.\n    at cypressErr (http://localhost:37919/__cypress/runner/cypress_runner.js:149934:9)\n    at throwErr (http://localhost:37919/__cypress/runner/cypress_runner.js:149867:11)\n    at Object.throwErrByPath (http://localhost:37919/__cypress/runner/cypress_runner.js:149915:3)\n    at retry (http://localhost:37919/__cypress/runner/cypress_runner.js:144197:19)\n    at onFailFn (http://localhost:37919/__cypress/runner/cypress_runner.js:132448:16)\n    at tryCatcher (http://localhost:37919/__cypress/runner/cypress_runner.js:167415:23)\n    at Promise._settlePromiseFromHandler (http://localhost:37919/__cypress/runner/cypress_runner.js:165351:31)\n    at Promise._settlePromise (http://localhost:37919/__cypress/runner/cypress_runner.js:165408:18)\n    at Promise._settlePromise0 (http://localhost:37919/__cypress/runner/cypress_runner.js:165453:10)\n    at Promise._settlePromises (http://localhost:37919/__cypress/runner/cypress_runner.js:165528:18)\n    at Async../node_modules/bluebird/js/release/async.js.Async._drainQueue (http://localhost:37919/__cypress/runner/cypress_runner.js:162140:16)\n    at Async../node_modules/bluebird/js/release/async.js.Async._drainQueues (http://localhost:37919/__cypress/runner/cypress_runner.js:162150:10)\n    at Async.drainQueues (http://localhost:37919/__cypress/runner/cypress_runner.js:162024:14)",
                "diff": null
              },
              "uuid": "5fc7f001-3cd6-4cfb-b9a6-fc50f8c471ee",
              "parentUUID": "8c7e27e0-3b01-4677-9c06-cef0a40e6193",
              "isHook": false,
              "skipped": false
            }
          ],
          "suites": [],
          "passes": [],
          "failures": [
            "5024219a-22c9-45a6-84d0-ed70fff97960",
            "5fc7f001-3cd6-4cfb-b9a6-fc50f8c471ee"
          ],
          "pending": [],
          "skipped": [],
          "duration": 10554,
          "root": false,
          "rootEmpty": false,
          "_timeout": 2000
        },
        {
          "uuid": "f02b4952-2262-4e9f-bf4c-9f73bd144680",
          "title": "4 - Adicione à página um quadro de pixels, com 25 pixels.",
          "fullFile": "",
          "file": "",
          "beforeHooks": [],
          "afterHooks": [],
          "tests": [
            {
              "title": "Verifica se o quadro de pixels possui o `id` denominado `pixel-board`",
              "fullTitle": "4 - Adicione à página um quadro de pixels, com 25 pixels. Verifica se o quadro de pixels possui o `id` denominado `pixel-board`",
              "timedOut": null,
              "duration": 5606,
              "state": "failed",
              "speed": null,
              "pass": false,
              "fail": true,
              "pending": false,
              "context": null,
              "code": "cy.get('#pixel-board').should('be.visible');",
              "err": {
                "message": "CypressError: Timed out retrying: Expected to find element: '#pixel-board', but never found it.",
                "estack": "CypressError: Timed out retrying: Expected to find element: '#pixel-board', but never found it.\n    at cypressErr (http://localhost:37919/__cypress/runner/cypress_runner.js:149934:9)\n    at throwErr (http://localhost:37919/__cypress/runner/cypress_runner.js:149867:11)\n    at Object.throwErrByPath (http://localhost:37919/__cypress/runner/cypress_runner.js:149915:3)\n    at retry (http://localhost:37919/__cypress/runner/cypress_runner.js:144197:19)\n    at onFailFn (http://localhost:37919/__cypress/runner/cypress_runner.js:132448:16)\n    at tryCatcher (http://localhost:37919/__cypress/runner/cypress_runner.js:167415:23)\n    at Promise._settlePromiseFromHandler (http://localhost:37919/__cypress/runner/cypress_runner.js:165351:31)\n    at Promise._settlePromise (http://localhost:37919/__cypress/runner/cypress_runner.js:165408:18)\n    at Promise._settlePromise0 (http://localhost:37919/__cypress/runner/cypress_runner.js:165453:10)\n    at Promise._settlePromises (http://localhost:37919/__cypress/runner/cypress_runner.js:165528:18)\n    at Async../node_modules/bluebird/js/release/async.js.Async._drainQueue (http://localhost:37919/__cypress/runner/cypress_runner.js:162140:16)\n    at Async../node_modules/bluebird/js/release/async.js.Async._drainQueues (http://localhost:37919/__cypress/runner/cypress_runner.js:162150:10)\n    at Async.drainQueues (http://localhost:37919/__cypress/runner/cypress_runner.js:162024:14)",
                "diff": null
              },
              "uuid": "7f98f68f-0210-4618-a682-1e676df73f3f",
              "parentUUID": "f02b4952-2262-4e9f-bf4c-9f73bd144680",
              "isHook": false,
              "skipped": false
            },
            {
              "title": "Verifica se cada pixel individual dentro do quadro possui a `classe` denominada `pixel`.",
              "fullTitle": "4 - Adicione à página um quadro de pixels, com 25 pixels. Verifica se cada pixel individual dentro do quadro possui a `classe` denominada `pixel`.",
              "timedOut": null,
              "duration": 5421,
              "state": "failed",
              "speed": null,
              "pass": false,
              "fail": true,
              "pending": false,
              "context": null,
              "code": "cy.get('.pixel').should('have.length', 25);",
              "err": {
                "message": "CypressError: Timed out retrying: Expected to find element: '.pixel', but never found it.",
                "estack": "CypressError: Timed out retrying: Expected to find element: '.pixel', but never found it.\n    at cypressErr (http://localhost:37919/__cypress/runner/cypress_runner.js:149934:9)\n    at throwErr (http://localhost:37919/__cypress/runner/cypress_runner.js:149867:11)\n    at Object.throwErrByPath (http://localhost:37919/__cypress/runner/cypress_runner.js:149915:3)\n    at retry (http://localhost:37919/__cypress/runner/cypress_runner.js:144197:19)\n    at onFailFn (http://localhost:37919/__cypress/runner/cypress_runner.js:132448:16)\n    at tryCatcher (http://localhost:37919/__cypress/runner/cypress_runner.js:167415:23)\n    at Promise._settlePromiseFromHandler (http://localhost:37919/__cypress/runner/cypress_runner.js:165351:31)\n    at Promise._settlePromise (http://localhost:37919/__cypress/runner/cypress_runner.js:165408:18)\n    at Promise._settlePromise0 (http://localhost:37919/__cypress/runner/cypress_runner.js:165453:10)\n    at Promise._settlePromises (http://localhost:37919/__cypress/runner/cypress_runner.js:165528:18)\n    at Async../node_modules/bluebird/js/release/async.js.Async._drainQueue (http://localhost:37919/__cypress/runner/cypress_runner.js:162140:16)\n    at Async../node_modules/bluebird/js/release/async.js.Async._drainQueues (http://localhost:37919/__cypress/runner/cypress_runner.js:162150:10)\n    at Async.drainQueues (http://localhost:37919/__cypress/runner/cypress_runner.js:162024:14)",
                "diff": null
              },
              "uuid": "83612a12-169c-4609-baa0-0f4f39482cf7",
              "parentUUID": "f02b4952-2262-4e9f-bf4c-9f73bd144680",
              "isHook": false,
              "skipped": false
            },
            {
              "title": "Verifica se a cor inicial dos pixels dentro do quadro, ao abrir a página, é branca.",
              "fullTitle": "4 - Adicione à página um quadro de pixels, com 25 pixels. Verifica se a cor inicial dos pixels dentro do quadro, ao abrir a página, é branca.",
              "timedOut": null,
              "duration": 5221,
              "state": "failed",
              "speed": null,
              "pass": false,
              "fail": true,
              "pending": false,
              "context": null,
              "code": "cy.get('.pixel').should('have.length', 25).each(function (pixel) {\n  expect(pixel).to.have.css('background-color', WHITE);\n});",
              "err": {
                "message": "CypressError: Timed out retrying: Expected to find element: '.pixel', but never found it.",
                "estack": "CypressError: Timed out retrying: Expected to find element: '.pixel', but never found it.\n    at cypressErr (http://localhost:37919/__cypress/runner/cypress_runner.js:149934:9)\n    at throwErr (http://localhost:37919/__cypress/runner/cypress_runner.js:149867:11)\n    at Object.throwErrByPath (http://localhost:37919/__cypress/runner/cypress_runner.js:149915:3)\n    at retry (http://localhost:37919/__cypress/runner/cypress_runner.js:144197:19)\n    at onFailFn (http://localhost:37919/__cypress/runner/cypress_runner.js:132448:16)\n    at tryCatcher (http://localhost:37919/__cypress/runner/cypress_runner.js:167415:23)\n    at Promise._settlePromiseFromHandler (http://localhost:37919/__cypress/runner/cypress_runner.js:165351:31)\n    at Promise._settlePromise (http://localhost:37919/__cypress/runner/cypress_runner.js:165408:18)\n    at Promise._settlePromise0 (http://localhost:37919/__cypress/runner/cypress_runner.js:165453:10)\n    at Promise._settlePromises (http://localhost:37919/__cypress/runner/cypress_runner.js:165528:18)\n    at Async../node_modules/bluebird/js/release/async.js.Async._drainQueue (http://localhost:37919/__cypress/runner/cypress_runner.js:162140:16)\n    at Async../node_modules/bluebird/js/release/async.js.Async._drainQueues (http://localhost:37919/__cypress/runner/cypress_runner.js:162150:10)\n    at Async.drainQueues (http://localhost:37919/__cypress/runner/cypress_runner.js:162024:14)",
                "diff": null
              },
              "uuid": "46778b98-640c-4048-b128-892752a6abb3",
              "parentUUID": "f02b4952-2262-4e9f-bf4c-9f73bd144680",
              "isHook": false,
              "skipped": false
            },
            {
              "title": "Verifica se o quadro de pixels aparece abaixo da paleta de cores",
              "fullTitle": "4 - Adicione à página um quadro de pixels, com 25 pixels. Verifica se o quadro de pixels aparece abaixo da paleta de cores",
              "timedOut": null,
              "duration": 5062,
              "state": "failed",
              "speed": null,
              "pass": false,
              "fail": true,
              "pending": false,
              "context": null,
              "code": "cy.get('#color-palette').then(function (palette) {\n  cy.get('#pixel-board').should('be.belowOf', palette);\n});",
              "err": {
                "message": "CypressError: Timed out retrying: Expected to find element: '#color-palette', but never found it.",
                "estack": "CypressError: Timed out retrying: Expected to find element: '#color-palette', but never found it.\n    at cypressErr (http://localhost:37919/__cypress/runner/cypress_runner.js:149934:9)\n    at throwErr (http://localhost:37919/__cypress/runner/cypress_runner.js:149867:11)\n    at Object.throwErrByPath (http://localhost:37919/__cypress/runner/cypress_runner.js:149915:3)\n    at retry (http://localhost:37919/__cypress/runner/cypress_runner.js:144197:19)\n    at onFailFn (http://localhost:37919/__cypress/runner/cypress_runner.js:132448:16)\n    at tryCatcher (http://localhost:37919/__cypress/runner/cypress_runner.js:167415:23)\n    at Promise._settlePromiseFromHandler (http://localhost:37919/__cypress/runner/cypress_runner.js:165351:31)\n    at Promise._settlePromise (http://localhost:37919/__cypress/runner/cypress_runner.js:165408:18)\n    at Promise._settlePromise0 (http://localhost:37919/__cypress/runner/cypress_runner.js:165453:10)\n    at Promise._settlePromises (http://localhost:37919/__cypress/runner/cypress_runner.js:165528:18)\n    at Async../node_modules/bluebird/js/release/async.js.Async._drainQueue (http://localhost:37919/__cypress/runner/cypress_runner.js:162140:16)\n    at Async../node_modules/bluebird/js/release/async.js.Async._drainQueues (http://localhost:37919/__cypress/runner/cypress_runner.js:162150:10)\n    at Async.drainQueues (http://localhost:37919/__cypress/runner/cypress_runner.js:162024:14)",
                "diff": null
              },
              "uuid": "ab0f55f2-81b3-4444-b9a4-e1b3a90f1849",
              "parentUUID": "f02b4952-2262-4e9f-bf4c-9f73bd144680",
              "isHook": false,
              "skipped": false
            }
          ],
          "suites": [],
          "passes": [],
          "failures": [
            "7f98f68f-0210-4618-a682-1e676df73f3f",
            "83612a12-169c-4609-baa0-0f4f39482cf7",
            "46778b98-640c-4048-b128-892752a6abb3",
            "ab0f55f2-81b3-4444-b9a4-e1b3a90f1849"
          ],
          "pending": [],
          "skipped": [],
          "duration": 21310,
          "root": false,
          "rootEmpty": false,
          "_timeout": 2000
        },
        {
          "uuid": "ddd9c669-ef80-46d8-8d49-8b9f997d2041",
          "title": "5 - Faça com que cada elemento do quadro de pixels possua 40 pixels de largura, 40 pixels de altura e seja delimitado por uma borda preta de 1 pixel.",
          "fullFile": "",
          "file": "",
          "beforeHooks": [],
          "afterHooks": [],
          "tests": [
            {
              "title": "Verifica se o quadro de pixels tem altura e comprimento de 5 elementos",
              "fullTitle": "5 - Faça com que cada elemento do quadro de pixels possua 40 pixels de largura, 40 pixels de altura e seja delimitado por uma borda preta de 1 pixel. Verifica se o quadro de pixels tem altura e comprimento de 5 elementos",
              "timedOut": null,
              "duration": 5203,
              "state": "failed",
              "speed": null,
              "pass": false,
              "fail": true,
              "pending": false,
              "context": null,
              "code": "cy.get('.pixel').should('have.length', 25).each(function (pixel) {\n  expect(pixel).to.have.css('background-color', WHITE);\n}).and(function (pixels) {\n  var rows = chunk(pixels, 5);\n  rows.forEach(function (row) {\n    for (var index = 1; index < row.length; index += 1) {\n      var current = pixels[index];\n      var previous = pixels[index - 1];\n      cy.wrap(current).should('be.onTheRightOf', previous).and('be.horizontallyAlignedWith', previous);\n    }\n  });\n  for (var index = 1; index < 5; index += 1) {\n    expect(pixels[index * 5]).to.be.belowOf(pixels[(index - 1) * 5]);\n  }\n});",
              "err": {
                "message": "CypressError: Timed out retrying: Expected to find element: '.pixel', but never found it.",
                "estack": "CypressError: Timed out retrying: Expected to find element: '.pixel', but never found it.\n    at cypressErr (http://localhost:37919/__cypress/runner/cypress_runner.js:149934:9)\n    at throwErr (http://localhost:37919/__cypress/runner/cypress_runner.js:149867:11)\n    at Object.throwErrByPath (http://localhost:37919/__cypress/runner/cypress_runner.js:149915:3)\n    at retry (http://localhost:37919/__cypress/runner/cypress_runner.js:144197:19)\n    at onFailFn (http://localhost:37919/__cypress/runner/cypress_runner.js:132448:16)\n    at tryCatcher (http://localhost:37919/__cypress/runner/cypress_runner.js:167415:23)\n    at Promise._settlePromiseFromHandler (http://localhost:37919/__cypress/runner/cypress_runner.js:165351:31)\n    at Promise._settlePromise (http://localhost:37919/__cypress/runner/cypress_runner.js:165408:18)\n    at Promise._settlePromise0 (http://localhost:37919/__cypress/runner/cypress_runner.js:165453:10)\n    at Promise._settlePromises (http://localhost:37919/__cypress/runner/cypress_runner.js:165528:18)\n    at Async../node_modules/bluebird/js/release/async.js.Async._drainQueue (http://localhost:37919/__cypress/runner/cypress_runner.js:162140:16)\n    at Async../node_modules/bluebird/js/release/async.js.Async._drainQueues (http://localhost:37919/__cypress/runner/cypress_runner.js:162150:10)\n    at Async.drainQueues (http://localhost:37919/__cypress/runner/cypress_runner.js:162024:14)",
                "diff": null
              },
              "uuid": "839ddf7e-0a8c-4b87-b4db-eeb359bcc970",
              "parentUUID": "ddd9c669-ef80-46d8-8d49-8b9f997d2041",
              "isHook": false,
              "skipped": false
            },
            {
              "title": "Verifica se 40 pixels é o tamanho total do elemento, incluindo seu conteúdo e excluindo a borda preta, que deve ser criada à parte.",
              "fullTitle": "5 - Faça com que cada elemento do quadro de pixels possua 40 pixels de largura, 40 pixels de altura e seja delimitado por uma borda preta de 1 pixel. Verifica se 40 pixels é o tamanho total do elemento, incluindo seu conteúdo e excluindo a borda preta, que deve ser criada à parte.",
              "timedOut": null,
              "duration": 5217,
              "state": "failed",
              "speed": null,
              "pass": false,
              "fail": true,
              "pending": false,
              "context": null,
              "code": "cy.get('.pixel').each(function (pixel) {\n  cy.wrap(pixel).should('have.css', 'height', '40px').and('have.css', 'width', '40px').and('have.css', 'border', \"1px solid \".concat(BLACK));\n});",
              "err": {
                "message": "CypressError: Timed out retrying: Expected to find element: '.pixel', but never found it.",
                "estack": "CypressError: Timed out retrying: Expected to find element: '.pixel', but never found it.\n    at cypressErr (http://localhost:37919/__cypress/runner/cypress_runner.js:149934:9)\n    at throwErr (http://localhost:37919/__cypress/runner/cypress_runner.js:149867:11)\n    at Object.throwErrByPath (http://localhost:37919/__cypress/runner/cypress_runner.js:149915:3)\n    at retry (http://localhost:37919/__cypress/runner/cypress_runner.js:144197:19)\n    at onFailFn (http://localhost:37919/__cypress/runner/cypress_runner.js:132448:16)\n    at tryCatcher (http://localhost:37919/__cypress/runner/cypress_runner.js:167415:23)\n    at Promise._settlePromiseFromHandler (http://localhost:37919/__cypress/runner/cypress_runner.js:165351:31)\n    at Promise._settlePromise (http://localhost:37919/__cypress/runner/cypress_runner.js:165408:18)\n    at Promise._settlePromise0 (http://localhost:37919/__cypress/runner/cypress_runner.js:165453:10)\n    at Promise._settlePromises (http://localhost:37919/__cypress/runner/cypress_runner.js:165528:18)\n    at Async../node_modules/bluebird/js/release/async.js.Async._drainQueue (http://localhost:37919/__cypress/runner/cypress_runner.js:162140:16)\n    at Async../node_modules/bluebird/js/release/async.js.Async._drainQueues (http://localhost:37919/__cypress/runner/cypress_runner.js:162150:10)\n    at Async.drainQueues (http://localhost:37919/__cypress/runner/cypress_runner.js:162024:14)",
                "diff": null
              },
              "uuid": "f2c6825e-f81c-45c9-a5b5-d0b717d48f03",
              "parentUUID": "ddd9c669-ef80-46d8-8d49-8b9f997d2041",
              "isHook": false,
              "skipped": false
            }
          ],
          "suites": [],
          "passes": [],
          "failures": [
            "839ddf7e-0a8c-4b87-b4db-eeb359bcc970",
            "f2c6825e-f81c-45c9-a5b5-d0b717d48f03"
          ],
          "pending": [],
          "skipped": [],
          "duration": 10420,
          "root": false,
          "rootEmpty": false,
          "_timeout": 2000
        },
        {
          "uuid": "ecd1fe94-d3fa-42ce-9c43-167cba6bca96",
          "title": "6 - Defina a cor preta como cor inicial. Ao carregar a página a cor preta já deve estar selecionada para pintar os pixels",
          "fullFile": "",
          "file": "",
          "beforeHooks": [],
          "afterHooks": [],
          "tests": [
            {
              "title": "Verifica se o elemento da cor preta possui, inicialmente, a `classe` `selected`",
              "fullTitle": "6 - Defina a cor preta como cor inicial. Ao carregar a página a cor preta já deve estar selecionada para pintar os pixels Verifica se o elemento da cor preta possui, inicialmente, a `classe` `selected`",
              "timedOut": null,
              "duration": 5269,
              "state": "failed",
              "speed": null,
              "pass": false,
              "fail": true,
              "pending": false,
              "context": null,
              "code": "cy.get('.selected').first().should('have.css', 'background-color', BLACK);",
              "err": {
                "message": "CypressError: Timed out retrying: Expected to find element: '.selected', but never found it.",
                "estack": "CypressError: Timed out retrying: Expected to find element: '.selected', but never found it.\n    at cypressErr (http://localhost:37919/__cypress/runner/cypress_runner.js:149934:9)\n    at throwErr (http://localhost:37919/__cypress/runner/cypress_runner.js:149867:11)\n    at Object.throwErrByPath (http://localhost:37919/__cypress/runner/cypress_runner.js:149915:3)\n    at retry (http://localhost:37919/__cypress/runner/cypress_runner.js:144197:19)\n    at onFailFn (http://localhost:37919/__cypress/runner/cypress_runner.js:132448:16)\n    at tryCatcher (http://localhost:37919/__cypress/runner/cypress_runner.js:167415:23)\n    at Promise._settlePromiseFromHandler (http://localhost:37919/__cypress/runner/cypress_runner.js:165351:31)\n    at Promise._settlePromise (http://localhost:37919/__cypress/runner/cypress_runner.js:165408:18)\n    at Promise._settlePromise0 (http://localhost:37919/__cypress/runner/cypress_runner.js:165453:10)\n    at Promise._settlePromises (http://localhost:37919/__cypress/runner/cypress_runner.js:165528:18)\n    at Async../node_modules/bluebird/js/release/async.js.Async._drainQueue (http://localhost:37919/__cypress/runner/cypress_runner.js:162140:16)\n    at Async../node_modules/bluebird/js/release/async.js.Async._drainQueues (http://localhost:37919/__cypress/runner/cypress_runner.js:162150:10)\n    at Async.drainQueues (http://localhost:37919/__cypress/runner/cypress_runner.js:162024:14)",
                "diff": null
              },
              "uuid": "49a9d0fa-a515-4a64-ac21-6a35ea69d804",
              "parentUUID": "ecd1fe94-d3fa-42ce-9c43-167cba6bca96",
              "isHook": false,
              "skipped": false
            },
            {
              "title": "Verifica se nenhuma outra cor da paleta tem a `classe` `selected`",
              "fullTitle": "6 - Defina a cor preta como cor inicial. Ao carregar a página a cor preta já deve estar selecionada para pintar os pixels Verifica se nenhuma outra cor da paleta tem a `classe` `selected`",
              "timedOut": null,
              "duration": 5812,
              "state": "failed",
              "speed": null,
              "pass": false,
              "fail": true,
              "pending": false,
              "context": null,
              "code": "cy.get('.color:not(:first-child)').each(function (color) {\n  cy.wrap(color).should('not.have.class', 'selected');\n});",
              "err": {
                "message": "CypressError: Timed out retrying: Expected to find element: '.color:not(:first-child)', but never found it.",
                "estack": "CypressError: Timed out retrying: Expected to find element: '.color:not(:first-child)', but never found it.\n    at cypressErr (http://localhost:37919/__cypress/runner/cypress_runner.js:149934:9)\n    at throwErr (http://localhost:37919/__cypress/runner/cypress_runner.js:149867:11)\n    at Object.throwErrByPath (http://localhost:37919/__cypress/runner/cypress_runner.js:149915:3)\n    at retry (http://localhost:37919/__cypress/runner/cypress_runner.js:144197:19)\n    at onFailFn (http://localhost:37919/__cypress/runner/cypress_runner.js:132448:16)\n    at tryCatcher (http://localhost:37919/__cypress/runner/cypress_runner.js:167415:23)\n    at Promise._settlePromiseFromHandler (http://localhost:37919/__cypress/runner/cypress_runner.js:165351:31)\n    at Promise._settlePromise (http://localhost:37919/__cypress/runner/cypress_runner.js:165408:18)\n    at Promise._settlePromise0 (http://localhost:37919/__cypress/runner/cypress_runner.js:165453:10)\n    at Promise._settlePromises (http://localhost:37919/__cypress/runner/cypress_runner.js:165528:18)\n    at Async../node_modules/bluebird/js/release/async.js.Async._drainQueue (http://localhost:37919/__cypress/runner/cypress_runner.js:162140:16)\n    at Async../node_modules/bluebird/js/release/async.js.Async._drainQueues (http://localhost:37919/__cypress/runner/cypress_runner.js:162150:10)\n    at Async.drainQueues (http://localhost:37919/__cypress/runner/cypress_runner.js:162024:14)",
                "diff": null
              },
              "uuid": "10d27d00-dbc5-459c-a1ba-efd4580dd966",
              "parentUUID": "ecd1fe94-d3fa-42ce-9c43-167cba6bca96",
              "isHook": false,
              "skipped": false
            }
          ],
          "suites": [],
          "passes": [],
          "failures": [
            "49a9d0fa-a515-4a64-ac21-6a35ea69d804",
            "10d27d00-dbc5-459c-a1ba-efd4580dd966"
          ],
          "pending": [],
          "skipped": [],
          "duration": 11081,
          "root": false,
          "rootEmpty": false,
          "_timeout": 2000
        },
        {
          "uuid": "55ddda40-277f-46d5-a7de-6965ff9af16f",
          "title": "7 - Clicar em uma das cores da paleta, faz com que ela seja selecionada e utilizada para preencher os pixels no quadro.",
          "fullFile": "",
          "file": "",
          "beforeHooks": [],
          "afterHooks": [],
          "tests": [
            {
              "title": "Verifica se somente uma cor da paleta de cores tem a classe `selected` de cada vez",
              "fullTitle": "7 - Clicar em uma das cores da paleta, faz com que ela seja selecionada e utilizada para preencher os pixels no quadro. Verifica se somente uma cor da paleta de cores tem a classe `selected` de cada vez",
              "timedOut": null,
              "duration": 5487,
              "state": "failed",
              "speed": null,
              "pass": false,
              "fail": true,
              "pending": false,
              "context": null,
              "code": "cy.get('.color').each(function (selectedColor, selectedColorIndex) {\n  cy.wrap(selectedColor).click();\n  cy.get('.color').each(function (color, colorIndex) {\n    if (colorIndex === selectedColorIndex) {\n      expect(color).to.have[\"class\"]('selected');\n    } else {\n      expect(color).not.to.have[\"class\"]('selected');\n    }\n  });\n});",
              "err": {
                "message": "CypressError: Timed out retrying: Expected to find element: '.color', but never found it.",
                "estack": "CypressError: Timed out retrying: Expected to find element: '.color', but never found it.\n    at cypressErr (http://localhost:37919/__cypress/runner/cypress_runner.js:149934:9)\n    at throwErr (http://localhost:37919/__cypress/runner/cypress_runner.js:149867:11)\n    at Object.throwErrByPath (http://localhost:37919/__cypress/runner/cypress_runner.js:149915:3)\n    at retry (http://localhost:37919/__cypress/runner/cypress_runner.js:144197:19)\n    at onFailFn (http://localhost:37919/__cypress/runner/cypress_runner.js:132448:16)\n    at tryCatcher (http://localhost:37919/__cypress/runner/cypress_runner.js:167415:23)\n    at Promise._settlePromiseFromHandler (http://localhost:37919/__cypress/runner/cypress_runner.js:165351:31)\n    at Promise._settlePromise (http://localhost:37919/__cypress/runner/cypress_runner.js:165408:18)\n    at Promise._settlePromise0 (http://localhost:37919/__cypress/runner/cypress_runner.js:165453:10)\n    at Promise._settlePromises (http://localhost:37919/__cypress/runner/cypress_runner.js:165528:18)\n    at Async../node_modules/bluebird/js/release/async.js.Async._drainQueue (http://localhost:37919/__cypress/runner/cypress_runner.js:162140:16)\n    at Async../node_modules/bluebird/js/release/async.js.Async._drainQueues (http://localhost:37919/__cypress/runner/cypress_runner.js:162150:10)\n    at Async.drainQueues (http://localhost:37919/__cypress/runner/cypress_runner.js:162024:14)",
                "diff": null
              },
              "uuid": "6392a7ec-c387-4e34-868e-b5155922256b",
              "parentUUID": "55ddda40-277f-46d5-a7de-6965ff9af16f",
              "isHook": false,
              "skipped": false
            },
            {
              "title": "Verifica se os pixels dentro do quadro não têm a classe `selected` quando são clicados",
              "fullTitle": "7 - Clicar em uma das cores da paleta, faz com que ela seja selecionada e utilizada para preencher os pixels no quadro. Verifica se os pixels dentro do quadro não têm a classe `selected` quando são clicados",
              "timedOut": null,
              "duration": 5386,
              "state": "failed",
              "speed": null,
              "pass": false,
              "fail": true,
              "pending": false,
              "context": null,
              "code": "cy.get('.color').each(function (color) {\n  var backgroundColor = color.css('background-color');\n  cy.wrap(color).click();\n  cy.get('.pixel').each(function (pixel) {\n    cy.wrap(pixel).click().should('not.have.class', 'selected');\n  });\n});",
              "err": {
                "message": "CypressError: Timed out retrying: Expected to find element: '.color', but never found it.",
                "estack": "CypressError: Timed out retrying: Expected to find element: '.color', but never found it.\n    at cypressErr (http://localhost:37919/__cypress/runner/cypress_runner.js:149934:9)\n    at throwErr (http://localhost:37919/__cypress/runner/cypress_runner.js:149867:11)\n    at Object.throwErrByPath (http://localhost:37919/__cypress/runner/cypress_runner.js:149915:3)\n    at retry (http://localhost:37919/__cypress/runner/cypress_runner.js:144197:19)\n    at onFailFn (http://localhost:37919/__cypress/runner/cypress_runner.js:132448:16)\n    at tryCatcher (http://localhost:37919/__cypress/runner/cypress_runner.js:167415:23)\n    at Promise._settlePromiseFromHandler (http://localhost:37919/__cypress/runner/cypress_runner.js:165351:31)\n    at Promise._settlePromise (http://localhost:37919/__cypress/runner/cypress_runner.js:165408:18)\n    at Promise._settlePromise0 (http://localhost:37919/__cypress/runner/cypress_runner.js:165453:10)\n    at Promise._settlePromises (http://localhost:37919/__cypress/runner/cypress_runner.js:165528:18)\n    at Async../node_modules/bluebird/js/release/async.js.Async._drainQueue (http://localhost:37919/__cypress/runner/cypress_runner.js:162140:16)\n    at Async../node_modules/bluebird/js/release/async.js.Async._drainQueues (http://localhost:37919/__cypress/runner/cypress_runner.js:162150:10)\n    at Async.drainQueues (http://localhost:37919/__cypress/runner/cypress_runner.js:162024:14)",
                "diff": null
              },
              "uuid": "bd762a6f-64d3-4a76-96c6-d370658f7e9f",
              "parentUUID": "55ddda40-277f-46d5-a7de-6965ff9af16f",
              "isHook": false,
              "skipped": false
            }
          ],
          "suites": [],
          "passes": [],
          "failures": [
            "6392a7ec-c387-4e34-868e-b5155922256b",
            "bd762a6f-64d3-4a76-96c6-d370658f7e9f"
          ],
          "pending": [],
          "skipped": [],
          "duration": 10873,
          "root": false,
          "rootEmpty": false,
          "_timeout": 2000
        },
        {
          "uuid": "be5f319a-271d-40bf-b910-3e0843b55b1f",
          "title": "8 - Clicar em um pixel dentro do quadro após selecionar uma cor na paleta, faz com que o pixel seja preenchido com a cor selecionada.",
          "fullFile": "",
          "file": "",
          "beforeHooks": [],
          "afterHooks": [],
          "tests": [
            {
              "title": "Verifica se ao carregar a página deve ser possível pintar os pixels de preto",
              "fullTitle": "8 - Clicar em um pixel dentro do quadro após selecionar uma cor na paleta, faz com que o pixel seja preenchido com a cor selecionada. Verifica se ao carregar a página deve ser possível pintar os pixels de preto",
              "timedOut": null,
              "duration": 5640,
              "state": "failed",
              "speed": null,
              "pass": false,
              "fail": true,
              "pending": false,
              "context": null,
              "code": "cy.get('.pixel').each(function (pixel) {\n  cy.wrap(pixel).click().should('have.css', 'background-color', BLACK);\n});",
              "err": {
                "message": "CypressError: Timed out retrying: Expected to find element: '.pixel', but never found it.",
                "estack": "CypressError: Timed out retrying: Expected to find element: '.pixel', but never found it.\n    at cypressErr (http://localhost:37919/__cypress/runner/cypress_runner.js:149934:9)\n    at throwErr (http://localhost:37919/__cypress/runner/cypress_runner.js:149867:11)\n    at Object.throwErrByPath (http://localhost:37919/__cypress/runner/cypress_runner.js:149915:3)\n    at retry (http://localhost:37919/__cypress/runner/cypress_runner.js:144197:19)\n    at onFailFn (http://localhost:37919/__cypress/runner/cypress_runner.js:132448:16)\n    at tryCatcher (http://localhost:37919/__cypress/runner/cypress_runner.js:167415:23)\n    at Promise._settlePromiseFromHandler (http://localhost:37919/__cypress/runner/cypress_runner.js:165351:31)\n    at Promise._settlePromise (http://localhost:37919/__cypress/runner/cypress_runner.js:165408:18)\n    at Promise._settlePromise0 (http://localhost:37919/__cypress/runner/cypress_runner.js:165453:10)\n    at Promise._settlePromises (http://localhost:37919/__cypress/runner/cypress_runner.js:165528:18)\n    at Async../node_modules/bluebird/js/release/async.js.Async._drainQueue (http://localhost:37919/__cypress/runner/cypress_runner.js:162140:16)\n    at Async../node_modules/bluebird/js/release/async.js.Async._drainQueues (http://localhost:37919/__cypress/runner/cypress_runner.js:162150:10)\n    at Async.drainQueues (http://localhost:37919/__cypress/runner/cypress_runner.js:162024:14)",
                "diff": null
              },
              "uuid": "460dc03b-1426-4361-b771-585cadc646bf",
              "parentUUID": "be5f319a-271d-40bf-b910-3e0843b55b1f",
              "isHook": false,
              "skipped": false
            },
            {
              "title": "Verifica se após selecionar uma outra cor na paleta, é possível pintar os pixels com essa cor",
              "fullTitle": "8 - Clicar em um pixel dentro do quadro após selecionar uma cor na paleta, faz com que o pixel seja preenchido com a cor selecionada. Verifica se após selecionar uma outra cor na paleta, é possível pintar os pixels com essa cor",
              "timedOut": null,
              "duration": 6893,
              "state": "failed",
              "speed": null,
              "pass": false,
              "fail": true,
              "pending": false,
              "context": null,
              "code": "cy.get('.color').each(function (color) {\n  var backgroundColor = color.css('background-color');\n  cy.wrap(color).click();\n  cy.get('.pixel').each(function (pixel) {\n    cy.wrap(pixel).click().should('have.css', 'background-color', backgroundColor);\n  });\n});",
              "err": {
                "message": "CypressError: Timed out retrying: Expected to find element: '.color', but never found it.",
                "estack": "CypressError: Timed out retrying: Expected to find element: '.color', but never found it.\n    at cypressErr (http://localhost:37919/__cypress/runner/cypress_runner.js:149934:9)\n    at throwErr (http://localhost:37919/__cypress/runner/cypress_runner.js:149867:11)\n    at Object.throwErrByPath (http://localhost:37919/__cypress/runner/cypress_runner.js:149915:3)\n    at retry (http://localhost:37919/__cypress/runner/cypress_runner.js:144197:19)\n    at onFailFn (http://localhost:37919/__cypress/runner/cypress_runner.js:132448:16)\n    at tryCatcher (http://localhost:37919/__cypress/runner/cypress_runner.js:167415:23)\n    at Promise._settlePromiseFromHandler (http://localhost:37919/__cypress/runner/cypress_runner.js:165351:31)\n    at Promise._settlePromise (http://localhost:37919/__cypress/runner/cypress_runner.js:165408:18)\n    at Promise._settlePromise0 (http://localhost:37919/__cypress/runner/cypress_runner.js:165453:10)\n    at Promise._settlePromises (http://localhost:37919/__cypress/runner/cypress_runner.js:165528:18)\n    at Async../node_modules/bluebird/js/release/async.js.Async._drainQueue (http://localhost:37919/__cypress/runner/cypress_runner.js:162140:16)\n    at Async../node_modules/bluebird/js/release/async.js.Async._drainQueues (http://localhost:37919/__cypress/runner/cypress_runner.js:162150:10)\n    at Async.drainQueues (http://localhost:37919/__cypress/runner/cypress_runner.js:162024:14)",
                "diff": null
              },
              "uuid": "ee7c36d8-eee1-4960-9357-8fa81875f5c2",
              "parentUUID": "be5f319a-271d-40bf-b910-3e0843b55b1f",
              "isHook": false,
              "skipped": false
            },
            {
              "title": "Verifica se somente o pixel que foi clicado foi preenchido com a cor selecionada, sem influenciar na cor dos demais pixels.",
              "fullTitle": "8 - Clicar em um pixel dentro do quadro após selecionar uma cor na paleta, faz com que o pixel seja preenchido com a cor selecionada. Verifica se somente o pixel que foi clicado foi preenchido com a cor selecionada, sem influenciar na cor dos demais pixels.",
              "timedOut": null,
              "duration": 7306,
              "state": "failed",
              "speed": null,
              "pass": false,
              "fail": true,
              "pending": false,
              "context": null,
              "code": "var colorToPixelIndexMap = {\n  0: 6,\n  1: 8,\n  2: 16,\n  3: 18\n};\ncy.get('.color').each(function (color, index) {\n  cy.wrap(color).click();\n  var backgroundColor = color.css('background-color');\n  var clickedPixelIndex = colorToPixelIndexMap[index];\n  cy.get('.pixel').eq(clickedPixelIndex).click();\n  cy.get('.pixel').eq(clickedPixelIndex - 1).should('not.have.css', 'background-color', backgroundColor);\n  cy.get('.pixel').eq(clickedPixelIndex + 1).should('not.have.css', 'background-color', backgroundColor);\n  cy.get('.pixel').eq(clickedPixelIndex - 5).should('not.have.css', 'background-color', backgroundColor);\n  cy.get('.pixel').eq(clickedPixelIndex + 5).should('not.have.css', 'background-color', backgroundColor);\n  cy.get('.pixel').eq(clickedPixelIndex - 6).should('not.have.css', 'background-color', backgroundColor);\n  cy.get('.pixel').eq(clickedPixelIndex - 4).should('not.have.css', 'background-color', backgroundColor);\n  cy.get('.pixel').eq(clickedPixelIndex + 4).should('not.have.css', 'background-color', backgroundColor);\n  cy.get('.pixel').eq(clickedPixelIndex + 6).should('not.have.css', 'background-color', backgroundColor);\n});",
              "err": {
                "message": "CypressError: Timed out retrying: Expected to find element: '.color', but never found it.",
                "estack": "CypressError: Timed out retrying: Expected to find element: '.color', but never found it.\n    at cypressErr (http://localhost:37919/__cypress/runner/cypress_runner.js:149934:9)\n    at throwErr (http://localhost:37919/__cypress/runner/cypress_runner.js:149867:11)\n    at Object.throwErrByPath (http://localhost:37919/__cypress/runner/cypress_runner.js:149915:3)\n    at retry (http://localhost:37919/__cypress/runner/cypress_runner.js:144197:19)\n    at onFailFn (http://localhost:37919/__cypress/runner/cypress_runner.js:132448:16)\n    at tryCatcher (http://localhost:37919/__cypress/runner/cypress_runner.js:167415:23)\n    at Promise._settlePromiseFromHandler (http://localhost:37919/__cypress/runner/cypress_runner.js:165351:31)\n    at Promise._settlePromise (http://localhost:37919/__cypress/runner/cypress_runner.js:165408:18)\n    at Promise._settlePromise0 (http://localhost:37919/__cypress/runner/cypress_runner.js:165453:10)\n    at Promise._settlePromises (http://localhost:37919/__cypress/runner/cypress_runner.js:165528:18)\n    at Async../node_modules/bluebird/js/release/async.js.Async._drainQueue (http://localhost:37919/__cypress/runner/cypress_runner.js:162140:16)\n    at Async../node_modules/bluebird/js/release/async.js.Async._drainQueues (http://localhost:37919/__cypress/runner/cypress_runner.js:162150:10)\n    at Async.drainQueues (http://localhost:37919/__cypress/runner/cypress_runner.js:162024:14)",
                "diff": null
              },
              "uuid": "ab7ff9b9-73ef-4714-818b-287324412af1",
              "parentUUID": "be5f319a-271d-40bf-b910-3e0843b55b1f",
              "isHook": false,
              "skipped": false
            }
          ],
          "suites": [],
          "passes": [],
          "failures": [
            "460dc03b-1426-4361-b771-585cadc646bf",
            "ee7c36d8-eee1-4960-9357-8fa81875f5c2",
            "ab7ff9b9-73ef-4714-818b-287324412af1"
          ],
          "pending": [],
          "skipped": [],
          "duration": 19839,
          "root": false,
          "rootEmpty": false,
          "_timeout": 2000
        },
        {
          "uuid": "50c86935-8f7f-4f5a-b17f-45f51ff5b28b",
          "title": "9 - Crie um botão que, ao ser clicado, limpa o quadro preenchendo a cor de todos seus pixels com branco.",
          "fullFile": "",
          "file": "",
          "beforeHooks": [],
          "afterHooks": [],
          "tests": [
            {
              "title": "Verifica se o botão tem o `id` denominado `clear-board`",
              "fullTitle": "9 - Crie um botão que, ao ser clicado, limpa o quadro preenchendo a cor de todos seus pixels com branco. Verifica se o botão tem o `id` denominado `clear-board`",
              "timedOut": null,
              "duration": 6329,
              "state": "failed",
              "speed": null,
              "pass": false,
              "fail": true,
              "pending": false,
              "context": null,
              "code": "cy.get('#clear-board').should('be.visible');",
              "err": {
                "message": "CypressError: Timed out retrying: Expected to find element: '#clear-board', but never found it.",
                "estack": "CypressError: Timed out retrying: Expected to find element: '#clear-board', but never found it.\n    at cypressErr (http://localhost:37919/__cypress/runner/cypress_runner.js:149934:9)\n    at throwErr (http://localhost:37919/__cypress/runner/cypress_runner.js:149867:11)\n    at Object.throwErrByPath (http://localhost:37919/__cypress/runner/cypress_runner.js:149915:3)\n    at retry (http://localhost:37919/__cypress/runner/cypress_runner.js:144197:19)\n    at onFailFn (http://localhost:37919/__cypress/runner/cypress_runner.js:132448:16)\n    at tryCatcher (http://localhost:37919/__cypress/runner/cypress_runner.js:167415:23)\n    at Promise._settlePromiseFromHandler (http://localhost:37919/__cypress/runner/cypress_runner.js:165351:31)\n    at Promise._settlePromise (http://localhost:37919/__cypress/runner/cypress_runner.js:165408:18)\n    at Promise._settlePromise0 (http://localhost:37919/__cypress/runner/cypress_runner.js:165453:10)\n    at Promise._settlePromises (http://localhost:37919/__cypress/runner/cypress_runner.js:165528:18)\n    at Async../node_modules/bluebird/js/release/async.js.Async._drainQueue (http://localhost:37919/__cypress/runner/cypress_runner.js:162140:16)\n    at Async../node_modules/bluebird/js/release/async.js.Async._drainQueues (http://localhost:37919/__cypress/runner/cypress_runner.js:162150:10)\n    at Async.drainQueues (http://localhost:37919/__cypress/runner/cypress_runner.js:162024:14)",
                "diff": null
              },
              "uuid": "15f80785-3b99-47bb-88d5-3cb9d2a441c3",
              "parentUUID": "50c86935-8f7f-4f5a-b17f-45f51ff5b28b",
              "isHook": false,
              "skipped": false
            },
            {
              "title": "Verifica se o botão está posicionado entre a paleta de cores e o quadro de pixels",
              "fullTitle": "9 - Crie um botão que, ao ser clicado, limpa o quadro preenchendo a cor de todos seus pixels com branco. Verifica se o botão está posicionado entre a paleta de cores e o quadro de pixels",
              "timedOut": null,
              "duration": 6142,
              "state": "failed",
              "speed": null,
              "pass": false,
              "fail": true,
              "pending": false,
              "context": null,
              "code": "cy.get('#color-palette').then(function (palette) {\n  cy.get('#clear-board').should('be.belowOf', palette);\n});\ncy.get('#clear-board').then(function (clearBtn) {\n  cy.get('#pixel-board').should('be.belowOf', clearBtn);\n});",
              "err": {
                "message": "CypressError: Timed out retrying: Expected to find element: '#color-palette', but never found it.",
                "estack": "CypressError: Timed out retrying: Expected to find element: '#color-palette', but never found it.\n    at cypressErr (http://localhost:37919/__cypress/runner/cypress_runner.js:149934:9)\n    at throwErr (http://localhost:37919/__cypress/runner/cypress_runner.js:149867:11)\n    at Object.throwErrByPath (http://localhost:37919/__cypress/runner/cypress_runner.js:149915:3)\n    at retry (http://localhost:37919/__cypress/runner/cypress_runner.js:144197:19)\n    at onFailFn (http://localhost:37919/__cypress/runner/cypress_runner.js:132448:16)\n    at tryCatcher (http://localhost:37919/__cypress/runner/cypress_runner.js:167415:23)\n    at Promise._settlePromiseFromHandler (http://localhost:37919/__cypress/runner/cypress_runner.js:165351:31)\n    at Promise._settlePromise (http://localhost:37919/__cypress/runner/cypress_runner.js:165408:18)\n    at Promise._settlePromise0 (http://localhost:37919/__cypress/runner/cypress_runner.js:165453:10)\n    at Promise._settlePromises (http://localhost:37919/__cypress/runner/cypress_runner.js:165528:18)\n    at Async../node_modules/bluebird/js/release/async.js.Async._drainQueue (http://localhost:37919/__cypress/runner/cypress_runner.js:162140:16)\n    at Async../node_modules/bluebird/js/release/async.js.Async._drainQueues (http://localhost:37919/__cypress/runner/cypress_runner.js:162150:10)\n    at Async.drainQueues (http://localhost:37919/__cypress/runner/cypress_runner.js:162024:14)",
                "diff": null
              },
              "uuid": "bebc5f78-e97c-477f-b32a-a140cbeb2754",
              "parentUUID": "50c86935-8f7f-4f5a-b17f-45f51ff5b28b",
              "isHook": false,
              "skipped": false
            },
            {
              "title": "Verifica se o texto do botão é 'Limpar'",
              "fullTitle": "9 - Crie um botão que, ao ser clicado, limpa o quadro preenchendo a cor de todos seus pixels com branco. Verifica se o texto do botão é 'Limpar'",
              "timedOut": null,
              "duration": 7245,
              "state": "failed",
              "speed": null,
              "pass": false,
              "fail": true,
              "pending": false,
              "context": null,
              "code": "cy.get('#clear-board').should('contain.text', 'Limpar');",
              "err": {
                "message": "CypressError: Timed out retrying: Expected to find element: '#clear-board', but never found it.",
                "estack": "CypressError: Timed out retrying: Expected to find element: '#clear-board', but never found it.\n    at cypressErr (http://localhost:37919/__cypress/runner/cypress_runner.js:149934:9)\n    at throwErr (http://localhost:37919/__cypress/runner/cypress_runner.js:149867:11)\n    at Object.throwErrByPath (http://localhost:37919/__cypress/runner/cypress_runner.js:149915:3)\n    at retry (http://localhost:37919/__cypress/runner/cypress_runner.js:144197:19)\n    at onFailFn (http://localhost:37919/__cypress/runner/cypress_runner.js:132448:16)\n    at tryCatcher (http://localhost:37919/__cypress/runner/cypress_runner.js:167415:23)\n    at Promise._settlePromiseFromHandler (http://localhost:37919/__cypress/runner/cypress_runner.js:165351:31)\n    at Promise._settlePromise (http://localhost:37919/__cypress/runner/cypress_runner.js:165408:18)\n    at Promise._settlePromise0 (http://localhost:37919/__cypress/runner/cypress_runner.js:165453:10)\n    at Promise._settlePromises (http://localhost:37919/__cypress/runner/cypress_runner.js:165528:18)\n    at Async../node_modules/bluebird/js/release/async.js.Async._drainQueue (http://localhost:37919/__cypress/runner/cypress_runner.js:162140:16)\n    at Async../node_modules/bluebird/js/release/async.js.Async._drainQueues (http://localhost:37919/__cypress/runner/cypress_runner.js:162150:10)\n    at Async.drainQueues (http://localhost:37919/__cypress/runner/cypress_runner.js:162024:14)",
                "diff": null
              },
              "uuid": "5c350abf-0e34-46e0-9855-f9f83cb623d8",
              "parentUUID": "50c86935-8f7f-4f5a-b17f-45f51ff5b28b",
              "isHook": false,
              "skipped": false
            },
            {
              "title": "Verifica se ao clicar no botão, o quadro de pixels é totalmente preenchido de branco",
              "fullTitle": "9 - Crie um botão que, ao ser clicado, limpa o quadro preenchendo a cor de todos seus pixels com branco. Verifica se ao clicar no botão, o quadro de pixels é totalmente preenchido de branco",
              "timedOut": null,
              "duration": 5239,
              "state": "failed",
              "speed": null,
              "pass": false,
              "fail": true,
              "pending": false,
              "context": null,
              "code": "cy.get('.color').eq(1).then(function (color) {\n  var backgroundColor = color.css('background-color');\n  cy.wrap(color).click();\n  cy.get('.pixel').each(function (pixel) {\n    cy.wrap(pixel).click().should('have.css', 'background-color', backgroundColor);\n  });\n});\ncy.get('#clear-board').click();\ncy.get('.pixel').each(function (pixel) {\n  cy.wrap(pixel).should('have.css', 'background-color', WHITE);\n});",
              "err": {
                "message": "CypressError: Timed out retrying: Expected to find element: '.color', but never found it.",
                "estack": "CypressError: Timed out retrying: Expected to find element: '.color', but never found it.\n    at cypressErr (http://localhost:37919/__cypress/runner/cypress_runner.js:149934:9)\n    at throwErr (http://localhost:37919/__cypress/runner/cypress_runner.js:149867:11)\n    at Object.throwErrByPath (http://localhost:37919/__cypress/runner/cypress_runner.js:149915:3)\n    at retry (http://localhost:37919/__cypress/runner/cypress_runner.js:144197:19)\n    at onFailFn (http://localhost:37919/__cypress/runner/cypress_runner.js:132448:16)\n    at tryCatcher (http://localhost:37919/__cypress/runner/cypress_runner.js:167415:23)\n    at Promise._settlePromiseFromHandler (http://localhost:37919/__cypress/runner/cypress_runner.js:165351:31)\n    at Promise._settlePromise (http://localhost:37919/__cypress/runner/cypress_runner.js:165408:18)\n    at Promise._settlePromise0 (http://localhost:37919/__cypress/runner/cypress_runner.js:165453:10)\n    at Promise._settlePromises (http://localhost:37919/__cypress/runner/cypress_runner.js:165528:18)\n    at Async../node_modules/bluebird/js/release/async.js.Async._drainQueue (http://localhost:37919/__cypress/runner/cypress_runner.js:162140:16)\n    at Async../node_modules/bluebird/js/release/async.js.Async._drainQueues (http://localhost:37919/__cypress/runner/cypress_runner.js:162150:10)\n    at Async.drainQueues (http://localhost:37919/__cypress/runner/cypress_runner.js:162024:14)",
                "diff": null
              },
              "uuid": "7e1d7aa5-a19e-417a-8ed8-261a02d70631",
              "parentUUID": "50c86935-8f7f-4f5a-b17f-45f51ff5b28b",
              "isHook": false,
              "skipped": false
            }
          ],
          "suites": [],
          "passes": [],
          "failures": [
            "15f80785-3b99-47bb-88d5-3cb9d2a441c3",
            "bebc5f78-e97c-477f-b32a-a140cbeb2754",
            "5c350abf-0e34-46e0-9855-f9f83cb623d8",
            "7e1d7aa5-a19e-417a-8ed8-261a02d70631"
          ],
          "pending": [],
          "skipped": [],
          "duration": 24955,
          "root": false,
          "rootEmpty": false,
          "_timeout": 2000
        },
        {
          "uuid": "4fdb2c7d-a4da-42a9-b9ae-2e298ad23768",
          "title": "10 - Faça o quadro de pixels ter seu tamanho definido pelo usuário.",
          "fullFile": "",
          "file": "",
          "beforeHooks": [],
          "afterHooks": [],
          "tests": [
            {
              "title": "Verifica se existe um input com o id `board-size`",
              "fullTitle": "10 - Faça o quadro de pixels ter seu tamanho definido pelo usuário. Verifica se existe um input com o id `board-size`",
              "timedOut": null,
              "duration": 5299,
              "state": "failed",
              "speed": null,
              "pass": false,
              "fail": true,
              "pending": false,
              "context": null,
              "code": "cy.get('#board-size').should('be.visible');",
              "err": {
                "message": "CypressError: Timed out retrying: Expected to find element: '#board-size', but never found it.",
[...]
                "diff": null
              },
              "uuid": "ce440750-7c91-426e-a7ac-d50c48916b31",
              "parentUUID": "4fdb2c7d-a4da-42a9-b9ae-2e298ad23768",
              "isHook": false,
              "skipped": false
            },
            {
              "title": "Verifica se o novo quadro tem todos os pixels preenchidos com a cor branca",
              "fullTitle": "10 - Faça o quadro de pixels ter seu tamanho definido pelo usuário. Verifica se o novo quadro tem todos os pixels preenchidos com a cor branca",
              "timedOut": null,
              "duration": 5395,
              "state": "failed",
              "speed": null,
              "pass": false,
              "fail": true,
              "pending": false,
              "context": null,
              "code": "cy.get('#board-size').clear().type(6);\ncy.get('#generate-board').click();\ncy.get('.pixel').should('have.length', 36).each(function (pixel) {\n  expect(pixel).to.have.css('background-color', WHITE);\n});",
              "err": {
                "message": "CypressError: Timed out retrying: Expected to find element: '#board-size', but never found it.",
                "estack": "CypressError: Timed out retrying: Expected to find element: '#board-size', but never found it.\n    at cypressErr (http://localhost:37919/__cypress/runner/cypress_runner.js:149934:9)\n    at throwErr (http://localhost:37919/__cypress/runner/cypress_runner.js:149867:11)\n    at Object.throwErrByPath (http://localhost:37919/__cypress/runner/cypress_runner.js:149915:3)\n    at retry (http://localhost:37919/__cypress/runner/cypress_runner.js:144197:19)\n    at onFailFn (http://localhost:37919/__cypress/runner/cypress_runner.js:132448:16)\n    at tryCatcher (http://localhost:37919/__cypress/runner/cypress_runner.js:167415:23)\n    at Promise._settlePromiseFromHandler (http://localhost:37919/__cypress/runner/cypress_runner.js:165351:31)\n    at Promise._settlePromise (http://localhost:37919/__cypress/runner/cypress_runner.js:165408:18)\n    at Promise._settlePromise0 (http://localhost:37919/__cypress/runner/cypress_runner.js:165453:10)\n    at Promise._settlePromises (http://localhost:37919/__cypress/runner/cypress_runner.js:165528:18)\n    at Async../node_modules/bluebird/js/release/async.js.Async._drainQueue (http://localhost:37919/__cypress/runner/cypress_runner.js:162140:16)\n    at Async../node_modules/bluebird/js/release/async.js.Async._drainQueues (http://localhost:37919/__cypress/runner/cypress_runner.js:162150:10)\n    at Async.drainQueues (http://localhost:37919/__cypress/runner/cypress_runner.js:162024:14)",
                "diff": null
              },
              "uuid": "2a05a25d-620f-4929-85ae-a8d75510f76e",
              "parentUUID": "4fdb2c7d-a4da-42a9-b9ae-2e298ad23768",
              "isHook": false,
              "skipped": false
            }
          ],
          "suites": [],
          "passes": [],
          "failures": [
            "8e550b06-43e7-469a-af5c-1012350e8c12",
            "b0bd1c84-4da9-498e-9032-47b6afcb9165",
            "ae121d88-a1a6-4fc7-8ba4-032f11801323",
            "b81a42a8-d428-4e4d-b936-1067f77d78d5",
            "ccba2dee-a609-4563-8efb-c15077db4e2a",
            "08d2dff4-4049-4952-a42a-389873948604",
            "2919f3c4-6375-4206-8bb7-334d53309c99",
            "ce440750-7c91-426e-a7ac-d50c48916b31",
            "2a05a25d-620f-4929-85ae-a8d75510f76e"
          ],
          "pending": [],
          "skipped": [],
          "duration": 49245,
          "root": false,
          "rootEmpty": false,
          "_timeout": 2000
        },
        {
          "uuid": "c06ae913-4601-4935-ada2-dbc4c84198de",
          "title": "11 - Limite o tamanho mínimo e máximo do board.",
          "fullFile": "",
          "file": "",
          "beforeHooks": [],
          "afterHooks": [],
          "tests": [
            {
              "title": "Verifica se a altura máxima do board é 50",
              "fullTitle": "11 - Limite o tamanho mínimo e máximo do board. Verifica se a altura máxima do board é 50",
              "timedOut": null,
              "duration": 5879,
              "state": "failed",
              "speed": null,
              "pass": false,
              "fail": true,
              "pending": false,
              "context": null,
              "code": "cy.get('#board-size').clear().type(50);\ncy.get('#generate-board').click();\ncy.get('.pixel').should('have.length', 2500);",
              "err": {
                "message": "CypressError: Timed out retrying: Expected to find element: '#board-size', but never found it.",
                "estack": "CypressError: Timed out retrying: Expected to find element: '#board-size', but never found it.\n    at cypressErr (http://localhost:37919/__cypress/runner/cypress_runner.js:149934:9)\n    at throwErr (http://localhost:37919/__cypress/runner/cypress_runner.js:149867:11)\n    at Object.throwErrByPath (http://localhost:37919/__cypress/runner/cypress_runner.js:149915:3)\n    at retry (http://localhost:37919/__cypress/runner/cypress_runner.js:144197:19)\n    at onFailFn (http://localhost:37919/__cypress/runner/cypress_runner.js:132448:16)\n    at tryCatcher (http://localhost:37919/__cypress/runner/cypress_runner.js:167415:23)\n    at Promise._settlePromiseFromHandler (http://localhost:37919/__cypress/runner/cypress_runner.js:165351:31)\n    at Promise._settlePromise (http://localhost:37919/__cypress/runner/cypress_runner.js:165408:18)\n    at Promise._settlePromise0 (http://localhost:37919/__cypress/runner/cypress_runner.js:165453:10)\n    at Promise._settlePromises (http://localhost:37919/__cypress/runner/cypress_runner.js:165528:18)\n    at Async../node_modules/bluebird/js/release/async.js.Async._drainQueue (http://localhost:37919/__cypress/runner/cypress_runner.js:162140:16)\n    at Async../node_modules/bluebird/js/release/async.js.Async._drainQueues (http://localhost:37919/__cypress/runner/cypress_runner.js:162150:10)\n    at Async.drainQueues (http://localhost:37919/__cypress/runner/cypress_runner.js:162024:14)",
                "diff": null
              },
              "uuid": "65a1cde9-e9f5-4b75-b494-3307e9d94e93",
              "parentUUID": "c06ae913-4601-4935-ada2-dbc4c84198de",
              "isHook": false,
              "skipped": false
            },
            {
              "title": "Verifica se a altura do board é 5 quando um valor menor é colocado no input",
              "fullTitle": "11 - Limite o tamanho mínimo e máximo do board. Verifica se a altura do board é 5 quando um valor menor é colocado no input",
              "timedOut": null,
              "duration": 5863,
              "state": "failed",
              "speed": null,
              "pass": false,
              "fail": true,
              "pending": false,
              "context": null,
              "code": "cy.get('#board-size').clear().type(4);\ncy.get('#generate-board').click();\ncy.get('.pixel').should('have.length', 25);",
              "err": {
                "message": "CypressError: Timed out retrying: Expected to find element: '#board-size', but never found it.",
                "estack": "CypressError: Timed out retrying: Expected to find element: '#board-size', but never found it.\n    at cypressErr (http://localhost:37919/__cypress/runner/cypress_runner.js:149934:9)\n    at throwErr (http://localhost:37919/__cypress/runner/cypress_runner.js:149867:11)\n    at Object.throwErrByPath (http://localhost:37919/__cypress/runner/cypress_runner.js:149915:3)\n    at retry (http://localhost:37919/__cypress/runner/cypress_runner.js:144197:19)\n    at onFailFn (http://localhost:37919/__cypress/runner/cypress_runner.js:132448:16)\n    at tryCatcher (http://localhost:37919/__cypress/runner/cypress_runner.js:167415:23)\n    at Promise._settlePromiseFromHandler (http://localhost:37919/__cypress/runner/cypress_runner.js:165351:31)\n    at Promise._settlePromise (http://localhost:37919/__cypress/runner/cypress_runner.js:165408:18)\n    at Promise._settlePromise0 (http://localhost:37919/__cypress/runner/cypress_runner.js:165453:10)\n    at Promise._settlePromises (http://localhost:37919/__cypress/runner/cypress_runner.js:165528:18)\n    at Async../node_modules/bluebird/js/release/async.js.Async._drainQueue (http://localhost:37919/__cypress/runner/cypress_runner.js:162140:16)\n    at Async../node_modules/bluebird/js/release/async.js.Async._drainQueues (http://localhost:37919/__cypress/runner/cypress_runner.js:162150:10)\n    at Async.drainQueues (http://localhost:37919/__cypress/runner/cypress_runner.js:162024:14)",
                "diff": null
              },
              "uuid": "f70c725d-a6e2-48f2-a78d-a034f2375875",
              "parentUUID": "c06ae913-4601-4935-ada2-dbc4c84198de",
              "isHook": false,
              "skipped": false
            },
            {
              "title": "Verifica se a altura do board é 50 quando um valor maior é colocado no input",
              "fullTitle": "11 - Limite o tamanho mínimo e máximo do board. Verifica se a altura do board é 50 quando um valor maior é colocado no input",
              "timedOut": null,
              "duration": 5340,
              "state": "failed",
              "speed": null,
              "pass": false,
              "fail": true,
              "pending": false,
              "context": null,
              "code": "cy.get('#board-size').clear().type(51);\ncy.get('#generate-board').click();\ncy.get('.pixel').should('have.length', 2500);",
              "err": {
                "message": "CypressError: Timed out retrying: Expected to find element: '#board-size', but never found it.",
                "estack": "CypressError: Timed out retrying: Expected to find element: '#board-size', but never found it.\n    at cypressErr (http://localhost:37919/__cypress/runner/cypress_runner.js:149934:9)\n    at throwErr (http://localhost:37919/__cypress/runner/cypress_runner.js:149867:11)\n    at Object.throwErrByPath (http://localhost:37919/__cypress/runner/cypress_runner.js:149915:3)\n    at retry (http://localhost:37919/__cypress/runner/cypress_runner.js:144197:19)\n    at onFailFn (http://localhost:37919/__cypress/runner/cypress_runner.js:132448:16)\n    at tryCatcher (http://localhost:37919/__cypress/runner/cypress_runner.js:167415:23)\n    at Promise._settlePromiseFromHandler (http://localhost:37919/__cypress/runner/cypress_runner.js:165351:31)\n    at Promise._settlePromise (http://localhost:37919/__cypress/runner/cypress_runner.js:165408:18)\n    at Promise._settlePromise0 (http://localhost:37919/__cypress/runner/cypress_runner.js:165453:10)\n    at Promise._settlePromises (http://localhost:37919/__cypress/runner/cypress_runner.js:165528:18)\n    at Async../node_modules/bluebird/js/release/async.js.Async._drainQueue (http://localhost:37919/__cypress/runner/cypress_runner.js:162140:16)\n    at Async../node_modules/bluebird/js/release/async.js.Async._drainQueues (http://localhost:37919/__cypress/runner/cypress_runner.js:162150:10)\n    at Async.drainQueues (http://localhost:37919/__cypress/runner/cypress_runner.js:162024:14)",
                "diff": null
              },
              "uuid": "d548c3e6-ba2e-4b25-bb67-e0320d1a8732",
              "parentUUID": "c06ae913-4601-4935-ada2-dbc4c84198de",
              "isHook": false,
              "skipped": false
            }
          ],
          "suites": [],
          "passes": [],
          "failures": [
            "65a1cde9-e9f5-4b75-b494-3307e9d94e93",
            "f70c725d-a6e2-48f2-a78d-a034f2375875",
            "d548c3e6-ba2e-4b25-bb67-e0320d1a8732"
          ],
          "pending": [],
          "skipped": [],
          "duration": 17082,
          "root": false,
          "rootEmpty": false,
          "_timeout": 2000
        },
        {
          "uuid": "c6a46389-a8ce-4ec0-8e73-0a2f7bc5377e",
          "title": "12 - Faça com que as cores da paleta sejam geradas aleatoriamente ao carregar a página.",
          "fullFile": "",
          "file": "",
          "beforeHooks": [],
          "afterHooks": [],
          "tests": [
            {
              "title": "Verifica se as cores geradas na paleta são diferentes a cada carregamento da página",
              "fullTitle": "12 - Faça com que as cores da paleta sejam geradas aleatoriamente ao carregar a página. Verifica se as cores geradas na paleta são diferentes a cada carregamento da página",
              "timedOut": null,
              "duration": 6723,
              "state": "failed",
              "speed": null,
              "pass": false,
              "fail": true,
              "pending": false,
              "context": null,
              "code": "cy.get('.color').then(function (colors) {\n  var currentColors;\n  var previousColors;\n  previousColors = Array.from(colors).map(function (color) {\n    return Cypress.$(color).css('background-color');\n  });\n  for (var i = 0; i < 5; i += 1) {\n    cy.reload();\n    cy.get('.color').then(function (colors) {\n      currentColors = Array.from(colors).map(function (color) {\n        return Cypress.$(color).css('background-color');\n      });\n      expect(currentColors).not.to.deep.equal(previousColors);\n      previousColors = currentColors;\n    });\n  }\n});",
              "err": {
                "message": "CypressError: Timed out retrying: Expected to find element: '.color', but never found it.",
                "estack": "CypressError: Timed out retrying: Expected to find element: '.color', but never found it.\n    at cypressErr (http://localhost:37919/__cypress/runner/cypress_runner.js:149934:9)\n    at throwErr (http://localhost:37919/__cypress/runner/cypress_runner.js:149867:11)\n    at Object.throwErrByPath (http://localhost:37919/__cypress/runner/cypress_runner.js:149915:3)\n    at retry (http://localhost:37919/__cypress/runner/cypress_runner.js:144197:19)\n    at onFailFn (http://localhost:37919/__cypress/runner/cypress_runner.js:132448:16)\n    at tryCatcher (http://localhost:37919/__cypress/runner/cypress_runner.js:167415:23)\n    at Promise._settlePromiseFromHandler (http://localhost:37919/__cypress/runner/cypress_runner.js:165351:31)\n    at Promise._settlePromise (http://localhost:37919/__cypress/runner/cypress_runner.js:165408:18)\n    at Promise._settlePromise0 (http://localhost:37919/__cypress/runner/cypress_runner.js:165453:10)\n    at Promise._settlePromises (http://localhost:37919/__cypress/runner/cypress_runner.js:165528:18)\n    at Async../node_modules/bluebird/js/release/async.js.Async._drainQueue (http://localhost:37919/__cypress/runner/cypress_runner.js:162140:16)\n    at Async../node_modules/bluebird/js/release/async.js.Async._drainQueues (http://localhost:37919/__cypress/runner/cypress_runner.js:162150:10)\n    at Async.drainQueues (http://localhost:37919/__cypress/runner/cypress_runner.js:162024:14)",
                "diff": null
              },
              "uuid": "5f1530c8-7b10-4cbc-b31c-a973dc0a6bf0",
              "parentUUID": "c6a46389-a8ce-4ec0-8e73-0a2f7bc5377e",
              "isHook": false,
              "skipped": false
            },
            {
              "title": "Verifica se a cor preta ainda está presente e é a primeira na sua paleta de cores",
              "fullTitle": "12 - Faça com que as cores da paleta sejam geradas aleatoriamente ao carregar a página. Verifica se a cor preta ainda está presente e é a primeira na sua paleta de cores",
              "timedOut": null,
              "duration": 5723,
              "state": "failed",
              "speed": null,
              "pass": false,
              "fail": true,
              "pending": false,
              "context": null,
              "code": "cy.get('.color').then(function (colors) {\n  var currentColors;\n  var previousColors;\n  previousColors = Array.from(colors).map(function (color) {\n    return Cypress.$(color).css('background-color');\n  });\n  expect(previousColors[0]).to.eq(BLACK);\n  for (var i = 0; i < 5; i += 1) {\n    cy.reload();\n    cy.get('.color').then(function (colors) {\n      currentColors = Array.from(colors).map(function (color) {\n        return Cypress.$(color).css('background-color');\n      });\n      expect(currentColors[0]).to.eq(BLACK);\n      expect(currentColors).not.to.deep.equal(previousColors);\n      previousColors = currentColors;\n    });\n  }\n});",
              "err": {
                "message": "CypressError: Timed out retrying: Expected to find element: '.color', but never found it.",
                "estack": "CypressError: Timed out retrying: Expected to find element: '.color', but never found it.\n    at cypressErr (http://localhost:37919/__cypress/runner/cypress_runner.js:149934:9)\n    at throwErr (http://localhost:37919/__cypress/runner/cypress_runner.js:149867:11)\n    at Object.throwErrByPath (http://localhost:37919/__cypress/runner/cypress_runner.js:149915:3)\n    at retry (http://localhost:37919/__cypress/runner/cypress_runner.js:144197:19)\n    at onFailFn (http://localhost:37919/__cypress/runner/cypress_runner.js:132448:16)\n    at tryCatcher (http://localhost:37919/__cypress/runner/cypress_runner.js:167415:23)\n    at Promise._settlePromiseFromHandler (http://localhost:37919/__cypress/runner/cypress_runner.js:165351:31)\n    at Promise._settlePromise (http://localhost:37919/__cypress/runner/cypress_runner.js:165408:18)\n    at Promise._settlePromise0 (http://localhost:37919/__cypress/runner/cypress_runner.js:165453:10)\n    at Promise._settlePromises (http://localhost:37919/__cypress/runner/cypress_runner.js:165528:18)\n    at Async../node_modules/bluebird/js/release/async.js.Async._drainQueue (http://localhost:37919/__cypress/runner/cypress_runner.js:162140:16)\n    at Async../node_modules/bluebird/js/release/async.js.Async._drainQueues (http://localhost:37919/__cypress/runner/cypress_runner.js:162150:10)\n    at Async.drainQueues (http://localhost:37919/__cypress/runner/cypress_runner.js:162024:14)",
                "diff": null
              },
              "uuid": "a8287ea6-a939-437e-867b-ed912fe27f31",
              "parentUUID": "c6a46389-a8ce-4ec0-8e73-0a2f7bc5377e",
              "isHook": false,
              "skipped": false
            }
          ],
          "suites": [],
          "passes": [],
          "failures": [
            "5f1530c8-7b10-4cbc-b31c-a973dc0a6bf0",
            "a8287ea6-a939-437e-867b-ed912fe27f31"
          ],
          "pending": [],
          "skipped": [],
          "duration": 12446,
          "root": false,
          "rootEmpty": false,
          "_timeout": 2000
        }
      ],
      "passes": [],
      "failures": [],
      "pending": [],
      "skipped": [],
      "duration": 0,
      "root": true,
      "rootEmpty": true,
      "_timeout": 2000
    }
  ],
  "meta": {
    "mocha": {
      "version": "7.0.1"
    },
    "mochawesome": {
      "options": {
        "quiet": false,
        "reportFilename": "mochawesome",
        "saveHtml": false,
        "saveJson": true,
        "consoleReporter": "spec",
        "useInlineDiffs": false
      },
      "version": "4.1.0"
    },
    "marge": {
      "options": {
        "id": "default",
        "reportDir": "cypress/reports",
        "overwrite": true,
        "html": false,
        "json": true
      },
      "version": "4.1.0"
    }
  }
}