{
  "stats": {
    "suites": 12,
    "tests": 41,
    "passes": 26,
    "pending": 0,
    "failures": 15,
    "start": "2021-08-23T23:55:22.021Z",
    "end": "2021-08-23T23:57:17.115Z",
    "duration": 115094,
    "testsRegistered": 41,
    "passPercent": 63.41463414634146,
    "pendingPercent": 0,
    "other": 0,
    "hasOther": false,
    "skipped": 0,
    "hasSkipped": false
  },
  "results": [
    {
      "uuid": "fe2d7054-cc89-44a4-8ea8-cefa6f878327",
      "title": "",
      "fullFile": "cypress/integration/project.spec.js",
      "file": "cypress/integration/project.spec.js",
      "beforeHooks": [],
      "afterHooks": [],
      "tests": [],
      "suites": [
        {
          "uuid": "1dc9d9f5-a7fd-4adf-a536-65a13d1232fe",
          "title": "1 - Adicione à página o título \"Paleta de Cores\".",
          "fullFile": "",
          "file": "",
          "beforeHooks": [],
          "afterHooks": [],
          "tests": [
            {
              "title": "Verifica se contém um elemento `h1` com o id `title` com o título correto",
              "fullTitle": "1 - Adicione à página o título \"Paleta de Cores\". Verifica se contém um elemento `h1` com o id `title` com o título correto",
              "timedOut": null,
              "duration": 417,
              "state": "passed",
              "speed": "slow",
              "pass": true,
              "fail": false,
              "pending": false,
              "context": null,
              "code": "cy.get('h1#title').should('contain.text', 'Paleta de Cores');",
              "err": {},
              "uuid": "abb67846-2422-4ae9-a3ec-e39e1a8c7cab",
              "parentUUID": "1dc9d9f5-a7fd-4adf-a536-65a13d1232fe",
              "isHook": false,
              "skipped": false
            }
          ],
          "suites": [],
          "passes": [
            "abb67846-2422-4ae9-a3ec-e39e1a8c7cab"
          ],
          "failures": [],
          "pending": [],
          "skipped": [],
          "duration": 417,
          "root": false,
          "rootEmpty": false,
          "_timeout": 2000
        },
        {
          "uuid": "f23d3575-3c16-446c-9aa7-978f0cee4ca1",
          "title": "2 - Adicione à página uma paleta de quatro cores distintas.",
          "fullFile": "",
          "file": "",
          "beforeHooks": [],
          "afterHooks": [],
          "tests": [
            {
              "title": "A paleta de cores deve ser um elemento com `id` denominado `color-palette`",
              "fullTitle": "2 - Adicione à página uma paleta de quatro cores distintas. A paleta de cores deve ser um elemento com `id` denominado `color-palette`",
              "timedOut": null,
              "duration": 227,
              "state": "passed",
              "speed": "slow",
              "pass": true,
              "fail": false,
              "pending": false,
              "context": null,
              "code": "cy.get('#color-palette').should('be.visible');",
              "err": {},
              "uuid": "129cda26-40ac-4513-9dae-652fee8a7e66",
              "parentUUID": "f23d3575-3c16-446c-9aa7-978f0cee4ca1",
              "isHook": false,
              "skipped": false
            },
            {
              "title": "Verifica se cada cor individual da paleta de cores possui a `classe` chamada `color`.",
              "fullTitle": "2 - Adicione à página uma paleta de quatro cores distintas. Verifica se cada cor individual da paleta de cores possui a `classe` chamada `color`.",
              "timedOut": null,
              "duration": 505,
              "state": "passed",
              "speed": "slow",
              "pass": true,
              "fail": false,
              "pending": false,
              "context": null,
              "code": "cy.get('.color').should('have.length', 4).then(function (colors) {\n  for (var i = 0; i < colors.length; i++) {\n    cy.wrap(colors[i]).should('be.visible');\n  }\n});",
              "err": {},
              "uuid": "9cab057d-b447-4004-aa39-c0cd7571aa10",
              "parentUUID": "f23d3575-3c16-446c-9aa7-978f0cee4ca1",
              "isHook": false,
              "skipped": false
            },
            {
              "title": "Verifica se a cor de fundo de cada elemento da paleta é a cor que o elemento representa. **A única cor não permitida na paleta é a cor branca.**",
              "fullTitle": "2 - Adicione à página uma paleta de quatro cores distintas. Verifica se a cor de fundo de cada elemento da paleta é a cor que o elemento representa. **A única cor não permitida na paleta é a cor branca.**",
              "timedOut": null,
              "duration": 620,
              "state": "passed",
              "speed": "slow",
              "pass": true,
              "fail": false,
              "pending": false,
              "context": null,
              "code": "cy.get('.color').each(function (color) {\n  cy.wrap(color).should('have.class', 'color').and('not.have.css', 'background-color', WHITE);\n  cy.wrap(color).should('have.css', 'background-color');\n});",
              "err": {},
              "uuid": "06229b33-25e8-46f4-a5e5-d7e453036466",
              "parentUUID": "f23d3575-3c16-446c-9aa7-978f0cee4ca1",
              "isHook": false,
              "skipped": false
            },
            {
              "title": "Verifica se cada elemento da paleta de cores tem uma borda preta, sólida e com 1 pixel de largura;",
              "fullTitle": "2 - Adicione à página uma paleta de quatro cores distintas. Verifica se cada elemento da paleta de cores tem uma borda preta, sólida e com 1 pixel de largura;",
              "timedOut": null,
              "duration": 1044,
              "state": "passed",
              "speed": "slow",
              "pass": true,
              "fail": false,
              "pending": false,
              "context": null,
              "code": "cy.get('.color').each(function (color) {\n  cy.wrap(color).and('have.css', 'border', \"1px solid \".concat(BLACK)).and('have.class', 'color');\n});",
              "err": {},
              "uuid": "2e92c706-929f-4173-a08d-2d0c8eeffefc",
              "parentUUID": "f23d3575-3c16-446c-9aa7-978f0cee4ca1",
              "isHook": false,
              "skipped": false
            },
            {
              "title": "Verifica se a paleta lista todas as cores disponíveis para utilização, lado a lado.",
              "fullTitle": "2 - Adicione à página uma paleta de quatro cores distintas. Verifica se a paleta lista todas as cores disponíveis para utilização, lado a lado.",
              "timedOut": null,
              "duration": 492,
              "state": "passed",
              "speed": "slow",
              "pass": true,
              "fail": false,
              "pending": false,
              "context": null,
              "code": "cy.get('.color').then(function (colors) {\n  for (var index = 1; index < colors.length; index += 1) {\n    var currentColor = colors[index];\n    var previousColor = colors[index - 1];\n    cy.wrap(currentColor).should('be.onTheRightOf', previousColor).and('be.horizontallyAlignedWith', previousColor);\n  }\n});",
              "err": {},
              "uuid": "2eaec614-e9b1-49a3-8af8-24df7d0a46d1",
              "parentUUID": "f23d3575-3c16-446c-9aa7-978f0cee4ca1",
              "isHook": false,
              "skipped": false
            },
            {
              "title": "Verifica se a paleta de cores está posicionada abaixo do título 'Paleta de Cores'",
              "fullTitle": "2 - Adicione à página uma paleta de quatro cores distintas. Verifica se a paleta de cores está posicionada abaixo do título 'Paleta de Cores'",
              "timedOut": null,
              "duration": 670,
              "state": "passed",
              "speed": "slow",
              "pass": true,
              "fail": false,
              "pending": false,
              "context": null,
              "code": "cy.get('h1#title').then(function (title) {\n  cy.get('#color-palette').should('be.belowOf', title);\n});",
              "err": {},
              "uuid": "87f88628-feb0-4a6f-907f-e2763972c6db",
              "parentUUID": "f23d3575-3c16-446c-9aa7-978f0cee4ca1",
              "isHook": false,
              "skipped": false
            },
            {
              "title": "Verifica se a paleta de cores não contém cores repetidas.",
              "fullTitle": "2 - Adicione à página uma paleta de quatro cores distintas. Verifica se a paleta de cores não contém cores repetidas.",
              "timedOut": null,
              "duration": 369,
              "state": "passed",
              "speed": "slow",
              "pass": true,
              "fail": false,
              "pending": false,
              "context": null,
              "code": "cy.get('.color').then(function (colors) {\n  var allColors = Array.from(colors).map(function (color) {\n    return Cypress.$(color).css('background-color');\n  });\n  cy.log(allColors);\n  var uniqColors = (0, _toConsumableArray2[\"default\"])(new Set(allColors));\n  cy.log(uniqColors);\n  expect(allColors.length).to.eq(uniqColors.length);\n});",
              "err": {},
              "uuid": "e2ea42c6-8e06-4f95-a491-a437c45c2db7",
              "parentUUID": "f23d3575-3c16-446c-9aa7-978f0cee4ca1",
              "isHook": false,
              "skipped": false
            }
          ],
          "suites": [],
          "passes": [
            "129cda26-40ac-4513-9dae-652fee8a7e66",
            "9cab057d-b447-4004-aa39-c0cd7571aa10",
            "06229b33-25e8-46f4-a5e5-d7e453036466",
            "2e92c706-929f-4173-a08d-2d0c8eeffefc",
            "2eaec614-e9b1-49a3-8af8-24df7d0a46d1",
            "87f88628-feb0-4a6f-907f-e2763972c6db",
            "e2ea42c6-8e06-4f95-a491-a437c45c2db7"
          ],
          "failures": [],
          "pending": [],
          "skipped": [],
          "duration": 3927,
          "root": false,
          "rootEmpty": false,
          "_timeout": 2000
        },
        {
          "uuid": "07c4d40c-dcc1-4d49-b28c-753529a6e1c4",
          "title": "3 - Adicione a cor **preta** como a primeira cor da paleta de cores.",
          "fullFile": "",
          "file": "",
          "beforeHooks": [],
          "afterHooks": [],
          "tests": [
            {
              "title": "Verifica se a primeira cor da paleta é preta",
              "fullTitle": "3 - Adicione a cor **preta** como a primeira cor da paleta de cores. Verifica se a primeira cor da paleta é preta",
              "timedOut": null,
              "duration": 515,
              "state": "passed",
              "speed": "slow",
              "pass": true,
              "fail": false,
              "pending": false,
              "context": null,
              "code": "cy.get('.color').first().should('have.css', 'background-color', BLACK);",
              "err": {},
              "uuid": "2fd79517-a3be-43a4-aacd-3f4fcad2dc02",
              "parentUUID": "07c4d40c-dcc1-4d49-b28c-753529a6e1c4",
              "isHook": false,
              "skipped": false
            },
            {
              "title": "Verifica se as demais cores podem ser escolhidas livremente.",
              "fullTitle": "3 - Adicione a cor **preta** como a primeira cor da paleta de cores. Verifica se as demais cores podem ser escolhidas livremente.",
              "timedOut": null,
              "duration": 642,
              "state": "passed",
              "speed": "slow",
              "pass": true,
              "fail": false,
              "pending": false,
              "context": null,
              "code": "cy.get('.color').eq(1).should('not.have.css', 'background-color', BLACK);\ncy.get('.color').eq(1).should('not.have.css', 'background-color', WHITE);\ncy.get('.color').eq(1).should('not.have.css', 'background-color', 'rgba(0, 0, 0, 0)');\ncy.get('.color').eq(1).should('have.css', 'background-color');\ncy.get('.color').eq(2).should('not.have.css', 'background-color', BLACK);\ncy.get('.color').eq(2).should('not.have.css', 'background-color', WHITE);\ncy.get('.color').eq(2).should('not.have.css', 'background-color', 'rgba(0, 0, 0, 0)');\ncy.get('.color').eq(2).should('have.css', 'background-color');\ncy.get('.color').eq(3).should('not.have.css', 'background-color', BLACK);\ncy.get('.color').eq(3).should('not.have.css', 'background-color', WHITE);\ncy.get('.color').eq(3).should('not.have.css', 'background-color', 'rgba(0, 0, 0, 0)');\ncy.get('.color').eq(3).should('have.css', 'background-color');",
              "err": {},
              "uuid": "f528ce41-ff69-487d-a17e-218faea65b9f",
              "parentUUID": "07c4d40c-dcc1-4d49-b28c-753529a6e1c4",
              "isHook": false,
              "skipped": false
            }
          ],
          "suites": [],
          "passes": [
            "2fd79517-a3be-43a4-aacd-3f4fcad2dc02",
            "f528ce41-ff69-487d-a17e-218faea65b9f"
          ],
          "failures": [],
          "pending": [],
          "skipped": [],
          "duration": 1157,
          "root": false,
          "rootEmpty": false,
          "_timeout": 2000
        },
        {
          "uuid": "d6e10c73-70ef-4b33-94f8-fd456451cf97",
          "title": "4 - Adicione à página um quadro de pixels, com 25 pixels.",
          "fullFile": "",
          "file": "",
          "beforeHooks": [],
          "afterHooks": [],
          "tests": [
            {
              "title": "Verifica se o quadro de pixels possui o `id` denominado `pixel-board`",
              "fullTitle": "4 - Adicione à página um quadro de pixels, com 25 pixels. Verifica se o quadro de pixels possui o `id` denominado `pixel-board`",
              "timedOut": null,
              "duration": 185,
              "state": "passed",
              "speed": "slow",
              "pass": true,
              "fail": false,
              "pending": false,
              "context": null,
              "code": "cy.get('#pixel-board').should('be.visible');",
              "err": {},
              "uuid": "f11abeb6-c98b-428b-a2f5-9be5690293ee",
              "parentUUID": "d6e10c73-70ef-4b33-94f8-fd456451cf97",
              "isHook": false,
              "skipped": false
            },
            {
              "title": "Verifica se cada pixel individual dentro do quadro possui a `classe` denominada `pixel`.",
              "fullTitle": "4 - Adicione à página um quadro de pixels, com 25 pixels. Verifica se cada pixel individual dentro do quadro possui a `classe` denominada `pixel`.",
              "timedOut": null,
              "duration": 345,
              "state": "passed",
              "speed": "slow",
              "pass": true,
              "fail": false,
              "pending": false,
              "context": null,
              "code": "cy.get('.pixel').should('have.length', 25);",
              "err": {},
              "uuid": "ccf9ce46-9d2f-483b-86b8-a22300adfbb6",
              "parentUUID": "d6e10c73-70ef-4b33-94f8-fd456451cf97",
              "isHook": false,
              "skipped": false
            },
            {
              "title": "Verifica se a cor inicial dos pixels dentro do quadro, ao abrir a página, é branca.",
              "fullTitle": "4 - Adicione à página um quadro de pixels, com 25 pixels. Verifica se a cor inicial dos pixels dentro do quadro, ao abrir a página, é branca.",
              "timedOut": null,
              "duration": 608,
              "state": "passed",
              "speed": "slow",
              "pass": true,
              "fail": false,
              "pending": false,
              "context": null,
              "code": "cy.get('.pixel').should('have.length', 25).each(function (pixel) {\n  expect(pixel).to.have.css('background-color', WHITE);\n});",
              "err": {},
              "uuid": "afce9002-d895-446a-987f-ec3ba162628b",
              "parentUUID": "d6e10c73-70ef-4b33-94f8-fd456451cf97",
              "isHook": false,
              "skipped": false
            },
            {
              "title": "Verifica se o quadro de pixels aparece abaixo da paleta de cores",
              "fullTitle": "4 - Adicione à página um quadro de pixels, com 25 pixels. Verifica se o quadro de pixels aparece abaixo da paleta de cores",
              "timedOut": null,
              "duration": 242,
              "state": "passed",
              "speed": "slow",
              "pass": true,
              "fail": false,
              "pending": false,
              "context": null,
              "code": "cy.get('#color-palette').then(function (palette) {\n  cy.get('#pixel-board').should('be.belowOf', palette);\n});",
              "err": {},
              "uuid": "d9bdd99d-c5b6-4b4d-8e27-3f8688671224",
              "parentUUID": "d6e10c73-70ef-4b33-94f8-fd456451cf97",
              "isHook": false,
              "skipped": false
            }
          ],
          "suites": [],
          "passes": [
            "f11abeb6-c98b-428b-a2f5-9be5690293ee",
            "ccf9ce46-9d2f-483b-86b8-a22300adfbb6",
            "afce9002-d895-446a-987f-ec3ba162628b",
            "d9bdd99d-c5b6-4b4d-8e27-3f8688671224"
          ],
          "failures": [],
          "pending": [],
          "skipped": [],
          "duration": 1380,
          "root": false,
          "rootEmpty": false,
          "_timeout": 2000
        },
        {
          "uuid": "70847b86-7bc9-4602-a34a-874636a25573",
          "title": "5 - Faça com que cada elemento do quadro de pixels possua 40 pixels de largura, 40 pixels de altura e seja delimitado por uma borda preta de 1 pixel.",
          "fullFile": "",
          "file": "",
          "beforeHooks": [],
          "afterHooks": [],
          "tests": [
            {
              "title": "Verifica se o quadro de pixels tem altura e comprimento de 5 elementos",
              "fullTitle": "5 - Faça com que cada elemento do quadro de pixels possua 40 pixels de largura, 40 pixels de altura e seja delimitado por uma borda preta de 1 pixel. Verifica se o quadro de pixels tem altura e comprimento de 5 elementos",
              "timedOut": null,
              "duration": 1371,
              "state": "passed",
              "speed": "slow",
              "pass": true,
              "fail": false,
              "pending": false,
              "context": null,
              "code": "cy.get('.pixel').should('have.length', 25).each(function (pixel) {\n  expect(pixel).to.have.css('background-color', WHITE);\n}).and(function (pixels) {\n  var rows = chunk(pixels, 5);\n  rows.forEach(function (row) {\n    for (var index = 1; index < row.length; index += 1) {\n      var current = pixels[index];\n      var previous = pixels[index - 1];\n      cy.wrap(current).should('be.onTheRightOf', previous).and('be.horizontallyAlignedWith', previous);\n    }\n  });\n  for (var index = 1; index < 5; index += 1) {\n    expect(pixels[index * 5]).to.be.belowOf(pixels[(index - 1) * 5]);\n  }\n});",
              "err": {},
              "uuid": "dfca28a5-7ac7-4c1d-9383-2e026c23c641",
              "parentUUID": "70847b86-7bc9-4602-a34a-874636a25573",
              "isHook": false,
              "skipped": false
            },
            {
              "title": "Verifica se 40 pixels é o tamanho total do elemento, incluindo seu conteúdo e excluindo a borda preta, que deve ser criada à parte.",
              "fullTitle": "5 - Faça com que cada elemento do quadro de pixels possua 40 pixels de largura, 40 pixels de altura e seja delimitado por uma borda preta de 1 pixel. Verifica se 40 pixels é o tamanho total do elemento, incluindo seu conteúdo e excluindo a borda preta, que deve ser criada à parte.",
              "timedOut": null,
              "duration": 2603,
              "state": "passed",
              "speed": "slow",
              "pass": true,
              "fail": false,
              "pending": false,
              "context": null,
              "code": "cy.get('.pixel').each(function (pixel) {\n  cy.wrap(pixel).should('have.css', 'height', '40px').and('have.css', 'width', '40px').and('have.css', 'border', \"1px solid \".concat(BLACK));\n});",
              "err": {},
              "uuid": "494f9d9a-04cd-4b3b-b8e8-6c4e5547cdd3",
              "parentUUID": "70847b86-7bc9-4602-a34a-874636a25573",
              "isHook": false,
              "skipped": false
            }
          ],
          "suites": [],
          "passes": [
            "dfca28a5-7ac7-4c1d-9383-2e026c23c641",
            "494f9d9a-04cd-4b3b-b8e8-6c4e5547cdd3"
          ],
          "failures": [],
          "pending": [],
          "skipped": [],
          "duration": 3974,
          "root": false,
          "rootEmpty": false,
          "_timeout": 2000
        },
        {
          "uuid": "94b263a6-ccde-4fbf-a527-7b04b018d359",
          "title": "6 - Defina a cor preta como cor inicial. Ao carregar a página a cor preta já deve estar selecionada para pintar os pixels",
          "fullFile": "",
          "file": "",
          "beforeHooks": [],
          "afterHooks": [],
          "tests": [
            {
              "title": "Verifica se o elemento da cor preta possui, inicialmente, a `classe` `selected`",
              "fullTitle": "6 - Defina a cor preta como cor inicial. Ao carregar a página a cor preta já deve estar selecionada para pintar os pixels Verifica se o elemento da cor preta possui, inicialmente, a `classe` `selected`",
              "timedOut": null,
              "duration": 473,
              "state": "passed",
              "speed": "slow",
              "pass": true,
              "fail": false,
              "pending": false,
              "context": null,
              "code": "cy.get('.selected').first().should('have.css', 'background-color', BLACK);",
              "err": {},
              "uuid": "a747262c-a585-419f-b9f0-e078834b9c44",
              "parentUUID": "94b263a6-ccde-4fbf-a527-7b04b018d359",
              "isHook": false,
              "skipped": false
            },
            {
              "title": "Verifica se nenhuma outra cor da paleta tem a `classe` `selected`",
              "fullTitle": "6 - Defina a cor preta como cor inicial. Ao carregar a página a cor preta já deve estar selecionada para pintar os pixels Verifica se nenhuma outra cor da paleta tem a `classe` `selected`",
              "timedOut": null,
              "duration": 324,
              "state": "passed",
              "speed": "slow",
              "pass": true,
              "fail": false,
              "pending": false,
              "context": null,
              "code": "cy.get('.color:not(:first-child)').each(function (color) {\n  cy.wrap(color).should('not.have.class', 'selected');\n});",
              "err": {},
              "uuid": "94c2c0a2-a602-44d1-8bbf-8b284d7ebb01",
              "parentUUID": "94b263a6-ccde-4fbf-a527-7b04b018d359",
              "isHook": false,
              "skipped": false
            }
          ],
          "suites": [],
          "passes": [
            "a747262c-a585-419f-b9f0-e078834b9c44",
            "94c2c0a2-a602-44d1-8bbf-8b284d7ebb01"
          ],
          "failures": [],
          "pending": [],
          "skipped": [],
          "duration": 797,
          "root": false,
          "rootEmpty": false,
          "_timeout": 2000
        },
        {
          "uuid": "a04863f3-31bd-42d9-8b3a-924841dd777b",
          "title": "7 - Clicar em uma das cores da paleta, faz com que ela seja selecionada e utilizada para preencher os pixels no quadro.",
          "fullFile": "",
          "file": "",
          "beforeHooks": [],
          "afterHooks": [],
          "tests": [
            {
              "title": "Verifica se somente uma cor da paleta de cores tem a classe `selected` de cada vez",
              "fullTitle": "7 - Clicar em uma das cores da paleta, faz com que ela seja selecionada e utilizada para preencher os pixels no quadro. Verifica se somente uma cor da paleta de cores tem a classe `selected` de cada vez",
              "timedOut": null,
              "duration": 904,
              "state": "passed",
              "speed": "slow",
              "pass": true,
              "fail": false,
              "pending": false,
              "context": null,
              "code": "cy.get('.color').each(function (selectedColor, selectedColorIndex) {\n  cy.wrap(selectedColor).click();\n  cy.get('.color').each(function (color, colorIndex) {\n    if (colorIndex === selectedColorIndex) {\n      expect(color).to.have[\"class\"]('selected');\n    } else {\n      expect(color).not.to.have[\"class\"]('selected');\n    }\n  });\n});",
              "err": {},
              "uuid": "4b0ec5c6-eebb-42b9-80a4-471225ed7817",
              "parentUUID": "a04863f3-31bd-42d9-8b3a-924841dd777b",
              "isHook": false,
              "skipped": false
            },
            {
              "title": "Verifica se os pixels dentro do quadro não têm a classe `selected` quando são clicados",
              "fullTitle": "7 - Clicar em uma das cores da paleta, faz com que ela seja selecionada e utilizada para preencher os pixels no quadro. Verifica se os pixels dentro do quadro não têm a classe `selected` quando são clicados",
              "timedOut": null,
              "duration": 11403,
              "state": "passed",
              "speed": "slow",
              "pass": true,
              "fail": false,
              "pending": false,
              "context": null,
              "code": "cy.get('.color').each(function (color) {\n  var backgroundColor = color.css('background-color');\n  cy.wrap(color).click();\n  cy.get('.pixel').each(function (pixel) {\n    cy.wrap(pixel).click().should('not.have.class', 'selected');\n  });\n});",
              "err": {},
              "uuid": "1096341f-a2d4-408f-9655-0f1523fae5e9",
              "parentUUID": "a04863f3-31bd-42d9-8b3a-924841dd777b",
              "isHook": false,
              "skipped": false
            }
          ],
          "suites": [],
          "passes": [
            "4b0ec5c6-eebb-42b9-80a4-471225ed7817",
            "1096341f-a2d4-408f-9655-0f1523fae5e9"
          ],
          "failures": [],
          "pending": [],
          "skipped": [],
          "duration": 12307,
          "root": false,
          "rootEmpty": false,
          "_timeout": 2000
        },
        {
          "uuid": "f3ff5811-e9b8-4634-aefa-d85554653cb0",
          "title": "8 - Clicar em um pixel dentro do quadro após selecionar uma cor na paleta, faz com que o pixel seja preenchido com a cor selecionada.",
          "fullFile": "",
          "file": "",
          "beforeHooks": [],
          "afterHooks": [],
          "tests": [
            {
              "title": "Verifica se ao carregar a página deve ser possível pintar os pixels de preto",
              "fullTitle": "8 - Clicar em um pixel dentro do quadro após selecionar uma cor na paleta, faz com que o pixel seja preenchido com a cor selecionada. Verifica se ao carregar a página deve ser possível pintar os pixels de preto",
              "timedOut": null,
              "duration": 3134,
              "state": "passed",
              "speed": "slow",
              "pass": true,
              "fail": false,
              "pending": false,
              "context": null,
              "code": "cy.get('.pixel').each(function (pixel) {\n  cy.wrap(pixel).click().should('have.css', 'background-color', BLACK);\n});",
              "err": {},
              "uuid": "58db356f-22ef-42b5-af5b-f0e21e67e4b3",
              "parentUUID": "f3ff5811-e9b8-4634-aefa-d85554653cb0",
              "isHook": false,
              "skipped": false
            },
            {
              "title": "Verifica se após selecionar uma outra cor na paleta, é possível pintar os pixels com essa cor",
              "fullTitle": "8 - Clicar em um pixel dentro do quadro após selecionar uma cor na paleta, faz com que o pixel seja preenchido com a cor selecionada. Verifica se após selecionar uma outra cor na paleta, é possível pintar os pixels com essa cor",
              "timedOut": null,
              "duration": 11418,
              "state": "passed",
              "speed": "slow",
              "pass": true,
              "fail": false,
              "pending": false,
              "context": null,
              "code": "cy.get('.color').each(function (color) {\n  var backgroundColor = color.css('background-color');\n  cy.wrap(color).click();\n  cy.get('.pixel').each(function (pixel) {\n    cy.wrap(pixel).click().should('have.css', 'background-color', backgroundColor);\n  });\n});",
              "err": {},
              "uuid": "292a5496-65e7-4e3f-9664-5905f001a533",
              "parentUUID": "f3ff5811-e9b8-4634-aefa-d85554653cb0",
              "isHook": false,
              "skipped": false
            },
            {
              "title": "Verifica se somente o pixel que foi clicado foi preenchido com a cor selecionada, sem influenciar na cor dos demais pixels.",
              "fullTitle": "8 - Clicar em um pixel dentro do quadro após selecionar uma cor na paleta, faz com que o pixel seja preenchido com a cor selecionada. Verifica se somente o pixel que foi clicado foi preenchido com a cor selecionada, sem influenciar na cor dos demais pixels.",
              "timedOut": null,
              "duration": 2778,
              "state": "passed",
              "speed": "slow",
              "pass": true,
              "fail": false,
              "pending": false,
              "context": null,
              "code": "var colorToPixelIndexMap = {\n  0: 6,\n  1: 8,\n  2: 16,\n  3: 18\n};\ncy.get('.color').each(function (color, index) {\n  cy.wrap(color).click();\n  var backgroundColor = color.css('background-color');\n  var clickedPixelIndex = colorToPixelIndexMap[index];\n  cy.get('.pixel').eq(clickedPixelIndex).click();\n  cy.get('.pixel').eq(clickedPixelIndex - 1).should('not.have.css', 'background-color', backgroundColor);\n  cy.get('.pixel').eq(clickedPixelIndex + 1).should('not.have.css', 'background-color', backgroundColor);\n  cy.get('.pixel').eq(clickedPixelIndex - 5).should('not.have.css', 'background-color', backgroundColor);\n  cy.get('.pixel').eq(clickedPixelIndex + 5).should('not.have.css', 'background-color', backgroundColor);\n  cy.get('.pixel').eq(clickedPixelIndex - 6).should('not.have.css', 'background-color', backgroundColor);\n  cy.get('.pixel').eq(clickedPixelIndex - 4).should('not.have.css', 'background-color', backgroundColor);\n  cy.get('.pixel').eq(clickedPixelIndex + 4).should('not.have.css', 'background-color', backgroundColor);\n  cy.get('.pixel').eq(clickedPixelIndex + 6).should('not.have.css', 'background-color', backgroundColor);\n});",
              "err": {},
              "uuid": "be4a3b73-c3ca-4355-a168-582343fbc0cc",
              "parentUUID": "f3ff5811-e9b8-4634-aefa-d85554653cb0",
              "isHook": false,
              "skipped": false
            }
          ],
          "suites": [],
          "passes": [
            "58db356f-22ef-42b5-af5b-f0e21e67e4b3",
            "292a5496-65e7-4e3f-9664-5905f001a533",
            "be4a3b73-c3ca-4355-a168-582343fbc0cc"
          ],
          "failures": [],
          "pending": [],
          "skipped": [],
          "duration": 17330,
          "root": false,
          "rootEmpty": false,
          "_timeout": 2000
        },
        {
          "uuid": "2e48ac64-64d1-4d29-87bf-0b8e69f00887",
          "title": "9 - Crie um botão que, ao ser clicado, limpa o quadro preenchendo a cor de todos seus pixels com branco.",
          "fullFile": "",
          "file": "",
          "beforeHooks": [],
          "afterHooks": [],
          "tests": [
            {
              "title": "Verifica se o botão tem o `id` denominado `clear-board`",
              "fullTitle": "9 - Crie um botão que, ao ser clicado, limpa o quadro preenchendo a cor de todos seus pixels com branco. Verifica se o botão tem o `id` denominado `clear-board`",
              "timedOut": null,
              "duration": 412,
              "state": "passed",
              "speed": "slow",
              "pass": true,
              "fail": false,
              "pending": false,
              "context": null,
              "code": "cy.get('#clear-board').should('be.visible');",
              "err": {},
              "uuid": "06cca297-0258-4fc1-85e9-0c216d9a7b04",
              "parentUUID": "2e48ac64-64d1-4d29-87bf-0b8e69f00887",
              "isHook": false,
              "skipped": false
            },
            {
              "title": "Verifica se o botão está posicionado entre a paleta de cores e o quadro de pixels",
              "fullTitle": "9 - Crie um botão que, ao ser clicado, limpa o quadro preenchendo a cor de todos seus pixels com branco. Verifica se o botão está posicionado entre a paleta de cores e o quadro de pixels",
              "timedOut": null,
              "duration": 225,
              "state": "passed",
              "speed": "slow",
              "pass": true,
              "fail": false,
              "pending": false,
              "context": null,
              "code": "cy.get('#color-palette').then(function (palette) {\n  cy.get('#clear-board').should('be.belowOf', palette);\n});\ncy.get('#clear-board').then(function (clearBtn) {\n  cy.get('#pixel-board').should('be.belowOf', clearBtn);\n});",
              "err": {},
              "uuid": "56b332e3-4f83-470f-91cb-708902c7abc8",
              "parentUUID": "2e48ac64-64d1-4d29-87bf-0b8e69f00887",
              "isHook": false,
              "skipped": false
            },
            {
              "title": "Verifica se o texto do botão é 'Limpar'",
              "fullTitle": "9 - Crie um botão que, ao ser clicado, limpa o quadro preenchendo a cor de todos seus pixels com branco. Verifica se o texto do botão é 'Limpar'",
              "timedOut": null,
              "duration": 164,
              "state": "passed",
              "speed": "slow",
              "pass": true,
              "fail": false,
              "pending": false,
              "context": null,
              "code": "cy.get('#clear-board').should('contain.text', 'Limpar');",
              "err": {},
              "uuid": "f5d1314d-8c9d-4e20-9583-4dcdb494177a",
              "parentUUID": "2e48ac64-64d1-4d29-87bf-0b8e69f00887",
              "isHook": false,
              "skipped": false
            },
            {
              "title": "Verifica se ao clicar no botão, o quadro de pixels é totalmente preenchido de branco",
              "fullTitle": "9 - Crie um botão que, ao ser clicado, limpa o quadro preenchendo a cor de todos seus pixels com branco. Verifica se ao clicar no botão, o quadro de pixels é totalmente preenchido de branco",
              "timedOut": null,
              "duration": 7230,
              "state": "failed",
              "speed": null,
              "pass": false,
              "fail": true,
              "pending": false,
              "context": null,
              "code": "cy.get('.color').eq(1).then(function (color) {\n  var backgroundColor = color.css('background-color');\n  cy.wrap(color).click();\n  cy.get('.pixel').each(function (pixel) {\n    cy.wrap(pixel).click().should('have.css', 'background-color', backgroundColor);\n  });\n});\ncy.get('#clear-board').click();\ncy.get('.pixel').each(function (pixel) {\n  cy.wrap(pixel).should('have.css', 'background-color', WHITE);\n});",
              "err": {
                "message": "CypressError: Timed out retrying: expected '<div.pixel>' to have CSS property 'background-color' with the value 'rgb(255, 255, 255)', but the value was 'rgb(255, 0, 0)'",
                "estack": "CypressError: Timed out retrying: expected '<div.pixel>' to have CSS property 'background-color' with the value 'rgb(255, 255, 255)', but the value was 'rgb(255, 0, 0)'\n    at cypressErr (http://localhost:52727/__cypress/runner/cypress_runner.js:149934:9)\n    at throwErr (http://localhost:52727/__cypress/runner/cypress_runner.js:149867:11)\n    at Object.throwErrByPath (http://localhost:52727/__cypress/runner/cypress_runner.js:149915:3)\n    at retry (http://localhost:52727/__cypress/runner/cypress_runner.js:144197:19)\n    at onFailFn (http://localhost:52727/__cypress/runner/cypress_runner.js:132448:16)\n    at tryCatcher (http://localhost:52727/__cypress/runner/cypress_runner.js:167415:23)\n    at Promise._settlePromiseFromHandler (http://localhost:52727/__cypress/runner/cypress_runner.js:165351:31)\n    at Promise._settlePromise (http://localhost:52727/__cypress/runner/cypress_runner.js:165408:18)\n    at Promise._settlePromise0 (http://localhost:52727/__cypress/runner/cypress_runner.js:165453:10)\n    at Promise._settlePromises (http://localhost:52727/__cypress/runner/cypress_runner.js:165528:18)\n    at Async../node_modules/bluebird/js/release/async.js.Async._drainQueue (http://localhost:52727/__cypress/runner/cypress_runner.js:162140:16)\n    at Async../node_modules/bluebird/js/release/async.js.Async._drainQueues (http://localhost:52727/__cypress/runner/cypress_runner.js:162150:10)\n    at Async.drainQueues (http://localhost:52727/__cypress/runner/cypress_runner.js:162024:14)",
                "diff": null
              },
              "uuid": "467c6fb9-3ce7-49ae-91db-a588dc8202ef",
              "parentUUID": "2e48ac64-64d1-4d29-87bf-0b8e69f00887",
              "isHook": false,
              "skipped": false
            }
          ],
          "suites": [],
          "passes": [
            "06cca297-0258-4fc1-85e9-0c216d9a7b04",
            "56b332e3-4f83-470f-91cb-708902c7abc8",
            "f5d1314d-8c9d-4e20-9583-4dcdb494177a"
          ],
          "failures": [
            "467c6fb9-3ce7-49ae-91db-a588dc8202ef"
          ],
          "pending": [],
          "skipped": [],
          "duration": 8031,
          "root": false,
          "rootEmpty": false,
          "_timeout": 2000
        },
        {
          "uuid": "3798f822-d855-4b95-9ebb-23236993ca85",
          "title": "10 - Faça o quadro de pixels ter seu tamanho definido pelo usuário.",
          "fullFile": "",
          "file": "",
          "beforeHooks": [],
          "afterHooks": [],
          "tests": [
            {
              "title": "Verifica se existe um input com o id `board-size`",
              "fullTitle": "10 - Faça o quadro de pixels ter seu tamanho definido pelo usuário. Verifica se existe um input com o id `board-size`",
              "timedOut": null,
              "duration": 4832,
              "state": "failed",
              "speed": null,
              "pass": false,
              "fail": true,
              "pending": false,
              "context": null,
              "code": "cy.get('#board-size').should('be.visible');",
              "err": {
                "message": "CypressError: Timed out retrying: Expected to find element: '#board-size', but never found it.",
                "estack": "CypressError: Timed out retrying: Expected to find element: '#board-size', but never found it.\n    at cypressErr (http://localhost:52727/__cypress/runner/cypress_runner.js:149934:9)\n    at throwErr (http://localhost:52727/__cypress/runner/cypress_runner.js:149867:11)\n    at Object.throwErrByPath (http://localhost:52727/__cypress/runner/cypress_runner.js:149915:3)\n    at retry (http://localhost:52727/__cypress/runner/cypress_runner.js:144197:19)\n    at onFailFn (http://localhost:52727/__cypress/runner/cypress_runner.js:132448:16)\n    at tryCatcher (http://localhost:52727/__cypress/runner/cypress_runner.js:167415:23)\n    at Promise._settlePromiseFromHandler (http://localhost:52727/__cypress/runner/cypress_runner.js:165351:31)\n    at Promise._settlePromise (http://localhost:52727/__cypress/runner/cypress_runner.js:165408:18)\n    at Promise._settlePromise0 (http://localhost:52727/__cypress/runner/cypress_runner.js:165453:10)\n    at Promise._settlePromises (http://localhost:52727/__cypress/runner/cypress_runner.js:165528:18)\n    at Async../node_modules/bluebird/js/release/async.js.Async._drainQueue (http://localhost:52727/__cypress/runner/cypress_runner.js:162140:16)\n    at Async../node_modules/bluebird/js/release/async.js.Async._drainQueues (http://localhost:52727/__cypress/runner/cypress_runner.js:162150:10)\n    at Async.drainQueues (http://localhost:52727/__cypress/runner/cypress_runner.js:162024:14)",
                "diff": null
              },
              "uuid": "562341f2-b598-4326-9890-28f5ba62f6ee",
              "parentUUID": "3798f822-d855-4b95-9ebb-23236993ca85",
              "isHook": false,
              "skipped": false
            },
            {
              "title": "Verifica se existe um botão com o id `generate-board`",
              "fullTitle": "10 - Faça o quadro de pixels ter seu tamanho definido pelo usuário. Verifica se existe um botão com o id `generate-board`",
              "timedOut": null,
              "duration": 4870,
              "state": "failed",
              "speed": null,
              "pass": false,
              "fail": true,
              "pending": false,
              "context": null,
              "code": "cy.get('#generate-board').should('be.visible');",
              "err": {
                "message": "CypressError: Timed out retrying: Expected to find element: '#generate-board', but never found it.",
                "estack": "CypressError: Timed out retrying: Expected to find element: '#generate-board', but never found it.\n    at cypressErr (http://localhost:52727/__cypress/runner/cypress_runner.js:149934:9)\n    at throwErr (http://localhost:52727/__cypress/runner/cypress_runner.js:149867:11)\n    at Object.throwErrByPath (http://localhost:52727/__cypress/runner/cypress_runner.js:149915:3)\n    at retry (http://localhost:52727/__cypress/runner/cypress_runner.js:144197:19)\n    at onFailFn (http://localhost:52727/__cypress/runner/cypress_runner.js:132448:16)\n    at tryCatcher (http://localhost:52727/__cypress/runner/cypress_runner.js:167415:23)\n    at Promise._settlePromiseFromHandler (http://localhost:52727/__cypress/runner/cypress_runner.js:165351:31)\n    at Promise._settlePromise (http://localhost:52727/__cypress/runner/cypress_runner.js:165408:18)\n    at Promise._settlePromise0 (http://localhost:52727/__cypress/runner/cypress_runner.js:165453:10)\n    at Promise._settlePromises (http://localhost:52727/__cypress/runner/cypress_runner.js:165528:18)\n    at Async../node_modules/bluebird/js/release/async.js.Async._drainQueue (http://localhost:52727/__cypress/runner/cypress_runner.js:162140:16)\n    at Async../node_modules/bluebird/js/release/async.js.Async._drainQueues (http://localhost:52727/__cypress/runner/cypress_runner.js:162150:10)\n    at Async.drainQueues (http://localhost:52727/__cypress/runner/cypress_runner.js:162024:14)",
                "diff": null
              },
              "uuid": "a70f7fd8-5368-45da-9948-10321ff685fc",
              "parentUUID": "3798f822-d855-4b95-9ebb-23236993ca85",
              "isHook": false,
              "skipped": false
            },
            {
              "title": "Verifica se o input só aceita número maiores que zero. Essa restrição deve ser feita usando os atributos do elemento `input`",
              "fullTitle": "10 - Faça o quadro de pixels ter seu tamanho definido pelo usuário. Verifica se o input só aceita número maiores que zero. Essa restrição deve ser feita usando os atributos do elemento `input`",
              "timedOut": null,
              "duration": 4794,
              "state": "failed",
              "speed": null,
              "pass": false,
              "fail": true,
              "pending": false,
              "context": null,
              "code": "cy.get('#board-size[type=\\'number\\'][min=\\'1\\']');",
              "err": {
                "message": "CypressError: Timed out retrying: Expected to find element: '#board-size[type='number'][min='1']', but never found it.",
                "estack": "CypressError: Timed out retrying: Expected to find element: '#board-size[type='number'][min='1']', but never found it.\n    at cypressErr (http://localhost:52727/__cypress/runner/cypress_runner.js:149934:9)\n    at throwErr (http://localhost:52727/__cypress/runner/cypress_runner.js:149867:11)\n    at Object.throwErrByPath (http://localhost:52727/__cypress/runner/cypress_runner.js:149915:3)\n    at retry (http://localhost:52727/__cypress/runner/cypress_runner.js:144197:19)\n    at onFailFn (http://localhost:52727/__cypress/runner/cypress_runner.js:132448:16)\n    at tryCatcher (http://localhost:52727/__cypress/runner/cypress_runner.js:167415:23)\n    at Promise._settlePromiseFromHandler (http://localhost:52727/__cypress/runner/cypress_runner.js:165351:31)\n    at Promise._settlePromise (http://localhost:52727/__cypress/runner/cypress_runner.js:165408:18)\n    at Promise._settlePromise0 (http://localhost:52727/__cypress/runner/cypress_runner.js:165453:10)\n    at Promise._settlePromises (http://localhost:52727/__cypress/runner/cypress_runner.js:165528:18)\n    at Async../node_modules/bluebird/js/release/async.js.Async._drainQueue (http://localhost:52727/__cypress/runner/cypress_runner.js:162140:16)\n    at Async../node_modules/bluebird/js/release/async.js.Async._drainQueues (http://localhost:52727/__cypress/runner/cypress_runner.js:162150:10)\n    at Async.drainQueues (http://localhost:52727/__cypress/runner/cypress_runner.js:162024:14)",
                "diff": null
              },
              "uuid": "1532c23e-fcc2-4ac2-9b7f-bc89ca9c58ce",
              "parentUUID": "3798f822-d855-4b95-9ebb-23236993ca85",
              "isHook": false,
              "skipped": false
            },
            {
              "title": "Verifica se o botão contém o texto 'VQV'",
              "fullTitle": "10 - Faça o quadro de pixels ter seu tamanho definido pelo usuário. Verifica se o botão contém o texto 'VQV'",
              "timedOut": null,
              "duration": 4893,
              "state": "failed",
              "speed": null,
              "pass": false,
              "fail": true,
              "pending": false,
              "context": null,
              "code": "cy.get('#generate-board').contains(/vqv/i);",
              "err": {
                "message": "CypressError: Timed out retrying: Expected to find element: '#generate-board', but never found it.",
                "estack": "CypressError: Timed out retrying: Expected to find element: '#generate-board', but never found it.\n    at cypressErr (http://localhost:52727/__cypress/runner/cypress_runner.js:149934:9)\n    at throwErr (http://localhost:52727/__cypress/runner/cypress_runner.js:149867:11)\n    at Object.throwErrByPath (http://localhost:52727/__cypress/runner/cypress_runner.js:149915:3)\n    at retry (http://localhost:52727/__cypress/runner/cypress_runner.js:144197:19)\n    at onFailFn (http://localhost:52727/__cypress/runner/cypress_runner.js:132448:16)\n    at tryCatcher (http://localhost:52727/__cypress/runner/cypress_runner.js:167415:23)\n    at Promise._settlePromiseFromHandler (http://localhost:52727/__cypress/runner/cypress_runner.js:165351:31)\n    at Promise._settlePromise (http://localhost:52727/__cypress/runner/cypress_runner.js:165408:18)\n    at Promise._settlePromise0 (http://localhost:52727/__cypress/runner/cypress_runner.js:165453:10)\n    at Promise._settlePromises (http://localhost:52727/__cypress/runner/cypress_runner.js:165528:18)\n    at Async../node_modules/bluebird/js/release/async.js.Async._drainQueue (http://localhost:52727/__cypress/runner/cypress_runner.js:162140:16)\n    at Async../node_modules/bluebird/js/release/async.js.Async._drainQueues (http://localhost:52727/__cypress/runner/cypress_runner.js:162150:10)\n    at Async.drainQueues (http://localhost:52727/__cypress/runner/cypress_runner.js:162024:14)",
                "diff": null
              },
              "uuid": "fbb2a592-d67e-42f6-aff9-355aee3b9d1a",
              "parentUUID": "3798f822-d855-4b95-9ebb-23236993ca85",
              "isHook": false,
              "skipped": false
            },
            {
              "title": "Verifica se o input está posicionado entre a paleta de cores e o quadro de pixels",
              "fullTitle": "10 - Faça o quadro de pixels ter seu tamanho definido pelo usuário. Verifica se o input está posicionado entre a paleta de cores e o quadro de pixels",
              "timedOut": null,
              "duration": 5012,
              "state": "failed",
              "speed": null,
              "pass": false,
              "fail": true,
              "pending": false,
              "context": null,
              "code": "cy.get('#color-palette').then(function (palette) {\n  cy.get('#board-size').should('be.belowOf', palette);\n});\ncy.get('#board-size').then(function (palette) {\n  cy.get('#pixel-board').should('be.belowOf', palette);\n});",
              "err": {
                "message": "CypressError: Timed out retrying: Expected to find element: '#board-size', but never found it.",
                "estack": "CypressError: Timed out retrying: Expected to find element: '#board-size', but never found it.\n    at cypressErr (http://localhost:52727/__cypress/runner/cypress_runner.js:149934:9)\n    at throwErr (http://localhost:52727/__cypress/runner/cypress_runner.js:149867:11)\n    at Object.throwErrByPath (http://localhost:52727/__cypress/runner/cypress_runner.js:149915:3)\n    at retry (http://localhost:52727/__cypress/runner/cypress_runner.js:144197:19)\n    at onFailFn (http://localhost:52727/__cypress/runner/cypress_runner.js:132448:16)\n    at tryCatcher (http://localhost:52727/__cypress/runner/cypress_runner.js:167415:23)\n    at Promise._settlePromiseFromHandler (http://localhost:52727/__cypress/runner/cypress_runner.js:165351:31)\n    at Promise._settlePromise (http://localhost:52727/__cypress/runner/cypress_runner.js:165408:18)\n    at Promise._settlePromise0 (http://localhost:52727/__cypress/runner/cypress_runner.js:165453:10)\n    at Promise._settlePromises (http://localhost:52727/__cypress/runner/cypress_runner.js:165528:18)\n    at Async../node_modules/bluebird/js/release/async.js.Async._drainQueue (http://localhost:52727/__cypress/runner/cypress_runner.js:162140:16)\n    at Async../node_modules/bluebird/js/release/async.js.Async._drainQueues (http://localhost:52727/__cypress/runner/cypress_runner.js:162150:10)\n    at Async.drainQueues (http://localhost:52727/__cypress/runner/cypress_runner.js:162024:14)",
                "diff": null
              },
              "uuid": "e375f26e-8627-47c3-991b-1751febb77f1",
              "parentUUID": "3798f822-d855-4b95-9ebb-23236993ca85",
              "isHook": false,
              "skipped": false
            },
            {
              "title": "Verifica se o botão está posicionado ao lado do input",
              "fullTitle": "10 - Faça o quadro de pixels ter seu tamanho definido pelo usuário. Verifica se o botão está posicionado ao lado do input",
              "timedOut": null,
              "duration": 4738,
              "state": "failed",
              "speed": null,
              "pass": false,
              "fail": true,
              "pending": false,
              "context": null,
              "code": "cy.get('#board-size').then(function (board) {\n  cy.get('#generate-board').should('be.onTheRightOf', board);\n});",
              "err": {
                "message": "CypressError: Timed out retrying: Expected to find element: '#board-size', but never found it.",
                "estack": "CypressError: Timed out retrying: Expected to find element: '#board-size', but never found it.\n    at cypressErr (http://localhost:52727/__cypress/runner/cypress_runner.js:149934:9)\n    at throwErr (http://localhost:52727/__cypress/runner/cypress_runner.js:149867:11)\n    at Object.throwErrByPath (http://localhost:52727/__cypress/runner/cypress_runner.js:149915:3)\n    at retry (http://localhost:52727/__cypress/runner/cypress_runner.js:144197:19)\n    at onFailFn (http://localhost:52727/__cypress/runner/cypress_runner.js:132448:16)\n    at tryCatcher (http://localhost:52727/__cypress/runner/cypress_runner.js:167415:23)\n    at Promise._settlePromiseFromHandler (http://localhost:52727/__cypress/runner/cypress_runner.js:165351:31)\n    at Promise._settlePromise (http://localhost:52727/__cypress/runner/cypress_runner.js:165408:18)\n    at Promise._settlePromise0 (http://localhost:52727/__cypress/runner/cypress_runner.js:165453:10)\n    at Promise._settlePromises (http://localhost:52727/__cypress/runner/cypress_runner.js:165528:18)\n    at Async../node_modules/bluebird/js/release/async.js.Async._drainQueue (http://localhost:52727/__cypress/runner/cypress_runner.js:162140:16)\n    at Async../node_modules/bluebird/js/release/async.js.Async._drainQueues (http://localhost:52727/__cypress/runner/cypress_runner.js:162150:10)\n    at Async.drainQueues (http://localhost:52727/__cypress/runner/cypress_runner.js:162024:14)",
                "diff": null
              },
              "uuid": "c46656c5-d031-4da9-b56f-1dfbdee31ae5",
              "parentUUID": "3798f822-d855-4b95-9ebb-23236993ca85",
              "isHook": false,
              "skipped": false
            },
            {
              "title": "Verifica se nenhum valor for colocado no input ao clicar no botão, um `alert` é exibido com o texto: 'Board inválido!'",
              "fullTitle": "10 - Faça o quadro de pixels ter seu tamanho definido pelo usuário. Verifica se nenhum valor for colocado no input ao clicar no botão, um `alert` é exibido com o texto: 'Board inválido!'",
              "timedOut": null,
              "duration": 5083,
              "state": "failed",
              "speed": null,
              "pass": false,
              "fail": true,
              "pending": false,
              "context": null,
              "code": "var alerted = false;\ncy.on('window:alert', function (msg) {\n  return alerted = msg;\n});\ncy.get('#generate-board').click().then(function () {\n  return expect(alerted).to.match(/Board inválido!/i);\n});",
              "err": {
                "message": "CypressError: Timed out retrying: Expected to find element: '#generate-board', but never found it.",
                "estack": "CypressError: Timed out retrying: Expected to find element: '#generate-board', but never found it.\n    at cypressErr (http://localhost:52727/__cypress/runner/cypress_runner.js:149934:9)\n    at throwErr (http://localhost:52727/__cypress/runner/cypress_runner.js:149867:11)\n    at Object.throwErrByPath (http://localhost:52727/__cypress/runner/cypress_runner.js:149915:3)\n    at retry (http://localhost:52727/__cypress/runner/cypress_runner.js:144197:19)\n    at onFailFn (http://localhost:52727/__cypress/runner/cypress_runner.js:132448:16)\n    at tryCatcher (http://localhost:52727/__cypress/runner/cypress_runner.js:167415:23)\n    at Promise._settlePromiseFromHandler (http://localhost:52727/__cypress/runner/cypress_runner.js:165351:31)\n    at Promise._settlePromise (http://localhost:52727/__cypress/runner/cypress_runner.js:165408:18)\n    at Promise._settlePromise0 (http://localhost:52727/__cypress/runner/cypress_runner.js:165453:10)\n    at Promise._settlePromises (http://localhost:52727/__cypress/runner/cypress_runner.js:165528:18)\n    at Async../node_modules/bluebird/js/release/async.js.Async._drainQueue (http://localhost:52727/__cypress/runner/cypress_runner.js:162140:16)\n    at Async../node_modules/bluebird/js/release/async.js.Async._drainQueues (http://localhost:52727/__cypress/runner/cypress_runner.js:162150:10)\n    at Async.drainQueues (http://localhost:52727/__cypress/runner/cypress_runner.js:162024:14)",
                "diff": null
              },
              "uuid": "1d519f55-e8c8-4c7a-9c00-c55f58c93c31",
              "parentUUID": "3798f822-d855-4b95-9ebb-23236993ca85",
              "isHook": false,
              "skipped": false
            },
            {
              "title": "Verifica se ao clicar no botão com um valor preenchido, o tamanho do board muda.",
              "fullTitle": "10 - Faça o quadro de pixels ter seu tamanho definido pelo usuário. Verifica se ao clicar no botão com um valor preenchido, o tamanho do board muda.",
              "timedOut": null,
              "duration": 5030,
              "state": "failed",
              "speed": null,
              "pass": false,
              "fail": true,
              "pending": false,
              "context": null,
              "code": "cy.get('#board-size').clear().type(10);\ncy.get('#generate-board').click();\ncy.get('.pixel').should('have.length', 100);",
              "err": {
                "message": "CypressError: Timed out retrying: Expected to find element: '#board-size', but never found it.",
                "estack": "CypressError: Timed out retrying: Expected to find element: '#board-size', but never found it.\n    at cypressErr (http://localhost:52727/__cypress/runner/cypress_runner.js:149934:9)\n    at throwErr (http://localhost:52727/__cypress/runner/cypress_runner.js:149867:11)\n    at Object.throwErrByPath (http://localhost:52727/__cypress/runner/cypress_runner.js:149915:3)\n    at retry (http://localhost:52727/__cypress/runner/cypress_runner.js:144197:19)\n    at onFailFn (http://localhost:52727/__cypress/runner/cypress_runner.js:132448:16)\n    at tryCatcher (http://localhost:52727/__cypress/runner/cypress_runner.js:167415:23)\n    at Promise._settlePromiseFromHandler (http://localhost:52727/__cypress/runner/cypress_runner.js:165351:31)\n    at Promise._settlePromise (http://localhost:52727/__cypress/runner/cypress_runner.js:165408:18)\n    at Promise._settlePromise0 (http://localhost:52727/__cypress/runner/cypress_runner.js:165453:10)\n    at Promise._settlePromises (http://localhost:52727/__cypress/runner/cypress_runner.js:165528:18)\n    at Async../node_modules/bluebird/js/release/async.js.Async._drainQueue (http://localhost:52727/__cypress/runner/cypress_runner.js:162140:16)\n    at Async../node_modules/bluebird/js/release/async.js.Async._drainQueues (http://localhost:52727/__cypress/runner/cypress_runner.js:162150:10)\n    at Async.drainQueues (http://localhost:52727/__cypress/runner/cypress_runner.js:162024:14)",
                "diff": null
              },
              "uuid": "51223016-a1c2-4c48-893e-d2726d8d6a71",
              "parentUUID": "3798f822-d855-4b95-9ebb-23236993ca85",
              "isHook": false,
              "skipped": false
            },
            {
              "title": "Verifica se o novo quadro tem todos os pixels preenchidos com a cor branca",
              "fullTitle": "10 - Faça o quadro de pixels ter seu tamanho definido pelo usuário. Verifica se o novo quadro tem todos os pixels preenchidos com a cor branca",
              "timedOut": null,
              "duration": 5053,
              "state": "failed",
              "speed": null,
              "pass": false,
              "fail": true,
              "pending": false,
              "context": null,
              "code": "cy.get('#board-size').clear().type(6);\ncy.get('#generate-board').click();\ncy.get('.pixel').should('have.length', 36).each(function (pixel) {\n  expect(pixel).to.have.css('background-color', WHITE);\n});",
              "err": {
                "message": "CypressError: Timed out retrying: Expected to find element: '#board-size', but never found it.",
                "estack": "CypressError: Timed out retrying: Expected to find element: '#board-size', but never found it.\n    at cypressErr (http://localhost:52727/__cypress/runner/cypress_runner.js:149934:9)\n    at throwErr (http://localhost:52727/__cypress/runner/cypress_runner.js:149867:11)\n    at Object.throwErrByPath (http://localhost:52727/__cypress/runner/cypress_runner.js:149915:3)\n    at retry (http://localhost:52727/__cypress/runner/cypress_runner.js:144197:19)\n    at onFailFn (http://localhost:52727/__cypress/runner/cypress_runner.js:132448:16)\n    at tryCatcher (http://localhost:52727/__cypress/runner/cypress_runner.js:167415:23)\n    at Promise._settlePromiseFromHandler (http://localhost:52727/__cypress/runner/cypress_runner.js:165351:31)\n    at Promise._settlePromise (http://localhost:52727/__cypress/runner/cypress_runner.js:165408:18)\n    at Promise._settlePromise0 (http://localhost:52727/__cypress/runner/cypress_runner.js:165453:10)\n    at Promise._settlePromises (http://localhost:52727/__cypress/runner/cypress_runner.js:165528:18)\n    at Async../node_modules/bluebird/js/release/async.js.Async._drainQueue (http://localhost:52727/__cypress/runner/cypress_runner.js:162140:16)\n    at Async../node_modules/bluebird/js/release/async.js.Async._drainQueues (http://localhost:52727/__cypress/runner/cypress_runner.js:162150:10)\n    at Async.drainQueues (http://localhost:52727/__cypress/runner/cypress_runner.js:162024:14)",
                "diff": null
              },
              "uuid": "0250041c-f0de-4011-8fa0-a738068bb8a1",
              "parentUUID": "3798f822-d855-4b95-9ebb-23236993ca85",
              "isHook": false,
              "skipped": false
            }
          ],
          "suites": [],
          "passes": [],
          "failures": [
            "562341f2-b598-4326-9890-28f5ba62f6ee",
            "a70f7fd8-5368-45da-9948-10321ff685fc",
            "1532c23e-fcc2-4ac2-9b7f-bc89ca9c58ce",
            "fbb2a592-d67e-42f6-aff9-355aee3b9d1a",
            "e375f26e-8627-47c3-991b-1751febb77f1",
            "c46656c5-d031-4da9-b56f-1dfbdee31ae5",
            "1d519f55-e8c8-4c7a-9c00-c55f58c93c31",
            "51223016-a1c2-4c48-893e-d2726d8d6a71",
            "0250041c-f0de-4011-8fa0-a738068bb8a1"
          ],
          "pending": [],
          "skipped": [],
          "duration": 44305,
          "root": false,
          "rootEmpty": false,
          "_timeout": 2000
        },
        {
          "uuid": "ff4ad3ab-594b-4e60-b097-dc290754bbe7",
          "title": "11 - Limite o tamanho mínimo e máximo do board.",
          "fullFile": "",
          "file": "",
          "beforeHooks": [],
          "afterHooks": [],
          "tests": [
            {
              "title": "Verifica se a altura máxima do board é 50",
              "fullTitle": "11 - Limite o tamanho mínimo e máximo do board. Verifica se a altura máxima do board é 50",
              "timedOut": null,
              "duration": 4922,
              "state": "failed",
              "speed": null,
              "pass": false,
              "fail": true,
              "pending": false,
              "context": null,
              "code": "cy.get('#board-size').clear().type(50);\ncy.get('#generate-board').click();\ncy.get('.pixel').should('have.length', 2500);",
              "err": {
                "message": "CypressError: Timed out retrying: Expected to find element: '#board-size', but never found it.",
                "estack": "CypressError: Timed out retrying: Expected to find element: '#board-size', but never found it.\n    at cypressErr (http://localhost:52727/__cypress/runner/cypress_runner.js:149934:9)\n    at throwErr (http://localhost:52727/__cypress/runner/cypress_runner.js:149867:11)\n    at Object.throwErrByPath (http://localhost:52727/__cypress/runner/cypress_runner.js:149915:3)\n    at retry (http://localhost:52727/__cypress/runner/cypress_runner.js:144197:19)\n    at onFailFn (http://localhost:52727/__cypress/runner/cypress_runner.js:132448:16)\n    at tryCatcher (http://localhost:52727/__cypress/runner/cypress_runner.js:167415:23)\n    at Promise._settlePromiseFromHandler (http://localhost:52727/__cypress/runner/cypress_runner.js:165351:31)\n    at Promise._settlePromise (http://localhost:52727/__cypress/runner/cypress_runner.js:165408:18)\n    at Promise._settlePromise0 (http://localhost:52727/__cypress/runner/cypress_runner.js:165453:10)\n    at Promise._settlePromises (http://localhost:52727/__cypress/runner/cypress_runner.js:165528:18)\n    at Async../node_modules/bluebird/js/release/async.js.Async._drainQueue (http://localhost:52727/__cypress/runner/cypress_runner.js:162140:16)\n    at Async../node_modules/bluebird/js/release/async.js.Async._drainQueues (http://localhost:52727/__cypress/runner/cypress_runner.js:162150:10)\n    at Async.drainQueues (http://localhost:52727/__cypress/runner/cypress_runner.js:162024:14)",
                "diff": null
              },
              "uuid": "94dba9e4-5f10-48c6-ba1c-3200b3c5f75e",
              "parentUUID": "ff4ad3ab-594b-4e60-b097-dc290754bbe7",
              "isHook": false,
              "skipped": false
            },
            {
              "title": "Verifica se a altura do board é 5 quando um valor menor é colocado no input",
              "fullTitle": "11 - Limite o tamanho mínimo e máximo do board. Verifica se a altura do board é 5 quando um valor menor é colocado no input",
              "timedOut": null,
              "duration": 5185,
              "state": "failed",
              "speed": null,
              "pass": false,
              "fail": true,
              "pending": false,
              "context": null,
              "code": "cy.get('#board-size').clear().type(4);\ncy.get('#generate-board').click();\ncy.get('.pixel').should('have.length', 25);",
              "err": {
                "message": "CypressError: Timed out retrying: Expected to find element: '#board-size', but never found it.",
                "estack": "CypressError: Timed out retrying: Expected to find element: '#board-size', but never found it.\n    at cypressErr (http://localhost:52727/__cypress/runner/cypress_runner.js:149934:9)\n    at throwErr (http://localhost:52727/__cypress/runner/cypress_runner.js:149867:11)\n    at Object.throwErrByPath (http://localhost:52727/__cypress/runner/cypress_runner.js:149915:3)\n    at retry (http://localhost:52727/__cypress/runner/cypress_runner.js:144197:19)\n    at onFailFn (http://localhost:52727/__cypress/runner/cypress_runner.js:132448:16)\n    at tryCatcher (http://localhost:52727/__cypress/runner/cypress_runner.js:167415:23)\n    at Promise._settlePromiseFromHandler (http://localhost:52727/__cypress/runner/cypress_runner.js:165351:31)\n    at Promise._settlePromise (http://localhost:52727/__cypress/runner/cypress_runner.js:165408:18)\n    at Promise._settlePromise0 (http://localhost:52727/__cypress/runner/cypress_runner.js:165453:10)\n    at Promise._settlePromises (http://localhost:52727/__cypress/runner/cypress_runner.js:165528:18)\n    at Async../node_modules/bluebird/js/release/async.js.Async._drainQueue (http://localhost:52727/__cypress/runner/cypress_runner.js:162140:16)\n    at Async../node_modules/bluebird/js/release/async.js.Async._drainQueues (http://localhost:52727/__cypress/runner/cypress_runner.js:162150:10)\n    at Async.drainQueues (http://localhost:52727/__cypress/runner/cypress_runner.js:162024:14)",
                "diff": null
              },
              "uuid": "d68685df-abbb-4754-a1c4-788cb9ae5156",
              "parentUUID": "ff4ad3ab-594b-4e60-b097-dc290754bbe7",
              "isHook": false,
              "skipped": false
            },
            {
              "title": "Verifica se a altura do board é 50 quando um valor maior é colocado no input",
              "fullTitle": "11 - Limite o tamanho mínimo e máximo do board. Verifica se a altura do board é 50 quando um valor maior é colocado no input",
              "timedOut": null,
              "duration": 5039,
              "state": "failed",
              "speed": null,
              "pass": false,
              "fail": true,
              "pending": false,
              "context": null,
              "code": "cy.get('#board-size').clear().type(51);\ncy.get('#generate-board').click();\ncy.get('.pixel').should('have.length', 2500);",
              "err": {
                "message": "CypressError: Timed out retrying: Expected to find element: '#board-size', but never found it.",
                "estack": "CypressError: Timed out retrying: Expected to find element: '#board-size', but never found it.\n    at cypressErr (http://localhost:52727/__cypress/runner/cypress_runner.js:149934:9)\n    at throwErr (http://localhost:52727/__cypress/runner/cypress_runner.js:149867:11)\n    at Object.throwErrByPath (http://localhost:52727/__cypress/runner/cypress_runner.js:149915:3)\n    at retry (http://localhost:52727/__cypress/runner/cypress_runner.js:144197:19)\n    at onFailFn (http://localhost:52727/__cypress/runner/cypress_runner.js:132448:16)\n    at tryCatcher (http://localhost:52727/__cypress/runner/cypress_runner.js:167415:23)\n    at Promise._settlePromiseFromHandler (http://localhost:52727/__cypress/runner/cypress_runner.js:165351:31)\n    at Promise._settlePromise (http://localhost:52727/__cypress/runner/cypress_runner.js:165408:18)\n    at Promise._settlePromise0 (http://localhost:52727/__cypress/runner/cypress_runner.js:165453:10)\n    at Promise._settlePromises (http://localhost:52727/__cypress/runner/cypress_runner.js:165528:18)\n    at Async../node_modules/bluebird/js/release/async.js.Async._drainQueue (http://localhost:52727/__cypress/runner/cypress_runner.js:162140:16)\n    at Async../node_modules/bluebird/js/release/async.js.Async._drainQueues (http://localhost:52727/__cypress/runner/cypress_runner.js:162150:10)\n    at Async.drainQueues (http://localhost:52727/__cypress/runner/cypress_runner.js:162024:14)",
                "diff": null
              },
              "uuid": "4e2aba7f-a803-40c0-8708-f85099df1eae",
              "parentUUID": "ff4ad3ab-594b-4e60-b097-dc290754bbe7",
              "isHook": false,
              "skipped": false
            }
          ],
          "suites": [],
          "passes": [],
          "failures": [
            "94dba9e4-5f10-48c6-ba1c-3200b3c5f75e",
            "d68685df-abbb-4754-a1c4-788cb9ae5156",
            "4e2aba7f-a803-40c0-8708-f85099df1eae"
          ],
          "pending": [],
          "skipped": [],
          "duration": 15146,
          "root": false,
          "rootEmpty": false,
          "_timeout": 2000
        },
        {
          "uuid": "3980dc13-05f9-461d-b49c-9fcddf75ef0a",
          "title": "12 - Faça com que as cores da paleta sejam geradas aleatoriamente ao carregar a página.",
          "fullFile": "",
          "file": "",
          "beforeHooks": [],
          "afterHooks": [],
          "tests": [
            {
              "title": "Verifica se as cores geradas na paleta são diferentes a cada carregamento da página",
              "fullTitle": "12 - Faça com que as cores da paleta sejam geradas aleatoriamente ao carregar a página. Verifica se as cores geradas na paleta são diferentes a cada carregamento da página",
              "timedOut": null,
              "duration": 1147,
              "state": "failed",
              "speed": null,
              "pass": false,
              "fail": true,
              "pending": false,
              "context": null,
              "code": "cy.get('.color').then(function (colors) {\n  var currentColors;\n  var previousColors;\n  previousColors = Array.from(colors).map(function (color) {\n    return Cypress.$(color).css('background-color');\n  });\n  for (var i = 0; i < 5; i += 1) {\n    cy.reload();\n    cy.get('.color').then(function (colors) {\n      currentColors = Array.from(colors).map(function (color) {\n        return Cypress.$(color).css('background-color');\n      });\n      expect(currentColors).not.to.deep.equal(previousColors);\n      previousColors = currentColors;\n    });\n  }\n});",
              "err": {
                "message": "AssertionError: expected [ Array(4) ] to not deeply equal [ Array(4) ]",
                "estack": "AssertionError: expected [ Array(4) ] to not deeply equal [ Array(4) ]\n    at getRet (http://localhost:52727/__cypress/runner/cypress_runner.js:136585:16)\n    at tryCatcher (http://localhost:52727/__cypress/runner/cypress_runner.js:167415:23)\n    at Function.Promise.attempt.Promise.try (http://localhost:52727/__cypress/runner/cypress_runner.js:164690:29)\n    at Context.thenFn (http://localhost:52727/__cypress/runner/cypress_runner.js:136599:23)\n    at Context.then (http://localhost:52727/__cypress/runner/cypress_runner.js:136971:21)\n    at Context.<anonymous> (http://localhost:52727/__cypress/runner/cypress_runner.js:148875:21)\n    at http://localhost:52727/__cypress/runner/cypress_runner.js:148351:33\n    at tryCatcher (http://localhost:52727/__cypress/runner/cypress_runner.js:167415:23)\n    at Promise._settlePromiseFromHandler (http://localhost:52727/__cypress/runner/cypress_runner.js:165351:31)\n    at Promise._settlePromise (http://localhost:52727/__cypress/runner/cypress_runner.js:165408:18)\n    at Promise._settlePromiseCtx (http://localhost:52727/__cypress/runner/cypress_runner.js:165445:10)\n    at Async../node_modules/bluebird/js/release/async.js.Async._drainQueue (http://localhost:52727/__cypress/runner/cypress_runner.js:162145:12)\n    at Async../node_modules/bluebird/js/release/async.js.Async._drainQueues (http://localhost:52727/__cypress/runner/cypress_runner.js:162150:10)\n    at Async.drainQueues (http://localhost:52727/__cypress/runner/cypress_runner.js:162024:14)",
                "diff": ""
              },
              "uuid": "a4e2453d-f2b8-4c15-9d41-4a7a1dacf0b8",
              "parentUUID": "3980dc13-05f9-461d-b49c-9fcddf75ef0a",
              "isHook": false,
              "skipped": false
            },
            {
              "title": "Verifica se a cor preta ainda está presente e é a primeira na sua paleta de cores",
              "fullTitle": "12 - Faça com que as cores da paleta sejam geradas aleatoriamente ao carregar a página. Verifica se a cor preta ainda está presente e é a primeira na sua paleta de cores",
              "timedOut": null,
              "duration": 1041,
              "state": "failed",
              "speed": null,
              "pass": false,
              "fail": true,
              "pending": false,
              "context": null,
              "code": "cy.get('.color').then(function (colors) {\n  var currentColors;\n  var previousColors;\n  previousColors = Array.from(colors).map(function (color) {\n    return Cypress.$(color).css('background-color');\n  });\n  expect(previousColors[0]).to.eq(BLACK);\n  for (var i = 0; i < 5; i += 1) {\n    cy.reload();\n    cy.get('.color').then(function (colors) {\n      currentColors = Array.from(colors).map(function (color) {\n        return Cypress.$(color).css('background-color');\n      });\n      expect(currentColors[0]).to.eq(BLACK);\n      expect(currentColors).not.to.deep.equal(previousColors);\n      previousColors = currentColors;\n    });\n  }\n});",
              "err": {
                "message": "AssertionError: expected [ Array(4) ] to not deeply equal [ Array(4) ]",
                "estack": "AssertionError: expected [ Array(4) ] to not deeply equal [ Array(4) ]\n    at getRet (http://localhost:52727/__cypress/runner/cypress_runner.js:136585:16)\n    at tryCatcher (http://localhost:52727/__cypress/runner/cypress_runner.js:167415:23)\n    at Function.Promise.attempt.Promise.try (http://localhost:52727/__cypress/runner/cypress_runner.js:164690:29)\n    at Context.thenFn (http://localhost:52727/__cypress/runner/cypress_runner.js:136599:23)\n    at Context.then (http://localhost:52727/__cypress/runner/cypress_runner.js:136971:21)\n    at Context.<anonymous> (http://localhost:52727/__cypress/runner/cypress_runner.js:148875:21)\n    at http://localhost:52727/__cypress/runner/cypress_runner.js:148351:33\n    at tryCatcher (http://localhost:52727/__cypress/runner/cypress_runner.js:167415:23)\n    at Promise._settlePromiseFromHandler (http://localhost:52727/__cypress/runner/cypress_runner.js:165351:31)\n    at Promise._settlePromise (http://localhost:52727/__cypress/runner/cypress_runner.js:165408:18)\n    at Promise._settlePromiseCtx (http://localhost:52727/__cypress/runner/cypress_runner.js:165445:10)\n    at Async../node_modules/bluebird/js/release/async.js.Async._drainQueue (http://localhost:52727/__cypress/runner/cypress_runner.js:162145:12)\n    at Async../node_modules/bluebird/js/release/async.js.Async._drainQueues (http://localhost:52727/__cypress/runner/cypress_runner.js:162150:10)\n    at Async.drainQueues (http://localhost:52727/__cypress/runner/cypress_runner.js:162024:14)",
                "diff": ""
              },
              "uuid": "8a35a020-b29e-4d37-bfb2-841a6681f22c",
              "parentUUID": "3980dc13-05f9-461d-b49c-9fcddf75ef0a",
              "isHook": false,
              "skipped": false
            }
          ],
          "suites": [],
          "passes": [],
          "failures": [
            "a4e2453d-f2b8-4c15-9d41-4a7a1dacf0b8",
            "8a35a020-b29e-4d37-bfb2-841a6681f22c"
          ],
          "pending": [],
          "skipped": [],
          "duration": 2188,
          "root": false,
          "rootEmpty": false,
          "_timeout": 2000
        }
      ],
      "passes": [],
      "failures": [],
      "pending": [],
      "skipped": [],
      "duration": 0,
      "root": true,
      "rootEmpty": true,
      "_timeout": 2000
    }
  ],
  "meta": {
    "mocha": {
      "version": "7.0.1"
    },
    "mochawesome": {
      "options": {
        "quiet": false,
        "reportFilename": "mochawesome",
        "saveHtml": false,
        "saveJson": true,
        "consoleReporter": "spec",
        "useInlineDiffs": false
      },
      "version": "4.1.0"
    },
    "marge": {
      "options": {
        "id": "default",
        "reportDir": "cypress/reports",
        "overwrite": true,
        "html": false,
        "json": true
      },
      "version": "4.1.0"
    }
  }
}