{
  "stats": {
    "suites": 12,
    "tests": 41,
    "passes": 25,
    "pending": 0,
    "failures": 16,
    "start": "2021-08-19T18:59:52.146Z",
    "end": "2021-08-19T19:01:15.410Z",
    "duration": 83264,
    "testsRegistered": 41,
    "passPercent": 60.97560975609756,
    "pendingPercent": 0,
    "other": 0,
    "hasOther": false,
    "skipped": 0,
    "hasSkipped": false
  },
  "results": [
    {
      "uuid": "6b966e41-73a6-4975-939c-5bc852288126",
      "title": "",
      "fullFile": "cypress/integration/project.spec.js",
      "file": "cypress/integration/project.spec.js",
      "beforeHooks": [],
      "afterHooks": [],
      "tests": [],
      "suites": [
        {
          "uuid": "c2f8ce40-d965-4be7-a49f-bf2c75b84325",
          "title": "1 - Adicione à página o título \"Paleta de Cores\".",
          "fullFile": "",
          "file": "",
          "beforeHooks": [],
          "afterHooks": [],
          "tests": [
            {
              "title": "Verifica se contém um elemento `h1` com o id `title` com o título correto",
              "fullTitle": "1 - Adicione à página o título \"Paleta de Cores\". Verifica se contém um elemento `h1` com o id `title` com o título correto",
              "timedOut": null,
              "duration": 118,
              "state": "passed",
              "speed": "slow",
              "pass": true,
              "fail": false,
              "pending": false,
              "context": null,
              "code": "cy.get('h1#title').should('contain.text', 'Paleta de Cores');",
              "err": {},
              "uuid": "78573b99-ff39-48d0-8792-3b7c14d0b645",
              "parentUUID": "c2f8ce40-d965-4be7-a49f-bf2c75b84325",
              "isHook": false,
              "skipped": false
            }
          ],
          "suites": [],
          "passes": [
            "78573b99-ff39-48d0-8792-3b7c14d0b645"
          ],
          "failures": [],
          "pending": [],
          "skipped": [],
          "duration": 118,
          "root": false,
          "rootEmpty": false,
          "_timeout": 2000
        },
        {
          "uuid": "d807bdfa-f789-4808-848e-e112ce418c11",
          "title": "2 - Adicione à página uma paleta de quatro cores distintas.",
          "fullFile": "",
          "file": "",
          "beforeHooks": [],
          "afterHooks": [],
          "tests": [
            {
              "title": "A paleta de cores deve ser um elemento com `id` denominado `color-palette`",
              "fullTitle": "2 - Adicione à página uma paleta de quatro cores distintas. A paleta de cores deve ser um elemento com `id` denominado `color-palette`",
              "timedOut": null,
              "duration": 56,
              "state": "passed",
              "speed": "medium",
              "pass": true,
              "fail": false,
              "pending": false,
              "context": null,
              "code": "cy.get('#color-palette').should('be.visible');",
              "err": {},
              "uuid": "6b53febe-0c2a-4729-9b1b-0bba80ab1110",
              "parentUUID": "d807bdfa-f789-4808-848e-e112ce418c11",
              "isHook": false,
              "skipped": false
            },
            {
              "title": "Verifica se cada cor individual da paleta de cores possui a `classe` chamada `color`.",
              "fullTitle": "2 - Adicione à página uma paleta de quatro cores distintas. Verifica se cada cor individual da paleta de cores possui a `classe` chamada `color`.",
              "timedOut": null,
              "duration": 102,
              "state": "passed",
              "speed": "slow",
              "pass": true,
              "fail": false,
              "pending": false,
              "context": null,
              "code": "cy.get('.color').should('have.length', 4).then(function (colors) {\n  for (var i = 0; i < colors.length; i++) {\n    cy.wrap(colors[i]).should('be.visible');\n  }\n});",
              "err": {},
              "uuid": "9542f11b-c062-4556-a965-423a2cce6cc5",
              "parentUUID": "d807bdfa-f789-4808-848e-e112ce418c11",
              "isHook": false,
              "skipped": false
            },
            {
              "title": "Verifica se a cor de fundo de cada elemento da paleta é a cor que o elemento representa. **A única cor não permitida na paleta é a cor branca.**",
              "fullTitle": "2 - Adicione à página uma paleta de quatro cores distintas. Verifica se a cor de fundo de cada elemento da paleta é a cor que o elemento representa. **A única cor não permitida na paleta é a cor branca.**",
              "timedOut": null,
              "duration": 100,
              "state": "passed",
              "speed": "slow",
              "pass": true,
              "fail": false,
              "pending": false,
              "context": null,
              "code": "cy.get('.color').each(function (color) {\n  cy.wrap(color).should('have.class', 'color').and('not.have.css', 'background-color', WHITE);\n  cy.wrap(color).should('have.css', 'background-color');\n});",
              "err": {},
              "uuid": "6622254e-e0b9-4f09-bca7-baac1af8deff",
              "parentUUID": "d807bdfa-f789-4808-848e-e112ce418c11",
              "isHook": false,
              "skipped": false
            },
            {
              "title": "Verifica se cada elemento da paleta de cores tem uma borda preta, sólida e com 1 pixel de largura;",
              "fullTitle": "2 - Adicione à página uma paleta de quatro cores distintas. Verifica se cada elemento da paleta de cores tem uma borda preta, sólida e com 1 pixel de largura;",
              "timedOut": null,
              "duration": 71,
              "state": "passed",
              "speed": "medium",
              "pass": true,
              "fail": false,
              "pending": false,
              "context": null,
              "code": "cy.get('.color').each(function (color) {\n  cy.wrap(color).and('have.css', 'border', \"1px solid \".concat(BLACK)).and('have.class', 'color');\n});",
              "err": {},
              "uuid": "a96130d6-cf18-45e1-9492-8bd06c97c0c5",
              "parentUUID": "d807bdfa-f789-4808-848e-e112ce418c11",
              "isHook": false,
              "skipped": false
            },
            {
              "title": "Verifica se a paleta lista todas as cores disponíveis para utilização, lado a lado.",
              "fullTitle": "2 - Adicione à página uma paleta de quatro cores distintas. Verifica se a paleta lista todas as cores disponíveis para utilização, lado a lado.",
              "timedOut": null,
              "duration": 78,
              "state": "passed",
              "speed": "slow",
              "pass": true,
              "fail": false,
              "pending": false,
              "context": null,
              "code": "cy.get('.color').then(function (colors) {\n  for (var index = 1; index < colors.length; index += 1) {\n    var currentColor = colors[index];\n    var previousColor = colors[index - 1];\n    cy.wrap(currentColor).should('be.onTheRightOf', previousColor).and('be.horizontallyAlignedWith', previousColor);\n  }\n});",
              "err": {},
              "uuid": "20b46071-effb-4093-8810-c235a0667933",
              "parentUUID": "d807bdfa-f789-4808-848e-e112ce418c11",
              "isHook": false,
              "skipped": false
            },
            {
              "title": "Verifica se a paleta de cores está posicionada abaixo do título 'Paleta de Cores'",
              "fullTitle": "2 - Adicione à página uma paleta de quatro cores distintas. Verifica se a paleta de cores está posicionada abaixo do título 'Paleta de Cores'",
              "timedOut": null,
              "duration": 114,
              "state": "passed",
              "speed": "slow",
              "pass": true,
              "fail": false,
              "pending": false,
              "context": null,
              "code": "cy.get('h1#title').then(function (title) {\n  cy.get('#color-palette').should('be.belowOf', title);\n});",
              "err": {},
              "uuid": "5e6a350c-5d5e-44a1-882a-1fb7d9526ff0",
              "parentUUID": "d807bdfa-f789-4808-848e-e112ce418c11",
              "isHook": false,
              "skipped": false
            },
            {
              "title": "Verifica se a paleta de cores não contém cores repetidas.",
              "fullTitle": "2 - Adicione à página uma paleta de quatro cores distintas. Verifica se a paleta de cores não contém cores repetidas.",
              "timedOut": null,
              "duration": 92,
              "state": "passed",
              "speed": "slow",
              "pass": true,
              "fail": false,
              "pending": false,
              "context": null,
              "code": "cy.get('.color').then(function (colors) {\n  var allColors = Array.from(colors).map(function (color) {\n    return Cypress.$(color).css('background-color');\n  });\n  cy.log(allColors);\n  var uniqColors = (0, _toConsumableArray2[\"default\"])(new Set(allColors));\n  cy.log(uniqColors);\n  expect(allColors.length).to.eq(uniqColors.length);\n});",
              "err": {},
              "uuid": "f49ec7ed-15aa-4ff2-bd3d-f9043ec514f4",
              "parentUUID": "d807bdfa-f789-4808-848e-e112ce418c11",
              "isHook": false,
              "skipped": false
            }
          ],
          "suites": [],
          "passes": [
            "6b53febe-0c2a-4729-9b1b-0bba80ab1110",
            "9542f11b-c062-4556-a965-423a2cce6cc5",
            "6622254e-e0b9-4f09-bca7-baac1af8deff",
            "a96130d6-cf18-45e1-9492-8bd06c97c0c5",
            "20b46071-effb-4093-8810-c235a0667933",
            "5e6a350c-5d5e-44a1-882a-1fb7d9526ff0",
            "f49ec7ed-15aa-4ff2-bd3d-f9043ec514f4"
          ],
          "failures": [],
          "pending": [],
          "skipped": [],
          "duration": 613,
          "root": false,
          "rootEmpty": false,
          "_timeout": 2000
        },
        {
          "uuid": "c6e248fd-e265-4928-be74-ffdcf6171036",
          "title": "3 - Adicione a cor **preta** como a primeira cor da paleta de cores.",
          "fullFile": "",
          "file": "",
          "beforeHooks": [],
          "afterHooks": [],
          "tests": [
            {
              "title": "Verifica se a primeira cor da paleta é preta",
              "fullTitle": "3 - Adicione a cor **preta** como a primeira cor da paleta de cores. Verifica se a primeira cor da paleta é preta",
              "timedOut": null,
              "duration": 91,
              "state": "passed",
              "speed": "slow",
              "pass": true,
              "fail": false,
              "pending": false,
              "context": null,
              "code": "cy.get('.color').first().should('have.css', 'background-color', BLACK);",
              "err": {},
              "uuid": "e38ef478-233c-4e68-8ab2-b9dede057f6f",
              "parentUUID": "c6e248fd-e265-4928-be74-ffdcf6171036",
              "isHook": false,
              "skipped": false
            },
            {
              "title": "Verifica se as demais cores podem ser escolhidas livremente.",
              "fullTitle": "3 - Adicione a cor **preta** como a primeira cor da paleta de cores. Verifica se as demais cores podem ser escolhidas livremente.",
              "timedOut": null,
              "duration": 126,
              "state": "passed",
              "speed": "slow",
              "pass": true,
              "fail": false,
              "pending": false,
              "context": null,
              "code": "cy.get('.color').eq(1).should('not.have.css', 'background-color', BLACK);\ncy.get('.color').eq(1).should('not.have.css', 'background-color', WHITE);\ncy.get('.color').eq(1).should('not.have.css', 'background-color', 'rgba(0, 0, 0, 0)');\ncy.get('.color').eq(1).should('have.css', 'background-color');\ncy.get('.color').eq(2).should('not.have.css', 'background-color', BLACK);\ncy.get('.color').eq(2).should('not.have.css', 'background-color', WHITE);\ncy.get('.color').eq(2).should('not.have.css', 'background-color', 'rgba(0, 0, 0, 0)');\ncy.get('.color').eq(2).should('have.css', 'background-color');\ncy.get('.color').eq(3).should('not.have.css', 'background-color', BLACK);\ncy.get('.color').eq(3).should('not.have.css', 'background-color', WHITE);\ncy.get('.color').eq(3).should('not.have.css', 'background-color', 'rgba(0, 0, 0, 0)');\ncy.get('.color').eq(3).should('have.css', 'background-color');",
              "err": {},
              "uuid": "53e6c913-3a0f-4a14-93d5-4fd4a4839831",
              "parentUUID": "c6e248fd-e265-4928-be74-ffdcf6171036",
              "isHook": false,
              "skipped": false
            }
          ],
          "suites": [],
          "passes": [
            "e38ef478-233c-4e68-8ab2-b9dede057f6f",
            "53e6c913-3a0f-4a14-93d5-4fd4a4839831"
          ],
          "failures": [],
          "pending": [],
          "skipped": [],
          "duration": 217,
          "root": false,
          "rootEmpty": false,
          "_timeout": 2000
        },
        {
          "uuid": "128c9650-cfd2-4a59-a45c-35aa27639fb6",
          "title": "4 - Adicione à página um quadro de pixels, com 25 pixels.",
          "fullFile": "",
          "file": "",
          "beforeHooks": [],
          "afterHooks": [],
          "tests": [
            {
              "title": "Verifica se o quadro de pixels possui o `id` denominado `pixel-board`",
              "fullTitle": "4 - Adicione à página um quadro de pixels, com 25 pixels. Verifica se o quadro de pixels possui o `id` denominado `pixel-board`",
              "timedOut": null,
              "duration": 58,
              "state": "passed",
              "speed": "medium",
              "pass": true,
              "fail": false,
              "pending": false,
              "context": null,
              "code": "cy.get('#pixel-board').should('be.visible');",
              "err": {},
              "uuid": "b1e58119-c660-48fd-b72b-111867f3cfb0",
              "parentUUID": "128c9650-cfd2-4a59-a45c-35aa27639fb6",
              "isHook": false,
              "skipped": false
            },
            {
              "title": "Verifica se cada pixel individual dentro do quadro possui a `classe` denominada `pixel`.",
              "fullTitle": "4 - Adicione à página um quadro de pixels, com 25 pixels. Verifica se cada pixel individual dentro do quadro possui a `classe` denominada `pixel`.",
              "timedOut": null,
              "duration": 84,
              "state": "passed",
              "speed": "slow",
              "pass": true,
              "fail": false,
              "pending": false,
              "context": null,
              "code": "cy.get('.pixel').should('have.length', 25);",
              "err": {},
              "uuid": "f8a0ddbf-83eb-48da-8112-00184eddfc20",
              "parentUUID": "128c9650-cfd2-4a59-a45c-35aa27639fb6",
              "isHook": false,
              "skipped": false
            },
            {
              "title": "Verifica se a cor inicial dos pixels dentro do quadro, ao abrir a página, é branca.",
              "fullTitle": "4 - Adicione à página um quadro de pixels, com 25 pixels. Verifica se a cor inicial dos pixels dentro do quadro, ao abrir a página, é branca.",
              "timedOut": null,
              "duration": 130,
              "state": "passed",
              "speed": "slow",
              "pass": true,
              "fail": false,
              "pending": false,
              "context": null,
              "code": "cy.get('.pixel').should('have.length', 25).each(function (pixel) {\n  expect(pixel).to.have.css('background-color', WHITE);\n});",
              "err": {},
              "uuid": "91f4d12d-9b4f-462d-90d6-d347c02934dd",
              "parentUUID": "128c9650-cfd2-4a59-a45c-35aa27639fb6",
              "isHook": false,
              "skipped": false
            },
            {
              "title": "Verifica se o quadro de pixels aparece abaixo da paleta de cores",
              "fullTitle": "4 - Adicione à página um quadro de pixels, com 25 pixels. Verifica se o quadro de pixels aparece abaixo da paleta de cores",
              "timedOut": null,
              "duration": 65,
              "state": "passed",
              "speed": "medium",
              "pass": true,
              "fail": false,
              "pending": false,
              "context": null,
              "code": "cy.get('#color-palette').then(function (palette) {\n  cy.get('#pixel-board').should('be.belowOf', palette);\n});",
              "err": {},
              "uuid": "c491cd2e-12bb-4644-b03e-8606bac0e174",
              "parentUUID": "128c9650-cfd2-4a59-a45c-35aa27639fb6",
              "isHook": false,
              "skipped": false
            }
          ],
          "suites": [],
          "passes": [
            "b1e58119-c660-48fd-b72b-111867f3cfb0",
            "f8a0ddbf-83eb-48da-8112-00184eddfc20",
            "91f4d12d-9b4f-462d-90d6-d347c02934dd",
            "c491cd2e-12bb-4644-b03e-8606bac0e174"
          ],
          "failures": [],
          "pending": [],
          "skipped": [],
          "duration": 337,
          "root": false,
          "rootEmpty": false,
          "_timeout": 2000
        },
        {
          "uuid": "ccf5e1b0-2331-4893-aedd-196d395b9bb9",
          "title": "5 - Faça com que cada elemento do quadro de pixels possua 40 pixels de largura, 40 pixels de altura e seja delimitado por uma borda preta de 1 pixel.",
          "fullFile": "",
          "file": "",
          "beforeHooks": [],
          "afterHooks": [],
          "tests": [
            {
              "title": "Verifica se o quadro de pixels tem altura e comprimento de 5 elementos",
              "fullTitle": "5 - Faça com que cada elemento do quadro de pixels possua 40 pixels de largura, 40 pixels de altura e seja delimitado por uma borda preta de 1 pixel. Verifica se o quadro de pixels tem altura e comprimento de 5 elementos",
              "timedOut": null,
              "duration": 220,
              "state": "passed",
              "speed": "slow",
              "pass": true,
              "fail": false,
              "pending": false,
              "context": null,
              "code": "cy.get('.pixel').should('have.length', 25).each(function (pixel) {\n  expect(pixel).to.have.css('background-color', WHITE);\n}).and(function (pixels) {\n  var rows = chunk(pixels, 5);\n  rows.forEach(function (row) {\n    for (var index = 1; index < row.length; index += 1) {\n      var current = pixels[index];\n      var previous = pixels[index - 1];\n      cy.wrap(current).should('be.onTheRightOf', previous).and('be.horizontallyAlignedWith', previous);\n    }\n  });\n  for (var index = 1; index < 5; index += 1) {\n    expect(pixels[index * 5]).to.be.belowOf(pixels[(index - 1) * 5]);\n  }\n});",
              "err": {},
              "uuid": "e790d822-a30c-4715-99d0-1a64ec382c75",
              "parentUUID": "ccf5e1b0-2331-4893-aedd-196d395b9bb9",
              "isHook": false,
              "skipped": false
            },
            {
              "title": "Verifica se 40 pixels é o tamanho total do elemento, incluindo seu conteúdo e excluindo a borda preta, que deve ser criada à parte.",
              "fullTitle": "5 - Faça com que cada elemento do quadro de pixels possua 40 pixels de largura, 40 pixels de altura e seja delimitado por uma borda preta de 1 pixel. Verifica se 40 pixels é o tamanho total do elemento, incluindo seu conteúdo e excluindo a borda preta, que deve ser criada à parte.",
              "timedOut": null,
              "duration": 4208,
              "state": "failed",
              "speed": null,
              "pass": false,
              "fail": true,
              "pending": false,
              "context": null,
              "code": "cy.get('.pixel').each(function (pixel) {\n  cy.wrap(pixel).should('have.css', 'height', '40px').and('have.css', 'width', '40px').and('have.css', 'border', \"1px solid \".concat(BLACK));\n});",
              "err": {
                "message": "CypressError: Timed out retrying: expected '<td.pixel>' to have CSS property 'height' with the value '40px', but the value was '158px'",
                "estack": "CypressError: Timed out retrying: expected '<td.pixel>' to have CSS property 'height' with the value '40px', but the value was '158px'\n    at cypressErr (http://localhost:37291/__cypress/runner/cypress_runner.js:149934:9)\n    at throwErr (http://localhost:37291/__cypress/runner/cypress_runner.js:149867:11)\n    at Object.throwErrByPath (http://localhost:37291/__cypress/runner/cypress_runner.js:149915:3)\n    at retry (http://localhost:37291/__cypress/runner/cypress_runner.js:144197:19)\n    at onFailFn (http://localhost:37291/__cypress/runner/cypress_runner.js:132448:16)\n    at tryCatcher (http://localhost:37291/__cypress/runner/cypress_runner.js:167415:23)\n    at Promise._settlePromiseFromHandler (http://localhost:37291/__cypress/runner/cypress_runner.js:165351:31)\n    at Promise._settlePromise (http://localhost:37291/__cypress/runner/cypress_runner.js:165408:18)\n    at Promise._settlePromise0 (http://localhost:37291/__cypress/runner/cypress_runner.js:165453:10)\n    at Promise._settlePromises (http://localhost:37291/__cypress/runner/cypress_runner.js:165528:18)\n    at Async../node_modules/bluebird/js/release/async.js.Async._drainQueue (http://localhost:37291/__cypress/runner/cypress_runner.js:162140:16)\n    at Async../node_modules/bluebird/js/release/async.js.Async._drainQueues (http://localhost:37291/__cypress/runner/cypress_runner.js:162150:10)\n    at Async.drainQueues (http://localhost:37291/__cypress/runner/cypress_runner.js:162024:14)",
                "diff": null
              },
              "uuid": "f148bffa-7b2d-4e0b-8d2e-29524a3f5bef",
              "parentUUID": "ccf5e1b0-2331-4893-aedd-196d395b9bb9",
              "isHook": false,
              "skipped": false
            }
          ],
          "suites": [],
          "passes": [
            "e790d822-a30c-4715-99d0-1a64ec382c75"
          ],
          "failures": [
            "f148bffa-7b2d-4e0b-8d2e-29524a3f5bef"
          ],
          "pending": [],
          "skipped": [],
          "duration": 4428,
          "root": false,
          "rootEmpty": false,
          "_timeout": 2000
        },
        {
          "uuid": "621c89b7-19c2-4211-9b8c-5f50dea21f8c",
          "title": "6 - Defina a cor preta como cor inicial. Ao carregar a página a cor preta já deve estar selecionada para pintar os pixels",
          "fullFile": "",
          "file": "",
          "beforeHooks": [],
          "afterHooks": [],
          "tests": [
            {
              "title": "Verifica se o elemento da cor preta possui, inicialmente, a `classe` `selected`",
              "fullTitle": "6 - Defina a cor preta como cor inicial. Ao carregar a página a cor preta já deve estar selecionada para pintar os pixels Verifica se o elemento da cor preta possui, inicialmente, a `classe` `selected`",
              "timedOut": null,
              "duration": 71,
              "state": "passed",
              "speed": "medium",
              "pass": true,
              "fail": false,
              "pending": false,
              "context": null,
              "code": "cy.get('.selected').first().should('have.css', 'background-color', BLACK);",
              "err": {},
              "uuid": "37580b22-45da-4701-b06f-2efa527175c7",
              "parentUUID": "621c89b7-19c2-4211-9b8c-5f50dea21f8c",
              "isHook": false,
              "skipped": false
            },
            {
              "title": "Verifica se nenhuma outra cor da paleta tem a `classe` `selected`",
              "fullTitle": "6 - Defina a cor preta como cor inicial. Ao carregar a página a cor preta já deve estar selecionada para pintar os pixels Verifica se nenhuma outra cor da paleta tem a `classe` `selected`",
              "timedOut": null,
              "duration": 76,
              "state": "passed",
              "speed": "slow",
              "pass": true,
              "fail": false,
              "pending": false,
              "context": null,
              "code": "cy.get('.color:not(:first-child)').each(function (color) {\n  cy.wrap(color).should('not.have.class', 'selected');\n});",
              "err": {},
              "uuid": "f9ba38e5-c070-482d-95c6-c91f39d440ab",
              "parentUUID": "621c89b7-19c2-4211-9b8c-5f50dea21f8c",
              "isHook": false,
              "skipped": false
            }
          ],
          "suites": [],
          "passes": [
            "37580b22-45da-4701-b06f-2efa527175c7",
            "f9ba38e5-c070-482d-95c6-c91f39d440ab"
          ],
          "failures": [],
          "pending": [],
          "skipped": [],
          "duration": 147,
          "root": false,
          "rootEmpty": false,
          "_timeout": 2000
        },
        {
          "uuid": "5668bb24-8eed-4d8c-8655-3295d6e501d5",
          "title": "7 - Clicar em uma das cores da paleta, faz com que ela seja selecionada e utilizada para preencher os pixels no quadro.",
          "fullFile": "",
          "file": "",
          "beforeHooks": [],
          "afterHooks": [],
          "tests": [
            {
              "title": "Verifica se somente uma cor da paleta de cores tem a classe `selected` de cada vez",
              "fullTitle": "7 - Clicar em uma das cores da paleta, faz com que ela seja selecionada e utilizada para preencher os pixels no quadro. Verifica se somente uma cor da paleta de cores tem a classe `selected` de cada vez",
              "timedOut": null,
              "duration": 403,
              "state": "passed",
              "speed": "slow",
              "pass": true,
              "fail": false,
              "pending": false,
              "context": null,
              "code": "cy.get('.color').each(function (selectedColor, selectedColorIndex) {\n  cy.wrap(selectedColor).click();\n  cy.get('.color').each(function (color, colorIndex) {\n    if (colorIndex === selectedColorIndex) {\n      expect(color).to.have[\"class\"]('selected');\n    } else {\n      expect(color).not.to.have[\"class\"]('selected');\n    }\n  });\n});",
              "err": {},
              "uuid": "2ac1dfc9-fcf9-49b5-91cb-07e662439843",
              "parentUUID": "5668bb24-8eed-4d8c-8655-3295d6e501d5",
              "isHook": false,
              "skipped": false
            },
            {
              "title": "Verifica se os pixels dentro do quadro não têm a classe `selected` quando são clicados",
              "fullTitle": "7 - Clicar em uma das cores da paleta, faz com que ela seja selecionada e utilizada para preencher os pixels no quadro. Verifica se os pixels dentro do quadro não têm a classe `selected` quando são clicados",
              "timedOut": null,
              "duration": 7876,
              "state": "passed",
              "speed": "slow",
              "pass": true,
              "fail": false,
              "pending": false,
              "context": null,
              "code": "cy.get('.color').each(function (color) {\n  var backgroundColor = color.css('background-color');\n  cy.wrap(color).click();\n  cy.get('.pixel').each(function (pixel) {\n    cy.wrap(pixel).click().should('not.have.class', 'selected');\n  });\n});",
              "err": {},
              "uuid": "84013404-4790-4d82-a532-ddb8bece5077",
              "parentUUID": "5668bb24-8eed-4d8c-8655-3295d6e501d5",
              "isHook": false,
              "skipped": false
            }
          ],
          "suites": [],
          "passes": [
            "2ac1dfc9-fcf9-49b5-91cb-07e662439843",
            "84013404-4790-4d82-a532-ddb8bece5077"
          ],
          "failures": [],
          "pending": [],
          "skipped": [],
          "duration": 8279,
          "root": false,
          "rootEmpty": false,
          "_timeout": 2000
        },
        {
          "uuid": "41374c94-0dc4-478c-a0a6-6b8a681093eb",
          "title": "8 - Clicar em um pixel dentro do quadro após selecionar uma cor na paleta, faz com que o pixel seja preenchido com a cor selecionada.",
          "fullFile": "",
          "file": "",
          "beforeHooks": [],
          "afterHooks": [],
          "tests": [
            {
              "title": "Verifica se ao carregar a página deve ser possível pintar os pixels de preto",
              "fullTitle": "8 - Clicar em um pixel dentro do quadro após selecionar uma cor na paleta, faz com que o pixel seja preenchido com a cor selecionada. Verifica se ao carregar a página deve ser possível pintar os pixels de preto",
              "timedOut": null,
              "duration": 1942,
              "state": "passed",
              "speed": "slow",
              "pass": true,
              "fail": false,
              "pending": false,
              "context": null,
              "code": "cy.get('.pixel').each(function (pixel) {\n  cy.wrap(pixel).click().should('have.css', 'background-color', BLACK);\n});",
              "err": {},
              "uuid": "c4382275-7d36-426b-87a4-5b2ebf600684",
              "parentUUID": "41374c94-0dc4-478c-a0a6-6b8a681093eb",
              "isHook": false,
              "skipped": false
            },
            {
              "title": "Verifica se após selecionar uma outra cor na paleta, é possível pintar os pixels com essa cor",
              "fullTitle": "8 - Clicar em um pixel dentro do quadro após selecionar uma cor na paleta, faz com que o pixel seja preenchido com a cor selecionada. Verifica se após selecionar uma outra cor na paleta, é possível pintar os pixels com essa cor",
              "timedOut": null,
              "duration": 7824,
              "state": "passed",
              "speed": "slow",
              "pass": true,
              "fail": false,
              "pending": false,
              "context": null,
              "code": "cy.get('.color').each(function (color) {\n  var backgroundColor = color.css('background-color');\n  cy.wrap(color).click();\n  cy.get('.pixel').each(function (pixel) {\n    cy.wrap(pixel).click().should('have.css', 'background-color', backgroundColor);\n  });\n});",
              "err": {},
              "uuid": "ddd88128-805b-44bf-aa1a-f7b95389d36e",
              "parentUUID": "41374c94-0dc4-478c-a0a6-6b8a681093eb",
              "isHook": false,
              "skipped": false
            },
            {
              "title": "Verifica se somente o pixel que foi clicado foi preenchido com a cor selecionada, sem influenciar na cor dos demais pixels.",
              "fullTitle": "8 - Clicar em um pixel dentro do quadro após selecionar uma cor na paleta, faz com que o pixel seja preenchido com a cor selecionada. Verifica se somente o pixel que foi clicado foi preenchido com a cor selecionada, sem influenciar na cor dos demais pixels.",
              "timedOut": null,
              "duration": 1107,
              "state": "passed",
              "speed": "slow",
              "pass": true,
              "fail": false,
              "pending": false,
              "context": null,
              "code": "var colorToPixelIndexMap = {\n  0: 6,\n  1: 8,\n  2: 16,\n  3: 18\n};\ncy.get('.color').each(function (color, index) {\n  cy.wrap(color).click();\n  var backgroundColor = color.css('background-color');\n  var clickedPixelIndex = colorToPixelIndexMap[index];\n  cy.get('.pixel').eq(clickedPixelIndex).click();\n  cy.get('.pixel').eq(clickedPixelIndex - 1).should('not.have.css', 'background-color', backgroundColor);\n  cy.get('.pixel').eq(clickedPixelIndex + 1).should('not.have.css', 'background-color', backgroundColor);\n  cy.get('.pixel').eq(clickedPixelIndex - 5).should('not.have.css', 'background-color', backgroundColor);\n  cy.get('.pixel').eq(clickedPixelIndex + 5).should('not.have.css', 'background-color', backgroundColor);\n  cy.get('.pixel').eq(clickedPixelIndex - 6).should('not.have.css', 'background-color', backgroundColor);\n  cy.get('.pixel').eq(clickedPixelIndex - 4).should('not.have.css', 'background-color', backgroundColor);\n  cy.get('.pixel').eq(clickedPixelIndex + 4).should('not.have.css', 'background-color', backgroundColor);\n  cy.get('.pixel').eq(clickedPixelIndex + 6).should('not.have.css', 'background-color', backgroundColor);\n});",
              "err": {},
              "uuid": "ba7727f7-96bf-484c-b9cd-d4210ee0b427",
              "parentUUID": "41374c94-0dc4-478c-a0a6-6b8a681093eb",
              "isHook": false,
              "skipped": false
            }
          ],
          "suites": [],
          "passes": [
            "c4382275-7d36-426b-87a4-5b2ebf600684",
            "ddd88128-805b-44bf-aa1a-f7b95389d36e",
            "ba7727f7-96bf-484c-b9cd-d4210ee0b427"
          ],
          "failures": [],
          "pending": [],
          "skipped": [],
          "duration": 10873,
          "root": false,
          "rootEmpty": false,
          "_timeout": 2000
        },
        {
          "uuid": "c1219446-7238-4a50-8a42-2b087826d0cf",
          "title": "9 - Crie um botão que, ao ser clicado, limpa o quadro preenchendo a cor de todos seus pixels com branco.",
          "fullFile": "",
          "file": "",
          "beforeHooks": [],
          "afterHooks": [],
          "tests": [
            {
              "title": "Verifica se o botão tem o `id` denominado `clear-board`",
              "fullTitle": "9 - Crie um botão que, ao ser clicado, limpa o quadro preenchendo a cor de todos seus pixels com branco. Verifica se o botão tem o `id` denominado `clear-board`",
              "timedOut": null,
              "duration": 81,
              "state": "passed",
              "speed": "slow",
              "pass": true,
              "fail": false,
              "pending": false,
              "context": null,
              "code": "cy.get('#clear-board').should('be.visible');",
              "err": {},
              "uuid": "93a69057-954f-4a76-930c-1e6a168c55ec",
              "parentUUID": "c1219446-7238-4a50-8a42-2b087826d0cf",
              "isHook": false,
              "skipped": false
            },
            {
              "title": "Verifica se o botão está posicionado entre a paleta de cores e o quadro de pixels",
              "fullTitle": "9 - Crie um botão que, ao ser clicado, limpa o quadro preenchendo a cor de todos seus pixels com branco. Verifica se o botão está posicionado entre a paleta de cores e o quadro de pixels",
              "timedOut": null,
              "duration": 59,
              "state": "passed",
              "speed": "medium",
              "pass": true,
              "fail": false,
              "pending": false,
              "context": null,
              "code": "cy.get('#color-palette').then(function (palette) {\n  cy.get('#clear-board').should('be.belowOf', palette);\n});\ncy.get('#clear-board').then(function (clearBtn) {\n  cy.get('#pixel-board').should('be.belowOf', clearBtn);\n});",
              "err": {},
              "uuid": "6fde3b7b-90cd-4322-8c50-a5405c51d772",
              "parentUUID": "c1219446-7238-4a50-8a42-2b087826d0cf",
              "isHook": false,
              "skipped": false
            },
            {
              "title": "Verifica se o texto do botão é 'Limpar'",
              "fullTitle": "9 - Crie um botão que, ao ser clicado, limpa o quadro preenchendo a cor de todos seus pixels com branco. Verifica se o texto do botão é 'Limpar'",
              "timedOut": null,
              "duration": 43,
              "state": "passed",
              "speed": "medium",
              "pass": true,
              "fail": false,
              "pending": false,
              "context": null,
              "code": "cy.get('#clear-board').should('contain.text', 'Limpar');",
              "err": {},
              "uuid": "0d69428f-99e5-4ccf-8036-1153261ed70e",
              "parentUUID": "c1219446-7238-4a50-8a42-2b087826d0cf",
              "isHook": false,
              "skipped": false
            },
            {
              "title": "Verifica se ao clicar no botão, o quadro de pixels é totalmente preenchido de branco",
              "fullTitle": "9 - Crie um botão que, ao ser clicado, limpa o quadro preenchendo a cor de todos seus pixels com branco. Verifica se ao clicar no botão, o quadro de pixels é totalmente preenchido de branco",
              "timedOut": null,
              "duration": 6219,
              "state": "failed",
              "speed": null,
              "pass": false,
              "fail": true,
              "pending": false,
              "context": null,
              "code": "cy.get('.color').eq(1).then(function (color) {\n  var backgroundColor = color.css('background-color');\n  cy.wrap(color).click();\n  cy.get('.pixel').each(function (pixel) {\n    cy.wrap(pixel).click().should('have.css', 'background-color', backgroundColor);\n  });\n});\ncy.get('#clear-board').click();\ncy.get('.pixel').each(function (pixel) {\n  cy.wrap(pixel).should('have.css', 'background-color', WHITE);\n});",
              "err": {
                "message": "CypressError: Timed out retrying: expected '<td.pixel>' to have CSS property 'background-color' with the value 'rgb(255, 255, 255)', but the value was 'rgb(250, 250, 210)'",
                "estack": "CypressError: Timed out retrying: expected '<td.pixel>' to have CSS property 'background-color' with the value 'rgb(255, 255, 255)', but the value was 'rgb(250, 250, 210)'\n    at cypressErr (http://localhost:37291/__cypress/runner/cypress_runner.js:149934:9)\n    at throwErr (http://localhost:37291/__cypress/runner/cypress_runner.js:149867:11)\n    at Object.throwErrByPath (http://localhost:37291/__cypress/runner/cypress_runner.js:149915:3)\n    at retry (http://localhost:37291/__cypress/runner/cypress_runner.js:144197:19)\n    at onFailFn (http://localhost:37291/__cypress/runner/cypress_runner.js:132448:16)\n    at tryCatcher (http://localhost:37291/__cypress/runner/cypress_runner.js:167415:23)\n    at Promise._settlePromiseFromHandler (http://localhost:37291/__cypress/runner/cypress_runner.js:165351:31)\n    at Promise._settlePromise (http://localhost:37291/__cypress/runner/cypress_runner.js:165408:18)\n    at Promise._settlePromise0 (http://localhost:37291/__cypress/runner/cypress_runner.js:165453:10)\n    at Promise._settlePromises (http://localhost:37291/__cypress/runner/cypress_runner.js:165528:18)\n    at Async../node_modules/bluebird/js/release/async.js.Async._drainQueue (http://localhost:37291/__cypress/runner/cypress_runner.js:162140:16)\n    at Async../node_modules/bluebird/js/release/async.js.Async._drainQueues (http://localhost:37291/__cypress/runner/cypress_runner.js:162150:10)\n    at Async.drainQueues (http://localhost:37291/__cypress/runner/cypress_runner.js:162024:14)",
                "diff": null
              },
              "uuid": "1f5eaf03-e1b0-47f3-a4cb-cff2ee781ec4",
              "parentUUID": "c1219446-7238-4a50-8a42-2b087826d0cf",
              "isHook": false,
              "skipped": false
            }
          ],
          "suites": [],
          "passes": [
            "93a69057-954f-4a76-930c-1e6a168c55ec",
            "6fde3b7b-90cd-4322-8c50-a5405c51d772",
            "0d69428f-99e5-4ccf-8036-1153261ed70e"
          ],
          "failures": [
            "1f5eaf03-e1b0-47f3-a4cb-cff2ee781ec4"
          ],
          "pending": [],
          "skipped": [],
          "duration": 6402,
          "root": false,
          "rootEmpty": false,
          "_timeout": 2000
        },
        {
          "uuid": "9a44463d-0ab3-4ad8-b405-ee52c6ebaecc",
          "title": "10 - Faça o quadro de pixels ter seu tamanho definido pelo usuário.",
          "fullFile": "",
          "file": "",
          "beforeHooks": [],
          "afterHooks": [],
          "tests": [
            {
              "title": "Verifica se existe um input com o id `board-size`",
              "fullTitle": "10 - Faça o quadro de pixels ter seu tamanho definido pelo usuário. Verifica se existe um input com o id `board-size`",
              "timedOut": null,
              "duration": 4227,
              "state": "failed",
              "speed": null,
              "pass": false,
              "fail": true,
              "pending": false,
              "context": null,
              "code": "cy.get('#board-size').should('be.visible');",
              "err": {
                "message": "CypressError: Timed out retrying: Expected to find element: '#board-size', but never found it.",
                "estack": "CypressError: Timed out retrying: Expected to find element: '#board-size', but never found it.\n    at cypressErr (http://localhost:37291/__cypress/runner/cypress_runner.js:149934:9)\n    at throwErr (http://localhost:37291/__cypress/runner/cypress_runner.js:149867:11)\n    at Object.throwErrByPath (http://localhost:37291/__cypress/runner/cypress_runner.js:149915:3)\n    at retry (http://localhost:37291/__cypress/runner/cypress_runner.js:144197:19)\n    at onFailFn (http://localhost:37291/__cypress/runner/cypress_runner.js:132448:16)\n    at tryCatcher (http://localhost:37291/__cypress/runner/cypress_runner.js:167415:23)\n    at Promise._settlePromiseFromHandler (http://localhost:37291/__cypress/runner/cypress_runner.js:165351:31)\n    at Promise._settlePromise (http://localhost:37291/__cypress/runner/cypress_runner.js:165408:18)\n    at Promise._settlePromise0 (http://localhost:37291/__cypress/runner/cypress_runner.js:165453:10)\n    at Promise._settlePromises (http://localhost:37291/__cypress/runner/cypress_runner.js:165528:18)\n    at Async../node_modules/bluebird/js/release/async.js.Async._drainQueue (http://localhost:37291/__cypress/runner/cypress_runner.js:162140:16)\n    at Async../node_modules/bluebird/js/release/async.js.Async._drainQueues (http://localhost:37291/__cypress/runner/cypress_runner.js:162150:10)\n    at Async.drainQueues (http://localhost:37291/__cypress/runner/cypress_runner.js:162024:14)",
                "diff": null
              },
              "uuid": "5c0f93cb-fb1a-4707-a6e6-47aa686d50d9",
              "parentUUID": "9a44463d-0ab3-4ad8-b405-ee52c6ebaecc",
              "isHook": false,
              "skipped": false
            },
            {
              "title": "Verifica se existe um botão com o id `generate-board`",
              "fullTitle": "10 - Faça o quadro de pixels ter seu tamanho definido pelo usuário. Verifica se existe um botão com o id `generate-board`",
              "timedOut": null,
              "duration": 4236,
              "state": "failed",
              "speed": null,
              "pass": false,
              "fail": true,
              "pending": false,
              "context": null,
              "code": "cy.get('#generate-board').should('be.visible');",
              "err": {
                "message": "CypressError: Timed out retrying: Expected to find element: '#generate-board', but never found it.",
                "estack": "CypressError: Timed out retrying: Expected to find element: '#generate-board', but never found it.\n    at cypressErr (http://localhost:37291/__cypress/runner/cypress_runner.js:149934:9)\n    at throwErr (http://localhost:37291/__cypress/runner/cypress_runner.js:149867:11)\n    at Object.throwErrByPath (http://localhost:37291/__cypress/runner/cypress_runner.js:149915:3)\n    at retry (http://localhost:37291/__cypress/runner/cypress_runner.js:144197:19)\n    at onFailFn (http://localhost:37291/__cypress/runner/cypress_runner.js:132448:16)\n    at tryCatcher (http://localhost:37291/__cypress/runner/cypress_runner.js:167415:23)\n    at Promise._settlePromiseFromHandler (http://localhost:37291/__cypress/runner/cypress_runner.js:165351:31)\n    at Promise._settlePromise (http://localhost:37291/__cypress/runner/cypress_runner.js:165408:18)\n    at Promise._settlePromise0 (http://localhost:37291/__cypress/runner/cypress_runner.js:165453:10)\n    at Promise._settlePromises (http://localhost:37291/__cypress/runner/cypress_runner.js:165528:18)\n    at Async../node_modules/bluebird/js/release/async.js.Async._drainQueue (http://localhost:37291/__cypress/runner/cypress_runner.js:162140:16)\n    at Async../node_modules/bluebird/js/release/async.js.Async._drainQueues (http://localhost:37291/__cypress/runner/cypress_runner.js:162150:10)\n    at Async.drainQueues (http://localhost:37291/__cypress/runner/cypress_runner.js:162024:14)",
                "diff": null
              },
              "uuid": "a5d58827-bce0-43d3-afa6-821d25413e0d",
              "parentUUID": "9a44463d-0ab3-4ad8-b405-ee52c6ebaecc",
              "isHook": false,
              "skipped": false
            },
            {
              "title": "Verifica se o input só aceita número maiores que zero. Essa restrição deve ser feita usando os atributos do elemento `input`",
              "fullTitle": "10 - Faça o quadro de pixels ter seu tamanho definido pelo usuário. Verifica se o input só aceita número maiores que zero. Essa restrição deve ser feita usando os atributos do elemento `input`",
              "timedOut": null,
              "duration": 4211,
              "state": "failed",
              "speed": null,
              "pass": false,
              "fail": true,
              "pending": false,
              "context": null,
              "code": "cy.get('#board-size[type=\\'number\\'][min=\\'1\\']');",
              "err": {
                "message": "CypressError: Timed out retrying: Expected to find element: '#board-size[type='number'][min='1']', but never found it.",
                "estack": "CypressError: Timed out retrying: Expected to find element: '#board-size[type='number'][min='1']', but never found it.\n    at cypressErr (http://localhost:37291/__cypress/runner/cypress_runner.js:149934:9)\n    at throwErr (http://localhost:37291/__cypress/runner/cypress_runner.js:149867:11)\n    at Object.throwErrByPath (http://localhost:37291/__cypress/runner/cypress_runner.js:149915:3)\n    at retry (http://localhost:37291/__cypress/runner/cypress_runner.js:144197:19)\n    at onFailFn (http://localhost:37291/__cypress/runner/cypress_runner.js:132448:16)\n    at tryCatcher (http://localhost:37291/__cypress/runner/cypress_runner.js:167415:23)\n    at Promise._settlePromiseFromHandler (http://localhost:37291/__cypress/runner/cypress_runner.js:165351:31)\n    at Promise._settlePromise (http://localhost:37291/__cypress/runner/cypress_runner.js:165408:18)\n    at Promise._settlePromise0 (http://localhost:37291/__cypress/runner/cypress_runner.js:165453:10)\n    at Promise._settlePromises (http://localhost:37291/__cypress/runner/cypress_runner.js:165528:18)\n    at Async../node_modules/bluebird/js/release/async.js.Async._drainQueue (http://localhost:37291/__cypress/runner/cypress_runner.js:162140:16)\n    at Async../node_modules/bluebird/js/release/async.js.Async._drainQueues (http://localhost:37291/__cypress/runner/cypress_runner.js:162150:10)\n    at Async.drainQueues (http://localhost:37291/__cypress/runner/cypress_runner.js:162024:14)",
                "diff": null
              },
              "uuid": "e55818ec-a3a4-4995-b157-5c38c650bc9c",
              "parentUUID": "9a44463d-0ab3-4ad8-b405-ee52c6ebaecc",
              "isHook": false,
              "skipped": false
            },
            {
              "title": "Verifica se o botão contém o texto 'VQV'",
              "fullTitle": "10 - Faça o quadro de pixels ter seu tamanho definido pelo usuário. Verifica se o botão contém o texto 'VQV'",
              "timedOut": null,
              "duration": 4198,
              "state": "failed",
              "speed": null,
              "pass": false,
              "fail": true,
              "pending": false,
              "context": null,
              "code": "cy.get('#generate-board').contains(/vqv/i);",
              "err": {
                "message": "CypressError: Timed out retrying: Expected to find element: '#generate-board', but never found it.",
                "estack": "CypressError: Timed out retrying: Expected to find element: '#generate-board', but never found it.\n    at cypressErr (http://localhost:37291/__cypress/runner/cypress_runner.js:149934:9)\n    at throwErr (http://localhost:37291/__cypress/runner/cypress_runner.js:149867:11)\n    at Object.throwErrByPath (http://localhost:37291/__cypress/runner/cypress_runner.js:149915:3)\n    at retry (http://localhost:37291/__cypress/runner/cypress_runner.js:144197:19)\n    at onFailFn (http://localhost:37291/__cypress/runner/cypress_runner.js:132448:16)\n    at tryCatcher (http://localhost:37291/__cypress/runner/cypress_runner.js:167415:23)\n    at Promise._settlePromiseFromHandler (http://localhost:37291/__cypress/runner/cypress_runner.js:165351:31)\n    at Promise._settlePromise (http://localhost:37291/__cypress/runner/cypress_runner.js:165408:18)\n    at Promise._settlePromise0 (http://localhost:37291/__cypress/runner/cypress_runner.js:165453:10)\n    at Promise._settlePromises (http://localhost:37291/__cypress/runner/cypress_runner.js:165528:18)\n    at Async../node_modules/bluebird/js/release/async.js.Async._drainQueue (http://localhost:37291/__cypress/runner/cypress_runner.js:162140:16)\n    at Async../node_modules/bluebird/js/release/async.js.Async._drainQueues (http://localhost:37291/__cypress/runner/cypress_runner.js:162150:10)\n    at Async.drainQueues (http://localhost:37291/__cypress/runner/cypress_runner.js:162024:14)",
                "diff": null
              },
              "uuid": "2eba1d3d-66c4-48f1-b523-cd27b1f5a624",
              "parentUUID": "9a44463d-0ab3-4ad8-b405-ee52c6ebaecc",
              "isHook": false,
              "skipped": false
            },
            {
              "title": "Verifica se o input está posicionado entre a paleta de cores e o quadro de pixels",
              "fullTitle": "10 - Faça o quadro de pixels ter seu tamanho definido pelo usuário. Verifica se o input está posicionado entre a paleta de cores e o quadro de pixels",
              "timedOut": null,
              "duration": 4211,
              "state": "failed",
              "speed": null,
              "pass": false,
              "fail": true,
              "pending": false,
              "context": null,
              "code": "cy.get('#color-palette').then(function (palette) {\n  cy.get('#board-size').should('be.belowOf', palette);\n});\ncy.get('#board-size').then(function (palette) {\n  cy.get('#pixel-board').should('be.belowOf', palette);\n});",
              "err": {
                "message": "CypressError: Timed out retrying: Expected to find element: '#board-size', but never found it.",
                "estack": "CypressError: Timed out retrying: Expected to find element: '#board-size', but never found it.\n    at cypressErr (http://localhost:37291/__cypress/runner/cypress_runner.js:149934:9)\n    at throwErr (http://localhost:37291/__cypress/runner/cypress_runner.js:149867:11)\n    at Object.throwErrByPath (http://localhost:37291/__cypress/runner/cypress_runner.js:149915:3)\n    at retry (http://localhost:37291/__cypress/runner/cypress_runner.js:144197:19)\n    at onFailFn (http://localhost:37291/__cypress/runner/cypress_runner.js:132448:16)\n    at tryCatcher (http://localhost:37291/__cypress/runner/cypress_runner.js:167415:23)\n    at Promise._settlePromiseFromHandler (http://localhost:37291/__cypress/runner/cypress_runner.js:165351:31)\n    at Promise._settlePromise (http://localhost:37291/__cypress/runner/cypress_runner.js:165408:18)\n    at Promise._settlePromise0 (http://localhost:37291/__cypress/runner/cypress_runner.js:165453:10)\n    at Promise._settlePromises (http://localhost:37291/__cypress/runner/cypress_runner.js:165528:18)\n    at Async../node_modules/bluebird/js/release/async.js.Async._drainQueue (http://localhost:37291/__cypress/runner/cypress_runner.js:162140:16)\n    at Async../node_modules/bluebird/js/release/async.js.Async._drainQueues (http://localhost:37291/__cypress/runner/cypress_runner.js:162150:10)\n    at Async.drainQueues (http://localhost:37291/__cypress/runner/cypress_runner.js:162024:14)",
                "diff": null
              },
              "uuid": "0139987d-6e6c-4af9-b9ad-63b551f34748",
              "parentUUID": "9a44463d-0ab3-4ad8-b405-ee52c6ebaecc",
              "isHook": false,
              "skipped": false
            },
            {
              "title": "Verifica se o botão está posicionado ao lado do input",
              "fullTitle": "10 - Faça o quadro de pixels ter seu tamanho definido pelo usuário. Verifica se o botão está posicionado ao lado do input",
              "timedOut": null,
              "duration": 4200,
              "state": "failed",
              "speed": null,
              "pass": false,
              "fail": true,
              "pending": false,
              "context": null,
              "code": "cy.get('#board-size').then(function (board) {\n  cy.get('#generate-board').should('be.onTheRightOf', board);\n});",
              "err": {
                "message": "CypressError: Timed out retrying: Expected to find element: '#board-size', but never found it.",
                "estack": "CypressError: Timed out retrying: Expected to find element: '#board-size', but never found it.\n    at cypressErr (http://localhost:37291/__cypress/runner/cypress_runner.js:149934:9)\n    at throwErr (http://localhost:37291/__cypress/runner/cypress_runner.js:149867:11)\n    at Object.throwErrByPath (http://localhost:37291/__cypress/runner/cypress_runner.js:149915:3)\n    at retry (http://localhost:37291/__cypress/runner/cypress_runner.js:144197:19)\n    at onFailFn (http://localhost:37291/__cypress/runner/cypress_runner.js:132448:16)\n    at tryCatcher (http://localhost:37291/__cypress/runner/cypress_runner.js:167415:23)\n    at Promise._settlePromiseFromHandler (http://localhost:37291/__cypress/runner/cypress_runner.js:165351:31)\n    at Promise._settlePromise (http://localhost:37291/__cypress/runner/cypress_runner.js:165408:18)\n    at Promise._settlePromise0 (http://localhost:37291/__cypress/runner/cypress_runner.js:165453:10)\n    at Promise._settlePromises (http://localhost:37291/__cypress/runner/cypress_runner.js:165528:18)\n    at Async../node_modules/bluebird/js/release/async.js.Async._drainQueue (http://localhost:37291/__cypress/runner/cypress_runner.js:162140:16)\n    at Async../node_modules/bluebird/js/release/async.js.Async._drainQueues (http://localhost:37291/__cypress/runner/cypress_runner.js:162150:10)\n    at Async.drainQueues (http://localhost:37291/__cypress/runner/cypress_runner.js:162024:14)",
                "diff": null
              },
              "uuid": "ce611d97-0f29-41cf-9c6d-19b7da409da4",
              "parentUUID": "9a44463d-0ab3-4ad8-b405-ee52c6ebaecc",
              "isHook": false,
              "skipped": false
            },
            {
              "title": "Verifica se nenhum valor for colocado no input ao clicar no botão, um `alert` é exibido com o texto: 'Board inválido!'",
              "fullTitle": "10 - Faça o quadro de pixels ter seu tamanho definido pelo usuário. Verifica se nenhum valor for colocado no input ao clicar no botão, um `alert` é exibido com o texto: 'Board inválido!'",
              "timedOut": null,
              "duration": 4215,
              "state": "failed",
              "speed": null,
              "pass": false,
              "fail": true,
              "pending": false,
              "context": null,
              "code": "var alerted = false;\ncy.on('window:alert', function (msg) {\n  return alerted = msg;\n});\ncy.get('#generate-board').click().then(function () {\n  return expect(alerted).to.match(/Board inválido!/i);\n});",
              "err": {
                "message": "CypressError: Timed out retrying: Expected to find element: '#generate-board', but never found it.",
                "estack": "CypressError: Timed out retrying: Expected to find element: '#generate-board', but never found it.\n    at cypressErr (http://localhost:37291/__cypress/runner/cypress_runner.js:149934:9)\n    at throwErr (http://localhost:37291/__cypress/runner/cypress_runner.js:149867:11)\n    at Object.throwErrByPath (http://localhost:37291/__cypress/runner/cypress_runner.js:149915:3)\n    at retry (http://localhost:37291/__cypress/runner/cypress_runner.js:144197:19)\n    at onFailFn (http://localhost:37291/__cypress/runner/cypress_runner.js:132448:16)\n    at tryCatcher (http://localhost:37291/__cypress/runner/cypress_runner.js:167415:23)\n    at Promise._settlePromiseFromHandler (http://localhost:37291/__cypress/runner/cypress_runner.js:165351:31)\n    at Promise._settlePromise (http://localhost:37291/__cypress/runner/cypress_runner.js:165408:18)\n    at Promise._settlePromise0 (http://localhost:37291/__cypress/runner/cypress_runner.js:165453:10)\n    at Promise._settlePromises (http://localhost:37291/__cypress/runner/cypress_runner.js:165528:18)\n    at Async../node_modules/bluebird/js/release/async.js.Async._drainQueue (http://localhost:37291/__cypress/runner/cypress_runner.js:162140:16)\n    at Async../node_modules/bluebird/js/release/async.js.Async._drainQueues (http://localhost:37291/__cypress/runner/cypress_runner.js:162150:10)\n    at Async.drainQueues (http://localhost:37291/__cypress/runner/cypress_runner.js:162024:14)",
                "diff": null
              },
              "uuid": "014ee97a-d6ff-43f0-b421-096554b756a4",
              "parentUUID": "9a44463d-0ab3-4ad8-b405-ee52c6ebaecc",
              "isHook": false,
              "skipped": false
            },
            {
              "title": "Verifica se ao clicar no botão com um valor preenchido, o tamanho do board muda.",
              "fullTitle": "10 - Faça o quadro de pixels ter seu tamanho definido pelo usuário. Verifica se ao clicar no botão com um valor preenchido, o tamanho do board muda.",
              "timedOut": null,
              "duration": 4196,
              "state": "failed",
              "speed": null,
              "pass": false,
              "fail": true,
              "pending": false,
              "context": null,
              "code": "cy.get('#board-size').clear().type(10);\ncy.get('#generate-board').click();\ncy.get('.pixel').should('have.length', 100);",
              "err": {
                "message": "CypressError: Timed out retrying: Expected to find element: '#board-size', but never found it.",
                "estack": "CypressError: Timed out retrying: Expected to find element: '#board-size', but never found it.\n    at cypressErr (http://localhost:37291/__cypress/runner/cypress_runner.js:149934:9)\n    at throwErr (http://localhost:37291/__cypress/runner/cypress_runner.js:149867:11)\n    at Object.throwErrByPath (http://localhost:37291/__cypress/runner/cypress_runner.js:149915:3)\n    at retry (http://localhost:37291/__cypress/runner/cypress_runner.js:144197:19)\n    at onFailFn (http://localhost:37291/__cypress/runner/cypress_runner.js:132448:16)\n    at tryCatcher (http://localhost:37291/__cypress/runner/cypress_runner.js:167415:23)\n    at Promise._settlePromiseFromHandler (http://localhost:37291/__cypress/runner/cypress_runner.js:165351:31)\n    at Promise._settlePromise (http://localhost:37291/__cypress/runner/cypress_runner.js:165408:18)\n    at Promise._settlePromise0 (http://localhost:37291/__cypress/runner/cypress_runner.js:165453:10)\n    at Promise._settlePromises (http://localhost:37291/__cypress/runner/cypress_runner.js:165528:18)\n    at Async../node_modules/bluebird/js/release/async.js.Async._drainQueue (http://localhost:37291/__cypress/runner/cypress_runner.js:162140:16)\n    at Async../node_modules/bluebird/js/release/async.js.Async._drainQueues (http://localhost:37291/__cypress/runner/cypress_runner.js:162150:10)\n    at Async.drainQueues (http://localhost:37291/__cypress/runner/cypress_runner.js:162024:14)",
                "diff": null
              },
              "uuid": "65c63d40-78f9-4911-bf09-0bb2ed39b3a4",
              "parentUUID": "9a44463d-0ab3-4ad8-b405-ee52c6ebaecc",
              "isHook": false,
              "skipped": false
            },
            {
              "title": "Verifica se o novo quadro tem todos os pixels preenchidos com a cor branca",
              "fullTitle": "10 - Faça o quadro de pixels ter seu tamanho definido pelo usuário. Verifica se o novo quadro tem todos os pixels preenchidos com a cor branca",
              "timedOut": null,
              "duration": 4220,
              "state": "failed",
              "speed": null,
              "pass": false,
              "fail": true,
              "pending": false,
              "context": null,
              "code": "cy.get('#board-size').clear().type(6);\ncy.get('#generate-board').click();\ncy.get('.pixel').should('have.length', 36).each(function (pixel) {\n  expect(pixel).to.have.css('background-color', WHITE);\n});",
              "err": {
                "message": "CypressError: Timed out retrying: Expected to find element: '#board-size', but never found it.",
                "estack": "CypressError: Timed out retrying: Expected to find element: '#board-size', but never found it.\n    at cypressErr (http://localhost:37291/__cypress/runner/cypress_runner.js:149934:9)\n    at throwErr (http://localhost:37291/__cypress/runner/cypress_runner.js:149867:11)\n    at Object.throwErrByPath (http://localhost:37291/__cypress/runner/cypress_runner.js:149915:3)\n    at retry (http://localhost:37291/__cypress/runner/cypress_runner.js:144197:19)\n    at onFailFn (http://localhost:37291/__cypress/runner/cypress_runner.js:132448:16)\n    at tryCatcher (http://localhost:37291/__cypress/runner/cypress_runner.js:167415:23)\n    at Promise._settlePromiseFromHandler (http://localhost:37291/__cypress/runner/cypress_runner.js:165351:31)\n    at Promise._settlePromise (http://localhost:37291/__cypress/runner/cypress_runner.js:165408:18)\n    at Promise._settlePromise0 (http://localhost:37291/__cypress/runner/cypress_runner.js:165453:10)\n    at Promise._settlePromises (http://localhost:37291/__cypress/runner/cypress_runner.js:165528:18)\n    at Async../node_modules/bluebird/js/release/async.js.Async._drainQueue (http://localhost:37291/__cypress/runner/cypress_runner.js:162140:16)\n    at Async../node_modules/bluebird/js/release/async.js.Async._drainQueues (http://localhost:37291/__cypress/runner/cypress_runner.js:162150:10)\n    at Async.drainQueues (http://localhost:37291/__cypress/runner/cypress_runner.js:162024:14)",
                "diff": null
              },
              "uuid": "6268b97b-ad40-4ff3-bce5-d0562b446c3d",
              "parentUUID": "9a44463d-0ab3-4ad8-b405-ee52c6ebaecc",
              "isHook": false,
              "skipped": false
            }
          ],
          "suites": [],
          "passes": [],
          "failures": [
            "5c0f93cb-fb1a-4707-a6e6-47aa686d50d9",
            "a5d58827-bce0-43d3-afa6-821d25413e0d",
            "e55818ec-a3a4-4995-b157-5c38c650bc9c",
            "2eba1d3d-66c4-48f1-b523-cd27b1f5a624",
            "0139987d-6e6c-4af9-b9ad-63b551f34748",
            "ce611d97-0f29-41cf-9c6d-19b7da409da4",
            "014ee97a-d6ff-43f0-b421-096554b756a4",
            "65c63d40-78f9-4911-bf09-0bb2ed39b3a4",
            "6268b97b-ad40-4ff3-bce5-d0562b446c3d"
          ],
          "pending": [],
          "skipped": [],
          "duration": 37914,
          "root": false,
          "rootEmpty": false,
          "_timeout": 2000
        },
        {
          "uuid": "9d7bee74-a221-4243-ab51-cc4fc36a79f2",
          "title": "11 - Limite o tamanho mínimo e máximo do board.",
          "fullFile": "",
          "file": "",
          "beforeHooks": [],
          "afterHooks": [],
          "tests": [
            {
              "title": "Verifica se a altura máxima do board é 50",
              "fullTitle": "11 - Limite o tamanho mínimo e máximo do board. Verifica se a altura máxima do board é 50",
              "timedOut": null,
              "duration": 4193,
              "state": "failed",
              "speed": null,
              "pass": false,
              "fail": true,
              "pending": false,
              "context": null,
              "code": "cy.get('#board-size').clear().type(50);\ncy.get('#generate-board').click();\ncy.get('.pixel').should('have.length', 2500);",
              "err": {
                "message": "CypressError: Timed out retrying: Expected to find element: '#board-size', but never found it.",
                "estack": "CypressError: Timed out retrying: Expected to find element: '#board-size', but never found it.\n    at cypressErr (http://localhost:37291/__cypress/runner/cypress_runner.js:149934:9)\n    at throwErr (http://localhost:37291/__cypress/runner/cypress_runner.js:149867:11)\n    at Object.throwErrByPath (http://localhost:37291/__cypress/runner/cypress_runner.js:149915:3)\n    at retry (http://localhost:37291/__cypress/runner/cypress_runner.js:144197:19)\n    at onFailFn (http://localhost:37291/__cypress/runner/cypress_runner.js:132448:16)\n    at tryCatcher (http://localhost:37291/__cypress/runner/cypress_runner.js:167415:23)\n    at Promise._settlePromiseFromHandler (http://localhost:37291/__cypress/runner/cypress_runner.js:165351:31)\n    at Promise._settlePromise (http://localhost:37291/__cypress/runner/cypress_runner.js:165408:18)\n    at Promise._settlePromise0 (http://localhost:37291/__cypress/runner/cypress_runner.js:165453:10)\n    at Promise._settlePromises (http://localhost:37291/__cypress/runner/cypress_runner.js:165528:18)\n    at Async../node_modules/bluebird/js/release/async.js.Async._drainQueue (http://localhost:37291/__cypress/runner/cypress_runner.js:162140:16)\n    at Async../node_modules/bluebird/js/release/async.js.Async._drainQueues (http://localhost:37291/__cypress/runner/cypress_runner.js:162150:10)\n    at Async.drainQueues (http://localhost:37291/__cypress/runner/cypress_runner.js:162024:14)",
                "diff": null
              },
              "uuid": "4ac48e92-b8db-4cee-ac62-994a0f043993",
              "parentUUID": "9d7bee74-a221-4243-ab51-cc4fc36a79f2",
              "isHook": false,
              "skipped": false
            },
            {
              "title": "Verifica se a altura do board é 5 quando um valor menor é colocado no input",
              "fullTitle": "11 - Limite o tamanho mínimo e máximo do board. Verifica se a altura do board é 5 quando um valor menor é colocado no input",
              "timedOut": null,
              "duration": 4192,
              "state": "failed",
              "speed": null,
              "pass": false,
              "fail": true,
              "pending": false,
              "context": null,
              "code": "cy.get('#board-size').clear().type(4);\ncy.get('#generate-board').click();\ncy.get('.pixel').should('have.length', 25);",
              "err": {
                "message": "CypressError: Timed out retrying: Expected to find element: '#board-size', but never found it.",
                "estack": "CypressError: Timed out retrying: Expected to find element: '#board-size', but never found it.\n    at cypressErr (http://localhost:37291/__cypress/runner/cypress_runner.js:149934:9)\n    at throwErr (http://localhost:37291/__cypress/runner/cypress_runner.js:149867:11)\n    at Object.throwErrByPath (http://localhost:37291/__cypress/runner/cypress_runner.js:149915:3)\n    at retry (http://localhost:37291/__cypress/runner/cypress_runner.js:144197:19)\n    at onFailFn (http://localhost:37291/__cypress/runner/cypress_runner.js:132448:16)\n    at tryCatcher (http://localhost:37291/__cypress/runner/cypress_runner.js:167415:23)\n    at Promise._settlePromiseFromHandler (http://localhost:37291/__cypress/runner/cypress_runner.js:165351:31)\n    at Promise._settlePromise (http://localhost:37291/__cypress/runner/cypress_runner.js:165408:18)\n    at Promise._settlePromise0 (http://localhost:37291/__cypress/runner/cypress_runner.js:165453:10)\n    at Promise._settlePromises (http://localhost:37291/__cypress/runner/cypress_runner.js:165528:18)\n    at Async../node_modules/bluebird/js/release/async.js.Async._drainQueue (http://localhost:37291/__cypress/runner/cypress_runner.js:162140:16)\n    at Async../node_modules/bluebird/js/release/async.js.Async._drainQueues (http://localhost:37291/__cypress/runner/cypress_runner.js:162150:10)\n    at Async.drainQueues (http://localhost:37291/__cypress/runner/cypress_runner.js:162024:14)",
                "diff": null
              },
              "uuid": "4b2fd1a8-cae0-49c6-9f46-bdff24ea8e78",
              "parentUUID": "9d7bee74-a221-4243-ab51-cc4fc36a79f2",
              "isHook": false,
              "skipped": false
            },
            {
              "title": "Verifica se a altura do board é 50 quando um valor maior é colocado no input",
              "fullTitle": "11 - Limite o tamanho mínimo e máximo do board. Verifica se a altura do board é 50 quando um valor maior é colocado no input",
              "timedOut": null,
              "duration": 4214,
              "state": "failed",
              "speed": null,
              "pass": false,
              "fail": true,
              "pending": false,
              "context": null,
              "code": "cy.get('#board-size').clear().type(51);\ncy.get('#generate-board').click();\ncy.get('.pixel').should('have.length', 2500);",
              "err": {
                "message": "CypressError: Timed out retrying: Expected to find element: '#board-size', but never found it.",
                "estack": "CypressError: Timed out retrying: Expected to find element: '#board-size', but never found it.\n    at cypressErr (http://localhost:37291/__cypress/runner/cypress_runner.js:149934:9)\n    at throwErr (http://localhost:37291/__cypress/runner/cypress_runner.js:149867:11)\n    at Object.throwErrByPath (http://localhost:37291/__cypress/runner/cypress_runner.js:149915:3)\n    at retry (http://localhost:37291/__cypress/runner/cypress_runner.js:144197:19)\n    at onFailFn (http://localhost:37291/__cypress/runner/cypress_runner.js:132448:16)\n    at tryCatcher (http://localhost:37291/__cypress/runner/cypress_runner.js:167415:23)\n    at Promise._settlePromiseFromHandler (http://localhost:37291/__cypress/runner/cypress_runner.js:165351:31)\n    at Promise._settlePromise (http://localhost:37291/__cypress/runner/cypress_runner.js:165408:18)\n    at Promise._settlePromise0 (http://localhost:37291/__cypress/runner/cypress_runner.js:165453:10)\n    at Promise._settlePromises (http://localhost:37291/__cypress/runner/cypress_runner.js:165528:18)\n    at Async../node_modules/bluebird/js/release/async.js.Async._drainQueue (http://localhost:37291/__cypress/runner/cypress_runner.js:162140:16)\n    at Async../node_modules/bluebird/js/release/async.js.Async._drainQueues (http://localhost:37291/__cypress/runner/cypress_runner.js:162150:10)\n    at Async.drainQueues (http://localhost:37291/__cypress/runner/cypress_runner.js:162024:14)",
                "diff": null
              },
              "uuid": "fcd3d5de-96f3-4e78-bd79-5002c68de3a7",
              "parentUUID": "9d7bee74-a221-4243-ab51-cc4fc36a79f2",
              "isHook": false,
              "skipped": false
            }
          ],
          "suites": [],
          "passes": [],
          "failures": [
            "4ac48e92-b8db-4cee-ac62-994a0f043993",
            "4b2fd1a8-cae0-49c6-9f46-bdff24ea8e78",
            "fcd3d5de-96f3-4e78-bd79-5002c68de3a7"
          ],
          "pending": [],
          "skipped": [],
          "duration": 12599,
          "root": false,
          "rootEmpty": false,
          "_timeout": 2000
        },
        {
          "uuid": "f11a0e1d-92c2-44dd-a999-85e17dbe3816",
          "title": "12 - Faça com que as cores da paleta sejam geradas aleatoriamente ao carregar a página.",
          "fullFile": "",
          "file": "",
          "beforeHooks": [],
          "afterHooks": [],
          "tests": [
            {
              "title": "Verifica se as cores geradas na paleta são diferentes a cada carregamento da página",
              "fullTitle": "12 - Faça com que as cores da paleta sejam geradas aleatoriamente ao carregar a página. Verifica se as cores geradas na paleta são diferentes a cada carregamento da página",
              "timedOut": null,
              "duration": 306,
              "state": "failed",
              "speed": null,
              "pass": false,
              "fail": true,
              "pending": false,
              "context": null,
              "code": "cy.get('.color').then(function (colors) {\n  var currentColors;\n  var previousColors;\n  previousColors = Array.from(colors).map(function (color) {\n    return Cypress.$(color).css('background-color');\n  });\n  for (var i = 0; i < 5; i += 1) {\n    cy.reload();\n    cy.get('.color').then(function (colors) {\n      currentColors = Array.from(colors).map(function (color) {\n        return Cypress.$(color).css('background-color');\n      });\n      expect(currentColors).not.to.deep.equal(previousColors);\n      previousColors = currentColors;\n    });\n  }\n});",
              "err": {
                "message": "AssertionError: expected [ Array(4) ] to not deeply equal [ Array(4) ]",
                "estack": "AssertionError: expected [ Array(4) ] to not deeply equal [ Array(4) ]\n    at getRet (http://localhost:37291/__cypress/runner/cypress_runner.js:136585:16)\n    at tryCatcher (http://localhost:37291/__cypress/runner/cypress_runner.js:167415:23)\n    at Function.Promise.attempt.Promise.try (http://localhost:37291/__cypress/runner/cypress_runner.js:164690:29)\n    at Context.thenFn (http://localhost:37291/__cypress/runner/cypress_runner.js:136599:23)\n    at Context.then (http://localhost:37291/__cypress/runner/cypress_runner.js:136971:21)\n    at Context.<anonymous> (http://localhost:37291/__cypress/runner/cypress_runner.js:148875:21)\n    at http://localhost:37291/__cypress/runner/cypress_runner.js:148351:33\n    at tryCatcher (http://localhost:37291/__cypress/runner/cypress_runner.js:167415:23)\n    at Promise._settlePromiseFromHandler (http://localhost:37291/__cypress/runner/cypress_runner.js:165351:31)\n    at Promise._settlePromise (http://localhost:37291/__cypress/runner/cypress_runner.js:165408:18)\n    at Promise._settlePromiseCtx (http://localhost:37291/__cypress/runner/cypress_runner.js:165445:10)\n    at Async../node_modules/bluebird/js/release/async.js.Async._drainQueue (http://localhost:37291/__cypress/runner/cypress_runner.js:162145:12)\n    at Async../node_modules/bluebird/js/release/async.js.Async._drainQueues (http://localhost:37291/__cypress/runner/cypress_runner.js:162150:10)\n    at Async.drainQueues (http://localhost:37291/__cypress/runner/cypress_runner.js:162024:14)",
                "diff": ""
              },
              "uuid": "39746296-40e0-49a4-9802-194fe988ee46",
              "parentUUID": "f11a0e1d-92c2-44dd-a999-85e17dbe3816",
              "isHook": false,
              "skipped": false
            },
            {
              "title": "Verifica se a cor preta ainda está presente e é a primeira na sua paleta de cores",
              "fullTitle": "12 - Faça com que as cores da paleta sejam geradas aleatoriamente ao carregar a página. Verifica se a cor preta ainda está presente e é a primeira na sua paleta de cores",
              "timedOut": null,
              "duration": 279,
              "state": "failed",
              "speed": null,
              "pass": false,
              "fail": true,
              "pending": false,
              "context": null,
              "code": "cy.get('.color').then(function (colors) {\n  var currentColors;\n  var previousColors;\n  previousColors = Array.from(colors).map(function (color) {\n    return Cypress.$(color).css('background-color');\n  });\n  expect(previousColors[0]).to.eq(BLACK);\n  for (var i = 0; i < 5; i += 1) {\n    cy.reload();\n    cy.get('.color').then(function (colors) {\n      currentColors = Array.from(colors).map(function (color) {\n        return Cypress.$(color).css('background-color');\n      });\n      expect(currentColors[0]).to.eq(BLACK);\n      expect(currentColors).not.to.deep.equal(previousColors);\n      previousColors = currentColors;\n    });\n  }\n});",
              "err": {
                "message": "AssertionError: expected [ Array(4) ] to not deeply equal [ Array(4) ]",
                "estack": "AssertionError: expected [ Array(4) ] to not deeply equal [ Array(4) ]\n    at getRet (http://localhost:37291/__cypress/runner/cypress_runner.js:136585:16)\n    at tryCatcher (http://localhost:37291/__cypress/runner/cypress_runner.js:167415:23)\n    at Function.Promise.attempt.Promise.try (http://localhost:37291/__cypress/runner/cypress_runner.js:164690:29)\n    at Context.thenFn (http://localhost:37291/__cypress/runner/cypress_runner.js:136599:23)\n    at Context.then (http://localhost:37291/__cypress/runner/cypress_runner.js:136971:21)\n    at Context.<anonymous> (http://localhost:37291/__cypress/runner/cypress_runner.js:148875:21)\n    at http://localhost:37291/__cypress/runner/cypress_runner.js:148351:33\n    at tryCatcher (http://localhost:37291/__cypress/runner/cypress_runner.js:167415:23)\n    at Promise._settlePromiseFromHandler (http://localhost:37291/__cypress/runner/cypress_runner.js:165351:31)\n    at Promise._settlePromise (http://localhost:37291/__cypress/runner/cypress_runner.js:165408:18)\n    at Promise._settlePromiseCtx (http://localhost:37291/__cypress/runner/cypress_runner.js:165445:10)\n    at Async../node_modules/bluebird/js/release/async.js.Async._drainQueue (http://localhost:37291/__cypress/runner/cypress_runner.js:162145:12)\n    at Async../node_modules/bluebird/js/release/async.js.Async._drainQueues (http://localhost:37291/__cypress/runner/cypress_runner.js:162150:10)\n    at Async.drainQueues (http://localhost:37291/__cypress/runner/cypress_runner.js:162024:14)",
                "diff": ""
              },
              "uuid": "b3704912-796b-481f-922e-fb09426592a5",
              "parentUUID": "f11a0e1d-92c2-44dd-a999-85e17dbe3816",
              "isHook": false,
              "skipped": false
            }
          ],
          "suites": [],
          "passes": [],
          "failures": [
            "39746296-40e0-49a4-9802-194fe988ee46",
            "b3704912-796b-481f-922e-fb09426592a5"
          ],
          "pending": [],
          "skipped": [],
          "duration": 585,
          "root": false,
          "rootEmpty": false,
          "_timeout": 2000
        }
      ],
      "passes": [],
      "failures": [],
      "pending": [],
      "skipped": [],
      "duration": 0,
      "root": true,
      "rootEmpty": true,
      "_timeout": 2000
    }
  ],
  "meta": {
    "mocha": {
      "version": "7.0.1"
    },
    "mochawesome": {
      "options": {
        "quiet": false,
        "reportFilename": "mochawesome",
        "saveHtml": false,
        "saveJson": true,
        "consoleReporter": "spec",
        "useInlineDiffs": false
      },
      "version": "4.1.0"
    },
    "marge": {
      "options": {
        "id": "default",
        "reportDir": "cypress/reports",
        "overwrite": true,
        "html": false,
        "json": true
      },
      "version": "4.1.0"
    }
  }
}