{
  "stats": {
    "suites": 12,
    "tests": 41,
    "passes": 24,
    "pending": 0,
    "failures": 17,
    "start": "2021-08-23T23:48:51.569Z",
    "end": "2021-08-23T23:50:16.167Z",
    "duration": 84598,
    "testsRegistered": 41,
    "passPercent": 58.536585365853654,
    "pendingPercent": 0,
    "other": 0,
    "hasOther": false,
    "skipped": 0,
    "hasSkipped": false
  },
  "results": [
    {
      "uuid": "893e1576-9d4a-4af0-a8ea-89180c5e0f33",
      "title": "",
      "fullFile": "cypress/integration/project.spec.js",
      "file": "cypress/integration/project.spec.js",
      "beforeHooks": [],
      "afterHooks": [],
      "tests": [],
      "suites": [
        {
          "uuid": "51d08d37-15aa-4e97-b6b1-247943f8e4b8",
          "title": "1 - Adicione à página o título \"Paleta de Cores\".",
          "fullFile": "",
          "file": "",
          "beforeHooks": [],
          "afterHooks": [],
          "tests": [
            {
              "title": "Verifica se contém um elemento `h1` com o id `title` com o título correto",
              "fullTitle": "1 - Adicione à página o título \"Paleta de Cores\". Verifica se contém um elemento `h1` com o id `title` com o título correto",
              "timedOut": null,
              "duration": 1258,
              "state": "passed",
              "speed": "slow",
              "pass": true,
              "fail": false,
              "pending": false,
              "context": null,
              "code": "cy.get('h1#title').should('contain.text', 'Paleta de Cores');",
              "err": {},
              "uuid": "69b77687-f2d1-4751-965a-faad6a7d7348",
              "parentUUID": "51d08d37-15aa-4e97-b6b1-247943f8e4b8",
              "isHook": false,
              "skipped": false
            }
          ],
          "suites": [],
          "passes": [
            "69b77687-f2d1-4751-965a-faad6a7d7348"
          ],
          "failures": [],
          "pending": [],
          "skipped": [],
          "duration": 1258,
          "root": false,
          "rootEmpty": false,
          "_timeout": 2000
        },
        {
          "uuid": "145df02b-48a2-4b7b-898f-e923f8356596",
          "title": "2 - Adicione à página uma paleta de quatro cores distintas.",
          "fullFile": "",
          "file": "",
          "beforeHooks": [],
          "afterHooks": [],
          "tests": [
            {
              "title": "A paleta de cores deve ser um elemento com `id` denominado `color-palette`",
              "fullTitle": "2 - Adicione à página uma paleta de quatro cores distintas. A paleta de cores deve ser um elemento com `id` denominado `color-palette`",
              "timedOut": null,
              "duration": 194,
              "state": "passed",
              "speed": "slow",
              "pass": true,
              "fail": false,
              "pending": false,
              "context": null,
              "code": "cy.get('#color-palette').should('be.visible');",
              "err": {},
              "uuid": "a05736c6-7731-40b8-8750-43e019e47795",
              "parentUUID": "145df02b-48a2-4b7b-898f-e923f8356596",
              "isHook": false,
              "skipped": false
            },
            {
              "title": "Verifica se cada cor individual da paleta de cores possui a `classe` chamada `color`.",
              "fullTitle": "2 - Adicione à página uma paleta de quatro cores distintas. Verifica se cada cor individual da paleta de cores possui a `classe` chamada `color`.",
              "timedOut": null,
              "duration": 165,
              "state": "passed",
              "speed": "slow",
              "pass": true,
              "fail": false,
              "pending": false,
              "context": null,
              "code": "cy.get('.color').should('have.length', 4).then(function (colors) {\n  for (var i = 0; i < colors.length; i++) {\n    cy.wrap(colors[i]).should('be.visible');\n  }\n});",
              "err": {},
              "uuid": "ae3f0bd3-6e6c-44ff-9b08-7e56a5209e8c",
              "parentUUID": "145df02b-48a2-4b7b-898f-e923f8356596",
              "isHook": false,
              "skipped": false
            },
            {
              "title": "Verifica se a cor de fundo de cada elemento da paleta é a cor que o elemento representa. **A única cor não permitida na paleta é a cor branca.**",
              "fullTitle": "2 - Adicione à página uma paleta de quatro cores distintas. Verifica se a cor de fundo de cada elemento da paleta é a cor que o elemento representa. **A única cor não permitida na paleta é a cor branca.**",
              "timedOut": null,
              "duration": 159,
              "state": "passed",
              "speed": "slow",
              "pass": true,
              "fail": false,
              "pending": false,
              "context": null,
              "code": "cy.get('.color').each(function (color) {\n  cy.wrap(color).should('have.class', 'color').and('not.have.css', 'background-color', WHITE);\n  cy.wrap(color).should('have.css', 'background-color');\n});",
              "err": {},
              "uuid": "9a497ce4-7ef5-4835-8468-23f3ab829b90",
              "parentUUID": "145df02b-48a2-4b7b-898f-e923f8356596",
              "isHook": false,
              "skipped": false
            },
            {
              "title": "Verifica se cada elemento da paleta de cores tem uma borda preta, sólida e com 1 pixel de largura;",
              "fullTitle": "2 - Adicione à página uma paleta de quatro cores distintas. Verifica se cada elemento da paleta de cores tem uma borda preta, sólida e com 1 pixel de largura;",
              "timedOut": null,
              "duration": 149,
              "state": "passed",
              "speed": "slow",
              "pass": true,
              "fail": false,
              "pending": false,
              "context": null,
              "code": "cy.get('.color').each(function (color) {\n  cy.wrap(color).and('have.css', 'border', \"1px solid \".concat(BLACK)).and('have.class', 'color');\n});",
              "err": {},
              "uuid": "16f0e809-d4f6-4839-8052-6a24080406e0",
              "parentUUID": "145df02b-48a2-4b7b-898f-e923f8356596",
              "isHook": false,
              "skipped": false
            },
            {
              "title": "Verifica se a paleta lista todas as cores disponíveis para utilização, lado a lado.",
              "fullTitle": "2 - Adicione à página uma paleta de quatro cores distintas. Verifica se a paleta lista todas as cores disponíveis para utilização, lado a lado.",
              "timedOut": null,
              "duration": 132,
              "state": "passed",
              "speed": "slow",
              "pass": true,
              "fail": false,
              "pending": false,
              "context": null,
              "code": "cy.get('.color').then(function (colors) {\n  for (var index = 1; index < colors.length; index += 1) {\n    var currentColor = colors[index];\n    var previousColor = colors[index - 1];\n    cy.wrap(currentColor).should('be.onTheRightOf', previousColor).and('be.horizontallyAlignedWith', previousColor);\n  }\n});",
              "err": {},
              "uuid": "16818ba3-47d0-4a67-99bc-5ea58e61436a",
              "parentUUID": "145df02b-48a2-4b7b-898f-e923f8356596",
              "isHook": false,
              "skipped": false
            },
            {
              "title": "Verifica se a paleta de cores está posicionada abaixo do título 'Paleta de Cores'",
              "fullTitle": "2 - Adicione à página uma paleta de quatro cores distintas. Verifica se a paleta de cores está posicionada abaixo do título 'Paleta de Cores'",
              "timedOut": null,
              "duration": 145,
              "state": "passed",
              "speed": "slow",
              "pass": true,
              "fail": false,
              "pending": false,
              "context": null,
              "code": "cy.get('h1#title').then(function (title) {\n  cy.get('#color-palette').should('be.belowOf', title);\n});",
              "err": {},
              "uuid": "5d95905e-cb10-44d3-b56b-f863d4292c1b",
              "parentUUID": "145df02b-48a2-4b7b-898f-e923f8356596",
              "isHook": false,
              "skipped": false
            },
            {
              "title": "Verifica se a paleta de cores não contém cores repetidas.",
              "fullTitle": "2 - Adicione à página uma paleta de quatro cores distintas. Verifica se a paleta de cores não contém cores repetidas.",
              "timedOut": null,
              "duration": 128,
              "state": "passed",
              "speed": "slow",
              "pass": true,
              "fail": false,
              "pending": false,
              "context": null,
              "code": "cy.get('.color').then(function (colors) {\n  var allColors = Array.from(colors).map(function (color) {\n    return Cypress.$(color).css('background-color');\n  });\n  cy.log(allColors);\n  var uniqColors = (0, _toConsumableArray2[\"default\"])(new Set(allColors));\n  cy.log(uniqColors);\n  expect(allColors.length).to.eq(uniqColors.length);\n});",
              "err": {},
              "uuid": "327acf2c-8ae3-4754-b677-3a7cc87e599c",
              "parentUUID": "145df02b-48a2-4b7b-898f-e923f8356596",
              "isHook": false,
              "skipped": false
            }
          ],
          "suites": [],
          "passes": [
            "a05736c6-7731-40b8-8750-43e019e47795",
            "ae3f0bd3-6e6c-44ff-9b08-7e56a5209e8c",
            "9a497ce4-7ef5-4835-8468-23f3ab829b90",
            "16f0e809-d4f6-4839-8052-6a24080406e0",
            "16818ba3-47d0-4a67-99bc-5ea58e61436a",
            "5d95905e-cb10-44d3-b56b-f863d4292c1b",
            "327acf2c-8ae3-4754-b677-3a7cc87e599c"
          ],
          "failures": [],
          "pending": [],
          "skipped": [],
          "duration": 1072,
          "root": false,
          "rootEmpty": false,
          "_timeout": 2000
        },
        {
          "uuid": "fe1c833b-6126-4754-820e-02981a999168",
          "title": "3 - Adicione a cor **preta** como a primeira cor da paleta de cores.",
          "fullFile": "",
          "file": "",
          "beforeHooks": [],
          "afterHooks": [],
          "tests": [
            {
              "title": "Verifica se a primeira cor da paleta é preta",
              "fullTitle": "3 - Adicione a cor **preta** como a primeira cor da paleta de cores. Verifica se a primeira cor da paleta é preta",
              "timedOut": null,
              "duration": 156,
              "state": "passed",
              "speed": "slow",
              "pass": true,
              "fail": false,
              "pending": false,
              "context": null,
              "code": "cy.get('.color').first().should('have.css', 'background-color', BLACK);",
              "err": {},
              "uuid": "d2111e62-8126-4fc6-9131-fc9704b57f04",
              "parentUUID": "fe1c833b-6126-4754-820e-02981a999168",
              "isHook": false,
              "skipped": false
            },
            {
              "title": "Verifica se as demais cores podem ser escolhidas livremente.",
              "fullTitle": "3 - Adicione a cor **preta** como a primeira cor da paleta de cores. Verifica se as demais cores podem ser escolhidas livremente.",
              "timedOut": null,
              "duration": 268,
              "state": "passed",
              "speed": "slow",
              "pass": true,
              "fail": false,
              "pending": false,
              "context": null,
              "code": "cy.get('.color').eq(1).should('not.have.css', 'background-color', BLACK);\ncy.get('.color').eq(1).should('not.have.css', 'background-color', WHITE);\ncy.get('.color').eq(1).should('not.have.css', 'background-color', 'rgba(0, 0, 0, 0)');\ncy.get('.color').eq(1).should('have.css', 'background-color');\ncy.get('.color').eq(2).should('not.have.css', 'background-color', BLACK);\ncy.get('.color').eq(2).should('not.have.css', 'background-color', WHITE);\ncy.get('.color').eq(2).should('not.have.css', 'background-color', 'rgba(0, 0, 0, 0)');\ncy.get('.color').eq(2).should('have.css', 'background-color');\ncy.get('.color').eq(3).should('not.have.css', 'background-color', BLACK);\ncy.get('.color').eq(3).should('not.have.css', 'background-color', WHITE);\ncy.get('.color').eq(3).should('not.have.css', 'background-color', 'rgba(0, 0, 0, 0)');\ncy.get('.color').eq(3).should('have.css', 'background-color');",
              "err": {},
              "uuid": "e3d14cd3-baad-4847-b416-78eb739dc963",
              "parentUUID": "fe1c833b-6126-4754-820e-02981a999168",
              "isHook": false,
              "skipped": false
            }
          ],
          "suites": [],
          "passes": [
            "d2111e62-8126-4fc6-9131-fc9704b57f04",
            "e3d14cd3-baad-4847-b416-78eb739dc963"
          ],
          "failures": [],
          "pending": [],
          "skipped": [],
          "duration": 424,
          "root": false,
          "rootEmpty": false,
          "_timeout": 2000
        },
        {
          "uuid": "fd3ea360-7a7d-41a4-8152-41d0bfe6bbd9",
          "title": "4 - Adicione à página um quadro de pixels, com 25 pixels.",
          "fullFile": "",
          "file": "",
          "beforeHooks": [],
          "afterHooks": [],
          "tests": [
            {
              "title": "Verifica se o quadro de pixels possui o `id` denominado `pixel-board`",
              "fullTitle": "4 - Adicione à página um quadro de pixels, com 25 pixels. Verifica se o quadro de pixels possui o `id` denominado `pixel-board`",
              "timedOut": null,
              "duration": 129,
              "state": "passed",
              "speed": "slow",
              "pass": true,
              "fail": false,
              "pending": false,
              "context": null,
              "code": "cy.get('#pixel-board').should('be.visible');",
              "err": {},
              "uuid": "55c871d4-a152-4ff1-befe-2d65cce409b6",
              "parentUUID": "fd3ea360-7a7d-41a4-8152-41d0bfe6bbd9",
              "isHook": false,
              "skipped": false
            },
            {
              "title": "Verifica se cada pixel individual dentro do quadro possui a `classe` denominada `pixel`.",
              "fullTitle": "4 - Adicione à página um quadro de pixels, com 25 pixels. Verifica se cada pixel individual dentro do quadro possui a `classe` denominada `pixel`.",
              "timedOut": null,
              "duration": 158,
              "state": "passed",
              "speed": "slow",
              "pass": true,
              "fail": false,
              "pending": false,
              "context": null,
              "code": "cy.get('.pixel').should('have.length', 25);",
              "err": {},
              "uuid": "056f216e-d174-4843-9359-97dbf4047946",
              "parentUUID": "fd3ea360-7a7d-41a4-8152-41d0bfe6bbd9",
              "isHook": false,
              "skipped": false
            },
            {
              "title": "Verifica se a cor inicial dos pixels dentro do quadro, ao abrir a página, é branca.",
              "fullTitle": "4 - Adicione à página um quadro de pixels, com 25 pixels. Verifica se a cor inicial dos pixels dentro do quadro, ao abrir a página, é branca.",
              "timedOut": null,
              "duration": 223,
              "state": "passed",
              "speed": "slow",
              "pass": true,
              "fail": false,
              "pending": false,
              "context": null,
              "code": "cy.get('.pixel').should('have.length', 25).each(function (pixel) {\n  expect(pixel).to.have.css('background-color', WHITE);\n});",
              "err": {},
              "uuid": "78902676-ac19-45f3-90b6-758d900ee55c",
              "parentUUID": "fd3ea360-7a7d-41a4-8152-41d0bfe6bbd9",
              "isHook": false,
              "skipped": false
            },
            {
              "title": "Verifica se o quadro de pixels aparece abaixo da paleta de cores",
              "fullTitle": "4 - Adicione à página um quadro de pixels, com 25 pixels. Verifica se o quadro de pixels aparece abaixo da paleta de cores",
              "timedOut": null,
              "duration": 125,
              "state": "passed",
              "speed": "slow",
              "pass": true,
              "fail": false,
              "pending": false,
              "context": null,
              "code": "cy.get('#color-palette').then(function (palette) {\n  cy.get('#pixel-board').should('be.belowOf', palette);\n});",
              "err": {},
              "uuid": "2ea297a6-6825-4024-b7a0-96aa47b699ec",
              "parentUUID": "fd3ea360-7a7d-41a4-8152-41d0bfe6bbd9",
              "isHook": false,
              "skipped": false
            }
          ],
          "suites": [],
          "passes": [
            "55c871d4-a152-4ff1-befe-2d65cce409b6",
            "056f216e-d174-4843-9359-97dbf4047946",
            "78902676-ac19-45f3-90b6-758d900ee55c",
            "2ea297a6-6825-4024-b7a0-96aa47b699ec"
          ],
          "failures": [],
          "pending": [],
          "skipped": [],
          "duration": 635,
          "root": false,
          "rootEmpty": false,
          "_timeout": 2000
        },
        {
          "uuid": "21ddd336-e700-4e3c-ba07-c8144eeb7ee9",
          "title": "5 - Faça com que cada elemento do quadro de pixels possua 40 pixels de largura, 40 pixels de altura e seja delimitado por uma borda preta de 1 pixel.",
          "fullFile": "",
          "file": "",
          "beforeHooks": [],
          "afterHooks": [],
          "tests": [
            {
              "title": "Verifica se o quadro de pixels tem altura e comprimento de 5 elementos",
              "fullTitle": "5 - Faça com que cada elemento do quadro de pixels possua 40 pixels de largura, 40 pixels de altura e seja delimitado por uma borda preta de 1 pixel. Verifica se o quadro de pixels tem altura e comprimento de 5 elementos",
              "timedOut": null,
              "duration": 376,
              "state": "passed",
              "speed": "slow",
              "pass": true,
              "fail": false,
              "pending": false,
              "context": null,
              "code": "cy.get('.pixel').should('have.length', 25).each(function (pixel) {\n  expect(pixel).to.have.css('background-color', WHITE);\n}).and(function (pixels) {\n  var rows = chunk(pixels, 5);\n  rows.forEach(function (row) {\n    for (var index = 1; index < row.length; index += 1) {\n      var current = pixels[index];\n      var previous = pixels[index - 1];\n      cy.wrap(current).should('be.onTheRightOf', previous).and('be.horizontallyAlignedWith', previous);\n    }\n  });\n  for (var index = 1; index < 5; index += 1) {\n    expect(pixels[index * 5]).to.be.belowOf(pixels[(index - 1) * 5]);\n  }\n});",
              "err": {},
              "uuid": "8f158450-08af-4586-9aee-2438f0abb9ba",
              "parentUUID": "21ddd336-e700-4e3c-ba07-c8144eeb7ee9",
              "isHook": false,
              "skipped": false
            },
            {
              "title": "Verifica se 40 pixels é o tamanho total do elemento, incluindo seu conteúdo e excluindo a borda preta, que deve ser criada à parte.",
              "fullTitle": "5 - Faça com que cada elemento do quadro de pixels possua 40 pixels de largura, 40 pixels de altura e seja delimitado por uma borda preta de 1 pixel. Verifica se 40 pixels é o tamanho total do elemento, incluindo seu conteúdo e excluindo a borda preta, que deve ser criada à parte.",
              "timedOut": null,
              "duration": 301,
              "state": "passed",
              "speed": "slow",
              "pass": true,
              "fail": false,
              "pending": false,
              "context": null,
              "code": "cy.get('.pixel').each(function (pixel) {\n  cy.wrap(pixel).should('have.css', 'height', '40px').and('have.css', 'width', '40px').and('have.css', 'border', \"1px solid \".concat(BLACK));\n});",
              "err": {},
              "uuid": "56e35c99-86ec-46da-a869-6673e63eaa8f",
              "parentUUID": "21ddd336-e700-4e3c-ba07-c8144eeb7ee9",
              "isHook": false,
              "skipped": false
            }
          ],
          "suites": [],
          "passes": [
            "8f158450-08af-4586-9aee-2438f0abb9ba",
            "56e35c99-86ec-46da-a869-6673e63eaa8f"
          ],
          "failures": [],
          "pending": [],
          "skipped": [],
          "duration": 677,
          "root": false,
          "rootEmpty": false,
          "_timeout": 2000
        },
        {
          "uuid": "707d5db2-6df6-4f8b-9d7e-b74127bfa296",
          "title": "6 - Defina a cor preta como cor inicial. Ao carregar a página a cor preta já deve estar selecionada para pintar os pixels",
          "fullFile": "",
          "file": "",
          "beforeHooks": [],
          "afterHooks": [],
          "tests": [
            {
              "title": "Verifica se o elemento da cor preta possui, inicialmente, a `classe` `selected`",
              "fullTitle": "6 - Defina a cor preta como cor inicial. Ao carregar a página a cor preta já deve estar selecionada para pintar os pixels Verifica se o elemento da cor preta possui, inicialmente, a `classe` `selected`",
              "timedOut": null,
              "duration": 128,
              "state": "passed",
              "speed": "slow",
              "pass": true,
              "fail": false,
              "pending": false,
              "context": null,
              "code": "cy.get('.selected').first().should('have.css', 'background-color', BLACK);",
              "err": {},
              "uuid": "fcde8cfd-c2da-4938-b865-b6aa7e4b55e8",
              "parentUUID": "707d5db2-6df6-4f8b-9d7e-b74127bfa296",
              "isHook": false,
              "skipped": false
            },
            {
              "title": "Verifica se nenhuma outra cor da paleta tem a `classe` `selected`",
              "fullTitle": "6 - Defina a cor preta como cor inicial. Ao carregar a página a cor preta já deve estar selecionada para pintar os pixels Verifica se nenhuma outra cor da paleta tem a `classe` `selected`",
              "timedOut": null,
              "duration": 127,
              "state": "passed",
              "speed": "slow",
              "pass": true,
              "fail": false,
              "pending": false,
              "context": null,
              "code": "cy.get('.color:not(:first-child)').each(function (color) {\n  cy.wrap(color).should('not.have.class', 'selected');\n});",
              "err": {},
              "uuid": "1c7eddea-2bfa-41e4-abd2-707d6c62e87e",
              "parentUUID": "707d5db2-6df6-4f8b-9d7e-b74127bfa296",
              "isHook": false,
              "skipped": false
            }
          ],
          "suites": [],
          "passes": [
            "fcde8cfd-c2da-4938-b865-b6aa7e4b55e8",
            "1c7eddea-2bfa-41e4-abd2-707d6c62e87e"
          ],
          "failures": [],
          "pending": [],
          "skipped": [],
          "duration": 255,
          "root": false,
          "rootEmpty": false,
          "_timeout": 2000
        },
        {
          "uuid": "0bd9eab5-f89c-4c7d-9693-af210865ef38",
          "title": "7 - Clicar em uma das cores da paleta, faz com que ela seja selecionada e utilizada para preencher os pixels no quadro.",
          "fullFile": "",
          "file": "",
          "beforeHooks": [],
          "afterHooks": [],
          "tests": [
            {
              "title": "Verifica se somente uma cor da paleta de cores tem a classe `selected` de cada vez",
              "fullTitle": "7 - Clicar em uma das cores da paleta, faz com que ela seja selecionada e utilizada para preencher os pixels no quadro. Verifica se somente uma cor da paleta de cores tem a classe `selected` de cada vez",
              "timedOut": null,
              "duration": 502,
              "state": "passed",
              "speed": "slow",
              "pass": true,
              "fail": false,
              "pending": false,
              "context": null,
              "code": "cy.get('.color').each(function (selectedColor, selectedColorIndex) {\n  cy.wrap(selectedColor).click();\n  cy.get('.color').each(function (color, colorIndex) {\n    if (colorIndex === selectedColorIndex) {\n      expect(color).to.have[\"class\"]('selected');\n    } else {\n      expect(color).not.to.have[\"class\"]('selected');\n    }\n  });\n});",
              "err": {},
              "uuid": "b3ebb4a2-ff57-4aaf-a165-9b4ded86c12c",
              "parentUUID": "0bd9eab5-f89c-4c7d-9693-af210865ef38",
              "isHook": false,
              "skipped": false
            },
            {
              "title": "Verifica se os pixels dentro do quadro não têm a classe `selected` quando são clicados",
              "fullTitle": "7 - Clicar em uma das cores da paleta, faz com que ela seja selecionada e utilizada para preencher os pixels no quadro. Verifica se os pixels dentro do quadro não têm a classe `selected` quando são clicados",
              "timedOut": null,
              "duration": 8921,
              "state": "passed",
              "speed": "slow",
              "pass": true,
              "fail": false,
              "pending": false,
              "context": null,
              "code": "cy.get('.color').each(function (color) {\n  var backgroundColor = color.css('background-color');\n  cy.wrap(color).click();\n  cy.get('.pixel').each(function (pixel) {\n    cy.wrap(pixel).click().should('not.have.class', 'selected');\n  });\n});",
              "err": {},
              "uuid": "d09a1a77-1b12-469b-ba77-884c78e3b28a",
              "parentUUID": "0bd9eab5-f89c-4c7d-9693-af210865ef38",
              "isHook": false,
              "skipped": false
            }
          ],
          "suites": [],
          "passes": [
            "b3ebb4a2-ff57-4aaf-a165-9b4ded86c12c",
            "d09a1a77-1b12-469b-ba77-884c78e3b28a"
          ],
          "failures": [],
          "pending": [],
          "skipped": [],
          "duration": 9423,
          "root": false,
          "rootEmpty": false,
          "_timeout": 2000
        },
        {
          "uuid": "bb644906-228b-4b99-a6a1-8bd3f9050438",
          "title": "8 - Clicar em um pixel dentro do quadro após selecionar uma cor na paleta, faz com que o pixel seja preenchido com a cor selecionada.",
          "fullFile": "",
          "file": "",
          "beforeHooks": [],
          "afterHooks": [],
          "tests": [
            {
              "title": "Verifica se ao carregar a página deve ser possível pintar os pixels de preto",
              "fullTitle": "8 - Clicar em um pixel dentro do quadro após selecionar uma cor na paleta, faz com que o pixel seja preenchido com a cor selecionada. Verifica se ao carregar a página deve ser possível pintar os pixels de preto",
              "timedOut": null,
              "duration": 4600,
              "state": "failed",
              "speed": null,
              "pass": false,
              "fail": true,
              "pending": false,
              "context": null,
              "code": "cy.get('.pixel').each(function (pixel) {\n  cy.wrap(pixel).click().should('have.css', 'background-color', BLACK);\n});",
              "err": {
                "message": "CypressError: Timed out retrying: expected '<div.pixel>' to have CSS property 'background-color' with the value 'rgb(0, 0, 0)', but the value was 'rgb(255, 255, 255)'",
                "estack": "CypressError: Timed out retrying: expected '<div.pixel>' to have CSS property 'background-color' with the value 'rgb(0, 0, 0)', but the value was 'rgb(255, 255, 255)'\n    at cypressErr (http://localhost:44615/__cypress/runner/cypress_runner.js:149934:9)\n    at throwErr (http://localhost:44615/__cypress/runner/cypress_runner.js:149867:11)\n    at Object.throwErrByPath (http://localhost:44615/__cypress/runner/cypress_runner.js:149915:3)\n    at retry (http://localhost:44615/__cypress/runner/cypress_runner.js:144197:19)\n    at onFailFn (http://localhost:44615/__cypress/runner/cypress_runner.js:132448:16)\n    at tryCatcher (http://localhost:44615/__cypress/runner/cypress_runner.js:167415:23)\n    at Promise._settlePromiseFromHandler (http://localhost:44615/__cypress/runner/cypress_runner.js:165351:31)\n    at Promise._settlePromise (http://localhost:44615/__cypress/runner/cypress_runner.js:165408:18)\n    at Promise._settlePromise0 (http://localhost:44615/__cypress/runner/cypress_runner.js:165453:10)\n    at Promise._settlePromises (http://localhost:44615/__cypress/runner/cypress_runner.js:165528:18)\n    at Async../node_modules/bluebird/js/release/async.js.Async._drainQueue (http://localhost:44615/__cypress/runner/cypress_runner.js:162140:16)\n    at Async../node_modules/bluebird/js/release/async.js.Async._drainQueues (http://localhost:44615/__cypress/runner/cypress_runner.js:162150:10)\n    at Async.drainQueues (http://localhost:44615/__cypress/runner/cypress_runner.js:162024:14)",
                "diff": null
              },
              "uuid": "504621c8-e034-4ed2-85d8-f870d22f23fa",
              "parentUUID": "bb644906-228b-4b99-a6a1-8bd3f9050438",
              "isHook": false,
              "skipped": false
            },
            {
              "title": "Verifica se após selecionar uma outra cor na paleta, é possível pintar os pixels com essa cor",
              "fullTitle": "8 - Clicar em um pixel dentro do quadro após selecionar uma cor na paleta, faz com que o pixel seja preenchido com a cor selecionada. Verifica se após selecionar uma outra cor na paleta, é possível pintar os pixels com essa cor",
              "timedOut": null,
              "duration": 4528,
              "state": "failed",
              "speed": null,
              "pass": false,
              "fail": true,
              "pending": false,
              "context": null,
              "code": "cy.get('.color').each(function (color) {\n  var backgroundColor = color.css('background-color');\n  cy.wrap(color).click();\n  cy.get('.pixel').each(function (pixel) {\n    cy.wrap(pixel).click().should('have.css', 'background-color', backgroundColor);\n  });\n});",
              "err": {
                "message": "CypressError: Timed out retrying: expected '<div.pixel>' to have CSS property 'background-color' with the value 'rgb(0, 0, 0)', but the value was 'rgb(255, 255, 255)'",
                "estack": "CypressError: Timed out retrying: expected '<div.pixel>' to have CSS property 'background-color' with the value 'rgb(0, 0, 0)', but the value was 'rgb(255, 255, 255)'\n    at cypressErr (http://localhost:44615/__cypress/runner/cypress_runner.js:149934:9)\n    at throwErr (http://localhost:44615/__cypress/runner/cypress_runner.js:149867:11)\n    at Object.throwErrByPath (http://localhost:44615/__cypress/runner/cypress_runner.js:149915:3)\n    at retry (http://localhost:44615/__cypress/runner/cypress_runner.js:144197:19)\n    at onFailFn (http://localhost:44615/__cypress/runner/cypress_runner.js:132448:16)\n    at tryCatcher (http://localhost:44615/__cypress/runner/cypress_runner.js:167415:23)\n    at Promise._settlePromiseFromHandler (http://localhost:44615/__cypress/runner/cypress_runner.js:165351:31)\n    at Promise._settlePromise (http://localhost:44615/__cypress/runner/cypress_runner.js:165408:18)\n    at Promise._settlePromise0 (http://localhost:44615/__cypress/runner/cypress_runner.js:165453:10)\n    at Promise._settlePromises (http://localhost:44615/__cypress/runner/cypress_runner.js:165528:18)\n    at Async../node_modules/bluebird/js/release/async.js.Async._drainQueue (http://localhost:44615/__cypress/runner/cypress_runner.js:162140:16)\n    at Async../node_modules/bluebird/js/release/async.js.Async._drainQueues (http://localhost:44615/__cypress/runner/cypress_runner.js:162150:10)\n    at Async.drainQueues (http://localhost:44615/__cypress/runner/cypress_runner.js:162024:14)",
                "diff": null
              },
              "uuid": "50c20929-2a37-470f-92f9-21b0479c6ba8",
              "parentUUID": "bb644906-228b-4b99-a6a1-8bd3f9050438",
              "isHook": false,
              "skipped": false
            },
            {
              "title": "Verifica se somente o pixel que foi clicado foi preenchido com a cor selecionada, sem influenciar na cor dos demais pixels.",
              "fullTitle": "8 - Clicar em um pixel dentro do quadro após selecionar uma cor na paleta, faz com que o pixel seja preenchido com a cor selecionada. Verifica se somente o pixel que foi clicado foi preenchido com a cor selecionada, sem influenciar na cor dos demais pixels.",
              "timedOut": null,
              "duration": 1670,
              "state": "passed",
              "speed": "slow",
              "pass": true,
              "fail": false,
              "pending": false,
              "context": null,
              "code": "var colorToPixelIndexMap = {\n  0: 6,\n  1: 8,\n  2: 16,\n  3: 18\n};\ncy.get('.color').each(function (color, index) {\n  cy.wrap(color).click();\n  var backgroundColor = color.css('background-color');\n  var clickedPixelIndex = colorToPixelIndexMap[index];\n  cy.get('.pixel').eq(clickedPixelIndex).click();\n  cy.get('.pixel').eq(clickedPixelIndex - 1).should('not.have.css', 'background-color', backgroundColor);\n  cy.get('.pixel').eq(clickedPixelIndex + 1).should('not.have.css', 'background-color', backgroundColor);\n  cy.get('.pixel').eq(clickedPixelIndex - 5).should('not.have.css', 'background-color', backgroundColor);\n  cy.get('.pixel').eq(clickedPixelIndex + 5).should('not.have.css', 'background-color', backgroundColor);\n  cy.get('.pixel').eq(clickedPixelIndex - 6).should('not.have.css', 'background-color', backgroundColor);\n  cy.get('.pixel').eq(clickedPixelIndex - 4).should('not.have.css', 'background-color', backgroundColor);\n  cy.get('.pixel').eq(clickedPixelIndex + 4).should('not.have.css', 'background-color', backgroundColor);\n  cy.get('.pixel').eq(clickedPixelIndex + 6).should('not.have.css', 'background-color', backgroundColor);\n});",
              "err": {},
              "uuid": "991d4974-de6c-4fdb-9cd1-b08d1fe831aa",
              "parentUUID": "bb644906-228b-4b99-a6a1-8bd3f9050438",
              "isHook": false,
              "skipped": false
            }
          ],
          "suites": [],
          "passes": [
            "991d4974-de6c-4fdb-9cd1-b08d1fe831aa"
          ],
          "failures": [
            "504621c8-e034-4ed2-85d8-f870d22f23fa",
            "50c20929-2a37-470f-92f9-21b0479c6ba8"
          ],
          "pending": [],
          "skipped": [],
          "duration": 10798,
          "root": false,
          "rootEmpty": false,
          "_timeout": 2000
        },
        {
          "uuid": "a15ea1f3-0c75-4d0a-b32b-ccce005873bd",
          "title": "9 - Crie um botão que, ao ser clicado, limpa o quadro preenchendo a cor de todos seus pixels com branco.",
          "fullFile": "",
          "file": "",
          "beforeHooks": [],
          "afterHooks": [],
          "tests": [
            {
              "title": "Verifica se o botão tem o `id` denominado `clear-board`",
              "fullTitle": "9 - Crie um botão que, ao ser clicado, limpa o quadro preenchendo a cor de todos seus pixels com branco. Verifica se o botão tem o `id` denominado `clear-board`",
              "timedOut": null,
              "duration": 219,
              "state": "passed",
              "speed": "slow",
              "pass": true,
              "fail": false,
              "pending": false,
              "context": null,
              "code": "cy.get('#clear-board').should('be.visible');",
              "err": {},
              "uuid": "1393168f-66e5-498a-bc37-00820e8e0159",
              "parentUUID": "a15ea1f3-0c75-4d0a-b32b-ccce005873bd",
              "isHook": false,
              "skipped": false
            },
            {
              "title": "Verifica se o botão está posicionado entre a paleta de cores e o quadro de pixels",
              "fullTitle": "9 - Crie um botão que, ao ser clicado, limpa o quadro preenchendo a cor de todos seus pixels com branco. Verifica se o botão está posicionado entre a paleta de cores e o quadro de pixels",
              "timedOut": null,
              "duration": 156,
              "state": "passed",
              "speed": "slow",
              "pass": true,
              "fail": false,
              "pending": false,
              "context": null,
              "code": "cy.get('#color-palette').then(function (palette) {\n  cy.get('#clear-board').should('be.belowOf', palette);\n});\ncy.get('#clear-board').then(function (clearBtn) {\n  cy.get('#pixel-board').should('be.belowOf', clearBtn);\n});",
              "err": {},
              "uuid": "08b38d82-bd17-43b8-a058-56c51b3a2832",
              "parentUUID": "a15ea1f3-0c75-4d0a-b32b-ccce005873bd",
              "isHook": false,
              "skipped": false
            },
            {
              "title": "Verifica se o texto do botão é 'Limpar'",
              "fullTitle": "9 - Crie um botão que, ao ser clicado, limpa o quadro preenchendo a cor de todos seus pixels com branco. Verifica se o texto do botão é 'Limpar'",
              "timedOut": null,
              "duration": 98,
              "state": "passed",
              "speed": "slow",
              "pass": true,
              "fail": false,
              "pending": false,
              "context": null,
              "code": "cy.get('#clear-board').should('contain.text', 'Limpar');",
              "err": {},
              "uuid": "5b8ffea3-cfcb-4d40-a16b-40fd58eba87f",
              "parentUUID": "a15ea1f3-0c75-4d0a-b32b-ccce005873bd",
              "isHook": false,
              "skipped": false
            },
            {
              "title": "Verifica se ao clicar no botão, o quadro de pixels é totalmente preenchido de branco",
              "fullTitle": "9 - Crie um botão que, ao ser clicado, limpa o quadro preenchendo a cor de todos seus pixels com branco. Verifica se ao clicar no botão, o quadro de pixels é totalmente preenchido de branco",
              "timedOut": null,
              "duration": 4468,
              "state": "failed",
              "speed": null,
              "pass": false,
              "fail": true,
              "pending": false,
              "context": null,
              "code": "cy.get('.color').eq(1).then(function (color) {\n  var backgroundColor = color.css('background-color');\n  cy.wrap(color).click();\n  cy.get('.pixel').each(function (pixel) {\n    cy.wrap(pixel).click().should('have.css', 'background-color', backgroundColor);\n  });\n});\ncy.get('#clear-board').click();\ncy.get('.pixel').each(function (pixel) {\n  cy.wrap(pixel).should('have.css', 'background-color', WHITE);\n});",
              "err": {
                "message": "CypressError: Timed out retrying: expected '<div.pixel>' to have CSS property 'background-color' with the value 'rgb(0, 0, 255)', but the value was 'rgb(255, 255, 255)'",
                "estack": "CypressError: Timed out retrying: expected '<div.pixel>' to have CSS property 'background-color' with the value 'rgb(0, 0, 255)', but the value was 'rgb(255, 255, 255)'\n    at cypressErr (http://localhost:44615/__cypress/runner/cypress_runner.js:149934:9)\n    at throwErr (http://localhost:44615/__cypress/runner/cypress_runner.js:149867:11)\n    at Object.throwErrByPath (http://localhost:44615/__cypress/runner/cypress_runner.js:149915:3)\n    at retry (http://localhost:44615/__cypress/runner/cypress_runner.js:144197:19)\n    at onFailFn (http://localhost:44615/__cypress/runner/cypress_runner.js:132448:16)\n    at tryCatcher (http://localhost:44615/__cypress/runner/cypress_runner.js:167415:23)\n    at Promise._settlePromiseFromHandler (http://localhost:44615/__cypress/runner/cypress_runner.js:165351:31)\n    at Promise._settlePromise (http://localhost:44615/__cypress/runner/cypress_runner.js:165408:18)\n    at Promise._settlePromise0 (http://localhost:44615/__cypress/runner/cypress_runner.js:165453:10)\n    at Promise._settlePromises (http://localhost:44615/__cypress/runner/cypress_runner.js:165528:18)\n    at Async../node_modules/bluebird/js/release/async.js.Async._drainQueue (http://localhost:44615/__cypress/runner/cypress_runner.js:162140:16)\n    at Async../node_modules/bluebird/js/release/async.js.Async._drainQueues (http://localhost:44615/__cypress/runner/cypress_runner.js:162150:10)\n    at Async.drainQueues (http://localhost:44615/__cypress/runner/cypress_runner.js:162024:14)",
                "diff": null
              },
              "uuid": "3f9032cd-16db-4dea-8a3b-efb94c2970ce",
              "parentUUID": "a15ea1f3-0c75-4d0a-b32b-ccce005873bd",
              "isHook": false,
              "skipped": false
            }
          ],
          "suites": [],
          "passes": [
            "1393168f-66e5-498a-bc37-00820e8e0159",
            "08b38d82-bd17-43b8-a058-56c51b3a2832",
            "5b8ffea3-cfcb-4d40-a16b-40fd58eba87f"
          ],
          "failures": [
            "3f9032cd-16db-4dea-8a3b-efb94c2970ce"
          ],
          "pending": [],
          "skipped": [],
          "duration": 4941,
          "root": false,
          "rootEmpty": false,
          "_timeout": 2000
        },
        {
          "uuid": "d9f1eeb6-1a5b-487e-b343-cae43e29b989",
          "title": "10 - Faça o quadro de pixels ter seu tamanho definido pelo usuário.",
          "fullFile": "",
          "file": "",
          "beforeHooks": [],
          "afterHooks": [],
          "tests": [
            {
              "title": "Verifica se existe um input com o id `board-size`",
              "fullTitle": "10 - Faça o quadro de pixels ter seu tamanho definido pelo usuário. Verifica se existe um input com o id `board-size`",
              "timedOut": null,
              "duration": 4398,
              "state": "failed",
              "speed": null,
              "pass": false,
              "fail": true,
              "pending": false,
              "context": null,
              "code": "cy.get('#board-size').should('be.visible');",
              "err": {
                "message": "CypressError: Timed out retrying: Expected to find element: '#board-size', but never found it.",
                "estack": "CypressError: Timed out retrying: Expected to find element: '#board-size', but never found it.\n    at cypressErr (http://localhost:44615/__cypress/runner/cypress_runner.js:149934:9)\n    at throwErr (http://localhost:44615/__cypress/runner/cypress_runner.js:149867:11)\n    at Object.throwErrByPath (http://localhost:44615/__cypress/runner/cypress_runner.js:149915:3)\n    at retry (http://localhost:44615/__cypress/runner/cypress_runner.js:144197:19)\n    at onFailFn (http://localhost:44615/__cypress/runner/cypress_runner.js:132448:16)\n    at tryCatcher (http://localhost:44615/__cypress/runner/cypress_runner.js:167415:23)\n    at Promise._settlePromiseFromHandler (http://localhost:44615/__cypress/runner/cypress_runner.js:165351:31)\n    at Promise._settlePromise (http://localhost:44615/__cypress/runner/cypress_runner.js:165408:18)\n    at Promise._settlePromise0 (http://localhost:44615/__cypress/runner/cypress_runner.js:165453:10)\n    at Promise._settlePromises (http://localhost:44615/__cypress/runner/cypress_runner.js:165528:18)\n    at Async../node_modules/bluebird/js/release/async.js.Async._drainQueue (http://localhost:44615/__cypress/runner/cypress_runner.js:162140:16)\n    at Async../node_modules/bluebird/js/release/async.js.Async._drainQueues (http://localhost:44615/__cypress/runner/cypress_runner.js:162150:10)\n    at Async.drainQueues (http://localhost:44615/__cypress/runner/cypress_runner.js:162024:14)",
                "diff": null
              },
              "uuid": "1932b5bb-572f-473f-ab0a-6fb4faf89fdd",
              "parentUUID": "d9f1eeb6-1a5b-487e-b343-cae43e29b989",
              "isHook": false,
              "skipped": false
            },
            {
              "title": "Verifica se existe um botão com o id `generate-board`",
              "fullTitle": "10 - Faça o quadro de pixels ter seu tamanho definido pelo usuário. Verifica se existe um botão com o id `generate-board`",
              "timedOut": null,
              "duration": 4402,
              "state": "failed",
              "speed": null,
              "pass": false,
              "fail": true,
              "pending": false,
              "context": null,
              "code": "cy.get('#generate-board').should('be.visible');",
              "err": {
                "message": "CypressError: Timed out retrying: Expected to find element: '#generate-board', but never found it.",
                "estack": "CypressError: Timed out retrying: Expected to find element: '#generate-board', but never found it.\n    at cypressErr (http://localhost:44615/__cypress/runner/cypress_runner.js:149934:9)\n    at throwErr (http://localhost:44615/__cypress/runner/cypress_runner.js:149867:11)\n    at Object.throwErrByPath (http://localhost:44615/__cypress/runner/cypress_runner.js:149915:3)\n    at retry (http://localhost:44615/__cypress/runner/cypress_runner.js:144197:19)\n    at onFailFn (http://localhost:44615/__cypress/runner/cypress_runner.js:132448:16)\n    at tryCatcher (http://localhost:44615/__cypress/runner/cypress_runner.js:167415:23)\n    at Promise._settlePromiseFromHandler (http://localhost:44615/__cypress/runner/cypress_runner.js:165351:31)\n    at Promise._settlePromise (http://localhost:44615/__cypress/runner/cypress_runner.js:165408:18)\n    at Promise._settlePromise0 (http://localhost:44615/__cypress/runner/cypress_runner.js:165453:10)\n    at Promise._settlePromises (http://localhost:44615/__cypress/runner/cypress_runner.js:165528:18)\n    at Async../node_modules/bluebird/js/release/async.js.Async._drainQueue (http://localhost:44615/__cypress/runner/cypress_runner.js:162140:16)\n    at Async../node_modules/bluebird/js/release/async.js.Async._drainQueues (http://localhost:44615/__cypress/runner/cypress_runner.js:162150:10)\n    at Async.drainQueues (http://localhost:44615/__cypress/runner/cypress_runner.js:162024:14)",
                "diff": null
              },
              "uuid": "2e7ab63b-d68d-487e-9da5-e448d567203e",
              "parentUUID": "d9f1eeb6-1a5b-487e-b343-cae43e29b989",
              "isHook": false,
              "skipped": false
            },
            {
              "title": "Verifica se o input só aceita número maiores que zero. Essa restrição deve ser feita usando os atributos do elemento `input`",
              "fullTitle": "10 - Faça o quadro de pixels ter seu tamanho definido pelo usuário. Verifica se o input só aceita número maiores que zero. Essa restrição deve ser feita usando os atributos do elemento `input`",
              "timedOut": null,
              "duration": 4382,
              "state": "failed",
              "speed": null,
              "pass": false,
              "fail": true,
              "pending": false,
              "context": null,
              "code": "cy.get('#board-size[type=\\'number\\'][min=\\'1\\']');",
              "err": {
                "message": "CypressError: Timed out retrying: Expected to find element: '#board-size[type='number'][min='1']', but never found it.",
                "estack": "CypressError: Timed out retrying: Expected to find element: '#board-size[type='number'][min='1']', but never found it.\n    at cypressErr (http://localhost:44615/__cypress/runner/cypress_runner.js:149934:9)\n    at throwErr (http://localhost:44615/__cypress/runner/cypress_runner.js:149867:11)\n    at Object.throwErrByPath (http://localhost:44615/__cypress/runner/cypress_runner.js:149915:3)\n    at retry (http://localhost:44615/__cypress/runner/cypress_runner.js:144197:19)\n    at onFailFn (http://localhost:44615/__cypress/runner/cypress_runner.js:132448:16)\n    at tryCatcher (http://localhost:44615/__cypress/runner/cypress_runner.js:167415:23)\n    at Promise._settlePromiseFromHandler (http://localhost:44615/__cypress/runner/cypress_runner.js:165351:31)\n    at Promise._settlePromise (http://localhost:44615/__cypress/runner/cypress_runner.js:165408:18)\n    at Promise._settlePromise0 (http://localhost:44615/__cypress/runner/cypress_runner.js:165453:10)\n    at Promise._settlePromises (http://localhost:44615/__cypress/runner/cypress_runner.js:165528:18)\n    at Async../node_modules/bluebird/js/release/async.js.Async._drainQueue (http://localhost:44615/__cypress/runner/cypress_runner.js:162140:16)\n    at Async../node_modules/bluebird/js/release/async.js.Async._drainQueues (http://localhost:44615/__cypress/runner/cypress_runner.js:162150:10)\n    at Async.drainQueues (http://localhost:44615/__cypress/runner/cypress_runner.js:162024:14)",
                "diff": null
              },
              "uuid": "4e518121-6490-497c-ba30-c09438bac6e5",
              "parentUUID": "d9f1eeb6-1a5b-487e-b343-cae43e29b989",
              "isHook": false,
              "skipped": false
            },
            {
              "title": "Verifica se o botão contém o texto 'VQV'",
              "fullTitle": "10 - Faça o quadro de pixels ter seu tamanho definido pelo usuário. Verifica se o botão contém o texto 'VQV'",
              "timedOut": null,
              "duration": 4392,
              "state": "failed",
              "speed": null,
              "pass": false,
              "fail": true,
              "pending": false,
              "context": null,
              "code": "cy.get('#generate-board').contains(/vqv/i);",
              "err": {
                "message": "CypressError: Timed out retrying: Expected to find element: '#generate-board', but never found it.",
                "estack": "CypressError: Timed out retrying: Expected to find element: '#generate-board', but never found it.\n    at cypressErr (http://localhost:44615/__cypress/runner/cypress_runner.js:149934:9)\n    at throwErr (http://localhost:44615/__cypress/runner/cypress_runner.js:149867:11)\n    at Object.throwErrByPath (http://localhost:44615/__cypress/runner/cypress_runner.js:149915:3)\n    at retry (http://localhost:44615/__cypress/runner/cypress_runner.js:144197:19)\n    at onFailFn (http://localhost:44615/__cypress/runner/cypress_runner.js:132448:16)\n    at tryCatcher (http://localhost:44615/__cypress/runner/cypress_runner.js:167415:23)\n    at Promise._settlePromiseFromHandler (http://localhost:44615/__cypress/runner/cypress_runner.js:165351:31)\n    at Promise._settlePromise (http://localhost:44615/__cypress/runner/cypress_runner.js:165408:18)\n    at Promise._settlePromise0 (http://localhost:44615/__cypress/runner/cypress_runner.js:165453:10)\n    at Promise._settlePromises (http://localhost:44615/__cypress/runner/cypress_runner.js:165528:18)\n    at Async../node_modules/bluebird/js/release/async.js.Async._drainQueue (http://localhost:44615/__cypress/runner/cypress_runner.js:162140:16)\n    at Async../node_modules/bluebird/js/release/async.js.Async._drainQueues (http://localhost:44615/__cypress/runner/cypress_runner.js:162150:10)\n    at Async.drainQueues (http://localhost:44615/__cypress/runner/cypress_runner.js:162024:14)",
                "diff": null
              },
              "uuid": "ec0277f0-2a95-452e-9ac9-0dd3a3a29444",
              "parentUUID": "d9f1eeb6-1a5b-487e-b343-cae43e29b989",
              "isHook": false,
              "skipped": false
            },
            {
              "title": "Verifica se o input está posicionado entre a paleta de cores e o quadro de pixels",
              "fullTitle": "10 - Faça o quadro de pixels ter seu tamanho definido pelo usuário. Verifica se o input está posicionado entre a paleta de cores e o quadro de pixels",
              "timedOut": null,
              "duration": 4381,
              "state": "failed",
              "speed": null,
              "pass": false,
              "fail": true,
              "pending": false,
              "context": null,
              "code": "cy.get('#color-palette').then(function (palette) {\n  cy.get('#board-size').should('be.belowOf', palette);\n});\ncy.get('#board-size').then(function (palette) {\n  cy.get('#pixel-board').should('be.belowOf', palette);\n});",
              "err": {
                "message": "CypressError: Timed out retrying: Expected to find element: '#board-size', but never found it.",
                "estack": "CypressError: Timed out retrying: Expected to find element: '#board-size', but never found it.\n    at cypressErr (http://localhost:44615/__cypress/runner/cypress_runner.js:149934:9)\n    at throwErr (http://localhost:44615/__cypress/runner/cypress_runner.js:149867:11)\n    at Object.throwErrByPath (http://localhost:44615/__cypress/runner/cypress_runner.js:149915:3)\n    at retry (http://localhost:44615/__cypress/runner/cypress_runner.js:144197:19)\n    at onFailFn (http://localhost:44615/__cypress/runner/cypress_runner.js:132448:16)\n    at tryCatcher (http://localhost:44615/__cypress/runner/cypress_runner.js:167415:23)\n    at Promise._settlePromiseFromHandler (http://localhost:44615/__cypress/runner/cypress_runner.js:165351:31)\n    at Promise._settlePromise (http://localhost:44615/__cypress/runner/cypress_runner.js:165408:18)\n    at Promise._settlePromise0 (http://localhost:44615/__cypress/runner/cypress_runner.js:165453:10)\n    at Promise._settlePromises (http://localhost:44615/__cypress/runner/cypress_runner.js:165528:18)\n    at Async../node_modules/bluebird/js/release/async.js.Async._drainQueue (http://localhost:44615/__cypress/runner/cypress_runner.js:162140:16)\n    at Async../node_modules/bluebird/js/release/async.js.Async._drainQueues (http://localhost:44615/__cypress/runner/cypress_runner.js:162150:10)\n    at Async.drainQueues (http://localhost:44615/__cypress/runner/cypress_runner.js:162024:14)",
                "diff": null
              },
              "uuid": "1b7a4f1c-b8f8-456a-b7e9-2cb01d8ff731",
              "parentUUID": "d9f1eeb6-1a5b-487e-b343-cae43e29b989",
              "isHook": false,
              "skipped": false
            },
            {
              "title": "Verifica se o botão está posicionado ao lado do input",
              "fullTitle": "10 - Faça o quadro de pixels ter seu tamanho definido pelo usuário. Verifica se o botão está posicionado ao lado do input",
              "timedOut": null,
              "duration": 4395,
              "state": "failed",
              "speed": null,
              "pass": false,
              "fail": true,
              "pending": false,
              "context": null,
              "code": "cy.get('#board-size').then(function (board) {\n  cy.get('#generate-board').should('be.onTheRightOf', board);\n});",
              "err": {
                "message": "CypressError: Timed out retrying: Expected to find element: '#board-size', but never found it.",
                "estack": "CypressError: Timed out retrying: Expected to find element: '#board-size', but never found it.\n    at cypressErr (http://localhost:44615/__cypress/runner/cypress_runner.js:149934:9)\n    at throwErr (http://localhost:44615/__cypress/runner/cypress_runner.js:149867:11)\n    at Object.throwErrByPath (http://localhost:44615/__cypress/runner/cypress_runner.js:149915:3)\n    at retry (http://localhost:44615/__cypress/runner/cypress_runner.js:144197:19)\n    at onFailFn (http://localhost:44615/__cypress/runner/cypress_runner.js:132448:16)\n    at tryCatcher (http://localhost:44615/__cypress/runner/cypress_runner.js:167415:23)\n    at Promise._settlePromiseFromHandler (http://localhost:44615/__cypress/runner/cypress_runner.js:165351:31)\n    at Promise._settlePromise (http://localhost:44615/__cypress/runner/cypress_runner.js:165408:18)\n    at Promise._settlePromise0 (http://localhost:44615/__cypress/runner/cypress_runner.js:165453:10)\n    at Promise._settlePromises (http://localhost:44615/__cypress/runner/cypress_runner.js:165528:18)\n    at Async../node_modules/bluebird/js/release/async.js.Async._drainQueue (http://localhost:44615/__cypress/runner/cypress_runner.js:162140:16)\n    at Async../node_modules/bluebird/js/release/async.js.Async._drainQueues (http://localhost:44615/__cypress/runner/cypress_runner.js:162150:10)\n    at Async.drainQueues (http://localhost:44615/__cypress/runner/cypress_runner.js:162024:14)",
                "diff": null
              },
              "uuid": "56615edf-7b44-4022-a991-16cb0f7b843c",
              "parentUUID": "d9f1eeb6-1a5b-487e-b343-cae43e29b989",
              "isHook": false,
              "skipped": false
            },
            {
              "title": "Verifica se nenhum valor for colocado no input ao clicar no botão, um `alert` é exibido com o texto: 'Board inválido!'",
              "fullTitle": "10 - Faça o quadro de pixels ter seu tamanho definido pelo usuário. Verifica se nenhum valor for colocado no input ao clicar no botão, um `alert` é exibido com o texto: 'Board inválido!'",
              "timedOut": null,
              "duration": 4372,
              "state": "failed",
              "speed": null,
              "pass": false,
              "fail": true,
              "pending": false,
              "context": null,
              "code": "var alerted = false;\ncy.on('window:alert', function (msg) {\n  return alerted = msg;\n});\ncy.get('#generate-board').click().then(function () {\n  return expect(alerted).to.match(/Board inválido!/i);\n});",
              "err": {
                "message": "CypressError: Timed out retrying: Expected to find element: '#generate-board', but never found it.",
                "estack": "CypressError: Timed out retrying: Expected to find element: '#generate-board', but never found it.\n    at cypressErr (http://localhost:44615/__cypress/runner/cypress_runner.js:149934:9)\n    at throwErr (http://localhost:44615/__cypress/runner/cypress_runner.js:149867:11)\n    at Object.throwErrByPath (http://localhost:44615/__cypress/runner/cypress_runner.js:149915:3)\n    at retry (http://localhost:44615/__cypress/runner/cypress_runner.js:144197:19)\n    at onFailFn (http://localhost:44615/__cypress/runner/cypress_runner.js:132448:16)\n    at tryCatcher (http://localhost:44615/__cypress/runner/cypress_runner.js:167415:23)\n    at Promise._settlePromiseFromHandler (http://localhost:44615/__cypress/runner/cypress_runner.js:165351:31)\n    at Promise._settlePromise (http://localhost:44615/__cypress/runner/cypress_runner.js:165408:18)\n    at Promise._settlePromise0 (http://localhost:44615/__cypress/runner/cypress_runner.js:165453:10)\n    at Promise._settlePromises (http://localhost:44615/__cypress/runner/cypress_runner.js:165528:18)\n    at Async../node_modules/bluebird/js/release/async.js.Async._drainQueue (http://localhost:44615/__cypress/runner/cypress_runner.js:162140:16)\n    at Async../node_modules/bluebird/js/release/async.js.Async._drainQueues (http://localhost:44615/__cypress/runner/cypress_runner.js:162150:10)\n    at Async.drainQueues (http://localhost:44615/__cypress/runner/cypress_runner.js:162024:14)",
                "diff": null
              },
              "uuid": "c601d6b0-87ee-429e-942a-e483d8513908",
              "parentUUID": "d9f1eeb6-1a5b-487e-b343-cae43e29b989",
              "isHook": false,
              "skipped": false
            },
            {
              "title": "Verifica se ao clicar no botão com um valor preenchido, o tamanho do board muda.",
              "fullTitle": "10 - Faça o quadro de pixels ter seu tamanho definido pelo usuário. Verifica se ao clicar no botão com um valor preenchido, o tamanho do board muda.",
              "timedOut": null,
              "duration": 4380,
              "state": "failed",
              "speed": null,
              "pass": false,
              "fail": true,
              "pending": false,
              "context": null,
              "code": "cy.get('#board-size').clear().type(10);\ncy.get('#generate-board').click();\ncy.get('.pixel').should('have.length', 100);",
              "err": {
                "message": "CypressError: Timed out retrying: Expected to find element: '#board-size', but never found it.",
                "estack": "CypressError: Timed out retrying: Expected to find element: '#board-size', but never found it.\n    at cypressErr (http://localhost:44615/__cypress/runner/cypress_runner.js:149934:9)\n    at throwErr (http://localhost:44615/__cypress/runner/cypress_runner.js:149867:11)\n    at Object.throwErrByPath (http://localhost:44615/__cypress/runner/cypress_runner.js:149915:3)\n    at retry (http://localhost:44615/__cypress/runner/cypress_runner.js:144197:19)\n    at onFailFn (http://localhost:44615/__cypress/runner/cypress_runner.js:132448:16)\n    at tryCatcher (http://localhost:44615/__cypress/runner/cypress_runner.js:167415:23)\n    at Promise._settlePromiseFromHandler (http://localhost:44615/__cypress/runner/cypress_runner.js:165351:31)\n    at Promise._settlePromise (http://localhost:44615/__cypress/runner/cypress_runner.js:165408:18)\n    at Promise._settlePromise0 (http://localhost:44615/__cypress/runner/cypress_runner.js:165453:10)\n    at Promise._settlePromises (http://localhost:44615/__cypress/runner/cypress_runner.js:165528:18)\n    at Async../node_modules/bluebird/js/release/async.js.Async._drainQueue (http://localhost:44615/__cypress/runner/cypress_runner.js:162140:16)\n    at Async../node_modules/bluebird/js/release/async.js.Async._drainQueues (http://localhost:44615/__cypress/runner/cypress_runner.js:162150:10)\n    at Async.drainQueues (http://localhost:44615/__cypress/runner/cypress_runner.js:162024:14)",
                "diff": null
              },
              "uuid": "6b00d246-e0df-4e10-b649-37e77b3f12cd",
              "parentUUID": "d9f1eeb6-1a5b-487e-b343-cae43e29b989",
              "isHook": false,
              "skipped": false
            },
            {
              "title": "Verifica se o novo quadro tem todos os pixels preenchidos com a cor branca",
              "fullTitle": "10 - Faça o quadro de pixels ter seu tamanho definido pelo usuário. Verifica se o novo quadro tem todos os pixels preenchidos com a cor branca",
              "timedOut": null,
              "duration": 4399,
              "state": "failed",
              "speed": null,
              "pass": false,
              "fail": true,
              "pending": false,
              "context": null,
              "code": "cy.get('#board-size').clear().type(6);\ncy.get('#generate-board').click();\ncy.get('.pixel').should('have.length', 36).each(function (pixel) {\n  expect(pixel).to.have.css('background-color', WHITE);\n});",
              "err": {
                "message": "CypressError: Timed out retrying: Expected to find element: '#board-size', but never found it.",
                "estack": "CypressError: Timed out retrying: Expected to find element: '#board-size', but never found it.\n    at cypressErr (http://localhost:44615/__cypress/runner/cypress_runner.js:149934:9)\n    at throwErr (http://localhost:44615/__cypress/runner/cypress_runner.js:149867:11)\n    at Object.throwErrByPath (http://localhost:44615/__cypress/runner/cypress_runner.js:149915:3)\n    at retry (http://localhost:44615/__cypress/runner/cypress_runner.js:144197:19)\n    at onFailFn (http://localhost:44615/__cypress/runner/cypress_runner.js:132448:16)\n    at tryCatcher (http://localhost:44615/__cypress/runner/cypress_runner.js:167415:23)\n    at Promise._settlePromiseFromHandler (http://localhost:44615/__cypress/runner/cypress_runner.js:165351:31)\n    at Promise._settlePromise (http://localhost:44615/__cypress/runner/cypress_runner.js:165408:18)\n    at Promise._settlePromise0 (http://localhost:44615/__cypress/runner/cypress_runner.js:165453:10)\n    at Promise._settlePromises (http://localhost:44615/__cypress/runner/cypress_runner.js:165528:18)\n    at Async../node_modules/bluebird/js/release/async.js.Async._drainQueue (http://localhost:44615/__cypress/runner/cypress_runner.js:162140:16)\n    at Async../node_modules/bluebird/js/release/async.js.Async._drainQueues (http://localhost:44615/__cypress/runner/cypress_runner.js:162150:10)\n    at Async.drainQueues (http://localhost:44615/__cypress/runner/cypress_runner.js:162024:14)",
                "diff": null
              },
              "uuid": "2896e3b6-2446-4d5d-8e7e-404b43e4d954",
              "parentUUID": "d9f1eeb6-1a5b-487e-b343-cae43e29b989",
              "isHook": false,
              "skipped": false
            }
          ],
          "suites": [],
          "passes": [],
          "failures": [
            "1932b5bb-572f-473f-ab0a-6fb4faf89fdd",
            "2e7ab63b-d68d-487e-9da5-e448d567203e",
            "4e518121-6490-497c-ba30-c09438bac6e5",
            "ec0277f0-2a95-452e-9ac9-0dd3a3a29444",
            "1b7a4f1c-b8f8-456a-b7e9-2cb01d8ff731",
            "56615edf-7b44-4022-a991-16cb0f7b843c",
            "c601d6b0-87ee-429e-942a-e483d8513908",
            "6b00d246-e0df-4e10-b649-37e77b3f12cd",
            "2896e3b6-2446-4d5d-8e7e-404b43e4d954"
          ],
          "pending": [],
          "skipped": [],
          "duration": 39501,
          "root": false,
          "rootEmpty": false,
          "_timeout": 2000
        },
        {
          "uuid": "9aa5746e-b944-4a4b-96a1-fcab84239515",
          "title": "11 - Limite o tamanho mínimo e máximo do board.",
          "fullFile": "",
          "file": "",
          "beforeHooks": [],
          "afterHooks": [],
          "tests": [
            {
              "title": "Verifica se a altura máxima do board é 50",
              "fullTitle": "11 - Limite o tamanho mínimo e máximo do board. Verifica se a altura máxima do board é 50",
              "timedOut": null,
              "duration": 4401,
              "state": "failed",
              "speed": null,
              "pass": false,
              "fail": true,
              "pending": false,
              "context": null,
              "code": "cy.get('#board-size').clear().type(50);\ncy.get('#generate-board').click();\ncy.get('.pixel').should('have.length', 2500);",
              "err": {
                "message": "CypressError: Timed out retrying: Expected to find element: '#board-size', but never found it.",
                "estack": "CypressError: Timed out retrying: Expected to find element: '#board-size', but never found it.\n    at cypressErr (http://localhost:44615/__cypress/runner/cypress_runner.js:149934:9)\n    at throwErr (http://localhost:44615/__cypress/runner/cypress_runner.js:149867:11)\n    at Object.throwErrByPath (http://localhost:44615/__cypress/runner/cypress_runner.js:149915:3)\n    at retry (http://localhost:44615/__cypress/runner/cypress_runner.js:144197:19)\n    at onFailFn (http://localhost:44615/__cypress/runner/cypress_runner.js:132448:16)\n    at tryCatcher (http://localhost:44615/__cypress/runner/cypress_runner.js:167415:23)\n    at Promise._settlePromiseFromHandler (http://localhost:44615/__cypress/runner/cypress_runner.js:165351:31)\n    at Promise._settlePromise (http://localhost:44615/__cypress/runner/cypress_runner.js:165408:18)\n    at Promise._settlePromise0 (http://localhost:44615/__cypress/runner/cypress_runner.js:165453:10)\n    at Promise._settlePromises (http://localhost:44615/__cypress/runner/cypress_runner.js:165528:18)\n    at Async../node_modules/bluebird/js/release/async.js.Async._drainQueue (http://localhost:44615/__cypress/runner/cypress_runner.js:162140:16)\n    at Async../node_modules/bluebird/js/release/async.js.Async._drainQueues (http://localhost:44615/__cypress/runner/cypress_runner.js:162150:10)\n    at Async.drainQueues (http://localhost:44615/__cypress/runner/cypress_runner.js:162024:14)",
                "diff": null
              },
              "uuid": "90928960-d9c3-4715-a8ec-ef0b43c3b963",
              "parentUUID": "9aa5746e-b944-4a4b-96a1-fcab84239515",
              "isHook": false,
              "skipped": false
            },
            {
              "title": "Verifica se a altura do board é 5 quando um valor menor é colocado no input",
              "fullTitle": "11 - Limite o tamanho mínimo e máximo do board. Verifica se a altura do board é 5 quando um valor menor é colocado no input",
              "timedOut": null,
              "duration": 4413,
              "state": "failed",
              "speed": null,
              "pass": false,
              "fail": true,
              "pending": false,
              "context": null,
              "code": "cy.get('#board-size').clear().type(4);\ncy.get('#generate-board').click();\ncy.get('.pixel').should('have.length', 25);",
              "err": {
                "message": "CypressError: Timed out retrying: Expected to find element: '#board-size', but never found it.",
                "estack": "CypressError: Timed out retrying: Expected to find element: '#board-size', but never found it.\n    at cypressErr (http://localhost:44615/__cypress/runner/cypress_runner.js:149934:9)\n    at throwErr (http://localhost:44615/__cypress/runner/cypress_runner.js:149867:11)\n    at Object.throwErrByPath (http://localhost:44615/__cypress/runner/cypress_runner.js:149915:3)\n    at retry (http://localhost:44615/__cypress/runner/cypress_runner.js:144197:19)\n    at onFailFn (http://localhost:44615/__cypress/runner/cypress_runner.js:132448:16)\n    at tryCatcher (http://localhost:44615/__cypress/runner/cypress_runner.js:167415:23)\n    at Promise._settlePromiseFromHandler (http://localhost:44615/__cypress/runner/cypress_runner.js:165351:31)\n    at Promise._settlePromise (http://localhost:44615/__cypress/runner/cypress_runner.js:165408:18)\n    at Promise._settlePromise0 (http://localhost:44615/__cypress/runner/cypress_runner.js:165453:10)\n    at Promise._settlePromises (http://localhost:44615/__cypress/runner/cypress_runner.js:165528:18)\n    at Async../node_modules/bluebird/js/release/async.js.Async._drainQueue (http://localhost:44615/__cypress/runner/cypress_runner.js:162140:16)\n    at Async../node_modules/bluebird/js/release/async.js.Async._drainQueues (http://localhost:44615/__cypress/runner/cypress_runner.js:162150:10)\n    at Async.drainQueues (http://localhost:44615/__cypress/runner/cypress_runner.js:162024:14)",
                "diff": null
              },
              "uuid": "3f9709df-3081-419c-a493-0e8128dfbfad",
              "parentUUID": "9aa5746e-b944-4a4b-96a1-fcab84239515",
              "isHook": false,
              "skipped": false
            },
            {
              "title": "Verifica se a altura do board é 50 quando um valor maior é colocado no input",
              "fullTitle": "11 - Limite o tamanho mínimo e máximo do board. Verifica se a altura do board é 50 quando um valor maior é colocado no input",
              "timedOut": null,
              "duration": 4385,
              "state": "failed",
              "speed": null,
              "pass": false,
              "fail": true,
              "pending": false,
              "context": null,
              "code": "cy.get('#board-size').clear().type(51);\ncy.get('#generate-board').click();\ncy.get('.pixel').should('have.length', 2500);",
              "err": {
                "message": "CypressError: Timed out retrying: Expected to find element: '#board-size', but never found it.",
                "estack": "CypressError: Timed out retrying: Expected to find element: '#board-size', but never found it.\n    at cypressErr (http://localhost:44615/__cypress/runner/cypress_runner.js:149934:9)\n    at throwErr (http://localhost:44615/__cypress/runner/cypress_runner.js:149867:11)\n    at Object.throwErrByPath (http://localhost:44615/__cypress/runner/cypress_runner.js:149915:3)\n    at retry (http://localhost:44615/__cypress/runner/cypress_runner.js:144197:19)\n    at onFailFn (http://localhost:44615/__cypress/runner/cypress_runner.js:132448:16)\n    at tryCatcher (http://localhost:44615/__cypress/runner/cypress_runner.js:167415:23)\n    at Promise._settlePromiseFromHandler (http://localhost:44615/__cypress/runner/cypress_runner.js:165351:31)\n    at Promise._settlePromise (http://localhost:44615/__cypress/runner/cypress_runner.js:165408:18)\n    at Promise._settlePromise0 (http://localhost:44615/__cypress/runner/cypress_runner.js:165453:10)\n    at Promise._settlePromises (http://localhost:44615/__cypress/runner/cypress_runner.js:165528:18)\n    at Async../node_modules/bluebird/js/release/async.js.Async._drainQueue (http://localhost:44615/__cypress/runner/cypress_runner.js:162140:16)\n    at Async../node_modules/bluebird/js/release/async.js.Async._drainQueues (http://localhost:44615/__cypress/runner/cypress_runner.js:162150:10)\n    at Async.drainQueues (http://localhost:44615/__cypress/runner/cypress_runner.js:162024:14)",
                "diff": null
              },
              "uuid": "ce2f9202-27eb-4b76-966e-b04dd018331b",
              "parentUUID": "9aa5746e-b944-4a4b-96a1-fcab84239515",
              "isHook": false,
              "skipped": false
            }
          ],
          "suites": [],
          "passes": [],
          "failures": [
            "90928960-d9c3-4715-a8ec-ef0b43c3b963",
            "3f9709df-3081-419c-a493-0e8128dfbfad",
            "ce2f9202-27eb-4b76-966e-b04dd018331b"
          ],
          "pending": [],
          "skipped": [],
          "duration": 13199,
          "root": false,
          "rootEmpty": false,
          "_timeout": 2000
        },
        {
          "uuid": "1f59bae5-442e-49b9-b4d9-cc3660e9cb61",
          "title": "12 - Faça com que as cores da paleta sejam geradas aleatoriamente ao carregar a página.",
          "fullFile": "",
          "file": "",
          "beforeHooks": [],
          "afterHooks": [],
          "tests": [
            {
              "title": "Verifica se as cores geradas na paleta são diferentes a cada carregamento da página",
              "fullTitle": "12 - Faça com que as cores da paleta sejam geradas aleatoriamente ao carregar a página. Verifica se as cores geradas na paleta são diferentes a cada carregamento da página",
              "timedOut": null,
              "duration": 547,
              "state": "failed",
              "speed": null,
              "pass": false,
              "fail": true,
              "pending": false,
              "context": null,
              "code": "cy.get('.color').then(function (colors) {\n  var currentColors;\n  var previousColors;\n  previousColors = Array.from(colors).map(function (color) {\n    return Cypress.$(color).css('background-color');\n  });\n  for (var i = 0; i < 5; i += 1) {\n    cy.reload();\n    cy.get('.color').then(function (colors) {\n      currentColors = Array.from(colors).map(function (color) {\n        return Cypress.$(color).css('background-color');\n      });\n      expect(currentColors).not.to.deep.equal(previousColors);\n      previousColors = currentColors;\n    });\n  }\n});",
              "err": {
                "message": "AssertionError: expected [ Array(4) ] to not deeply equal [ Array(4) ]",
                "estack": "AssertionError: expected [ Array(4) ] to not deeply equal [ Array(4) ]\n    at getRet (http://localhost:44615/__cypress/runner/cypress_runner.js:136585:16)\n    at tryCatcher (http://localhost:44615/__cypress/runner/cypress_runner.js:167415:23)\n    at Function.Promise.attempt.Promise.try (http://localhost:44615/__cypress/runner/cypress_runner.js:164690:29)\n    at Context.thenFn (http://localhost:44615/__cypress/runner/cypress_runner.js:136599:23)\n    at Context.then (http://localhost:44615/__cypress/runner/cypress_runner.js:136971:21)\n    at Context.<anonymous> (http://localhost:44615/__cypress/runner/cypress_runner.js:148875:21)\n    at http://localhost:44615/__cypress/runner/cypress_runner.js:148351:33\n    at tryCatcher (http://localhost:44615/__cypress/runner/cypress_runner.js:167415:23)\n    at Promise._settlePromiseFromHandler (http://localhost:44615/__cypress/runner/cypress_runner.js:165351:31)\n    at Promise._settlePromise (http://localhost:44615/__cypress/runner/cypress_runner.js:165408:18)\n    at Promise._settlePromiseCtx (http://localhost:44615/__cypress/runner/cypress_runner.js:165445:10)\n    at Async../node_modules/bluebird/js/release/async.js.Async._drainQueue (http://localhost:44615/__cypress/runner/cypress_runner.js:162145:12)\n    at Async../node_modules/bluebird/js/release/async.js.Async._drainQueues (http://localhost:44615/__cypress/runner/cypress_runner.js:162150:10)\n    at Async.drainQueues (http://localhost:44615/__cypress/runner/cypress_runner.js:162024:14)",
                "diff": ""
              },
              "uuid": "6ef1dd08-63f3-463b-9b01-71032ab8dbeb",
              "parentUUID": "1f59bae5-442e-49b9-b4d9-cc3660e9cb61",
              "isHook": false,
              "skipped": false
            },
            {
              "title": "Verifica se a cor preta ainda está presente e é a primeira na sua paleta de cores",
              "fullTitle": "12 - Faça com que as cores da paleta sejam geradas aleatoriamente ao carregar a página. Verifica se a cor preta ainda está presente e é a primeira na sua paleta de cores",
              "timedOut": null,
              "duration": 502,
              "state": "failed",
              "speed": null,
              "pass": false,
              "fail": true,
              "pending": false,
              "context": null,
              "code": "cy.get('.color').then(function (colors) {\n  var currentColors;\n  var previousColors;\n  previousColors = Array.from(colors).map(function (color) {\n    return Cypress.$(color).css('background-color');\n  });\n  expect(previousColors[0]).to.eq(BLACK);\n  for (var i = 0; i < 5; i += 1) {\n    cy.reload();\n    cy.get('.color').then(function (colors) {\n      currentColors = Array.from(colors).map(function (color) {\n        return Cypress.$(color).css('background-color');\n      });\n      expect(currentColors[0]).to.eq(BLACK);\n      expect(currentColors).not.to.deep.equal(previousColors);\n      previousColors = currentColors;\n    });\n  }\n});",
              "err": {
                "message": "AssertionError: expected [ Array(4) ] to not deeply equal [ Array(4) ]",
                "estack": "AssertionError: expected [ Array(4) ] to not deeply equal [ Array(4) ]\n    at getRet (http://localhost:44615/__cypress/runner/cypress_runner.js:136585:16)\n    at tryCatcher (http://localhost:44615/__cypress/runner/cypress_runner.js:167415:23)\n    at Function.Promise.attempt.Promise.try (http://localhost:44615/__cypress/runner/cypress_runner.js:164690:29)\n    at Context.thenFn (http://localhost:44615/__cypress/runner/cypress_runner.js:136599:23)\n    at Context.then (http://localhost:44615/__cypress/runner/cypress_runner.js:136971:21)\n    at Context.<anonymous> (http://localhost:44615/__cypress/runner/cypress_runner.js:148875:21)\n    at http://localhost:44615/__cypress/runner/cypress_runner.js:148351:33\n    at tryCatcher (http://localhost:44615/__cypress/runner/cypress_runner.js:167415:23)\n    at Promise._settlePromiseFromHandler (http://localhost:44615/__cypress/runner/cypress_runner.js:165351:31)\n    at Promise._settlePromise (http://localhost:44615/__cypress/runner/cypress_runner.js:165408:18)\n    at Promise._settlePromiseCtx (http://localhost:44615/__cypress/runner/cypress_runner.js:165445:10)\n    at Async../node_modules/bluebird/js/release/async.js.Async._drainQueue (http://localhost:44615/__cypress/runner/cypress_runner.js:162145:12)\n    at Async../node_modules/bluebird/js/release/async.js.Async._drainQueues (http://localhost:44615/__cypress/runner/cypress_runner.js:162150:10)\n    at Async.drainQueues (http://localhost:44615/__cypress/runner/cypress_runner.js:162024:14)",
                "diff": ""
              },
              "uuid": "71d27e5f-0651-4288-ae47-8ed5e430038e",
              "parentUUID": "1f59bae5-442e-49b9-b4d9-cc3660e9cb61",
              "isHook": false,
              "skipped": false
            }
          ],
          "suites": [],
          "passes": [],
          "failures": [
            "6ef1dd08-63f3-463b-9b01-71032ab8dbeb",
            "71d27e5f-0651-4288-ae47-8ed5e430038e"
          ],
          "pending": [],
          "skipped": [],
          "duration": 1049,
          "root": false,
          "rootEmpty": false,
          "_timeout": 2000
        }
      ],
      "passes": [],
      "failures": [],
      "pending": [],
      "skipped": [],
      "duration": 0,
      "root": true,
      "rootEmpty": true,
      "_timeout": 2000
    }
  ],
  "meta": {
    "mocha": {
      "version": "7.0.1"
    },
    "mochawesome": {
      "options": {
        "quiet": false,
        "reportFilename": "mochawesome",
        "saveHtml": false,
        "saveJson": true,
        "consoleReporter": "spec",
        "useInlineDiffs": false
      },
      "version": "4.1.0"
    },
    "marge": {
      "options": {
        "id": "default",
        "reportDir": "cypress/reports",
        "overwrite": true,
        "html": false,
        "json": true
      },
      "version": "4.1.0"
    }
  }
}