{
  "stats": {
    "suites": 12,
    "tests": 41,
    "passes": 21,
    "pending": 0,
    "failures": 20,
    "start": "2021-08-22T20:19:53.639Z",
    "end": "2021-08-22T20:21:50.335Z",
    "duration": 116696,
    "testsRegistered": 41,
    "passPercent": 51.21951219512195,
    "pendingPercent": 0,
    "other": 0,
    "hasOther": false,
    "skipped": 0,
    "hasSkipped": false
  },
  "results": [
    {
      "uuid": "857e4592-e534-44c7-959f-3f2853d1e72b",
      "title": "",
      "fullFile": "cypress/integration/project.spec.js",
      "file": "cypress/integration/project.spec.js",
      "beforeHooks": [],
      "afterHooks": [],
      "tests": [],
      "suites": [
        {
          "uuid": "a9297515-4175-4c96-bc35-9e3b0b085d52",
          "title": "1 - Adicione à página o título \"Paleta de Cores\".",
          "fullFile": "",
          "file": "",
          "beforeHooks": [],
          "afterHooks": [],
          "tests": [
            {
              "title": "Verifica se contém um elemento `h1` com o id `title` com o título correto",
              "fullTitle": "1 - Adicione à página o título \"Paleta de Cores\". Verifica se contém um elemento `h1` com o id `title` com o título correto",
              "timedOut": null,
              "duration": 377,
              "state": "passed",
              "speed": "slow",
              "pass": true,
              "fail": false,
              "pending": false,
              "context": null,
              "code": "cy.get('h1#title').should('contain.text', 'Paleta de Cores');",
              "err": {},
              "uuid": "54a5bda2-a8e7-4d72-871f-35daddde27b1",
              "parentUUID": "a9297515-4175-4c96-bc35-9e3b0b085d52",
              "isHook": false,
              "skipped": false
            }
          ],
          "suites": [],
          "passes": [
            "54a5bda2-a8e7-4d72-871f-35daddde27b1"
          ],
          "failures": [],
          "pending": [],
          "skipped": [],
          "duration": 377,
          "root": false,
          "rootEmpty": false,
          "_timeout": 2000
        },
        {
          "uuid": "b4329000-7b3e-4b46-90b4-253f0d04d597",
          "title": "2 - Adicione à página uma paleta de quatro cores distintas.",
          "fullFile": "",
          "file": "",
          "beforeHooks": [],
          "afterHooks": [],
          "tests": [
            {
              "title": "A paleta de cores deve ser um elemento com `id` denominado `color-palette`",
              "fullTitle": "2 - Adicione à página uma paleta de quatro cores distintas. A paleta de cores deve ser um elemento com `id` denominado `color-palette`",
              "timedOut": null,
              "duration": 195,
              "state": "passed",
              "speed": "slow",
              "pass": true,
              "fail": false,
              "pending": false,
              "context": null,
              "code": "cy.get('#color-palette').should('be.visible');",
              "err": {},
              "uuid": "b317c6cf-283f-4edc-bf52-115c3047cda0",
              "parentUUID": "b4329000-7b3e-4b46-90b4-253f0d04d597",
              "isHook": false,
              "skipped": false
            },
            {
              "title": "Verifica se cada cor individual da paleta de cores possui a `classe` chamada `color`.",
              "fullTitle": "2 - Adicione à página uma paleta de quatro cores distintas. Verifica se cada cor individual da paleta de cores possui a `classe` chamada `color`.",
              "timedOut": null,
              "duration": 236,
              "state": "passed",
              "speed": "slow",
              "pass": true,
              "fail": false,
              "pending": false,
              "context": null,
              "code": "cy.get('.color').should('have.length', 4).then(function (colors) {\n  for (var i = 0; i < colors.length; i++) {\n    cy.wrap(colors[i]).should('be.visible');\n  }\n});",
              "err": {},
              "uuid": "da21412f-c1ca-4272-ab25-7da85fd104fa",
              "parentUUID": "b4329000-7b3e-4b46-90b4-253f0d04d597",
              "isHook": false,
              "skipped": false
            },
            {
              "title": "Verifica se a cor de fundo de cada elemento da paleta é a cor que o elemento representa. **A única cor não permitida na paleta é a cor branca.**",
              "fullTitle": "2 - Adicione à página uma paleta de quatro cores distintas. Verifica se a cor de fundo de cada elemento da paleta é a cor que o elemento representa. **A única cor não permitida na paleta é a cor branca.**",
              "timedOut": null,
              "duration": 339,
              "state": "passed",
              "speed": "slow",
              "pass": true,
              "fail": false,
              "pending": false,
              "context": null,
              "code": "cy.get('.color').each(function (color) {\n  cy.wrap(color).should('have.class', 'color').and('not.have.css', 'background-color', WHITE);\n  cy.wrap(color).should('have.css', 'background-color');\n});",
              "err": {},
              "uuid": "4a487932-476d-49f4-a57f-73c3a2a4d057",
              "parentUUID": "b4329000-7b3e-4b46-90b4-253f0d04d597",
              "isHook": false,
              "skipped": false
            },
            {
              "title": "Verifica se cada elemento da paleta de cores tem uma borda preta, sólida e com 1 pixel de largura;",
              "fullTitle": "2 - Adicione à página uma paleta de quatro cores distintas. Verifica se cada elemento da paleta de cores tem uma borda preta, sólida e com 1 pixel de largura;",
              "timedOut": null,
              "duration": 383,
              "state": "passed",
              "speed": "slow",
              "pass": true,
              "fail": false,
              "pending": false,
              "context": null,
              "code": "cy.get('.color').each(function (color) {\n  cy.wrap(color).and('have.css', 'border', \"1px solid \".concat(BLACK)).and('have.class', 'color');\n});",
              "err": {},
              "uuid": "d54b60c0-5a66-4bd7-a04f-72f9a95cc097",
              "parentUUID": "b4329000-7b3e-4b46-90b4-253f0d04d597",
              "isHook": false,
              "skipped": false
            },
            {
              "title": "Verifica se a paleta lista todas as cores disponíveis para utilização, lado a lado.",
              "fullTitle": "2 - Adicione à página uma paleta de quatro cores distintas. Verifica se a paleta lista todas as cores disponíveis para utilização, lado a lado.",
              "timedOut": null,
              "duration": 261,
              "state": "passed",
              "speed": "slow",
              "pass": true,
              "fail": false,
              "pending": false,
              "context": null,
              "code": "cy.get('.color').then(function (colors) {\n  for (var index = 1; index < colors.length; index += 1) {\n    var currentColor = colors[index];\n    var previousColor = colors[index - 1];\n    cy.wrap(currentColor).should('be.onTheRightOf', previousColor).and('be.horizontallyAlignedWith', previousColor);\n  }\n});",
              "err": {},
              "uuid": "85702cf2-f708-460b-b707-3c0fd94d5619",
              "parentUUID": "b4329000-7b3e-4b46-90b4-253f0d04d597",
              "isHook": false,
              "skipped": false
            },
            {
              "title": "Verifica se a paleta de cores está posicionada abaixo do título 'Paleta de Cores'",
              "fullTitle": "2 - Adicione à página uma paleta de quatro cores distintas. Verifica se a paleta de cores está posicionada abaixo do título 'Paleta de Cores'",
              "timedOut": null,
              "duration": 380,
              "state": "passed",
              "speed": "slow",
              "pass": true,
              "fail": false,
              "pending": false,
              "context": null,
              "code": "cy.get('h1#title').then(function (title) {\n  cy.get('#color-palette').should('be.belowOf', title);\n});",
              "err": {},
              "uuid": "ff605e7a-d7ff-4edc-aeb6-a2eebe880b01",
              "parentUUID": "b4329000-7b3e-4b46-90b4-253f0d04d597",
              "isHook": false,
              "skipped": false
            },
            {
              "title": "Verifica se a paleta de cores não contém cores repetidas.",
              "fullTitle": "2 - Adicione à página uma paleta de quatro cores distintas. Verifica se a paleta de cores não contém cores repetidas.",
              "timedOut": null,
              "duration": 263,
              "state": "passed",
              "speed": "slow",
              "pass": true,
              "fail": false,
              "pending": false,
              "context": null,
              "code": "cy.get('.color').then(function (colors) {\n  var allColors = Array.from(colors).map(function (color) {\n    return Cypress.$(color).css('background-color');\n  });\n  cy.log(allColors);\n  var uniqColors = (0, _toConsumableArray2[\"default\"])(new Set(allColors));\n  cy.log(uniqColors);\n  expect(allColors.length).to.eq(uniqColors.length);\n});",
              "err": {},
              "uuid": "5babfc11-bd7e-46dd-b2c7-e756ea12dac5",
              "parentUUID": "b4329000-7b3e-4b46-90b4-253f0d04d597",
              "isHook": false,
              "skipped": false
            }
          ],
          "suites": [],
          "passes": [
            "b317c6cf-283f-4edc-bf52-115c3047cda0",
            "da21412f-c1ca-4272-ab25-7da85fd104fa",
            "4a487932-476d-49f4-a57f-73c3a2a4d057",
            "d54b60c0-5a66-4bd7-a04f-72f9a95cc097",
            "85702cf2-f708-460b-b707-3c0fd94d5619",
            "ff605e7a-d7ff-4edc-aeb6-a2eebe880b01",
            "5babfc11-bd7e-46dd-b2c7-e756ea12dac5"
          ],
          "failures": [],
          "pending": [],
          "skipped": [],
          "duration": 2057,
          "root": false,
          "rootEmpty": false,
          "_timeout": 2000
        },
        {
          "uuid": "65413c57-2b68-426f-ad46-4c7da2522f4f",
          "title": "3 - Adicione a cor **preta** como a primeira cor da paleta de cores.",
          "fullFile": "",
          "file": "",
          "beforeHooks": [],
          "afterHooks": [],
          "tests": [
            {
              "title": "Verifica se a primeira cor da paleta é preta",
              "fullTitle": "3 - Adicione a cor **preta** como a primeira cor da paleta de cores. Verifica se a primeira cor da paleta é preta",
              "timedOut": null,
              "duration": 283,
              "state": "passed",
              "speed": "slow",
              "pass": true,
              "fail": false,
              "pending": false,
              "context": null,
              "code": "cy.get('.color').first().should('have.css', 'background-color', BLACK);",
              "err": {},
              "uuid": "675b87ce-8668-455e-9467-9687aff5a347",
              "parentUUID": "65413c57-2b68-426f-ad46-4c7da2522f4f",
              "isHook": false,
              "skipped": false
            },
            {
              "title": "Verifica se as demais cores podem ser escolhidas livremente.",
              "fullTitle": "3 - Adicione a cor **preta** como a primeira cor da paleta de cores. Verifica se as demais cores podem ser escolhidas livremente.",
              "timedOut": null,
              "duration": 345,
              "state": "passed",
              "speed": "slow",
              "pass": true,
              "fail": false,
              "pending": false,
              "context": null,
              "code": "cy.get('.color').eq(1).should('not.have.css', 'background-color', BLACK);\ncy.get('.color').eq(1).should('not.have.css', 'background-color', WHITE);\ncy.get('.color').eq(1).should('not.have.css', 'background-color', 'rgba(0, 0, 0, 0)');\ncy.get('.color').eq(1).should('have.css', 'background-color');\ncy.get('.color').eq(2).should('not.have.css', 'background-color', BLACK);\ncy.get('.color').eq(2).should('not.have.css', 'background-color', WHITE);\ncy.get('.color').eq(2).should('not.have.css', 'background-color', 'rgba(0, 0, 0, 0)');\ncy.get('.color').eq(2).should('have.css', 'background-color');\ncy.get('.color').eq(3).should('not.have.css', 'background-color', BLACK);\ncy.get('.color').eq(3).should('not.have.css', 'background-color', WHITE);\ncy.get('.color').eq(3).should('not.have.css', 'background-color', 'rgba(0, 0, 0, 0)');\ncy.get('.color').eq(3).should('have.css', 'background-color');",
              "err": {},
              "uuid": "e781ae99-1569-4842-b01c-72858b7bb699",
              "parentUUID": "65413c57-2b68-426f-ad46-4c7da2522f4f",
              "isHook": false,
              "skipped": false
            }
          ],
          "suites": [],
          "passes": [
            "675b87ce-8668-455e-9467-9687aff5a347",
            "e781ae99-1569-4842-b01c-72858b7bb699"
          ],
          "failures": [],
          "pending": [],
          "skipped": [],
          "duration": 628,
          "root": false,
          "rootEmpty": false,
          "_timeout": 2000
        },
        {
          "uuid": "4c31856e-e86f-4948-9b2d-2b06645c92b9",
          "title": "4 - Adicione à página um quadro de pixels, com 25 pixels.",
          "fullFile": "",
          "file": "",
          "beforeHooks": [],
          "afterHooks": [],
          "tests": [
            {
              "title": "Verifica se o quadro de pixels possui o `id` denominado `pixel-board`",
              "fullTitle": "4 - Adicione à página um quadro de pixels, com 25 pixels. Verifica se o quadro de pixels possui o `id` denominado `pixel-board`",
              "timedOut": null,
              "duration": 185,
              "state": "passed",
              "speed": "slow",
              "pass": true,
              "fail": false,
              "pending": false,
              "context": null,
              "code": "cy.get('#pixel-board').should('be.visible');",
              "err": {},
              "uuid": "fefcd020-2856-4c80-9006-73c4a3acc2aa",
              "parentUUID": "4c31856e-e86f-4948-9b2d-2b06645c92b9",
              "isHook": false,
              "skipped": false
            },
            {
              "title": "Verifica se cada pixel individual dentro do quadro possui a `classe` denominada `pixel`.",
              "fullTitle": "4 - Adicione à página um quadro de pixels, com 25 pixels. Verifica se cada pixel individual dentro do quadro possui a `classe` denominada `pixel`.",
              "timedOut": null,
              "duration": 238,
              "state": "passed",
              "speed": "slow",
              "pass": true,
              "fail": false,
              "pending": false,
              "context": null,
              "code": "cy.get('.pixel').should('have.length', 25);",
              "err": {},
              "uuid": "2a5ebd47-bbda-4d96-9a15-34635de8a7e2",
              "parentUUID": "4c31856e-e86f-4948-9b2d-2b06645c92b9",
              "isHook": false,
              "skipped": false
            },
            {
              "title": "Verifica se a cor inicial dos pixels dentro do quadro, ao abrir a página, é branca.",
              "fullTitle": "4 - Adicione à página um quadro de pixels, com 25 pixels. Verifica se a cor inicial dos pixels dentro do quadro, ao abrir a página, é branca.",
              "timedOut": null,
              "duration": 321,
              "state": "passed",
              "speed": "slow",
              "pass": true,
              "fail": false,
              "pending": false,
              "context": null,
              "code": "cy.get('.pixel').should('have.length', 25).each(function (pixel) {\n  expect(pixel).to.have.css('background-color', WHITE);\n});",
              "err": {},
              "uuid": "00d63ec8-e746-44df-9679-96bea8a090c1",
              "parentUUID": "4c31856e-e86f-4948-9b2d-2b06645c92b9",
              "isHook": false,
              "skipped": false
            },
            {
              "title": "Verifica se o quadro de pixels aparece abaixo da paleta de cores",
              "fullTitle": "4 - Adicione à página um quadro de pixels, com 25 pixels. Verifica se o quadro de pixels aparece abaixo da paleta de cores",
              "timedOut": null,
              "duration": 186,
              "state": "passed",
              "speed": "slow",
              "pass": true,
              "fail": false,
              "pending": false,
              "context": null,
              "code": "cy.get('#color-palette').then(function (palette) {\n  cy.get('#pixel-board').should('be.belowOf', palette);\n});",
              "err": {},
              "uuid": "a963449d-87ec-4633-a279-f68b7030582e",
              "parentUUID": "4c31856e-e86f-4948-9b2d-2b06645c92b9",
              "isHook": false,
              "skipped": false
            }
          ],
          "suites": [],
          "passes": [
            "fefcd020-2856-4c80-9006-73c4a3acc2aa",
            "2a5ebd47-bbda-4d96-9a15-34635de8a7e2",
            "00d63ec8-e746-44df-9679-96bea8a090c1",
            "a963449d-87ec-4633-a279-f68b7030582e"
          ],
          "failures": [],
          "pending": [],
          "skipped": [],
          "duration": 930,
          "root": false,
          "rootEmpty": false,
          "_timeout": 2000
        },
        {
          "uuid": "e748b0d8-96d9-4c09-8ada-7c4815165c06",
          "title": "5 - Faça com que cada elemento do quadro de pixels possua 40 pixels de largura, 40 pixels de altura e seja delimitado por uma borda preta de 1 pixel.",
          "fullFile": "",
          "file": "",
          "beforeHooks": [],
          "afterHooks": [],
          "tests": [
            {
              "title": "Verifica se o quadro de pixels tem altura e comprimento de 5 elementos",
              "fullTitle": "5 - Faça com que cada elemento do quadro de pixels possua 40 pixels de largura, 40 pixels de altura e seja delimitado por uma borda preta de 1 pixel. Verifica se o quadro de pixels tem altura e comprimento de 5 elementos",
              "timedOut": null,
              "duration": 878,
              "state": "passed",
              "speed": "slow",
              "pass": true,
              "fail": false,
              "pending": false,
              "context": null,
              "code": "cy.get('.pixel').should('have.length', 25).each(function (pixel) {\n  expect(pixel).to.have.css('background-color', WHITE);\n}).and(function (pixels) {\n  var rows = chunk(pixels, 5);\n  rows.forEach(function (row) {\n    for (var index = 1; index < row.length; index += 1) {\n      var current = pixels[index];\n      var previous = pixels[index - 1];\n      cy.wrap(current).should('be.onTheRightOf', previous).and('be.horizontallyAlignedWith', previous);\n    }\n  });\n  for (var index = 1; index < 5; index += 1) {\n    expect(pixels[index * 5]).to.be.belowOf(pixels[(index - 1) * 5]);\n  }\n});",
              "err": {},
              "uuid": "b59b74f7-748c-4996-9be0-860b08ecb08b",
              "parentUUID": "e748b0d8-96d9-4c09-8ada-7c4815165c06",
              "isHook": false,
              "skipped": false
            },
            {
              "title": "Verifica se 40 pixels é o tamanho total do elemento, incluindo seu conteúdo e excluindo a borda preta, que deve ser criada à parte.",
              "fullTitle": "5 - Faça com que cada elemento do quadro de pixels possua 40 pixels de largura, 40 pixels de altura e seja delimitado por uma borda preta de 1 pixel. Verifica se 40 pixels é o tamanho total do elemento, incluindo seu conteúdo e excluindo a borda preta, que deve ser criada à parte.",
              "timedOut": null,
              "duration": 664,
              "state": "passed",
              "speed": "slow",
              "pass": true,
              "fail": false,
              "pending": false,
              "context": null,
              "code": "cy.get('.pixel').each(function (pixel) {\n  cy.wrap(pixel).should('have.css', 'height', '40px').and('have.css', 'width', '40px').and('have.css', 'border', \"1px solid \".concat(BLACK));\n});",
              "err": {},
              "uuid": "d43a7686-883d-4200-b70e-3b74dc38195f",
              "parentUUID": "e748b0d8-96d9-4c09-8ada-7c4815165c06",
              "isHook": false,
              "skipped": false
            }
          ],
          "suites": [],
          "passes": [
            "b59b74f7-748c-4996-9be0-860b08ecb08b",
            "d43a7686-883d-4200-b70e-3b74dc38195f"
          ],
          "failures": [],
          "pending": [],
          "skipped": [],
          "duration": 1542,
          "root": false,
          "rootEmpty": false,
          "_timeout": 2000
        },
        {
          "uuid": "6f04d73c-736c-4b04-b391-4f496fcc3a15",
          "title": "6 - Defina a cor preta como cor inicial. Ao carregar a página a cor preta já deve estar selecionada para pintar os pixels",
          "fullFile": "",
          "file": "",
          "beforeHooks": [],
          "afterHooks": [],
          "tests": [
            {
              "title": "Verifica se o elemento da cor preta possui, inicialmente, a `classe` `selected`",
              "fullTitle": "6 - Defina a cor preta como cor inicial. Ao carregar a página a cor preta já deve estar selecionada para pintar os pixels Verifica se o elemento da cor preta possui, inicialmente, a `classe` `selected`",
              "timedOut": null,
              "duration": 226,
              "state": "passed",
              "speed": "slow",
              "pass": true,
              "fail": false,
              "pending": false,
              "context": null,
              "code": "cy.get('.selected').first().should('have.css', 'background-color', BLACK);",
              "err": {},
              "uuid": "b3fe7369-f344-4241-9685-518dc93be5b1",
              "parentUUID": "6f04d73c-736c-4b04-b391-4f496fcc3a15",
              "isHook": false,
              "skipped": false
            },
            {
              "title": "Verifica se nenhuma outra cor da paleta tem a `classe` `selected`",
              "fullTitle": "6 - Defina a cor preta como cor inicial. Ao carregar a página a cor preta já deve estar selecionada para pintar os pixels Verifica se nenhuma outra cor da paleta tem a `classe` `selected`",
              "timedOut": null,
              "duration": 194,
              "state": "passed",
              "speed": "slow",
              "pass": true,
              "fail": false,
              "pending": false,
              "context": null,
              "code": "cy.get('.color:not(:first-child)').each(function (color) {\n  cy.wrap(color).should('not.have.class', 'selected');\n});",
              "err": {},
              "uuid": "0a59c886-841c-48d9-9bd1-20589d527a0c",
              "parentUUID": "6f04d73c-736c-4b04-b391-4f496fcc3a15",
              "isHook": false,
              "skipped": false
            }
          ],
          "suites": [],
          "passes": [
            "b3fe7369-f344-4241-9685-518dc93be5b1",
            "0a59c886-841c-48d9-9bd1-20589d527a0c"
          ],
          "failures": [],
          "pending": [],
          "skipped": [],
          "duration": 420,
          "root": false,
          "rootEmpty": false,
          "_timeout": 2000
        },
        {
          "uuid": "eee264ea-ba2a-4518-b003-f4942d7f851a",
          "title": "7 - Clicar em uma das cores da paleta, faz com que ela seja selecionada e utilizada para preencher os pixels no quadro.",
          "fullFile": "",
          "file": "",
          "beforeHooks": [],
          "afterHooks": [],
          "tests": [
            {
              "title": "Verifica se somente uma cor da paleta de cores tem a classe `selected` de cada vez",
              "fullTitle": "7 - Clicar em uma das cores da paleta, faz com que ela seja selecionada e utilizada para preencher os pixels no quadro. Verifica se somente uma cor da paleta de cores tem a classe `selected` de cada vez",
              "timedOut": null,
              "duration": 639,
              "state": "passed",
              "speed": "slow",
              "pass": true,
              "fail": false,
              "pending": false,
              "context": null,
              "code": "cy.get('.color').each(function (selectedColor, selectedColorIndex) {\n  cy.wrap(selectedColor).click();\n  cy.get('.color').each(function (color, colorIndex) {\n    if (colorIndex === selectedColorIndex) {\n      expect(color).to.have[\"class\"]('selected');\n    } else {\n      expect(color).not.to.have[\"class\"]('selected');\n    }\n  });\n});",
              "err": {},
              "uuid": "9a59ec76-7c17-4762-8720-61a2e54d8e8f",
              "parentUUID": "eee264ea-ba2a-4518-b003-f4942d7f851a",
              "isHook": false,
              "skipped": false
            },
            {
              "title": "Verifica se os pixels dentro do quadro não têm a classe `selected` quando são clicados",
              "fullTitle": "7 - Clicar em uma das cores da paleta, faz com que ela seja selecionada e utilizada para preencher os pixels no quadro. Verifica se os pixels dentro do quadro não têm a classe `selected` quando são clicados",
              "timedOut": null,
              "duration": 9679,
              "state": "passed",
              "speed": "slow",
              "pass": true,
              "fail": false,
              "pending": false,
              "context": null,
              "code": "cy.get('.color').each(function (color) {\n  var backgroundColor = color.css('background-color');\n  cy.wrap(color).click();\n  cy.get('.pixel').each(function (pixel) {\n    cy.wrap(pixel).click().should('not.have.class', 'selected');\n  });\n});",
              "err": {},
              "uuid": "3ef71f63-8bd1-4730-91bd-fc00a5e38cf3",
              "parentUUID": "eee264ea-ba2a-4518-b003-f4942d7f851a",
              "isHook": false,
              "skipped": false
            }
          ],
          "suites": [],
          "passes": [
            "9a59ec76-7c17-4762-8720-61a2e54d8e8f",
            "3ef71f63-8bd1-4730-91bd-fc00a5e38cf3"
          ],
          "failures": [],
          "pending": [],
          "skipped": [],
          "duration": 10318,
          "root": false,
          "rootEmpty": false,
          "_timeout": 2000
        },
        {
          "uuid": "c07a6ae9-5d17-4c52-a447-bf4e7884b83d",
          "title": "8 - Clicar em um pixel dentro do quadro após selecionar uma cor na paleta, faz com que o pixel seja preenchido com a cor selecionada.",
          "fullFile": "",
          "file": "",
          "beforeHooks": [],
          "afterHooks": [],
          "tests": [
            {
              "title": "Verifica se ao carregar a página deve ser possível pintar os pixels de preto",
              "fullTitle": "8 - Clicar em um pixel dentro do quadro após selecionar uma cor na paleta, faz com que o pixel seja preenchido com a cor selecionada. Verifica se ao carregar a página deve ser possível pintar os pixels de preto",
              "timedOut": null,
              "duration": 4782,
              "state": "failed",
              "speed": null,
              "pass": false,
              "fail": true,
              "pending": false,
              "context": null,
              "code": "cy.get('.pixel').each(function (pixel) {\n  cy.wrap(pixel).click().should('have.css', 'background-color', BLACK);\n});",
              "err": {
                "message": "CypressError: Timed out retrying: expected '<div.pixel>' to have CSS property 'background-color' with the value 'rgb(0, 0, 0)', but the value was 'rgb(255, 255, 255)'",
                "estack": "CypressError: Timed out retrying: expected '<div.pixel>' to have CSS property 'background-color' with the value 'rgb(0, 0, 0)', but the value was 'rgb(255, 255, 255)'\n    at cypressErr (http://localhost:61036/__cypress/runner/cypress_runner.js:149934:9)\n    at throwErr (http://localhost:61036/__cypress/runner/cypress_runner.js:149867:11)\n    at Object.throwErrByPath (http://localhost:61036/__cypress/runner/cypress_runner.js:149915:3)\n    at retry (http://localhost:61036/__cypress/runner/cypress_runner.js:144197:19)\n    at onFailFn (http://localhost:61036/__cypress/runner/cypress_runner.js:132448:16)\n    at tryCatcher (http://localhost:61036/__cypress/runner/cypress_runner.js:167415:23)\n    at Promise._settlePromiseFromHandler (http://localhost:61036/__cypress/runner/cypress_runner.js:165351:31)\n    at Promise._settlePromise (http://localhost:61036/__cypress/runner/cypress_runner.js:165408:18)\n    at Promise._settlePromise0 (http://localhost:61036/__cypress/runner/cypress_runner.js:165453:10)\n    at Promise._settlePromises (http://localhost:61036/__cypress/runner/cypress_runner.js:165528:18)\n    at Async../node_modules/bluebird/js/release/async.js.Async._drainQueue (http://localhost:61036/__cypress/runner/cypress_runner.js:162140:16)\n    at Async../node_modules/bluebird/js/release/async.js.Async._drainQueues (http://localhost:61036/__cypress/runner/cypress_runner.js:162150:10)\n    at Async.drainQueues (http://localhost:61036/__cypress/runner/cypress_runner.js:162024:14)",
                "diff": null
              },
              "uuid": "dda24e00-6613-4810-acd4-4758beda5a6d",
              "parentUUID": "c07a6ae9-5d17-4c52-a447-bf4e7884b83d",
              "isHook": false,
              "skipped": false
            },
            {
              "title": "Verifica se após selecionar uma outra cor na paleta, é possível pintar os pixels com essa cor",
              "fullTitle": "8 - Clicar em um pixel dentro do quadro após selecionar uma cor na paleta, faz com que o pixel seja preenchido com a cor selecionada. Verifica se após selecionar uma outra cor na paleta, é possível pintar os pixels com essa cor",
              "timedOut": null,
              "duration": 5072,
              "state": "failed",
              "speed": null,
              "pass": false,
              "fail": true,
              "pending": false,
              "context": null,
              "code": "cy.get('.color').each(function (color) {\n  var backgroundColor = color.css('background-color');\n  cy.wrap(color).click();\n  cy.get('.pixel').each(function (pixel) {\n    cy.wrap(pixel).click().should('have.css', 'background-color', backgroundColor);\n  });\n});",
              "err": {
                "message": "CypressError: Timed out retrying: expected '<div.pixel>' to have CSS property 'background-color' with the value 'rgb(0, 0, 0)', but the value was 'rgb(255, 255, 255)'",
                "estack": "CypressError: Timed out retrying: expected '<div.pixel>' to have CSS property 'background-color' with the value 'rgb(0, 0, 0)', but the value was 'rgb(255, 255, 255)'\n    at cypressErr (http://localhost:61036/__cypress/runner/cypress_runner.js:149934:9)\n    at throwErr (http://localhost:61036/__cypress/runner/cypress_runner.js:149867:11)\n    at Object.throwErrByPath (http://localhost:61036/__cypress/runner/cypress_runner.js:149915:3)\n    at retry (http://localhost:61036/__cypress/runner/cypress_runner.js:144197:19)\n    at onFailFn (http://localhost:61036/__cypress/runner/cypress_runner.js:132448:16)\n    at tryCatcher (http://localhost:61036/__cypress/runner/cypress_runner.js:167415:23)\n    at Promise._settlePromiseFromHandler (http://localhost:61036/__cypress/runner/cypress_runner.js:165351:31)\n    at Promise._settlePromise (http://localhost:61036/__cypress/runner/cypress_runner.js:165408:18)\n    at Promise._settlePromise0 (http://localhost:61036/__cypress/runner/cypress_runner.js:165453:10)\n    at Promise._settlePromises (http://localhost:61036/__cypress/runner/cypress_runner.js:165528:18)\n    at Async../node_modules/bluebird/js/release/async.js.Async._drainQueue (http://localhost:61036/__cypress/runner/cypress_runner.js:162140:16)\n    at Async../node_modules/bluebird/js/release/async.js.Async._drainQueues (http://localhost:61036/__cypress/runner/cypress_runner.js:162150:10)\n    at Async.drainQueues (http://localhost:61036/__cypress/runner/cypress_runner.js:162024:14)",
                "diff": null
              },
              "uuid": "e8f2cb39-736b-4e44-94f8-1e2ccd74ef2c",
              "parentUUID": "c07a6ae9-5d17-4c52-a447-bf4e7884b83d",
              "isHook": false,
              "skipped": false
            },
            {
              "title": "Verifica se somente o pixel que foi clicado foi preenchido com a cor selecionada, sem influenciar na cor dos demais pixels.",
              "fullTitle": "8 - Clicar em um pixel dentro do quadro após selecionar uma cor na paleta, faz com que o pixel seja preenchido com a cor selecionada. Verifica se somente o pixel que foi clicado foi preenchido com a cor selecionada, sem influenciar na cor dos demais pixels.",
              "timedOut": null,
              "duration": 4263,
              "state": "passed",
              "speed": "slow",
              "pass": true,
              "fail": false,
              "pending": false,
              "context": null,
              "code": "var colorToPixelIndexMap = {\n  0: 6,\n  1: 8,\n  2: 16,\n  3: 18\n};\ncy.get('.color').each(function (color, index) {\n  cy.wrap(color).click();\n  var backgroundColor = color.css('background-color');\n  var clickedPixelIndex = colorToPixelIndexMap[index];\n  cy.get('.pixel').eq(clickedPixelIndex).click();\n  cy.get('.pixel').eq(clickedPixelIndex - 1).should('not.have.css', 'background-color', backgroundColor);\n  cy.get('.pixel').eq(clickedPixelIndex + 1).should('not.have.css', 'background-color', backgroundColor);\n  cy.get('.pixel').eq(clickedPixelIndex - 5).should('not.have.css', 'background-color', backgroundColor);\n  cy.get('.pixel').eq(clickedPixelIndex + 5).should('not.have.css', 'background-color', backgroundColor);\n  cy.get('.pixel').eq(clickedPixelIndex - 6).should('not.have.css', 'background-color', backgroundColor);\n  cy.get('.pixel').eq(clickedPixelIndex - 4).should('not.have.css', 'background-color', backgroundColor);\n  cy.get('.pixel').eq(clickedPixelIndex + 4).should('not.have.css', 'background-color', backgroundColor);\n  cy.get('.pixel').eq(clickedPixelIndex + 6).should('not.have.css', 'background-color', backgroundColor);\n});",
              "err": {},
              "uuid": "0127231f-740b-44c1-a5c9-0de0877df1be",
              "parentUUID": "c07a6ae9-5d17-4c52-a447-bf4e7884b83d",
              "isHook": false,
              "skipped": false
            }
          ],
          "suites": [],
          "passes": [
            "0127231f-740b-44c1-a5c9-0de0877df1be"
          ],
          "failures": [
            "dda24e00-6613-4810-acd4-4758beda5a6d",
            "e8f2cb39-736b-4e44-94f8-1e2ccd74ef2c"
          ],
          "pending": [],
          "skipped": [],
          "duration": 14117,
          "root": false,
          "rootEmpty": false,
          "_timeout": 2000
        },
        {
          "uuid": "c9ee3a40-d594-4e03-ab53-87bbeeb8492b",
          "title": "9 - Crie um botão que, ao ser clicado, limpa o quadro preenchendo a cor de todos seus pixels com branco.",
          "fullFile": "",
          "file": "",
          "beforeHooks": [],
          "afterHooks": [],
          "tests": [
            {
              "title": "Verifica se o botão tem o `id` denominado `clear-board`",
              "fullTitle": "9 - Crie um botão que, ao ser clicado, limpa o quadro preenchendo a cor de todos seus pixels com branco. Verifica se o botão tem o `id` denominado `clear-board`",
              "timedOut": null,
              "duration": 4800,
              "state": "failed",
              "speed": null,
              "pass": false,
              "fail": true,
              "pending": false,
              "context": null,
              "code": "cy.get('#clear-board').should('be.visible');",
              "err": {
                "message": "CypressError: Timed out retrying: Expected to find element: '#clear-board', but never found it.",
                "estack": "CypressError: Timed out retrying: Expected to find element: '#clear-board', but never found it.\n    at cypressErr (http://localhost:61036/__cypress/runner/cypress_runner.js:149934:9)\n    at throwErr (http://localhost:61036/__cypress/runner/cypress_runner.js:149867:11)\n    at Object.throwErrByPath (http://localhost:61036/__cypress/runner/cypress_runner.js:149915:3)\n    at retry (http://localhost:61036/__cypress/runner/cypress_runner.js:144197:19)\n    at onFailFn (http://localhost:61036/__cypress/runner/cypress_runner.js:132448:16)\n    at tryCatcher (http://localhost:61036/__cypress/runner/cypress_runner.js:167415:23)\n    at Promise._settlePromiseFromHandler (http://localhost:61036/__cypress/runner/cypress_runner.js:165351:31)\n    at Promise._settlePromise (http://localhost:61036/__cypress/runner/cypress_runner.js:165408:18)\n    at Promise._settlePromise0 (http://localhost:61036/__cypress/runner/cypress_runner.js:165453:10)\n    at Promise._settlePromises (http://localhost:61036/__cypress/runner/cypress_runner.js:165528:18)\n    at Async../node_modules/bluebird/js/release/async.js.Async._drainQueue (http://localhost:61036/__cypress/runner/cypress_runner.js:162140:16)\n    at Async../node_modules/bluebird/js/release/async.js.Async._drainQueues (http://localhost:61036/__cypress/runner/cypress_runner.js:162150:10)\n    at Async.drainQueues (http://localhost:61036/__cypress/runner/cypress_runner.js:162024:14)",
                "diff": null
              },
              "uuid": "79240743-d169-4afc-a069-7ed4387497a7",
              "parentUUID": "c9ee3a40-d594-4e03-ab53-87bbeeb8492b",
              "isHook": false,
              "skipped": false
            },
            {
              "title": "Verifica se o botão está posicionado entre a paleta de cores e o quadro de pixels",
              "fullTitle": "9 - Crie um botão que, ao ser clicado, limpa o quadro preenchendo a cor de todos seus pixels com branco. Verifica se o botão está posicionado entre a paleta de cores e o quadro de pixels",
              "timedOut": null,
              "duration": 5006,
              "state": "failed",
              "speed": null,
              "pass": false,
              "fail": true,
              "pending": false,
              "context": null,
              "code": "cy.get('#color-palette').then(function (palette) {\n  cy.get('#clear-board').should('be.belowOf', palette);\n});\ncy.get('#clear-board').then(function (clearBtn) {\n  cy.get('#pixel-board').should('be.belowOf', clearBtn);\n});",
              "err": {
                "message": "CypressError: Timed out retrying: Expected to find element: '#clear-board', but never found it.",
                "estack": "CypressError: Timed out retrying: Expected to find element: '#clear-board', but never found it.\n    at cypressErr (http://localhost:61036/__cypress/runner/cypress_runner.js:149934:9)\n    at throwErr (http://localhost:61036/__cypress/runner/cypress_runner.js:149867:11)\n    at Object.throwErrByPath (http://localhost:61036/__cypress/runner/cypress_runner.js:149915:3)\n    at retry (http://localhost:61036/__cypress/runner/cypress_runner.js:144197:19)\n    at onFailFn (http://localhost:61036/__cypress/runner/cypress_runner.js:132448:16)\n    at tryCatcher (http://localhost:61036/__cypress/runner/cypress_runner.js:167415:23)\n    at Promise._settlePromiseFromHandler (http://localhost:61036/__cypress/runner/cypress_runner.js:165351:31)\n    at Promise._settlePromise (http://localhost:61036/__cypress/runner/cypress_runner.js:165408:18)\n    at Promise._settlePromise0 (http://localhost:61036/__cypress/runner/cypress_runner.js:165453:10)\n    at Promise._settlePromises (http://localhost:61036/__cypress/runner/cypress_runner.js:165528:18)\n    at Async../node_modules/bluebird/js/release/async.js.Async._drainQueue (http://localhost:61036/__cypress/runner/cypress_runner.js:162140:16)\n    at Async../node_modules/bluebird/js/release/async.js.Async._drainQueues (http://localhost:61036/__cypress/runner/cypress_runner.js:162150:10)\n    at Async.drainQueues (http://localhost:61036/__cypress/runner/cypress_runner.js:162024:14)",
                "diff": null
              },
              "uuid": "39056d2f-a64d-4e25-bac6-2e0b1fdc4fb9",
              "parentUUID": "c9ee3a40-d594-4e03-ab53-87bbeeb8492b",
              "isHook": false,
              "skipped": false
            },
            {
              "title": "Verifica se o texto do botão é 'Limpar'",
              "fullTitle": "9 - Crie um botão que, ao ser clicado, limpa o quadro preenchendo a cor de todos seus pixels com branco. Verifica se o texto do botão é 'Limpar'",
              "timedOut": null,
              "duration": 4837,
              "state": "failed",
              "speed": null,
              "pass": false,
              "fail": true,
              "pending": false,
              "context": null,
              "code": "cy.get('#clear-board').should('contain.text', 'Limpar');",
              "err": {
                "message": "CypressError: Timed out retrying: Expected to find element: '#clear-board', but never found it.",
                "estack": "CypressError: Timed out retrying: Expected to find element: '#clear-board', but never found it.\n    at cypressErr (http://localhost:61036/__cypress/runner/cypress_runner.js:149934:9)\n    at throwErr (http://localhost:61036/__cypress/runner/cypress_runner.js:149867:11)\n    at Object.throwErrByPath (http://localhost:61036/__cypress/runner/cypress_runner.js:149915:3)\n    at retry (http://localhost:61036/__cypress/runner/cypress_runner.js:144197:19)\n    at onFailFn (http://localhost:61036/__cypress/runner/cypress_runner.js:132448:16)\n    at tryCatcher (http://localhost:61036/__cypress/runner/cypress_runner.js:167415:23)\n    at Promise._settlePromiseFromHandler (http://localhost:61036/__cypress/runner/cypress_runner.js:165351:31)\n    at Promise._settlePromise (http://localhost:61036/__cypress/runner/cypress_runner.js:165408:18)\n    at Promise._settlePromise0 (http://localhost:61036/__cypress/runner/cypress_runner.js:165453:10)\n    at Promise._settlePromises (http://localhost:61036/__cypress/runner/cypress_runner.js:165528:18)\n    at Async../node_modules/bluebird/js/release/async.js.Async._drainQueue (http://localhost:61036/__cypress/runner/cypress_runner.js:162140:16)\n    at Async../node_modules/bluebird/js/release/async.js.Async._drainQueues (http://localhost:61036/__cypress/runner/cypress_runner.js:162150:10)\n    at Async.drainQueues (http://localhost:61036/__cypress/runner/cypress_runner.js:162024:14)",
                "diff": null
              },
              "uuid": "8bd6a430-ba0c-405b-a621-386a4bafdfab",
              "parentUUID": "c9ee3a40-d594-4e03-ab53-87bbeeb8492b",
              "isHook": false,
              "skipped": false
            },
            {
              "title": "Verifica se ao clicar no botão, o quadro de pixels é totalmente preenchido de branco",
              "fullTitle": "9 - Crie um botão que, ao ser clicado, limpa o quadro preenchendo a cor de todos seus pixels com branco. Verifica se ao clicar no botão, o quadro de pixels é totalmente preenchido de branco",
              "timedOut": null,
              "duration": 5083,
              "state": "failed",
              "speed": null,
              "pass": false,
              "fail": true,
              "pending": false,
              "context": null,
              "code": "cy.get('.color').eq(1).then(function (color) {\n  var backgroundColor = color.css('background-color');\n  cy.wrap(color).click();\n  cy.get('.pixel').each(function (pixel) {\n    cy.wrap(pixel).click().should('have.css', 'background-color', backgroundColor);\n  });\n});\ncy.get('#clear-board').click();\ncy.get('.pixel').each(function (pixel) {\n  cy.wrap(pixel).should('have.css', 'background-color', WHITE);\n});",
              "err": {
                "message": "CypressError: Timed out retrying: expected '<div.pixel>' to have CSS property 'background-color' with the value 'rgb(255, 0, 0)', but the value was 'rgb(255, 255, 255)'",
                "estack": "CypressError: Timed out retrying: expected '<div.pixel>' to have CSS property 'background-color' with the value 'rgb(255, 0, 0)', but the value was 'rgb(255, 255, 255)'\n    at cypressErr (http://localhost:61036/__cypress/runner/cypress_runner.js:149934:9)\n    at throwErr (http://localhost:61036/__cypress/runner/cypress_runner.js:149867:11)\n    at Object.throwErrByPath (http://localhost:61036/__cypress/runner/cypress_runner.js:149915:3)\n    at retry (http://localhost:61036/__cypress/runner/cypress_runner.js:144197:19)\n    at onFailFn (http://localhost:61036/__cypress/runner/cypress_runner.js:132448:16)\n    at tryCatcher (http://localhost:61036/__cypress/runner/cypress_runner.js:167415:23)\n    at Promise._settlePromiseFromHandler (http://localhost:61036/__cypress/runner/cypress_runner.js:165351:31)\n    at Promise._settlePromise (http://localhost:61036/__cypress/runner/cypress_runner.js:165408:18)\n    at Promise._settlePromise0 (http://localhost:61036/__cypress/runner/cypress_runner.js:165453:10)\n    at Promise._settlePromises (http://localhost:61036/__cypress/runner/cypress_runner.js:165528:18)\n    at Async../node_modules/bluebird/js/release/async.js.Async._drainQueue (http://localhost:61036/__cypress/runner/cypress_runner.js:162140:16)\n    at Async../node_modules/bluebird/js/release/async.js.Async._drainQueues (http://localhost:61036/__cypress/runner/cypress_runner.js:162150:10)\n    at Async.drainQueues (http://localhost:61036/__cypress/runner/cypress_runner.js:162024:14)",
                "diff": null
              },
              "uuid": "1715f264-428c-4d25-88b7-49902b7a3e74",
              "parentUUID": "c9ee3a40-d594-4e03-ab53-87bbeeb8492b",
              "isHook": false,
              "skipped": false
            }
          ],
          "suites": [],
          "passes": [],
          "failures": [
            "79240743-d169-4afc-a069-7ed4387497a7",
            "39056d2f-a64d-4e25-bac6-2e0b1fdc4fb9",
            "8bd6a430-ba0c-405b-a621-386a4bafdfab",
            "1715f264-428c-4d25-88b7-49902b7a3e74"
          ],
          "pending": [],
          "skipped": [],
          "duration": 19726,
          "root": false,
          "rootEmpty": false,
          "_timeout": 2000
        },
        {
          "uuid": "759fce9a-9c7f-490d-8171-c65e2e937127",
          "title": "10 - Faça o quadro de pixels ter seu tamanho definido pelo usuário.",
          "fullFile": "",
          "file": "",
          "beforeHooks": [],
          "afterHooks": [],
          "tests": [
            {
              "title": "Verifica se existe um input com o id `board-size`",
              "fullTitle": "10 - Faça o quadro de pixels ter seu tamanho definido pelo usuário. Verifica se existe um input com o id `board-size`",
              "timedOut": null,
              "duration": 4765,
              "state": "failed",
              "speed": null,
              "pass": false,
              "fail": true,
              "pending": false,
              "context": null,
              "code": "cy.get('#board-size').should('be.visible');",
              "err": {
                "message": "CypressError: Timed out retrying: Expected to find element: '#board-size', but never found it.",
                "estack": "CypressError: Timed out retrying: Expected to find element: '#board-size', but never found it.\n    at cypressErr (http://localhost:61036/__cypress/runner/cypress_runner.js:149934:9)\n    at throwErr (http://localhost:61036/__cypress/runner/cypress_runner.js:149867:11)\n    at Object.throwErrByPath (http://localhost:61036/__cypress/runner/cypress_runner.js:149915:3)\n    at retry (http://localhost:61036/__cypress/runner/cypress_runner.js:144197:19)\n    at onFailFn (http://localhost:61036/__cypress/runner/cypress_runner.js:132448:16)\n    at tryCatcher (http://localhost:61036/__cypress/runner/cypress_runner.js:167415:23)\n    at Promise._settlePromiseFromHandler (http://localhost:61036/__cypress/runner/cypress_runner.js:165351:31)\n    at Promise._settlePromise (http://localhost:61036/__cypress/runner/cypress_runner.js:165408:18)\n    at Promise._settlePromise0 (http://localhost:61036/__cypress/runner/cypress_runner.js:165453:10)\n    at Promise._settlePromises (http://localhost:61036/__cypress/runner/cypress_runner.js:165528:18)\n    at Async../node_modules/bluebird/js/release/async.js.Async._drainQueue (http://localhost:61036/__cypress/runner/cypress_runner.js:162140:16)\n    at Async../node_modules/bluebird/js/release/async.js.Async._drainQueues (http://localhost:61036/__cypress/runner/cypress_runner.js:162150:10)\n    at Async.drainQueues (http://localhost:61036/__cypress/runner/cypress_runner.js:162024:14)",
                "diff": null
              },
              "uuid": "6073806f-53c7-4f3b-b9bc-9a124cb88fc8",
              "parentUUID": "759fce9a-9c7f-490d-8171-c65e2e937127",
              "isHook": false,
              "skipped": false
            },
            {
              "title": "Verifica se existe um botão com o id `generate-board`",
              "fullTitle": "10 - Faça o quadro de pixels ter seu tamanho definido pelo usuário. Verifica se existe um botão com o id `generate-board`",
              "timedOut": null,
              "duration": 4916,
              "state": "failed",
              "speed": null,
              "pass": false,
              "fail": true,
              "pending": false,
              "context": null,
              "code": "cy.get('#generate-board').should('be.visible');",
              "err": {
                "message": "CypressError: Timed out retrying: Expected to find element: '#generate-board', but never found it.",
                "estack": "CypressError: Timed out retrying: Expected to find element: '#generate-board', but never found it.\n    at cypressErr (http://localhost:61036/__cypress/runner/cypress_runner.js:149934:9)\n    at throwErr (http://localhost:61036/__cypress/runner/cypress_runner.js:149867:11)\n    at Object.throwErrByPath (http://localhost:61036/__cypress/runner/cypress_runner.js:149915:3)\n    at retry (http://localhost:61036/__cypress/runner/cypress_runner.js:144197:19)\n    at onFailFn (http://localhost:61036/__cypress/runner/cypress_runner.js:132448:16)\n    at tryCatcher (http://localhost:61036/__cypress/runner/cypress_runner.js:167415:23)\n    at Promise._settlePromiseFromHandler (http://localhost:61036/__cypress/runner/cypress_runner.js:165351:31)\n    at Promise._settlePromise (http://localhost:61036/__cypress/runner/cypress_runner.js:165408:18)\n    at Promise._settlePromise0 (http://localhost:61036/__cypress/runner/cypress_runner.js:165453:10)\n    at Promise._settlePromises (http://localhost:61036/__cypress/runner/cypress_runner.js:165528:18)\n    at Async../node_modules/bluebird/js/release/async.js.Async._drainQueue (http://localhost:61036/__cypress/runner/cypress_runner.js:162140:16)\n    at Async../node_modules/bluebird/js/release/async.js.Async._drainQueues (http://localhost:61036/__cypress/runner/cypress_runner.js:162150:10)\n    at Async.drainQueues (http://localhost:61036/__cypress/runner/cypress_runner.js:162024:14)",
                "diff": null
              },
              "uuid": "6de8a7c0-a184-4c99-a05d-235bc7f51873",
              "parentUUID": "759fce9a-9c7f-490d-8171-c65e2e937127",
              "isHook": false,
              "skipped": false
            },
            {
              "title": "Verifica se o input só aceita número maiores que zero. Essa restrição deve ser feita usando os atributos do elemento `input`",
              "fullTitle": "10 - Faça o quadro de pixels ter seu tamanho definido pelo usuário. Verifica se o input só aceita número maiores que zero. Essa restrição deve ser feita usando os atributos do elemento `input`",
              "timedOut": null,
              "duration": 5294,
              "state": "failed",
              "speed": null,
              "pass": false,
              "fail": true,
              "pending": false,
              "context": null,
              "code": "cy.get('#board-size[type=\\'number\\'][min=\\'1\\']');",
              "err": {
                "message": "CypressError: Timed out retrying: Expected to find element: '#board-size[type='number'][min='1']', but never found it.",
                "estack": "CypressError: Timed out retrying: Expected to find element: '#board-size[type='number'][min='1']', but never found it.\n    at cypressErr (http://localhost:61036/__cypress/runner/cypress_runner.js:149934:9)\n    at throwErr (http://localhost:61036/__cypress/runner/cypress_runner.js:149867:11)\n    at Object.throwErrByPath (http://localhost:61036/__cypress/runner/cypress_runner.js:149915:3)\n    at retry (http://localhost:61036/__cypress/runner/cypress_runner.js:144197:19)\n    at onFailFn (http://localhost:61036/__cypress/runner/cypress_runner.js:132448:16)\n    at tryCatcher (http://localhost:61036/__cypress/runner/cypress_runner.js:167415:23)\n    at Promise._settlePromiseFromHandler (http://localhost:61036/__cypress/runner/cypress_runner.js:165351:31)\n    at Promise._settlePromise (http://localhost:61036/__cypress/runner/cypress_runner.js:165408:18)\n    at Promise._settlePromise0 (http://localhost:61036/__cypress/runner/cypress_runner.js:165453:10)\n    at Promise._settlePromises (http://localhost:61036/__cypress/runner/cypress_runner.js:165528:18)\n    at Async../node_modules/bluebird/js/release/async.js.Async._drainQueue (http://localhost:61036/__cypress/runner/cypress_runner.js:162140:16)\n    at Async../node_modules/bluebird/js/release/async.js.Async._drainQueues (http://localhost:61036/__cypress/runner/cypress_runner.js:162150:10)\n    at Async.drainQueues (http://localhost:61036/__cypress/runner/cypress_runner.js:162024:14)",
                "diff": null
              },
              "uuid": "6bbf9ab2-4b95-475f-aaa0-6caf0ba70cff",
              "parentUUID": "759fce9a-9c7f-490d-8171-c65e2e937127",
              "isHook": false,
              "skipped": false
            },
            {
              "title": "Verifica se o botão contém o texto 'VQV'",
              "fullTitle": "10 - Faça o quadro de pixels ter seu tamanho definido pelo usuário. Verifica se o botão contém o texto 'VQV'",
              "timedOut": null,
              "duration": 5448,
              "state": "failed",
              "speed": null,
              "pass": false,
              "fail": true,
              "pending": false,
              "context": null,
              "code": "cy.get('#generate-board').contains(/vqv/i);",
              "err": {
                "message": "CypressError: Timed out retrying: Expected to find element: '#generate-board', but never found it.",
                "estack": "CypressError: Timed out retrying: Expected to find element: '#generate-board', but never found it.\n    at cypressErr (http://localhost:61036/__cypress/runner/cypress_runner.js:149934:9)\n    at throwErr (http://localhost:61036/__cypress/runner/cypress_runner.js:149867:11)\n    at Object.throwErrByPath (http://localhost:61036/__cypress/runner/cypress_runner.js:149915:3)\n    at retry (http://localhost:61036/__cypress/runner/cypress_runner.js:144197:19)\n    at onFailFn (http://localhost:61036/__cypress/runner/cypress_runner.js:132448:16)\n    at tryCatcher (http://localhost:61036/__cypress/runner/cypress_runner.js:167415:23)\n    at Promise._settlePromiseFromHandler (http://localhost:61036/__cypress/runner/cypress_runner.js:165351:31)\n    at Promise._settlePromise (http://localhost:61036/__cypress/runner/cypress_runner.js:165408:18)\n    at Promise._settlePromise0 (http://localhost:61036/__cypress/runner/cypress_runner.js:165453:10)\n    at Promise._settlePromises (http://localhost:61036/__cypress/runner/cypress_runner.js:165528:18)\n    at Async../node_modules/bluebird/js/release/async.js.Async._drainQueue (http://localhost:61036/__cypress/runner/cypress_runner.js:162140:16)\n    at Async../node_modules/bluebird/js/release/async.js.Async._drainQueues (http://localhost:61036/__cypress/runner/cypress_runner.js:162150:10)\n    at Async.drainQueues (http://localhost:61036/__cypress/runner/cypress_runner.js:162024:14)",
                "diff": null
              },
              "uuid": "2c491a13-1217-48d3-b9e8-013aae7f7975",
              "parentUUID": "759fce9a-9c7f-490d-8171-c65e2e937127",
              "isHook": false,
              "skipped": false
            },
            {
              "title": "Verifica se o input está posicionado entre a paleta de cores e o quadro de pixels",
              "fullTitle": "10 - Faça o quadro de pixels ter seu tamanho definido pelo usuário. Verifica se o input está posicionado entre a paleta de cores e o quadro de pixels",
              "timedOut": null,
              "duration": 6052,
              "state": "failed",
              "speed": null,
              "pass": false,
              "fail": true,
              "pending": false,
              "context": null,
              "code": "cy.get('#color-palette').then(function (palette) {\n  cy.get('#board-size').should('be.belowOf', palette);\n});\ncy.get('#board-size').then(function (palette) {\n  cy.get('#pixel-board').should('be.belowOf', palette);\n});",
              "err": {
                "message": "CypressError: Timed out retrying: Expected to find element: '#board-size', but never found it.",
                "estack": "CypressError: Timed out retrying: Expected to find element: '#board-size', but never found it.\n    at cypressErr (http://localhost:61036/__cypress/runner/cypress_runner.js:149934:9)\n    at throwErr (http://localhost:61036/__cypress/runner/cypress_runner.js:149867:11)\n    at Object.throwErrByPath (http://localhost:61036/__cypress/runner/cypress_runner.js:149915:3)\n    at retry (http://localhost:61036/__cypress/runner/cypress_runner.js:144197:19)\n    at onFailFn (http://localhost:61036/__cypress/runner/cypress_runner.js:132448:16)\n    at tryCatcher (http://localhost:61036/__cypress/runner/cypress_runner.js:167415:23)\n    at Promise._settlePromiseFromHandler (http://localhost:61036/__cypress/runner/cypress_runner.js:165351:31)\n    at Promise._settlePromise (http://localhost:61036/__cypress/runner/cypress_runner.js:165408:18)\n    at Promise._settlePromise0 (http://localhost:61036/__cypress/runner/cypress_runner.js:165453:10)\n    at Promise._settlePromises (http://localhost:61036/__cypress/runner/cypress_runner.js:165528:18)\n    at Async../node_modules/bluebird/js/release/async.js.Async._drainQueue (http://localhost:61036/__cypress/runner/cypress_runner.js:162140:16)\n    at Async../node_modules/bluebird/js/release/async.js.Async._drainQueues (http://localhost:61036/__cypress/runner/cypress_runner.js:162150:10)\n    at Async.drainQueues (http://localhost:61036/__cypress/runner/cypress_runner.js:162024:14)",
                "diff": null
              },
              "uuid": "d7581e0b-97dc-4436-9453-1bdc4168b21c",
              "parentUUID": "759fce9a-9c7f-490d-8171-c65e2e937127",
              "isHook": false,
              "skipped": false
            },
            {
              "title": "Verifica se o botão está posicionado ao lado do input",
              "fullTitle": "10 - Faça o quadro de pixels ter seu tamanho definido pelo usuário. Verifica se o botão está posicionado ao lado do input",
              "timedOut": null,
              "duration": 5007,
              "state": "failed",
              "speed": null,
              "pass": false,
              "fail": true,
              "pending": false,
              "context": null,
              "code": "cy.get('#board-size').then(function (board) {\n  cy.get('#generate-board').should('be.onTheRightOf', board);\n});",
              "err": {
                "message": "CypressError: Timed out retrying: Expected to find element: '#board-size', but never found it.",
                "estack": "CypressError: Timed out retrying: Expected to find element: '#board-size', but never found it.\n    at cypressErr (http://localhost:61036/__cypress/runner/cypress_runner.js:149934:9)\n    at throwErr (http://localhost:61036/__cypress/runner/cypress_runner.js:149867:11)\n    at Object.throwErrByPath (http://localhost:61036/__cypress/runner/cypress_runner.js:149915:3)\n    at retry (http://localhost:61036/__cypress/runner/cypress_runner.js:144197:19)\n    at onFailFn (http://localhost:61036/__cypress/runner/cypress_runner.js:132448:16)\n    at tryCatcher (http://localhost:61036/__cypress/runner/cypress_runner.js:167415:23)\n    at Promise._settlePromiseFromHandler (http://localhost:61036/__cypress/runner/cypress_runner.js:165351:31)\n    at Promise._settlePromise (http://localhost:61036/__cypress/runner/cypress_runner.js:165408:18)\n    at Promise._settlePromise0 (http://localhost:61036/__cypress/runner/cypress_runner.js:165453:10)\n    at Promise._settlePromises (http://localhost:61036/__cypress/runner/cypress_runner.js:165528:18)\n    at Async../node_modules/bluebird/js/release/async.js.Async._drainQueue (http://localhost:61036/__cypress/runner/cypress_runner.js:162140:16)\n    at Async../node_modules/bluebird/js/release/async.js.Async._drainQueues (http://localhost:61036/__cypress/runner/cypress_runner.js:162150:10)\n    at Async.drainQueues (http://localhost:61036/__cypress/runner/cypress_runner.js:162024:14)",
                "diff": null
              },
              "uuid": "c26153a7-ee62-4424-8952-6214e2217472",
              "parentUUID": "759fce9a-9c7f-490d-8171-c65e2e937127",
              "isHook": false,
              "skipped": false
            },
            {
              "title": "Verifica se nenhum valor for colocado no input ao clicar no botão, um `alert` é exibido com o texto: 'Board inválido!'",
              "fullTitle": "10 - Faça o quadro de pixels ter seu tamanho definido pelo usuário. Verifica se nenhum valor for colocado no input ao clicar no botão, um `alert` é exibido com o texto: 'Board inválido!'",
              "timedOut": null,
              "duration": 4774,
              "state": "failed",
              "speed": null,
              "pass": false,
              "fail": true,
              "pending": false,
              "context": null,
              "code": "var alerted = false;\ncy.on('window:alert', function (msg) {\n  return alerted = msg;\n});\ncy.get('#generate-board').click().then(function () {\n  return expect(alerted).to.match(/Board inválido!/i);\n});",
              "err": {
                "message": "CypressError: Timed out retrying: Expected to find element: '#generate-board', but never found it.",
                "estack": "CypressError: Timed out retrying: Expected to find element: '#generate-board', but never found it.\n    at cypressErr (http://localhost:61036/__cypress/runner/cypress_runner.js:149934:9)\n    at throwErr (http://localhost:61036/__cypress/runner/cypress_runner.js:149867:11)\n    at Object.throwErrByPath (http://localhost:61036/__cypress/runner/cypress_runner.js:149915:3)\n    at retry (http://localhost:61036/__cypress/runner/cypress_runner.js:144197:19)\n    at onFailFn (http://localhost:61036/__cypress/runner/cypress_runner.js:132448:16)\n    at tryCatcher (http://localhost:61036/__cypress/runner/cypress_runner.js:167415:23)\n    at Promise._settlePromiseFromHandler (http://localhost:61036/__cypress/runner/cypress_runner.js:165351:31)\n    at Promise._settlePromise (http://localhost:61036/__cypress/runner/cypress_runner.js:165408:18)\n    at Promise._settlePromise0 (http://localhost:61036/__cypress/runner/cypress_runner.js:165453:10)\n    at Promise._settlePromises (http://localhost:61036/__cypress/runner/cypress_runner.js:165528:18)\n    at Async../node_modules/bluebird/js/release/async.js.Async._drainQueue (http://localhost:61036/__cypress/runner/cypress_runner.js:162140:16)\n    at Async../node_modules/bluebird/js/release/async.js.Async._drainQueues (http://localhost:61036/__cypress/runner/cypress_runner.js:162150:10)\n    at Async.drainQueues (http://localhost:61036/__cypress/runner/cypress_runner.js:162024:14)",
                "diff": null
              },
              "uuid": "e26de512-b79d-42f5-97c2-b25a2737a622",
              "parentUUID": "759fce9a-9c7f-490d-8171-c65e2e937127",
              "isHook": false,
              "skipped": false
            },
            {
              "title": "Verifica se ao clicar no botão com um valor preenchido, o tamanho do board muda.",
              "fullTitle": "10 - Faça o quadro de pixels ter seu tamanho definido pelo usuário. Verifica se ao clicar no botão com um valor preenchido, o tamanho do board muda.",
              "timedOut": null,
              "duration": 4954,
              "state": "failed",
              "speed": null,
              "pass": false,
              "fail": true,
              "pending": false,
              "context": null,
              "code": "cy.get('#board-size').clear().type(10);\ncy.get('#generate-board').click();\ncy.get('.pixel').should('have.length', 100);",
              "err": {
                "message": "CypressError: Timed out retrying: Expected to find element: '#board-size', but never found it.",
                "estack": "CypressError: Timed out retrying: Expected to find element: '#board-size', but never found it.\n    at cypressErr (http://localhost:61036/__cypress/runner/cypress_runner.js:149934:9)\n    at throwErr (http://localhost:61036/__cypress/runner/cypress_runner.js:149867:11)\n    at Object.throwErrByPath (http://localhost:61036/__cypress/runner/cypress_runner.js:149915:3)\n    at retry (http://localhost:61036/__cypress/runner/cypress_runner.js:144197:19)\n    at onFailFn (http://localhost:61036/__cypress/runner/cypress_runner.js:132448:16)\n    at tryCatcher (http://localhost:61036/__cypress/runner/cypress_runner.js:167415:23)\n    at Promise._settlePromiseFromHandler (http://localhost:61036/__cypress/runner/cypress_runner.js:165351:31)\n    at Promise._settlePromise (http://localhost:61036/__cypress/runner/cypress_runner.js:165408:18)\n    at Promise._settlePromise0 (http://localhost:61036/__cypress/runner/cypress_runner.js:165453:10)\n    at Promise._settlePromises (http://localhost:61036/__cypress/runner/cypress_runner.js:165528:18)\n    at Async../node_modules/bluebird/js/release/async.js.Async._drainQueue (http://localhost:61036/__cypress/runner/cypress_runner.js:162140:16)\n    at Async../node_modules/bluebird/js/release/async.js.Async._drainQueues (http://localhost:61036/__cypress/runner/cypress_runner.js:162150:10)\n    at Async.drainQueues (http://localhost:61036/__cypress/runner/cypress_runner.js:162024:14)",
                "diff": null
              },
              "uuid": "872cb919-e2eb-4282-940f-7e45a3996f80",
              "parentUUID": "759fce9a-9c7f-490d-8171-c65e2e937127",
              "isHook": false,
              "skipped": false
            },
            {
              "title": "Verifica se o novo quadro tem todos os pixels preenchidos com a cor branca",
              "fullTitle": "10 - Faça o quadro de pixels ter seu tamanho definido pelo usuário. Verifica se o novo quadro tem todos os pixels preenchidos com a cor branca",
              "timedOut": null,
              "duration": 4844,
              "state": "failed",
              "speed": null,
              "pass": false,
              "fail": true,
              "pending": false,
              "context": null,
              "code": "cy.get('#board-size').clear().type(6);\ncy.get('#generate-board').click();\ncy.get('.pixel').should('have.length', 36).each(function (pixel) {\n  expect(pixel).to.have.css('background-color', WHITE);\n});",
              "err": {
                "message": "CypressError: Timed out retrying: Expected to find element: '#board-size', but never found it.",
                "estack": "CypressError: Timed out retrying: Expected to find element: '#board-size', but never found it.\n    at cypressErr (http://localhost:61036/__cypress/runner/cypress_runner.js:149934:9)\n    at throwErr (http://localhost:61036/__cypress/runner/cypress_runner.js:149867:11)\n    at Object.throwErrByPath (http://localhost:61036/__cypress/runner/cypress_runner.js:149915:3)\n    at retry (http://localhost:61036/__cypress/runner/cypress_runner.js:144197:19)\n    at onFailFn (http://localhost:61036/__cypress/runner/cypress_runner.js:132448:16)\n    at tryCatcher (http://localhost:61036/__cypress/runner/cypress_runner.js:167415:23)\n    at Promise._settlePromiseFromHandler (http://localhost:61036/__cypress/runner/cypress_runner.js:165351:31)\n    at Promise._settlePromise (http://localhost:61036/__cypress/runner/cypress_runner.js:165408:18)\n    at Promise._settlePromise0 (http://localhost:61036/__cypress/runner/cypress_runner.js:165453:10)\n    at Promise._settlePromises (http://localhost:61036/__cypress/runner/cypress_runner.js:165528:18)\n    at Async../node_modules/bluebird/js/release/async.js.Async._drainQueue (http://localhost:61036/__cypress/runner/cypress_runner.js:162140:16)\n    at Async../node_modules/bluebird/js/release/async.js.Async._drainQueues (http://localhost:61036/__cypress/runner/cypress_runner.js:162150:10)\n    at Async.drainQueues (http://localhost:61036/__cypress/runner/cypress_runner.js:162024:14)",
                "diff": null
              },
              "uuid": "36fb0720-7359-4dd0-a227-9497dc1ee12f",
              "parentUUID": "759fce9a-9c7f-490d-8171-c65e2e937127",
              "isHook": false,
              "skipped": false
            }
          ],
          "suites": [],
          "passes": [],
          "failures": [
            "6073806f-53c7-4f3b-b9bc-9a124cb88fc8",
            "6de8a7c0-a184-4c99-a05d-235bc7f51873",
            "6bbf9ab2-4b95-475f-aaa0-6caf0ba70cff",
            "2c491a13-1217-48d3-b9e8-013aae7f7975",
            "d7581e0b-97dc-4436-9453-1bdc4168b21c",
            "c26153a7-ee62-4424-8952-6214e2217472",
            "e26de512-b79d-42f5-97c2-b25a2737a622",
            "872cb919-e2eb-4282-940f-7e45a3996f80",
            "36fb0720-7359-4dd0-a227-9497dc1ee12f"
          ],
          "pending": [],
          "skipped": [],
          "duration": 46054,
          "root": false,
          "rootEmpty": false,
          "_timeout": 2000
        },
        {
          "uuid": "c9619780-340f-4ced-a79c-541caf7e520c",
          "title": "11 - Limite o tamanho mínimo e máximo do board.",
          "fullFile": "",
          "file": "",
          "beforeHooks": [],
          "afterHooks": [],
          "tests": [
            {
              "title": "Verifica se a altura máxima do board é 50",
              "fullTitle": "11 - Limite o tamanho mínimo e máximo do board. Verifica se a altura máxima do board é 50",
              "timedOut": null,
              "duration": 4746,
              "state": "failed",
              "speed": null,
              "pass": false,
              "fail": true,
              "pending": false,
              "context": null,
              "code": "cy.get('#board-size').clear().type(50);\ncy.get('#generate-board').click();\ncy.get('.pixel').should('have.length', 2500);",
              "err": {
                "message": "CypressError: Timed out retrying: Expected to find element: '#board-size', but never found it.",
                "estack": "CypressError: Timed out retrying: Expected to find element: '#board-size', but never found it.\n    at cypressErr (http://localhost:61036/__cypress/runner/cypress_runner.js:149934:9)\n    at throwErr (http://localhost:61036/__cypress/runner/cypress_runner.js:149867:11)\n    at Object.throwErrByPath (http://localhost:61036/__cypress/runner/cypress_runner.js:149915:3)\n    at retry (http://localhost:61036/__cypress/runner/cypress_runner.js:144197:19)\n    at onFailFn (http://localhost:61036/__cypress/runner/cypress_runner.js:132448:16)\n    at tryCatcher (http://localhost:61036/__cypress/runner/cypress_runner.js:167415:23)\n    at Promise._settlePromiseFromHandler (http://localhost:61036/__cypress/runner/cypress_runner.js:165351:31)\n    at Promise._settlePromise (http://localhost:61036/__cypress/runner/cypress_runner.js:165408:18)\n    at Promise._settlePromise0 (http://localhost:61036/__cypress/runner/cypress_runner.js:165453:10)\n    at Promise._settlePromises (http://localhost:61036/__cypress/runner/cypress_runner.js:165528:18)\n    at Async../node_modules/bluebird/js/release/async.js.Async._drainQueue (http://localhost:61036/__cypress/runner/cypress_runner.js:162140:16)\n    at Async../node_modules/bluebird/js/release/async.js.Async._drainQueues (http://localhost:61036/__cypress/runner/cypress_runner.js:162150:10)\n    at Async.drainQueues (http://localhost:61036/__cypress/runner/cypress_runner.js:162024:14)",
                "diff": null
              },
              "uuid": "4d60b594-bdbd-483a-8644-4a31eaa68fc7",
              "parentUUID": "c9619780-340f-4ced-a79c-541caf7e520c",
              "isHook": false,
              "skipped": false
            },
            {
              "title": "Verifica se a altura do board é 5 quando um valor menor é colocado no input",
              "fullTitle": "11 - Limite o tamanho mínimo e máximo do board. Verifica se a altura do board é 5 quando um valor menor é colocado no input",
              "timedOut": null,
              "duration": 5041,
              "state": "failed",
              "speed": null,
              "pass": false,
              "fail": true,
              "pending": false,
              "context": null,
              "code": "cy.get('#board-size').clear().type(4);\ncy.get('#generate-board').click();\ncy.get('.pixel').should('have.length', 25);",
              "err": {
                "message": "CypressError: Timed out retrying: Expected to find element: '#board-size', but never found it.",
                "estack": "CypressError: Timed out retrying: Expected to find element: '#board-size', but never found it.\n    at cypressErr (http://localhost:61036/__cypress/runner/cypress_runner.js:149934:9)\n    at throwErr (http://localhost:61036/__cypress/runner/cypress_runner.js:149867:11)\n    at Object.throwErrByPath (http://localhost:61036/__cypress/runner/cypress_runner.js:149915:3)\n    at retry (http://localhost:61036/__cypress/runner/cypress_runner.js:144197:19)\n    at onFailFn (http://localhost:61036/__cypress/runner/cypress_runner.js:132448:16)\n    at tryCatcher (http://localhost:61036/__cypress/runner/cypress_runner.js:167415:23)\n    at Promise._settlePromiseFromHandler (http://localhost:61036/__cypress/runner/cypress_runner.js:165351:31)\n    at Promise._settlePromise (http://localhost:61036/__cypress/runner/cypress_runner.js:165408:18)\n    at Promise._settlePromise0 (http://localhost:61036/__cypress/runner/cypress_runner.js:165453:10)\n    at Promise._settlePromises (http://localhost:61036/__cypress/runner/cypress_runner.js:165528:18)\n    at Async../node_modules/bluebird/js/release/async.js.Async._drainQueue (http://localhost:61036/__cypress/runner/cypress_runner.js:162140:16)\n    at Async../node_modules/bluebird/js/release/async.js.Async._drainQueues (http://localhost:61036/__cypress/runner/cypress_runner.js:162150:10)\n    at Async.drainQueues (http://localhost:61036/__cypress/runner/cypress_runner.js:162024:14)",
                "diff": null
              },
              "uuid": "fffd56cc-7e60-413b-91c8-b4a1cfc800a4",
              "parentUUID": "c9619780-340f-4ced-a79c-541caf7e520c",
              "isHook": false,
              "skipped": false
            },
            {
              "title": "Verifica se a altura do board é 50 quando um valor maior é colocado no input",
              "fullTitle": "11 - Limite o tamanho mínimo e máximo do board. Verifica se a altura do board é 50 quando um valor maior é colocado no input",
              "timedOut": null,
              "duration": 5213,
              "state": "failed",
              "speed": null,
              "pass": false,
              "fail": true,
              "pending": false,
              "context": null,
              "code": "cy.get('#board-size').clear().type(51);\ncy.get('#generate-board').click();\ncy.get('.pixel').should('have.length', 2500);",
              "err": {
                "message": "CypressError: Timed out retrying: Expected to find element: '#board-size', but never found it.",
                "estack": "CypressError: Timed out retrying: Expected to find element: '#board-size', but never found it.\n    at cypressErr (http://localhost:61036/__cypress/runner/cypress_runner.js:149934:9)\n    at throwErr (http://localhost:61036/__cypress/runner/cypress_runner.js:149867:11)\n    at Object.throwErrByPath (http://localhost:61036/__cypress/runner/cypress_runner.js:149915:3)\n    at retry (http://localhost:61036/__cypress/runner/cypress_runner.js:144197:19)\n    at onFailFn (http://localhost:61036/__cypress/runner/cypress_runner.js:132448:16)\n    at tryCatcher (http://localhost:61036/__cypress/runner/cypress_runner.js:167415:23)\n    at Promise._settlePromiseFromHandler (http://localhost:61036/__cypress/runner/cypress_runner.js:165351:31)\n    at Promise._settlePromise (http://localhost:61036/__cypress/runner/cypress_runner.js:165408:18)\n    at Promise._settlePromise0 (http://localhost:61036/__cypress/runner/cypress_runner.js:165453:10)\n    at Promise._settlePromises (http://localhost:61036/__cypress/runner/cypress_runner.js:165528:18)\n    at Async../node_modules/bluebird/js/release/async.js.Async._drainQueue (http://localhost:61036/__cypress/runner/cypress_runner.js:162140:16)\n    at Async../node_modules/bluebird/js/release/async.js.Async._drainQueues (http://localhost:61036/__cypress/runner/cypress_runner.js:162150:10)\n    at Async.drainQueues (http://localhost:61036/__cypress/runner/cypress_runner.js:162024:14)",
                "diff": null
              },
              "uuid": "02c195f1-4563-4d52-a7e5-65c9d6c3ef46",
              "parentUUID": "c9619780-340f-4ced-a79c-541caf7e520c",
              "isHook": false,
              "skipped": false
            }
          ],
          "suites": [],
          "passes": [],
          "failures": [
            "4d60b594-bdbd-483a-8644-4a31eaa68fc7",
            "fffd56cc-7e60-413b-91c8-b4a1cfc800a4",
            "02c195f1-4563-4d52-a7e5-65c9d6c3ef46"
          ],
          "pending": [],
          "skipped": [],
          "duration": 15000,
          "root": false,
          "rootEmpty": false,
          "_timeout": 2000
        },
        {
          "uuid": "2a447717-19c6-40ec-9727-f4cff39fac55",
          "title": "12 - Faça com que as cores da paleta sejam geradas aleatoriamente ao carregar a página.",
          "fullFile": "",
          "file": "",
          "beforeHooks": [],
          "afterHooks": [],
          "tests": [
            {
              "title": "Verifica se as cores geradas na paleta são diferentes a cada carregamento da página",
              "fullTitle": "12 - Faça com que as cores da paleta sejam geradas aleatoriamente ao carregar a página. Verifica se as cores geradas na paleta são diferentes a cada carregamento da página",
              "timedOut": null,
              "duration": 1035,
              "state": "failed",
              "speed": null,
              "pass": false,
              "fail": true,
              "pending": false,
              "context": null,
              "code": "cy.get('.color').then(function (colors) {\n  var currentColors;\n  var previousColors;\n  previousColors = Array.from(colors).map(function (color) {\n    return Cypress.$(color).css('background-color');\n  });\n  for (var i = 0; i < 5; i += 1) {\n    cy.reload();\n    cy.get('.color').then(function (colors) {\n      currentColors = Array.from(colors).map(function (color) {\n        return Cypress.$(color).css('background-color');\n      });\n      expect(currentColors).not.to.deep.equal(previousColors);\n      previousColors = currentColors;\n    });\n  }\n});",
              "err": {
                "message": "AssertionError: expected [ Array(4) ] to not deeply equal [ Array(4) ]",
                "estack": "AssertionError: expected [ Array(4) ] to not deeply equal [ Array(4) ]\n    at getRet (http://localhost:61036/__cypress/runner/cypress_runner.js:136585:16)\n    at tryCatcher (http://localhost:61036/__cypress/runner/cypress_runner.js:167415:23)\n    at Function.Promise.attempt.Promise.try (http://localhost:61036/__cypress/runner/cypress_runner.js:164690:29)\n    at Context.thenFn (http://localhost:61036/__cypress/runner/cypress_runner.js:136599:23)\n    at Context.then (http://localhost:61036/__cypress/runner/cypress_runner.js:136971:21)\n    at Context.<anonymous> (http://localhost:61036/__cypress/runner/cypress_runner.js:148875:21)\n    at http://localhost:61036/__cypress/runner/cypress_runner.js:148351:33\n    at tryCatcher (http://localhost:61036/__cypress/runner/cypress_runner.js:167415:23)\n    at Promise._settlePromiseFromHandler (http://localhost:61036/__cypress/runner/cypress_runner.js:165351:31)\n    at Promise._settlePromise (http://localhost:61036/__cypress/runner/cypress_runner.js:165408:18)\n    at Promise._settlePromiseCtx (http://localhost:61036/__cypress/runner/cypress_runner.js:165445:10)\n    at Async../node_modules/bluebird/js/release/async.js.Async._drainQueue (http://localhost:61036/__cypress/runner/cypress_runner.js:162145:12)\n    at Async../node_modules/bluebird/js/release/async.js.Async._drainQueues (http://localhost:61036/__cypress/runner/cypress_runner.js:162150:10)\n    at Async.drainQueues (http://localhost:61036/__cypress/runner/cypress_runner.js:162024:14)",
                "diff": ""
              },
              "uuid": "7c5b5e7f-2526-4ec3-aa71-e95b7d288454",
              "parentUUID": "2a447717-19c6-40ec-9727-f4cff39fac55",
              "isHook": false,
              "skipped": false
            },
            {
              "title": "Verifica se a cor preta ainda está presente e é a primeira na sua paleta de cores",
              "fullTitle": "12 - Faça com que as cores da paleta sejam geradas aleatoriamente ao carregar a página. Verifica se a cor preta ainda está presente e é a primeira na sua paleta de cores",
              "timedOut": null,
              "duration": 1191,
              "state": "failed",
              "speed": null,
              "pass": false,
              "fail": true,
              "pending": false,
              "context": null,
              "code": "cy.get('.color').then(function (colors) {\n  var currentColors;\n  var previousColors;\n  previousColors = Array.from(colors).map(function (color) {\n    return Cypress.$(color).css('background-color');\n  });\n  expect(previousColors[0]).to.eq(BLACK);\n  for (var i = 0; i < 5; i += 1) {\n    cy.reload();\n    cy.get('.color').then(function (colors) {\n      currentColors = Array.from(colors).map(function (color) {\n        return Cypress.$(color).css('background-color');\n      });\n      expect(currentColors[0]).to.eq(BLACK);\n      expect(currentColors).not.to.deep.equal(previousColors);\n      previousColors = currentColors;\n    });\n  }\n});",
              "err": {
                "message": "AssertionError: expected [ Array(4) ] to not deeply equal [ Array(4) ]",
                "estack": "AssertionError: expected [ Array(4) ] to not deeply equal [ Array(4) ]\n    at getRet (http://localhost:61036/__cypress/runner/cypress_runner.js:136585:16)\n    at tryCatcher (http://localhost:61036/__cypress/runner/cypress_runner.js:167415:23)\n    at Function.Promise.attempt.Promise.try (http://localhost:61036/__cypress/runner/cypress_runner.js:164690:29)\n    at Context.thenFn (http://localhost:61036/__cypress/runner/cypress_runner.js:136599:23)\n    at Context.then (http://localhost:61036/__cypress/runner/cypress_runner.js:136971:21)\n    at Context.<anonymous> (http://localhost:61036/__cypress/runner/cypress_runner.js:148875:21)\n    at http://localhost:61036/__cypress/runner/cypress_runner.js:148351:33\n    at tryCatcher (http://localhost:61036/__cypress/runner/cypress_runner.js:167415:23)\n    at Promise._settlePromiseFromHandler (http://localhost:61036/__cypress/runner/cypress_runner.js:165351:31)\n    at Promise._settlePromise (http://localhost:61036/__cypress/runner/cypress_runner.js:165408:18)\n    at Promise._settlePromiseCtx (http://localhost:61036/__cypress/runner/cypress_runner.js:165445:10)\n    at Async../node_modules/bluebird/js/release/async.js.Async._drainQueue (http://localhost:61036/__cypress/runner/cypress_runner.js:162145:12)\n    at Async../node_modules/bluebird/js/release/async.js.Async._drainQueues (http://localhost:61036/__cypress/runner/cypress_runner.js:162150:10)\n    at Async.drainQueues (http://localhost:61036/__cypress/runner/cypress_runner.js:162024:14)",
                "diff": ""
              },
              "uuid": "cc0beac7-7aa9-421b-a865-8ae75f449b30",
              "parentUUID": "2a447717-19c6-40ec-9727-f4cff39fac55",
              "isHook": false,
              "skipped": false
            }
          ],
          "suites": [],
          "passes": [],
          "failures": [
            "7c5b5e7f-2526-4ec3-aa71-e95b7d288454",
            "cc0beac7-7aa9-421b-a865-8ae75f449b30"
          ],
          "pending": [],
          "skipped": [],
          "duration": 2226,
          "root": false,
          "rootEmpty": false,
          "_timeout": 2000
        }
      ],
      "passes": [],
      "failures": [],
      "pending": [],
      "skipped": [],
      "duration": 0,
      "root": true,
      "rootEmpty": true,
      "_timeout": 2000
    }
  ],
  "meta": {
    "mocha": {
      "version": "7.0.1"
    },
    "mochawesome": {
      "options": {
        "quiet": false,
        "reportFilename": "mochawesome",
        "saveHtml": false,
        "saveJson": true,
        "consoleReporter": "spec",
        "useInlineDiffs": false
      },
      "version": "4.1.0"
    },
    "marge": {
      "options": {
        "id": "default",
        "reportDir": "cypress/reports",
        "overwrite": true,
        "html": false,
        "json": true
      },
      "version": "4.1.0"
    }
  }
}