{
  "stats": {
    "suites": 12,
    "tests": 41,
    "passes": 26,
    "pending": 0,
    "failures": 15,
    "start": "2021-08-23T23:45:13.832Z",
    "end": "2021-08-23T23:47:04.253Z",
    "duration": 110421,
    "testsRegistered": 41,
    "passPercent": 63.41463414634146,
    "pendingPercent": 0,
    "other": 0,
    "hasOther": false,
    "skipped": 0,
    "hasSkipped": false
  },
  "results": [
    {
      "uuid": "0eb59a56-946b-4eaa-8c42-eb9108b32c95",
      "title": "",
      "fullFile": "cypress/integration/project.spec.js",
      "file": "cypress/integration/project.spec.js",
      "beforeHooks": [],
      "afterHooks": [],
      "tests": [],
      "suites": [
        {
          "uuid": "4c340a14-902d-4589-8836-ac0f3ea45ce1",
          "title": "1 - Adicione à página o título \"Paleta de Cores\".",
          "fullFile": "",
          "file": "",
          "beforeHooks": [],
          "afterHooks": [],
          "tests": [
            {
              "title": "Verifica se contém um elemento `h1` com o id `title` com o título correto",
              "fullTitle": "1 - Adicione à página o título \"Paleta de Cores\". Verifica se contém um elemento `h1` com o id `title` com o título correto",
              "timedOut": null,
              "duration": 489,
              "state": "passed",
              "speed": "slow",
              "pass": true,
              "fail": false,
              "pending": false,
              "context": null,
              "code": "cy.get('h1#title').should('contain.text', 'Paleta de Cores');",
              "err": {},
              "uuid": "1c5be895-a219-4590-b9f5-a86de47cd91d",
              "parentUUID": "4c340a14-902d-4589-8836-ac0f3ea45ce1",
              "isHook": false,
              "skipped": false
            }
          ],
          "suites": [],
          "passes": [
            "1c5be895-a219-4590-b9f5-a86de47cd91d"
          ],
          "failures": [],
          "pending": [],
          "skipped": [],
          "duration": 489,
          "root": false,
          "rootEmpty": false,
          "_timeout": 2000
        },
        {
          "uuid": "4fe7a175-7cc3-4f84-8f5d-36422d90c1bc",
          "title": "2 - Adicione à página uma paleta de quatro cores distintas.",
          "fullFile": "",
          "file": "",
          "beforeHooks": [],
          "afterHooks": [],
          "tests": [
            {
              "title": "A paleta de cores deve ser um elemento com `id` denominado `color-palette`",
              "fullTitle": "2 - Adicione à página uma paleta de quatro cores distintas. A paleta de cores deve ser um elemento com `id` denominado `color-palette`",
              "timedOut": null,
              "duration": 200,
              "state": "passed",
              "speed": "slow",
              "pass": true,
              "fail": false,
              "pending": false,
              "context": null,
              "code": "cy.get('#color-palette').should('be.visible');",
              "err": {},
              "uuid": "37cf9439-33e4-4c91-9a88-1fe4d9d9dff9",
              "parentUUID": "4fe7a175-7cc3-4f84-8f5d-36422d90c1bc",
              "isHook": false,
              "skipped": false
            },
            {
              "title": "Verifica se cada cor individual da paleta de cores possui a `classe` chamada `color`.",
              "fullTitle": "2 - Adicione à página uma paleta de quatro cores distintas. Verifica se cada cor individual da paleta de cores possui a `classe` chamada `color`.",
              "timedOut": null,
              "duration": 444,
              "state": "passed",
              "speed": "slow",
              "pass": true,
              "fail": false,
              "pending": false,
              "context": null,
              "code": "cy.get('.color').should('have.length', 4).then(function (colors) {\n  for (var i = 0; i < colors.length; i++) {\n    cy.wrap(colors[i]).should('be.visible');\n  }\n});",
              "err": {},
              "uuid": "838cd0af-38b8-40c4-af75-c8dcebcb6c15",
              "parentUUID": "4fe7a175-7cc3-4f84-8f5d-36422d90c1bc",
              "isHook": false,
              "skipped": false
            },
            {
              "title": "Verifica se a cor de fundo de cada elemento da paleta é a cor que o elemento representa. **A única cor não permitida na paleta é a cor branca.**",
              "fullTitle": "2 - Adicione à página uma paleta de quatro cores distintas. Verifica se a cor de fundo de cada elemento da paleta é a cor que o elemento representa. **A única cor não permitida na paleta é a cor branca.**",
              "timedOut": null,
              "duration": 357,
              "state": "passed",
              "speed": "slow",
              "pass": true,
              "fail": false,
              "pending": false,
              "context": null,
              "code": "cy.get('.color').each(function (color) {\n  cy.wrap(color).should('have.class', 'color').and('not.have.css', 'background-color', WHITE);\n  cy.wrap(color).should('have.css', 'background-color');\n});",
              "err": {},
              "uuid": "53f8a46f-564a-4ba1-b8be-af8fa1f4ad87",
              "parentUUID": "4fe7a175-7cc3-4f84-8f5d-36422d90c1bc",
              "isHook": false,
              "skipped": false
            },
            {
              "title": "Verifica se cada elemento da paleta de cores tem uma borda preta, sólida e com 1 pixel de largura;",
              "fullTitle": "2 - Adicione à página uma paleta de quatro cores distintas. Verifica se cada elemento da paleta de cores tem uma borda preta, sólida e com 1 pixel de largura;",
              "timedOut": null,
              "duration": 391,
              "state": "passed",
              "speed": "slow",
              "pass": true,
              "fail": false,
              "pending": false,
              "context": null,
              "code": "cy.get('.color').each(function (color) {\n  cy.wrap(color).and('have.css', 'border', \"1px solid \".concat(BLACK)).and('have.class', 'color');\n});",
              "err": {},
              "uuid": "1c09deda-386d-4e46-9a85-8bf5b30920f8",
              "parentUUID": "4fe7a175-7cc3-4f84-8f5d-36422d90c1bc",
              "isHook": false,
              "skipped": false
            },
            {
              "title": "Verifica se a paleta lista todas as cores disponíveis para utilização, lado a lado.",
              "fullTitle": "2 - Adicione à página uma paleta de quatro cores distintas. Verifica se a paleta lista todas as cores disponíveis para utilização, lado a lado.",
              "timedOut": null,
              "duration": 329,
              "state": "passed",
              "speed": "slow",
              "pass": true,
              "fail": false,
              "pending": false,
              "context": null,
              "code": "cy.get('.color').then(function (colors) {\n  for (var index = 1; index < colors.length; index += 1) {\n    var currentColor = colors[index];\n    var previousColor = colors[index - 1];\n    cy.wrap(currentColor).should('be.onTheRightOf', previousColor).and('be.horizontallyAlignedWith', previousColor);\n  }\n});",
              "err": {},
              "uuid": "96ded7ac-03a8-44b4-9e0c-914e408a4efe",
              "parentUUID": "4fe7a175-7cc3-4f84-8f5d-36422d90c1bc",
              "isHook": false,
              "skipped": false
            },
            {
              "title": "Verifica se a paleta de cores está posicionada abaixo do título 'Paleta de Cores'",
              "fullTitle": "2 - Adicione à página uma paleta de quatro cores distintas. Verifica se a paleta de cores está posicionada abaixo do título 'Paleta de Cores'",
              "timedOut": null,
              "duration": 460,
              "state": "passed",
              "speed": "slow",
              "pass": true,
              "fail": false,
              "pending": false,
              "context": null,
              "code": "cy.get('h1#title').then(function (title) {\n  cy.get('#color-palette').should('be.belowOf', title);\n});",
              "err": {},
              "uuid": "a3618e85-b33c-48ad-8dab-10e12209aae5",
              "parentUUID": "4fe7a175-7cc3-4f84-8f5d-36422d90c1bc",
              "isHook": false,
              "skipped": false
            },
            {
              "title": "Verifica se a paleta de cores não contém cores repetidas.",
              "fullTitle": "2 - Adicione à página uma paleta de quatro cores distintas. Verifica se a paleta de cores não contém cores repetidas.",
              "timedOut": null,
              "duration": 357,
              "state": "passed",
              "speed": "slow",
              "pass": true,
              "fail": false,
              "pending": false,
              "context": null,
              "code": "cy.get('.color').then(function (colors) {\n  var allColors = Array.from(colors).map(function (color) {\n    return Cypress.$(color).css('background-color');\n  });\n  cy.log(allColors);\n  var uniqColors = (0, _toConsumableArray2[\"default\"])(new Set(allColors));\n  cy.log(uniqColors);\n  expect(allColors.length).to.eq(uniqColors.length);\n});",
              "err": {},
              "uuid": "e814a537-41a6-4b9c-a229-e154492ca50d",
              "parentUUID": "4fe7a175-7cc3-4f84-8f5d-36422d90c1bc",
              "isHook": false,
              "skipped": false
            }
          ],
          "suites": [],
          "passes": [
            "37cf9439-33e4-4c91-9a88-1fe4d9d9dff9",
            "838cd0af-38b8-40c4-af75-c8dcebcb6c15",
            "53f8a46f-564a-4ba1-b8be-af8fa1f4ad87",
            "1c09deda-386d-4e46-9a85-8bf5b30920f8",
            "96ded7ac-03a8-44b4-9e0c-914e408a4efe",
            "a3618e85-b33c-48ad-8dab-10e12209aae5",
            "e814a537-41a6-4b9c-a229-e154492ca50d"
          ],
          "failures": [],
          "pending": [],
          "skipped": [],
          "duration": 2538,
          "root": false,
          "rootEmpty": false,
          "_timeout": 2000
        },
        {
          "uuid": "8cfa277f-e55d-4a20-8f1f-3ac40d1652a0",
          "title": "3 - Adicione a cor **preta** como a primeira cor da paleta de cores.",
          "fullFile": "",
          "file": "",
          "beforeHooks": [],
          "afterHooks": [],
          "tests": [
            {
              "title": "Verifica se a primeira cor da paleta é preta",
              "fullTitle": "3 - Adicione a cor **preta** como a primeira cor da paleta de cores. Verifica se a primeira cor da paleta é preta",
              "timedOut": null,
              "duration": 366,
              "state": "passed",
              "speed": "slow",
              "pass": true,
              "fail": false,
              "pending": false,
              "context": null,
              "code": "cy.get('.color').first().should('have.css', 'background-color', BLACK);",
              "err": {},
              "uuid": "60e066a4-e38c-41d6-a386-b2fa09c80e26",
              "parentUUID": "8cfa277f-e55d-4a20-8f1f-3ac40d1652a0",
              "isHook": false,
              "skipped": false
            },
            {
              "title": "Verifica se as demais cores podem ser escolhidas livremente.",
              "fullTitle": "3 - Adicione a cor **preta** como a primeira cor da paleta de cores. Verifica se as demais cores podem ser escolhidas livremente.",
              "timedOut": null,
              "duration": 570,
              "state": "passed",
              "speed": "slow",
              "pass": true,
              "fail": false,
              "pending": false,
              "context": null,
              "code": "cy.get('.color').eq(1).should('not.have.css', 'background-color', BLACK);\ncy.get('.color').eq(1).should('not.have.css', 'background-color', WHITE);\ncy.get('.color').eq(1).should('not.have.css', 'background-color', 'rgba(0, 0, 0, 0)');\ncy.get('.color').eq(1).should('have.css', 'background-color');\ncy.get('.color').eq(2).should('not.have.css', 'background-color', BLACK);\ncy.get('.color').eq(2).should('not.have.css', 'background-color', WHITE);\ncy.get('.color').eq(2).should('not.have.css', 'background-color', 'rgba(0, 0, 0, 0)');\ncy.get('.color').eq(2).should('have.css', 'background-color');\ncy.get('.color').eq(3).should('not.have.css', 'background-color', BLACK);\ncy.get('.color').eq(3).should('not.have.css', 'background-color', WHITE);\ncy.get('.color').eq(3).should('not.have.css', 'background-color', 'rgba(0, 0, 0, 0)');\ncy.get('.color').eq(3).should('have.css', 'background-color');",
              "err": {},
              "uuid": "3665476c-c8d1-48a9-b8bc-e8cb6c02530b",
              "parentUUID": "8cfa277f-e55d-4a20-8f1f-3ac40d1652a0",
              "isHook": false,
              "skipped": false
            }
          ],
          "suites": [],
          "passes": [
            "60e066a4-e38c-41d6-a386-b2fa09c80e26",
            "3665476c-c8d1-48a9-b8bc-e8cb6c02530b"
          ],
          "failures": [],
          "pending": [],
          "skipped": [],
          "duration": 936,
          "root": false,
          "rootEmpty": false,
          "_timeout": 2000
        },
        {
          "uuid": "9dcb8040-545f-46b8-877c-16a9a72af4af",
          "title": "4 - Adicione à página um quadro de pixels, com 25 pixels.",
          "fullFile": "",
          "file": "",
          "beforeHooks": [],
          "afterHooks": [],
          "tests": [
            {
              "title": "Verifica se o quadro de pixels possui o `id` denominado `pixel-board`",
              "fullTitle": "4 - Adicione à página um quadro de pixels, com 25 pixels. Verifica se o quadro de pixels possui o `id` denominado `pixel-board`",
              "timedOut": null,
              "duration": 265,
              "state": "passed",
              "speed": "slow",
              "pass": true,
              "fail": false,
              "pending": false,
              "context": null,
              "code": "cy.get('#pixel-board').should('be.visible');",
              "err": {},
              "uuid": "4149ca2a-a0ca-4721-aa50-daade7b4e410",
              "parentUUID": "9dcb8040-545f-46b8-877c-16a9a72af4af",
              "isHook": false,
              "skipped": false
            },
            {
              "title": "Verifica se cada pixel individual dentro do quadro possui a `classe` denominada `pixel`.",
              "fullTitle": "4 - Adicione à página um quadro de pixels, com 25 pixels. Verifica se cada pixel individual dentro do quadro possui a `classe` denominada `pixel`.",
              "timedOut": null,
              "duration": 368,
              "state": "passed",
              "speed": "slow",
              "pass": true,
              "fail": false,
              "pending": false,
              "context": null,
              "code": "cy.get('.pixel').should('have.length', 25);",
              "err": {},
              "uuid": "faa19338-6f43-401f-ad36-6e485517dc26",
              "parentUUID": "9dcb8040-545f-46b8-877c-16a9a72af4af",
              "isHook": false,
              "skipped": false
            },
            {
              "title": "Verifica se a cor inicial dos pixels dentro do quadro, ao abrir a página, é branca.",
              "fullTitle": "4 - Adicione à página um quadro de pixels, com 25 pixels. Verifica se a cor inicial dos pixels dentro do quadro, ao abrir a página, é branca.",
              "timedOut": null,
              "duration": 465,
              "state": "passed",
              "speed": "slow",
              "pass": true,
              "fail": false,
              "pending": false,
              "context": null,
              "code": "cy.get('.pixel').should('have.length', 25).each(function (pixel) {\n  expect(pixel).to.have.css('background-color', WHITE);\n});",
              "err": {},
              "uuid": "25bc6b29-da5e-48e1-b397-ee48d17f2d63",
              "parentUUID": "9dcb8040-545f-46b8-877c-16a9a72af4af",
              "isHook": false,
              "skipped": false
            },
            {
              "title": "Verifica se o quadro de pixels aparece abaixo da paleta de cores",
              "fullTitle": "4 - Adicione à página um quadro de pixels, com 25 pixels. Verifica se o quadro de pixels aparece abaixo da paleta de cores",
              "timedOut": null,
              "duration": 233,
              "state": "passed",
              "speed": "slow",
              "pass": true,
              "fail": false,
              "pending": false,
              "context": null,
              "code": "cy.get('#color-palette').then(function (palette) {\n  cy.get('#pixel-board').should('be.belowOf', palette);\n});",
              "err": {},
              "uuid": "fd25a060-9161-4058-95d9-c4241d0ce5ba",
              "parentUUID": "9dcb8040-545f-46b8-877c-16a9a72af4af",
              "isHook": false,
              "skipped": false
            }
          ],
          "suites": [],
          "passes": [
            "4149ca2a-a0ca-4721-aa50-daade7b4e410",
            "faa19338-6f43-401f-ad36-6e485517dc26",
            "25bc6b29-da5e-48e1-b397-ee48d17f2d63",
            "fd25a060-9161-4058-95d9-c4241d0ce5ba"
          ],
          "failures": [],
          "pending": [],
          "skipped": [],
          "duration": 1331,
          "root": false,
          "rootEmpty": false,
          "_timeout": 2000
        },
        {
          "uuid": "f56b0905-7d32-457b-8300-80caa2d3fd40",
          "title": "5 - Faça com que cada elemento do quadro de pixels possua 40 pixels de largura, 40 pixels de altura e seja delimitado por uma borda preta de 1 pixel.",
          "fullFile": "",
          "file": "",
          "beforeHooks": [],
          "afterHooks": [],
          "tests": [
            {
              "title": "Verifica se o quadro de pixels tem altura e comprimento de 5 elementos",
              "fullTitle": "5 - Faça com que cada elemento do quadro de pixels possua 40 pixels de largura, 40 pixels de altura e seja delimitado por uma borda preta de 1 pixel. Verifica se o quadro de pixels tem altura e comprimento de 5 elementos",
              "timedOut": null,
              "duration": 833,
              "state": "passed",
              "speed": "slow",
              "pass": true,
              "fail": false,
              "pending": false,
              "context": null,
              "code": "cy.get('.pixel').should('have.length', 25).each(function (pixel) {\n  expect(pixel).to.have.css('background-color', WHITE);\n}).and(function (pixels) {\n  var rows = chunk(pixels, 5);\n  rows.forEach(function (row) {\n    for (var index = 1; index < row.length; index += 1) {\n      var current = pixels[index];\n      var previous = pixels[index - 1];\n      cy.wrap(current).should('be.onTheRightOf', previous).and('be.horizontallyAlignedWith', previous);\n    }\n  });\n  for (var index = 1; index < 5; index += 1) {\n    expect(pixels[index * 5]).to.be.belowOf(pixels[(index - 1) * 5]);\n  }\n});",
              "err": {},
              "uuid": "0e2dcee8-7991-4ae6-8b0b-53726fa49864",
              "parentUUID": "f56b0905-7d32-457b-8300-80caa2d3fd40",
              "isHook": false,
              "skipped": false
            },
            {
              "title": "Verifica se 40 pixels é o tamanho total do elemento, incluindo seu conteúdo e excluindo a borda preta, que deve ser criada à parte.",
              "fullTitle": "5 - Faça com que cada elemento do quadro de pixels possua 40 pixels de largura, 40 pixels de altura e seja delimitado por uma borda preta de 1 pixel. Verifica se 40 pixels é o tamanho total do elemento, incluindo seu conteúdo e excluindo a borda preta, que deve ser criada à parte.",
              "timedOut": null,
              "duration": 1005,
              "state": "passed",
              "speed": "slow",
              "pass": true,
              "fail": false,
              "pending": false,
              "context": null,
              "code": "cy.get('.pixel').each(function (pixel) {\n  cy.wrap(pixel).should('have.css', 'height', '40px').and('have.css', 'width', '40px').and('have.css', 'border', \"1px solid \".concat(BLACK));\n});",
              "err": {},
              "uuid": "81cc4617-7aa5-4783-92e7-64b4a70681c0",
              "parentUUID": "f56b0905-7d32-457b-8300-80caa2d3fd40",
              "isHook": false,
              "skipped": false
            }
          ],
          "suites": [],
          "passes": [
            "0e2dcee8-7991-4ae6-8b0b-53726fa49864",
            "81cc4617-7aa5-4783-92e7-64b4a70681c0"
          ],
          "failures": [],
          "pending": [],
          "skipped": [],
          "duration": 1838,
          "root": false,
          "rootEmpty": false,
          "_timeout": 2000
        },
        {
          "uuid": "00a7ad9a-ec5c-478c-8a4a-25a88a0567b8",
          "title": "6 - Defina a cor preta como cor inicial. Ao carregar a página a cor preta já deve estar selecionada para pintar os pixels",
          "fullFile": "",
          "file": "",
          "beforeHooks": [],
          "afterHooks": [],
          "tests": [
            {
              "title": "Verifica se o elemento da cor preta possui, inicialmente, a `classe` `selected`",
              "fullTitle": "6 - Defina a cor preta como cor inicial. Ao carregar a página a cor preta já deve estar selecionada para pintar os pixels Verifica se o elemento da cor preta possui, inicialmente, a `classe` `selected`",
              "timedOut": null,
              "duration": 179,
              "state": "passed",
              "speed": "slow",
              "pass": true,
              "fail": false,
              "pending": false,
              "context": null,
              "code": "cy.get('.selected').first().should('have.css', 'background-color', BLACK);",
              "err": {},
              "uuid": "40dafc6a-c070-45b5-9083-a2ad96aaebd1",
              "parentUUID": "00a7ad9a-ec5c-478c-8a4a-25a88a0567b8",
              "isHook": false,
              "skipped": false
            },
            {
              "title": "Verifica se nenhuma outra cor da paleta tem a `classe` `selected`",
              "fullTitle": "6 - Defina a cor preta como cor inicial. Ao carregar a página a cor preta já deve estar selecionada para pintar os pixels Verifica se nenhuma outra cor da paleta tem a `classe` `selected`",
              "timedOut": null,
              "duration": 227,
              "state": "passed",
              "speed": "slow",
              "pass": true,
              "fail": false,
              "pending": false,
              "context": null,
              "code": "cy.get('.color:not(:first-child)').each(function (color) {\n  cy.wrap(color).should('not.have.class', 'selected');\n});",
              "err": {},
              "uuid": "c655402f-d5ae-455f-8a94-2230ae447111",
              "parentUUID": "00a7ad9a-ec5c-478c-8a4a-25a88a0567b8",
              "isHook": false,
              "skipped": false
            }
          ],
          "suites": [],
          "passes": [
            "40dafc6a-c070-45b5-9083-a2ad96aaebd1",
            "c655402f-d5ae-455f-8a94-2230ae447111"
          ],
          "failures": [],
          "pending": [],
          "skipped": [],
          "duration": 406,
          "root": false,
          "rootEmpty": false,
          "_timeout": 2000
        },
        {
          "uuid": "853864e2-79e8-4272-aa8d-a86ea46fb21f",
          "title": "7 - Clicar em uma das cores da paleta, faz com que ela seja selecionada e utilizada para preencher os pixels no quadro.",
          "fullFile": "",
          "file": "",
          "beforeHooks": [],
          "afterHooks": [],
          "tests": [
            {
              "title": "Verifica se somente uma cor da paleta de cores tem a classe `selected` de cada vez",
              "fullTitle": "7 - Clicar em uma das cores da paleta, faz com que ela seja selecionada e utilizada para preencher os pixels no quadro. Verifica se somente uma cor da paleta de cores tem a classe `selected` de cada vez",
              "timedOut": null,
              "duration": 724,
              "state": "passed",
              "speed": "slow",
              "pass": true,
              "fail": false,
              "pending": false,
              "context": null,
              "code": "cy.get('.color').each(function (selectedColor, selectedColorIndex) {\n  cy.wrap(selectedColor).click();\n  cy.get('.color').each(function (color, colorIndex) {\n    if (colorIndex === selectedColorIndex) {\n      expect(color).to.have[\"class\"]('selected');\n    } else {\n      expect(color).not.to.have[\"class\"]('selected');\n    }\n  });\n});",
              "err": {},
              "uuid": "2eb44fe0-2ce3-4e77-a5cb-e001d5d69a65",
              "parentUUID": "853864e2-79e8-4272-aa8d-a86ea46fb21f",
              "isHook": false,
              "skipped": false
            },
            {
              "title": "Verifica se os pixels dentro do quadro não têm a classe `selected` quando são clicados",
              "fullTitle": "7 - Clicar em uma das cores da paleta, faz com que ela seja selecionada e utilizada para preencher os pixels no quadro. Verifica se os pixels dentro do quadro não têm a classe `selected` quando são clicados",
              "timedOut": null,
              "duration": 11595,
              "state": "passed",
              "speed": "slow",
              "pass": true,
              "fail": false,
              "pending": false,
              "context": null,
              "code": "cy.get('.color').each(function (color) {\n  var backgroundColor = color.css('background-color');\n  cy.wrap(color).click();\n  cy.get('.pixel').each(function (pixel) {\n    cy.wrap(pixel).click().should('not.have.class', 'selected');\n  });\n});",
              "err": {},
              "uuid": "bb12dd77-ad62-40e5-8f18-491dbd1e4e12",
              "parentUUID": "853864e2-79e8-4272-aa8d-a86ea46fb21f",
              "isHook": false,
              "skipped": false
            }
          ],
          "suites": [],
          "passes": [
            "2eb44fe0-2ce3-4e77-a5cb-e001d5d69a65",
            "bb12dd77-ad62-40e5-8f18-491dbd1e4e12"
          ],
          "failures": [],
          "pending": [],
          "skipped": [],
          "duration": 12319,
          "root": false,
          "rootEmpty": false,
          "_timeout": 2000
        },
        {
          "uuid": "6cdbc20a-2842-42bc-88aa-1b49e859bb85",
          "title": "8 - Clicar em um pixel dentro do quadro após selecionar uma cor na paleta, faz com que o pixel seja preenchido com a cor selecionada.",
          "fullFile": "",
          "file": "",
          "beforeHooks": [],
          "afterHooks": [],
          "tests": [
            {
              "title": "Verifica se ao carregar a página deve ser possível pintar os pixels de preto",
              "fullTitle": "8 - Clicar em um pixel dentro do quadro após selecionar uma cor na paleta, faz com que o pixel seja preenchido com a cor selecionada. Verifica se ao carregar a página deve ser possível pintar os pixels de preto",
              "timedOut": null,
              "duration": 2898,
              "state": "passed",
              "speed": "slow",
              "pass": true,
              "fail": false,
              "pending": false,
              "context": null,
              "code": "cy.get('.pixel').each(function (pixel) {\n  cy.wrap(pixel).click().should('have.css', 'background-color', BLACK);\n});",
              "err": {},
              "uuid": "ecec0dce-4835-46e8-9b50-3e3e1fd6d7c2",
              "parentUUID": "6cdbc20a-2842-42bc-88aa-1b49e859bb85",
              "isHook": false,
              "skipped": false
            },
            {
              "title": "Verifica se após selecionar uma outra cor na paleta, é possível pintar os pixels com essa cor",
              "fullTitle": "8 - Clicar em um pixel dentro do quadro após selecionar uma cor na paleta, faz com que o pixel seja preenchido com a cor selecionada. Verifica se após selecionar uma outra cor na paleta, é possível pintar os pixels com essa cor",
              "timedOut": null,
              "duration": 9923,
              "state": "passed",
              "speed": "slow",
              "pass": true,
              "fail": false,
              "pending": false,
              "context": null,
              "code": "cy.get('.color').each(function (color) {\n  var backgroundColor = color.css('background-color');\n  cy.wrap(color).click();\n  cy.get('.pixel').each(function (pixel) {\n    cy.wrap(pixel).click().should('have.css', 'background-color', backgroundColor);\n  });\n});",
              "err": {},
              "uuid": "e7cba52f-7885-4a80-a47c-f954993b804c",
              "parentUUID": "6cdbc20a-2842-42bc-88aa-1b49e859bb85",
              "isHook": false,
              "skipped": false
            },
            {
              "title": "Verifica se somente o pixel que foi clicado foi preenchido com a cor selecionada, sem influenciar na cor dos demais pixels.",
              "fullTitle": "8 - Clicar em um pixel dentro do quadro após selecionar uma cor na paleta, faz com que o pixel seja preenchido com a cor selecionada. Verifica se somente o pixel que foi clicado foi preenchido com a cor selecionada, sem influenciar na cor dos demais pixels.",
              "timedOut": null,
              "duration": 2709,
              "state": "passed",
              "speed": "slow",
              "pass": true,
              "fail": false,
              "pending": false,
              "context": null,
              "code": "var colorToPixelIndexMap = {\n  0: 6,\n  1: 8,\n  2: 16,\n  3: 18\n};\ncy.get('.color').each(function (color, index) {\n  cy.wrap(color).click();\n  var backgroundColor = color.css('background-color');\n  var clickedPixelIndex = colorToPixelIndexMap[index];\n  cy.get('.pixel').eq(clickedPixelIndex).click();\n  cy.get('.pixel').eq(clickedPixelIndex - 1).should('not.have.css', 'background-color', backgroundColor);\n  cy.get('.pixel').eq(clickedPixelIndex + 1).should('not.have.css', 'background-color', backgroundColor);\n  cy.get('.pixel').eq(clickedPixelIndex - 5).should('not.have.css', 'background-color', backgroundColor);\n  cy.get('.pixel').eq(clickedPixelIndex + 5).should('not.have.css', 'background-color', backgroundColor);\n  cy.get('.pixel').eq(clickedPixelIndex - 6).should('not.have.css', 'background-color', backgroundColor);\n  cy.get('.pixel').eq(clickedPixelIndex - 4).should('not.have.css', 'background-color', backgroundColor);\n  cy.get('.pixel').eq(clickedPixelIndex + 4).should('not.have.css', 'background-color', backgroundColor);\n  cy.get('.pixel').eq(clickedPixelIndex + 6).should('not.have.css', 'background-color', backgroundColor);\n});",
              "err": {},
              "uuid": "026410a0-09d1-4666-b871-7ef385f1ecc1",
              "parentUUID": "6cdbc20a-2842-42bc-88aa-1b49e859bb85",
              "isHook": false,
              "skipped": false
            }
          ],
          "suites": [],
          "passes": [
            "ecec0dce-4835-46e8-9b50-3e3e1fd6d7c2",
            "e7cba52f-7885-4a80-a47c-f954993b804c",
            "026410a0-09d1-4666-b871-7ef385f1ecc1"
          ],
          "failures": [],
          "pending": [],
          "skipped": [],
          "duration": 15530,
          "root": false,
          "rootEmpty": false,
          "_timeout": 2000
        },
        {
          "uuid": "45e05685-e300-4474-a2f9-9cfe30d13771",
          "title": "9 - Crie um botão que, ao ser clicado, limpa o quadro preenchendo a cor de todos seus pixels com branco.",
          "fullFile": "",
          "file": "",
          "beforeHooks": [],
          "afterHooks": [],
          "tests": [
            {
              "title": "Verifica se o botão tem o `id` denominado `clear-board`",
              "fullTitle": "9 - Crie um botão que, ao ser clicado, limpa o quadro preenchendo a cor de todos seus pixels com branco. Verifica se o botão tem o `id` denominado `clear-board`",
              "timedOut": null,
              "duration": 366,
              "state": "passed",
              "speed": "slow",
              "pass": true,
              "fail": false,
              "pending": false,
              "context": null,
              "code": "cy.get('#clear-board').should('be.visible');",
              "err": {},
              "uuid": "7f04611b-eb7c-45ee-b86b-8941a2d920b5",
              "parentUUID": "45e05685-e300-4474-a2f9-9cfe30d13771",
              "isHook": false,
              "skipped": false
            },
            {
              "title": "Verifica se o botão está posicionado entre a paleta de cores e o quadro de pixels",
              "fullTitle": "9 - Crie um botão que, ao ser clicado, limpa o quadro preenchendo a cor de todos seus pixels com branco. Verifica se o botão está posicionado entre a paleta de cores e o quadro de pixels",
              "timedOut": null,
              "duration": 189,
              "state": "passed",
              "speed": "slow",
              "pass": true,
              "fail": false,
              "pending": false,
              "context": null,
              "code": "cy.get('#color-palette').then(function (palette) {\n  cy.get('#clear-board').should('be.belowOf', palette);\n});\ncy.get('#clear-board').then(function (clearBtn) {\n  cy.get('#pixel-board').should('be.belowOf', clearBtn);\n});",
              "err": {},
              "uuid": "4066b0d1-172c-4d2f-9f59-851e08bc985d",
              "parentUUID": "45e05685-e300-4474-a2f9-9cfe30d13771",
              "isHook": false,
              "skipped": false
            },
            {
              "title": "Verifica se o texto do botão é 'Limpar'",
              "fullTitle": "9 - Crie um botão que, ao ser clicado, limpa o quadro preenchendo a cor de todos seus pixels com branco. Verifica se o texto do botão é 'Limpar'",
              "timedOut": null,
              "duration": 217,
              "state": "passed",
              "speed": "slow",
              "pass": true,
              "fail": false,
              "pending": false,
              "context": null,
              "code": "cy.get('#clear-board').should('contain.text', 'Limpar');",
              "err": {},
              "uuid": "a35b2d91-6076-4e9f-9df7-a08ff4fd47b1",
              "parentUUID": "45e05685-e300-4474-a2f9-9cfe30d13771",
              "isHook": false,
              "skipped": false
            },
            {
              "title": "Verifica se ao clicar no botão, o quadro de pixels é totalmente preenchido de branco",
              "fullTitle": "9 - Crie um botão que, ao ser clicado, limpa o quadro preenchendo a cor de todos seus pixels com branco. Verifica se ao clicar no botão, o quadro de pixels é totalmente preenchido de branco",
              "timedOut": null,
              "duration": 7293,
              "state": "failed",
              "speed": null,
              "pass": false,
              "fail": true,
              "pending": false,
              "context": null,
              "code": "cy.get('.color').eq(1).then(function (color) {\n  var backgroundColor = color.css('background-color');\n  cy.wrap(color).click();\n  cy.get('.pixel').each(function (pixel) {\n    cy.wrap(pixel).click().should('have.css', 'background-color', backgroundColor);\n  });\n});\ncy.get('#clear-board').click();\ncy.get('.pixel').each(function (pixel) {\n  cy.wrap(pixel).should('have.css', 'background-color', WHITE);\n});",
              "err": {
                "message": "CypressError: Timed out retrying: expected '<div.pixel>' to have CSS property 'background-color' with the value 'rgb(255, 255, 255)', but the value was 'rgb(255, 0, 0)'",
                "estack": "CypressError: Timed out retrying: expected '<div.pixel>' to have CSS property 'background-color' with the value 'rgb(255, 255, 255)', but the value was 'rgb(255, 0, 0)'\n    at cypressErr (http://localhost:49950/__cypress/runner/cypress_runner.js:149934:9)\n    at throwErr (http://localhost:49950/__cypress/runner/cypress_runner.js:149867:11)\n    at Object.throwErrByPath (http://localhost:49950/__cypress/runner/cypress_runner.js:149915:3)\n    at retry (http://localhost:49950/__cypress/runner/cypress_runner.js:144197:19)\n    at onFailFn (http://localhost:49950/__cypress/runner/cypress_runner.js:132448:16)\n    at tryCatcher (http://localhost:49950/__cypress/runner/cypress_runner.js:167415:23)\n    at Promise._settlePromiseFromHandler (http://localhost:49950/__cypress/runner/cypress_runner.js:165351:31)\n    at Promise._settlePromise (http://localhost:49950/__cypress/runner/cypress_runner.js:165408:18)\n    at Promise._settlePromise0 (http://localhost:49950/__cypress/runner/cypress_runner.js:165453:10)\n    at Promise._settlePromises (http://localhost:49950/__cypress/runner/cypress_runner.js:165528:18)\n    at Async../node_modules/bluebird/js/release/async.js.Async._drainQueue (http://localhost:49950/__cypress/runner/cypress_runner.js:162140:16)\n    at Async../node_modules/bluebird/js/release/async.js.Async._drainQueues (http://localhost:49950/__cypress/runner/cypress_runner.js:162150:10)\n    at Async.drainQueues (http://localhost:49950/__cypress/runner/cypress_runner.js:162024:14)",
                "diff": null
              },
              "uuid": "7a618d8e-5e18-438b-8d44-a33b8af4e932",
              "parentUUID": "45e05685-e300-4474-a2f9-9cfe30d13771",
              "isHook": false,
              "skipped": false
            }
          ],
          "suites": [],
          "passes": [
            "7f04611b-eb7c-45ee-b86b-8941a2d920b5",
            "4066b0d1-172c-4d2f-9f59-851e08bc985d",
            "a35b2d91-6076-4e9f-9df7-a08ff4fd47b1"
          ],
          "failures": [
            "7a618d8e-5e18-438b-8d44-a33b8af4e932"
          ],
          "pending": [],
          "skipped": [],
          "duration": 8065,
          "root": false,
          "rootEmpty": false,
          "_timeout": 2000
        },
        {
          "uuid": "2a317141-4d82-4470-86d0-07f2451bc935",
          "title": "10 - Faça o quadro de pixels ter seu tamanho definido pelo usuário.",
          "fullFile": "",
          "file": "",
          "beforeHooks": [],
          "afterHooks": [],
          "tests": [
            {
              "title": "Verifica se existe um input com o id `board-size`",
              "fullTitle": "10 - Faça o quadro de pixels ter seu tamanho definido pelo usuário. Verifica se existe um input com o id `board-size`",
              "timedOut": null,
              "duration": 5084,
              "state": "failed",
              "speed": null,
              "pass": false,
              "fail": true,
              "pending": false,
              "context": null,
              "code": "cy.get('#board-size').should('be.visible');",
              "err": {
                "message": "CypressError: Timed out retrying: Expected to find element: '#board-size', but never found it.",
                "estack": "CypressError: Timed out retrying: Expected to find element: '#board-size', but never found it.\n    at cypressErr (http://localhost:49950/__cypress/runner/cypress_runner.js:149934:9)\n    at throwErr (http://localhost:49950/__cypress/runner/cypress_runner.js:149867:11)\n    at Object.throwErrByPath (http://localhost:49950/__cypress/runner/cypress_runner.js:149915:3)\n    at retry (http://localhost:49950/__cypress/runner/cypress_runner.js:144197:19)\n    at onFailFn (http://localhost:49950/__cypress/runner/cypress_runner.js:132448:16)\n    at tryCatcher (http://localhost:49950/__cypress/runner/cypress_runner.js:167415:23)\n    at Promise._settlePromiseFromHandler (http://localhost:49950/__cypress/runner/cypress_runner.js:165351:31)\n    at Promise._settlePromise (http://localhost:49950/__cypress/runner/cypress_runner.js:165408:18)\n    at Promise._settlePromise0 (http://localhost:49950/__cypress/runner/cypress_runner.js:165453:10)\n    at Promise._settlePromises (http://localhost:49950/__cypress/runner/cypress_runner.js:165528:18)\n    at Async../node_modules/bluebird/js/release/async.js.Async._drainQueue (http://localhost:49950/__cypress/runner/cypress_runner.js:162140:16)\n    at Async../node_modules/bluebird/js/release/async.js.Async._drainQueues (http://localhost:49950/__cypress/runner/cypress_runner.js:162150:10)\n    at Async.drainQueues (http://localhost:49950/__cypress/runner/cypress_runner.js:162024:14)",
                "diff": null
              },
              "uuid": "e0a0640b-5969-480a-bc26-e3a866404375",
              "parentUUID": "2a317141-4d82-4470-86d0-07f2451bc935",
              "isHook": false,
              "skipped": false
            },
            {
              "title": "Verifica se existe um botão com o id `generate-board`",
              "fullTitle": "10 - Faça o quadro de pixels ter seu tamanho definido pelo usuário. Verifica se existe um botão com o id `generate-board`",
              "timedOut": null,
              "duration": 4963,
              "state": "failed",
              "speed": null,
              "pass": false,
              "fail": true,
              "pending": false,
              "context": null,
              "code": "cy.get('#generate-board').should('be.visible');",
              "err": {
                "message": "CypressError: Timed out retrying: Expected to find element: '#generate-board', but never found it.",
                "estack": "CypressError: Timed out retrying: Expected to find element: '#generate-board', but never found it.\n    at cypressErr (http://localhost:49950/__cypress/runner/cypress_runner.js:149934:9)\n    at throwErr (http://localhost:49950/__cypress/runner/cypress_runner.js:149867:11)\n    at Object.throwErrByPath (http://localhost:49950/__cypress/runner/cypress_runner.js:149915:3)\n    at retry (http://localhost:49950/__cypress/runner/cypress_runner.js:144197:19)\n    at onFailFn (http://localhost:49950/__cypress/runner/cypress_runner.js:132448:16)\n    at tryCatcher (http://localhost:49950/__cypress/runner/cypress_runner.js:167415:23)\n    at Promise._settlePromiseFromHandler (http://localhost:49950/__cypress/runner/cypress_runner.js:165351:31)\n    at Promise._settlePromise (http://localhost:49950/__cypress/runner/cypress_runner.js:165408:18)\n    at Promise._settlePromise0 (http://localhost:49950/__cypress/runner/cypress_runner.js:165453:10)\n    at Promise._settlePromises (http://localhost:49950/__cypress/runner/cypress_runner.js:165528:18)\n    at Async../node_modules/bluebird/js/release/async.js.Async._drainQueue (http://localhost:49950/__cypress/runner/cypress_runner.js:162140:16)\n    at Async../node_modules/bluebird/js/release/async.js.Async._drainQueues (http://localhost:49950/__cypress/runner/cypress_runner.js:162150:10)\n    at Async.drainQueues (http://localhost:49950/__cypress/runner/cypress_runner.js:162024:14)",
                "diff": null
              },
              "uuid": "3651881f-1a2b-46d3-bb86-0b6a88f43d15",
              "parentUUID": "2a317141-4d82-4470-86d0-07f2451bc935",
              "isHook": false,
              "skipped": false
            },
            {
              "title": "Verifica se o input só aceita número maiores que zero. Essa restrição deve ser feita usando os atributos do elemento `input`",
              "fullTitle": "10 - Faça o quadro de pixels ter seu tamanho definido pelo usuário. Verifica se o input só aceita número maiores que zero. Essa restrição deve ser feita usando os atributos do elemento `input`",
              "timedOut": null,
              "duration": 5980,
              "state": "failed",
              "speed": null,
              "pass": false,
              "fail": true,
              "pending": false,
              "context": null,
              "code": "cy.get('#board-size[type=\\'number\\'][min=\\'1\\']');",
              "err": {
                "message": "CypressError: Timed out retrying: Expected to find element: '#board-size[type='number'][min='1']', but never found it.",
                "estack": "CypressError: Timed out retrying: Expected to find element: '#board-size[type='number'][min='1']', but never found it.\n    at cypressErr (http://localhost:49950/__cypress/runner/cypress_runner.js:149934:9)\n    at throwErr (http://localhost:49950/__cypress/runner/cypress_runner.js:149867:11)\n    at Object.throwErrByPath (http://localhost:49950/__cypress/runner/cypress_runner.js:149915:3)\n    at retry (http://localhost:49950/__cypress/runner/cypress_runner.js:144197:19)\n    at onFailFn (http://localhost:49950/__cypress/runner/cypress_runner.js:132448:16)\n    at tryCatcher (http://localhost:49950/__cypress/runner/cypress_runner.js:167415:23)\n    at Promise._settlePromiseFromHandler (http://localhost:49950/__cypress/runner/cypress_runner.js:165351:31)\n    at Promise._settlePromise (http://localhost:49950/__cypress/runner/cypress_runner.js:165408:18)\n    at Promise._settlePromise0 (http://localhost:49950/__cypress/runner/cypress_runner.js:165453:10)\n    at Promise._settlePromises (http://localhost:49950/__cypress/runner/cypress_runner.js:165528:18)\n    at Async../node_modules/bluebird/js/release/async.js.Async._drainQueue (http://localhost:49950/__cypress/runner/cypress_runner.js:162140:16)\n    at Async../node_modules/bluebird/js/release/async.js.Async._drainQueues (http://localhost:49950/__cypress/runner/cypress_runner.js:162150:10)\n    at Async.drainQueues (http://localhost:49950/__cypress/runner/cypress_runner.js:162024:14)",
                "diff": null
              },
              "uuid": "93f2b635-5cbf-4529-b661-f72563fce9be",
              "parentUUID": "2a317141-4d82-4470-86d0-07f2451bc935",
              "isHook": false,
              "skipped": false
            },
            {
              "title": "Verifica se o botão contém o texto 'VQV'",
              "fullTitle": "10 - Faça o quadro de pixels ter seu tamanho definido pelo usuário. Verifica se o botão contém o texto 'VQV'",
              "timedOut": null,
              "duration": 4808,
              "state": "failed",
              "speed": null,
              "pass": false,
              "fail": true,
              "pending": false,
              "context": null,
              "code": "cy.get('#generate-board').contains(/vqv/i);",
              "err": {
                "message": "CypressError: Timed out retrying: Expected to find element: '#generate-board', but never found it.",
                "estack": "CypressError: Timed out retrying: Expected to find element: '#generate-board', but never found it.\n    at cypressErr (http://localhost:49950/__cypress/runner/cypress_runner.js:149934:9)\n    at throwErr (http://localhost:49950/__cypress/runner/cypress_runner.js:149867:11)\n    at Object.throwErrByPath (http://localhost:49950/__cypress/runner/cypress_runner.js:149915:3)\n    at retry (http://localhost:49950/__cypress/runner/cypress_runner.js:144197:19)\n    at onFailFn (http://localhost:49950/__cypress/runner/cypress_runner.js:132448:16)\n    at tryCatcher (http://localhost:49950/__cypress/runner/cypress_runner.js:167415:23)\n    at Promise._settlePromiseFromHandler (http://localhost:49950/__cypress/runner/cypress_runner.js:165351:31)\n    at Promise._settlePromise (http://localhost:49950/__cypress/runner/cypress_runner.js:165408:18)\n    at Promise._settlePromise0 (http://localhost:49950/__cypress/runner/cypress_runner.js:165453:10)\n    at Promise._settlePromises (http://localhost:49950/__cypress/runner/cypress_runner.js:165528:18)\n    at Async../node_modules/bluebird/js/release/async.js.Async._drainQueue (http://localhost:49950/__cypress/runner/cypress_runner.js:162140:16)\n    at Async../node_modules/bluebird/js/release/async.js.Async._drainQueues (http://localhost:49950/__cypress/runner/cypress_runner.js:162150:10)\n    at Async.drainQueues (http://localhost:49950/__cypress/runner/cypress_runner.js:162024:14)",
                "diff": null
              },
              "uuid": "94bac9aa-c78b-4b98-8290-0751955f0333",
              "parentUUID": "2a317141-4d82-4470-86d0-07f2451bc935",
              "isHook": false,
              "skipped": false
            },
            {
              "title": "Verifica se o input está posicionado entre a paleta de cores e o quadro de pixels",
              "fullTitle": "10 - Faça o quadro de pixels ter seu tamanho definido pelo usuário. Verifica se o input está posicionado entre a paleta de cores e o quadro de pixels",
              "timedOut": null,
              "duration": 5083,
              "state": "failed",
              "speed": null,
              "pass": false,
              "fail": true,
              "pending": false,
              "context": null,
              "code": "cy.get('#color-palette').then(function (palette) {\n  cy.get('#board-size').should('be.belowOf', palette);\n});\ncy.get('#board-size').then(function (palette) {\n  cy.get('#pixel-board').should('be.belowOf', palette);\n});",
              "err": {
                "message": "CypressError: Timed out retrying: Expected to find element: '#board-size', but never found it.",
                "estack": "CypressError: Timed out retrying: Expected to find element: '#board-size', but never found it.\n    at cypressErr (http://localhost:49950/__cypress/runner/cypress_runner.js:149934:9)\n    at throwErr (http://localhost:49950/__cypress/runner/cypress_runner.js:149867:11)\n    at Object.throwErrByPath (http://localhost:49950/__cypress/runner/cypress_runner.js:149915:3)\n    at retry (http://localhost:49950/__cypress/runner/cypress_runner.js:144197:19)\n    at onFailFn (http://localhost:49950/__cypress/runner/cypress_runner.js:132448:16)\n    at tryCatcher (http://localhost:49950/__cypress/runner/cypress_runner.js:167415:23)\n    at Promise._settlePromiseFromHandler (http://localhost:49950/__cypress/runner/cypress_runner.js:165351:31)\n    at Promise._settlePromise (http://localhost:49950/__cypress/runner/cypress_runner.js:165408:18)\n    at Promise._settlePromise0 (http://localhost:49950/__cypress/runner/cypress_runner.js:165453:10)\n    at Promise._settlePromises (http://localhost:49950/__cypress/runner/cypress_runner.js:165528:18)\n    at Async../node_modules/bluebird/js/release/async.js.Async._drainQueue (http://localhost:49950/__cypress/runner/cypress_runner.js:162140:16)\n    at Async../node_modules/bluebird/js/release/async.js.Async._drainQueues (http://localhost:49950/__cypress/runner/cypress_runner.js:162150:10)\n    at Async.drainQueues (http://localhost:49950/__cypress/runner/cypress_runner.js:162024:14)",
                "diff": null
              },
              "uuid": "253accf3-3ae3-4cbf-98d9-e125620bcbab",
              "parentUUID": "2a317141-4d82-4470-86d0-07f2451bc935",
              "isHook": false,
              "skipped": false
            },
            {
              "title": "Verifica se o botão está posicionado ao lado do input",
              "fullTitle": "10 - Faça o quadro de pixels ter seu tamanho definido pelo usuário. Verifica se o botão está posicionado ao lado do input",
              "timedOut": null,
              "duration": 4922,
              "state": "failed",
              "speed": null,
              "pass": false,
              "fail": true,
              "pending": false,
              "context": null,
              "code": "cy.get('#board-size').then(function (board) {\n  cy.get('#generate-board').should('be.onTheRightOf', board);\n});",
              "err": {
                "message": "CypressError: Timed out retrying: Expected to find element: '#board-size', but never found it.",
                "estack": "CypressError: Timed out retrying: Expected to find element: '#board-size', but never found it.\n    at cypressErr (http://localhost:49950/__cypress/runner/cypress_runner.js:149934:9)\n    at throwErr (http://localhost:49950/__cypress/runner/cypress_runner.js:149867:11)\n    at Object.throwErrByPath (http://localhost:49950/__cypress/runner/cypress_runner.js:149915:3)\n    at retry (http://localhost:49950/__cypress/runner/cypress_runner.js:144197:19)\n    at onFailFn (http://localhost:49950/__cypress/runner/cypress_runner.js:132448:16)\n    at tryCatcher (http://localhost:49950/__cypress/runner/cypress_runner.js:167415:23)\n    at Promise._settlePromiseFromHandler (http://localhost:49950/__cypress/runner/cypress_runner.js:165351:31)\n    at Promise._settlePromise (http://localhost:49950/__cypress/runner/cypress_runner.js:165408:18)\n    at Promise._settlePromise0 (http://localhost:49950/__cypress/runner/cypress_runner.js:165453:10)\n    at Promise._settlePromises (http://localhost:49950/__cypress/runner/cypress_runner.js:165528:18)\n    at Async../node_modules/bluebird/js/release/async.js.Async._drainQueue (http://localhost:49950/__cypress/runner/cypress_runner.js:162140:16)\n    at Async../node_modules/bluebird/js/release/async.js.Async._drainQueues (http://localhost:49950/__cypress/runner/cypress_runner.js:162150:10)\n    at Async.drainQueues (http://localhost:49950/__cypress/runner/cypress_runner.js:162024:14)",
                "diff": null
              },
              "uuid": "23a67f0b-6616-4b1a-a564-37933c374177",
              "parentUUID": "2a317141-4d82-4470-86d0-07f2451bc935",
              "isHook": false,
              "skipped": false
            },
            {
              "title": "Verifica se nenhum valor for colocado no input ao clicar no botão, um `alert` é exibido com o texto: 'Board inválido!'",
              "fullTitle": "10 - Faça o quadro de pixels ter seu tamanho definido pelo usuário. Verifica se nenhum valor for colocado no input ao clicar no botão, um `alert` é exibido com o texto: 'Board inválido!'",
              "timedOut": null,
              "duration": 4789,
              "state": "failed",
              "speed": null,
              "pass": false,
              "fail": true,
              "pending": false,
              "context": null,
              "code": "var alerted = false;\ncy.on('window:alert', function (msg) {\n  return alerted = msg;\n});\ncy.get('#generate-board').click().then(function () {\n  return expect(alerted).to.match(/Board inválido!/i);\n});",
              "err": {
                "message": "CypressError: Timed out retrying: Expected to find element: '#generate-board', but never found it.",
                "estack": "CypressError: Timed out retrying: Expected to find element: '#generate-board', but never found it.\n    at cypressErr (http://localhost:49950/__cypress/runner/cypress_runner.js:149934:9)\n    at throwErr (http://localhost:49950/__cypress/runner/cypress_runner.js:149867:11)\n    at Object.throwErrByPath (http://localhost:49950/__cypress/runner/cypress_runner.js:149915:3)\n    at retry (http://localhost:49950/__cypress/runner/cypress_runner.js:144197:19)\n    at onFailFn (http://localhost:49950/__cypress/runner/cypress_runner.js:132448:16)\n    at tryCatcher (http://localhost:49950/__cypress/runner/cypress_runner.js:167415:23)\n    at Promise._settlePromiseFromHandler (http://localhost:49950/__cypress/runner/cypress_runner.js:165351:31)\n    at Promise._settlePromise (http://localhost:49950/__cypress/runner/cypress_runner.js:165408:18)\n    at Promise._settlePromise0 (http://localhost:49950/__cypress/runner/cypress_runner.js:165453:10)\n    at Promise._settlePromises (http://localhost:49950/__cypress/runner/cypress_runner.js:165528:18)\n    at Async../node_modules/bluebird/js/release/async.js.Async._drainQueue (http://localhost:49950/__cypress/runner/cypress_runner.js:162140:16)\n    at Async../node_modules/bluebird/js/release/async.js.Async._drainQueues (http://localhost:49950/__cypress/runner/cypress_runner.js:162150:10)\n    at Async.drainQueues (http://localhost:49950/__cypress/runner/cypress_runner.js:162024:14)",
                "diff": null
              },
              "uuid": "74213ba1-827a-46f8-ad6d-a24d0f26accd",
              "parentUUID": "2a317141-4d82-4470-86d0-07f2451bc935",
              "isHook": false,
              "skipped": false
            },
            {
              "title": "Verifica se ao clicar no botão com um valor preenchido, o tamanho do board muda.",
              "fullTitle": "10 - Faça o quadro de pixels ter seu tamanho definido pelo usuário. Verifica se ao clicar no botão com um valor preenchido, o tamanho do board muda.",
              "timedOut": null,
              "duration": 4890,
              "state": "failed",
              "speed": null,
              "pass": false,
              "fail": true,
              "pending": false,
              "context": null,
              "code": "cy.get('#board-size').clear().type(10);\ncy.get('#generate-board').click();\ncy.get('.pixel').should('have.length', 100);",
              "err": {
                "message": "CypressError: Timed out retrying: Expected to find element: '#board-size', but never found it.",
                "estack": "CypressError: Timed out retrying: Expected to find element: '#board-size', but never found it.\n    at cypressErr (http://localhost:49950/__cypress/runner/cypress_runner.js:149934:9)\n    at throwErr (http://localhost:49950/__cypress/runner/cypress_runner.js:149867:11)\n    at Object.throwErrByPath (http://localhost:49950/__cypress/runner/cypress_runner.js:149915:3)\n    at retry (http://localhost:49950/__cypress/runner/cypress_runner.js:144197:19)\n    at onFailFn (http://localhost:49950/__cypress/runner/cypress_runner.js:132448:16)\n    at tryCatcher (http://localhost:49950/__cypress/runner/cypress_runner.js:167415:23)\n    at Promise._settlePromiseFromHandler (http://localhost:49950/__cypress/runner/cypress_runner.js:165351:31)\n    at Promise._settlePromise (http://localhost:49950/__cypress/runner/cypress_runner.js:165408:18)\n    at Promise._settlePromise0 (http://localhost:49950/__cypress/runner/cypress_runner.js:165453:10)\n    at Promise._settlePromises (http://localhost:49950/__cypress/runner/cypress_runner.js:165528:18)\n    at Async../node_modules/bluebird/js/release/async.js.Async._drainQueue (http://localhost:49950/__cypress/runner/cypress_runner.js:162140:16)\n    at Async../node_modules/bluebird/js/release/async.js.Async._drainQueues (http://localhost:49950/__cypress/runner/cypress_runner.js:162150:10)\n    at Async.drainQueues (http://localhost:49950/__cypress/runner/cypress_runner.js:162024:14)",
                "diff": null
              },
              "uuid": "0ac4a26e-9634-44d9-a4a6-6357b5ced849",
              "parentUUID": "2a317141-4d82-4470-86d0-07f2451bc935",
              "isHook": false,
              "skipped": false
            },
            {
              "title": "Verifica se o novo quadro tem todos os pixels preenchidos com a cor branca",
              "fullTitle": "10 - Faça o quadro de pixels ter seu tamanho definido pelo usuário. Verifica se o novo quadro tem todos os pixels preenchidos com a cor branca",
              "timedOut": null,
              "duration": 4789,
              "state": "failed",
              "speed": null,
              "pass": false,
              "fail": true,
              "pending": false,
              "context": null,
              "code": "cy.get('#board-size').clear().type(6);\ncy.get('#generate-board').click();\ncy.get('.pixel').should('have.length', 36).each(function (pixel) {\n  expect(pixel).to.have.css('background-color', WHITE);\n});",
              "err": {
                "message": "CypressError: Timed out retrying: Expected to find element: '#board-size', but never found it.",
                "estack": "CypressError: Timed out retrying: Expected to find element: '#board-size', but never found it.\n    at cypressErr (http://localhost:49950/__cypress/runner/cypress_runner.js:149934:9)\n    at throwErr (http://localhost:49950/__cypress/runner/cypress_runner.js:149867:11)\n    at Object.throwErrByPath (http://localhost:49950/__cypress/runner/cypress_runner.js:149915:3)\n    at retry (http://localhost:49950/__cypress/runner/cypress_runner.js:144197:19)\n    at onFailFn (http://localhost:49950/__cypress/runner/cypress_runner.js:132448:16)\n    at tryCatcher (http://localhost:49950/__cypress/runner/cypress_runner.js:167415:23)\n    at Promise._settlePromiseFromHandler (http://localhost:49950/__cypress/runner/cypress_runner.js:165351:31)\n    at Promise._settlePromise (http://localhost:49950/__cypress/runner/cypress_runner.js:165408:18)\n    at Promise._settlePromise0 (http://localhost:49950/__cypress/runner/cypress_runner.js:165453:10)\n    at Promise._settlePromises (http://localhost:49950/__cypress/runner/cypress_runner.js:165528:18)\n    at Async../node_modules/bluebird/js/release/async.js.Async._drainQueue (http://localhost:49950/__cypress/runner/cypress_runner.js:162140:16)\n    at Async../node_modules/bluebird/js/release/async.js.Async._drainQueues (http://localhost:49950/__cypress/runner/cypress_runner.js:162150:10)\n    at Async.drainQueues (http://localhost:49950/__cypress/runner/cypress_runner.js:162024:14)",
                "diff": null
              },
              "uuid": "b6cca72e-b476-4992-afdd-7a5f58a97903",
              "parentUUID": "2a317141-4d82-4470-86d0-07f2451bc935",
              "isHook": false,
              "skipped": false
            }
          ],
          "suites": [],
          "passes": [],
          "failures": [
            "e0a0640b-5969-480a-bc26-e3a866404375",
            "3651881f-1a2b-46d3-bb86-0b6a88f43d15",
            "93f2b635-5cbf-4529-b661-f72563fce9be",
            "94bac9aa-c78b-4b98-8290-0751955f0333",
            "253accf3-3ae3-4cbf-98d9-e125620bcbab",
            "23a67f0b-6616-4b1a-a564-37933c374177",
            "74213ba1-827a-46f8-ad6d-a24d0f26accd",
            "0ac4a26e-9634-44d9-a4a6-6357b5ced849",
            "b6cca72e-b476-4992-afdd-7a5f58a97903"
          ],
          "pending": [],
          "skipped": [],
          "duration": 45308,
          "root": false,
          "rootEmpty": false,
          "_timeout": 2000
        },
        {
          "uuid": "4b4a4589-0d8c-4b19-a8fa-bdd1205cd416",
          "title": "11 - Limite o tamanho mínimo e máximo do board.",
          "fullFile": "",
          "file": "",
          "beforeHooks": [],
          "afterHooks": [],
          "tests": [
            {
              "title": "Verifica se a altura máxima do board é 50",
              "fullTitle": "11 - Limite o tamanho mínimo e máximo do board. Verifica se a altura máxima do board é 50",
              "timedOut": null,
              "duration": 4982,
              "state": "failed",
              "speed": null,
              "pass": false,
              "fail": true,
              "pending": false,
              "context": null,
              "code": "cy.get('#board-size').clear().type(50);\ncy.get('#generate-board').click();\ncy.get('.pixel').should('have.length', 2500);",
              "err": {
                "message": "CypressError: Timed out retrying: Expected to find element: '#board-size', but never found it.",
                "estack": "CypressError: Timed out retrying: Expected to find element: '#board-size', but never found it.\n    at cypressErr (http://localhost:49950/__cypress/runner/cypress_runner.js:149934:9)\n    at throwErr (http://localhost:49950/__cypress/runner/cypress_runner.js:149867:11)\n    at Object.throwErrByPath (http://localhost:49950/__cypress/runner/cypress_runner.js:149915:3)\n    at retry (http://localhost:49950/__cypress/runner/cypress_runner.js:144197:19)\n    at onFailFn (http://localhost:49950/__cypress/runner/cypress_runner.js:132448:16)\n    at tryCatcher (http://localhost:49950/__cypress/runner/cypress_runner.js:167415:23)\n    at Promise._settlePromiseFromHandler (http://localhost:49950/__cypress/runner/cypress_runner.js:165351:31)\n    at Promise._settlePromise (http://localhost:49950/__cypress/runner/cypress_runner.js:165408:18)\n    at Promise._settlePromise0 (http://localhost:49950/__cypress/runner/cypress_runner.js:165453:10)\n    at Promise._settlePromises (http://localhost:49950/__cypress/runner/cypress_runner.js:165528:18)\n    at Async../node_modules/bluebird/js/release/async.js.Async._drainQueue (http://localhost:49950/__cypress/runner/cypress_runner.js:162140:16)\n    at Async../node_modules/bluebird/js/release/async.js.Async._drainQueues (http://localhost:49950/__cypress/runner/cypress_runner.js:162150:10)\n    at Async.drainQueues (http://localhost:49950/__cypress/runner/cypress_runner.js:162024:14)",
                "diff": null
              },
              "uuid": "31531573-f803-4fe6-a676-666db0ad626d",
              "parentUUID": "4b4a4589-0d8c-4b19-a8fa-bdd1205cd416",
              "isHook": false,
              "skipped": false
            },
            {
              "title": "Verifica se a altura do board é 5 quando um valor menor é colocado no input",
              "fullTitle": "11 - Limite o tamanho mínimo e máximo do board. Verifica se a altura do board é 5 quando um valor menor é colocado no input",
              "timedOut": null,
              "duration": 4870,
              "state": "failed",
              "speed": null,
              "pass": false,
              "fail": true,
              "pending": false,
              "context": null,
              "code": "cy.get('#board-size').clear().type(4);\ncy.get('#generate-board').click();\ncy.get('.pixel').should('have.length', 25);",
              "err": {
                "message": "CypressError: Timed out retrying: Expected to find element: '#board-size', but never found it.",
                "estack": "CypressError: Timed out retrying: Expected to find element: '#board-size', but never found it.\n    at cypressErr (http://localhost:49950/__cypress/runner/cypress_runner.js:149934:9)\n    at throwErr (http://localhost:49950/__cypress/runner/cypress_runner.js:149867:11)\n    at Object.throwErrByPath (http://localhost:49950/__cypress/runner/cypress_runner.js:149915:3)\n    at retry (http://localhost:49950/__cypress/runner/cypress_runner.js:144197:19)\n    at onFailFn (http://localhost:49950/__cypress/runner/cypress_runner.js:132448:16)\n    at tryCatcher (http://localhost:49950/__cypress/runner/cypress_runner.js:167415:23)\n    at Promise._settlePromiseFromHandler (http://localhost:49950/__cypress/runner/cypress_runner.js:165351:31)\n    at Promise._settlePromise (http://localhost:49950/__cypress/runner/cypress_runner.js:165408:18)\n    at Promise._settlePromise0 (http://localhost:49950/__cypress/runner/cypress_runner.js:165453:10)\n    at Promise._settlePromises (http://localhost:49950/__cypress/runner/cypress_runner.js:165528:18)\n    at Async../node_modules/bluebird/js/release/async.js.Async._drainQueue (http://localhost:49950/__cypress/runner/cypress_runner.js:162140:16)\n    at Async../node_modules/bluebird/js/release/async.js.Async._drainQueues (http://localhost:49950/__cypress/runner/cypress_runner.js:162150:10)\n    at Async.drainQueues (http://localhost:49950/__cypress/runner/cypress_runner.js:162024:14)",
                "diff": null
              },
              "uuid": "cf7b578b-e12d-41b3-8c48-68a90c1f125c",
              "parentUUID": "4b4a4589-0d8c-4b19-a8fa-bdd1205cd416",
              "isHook": false,
              "skipped": false
            },
            {
              "title": "Verifica se a altura do board é 50 quando um valor maior é colocado no input",
              "fullTitle": "11 - Limite o tamanho mínimo e máximo do board. Verifica se a altura do board é 50 quando um valor maior é colocado no input",
              "timedOut": null,
              "duration": 5085,
              "state": "failed",
              "speed": null,
              "pass": false,
              "fail": true,
              "pending": false,
              "context": null,
              "code": "cy.get('#board-size').clear().type(51);\ncy.get('#generate-board').click();\ncy.get('.pixel').should('have.length', 2500);",
              "err": {
                "message": "CypressError: Timed out retrying: Expected to find element: '#board-size', but never found it.",
                "estack": "CypressError: Timed out retrying: Expected to find element: '#board-size', but never found it.\n    at cypressErr (http://localhost:49950/__cypress/runner/cypress_runner.js:149934:9)\n    at throwErr (http://localhost:49950/__cypress/runner/cypress_runner.js:149867:11)\n    at Object.throwErrByPath (http://localhost:49950/__cypress/runner/cypress_runner.js:149915:3)\n    at retry (http://localhost:49950/__cypress/runner/cypress_runner.js:144197:19)\n    at onFailFn (http://localhost:49950/__cypress/runner/cypress_runner.js:132448:16)\n    at tryCatcher (http://localhost:49950/__cypress/runner/cypress_runner.js:167415:23)\n    at Promise._settlePromiseFromHandler (http://localhost:49950/__cypress/runner/cypress_runner.js:165351:31)\n    at Promise._settlePromise (http://localhost:49950/__cypress/runner/cypress_runner.js:165408:18)\n    at Promise._settlePromise0 (http://localhost:49950/__cypress/runner/cypress_runner.js:165453:10)\n    at Promise._settlePromises (http://localhost:49950/__cypress/runner/cypress_runner.js:165528:18)\n    at Async../node_modules/bluebird/js/release/async.js.Async._drainQueue (http://localhost:49950/__cypress/runner/cypress_runner.js:162140:16)\n    at Async../node_modules/bluebird/js/release/async.js.Async._drainQueues (http://localhost:49950/__cypress/runner/cypress_runner.js:162150:10)\n    at Async.drainQueues (http://localhost:49950/__cypress/runner/cypress_runner.js:162024:14)",
                "diff": null
              },
              "uuid": "04edd0dc-7913-4cab-8fa3-6cd07cf9f344",
              "parentUUID": "4b4a4589-0d8c-4b19-a8fa-bdd1205cd416",
              "isHook": false,
              "skipped": false
            }
          ],
          "suites": [],
          "passes": [],
          "failures": [
            "31531573-f803-4fe6-a676-666db0ad626d",
            "cf7b578b-e12d-41b3-8c48-68a90c1f125c",
            "04edd0dc-7913-4cab-8fa3-6cd07cf9f344"
          ],
          "pending": [],
          "skipped": [],
          "duration": 14937,
          "root": false,
          "rootEmpty": false,
          "_timeout": 2000
        },
        {
          "uuid": "693db13d-6c72-4de2-9a9f-e4779a369627",
          "title": "12 - Faça com que as cores da paleta sejam geradas aleatoriamente ao carregar a página.",
          "fullFile": "",
          "file": "",
          "beforeHooks": [],
          "afterHooks": [],
          "tests": [
            {
              "title": "Verifica se as cores geradas na paleta são diferentes a cada carregamento da página",
              "fullTitle": "12 - Faça com que as cores da paleta sejam geradas aleatoriamente ao carregar a página. Verifica se as cores geradas na paleta são diferentes a cada carregamento da página",
              "timedOut": null,
              "duration": 1193,
              "state": "failed",
              "speed": null,
              "pass": false,
              "fail": true,
              "pending": false,
              "context": null,
              "code": "cy.get('.color').then(function (colors) {\n  var currentColors;\n  var previousColors;\n  previousColors = Array.from(colors).map(function (color) {\n    return Cypress.$(color).css('background-color');\n  });\n  for (var i = 0; i < 5; i += 1) {\n    cy.reload();\n    cy.get('.color').then(function (colors) {\n      currentColors = Array.from(colors).map(function (color) {\n        return Cypress.$(color).css('background-color');\n      });\n      expect(currentColors).not.to.deep.equal(previousColors);\n      previousColors = currentColors;\n    });\n  }\n});",
              "err": {
                "message": "AssertionError: expected [ Array(4) ] to not deeply equal [ Array(4) ]",
                "estack": "AssertionError: expected [ Array(4) ] to not deeply equal [ Array(4) ]\n    at getRet (http://localhost:49950/__cypress/runner/cypress_runner.js:136585:16)\n    at tryCatcher (http://localhost:49950/__cypress/runner/cypress_runner.js:167415:23)\n    at Function.Promise.attempt.Promise.try (http://localhost:49950/__cypress/runner/cypress_runner.js:164690:29)\n    at Context.thenFn (http://localhost:49950/__cypress/runner/cypress_runner.js:136599:23)\n    at Context.then (http://localhost:49950/__cypress/runner/cypress_runner.js:136971:21)\n    at Context.<anonymous> (http://localhost:49950/__cypress/runner/cypress_runner.js:148875:21)\n    at http://localhost:49950/__cypress/runner/cypress_runner.js:148351:33\n    at tryCatcher (http://localhost:49950/__cypress/runner/cypress_runner.js:167415:23)\n    at Promise._settlePromiseFromHandler (http://localhost:49950/__cypress/runner/cypress_runner.js:165351:31)\n    at Promise._settlePromise (http://localhost:49950/__cypress/runner/cypress_runner.js:165408:18)\n    at Promise._settlePromiseCtx (http://localhost:49950/__cypress/runner/cypress_runner.js:165445:10)\n    at Async../node_modules/bluebird/js/release/async.js.Async._drainQueue (http://localhost:49950/__cypress/runner/cypress_runner.js:162145:12)\n    at Async../node_modules/bluebird/js/release/async.js.Async._drainQueues (http://localhost:49950/__cypress/runner/cypress_runner.js:162150:10)\n    at Async.drainQueues (http://localhost:49950/__cypress/runner/cypress_runner.js:162024:14)",
                "diff": ""
              },
              "uuid": "a3915a77-5782-44c5-b930-01ff27dce062",
              "parentUUID": "693db13d-6c72-4de2-9a9f-e4779a369627",
              "isHook": false,
              "skipped": false
            },
            {
              "title": "Verifica se a cor preta ainda está presente e é a primeira na sua paleta de cores",
              "fullTitle": "12 - Faça com que as cores da paleta sejam geradas aleatoriamente ao carregar a página. Verifica se a cor preta ainda está presente e é a primeira na sua paleta de cores",
              "timedOut": null,
              "duration": 1223,
              "state": "failed",
              "speed": null,
              "pass": false,
              "fail": true,
              "pending": false,
              "context": null,
              "code": "cy.get('.color').then(function (colors) {\n  var currentColors;\n  var previousColors;\n  previousColors = Array.from(colors).map(function (color) {\n    return Cypress.$(color).css('background-color');\n  });\n  expect(previousColors[0]).to.eq(BLACK);\n  for (var i = 0; i < 5; i += 1) {\n    cy.reload();\n    cy.get('.color').then(function (colors) {\n      currentColors = Array.from(colors).map(function (color) {\n        return Cypress.$(color).css('background-color');\n      });\n      expect(currentColors[0]).to.eq(BLACK);\n      expect(currentColors).not.to.deep.equal(previousColors);\n      previousColors = currentColors;\n    });\n  }\n});",
              "err": {
                "message": "AssertionError: expected [ Array(4) ] to not deeply equal [ Array(4) ]",
                "estack": "AssertionError: expected [ Array(4) ] to not deeply equal [ Array(4) ]\n    at getRet (http://localhost:49950/__cypress/runner/cypress_runner.js:136585:16)\n    at tryCatcher (http://localhost:49950/__cypress/runner/cypress_runner.js:167415:23)\n    at Function.Promise.attempt.Promise.try (http://localhost:49950/__cypress/runner/cypress_runner.js:164690:29)\n    at Context.thenFn (http://localhost:49950/__cypress/runner/cypress_runner.js:136599:23)\n    at Context.then (http://localhost:49950/__cypress/runner/cypress_runner.js:136971:21)\n    at Context.<anonymous> (http://localhost:49950/__cypress/runner/cypress_runner.js:148875:21)\n    at http://localhost:49950/__cypress/runner/cypress_runner.js:148351:33\n    at tryCatcher (http://localhost:49950/__cypress/runner/cypress_runner.js:167415:23)\n    at Promise._settlePromiseFromHandler (http://localhost:49950/__cypress/runner/cypress_runner.js:165351:31)\n    at Promise._settlePromise (http://localhost:49950/__cypress/runner/cypress_runner.js:165408:18)\n    at Promise._settlePromiseCtx (http://localhost:49950/__cypress/runner/cypress_runner.js:165445:10)\n    at Async../node_modules/bluebird/js/release/async.js.Async._drainQueue (http://localhost:49950/__cypress/runner/cypress_runner.js:162145:12)\n    at Async../node_modules/bluebird/js/release/async.js.Async._drainQueues (http://localhost:49950/__cypress/runner/cypress_runner.js:162150:10)\n    at Async.drainQueues (http://localhost:49950/__cypress/runner/cypress_runner.js:162024:14)",
                "diff": ""
              },
              "uuid": "c9550a37-4465-4f39-91af-263d02583eca",
              "parentUUID": "693db13d-6c72-4de2-9a9f-e4779a369627",
              "isHook": false,
              "skipped": false
            }
          ],
          "suites": [],
          "passes": [],
          "failures": [
            "a3915a77-5782-44c5-b930-01ff27dce062",
            "c9550a37-4465-4f39-91af-263d02583eca"
          ],
          "pending": [],
          "skipped": [],
          "duration": 2416,
          "root": false,
          "rootEmpty": false,
          "_timeout": 2000
        }
      ],
      "passes": [],
      "failures": [],
      "pending": [],
      "skipped": [],
      "duration": 0,
      "root": true,
      "rootEmpty": true,
      "_timeout": 2000
    }
  ],
  "meta": {
    "mocha": {
      "version": "7.0.1"
    },
    "mochawesome": {
      "options": {
        "quiet": false,
        "reportFilename": "mochawesome",
        "saveHtml": false,
        "saveJson": true,
        "consoleReporter": "spec",
        "useInlineDiffs": false
      },
      "version": "4.1.0"
    },
    "marge": {
      "options": {
        "id": "default",
        "reportDir": "cypress/reports",
        "overwrite": true,
        "html": false,
        "json": true
      },
      "version": "4.1.0"
    }
  }
}