{
  "stats": {
    "suites": 12,
    "tests": 41,
    "passes": 10,
    "pending": 0,
    "failures": 31,
    "start": "2021-08-13T19:00:07.414Z",
    "end": "2021-08-13T19:02:14.891Z",
    "duration": 127477,
    "testsRegistered": 41,
    "passPercent": 24.390243902439025,
    "pendingPercent": 0,
    "other": 0,
    "hasOther": false,
    "skipped": 0,
    "hasSkipped": false
  },
  "results": [
    {
      "uuid": "ec7e3fd5-b0b3-4d0f-85fa-fbc2aa2c307e",
      "title": "",
      "fullFile": "cypress/integration/project.spec.js",
      "file": "cypress/integration/project.spec.js",
      "beforeHooks": [],
      "afterHooks": [],
      "tests": [],
      "suites": [
        {
          "uuid": "4138e012-c2b7-4e8b-a380-f728eec6855f",
          "title": "1 - Adicione à página o título \"Paleta de Cores\".",
          "fullFile": "",
          "file": "",
          "beforeHooks": [],
          "afterHooks": [],
          "tests": [
            {
              "title": "Verifica se contém um elemento `h1` com o id `title` com o título correto",
              "fullTitle": "1 - Adicione à página o título \"Paleta de Cores\". Verifica se contém um elemento `h1` com o id `title` com o título correto",
              "timedOut": null,
              "duration": 855,
              "state": "passed",
              "speed": "slow",
              "pass": true,
              "fail": false,
              "pending": false,
              "context": null,
              "code": "cy.get('h1#title').should('contain.text', 'Paleta de Cores');",
              "err": {},
              "uuid": "bd4308ed-14f9-423b-bbd3-18ff9eeadd17",
              "parentUUID": "4138e012-c2b7-4e8b-a380-f728eec6855f",
              "isHook": false,
              "skipped": false
            }
          ],
          "suites": [],
          "passes": [
            "bd4308ed-14f9-423b-bbd3-18ff9eeadd17"
          ],
          "failures": [],
          "pending": [],
          "skipped": [],
          "duration": 855,
          "root": false,
          "rootEmpty": false,
          "_timeout": 2000
        },
        {
          "uuid": "b80c6b2e-0d8e-46e0-bacc-4bb72a16601c",
          "title": "2 - Adicione à página uma paleta de quatro cores distintas.",
          "fullFile": "",
          "file": "",
          "beforeHooks": [],
          "afterHooks": [],
          "tests": [
            {
              "title": "A paleta de cores deve ser um elemento com `id` denominado `color-palette`",
              "fullTitle": "2 - Adicione à página uma paleta de quatro cores distintas. A paleta de cores deve ser um elemento com `id` denominado `color-palette`",
              "timedOut": null,
              "duration": 101,
              "state": "passed",
              "speed": "slow",
              "pass": true,
              "fail": false,
              "pending": false,
              "context": null,
              "code": "cy.get('#color-palette').should('be.visible');",
              "err": {},
              "uuid": "f0d85a8a-d53c-4a18-a19e-bc0002cecbb7",
              "parentUUID": "b80c6b2e-0d8e-46e0-bacc-4bb72a16601c",
              "isHook": false,
              "skipped": false
            },
            {
              "title": "Verifica se cada cor individual da paleta de cores possui a `classe` chamada `color`.",
              "fullTitle": "2 - Adicione à página uma paleta de quatro cores distintas. Verifica se cada cor individual da paleta de cores possui a `classe` chamada `color`.",
              "timedOut": null,
              "duration": 76,
              "state": "passed",
              "speed": "slow",
              "pass": true,
              "fail": false,
              "pending": false,
              "context": null,
              "code": "cy.get('.color').should('have.length', 4).then(function (colors) {\n  for (var i = 0; i < colors.length; i++) {\n    cy.wrap(colors[i]).should('be.visible');\n  }\n});",
              "err": {},
              "uuid": "4ea842b6-e41b-449c-b49f-85c6a6919e17",
              "parentUUID": "b80c6b2e-0d8e-46e0-bacc-4bb72a16601c",
              "isHook": false,
              "skipped": false
            },
            {
              "title": "Verifica se a cor de fundo de cada elemento da paleta é a cor que o elemento representa. **A única cor não permitida na paleta é a cor branca.**",
              "fullTitle": "2 - Adicione à página uma paleta de quatro cores distintas. Verifica se a cor de fundo de cada elemento da paleta é a cor que o elemento representa. **A única cor não permitida na paleta é a cor branca.**",
              "timedOut": null,
              "duration": 119,
              "state": "passed",
              "speed": "slow",
              "pass": true,
              "fail": false,
              "pending": false,
              "context": null,
              "code": "cy.get('.color').each(function (color) {\n  cy.wrap(color).should('have.class', 'color').and('not.have.css', 'background-color', WHITE);\n  cy.wrap(color).should('have.css', 'background-color');\n});",
              "err": {},
              "uuid": "da97d93d-be57-48dd-ac0b-ede2fa7ef483",
              "parentUUID": "b80c6b2e-0d8e-46e0-bacc-4bb72a16601c",
              "isHook": false,
              "skipped": false
            },
            {
              "title": "Verifica se cada elemento da paleta de cores tem uma borda preta, sólida e com 1 pixel de largura;",
              "fullTitle": "2 - Adicione à página uma paleta de quatro cores distintas. Verifica se cada elemento da paleta de cores tem uma borda preta, sólida e com 1 pixel de largura;",
              "timedOut": null,
              "duration": 82,
              "state": "passed",
              "speed": "slow",
              "pass": true,
              "fail": false,
              "pending": false,
              "context": null,
              "code": "cy.get('.color').each(function (color) {\n  cy.wrap(color).and('have.css', 'border', \"1px solid \".concat(BLACK)).and('have.class', 'color');\n});",
              "err": {},
              "uuid": "b65154e2-cf51-428a-805d-a8f0ca8fd941",
              "parentUUID": "b80c6b2e-0d8e-46e0-bacc-4bb72a16601c",
              "isHook": false,
              "skipped": false
            },
            {
              "title": "Verifica se a paleta lista todas as cores disponíveis para utilização, lado a lado.",
              "fullTitle": "2 - Adicione à página uma paleta de quatro cores distintas. Verifica se a paleta lista todas as cores disponíveis para utilização, lado a lado.",
              "timedOut": null,
              "duration": 4375,
              "state": "failed",
              "speed": null,
              "pass": false,
              "fail": true,
              "pending": false,
              "context": null,
              "code": "cy.get('.color').then(function (colors) {\n  for (var index = 1; index < colors.length; index += 1) {\n    var currentColor = colors[index];\n    var previousColor = colors[index - 1];\n    cy.wrap(currentColor).should('be.onTheRightOf', previousColor).and('be.horizontallyAlignedWith', previousColor);\n  }\n});",
              "err": {
                "message": "CypressError: Timed out retrying: expected '<div.color.green>' to be on the right of <div class=\"color blue\"></div>",
                "estack": "CypressError: Timed out retrying: expected '<div.color.green>' to be on the right of <div class=\"color blue\"></div>\n    at cypressErr (http://localhost:63726/__cypress/runner/cypress_runner.js:149934:9)\n    at throwErr (http://localhost:63726/__cypress/runner/cypress_runner.js:149867:11)\n    at Object.throwErrByPath (http://localhost:63726/__cypress/runner/cypress_runner.js:149915:3)\n    at retry (http://localhost:63726/__cypress/runner/cypress_runner.js:144197:19)\n    at onFailFn (http://localhost:63726/__cypress/runner/cypress_runner.js:132448:16)\n    at tryCatcher (http://localhost:63726/__cypress/runner/cypress_runner.js:167415:23)\n    at Promise._settlePromiseFromHandler (http://localhost:63726/__cypress/runner/cypress_runner.js:165351:31)\n    at Promise._settlePromise (http://localhost:63726/__cypress/runner/cypress_runner.js:165408:18)\n    at Promise._settlePromise0 (http://localhost:63726/__cypress/runner/cypress_runner.js:165453:10)\n    at Promise._settlePromises (http://localhost:63726/__cypress/runner/cypress_runner.js:165528:18)\n    at Async../node_modules/bluebird/js/release/async.js.Async._drainQueue (http://localhost:63726/__cypress/runner/cypress_runner.js:162140:16)\n    at Async../node_modules/bluebird/js/release/async.js.Async._drainQueues (http://localhost:63726/__cypress/runner/cypress_runner.js:162150:10)\n    at Async.drainQueues (http://localhost:63726/__cypress/runner/cypress_runner.js:162024:14)",
                "diff": null
              },
              "uuid": "6f1e8337-a9fd-419d-9435-cdb912fffbf2",
              "parentUUID": "b80c6b2e-0d8e-46e0-bacc-4bb72a16601c",
              "isHook": false,
              "skipped": false
            },
            {
              "title": "Verifica se a paleta de cores está posicionada abaixo do título 'Paleta de Cores'",
              "fullTitle": "2 - Adicione à página uma paleta de quatro cores distintas. Verifica se a paleta de cores está posicionada abaixo do título 'Paleta de Cores'",
              "timedOut": null,
              "duration": 153,
              "state": "passed",
              "speed": "slow",
              "pass": true,
              "fail": false,
              "pending": false,
              "context": null,
              "code": "cy.get('h1#title').then(function (title) {\n  cy.get('#color-palette').should('be.belowOf', title);\n});",
              "err": {},
              "uuid": "1aca1ed7-7de4-42e0-9ad1-adfbbf0910b6",
              "parentUUID": "b80c6b2e-0d8e-46e0-bacc-4bb72a16601c",
              "isHook": false,
              "skipped": false
            },
            {
              "title": "Verifica se a paleta de cores não contém cores repetidas.",
              "fullTitle": "2 - Adicione à página uma paleta de quatro cores distintas. Verifica se a paleta de cores não contém cores repetidas.",
              "timedOut": null,
              "duration": 93,
              "state": "passed",
              "speed": "slow",
              "pass": true,
              "fail": false,
              "pending": false,
              "context": null,
              "code": "cy.get('.color').then(function (colors) {\n  var allColors = Array.from(colors).map(function (color) {\n    return Cypress.$(color).css('background-color');\n  });\n  cy.log(allColors);\n  var uniqColors = (0, _toConsumableArray2[\"default\"])(new Set(allColors));\n  cy.log(uniqColors);\n  expect(allColors.length).to.eq(uniqColors.length);\n});",
              "err": {},
              "uuid": "31e17d42-f13d-4093-b371-0b19e05606fc",
              "parentUUID": "b80c6b2e-0d8e-46e0-bacc-4bb72a16601c",
              "isHook": false,
              "skipped": false
            }
          ],
          "suites": [],
          "passes": [
            "f0d85a8a-d53c-4a18-a19e-bc0002cecbb7",
            "4ea842b6-e41b-449c-b49f-85c6a6919e17",
            "da97d93d-be57-48dd-ac0b-ede2fa7ef483",
            "b65154e2-cf51-428a-805d-a8f0ca8fd941",
            "1aca1ed7-7de4-42e0-9ad1-adfbbf0910b6",
            "31e17d42-f13d-4093-b371-0b19e05606fc"
          ],
          "failures": [
            "6f1e8337-a9fd-419d-9435-cdb912fffbf2"
          ],
          "pending": [],
          "skipped": [],
          "duration": 4999,
          "root": false,
          "rootEmpty": false,
          "_timeout": 2000
        },
        {
          "uuid": "959b0cd9-3127-43e1-8498-39f9d71bad64",
          "title": "3 - Adicione a cor **preta** como a primeira cor da paleta de cores.",
          "fullFile": "",
          "file": "",
          "beforeHooks": [],
          "afterHooks": [],
          "tests": [
            {
              "title": "Verifica se a primeira cor da paleta é preta",
              "fullTitle": "3 - Adicione a cor **preta** como a primeira cor da paleta de cores. Verifica se a primeira cor da paleta é preta",
              "timedOut": null,
              "duration": 83,
              "state": "passed",
              "speed": "slow",
              "pass": true,
              "fail": false,
              "pending": false,
              "context": null,
              "code": "cy.get('.color').first().should('have.css', 'background-color', BLACK);",
              "err": {},
              "uuid": "1bcaaec3-c682-4027-9e22-606c01352cbd",
              "parentUUID": "959b0cd9-3127-43e1-8498-39f9d71bad64",
              "isHook": false,
              "skipped": false
            },
            {
              "title": "Verifica se as demais cores podem ser escolhidas livremente.",
              "fullTitle": "3 - Adicione a cor **preta** como a primeira cor da paleta de cores. Verifica se as demais cores podem ser escolhidas livremente.",
              "timedOut": null,
              "duration": 140,
              "state": "passed",
              "speed": "slow",
              "pass": true,
              "fail": false,
              "pending": false,
              "context": null,
              "code": "cy.get('.color').eq(1).should('not.have.css', 'background-color', BLACK);\ncy.get('.color').eq(1).should('not.have.css', 'background-color', WHITE);\ncy.get('.color').eq(1).should('not.have.css', 'background-color', 'rgba(0, 0, 0, 0)');\ncy.get('.color').eq(1).should('have.css', 'background-color');\ncy.get('.color').eq(2).should('not.have.css', 'background-color', BLACK);\ncy.get('.color').eq(2).should('not.have.css', 'background-color', WHITE);\ncy.get('.color').eq(2).should('not.have.css', 'background-color', 'rgba(0, 0, 0, 0)');\ncy.get('.color').eq(2).should('have.css', 'background-color');\ncy.get('.color').eq(3).should('not.have.css', 'background-color', BLACK);\ncy.get('.color').eq(3).should('not.have.css', 'background-color', WHITE);\ncy.get('.color').eq(3).should('not.have.css', 'background-color', 'rgba(0, 0, 0, 0)');\ncy.get('.color').eq(3).should('have.css', 'background-color');",
              "err": {},
              "uuid": "eeed95da-53c9-4b5c-9560-333c96704e6b",
              "parentUUID": "959b0cd9-3127-43e1-8498-39f9d71bad64",
              "isHook": false,
              "skipped": false
            }
          ],
          "suites": [],
          "passes": [
            "1bcaaec3-c682-4027-9e22-606c01352cbd",
            "eeed95da-53c9-4b5c-9560-333c96704e6b"
          ],
          "failures": [],
          "pending": [],
          "skipped": [],
          "duration": 223,
          "root": false,
          "rootEmpty": false,
          "_timeout": 2000
        },
        {
          "uuid": "97e81105-daaa-4518-96d9-3f7fedfb97c6",
          "title": "4 - Adicione à página um quadro de pixels, com 25 pixels.",
          "fullFile": "",
          "file": "",
          "beforeHooks": [],
          "afterHooks": [],
          "tests": [
            {
              "title": "Verifica se o quadro de pixels possui o `id` denominado `pixel-board`",
              "fullTitle": "4 - Adicione à página um quadro de pixels, com 25 pixels. Verifica se o quadro de pixels possui o `id` denominado `pixel-board`",
              "timedOut": null,
              "duration": 4349,
              "state": "failed",
              "speed": null,
              "pass": false,
              "fail": true,
              "pending": false,
              "context": null,
              "code": "cy.get('#pixel-board').should('be.visible');",
              "err": {
                "message": "CypressError: Timed out retrying: Expected to find element: '#pixel-board', but never found it.",
                "estack": "CypressError: Timed out retrying: Expected to find element: '#pixel-board', but never found it.\n    at cypressErr (http://localhost:63726/__cypress/runner/cypress_runner.js:149934:9)\n    at throwErr (http://localhost:63726/__cypress/runner/cypress_runner.js:149867:11)\n    at Object.throwErrByPath (http://localhost:63726/__cypress/runner/cypress_runner.js:149915:3)\n    at retry (http://localhost:63726/__cypress/runner/cypress_runner.js:144197:19)\n    at onFailFn (http://localhost:63726/__cypress/runner/cypress_runner.js:132448:16)\n    at tryCatcher (http://localhost:63726/__cypress/runner/cypress_runner.js:167415:23)\n    at Promise._settlePromiseFromHandler (http://localhost:63726/__cypress/runner/cypress_runner.js:165351:31)\n    at Promise._settlePromise (http://localhost:63726/__cypress/runner/cypress_runner.js:165408:18)\n    at Promise._settlePromise0 (http://localhost:63726/__cypress/runner/cypress_runner.js:165453:10)\n    at Promise._settlePromises (http://localhost:63726/__cypress/runner/cypress_runner.js:165528:18)\n    at Async../node_modules/bluebird/js/release/async.js.Async._drainQueue (http://localhost:63726/__cypress/runner/cypress_runner.js:162140:16)\n    at Async../node_modules/bluebird/js/release/async.js.Async._drainQueues (http://localhost:63726/__cypress/runner/cypress_runner.js:162150:10)\n    at Async.drainQueues (http://localhost:63726/__cypress/runner/cypress_runner.js:162024:14)",
                "diff": null
              },
              "uuid": "3426274b-da38-4686-becb-33b7e5992de9",
              "parentUUID": "97e81105-daaa-4518-96d9-3f7fedfb97c6",
              "isHook": false,
              "skipped": false
            },
            {
              "title": "Verifica se cada pixel individual dentro do quadro possui a `classe` denominada `pixel`.",
              "fullTitle": "4 - Adicione à página um quadro de pixels, com 25 pixels. Verifica se cada pixel individual dentro do quadro possui a `classe` denominada `pixel`.",
              "timedOut": null,
              "duration": 4416,
              "state": "failed",
              "speed": null,
              "pass": false,
              "fail": true,
              "pending": false,
              "context": null,
              "code": "cy.get('.pixel').should('have.length', 25);",
              "err": {
                "message": "CypressError: Timed out retrying: Expected to find element: '.pixel', but never found it.",
                "estack": "CypressError: Timed out retrying: Expected to find element: '.pixel', but never found it.\n    at cypressErr (http://localhost:63726/__cypress/runner/cypress_runner.js:149934:9)\n    at throwErr (http://localhost:63726/__cypress/runner/cypress_runner.js:149867:11)\n    at Object.throwErrByPath (http://localhost:63726/__cypress/runner/cypress_runner.js:149915:3)\n    at retry (http://localhost:63726/__cypress/runner/cypress_runner.js:144197:19)\n    at onFailFn (http://localhost:63726/__cypress/runner/cypress_runner.js:132448:16)\n    at tryCatcher (http://localhost:63726/__cypress/runner/cypress_runner.js:167415:23)\n    at Promise._settlePromiseFromHandler (http://localhost:63726/__cypress/runner/cypress_runner.js:165351:31)\n    at Promise._settlePromise (http://localhost:63726/__cypress/runner/cypress_runner.js:165408:18)\n    at Promise._settlePromise0 (http://localhost:63726/__cypress/runner/cypress_runner.js:165453:10)\n    at Promise._settlePromises (http://localhost:63726/__cypress/runner/cypress_runner.js:165528:18)\n    at Async../node_modules/bluebird/js/release/async.js.Async._drainQueue (http://localhost:63726/__cypress/runner/cypress_runner.js:162140:16)\n    at Async../node_modules/bluebird/js/release/async.js.Async._drainQueues (http://localhost:63726/__cypress/runner/cypress_runner.js:162150:10)\n    at Async.drainQueues (http://localhost:63726/__cypress/runner/cypress_runner.js:162024:14)",
                "diff": null
              },
              "uuid": "e01bbfcd-565a-4f2a-af89-d1b0591a518a",
              "parentUUID": "97e81105-daaa-4518-96d9-3f7fedfb97c6",
              "isHook": false,
              "skipped": false
            },
            {
              "title": "Verifica se a cor inicial dos pixels dentro do quadro, ao abrir a página, é branca.",
              "fullTitle": "4 - Adicione à página um quadro de pixels, com 25 pixels. Verifica se a cor inicial dos pixels dentro do quadro, ao abrir a página, é branca.",
              "timedOut": null,
              "duration": 4373,
              "state": "failed",
              "speed": null,
              "pass": false,
              "fail": true,
              "pending": false,
              "context": null,
              "code": "cy.get('.pixel').should('have.length', 25).each(function (pixel) {\n  expect(pixel).to.have.css('background-color', WHITE);\n});",
              "err": {
                "message": "CypressError: Timed out retrying: Expected to find element: '.pixel', but never found it.",
                "estack": "CypressError: Timed out retrying: Expected to find element: '.pixel', but never found it.\n    at cypressErr (http://localhost:63726/__cypress/runner/cypress_runner.js:149934:9)\n    at throwErr (http://localhost:63726/__cypress/runner/cypress_runner.js:149867:11)\n    at Object.throwErrByPath (http://localhost:63726/__cypress/runner/cypress_runner.js:149915:3)\n    at retry (http://localhost:63726/__cypress/runner/cypress_runner.js:144197:19)\n    at onFailFn (http://localhost:63726/__cypress/runner/cypress_runner.js:132448:16)\n    at tryCatcher (http://localhost:63726/__cypress/runner/cypress_runner.js:167415:23)\n    at Promise._settlePromiseFromHandler (http://localhost:63726/__cypress/runner/cypress_runner.js:165351:31)\n    at Promise._settlePromise (http://localhost:63726/__cypress/runner/cypress_runner.js:165408:18)\n    at Promise._settlePromise0 (http://localhost:63726/__cypress/runner/cypress_runner.js:165453:10)\n    at Promise._settlePromises (http://localhost:63726/__cypress/runner/cypress_runner.js:165528:18)\n    at Async../node_modules/bluebird/js/release/async.js.Async._drainQueue (http://localhost:63726/__cypress/runner/cypress_runner.js:162140:16)\n    at Async../node_modules/bluebird/js/release/async.js.Async._drainQueues (http://localhost:63726/__cypress/runner/cypress_runner.js:162150:10)\n    at Async.drainQueues (http://localhost:63726/__cypress/runner/cypress_runner.js:162024:14)",
                "diff": null
              },
              "uuid": "1fce2659-2acb-4dd5-8919-00130ad0c79b",
              "parentUUID": "97e81105-daaa-4518-96d9-3f7fedfb97c6",
              "isHook": false,
              "skipped": false
            },
            {
              "title": "Verifica se o quadro de pixels aparece abaixo da paleta de cores",
              "fullTitle": "4 - Adicione à página um quadro de pixels, com 25 pixels. Verifica se o quadro de pixels aparece abaixo da paleta de cores",
              "timedOut": null,
              "duration": 4406,
              "state": "failed",
              "speed": null,
              "pass": false,
              "fail": true,
              "pending": false,
              "context": null,
              "code": "cy.get('#color-palette').then(function (palette) {\n  cy.get('#pixel-board').should('be.belowOf', palette);\n});",
              "err": {
                "message": "CypressError: Timed out retrying: Expected to find element: '#pixel-board', but never found it.",
                "estack": "CypressError: Timed out retrying: Expected to find element: '#pixel-board', but never found it.\n    at cypressErr (http://localhost:63726/__cypress/runner/cypress_runner.js:149934:9)\n    at throwErr (http://localhost:63726/__cypress/runner/cypress_runner.js:149867:11)\n    at Object.throwErrByPath (http://localhost:63726/__cypress/runner/cypress_runner.js:149915:3)\n    at retry (http://localhost:63726/__cypress/runner/cypress_runner.js:144197:19)\n    at onFailFn (http://localhost:63726/__cypress/runner/cypress_runner.js:132448:16)\n    at tryCatcher (http://localhost:63726/__cypress/runner/cypress_runner.js:167415:23)\n    at Promise._settlePromiseFromHandler (http://localhost:63726/__cypress/runner/cypress_runner.js:165351:31)\n    at Promise._settlePromise (http://localhost:63726/__cypress/runner/cypress_runner.js:165408:18)\n    at Promise._settlePromise0 (http://localhost:63726/__cypress/runner/cypress_runner.js:165453:10)\n    at Promise._settlePromises (http://localhost:63726/__cypress/runner/cypress_runner.js:165528:18)\n    at Async../node_modules/bluebird/js/release/async.js.Async._drainQueue (http://localhost:63726/__cypress/runner/cypress_runner.js:162140:16)\n    at Async../node_modules/bluebird/js/release/async.js.Async._drainQueues (http://localhost:63726/__cypress/runner/cypress_runner.js:162150:10)\n    at Async.drainQueues (http://localhost:63726/__cypress/runner/cypress_runner.js:162024:14)",
                "diff": null
              },
              "uuid": "3186bc10-ad5e-42ea-9ad7-3f151b62100c",
              "parentUUID": "97e81105-daaa-4518-96d9-3f7fedfb97c6",
              "isHook": false,
              "skipped": false
            }
          ],
          "suites": [],
          "passes": [],
          "failures": [
            "3426274b-da38-4686-becb-33b7e5992de9",
            "e01bbfcd-565a-4f2a-af89-d1b0591a518a",
            "1fce2659-2acb-4dd5-8919-00130ad0c79b",
            "3186bc10-ad5e-42ea-9ad7-3f151b62100c"
          ],
          "pending": [],
          "skipped": [],
          "duration": 17544,
          "root": false,
          "rootEmpty": false,
          "_timeout": 2000
        },
        {
          "uuid": "c58dfd6e-cd88-4e09-b447-907f128bea37",
          "title": "5 - Faça com que cada elemento do quadro de pixels possua 40 pixels de largura, 40 pixels de altura e seja delimitado por uma borda preta de 1 pixel.",
          "fullFile": "",
          "file": "",
          "beforeHooks": [],
          "afterHooks": [],
          "tests": [
            {
              "title": "Verifica se o quadro de pixels tem altura e comprimento de 5 elementos",
              "fullTitle": "5 - Faça com que cada elemento do quadro de pixels possua 40 pixels de largura, 40 pixels de altura e seja delimitado por uma borda preta de 1 pixel. Verifica se o quadro de pixels tem altura e comprimento de 5 elementos",
              "timedOut": null,
              "duration": 4387,
              "state": "failed",
              "speed": null,
              "pass": false,
              "fail": true,
              "pending": false,
              "context": null,
              "code": "cy.get('.pixel').should('have.length', 25).each(function (pixel) {\n  expect(pixel).to.have.css('background-color', WHITE);\n}).and(function (pixels) {\n  var rows = chunk(pixels, 5);\n  rows.forEach(function (row) {\n    for (var index = 1; index < row.length; index += 1) {\n      var current = pixels[index];\n      var previous = pixels[index - 1];\n      cy.wrap(current).should('be.onTheRightOf', previous).and('be.horizontallyAlignedWith', previous);\n    }\n  });\n  for (var index = 1; index < 5; index += 1) {\n    expect(pixels[index * 5]).to.be.belowOf(pixels[(index - 1) * 5]);\n  }\n});",
              "err": {
                "message": "CypressError: Timed out retrying: Expected to find element: '.pixel', but never found it.",
                "estack": "CypressError: Timed out retrying: Expected to find element: '.pixel', but never found it.\n    at cypressErr (http://localhost:63726/__cypress/runner/cypress_runner.js:149934:9)\n    at throwErr (http://localhost:63726/__cypress/runner/cypress_runner.js:149867:11)\n    at Object.throwErrByPath (http://localhost:63726/__cypress/runner/cypress_runner.js:149915:3)\n    at retry (http://localhost:63726/__cypress/runner/cypress_runner.js:144197:19)\n    at onFailFn (http://localhost:63726/__cypress/runner/cypress_runner.js:132448:16)\n    at tryCatcher (http://localhost:63726/__cypress/runner/cypress_runner.js:167415:23)\n    at Promise._settlePromiseFromHandler (http://localhost:63726/__cypress/runner/cypress_runner.js:165351:31)\n    at Promise._settlePromise (http://localhost:63726/__cypress/runner/cypress_runner.js:165408:18)\n    at Promise._settlePromise0 (http://localhost:63726/__cypress/runner/cypress_runner.js:165453:10)\n    at Promise._settlePromises (http://localhost:63726/__cypress/runner/cypress_runner.js:165528:18)\n    at Async../node_modules/bluebird/js/release/async.js.Async._drainQueue (http://localhost:63726/__cypress/runner/cypress_runner.js:162140:16)\n    at Async../node_modules/bluebird/js/release/async.js.Async._drainQueues (http://localhost:63726/__cypress/runner/cypress_runner.js:162150:10)\n    at Async.drainQueues (http://localhost:63726/__cypress/runner/cypress_runner.js:162024:14)",
                "diff": null
              },
              "uuid": "43752432-5764-4ab1-998b-b784a9bd5393",
              "parentUUID": "c58dfd6e-cd88-4e09-b447-907f128bea37",
              "isHook": false,
              "skipped": false
            },
            {
              "title": "Verifica se 40 pixels é o tamanho total do elemento, incluindo seu conteúdo e excluindo a borda preta, que deve ser criada à parte.",
              "fullTitle": "5 - Faça com que cada elemento do quadro de pixels possua 40 pixels de largura, 40 pixels de altura e seja delimitado por uma borda preta de 1 pixel. Verifica se 40 pixels é o tamanho total do elemento, incluindo seu conteúdo e excluindo a borda preta, que deve ser criada à parte.",
              "timedOut": null,
              "duration": 4393,
              "state": "failed",
              "speed": null,
              "pass": false,
              "fail": true,
              "pending": false,
              "context": null,
              "code": "cy.get('.pixel').each(function (pixel) {\n  cy.wrap(pixel).should('have.css', 'height', '40px').and('have.css', 'width', '40px').and('have.css', 'border', \"1px solid \".concat(BLACK));\n});",
              "err": {
                "message": "CypressError: Timed out retrying: Expected to find element: '.pixel', but never found it.",
                "estack": "CypressError: Timed out retrying: Expected to find element: '.pixel', but never found it.\n    at cypressErr (http://localhost:63726/__cypress/runner/cypress_runner.js:149934:9)\n    at throwErr (http://localhost:63726/__cypress/runner/cypress_runner.js:149867:11)\n    at Object.throwErrByPath (http://localhost:63726/__cypress/runner/cypress_runner.js:149915:3)\n    at retry (http://localhost:63726/__cypress/runner/cypress_runner.js:144197:19)\n    at onFailFn (http://localhost:63726/__cypress/runner/cypress_runner.js:132448:16)\n    at tryCatcher (http://localhost:63726/__cypress/runner/cypress_runner.js:167415:23)\n    at Promise._settlePromiseFromHandler (http://localhost:63726/__cypress/runner/cypress_runner.js:165351:31)\n    at Promise._settlePromise (http://localhost:63726/__cypress/runner/cypress_runner.js:165408:18)\n    at Promise._settlePromise0 (http://localhost:63726/__cypress/runner/cypress_runner.js:165453:10)\n    at Promise._settlePromises (http://localhost:63726/__cypress/runner/cypress_runner.js:165528:18)\n    at Async../node_modules/bluebird/js/release/async.js.Async._drainQueue (http://localhost:63726/__cypress/runner/cypress_runner.js:162140:16)\n    at Async../node_modules/bluebird/js/release/async.js.Async._drainQueues (http://localhost:63726/__cypress/runner/cypress_runner.js:162150:10)\n    at Async.drainQueues (http://localhost:63726/__cypress/runner/cypress_runner.js:162024:14)",
                "diff": null
              },
              "uuid": "f9f1016f-7d05-4136-b5fe-f527cad35641",
              "parentUUID": "c58dfd6e-cd88-4e09-b447-907f128bea37",
              "isHook": false,
              "skipped": false
            }
          ],
          "suites": [],
          "passes": [],
          "failures": [
            "43752432-5764-4ab1-998b-b784a9bd5393",
            "f9f1016f-7d05-4136-b5fe-f527cad35641"
          ],
          "pending": [],
          "skipped": [],
          "duration": 8780,
          "root": false,
          "rootEmpty": false,
          "_timeout": 2000
        },
        {
          "uuid": "8573e980-c2c9-47f2-ae6e-a5a0f2f7d091",
          "title": "6 - Defina a cor preta como cor inicial. Ao carregar a página a cor preta já deve estar selecionada para pintar os pixels",
          "fullFile": "",
          "file": "",
          "beforeHooks": [],
          "afterHooks": [],
          "tests": [
            {
              "title": "Verifica se o elemento da cor preta possui, inicialmente, a `classe` `selected`",
              "fullTitle": "6 - Defina a cor preta como cor inicial. Ao carregar a página a cor preta já deve estar selecionada para pintar os pixels Verifica se o elemento da cor preta possui, inicialmente, a `classe` `selected`",
              "timedOut": null,
              "duration": 4386,
              "state": "failed",
              "speed": null,
              "pass": false,
              "fail": true,
              "pending": false,
              "context": null,
              "code": "cy.get('.selected').first().should('have.css', 'background-color', BLACK);",
              "err": {
                "message": "CypressError: Timed out retrying: Expected to find element: '.selected', but never found it.",
                "estack": "CypressError: Timed out retrying: Expected to find element: '.selected', but never found it.\n    at cypressErr (http://localhost:63726/__cypress/runner/cypress_runner.js:149934:9)\n    at throwErr (http://localhost:63726/__cypress/runner/cypress_runner.js:149867:11)\n    at Object.throwErrByPath (http://localhost:63726/__cypress/runner/cypress_runner.js:149915:3)\n    at retry (http://localhost:63726/__cypress/runner/cypress_runner.js:144197:19)\n    at onFailFn (http://localhost:63726/__cypress/runner/cypress_runner.js:132448:16)\n    at tryCatcher (http://localhost:63726/__cypress/runner/cypress_runner.js:167415:23)\n    at Promise._settlePromiseFromHandler (http://localhost:63726/__cypress/runner/cypress_runner.js:165351:31)\n    at Promise._settlePromise (http://localhost:63726/__cypress/runner/cypress_runner.js:165408:18)\n    at Promise._settlePromise0 (http://localhost:63726/__cypress/runner/cypress_runner.js:165453:10)\n    at Promise._settlePromises (http://localhost:63726/__cypress/runner/cypress_runner.js:165528:18)\n    at Async../node_modules/bluebird/js/release/async.js.Async._drainQueue (http://localhost:63726/__cypress/runner/cypress_runner.js:162140:16)\n    at Async../node_modules/bluebird/js/release/async.js.Async._drainQueues (http://localhost:63726/__cypress/runner/cypress_runner.js:162150:10)\n    at Async.drainQueues (http://localhost:63726/__cypress/runner/cypress_runner.js:162024:14)",
                "diff": null
              },
              "uuid": "f53a9db1-0daf-484e-b463-f1a6eee65dd1",
              "parentUUID": "8573e980-c2c9-47f2-ae6e-a5a0f2f7d091",
              "isHook": false,
              "skipped": false
            },
            {
              "title": "Verifica se nenhuma outra cor da paleta tem a `classe` `selected`",
              "fullTitle": "6 - Defina a cor preta como cor inicial. Ao carregar a página a cor preta já deve estar selecionada para pintar os pixels Verifica se nenhuma outra cor da paleta tem a `classe` `selected`",
              "timedOut": null,
              "duration": 132,
              "state": "passed",
              "speed": "slow",
              "pass": true,
              "fail": false,
              "pending": false,
              "context": null,
              "code": "cy.get('.color:not(:first-child)').each(function (color) {\n  cy.wrap(color).should('not.have.class', 'selected');\n});",
              "err": {},
              "uuid": "6eb8b834-0e51-4283-919b-c1414ae370c1",
              "parentUUID": "8573e980-c2c9-47f2-ae6e-a5a0f2f7d091",
              "isHook": false,
              "skipped": false
            }
          ],
          "suites": [],
          "passes": [
            "6eb8b834-0e51-4283-919b-c1414ae370c1"
          ],
          "failures": [
            "f53a9db1-0daf-484e-b463-f1a6eee65dd1"
          ],
          "pending": [],
          "skipped": [],
          "duration": 4518,
          "root": false,
          "rootEmpty": false,
          "_timeout": 2000
        },
        {
          "uuid": "50072cee-9f05-4d61-a061-cf5e0d051d00",
          "title": "7 - Clicar em uma das cores da paleta, faz com que ela seja selecionada e utilizada para preencher os pixels no quadro.",
          "fullFile": "",
          "file": "",
          "beforeHooks": [],
          "afterHooks": [],
          "tests": [
            {
              "title": "Verifica se somente uma cor da paleta de cores tem a classe `selected` de cada vez",
              "fullTitle": "7 - Clicar em uma das cores da paleta, faz com que ela seja selecionada e utilizada para preencher os pixels no quadro. Verifica se somente uma cor da paleta de cores tem a classe `selected` de cada vez",
              "timedOut": null,
              "duration": 550,
              "state": "failed",
              "speed": null,
              "pass": false,
              "fail": true,
              "pending": false,
              "context": null,
              "code": "cy.get('.color').each(function (selectedColor, selectedColorIndex) {\n  cy.wrap(selectedColor).click();\n  cy.get('.color').each(function (color, colorIndex) {\n    if (colorIndex === selectedColorIndex) {\n      expect(color).to.have[\"class\"]('selected');\n    } else {\n      expect(color).not.to.have[\"class\"]('selected');\n    }\n  });\n});",
              "err": {
                "message": "AssertionError: expected '<div.color.black>' to have class 'selected'",
                "estack": "AssertionError: expected '<div.color.black>' to have class 'selected'\n    at callback (http://localhost:63726/__cypress/runner/cypress_runner.js:136947:20)\n    at getRet (http://localhost:63726/__cypress/runner/cypress_runner.js:136585:16)\n    at tryCatcher (http://localhost:63726/__cypress/runner/cypress_runner.js:167415:23)\n    at Function.Promise.attempt.Promise.try (http://localhost:63726/__cypress/runner/cypress_runner.js:164690:29)\n    at thenFn (http://localhost:63726/__cypress/runner/cypress_runner.js:136599:23)\n    at yieldItem (http://localhost:63726/__cypress/runner/cypress_runner.js:136954:16)\n    at tryCatcher (http://localhost:63726/__cypress/runner/cypress_runner.js:167415:23)\n    at Object.gotValue (http://localhost:63726/__cypress/runner/cypress_runner.js:166557:18)\n    at Object.gotAccum (http://localhost:63726/__cypress/runner/cypress_runner.js:166546:25)\n    at Object.tryCatcher (http://localhost:63726/__cypress/runner/cypress_runner.js:167415:23)\n    at Promise._settlePromiseFromHandler (http://localhost:63726/__cypress/runner/cypress_runner.js:165351:31)\n    at Promise._settlePromise (http://localhost:63726/__cypress/runner/cypress_runner.js:165408:18)\n    at Promise._settlePromiseCtx (http://localhost:63726/__cypress/runner/cypress_runner.js:165445:10)\n    at Async../node_modules/bluebird/js/release/async.js.Async._drainQueue (http://localhost:63726/__cypress/runner/cypress_runner.js:162145:12)\n    at Async../node_modules/bluebird/js/release/async.js.Async._drainQueues (http://localhost:63726/__cypress/runner/cypress_runner.js:162150:10)\n    at Async.drainQueues (http://localhost:63726/__cypress/runner/cypress_runner.js:162024:14)",
                "diff": "- { '0': <div class=\"color black\"></div>,\n-   length: 1,\n-   jquery: '3.1.1',\n-   constructor: \n-    { [Function: jQuery]\n-      fn: \n-       { jquery: '3.1.1',\n-         constructor: [Circular],\n-         length: 0,\n-         toArray: [Function: toArray],\n-         get: [Function: get],\n-         pushStack: [Function: pushStack],\n-         each: [Function: each],\n-         map: [Function: map],\n-         slice: [Function: slice],\n-         first: [Function: first],\n-         last: [Function: last],\n-         eq: [Function: eq],\n-         end: [Function: end],\n-         push: [Function: push],\n-         sort: [Function: sort],\n-         splice: [Function: splice],\n-         extend: [Function],\n-         find: [Function: find],\n-         filter: [Function: filter],\n-         not: [Function: not],\n-         is: [Function: is],\n-         init: [Function],\n-         has: [Function: has],\n-         closest: [Function: closest],\n-         index: [Function: index],\n-         add: [Function: add],\n-         addBack: [Function: addBack],\n-         parent: [Function],\n-         parents: [Function],\n-         parentsUntil: [Function],\n-         next: [Function],\n-         prev: [Function],\n-         nextAll: [Function],\n-         prevAll: [Function],\n-         nextUntil: [Function],\n-         prevUntil: [Function],\n-         siblings: [Function],\n-         children: [Function],\n-         contents: [Function],\n-         ready: [Function],\n-         data: [Function: data],\n-         removeData: [Function: removeData],\n-         queue: [Function: queue],\n-         dequeue: [Function: dequeue],\n-         clearQueue: [Function: clearQueue],\n-         promise: [Function: promise],\n-         show: [Function],\n-         hide: [Function],\n-         toggle: [Function],\n-         on: [Function: on],\n-         one: [Function: one],\n-         off: [Function: off],\n-         detach: [Function: detach],\n-         remove: [Function: remove],\n-         text: [Function: text],\n-         append: [Function: append],\n-         prepend: [Function: prepend],\n-         before: [Function: before],\n-         after: [Function: after],\n-         empty: [Function: empty],\n-         clone: [Function: clone],\n-         html: [Function: html],\n-         replaceWith: [Function: replaceWith],\n-         appendTo: [Function],\n-         prependTo: [Function],\n-         insertBefore: [Function],\n-         insertAfter: [Function],\n-         replaceAll: [Function],\n-         css: [Function: css],\n-         fadeTo: [Function: fadeTo],\n-         animate: [Function: animate],\n-         stop: [Function: stop],\n-         finish: [Function: finish],\n-         slideDown: [Function],\n-         slideUp: [Function],\n-         slideToggle: [Function],\n-         fadeIn: [Function],\n-         fadeOut: [Function],\n-         fadeToggle: [Function],\n-         delay: [Function],\n-         attr: [Function: attr],\n-         removeAttr: [Function: removeAttr],\n-         prop: [Function: prop],\n-         removeProp: [Function: removeProp],\n-         addClass: [Function: addClass],\n-         removeClass: [Function: removeClass],\n-         toggleClass: [Function: toggleClass],\n-         hasClass: [Function: hasClass],\n-         val: [Function: val],\n-         trigger: [Function: trigger],\n-         triggerHandler: [Function: triggerHandler],\n-         blur: [Function],\n-         focus: [Function],\n-         focusin: [Function],\n-         focusout: [Function],\n-         resize: [Function],\n-         scroll: [Function],\n-         click: [Function],\n-         dblclick: [Function],\n-         mousedown: [Function],\n-         mouseup: [Function],\n-         mousemove: [Function],\n-         mouseover: [Function],\n-         mouseout: [Function],\n-         mouseenter: [Function],\n-         mouseleave: [Function],\n-         change: [Function],\n-         select: [Function],\n-         submit: [Function],\n-         keydown: [Function],\n-         keypress: [Function],\n-         keyup: [Function],\n-         contextmenu: [Function],\n-         hover: [Function: hover],\n-         serialize: [Function: serialize],\n-         serializeArray: [Function: serializeArray],\n-         wrapAll: [Function: wrapAll],\n-         wrapInner: [Function: wrapInner],\n-         wrap: [Function: wrap],\n-         unwrap: [Function: unwrap],\n-         load: [Function],\n-         ajaxStart: [Function],\n-         ajaxStop: [Function],\n-         ajaxComplete: [Function],\n-         ajaxError: [Function],\n-         ajaxSuccess: [Function],\n-         ajaxSend: [Function],\n-         offset: [Function: offset],\n-         position: [Function: position],\n-         offsetParent: [Function: offsetParent],\n-         scrollLeft: [Function],\n-         scrollTop: [Function],\n-         innerHeight: [Function],\n-         height: [Function],\n-         outerHeight: [Function],\n-         innerWidth: [Function],\n-         width: [Function],\n-         outerWidth: [Function],\n-         bind: [Function: bind],\n-         unbind: [Function: unbind],\n-         delegate: [Function: delegate],\n-         undelegate: [Function: undelegate],\n-         scrollTo: [Function] },\n-      extend: [Function],\n-      expando: 'jQuery31108375887031253542',\n-      isReady: true,\n-      error: [Function: error],\n-      noop: [Function: noop],\n-      isFunction: [Function: isFunction],\n-      isArray: [Function: isArray],\n-      isWindow: [Function: isWindow],\n-      isNumeric: [Function: isNumeric],\n-      isPlainObject: [Function: isPlainObject],\n-      isEmptyObject: [Function: isEmptyObject],\n-      type: [Function: type],\n-      globalEval: [Function: globalEval],\n-      camelCase: [Function: camelCase],\n-      nodeName: [Function: nodeName],\n-      each: [Function: each],\n-      trim: [Function: trim],\n-      makeArray: [Function: makeArray],\n-      inArray: [Function: inArray],\n-      merge: [Function: merge],\n-      grep: [Function: grep],\n-      map: [Function: map],\n-      guid: 7,\n-      proxy: [Function: proxy],\n-      now: [Function: now],\n-      support: \n-       { checkClone: true,\n-         noCloneChecked: true,\n-         clearCloneStyle: true,\n-         pixelPosition: [Function: pixelPosition],\n-         boxSizingReliable: [Function: boxSizingReliable],\n-         pixelMarginRight: [Function: pixelMarginRight],\n-         reliableMarginLeft: [Function: reliableMarginLeft],\n-         checkOn: true,\n-         optSelected: true,\n-         radioValue: true,\n-         focusin: false,\n-         cors: true,\n-         ajax: true,\n-         createHTMLDocument: true },\n-      find: \n-       { [Function: Sizzle]\n-         support: [Object],\n-         isXML: [Function],\n-         setDocument: [Function],\n-         matches: [Function],\n-         matchesSelector: [Function],\n-         contains: [Function],\n-         attr: [Function],\n-         escape: [Function],\n-         error: [Function],\n-         uniqueSort: [Function],\n-         getText: [Function],\n-         selectors: [Object],\n-         tokenize: [Function],\n-         compile: [Function],\n-         select: [Function] },\n-      expr: \n-       { cacheLength: 1,\n-         createPseudo: [Function: markFunction],\n-         match: [Object],\n-         attrHandle: [Object],\n-         find: [Object],\n-         relative: [Object],\n-         preFilter: [Object],\n-         filter: [Object],\n-         pseudos: [Object],\n-         filters: [Object],\n-         setFilters: [Object],\n-         ':': [Object] },\n-      unique: [Function],\n-      uniqueSort: [Function],\n-      text: [Function],\n-      isXMLDoc: [Function],\n-      contains: [Function],\n-      escapeSelector: [Function],\n-      filter: [Function],\n-      Callbacks: [Function],\n-      Deferred: { [Function: Deferred] exceptionHook: [Function] },\n-      when: [Function: when],\n-      readyException: [Function],\n-      readyWait: 0,\n-      holdReady: [Function: holdReady],\n-      ready: { [Function: ready] then: [Function: then] },\n-      hasData: [Function: hasData],\n-      data: [Function: data],\n-      removeData: [Function: removeData],\n-      _data: [Function: _data],\n-      _removeData: [Function: _removeData],\n-      queue: [Function: queue],\n-      dequeue: [Function: dequeue],\n-      _queueHooks: [Function: _queueHooks],\n-      event: \n-       { global: [Object],\n-         add: [Function: add],\n-         remove: [Function: remove],\n-         dispatch: [Function: dispatch],\n-         handlers: [Function: handlers],\n-         addProp: [Function: addProp],\n-         fix: [Function: fix],\n-         special: [Object],\n-         trigger: [Function: trigger],\n-         simulate: [Function: simulate] },\n-      removeEvent: [Function],\n-      Event: [Function],\n-      htmlPrefilter: [Function: htmlPrefilter],\n-      clone: [Function: clone],\n-      cleanData: [Function: cleanData],\n-      cssHooks: \n-       { opacity: [Object],\n-         height: [Object],\n-         width: [Object],\n-         marginLeft: [Object],\n-         margin: [Object],\n-         padding: [Object],\n-         borderWidth: [Object],\n-         top: [Object],\n-         left: [Object] },\n-      cssNumber: \n-       { animationIterationCount: true,\n-         columnCount: true,\n-         fillOpacity: true,\n-         flexGrow: true,\n-         flexShrink: true,\n-         fontWeight: true,\n-         lineHeight: true,\n-         opacity: true,\n-         order: true,\n-         orphans: true,\n-         widows: true,\n-         zIndex: true,\n-         zoom: true },\n-      cssProps: \n-       { float: 'cssFloat',\n-         width: 'width',\n-         display: 'display',\n-         boxSizing: 'boxSizing',\n-         height: 'height',\n-         overflow: 'overflow',\n-         overflowY: 'overflowY',\n-         overflowX: 'overflowX',\n-         visibility: 'visibility',\n-         position: 'position',\n-         backgroundColor: 'backgroundColor',\n-         border: 'border',\n-         paddingRight: 'paddingRight',\n-         borderRightWidth: 'borderRightWidth',\n-         paddingLeft: 'paddingLeft',\n-         borderLeftWidth: 'borderLeftWidth',\n-         paddingTop: 'paddingTop',\n-         borderTopWidth: 'borderTopWidth',\n-         paddingBottom: 'paddingBottom',\n-         borderBottomWidth: 'borderBottomWidth' },\n-      style: [Function: style],\n-      css: [Function: css],\n-      Tween: { [Function: Tween] propHooks: [Object] },\n-      easing: \n-       { linear: [Function: linear],\n-         swing: [Function: swing],\n-         _default: 'swing' },\n-      fx: \n-       { [Function: init]\n-         step: {},\n-         tick: [Function],\n-         timer: [Function],\n-         interval: 13,\n-         start: [Function],\n-         stop: [Function],\n-         speeds: [Object] },\n-      Animation: \n-       { [Function: Animation]\n-         tweeners: [Object],\n-         tweener: [Function: tweener],\n-         prefilters: [Object],\n-         prefilter: [Function: prefilter] },\n-      speed: [Function],\n-      timers: [],\n-      attr: [Function: attr],\n-      attrHooks: { type: [Object] },\n-      removeAttr: [Function: removeAttr],\n-      prop: [Function: prop],\n-      propHooks: { tabIndex: [Object] },\n-      propFix: \n-       { for: 'htmlFor',\n-         class: 'className',\n-         tabindex: 'tabIndex',\n-         readonly: 'readOnly',\n-         maxlength: 'maxLength',\n-         cellspacing: 'cellSpacing',\n-         cellpadding: 'cellPadding',\n-         rowspan: 'rowSpan',\n-         colspan: 'colSpan',\n-         usemap: 'useMap',\n-         frameborder: 'frameBorder',\n-         contenteditable: 'contentEditable' },\n-      valHooks: \n-       { option: [Object],\n-         select: [Object],\n-         radio: [Object],\n-         checkbox: [Object] },\n-      parseXML: [Function],\n-      param: [Function],\n-      active: 0,\n-      lastModified: {},\n-      etag: {},\n-      ajaxSettings: \n-       { url: 'http://localhost:63726/__/#/tests/integration/project.spec.js',\n-         type: 'GET',\n-         isLocal: false,\n-         global: true,\n-         processData: true,\n-         async: true,\n-         contentType: 'application/x-www-form-urlencoded; charset=UTF-8',\n-         accepts: [Object],\n-         contents: [Object],\n-         responseFields: [Object],\n-         converters: [Object],\n-         flatOptions: [Object],\n-         xhr: [Function],\n-         jsonp: 'callback',\n-         jsonpCallback: [Function: jsonpCallback],\n-         cache: false },\n-      ajaxSetup: [Function: ajaxSetup],\n-      ajaxPrefilter: [Function],\n-      ajaxTransport: [Function],\n-      ajax: [Function: ajax],\n-      getJSON: [Function: getJSON],\n-      getScript: [Function: getScript],\n-      get: [Function],\n-      post: [Function],\n-      _evalUrl: [Function],\n-      parseHTML: [Function],\n-      offset: { setOffset: [Function: setOffset] },\n-      parseJSON: [Function: parse],\n-      noConflict: [Function],\n-      scrollTo: { [Function] defaults: [Object], max: [Function] } },\n-   toArray: [Function: toArray],\n-   get: [Function: get],\n-   pushStack: [Function: pushStack],\n-   each: [Function: each],\n-   map: [Function: map],\n-   slice: [Function: slice],\n-   first: [Function: first],\n-   last: [Function: last],\n-   eq: [Function: eq],\n-   end: [Function: end],\n-   push: [Function: push],\n-   sort: [Function: sort],\n-   splice: [Function: splice],\n-   extend: [Function],\n-   find: [Function: find],\n-   filter: [Function: filter],\n-   not: [Function: not],\n-   is: [Function: is],\n-   init: [Function],\n-   has: [Function: has],\n-   closest: [Function: closest],\n-   index: [Function: index],\n-   add: [Function: add],\n-   addBack: [Function: addBack],\n-   parent: [Function],\n-   parents: [Function],\n-   parentsUntil: [Function],\n-   next: [Function],\n-   prev: [Function],\n-   nextAll: [Function],\n-   prevAll: [Function],\n-   nextUntil: [Function],\n-   prevUntil: [Function],\n-   siblings: [Function],\n-   children: [Function],\n-   contents: [Function],\n-   ready: [Function],\n-   data: [Function: data],\n-   removeData: [Function: removeData],\n-   queue: [Function: queue],\n-   dequeue: [Function: dequeue],\n-   clearQueue: [Function: clearQueue],\n-   promise: [Function: promise],\n-   show: [Function],\n-   hide: [Function],\n-   toggle: [Function],\n-   on: [Function: on],\n-   one: [Function: one],\n-   off: [Function: off],\n-   detach: [Function: detach],\n-   remove: [Function: remove],\n-   text: [Function: text],\n-   append: [Function: append],\n-   prepend: [Function: prepend],\n-   before: [Function: before],\n-   after: [Function: after],\n-   empty: [Function: empty],\n-   clone: [Function: clone],\n-   html: [Function: html],\n-   replaceWith: [Function: replaceWith],\n-   appendTo: [Function],\n-   prependTo: [Function],\n-   insertBefore: [Function],\n-   insertAfter: [Function],\n-   replaceAll: [Function],\n-   css: [Function: css],\n-   fadeTo: [Function: fadeTo],\n-   animate: [Function: animate],\n-   stop: [Function: stop],\n-   finish: [Function: finish],\n-   slideDown: [Function],\n-   slideUp: [Function],\n-   slideToggle: [Function],\n-   fadeIn: [Function],\n-   fadeOut: [Function],\n-   fadeToggle: [Function],\n-   delay: [Function],\n-   attr: [Function: attr],\n-   removeAttr: [Function: removeAttr],\n-   prop: [Function: prop],\n-   removeProp: [Function: removeProp],\n-   addClass: [Function: addClass],\n-   removeClass: [Function: removeClass],\n-   toggleClass: [Function: toggleClass],\n-   hasClass: [Function: hasClass],\n-   val: [Function: val],\n-   trigger: [Function: trigger],\n-   triggerHandler: [Function: triggerHandler],\n-   blur: [Function],\n-   focus: [Function],\n-   focusin: [Function],\n-   focusout: [Function],\n-   resize: [Function],\n-   scroll: [Function],\n-   click: [Function],\n-   dblclick: [Function],\n-   mousedown: [Function],\n-   mouseup: [Function],\n-   mousemove: [Function],\n-   mouseover: [Function],\n-   mouseout: [Function],\n-   mouseenter: [Function],\n-   mouseleave: [Function],\n-   change: [Function],\n-   select: [Function],\n-   submit: [Function],\n-   keydown: [Function],\n-   keypress: [Function],\n-   keyup: [Function],\n-   contextmenu: [Function],\n-   hover: [Function: hover],\n-   serialize: [Function: serialize],\n-   serializeArray: [Function: serializeArray],\n-   wrapAll: [Function: wrapAll],\n-   wrapInner: [Function: wrapInner],\n-   wrap: [Function: wrap],\n-   unwrap: [Function: unwrap],\n-   load: [Function],\n-   ajaxStart: [Function],\n-   ajaxStop: [Function],\n-   ajaxComplete: [Function],\n-   ajaxError: [Function],\n-   ajaxSuccess: [Function],\n-   ajaxSend: [Function],\n-   offset: [Function: offset],\n-   position: [Function: position],\n-   offsetParent: [Function: offsetParent],\n-   scrollLeft: [Function],\n-   scrollTop: [Function],\n-   innerHeight: [Function],\n-   height: [Function],\n-   outerHeight: [Function],\n-   innerWidth: [Function],\n-   width: [Function],\n-   outerWidth: [Function],\n-   bind: [Function: bind],\n-   unbind: [Function: unbind],\n-   delegate: [Function: delegate],\n-   undelegate: [Function: undelegate],\n-   scrollTo: [Function] }\n+ 'selected'\n"
              },
              "uuid": "889af659-3b4b-467b-86fa-245858d99d54",
              "parentUUID": "50072cee-9f05-4d61-a061-cf5e0d051d00",
              "isHook": false,
              "skipped": false
            },
            {
              "title": "Verifica se os pixels dentro do quadro não têm a classe `selected` quando são clicados",
              "fullTitle": "7 - Clicar em uma das cores da paleta, faz com que ela seja selecionada e utilizada para preencher os pixels no quadro. Verifica se os pixels dentro do quadro não têm a classe `selected` quando são clicados",
              "timedOut": null,
              "duration": 4471,
              "state": "failed",
              "speed": null,
              "pass": false,
              "fail": true,
              "pending": false,
              "context": null,
              "code": "cy.get('.color').each(function (color) {\n  var backgroundColor = color.css('background-color');\n  cy.wrap(color).click();\n  cy.get('.pixel').each(function (pixel) {\n    cy.wrap(pixel).click().should('not.have.class', 'selected');\n  });\n});",
              "err": {
                "message": "CypressError: Timed out retrying: Expected to find element: '.pixel', but never found it.",
                "estack": "CypressError: Timed out retrying: Expected to find element: '.pixel', but never found it.\n    at cypressErr (http://localhost:63726/__cypress/runner/cypress_runner.js:149934:9)\n    at throwErr (http://localhost:63726/__cypress/runner/cypress_runner.js:149867:11)\n    at Object.throwErrByPath (http://localhost:63726/__cypress/runner/cypress_runner.js:149915:3)\n    at retry (http://localhost:63726/__cypress/runner/cypress_runner.js:144197:19)\n    at onFailFn (http://localhost:63726/__cypress/runner/cypress_runner.js:132448:16)\n    at tryCatcher (http://localhost:63726/__cypress/runner/cypress_runner.js:167415:23)\n    at Promise._settlePromiseFromHandler (http://localhost:63726/__cypress/runner/cypress_runner.js:165351:31)\n    at Promise._settlePromise (http://localhost:63726/__cypress/runner/cypress_runner.js:165408:18)\n    at Promise._settlePromise0 (http://localhost:63726/__cypress/runner/cypress_runner.js:165453:10)\n    at Promise._settlePromises (http://localhost:63726/__cypress/runner/cypress_runner.js:165528:18)\n    at Async../node_modules/bluebird/js/release/async.js.Async._drainQueue (http://localhost:63726/__cypress/runner/cypress_runner.js:162140:16)\n    at Async../node_modules/bluebird/js/release/async.js.Async._drainQueues (http://localhost:63726/__cypress/runner/cypress_runner.js:162150:10)\n    at Async.drainQueues (http://localhost:63726/__cypress/runner/cypress_runner.js:162024:14)",
                "diff": null
              },
              "uuid": "8164c708-f7c8-4eab-bdd9-b12bd504fb78",
              "parentUUID": "50072cee-9f05-4d61-a061-cf5e0d051d00",
              "isHook": false,
              "skipped": false
            }
          ],
          "suites": [],
          "passes": [],
          "failures": [
            "889af659-3b4b-467b-86fa-245858d99d54",
            "8164c708-f7c8-4eab-bdd9-b12bd504fb78"
          ],
          "pending": [],
          "skipped": [],
          "duration": 5021,
          "root": false,
          "rootEmpty": false,
          "_timeout": 2000
        },
        {
          "uuid": "c3080ca8-579f-4c49-a217-598541b402ce",
          "title": "8 - Clicar em um pixel dentro do quadro após selecionar uma cor na paleta, faz com que o pixel seja preenchido com a cor selecionada.",
          "fullFile": "",
          "file": "",
          "beforeHooks": [],
          "afterHooks": [],
          "tests": [
            {
              "title": "Verifica se ao carregar a página deve ser possível pintar os pixels de preto",
              "fullTitle": "8 - Clicar em um pixel dentro do quadro após selecionar uma cor na paleta, faz com que o pixel seja preenchido com a cor selecionada. Verifica se ao carregar a página deve ser possível pintar os pixels de preto",
              "timedOut": null,
              "duration": 4407,
              "state": "failed",
              "speed": null,
              "pass": false,
              "fail": true,
              "pending": false,
              "context": null,
              "code": "cy.get('.pixel').each(function (pixel) {\n  cy.wrap(pixel).click().should('have.css', 'background-color', BLACK);\n});",
              "err": {
                "message": "CypressError: Timed out retrying: Expected to find element: '.pixel', but never found it.",
                "estack": "CypressError: Timed out retrying: Expected to find element: '.pixel', but never found it.\n    at cypressErr (http://localhost:63726/__cypress/runner/cypress_runner.js:149934:9)\n    at throwErr (http://localhost:63726/__cypress/runner/cypress_runner.js:149867:11)\n    at Object.throwErrByPath (http://localhost:63726/__cypress/runner/cypress_runner.js:149915:3)\n    at retry (http://localhost:63726/__cypress/runner/cypress_runner.js:144197:19)\n    at onFailFn (http://localhost:63726/__cypress/runner/cypress_runner.js:132448:16)\n    at tryCatcher (http://localhost:63726/__cypress/runner/cypress_runner.js:167415:23)\n    at Promise._settlePromiseFromHandler (http://localhost:63726/__cypress/runner/cypress_runner.js:165351:31)\n    at Promise._settlePromise (http://localhost:63726/__cypress/runner/cypress_runner.js:165408:18)\n    at Promise._settlePromise0 (http://localhost:63726/__cypress/runner/cypress_runner.js:165453:10)\n    at Promise._settlePromises (http://localhost:63726/__cypress/runner/cypress_runner.js:165528:18)\n    at Async../node_modules/bluebird/js/release/async.js.Async._drainQueue (http://localhost:63726/__cypress/runner/cypress_runner.js:162140:16)\n    at Async../node_modules/bluebird/js/release/async.js.Async._drainQueues (http://localhost:63726/__cypress/runner/cypress_runner.js:162150:10)\n    at Async.drainQueues (http://localhost:63726/__cypress/runner/cypress_runner.js:162024:14)",
                "diff": null
              },
              "uuid": "77446a9e-9c5d-4a76-88cd-e44b18610c92",
              "parentUUID": "c3080ca8-579f-4c49-a217-598541b402ce",
              "isHook": false,
              "skipped": false
            },
            {
              "title": "Verifica se após selecionar uma outra cor na paleta, é possível pintar os pixels com essa cor",
              "fullTitle": "8 - Clicar em um pixel dentro do quadro após selecionar uma cor na paleta, faz com que o pixel seja preenchido com a cor selecionada. Verifica se após selecionar uma outra cor na paleta, é possível pintar os pixels com essa cor",
              "timedOut": null,
              "duration": 4473,
              "state": "failed",
              "speed": null,
              "pass": false,
              "fail": true,
              "pending": false,
              "context": null,
              "code": "cy.get('.color').each(function (color) {\n  var backgroundColor = color.css('background-color');\n  cy.wrap(color).click();\n  cy.get('.pixel').each(function (pixel) {\n    cy.wrap(pixel).click().should('have.css', 'background-color', backgroundColor);\n  });\n});",
              "err": {
                "message": "CypressError: Timed out retrying: Expected to find element: '.pixel', but never found it.",
                "estack": "CypressError: Timed out retrying: Expected to find element: '.pixel', but never found it.\n    at cypressErr (http://localhost:63726/__cypress/runner/cypress_runner.js:149934:9)\n    at throwErr (http://localhost:63726/__cypress/runner/cypress_runner.js:149867:11)\n    at Object.throwErrByPath (http://localhost:63726/__cypress/runner/cypress_runner.js:149915:3)\n    at retry (http://localhost:63726/__cypress/runner/cypress_runner.js:144197:19)\n    at onFailFn (http://localhost:63726/__cypress/runner/cypress_runner.js:132448:16)\n    at tryCatcher (http://localhost:63726/__cypress/runner/cypress_runner.js:167415:23)\n    at Promise._settlePromiseFromHandler (http://localhost:63726/__cypress/runner/cypress_runner.js:165351:31)\n    at Promise._settlePromise (http://localhost:63726/__cypress/runner/cypress_runner.js:165408:18)\n    at Promise._settlePromise0 (http://localhost:63726/__cypress/runner/cypress_runner.js:165453:10)\n    at Promise._settlePromises (http://localhost:63726/__cypress/runner/cypress_runner.js:165528:18)\n    at Async../node_modules/bluebird/js/release/async.js.Async._drainQueue (http://localhost:63726/__cypress/runner/cypress_runner.js:162140:16)\n    at Async../node_modules/bluebird/js/release/async.js.Async._drainQueues (http://localhost:63726/__cypress/runner/cypress_runner.js:162150:10)\n    at Async.drainQueues (http://localhost:63726/__cypress/runner/cypress_runner.js:162024:14)",
                "diff": null
              },
              "uuid": "b10d715c-eb6c-4703-a851-e9dc97a8d823",
              "parentUUID": "c3080ca8-579f-4c49-a217-598541b402ce",
              "isHook": false,
              "skipped": false
            },
            {
              "title": "Verifica se somente o pixel que foi clicado foi preenchido com a cor selecionada, sem influenciar na cor dos demais pixels.",
              "fullTitle": "8 - Clicar em um pixel dentro do quadro após selecionar uma cor na paleta, faz com que o pixel seja preenchido com a cor selecionada. Verifica se somente o pixel que foi clicado foi preenchido com a cor selecionada, sem influenciar na cor dos demais pixels.",
              "timedOut": null,
              "duration": 4486,
              "state": "failed",
              "speed": null,
              "pass": false,
              "fail": true,
              "pending": false,
              "context": null,
              "code": "var colorToPixelIndexMap = {\n  0: 6,\n  1: 8,\n  2: 16,\n  3: 18\n};\ncy.get('.color').each(function (color, index) {\n  cy.wrap(color).click();\n  var backgroundColor = color.css('background-color');\n  var clickedPixelIndex = colorToPixelIndexMap[index];\n  cy.get('.pixel').eq(clickedPixelIndex).click();\n  cy.get('.pixel').eq(clickedPixelIndex - 1).should('not.have.css', 'background-color', backgroundColor);\n  cy.get('.pixel').eq(clickedPixelIndex + 1).should('not.have.css', 'background-color', backgroundColor);\n  cy.get('.pixel').eq(clickedPixelIndex - 5).should('not.have.css', 'background-color', backgroundColor);\n  cy.get('.pixel').eq(clickedPixelIndex + 5).should('not.have.css', 'background-color', backgroundColor);\n  cy.get('.pixel').eq(clickedPixelIndex - 6).should('not.have.css', 'background-color', backgroundColor);\n  cy.get('.pixel').eq(clickedPixelIndex - 4).should('not.have.css', 'background-color', backgroundColor);\n  cy.get('.pixel').eq(clickedPixelIndex + 4).should('not.have.css', 'background-color', backgroundColor);\n  cy.get('.pixel').eq(clickedPixelIndex + 6).should('not.have.css', 'background-color', backgroundColor);\n});",
              "err": {
                "message": "CypressError: Timed out retrying: Expected to find element: '.pixel', but never found it.",
                "estack": "CypressError: Timed out retrying: Expected to find element: '.pixel', but never found it.\n    at cypressErr (http://localhost:63726/__cypress/runner/cypress_runner.js:149934:9)\n    at throwErr (http://localhost:63726/__cypress/runner/cypress_runner.js:149867:11)\n    at Object.throwErrByPath (http://localhost:63726/__cypress/runner/cypress_runner.js:149915:3)\n    at retry (http://localhost:63726/__cypress/runner/cypress_runner.js:144197:19)\n    at onFailFn (http://localhost:63726/__cypress/runner/cypress_runner.js:132448:16)\n    at tryCatcher (http://localhost:63726/__cypress/runner/cypress_runner.js:167415:23)\n    at Promise._settlePromiseFromHandler (http://localhost:63726/__cypress/runner/cypress_runner.js:165351:31)\n    at Promise._settlePromise (http://localhost:63726/__cypress/runner/cypress_runner.js:165408:18)\n    at Promise._settlePromise0 (http://localhost:63726/__cypress/runner/cypress_runner.js:165453:10)\n    at Promise._settlePromises (http://localhost:63726/__cypress/runner/cypress_runner.js:165528:18)\n    at Async../node_modules/bluebird/js/release/async.js.Async._drainQueue (http://localhost:63726/__cypress/runner/cypress_runner.js:162140:16)\n    at Async../node_modules/bluebird/js/release/async.js.Async._drainQueues (http://localhost:63726/__cypress/runner/cypress_runner.js:162150:10)\n    at Async.drainQueues (http://localhost:63726/__cypress/runner/cypress_runner.js:162024:14)",
                "diff": null
              },
              "uuid": "494ee514-fd40-40ee-a7b1-191ab291e64a",
              "parentUUID": "c3080ca8-579f-4c49-a217-598541b402ce",
              "isHook": false,
              "skipped": false
            }
          ],
          "suites": [],
          "passes": [],
          "failures": [
            "77446a9e-9c5d-4a76-88cd-e44b18610c92",
            "b10d715c-eb6c-4703-a851-e9dc97a8d823",
            "494ee514-fd40-40ee-a7b1-191ab291e64a"
          ],
          "pending": [],
          "skipped": [],
          "duration": 13366,
          "root": false,
          "rootEmpty": false,
          "_timeout": 2000
        },
        {
          "uuid": "ea07cd9a-6951-4499-9799-a351bb7a7460",
          "title": "9 - Crie um botão que, ao ser clicado, limpa o quadro preenchendo a cor de todos seus pixels com branco.",
          "fullFile": "",
          "file": "",
          "beforeHooks": [],
          "afterHooks": [],
          "tests": [
            {
              "title": "Verifica se o botão tem o `id` denominado `clear-board`",
              "fullTitle": "9 - Crie um botão que, ao ser clicado, limpa o quadro preenchendo a cor de todos seus pixels com branco. Verifica se o botão tem o `id` denominado `clear-board`",
              "timedOut": null,
              "duration": 4380,
              "state": "failed",
              "speed": null,
              "pass": false,
              "fail": true,
              "pending": false,
              "context": null,
              "code": "cy.get('#clear-board').should('be.visible');",
              "err": {
                "message": "CypressError: Timed out retrying: Expected to find element: '#clear-board', but never found it.",
                "estack": "CypressError: Timed out retrying: Expected to find element: '#clear-board', but never found it.\n    at cypressErr (http://localhost:63726/__cypress/runner/cypress_runner.js:149934:9)\n    at throwErr (http://localhost:63726/__cypress/runner/cypress_runner.js:149867:11)\n    at Object.throwErrByPath (http://localhost:63726/__cypress/runner/cypress_runner.js:149915:3)\n    at retry (http://localhost:63726/__cypress/runner/cypress_runner.js:144197:19)\n    at onFailFn (http://localhost:63726/__cypress/runner/cypress_runner.js:132448:16)\n    at tryCatcher (http://localhost:63726/__cypress/runner/cypress_runner.js:167415:23)\n    at Promise._settlePromiseFromHandler (http://localhost:63726/__cypress/runner/cypress_runner.js:165351:31)\n    at Promise._settlePromise (http://localhost:63726/__cypress/runner/cypress_runner.js:165408:18)\n    at Promise._settlePromise0 (http://localhost:63726/__cypress/runner/cypress_runner.js:165453:10)\n    at Promise._settlePromises (http://localhost:63726/__cypress/runner/cypress_runner.js:165528:18)\n    at Async../node_modules/bluebird/js/release/async.js.Async._drainQueue (http://localhost:63726/__cypress/runner/cypress_runner.js:162140:16)\n    at Async../node_modules/bluebird/js/release/async.js.Async._drainQueues (http://localhost:63726/__cypress/runner/cypress_runner.js:162150:10)\n    at Async.drainQueues (http://localhost:63726/__cypress/runner/cypress_runner.js:162024:14)",
                "diff": null
              },
              "uuid": "ad85ead3-fe89-4e59-8570-70385ee28ed5",
              "parentUUID": "ea07cd9a-6951-4499-9799-a351bb7a7460",
              "isHook": false,
              "skipped": false
            },
            {
              "title": "Verifica se o botão está posicionado entre a paleta de cores e o quadro de pixels",
              "fullTitle": "9 - Crie um botão que, ao ser clicado, limpa o quadro preenchendo a cor de todos seus pixels com branco. Verifica se o botão está posicionado entre a paleta de cores e o quadro de pixels",
              "timedOut": null,
              "duration": 4403,
              "state": "failed",
              "speed": null,
              "pass": false,
              "fail": true,
              "pending": false,
              "context": null,
              "code": "cy.get('#color-palette').then(function (palette) {\n  cy.get('#clear-board').should('be.belowOf', palette);\n});\ncy.get('#clear-board').then(function (clearBtn) {\n  cy.get('#pixel-board').should('be.belowOf', clearBtn);\n});",
              "err": {
                "message": "CypressError: Timed out retrying: Expected to find element: '#clear-board', but never found it.",
                "estack": "CypressError: Timed out retrying: Expected to find element: '#clear-board', but never found it.\n    at cypressErr (http://localhost:63726/__cypress/runner/cypress_runner.js:149934:9)\n    at throwErr (http://localhost:63726/__cypress/runner/cypress_runner.js:149867:11)\n    at Object.throwErrByPath (http://localhost:63726/__cypress/runner/cypress_runner.js:149915:3)\n    at retry (http://localhost:63726/__cypress/runner/cypress_runner.js:144197:19)\n    at onFailFn (http://localhost:63726/__cypress/runner/cypress_runner.js:132448:16)\n    at tryCatcher (http://localhost:63726/__cypress/runner/cypress_runner.js:167415:23)\n    at Promise._settlePromiseFromHandler (http://localhost:63726/__cypress/runner/cypress_runner.js:165351:31)\n    at Promise._settlePromise (http://localhost:63726/__cypress/runner/cypress_runner.js:165408:18)\n    at Promise._settlePromise0 (http://localhost:63726/__cypress/runner/cypress_runner.js:165453:10)\n    at Promise._settlePromises (http://localhost:63726/__cypress/runner/cypress_runner.js:165528:18)\n    at Async../node_modules/bluebird/js/release/async.js.Async._drainQueue (http://localhost:63726/__cypress/runner/cypress_runner.js:162140:16)\n    at Async../node_modules/bluebird/js/release/async.js.Async._drainQueues (http://localhost:63726/__cypress/runner/cypress_runner.js:162150:10)\n    at Async.drainQueues (http://localhost:63726/__cypress/runner/cypress_runner.js:162024:14)",
                "diff": null
              },
              "uuid": "221ef821-8dbb-451f-982f-503de4f5f0bf",
              "parentUUID": "ea07cd9a-6951-4499-9799-a351bb7a7460",
              "isHook": false,
              "skipped": false
            },
            {
              "title": "Verifica se o texto do botão é 'Limpar'",
              "fullTitle": "9 - Crie um botão que, ao ser clicado, limpa o quadro preenchendo a cor de todos seus pixels com branco. Verifica se o texto do botão é 'Limpar'",
              "timedOut": null,
              "duration": 4371,
              "state": "failed",
              "speed": null,
              "pass": false,
              "fail": true,
              "pending": false,
              "context": null,
              "code": "cy.get('#clear-board').should('contain.text', 'Limpar');",
              "err": {
                "message": "CypressError: Timed out retrying: Expected to find element: '#clear-board', but never found it.",
                "estack": "CypressError: Timed out retrying: Expected to find element: '#clear-board', but never found it.\n    at cypressErr (http://localhost:63726/__cypress/runner/cypress_runner.js:149934:9)\n    at throwErr (http://localhost:63726/__cypress/runner/cypress_runner.js:149867:11)\n    at Object.throwErrByPath (http://localhost:63726/__cypress/runner/cypress_runner.js:149915:3)\n    at retry (http://localhost:63726/__cypress/runner/cypress_runner.js:144197:19)\n    at onFailFn (http://localhost:63726/__cypress/runner/cypress_runner.js:132448:16)\n    at tryCatcher (http://localhost:63726/__cypress/runner/cypress_runner.js:167415:23)\n    at Promise._settlePromiseFromHandler (http://localhost:63726/__cypress/runner/cypress_runner.js:165351:31)\n    at Promise._settlePromise (http://localhost:63726/__cypress/runner/cypress_runner.js:165408:18)\n    at Promise._settlePromise0 (http://localhost:63726/__cypress/runner/cypress_runner.js:165453:10)\n    at Promise._settlePromises (http://localhost:63726/__cypress/runner/cypress_runner.js:165528:18)\n    at Async../node_modules/bluebird/js/release/async.js.Async._drainQueue (http://localhost:63726/__cypress/runner/cypress_runner.js:162140:16)\n    at Async../node_modules/bluebird/js/release/async.js.Async._drainQueues (http://localhost:63726/__cypress/runner/cypress_runner.js:162150:10)\n    at Async.drainQueues (http://localhost:63726/__cypress/runner/cypress_runner.js:162024:14)",
                "diff": null
              },
              "uuid": "270925f5-f81f-4902-8259-15d9b4b1b6ba",
              "parentUUID": "ea07cd9a-6951-4499-9799-a351bb7a7460",
              "isHook": false,
              "skipped": false
            },
            {
              "title": "Verifica se ao clicar no botão, o quadro de pixels é totalmente preenchido de branco",
              "fullTitle": "9 - Crie um botão que, ao ser clicado, limpa o quadro preenchendo a cor de todos seus pixels com branco. Verifica se ao clicar no botão, o quadro de pixels é totalmente preenchido de branco",
              "timedOut": null,
              "duration": 4499,
              "state": "failed",
              "speed": null,
              "pass": false,
              "fail": true,
              "pending": false,
              "context": null,
              "code": "cy.get('.color').eq(1).then(function (color) {\n  var backgroundColor = color.css('background-color');\n  cy.wrap(color).click();\n  cy.get('.pixel').each(function (pixel) {\n    cy.wrap(pixel).click().should('have.css', 'background-color', backgroundColor);\n  });\n});\ncy.get('#clear-board').click();\ncy.get('.pixel').each(function (pixel) {\n  cy.wrap(pixel).should('have.css', 'background-color', WHITE);\n});",
              "err": {
                "message": "CypressError: Timed out retrying: Expected to find element: '.pixel', but never found it.",
[...]
                "diff": null
              },
              "uuid": "746f2bd0-41ef-42dc-96f3-d9c164c07ad1",
              "parentUUID": "23df6ffa-fa68-4901-9520-14422d94e34f",
              "isHook": false,
              "skipped": false
            },
            {
              "title": "Verifica se o novo quadro tem todos os pixels preenchidos com a cor branca",
              "fullTitle": "10 - Faça o quadro de pixels ter seu tamanho definido pelo usuário. Verifica se o novo quadro tem todos os pixels preenchidos com a cor branca",
              "timedOut": null,
              "duration": 4386,
              "state": "failed",
              "speed": null,
              "pass": false,
              "fail": true,
              "pending": false,
              "context": null,
              "code": "cy.get('#board-size').clear().type(6);\ncy.get('#generate-board').click();\ncy.get('.pixel').should('have.length', 36).each(function (pixel) {\n  expect(pixel).to.have.css('background-color', WHITE);\n});",
              "err": {
                "message": "CypressError: Timed out retrying: Expected to find element: '#board-size', but never found it.",
                "estack": "CypressError: Timed out retrying: Expected to find element: '#board-size', but never found it.\n    at cypressErr (http://localhost:63726/__cypress/runner/cypress_runner.js:149934:9)\n    at throwErr (http://localhost:63726/__cypress/runner/cypress_runner.js:149867:11)\n    at Object.throwErrByPath (http://localhost:63726/__cypress/runner/cypress_runner.js:149915:3)\n    at retry (http://localhost:63726/__cypress/runner/cypress_runner.js:144197:19)\n    at onFailFn (http://localhost:63726/__cypress/runner/cypress_runner.js:132448:16)\n    at tryCatcher (http://localhost:63726/__cypress/runner/cypress_runner.js:167415:23)\n    at Promise._settlePromiseFromHandler (http://localhost:63726/__cypress/runner/cypress_runner.js:165351:31)\n    at Promise._settlePromise (http://localhost:63726/__cypress/runner/cypress_runner.js:165408:18)\n    at Promise._settlePromise0 (http://localhost:63726/__cypress/runner/cypress_runner.js:165453:10)\n    at Promise._settlePromises (http://localhost:63726/__cypress/runner/cypress_runner.js:165528:18)\n    at Async../node_modules/bluebird/js/release/async.js.Async._drainQueue (http://localhost:63726/__cypress/runner/cypress_runner.js:162140:16)\n    at Async../node_modules/bluebird/js/release/async.js.Async._drainQueues (http://localhost:63726/__cypress/runner/cypress_runner.js:162150:10)\n    at Async.drainQueues (http://localhost:63726/__cypress/runner/cypress_runner.js:162024:14)",
                "diff": null
              },
              "uuid": "2dc863eb-40f2-4332-9b08-376eedce85c5",
              "parentUUID": "23df6ffa-fa68-4901-9520-14422d94e34f",
              "isHook": false,
              "skipped": false
            }
          ],
          "suites": [],
          "passes": [],
          "failures": [
            "39b0c8f7-9515-42f9-ac50-626cdbf26da4",
            "ca1f5f34-6c0b-4007-807a-6b9d4e3873cb",
            "3cb9bdff-2afc-4110-aabb-64fb88efb411",
            "716dc966-4fce-4cd5-8213-a3f8a216d7a5",
            "354da7e9-8bee-4d71-94f6-7d2008e46b83",
            "d8243c05-1e7e-4edf-b178-dd3bc1bfbbf1",
            "61ef0d2a-132a-4247-8442-3c19c295c97d",
            "746f2bd0-41ef-42dc-96f3-d9c164c07ad1",
            "2dc863eb-40f2-4332-9b08-376eedce85c5"
          ],
          "pending": [],
          "skipped": [],
          "duration": 39566,
          "root": false,
          "rootEmpty": false,
          "_timeout": 2000
        },
        {
          "uuid": "10cde913-d158-4f10-9efd-03c12d7c7b37",
          "title": "11 - Limite o tamanho mínimo e máximo do board.",
          "fullFile": "",
          "file": "",
          "beforeHooks": [],
          "afterHooks": [],
          "tests": [
            {
              "title": "Verifica se a altura máxima do board é 50",
              "fullTitle": "11 - Limite o tamanho mínimo e máximo do board. Verifica se a altura máxima do board é 50",
              "timedOut": null,
              "duration": 4519,
              "state": "failed",
              "speed": null,
              "pass": false,
              "fail": true,
              "pending": false,
              "context": null,
              "code": "cy.get('#board-size').clear().type(50);\ncy.get('#generate-board').click();\ncy.get('.pixel').should('have.length', 2500);",
              "err": {
                "message": "CypressError: Timed out retrying: Expected to find element: '#board-size', but never found it.",
                "estack": "CypressError: Timed out retrying: Expected to find element: '#board-size', but never found it.\n    at cypressErr (http://localhost:63726/__cypress/runner/cypress_runner.js:149934:9)\n    at throwErr (http://localhost:63726/__cypress/runner/cypress_runner.js:149867:11)\n    at Object.throwErrByPath (http://localhost:63726/__cypress/runner/cypress_runner.js:149915:3)\n    at retry (http://localhost:63726/__cypress/runner/cypress_runner.js:144197:19)\n    at onFailFn (http://localhost:63726/__cypress/runner/cypress_runner.js:132448:16)\n    at tryCatcher (http://localhost:63726/__cypress/runner/cypress_runner.js:167415:23)\n    at Promise._settlePromiseFromHandler (http://localhost:63726/__cypress/runner/cypress_runner.js:165351:31)\n    at Promise._settlePromise (http://localhost:63726/__cypress/runner/cypress_runner.js:165408:18)\n    at Promise._settlePromise0 (http://localhost:63726/__cypress/runner/cypress_runner.js:165453:10)\n    at Promise._settlePromises (http://localhost:63726/__cypress/runner/cypress_runner.js:165528:18)\n    at Async../node_modules/bluebird/js/release/async.js.Async._drainQueue (http://localhost:63726/__cypress/runner/cypress_runner.js:162140:16)\n    at Async../node_modules/bluebird/js/release/async.js.Async._drainQueues (http://localhost:63726/__cypress/runner/cypress_runner.js:162150:10)\n    at Async.drainQueues (http://localhost:63726/__cypress/runner/cypress_runner.js:162024:14)",
                "diff": null
              },
              "uuid": "5714d05d-eff7-44a4-9343-d6d05e6f93ec",
              "parentUUID": "10cde913-d158-4f10-9efd-03c12d7c7b37",
              "isHook": false,
              "skipped": false
            },
            {
              "title": "Verifica se a altura do board é 5 quando um valor menor é colocado no input",
              "fullTitle": "11 - Limite o tamanho mínimo e máximo do board. Verifica se a altura do board é 5 quando um valor menor é colocado no input",
              "timedOut": null,
              "duration": 4390,
              "state": "failed",
              "speed": null,
              "pass": false,
              "fail": true,
              "pending": false,
              "context": null,
              "code": "cy.get('#board-size').clear().type(4);\ncy.get('#generate-board').click();\ncy.get('.pixel').should('have.length', 25);",
              "err": {
                "message": "CypressError: Timed out retrying: Expected to find element: '#board-size', but never found it.",
                "estack": "CypressError: Timed out retrying: Expected to find element: '#board-size', but never found it.\n    at cypressErr (http://localhost:63726/__cypress/runner/cypress_runner.js:149934:9)\n    at throwErr (http://localhost:63726/__cypress/runner/cypress_runner.js:149867:11)\n    at Object.throwErrByPath (http://localhost:63726/__cypress/runner/cypress_runner.js:149915:3)\n    at retry (http://localhost:63726/__cypress/runner/cypress_runner.js:144197:19)\n    at onFailFn (http://localhost:63726/__cypress/runner/cypress_runner.js:132448:16)\n    at tryCatcher (http://localhost:63726/__cypress/runner/cypress_runner.js:167415:23)\n    at Promise._settlePromiseFromHandler (http://localhost:63726/__cypress/runner/cypress_runner.js:165351:31)\n    at Promise._settlePromise (http://localhost:63726/__cypress/runner/cypress_runner.js:165408:18)\n    at Promise._settlePromise0 (http://localhost:63726/__cypress/runner/cypress_runner.js:165453:10)\n    at Promise._settlePromises (http://localhost:63726/__cypress/runner/cypress_runner.js:165528:18)\n    at Async../node_modules/bluebird/js/release/async.js.Async._drainQueue (http://localhost:63726/__cypress/runner/cypress_runner.js:162140:16)\n    at Async../node_modules/bluebird/js/release/async.js.Async._drainQueues (http://localhost:63726/__cypress/runner/cypress_runner.js:162150:10)\n    at Async.drainQueues (http://localhost:63726/__cypress/runner/cypress_runner.js:162024:14)",
                "diff": null
              },
              "uuid": "9ed441ee-588e-4225-a269-b05e7f5fe0ec",
              "parentUUID": "10cde913-d158-4f10-9efd-03c12d7c7b37",
              "isHook": false,
              "skipped": false
            },
            {
              "title": "Verifica se a altura do board é 50 quando um valor maior é colocado no input",
              "fullTitle": "11 - Limite o tamanho mínimo e máximo do board. Verifica se a altura do board é 50 quando um valor maior é colocado no input",
              "timedOut": null,
              "duration": 4420,
              "state": "failed",
              "speed": null,
              "pass": false,
              "fail": true,
              "pending": false,
              "context": null,
              "code": "cy.get('#board-size').clear().type(51);\ncy.get('#generate-board').click();\ncy.get('.pixel').should('have.length', 2500);",
              "err": {
                "message": "CypressError: Timed out retrying: Expected to find element: '#board-size', but never found it.",
                "estack": "CypressError: Timed out retrying: Expected to find element: '#board-size', but never found it.\n    at cypressErr (http://localhost:63726/__cypress/runner/cypress_runner.js:149934:9)\n    at throwErr (http://localhost:63726/__cypress/runner/cypress_runner.js:149867:11)\n    at Object.throwErrByPath (http://localhost:63726/__cypress/runner/cypress_runner.js:149915:3)\n    at retry (http://localhost:63726/__cypress/runner/cypress_runner.js:144197:19)\n    at onFailFn (http://localhost:63726/__cypress/runner/cypress_runner.js:132448:16)\n    at tryCatcher (http://localhost:63726/__cypress/runner/cypress_runner.js:167415:23)\n    at Promise._settlePromiseFromHandler (http://localhost:63726/__cypress/runner/cypress_runner.js:165351:31)\n    at Promise._settlePromise (http://localhost:63726/__cypress/runner/cypress_runner.js:165408:18)\n    at Promise._settlePromise0 (http://localhost:63726/__cypress/runner/cypress_runner.js:165453:10)\n    at Promise._settlePromises (http://localhost:63726/__cypress/runner/cypress_runner.js:165528:18)\n    at Async../node_modules/bluebird/js/release/async.js.Async._drainQueue (http://localhost:63726/__cypress/runner/cypress_runner.js:162140:16)\n    at Async../node_modules/bluebird/js/release/async.js.Async._drainQueues (http://localhost:63726/__cypress/runner/cypress_runner.js:162150:10)\n    at Async.drainQueues (http://localhost:63726/__cypress/runner/cypress_runner.js:162024:14)",
                "diff": null
              },
              "uuid": "0b02c8da-539b-48dd-965b-15e46132cca3",
              "parentUUID": "10cde913-d158-4f10-9efd-03c12d7c7b37",
              "isHook": false,
              "skipped": false
            }
          ],
          "suites": [],
          "passes": [],
          "failures": [
            "5714d05d-eff7-44a4-9343-d6d05e6f93ec",
            "9ed441ee-588e-4225-a269-b05e7f5fe0ec",
            "0b02c8da-539b-48dd-965b-15e46132cca3"
          ],
          "pending": [],
          "skipped": [],
          "duration": 13329,
          "root": false,
          "rootEmpty": false,
          "_timeout": 2000
        },
        {
          "uuid": "da910533-8825-4fad-81a3-36699b2e799e",
          "title": "12 - Faça com que as cores da paleta sejam geradas aleatoriamente ao carregar a página.",
          "fullFile": "",
          "file": "",
          "beforeHooks": [],
          "afterHooks": [],
          "tests": [
            {
              "title": "Verifica se as cores geradas na paleta são diferentes a cada carregamento da página",
              "fullTitle": "12 - Faça com que as cores da paleta sejam geradas aleatoriamente ao carregar a página. Verifica se as cores geradas na paleta são diferentes a cada carregamento da página",
              "timedOut": null,
              "duration": 496,
              "state": "failed",
              "speed": null,
              "pass": false,
              "fail": true,
              "pending": false,
              "context": null,
              "code": "cy.get('.color').then(function (colors) {\n  var currentColors;\n  var previousColors;\n  previousColors = Array.from(colors).map(function (color) {\n    return Cypress.$(color).css('background-color');\n  });\n  for (var i = 0; i < 5; i += 1) {\n    cy.reload();\n    cy.get('.color').then(function (colors) {\n      currentColors = Array.from(colors).map(function (color) {\n        return Cypress.$(color).css('background-color');\n      });\n      expect(currentColors).not.to.deep.equal(previousColors);\n      previousColors = currentColors;\n    });\n  }\n});",
              "err": {
                "message": "AssertionError: expected [ Array(4) ] to not deeply equal [ Array(4) ]",
                "estack": "AssertionError: expected [ Array(4) ] to not deeply equal [ Array(4) ]\n    at getRet (http://localhost:63726/__cypress/runner/cypress_runner.js:136585:16)\n    at tryCatcher (http://localhost:63726/__cypress/runner/cypress_runner.js:167415:23)\n    at Function.Promise.attempt.Promise.try (http://localhost:63726/__cypress/runner/cypress_runner.js:164690:29)\n    at Context.thenFn (http://localhost:63726/__cypress/runner/cypress_runner.js:136599:23)\n    at Context.then (http://localhost:63726/__cypress/runner/cypress_runner.js:136971:21)\n    at Context.<anonymous> (http://localhost:63726/__cypress/runner/cypress_runner.js:148875:21)\n    at http://localhost:63726/__cypress/runner/cypress_runner.js:148351:33\n    at tryCatcher (http://localhost:63726/__cypress/runner/cypress_runner.js:167415:23)\n    at Promise._settlePromiseFromHandler (http://localhost:63726/__cypress/runner/cypress_runner.js:165351:31)\n    at Promise._settlePromise (http://localhost:63726/__cypress/runner/cypress_runner.js:165408:18)\n    at Promise._settlePromiseCtx (http://localhost:63726/__cypress/runner/cypress_runner.js:165445:10)\n    at Async../node_modules/bluebird/js/release/async.js.Async._drainQueue (http://localhost:63726/__cypress/runner/cypress_runner.js:162145:12)\n    at Async../node_modules/bluebird/js/release/async.js.Async._drainQueues (http://localhost:63726/__cypress/runner/cypress_runner.js:162150:10)\n    at Async.drainQueues (http://localhost:63726/__cypress/runner/cypress_runner.js:162024:14)",
                "diff": ""
              },
              "uuid": "d7a58b90-53a0-43bf-9602-f784dab7ee96",
              "parentUUID": "da910533-8825-4fad-81a3-36699b2e799e",
              "isHook": false,
              "skipped": false
            },
            {
              "title": "Verifica se a cor preta ainda está presente e é a primeira na sua paleta de cores",
              "fullTitle": "12 - Faça com que as cores da paleta sejam geradas aleatoriamente ao carregar a página. Verifica se a cor preta ainda está presente e é a primeira na sua paleta de cores",
              "timedOut": null,
              "duration": 490,
              "state": "failed",
              "speed": null,
              "pass": false,
              "fail": true,
              "pending": false,
              "context": null,
              "code": "cy.get('.color').then(function (colors) {\n  var currentColors;\n  var previousColors;\n  previousColors = Array.from(colors).map(function (color) {\n    return Cypress.$(color).css('background-color');\n  });\n  expect(previousColors[0]).to.eq(BLACK);\n  for (var i = 0; i < 5; i += 1) {\n    cy.reload();\n    cy.get('.color').then(function (colors) {\n      currentColors = Array.from(colors).map(function (color) {\n        return Cypress.$(color).css('background-color');\n      });\n      expect(currentColors[0]).to.eq(BLACK);\n      expect(currentColors).not.to.deep.equal(previousColors);\n      previousColors = currentColors;\n    });\n  }\n});",
              "err": {
                "message": "AssertionError: expected [ Array(4) ] to not deeply equal [ Array(4) ]",
                "estack": "AssertionError: expected [ Array(4) ] to not deeply equal [ Array(4) ]\n    at getRet (http://localhost:63726/__cypress/runner/cypress_runner.js:136585:16)\n    at tryCatcher (http://localhost:63726/__cypress/runner/cypress_runner.js:167415:23)\n    at Function.Promise.attempt.Promise.try (http://localhost:63726/__cypress/runner/cypress_runner.js:164690:29)\n    at Context.thenFn (http://localhost:63726/__cypress/runner/cypress_runner.js:136599:23)\n    at Context.then (http://localhost:63726/__cypress/runner/cypress_runner.js:136971:21)\n    at Context.<anonymous> (http://localhost:63726/__cypress/runner/cypress_runner.js:148875:21)\n    at http://localhost:63726/__cypress/runner/cypress_runner.js:148351:33\n    at tryCatcher (http://localhost:63726/__cypress/runner/cypress_runner.js:167415:23)\n    at Promise._settlePromiseFromHandler (http://localhost:63726/__cypress/runner/cypress_runner.js:165351:31)\n    at Promise._settlePromise (http://localhost:63726/__cypress/runner/cypress_runner.js:165408:18)\n    at Promise._settlePromiseCtx (http://localhost:63726/__cypress/runner/cypress_runner.js:165445:10)\n    at Async../node_modules/bluebird/js/release/async.js.Async._drainQueue (http://localhost:63726/__cypress/runner/cypress_runner.js:162145:12)\n    at Async../node_modules/bluebird/js/release/async.js.Async._drainQueues (http://localhost:63726/__cypress/runner/cypress_runner.js:162150:10)\n    at Async.drainQueues (http://localhost:63726/__cypress/runner/cypress_runner.js:162024:14)",
                "diff": ""
              },
              "uuid": "fa358c38-1eb5-47f0-9129-b1b1b7025bf9",
              "parentUUID": "da910533-8825-4fad-81a3-36699b2e799e",
              "isHook": false,
              "skipped": false
            }
          ],
          "suites": [],
          "passes": [],
          "failures": [
            "d7a58b90-53a0-43bf-9602-f784dab7ee96",
            "fa358c38-1eb5-47f0-9129-b1b1b7025bf9"
          ],
          "pending": [],
          "skipped": [],
          "duration": 986,
          "root": false,
          "rootEmpty": false,
          "_timeout": 2000
        }
      ],
      "passes": [],
      "failures": [],
      "pending": [],
      "skipped": [],
      "duration": 0,
      "root": true,
      "rootEmpty": true,
      "_timeout": 2000
    }
  ],
  "meta": {
    "mocha": {
      "version": "7.0.1"
    },
    "mochawesome": {
      "options": {
        "quiet": false,
        "reportFilename": "mochawesome",
        "saveHtml": false,
        "saveJson": true,
        "consoleReporter": "spec",
        "useInlineDiffs": false
      },
      "version": "4.1.0"
    },
    "marge": {
      "options": {
        "id": "default",
        "reportDir": "cypress/reports",
        "overwrite": true,
        "html": false,
        "json": true
      },
      "version": "4.1.0"
    }
  }
}