{
  "stats": {
    "suites": 12,
    "tests": 41,
    "passes": 26,
    "pending": 0,
    "failures": 15,
    "start": "2021-08-13T23:22:23.449Z",
    "end": "2021-08-13T23:23:48.367Z",
    "duration": 84918,
    "testsRegistered": 41,
    "passPercent": 63.41463414634146,
    "pendingPercent": 0,
    "other": 0,
    "hasOther": false,
    "skipped": 0,
    "hasSkipped": false
  },
  "results": [
    {
      "uuid": "5f52355f-cb2c-42ac-9ad1-f727cb28d87c",
      "title": "",
      "fullFile": "cypress/integration/project.spec.js",
      "file": "cypress/integration/project.spec.js",
      "beforeHooks": [],
      "afterHooks": [],
      "tests": [],
      "suites": [
        {
          "uuid": "dd24380a-ea64-4d17-9ad0-89e136d10602",
          "title": "1 - Adicione à página o título \"Paleta de Cores\".",
          "fullFile": "",
          "file": "",
          "beforeHooks": [],
          "afterHooks": [],
          "tests": [
            {
              "title": "Verifica se contém um elemento `h1` com o id `title` com o título correto",
              "fullTitle": "1 - Adicione à página o título \"Paleta de Cores\". Verifica se contém um elemento `h1` com o id `title` com o título correto",
              "timedOut": null,
              "duration": 303,
              "state": "passed",
              "speed": "slow",
              "pass": true,
              "fail": false,
              "pending": false,
              "context": null,
              "code": "cy.get('h1#title').should('contain.text', 'Paleta de Cores');",
              "err": {},
              "uuid": "06cd0985-bd43-4867-bb28-f5158bbc1b07",
              "parentUUID": "dd24380a-ea64-4d17-9ad0-89e136d10602",
              "isHook": false,
              "skipped": false
            }
          ],
          "suites": [],
          "passes": [
            "06cd0985-bd43-4867-bb28-f5158bbc1b07"
          ],
          "failures": [],
          "pending": [],
          "skipped": [],
          "duration": 303,
          "root": false,
          "rootEmpty": false,
          "_timeout": 2000
        },
        {
          "uuid": "aae650d6-c2b7-4e9d-bb82-f8b69c87fc04",
          "title": "2 - Adicione à página uma paleta de quatro cores distintas.",
          "fullFile": "",
          "file": "",
          "beforeHooks": [],
          "afterHooks": [],
          "tests": [
            {
              "title": "A paleta de cores deve ser um elemento com `id` denominado `color-palette`",
              "fullTitle": "2 - Adicione à página uma paleta de quatro cores distintas. A paleta de cores deve ser um elemento com `id` denominado `color-palette`",
              "timedOut": null,
              "duration": 84,
              "state": "passed",
              "speed": "slow",
              "pass": true,
              "fail": false,
              "pending": false,
              "context": null,
              "code": "cy.get('#color-palette').should('be.visible');",
              "err": {},
              "uuid": "6b21fc98-fe29-4427-a370-6c4f8392a317",
              "parentUUID": "aae650d6-c2b7-4e9d-bb82-f8b69c87fc04",
              "isHook": false,
              "skipped": false
            },
            {
              "title": "Verifica se cada cor individual da paleta de cores possui a `classe` chamada `color`.",
              "fullTitle": "2 - Adicione à página uma paleta de quatro cores distintas. Verifica se cada cor individual da paleta de cores possui a `classe` chamada `color`.",
              "timedOut": null,
              "duration": 109,
              "state": "passed",
              "speed": "slow",
              "pass": true,
              "fail": false,
              "pending": false,
              "context": null,
              "code": "cy.get('.color').should('have.length', 4).then(function (colors) {\n  for (var i = 0; i < colors.length; i++) {\n    cy.wrap(colors[i]).should('be.visible');\n  }\n});",
              "err": {},
              "uuid": "9c86c5ba-881c-4992-9ab5-73ce48a7c713",
              "parentUUID": "aae650d6-c2b7-4e9d-bb82-f8b69c87fc04",
              "isHook": false,
              "skipped": false
            },
            {
              "title": "Verifica se a cor de fundo de cada elemento da paleta é a cor que o elemento representa. **A única cor não permitida na paleta é a cor branca.**",
              "fullTitle": "2 - Adicione à página uma paleta de quatro cores distintas. Verifica se a cor de fundo de cada elemento da paleta é a cor que o elemento representa. **A única cor não permitida na paleta é a cor branca.**",
              "timedOut": null,
              "duration": 122,
              "state": "passed",
              "speed": "slow",
              "pass": true,
              "fail": false,
              "pending": false,
              "context": null,
              "code": "cy.get('.color').each(function (color) {\n  cy.wrap(color).should('have.class', 'color').and('not.have.css', 'background-color', WHITE);\n  cy.wrap(color).should('have.css', 'background-color');\n});",
              "err": {},
              "uuid": "04fee523-486f-46f8-8de7-7545a0aebbdc",
              "parentUUID": "aae650d6-c2b7-4e9d-bb82-f8b69c87fc04",
              "isHook": false,
              "skipped": false
            },
            {
              "title": "Verifica se cada elemento da paleta de cores tem uma borda preta, sólida e com 1 pixel de largura;",
              "fullTitle": "2 - Adicione à página uma paleta de quatro cores distintas. Verifica se cada elemento da paleta de cores tem uma borda preta, sólida e com 1 pixel de largura;",
              "timedOut": null,
              "duration": 108,
              "state": "passed",
              "speed": "slow",
              "pass": true,
              "fail": false,
              "pending": false,
              "context": null,
              "code": "cy.get('.color').each(function (color) {\n  cy.wrap(color).and('have.css', 'border', \"1px solid \".concat(BLACK)).and('have.class', 'color');\n});",
              "err": {},
              "uuid": "413b5acc-bfa6-4f06-b4fe-a4a6b57e2b1c",
              "parentUUID": "aae650d6-c2b7-4e9d-bb82-f8b69c87fc04",
              "isHook": false,
              "skipped": false
            },
            {
              "title": "Verifica se a paleta lista todas as cores disponíveis para utilização, lado a lado.",
              "fullTitle": "2 - Adicione à página uma paleta de quatro cores distintas. Verifica se a paleta lista todas as cores disponíveis para utilização, lado a lado.",
              "timedOut": null,
              "duration": 106,
              "state": "passed",
              "speed": "slow",
              "pass": true,
              "fail": false,
              "pending": false,
              "context": null,
              "code": "cy.get('.color').then(function (colors) {\n  for (var index = 1; index < colors.length; index += 1) {\n    var currentColor = colors[index];\n    var previousColor = colors[index - 1];\n    cy.wrap(currentColor).should('be.onTheRightOf', previousColor).and('be.horizontallyAlignedWith', previousColor);\n  }\n});",
              "err": {},
              "uuid": "d13472a6-285c-488f-9d90-84b139290d95",
              "parentUUID": "aae650d6-c2b7-4e9d-bb82-f8b69c87fc04",
              "isHook": false,
              "skipped": false
            },
            {
              "title": "Verifica se a paleta de cores está posicionada abaixo do título 'Paleta de Cores'",
              "fullTitle": "2 - Adicione à página uma paleta de quatro cores distintas. Verifica se a paleta de cores está posicionada abaixo do título 'Paleta de Cores'",
              "timedOut": null,
              "duration": 124,
              "state": "passed",
              "speed": "slow",
              "pass": true,
              "fail": false,
              "pending": false,
              "context": null,
              "code": "cy.get('h1#title').then(function (title) {\n  cy.get('#color-palette').should('be.belowOf', title);\n});",
              "err": {},
              "uuid": "90338c02-cccc-465b-8631-9c849a057132",
              "parentUUID": "aae650d6-c2b7-4e9d-bb82-f8b69c87fc04",
              "isHook": false,
              "skipped": false
            },
            {
              "title": "Verifica se a paleta de cores não contém cores repetidas.",
              "fullTitle": "2 - Adicione à página uma paleta de quatro cores distintas. Verifica se a paleta de cores não contém cores repetidas.",
              "timedOut": null,
              "duration": 78,
              "state": "passed",
              "speed": "slow",
              "pass": true,
              "fail": false,
              "pending": false,
              "context": null,
              "code": "cy.get('.color').then(function (colors) {\n  var allColors = Array.from(colors).map(function (color) {\n    return Cypress.$(color).css('background-color');\n  });\n  cy.log(allColors);\n  var uniqColors = (0, _toConsumableArray2[\"default\"])(new Set(allColors));\n  cy.log(uniqColors);\n  expect(allColors.length).to.eq(uniqColors.length);\n});",
              "err": {},
              "uuid": "87436d67-e56a-400a-8f5e-ac60043eaa32",
              "parentUUID": "aae650d6-c2b7-4e9d-bb82-f8b69c87fc04",
              "isHook": false,
              "skipped": false
            }
          ],
          "suites": [],
          "passes": [
            "6b21fc98-fe29-4427-a370-6c4f8392a317",
            "9c86c5ba-881c-4992-9ab5-73ce48a7c713",
            "04fee523-486f-46f8-8de7-7545a0aebbdc",
            "413b5acc-bfa6-4f06-b4fe-a4a6b57e2b1c",
            "d13472a6-285c-488f-9d90-84b139290d95",
            "90338c02-cccc-465b-8631-9c849a057132",
            "87436d67-e56a-400a-8f5e-ac60043eaa32"
          ],
          "failures": [],
          "pending": [],
          "skipped": [],
          "duration": 731,
          "root": false,
          "rootEmpty": false,
          "_timeout": 2000
        },
        {
          "uuid": "7cf6ef85-a479-4761-b6e5-f9b27043803c",
          "title": "3 - Adicione a cor **preta** como a primeira cor da paleta de cores.",
          "fullFile": "",
          "file": "",
          "beforeHooks": [],
          "afterHooks": [],
          "tests": [
            {
              "title": "Verifica se a primeira cor da paleta é preta",
              "fullTitle": "3 - Adicione a cor **preta** como a primeira cor da paleta de cores. Verifica se a primeira cor da paleta é preta",
              "timedOut": null,
              "duration": 93,
              "state": "passed",
              "speed": "slow",
              "pass": true,
              "fail": false,
              "pending": false,
              "context": null,
              "code": "cy.get('.color').first().should('have.css', 'background-color', BLACK);",
              "err": {},
              "uuid": "12b32821-11cf-4472-ae12-7b381385e877",
              "parentUUID": "7cf6ef85-a479-4761-b6e5-f9b27043803c",
              "isHook": false,
              "skipped": false
            },
            {
              "title": "Verifica se as demais cores podem ser escolhidas livremente.",
              "fullTitle": "3 - Adicione a cor **preta** como a primeira cor da paleta de cores. Verifica se as demais cores podem ser escolhidas livremente.",
              "timedOut": null,
              "duration": 156,
              "state": "passed",
              "speed": "slow",
              "pass": true,
              "fail": false,
              "pending": false,
              "context": null,
              "code": "cy.get('.color').eq(1).should('not.have.css', 'background-color', BLACK);\ncy.get('.color').eq(1).should('not.have.css', 'background-color', WHITE);\ncy.get('.color').eq(1).should('not.have.css', 'background-color', 'rgba(0, 0, 0, 0)');\ncy.get('.color').eq(1).should('have.css', 'background-color');\ncy.get('.color').eq(2).should('not.have.css', 'background-color', BLACK);\ncy.get('.color').eq(2).should('not.have.css', 'background-color', WHITE);\ncy.get('.color').eq(2).should('not.have.css', 'background-color', 'rgba(0, 0, 0, 0)');\ncy.get('.color').eq(2).should('have.css', 'background-color');\ncy.get('.color').eq(3).should('not.have.css', 'background-color', BLACK);\ncy.get('.color').eq(3).should('not.have.css', 'background-color', WHITE);\ncy.get('.color').eq(3).should('not.have.css', 'background-color', 'rgba(0, 0, 0, 0)');\ncy.get('.color').eq(3).should('have.css', 'background-color');",
              "err": {},
              "uuid": "e9380740-c20c-4482-bd17-b584f0742861",
              "parentUUID": "7cf6ef85-a479-4761-b6e5-f9b27043803c",
              "isHook": false,
              "skipped": false
            }
          ],
          "suites": [],
          "passes": [
            "12b32821-11cf-4472-ae12-7b381385e877",
            "e9380740-c20c-4482-bd17-b584f0742861"
          ],
          "failures": [],
          "pending": [],
          "skipped": [],
          "duration": 249,
          "root": false,
          "rootEmpty": false,
          "_timeout": 2000
        },
        {
          "uuid": "86e1060e-e160-46e6-8519-959ebb3a9ad9",
          "title": "4 - Adicione à página um quadro de pixels, com 25 pixels.",
          "fullFile": "",
          "file": "",
          "beforeHooks": [],
          "afterHooks": [],
          "tests": [
            {
              "title": "Verifica se o quadro de pixels possui o `id` denominado `pixel-board`",
              "fullTitle": "4 - Adicione à página um quadro de pixels, com 25 pixels. Verifica se o quadro de pixels possui o `id` denominado `pixel-board`",
              "timedOut": null,
              "duration": 67,
              "state": "passed",
              "speed": "medium",
              "pass": true,
              "fail": false,
              "pending": false,
              "context": null,
              "code": "cy.get('#pixel-board').should('be.visible');",
              "err": {},
              "uuid": "d3605260-5fd3-4ada-9033-e997b6ff10d5",
              "parentUUID": "86e1060e-e160-46e6-8519-959ebb3a9ad9",
              "isHook": false,
              "skipped": false
            },
            {
              "title": "Verifica se cada pixel individual dentro do quadro possui a `classe` denominada `pixel`.",
              "fullTitle": "4 - Adicione à página um quadro de pixels, com 25 pixels. Verifica se cada pixel individual dentro do quadro possui a `classe` denominada `pixel`.",
              "timedOut": null,
              "duration": 113,
              "state": "passed",
              "speed": "slow",
              "pass": true,
              "fail": false,
              "pending": false,
              "context": null,
              "code": "cy.get('.pixel').should('have.length', 25);",
              "err": {},
              "uuid": "82fd7cbf-758f-4630-9ea5-1fb9a2b344fe",
              "parentUUID": "86e1060e-e160-46e6-8519-959ebb3a9ad9",
              "isHook": false,
              "skipped": false
            },
            {
              "title": "Verifica se a cor inicial dos pixels dentro do quadro, ao abrir a página, é branca.",
              "fullTitle": "4 - Adicione à página um quadro de pixels, com 25 pixels. Verifica se a cor inicial dos pixels dentro do quadro, ao abrir a página, é branca.",
              "timedOut": null,
              "duration": 168,
              "state": "passed",
              "speed": "slow",
              "pass": true,
              "fail": false,
              "pending": false,
              "context": null,
              "code": "cy.get('.pixel').should('have.length', 25).each(function (pixel) {\n  expect(pixel).to.have.css('background-color', WHITE);\n});",
              "err": {},
              "uuid": "a315d3ba-7107-4f26-b32d-bfb6a4d07f45",
              "parentUUID": "86e1060e-e160-46e6-8519-959ebb3a9ad9",
              "isHook": false,
              "skipped": false
            },
            {
              "title": "Verifica se o quadro de pixels aparece abaixo da paleta de cores",
              "fullTitle": "4 - Adicione à página um quadro de pixels, com 25 pixels. Verifica se o quadro de pixels aparece abaixo da paleta de cores",
              "timedOut": null,
              "duration": 70,
              "state": "passed",
              "speed": "medium",
              "pass": true,
              "fail": false,
              "pending": false,
              "context": null,
              "code": "cy.get('#color-palette').then(function (palette) {\n  cy.get('#pixel-board').should('be.belowOf', palette);\n});",
              "err": {},
              "uuid": "9edbf040-c0a3-4dd3-97d9-103e5d33ec56",
              "parentUUID": "86e1060e-e160-46e6-8519-959ebb3a9ad9",
              "isHook": false,
              "skipped": false
            }
          ],
          "suites": [],
          "passes": [
            "d3605260-5fd3-4ada-9033-e997b6ff10d5",
            "82fd7cbf-758f-4630-9ea5-1fb9a2b344fe",
            "a315d3ba-7107-4f26-b32d-bfb6a4d07f45",
            "9edbf040-c0a3-4dd3-97d9-103e5d33ec56"
          ],
          "failures": [],
          "pending": [],
          "skipped": [],
          "duration": 418,
          "root": false,
          "rootEmpty": false,
          "_timeout": 2000
        },
        {
          "uuid": "b0f6f4cd-e0db-4128-a6b0-02659cd29b46",
          "title": "5 - Faça com que cada elemento do quadro de pixels possua 40 pixels de largura, 40 pixels de altura e seja delimitado por uma borda preta de 1 pixel.",
          "fullFile": "",
          "file": "",
          "beforeHooks": [],
          "afterHooks": [],
          "tests": [
            {
              "title": "Verifica se o quadro de pixels tem altura e comprimento de 5 elementos",
              "fullTitle": "5 - Faça com que cada elemento do quadro de pixels possua 40 pixels de largura, 40 pixels de altura e seja delimitado por uma borda preta de 1 pixel. Verifica se o quadro de pixels tem altura e comprimento de 5 elementos",
              "timedOut": null,
              "duration": 246,
              "state": "passed",
              "speed": "slow",
              "pass": true,
              "fail": false,
              "pending": false,
              "context": null,
              "code": "cy.get('.pixel').should('have.length', 25).each(function (pixel) {\n  expect(pixel).to.have.css('background-color', WHITE);\n}).and(function (pixels) {\n  var rows = chunk(pixels, 5);\n  rows.forEach(function (row) {\n    for (var index = 1; index < row.length; index += 1) {\n      var current = pixels[index];\n      var previous = pixels[index - 1];\n      cy.wrap(current).should('be.onTheRightOf', previous).and('be.horizontallyAlignedWith', previous);\n    }\n  });\n  for (var index = 1; index < 5; index += 1) {\n    expect(pixels[index * 5]).to.be.belowOf(pixels[(index - 1) * 5]);\n  }\n});",
              "err": {},
              "uuid": "3c1aee9d-9bad-4738-a485-fdb262963a5d",
              "parentUUID": "b0f6f4cd-e0db-4128-a6b0-02659cd29b46",
              "isHook": false,
              "skipped": false
            },
            {
              "title": "Verifica se 40 pixels é o tamanho total do elemento, incluindo seu conteúdo e excluindo a borda preta, que deve ser criada à parte.",
              "fullTitle": "5 - Faça com que cada elemento do quadro de pixels possua 40 pixels de largura, 40 pixels de altura e seja delimitado por uma borda preta de 1 pixel. Verifica se 40 pixels é o tamanho total do elemento, incluindo seu conteúdo e excluindo a borda preta, que deve ser criada à parte.",
              "timedOut": null,
              "duration": 229,
              "state": "passed",
              "speed": "slow",
              "pass": true,
              "fail": false,
              "pending": false,
              "context": null,
              "code": "cy.get('.pixel').each(function (pixel) {\n  cy.wrap(pixel).should('have.css', 'height', '40px').and('have.css', 'width', '40px').and('have.css', 'border', \"1px solid \".concat(BLACK));\n});",
              "err": {},
              "uuid": "8c9fe23a-a3e3-483c-a6f4-d737e152cb9f",
              "parentUUID": "b0f6f4cd-e0db-4128-a6b0-02659cd29b46",
              "isHook": false,
              "skipped": false
            }
          ],
          "suites": [],
          "passes": [
            "3c1aee9d-9bad-4738-a485-fdb262963a5d",
            "8c9fe23a-a3e3-483c-a6f4-d737e152cb9f"
          ],
          "failures": [],
          "pending": [],
          "skipped": [],
          "duration": 475,
          "root": false,
          "rootEmpty": false,
          "_timeout": 2000
        },
        {
          "uuid": "6ae3717d-1168-4fc5-bfb2-317eeb69fece",
          "title": "6 - Defina a cor preta como cor inicial. Ao carregar a página a cor preta já deve estar selecionada para pintar os pixels",
          "fullFile": "",
          "file": "",
          "beforeHooks": [],
          "afterHooks": [],
          "tests": [
            {
              "title": "Verifica se o elemento da cor preta possui, inicialmente, a `classe` `selected`",
              "fullTitle": "6 - Defina a cor preta como cor inicial. Ao carregar a página a cor preta já deve estar selecionada para pintar os pixels Verifica se o elemento da cor preta possui, inicialmente, a `classe` `selected`",
              "timedOut": null,
              "duration": 77,
              "state": "passed",
              "speed": "slow",
              "pass": true,
              "fail": false,
              "pending": false,
              "context": null,
              "code": "cy.get('.selected').first().should('have.css', 'background-color', BLACK);",
              "err": {},
              "uuid": "30d6c96f-0680-43ee-a704-c8dd316a3fd4",
              "parentUUID": "6ae3717d-1168-4fc5-bfb2-317eeb69fece",
              "isHook": false,
              "skipped": false
            },
            {
              "title": "Verifica se nenhuma outra cor da paleta tem a `classe` `selected`",
              "fullTitle": "6 - Defina a cor preta como cor inicial. Ao carregar a página a cor preta já deve estar selecionada para pintar os pixels Verifica se nenhuma outra cor da paleta tem a `classe` `selected`",
              "timedOut": null,
              "duration": 94,
              "state": "passed",
              "speed": "slow",
              "pass": true,
              "fail": false,
              "pending": false,
              "context": null,
              "code": "cy.get('.color:not(:first-child)').each(function (color) {\n  cy.wrap(color).should('not.have.class', 'selected');\n});",
              "err": {},
              "uuid": "f5638556-11da-4308-a067-aa9f605642cc",
              "parentUUID": "6ae3717d-1168-4fc5-bfb2-317eeb69fece",
              "isHook": false,
              "skipped": false
            }
          ],
          "suites": [],
          "passes": [
            "30d6c96f-0680-43ee-a704-c8dd316a3fd4",
            "f5638556-11da-4308-a067-aa9f605642cc"
          ],
          "failures": [],
          "pending": [],
          "skipped": [],
          "duration": 171,
          "root": false,
          "rootEmpty": false,
          "_timeout": 2000
        },
        {
          "uuid": "b3ba71d7-c0f5-4198-b26d-507c69f07257",
          "title": "7 - Clicar em uma das cores da paleta, faz com que ela seja selecionada e utilizada para preencher os pixels no quadro.",
          "fullFile": "",
          "file": "",
          "beforeHooks": [],
          "afterHooks": [],
          "tests": [
            {
              "title": "Verifica se somente uma cor da paleta de cores tem a classe `selected` de cada vez",
              "fullTitle": "7 - Clicar em uma das cores da paleta, faz com que ela seja selecionada e utilizada para preencher os pixels no quadro. Verifica se somente uma cor da paleta de cores tem a classe `selected` de cada vez",
              "timedOut": null,
              "duration": 464,
              "state": "passed",
              "speed": "slow",
              "pass": true,
              "fail": false,
              "pending": false,
              "context": null,
              "code": "cy.get('.color').each(function (selectedColor, selectedColorIndex) {\n  cy.wrap(selectedColor).click();\n  cy.get('.color').each(function (color, colorIndex) {\n    if (colorIndex === selectedColorIndex) {\n      expect(color).to.have[\"class\"]('selected');\n    } else {\n      expect(color).not.to.have[\"class\"]('selected');\n    }\n  });\n});",
              "err": {},
              "uuid": "c01e679a-6f0a-493b-b9b3-e0dd98729978",
              "parentUUID": "b3ba71d7-c0f5-4198-b26d-507c69f07257",
              "isHook": false,
              "skipped": false
            },
            {
              "title": "Verifica se os pixels dentro do quadro não têm a classe `selected` quando são clicados",
              "fullTitle": "7 - Clicar em uma das cores da paleta, faz com que ela seja selecionada e utilizada para preencher os pixels no quadro. Verifica se os pixels dentro do quadro não têm a classe `selected` quando são clicados",
              "timedOut": null,
              "duration": 9236,
              "state": "passed",
              "speed": "slow",
              "pass": true,
              "fail": false,
              "pending": false,
              "context": null,
              "code": "cy.get('.color').each(function (color) {\n  var backgroundColor = color.css('background-color');\n  cy.wrap(color).click();\n  cy.get('.pixel').each(function (pixel) {\n    cy.wrap(pixel).click().should('not.have.class', 'selected');\n  });\n});",
              "err": {},
              "uuid": "02201018-bf90-41d3-9a1a-d3dddd240766",
              "parentUUID": "b3ba71d7-c0f5-4198-b26d-507c69f07257",
              "isHook": false,
              "skipped": false
            }
          ],
          "suites": [],
          "passes": [
            "c01e679a-6f0a-493b-b9b3-e0dd98729978",
            "02201018-bf90-41d3-9a1a-d3dddd240766"
          ],
          "failures": [],
          "pending": [],
          "skipped": [],
          "duration": 9700,
          "root": false,
          "rootEmpty": false,
          "_timeout": 2000
        },
        {
          "uuid": "226787a4-188f-47a8-8cef-40510aa3f7ac",
          "title": "8 - Clicar em um pixel dentro do quadro após selecionar uma cor na paleta, faz com que o pixel seja preenchido com a cor selecionada.",
          "fullFile": "",
          "file": "",
          "beforeHooks": [],
          "afterHooks": [],
          "tests": [
            {
              "title": "Verifica se ao carregar a página deve ser possível pintar os pixels de preto",
              "fullTitle": "8 - Clicar em um pixel dentro do quadro após selecionar uma cor na paleta, faz com que o pixel seja preenchido com a cor selecionada. Verifica se ao carregar a página deve ser possível pintar os pixels de preto",
              "timedOut": null,
              "duration": 2353,
              "state": "passed",
              "speed": "slow",
              "pass": true,
              "fail": false,
              "pending": false,
              "context": null,
              "code": "cy.get('.pixel').each(function (pixel) {\n  cy.wrap(pixel).click().should('have.css', 'background-color', BLACK);\n});",
              "err": {},
              "uuid": "c551a8cd-8475-41d0-8cc7-aa8c74c422bc",
              "parentUUID": "226787a4-188f-47a8-8cef-40510aa3f7ac",
              "isHook": false,
              "skipped": false
            },
            {
              "title": "Verifica se após selecionar uma outra cor na paleta, é possível pintar os pixels com essa cor",
              "fullTitle": "8 - Clicar em um pixel dentro do quadro após selecionar uma cor na paleta, faz com que o pixel seja preenchido com a cor selecionada. Verifica se após selecionar uma outra cor na paleta, é possível pintar os pixels com essa cor",
              "timedOut": null,
              "duration": 9099,
              "state": "passed",
              "speed": "slow",
              "pass": true,
              "fail": false,
              "pending": false,
              "context": null,
              "code": "cy.get('.color').each(function (color) {\n  var backgroundColor = color.css('background-color');\n  cy.wrap(color).click();\n  cy.get('.pixel').each(function (pixel) {\n    cy.wrap(pixel).click().should('have.css', 'background-color', backgroundColor);\n  });\n});",
              "err": {},
              "uuid": "51db4bab-f3e7-4209-83f9-c36d64ca06f8",
              "parentUUID": "226787a4-188f-47a8-8cef-40510aa3f7ac",
              "isHook": false,
              "skipped": false
            },
            {
              "title": "Verifica se somente o pixel que foi clicado foi preenchido com a cor selecionada, sem influenciar na cor dos demais pixels.",
              "fullTitle": "8 - Clicar em um pixel dentro do quadro após selecionar uma cor na paleta, faz com que o pixel seja preenchido com a cor selecionada. Verifica se somente o pixel que foi clicado foi preenchido com a cor selecionada, sem influenciar na cor dos demais pixels.",
              "timedOut": null,
              "duration": 1542,
              "state": "passed",
              "speed": "slow",
              "pass": true,
              "fail": false,
              "pending": false,
              "context": null,
              "code": "var colorToPixelIndexMap = {\n  0: 6,\n  1: 8,\n  2: 16,\n  3: 18\n};\ncy.get('.color').each(function (color, index) {\n  cy.wrap(color).click();\n  var backgroundColor = color.css('background-color');\n  var clickedPixelIndex = colorToPixelIndexMap[index];\n  cy.get('.pixel').eq(clickedPixelIndex).click();\n  cy.get('.pixel').eq(clickedPixelIndex - 1).should('not.have.css', 'background-color', backgroundColor);\n  cy.get('.pixel').eq(clickedPixelIndex + 1).should('not.have.css', 'background-color', backgroundColor);\n  cy.get('.pixel').eq(clickedPixelIndex - 5).should('not.have.css', 'background-color', backgroundColor);\n  cy.get('.pixel').eq(clickedPixelIndex + 5).should('not.have.css', 'background-color', backgroundColor);\n  cy.get('.pixel').eq(clickedPixelIndex - 6).should('not.have.css', 'background-color', backgroundColor);\n  cy.get('.pixel').eq(clickedPixelIndex - 4).should('not.have.css', 'background-color', backgroundColor);\n  cy.get('.pixel').eq(clickedPixelIndex + 4).should('not.have.css', 'background-color', backgroundColor);\n  cy.get('.pixel').eq(clickedPixelIndex + 6).should('not.have.css', 'background-color', backgroundColor);\n});",
              "err": {},
              "uuid": "d1b0021b-84a7-44ca-aa40-e006ec407387",
              "parentUUID": "226787a4-188f-47a8-8cef-40510aa3f7ac",
              "isHook": false,
              "skipped": false
            }
          ],
          "suites": [],
          "passes": [
            "c551a8cd-8475-41d0-8cc7-aa8c74c422bc",
            "51db4bab-f3e7-4209-83f9-c36d64ca06f8",
            "d1b0021b-84a7-44ca-aa40-e006ec407387"
          ],
          "failures": [],
          "pending": [],
          "skipped": [],
          "duration": 12994,
          "root": false,
          "rootEmpty": false,
          "_timeout": 2000
        },
        {
          "uuid": "bd3addfd-085f-497d-88e9-e1908cdaf954",
          "title": "9 - Crie um botão que, ao ser clicado, limpa o quadro preenchendo a cor de todos seus pixels com branco.",
          "fullFile": "",
          "file": "",
          "beforeHooks": [],
          "afterHooks": [],
          "tests": [
            {
              "title": "Verifica se o botão tem o `id` denominado `clear-board`",
              "fullTitle": "9 - Crie um botão que, ao ser clicado, limpa o quadro preenchendo a cor de todos seus pixels com branco. Verifica se o botão tem o `id` denominado `clear-board`",
              "timedOut": null,
              "duration": 118,
              "state": "passed",
              "speed": "slow",
              "pass": true,
              "fail": false,
              "pending": false,
              "context": null,
              "code": "cy.get('#clear-board').should('be.visible');",
              "err": {},
              "uuid": "0a3ad44c-d676-47b4-bf48-1add6eaac4ce",
              "parentUUID": "bd3addfd-085f-497d-88e9-e1908cdaf954",
              "isHook": false,
              "skipped": false
            },
            {
              "title": "Verifica se o botão está posicionado entre a paleta de cores e o quadro de pixels",
              "fullTitle": "9 - Crie um botão que, ao ser clicado, limpa o quadro preenchendo a cor de todos seus pixels com branco. Verifica se o botão está posicionado entre a paleta de cores e o quadro de pixels",
              "timedOut": null,
              "duration": 4248,
              "state": "failed",
              "speed": null,
              "pass": false,
              "fail": true,
              "pending": false,
              "context": null,
              "code": "cy.get('#color-palette').then(function (palette) {\n  cy.get('#clear-board').should('be.belowOf', palette);\n});\ncy.get('#clear-board').then(function (clearBtn) {\n  cy.get('#pixel-board').should('be.belowOf', clearBtn);\n});",
              "err": {
                "message": "CypressError: Timed out retrying: expected '<section#pixel-board>' to be below of { Object (0, length, ...) }",
                "estack": "CypressError: Timed out retrying: expected '<section#pixel-board>' to be below of { Object (0, length, ...) }\n    at cypressErr (http://localhost:42917/__cypress/runner/cypress_runner.js:149934:9)\n    at throwErr (http://localhost:42917/__cypress/runner/cypress_runner.js:149867:11)\n    at Object.throwErrByPath (http://localhost:42917/__cypress/runner/cypress_runner.js:149915:3)\n    at retry (http://localhost:42917/__cypress/runner/cypress_runner.js:144197:19)\n    at onFailFn (http://localhost:42917/__cypress/runner/cypress_runner.js:132448:16)\n    at tryCatcher (http://localhost:42917/__cypress/runner/cypress_runner.js:167415:23)\n    at Promise._settlePromiseFromHandler (http://localhost:42917/__cypress/runner/cypress_runner.js:165351:31)\n    at Promise._settlePromise (http://localhost:42917/__cypress/runner/cypress_runner.js:165408:18)\n    at Promise._settlePromise0 (http://localhost:42917/__cypress/runner/cypress_runner.js:165453:10)\n    at Promise._settlePromises (http://localhost:42917/__cypress/runner/cypress_runner.js:165528:18)\n    at Async../node_modules/bluebird/js/release/async.js.Async._drainQueue (http://localhost:42917/__cypress/runner/cypress_runner.js:162140:16)\n    at Async../node_modules/bluebird/js/release/async.js.Async._drainQueues (http://localhost:42917/__cypress/runner/cypress_runner.js:162150:10)\n    at Async.drainQueues (http://localhost:42917/__cypress/runner/cypress_runner.js:162024:14)",
                "diff": null
              },
              "uuid": "6de76a63-36b2-4d24-9475-eaabb56d85a5",
              "parentUUID": "bd3addfd-085f-497d-88e9-e1908cdaf954",
              "isHook": false,
              "skipped": false
            },
            {
              "title": "Verifica se o texto do botão é 'Limpar'",
              "fullTitle": "9 - Crie um botão que, ao ser clicado, limpa o quadro preenchendo a cor de todos seus pixels com branco. Verifica se o texto do botão é 'Limpar'",
              "timedOut": null,
              "duration": 116,
              "state": "passed",
              "speed": "slow",
              "pass": true,
              "fail": false,
              "pending": false,
              "context": null,
              "code": "cy.get('#clear-board').should('contain.text', 'Limpar');",
              "err": {},
              "uuid": "4d5dfe06-c867-4acc-a2f2-9062b695a726",
              "parentUUID": "bd3addfd-085f-497d-88e9-e1908cdaf954",
              "isHook": false,
              "skipped": false
            },
            {
              "title": "Verifica se ao clicar no botão, o quadro de pixels é totalmente preenchido de branco",
              "fullTitle": "9 - Crie um botão que, ao ser clicado, limpa o quadro preenchendo a cor de todos seus pixels com branco. Verifica se ao clicar no botão, o quadro de pixels é totalmente preenchido de branco",
              "timedOut": null,
              "duration": 2471,
              "state": "passed",
              "speed": "slow",
              "pass": true,
              "fail": false,
              "pending": false,
              "context": null,
              "code": "cy.get('.color').eq(1).then(function (color) {\n  var backgroundColor = color.css('background-color');\n  cy.wrap(color).click();\n  cy.get('.pixel').each(function (pixel) {\n    cy.wrap(pixel).click().should('have.css', 'background-color', backgroundColor);\n  });\n});\ncy.get('#clear-board').click();\ncy.get('.pixel').each(function (pixel) {\n  cy.wrap(pixel).should('have.css', 'background-color', WHITE);\n});",
              "err": {},
              "uuid": "1dadd0c5-3e98-4066-8bc0-7e4a90af60b0",
              "parentUUID": "bd3addfd-085f-497d-88e9-e1908cdaf954",
              "isHook": false,
              "skipped": false
            }
          ],
          "suites": [],
          "passes": [
            "0a3ad44c-d676-47b4-bf48-1add6eaac4ce",
            "4d5dfe06-c867-4acc-a2f2-9062b695a726",
            "1dadd0c5-3e98-4066-8bc0-7e4a90af60b0"
          ],
          "failures": [
            "6de76a63-36b2-4d24-9475-eaabb56d85a5"
          ],
          "pending": [],
          "skipped": [],
          "duration": 6953,
          "root": false,
          "rootEmpty": false,
          "_timeout": 2000
        },
        {
          "uuid": "8c93a823-b4f7-4afb-ba8f-dbdd7344c10c",
          "title": "10 - Faça o quadro de pixels ter seu tamanho definido pelo usuário.",
          "fullFile": "",
          "file": "",
          "beforeHooks": [],
          "afterHooks": [],
          "tests": [
            {
              "title": "Verifica se existe um input com o id `board-size`",
              "fullTitle": "10 - Faça o quadro de pixels ter seu tamanho definido pelo usuário. Verifica se existe um input com o id `board-size`",
              "timedOut": null,
              "duration": 4261,
              "state": "failed",
              "speed": null,
              "pass": false,
              "fail": true,
              "pending": false,
              "context": null,
              "code": "cy.get('#board-size').should('be.visible');",
              "err": {
                "message": "CypressError: Timed out retrying: Expected to find element: '#board-size', but never found it.",
                "estack": "CypressError: Timed out retrying: Expected to find element: '#board-size', but never found it.\n    at cypressErr (http://localhost:42917/__cypress/runner/cypress_runner.js:149934:9)\n    at throwErr (http://localhost:42917/__cypress/runner/cypress_runner.js:149867:11)\n    at Object.throwErrByPath (http://localhost:42917/__cypress/runner/cypress_runner.js:149915:3)\n    at retry (http://localhost:42917/__cypress/runner/cypress_runner.js:144197:19)\n    at onFailFn (http://localhost:42917/__cypress/runner/cypress_runner.js:132448:16)\n    at tryCatcher (http://localhost:42917/__cypress/runner/cypress_runner.js:167415:23)\n    at Promise._settlePromiseFromHandler (http://localhost:42917/__cypress/runner/cypress_runner.js:165351:31)\n    at Promise._settlePromise (http://localhost:42917/__cypress/runner/cypress_runner.js:165408:18)\n    at Promise._settlePromise0 (http://localhost:42917/__cypress/runner/cypress_runner.js:165453:10)\n    at Promise._settlePromises (http://localhost:42917/__cypress/runner/cypress_runner.js:165528:18)\n    at Async../node_modules/bluebird/js/release/async.js.Async._drainQueue (http://localhost:42917/__cypress/runner/cypress_runner.js:162140:16)\n    at Async../node_modules/bluebird/js/release/async.js.Async._drainQueues (http://localhost:42917/__cypress/runner/cypress_runner.js:162150:10)\n    at Async.drainQueues (http://localhost:42917/__cypress/runner/cypress_runner.js:162024:14)",
                "diff": null
              },
              "uuid": "14fefca9-61b6-4e6d-a9b9-a76c5c88eb8f",
              "parentUUID": "8c93a823-b4f7-4afb-ba8f-dbdd7344c10c",
              "isHook": false,
              "skipped": false
            },
            {
              "title": "Verifica se existe um botão com o id `generate-board`",
              "fullTitle": "10 - Faça o quadro de pixels ter seu tamanho definido pelo usuário. Verifica se existe um botão com o id `generate-board`",
              "timedOut": null,
              "duration": 4258,
              "state": "failed",
              "speed": null,
              "pass": false,
              "fail": true,
              "pending": false,
              "context": null,
              "code": "cy.get('#generate-board').should('be.visible');",
              "err": {
                "message": "CypressError: Timed out retrying: Expected to find element: '#generate-board', but never found it.",
                "estack": "CypressError: Timed out retrying: Expected to find element: '#generate-board', but never found it.\n    at cypressErr (http://localhost:42917/__cypress/runner/cypress_runner.js:149934:9)\n    at throwErr (http://localhost:42917/__cypress/runner/cypress_runner.js:149867:11)\n    at Object.throwErrByPath (http://localhost:42917/__cypress/runner/cypress_runner.js:149915:3)\n    at retry (http://localhost:42917/__cypress/runner/cypress_runner.js:144197:19)\n    at onFailFn (http://localhost:42917/__cypress/runner/cypress_runner.js:132448:16)\n    at tryCatcher (http://localhost:42917/__cypress/runner/cypress_runner.js:167415:23)\n    at Promise._settlePromiseFromHandler (http://localhost:42917/__cypress/runner/cypress_runner.js:165351:31)\n    at Promise._settlePromise (http://localhost:42917/__cypress/runner/cypress_runner.js:165408:18)\n    at Promise._settlePromise0 (http://localhost:42917/__cypress/runner/cypress_runner.js:165453:10)\n    at Promise._settlePromises (http://localhost:42917/__cypress/runner/cypress_runner.js:165528:18)\n    at Async../node_modules/bluebird/js/release/async.js.Async._drainQueue (http://localhost:42917/__cypress/runner/cypress_runner.js:162140:16)\n    at Async../node_modules/bluebird/js/release/async.js.Async._drainQueues (http://localhost:42917/__cypress/runner/cypress_runner.js:162150:10)\n    at Async.drainQueues (http://localhost:42917/__cypress/runner/cypress_runner.js:162024:14)",
                "diff": null
              },
              "uuid": "29411433-f170-429d-999f-e7880f792930",
              "parentUUID": "8c93a823-b4f7-4afb-ba8f-dbdd7344c10c",
              "isHook": false,
              "skipped": false
            },
            {
              "title": "Verifica se o input só aceita número maiores que zero. Essa restrição deve ser feita usando os atributos do elemento `input`",
              "fullTitle": "10 - Faça o quadro de pixels ter seu tamanho definido pelo usuário. Verifica se o input só aceita número maiores que zero. Essa restrição deve ser feita usando os atributos do elemento `input`",
              "timedOut": null,
              "duration": 4297,
              "state": "failed",
              "speed": null,
              "pass": false,
              "fail": true,
              "pending": false,
              "context": null,
              "code": "cy.get('#board-size[type=\\'number\\'][min=\\'1\\']');",
              "err": {
                "message": "CypressError: Timed out retrying: Expected to find element: '#board-size[type='number'][min='1']', but never found it.",
                "estack": "CypressError: Timed out retrying: Expected to find element: '#board-size[type='number'][min='1']', but never found it.\n    at cypressErr (http://localhost:42917/__cypress/runner/cypress_runner.js:149934:9)\n    at throwErr (http://localhost:42917/__cypress/runner/cypress_runner.js:149867:11)\n    at Object.throwErrByPath (http://localhost:42917/__cypress/runner/cypress_runner.js:149915:3)\n    at retry (http://localhost:42917/__cypress/runner/cypress_runner.js:144197:19)\n    at onFailFn (http://localhost:42917/__cypress/runner/cypress_runner.js:132448:16)\n    at tryCatcher (http://localhost:42917/__cypress/runner/cypress_runner.js:167415:23)\n    at Promise._settlePromiseFromHandler (http://localhost:42917/__cypress/runner/cypress_runner.js:165351:31)\n    at Promise._settlePromise (http://localhost:42917/__cypress/runner/cypress_runner.js:165408:18)\n    at Promise._settlePromise0 (http://localhost:42917/__cypress/runner/cypress_runner.js:165453:10)\n    at Promise._settlePromises (http://localhost:42917/__cypress/runner/cypress_runner.js:165528:18)\n    at Async../node_modules/bluebird/js/release/async.js.Async._drainQueue (http://localhost:42917/__cypress/runner/cypress_runner.js:162140:16)\n    at Async../node_modules/bluebird/js/release/async.js.Async._drainQueues (http://localhost:42917/__cypress/runner/cypress_runner.js:162150:10)\n    at Async.drainQueues (http://localhost:42917/__cypress/runner/cypress_runner.js:162024:14)",
                "diff": null
              },
              "uuid": "9b60e35f-fcc5-4ae6-9276-c944f5d3169c",
              "parentUUID": "8c93a823-b4f7-4afb-ba8f-dbdd7344c10c",
              "isHook": false,
              "skipped": false
            },
            {
              "title": "Verifica se o botão contém o texto 'VQV'",
              "fullTitle": "10 - Faça o quadro de pixels ter seu tamanho definido pelo usuário. Verifica se o botão contém o texto 'VQV'",
              "timedOut": null,
              "duration": 4261,
              "state": "failed",
              "speed": null,
              "pass": false,
              "fail": true,
              "pending": false,
              "context": null,
              "code": "cy.get('#generate-board').contains(/vqv/i);",
              "err": {
                "message": "CypressError: Timed out retrying: Expected to find element: '#generate-board', but never found it.",
                "estack": "CypressError: Timed out retrying: Expected to find element: '#generate-board', but never found it.\n    at cypressErr (http://localhost:42917/__cypress/runner/cypress_runner.js:149934:9)\n    at throwErr (http://localhost:42917/__cypress/runner/cypress_runner.js:149867:11)\n    at Object.throwErrByPath (http://localhost:42917/__cypress/runner/cypress_runner.js:149915:3)\n    at retry (http://localhost:42917/__cypress/runner/cypress_runner.js:144197:19)\n    at onFailFn (http://localhost:42917/__cypress/runner/cypress_runner.js:132448:16)\n    at tryCatcher (http://localhost:42917/__cypress/runner/cypress_runner.js:167415:23)\n    at Promise._settlePromiseFromHandler (http://localhost:42917/__cypress/runner/cypress_runner.js:165351:31)\n    at Promise._settlePromise (http://localhost:42917/__cypress/runner/cypress_runner.js:165408:18)\n    at Promise._settlePromise0 (http://localhost:42917/__cypress/runner/cypress_runner.js:165453:10)\n    at Promise._settlePromises (http://localhost:42917/__cypress/runner/cypress_runner.js:165528:18)\n    at Async../node_modules/bluebird/js/release/async.js.Async._drainQueue (http://localhost:42917/__cypress/runner/cypress_runner.js:162140:16)\n    at Async../node_modules/bluebird/js/release/async.js.Async._drainQueues (http://localhost:42917/__cypress/runner/cypress_runner.js:162150:10)\n    at Async.drainQueues (http://localhost:42917/__cypress/runner/cypress_runner.js:162024:14)",
                "diff": null
              },
              "uuid": "0dde4338-6822-4a4b-9060-16aa2e82f02e",
              "parentUUID": "8c93a823-b4f7-4afb-ba8f-dbdd7344c10c",
              "isHook": false,
              "skipped": false
            },
            {
              "title": "Verifica se o input está posicionado entre a paleta de cores e o quadro de pixels",
              "fullTitle": "10 - Faça o quadro de pixels ter seu tamanho definido pelo usuário. Verifica se o input está posicionado entre a paleta de cores e o quadro de pixels",
              "timedOut": null,
              "duration": 4333,
              "state": "failed",
              "speed": null,
              "pass": false,
              "fail": true,
              "pending": false,
              "context": null,
              "code": "cy.get('#color-palette').then(function (palette) {\n  cy.get('#board-size').should('be.belowOf', palette);\n});\ncy.get('#board-size').then(function (palette) {\n  cy.get('#pixel-board').should('be.belowOf', palette);\n});",
              "err": {
                "message": "CypressError: Timed out retrying: Expected to find element: '#board-size', but never found it.",
                "estack": "CypressError: Timed out retrying: Expected to find element: '#board-size', but never found it.\n    at cypressErr (http://localhost:42917/__cypress/runner/cypress_runner.js:149934:9)\n    at throwErr (http://localhost:42917/__cypress/runner/cypress_runner.js:149867:11)\n    at Object.throwErrByPath (http://localhost:42917/__cypress/runner/cypress_runner.js:149915:3)\n    at retry (http://localhost:42917/__cypress/runner/cypress_runner.js:144197:19)\n    at onFailFn (http://localhost:42917/__cypress/runner/cypress_runner.js:132448:16)\n    at tryCatcher (http://localhost:42917/__cypress/runner/cypress_runner.js:167415:23)\n    at Promise._settlePromiseFromHandler (http://localhost:42917/__cypress/runner/cypress_runner.js:165351:31)\n    at Promise._settlePromise (http://localhost:42917/__cypress/runner/cypress_runner.js:165408:18)\n    at Promise._settlePromise0 (http://localhost:42917/__cypress/runner/cypress_runner.js:165453:10)\n    at Promise._settlePromises (http://localhost:42917/__cypress/runner/cypress_runner.js:165528:18)\n    at Async../node_modules/bluebird/js/release/async.js.Async._drainQueue (http://localhost:42917/__cypress/runner/cypress_runner.js:162140:16)\n    at Async../node_modules/bluebird/js/release/async.js.Async._drainQueues (http://localhost:42917/__cypress/runner/cypress_runner.js:162150:10)\n    at Async.drainQueues (http://localhost:42917/__cypress/runner/cypress_runner.js:162024:14)",
                "diff": null
              },
              "uuid": "dff25851-9c5c-4cd3-a2aa-a958ae6bf09b",
              "parentUUID": "8c93a823-b4f7-4afb-ba8f-dbdd7344c10c",
              "isHook": false,
              "skipped": false
            },
            {
              "title": "Verifica se o botão está posicionado ao lado do input",
              "fullTitle": "10 - Faça o quadro de pixels ter seu tamanho definido pelo usuário. Verifica se o botão está posicionado ao lado do input",
              "timedOut": null,
              "duration": 4232,
              "state": "failed",
              "speed": null,
              "pass": false,
              "fail": true,
              "pending": false,
              "context": null,
              "code": "cy.get('#board-size').then(function (board) {\n  cy.get('#generate-board').should('be.onTheRightOf', board);\n});",
              "err": {
                "message": "CypressError: Timed out retrying: Expected to find element: '#board-size', but never found it.",
                "estack": "CypressError: Timed out retrying: Expected to find element: '#board-size', but never found it.\n    at cypressErr (http://localhost:42917/__cypress/runner/cypress_runner.js:149934:9)\n    at throwErr (http://localhost:42917/__cypress/runner/cypress_runner.js:149867:11)\n    at Object.throwErrByPath (http://localhost:42917/__cypress/runner/cypress_runner.js:149915:3)\n    at retry (http://localhost:42917/__cypress/runner/cypress_runner.js:144197:19)\n    at onFailFn (http://localhost:42917/__cypress/runner/cypress_runner.js:132448:16)\n    at tryCatcher (http://localhost:42917/__cypress/runner/cypress_runner.js:167415:23)\n    at Promise._settlePromiseFromHandler (http://localhost:42917/__cypress/runner/cypress_runner.js:165351:31)\n    at Promise._settlePromise (http://localhost:42917/__cypress/runner/cypress_runner.js:165408:18)\n    at Promise._settlePromise0 (http://localhost:42917/__cypress/runner/cypress_runner.js:165453:10)\n    at Promise._settlePromises (http://localhost:42917/__cypress/runner/cypress_runner.js:165528:18)\n    at Async../node_modules/bluebird/js/release/async.js.Async._drainQueue (http://localhost:42917/__cypress/runner/cypress_runner.js:162140:16)\n    at Async../node_modules/bluebird/js/release/async.js.Async._drainQueues (http://localhost:42917/__cypress/runner/cypress_runner.js:162150:10)\n    at Async.drainQueues (http://localhost:42917/__cypress/runner/cypress_runner.js:162024:14)",
                "diff": null
              },
              "uuid": "b3562da6-826c-4d72-abe1-722ec4566509",
              "parentUUID": "8c93a823-b4f7-4afb-ba8f-dbdd7344c10c",
              "isHook": false,
              "skipped": false
            },
            {
              "title": "Verifica se nenhum valor for colocado no input ao clicar no botão, um `alert` é exibido com o texto: 'Board inválido!'",
              "fullTitle": "10 - Faça o quadro de pixels ter seu tamanho definido pelo usuário. Verifica se nenhum valor for colocado no input ao clicar no botão, um `alert` é exibido com o texto: 'Board inválido!'",
              "timedOut": null,
              "duration": 4250,
              "state": "failed",
              "speed": null,
              "pass": false,
              "fail": true,
              "pending": false,
              "context": null,
              "code": "var alerted = false;\ncy.on('window:alert', function (msg) {\n  return alerted = msg;\n});\ncy.get('#generate-board').click().then(function () {\n  return expect(alerted).to.match(/Board inválido!/i);\n});",
              "err": {
                "message": "CypressError: Timed out retrying: Expected to find element: '#generate-board', but never found it.",
                "estack": "CypressError: Timed out retrying: Expected to find element: '#generate-board', but never found it.\n    at cypressErr (http://localhost:42917/__cypress/runner/cypress_runner.js:149934:9)\n    at throwErr (http://localhost:42917/__cypress/runner/cypress_runner.js:149867:11)\n    at Object.throwErrByPath (http://localhost:42917/__cypress/runner/cypress_runner.js:149915:3)\n    at retry (http://localhost:42917/__cypress/runner/cypress_runner.js:144197:19)\n    at onFailFn (http://localhost:42917/__cypress/runner/cypress_runner.js:132448:16)\n    at tryCatcher (http://localhost:42917/__cypress/runner/cypress_runner.js:167415:23)\n    at Promise._settlePromiseFromHandler (http://localhost:42917/__cypress/runner/cypress_runner.js:165351:31)\n    at Promise._settlePromise (http://localhost:42917/__cypress/runner/cypress_runner.js:165408:18)\n    at Promise._settlePromise0 (http://localhost:42917/__cypress/runner/cypress_runner.js:165453:10)\n    at Promise._settlePromises (http://localhost:42917/__cypress/runner/cypress_runner.js:165528:18)\n    at Async../node_modules/bluebird/js/release/async.js.Async._drainQueue (http://localhost:42917/__cypress/runner/cypress_runner.js:162140:16)\n    at Async../node_modules/bluebird/js/release/async.js.Async._drainQueues (http://localhost:42917/__cypress/runner/cypress_runner.js:162150:10)\n    at Async.drainQueues (http://localhost:42917/__cypress/runner/cypress_runner.js:162024:14)",
                "diff": null
              },
              "uuid": "778a36dd-e216-4478-80ec-ae4f1e84c238",
              "parentUUID": "8c93a823-b4f7-4afb-ba8f-dbdd7344c10c",
              "isHook": false,
              "skipped": false
            },
            {
              "title": "Verifica se ao clicar no botão com um valor preenchido, o tamanho do board muda.",
              "fullTitle": "10 - Faça o quadro de pixels ter seu tamanho definido pelo usuário. Verifica se ao clicar no botão com um valor preenchido, o tamanho do board muda.",
              "timedOut": null,
              "duration": 4266,
              "state": "failed",
              "speed": null,
              "pass": false,
              "fail": true,
              "pending": false,
              "context": null,
              "code": "cy.get('#board-size').clear().type(10);\ncy.get('#generate-board').click();\ncy.get('.pixel').should('have.length', 100);",
              "err": {
                "message": "CypressError: Timed out retrying: Expected to find element: '#board-size', but never found it.",
                "estack": "CypressError: Timed out retrying: Expected to find element: '#board-size', but never found it.\n    at cypressErr (http://localhost:42917/__cypress/runner/cypress_runner.js:149934:9)\n    at throwErr (http://localhost:42917/__cypress/runner/cypress_runner.js:149867:11)\n    at Object.throwErrByPath (http://localhost:42917/__cypress/runner/cypress_runner.js:149915:3)\n    at retry (http://localhost:42917/__cypress/runner/cypress_runner.js:144197:19)\n    at onFailFn (http://localhost:42917/__cypress/runner/cypress_runner.js:132448:16)\n    at tryCatcher (http://localhost:42917/__cypress/runner/cypress_runner.js:167415:23)\n    at Promise._settlePromiseFromHandler (http://localhost:42917/__cypress/runner/cypress_runner.js:165351:31)\n    at Promise._settlePromise (http://localhost:42917/__cypress/runner/cypress_runner.js:165408:18)\n    at Promise._settlePromise0 (http://localhost:42917/__cypress/runner/cypress_runner.js:165453:10)\n    at Promise._settlePromises (http://localhost:42917/__cypress/runner/cypress_runner.js:165528:18)\n    at Async../node_modules/bluebird/js/release/async.js.Async._drainQueue (http://localhost:42917/__cypress/runner/cypress_runner.js:162140:16)\n    at Async../node_modules/bluebird/js/release/async.js.Async._drainQueues (http://localhost:42917/__cypress/runner/cypress_runner.js:162150:10)\n    at Async.drainQueues (http://localhost:42917/__cypress/runner/cypress_runner.js:162024:14)",
                "diff": null
              },
              "uuid": "a5258c0b-23c1-49e1-bb17-9c851764a185",
              "parentUUID": "8c93a823-b4f7-4afb-ba8f-dbdd7344c10c",
              "isHook": false,
              "skipped": false
            },
            {
              "title": "Verifica se o novo quadro tem todos os pixels preenchidos com a cor branca",
              "fullTitle": "10 - Faça o quadro de pixels ter seu tamanho definido pelo usuário. Verifica se o novo quadro tem todos os pixels preenchidos com a cor branca",
              "timedOut": null,
              "duration": 4239,
              "state": "failed",
              "speed": null,
              "pass": false,
              "fail": true,
              "pending": false,
              "context": null,
              "code": "cy.get('#board-size').clear().type(6);\ncy.get('#generate-board').click();\ncy.get('.pixel').should('have.length', 36).each(function (pixel) {\n  expect(pixel).to.have.css('background-color', WHITE);\n});",
              "err": {
                "message": "CypressError: Timed out retrying: Expected to find element: '#board-size', but never found it.",
                "estack": "CypressError: Timed out retrying: Expected to find element: '#board-size', but never found it.\n    at cypressErr (http://localhost:42917/__cypress/runner/cypress_runner.js:149934:9)\n    at throwErr (http://localhost:42917/__cypress/runner/cypress_runner.js:149867:11)\n    at Object.throwErrByPath (http://localhost:42917/__cypress/runner/cypress_runner.js:149915:3)\n    at retry (http://localhost:42917/__cypress/runner/cypress_runner.js:144197:19)\n    at onFailFn (http://localhost:42917/__cypress/runner/cypress_runner.js:132448:16)\n    at tryCatcher (http://localhost:42917/__cypress/runner/cypress_runner.js:167415:23)\n    at Promise._settlePromiseFromHandler (http://localhost:42917/__cypress/runner/cypress_runner.js:165351:31)\n    at Promise._settlePromise (http://localhost:42917/__cypress/runner/cypress_runner.js:165408:18)\n    at Promise._settlePromise0 (http://localhost:42917/__cypress/runner/cypress_runner.js:165453:10)\n    at Promise._settlePromises (http://localhost:42917/__cypress/runner/cypress_runner.js:165528:18)\n    at Async../node_modules/bluebird/js/release/async.js.Async._drainQueue (http://localhost:42917/__cypress/runner/cypress_runner.js:162140:16)\n    at Async../node_modules/bluebird/js/release/async.js.Async._drainQueues (http://localhost:42917/__cypress/runner/cypress_runner.js:162150:10)\n    at Async.drainQueues (http://localhost:42917/__cypress/runner/cypress_runner.js:162024:14)",
                "diff": null
              },
              "uuid": "ce865fd8-8ad1-4135-b964-26b924faa740",
              "parentUUID": "8c93a823-b4f7-4afb-ba8f-dbdd7344c10c",
              "isHook": false,
              "skipped": false
            }
          ],
          "suites": [],
          "passes": [],
          "failures": [
            "14fefca9-61b6-4e6d-a9b9-a76c5c88eb8f",
            "29411433-f170-429d-999f-e7880f792930",
            "9b60e35f-fcc5-4ae6-9276-c944f5d3169c",
            "0dde4338-6822-4a4b-9060-16aa2e82f02e",
            "dff25851-9c5c-4cd3-a2aa-a958ae6bf09b",
            "b3562da6-826c-4d72-abe1-722ec4566509",
            "778a36dd-e216-4478-80ec-ae4f1e84c238",
            "a5258c0b-23c1-49e1-bb17-9c851764a185",
            "ce865fd8-8ad1-4135-b964-26b924faa740"
          ],
          "pending": [],
          "skipped": [],
          "duration": 38397,
          "root": false,
          "rootEmpty": false,
          "_timeout": 2000
        },
        {
          "uuid": "84c47040-9946-4f46-9771-106942095a74",
          "title": "11 - Limite o tamanho mínimo e máximo do board.",
          "fullFile": "",
          "file": "",
          "beforeHooks": [],
          "afterHooks": [],
          "tests": [
            {
              "title": "Verifica se a altura máxima do board é 50",
              "fullTitle": "11 - Limite o tamanho mínimo e máximo do board. Verifica se a altura máxima do board é 50",
              "timedOut": null,
              "duration": 4354,
              "state": "failed",
              "speed": null,
              "pass": false,
              "fail": true,
              "pending": false,
              "context": null,
              "code": "cy.get('#board-size').clear().type(50);\ncy.get('#generate-board').click();\ncy.get('.pixel').should('have.length', 2500);",
              "err": {
                "message": "CypressError: Timed out retrying: Expected to find element: '#board-size', but never found it.",
                "estack": "CypressError: Timed out retrying: Expected to find element: '#board-size', but never found it.\n    at cypressErr (http://localhost:42917/__cypress/runner/cypress_runner.js:149934:9)\n    at throwErr (http://localhost:42917/__cypress/runner/cypress_runner.js:149867:11)\n    at Object.throwErrByPath (http://localhost:42917/__cypress/runner/cypress_runner.js:149915:3)\n    at retry (http://localhost:42917/__cypress/runner/cypress_runner.js:144197:19)\n    at onFailFn (http://localhost:42917/__cypress/runner/cypress_runner.js:132448:16)\n    at tryCatcher (http://localhost:42917/__cypress/runner/cypress_runner.js:167415:23)\n    at Promise._settlePromiseFromHandler (http://localhost:42917/__cypress/runner/cypress_runner.js:165351:31)\n    at Promise._settlePromise (http://localhost:42917/__cypress/runner/cypress_runner.js:165408:18)\n    at Promise._settlePromise0 (http://localhost:42917/__cypress/runner/cypress_runner.js:165453:10)\n    at Promise._settlePromises (http://localhost:42917/__cypress/runner/cypress_runner.js:165528:18)\n    at Async../node_modules/bluebird/js/release/async.js.Async._drainQueue (http://localhost:42917/__cypress/runner/cypress_runner.js:162140:16)\n    at Async../node_modules/bluebird/js/release/async.js.Async._drainQueues (http://localhost:42917/__cypress/runner/cypress_runner.js:162150:10)\n    at Async.drainQueues (http://localhost:42917/__cypress/runner/cypress_runner.js:162024:14)",
                "diff": null
              },
              "uuid": "08bad6c4-06cb-4c12-8486-3e1339ab326b",
              "parentUUID": "84c47040-9946-4f46-9771-106942095a74",
              "isHook": false,
              "skipped": false
            },
            {
              "title": "Verifica se a altura do board é 5 quando um valor menor é colocado no input",
              "fullTitle": "11 - Limite o tamanho mínimo e máximo do board. Verifica se a altura do board é 5 quando um valor menor é colocado no input",
              "timedOut": null,
              "duration": 4218,
              "state": "failed",
              "speed": null,
              "pass": false,
              "fail": true,
              "pending": false,
              "context": null,
              "code": "cy.get('#board-size').clear().type(4);\ncy.get('#generate-board').click();\ncy.get('.pixel').should('have.length', 25);",
              "err": {
                "message": "CypressError: Timed out retrying: Expected to find element: '#board-size', but never found it.",
                "estack": "CypressError: Timed out retrying: Expected to find element: '#board-size', but never found it.\n    at cypressErr (http://localhost:42917/__cypress/runner/cypress_runner.js:149934:9)\n    at throwErr (http://localhost:42917/__cypress/runner/cypress_runner.js:149867:11)\n    at Object.throwErrByPath (http://localhost:42917/__cypress/runner/cypress_runner.js:149915:3)\n    at retry (http://localhost:42917/__cypress/runner/cypress_runner.js:144197:19)\n    at onFailFn (http://localhost:42917/__cypress/runner/cypress_runner.js:132448:16)\n    at tryCatcher (http://localhost:42917/__cypress/runner/cypress_runner.js:167415:23)\n    at Promise._settlePromiseFromHandler (http://localhost:42917/__cypress/runner/cypress_runner.js:165351:31)\n    at Promise._settlePromise (http://localhost:42917/__cypress/runner/cypress_runner.js:165408:18)\n    at Promise._settlePromise0 (http://localhost:42917/__cypress/runner/cypress_runner.js:165453:10)\n    at Promise._settlePromises (http://localhost:42917/__cypress/runner/cypress_runner.js:165528:18)\n    at Async../node_modules/bluebird/js/release/async.js.Async._drainQueue (http://localhost:42917/__cypress/runner/cypress_runner.js:162140:16)\n    at Async../node_modules/bluebird/js/release/async.js.Async._drainQueues (http://localhost:42917/__cypress/runner/cypress_runner.js:162150:10)\n    at Async.drainQueues (http://localhost:42917/__cypress/runner/cypress_runner.js:162024:14)",
                "diff": null
              },
              "uuid": "5525116f-0e7a-4602-97ed-4ef679a0e8fb",
              "parentUUID": "84c47040-9946-4f46-9771-106942095a74",
              "isHook": false,
              "skipped": false
            },
            {
              "title": "Verifica se a altura do board é 50 quando um valor maior é colocado no input",
              "fullTitle": "11 - Limite o tamanho mínimo e máximo do board. Verifica se a altura do board é 50 quando um valor maior é colocado no input",
              "timedOut": null,
              "duration": 4294,
              "state": "failed",
              "speed": null,
              "pass": false,
              "fail": true,
              "pending": false,
              "context": null,
              "code": "cy.get('#board-size').clear().type(51);\ncy.get('#generate-board').click();\ncy.get('.pixel').should('have.length', 2500);",
              "err": {
                "message": "CypressError: Timed out retrying: Expected to find element: '#board-size', but never found it.",
                "estack": "CypressError: Timed out retrying: Expected to find element: '#board-size', but never found it.\n    at cypressErr (http://localhost:42917/__cypress/runner/cypress_runner.js:149934:9)\n    at throwErr (http://localhost:42917/__cypress/runner/cypress_runner.js:149867:11)\n    at Object.throwErrByPath (http://localhost:42917/__cypress/runner/cypress_runner.js:149915:3)\n    at retry (http://localhost:42917/__cypress/runner/cypress_runner.js:144197:19)\n    at onFailFn (http://localhost:42917/__cypress/runner/cypress_runner.js:132448:16)\n    at tryCatcher (http://localhost:42917/__cypress/runner/cypress_runner.js:167415:23)\n    at Promise._settlePromiseFromHandler (http://localhost:42917/__cypress/runner/cypress_runner.js:165351:31)\n    at Promise._settlePromise (http://localhost:42917/__cypress/runner/cypress_runner.js:165408:18)\n    at Promise._settlePromise0 (http://localhost:42917/__cypress/runner/cypress_runner.js:165453:10)\n    at Promise._settlePromises (http://localhost:42917/__cypress/runner/cypress_runner.js:165528:18)\n    at Async../node_modules/bluebird/js/release/async.js.Async._drainQueue (http://localhost:42917/__cypress/runner/cypress_runner.js:162140:16)\n    at Async../node_modules/bluebird/js/release/async.js.Async._drainQueues (http://localhost:42917/__cypress/runner/cypress_runner.js:162150:10)\n    at Async.drainQueues (http://localhost:42917/__cypress/runner/cypress_runner.js:162024:14)",
                "diff": null
              },
              "uuid": "4f96b241-2412-45ce-bafc-defa95f5bc98",
              "parentUUID": "84c47040-9946-4f46-9771-106942095a74",
              "isHook": false,
              "skipped": false
            }
          ],
          "suites": [],
          "passes": [],
          "failures": [
            "08bad6c4-06cb-4c12-8486-3e1339ab326b",
            "5525116f-0e7a-4602-97ed-4ef679a0e8fb",
            "4f96b241-2412-45ce-bafc-defa95f5bc98"
          ],
          "pending": [],
          "skipped": [],
          "duration": 12866,
          "root": false,
          "rootEmpty": false,
          "_timeout": 2000
        },
        {
          "uuid": "1f2278b4-ce3f-436f-a6fe-749559114d7f",
          "title": "12 - Faça com que as cores da paleta sejam geradas aleatoriamente ao carregar a página.",
          "fullFile": "",
          "file": "",
          "beforeHooks": [],
          "afterHooks": [],
          "tests": [
            {
              "title": "Verifica se as cores geradas na paleta são diferentes a cada carregamento da página",
              "fullTitle": "12 - Faça com que as cores da paleta sejam geradas aleatoriamente ao carregar a página. Verifica se as cores geradas na paleta são diferentes a cada carregamento da página",
              "timedOut": null,
              "duration": 360,
              "state": "failed",
              "speed": null,
              "pass": false,
              "fail": true,
              "pending": false,
              "context": null,
              "code": "cy.get('.color').then(function (colors) {\n  var currentColors;\n  var previousColors;\n  previousColors = Array.from(colors).map(function (color) {\n    return Cypress.$(color).css('background-color');\n  });\n  for (var i = 0; i < 5; i += 1) {\n    cy.reload();\n    cy.get('.color').then(function (colors) {\n      currentColors = Array.from(colors).map(function (color) {\n        return Cypress.$(color).css('background-color');\n      });\n      expect(currentColors).not.to.deep.equal(previousColors);\n      previousColors = currentColors;\n    });\n  }\n});",
              "err": {
                "message": "AssertionError: expected [ Array(4) ] to not deeply equal [ Array(4) ]",
                "estack": "AssertionError: expected [ Array(4) ] to not deeply equal [ Array(4) ]\n    at getRet (http://localhost:42917/__cypress/runner/cypress_runner.js:136585:16)\n    at tryCatcher (http://localhost:42917/__cypress/runner/cypress_runner.js:167415:23)\n    at Function.Promise.attempt.Promise.try (http://localhost:42917/__cypress/runner/cypress_runner.js:164690:29)\n    at Context.thenFn (http://localhost:42917/__cypress/runner/cypress_runner.js:136599:23)\n    at Context.then (http://localhost:42917/__cypress/runner/cypress_runner.js:136971:21)\n    at Context.<anonymous> (http://localhost:42917/__cypress/runner/cypress_runner.js:148875:21)\n    at http://localhost:42917/__cypress/runner/cypress_runner.js:148351:33\n    at tryCatcher (http://localhost:42917/__cypress/runner/cypress_runner.js:167415:23)\n    at Promise._settlePromiseFromHandler (http://localhost:42917/__cypress/runner/cypress_runner.js:165351:31)\n    at Promise._settlePromise (http://localhost:42917/__cypress/runner/cypress_runner.js:165408:18)\n    at Promise._settlePromiseCtx (http://localhost:42917/__cypress/runner/cypress_runner.js:165445:10)\n    at Async../node_modules/bluebird/js/release/async.js.Async._drainQueue (http://localhost:42917/__cypress/runner/cypress_runner.js:162145:12)\n    at Async../node_modules/bluebird/js/release/async.js.Async._drainQueues (http://localhost:42917/__cypress/runner/cypress_runner.js:162150:10)\n    at Async.drainQueues (http://localhost:42917/__cypress/runner/cypress_runner.js:162024:14)",
                "diff": ""
              },
              "uuid": "8d1de3f7-40d5-449b-804e-c176b2675e45",
              "parentUUID": "1f2278b4-ce3f-436f-a6fe-749559114d7f",
              "isHook": false,
              "skipped": false
            },
            {
              "title": "Verifica se a cor preta ainda está presente e é a primeira na sua paleta de cores",
              "fullTitle": "12 - Faça com que as cores da paleta sejam geradas aleatoriamente ao carregar a página. Verifica se a cor preta ainda está presente e é a primeira na sua paleta de cores",
              "timedOut": null,
              "duration": 359,
              "state": "failed",
              "speed": null,
              "pass": false,
              "fail": true,
              "pending": false,
              "context": null,
              "code": "cy.get('.color').then(function (colors) {\n  var currentColors;\n  var previousColors;\n  previousColors = Array.from(colors).map(function (color) {\n    return Cypress.$(color).css('background-color');\n  });\n  expect(previousColors[0]).to.eq(BLACK);\n  for (var i = 0; i < 5; i += 1) {\n    cy.reload();\n    cy.get('.color').then(function (colors) {\n      currentColors = Array.from(colors).map(function (color) {\n        return Cypress.$(color).css('background-color');\n      });\n      expect(currentColors[0]).to.eq(BLACK);\n      expect(currentColors).not.to.deep.equal(previousColors);\n      previousColors = currentColors;\n    });\n  }\n});",
              "err": {
                "message": "AssertionError: expected [ Array(4) ] to not deeply equal [ Array(4) ]",
                "estack": "AssertionError: expected [ Array(4) ] to not deeply equal [ Array(4) ]\n    at getRet (http://localhost:42917/__cypress/runner/cypress_runner.js:136585:16)\n    at tryCatcher (http://localhost:42917/__cypress/runner/cypress_runner.js:167415:23)\n    at Function.Promise.attempt.Promise.try (http://localhost:42917/__cypress/runner/cypress_runner.js:164690:29)\n    at Context.thenFn (http://localhost:42917/__cypress/runner/cypress_runner.js:136599:23)\n    at Context.then (http://localhost:42917/__cypress/runner/cypress_runner.js:136971:21)\n    at Context.<anonymous> (http://localhost:42917/__cypress/runner/cypress_runner.js:148875:21)\n    at http://localhost:42917/__cypress/runner/cypress_runner.js:148351:33\n    at tryCatcher (http://localhost:42917/__cypress/runner/cypress_runner.js:167415:23)\n    at Promise._settlePromiseFromHandler (http://localhost:42917/__cypress/runner/cypress_runner.js:165351:31)\n    at Promise._settlePromise (http://localhost:42917/__cypress/runner/cypress_runner.js:165408:18)\n    at Promise._settlePromiseCtx (http://localhost:42917/__cypress/runner/cypress_runner.js:165445:10)\n    at Async../node_modules/bluebird/js/release/async.js.Async._drainQueue (http://localhost:42917/__cypress/runner/cypress_runner.js:162145:12)\n    at Async../node_modules/bluebird/js/release/async.js.Async._drainQueues (http://localhost:42917/__cypress/runner/cypress_runner.js:162150:10)\n    at Async.drainQueues (http://localhost:42917/__cypress/runner/cypress_runner.js:162024:14)",
                "diff": ""
              },
              "uuid": "34bcc54f-4e1b-464b-be0b-45fd34d2196a",
              "parentUUID": "1f2278b4-ce3f-436f-a6fe-749559114d7f",
              "isHook": false,
              "skipped": false
            }
          ],
          "suites": [],
          "passes": [],
          "failures": [
            "8d1de3f7-40d5-449b-804e-c176b2675e45",
            "34bcc54f-4e1b-464b-be0b-45fd34d2196a"
          ],
          "pending": [],
          "skipped": [],
          "duration": 719,
          "root": false,
          "rootEmpty": false,
          "_timeout": 2000
        }
      ],
      "passes": [],
      "failures": [],
      "pending": [],
      "skipped": [],
      "duration": 0,
      "root": true,
      "rootEmpty": true,
      "_timeout": 2000
    }
  ],
  "meta": {
    "mocha": {
      "version": "7.0.1"
    },
    "mochawesome": {
      "options": {
        "quiet": false,
        "reportFilename": "mochawesome",
        "saveHtml": false,
        "saveJson": true,
        "consoleReporter": "spec",
        "useInlineDiffs": false
      },
      "version": "4.1.0"
    },
    "marge": {
      "options": {
        "id": "default",
        "reportDir": "cypress/reports",
        "overwrite": true,
        "html": false,
        "json": true
      },
      "version": "4.1.0"
    }
  }
}